1 1 (0) 1 : 1.00000000000000000000
2 2 (0) 1 : 1.00000000000000000000
3 3 (0) 1 : 1.00000000000000000000
4 4 (0) 1 : 1.00000000000000000000
5 5 (0) 1 : 1.00000000000000000000
6 6 (0) 1 : 1.00000000000000000000
7 7 (0) 1 : 1.00000000000000000000
8 8 (0) 1 : 1.00000000000000000000
9 9 (0) 1 : 1.00000000000000000000
10 10 (0) 1 : 1.00000000000000000000
11 11 (0) 1 : 1.00000000000000000000
12 12 (0) 1 : 1.00000000000000000000
13 13 (0) 1 : 1.00000000000000000000
14 14 (0) 1 : 1.00000000000000000000
15 15 (0) 1 : 1.00000000000000000000
16 16 (0) 1 : 1.00000000000000000000
17 17 (0) 1 : 1.00000000000000000000
18 18 (0) 1 : 1.00000000000000000000
19 19 (0) 1 : 1.00000000000000000000
20 20 (0) 1 : 1.00000000000000000000
21 21 (0) 1 : 1.00000000000000000000
22 22 (0) 1 : 1.00000000000000000000
23 23 (0) 1 : 1.00000000000000000000
24 24 (0) 2 : 1.00000000000000000000
25 25 (0) 2 : 1.00000000000000000000
26 26 (0) 2 : 1.00000000000000000000
27 27 (0) 2 : 1.00000000000000000000
28 28 (0) 2 : 1.00000000000000000000
29 29 (0) 2 : 1.00000000000000000000
30 30 (0) 2 : 1.00000000000000000000
31 31 (0) 2 : 1.00000000000000000000
32 32 (0) 2 : 1.00000000000000000000
33 33 (0) 2 : 1.00000000000000000000
34 34 (0) 2 : 1.00000000000000000000
35 35 (0) 2 : 1.00000000000000000000
36 36 (0) 2 : 1.00000000000000000000
37 37 (0) 3 : 1.00000000000000000000
38 38 (0) 3 : 1.00000000000000000000
39 39 (0) 3 : 1.00000000000000000000
40 40 (0) 3 : 1.00000000000000000000
41 41 (0) 3 : 1.00000000000000000000
42 42 (0) 4 : 1.00000000000000000000
43 43 (0) 4 : 1.00000000000000000000
44 44 (0) 4 : 1.00000000000000000000
45 45 (0) 4 : 1.00000000000000000000
46 46 (0) 4 : 1.00000000000000000000
47 47 (0) 4 : 1.00000000000000000000
48 48 (0) 4 : 1.00000000000000000000
49 49 (0) 4 : 1.00000000000000000000
50 50 (0) 4 : 1.00000000000000000000
51 51 (0) 4 : 1.00000000000000000000
52 52 (0) 4 : 1.00000000000000000000
53 53 (0) 4 : 1.00000000000000000000
54 54 (0) 4 : 1.00000000000000000000
55 55 (0) 4 : 1.00000000000000000000
56 56 (0) 4 : 1.00000000000000000000
57 57 (0) 5 : 1.00000000000000000000
58 58 (0) 5 : 1.00000000000000000000
59 59 (0) 5 : 1.00000000000000000000
60 60 (0) 5 : 1.00000000000000000000
61 61 (0) 5 : 1.00000000000000000000
62 62 (0) 5 : 1.00000000000000000000
63 63 (0) 5 : 1.00000000000000000000
64 64 (0) 5 : 1.00000000000000000000
65 65 (0) 5 : 1.00000000000000000000
66 66 (0) 5 : 1.00000000000000000000
67 67 (0) 5 : 1.00000000000000000000
68 68 (0) 5 : 1.00000000000000000000
69 69 (0) 5 : 1.00000000000000000000
70 70 (0) 5 : 1.00000000000000000000
71 71 (0) 5 : 1.00000000000000000000
72 72 (0) 5 : 1.00000000000000000000
73 73 (0) 5 : 1.00000000000000000000
74 74 (0) 5 : 1.00000000000000000000
75 75 (0) 6 : 1.00000000000000000000
76 76 (0) 6 : 1.00000000000000000000
77 77 (0) 6 : 1.00000000000000000000
78 78 (0) 6 : 1.00000000000000000000
79 79 (0) 6 : 1.00000000000000000000
80 80 (0) 6 : 1.00000000000000000000
81 81 (0) 6 : 1.00000000000000000000
82 82 (0) 6 : 1.00000000000000000000
83 83 (0) 6 : 1.00000000000000000000
84 84 (0) 6 : 1.00000000000000000000
85 85 (0) 6 : 1.00000000000000000000
86 86 (0) 6 : 1.00000000000000000000
87 87 (0) 6 : 1.00000000000000000000
88 88 (0) 6 : 1.00000000000000000000
89 89 (0) 6 : 1.00000000000000000000
90 90 (0) 6 : 1.00000000000000000000
91 91 (0) 6 : 1.00000000000000000000
92 92 (0) 6 : 1.00000000000000000000
93 93 (0) 6 : 1.00000000000000000000
94 94 (0) 6 : 1.00000000000000000000
95 95 (0) 6 : 1.00000000000000000000
96 96 (0) 6 : 1.00000000000000000000
97 97 (0) 6 : 1.00000000000000000000
98 98 (0) 6 : 1.00000000000000000000
99 99 (0) 7 : 1.00000000000000000000
100 100 (0) 7 : 1.00000000000000000000
101 101 (0) 7 : 1.00000000000000000000
102 102 (0) 7 : 1.00000000000000000000
103 103 (0) 7 : 1.00000000000000000000
104 104 (0) 7 : 1.00000000000000000000
105 105 (0) 7 : 1.00000000000000000000
106 106 (0) 7 : 1.00000000000000000000
107 107 (0) 7 : 1.00000000000000000000
108 108 (0) 8 : 1.00000000000000000000
109 109 (0) 8 : 1.00000000000000000000
110 110 (0) 8 : 1.00000000000000000000
111 111 (0) 8 : 1.00000000000000000000
112 112 (0) 8 : 1.00000000000000000000
113 113 (0) 8 : 1.00000000000000000000
114 114 (0) 8 : 1.00000000000000000000
115 115 (0) 8 : 1.00000000000000000000
116 116 (0) 8 : 1.00000000000000000000
117 117 (0) 8 : 1.00000000000000000000
118 118 (0) 8 : 1.00000000000000000000
119 119 (0) 9 : 1.00000000000000000000
120 120 (0) 10 : 1.00000000000000000000
121 121 (0) 10 : 1.00000000000000000000
122 122 (0) 10 : 1.00000000000000000000
123 123 (0) 10 : 1.00000000000000000000
124 124 (0) 10 : 1.00000000000000000000
125 125 (0) 10 : 1.00000000000000000000
126 126 (0) 10 : 1.00000000000000000000
127 127 (0) 10 : 1.00000000000000000000
128 128 (0) 10 : 1.00000000000000000000
129 129 (0) 10 : 1.00000000000000000000
130 130 (0) 10 : 1.00000000000000000000
131 131 (0) 10 : 1.00000000000000000000
132 132 (0) 10 : 1.00000000000000000000
133 133 (0) 10 : 1.00000000000000000000
134 134 (0) 10 : 1.00000000000000000000
135 135 (0) 10 : 1.00000000000000000000
136 136 (0) 10 : 1.00000000000000000000
137 137 (0) 11 : 1.00000000000000000000
138 138 (0) 12 : 1.00000000000000000000
139 139 (0) 12 : 1.00000000000000000000
140 140 (0) 12 : 1.00000000000000000000
141 141 (0) 12 : 1.00000000000000000000
142 142 (0) 12 : 1.00000000000000000000
143 143 (0) 12 : 1.00000000000000000000
144 144 (0) 12 : 1.00000000000000000000
145 145 (0) 12 : 1.00000000000000000000
146 146 (0) 13 : 1.00000000000000000000
147 147 (0) 13 : 1.00000000000000000000
148 148 (0) 13 : 1.00000000000000000000
149 149 (0) 13 : 1.00000000000000000000
150 150 (0) 13 : 1.00000000000000000000
151 151 (0) 14 : 1.00000000000000000000
152 152 (0) 14 : 1.00000000000000000000
153 153 (0) 15 : 1.00000000000000000000
154 154 (0) 15 : 1.00000000000000000000
155 155 (0) 16 : 1.00000000000000000000
156 156 (0) 16 : 1.00000000000000000000
157 157 (0) 17 : 1.00000000000000000000
158 158 (0) 17 : 1.00000000000000000000
159 159 (0) 18 : 1.00000000000000000000
160 160 (0) 18 : 1.00000000000000000000
161 161 (0) 18 : 1.00000000000000000000
162 162 (0) 19 : 1.00000000000000000000
163 163 (0) 19 : 1.00000000000000000000
164 164 (0) 19 : 1.00000000000000000000
