  1        1   (0)      1 :  0.0000 0.0000 1.0000 0.0000 0.0000 0.0000 0.0000 
  2        2   (0)      2 :  0.8650 0.1171 0.0001 0.0000 0.0144 0.0002 0.0032 
  3        3   (0)      2 :  0.0000 0.0000 0.0000 0.0000 0.0000 1.0000 0.0000 
  4        4   (0)      3 :  0.0394 0.1635 0.0000 0.0000 0.0279 0.7692 0.0000 
  5        5   (0)      3 :  0.0090 0.0591 0.0000 0.0206 0.0000 0.9113 0.0000 
  6        6   (0)      3 :  0.0000 0.0000 0.0000 0.0000 0.0000 0.9285 0.0715 
  7        7   (0)      3 :  0.1084 0.0636 0.0000 0.0000 0.8280 0.0000 0.0000 
  8        8   (0)      3 :  0.0526 0.0172 0.0000 0.0000 0.0177 0.8496 0.0630 
  9        9   (0)      3 :  0.0000 0.0000 0.0000 0.0016 0.0000 0.9984 0.0000 
 10       10   (0)      4 :  0.0462 0.0000 0.0000 0.0008 0.0005 0.9525 0.0000 
 11       11   (0)      4 :  0.0000 0.0000 0.0000 0.4620 0.0000 0.5096 0.0284 
 12       12   (0)      4 :  0.0000 0.0000 0.0000 0.0000 0.0000 1.0000 0.0000 
 13       13   (0)      4 :  0.0000 0.0000 0.0000 0.0018 0.0000 0.9982 0.0000 
 14       14   (0)      5 :  0.0000 1.0000 0.0000 0.0000 0.0000 0.0000 0.0000 
 15       15   (0)      5 :  0.0000 0.0000 0.0000 0.0000 1.0000 0.0000 0.0000 
 16       16   (0)      5 :  0.9650 0.0094 0.0034 0.0000 0.0213 0.0009 0.0000 
 17       17   (0)      5 :  0.0000 0.0030 0.0000 0.8800 0.0000 0.0628 0.0542 
 18       18   (0)      5 :  0.0000 0.0000 0.0000 0.0080 0.0000 0.9920 0.0000 
 19       19   (0)      5 :  0.0000 0.0036 0.0000 0.8800 0.0000 0.0633 0.0531 
 20       20   (0)      5 :  0.0000 0.0000 0.0000 0.0171 0.0000 0.9829 0.0000 
 21       21   (0)      5 :  0.0000 0.0000 0.0000 0.0000 0.0000 1.0000 0.0000 
 22       22   (0)      5 :  0.0000 0.0000 0.0000 0.8800 0.0000 0.0635 0.0565 
 23       23   (0)      5 :  0.0000 0.0000 0.0000 0.0455 0.0000 0.9543 0.0002 
 24       24   (0)      5 :  0.0000 0.0000 0.0000 0.0000 1.0000 0.0000 0.0000 
 25       25   (0)      5 :  0.0000 1.0000 0.0000 0.0000 0.0000 0.0000 0.0000 
 26       26   (0)      5 :  0.0000 0.0000 0.0000 0.0076 0.0000 0.9924 0.0000 
 27       27   (0)      5 :  0.0000 0.0000 0.0000 0.0000 1.0000 0.0000 0.0000 
 28       28   (0)      5 :  0.0968 0.0000 0.0000 0.0161 0.8871 0.0000 0.0000 
 29       29   (0)      6 :  0.0000 0.0000 1.0000 0.0000 0.0000 0.0000 0.0000 
 30       30   (0)      6 :  0.0091 0.0000 0.0000 0.0000 0.0000 0.0000 0.9909 
 31       31   (0)      6 :  0.0000 0.0000 0.0000 0.0000 0.0000 1.0000 0.0000 
 32       32   (0)      6 :  0.0484 0.0000 0.0000 0.1917 0.0000 0.7497 0.0103 
 33       33   (0)      6 :  0.1477 0.0000 0.7783 0.0740 0.0000 0.0000 0.0000 
 34       34   (0)      6 :  0.0000 1.0000 0.0000 0.0000 0.0000 0.0000 0.0000 
 35       35   (0)      6 :  0.0000 0.0000 1.0000 0.0000 0.0000 0.0000 0.0000 
 36       36   (0)      6 :  0.0000 0.0000 1.0000 0.0000 0.0000 0.0000 0.0000 
 37       37   (0)      7 :  0.0000 0.0000 0.0000 0.0000 0.0000 0.0000 1.0000 
 38       38   (0)      7 :  0.0000 0.0059 0.0000 0.8800 0.0000 0.0612 0.0529 
 39       39   (0)      7 :  0.0000 1.0000 0.0000 0.0000 0.0000 0.0000 0.0000 
 40       40   (0)      7 :  0.0000 1.0000 0.0000 0.0000 0.0000 0.0000 0.0000 
 41       41   (0)      7 :  0.0000 0.0000 0.0000 0.8800 0.0000 0.0700 0.0500 
 42       42   (0)      7 :  0.0000 1.0000 0.0000 0.0000 0.0000 0.0000 0.0000 
 43       43   (0)      7 :  0.0000 0.0000 0.0000 0.8800 0.0000 0.0627 0.0573 
 44       44   (0)      7 :  0.9600 0.0000 0.0099 0.0000 0.0145 0.0098 0.0058 
 45       45   (0)      7 :  0.0000 0.0000 0.0000 0.0001 0.0000 0.9999 0.0000 
 46       46   (0)      7 :  0.0000 0.0000 1.0000 0.0000 0.0000 0.0000 0.0000 
 47       47   (0)      7 :  0.0000 0.0000 0.0000 0.0000 0.0000 1.0000 0.0000 
 48       48   (0)      7 :  0.0009 0.0000 0.9984 0.0008 0.0000 0.0000 0.0000 
 49       49   (0)      7 :  0.0000 0.0000 0.0000 0.0000 0.0000 0.0000 1.0000 
 50       50   (0)      7 :  0.8598 0.0041 0.0000 0.0017 0.0168 0.1161 0.0015 
 51       51   (0)      7 :  0.0000 0.0000 0.0000 0.0000 0.0000 0.0000 1.0000 
 52       52   (0)      7 :  0.0000 0.0000 0.0000 0.0000 1.0000 0.0000 0.0000 
 53       53   (0)      7 :  0.0000 0.0000 0.0000 0.0000 0.0000 1.0000 0.0000 
 54       54   (0)      7 :  0.0000 0.0000 0.0000 0.0000 0.0000 1.0000 0.0000 
 55       55   (0)      7 :  0.0000 0.0000 0.0000 0.0334 0.0000 0.9666 0.0000 
 56       56   (0)      7 :  0.0000 0.0000 0.0000 0.0000 0.0000 1.0000 0.0000 
 57       57   (0)      8 :  0.0000 1.0000 0.0000 0.0000 0.0000 0.0000 0.0000 
 58       58   (0)      8 :  0.0000 0.0000 0.0000 0.0000 1.0000 0.0000 0.0000 
 59       59   (0)      8 :  0.0000 0.0000 0.0000 0.0001 0.0000 0.9999 0.0000 
 60       60   (0)      8 :  0.0000 1.0000 0.0000 0.0000 0.0000 0.0000 0.0000 
 61       61   (0)      8 :  0.0000 1.0000 0.0000 0.0000 0.0000 0.0000 0.0000 
 62       62   (0)      8 :  0.0000 0.0000 0.0000 0.0000 0.0000 0.0000 1.0000 
 63       63   (0)      8 :  0.0000 1.0000 0.0000 0.0000 0.0000 0.0000 0.0000 
 64       64   (0)      8 :  0.0000 0.0000 0.0000 0.0000 0.0000 1.0000 0.0000 
 65       65   (0)      8 :  0.0000 0.0000 1.0000 0.0000 0.0000 0.0000 0.0000 
 66       66   (0)      8 :  0.0000 0.0000 0.0000 0.0000 0.0000 1.0000 0.0000 
 67       67   (0)      8 :  0.0000 0.0000 0.0000 0.0000 0.0000 1.0000 0.0000 
 68       68   (0)      8 :  0.0000 0.0000 0.0000 0.0000 0.0000 1.0000 0.0000 
 69       69   (0)      8 :  0.0000 0.0000 1.0000 0.0000 0.0000 0.0000 0.0000 
 70       70   (0)      8 :  0.0000 1.0000 0.0000 0.0000 0.0000 0.0000 0.0000 
 71       71   (0)      8 :  0.0000 0.0000 1.0000 0.0000 0.0000 0.0000 0.0000 
 72       72   (0)      8 :  0.0000 0.0000 0.0000 0.0000 0.0000 0.0000 1.0000 
 73       73   (0)      8 :  0.0000 0.0000 0.0000 0.6927 0.0000 0.2683 0.0391 
 74       74   (0)      8 :  0.0000 0.0000 0.0000 0.0000 0.0000 1.0000 0.0000 
 75       75   (0)      8 :  0.0000 0.0000 0.0000 0.0000 0.0000 1.0000 0.0000 
 76       76   (0)      8 :  0.0000 0.0000 0.9989 0.0011 0.0000 0.0000 0.0000 
 77       77   (0)      8 :  0.0000 0.0000 0.0000 0.0237 0.0000 0.9763 0.0000 
 78       78   (0)      9 :  0.0000 1.0000 0.0000 0.0000 0.0000 0.0000 0.0000 
 79       79   (0)      9 :  0.0000 1.0000 0.0000 0.0000 0.0000 0.0000 0.0000 
 80       80   (0)      9 :  0.0000 0.0000 0.0000 0.0000 0.0000 0.0000 1.0000 
 81       81   (0)      9 :  0.0000 1.0000 0.0000 0.0000 0.0000 0.0000 0.0000 
 82       82   (0)      9 :  0.0000 0.0000 1.0000 0.0000 0.0000 0.0000 0.0000 
 83       83   (0)      9 :  0.0697 0.0000 0.0000 0.0091 0.0009 0.9203 0.0000 
 84       84   (0)      9 :  0.8144 0.0000 0.0342 0.0838 0.0676 0.0000 0.0000 
 85       85   (0)      9 :  0.0000 0.0000 0.0000 0.0000 0.0000 1.0000 0.0000 
 86       86   (0)      9 :  0.0000 0.0000 0.0000 0.0000 0.0000 1.0000 0.0000 
 87       87   (0)      9 :  0.0000 0.0000 0.0000 0.0000 0.0000 1.0000 0.0000 
 88       88   (0)      9 :  0.0000 1.0000 0.0000 0.0000 0.0000 0.0000 0.0000 
 89       89   (0)      9 :  0.0000 1.0000 0.0000 0.0000 0.0000 0.0000 0.0000 
 90       90   (0)      9 :  0.0000 0.0000 0.0000 0.2830 0.0000 0.7016 0.0154 
 91       91   (0)      9 :  0.0000 0.0000 0.0000 0.0000 0.0000 0.0000 1.0000 
 92       92   (0)     10 :  0.4755 0.3629 0.0000 0.0114 0.0093 0.1400 0.0009 
 93       93   (0)     11 :  0.4493 0.0000 0.2335 0.0142 0.0730 0.2300 0.0000 
 94       94   (0)     11 :  0.0000 0.0000 0.0000 0.0090 0.9910 0.0000 0.0000 
 95       95   (0)     11 :  0.7330 0.0000 0.0000 0.0601 0.2034 0.0000 0.0035 
 96       96   (0)     12 :  0.0000 0.0000 0.0000 0.0000 1.0000 0.0000 0.0000 
 97       97   (0)     12 :  0.0000 0.0000 0.0000 0.0000 1.0000 0.0000 0.0000 
 98       98   (0)     12 :  0.0000 0.0000 0.0000 0.0000 1.0000 0.0000 0.0000 
 99       99   (0)     12 :  0.0000 0.0000 0.0000 0.0000 1.0000 0.0000 0.0000 
100      100   (0)     12 :  0.0000 0.0000 1.0000 0.0000 0.0000 0.0000 0.0000 
101      101   (0)     13 :  0.0000 0.0000 1.0000 0.0000 0.0000 0.0000 0.0000 
102      102   (0)     13 :  0.0000 0.0000 0.0000 0.0000 1.0000 0.0000 0.0000 
103      103   (0)     14 :  0.0643 0.8854 0.0000 0.0000 0.0009 0.0000 0.0495 
104      104   (0)     14 :  0.0000 0.0000 1.0000 0.0000 0.0000 0.0000 0.0000 
105      105   (0)     14 :  0.1102 0.0341 0.7550 0.0000 0.0274 0.0000 0.0734 
106      106   (0)     14 :  0.0400 0.0000 0.8965 0.0635 0.0000 0.0000 0.0000 
107      107   (0)     14 :  0.0000 0.0000 0.0000 0.0000 0.0000 0.0000 1.0000 
108      108   (0)     15 :  0.9600 0.0058 0.0116 0.0013 0.0156 0.0000 0.0057 
109      109   (0)     15 :  0.0182 0.0000 0.9523 0.0295 0.0000 0.0000 0.0000 
110      110   (0)     15 :  0.0000 0.0000 1.0000 0.0000 0.0000 0.0000 0.0000 
111      111   (0)     15 :  0.0000 0.0000 0.0000 0.0000 0.0000 1.0000 0.0000 
112      112   (0)     15 :  0.0695 0.7248 0.0000 0.0000 0.2057 0.0000 0.0000 
113      113   (0)     15 :  0.0000 0.0000 0.9942 0.0000 0.0058 0.0000 0.0000 
114      114   (0)     15 :  0.0400 0.0000 0.8162 0.0658 0.0780 0.0000 0.0000 
