1        1   (0)      1  : 0.0267 0.0000 0.0000 0.5912 0.0000 0.2010 0.0000 0.1461 0.0351
2        2   (0)      1  : 0.0000 0.0148 0.0831 0.0000 0.1140 0.0000 0.0148 0.6826 0.0907
3        3   (0)      1  : 0.7782 0.0000 0.0000 0.0000 0.0000 0.0000 0.0000 0.0000 0.2218
4        4   (0)      1  : 0.1715 0.0000 0.0000 0.0000 0.0000 0.1835 0.0000 0.1643 0.4807
5        5   (0)      1  : 0.2239 0.0000 0.0000 0.0000 0.0000 0.0000 0.0000 0.0349 0.7412
6        6   (0)      1  : 0.0407 0.0000 0.0000 0.4043 0.0000 0.0539 0.0000 0.0000 0.5011
7        7   (0)      1  : 0.1429 0.0000 0.0000 0.0000 0.0000 0.0000 0.0000 0.0000 0.8571
8        8   (0)      1  : 0.4410 0.0000 0.0000 0.0227 0.0000 0.0208 0.0000 0.0000 0.5156
9        9   (0)      1  : 0.3075 0.0000 0.0000 0.1138 0.0000 0.1455 0.0000 0.0000 0.4332
10       10   (0)      1  : 0.0712 0.0000 0.0000 0.2281 0.0000 0.4575 0.0000 0.0000 0.2432
11       11   (0)      1  : 0.2446 0.0000 0.0332 0.2845 0.0000 0.0569 0.0000 0.2131 0.1677
12       12   (0)      1  : 0.0000 0.0000 0.0000 0.0000 0.0000 0.0000 0.0000 0.8571 0.1429
13       13   (0)      1  : 0.5831 0.0000 0.0000 0.1672 0.0000 0.0000 0.0000 0.1429 0.1068
14       14   (0)      2  : 0.5403 0.0000 0.0000 0.1919 0.0000 0.2094 0.0000 0.0322 0.0260
15       15   (0)      2  : 0.0000 0.0000 0.0000 0.0000 0.0000 0.0000 1.0000 0.0000 0.0000
16       16   (0)      2  : 0.2784 0.0000 0.0000 0.2165 0.0000 0.3520 0.0000 0.0000 0.1532
17       17   (0)      2  : 0.1429 0.0000 0.0000 0.8571 0.0000 0.0000 0.0000 0.0000 0.0000
18       18   (0)      2  : 0.1429 0.0000 0.0000 0.4883 0.0000 0.0655 0.0000 0.0000 0.3033
19       19   (0)      2  : 0.2721 0.0000 0.0000 0.0627 0.0000 0.0000 0.0000 0.1429 0.5223
20       20   (0)      2  : 0.2818 0.0000 0.0356 0.2763 0.0000 0.0306 0.0000 0.1084 0.2673
21       21   (0)      2  : 0.5741 0.0000 0.0000 0.1421 0.0000 0.0000 0.0000 0.0620 0.2218
22       22   (0)      2  : 0.2343 0.0000 0.0923 0.2476 0.0000 0.0302 0.0000 0.0666 0.3289
23       23   (0)      2  : 0.2391 0.0000 0.4396 0.3213 0.0000 0.0000 0.0000 0.0000 0.0000
24       24   (0)      2  : 0.4547 0.0000 0.0000 0.3982 0.0000 0.0000 0.0000 0.0000 0.1471
25       25   (0)      2  : 0.4259 0.0000 0.0000 0.2867 0.0000 0.0000 0.0000 0.0337 0.2537
26       26   (0)      2  : 0.5904 0.0000 0.4096 0.0000 0.0000 0.0000 0.0000 0.0000 0.0000
27       27   (0)      2  : 0.9219 0.0000 0.0000 0.0000 0.0000 0.0314 0.0000 0.0099 0.0368
28       28   (0)      3  : 0.0000 1.0000 0.0000 0.0000 0.0000 0.0000 0.0000 0.0000 0.0000
29       29   (0)      3  : 0.1429 0.0000 0.0000 0.2857 0.0000 0.2857 0.0000 0.2178 0.0679
30       30   (0)      3  : 0.0000 0.0000 1.0000 0.0000 0.0000 0.0000 0.0000 0.0000 0.0000
31       31   (0)      3  : 0.1311 0.0000 0.5335 0.0661 0.0000 0.1358 0.0000 0.0669 0.0665
32       32   (0)      3  : 0.0000 0.0000 0.0000 0.0000 0.0000 0.0000 1.0000 0.0000 0.0000
33       33   (0)      3  : 0.6382 0.0000 0.0000 0.0000 0.0000 0.0756 0.0000 0.0000 0.2862
34       34   (0)      3  : 0.0000 0.0000 0.0000 0.0000 1.0000 0.0000 0.0000 0.0000 0.0000
35       35   (0)      3  : 0.0000 0.2538 0.0000 0.0000 0.7462 0.0000 0.0000 0.0000 0.0000
36       36   (0)      3  : 0.0000 0.0000 0.0000 0.0000 1.0000 0.0000 0.0000 0.0000 0.0000
37       37   (0)      3  : 0.1071 0.0000 0.0000 0.0000 0.0000 0.0356 0.0000 0.2857 0.5716
38       38   (0)      3  : 0.0000 0.0000 1.0000 0.0000 0.0000 0.0000 0.0000 0.0000 0.0000
39       39   (0)      3  : 0.0000 0.0000 1.0000 0.0000 0.0000 0.0000 0.0000 0.0000 0.0000
40       40   (0)      3  : 0.0000 0.0000 0.0000 0.0000 0.0000 0.7420 0.0000 0.0250 0.2330
41       41   (0)      3  : 0.0582 0.0000 0.0000 0.1836 0.0000 0.4161 0.0000 0.0000 0.3421
42       42   (0)      3  : 0.0000 0.0000 0.0000 0.0000 0.0000 0.0000 1.0000 0.0000 0.0000
43       43   (0)      3  : 0.0000 0.1857 0.0000 0.0000 0.6884 0.0000 0.1259 0.0000 0.0000
44       44   (0)      3  : 0.0000 0.0000 0.0000 0.0000 0.0000 0.8571 0.0000 0.1429 0.0000
45       45   (0)      3  : 0.6208 0.0000 0.0000 0.1429 0.0000 0.2364 0.0000 0.0000 0.0000
46       46   (0)      4  : 0.0000 1.0000 0.0000 0.0000 0.0000 0.0000 0.0000 0.0000 0.0000
47       47   (0)      4  : 0.0000 1.0000 0.0000 0.0000 0.0000 0.0000 0.0000 0.0000 0.0000
48       48   (0)      4  : 0.0000 0.0000 0.0000 0.0896 0.0000 0.7766 0.0000 0.0000 0.1338
49       49   (0)      4  : 0.0803 0.0000 0.0000 0.0483 0.0000 0.3936 0.0000 0.3349 0.1429
50       50   (0)      4  : 0.0000 0.0000 0.0131 0.2142 0.0000 0.3688 0.0000 0.3243 0.0795
51       51   (0)      4  : 0.0550 0.0000 0.0304 0.3771 0.0000 0.1990 0.0000 0.2288 0.1098
52       52   (0)      4  : 0.0604 0.0000 0.0000 0.3909 0.0000 0.2857 0.0000 0.1881 0.0748
53       53   (0)      4  : 0.1941 0.0000 0.0000 0.0000 0.0000 0.5506 0.0000 0.2553 0.0000
54       54   (0)      4  : 0.1184 0.0000 0.0000 0.0191 0.0000 0.2651 0.0000 0.0000 0.5974
55       55   (0)      4  : 0.0954 0.0000 0.6650 0.1444 0.0000 0.0000 0.0000 0.0481 0.0471
56       56   (0)      4  : 0.2279 0.0000 0.0000 0.2957 0.0000 0.0755 0.0000 0.0625 0.3383
57       57   (0)      5  : 0.0555 0.0000 0.0000 0.3374 0.0000 0.3884 0.0000 0.1079 0.1108
58       58   (0)      5  : 0.1447 0.0337 0.0000 0.4954 0.0000 0.1304 0.0000 0.0892 0.1065
59       59   (0)      5  : 0.2358 0.0000 0.0000 0.2312 0.0000 0.1293 0.0000 0.0000 0.4037
60       60   (0)      5  : 0.0000 1.0000 0.0000 0.0000 0.0000 0.0000 0.0000 0.0000 0.0000
61       61   (0)      5  : 0.0000 0.9992 0.0000 0.0000 0.0000 0.0000 0.0000 0.0000 0.0008
62       62   (0)      5  : 0.0000 0.0000 0.0000 0.0000 0.0000 0.0000 1.0000 0.0000 0.0000
63       63   (0)      6  : 0.0000 0.0000 0.0000 0.0000 1.0000 0.0000 0.0000 0.0000 0.0000
64       64   (0)      6  : 0.0000 1.0000 0.0000 0.0000 0.0000 0.0000 0.0000 0.0000 0.0000
65       65   (0)      6  : 0.0000 0.0000 0.0000 0.0000 1.0000 0.0000 0.0000 0.0000 0.0000
66       66   (0)      6  : 0.1019 0.6863 0.0000 0.0000 0.0324 0.0000 0.0327 0.0000 0.1467
67       67   (0)      6  : 0.0000 1.0000 0.0000 0.0000 0.0000 0.0000 0.0000 0.0000 0.0000
68       68   (0)      6  : 0.0000 0.7628 0.1231 0.0000 0.1141 0.0000 0.0000 0.0000 0.0000
69       69   (0)      6  : 0.1900 0.0627 0.0249 0.2052 0.0735 0.1326 0.0059 0.0788 0.2265
70       70   (0)      6  : 0.0000 1.0000 0.0000 0.0000 0.0000 0.0000 0.0000 0.0000 0.0000
71       71   (0)      6  : 0.3798 0.0000 0.0000 0.2577 0.0000 0.0000 0.0000 0.0000 0.3625
72       72   (0)      6  : 0.0000 1.0000 0.0000 0.0000 0.0000 0.0000 0.0000 0.0000 0.0000
73       73   (0)      6  : 0.0000 0.0000 0.0000 0.0000 1.0000 0.0000 0.0000 0.0000 0.0000
74       74   (0)      6  : 0.0000 0.8662 0.1338 0.0000 0.0000 0.0000 0.0000 0.0000 0.0000
75       75   (0)      6  : 0.0000 0.0000 0.0678 0.0000 0.9322 0.0000 0.0000 0.0000 0.0000
76       76   (0)      6  : 0.0000 0.8328 0.1672 0.0000 0.0000 0.0000 0.0000 0.0000 0.0000
77       77   (0)      6  : 0.0000 0.8183 0.1817 0.0000 0.0000 0.0000 0.0000 0.0000 0.0000
78       78   (0)      6  : 0.0000 0.0000 0.2141 0.0000 0.7859 0.0000 0.0000 0.0000 0.0000
79       79   (0)      6  : 0.0000 0.0000 0.0000 0.0000 1.0000 0.0000 0.0000 0.0000 0.0000
80       80   (0)      7  : 0.0000 0.0000 0.0000 0.1429 0.0000 0.2180 0.0000 0.0000 0.6392
81       81   (0)      8  : 0.0000 0.0000 0.0135 0.5153 0.0000 0.2659 0.0000 0.0820 0.1234
82       82   (0)      9  : 0.0000 0.0000 1.0000 0.0000 0.0000 0.0000 0.0000 0.0000 0.0000
83       83   (0)     10  : 0.1201 0.0000 0.1167 0.2522 0.0000 0.1508 0.0000 0.1871 0.1731
84       84   (0)     11  : 0.4833 0.0000 0.0000 0.0000 0.0000 0.0000 0.0000 0.0000 0.5167
85       85   (0)     11  : 0.0782 0.0000 0.4520 0.1566 0.0000 0.2355 0.0000 0.0000 0.0778
86       86   (0)     12  : 0.2390 0.0000 0.4405 0.2417 0.0000 0.0787 0.0000 0.0000 0.0000
87       87   (0)     12  : 0.3022 0.0000 0.1770 0.2493 0.0000 0.0225 0.0000 0.0207 0.2283
88       88   (0)     12  : 0.6373 0.0000 0.0000 0.0927 0.0000 0.0394 0.0000 0.0548 0.1758
89       89   (0)     12  : 0.1645 0.0000 0.1648 0.4640 0.0000 0.0797 0.0000 0.0334 0.0935
90       90   (0)     12  : 0.0000 0.0000 0.0000 0.0000 1.0000 0.0000 0.0000 0.0000 0.0000
91       91   (0)     12  : 0.0419 0.0000 0.0000 0.1952 0.0000 0.3532 0.0000 0.0148 0.3950
92       92   (0)     12  : 0.2144 0.0000 0.0000 0.3009 0.0000 0.1321 0.0000 0.0692 0.2833
93       93   (0)     12  : 0.3093 0.0000 0.0000 0.2034 0.0000 0.0000 0.0000 0.0000 0.4873
94       94   (0)     13  : 0.2857 0.0000 0.0000 0.0000 0.0000 0.6477 0.0000 0.0000 0.0666
