1        1   (0)      1  : 0.0000 0.6393 0.0000 0.0000 0.0000 0.0000 0.0000 0.0000 0.0000 0.0000 0.0000 0.0000 0.2193 0.0000 0.0000 0.0000 0.0000 0.1414 0.0000
2        2   (0)      2  : 0.0000 0.0000 0.0000 0.0000 0.0000 1.0000 0.0000 0.0000 0.0000 0.0000 0.0000 0.0000 0.0000 0.0000 0.0000 0.0000 0.0000 0.0000 0.0000
3        3   (0)      2  : 0.5265 0.0000 0.0000 0.0000 0.0000 0.0000 0.0000 0.0000 0.0984 0.0000 0.0000 0.3050 0.0000 0.0702 0.0000 0.0000 0.0000 0.0000 0.0000
4        4   (0)      3  : 0.3333 0.0000 0.0000 0.0000 0.0000 0.0000 0.6665 0.0000 0.0000 0.0000 0.0002 0.0000 0.0000 0.0000 0.0000 0.0000 0.0000 0.0000 0.0000
5        5   (0)      3  : 0.0000 0.0000 0.0000 0.0000 0.0000 0.0000 0.0000 0.0000 0.6667 0.0000 0.0000 0.0000 0.0000 0.0000 0.0000 0.0000 0.0000 0.0000 0.3333
6        6   (0)      3  : 0.1022 0.0000 0.0000 0.0000 0.0161 0.0000 0.6667 0.0000 0.0000 0.0000 0.0000 0.0000 0.0000 0.0966 0.0000 0.0000 0.0000 0.1185 0.0000
7        7   (0)      3  : 0.0000 0.0000 0.0097 0.8032 0.0000 0.1871 0.0000 0.0000 0.0000 0.0000 0.0000 0.0000 0.0000 0.0000 0.0000 0.0000 0.0000 0.0000 0.0000
8        8   (0)      3  : 0.0000 0.0000 0.0000 0.0000 0.0000 0.0000 0.3333 0.0000 0.0000 0.0000 0.0000 0.2047 0.0000 0.0000 0.0000 0.0000 0.0000 0.0000 0.4619
9        9   (0)      3  : 0.3538 0.0000 0.0000 0.0000 0.0000 0.0000 0.3979 0.0000 0.0770 0.0000 0.0000 0.0753 0.0000 0.0030 0.0000 0.0000 0.0000 0.0000 0.0929
10       10   (0)      4  : 0.0000 0.0000 0.0000 0.0000 0.0000 0.0000 1.0000 0.0000 0.0000 0.0000 0.0000 0.0000 0.0000 0.0000 0.0000 0.0000 0.0000 0.0000 0.0000
11       11   (0)      4  : 0.0000 0.0000 0.0000 0.0000 0.0000 0.0000 0.0000 0.0000 0.0491 0.0000 0.0000 0.0000 0.0000 0.2732 0.3444 0.0000 0.0000 0.0000 0.3333
12       12   (0)      4  : 0.2232 0.0000 0.0000 0.0000 0.0000 0.0000 0.0000 0.0000 0.4884 0.0000 0.0000 0.0003 0.0000 0.1796 0.0000 0.0000 0.0000 0.1085 0.0000
13       13   (0)      4  : 0.0000 0.0000 0.0000 0.0000 0.0000 0.0000 0.0000 0.0000 0.0000 0.0000 0.0000 0.0000 0.0000 1.0000 0.0000 0.0000 0.0000 0.0000 0.0000
14       14   (0)      5  : 0.0000 0.0000 0.2635 0.0000 0.0000 0.0000 0.0000 0.0000 0.0000 0.0000 0.7365 0.0000 0.0000 0.0000 0.0000 0.0000 0.0000 0.0000 0.0000
15       15   (0)      5  : 0.0000 0.0000 0.0000 1.0000 0.0000 0.0000 0.0000 0.0000 0.0000 0.0000 0.0000 0.0000 0.0000 0.0000 0.0000 0.0000 0.0000 0.0000 0.0000
16       16   (0)      5  : 0.0000 0.0000 0.0000 0.0000 0.0000 1.0000 0.0000 0.0000 0.0000 0.0000 0.0000 0.0000 0.0000 0.0000 0.0000 0.0000 0.0000 0.0000 0.0000
17       17   (0)      5  : 0.0000 0.0000 0.0000 0.0000 0.0000 0.0000 0.0000 0.0000 0.0000 0.0000 0.0000 0.0000 0.0000 0.0000 1.0000 0.0000 0.0000 0.0000 0.0000
18       18   (0)      5  : 0.0000 0.0000 0.0000 0.0000 0.0000 0.0000 0.0000 0.0000 0.0000 0.0000 0.0000 0.4098 0.0000 0.5902 0.0000 0.0000 0.0000 0.0000 0.0000
19       19   (0)      5  : 0.0000 0.0000 0.0000 0.0000 0.0000 0.0000 0.0000 0.0000 0.0000 0.0000 0.0000 0.0000 0.0000 0.0000 1.0000 0.0000 0.0000 0.0000 0.0000
20       20   (0)      5  : 0.7160 0.0000 0.0000 0.0000 0.0000 0.0000 0.0000 0.0000 0.0641 0.0000 0.0000 0.0000 0.0000 0.1924 0.0000 0.0000 0.0000 0.0000 0.0276
21       21   (0)      5  : 0.2165 0.0000 0.0000 0.0000 0.0000 0.0000 0.0000 0.0000 0.0000 0.0000 0.0000 0.6992 0.0000 0.0790 0.0000 0.0000 0.0000 0.0000 0.0052
22       22   (0)      5  : 0.0000 0.0000 0.0000 0.0000 0.0000 0.0000 0.0000 0.0000 0.0000 0.0000 0.0000 0.0000 0.0000 0.0000 1.0000 0.0000 0.0000 0.0000 0.0000
23       23   (0)      5  : 0.8248 0.0000 0.0000 0.0000 0.0000 0.0000 0.0000 0.0000 0.0366 0.0000 0.0000 0.0000 0.0000 0.1240 0.0146 0.0000 0.0000 0.0000 0.0000
24       24   (0)      5  : 0.0000 0.0000 0.0000 1.0000 0.0000 0.0000 0.0000 0.0000 0.0000 0.0000 0.0000 0.0000 0.0000 0.0000 0.0000 0.0000 0.0000 0.0000 0.0000
25       25   (0)      5  : 0.0000 0.0000 0.0000 0.0000 0.0000 0.0000 0.0000 0.0000 0.0000 0.0000 1.0000 0.0000 0.0000 0.0000 0.0000 0.0000 0.0000 0.0000 0.0000
26       26   (0)      5  : 0.0894 0.0000 0.0000 0.0000 0.0000 0.0000 0.4603 0.0000 0.0000 0.0000 0.0000 0.2064 0.0000 0.2438 0.0000 0.0000 0.0000 0.0000 0.0001
27       27   (0)      5  : 0.0000 0.0000 0.0000 1.0000 0.0000 0.0000 0.0000 0.0000 0.0000 0.0000 0.0000 0.0000 0.0000 0.0000 0.0000 0.0000 0.0000 0.0000 0.0000
28       28   (0)      5  : 0.0000 0.0000 0.0000 0.2448 0.0000 0.0000 0.0000 0.0000 0.0000 0.0886 0.0000 0.0000 0.0000 0.0000 0.0000 0.3333 0.3333 0.0000 0.0000
29       29   (0)      6  : 0.0000 1.0000 0.0000 0.0000 0.0000 0.0000 0.0000 0.0000 0.0000 0.0000 0.0000 0.0000 0.0000 0.0000 0.0000 0.0000 0.0000 0.0000 0.0000
30       30   (0)      6  : 0.0000 0.0000 0.0000 0.0000 0.6667 0.0000 0.0000 0.0000 0.0000 0.0000 0.0000 0.0000 0.0000 0.0000 0.0000 0.0000 0.3333 0.0000 0.0000
31       31   (0)      6  : 0.0000 0.0000 0.0000 0.0000 0.0000 0.0000 0.0000 0.0000 0.0000 0.0000 0.0000 0.0000 0.0000 0.3333 0.0000 0.0000 0.0000 0.6667 0.0000
32       32   (0)      6  : 0.0000 0.0000 0.0000 0.0000 0.0000 0.0000 0.0000 0.0000 0.0000 0.0000 0.0000 0.0000 0.0000 0.2897 0.0904 0.0000 0.0000 0.6198 0.0000
33       33   (0)      6  : 0.0000 0.0000 0.0000 0.0000 0.0000 0.0000 0.0000 1.0000 0.0000 0.0000 0.0000 0.0000 0.0000 0.0000 0.0000 0.0000 0.0000 0.0000 0.0000
34       34   (0)      6  : 0.0000 0.0000 0.6978 0.0000 0.0000 0.0000 0.0000 0.0000 0.0000 0.0000 0.3022 0.0000 0.0000 0.0000 0.0000 0.0000 0.0000 0.0000 0.0000
35       35   (0)      6  : 0.0000 1.0000 0.0000 0.0000 0.0000 0.0000 0.0000 0.0000 0.0000 0.0000 0.0000 0.0000 0.0000 0.0000 0.0000 0.0000 0.0000 0.0000 0.0000
36       36   (0)      6  : 0.0000 1.0000 0.0000 0.0000 0.0000 0.0000 0.0000 0.0000 0.0000 0.0000 0.0000 0.0000 0.0000 0.0000 0.0000 0.0000 0.0000 0.0000 0.0000
37       37   (0)      7  : 0.0000 0.0000 0.0000 0.0000 0.6667 0.0000 0.0000 0.0000 0.0000 0.0000 0.0000 0.0000 0.0000 0.0000 0.0000 0.0000 0.3333 0.0000 0.0000
38       38   (0)      7  : 0.0000 0.0000 0.0000 0.0000 0.0000 0.0000 0.0000 0.0000 0.0000 0.0000 0.0000 0.0000 0.0000 0.0000 1.0000 0.0000 0.0000 0.0000 0.0000
39       39   (0)      7  : 0.0000 0.0000 0.2511 0.0000 0.0000 0.0000 0.0000 0.0000 0.0000 0.0000 0.7489 0.0000 0.0000 0.0000 0.0000 0.0000 0.0000 0.0000 0.0000
40       40   (0)      7  : 0.0000 0.0000 0.7581 0.0000 0.0000 0.0000 0.0000 0.0000 0.0000 0.0000 0.2419 0.0000 0.0000 0.0000 0.0000 0.0000 0.0000 0.0000 0.0000
41       41   (0)      7  : 0.0000 0.0000 0.0000 0.0000 0.0000 0.0000 0.0000 0.0000 0.0000 0.0000 0.0000 0.0000 0.0000 0.0000 0.9253 0.0000 0.0000 0.0000 0.0747
42       42   (0)      7  : 0.0000 0.0000 0.8557 0.0000 0.0000 0.0000 0.0000 0.0000 0.0000 0.0000 0.1443 0.0000 0.0000 0.0000 0.0000 0.0000 0.0000 0.0000 0.0000
43       43   (0)      7  : 0.0000 0.0000 0.0000 0.0000 0.0000 0.0000 0.0000 0.0000 0.0000 0.0000 0.0000 0.0000 0.0000 0.0000 1.0000 0.0000 0.0000 0.0000 0.0000
44       44   (0)      7  : 0.0000 0.0000 0.0000 0.0000 0.0000 1.0000 0.0000 0.0000 0.0000 0.0000 0.0000 0.0000 0.0000 0.0000 0.0000 0.0000 0.0000 0.0000 0.0000
45       45   (0)      7  : 0.0000 0.0000 0.0000 0.0000 0.0000 0.0000 0.3333 0.0000 0.3333 0.0000 0.0000 0.0000 0.0000 0.3333 0.0000 0.0000 0.0000 0.0000 0.0000
46       46   (0)      7  : 0.0000 1.0000 0.0000 0.0000 0.0000 0.0000 0.0000 0.0000 0.0000 0.0000 0.0000 0.0000 0.0000 0.0000 0.0000 0.0000 0.0000 0.0000 0.0000
47       47   (0)      7  : 0.0000 0.0000 0.0000 0.0000 0.0000 0.0000 0.0000 0.0000 0.0000 0.0000 0.0000 1.0000 0.0000 0.0000 0.0000 0.0000 0.0000 0.0000 0.0000
48       48   (0)      7  : 0.0000 0.5270 0.0000 0.0000 0.0000 0.0000 0.0000 0.0335 0.0000 0.0000 0.0000 0.0000 0.4395 0.0000 0.0000 0.0000 0.0000 0.0000 0.0000
49       49   (0)      7  : 0.0000 0.0000 0.0000 0.0000 0.8388 0.0000 0.0000 0.0000 0.0000 0.0000 0.0000 0.0000 0.0000 0.0000 0.0000 0.0000 0.1612 0.0000 0.0000
50       50   (0)      7  : 0.0000 0.0000 0.0000 0.0000 0.0000 1.0000 0.0000 0.0000 0.0000 0.0000 0.0000 0.0000 0.0000 0.0000 0.0000 0.0000 0.0000 0.0000 0.0000
51       51   (0)      7  : 0.0000 0.0000 0.0000 0.0000 1.0000 0.0000 0.0000 0.0000 0.0000 0.0000 0.0000 0.0000 0.0000 0.0000 0.0000 0.0000 0.0000 0.0000 0.0000
52       52   (0)      7  : 0.0000 0.0000 0.0000 1.0000 0.0000 0.0000 0.0000 0.0000 0.0000 0.0000 0.0000 0.0000 0.0000 0.0000 0.0000 0.0000 0.0000 0.0000 0.0000
53       53   (0)      7  : 0.0000 0.0000 0.0000 0.0000 0.0000 0.0000 0.0000 0.0000 0.0000 0.0000 0.0000 0.6667 0.0000 0.3333 0.0000 0.0000 0.0000 0.0000 0.0000
54       54   (0)      7  : 0.0000 0.0000 0.0000 0.0000 0.0000 0.0000 0.0000 0.0000 0.3333 0.0000 0.0000 0.2423 0.0000 0.4243 0.0000 0.0000 0.0000 0.0000 0.0000
55       55   (0)      7  : 0.1675 0.0000 0.0000 0.0000 0.0000 0.0000 0.0000 0.0000 0.5039 0.0000 0.0000 0.0000 0.0000 0.2587 0.0000 0.0000 0.0000 0.0595 0.0104
56       56   (0)      7  : 0.5029 0.0000 0.0000 0.0000 0.0000 0.0000 0.0000 0.0000 0.4971 0.0000 0.0000 0.0000 0.0000 0.0000 0.0000 0.0000 0.0000 0.0000 0.0000
57       57   (0)      8  : 0.0000 0.0000 0.4599 0.0000 0.0000 0.0000 0.0000 0.0000 0.0000 0.0000 0.5401 0.0000 0.0000 0.0000 0.0000 0.0000 0.0000 0.0000 0.0000
58       58   (0)      8  : 0.0000 0.0000 0.0000 1.0000 0.0000 0.0000 0.0000 0.0000 0.0000 0.0000 0.0000 0.0000 0.0000 0.0000 0.0000 0.0000 0.0000 0.0000 0.0000
59       59   (0)      8  : 0.0000 0.0000 0.0000 0.0000 0.0000 0.0000 0.0000 0.0000 0.0000 0.0000 0.0000 0.8650 0.0000 0.1350 0.0000 0.0000 0.0000 0.0000 0.0000
60       60   (0)      8  : 0.0000 0.0000 0.0000 0.0000 0.0000 0.0000 0.0000 0.0000 0.0000 0.0000 1.0000 0.0000 0.0000 0.0000 0.0000 0.0000 0.0000 0.0000 0.0000
61       61   (0)      8  : 0.0000 0.0000 1.0000 0.0000 0.0000 0.0000 0.0000 0.0000 0.0000 0.0000 0.0000 0.0000 0.0000 0.0000 0.0000 0.0000 0.0000 0.0000 0.0000
62       62   (0)      8  : 0.0000 0.0000 0.0000 0.0000 0.6667 0.0000 0.0000 0.0000 0.0000 0.0000 0.0000 0.0000 0.0000 0.0000 0.0000 0.0000 0.3333 0.0000 0.0000
63       63   (0)      8  : 0.0000 0.0000 1.0000 0.0000 0.0000 0.0000 0.0000 0.0000 0.0000 0.0000 0.0000 0.0000 0.0000 0.0000 0.0000 0.0000 0.0000 0.0000 0.0000
64       64   (0)      8  : 0.3333 0.0000 0.0000 0.0000 0.0000 0.0000 0.0000 0.0000 0.0000 0.0000 0.0000 0.3333 0.0000 0.0000 0.0000 0.0000 0.0000 0.0000 0.3333
65       65   (0)      8  : 0.0000 0.0000 0.0000 0.0000 0.0000 0.0000 0.0000 0.0000 0.0000 0.0000 0.0000 0.0000 1.0000 0.0000 0.0000 0.0000 0.0000 0.0000 0.0000
66       66   (0)      8  : 0.0000 0.0000 0.0000 0.0000 0.0000 0.0000 0.0000 0.0000 0.3333 0.0000 0.0000 0.3333 0.0000 0.3333 0.0000 0.0000 0.0000 0.0000 0.0000
67       67   (0)      8  : 0.0644 0.0000 0.0000 0.0000 0.0000 0.0000 0.1308 0.0000 0.0858 0.0000 0.0000 0.2549 0.0000 0.0573 0.0000 0.0000 0.0000 0.4069 0.0000
68       68   (0)      8  : 0.1445 0.0000 0.0000 0.0000 0.0000 0.0000 0.0000 0.0000 0.0000 0.0000 0.0000 0.1888 0.0000 0.6667 0.0000 0.0000 0.0000 0.0000 0.0000
69       69   (0)      8  : 0.0000 0.3997 0.0000 0.0000 0.0000 0.0000 0.0000 0.0000 0.0000 0.0000 0.0000 0.0000 0.6003 0.0000 0.0000 0.0000 0.0000 0.0000 0.0000
70       70   (0)      8  : 0.0000 0.0000 0.2481 0.0000 0.0000 0.0000 0.0000 0.0000 0.0000 0.0000 0.7519 0.0000 0.0000 0.0000 0.0000 0.0000 0.0000 0.0000 0.0000
71       71   (0)      8  : 0.0000 0.0000 0.0000 0.0000 0.0000 0.0000 0.0000 0.0000 0.0000 0.0000 0.0000 0.0000 1.0000 0.0000 0.0000 0.0000 0.0000 0.0000 0.0000
72       72   (0)      8  : 0.0000 0.0000 0.0000 0.0000 0.6667 0.0000 0.0000 0.0000 0.0000 0.0000 0.0000 0.0000 0.0000 0.0000 0.0000 0.0000 0.3333 0.0000 0.0000
73       73   (0)      8  : 0.0000 0.0000 0.0000 0.0000 0.0000 0.0000 0.0000 0.0000 0.0000 0.0000 0.0000 0.0781 0.0000 0.0731 0.5155 0.0000 0.0000 0.0000 0.3333
74       74   (0)      8  : 0.0000 0.0000 0.0000 0.0000 0.0000 0.0000 0.0000 0.0000 0.3333 0.0000 0.0000 0.0000 0.0000 0.3333 0.0000 0.0000 0.0000 0.3333 0.0000
75       75   (0)      8  : 0.0000 0.0000 0.0000 0.0000 0.0000 0.0000 0.0000 0.0000 0.0000 0.0000 0.0000 0.6667 0.0000 0.3333 0.0000 0.0000 0.0000 0.0000 0.0000
76       76   (0)      8  : 0.0000 0.1559 0.0000 0.0000 0.0000 0.0000 0.0000 0.0000 0.0000 0.0000 0.0000 0.0000 0.6667 0.0000 0.0000 0.0000 0.0000 0.1775 0.0000
77       77   (0)      8  : 0.3333 0.0000 0.0000 0.0000 0.0000 0.0000 0.0000 0.0000 0.6667 0.0000 0.0000 0.0000 0.0000 0.0000 0.0000 0.0000 0.0000 0.0000 0.0000
78       78   (0)      9  : 0.0000 0.0000 0.3333 0.0000 0.0000 0.0000 0.0000 0.0000 0.0000 0.0000 0.6667 0.0000 0.0000 0.0000 0.0000 0.0000 0.0000 0.0000 0.0000
79       79   (0)      9  : 0.0000 0.0000 1.0000 0.0000 0.0000 0.0000 0.0000 0.0000 0.0000 0.0000 0.0000 0.0000 0.0000 0.0000 0.0000 0.0000 0.0000 0.0000 0.0000
80       80   (0)      9  : 0.0000 0.0000 0.0000 0.0000 1.0000 0.0000 0.0000 0.0000 0.0000 0.0000 0.0000 0.0000 0.0000 0.0000 0.0000 0.0000 0.0000 0.0000 0.0000
81       81   (0)      9  : 0.0000 0.0000 1.0000 0.0000 0.0000 0.0000 0.0000 0.0000 0.0000 0.0000 0.0000 0.0000 0.0000 0.0000 0.0000 0.0000 0.0000 0.0000 0.0000
82       82   (0)      9  : 0.0000 0.1665 0.0000 0.0000 0.0000 0.0000 0.0000 0.0000 0.0000 0.0000 0.0000 0.0000 0.6667 0.0000 0.0000 0.0000 0.0000 0.1668 0.0000
83       83   (0)      9  : 0.0000 0.0000 0.0000 0.0000 0.0000 0.0000 0.3333 0.0000 0.0000 0.0000 0.0000 0.6667 0.0000 0.0000 0.0000 0.0000 0.0000 0.0000 0.0000
84       84   (0)      9  : 0.0000 0.0000 0.0000 0.0000 0.0000 0.0000 0.0000 0.0000 0.0000 1.0000 0.0000 0.0000 0.0000 0.0000 0.0000 0.0000 0.0000 0.0000 0.0000
85       85   (0)      9  : 0.0000 0.0000 0.0000 0.0000 0.0000 0.0000 0.0000 0.0000 0.0000 0.0000 0.0000 1.0000 0.0000 0.0000 0.0000 0.0000 0.0000 0.0000 0.0000
86       86   (0)      9  : 0.1872 0.0000 0.0000 0.0000 0.0000 0.0000 0.0000 0.0000 0.0000 0.0000 0.0000 0.6374 0.0000 0.1754 0.0000 0.0000 0.0000 0.0000 0.0000
87       87   (0)      9  : 0.1665 0.0000 0.0000 0.0000 0.0000 0.0000 0.0000 0.0000 0.0000 0.0000 0.0000 0.5001 0.0000 0.0000 0.0000 0.0000 0.0000 0.3333 0.0000
88       88   (0)      9  : 0.0000 0.0000 1.0000 0.0000 0.0000 0.0000 0.0000 0.0000 0.0000 0.0000 0.0000 0.0000 0.0000 0.0000 0.0000 0.0000 0.0000 0.0000 0.0000
89       89   (0)      9  : 0.0000 0.0000 0.1319 0.0000 0.0000 0.0000 0.0000 0.0000 0.0000 0.0000 0.8681 0.0000 0.0000 0.0000 0.0000 0.0000 0.0000 0.0000 0.0000
90       90   (0)      9  : 0.3333 0.0000 0.0000 0.0000 0.0000 0.0000 0.0000 0.0000 0.0000 0.0000 0.0000 0.0000 0.0000 0.2364 0.1923 0.0000 0.0000 0.2379 0.0000
91       91   (0)      9  : 0.0000 0.0000 0.0000 0.0000 0.6667 0.0000 0.0000 0.0000 0.0000 0.0000 0.0000 0.0000 0.0000 0.0000 0.0000 0.0000 0.3333 0.0000 0.0000
92       92   (0)     10  : 0.0000 0.0000 0.0000 0.0000 0.0000 0.4598 0.0000 0.0000 0.0000 0.0000 0.2164 0.0000 0.0000 0.0000 0.0000 0.2381 0.0000 0.0000 0.0857
93       93   (0)     11  : 0.0000 0.0000 0.0000 0.0000 0.0000 0.6199 0.0000 0.0000 0.0000 0.3333 0.0000 0.0000 0.0467 0.0000 0.0000 0.0000 0.0000 0.0000 0.0000
94       94   (0)     11  : 0.0000 0.0000 0.0000 0.2739 0.0000 0.0000 0.0000 0.0000 0.0000 0.0595 0.0000 0.0000 0.0000 0.0000 0.0000 0.3333 0.3333 0.0000 0.0000
95       95   (0)     11  : 0.0000 0.0000 0.0000 0.0000 0.0000 0.0000 0.0000 0.0000 0.0000 1.0000 0.0000 0.0000 0.0000 0.0000 0.0000 0.0000 0.0000 0.0000 0.0000
96       96   (0)     12  : 0.0000 0.0000 0.0000 1.0000 0.0000 0.0000 0.0000 0.0000 0.0000 0.0000 0.0000 0.0000 0.0000 0.0000 0.0000 0.0000 0.0000 0.0000 0.0000
97       97   (0)     12  : 0.0000 0.0000 0.0000 1.0000 0.0000 0.0000 0.0000 0.0000 0.0000 0.0000 0.0000 0.0000 0.0000 0.0000 0.0000 0.0000 0.0000 0.0000 0.0000
98       98   (0)     12  : 0.0000 0.0000 0.0000 1.0000 0.0000 0.0000 0.0000 0.0000 0.0000 0.0000 0.0000 0.0000 0.0000 0.0000 0.0000 0.0000 0.0000 0.0000 0.0000
99       99   (0)     12  : 0.0000 0.0000 0.0000 0.9555 0.0000 0.0000 0.0000 0.0000 0.0000 0.0000 0.0000 0.0000 0.0000 0.0000 0.0000 0.0000 0.0445 0.0000 0.0000
100      100   (0)     12  : 0.0000 1.0000 0.0000 0.0000 0.0000 0.0000 0.0000 0.0000 0.0000 0.0000 0.0000 0.0000 0.0000 0.0000 0.0000 0.0000 0.0000 0.0000 0.0000
101      101   (0)     13  : 0.0000 0.0000 0.0000 0.0000 0.0000 0.0000 0.0000 0.0000 0.0000 0.0000 0.0000 0.0000 0.6667 0.0000 0.0000 0.0000 0.0000 0.3333 0.0000
102      102   (0)     13  : 0.0000 0.0000 0.0000 0.9073 0.0000 0.0000 0.0000 0.0000 0.0000 0.0000 0.0000 0.0000 0.0000 0.0000 0.0000 0.0000 0.0927 0.0000 0.0000
103      103   (0)     14  : 0.0000 0.0000 0.1742 0.0000 0.0127 0.0336 0.0000 0.0000 0.0000 0.0000 0.1129 0.0000 0.0000 0.0000 0.0000 0.6667 0.0000 0.0000 0.0000
104      104   (0)     14  : 0.0000 0.3877 0.0000 0.0000 0.0000 0.0000 0.0000 0.0000 0.0000 0.0000 0.0000 0.0000 0.6123 0.0000 0.0000 0.0000 0.0000 0.0000 0.0000
105      105   (0)     14  : 0.0000 0.0000 0.0000 0.0000 0.0000 0.1526 0.0000 0.0000 0.0000 0.0000 0.0000 0.0000 0.5141 0.0000 0.0000 0.0000 0.0000 0.3333 0.0000
106      106   (0)     14  : 0.0000 0.0000 0.0000 0.0000 0.0000 0.0000 0.0000 1.0000 0.0000 0.0000 0.0000 0.0000 0.0000 0.0000 0.0000 0.0000 0.0000 0.0000 0.0000
107      107   (0)     14  : 0.0000 0.0000 0.0000 0.0000 1.0000 0.0000 0.0000 0.0000 0.0000 0.0000 0.0000 0.0000 0.0000 0.0000 0.0000 0.0000 0.0000 0.0000 0.0000
108      108   (0)     15  : 0.0000 0.0000 0.0000 0.0000 0.0000 1.0000 0.0000 0.0000 0.0000 0.0000 0.0000 0.0000 0.0000 0.0000 0.0000 0.0000 0.0000 0.0000 0.0000
109      109   (0)     15  : 0.0000 0.5432 0.0000 0.0000 0.0000 0.0000 0.0000 0.4568 0.0000 0.0000 0.0000 0.0000 0.0000 0.0000 0.0000 0.0000 0.0000 0.0000 0.0000
110      110   (0)     15  : 0.0000 1.0000 0.0000 0.0000 0.0000 0.0000 0.0000 0.0000 0.0000 0.0000 0.0000 0.0000 0.0000 0.0000 0.0000 0.0000 0.0000 0.0000 0.0000
111      111   (0)     15  : 0.0000 0.0000 0.0000 0.0000 0.0000 0.0000 0.0000 0.0000 0.0000 0.0000 0.0000 0.0000 0.0000 0.6667 0.0000 0.0000 0.0000 0.3333 0.0000
112      112   (0)     15  : 0.0000 0.0000 0.1040 0.0000 0.0000 0.0323 0.0000 0.0000 0.0000 0.0000 0.1218 0.0000 0.0000 0.0000 0.0000 0.7419 0.0000 0.0000 0.0000
113      113   (0)     15  : 0.0000 1.0000 0.0000 0.0000 0.0000 0.0000 0.0000 0.0000 0.0000 0.0000 0.0000 0.0000 0.0000 0.0000 0.0000 0.0000 0.0000 0.0000 0.0000
114      114   (0)     15  : 0.0000 0.0000 0.0000 0.0000 0.0000 0.0000 0.0000 1.0000 0.0000 0.0000 0.0000 0.0000 0.0000 0.0000 0.0000 0.0000 0.0000 0.0000 0.0000
