1        1   (0)      1  : 0.0000 0.9960 0.0000 0.0040 0.0000 0.0000 0.0000 0.0000 0.0000 0.0000
2        2   (0)      1  : 0.0000 0.6723 0.0000 0.0990 0.0000 0.0000 0.1418 0.0000 0.0000 0.0869
3        3   (0)      1  : 0.0000 0.0000 0.0000 1.0000 0.0000 0.0000 0.0000 0.0000 0.0000 0.0000
4        4   (0)      1  : 0.0000 0.3919 0.0000 0.6081 0.0000 0.0000 0.0000 0.0000 0.0000 0.0000
5        5   (0)      1  : 0.0000 0.6587 0.0000 0.0011 0.0000 0.0000 0.0000 0.0000 0.0000 0.3402
6        6   (0)      1  : 0.0000 0.0000 0.0000 1.0000 0.0000 0.0000 0.0000 0.0000 0.0000 0.0000
7        7   (0)      2  : 0.0000 1.0000 0.0000 0.0000 0.0000 0.0000 0.0000 0.0000 0.0000 0.0000
8        8   (0)      2  : 0.0000 0.0000 0.0000 1.0000 0.0000 0.0000 0.0000 0.0000 0.0000 0.0000
9        9   (0)      2  : 0.0194 0.6613 0.0000 0.0142 0.0273 0.0000 0.0208 0.0000 0.0000 0.2570
10       10   (0)      2  : 0.0000 0.7500 0.0000 0.0000 0.0000 0.0000 0.0000 0.0000 0.0000 0.2500
11       11   (0)      2  : 0.0000 0.0000 0.0000 1.0000 0.0000 0.0000 0.0000 0.0000 0.0000 0.0000
12       12   (0)      2  : 0.0000 0.4651 0.0000 0.5349 0.0000 0.0000 0.0000 0.0000 0.0000 0.0000
13       13   (0)      2  : 0.0000 0.0000 0.0000 0.8493 0.0000 0.0000 0.1507 0.0000 0.0000 0.0000
14       14   (0)      3  : 0.0000 0.0000 0.0000 0.0000 0.0000 0.0000 0.0000 0.8708 0.1292 0.0000
15       15   (0)      3  : 0.1037 0.0000 0.0000 0.0000 0.1306 0.1453 0.0000 0.1460 0.4744 0.0000
16       16   (0)      3  : 0.5000 0.0000 0.0000 0.0000 0.0000 0.2500 0.0000 0.0000 0.2500 0.0000
17       17   (0)      3  : 0.0820 0.0000 0.0000 0.0000 0.1706 0.1308 0.0000 0.3626 0.2541 0.0000
18       18   (0)      3  : 0.2500 0.0000 0.0000 0.0000 0.0000 0.7500 0.0000 0.0000 0.0000 0.0000
19       19   (0)      3  : 0.2500 0.0000 0.0000 0.0000 0.0000 0.6501 0.0000 0.0000 0.0999 0.0000
20       20   (0)      3  : 0.1374 0.0000 0.0652 0.0000 0.4170 0.0635 0.0000 0.0638 0.2532 0.0000
21       21   (0)      3  : 0.5237 0.0000 0.0000 0.0000 0.0000 0.0821 0.0000 0.0000 0.3942 0.0000
22       22   (0)      3  : 0.1574 0.0000 0.0000 0.0000 0.0000 0.3081 0.0000 0.0000 0.5345 0.0000
23       23   (0)      3  : 0.0000 0.0000 0.0000 0.0000 0.0000 0.0000 0.0000 0.0000 1.0000 0.0000
24       24   (0)      3  : 0.0616 0.0000 0.0000 0.0000 0.6029 0.1009 0.0000 0.0000 0.2346 0.0000
25       25   (0)      3  : 0.0000 0.0000 0.0000 0.0000 0.0000 0.0000 1.0000 0.0000 0.0000 0.0000
26       26   (0)      4  : 0.0000 0.2500 0.0000 0.0000 0.0000 0.0000 0.0000 0.0000 0.0000 0.7500
27       27   (0)      4  : 0.0000 0.0000 0.0000 0.0000 0.0466 0.1397 0.0000 0.3071 0.5066 0.0000
28       28   (0)      4  : 0.7500 0.0000 0.0000 0.0000 0.0000 0.2500 0.0000 0.0000 0.0000 0.0000
29       29   (0)      4  : 0.0000 0.9289 0.0000 0.0000 0.0000 0.0000 0.0000 0.0000 0.0000 0.0711
30       30   (0)      4  : 0.0701 0.0000 0.0000 0.0000 0.1484 0.2500 0.0000 0.0000 0.4697 0.0617
31       31   (0)      4  : 0.6499 0.0000 0.0000 0.0000 0.2105 0.1397 0.0000 0.0000 0.0000 0.0000
32       32   (0)      4  : 0.1000 0.3918 0.0000 0.0208 0.0682 0.0936 0.0000 0.1061 0.1071 0.1125
33       33   (0)      4  : 0.0000 0.0000 0.0000 0.0000 0.3201 0.0000 0.0000 0.0000 0.6799 0.0000
34       34   (0)      4  : 0.0000 0.0000 0.0000 0.0000 1.0000 0.0000 0.0000 0.0000 0.0000 0.0000
35       35   (0)      4  : 0.0000 0.0000 0.0000 0.0000 0.5000 0.0000 0.0000 0.2500 0.2500 0.0000
36       36   (0)      4  : 0.1542 0.0000 0.0000 0.0000 0.1799 0.0756 0.0000 0.5439 0.0464 0.0000
37       37   (0)      4  : 0.4166 0.0000 0.0000 0.0000 0.5000 0.0000 0.0000 0.0000 0.0834 0.0000
38       38   (0)      4  : 0.8896 0.0000 0.0000 0.0000 0.0000 0.1104 0.0000 0.0000 0.0000 0.0000
39       39   (0)      4  : 0.0000 1.0000 0.0000 0.0000 0.0000 0.0000 0.0000 0.0000 0.0000 0.0000
40       40   (0)      5  : 0.2076 0.0000 0.0000 0.0000 0.1725 0.1198 0.0000 0.5000 0.0000 0.0000
41       41   (0)      5  : 0.0000 0.0000 0.0000 0.0000 0.0000 0.0000 0.0000 0.0000 1.0000 0.0000
42       42   (0)      5  : 0.3587 0.0000 0.0000 0.0000 0.3511 0.1757 0.0000 0.0000 0.1145 0.0000
43       43   (0)      5  : 0.0000 0.9537 0.0000 0.0000 0.0000 0.0000 0.0000 0.0000 0.0000 0.0463
44       44   (0)      5  : 0.0000 0.0000 0.0000 0.0000 0.0992 0.0000 0.0000 0.0000 0.9008 0.0000
45       45   (0)      5  : 0.2511 0.0000 0.0000 0.0000 0.0974 0.6515 0.0000 0.0000 0.0000 0.0000
46       46   (0)      5  : 0.5000 0.0000 0.0000 0.0000 0.5000 0.0000 0.0000 0.0000 0.0000 0.0000
47       47   (0)      5  : 0.7500 0.0000 0.0000 0.0000 0.0000 0.0000 0.0000 0.2500 0.0000 0.0000
48       48   (0)      5  : 0.3806 0.0000 0.0000 0.0000 0.0000 0.0000 0.0000 0.6194 0.0000 0.0000
49       49   (0)      5  : 0.0000 0.7500 0.0000 0.0000 0.0000 0.0000 0.0000 0.0000 0.0000 0.2500
50       50   (0)      5  : 0.5099 0.0000 0.0000 0.0000 0.0000 0.3566 0.0000 0.0000 0.1335 0.0000
51       51   (0)      5  : 0.0000 1.0000 0.0000 0.0000 0.0000 0.0000 0.0000 0.0000 0.0000 0.0000
52       52   (0)      5  : 0.0000 0.9431 0.0000 0.0000 0.0000 0.0000 0.0000 0.0000 0.0000 0.0569
53       53   (0)      6  : 0.0000 1.0000 0.0000 0.0000 0.0000 0.0000 0.0000 0.0000 0.0000 0.0000
54       54   (0)      6  : 0.2500 0.0000 0.0000 0.0000 0.0000 0.0000 0.0000 0.0000 0.7500 0.0000
55       55   (0)      6  : 0.0000 0.7863 0.0000 0.0594 0.0000 0.0000 0.0844 0.0000 0.0000 0.0699
56       56   (0)      6  : 0.0000 0.0000 1.0000 0.0000 0.0000 0.0000 0.0000 0.0000 0.0000 0.0000
57       57   (0)      6  : 0.0000 0.0000 0.5000 0.0000 0.0000 0.0000 0.5000 0.0000 0.0000 0.0000
58       58   (0)      6  : 0.0000 0.0000 1.0000 0.0000 0.0000 0.0000 0.0000 0.0000 0.0000 0.0000
59       59   (0)      6  : 0.0000 0.0000 0.0000 0.0000 0.0000 0.0000 0.0000 0.7500 0.0000 0.2500
60       60   (0)      6  : 0.0746 0.0000 0.0000 0.0000 0.2048 0.2500 0.0000 0.1248 0.0959 0.2500
61       61   (0)      6  : 0.2403 0.0000 0.0000 0.0000 0.0000 0.0000 0.0000 0.0000 0.7597 0.0000
62       62   (0)      6  : 0.2500 0.0000 0.0000 0.0000 0.0000 0.7500 0.0000 0.0000 0.0000 0.0000
63       63   (0)      6  : 0.0000 0.5528 0.1200 0.0000 0.0000 0.0000 0.0000 0.0000 0.0000 0.3272
64       64   (0)      7  : 0.0000 0.9713 0.0000 0.0000 0.0000 0.0000 0.0000 0.0000 0.0000 0.0287
65       65   (0)      7  : 0.0000 1.0000 0.0000 0.0000 0.0000 0.0000 0.0000 0.0000 0.0000 0.0000
66       66   (0)      7  : 0.0000 0.8646 0.0198 0.0000 0.0000 0.0000 0.0085 0.0000 0.0000 0.1071
67       67   (0)      7  : 0.0000 0.8399 0.0000 0.0574 0.0000 0.0000 0.0370 0.0000 0.0000 0.0657
68       68   (0)      8  : 0.0866 0.0000 0.0626 0.0000 0.0549 0.0133 0.0000 0.6161 0.1665 0.0000
69       69   (0)      8  : 0.1340 0.0000 0.1308 0.0000 0.0696 0.0668 0.0000 0.1653 0.1714 0.2621
70       70   (0)      8  : 0.0000 0.0000 0.0000 0.0000 0.6120 0.1380 0.0000 0.2500 0.0000 0.0000
71       71   (0)      8  : 0.0173 0.0000 0.0204 0.0000 0.3417 0.0125 0.0000 0.3123 0.2958 0.0000
72       72   (0)      8  : 0.0000 0.0000 0.0755 0.0000 0.5329 0.0483 0.0000 0.3112 0.0321 0.0000
73       73   (0)      8  : 0.0000 0.0000 1.0000 0.0000 0.0000 0.0000 0.0000 0.0000 0.0000 0.0000
74       74   (0)      9  : 0.0000 0.7165 0.1496 0.0294 0.0000 0.0000 0.0472 0.0000 0.0000 0.0574
75       75   (0)      9  : 0.0000 0.5420 0.0705 0.0000 0.0000 0.0000 0.0179 0.0000 0.0000 0.3696
76       76   (0)     10  : 0.0000 1.0000 0.0000 0.0000 0.0000 0.0000 0.0000 0.0000 0.0000 0.0000
77       77   (0)     11  : 0.0000 0.8787 0.0000 0.0000 0.0000 0.0000 0.0000 0.0000 0.0000 0.1213
78       78   (0)     12  : 0.0000 1.0000 0.0000 0.0000 0.0000 0.0000 0.0000 0.0000 0.0000 0.0000
79       79   (0)     13  : 0.0000 0.0000 0.2452 0.0000 0.0000 0.0000 0.5888 0.0763 0.0897 0.0000
80       80   (0)     13  : 0.0000 0.0000 0.0000 0.0000 0.7500 0.2500 0.0000 0.0000 0.0000 0.0000
