  1        1   (0)      1 :  0.0000 0.0000 0.0000 1.0000 0.0000 0.0000 0.0000 0.0000 0.0000 0.0000 
  2        2   (0)      2 :  0.0000 0.0000 0.0000 0.0000 0.0250 0.0200 0.0200 0.0000 0.0076 0.9275 
  3        3   (0)      2 :  0.0000 0.0000 0.0000 0.0000 0.0000 0.5167 0.0000 0.4833 0.0000 0.0000 
  4        4   (0)      3 :  0.0000 0.0000 0.0022 0.0000 0.0041 0.4049 0.2592 0.2245 0.0860 0.0191 
  5        5   (0)      3 :  0.0032 0.0000 0.0000 0.0000 0.0000 0.4302 0.2501 0.3039 0.0120 0.0005 
  6        6   (0)      3 :  0.0000 0.0482 0.0000 0.0000 0.0000 0.4400 0.1389 0.3729 0.0000 0.0000 
  7        7   (0)      3 :  0.0000 0.0000 0.8189 0.0000 0.0002 0.0007 0.0111 0.0000 0.0198 0.1494 
  8        8   (0)      3 :  0.0000 0.0167 0.0000 0.0000 0.0027 0.3827 0.2543 0.3230 0.0000 0.0205 
  9        9   (0)      3 :  0.0003 0.0000 0.0000 0.0000 0.0000 0.5142 0.0685 0.4169 0.0000 0.0000 
 10       10   (0)      4 :  0.0000 0.0000 0.0000 0.0000 0.0058 0.4097 0.1707 0.4044 0.0000 0.0094 
 11       11   (0)      4 :  0.5264 0.0000 0.0000 0.0000 0.0000 0.2110 0.0092 0.2534 0.0000 0.0000 
 12       12   (0)      4 :  0.0000 0.0000 0.0000 0.0000 0.0000 0.5591 0.0000 0.4409 0.0000 0.0000 
 13       13   (0)      4 :  0.0007 0.0000 0.0000 0.0000 0.0000 0.1845 0.0000 0.8148 0.0000 0.0000 
 14       14   (0)      5 :  0.0000 0.0000 0.0000 0.0000 0.0117 0.0200 0.1025 0.0000 0.8658 0.0000 
 15       15   (0)      5 :  0.0000 0.0000 1.0000 0.0000 0.0000 0.0000 0.0000 0.0000 0.0000 0.0000 
 16       16   (0)      5 :  0.0000 0.0000 0.0000 0.0000 0.0000 0.0000 0.0000 0.0000 0.0000 1.0000 
 17       17   (0)      5 :  1.0000 0.0000 0.0000 0.0000 0.0000 0.0000 0.0000 0.0000 0.0000 0.0000 
 18       18   (0)      5 :  0.0018 0.0000 0.0000 0.0000 0.0000 0.0593 0.0000 0.9389 0.0000 0.0000 
 19       19   (0)      5 :  1.0000 0.0000 0.0000 0.0000 0.0000 0.0000 0.0000 0.0000 0.0000 0.0000 
 20       20   (0)      5 :  0.0069 0.0000 0.0000 0.0000 0.0000 0.4844 0.0000 0.5087 0.0000 0.0000 
 21       21   (0)      5 :  0.0000 0.0000 0.0000 0.0000 0.0000 0.1260 0.0000 0.8740 0.0000 0.0000 
 22       22   (0)      5 :  1.0000 0.0000 0.0000 0.0000 0.0000 0.0000 0.0000 0.0000 0.0000 0.0000 
 23       23   (0)      5 :  0.0244 0.0000 0.0000 0.0000 0.0000 0.5958 0.0000 0.3798 0.0000 0.0000 
 24       24   (0)      5 :  0.0000 0.0000 1.0000 0.0000 0.0000 0.0000 0.0000 0.0000 0.0000 0.0000 
 25       25   (0)      5 :  0.0000 0.0000 0.0000 0.0000 0.0200 0.0200 0.0756 0.0000 0.8844 0.0000 
 26       26   (0)      5 :  0.0017 0.0000 0.0000 0.0000 0.0000 0.2144 0.0070 0.7769 0.0000 0.0000 
 27       27   (0)      5 :  0.0000 0.0000 1.0000 0.0000 0.0000 0.0000 0.0000 0.0000 0.0000 0.0000 
 28       28   (0)      5 :  0.0000 0.0000 0.7733 0.0000 0.2027 0.0000 0.0000 0.0000 0.0000 0.0240 
 29       29   (0)      6 :  0.0000 0.0000 0.0000 1.0000 0.0000 0.0000 0.0000 0.0000 0.0000 0.0000 
 30       30   (0)      6 :  0.0000 0.9881 0.0000 0.0000 0.0021 0.0000 0.0099 0.0000 0.0000 0.0000 
 31       31   (0)      6 :  0.0000 0.0000 0.0000 0.0000 0.0000 0.7281 0.0000 0.2719 0.0000 0.0000 
 32       32   (0)      6 :  0.1718 0.0000 0.0000 0.0000 0.0134 0.3843 0.1802 0.2457 0.0000 0.0046 
 33       33   (0)      6 :  0.0000 0.0000 0.0000 0.3262 0.2879 0.0000 0.3800 0.0000 0.0000 0.0059 
 34       34   (0)      6 :  0.0000 0.0000 0.0000 0.0000 0.0000 0.0218 0.0473 0.0000 0.9309 0.0000 
 35       35   (0)      6 :  0.0000 0.0000 0.0000 1.0000 0.0000 0.0000 0.0000 0.0000 0.0000 0.0000 
 36       36   (0)      6 :  0.0000 0.0000 0.0000 1.0000 0.0000 0.0000 0.0000 0.0000 0.0000 0.0000 
 37       37   (0)      7 :  0.0000 0.9800 0.0000 0.0000 0.0000 0.0000 0.0200 0.0000 0.0000 0.0000 
 38       38   (0)      7 :  1.0000 0.0000 0.0000 0.0000 0.0000 0.0000 0.0000 0.0000 0.0000 0.0000 
 39       39   (0)      7 :  0.0000 0.0000 0.0000 0.0000 0.0000 0.0133 0.0320 0.0000 0.9547 0.0000 
 40       40   (0)      7 :  0.0000 0.0000 0.0000 0.0000 0.0000 0.0000 0.0658 0.0000 0.9342 0.0000 
 41       41   (0)      7 :  1.0000 0.0000 0.0000 0.0000 0.0000 0.0000 0.0000 0.0000 0.0000 0.0000 
 42       42   (0)      7 :  0.0000 0.0000 0.0000 0.0000 0.0000 0.0200 0.0815 0.0000 0.8985 0.0000 
 43       43   (0)      7 :  1.0000 0.0000 0.0000 0.0000 0.0000 0.0000 0.0000 0.0000 0.0000 0.0000 
 44       44   (0)      7 :  0.0000 0.0000 0.0000 0.0000 0.0000 0.0000 0.0000 0.0000 0.0000 1.0000 
 45       45   (0)      7 :  0.0000 0.0000 0.0000 0.0000 0.0000 0.6213 0.0200 0.3587 0.0000 0.0000 
 46       46   (0)      7 :  0.0000 0.0000 0.0000 1.0000 0.0000 0.0000 0.0000 0.0000 0.0000 0.0000 
 47       47   (0)      7 :  0.0000 0.0000 0.0000 0.0000 0.0000 0.0455 0.0000 0.9545 0.0000 0.0000 
 48       48   (0)      7 :  0.0000 0.0000 0.0000 0.9923 0.0034 0.0000 0.0044 0.0000 0.0000 0.0000 
 49       49   (0)      7 :  0.0000 0.9600 0.0000 0.0000 0.0000 0.0200 0.0200 0.0000 0.0000 0.0000 
 50       50   (0)      7 :  0.0000 0.0000 0.0000 0.0000 0.0000 0.0045 0.0000 0.0181 0.0000 0.9774 
 51       51   (0)      7 :  0.0000 0.9713 0.0000 0.0000 0.0000 0.0000 0.0287 0.0000 0.0000 0.0000 
 52       52   (0)      7 :  0.0000 0.0000 1.0000 0.0000 0.0000 0.0000 0.0000 0.0000 0.0000 0.0000 
 53       53   (0)      7 :  0.0000 0.0000 0.0000 0.0000 0.0000 0.2670 0.0000 0.7330 0.0000 0.0000 
 54       54   (0)      7 :  0.0000 0.0000 0.0000 0.0000 0.0000 0.2843 0.0000 0.7157 0.0000 0.0000 
 55       55   (0)      7 :  0.0264 0.0000 0.0000 0.0000 0.0000 0.3507 0.0000 0.6229 0.0000 0.0000 
 56       56   (0)      7 :  0.0000 0.0000 0.0000 0.0000 0.0000 0.4018 0.0000 0.5982 0.0000 0.0000 
 57       57   (0)      8 :  0.0000 0.0000 0.0000 0.0000 0.0200 0.0223 0.1470 0.0000 0.8107 0.0000 
 58       58   (0)      8 :  0.0000 0.0000 1.0000 0.0000 0.0000 0.0000 0.0000 0.0000 0.0000 0.0000 
 59       59   (0)      8 :  0.0000 0.0000 0.0000 0.0000 0.0000 0.0997 0.0000 0.9003 0.0000 0.0000 
 60       60   (0)      8 :  0.0000 0.0000 0.0000 0.0000 0.0102 0.0200 0.0478 0.0000 0.9220 0.0000 
 61       61   (0)      8 :  0.0000 0.0000 0.0000 0.0000 0.0000 0.0261 0.1200 0.0000 0.8539 0.0000 
 62       62   (0)      8 :  0.0000 1.0000 0.0000 0.0000 0.0000 0.0000 0.0000 0.0000 0.0000 0.0000 
 63       63   (0)      8 :  0.0000 0.0000 0.0000 0.0000 0.0000 0.0200 0.0825 0.0000 0.8975 0.0000 
 64       64   (0)      8 :  0.0000 0.0000 0.0000 0.0000 0.0000 0.3613 0.0200 0.6187 0.0000 0.0000 
 65       65   (0)      8 :  0.0000 0.0000 0.0000 1.0000 0.0000 0.0000 0.0000 0.0000 0.0000 0.0000 
 66       66   (0)      8 :  0.0000 0.0000 0.0000 0.0000 0.0000 0.2978 0.0000 0.7022 0.0000 0.0000 
 67       67   (0)      8 :  0.0000 0.0000 0.0000 0.0000 0.0000 0.4502 0.0489 0.5009 0.0000 0.0000 
 68       68   (0)      8 :  0.0000 0.0000 0.0000 0.0000 0.0000 0.1231 0.0000 0.8769 0.0000 0.0000 
 69       69   (0)      8 :  0.0000 0.0000 0.0000 1.0000 0.0000 0.0000 0.0000 0.0000 0.0000 0.0000 
 70       70   (0)      8 :  0.0000 0.0000 0.0000 0.0000 0.0094 0.0200 0.1261 0.0000 0.8445 0.0000 
 71       71   (0)      8 :  0.0000 0.0000 0.0000 1.0000 0.0000 0.0000 0.0000 0.0000 0.0000 0.0000 
 72       72   (0)      8 :  0.0000 0.9800 0.0000 0.0000 0.0000 0.0200 0.0000 0.0000 0.0000 0.0000 
 73       73   (0)      8 :  0.7479 0.0000 0.0000 0.0000 0.0000 0.0692 0.0000 0.1829 0.0000 0.0000 
 74       74   (0)      8 :  0.0000 0.0000 0.0000 0.0000 0.0000 0.3030 0.0200 0.6770 0.0000 0.0000 
 75       75   (0)      8 :  0.0000 0.0000 0.0000 0.0000 0.0000 0.0462 0.0000 0.9538 0.0000 0.0000 
 76       76   (0)      8 :  0.0000 0.0000 0.0000 0.9696 0.0067 0.0000 0.0237 0.0000 0.0000 0.0000 
 77       77   (0)      8 :  0.0070 0.0000 0.0000 0.0000 0.0000 0.3713 0.0648 0.5568 0.0000 0.0000 
 78       78   (0)      9 :  0.0000 0.0000 0.0000 0.0000 0.0097 0.0200 0.1348 0.0000 0.8355 0.0000 
 79       79   (0)      9 :  0.0000 0.0000 0.0000 0.0000 0.0000 0.0200 0.1128 0.0000 0.8672 0.0000 
 80       80   (0)      9 :  0.0000 0.9400 0.0000 0.0000 0.0000 0.0200 0.0400 0.0000 0.0000 0.0000 
 81       81   (0)      9 :  0.0000 0.0000 0.0000 0.0000 0.0094 0.0200 0.1371 0.0000 0.8334 0.0000 
 82       82   (0)      9 :  0.0000 0.0000 0.0000 1.0000 0.0000 0.0000 0.0000 0.0000 0.0000 0.0000 
 83       83   (0)      9 :  0.0060 0.0000 0.0000 0.0000 0.0190 0.3390 0.1938 0.4187 0.0000 0.0234 
 84       84   (0)      9 :  0.0000 0.0000 0.0160 0.0000 0.8180 0.0000 0.0000 0.0000 0.0000 0.1660 
 85       85   (0)      9 :  0.0000 0.0000 0.0000 0.0000 0.0000 0.2568 0.0000 0.7432 0.0000 0.0000 
 86       86   (0)      9 :  0.0000 0.0000 0.0000 0.0000 0.0000 0.2867 0.0000 0.7133 0.0000 0.0000 
 87       87   (0)      9 :  0.0000 0.0000 0.0000 0.0000 0.0000 0.2883 0.0000 0.7117 0.0000 0.0000 
 88       88   (0)      9 :  0.0000 0.0000 0.0000 0.0000 0.0000 0.0179 0.1000 0.0000 0.8821 0.0000 
 89       89   (0)      9 :  0.0000 0.0000 0.0000 0.0000 0.0085 0.0073 0.0662 0.0000 0.9180 0.0000 
 90       90   (0)      9 :  0.3142 0.0000 0.0000 0.0000 0.0000 0.3721 0.0000 0.3137 0.0000 0.0000 
 91       91   (0)      9 :  0.0000 0.9913 0.0000 0.0000 0.0000 0.0000 0.0087 0.0000 0.0000 0.0000 
 92       92   (0)     10 :  0.0000 0.0000 0.0000 0.0000 0.0281 0.0642 0.1046 0.0102 0.2565 0.5364 
 93       93   (0)     11 :  0.0000 0.0000 0.0073 0.0801 0.0200 0.0523 0.0348 0.0157 0.0000 0.7899 
 94       94   (0)     11 :  0.0000 0.0000 0.8792 0.0000 0.1208 0.0000 0.0000 0.0000 0.0000 0.0000 
 95       95   (0)     11 :  0.0000 0.0000 0.0442 0.0000 0.7600 0.0000 0.0000 0.0000 0.0000 0.1958 
 96       96   (0)     12 :  0.0000 0.0000 1.0000 0.0000 0.0000 0.0000 0.0000 0.0000 0.0000 0.0000 
 97       97   (0)     12 :  0.0000 0.0000 1.0000 0.0000 0.0000 0.0000 0.0000 0.0000 0.0000 0.0000 
 98       98   (0)     12 :  0.0000 0.0000 1.0000 0.0000 0.0000 0.0000 0.0000 0.0000 0.0000 0.0000 
 99       99   (0)     12 :  0.0000 0.0000 1.0000 0.0000 0.0000 0.0000 0.0000 0.0000 0.0000 0.0000 
100      100   (0)     12 :  0.0000 0.0000 0.0000 1.0000 0.0000 0.0000 0.0000 0.0000 0.0000 0.0000 
101      101   (0)     13 :  0.0000 0.0000 0.0000 1.0000 0.0000 0.0000 0.0000 0.0000 0.0000 0.0000 
102      102   (0)     13 :  0.0000 0.0000 1.0000 0.0000 0.0000 0.0000 0.0000 0.0000 0.0000 0.0000 
103      103   (0)     14 :  0.0000 0.0251 0.0000 0.0000 0.0200 0.0167 0.1493 0.0000 0.7238 0.0651 
104      104   (0)     14 :  0.0000 0.0000 0.0000 1.0000 0.0000 0.0000 0.0000 0.0000 0.0000 0.0000 
105      105   (0)     14 :  0.0000 0.0144 0.0048 0.7282 0.0065 0.0048 0.0091 0.0000 0.0037 0.2285 
106      106   (0)     14 :  0.0000 0.0000 0.0000 0.3986 0.2214 0.0000 0.3800 0.0000 0.0000 0.0000 
107      107   (0)     14 :  0.0000 0.9800 0.0000 0.0000 0.0000 0.0000 0.0200 0.0000 0.0000 0.0000 
108      108   (0)     15 :  0.0000 0.0000 0.0000 0.0000 0.0000 0.0000 0.0000 0.0000 0.0000 1.0000 
109      109   (0)     15 :  0.0000 0.0000 0.0000 0.7114 0.0989 0.0000 0.1897 0.0000 0.0000 0.0000 
110      110   (0)     15 :  0.0000 0.0000 0.0000 1.0000 0.0000 0.0000 0.0000 0.0000 0.0000 0.0000 
111      111   (0)     15 :  0.0000 0.0000 0.0000 0.0000 0.0000 0.5768 0.0033 0.4199 0.0000 0.0000 
112      112   (0)     15 :  0.0000 0.0000 0.1719 0.0000 0.0220 0.0183 0.1562 0.0000 0.5513 0.0802 
113      113   (0)     15 :  0.0000 0.0000 0.0096 0.9904 0.0000 0.0000 0.0000 0.0000 0.0000 0.0000 
114      114   (0)     15 :  0.0000 0.0000 0.0243 0.3583 0.2374 0.0000 0.3800 0.0000 0.0000 0.0000 
