 1        1   (0)      1 :  0.0178 0.9738 0.0000 0.0000 0.0084 0.0000 
 2        2   (0)      1 :  0.0589 0.7306 0.1180 0.0000 0.0925 0.0000 
 3        3   (0)      1 :  0.0000 0.0353 0.0047 0.0000 0.9600 0.0000 
 4        4   (0)      1 :  0.0145 0.3923 0.0035 0.0000 0.5897 0.0000 
 5        5   (0)      1 :  0.0414 0.9519 0.0000 0.0000 0.0067 0.0000 
 6        6   (0)      1 :  0.0000 0.0345 0.0055 0.0000 0.9600 0.0000 
 7        7   (0)      2 :  0.0200 0.9800 0.0000 0.0000 0.0000 0.0000 
 8        8   (0)      2 :  0.0000 0.0336 0.0064 0.0000 0.9600 0.0000 
 9        9   (0)      2 :  0.0757 0.8247 0.0174 0.0210 0.0320 0.0292 
10       10   (0)      2 :  0.0200 0.9800 0.0000 0.0000 0.0000 0.0000 
11       11   (0)      2 :  0.0000 0.0391 0.0009 0.0000 0.9600 0.0000 
12       12   (0)      2 :  0.0091 0.4731 0.0000 0.0000 0.5178 0.0000 
13       13   (0)      2 :  0.0265 0.0283 0.1370 0.0000 0.8082 0.0000 
14       14   (0)      3 :  0.1415 0.0000 0.0000 0.6551 0.0043 0.1991 
15       15   (0)      3 :  0.1650 0.0000 0.0000 0.3982 0.0000 0.4368 
16       16   (0)      3 :  0.1632 0.0000 0.0000 0.4366 0.0000 0.4002 
17       17   (0)      3 :  0.2267 0.0000 0.0000 0.4756 0.0017 0.2960 
18       18   (0)      3 :  0.2774 0.0000 0.0000 0.1956 0.0000 0.5270 
19       19   (0)      3 :  0.3310 0.0000 0.0000 0.2298 0.0000 0.4392 
20       20   (0)      3 :  0.1883 0.0000 0.0594 0.3152 0.0063 0.4309 
21       21   (0)      3 :  0.1100 0.0000 0.0000 0.2999 0.0031 0.5870 
22       22   (0)      3 :  0.1260 0.0000 0.0000 0.4166 0.0000 0.4573 
23       23   (0)      3 :  0.1883 0.0000 0.0000 0.2027 0.0000 0.6090 
24       24   (0)      3 :  0.2297 0.0000 0.0000 0.2103 0.0000 0.5601 
25       25   (0)      3 :  0.1800 0.0000 0.8200 0.0000 0.0000 0.0000 
26       26   (0)      4 :  0.0693 0.9307 0.0000 0.0000 0.0000 0.0000 
27       27   (0)      4 :  0.1709 0.0000 0.0000 0.3576 0.0200 0.4514 
28       28   (0)      4 :  0.1587 0.0000 0.0000 0.2835 0.0049 0.5529 
29       29   (0)      4 :  0.0250 0.9750 0.0000 0.0000 0.0000 0.0000 
30       30   (0)      4 :  0.1477 0.0000 0.0000 0.6407 0.0000 0.2115 
31       31   (0)      4 :  0.0947 0.0000 0.0000 0.2670 0.0000 0.6383 
32       32   (0)      4 :  0.1145 0.4626 0.0002 0.2273 0.0220 0.1734 
33       33   (0)      4 :  0.1906 0.0000 0.0000 0.4531 0.0000 0.3563 
34       34   (0)      4 :  0.2013 0.0000 0.0000 0.5179 0.0201 0.2607 
35       35   (0)      4 :  0.1307 0.0000 0.0000 0.3850 0.0200 0.4643 
36       36   (0)      4 :  0.0539 0.0000 0.0000 0.6549 0.0000 0.2912 
37       37   (0)      4 :  0.1950 0.0000 0.0000 0.4213 0.0000 0.3837 
38       38   (0)      4 :  0.0991 0.0000 0.0000 0.3383 0.0042 0.5584 
39       39   (0)      4 :  0.0200 0.9800 0.0000 0.0000 0.0000 0.0000 
40       40   (0)      5 :  0.1673 0.0000 0.0000 0.5799 0.0067 0.2461 
41       41   (0)      5 :  0.1397 0.0000 0.0000 0.1863 0.0200 0.6541 
42       42   (0)      5 :  0.2244 0.0000 0.0000 0.3495 0.0000 0.4261 
43       43   (0)      5 :  0.0224 0.9776 0.0000 0.0000 0.0000 0.0000 
44       44   (0)      5 :  0.1774 0.0000 0.0000 0.2732 0.0000 0.5494 
45       45   (0)      5 :  0.2375 0.0000 0.0000 0.5243 0.0069 0.2313 
46       46   (0)      5 :  0.1309 0.0000 0.0000 0.1072 0.0046 0.7572 
47       47   (0)      5 :  0.0828 0.0000 0.0000 0.0599 0.0200 0.8373 
48       48   (0)      5 :  0.2400 0.0000 0.0000 0.5303 0.0200 0.2097 
49       49   (0)      5 :  0.0400 0.9600 0.0000 0.0000 0.0000 0.0000 
50       50   (0)      5 :  0.1346 0.0000 0.0000 0.3464 0.0000 0.5189 
51       51   (0)      5 :  0.0388 0.9612 0.0000 0.0000 0.0000 0.0000 
52       52   (0)      5 :  0.0600 0.9400 0.0000 0.0000 0.0000 0.0000 
53       53   (0)      6 :  0.0400 0.9600 0.0000 0.0000 0.0000 0.0000 
54       54   (0)      6 :  0.2096 0.0000 0.0000 0.2934 0.0045 0.4925 
55       55   (0)      6 :  0.0695 0.8074 0.0569 0.0000 0.0662 0.0000 
56       56   (0)      6 :  0.0000 0.0000 1.0000 0.0000 0.0000 0.0000 
57       57   (0)      6 :  0.0200 0.0000 0.9800 0.0000 0.0000 0.0000 
58       58   (0)      6 :  0.0000 0.0000 1.0000 0.0000 0.0000 0.0000 
59       59   (0)      6 :  0.2875 0.0052 0.0463 0.5318 0.0200 0.1092 
60       60   (0)      6 :  0.1031 0.0000 0.0000 0.6262 0.0061 0.2645 
61       61   (0)      6 :  0.1466 0.0000 0.0000 0.2021 0.0065 0.6449 
62       62   (0)      6 :  0.3119 0.0000 0.0000 0.2238 0.0034 0.4609 
63       63   (0)      6 :  0.0873 0.7675 0.0992 0.0068 0.0271 0.0121 
64       64   (0)      7 :  0.0037 0.9963 0.0000 0.0000 0.0000 0.0000 
65       65   (0)      7 :  0.0200 0.9800 0.0000 0.0000 0.0000 0.0000 
66       66   (0)      7 :  0.0529 0.9242 0.0229 0.0000 0.0000 0.0000 
67       67   (0)      7 :  0.0603 0.8520 0.0286 0.0000 0.0590 0.0000 
68       68   (0)      8 :  0.2313 0.0000 0.0809 0.2876 0.0011 0.3991 
69       69   (0)      8 :  0.1963 0.0354 0.1413 0.2688 0.0057 0.3526 
70       70   (0)      8 :  0.1039 0.0000 0.0000 0.8356 0.0067 0.0539 
71       71   (0)      8 :  0.1962 0.0179 0.0223 0.4657 0.0024 0.2955 
72       72   (0)      8 :  0.1657 0.0000 0.0998 0.6475 0.0077 0.0794 
73       73   (0)      8 :  0.0000 0.0000 1.0000 0.0000 0.0000 0.0000 
74       74   (0)      9 :  0.0808 0.7259 0.1194 0.0117 0.0496 0.0126 
75       75   (0)      9 :  0.0936 0.8137 0.0708 0.0220 0.0000 0.0000 
76       76   (0)     10 :  0.0400 0.9600 0.0000 0.0000 0.0000 0.0000 
77       77   (0)     11 :  0.0400 0.9600 0.0000 0.0000 0.0000 0.0000 
78       78   (0)     12 :  0.0200 0.9800 0.0000 0.0000 0.0000 0.0000 
79       79   (0)     13 :  0.2473 0.0000 0.5073 0.0999 0.0034 0.1421 
80       80   (0)     13 :  0.1800 0.0000 0.0000 0.7185 0.0200 0.0815 
