  1        1   (0)      1 :  0.0000 1.0000 0.0000 0.0000 
  2        2   (0)      2 :  0.4143 0.2701 0.2865 0.0291 
  3        3   (0)      2 :  0.0000 0.0000 0.0000 1.0000 
  4        4   (0)      3 :  0.1667 0.0134 0.0325 0.7874 
  5        5   (0)      3 :  0.0618 0.0000 0.0057 0.9325 
  6        6   (0)      3 :  0.0129 0.0000 0.0231 0.9640 
  7        7   (0)      3 :  0.0946 0.3069 0.5985 0.0000 
  8        8   (0)      3 :  0.0490 0.0067 0.0494 0.8948 
  9        9   (0)      3 :  0.0000 0.0000 0.0000 1.0000 
 10       10   (0)      4 :  0.0000 0.0000 0.0157 0.9843 
 11       11   (0)      4 :  0.0809 0.0000 0.0793 0.8398 
 12       12   (0)      4 :  0.0000 0.0000 0.0000 1.0000 
 13       13   (0)      4 :  0.0000 0.0000 0.0000 1.0000 
 14       14   (0)      5 :  1.0000 0.0000 0.0000 0.0000 
 15       15   (0)      5 :  0.0000 0.3400 0.6600 0.0000 
 16       16   (0)      5 :  0.2429 0.3518 0.3787 0.0266 
 17       17   (0)      5 :  0.1921 0.0000 0.1519 0.6560 
 18       18   (0)      5 :  0.0000 0.0000 0.0000 1.0000 
 19       19   (0)      5 :  0.1985 0.0000 0.1492 0.6523 
 20       20   (0)      5 :  0.0000 0.0000 0.0000 1.0000 
 21       21   (0)      5 :  0.0000 0.0000 0.0000 1.0000 
 22       22   (0)      5 :  0.1641 0.0000 0.1589 0.6771 
 23       23   (0)      5 :  0.0000 0.0000 0.0002 0.9998 
 24       24   (0)      5 :  0.0000 0.3400 0.6600 0.0000 
 25       25   (0)      5 :  1.0000 0.0000 0.0000 0.0000 
 26       26   (0)      5 :  0.0000 0.0000 0.0000 1.0000 
 27       27   (0)      5 :  0.0000 0.3400 0.6600 0.0000 
 28       28   (0)      5 :  0.0000 0.3400 0.6600 0.0000 
 29       29   (0)      6 :  0.0000 1.0000 0.0000 0.0000 
 30       30   (0)      6 :  0.4477 0.0227 0.3509 0.1787 
 31       31   (0)      6 :  0.0000 0.0000 0.0000 1.0000 
 32       32   (0)      6 :  0.0184 0.0159 0.0385 0.9271 
 33       33   (0)      6 :  0.0000 0.9667 0.0333 0.0000 
 34       34   (0)      6 :  1.0000 0.0000 0.0000 0.0000 
 35       35   (0)      6 :  0.0000 1.0000 0.0000 0.0000 
 36       36   (0)      6 :  0.0000 1.0000 0.0000 0.0000 
 37       37   (0)      7 :  0.5097 0.0000 0.3400 0.1503 
 38       38   (0)      7 :  0.2209 0.0000 0.1477 0.6314 
 39       39   (0)      7 :  1.0000 0.0000 0.0000 0.0000 
 40       40   (0)      7 :  1.0000 0.0000 0.0000 0.0000 
 41       41   (0)      7 :  0.1445 0.0000 0.1407 0.7148 
 42       42   (0)      7 :  1.0000 0.0000 0.0000 0.0000 
 43       43   (0)      7 :  0.1828 0.0000 0.1600 0.6571 
 44       44   (0)      7 :  0.0611 0.3664 0.3057 0.2668 
 45       45   (0)      7 :  0.0000 0.0000 0.0000 1.0000 
 46       46   (0)      7 :  0.0000 1.0000 0.0000 0.0000 
 47       47   (0)      7 :  0.0000 0.0000 0.0000 1.0000 
 48       48   (0)      7 :  0.0000 1.0000 0.0000 0.0000 
 49       49   (0)      7 :  0.4803 0.0000 0.3400 0.1797 
 50       50   (0)      7 :  0.1391 0.1417 0.3123 0.4069 
 51       51   (0)      7 :  0.4918 0.0000 0.3400 0.1682 
 52       52   (0)      7 :  0.0000 0.3400 0.6600 0.0000 
 53       53   (0)      7 :  0.0000 0.0000 0.0000 1.0000 
 54       54   (0)      7 :  0.0000 0.0000 0.0000 1.0000 
 55       55   (0)      7 :  0.0000 0.0000 0.0000 1.0000 
 56       56   (0)      7 :  0.0000 0.0000 0.0000 1.0000 
 57       57   (0)      8 :  1.0000 0.0000 0.0000 0.0000 
 58       58   (0)      8 :  0.0000 0.3400 0.6600 0.0000 
 59       59   (0)      8 :  0.0000 0.0000 0.0000 1.0000 
 60       60   (0)      8 :  1.0000 0.0000 0.0000 0.0000 
 61       61   (0)      8 :  1.0000 0.0000 0.0000 0.0000 
 62       62   (0)      8 :  0.4868 0.0000 0.3400 0.1732 
 63       63   (0)      8 :  1.0000 0.0000 0.0000 0.0000 
 64       64   (0)      8 :  0.0000 0.0000 0.0000 1.0000 
 65       65   (0)      8 :  0.0000 1.0000 0.0000 0.0000 
 66       66   (0)      8 :  0.0000 0.0000 0.0000 1.0000 
 67       67   (0)      8 :  0.0000 0.0000 0.0000 1.0000 
 68       68   (0)      8 :  0.0000 0.0000 0.0000 1.0000 
 69       69   (0)      8 :  0.0000 1.0000 0.0000 0.0000 
 70       70   (0)      8 :  1.0000 0.0000 0.0000 0.0000 
 71       71   (0)      8 :  0.0000 1.0000 0.0000 0.0000 
 72       72   (0)      8 :  0.4857 0.0000 0.3400 0.1743 
 73       73   (0)      8 :  0.1211 0.0000 0.1093 0.7696 
 74       74   (0)      8 :  0.0000 0.0000 0.0000 1.0000 
 75       75   (0)      8 :  0.0000 0.0000 0.0000 1.0000 
 76       76   (0)      8 :  0.0000 1.0000 0.0000 0.0000 
 77       77   (0)      8 :  0.0000 0.0000 0.0000 1.0000 
 78       78   (0)      9 :  1.0000 0.0000 0.0000 0.0000 
 79       79   (0)      9 :  1.0000 0.0000 0.0000 0.0000 
 80       80   (0)      9 :  0.5139 0.0000 0.3400 0.1461 
 81       81   (0)      9 :  1.0000 0.0000 0.0000 0.0000 
 82       82   (0)      9 :  0.0000 1.0000 0.0000 0.0000 
 83       83   (0)      9 :  0.0000 0.0035 0.0176 0.9789 
 84       84   (0)      9 :  0.0013 0.5941 0.3550 0.0496 
 85       85   (0)      9 :  0.0000 0.0000 0.0000 1.0000 
 86       86   (0)      9 :  0.0000 0.0000 0.0000 1.0000 
 87       87   (0)      9 :  0.0000 0.0000 0.0000 1.0000 
 88       88   (0)      9 :  1.0000 0.0000 0.0000 0.0000 
 89       89   (0)      9 :  1.0000 0.0000 0.0000 0.0000 
 90       90   (0)      9 :  0.0407 0.0000 0.0431 0.9162 
 91       91   (0)      9 :  0.4988 0.0000 0.3400 0.1612 
 92       92   (0)     10 :  0.4545 0.1016 0.1811 0.2628 
 93       93   (0)     11 :  0.0143 0.4197 0.1770 0.3890 
 94       94   (0)     11 :  0.0000 0.3400 0.6600 0.0000 
 95       95   (0)     11 :  0.0471 0.4204 0.4897 0.0428 
 96       96   (0)     12 :  0.0000 0.3400 0.6600 0.0000 
 97       97   (0)     12 :  0.0000 0.3400 0.6600 0.0000 
 98       98   (0)     12 :  0.0000 0.3400 0.6600 0.0000 
 99       99   (0)     12 :  0.0000 0.3400 0.6600 0.0000 
100      100   (0)     12 :  0.0000 1.0000 0.0000 0.0000 
101      101   (0)     13 :  0.0000 1.0000 0.0000 0.0000 
102      102   (0)     13 :  0.0000 0.3400 0.6600 0.0000 
103      103   (0)     14 :  0.9573 0.0000 0.0427 0.0000 
104      104   (0)     14 :  0.0000 1.0000 0.0000 0.0000 
105      105   (0)     14 :  0.1030 0.8200 0.0735 0.0035 
106      106   (0)     14 :  0.0000 1.0000 0.0000 0.0000 
107      107   (0)     14 :  0.4886 0.0000 0.3400 0.1714 
108      108   (0)     15 :  0.2382 0.4133 0.3378 0.0107 
109      109   (0)     15 :  0.0000 1.0000 0.0000 0.0000 
110      110   (0)     15 :  0.0000 1.0000 0.0000 0.0000 
111      111   (0)     15 :  0.0000 0.0000 0.0000 1.0000 
112      112   (0)     15 :  0.7552 0.0823 0.1620 0.0005 
113      113   (0)     15 :  0.0000 0.9991 0.0009 0.0000 
114      114   (0)     15 :  0.0000 0.9427 0.0573 0.0000 
