1        1   (0)      1  : 0.0000 0.7424 0.0000 0.0000 0.0000 0.0000 0.0000 0.0000 0.0000 0.0000 0.0000 0.0000 0.0000 0.2576 0.0000 0.0000
2        2   (0)      2  : 0.0000 0.0000 0.0000 0.0000 0.0000 0.6250 0.0000 0.0000 0.0000 0.0000 0.0000 0.0000 0.3750 0.0000 0.0000 0.0000
3        3   (0)      2  : 0.8277 0.0000 0.0000 0.0000 0.0000 0.0000 0.0000 0.0000 0.0000 0.0000 0.0000 0.1250 0.0000 0.0000 0.0000 0.0473
4        4   (0)      3  : 0.1000 0.0000 0.0172 0.0000 0.0000 0.0000 0.0000 0.0000 0.7747 0.0000 0.0935 0.0000 0.0000 0.0000 0.0000 0.0146
5        5   (0)      3  : 0.0000 0.0000 0.0000 0.0000 0.0000 0.0000 0.0000 0.0000 0.8750 0.0000 0.0000 0.1250 0.0000 0.0000 0.0000 0.0000
6        6   (0)      3  : 0.0248 0.0000 0.0000 0.0000 0.0028 0.0000 0.0000 0.0000 0.9540 0.0000 0.0000 0.0000 0.0000 0.0000 0.0099 0.0085
7        7   (0)      3  : 0.0000 0.0000 0.0000 0.6915 0.0000 0.1050 0.0000 0.0000 0.0000 0.0006 0.0000 0.0000 0.0779 0.0000 0.0000 0.1250
8        8   (0)      3  : 0.1179 0.0000 0.0000 0.0000 0.0018 0.0198 0.0000 0.0000 0.5677 0.0000 0.0000 0.2740 0.0188 0.0000 0.0000 0.0000
9        9   (0)      3  : 0.2991 0.0000 0.0000 0.0000 0.0000 0.0000 0.0000 0.0000 0.6305 0.0000 0.0000 0.0343 0.0000 0.0000 0.0000 0.0361
10       10   (0)      4  : 0.0412 0.0000 0.0000 0.0000 0.0000 0.0000 0.0000 0.0000 0.9588 0.0000 0.0000 0.0000 0.0000 0.0000 0.0000 0.0000
11       11   (0)      4  : 0.3480 0.0000 0.0000 0.0000 0.0000 0.0000 0.3499 0.0000 0.0000 0.0000 0.0000 0.0593 0.0000 0.0000 0.1622 0.0805
12       12   (0)      4  : 0.8364 0.0000 0.0000 0.0000 0.0000 0.0000 0.0000 0.0000 0.0185 0.0000 0.0000 0.1451 0.0000 0.0000 0.0000 0.0000
13       13   (0)      4  : 0.2343 0.0000 0.0000 0.0000 0.0000 0.0000 0.0000 0.0000 0.2986 0.0000 0.0000 0.2130 0.0000 0.0000 0.0000 0.2541
14       14   (0)      5  : 0.0000 0.0000 0.2893 0.0000 0.0000 0.0000 0.0000 0.0000 0.0000 0.0000 0.5857 0.0000 0.0000 0.0000 0.0000 0.1250
15       15   (0)      5  : 0.0000 0.0000 0.0000 1.0000 0.0000 0.0000 0.0000 0.0000 0.0000 0.0000 0.0000 0.0000 0.0000 0.0000 0.0000 0.0000
16       16   (0)      5  : 0.0000 0.0000 0.0000 0.0000 0.0000 0.8750 0.0000 0.0000 0.0000 0.0000 0.0000 0.0000 0.1250 0.0000 0.0000 0.0000
17       17   (0)      5  : 0.0000 0.0000 0.0000 0.0000 0.0000 0.0000 0.6250 0.0000 0.0000 0.0000 0.0000 0.0000 0.0000 0.0000 0.3750 0.0000
18       18   (0)      5  : 0.0701 0.0000 0.0000 0.0000 0.0000 0.0000 0.0000 0.0000 0.0000 0.0000 0.0000 0.8009 0.0000 0.0000 0.0000 0.1290
19       19   (0)      5  : 0.0000 0.0000 0.0000 0.0000 0.0000 0.0000 0.5610 0.0000 0.0000 0.0000 0.0000 0.0000 0.0000 0.0000 0.4390 0.0000
20       20   (0)      5  : 0.6931 0.0000 0.0000 0.0000 0.0000 0.0000 0.0063 0.0000 0.0000 0.0000 0.0000 0.2972 0.0000 0.0000 0.0025 0.0010
21       21   (0)      5  : 0.1807 0.0000 0.0000 0.0000 0.0000 0.0000 0.0000 0.0000 0.0253 0.0000 0.0000 0.5440 0.0000 0.0000 0.0000 0.2500
22       22   (0)      5  : 0.0000 0.0000 0.0000 0.0000 0.0000 0.0000 0.9348 0.0000 0.0000 0.0000 0.0000 0.0000 0.0000 0.0000 0.0652 0.0000
23       23   (0)      5  : 1.0000 0.0000 0.0000 0.0000 0.0000 0.0000 0.0000 0.0000 0.0000 0.0000 0.0000 0.0000 0.0000 0.0000 0.0000 0.0000
24       24   (0)      5  : 0.0000 0.0000 0.0000 1.0000 0.0000 0.0000 0.0000 0.0000 0.0000 0.0000 0.0000 0.0000 0.0000 0.0000 0.0000 0.0000
25       25   (0)      5  : 0.0000 0.0000 0.1513 0.0000 0.0000 0.0000 0.0000 0.0000 0.0000 0.0000 0.7237 0.0000 0.0000 0.0000 0.0000 0.1250
26       26   (0)      5  : 0.1415 0.0000 0.0000 0.0000 0.0000 0.0000 0.0006 0.0000 0.0000 0.0000 0.0000 0.8388 0.0000 0.0000 0.0000 0.0192
27       27   (0)      5  : 0.0000 0.0000 0.0000 1.0000 0.0000 0.0000 0.0000 0.0000 0.0000 0.0000 0.0000 0.0000 0.0000 0.0000 0.0000 0.0000
28       28   (0)      5  : 0.0000 0.0000 0.0000 0.7451 0.0000 0.0000 0.0000 0.0000 0.0000 0.2549 0.0000 0.0000 0.0000 0.0000 0.0000 0.0000
29       29   (0)      6  : 0.0000 0.6250 0.0000 0.0000 0.0000 0.0000 0.0000 0.0000 0.0000 0.0000 0.0000 0.0000 0.1250 0.2500 0.0000 0.0000
30       30   (0)      6  : 0.0000 0.0000 0.0000 0.0000 0.7347 0.0000 0.0000 0.0000 0.0000 0.0000 0.0000 0.0000 0.0153 0.0000 0.2500 0.0000
31       31   (0)      6  : 0.8143 0.0000 0.0000 0.0000 0.0000 0.0000 0.0000 0.0000 0.1857 0.0000 0.0000 0.0000 0.0000 0.0000 0.0000 0.0000
32       32   (0)      6  : 0.0000 0.0000 0.0000 0.0000 0.0000 0.0000 0.1333 0.0000 0.8109 0.0000 0.0000 0.0000 0.0000 0.0000 0.0558 0.0000
33       33   (0)      6  : 0.0000 0.0000 0.0000 0.0000 0.0000 0.0000 0.0000 1.0000 0.0000 0.0000 0.0000 0.0000 0.0000 0.0000 0.0000 0.0000
34       34   (0)      6  : 0.0000 0.0000 0.6698 0.0000 0.0000 0.0000 0.0000 0.0000 0.0000 0.0000 0.2860 0.0000 0.0000 0.0000 0.0000 0.0442
35       35   (0)      6  : 0.0000 0.8750 0.0000 0.0000 0.0000 0.0000 0.0000 0.0000 0.0000 0.0000 0.0000 0.0000 0.0000 0.1250 0.0000 0.0000
36       36   (0)      6  : 0.0000 1.0000 0.0000 0.0000 0.0000 0.0000 0.0000 0.0000 0.0000 0.0000 0.0000 0.0000 0.0000 0.0000 0.0000 0.0000
37       37   (0)      7  : 0.0000 0.0000 0.0000 0.0000 0.8750 0.0000 0.0000 0.0000 0.0000 0.0000 0.0000 0.0000 0.0000 0.0000 0.0000 0.1250
38       38   (0)      7  : 0.0000 0.0000 0.0000 0.0000 0.0000 0.0000 0.7500 0.0000 0.0000 0.0000 0.0000 0.0000 0.0000 0.0000 0.2500 0.0000
39       39   (0)      7  : 0.0000 0.0000 0.6742 0.0000 0.0000 0.0000 0.0000 0.0000 0.0000 0.0000 0.2008 0.0000 0.0000 0.0000 0.0000 0.1250
40       40   (0)      7  : 0.0000 0.0000 0.8750 0.0000 0.0000 0.0000 0.0000 0.0000 0.0000 0.0000 0.1250 0.0000 0.0000 0.0000 0.0000 0.0000
41       41   (0)      7  : 0.0000 0.0000 0.0000 0.0000 0.0000 0.0000 0.8750 0.0000 0.0000 0.0000 0.0000 0.0000 0.0000 0.0000 0.1250 0.0000
42       42   (0)      7  : 0.0000 0.0000 0.7055 0.0000 0.0000 0.0000 0.0000 0.0000 0.0000 0.0000 0.2945 0.0000 0.0000 0.0000 0.0000 0.0000
43       43   (0)      7  : 0.0000 0.0000 0.0000 0.0000 0.0000 0.0000 0.6916 0.0000 0.0000 0.0000 0.0000 0.0000 0.0000 0.0000 0.3084 0.0000
44       44   (0)      7  : 0.0000 0.0000 0.0000 0.0000 0.0000 1.0000 0.0000 0.0000 0.0000 0.0000 0.0000 0.0000 0.0000 0.0000 0.0000 0.0000
45       45   (0)      7  : 0.6250 0.0000 0.0000 0.0000 0.0000 0.0000 0.0000 0.0000 0.0000 0.0000 0.0000 0.3750 0.0000 0.0000 0.0000 0.0000
46       46   (0)      7  : 0.0000 0.7732 0.0000 0.0000 0.0000 0.0000 0.0000 0.0020 0.0000 0.0000 0.0000 0.0000 0.0668 0.1260 0.0000 0.0321
47       47   (0)      7  : 0.0792 0.0000 0.0000 0.0000 0.0000 0.0000 0.0000 0.0000 0.0000 0.0000 0.0000 0.7958 0.0000 0.0000 0.0000 0.1250
48       48   (0)      7  : 0.0000 0.5398 0.0000 0.0000 0.0000 0.0000 0.0000 0.0208 0.0000 0.0000 0.0000 0.0000 0.0689 0.3608 0.0000 0.0095
49       49   (0)      7  : 0.0000 0.0000 0.0000 0.0000 0.7500 0.0000 0.0000 0.0000 0.0000 0.0000 0.0000 0.0000 0.0000 0.0000 0.2500 0.0000
50       50   (0)      7  : 0.0000 0.0000 0.0000 0.0000 0.0000 1.0000 0.0000 0.0000 0.0000 0.0000 0.0000 0.0000 0.0000 0.0000 0.0000 0.0000
51       51   (0)      7  : 0.0000 0.0000 0.0000 0.0000 0.8750 0.0000 0.0000 0.0000 0.0000 0.0000 0.0000 0.0000 0.0000 0.0000 0.0000 0.1250
52       52   (0)      7  : 0.0000 0.0000 0.0000 0.9932 0.0000 0.0000 0.0000 0.0000 0.0000 0.0000 0.0000 0.0000 0.0068 0.0000 0.0000 0.0000
53       53   (0)      7  : 0.2462 0.0000 0.0000 0.0000 0.0000 0.0000 0.0000 0.0000 0.0000 0.0000 0.0000 0.7538 0.0000 0.0000 0.0000 0.0000
54       54   (0)      7  : 0.1774 0.0000 0.0000 0.0000 0.0000 0.0000 0.0000 0.0000 0.0000 0.0000 0.0000 0.8226 0.0000 0.0000 0.0000 0.0000
55       55   (0)      7  : 0.3470 0.0000 0.0000 0.0000 0.0000 0.0000 0.0104 0.0000 0.0000 0.0000 0.0000 0.4657 0.0000 0.0000 0.0054 0.1714
56       56   (0)      7  : 0.5633 0.0000 0.0000 0.0000 0.0000 0.0000 0.0000 0.0000 0.0000 0.0000 0.0000 0.3117 0.0000 0.0000 0.0000 0.1250
57       57   (0)      8  : 0.0000 0.0000 0.2311 0.0000 0.0000 0.0000 0.0000 0.0000 0.0000 0.0000 0.6439 0.0000 0.0000 0.0000 0.0000 0.1250
58       58   (0)      8  : 0.0000 0.0000 0.0000 0.8750 0.0000 0.0000 0.0000 0.0000 0.0000 0.0000 0.0000 0.0000 0.0000 0.0000 0.0000 0.1250
59       59   (0)      8  : 0.1222 0.0000 0.0000 0.0000 0.0000 0.0000 0.0000 0.0000 0.0000 0.0000 0.0000 0.6667 0.0000 0.0000 0.0000 0.2111
60       60   (0)      8  : 0.0000 0.0000 0.3669 0.0000 0.0000 0.0000 0.0000 0.0000 0.0000 0.0000 0.5081 0.0000 0.0000 0.0000 0.0000 0.1250
61       61   (0)      8  : 0.0000 0.0000 1.0000 0.0000 0.0000 0.0000 0.0000 0.0000 0.0000 0.0000 0.0000 0.0000 0.0000 0.0000 0.0000 0.0000
62       62   (0)      8  : 0.0000 0.0000 0.0000 0.0000 0.6250 0.0000 0.0000 0.0000 0.0000 0.0000 0.0000 0.0000 0.0000 0.0000 0.2500 0.1250
63       63   (0)      8  : 0.0000 0.0000 1.0000 0.0000 0.0000 0.0000 0.0000 0.0000 0.0000 0.0000 0.0000 0.0000 0.0000 0.0000 0.0000 0.0000
64       64   (0)      8  : 0.1532 0.0000 0.0000 0.0000 0.0000 0.0000 0.0000 0.0000 0.1250 0.0000 0.0000 0.7218 0.0000 0.0000 0.0000 0.0000
65       65   (0)      8  : 0.0000 0.0000 0.0000 0.0000 0.0000 0.0000 0.0000 0.0000 0.0000 0.0000 0.0000 0.0000 0.0000 1.0000 0.0000 0.0000
66       66   (0)      8  : 0.2126 0.0000 0.0000 0.0000 0.0000 0.0000 0.0000 0.0000 0.0231 0.0000 0.0000 0.7643 0.0000 0.0000 0.0000 0.0000
67       67   (0)      8  : 0.0693 0.0000 0.0000 0.0000 0.0000 0.0000 0.0000 0.0000 0.8751 0.0000 0.0000 0.0556 0.0000 0.0000 0.0000 0.0000
68       68   (0)      8  : 0.1999 0.0000 0.0000 0.0000 0.0000 0.0000 0.0000 0.0000 0.0000 0.0000 0.0000 0.5501 0.0000 0.0000 0.0000 0.2500
69       69   (0)      8  : 0.0000 0.6589 0.0000 0.0000 0.0000 0.0000 0.0000 0.0000 0.0000 0.0000 0.0000 0.0000 0.1250 0.2161 0.0000 0.0000
70       70   (0)      8  : 0.0000 0.0000 0.4190 0.0000 0.0000 0.0000 0.0000 0.0000 0.0000 0.0000 0.5000 0.0000 0.0000 0.0000 0.0000 0.0810
71       71   (0)      8  : 0.0000 0.1170 0.0000 0.0000 0.0000 0.0000 0.0000 0.0080 0.0000 0.0000 0.0000 0.0000 0.0000 0.8750 0.0000 0.0000
72       72   (0)      8  : 0.0000 0.0000 0.0000 0.0000 0.7646 0.0000 0.0000 0.0000 0.0000 0.0000 0.0000 0.0000 0.0000 0.0000 0.2354 0.0000
73       73   (0)      8  : 0.0000 0.0000 0.0000 0.0000 0.0000 0.0000 0.6933 0.0000 0.0000 0.0000 0.0000 0.0567 0.0000 0.0000 0.1250 0.1250
74       74   (0)      8  : 0.1677 0.0000 0.0000 0.0000 0.0000 0.0000 0.0000 0.0000 0.0000 0.0000 0.0000 0.8323 0.0000 0.0000 0.0000 0.0000
75       75   (0)      8  : 0.0994 0.0000 0.0000 0.0000 0.0000 0.0000 0.0000 0.0000 0.0000 0.0000 0.0000 0.7588 0.0000 0.0000 0.0000 0.1419
76       76   (0)      8  : 0.0000 0.3459 0.0000 0.0000 0.0000 0.0000 0.0000 0.0297 0.0000 0.0000 0.0000 0.0000 0.1250 0.4994 0.0000 0.0000
77       77   (0)      8  : 0.0889 0.0000 0.0000 0.0000 0.0000 0.0000 0.0022 0.0000 0.2611 0.0000 0.0000 0.6478 0.0000 0.0000 0.0000 0.0000
78       78   (0)      9  : 0.0000 0.0000 0.3170 0.0000 0.0000 0.0000 0.0000 0.0000 0.0000 0.0000 0.5000 0.0000 0.0000 0.0000 0.0000 0.1830
79       79   (0)      9  : 0.0000 0.0000 1.0000 0.0000 0.0000 0.0000 0.0000 0.0000 0.0000 0.0000 0.0000 0.0000 0.0000 0.0000 0.0000 0.0000
80       80   (0)      9  : 0.0000 0.0000 0.0000 0.0000 0.7500 0.0000 0.0000 0.0000 0.0000 0.0000 0.0000 0.0000 0.0000 0.0000 0.2500 0.0000
81       81   (0)      9  : 0.0000 0.0000 0.5821 0.0000 0.0000 0.0000 0.0000 0.0000 0.0000 0.0000 0.2147 0.0000 0.0000 0.0000 0.0000 0.2032
82       82   (0)      9  : 0.0000 0.3001 0.0000 0.0000 0.0000 0.0000 0.0000 0.0000 0.0000 0.0000 0.0000 0.0000 0.1250 0.5749 0.0000 0.0000
83       83   (0)      9  : 0.0591 0.0000 0.0000 0.0000 0.0000 0.0000 0.0000 0.0000 0.8983 0.0054 0.0000 0.0295 0.0056 0.0000 0.0022 0.0000
84       84   (0)      9  : 0.0000 0.0000 0.0000 0.0000 0.0000 0.0000 0.0000 0.0000 0.0000 0.3750 0.0000 0.0000 0.6250 0.0000 0.0000 0.0000
85       85   (0)      9  : 0.1681 0.0000 0.0000 0.0000 0.0000 0.0000 0.0000 0.0000 0.0000 0.0000 0.0000 0.8319 0.0000 0.0000 0.0000 0.0000
86       86   (0)      9  : 0.3772 0.0000 0.0000 0.0000 0.0000 0.0000 0.0000 0.0000 0.2500 0.0000 0.0000 0.1719 0.0000 0.0000 0.0031 0.1977
87       87   (0)      9  : 0.4026 0.0000 0.0000 0.0000 0.0000 0.0000 0.0000 0.0000 0.1250 0.0000 0.0000 0.2734 0.0000 0.0000 0.0000 0.1990
88       88   (0)      9  : 0.0000 0.0000 0.7437 0.0000 0.0000 0.0000 0.0000 0.0000 0.0000 0.0000 0.2563 0.0000 0.0000 0.0000 0.0000 0.0000
89       89   (0)      9  : 0.0000 0.0000 0.3816 0.0000 0.0000 0.0000 0.0000 0.0000 0.0000 0.0000 0.4934 0.0000 0.0000 0.0000 0.0000 0.1250
90       90   (0)      9  : 0.6008 0.0000 0.0000 0.0000 0.0000 0.0000 0.2007 0.0000 0.0000 0.0000 0.0000 0.0852 0.0000 0.0000 0.1133 0.0000
91       91   (0)      9  : 0.0000 0.0000 0.0000 0.0000 0.9620 0.0000 0.0000 0.0000 0.0000 0.0000 0.0000 0.0000 0.0000 0.0000 0.0000 0.0380
92       92   (0)     10  : 0.0183 0.0000 0.1240 0.0000 0.0000 0.3270 0.0000 0.0000 0.0000 0.1233 0.1115 0.0000 0.2500 0.0000 0.0000 0.0459
93       93   (0)     11  : 0.0000 0.0000 0.0000 0.0000 0.0000 0.2252 0.0000 0.0000 0.0000 0.2500 0.0000 0.0000 0.5248 0.0000 0.0000 0.0000
94       94   (0)     11  : 0.0000 0.0000 0.0000 0.8174 0.0000 0.0000 0.0000 0.0000 0.0000 0.1784 0.0000 0.0000 0.0043 0.0000 0.0000 0.0000
95       95   (0)     11  : 0.0000 0.0000 0.0000 0.0000 0.0000 0.0000 0.0000 0.0000 0.0000 1.0000 0.0000 0.0000 0.0000 0.0000 0.0000 0.0000
96       96   (0)     12  : 0.0000 0.0000 0.0000 1.0000 0.0000 0.0000 0.0000 0.0000 0.0000 0.0000 0.0000 0.0000 0.0000 0.0000 0.0000 0.0000
97       97   (0)     12  : 0.0000 0.0000 0.0000 1.0000 0.0000 0.0000 0.0000 0.0000 0.0000 0.0000 0.0000 0.0000 0.0000 0.0000 0.0000 0.0000
98       98   (0)     12  : 0.0000 0.0000 0.0000 1.0000 0.0000 0.0000 0.0000 0.0000 0.0000 0.0000 0.0000 0.0000 0.0000 0.0000 0.0000 0.0000
99       99   (0)     12  : 0.0000 0.0000 0.0000 1.0000 0.0000 0.0000 0.0000 0.0000 0.0000 0.0000 0.0000 0.0000 0.0000 0.0000 0.0000 0.0000
100      100   (0)     12  : 0.0000 1.0000 0.0000 0.0000 0.0000 0.0000 0.0000 0.0000 0.0000 0.0000 0.0000 0.0000 0.0000 0.0000 0.0000 0.0000
101      101   (0)     13  : 0.0000 0.2062 0.0000 0.0000 0.0000 0.0000 0.0000 0.0000 0.0000 0.0000 0.0000 0.0000 0.0000 0.7938 0.0000 0.0000
102      102   (0)     13  : 0.0000 0.0000 0.0000 0.8558 0.0000 0.0000 0.0000 0.0000 0.0000 0.0000 0.0000 0.0000 0.0192 0.0000 0.0000 0.1250
103      103   (0)     14  : 0.0000 0.0000 0.2882 0.0000 0.0000 0.0171 0.0000 0.0000 0.0000 0.0000 0.6345 0.0000 0.0566 0.0000 0.0036 0.0000
104      104   (0)     14  : 0.0000 0.6680 0.0000 0.0000 0.0000 0.0000 0.0000 0.0000 0.0000 0.0000 0.0000 0.0000 0.0000 0.3320 0.0000 0.0000
105      105   (0)     14  : 0.0000 0.0000 0.0000 0.0000 0.0000 0.1318 0.0000 0.0000 0.0000 0.0000 0.0000 0.0000 0.0000 0.8682 0.0000 0.0000
106      106   (0)     14  : 0.0000 0.0000 0.0000 0.0000 0.0000 0.0000 0.0000 1.0000 0.0000 0.0000 0.0000 0.0000 0.0000 0.0000 0.0000 0.0000
107      107   (0)     14  : 0.0000 0.0000 0.0000 0.0000 0.9033 0.0000 0.0000 0.0000 0.0000 0.0000 0.0000 0.0000 0.0000 0.0000 0.0967 0.0000
108      108   (0)     15  : 0.0000 0.0000 0.0000 0.0000 0.0000 1.0000 0.0000 0.0000 0.0000 0.0000 0.0000 0.0000 0.0000 0.0000 0.0000 0.0000
109      109   (0)     15  : 0.0000 0.4644 0.0000 0.0000 0.0000 0.0000 0.0000 0.4106 0.0000 0.0000 0.0000 0.0000 0.0000 0.0000 0.0000 0.1250
110      110   (0)     15  : 0.0000 0.9553 0.0000 0.0000 0.0000 0.0000 0.0000 0.0000 0.0000 0.0000 0.0000 0.0000 0.0000 0.0447 0.0000 0.0000
111      111   (0)     15  : 0.8750 0.0000 0.0000 0.0000 0.0000 0.0000 0.0000 0.0000 0.0000 0.0000 0.0000 0.1250 0.0000 0.0000 0.0000 0.0000
112      112   (0)     15  : 0.0000 0.0000 0.2436 0.0921 0.0000 0.0738 0.0000 0.0000 0.0000 0.0010 0.3671 0.0000 0.1974 0.0000 0.0000 0.0250
113      113   (0)     15  : 0.0000 0.9652 0.0000 0.0000 0.0000 0.0000 0.0000 0.0000 0.0000 0.0000 0.0000 0.0000 0.0000 0.0000 0.0000 0.0348
114      114   (0)     15  : 0.0000 0.0000 0.0000 0.0000 0.0000 0.0000 0.0000 0.8750 0.0000 0.0000 0.0000 0.0000 0.0000 0.0000 0.0000 0.1250
