1        1   (0)      1  : 0.0000 0.2897 0.1486 0.0000 0.4986 0.0631
2        2   (0)      1  : 0.8097 0.0148 0.0000 0.0428 0.0284 0.1043
3        3   (0)      1  : 0.0000 0.8184 0.0000 0.0000 0.0782 0.1034
4        4   (0)      1  : 0.0000 0.4312 0.0000 0.0000 0.5543 0.0144
5        5   (0)      1  : 0.0039 0.2194 0.0000 0.0015 0.7750 0.0001
6        6   (0)      1  : 0.8107 0.0306 0.0000 0.0159 0.0112 0.1316
7        7   (0)      1  : 0.0060 0.4255 0.0000 0.0000 0.4553 0.1133
8        8   (0)      1  : 0.8502 0.0407 0.0000 0.0043 0.0000 0.1047
9        9   (0)      1  : 0.0000 0.8151 0.0000 0.0000 0.1203 0.0647
10       10   (0)      2  : 0.0000 0.3182 0.0000 0.0000 0.5394 0.1424
11       11   (0)      2  : 0.0000 0.6958 0.0000 0.0021 0.2863 0.0158
12       12   (0)      2  : 0.8720 0.0061 0.0000 0.0069 0.0054 0.1097
13       13   (0)      3  : 0.0000 0.3322 0.0000 0.0000 0.5678 0.1000
14       14   (0)      3  : 0.0000 0.0000 0.0000 1.0000 0.0000 0.0000
15       15   (0)      3  : 0.8764 0.0050 0.0279 0.0086 0.0024 0.0797
16       16   (0)      3  : 0.0000 0.0000 1.0000 0.0000 0.0000 0.0000
17       17   (0)      4  : 0.0000 0.0000 0.5860 0.4117 0.0000 0.0022
18       18   (0)      4  : 0.7783 0.0128 0.0047 0.0359 0.0056 0.1627
19       19   (0)      5  : 0.8915 0.0067 0.0000 0.0000 0.0050 0.0968
20       20   (0)      5  : 0.0000 0.0840 0.0000 0.1952 0.1133 0.6076
21       21   (0)      5  : 0.0065 0.6905 0.0000 0.0006 0.1625 0.1398
22       22   (0)      5  : 0.0036 0.4671 0.0000 0.0001 0.4660 0.0632
23       23   (0)      5  : 0.0000 0.4019 0.0000 0.0000 0.5905 0.0076
24       24   (0)      5  : 0.0000 0.4143 0.0000 0.0189 0.4625 0.1042
25       25   (0)      5  : 0.0000 0.4076 0.0572 0.0019 0.4190 0.1143
26       26   (0)      5  : 0.4250 0.2824 0.0000 0.0000 0.1960 0.0966
27       27   (0)      5  : 0.0000 0.0000 1.0000 0.0000 0.0000 0.0000
28       28   (0)      5  : 0.0000 0.0000 1.0000 0.0000 0.0000 0.0000
29       29   (0)      5  : 0.8520 0.0000 0.0404 0.0468 0.0000 0.0609
30       30   (0)      5  : 0.8434 0.0000 0.0000 0.0128 0.0000 0.1438
31       31   (0)      5  : 0.3881 0.1332 0.0000 0.0041 0.2791 0.1954
32       32   (0)      5  : 0.0000 0.3956 0.0000 0.0051 0.5001 0.0992
33       33   (0)      5  : 0.8738 0.0156 0.0000 0.0171 0.0138 0.0798
34       34   (0)      5  : 0.8554 0.0000 0.0000 0.0118 0.0000 0.1328
35       35   (0)      5  : 0.9118 0.0033 0.0000 0.0168 0.0004 0.0677
36       36   (0)      6  : 0.7974 0.0021 0.0507 0.0000 0.0015 0.1484
37       37   (0)      6  : 0.0000 0.0000 1.0000 0.0000 0.0000 0.0000
38       38   (0)      6  : 0.9001 0.0000 0.0000 0.0245 0.0000 0.0755
39       39   (0)      6  : 0.4437 0.2969 0.0000 0.0000 0.1508 0.1085
40       40   (0)      6  : 0.7766 0.0034 0.0001 0.0000 0.0033 0.2167
41       41   (0)      6  : 0.7562 0.0138 0.0000 0.0331 0.0244 0.1725
42       42   (0)      6  : 0.7612 0.0763 0.0000 0.0082 0.0089 0.1454
43       43   (0)      6  : 0.6978 0.0253 0.0000 0.0380 0.0430 0.1959
44       44   (0)      6  : 0.7676 0.0000 0.0000 0.0303 0.0008 0.2014
45       45   (0)      6  : 0.8737 0.0000 0.0000 0.0000 0.0001 0.1262
46       46   (0)      6  : 0.0000 0.0806 0.0000 0.2072 0.1092 0.6030
47       47   (0)      6  : 0.8731 0.0040 0.0000 0.0000 0.0157 0.1072
48       48   (0)      7  : 0.9286 0.0005 0.0000 0.0144 0.0000 0.0565
49       49   (0)      7  : 0.3226 0.2154 0.0001 0.0000 0.3184 0.1434
50       50   (0)      7  : 0.8505 0.0362 0.0000 0.0000 0.0119 0.1014
51       51   (0)      8  : 0.8290 0.0000 0.0757 0.0000 0.0011 0.0942
52       52   (0)      8  : 0.7585 0.0000 0.1670 0.0000 0.0014 0.0731
53       53   (0)      9  : 0.8751 0.0000 0.0000 0.0235 0.0000 0.1014
54       54   (0)     10  : 0.8511 0.0006 0.0000 0.0000 0.0000 0.1483
55       55   (0)     10  : 0.0000 0.5517 0.0000 0.0000 0.3625 0.0858
56       56   (0)     10  : 0.0000 0.0000 1.0000 0.0000 0.0000 0.0000
57       57   (0)     10  : 0.9106 0.0000 0.0000 0.0265 0.0000 0.0629
58       58   (0)     11  : 0.7813 0.0087 0.1070 0.0000 0.0057 0.0972
59       59   (0)     11  : 0.0006 0.4258 0.0843 0.0000 0.4292 0.0601
60       60   (0)     11  : 0.0533 0.0001 0.9135 0.0000 0.0000 0.0332
61       61   (0)     11  : 0.9190 0.0000 0.0000 0.0002 0.0000 0.0808
62       62   (0)     11  : 0.9077 0.0000 0.0253 0.0038 0.0000 0.0631
63       63   (0)     11  : 0.6593 0.0000 0.2899 0.0000 0.0000 0.0508
64       64   (0)     11  : 0.8481 0.0011 0.0209 0.0234 0.0001 0.1065
65       65   (0)     11  : 0.0000 0.0000 1.0000 0.0000 0.0000 0.0000
66       66   (0)     11  : 0.8732 0.0000 0.0540 0.0000 0.0000 0.0728
67       67   (0)     11  : 0.0000 0.5893 0.0046 0.0000 0.3447 0.0613
68       68   (0)     11  : 0.0000 0.3765 0.4380 0.0000 0.1438 0.0416
69       69   (0)     11  : 0.4021 0.0000 0.5316 0.0000 0.0016 0.0647
70       70   (0)     11  : 0.8621 0.0004 0.0000 0.0000 0.0143 0.1232
71       71   (0)     11  : 0.0000 0.3217 0.1695 0.0000 0.4167 0.0922
72       72   (0)     12  : 0.0008 0.2103 0.0000 0.0000 0.7512 0.0378
73       73   (0)     12  : 0.0000 0.1694 0.0000 0.0000 0.8033 0.0272
74       74   (0)     12  : 0.0000 0.1745 0.0000 0.0000 0.8239 0.0015
75       75   (0)     12  : 0.3457 0.1247 0.1257 0.0000 0.3257 0.0783
76       76   (0)     12  : 0.0000 0.1719 0.0119 0.0000 0.7053 0.1109
77       77   (0)     12  : 0.8697 0.0149 0.0000 0.0101 0.0211 0.0843
78       78   (0)     12  : 0.7899 0.0176 0.0374 0.0000 0.0611 0.0939
79       79   (0)     12  : 0.0000 0.7200 0.0000 0.0000 0.1890 0.0909
80       80   (0)     12  : 0.7682 0.0148 0.1171 0.0000 0.0157 0.0843
81       81   (0)     13  : 0.0000 0.0000 1.0000 0.0000 0.0000 0.0000
82       82   (0)     13  : 0.0000 0.2922 0.0000 0.0215 0.5905 0.0958
83       83   (0)     13  : 0.0000 0.4094 0.0797 0.0000 0.4328 0.0781
84       84   (0)     13  : 0.0000 0.3568 0.0000 0.0000 0.4436 0.1996
85       85   (0)     13  : 0.0000 0.4534 0.0000 0.0057 0.4947 0.0462
86       86   (0)     13  : 0.0000 0.3084 0.0234 0.0000 0.6038 0.0644
87       87   (0)     13  : 0.8697 0.0167 0.0000 0.0002 0.0339 0.0796
88       88   (0)     13  : 0.0000 0.3011 0.0000 0.0000 0.5132 0.1857
89       89   (0)     13  : 0.0000 0.7786 0.0000 0.0000 0.1907 0.0307
90       90   (0)     13  : 0.0000 0.6330 0.0000 0.0001 0.2847 0.0822
91       91   (0)     13  : 0.0000 0.1528 0.3870 0.0000 0.3630 0.0972
92       92   (0)     13  : 0.0143 0.6157 0.0000 0.0000 0.3494 0.0206
93       93   (0)     13  : 0.8296 0.0292 0.0000 0.0000 0.0378 0.1034
94       94   (0)     13  : 0.0000 0.2504 0.0000 0.0001 0.6787 0.0709
95       95   (0)     14  : 0.8851 0.0197 0.0000 0.0287 0.0015 0.0650
96       96   (0)     14  : 0.0004 0.4307 0.0000 0.0000 0.5077 0.0612
97       97   (0)     15  : 0.0000 0.0000 1.0000 0.0000 0.0000 0.0000
98       98   (0)     15  : 0.8280 0.0000 0.0000 0.0000 0.0000 0.1720
99       99   (0)     15  : 0.0000 0.1734 0.0000 0.5210 0.2833 0.0222
100      100   (0)     15  : 0.8515 0.0002 0.0000 0.0190 0.0014 0.1278
101      101   (0)     15  : 0.0000 0.0000 0.0000 1.0000 0.0000 0.0000
102      102   (0)     15  : 0.8278 0.0000 0.0000 0.0428 0.0000 0.1294
103      103   (0)     15  : 0.7765 0.0067 0.0000 0.0346 0.0472 0.1350
104      104   (0)     15  : 0.0000 0.0000 0.0000 1.0000 0.0000 0.0000
105      105   (0)     15  : 0.0000 0.0000 0.0000 1.0000 0.0000 0.0000
