1        1   (0)      1  : 0.2213 0.0000 0.0011 0.7775
2        2   (0)      1  : 0.1658 0.0000 0.0283 0.8059
3        3   (0)      1  : 0.0000 0.0000 0.0000 1.0000
4        4   (0)      1  : 0.0000 0.0000 0.0000 1.0000
5        5   (0)      1  : 0.5935 0.0000 0.1895 0.2169
6        6   (0)      1  : 0.7672 0.0000 0.1364 0.0964
7        7   (0)      1  : 0.9841 0.0000 0.0000 0.0159
8        8   (0)      1  : 0.6197 0.0000 0.1378 0.2426
9        9   (0)      1  : 0.0000 0.0000 0.0000 1.0000
10       10   (0)      1  : 1.0000 0.0000 0.0000 0.0000
11       11   (0)      1  : 0.9937 0.0000 0.0000 0.0063
12       12   (0)      1  : 1.0000 0.0000 0.0000 0.0000
13       13   (0)      1  : 1.0000 0.0000 0.0000 0.0000
14       14   (0)      1  : 0.6195 0.0604 0.1413 0.1787
15       15   (0)      1  : 0.0000 0.0000 1.0000 0.0000
16       16   (0)      1  : 0.0000 0.0000 0.0000 1.0000
17       17   (0)      1  : 0.0000 0.0000 0.0000 1.0000
18       18   (0)      1  : 1.0000 0.0000 0.0000 0.0000
19       19   (0)      1  : 0.9766 0.0000 0.0000 0.0234
20       20   (0)      1  : 0.9905 0.0000 0.0000 0.0095
21       21   (0)      1  : 0.0000 0.0000 0.0000 1.0000
22       22   (0)      1  : 0.0000 0.0000 1.0000 0.0000
23       23   (0)      1  : 0.9662 0.0000 0.0079 0.0260
24       24   (0)      2  : 0.0000 0.0000 0.0000 1.0000
25       25   (0)      2  : 0.9997 0.0000 0.0000 0.0003
26       26   (0)      2  : 0.3112 0.0000 0.0000 0.6888
27       27   (0)      2  : 0.9476 0.0000 0.0000 0.0524
28       28   (0)      2  : 0.9062 0.0055 0.0285 0.0598
29       29   (0)      2  : 0.9318 0.0000 0.0000 0.0682
30       30   (0)      2  : 0.0000 1.0000 0.0000 0.0000
31       31   (0)      2  : 0.9433 0.0000 0.0189 0.0378
32       32   (0)      2  : 0.0000 0.0000 0.0000 1.0000
33       33   (0)      2  : 1.0000 0.0000 0.0000 0.0000
34       34   (0)      2  : 0.9918 0.0000 0.0000 0.0082
35       35   (0)      2  : 0.9343 0.0000 0.0242 0.0415
36       36   (0)      2  : 0.0000 0.0000 0.0000 1.0000
37       37   (0)      3  : 0.9683 0.0000 0.0072 0.0245
38       38   (0)      3  : 0.9175 0.0000 0.0000 0.0825
39       39   (0)      3  : 0.9778 0.0000 0.0000 0.0222
40       40   (0)      3  : 0.9668 0.0000 0.0000 0.0331
41       41   (0)      3  : 0.9710 0.0000 0.0000 0.0290
42       42   (0)      4  : 0.0000 1.0000 0.0000 0.0000
43       43   (0)      4  : 0.9829 0.0166 0.0000 0.0005
44       44   (0)      4  : 0.0000 1.0000 0.0000 0.0000
45       45   (0)      4  : 0.0000 1.0000 0.0000 0.0000
46       46   (0)      4  : 0.9076 0.0254 0.0132 0.0539
47       47   (0)      4  : 0.9904 0.0000 0.0000 0.0096
48       48   (0)      4  : 1.0000 0.0000 0.0000 0.0000
49       49   (0)      4  : 0.9765 0.0000 0.0000 0.0235
50       50   (0)      4  : 1.0000 0.0000 0.0000 0.0000
51       51   (0)      4  : 0.4313 0.4023 0.1418 0.0246
52       52   (0)      4  : 0.9490 0.0320 0.0000 0.0190
53       53   (0)      4  : 0.9869 0.0131 0.0000 0.0000
54       54   (0)      4  : 0.9364 0.0335 0.0120 0.0181
55       55   (0)      4  : 0.9962 0.0000 0.0000 0.0038
56       56   (0)      4  : 0.0000 1.0000 0.0000 0.0000
57       57   (0)      5  : 0.9769 0.0000 0.0000 0.0231
58       58   (0)      5  : 0.9878 0.0000 0.0000 0.0122
59       59   (0)      5  : 0.0000 1.0000 0.0000 0.0000
60       60   (0)      5  : 1.0000 0.0000 0.0000 0.0000
61       61   (0)      5  : 0.3919 0.4739 0.1233 0.0109
62       62   (0)      5  : 0.0000 1.0000 0.0000 0.0000
63       63   (0)      5  : 0.7441 0.1811 0.0246 0.0503
64       64   (0)      5  : 0.9978 0.0000 0.0000 0.0022
65       65   (0)      5  : 1.0000 0.0000 0.0000 0.0000
66       66   (0)      5  : 0.9620 0.0000 0.0000 0.0380
67       67   (0)      5  : 0.1783 0.7517 0.0663 0.0037
68       68   (0)      5  : 0.0000 1.0000 0.0000 0.0000
69       69   (0)      5  : 0.7196 0.2340 0.0084 0.0380
70       70   (0)      5  : 0.0000 1.0000 0.0000 0.0000
71       71   (0)      5  : 0.0000 1.0000 0.0000 0.0000
72       72   (0)      5  : 0.8562 0.1162 0.0061 0.0215
73       73   (0)      5  : 0.9584 0.0000 0.0000 0.0416
74       74   (0)      5  : 0.0000 1.0000 0.0000 0.0000
75       75   (0)      6  : 0.0000 1.0000 0.0000 0.0000
76       76   (0)      6  : 0.9091 0.0511 0.0208 0.0190
77       77   (0)      6  : 0.0000 1.0000 0.0000 0.0000
78       78   (0)      6  : 0.0000 1.0000 0.0000 0.0000
79       79   (0)      6  : 0.0000 1.0000 0.0000 0.0000
80       80   (0)      6  : 0.0000 0.0000 0.0045 0.9955
81       81   (0)      6  : 0.0000 1.0000 0.0000 0.0000
82       82   (0)      6  : 0.0000 1.0000 0.0000 0.0000
83       83   (0)      6  : 0.0000 0.9669 0.0331 0.0000
84       84   (0)      6  : 0.0000 1.0000 0.0000 0.0000
85       85   (0)      6  : 0.0000 1.0000 0.0000 0.0000
86       86   (0)      6  : 0.0000 1.0000 0.0000 0.0000
87       87   (0)      6  : 0.0000 1.0000 0.0000 0.0000
88       88   (0)      6  : 0.0000 1.0000 0.0000 0.0000
89       89   (0)      6  : 0.0000 1.0000 0.0000 0.0000
90       90   (0)      6  : 0.0000 0.1362 0.0000 0.8638
91       91   (0)      6  : 0.0000 1.0000 0.0000 0.0000
92       92   (0)      6  : 0.9432 0.0000 0.0069 0.0499
93       93   (0)      6  : 0.0043 0.2012 0.6325 0.1619
94       94   (0)      6  : 1.0000 0.0000 0.0000 0.0000
95       95   (0)      6  : 0.4871 0.2049 0.3078 0.0001
96       96   (0)      6  : 0.5043 0.2884 0.2072 0.0000
97       97   (0)      6  : 0.9248 0.0545 0.0153 0.0054
98       98   (0)      6  : 0.2967 0.1842 0.4674 0.0517
99       99   (0)      7  : 0.0000 1.0000 0.0000 0.0000
100      100   (0)      7  : 0.7204 0.1614 0.0925 0.0256
101      101   (0)      7  : 0.0000 0.0000 1.0000 0.0000
102      102   (0)      7  : 0.0000 0.0000 1.0000 0.0000
103      103   (0)      7  : 1.0000 0.0000 0.0000 0.0000
104      104   (0)      7  : 0.9347 0.0000 0.0036 0.0617
105      105   (0)      7  : 0.9390 0.0000 0.0001 0.0609
106      106   (0)      7  : 0.9913 0.0000 0.0000 0.0087
107      107   (0)      7  : 0.9894 0.0000 0.0003 0.0103
108      108   (0)      8  : 0.9370 0.0000 0.0000 0.0630
109      109   (0)      8  : 0.9827 0.0000 0.0000 0.0173
110      110   (0)      8  : 1.0000 0.0000 0.0000 0.0000
111      111   (0)      8  : 1.0000 0.0000 0.0000 0.0000
112      112   (0)      8  : 0.0000 0.0000 1.0000 0.0000
113      113   (0)      8  : 0.9982 0.0000 0.0000 0.0018
114      114   (0)      8  : 1.0000 0.0000 0.0000 0.0000
115      115   (0)      8  : 0.9391 0.0000 0.0000 0.0609
116      116   (0)      8  : 1.0000 0.0000 0.0000 0.0000
117      117   (0)      8  : 0.8702 0.0553 0.0234 0.0511
118      118   (0)      8  : 0.9461 0.0000 0.0000 0.0539
119      119   (0)      9  : 0.0000 1.0000 0.0000 0.0000
120      120   (0)     10  : 0.9468 0.0000 0.0474 0.0058
121      121   (0)     10  : 1.0000 0.0000 0.0000 0.0000
122      122   (0)     10  : 0.9962 0.0000 0.0000 0.0038
123      123   (0)     10  : 0.8604 0.0705 0.0119 0.0572
124      124   (0)     10  : 0.9415 0.0000 0.0577 0.0008
125      125   (0)     10  : 0.8479 0.0144 0.1009 0.0367
126      126   (0)     10  : 0.9756 0.0000 0.0202 0.0042
127      127   (0)     10  : 0.9821 0.0000 0.0000 0.0179
128      128   (0)     10  : 0.9562 0.0000 0.0237 0.0202
129      129   (0)     10  : 0.9817 0.0000 0.0000 0.0183
130      130   (0)     10  : 0.9969 0.0000 0.0024 0.0007
131      131   (0)     10  : 0.9203 0.0000 0.0408 0.0389
132      132   (0)     10  : 0.8651 0.0000 0.0779 0.0570
133      133   (0)     10  : 0.9263 0.0237 0.0308 0.0192
134      134   (0)     10  : 0.9238 0.0191 0.0571 0.0000
135      135   (0)     10  : 0.9418 0.0000 0.0373 0.0209
136      136   (0)     10  : 0.9833 0.0000 0.0139 0.0029
137      137   (0)     11  : 0.0000 0.9090 0.0910 0.0000
138      138   (0)     12  : 0.7429 0.0184 0.1140 0.1246
139      139   (0)     12  : 0.4374 0.3131 0.2231 0.0265
140      140   (0)     12  : 0.0000 0.0000 0.0507 0.9493
141      141   (0)     12  : 0.5188 0.0000 0.3963 0.0849
142      142   (0)     12  : 0.9018 0.0000 0.0626 0.0356
143      143   (0)     12  : 0.4788 0.1480 0.3152 0.0581
144      144   (0)     12  : 0.7808 0.0052 0.1427 0.0714
145      145   (0)     12  : 0.3783 0.0000 0.0000 0.6217
146      146   (0)     13  : 0.0000 1.0000 0.0000 0.0000
147      147   (0)     13  : 0.0000 1.0000 0.0000 0.0000
148      148   (0)     13  : 0.0000 1.0000 0.0000 0.0000
149      149   (0)     13  : 0.0000 1.0000 0.0000 0.0000
150      150   (0)     13  : 0.0000 1.0000 0.0000 0.0000
151      151   (0)     14  : 0.0000 1.0000 0.0000 0.0000
152      152   (0)     14  : 0.9707 0.0000 0.0000 0.0293
153      153   (0)     15  : 0.3966 0.3028 0.2929 0.0076
154      154   (0)     15  : 0.0000 0.9855 0.0145 0.0000
155      155   (0)     16  : 0.9294 0.0000 0.0554 0.0152
156      156   (0)     16  : 0.9428 0.0000 0.0141 0.0432
157      157   (0)     17  : 0.3087 0.2211 0.3523 0.1180
158      158   (0)     17  : 0.0000 0.0000 0.0058 0.9942
159      159   (0)     18  : 0.9765 0.0000 0.0234 0.0002
160      160   (0)     18  : 1.0000 0.0000 0.0000 0.0000
161      161   (0)     18  : 0.9992 0.0000 0.0000 0.0008
162      162   (0)     19  : 0.9231 0.0000 0.0713 0.0056
163      163   (0)     19  : 0.5170 0.1857 0.2622 0.0351
164      164   (0)     19  : 0.9127 0.0000 0.0000 0.0873
