 1        1   (0)      1 :  0.3276 0.0000 0.6724 0.0000 
 2        2   (0)      1 :  0.4503 0.1914 0.2241 0.1343 
 3        3   (0)      1 :  0.2655 0.0000 0.7345 0.0000 
 4        4   (0)      1 :  0.2758 0.0000 0.7242 0.0000 
 5        5   (0)      1 :  0.1726 0.0000 0.8274 0.0000 
 6        6   (0)      1 :  0.1817 0.0000 0.8183 0.0000 
 7        7   (0)      1 :  0.1048 0.0000 0.8952 0.0000 
 8        8   (0)      1 :  0.2059 0.0000 0.7941 0.0000 
 9        9   (0)      1 :  0.1519 0.0000 0.8481 0.0000 
10       10   (0)      1 :  0.1689 0.0000 0.8311 0.0000 
11       11   (0)      1 :  0.2613 0.0000 0.6870 0.0518 
12       12   (0)      1 :  0.6200 0.0000 0.3800 0.0000 
13       13   (0)      1 :  0.2355 0.0000 0.7645 0.0000 
14       14   (0)      2 :  0.3968 0.0000 0.6032 0.0000 
15       15   (0)      2 :  0.3200 0.6800 0.0000 0.0000 
16       16   (0)      2 :  0.2254 0.0000 0.7746 0.0000 
17       17   (0)      2 :  0.2420 0.0000 0.7580 0.0000 
18       18   (0)      2 :  0.1474 0.0000 0.8526 0.0000 
19       19   (0)      2 :  0.2135 0.0000 0.7865 0.0000 
20       20   (0)      2 :  0.1433 0.0000 0.8090 0.0477 
21       21   (0)      2 :  0.2497 0.0000 0.7503 0.0000 
22       22   (0)      2 :  0.1624 0.0000 0.7408 0.0967 
23       23   (0)      2 :  0.1476 0.0000 0.3963 0.4560 
24       24   (0)      2 :  0.1738 0.0000 0.8262 0.0000 
25       25   (0)      2 :  0.1741 0.0000 0.8259 0.0000 
26       26   (0)      2 :  0.0857 0.0000 0.5110 0.4032 
27       27   (0)      2 :  0.2635 0.0000 0.7365 0.0000 
28       28   (0)      3 :  0.0000 1.0000 0.0000 0.0000 
29       29   (0)      3 :  0.3776 0.0000 0.6209 0.0015 
30       30   (0)      3 :  0.0000 0.0000 0.0000 1.0000 
31       31   (0)      3 :  0.2119 0.0000 0.2508 0.5373 
32       32   (0)      3 :  0.3200 0.6800 0.0000 0.0000 
33       33   (0)      3 :  0.2514 0.0000 0.7486 0.0000 
34       34   (0)      3 :  0.2274 0.7726 0.0000 0.0000 
35       35   (0)      3 :  0.1663 0.8337 0.0000 0.0000 
36       36   (0)      3 :  0.2200 0.7800 0.0000 0.0000 
37       37   (0)      3 :  0.2377 0.0000 0.7623 0.0000 
38       38   (0)      3 :  0.0000 0.0000 0.0000 1.0000 
39       39   (0)      3 :  0.0000 0.0000 0.0000 1.0000 
40       40   (0)      3 :  0.3697 0.0000 0.6303 0.0000 
41       41   (0)      3 :  0.1755 0.0000 0.8245 0.0000 
42       42   (0)      3 :  0.3210 0.6784 0.0006 0.0000 
43       43   (0)      3 :  0.2088 0.7912 0.0000 0.0000 
44       44   (0)      3 :  0.3682 0.0000 0.6318 0.0000 
45       45   (0)      3 :  0.2237 0.0000 0.7763 0.0000 
46       46   (0)      4 :  0.0000 1.0000 0.0000 0.0000 
47       47   (0)      4 :  0.0000 1.0000 0.0000 0.0000 
48       48   (0)      4 :  0.3323 0.0000 0.6677 0.0000 
49       49   (0)      4 :  0.3327 0.0028 0.6360 0.0285 
50       50   (0)      4 :  0.2882 0.0008 0.6535 0.0575 
51       51   (0)      4 :  0.2224 0.0000 0.7134 0.0642 
52       52   (0)      4 :  0.2165 0.0000 0.7667 0.0168 
53       53   (0)      4 :  0.5153 0.0000 0.4847 0.0000 
54       54   (0)      4 :  0.1539 0.0000 0.8461 0.0000 
55       55   (0)      4 :  0.1273 0.0000 0.2049 0.6678 
56       56   (0)      4 :  0.2580 0.0000 0.7420 0.0000 
57       57   (0)      5 :  0.3345 0.0000 0.6655 0.0000 
58       58   (0)      5 :  0.2249 0.0472 0.7156 0.0123 
59       59   (0)      5 :  0.1516 0.0000 0.8484 0.0000 
60       60   (0)      5 :  0.0000 1.0000 0.0000 0.0000 
61       61   (0)      5 :  0.0024 0.9577 0.0114 0.0284 
62       62   (0)      5 :  0.3365 0.5447 0.0160 0.1029 
63       63   (0)      6 :  0.2200 0.7800 0.0000 0.0000 
64       64   (0)      6 :  0.0000 1.0000 0.0000 0.0000 
65       65   (0)      6 :  0.2269 0.7731 0.0000 0.0000 
66       66   (0)      6 :  0.0460 0.7354 0.2187 0.0000 
67       67   (0)      6 :  0.0000 1.0000 0.0000 0.0000 
68       68   (0)      6 :  0.0205 0.8540 0.0000 0.1255 
69       69   (0)      6 :  0.1971 0.1242 0.6456 0.0331 
70       70   (0)      6 :  0.0000 1.0000 0.0000 0.0000 
71       71   (0)      6 :  0.1375 0.0000 0.8625 0.0000 
72       72   (0)      6 :  0.0000 1.0000 0.0000 0.0000 
73       73   (0)      6 :  0.2072 0.7175 0.0000 0.0753 
74       74   (0)      6 :  0.0000 0.8668 0.0000 0.1332 
75       75   (0)      6 :  0.2051 0.6961 0.0000 0.0988 
76       76   (0)      6 :  0.0000 0.8314 0.0000 0.1686 
77       77   (0)      6 :  0.0000 0.8180 0.0000 0.1820 
78       78   (0)      6 :  0.1723 0.5913 0.0000 0.2364 
79       79   (0)      6 :  0.2285 0.7299 0.0000 0.0416 
80       80   (0)      7 :  0.1108 0.0000 0.8892 0.0000 
81       81   (0)      8 :  0.2207 0.0000 0.7277 0.0515 
82       82   (0)      9 :  0.0000 0.0000 0.0000 1.0000 
83       83   (0)     10 :  0.2003 0.0000 0.6658 0.1339 
84       84   (0)     11 :  0.1771 0.0000 0.8229 0.0000 
85       85   (0)     11 :  0.0888 0.0000 0.4665 0.4447 
86       86   (0)     12 :  0.2549 0.0000 0.2941 0.4510 
87       87   (0)     12 :  0.1483 0.0000 0.6755 0.1763 
88       88   (0)     12 :  0.2410 0.0000 0.7590 0.0000 
89       89   (0)     12 :  0.2015 0.0000 0.6321 0.1664 
90       90   (0)     12 :  0.2432 0.7147 0.0101 0.0320 
91       91   (0)     12 :  0.2377 0.0000 0.7623 0.0000 
92       92   (0)     12 :  0.2651 0.0000 0.7349 0.0000 
93       93   (0)     12 :  0.1155 0.0000 0.8845 0.0000 
94       94   (0)     13 :  0.3087 0.0000 0.6913 0.0000 
