  1        1   (0)      1 :  0.6840 0.0000 0.1655 0.1505 0.0000 
  2        2   (0)      1 :  0.0182 0.7925 0.1496 0.0000 0.0397 
  3        3   (0)      1 :  0.8254 0.0000 0.1746 0.0000 0.0000 
  4        4   (0)      1 :  0.8332 0.0000 0.1668 0.0000 0.0000 
  5        5   (0)      1 :  0.8078 0.0238 0.1624 0.0000 0.0061 
  6        6   (0)      1 :  0.0132 0.7501 0.2230 0.0000 0.0137 
  7        7   (0)      1 :  0.7605 0.0239 0.2156 0.0000 0.0000 
  8        8   (0)      1 :  0.0127 0.7855 0.1986 0.0000 0.0032 
  9        9   (0)      1 :  0.8123 0.0008 0.1868 0.0000 0.0000 
 10       10   (0)      2 :  0.7477 0.0000 0.2523 0.0000 0.0000 
 11       11   (0)      2 :  0.7300 0.0005 0.2591 0.0000 0.0104 
 12       12   (0)      2 :  0.0036 0.8488 0.1403 0.0000 0.0073 
 13       13   (0)      3 :  0.7469 0.0051 0.2471 0.0000 0.0010 
 14       14   (0)      3 :  0.0000 0.0000 0.0000 0.0000 1.0000 
 15       15   (0)      3 :  0.0043 0.7471 0.2080 0.0282 0.0124 
 16       16   (0)      3 :  0.0000 0.0000 0.0000 1.0000 0.0000 
 17       17   (0)      4 :  0.0000 0.0005 0.0008 0.5884 0.4103 
 18       18   (0)      4 :  0.0104 0.7067 0.2421 0.0040 0.0368 
 19       19   (0)      5 :  0.0076 0.7565 0.2358 0.0000 0.0000 
 20       20   (0)      5 :  0.3708 0.0000 0.3021 0.0000 0.3271 
 21       21   (0)      5 :  0.8189 0.0203 0.1608 0.0000 0.0000 
 22       22   (0)      5 :  0.7531 0.0137 0.2324 0.0000 0.0008 
 23       23   (0)      5 :  0.8110 0.0000 0.1890 0.0000 0.0000 
 24       24   (0)      5 :  0.7947 0.0006 0.1784 0.0000 0.0262 
 25       25   (0)      5 :  0.7561 0.0000 0.1693 0.0665 0.0082 
 26       26   (0)      5 :  0.4222 0.3942 0.1836 0.0000 0.0000 
 27       27   (0)      5 :  0.0000 0.0000 0.0000 1.0000 0.0000 
 28       28   (0)      5 :  0.0000 0.0000 0.0000 1.0000 0.0000 
 29       29   (0)      5 :  0.0000 0.7429 0.1730 0.0390 0.0451 
 30       30   (0)      5 :  0.0000 0.8139 0.1805 0.0000 0.0056 
 31       31   (0)      5 :  0.3806 0.4151 0.1910 0.0000 0.0133 
 32       32   (0)      5 :  0.7830 0.0047 0.1902 0.0000 0.0222 
 33       33   (0)      5 :  0.0202 0.8071 0.1538 0.0000 0.0189 
 34       34   (0)      5 :  0.0000 0.8325 0.1524 0.0000 0.0150 
 35       35   (0)      5 :  0.0004 0.8017 0.1833 0.0000 0.0146 
 36       36   (0)      6 :  0.0014 0.8048 0.1390 0.0548 0.0000 
 37       37   (0)      6 :  0.0000 0.0000 0.0000 1.0000 0.0000 
 38       38   (0)      6 :  0.0000 0.7163 0.2647 0.0000 0.0189 
 39       39   (0)      6 :  0.3567 0.4509 0.1925 0.0000 0.0000 
 40       40   (0)      6 :  0.0027 0.8477 0.1495 0.0000 0.0000 
 41       41   (0)      6 :  0.0181 0.7759 0.1792 0.0000 0.0268 
 42       42   (0)      6 :  0.0414 0.7893 0.1658 0.0000 0.0035 
 43       43   (0)      6 :  0.0464 0.6789 0.2375 0.0000 0.0373 
 44       44   (0)      6 :  0.0000 0.7577 0.2120 0.0000 0.0303 
 45       45   (0)      6 :  0.0000 0.8617 0.1383 0.0000 0.0000 
 46       46   (0)      6 :  0.3691 0.0000 0.2865 0.0000 0.3444 
 47       47   (0)      6 :  0.0059 0.7339 0.2602 0.0000 0.0000 
 48       48   (0)      7 :  0.0000 0.7827 0.2029 0.0000 0.0144 
 49       49   (0)      7 :  0.4950 0.3160 0.1885 0.0005 0.0000 
 50       50   (0)      7 :  0.0147 0.7471 0.2381 0.0000 0.0000 
 51       51   (0)      8 :  0.0002 0.7886 0.1325 0.0786 0.0000 
 52       52   (0)      8 :  0.0000 0.7265 0.1041 0.1694 0.0000 
 53       53   (0)      9 :  0.0000 0.7597 0.2147 0.0000 0.0256 
 54       54   (0)     10 :  0.0000 0.7342 0.2657 0.0000 0.0001 
 55       55   (0)     10 :  0.7397 0.0000 0.2603 0.0000 0.0000 
 56       56   (0)     10 :  0.0000 0.0000 0.0000 1.0000 0.0000 
 57       57   (0)     10 :  0.0000 0.7301 0.2482 0.0000 0.0217 
 58       58   (0)     11 :  0.0043 0.7425 0.1441 0.1090 0.0000 
 59       59   (0)     11 :  0.7387 0.0024 0.1693 0.0895 0.0000 
 60       60   (0)     11 :  0.0005 0.0621 0.0253 0.9121 0.0000 
 61       61   (0)     11 :  0.0000 0.8490 0.1508 0.0000 0.0001 
 62       62   (0)     11 :  0.0000 0.7941 0.1815 0.0219 0.0025 
 63       63   (0)     11 :  0.0000 0.6318 0.0762 0.2920 0.0000 
 64       64   (0)     11 :  0.0000 0.7691 0.1885 0.0180 0.0243 
 65       65   (0)     11 :  0.0000 0.0000 0.0000 1.0000 0.0000 
 66       66   (0)     11 :  0.0000 0.7659 0.1786 0.0556 0.0000 
 67       67   (0)     11 :  0.8762 0.0000 0.1033 0.0205 0.0000 
 68       68   (0)     11 :  0.5028 0.0000 0.0619 0.4353 0.0000 
 69       69   (0)     11 :  0.0000 0.3667 0.1049 0.5284 0.0000 
 70       70   (0)     11 :  0.0074 0.7679 0.2247 0.0000 0.0000 
 71       71   (0)     11 :  0.7345 0.0000 0.0957 0.1699 0.0000 
 72       72   (0)     12 :  0.8142 0.0069 0.1789 0.0000 0.0000 
 73       73   (0)     12 :  0.8151 0.0000 0.1849 0.0000 0.0000 
 74       74   (0)     12 :  0.8530 0.0032 0.1438 0.0000 0.0001 
 75       75   (0)     12 :  0.3839 0.3322 0.1538 0.1301 0.0000 
 76       76   (0)     12 :  0.8024 0.0000 0.1697 0.0280 0.0000 
 77       77   (0)     12 :  0.0156 0.7656 0.2106 0.0000 0.0082 
 78       78   (0)     12 :  0.0456 0.7386 0.1764 0.0394 0.0000 
 79       79   (0)     12 :  0.8703 0.0000 0.1297 0.0000 0.0000 
 80       80   (0)     12 :  0.0166 0.7109 0.1519 0.1206 0.0000 
 81       81   (0)     13 :  0.0000 0.0000 0.0000 1.0000 0.0000 
 82       82   (0)     13 :  0.8034 0.0005 0.1488 0.0000 0.0473 
 83       83   (0)     13 :  0.7849 0.0000 0.1190 0.0961 0.0000 
 84       84   (0)     13 :  0.8381 0.0000 0.1619 0.0000 0.0000 
 85       85   (0)     13 :  0.7797 0.0000 0.2029 0.0000 0.0174 
 86       86   (0)     13 :  0.7776 0.0000 0.1820 0.0404 0.0000 
 87       87   (0)     13 :  0.0312 0.7771 0.1916 0.0000 0.0001 
 88       88   (0)     13 :  0.8149 0.0000 0.1851 0.0000 0.0000 
 89       89   (0)     13 :  0.8283 0.0000 0.1700 0.0000 0.0016 
 90       90   (0)     13 :  0.7815 0.0000 0.2162 0.0000 0.0024 
 91       91   (0)     13 :  0.5208 0.0000 0.0981 0.3811 0.0000 
 92       92   (0)     13 :  0.7644 0.0326 0.2029 0.0000 0.0000 
 93       93   (0)     13 :  0.0318 0.7554 0.2128 0.0000 0.0000 
 94       94   (0)     13 :  0.8156 0.0000 0.1824 0.0000 0.0020 
 95       95   (0)     14 :  0.0032 0.7517 0.2197 0.0000 0.0254 
 96       96   (0)     14 :  0.7734 0.0034 0.2192 0.0000 0.0039 
 97       97   (0)     15 :  0.0000 0.0000 0.0000 1.0000 0.0000 
 98       98   (0)     15 :  0.0000 0.8171 0.1829 0.0000 0.0000 
 99       99   (0)     15 :  0.3748 0.0000 0.1060 0.0000 0.5192 
100      100   (0)     15 :  0.0000 0.7533 0.2298 0.0000 0.0169 
101      101   (0)     15 :  0.0000 0.0000 0.0000 0.0000 1.0000 
102      102   (0)     15 :  0.0000 0.7510 0.2105 0.0000 0.0386 
103      103   (0)     15 :  0.0313 0.7016 0.2345 0.0000 0.0325 
104      104   (0)     15 :  0.0000 0.0000 0.0000 0.0000 1.0000 
105      105   (0)     15 :  0.0000 0.0000 0.0000 0.0000 1.0000 
