  1        1   (0)      1 :  0.0000 0.0290 0.0000 0.0860 0.0000 0.1301 0.1068 0.0000 0.2732 0.3749 
  2        2   (0)      1 :  0.0226 0.0013 0.2609 0.1598 0.2392 0.0000 0.0260 0.2844 0.0034 0.0024 
  3        3   (0)      1 :  0.0000 0.0594 0.0000 0.0848 0.0000 0.0000 0.3187 0.0000 0.3457 0.1914 
  4        4   (0)      1 :  0.0000 0.0486 0.0000 0.1194 0.0000 0.0000 0.3225 0.0000 0.1850 0.3244 
  5        5   (0)      1 :  0.0015 0.0400 0.0012 0.1332 0.0008 0.0000 0.2719 0.0007 0.3946 0.1561 
  6        6   (0)      1 :  0.0010 0.0057 0.2419 0.1518 0.0965 0.0000 0.0411 0.4605 0.0000 0.0015 
  7        7   (0)      1 :  0.0000 0.0693 0.0000 0.0765 0.0015 0.0000 0.3256 0.0002 0.1982 0.3286 
  8        8   (0)      1 :  0.0000 0.0051 0.3834 0.1804 0.1901 0.0000 0.0302 0.2039 0.0007 0.0061 
  9        9   (0)      1 :  0.0000 0.0346 0.0000 0.0862 0.0000 0.0000 0.2683 0.0000 0.1589 0.4520 
 10       10   (0)      2 :  0.0000 0.1021 0.0000 0.1200 0.0000 0.0000 0.1642 0.0000 0.1148 0.4989 
 11       11   (0)      2 :  0.0002 0.0135 0.0002 0.0330 0.0000 0.0000 0.2361 0.0000 0.0527 0.6641 
 12       12   (0)      2 :  0.0002 0.0004 0.6287 0.0059 0.1312 0.0000 0.0000 0.2335 0.0000 0.0001 
 13       13   (0)      3 :  0.0000 0.0181 0.0000 0.0646 0.0009 0.0000 0.1138 0.0006 0.1390 0.6631 
 14       14   (0)      3 :  1.0000 0.0000 0.0000 0.0000 0.0000 0.0000 0.0000 0.0000 0.0000 0.0000 
 15       15   (0)      3 :  0.0002 0.0230 0.4393 0.0999 0.3562 0.0034 0.0715 0.0065 0.0000 0.0000 
 16       16   (0)      3 :  0.0000 0.0000 0.0000 0.0000 0.0000 1.0000 0.0000 0.0000 0.0000 0.0000 
 17       17   (0)      4 :  0.3683 0.0000 0.0000 0.0294 0.0060 0.5682 0.0002 0.0279 0.0000 0.0000 
 18       18   (0)      4 :  0.0101 0.0136 0.1795 0.1217 0.3487 0.0000 0.0458 0.2771 0.0020 0.0015 
 19       19   (0)      5 :  0.0000 0.0007 0.1032 0.1635 0.5050 0.0000 0.0143 0.2129 0.0004 0.0000 
 20       20   (0)      5 :  0.0458 0.9167 0.0000 0.0000 0.0000 0.0000 0.0000 0.0000 0.0248 0.0128 
 21       21   (0)      5 :  0.0000 0.0053 0.0013 0.1245 0.0017 0.0000 0.4526 0.0000 0.2624 0.1522 
 22       22   (0)      5 :  0.0000 0.0164 0.0007 0.0712 0.0015 0.0000 0.2074 0.0104 0.2682 0.4243 
 23       23   (0)      5 :  0.0000 0.0333 0.0000 0.0600 0.0000 0.0000 0.5576 0.0000 0.2432 0.1059 
 24       24   (0)      5 :  0.0087 0.0200 0.0000 0.0860 0.0000 0.0000 0.0917 0.0005 0.4744 0.3187 
 25       25   (0)      5 :  0.0005 0.0646 0.0000 0.0537 0.0000 0.0380 0.1061 0.0000 0.5208 0.2162 
 26       26   (0)      5 :  0.0000 0.0186 0.0968 0.1011 0.1794 0.0000 0.1296 0.1247 0.2257 0.1241 
 27       27   (0)      5 :  0.0000 0.0003 0.0005 0.0002 0.0000 0.9988 0.0000 0.0003 0.0000 0.0000 
 28       28   (0)      5 :  0.0000 0.0000 0.0000 0.0000 0.0000 1.0000 0.0000 0.0000 0.0000 0.0000 
 29       29   (0)      5 :  0.0252 0.0200 0.2427 0.0629 0.3817 0.0211 0.0000 0.2464 0.0000 0.0000 
 30       30   (0)      5 :  0.0000 0.0000 0.3272 0.0752 0.3078 0.0000 0.0000 0.2898 0.0000 0.0000 
 31       31   (0)      5 :  0.0001 0.0462 0.0620 0.1250 0.0756 0.0000 0.0459 0.2690 0.1094 0.2668 
 32       32   (0)      5 :  0.0000 0.0720 0.0000 0.1022 0.0000 0.0000 0.0632 0.0012 0.5616 0.1997 
 33       33   (0)      5 :  0.0011 0.0034 0.2879 0.1792 0.2695 0.0000 0.0073 0.2512 0.0003 0.0000 
 34       34   (0)      5 :  0.0002 0.0001 0.1052 0.0925 0.1598 0.0000 0.0061 0.6360 0.0000 0.0000 
 35       35   (0)      5 :  0.0015 0.0005 0.2412 0.1536 0.1431 0.0000 0.0203 0.4398 0.0000 0.0000 
 36       36   (0)      6 :  0.0000 0.0027 0.2771 0.1146 0.1101 0.0232 0.0444 0.4265 0.0003 0.0011 
 37       37   (0)      6 :  0.0000 0.0000 0.0000 0.0000 0.0000 1.0000 0.0000 0.0000 0.0000 0.0000 
 38       38   (0)      6 :  0.0001 0.0000 0.0307 0.0847 0.7514 0.0000 0.0000 0.1331 0.0000 0.0000 
 39       39   (0)      6 :  0.0000 0.0067 0.1752 0.1137 0.0349 0.0000 0.1382 0.2441 0.0751 0.2121 
 40       40   (0)      6 :  0.0000 0.0001 0.0970 0.0544 0.0906 0.0000 0.0142 0.7435 0.0000 0.0002 
 41       41   (0)      6 :  0.0089 0.0000 0.3374 0.1384 0.0944 0.0000 0.1007 0.3170 0.0004 0.0029 
 42       42   (0)      6 :  0.0003 0.0000 0.0501 0.0254 0.1165 0.0000 0.0037 0.7903 0.0017 0.0122 
 43       43   (0)      6 :  0.0071 0.0009 0.2035 0.1795 0.1360 0.0001 0.0663 0.3997 0.0041 0.0028 
 44       44   (0)      6 :  0.0077 0.0004 0.1482 0.0300 0.2796 0.0000 0.0000 0.5342 0.0000 0.0000 
 45       45   (0)      6 :  0.0000 0.0000 0.3847 0.1478 0.1774 0.0000 0.0218 0.2683 0.0000 0.0000 
 46       46   (0)      6 :  0.0499 0.9140 0.0000 0.0000 0.0000 0.0000 0.0000 0.0000 0.0238 0.0123 
 47       47   (0)      6 :  0.0000 0.0000 0.0532 0.1254 0.6551 0.0000 0.0200 0.1463 0.0000 0.0000 
 48       48   (0)      7 :  0.0014 0.0000 0.3589 0.1178 0.1849 0.0000 0.0200 0.3169 0.0000 0.0000 
 49       49   (0)      7 :  0.0000 0.0572 0.0300 0.0922 0.1672 0.0001 0.1002 0.1510 0.2986 0.1035 
 50       50   (0)      7 :  0.0000 0.0000 0.2058 0.1940 0.3056 0.0000 0.0651 0.2281 0.0000 0.0014 
 51       51   (0)      8 :  0.0000 0.0035 0.5833 0.0601 0.1540 0.0478 0.0106 0.1407 0.0000 0.0000 
 52       52   (0)      8 :  0.0000 0.0040 0.4302 0.0458 0.1204 0.1523 0.0133 0.2340 0.0000 0.0000 
 53       53   (0)      9 :  0.0018 0.0004 0.3362 0.0891 0.2309 0.0000 0.0723 0.2694 0.0000 0.0000 
 54       54   (0)     10 :  0.0000 0.0000 0.1487 0.1457 0.2749 0.0000 0.0270 0.4036 0.0000 0.0000 
 55       55   (0)     10 :  0.0000 0.0077 0.0000 0.0087 0.0000 0.0000 0.1395 0.0000 0.0423 0.8018 
 56       56   (0)     10 :  0.0000 0.0000 0.0000 0.0000 0.0000 1.0000 0.0000 0.0000 0.0000 0.0000 
 57       57   (0)     10 :  0.0000 0.0000 0.1946 0.1509 0.5244 0.0000 0.0600 0.0702 0.0000 0.0000 
 58       58   (0)     11 :  0.0000 0.0027 0.2847 0.0474 0.2115 0.1013 0.0111 0.3357 0.0050 0.0007 
 59       59   (0)     11 :  0.0000 0.0290 0.0152 0.0760 0.0001 0.0715 0.2240 0.0008 0.3260 0.2573 
 60       60   (0)     11 :  0.0000 0.0049 0.0578 0.0081 0.0175 0.8979 0.0000 0.0138 0.0000 0.0000 
 61       61   (0)     11 :  0.0000 0.0200 0.3928 0.1030 0.2986 0.0000 0.0130 0.1725 0.0000 0.0000 
 62       62   (0)     11 :  0.0000 0.0042 0.4877 0.0704 0.2400 0.0052 0.0243 0.1682 0.0000 0.0000 
 63       63   (0)     11 :  0.0000 0.0000 0.4377 0.0266 0.0966 0.2815 0.0172 0.1405 0.0000 0.0000 
 64       64   (0)     11 :  0.0021 0.0011 0.4308 0.1062 0.2572 0.0010 0.0582 0.1434 0.0000 0.0000 
 65       65   (0)     11 :  0.0000 0.0000 0.0000 0.0000 0.0000 1.0000 0.0000 0.0000 0.0000 0.0000 
 66       66   (0)     11 :  0.0000 0.0000 0.4656 0.0532 0.1630 0.0152 0.0200 0.2830 0.0000 0.0000 
 67       67   (0)     11 :  0.0000 0.0600 0.0000 0.1584 0.0000 0.0009 0.1350 0.0000 0.5274 0.1184 
 68       68   (0)     11 :  0.0000 0.0289 0.0000 0.0705 0.0000 0.4315 0.0867 0.0000 0.3043 0.0781 
 69       69   (0)     11 :  0.0000 0.0105 0.2206 0.1025 0.1292 0.4980 0.0205 0.0187 0.0000 0.0000 
 70       70   (0)     11 :  0.0000 0.0200 0.3290 0.1890 0.3315 0.0000 0.0600 0.0687 0.0018 0.0000 
 71       71   (0)     11 :  0.0000 0.0502 0.0000 0.0564 0.0000 0.1408 0.1408 0.0000 0.4766 0.1351 
 72       72   (0)     12 :  0.0000 0.0305 0.0000 0.1500 0.0000 0.0000 0.2085 0.0000 0.4091 0.2018 
 73       73   (0)     12 :  0.0000 0.0281 0.0000 0.1164 0.0000 0.0000 0.2041 0.0000 0.4397 0.2117 
 74       74   (0)     12 :  0.0000 0.0200 0.0000 0.1184 0.0000 0.0000 0.1812 0.0000 0.5459 0.1345 
 75       75   (0)     12 :  0.0000 0.0149 0.1145 0.0973 0.0855 0.1164 0.0591 0.1437 0.2327 0.1359 
 76       76   (0)     12 :  0.0000 0.0684 0.0000 0.0364 0.0000 0.0068 0.1166 0.0000 0.6677 0.1041 
 77       77   (0)     12 :  0.0000 0.0000 0.3857 0.2157 0.1435 0.0000 0.0224 0.2310 0.0008 0.0009 
 78       78   (0)     12 :  0.0000 0.0091 0.3459 0.1011 0.1996 0.0203 0.0535 0.2389 0.0195 0.0122 
 79       79   (0)     12 :  0.0000 0.0358 0.0000 0.0437 0.0000 0.0000 0.3185 0.0000 0.3892 0.2127 
 80       80   (0)     12 :  0.0000 0.0023 0.3985 0.0662 0.1479 0.1028 0.0203 0.2411 0.0111 0.0099 
 81       81   (0)     13 :  0.0000 0.0000 0.0000 0.0000 0.0000 1.0000 0.0000 0.0000 0.0000 0.0000 
 82       82   (0)     13 :  0.0088 0.0002 0.0000 0.0800 0.0000 0.0000 0.0632 0.0000 0.4277 0.4201 
 83       83   (0)     13 :  0.0000 0.0600 0.0000 0.0932 0.0000 0.0493 0.2278 0.0000 0.3774 0.1923 
 84       84   (0)     13 :  0.0000 0.1080 0.0000 0.0299 0.0000 0.0000 0.1224 0.0000 0.6471 0.0925 
 85       85   (0)     13 :  0.0010 0.0033 0.0000 0.1268 0.0000 0.0000 0.0956 0.0000 0.2672 0.5061 
 86       86   (0)     13 :  0.0000 0.0366 0.0000 0.1769 0.0000 0.0098 0.1464 0.0000 0.3367 0.2936 
 87       87   (0)     13 :  0.0000 0.0017 0.1731 0.1370 0.4803 0.0000 0.0166 0.1775 0.0087 0.0050 
 88       88   (0)     13 :  0.0000 0.0726 0.0000 0.1075 0.0000 0.0000 0.1694 0.0000 0.3212 0.3292 
 89       89   (0)     13 :  0.0001 0.0400 0.0000 0.0041 0.0000 0.0000 0.3945 0.0000 0.2272 0.3341 
 90       90   (0)     13 :  0.0000 0.0410 0.0000 0.0855 0.0000 0.0000 0.2177 0.0000 0.1862 0.4696 
 91       91   (0)     13 :  0.0000 0.0125 0.0000 0.0606 0.0000 0.3861 0.0235 0.0000 0.2299 0.2874 
 92       92   (0)     13 :  0.0000 0.0000 0.0043 0.0420 0.0039 0.0000 0.2724 0.0049 0.1689 0.5036 
 93       93   (0)     13 :  0.0000 0.0000 0.1081 0.1309 0.5215 0.0000 0.0036 0.2171 0.0043 0.0146 
 94       94   (0)     13 :  0.0000 0.0075 0.0000 0.0953 0.0000 0.0000 0.1903 0.0000 0.4546 0.2523 
 95       95   (0)     14 :  0.0022 0.0002 0.3022 0.0504 0.5366 0.0000 0.0484 0.0589 0.0000 0.0012 
 96       96   (0)     14 :  0.0000 0.0205 0.0004 0.0676 0.0000 0.0000 0.1553 0.0014 0.1381 0.6167 
 97       97   (0)     15 :  0.0000 0.0000 0.0000 0.0000 0.0000 1.0000 0.0000 0.0000 0.0000 0.0000 
 98       98   (0)     15 :  0.0000 0.0000 0.0200 0.0644 0.2505 0.0000 0.0000 0.6651 0.0000 0.0000 
 99       99   (0)     15 :  0.5141 0.0000 0.0000 0.0957 0.0000 0.0000 0.1503 0.0000 0.1730 0.0669 
100      100   (0)     15 :  0.0032 0.0001 0.2926 0.1830 0.2266 0.0000 0.0274 0.2671 0.0000 0.0000 
101      101   (0)     15 :  1.0000 0.0000 0.0000 0.0000 0.0000 0.0000 0.0000 0.0000 0.0000 0.0000 
102      102   (0)     15 :  0.0086 0.0024 0.0506 0.1515 0.4981 0.0000 0.0062 0.2826 0.0000 0.0000 
103      103   (0)     15 :  0.0043 0.0000 0.0305 0.1517 0.6515 0.0000 0.0234 0.1336 0.0000 0.0051 
104      104   (0)     15 :  1.0000 0.0000 0.0000 0.0000 0.0000 0.0000 0.0000 0.0000 0.0000 0.0000 
105      105   (0)     15 :  1.0000 0.0000 0.0000 0.0000 0.0000 0.0000 0.0000 0.0000 0.0000 0.0000 
