1        1   (0)      1  : 0.0000 0.2654 0.1498 0.0000 0.5409 0.0000 0.0000 0.0440
2        2   (0)      1  : 0.3168 0.0083 0.0000 0.0287 0.0059 0.3128 0.2596 0.0679
3        3   (0)      1  : 0.0000 0.6350 0.0000 0.0000 0.3462 0.0000 0.0000 0.0187
4        4   (0)      1  : 0.0000 0.4418 0.0000 0.0000 0.5060 0.0000 0.0000 0.0522
5        5   (0)      1  : 0.0060 0.5556 0.0000 0.0019 0.3891 0.0000 0.0036 0.0437
6        6   (0)      1  : 0.0846 0.0000 0.0000 0.0017 0.0010 0.3660 0.4328 0.1138
7        7   (0)      1  : 0.0063 0.4409 0.0000 0.0000 0.4466 0.0077 0.0041 0.0944
8        8   (0)      1  : 0.4579 0.0019 0.0000 0.0000 0.0044 0.1970 0.3039 0.0348
9        9   (0)      1  : 0.0000 0.3294 0.0000 0.0000 0.6539 0.0000 0.0005 0.0162
10       10   (0)      2  : 0.0000 0.1752 0.0000 0.0000 0.7101 0.0000 0.0000 0.1146
11       11   (0)      2  : 0.0000 0.1296 0.0000 0.0007 0.8552 0.0001 0.0016 0.0128
12       12   (0)      2  : 0.7082 0.0000 0.0000 0.0000 0.0000 0.0631 0.2287 0.0000
13       13   (0)      3  : 0.0000 0.1823 0.0000 0.0000 0.7338 0.0050 0.0000 0.0789
14       14   (0)      3  : 0.0000 0.0000 0.0000 1.0000 0.0000 0.0000 0.0000 0.0000
15       15   (0)      3  : 0.7761 0.0000 0.0024 0.0000 0.0000 0.0931 0.1055 0.0229
16       16   (0)      3  : 0.0000 0.0000 1.0000 0.0000 0.0000 0.0000 0.0000 0.0000
17       17   (0)      4  : 0.0000 0.0000 0.5777 0.3833 0.0000 0.0322 0.0000 0.0067
18       18   (0)      4  : 0.1132 0.0020 0.0000 0.0187 0.0003 0.3267 0.3947 0.1443
19       19   (0)      5  : 0.0652 0.0004 0.0000 0.0000 0.0000 0.3699 0.5146 0.0499
20       20   (0)      5  : 0.0000 0.1987 0.0000 0.1756 0.0443 0.0000 0.0000 0.5814
21       21   (0)      5  : 0.0013 0.5882 0.0000 0.0002 0.3843 0.0073 0.0091 0.0097
22       22   (0)      5  : 0.0000 0.3267 0.0000 0.0000 0.6118 0.0240 0.0051 0.0324
23       23   (0)      5  : 0.0000 0.7075 0.0000 0.0000 0.2556 0.0000 0.0005 0.0364
24       24   (0)      5  : 0.0002 0.3335 0.0000 0.0135 0.5743 0.0000 0.0000 0.0785
25       25   (0)      5  : 0.0000 0.4906 0.0583 0.0017 0.3655 0.0000 0.0000 0.0838
26       26   (0)      5  : 0.1163 0.3141 0.0000 0.0000 0.1483 0.1793 0.1491 0.0930
27       27   (0)      5  : 0.0000 0.0000 0.9991 0.0000 0.0000 0.0000 0.0008 0.0000
28       28   (0)      5  : 0.0000 0.0000 1.0000 0.0000 0.0000 0.0000 0.0000 0.0000
29       29   (0)      5  : 0.2758 0.0000 0.0253 0.0302 0.0000 0.3579 0.2813 0.0295
30       30   (0)      5  : 0.2102 0.0000 0.0000 0.0000 0.0000 0.2997 0.4192 0.0710
31       31   (0)      5  : 0.0670 0.0942 0.0000 0.0006 0.3373 0.2812 0.0887 0.1310
32       32   (0)      5  : 0.0016 0.6855 0.0000 0.0023 0.2444 0.0017 0.0005 0.0640
33       33   (0)      5  : 0.4076 0.0050 0.0000 0.0037 0.0000 0.2929 0.2321 0.0588
34       34   (0)      5  : 0.0613 0.0000 0.0000 0.0008 0.0000 0.7850 0.1521 0.0008
35       35   (0)      5  : 0.2585 0.0000 0.0000 0.0022 0.0000 0.3740 0.3071 0.0582
36       36   (0)      6  : 0.2932 0.0000 0.0356 0.0000 0.0003 0.3501 0.2499 0.0709
37       37   (0)      6  : 0.0000 0.0000 1.0000 0.0000 0.0000 0.0000 0.0000 0.0000
38       38   (0)      6  : 0.0317 0.0000 0.0000 0.0002 0.0000 0.2674 0.6192 0.0816
39       39   (0)      6  : 0.2167 0.1440 0.0000 0.0000 0.3017 0.2285 0.0592 0.0500
40       40   (0)      6  : 0.0685 0.0000 0.0000 0.0000 0.0000 0.7822 0.1131 0.0363
41       41   (0)      6  : 0.5550 0.0022 0.0000 0.0128 0.0025 0.3065 0.0773 0.0437
42       42   (0)      6  : 0.0290 0.0047 0.0000 0.0008 0.0051 0.9052 0.0527 0.0023
43       43   (0)      6  : 0.0697 0.0165 0.0000 0.0129 0.0015 0.4583 0.3218 0.1192
44       44   (0)      6  : 0.1588 0.0000 0.0000 0.0079 0.0000 0.5414 0.2638 0.0281
45       45   (0)      6  : 0.6999 0.0000 0.0000 0.0000 0.0000 0.1416 0.0991 0.0594
46       46   (0)      6  : 0.0000 0.1879 0.0000 0.1922 0.0424 0.0000 0.0000 0.5774
47       47   (0)      6  : 0.1068 0.0003 0.0000 0.0000 0.0000 0.2516 0.5415 0.0998
48       48   (0)      7  : 0.1928 0.0000 0.0000 0.0016 0.0000 0.4131 0.3830 0.0095
49       49   (0)      7  : 0.0129 0.3667 0.0003 0.0000 0.1809 0.2074 0.1306 0.1012
50       50   (0)      7  : 0.2250 0.0004 0.0000 0.0000 0.0038 0.2637 0.4356 0.0714
51       51   (0)      8  : 0.7673 0.0000 0.0391 0.0000 0.0000 0.0354 0.1421 0.0161
52       52   (0)      8  : 0.4454 0.0000 0.1603 0.0000 0.0000 0.2562 0.1290 0.0090
53       53   (0)      9  : 0.2112 0.0000 0.0000 0.0012 0.0000 0.2331 0.5200 0.0345
54       54   (0)     10  : 0.0100 0.0000 0.0000 0.0000 0.0000 0.4625 0.4760 0.0516
55       55   (0)     10  : 0.0000 0.0632 0.0000 0.0000 0.7854 0.0000 0.0000 0.1514
56       56   (0)     10  : 0.0000 0.0000 1.0000 0.0000 0.0000 0.0000 0.0000 0.0000
57       57   (0)     10  : 0.2464 0.0000 0.0000 0.0009 0.0000 0.0630 0.5269 0.1629
58       58   (0)     11  : 0.2933 0.0036 0.1043 0.0000 0.0004 0.3206 0.2445 0.0334
59       59   (0)     11  : 0.0169 0.4110 0.0760 0.0000 0.4262 0.0010 0.0001 0.0688
60       60   (0)     11  : 0.0544 0.0000 0.8997 0.0000 0.0000 0.0031 0.0373 0.0055
61       61   (0)     11  : 0.5163 0.0000 0.0000 0.0000 0.0000 0.1366 0.2945 0.0526
62       62   (0)     11  : 0.6429 0.0000 0.0036 0.0000 0.0000 0.1541 0.1398 0.0597
63       63   (0)     11  : 0.5289 0.0000 0.2871 0.0000 0.0000 0.0690 0.1101 0.0049
64       64   (0)     11  : 0.6056 0.0000 0.0009 0.0039 0.0000 0.1441 0.2375 0.0079
65       65   (0)     11  : 0.0000 0.0000 1.0000 0.0000 0.0000 0.0000 0.0000 0.0000
66       66   (0)     11  : 0.3844 0.0000 0.0172 0.0000 0.0000 0.2580 0.3315 0.0089
67       67   (0)     11  : 0.0000 0.6825 0.0071 0.0000 0.2915 0.0000 0.0000 0.0190
68       68   (0)     11  : 0.0000 0.4099 0.4348 0.0000 0.1246 0.0000 0.0000 0.0307
69       69   (0)     11  : 0.3130 0.0000 0.5022 0.0000 0.0000 0.0838 0.0668 0.0342
70       70   (0)     11  : 0.3142 0.0000 0.0000 0.0000 0.0000 0.2036 0.3238 0.1585
71       71   (0)     11  : 0.0000 0.4575 0.1620 0.0000 0.3138 0.0000 0.0000 0.0667
72       72   (0)     12  : 0.0016 0.6677 0.0000 0.0000 0.2825 0.0045 0.0012 0.0424
73       73   (0)     12  : 0.0000 0.5517 0.0000 0.0000 0.3794 0.0000 0.0000 0.0690
74       74   (0)     12  : 0.0004 0.6977 0.0000 0.0000 0.2394 0.0000 0.0013 0.0612
75       75   (0)     12  : 0.1466 0.2342 0.1232 0.0000 0.2192 0.1688 0.0794 0.0286
76       76   (0)     12  : 0.0000 0.6726 0.0138 0.0000 0.2049 0.0000 0.0000 0.1086
77       77   (0)     12  : 0.3529 0.0007 0.0000 0.0000 0.0019 0.1564 0.4694 0.0186
78       78   (0)     12  : 0.4552 0.0240 0.0260 0.0000 0.0151 0.2488 0.1979 0.0329
79       79   (0)     12  : 0.0000 0.4693 0.0000 0.0000 0.5307 0.0000 0.0000 0.0000
80       80   (0)     12  : 0.3488 0.0092 0.1132 0.0000 0.0152 0.2344 0.2338 0.0455
81       81   (0)     13  : 0.0000 0.0000 1.0000 0.0000 0.0000 0.0000 0.0000 0.0000
82       82   (0)     13  : 0.0003 0.3007 0.0000 0.0257 0.6547 0.0009 0.0000 0.0177
83       83   (0)     13  : 0.0000 0.4973 0.0836 0.0000 0.4057 0.0000 0.0000 0.0135
84       84   (0)     13  : 0.0000 0.7357 0.0000 0.0000 0.1637 0.0000 0.0000 0.1006
85       85   (0)     13  : 0.0000 0.3701 0.0000 0.0038 0.6188 0.0000 0.0000 0.0074
86       86   (0)     13  : 0.0000 0.4729 0.0282 0.0000 0.4638 0.0000 0.0000 0.0350
87       87   (0)     13  : 0.3488 0.0161 0.0000 0.0000 0.0036 0.3275 0.2548 0.0492
88       88   (0)     13  : 0.0000 0.4713 0.0000 0.0000 0.3927 0.0000 0.0000 0.1360
89       89   (0)     13  : 0.0000 0.4891 0.0000 0.0001 0.4983 0.0000 0.0000 0.0125
90       90   (0)     13  : 0.0000 0.3820 0.0000 0.0000 0.5308 0.0000 0.0008 0.0864
91       91   (0)     13  : 0.0000 0.2765 0.3899 0.0000 0.2285 0.0000 0.0000 0.1051
92       92   (0)     13  : 0.0045 0.3718 0.0000 0.0000 0.5533 0.0143 0.0121 0.0440
93       93   (0)     13  : 0.0839 0.0032 0.0000 0.0000 0.0078 0.2167 0.5257 0.1627
94       94   (0)     13  : 0.0000 0.5110 0.0000 0.0001 0.4593 0.0000 0.0009 0.0287
95       95   (0)     14  : 0.6532 0.0000 0.0000 0.0033 0.0000 0.0617 0.2393 0.0426
96       96   (0)     14  : 0.0005 0.2360 0.0000 0.0000 0.7224 0.0006 0.0009 0.0396
97       97   (0)     15  : 0.0000 0.0000 1.0000 0.0000 0.0000 0.0000 0.0000 0.0000
98       98   (0)     15  : 0.0000 0.0000 0.0000 0.0000 0.0000 0.8997 0.1003 0.0000
99       99   (0)     15  : 0.0000 0.3095 0.0000 0.5180 0.1564 0.0000 0.0000 0.0162
100      100   (0)     15  : 0.2666 0.0000 0.0000 0.0034 0.0000 0.2520 0.2952 0.1827
101      101   (0)     15  : 0.0000 0.0000 0.0000 1.0000 0.0000 0.0000 0.0000 0.0000
102      102   (0)     15  : 0.0858 0.0000 0.0000 0.0106 0.0000 0.4791 0.3379 0.0866
103      103   (0)     15  : 0.1129 0.0044 0.0000 0.0080 0.0062 0.3387 0.4003 0.1295
104      104   (0)     15  : 0.0000 0.0000 0.0000 1.0000 0.0000 0.0000 0.0000 0.0000
105      105   (0)     15  : 0.0000 0.0000 0.0000 1.0000 0.0000 0.0000 0.0000 0.0000
