1        1   (0)      1  : 0.0330 0.0000 0.0000 0.0000 0.0000 0.0000 0.3250 0.4582 0.0000 0.0073 0.0507 0.0047 0.0021 0.0647 0.0208 0.0160 0.0174
2        2   (0)      1  : 0.0000 0.0000 0.0053 0.0000 0.0710 0.0000 0.8469 0.0000 0.0000 0.0002 0.0000 0.0116 0.0643 0.0000 0.0001 0.0000 0.0005
3        3   (0)      1  : 0.0000 0.0000 0.0000 0.0000 0.0000 0.0000 0.2790 0.7210 0.0000 0.0000 0.0000 0.0000 0.0000 0.0000 0.0000 0.0000 0.0000
4        4   (0)      1  : 0.0000 0.0000 0.0000 0.0000 0.0000 0.0000 1.0000 0.0000 0.0000 0.0000 0.0000 0.0000 0.0000 0.0000 0.0000 0.0000 0.0000
5        5   (0)      1  : 0.1355 0.0000 0.1304 0.0000 0.0089 0.0954 0.1776 0.0115 0.0000 0.0000 0.2525 0.0003 0.0015 0.0098 0.0253 0.0750 0.0763
6        6   (0)      1  : 0.3388 0.0000 0.1004 0.0000 0.0137 0.0588 0.0870 0.0058 0.0000 0.0017 0.2142 0.0149 0.0024 0.0055 0.0154 0.0658 0.0756
7        7   (0)      1  : 0.2572 0.0000 0.0000 0.0000 0.0003 0.0000 0.0000 0.0013 0.0000 0.0006 0.4670 0.0122 0.0375 0.0396 0.0036 0.0510 0.1296
8        8   (0)      1  : 0.1813 0.0000 0.0940 0.0000 0.0104 0.0480 0.2543 0.0066 0.0000 0.0002 0.2409 0.0000 0.0000 0.0116 0.0028 0.0588 0.0912
9        9   (0)      1  : 0.0000 0.0000 0.0000 0.0000 0.0000 0.0000 1.0000 0.0000 0.0000 0.0000 0.0000 0.0000 0.0000 0.0000 0.0000 0.0000 0.0000
10       10   (0)      1  : 0.1233 0.0000 0.0000 0.0000 0.0032 0.0000 0.0000 0.0001 0.0000 0.0381 0.7143 0.0084 0.0034 0.0294 0.0007 0.0111 0.0681
11       11   (0)      1  : 0.1690 0.0000 0.0000 0.0000 0.0106 0.0000 0.0003 0.0000 0.0000 0.0262 0.5025 0.0053 0.0286 0.0236 0.0606 0.1338 0.0395
12       12   (0)      1  : 0.0000 0.0000 0.0000 0.0000 0.0000 0.0000 0.0000 0.0000 0.0000 0.0000 0.0000 0.0000 1.0000 0.0000 0.0000 0.0000 0.0000
13       13   (0)      1  : 0.1948 0.0000 0.0000 0.0000 0.0004 0.0000 0.0000 0.0007 0.0000 0.0331 0.5466 0.0261 0.0035 0.0686 0.0065 0.0587 0.0611
14       14   (0)      1  : 0.0608 0.0073 0.0929 0.0017 0.0000 0.1031 0.0750 0.0892 0.0245 0.0001 0.3707 0.0208 0.0707 0.0099 0.0027 0.0293 0.0411
15       15   (0)      1  : 0.0000 0.0000 0.9998 0.0000 0.0000 0.0000 0.0000 0.0000 0.0000 0.0002 0.0000 0.0000 0.0000 0.0000 0.0000 0.0000 0.0000
16       16   (0)      1  : 0.0000 0.0000 0.0000 0.0000 0.0000 0.0000 0.0816 0.6531 0.0000 0.0000 0.0000 0.0000 0.0000 0.0000 0.2653 0.0000 0.0000
17       17   (0)      1  : 0.0000 0.0000 0.0000 0.0000 0.0000 0.0000 0.0816 0.6531 0.0000 0.0000 0.0000 0.0000 0.0000 0.0000 0.2653 0.0000 0.0000
18       18   (0)      1  : 0.0000 0.0000 0.0000 0.0000 0.0000 0.0000 0.0000 0.0000 0.0000 0.9796 0.0000 0.0000 0.0204 0.0000 0.0000 0.0000 0.0000
19       19   (0)      1  : 0.2206 0.0000 0.0000 0.0000 0.0268 0.0000 0.0054 0.0222 0.0000 0.0071 0.3734 0.0366 0.0071 0.0481 0.0924 0.0822 0.0779
20       20   (0)      1  : 0.1811 0.0000 0.0000 0.0000 0.0009 0.0000 0.0000 0.0002 0.0000 0.0030 0.5237 0.0274 0.0027 0.0026 0.0408 0.1758 0.0419
21       21   (0)      1  : 0.0000 0.0000 0.0000 0.0000 0.0000 0.0000 0.2708 0.7292 0.0000 0.0000 0.0000 0.0000 0.0000 0.0000 0.0000 0.0000 0.0000
22       22   (0)      1  : 0.0000 0.0000 1.0000 0.0000 0.0000 0.0000 0.0000 0.0000 0.0000 0.0000 0.0000 0.0000 0.0000 0.0000 0.0000 0.0000 0.0000
23       23   (0)      1  : 0.2233 0.0000 0.0000 0.0000 0.0215 0.0000 0.0078 0.0017 0.0000 0.0002 0.5415 0.0088 0.0327 0.0001 0.0240 0.1118 0.0265
24       24   (0)      2  : 0.0000 0.0000 0.0000 0.0000 0.0000 0.0000 0.2401 0.7285 0.0000 0.0000 0.0000 0.0000 0.0000 0.0000 0.0314 0.0000 0.0000
25       25   (0)      2  : 0.4167 0.0000 0.0000 0.0000 0.0031 0.0000 0.0000 0.0000 0.0000 0.0000 0.2035 0.0002 0.0000 0.0229 0.0091 0.2762 0.0683
26       26   (0)      2  : 0.0780 0.0000 0.0000 0.0000 0.0008 0.0000 0.3197 0.3432 0.0000 0.0115 0.0978 0.0408 0.0000 0.0000 0.0291 0.0594 0.0198
27       27   (0)      2  : 0.3194 0.0000 0.0000 0.0000 0.0252 0.0000 0.0071 0.0414 0.0000 0.0913 0.3301 0.0064 0.0164 0.0097 0.0141 0.0705 0.0684
28       28   (0)      2  : 0.6320 0.0000 0.0224 0.0000 0.0008 0.0016 0.0068 0.0336 0.0000 0.0008 0.1198 0.0190 0.0000 0.0091 0.0105 0.0553 0.0883
29       29   (0)      2  : 0.2743 0.0000 0.0000 0.0000 0.0411 0.0000 0.0037 0.0248 0.0000 0.0436 0.3474 0.0190 0.0064 0.0260 0.0285 0.1503 0.0350
30       30   (0)      2  : 0.0000 0.0387 0.0000 0.6044 0.0000 0.0000 0.0000 0.0000 0.2141 0.0000 0.0000 0.0000 0.0000 0.0000 0.0408 0.0000 0.1020
31       31   (0)      2  : 0.3924 0.0000 0.0091 0.0000 0.0023 0.0059 0.0025 0.0176 0.0000 0.0515 0.2593 0.0101 0.0071 0.0194 0.0188 0.1081 0.0961
32       32   (0)      2  : 0.0000 0.0000 0.0000 0.0000 0.0000 0.0000 0.2950 0.7050 0.0000 0.0000 0.0000 0.0000 0.0000 0.0000 0.0000 0.0000 0.0000
33       33   (0)      2  : 0.0000 0.0000 0.0000 0.0000 0.0000 0.0000 0.0000 0.0000 0.0000 0.9796 0.0000 0.0000 0.0204 0.0000 0.0000 0.0000 0.0000
34       34   (0)      2  : 0.1875 0.0000 0.0000 0.0000 0.0003 0.0000 0.0000 0.0000 0.0000 0.0020 0.5226 0.0008 0.0004 0.0150 0.0662 0.1608 0.0444
35       35   (0)      2  : 0.4501 0.0000 0.0224 0.0000 0.0233 0.0000 0.0147 0.0183 0.0000 0.0201 0.1942 0.0378 0.0386 0.0330 0.0203 0.0749 0.0524
36       36   (0)      2  : 0.0000 0.0000 0.0000 0.0000 0.0000 0.0000 0.9989 0.0000 0.0000 0.0000 0.0000 0.0000 0.0000 0.0011 0.0000 0.0000 0.0000
37       37   (0)      3  : 0.2095 0.0000 0.0000 0.0000 0.0207 0.0000 0.0013 0.0073 0.0000 0.0038 0.6022 0.0146 0.0132 0.0313 0.0073 0.0398 0.0489
38       38   (0)      3  : 0.1054 0.0000 0.0000 0.0000 0.1816 0.0000 0.0128 0.0204 0.0000 0.0042 0.1587 0.0142 0.0007 0.0166 0.0000 0.4847 0.0005
39       39   (0)      3  : 0.5120 0.0000 0.0000 0.0000 0.0244 0.0000 0.0000 0.0081 0.0000 0.0039 0.2220 0.0026 0.0140 0.0456 0.0134 0.0742 0.0798
40       40   (0)      3  : 0.1552 0.0000 0.0000 0.0000 0.0005 0.0000 0.0000 0.0029 0.0000 0.0004 0.5398 0.0173 0.0120 0.0003 0.0447 0.1850 0.0418
41       41   (0)      3  : 0.5657 0.0000 0.0000 0.0000 0.0339 0.0000 0.0026 0.0247 0.0000 0.0217 0.1256 0.0004 0.0074 0.0041 0.0864 0.0574 0.0700
42       42   (0)      4  : 0.0000 0.4659 0.0000 0.1213 0.0000 0.0000 0.0000 0.0000 0.0441 0.0000 0.0000 0.0000 0.0000 0.0000 0.0940 0.0341 0.2407
43       43   (0)      4  : 0.4216 0.0001 0.0000 0.0000 0.0108 0.0064 0.0000 0.0053 0.0000 0.0003 0.2761 0.0112 0.0218 0.0234 0.0203 0.0758 0.1269
44       44   (0)      4  : 0.0000 0.6326 0.0000 0.1738 0.0000 0.0000 0.0000 0.0000 0.0071 0.0000 0.0000 0.0000 0.0000 0.0000 0.0233 0.0408 0.1224
45       45   (0)      4  : 0.0000 0.5731 0.0000 0.2004 0.0000 0.0000 0.0000 0.0066 0.0667 0.0000 0.0000 0.0000 0.0000 0.0000 0.0382 0.0356 0.0794
46       46   (0)      4  : 0.4141 0.0066 0.0063 0.0042 0.0000 0.0000 0.0233 0.0144 0.0000 0.0003 0.2834 0.0141 0.0006 0.0159 0.0573 0.0419 0.1175
47       47   (0)      4  : 0.8625 0.0000 0.0000 0.0000 0.0000 0.0000 0.0000 0.0002 0.0000 0.0011 0.0096 0.0236 0.0000 0.0458 0.0204 0.0082 0.0285
48       48   (0)      4  : 0.3014 0.0000 0.0000 0.0000 0.0039 0.0000 0.0001 0.0000 0.0000 0.0229 0.3951 0.0217 0.0223 0.0343 0.0001 0.1340 0.0642
49       49   (0)      4  : 0.2559 0.0000 0.0000 0.0000 0.0000 0.0000 0.0005 0.0003 0.0000 0.0002 0.5416 0.0009 0.0052 0.0030 0.0000 0.0582 0.1344
50       50   (0)      4  : 0.0000 0.0000 0.0000 0.0000 0.0000 0.0000 0.0000 0.0000 0.0000 0.0204 0.0000 0.0000 0.0000 0.9796 0.0000 0.0000 0.0000
51       51   (0)      4  : 0.0787 0.0670 0.0205 0.0411 0.0000 0.2893 0.0000 0.0020 0.1170 0.0013 0.1011 0.0004 0.0000 0.1092 0.0636 0.0165 0.0922
52       52   (0)      4  : 0.6381 0.0024 0.0000 0.0009 0.0000 0.0083 0.0015 0.0002 0.0000 0.0168 0.0890 0.0480 0.0006 0.0154 0.0120 0.0233 0.1433
53       53   (0)      4  : 0.7309 0.0000 0.0000 0.0000 0.0081 0.0000 0.0000 0.0011 0.0000 0.0058 0.0408 0.0000 0.0149 0.0039 0.0141 0.1381 0.0423
54       54   (0)      4  : 0.5035 0.0101 0.0071 0.0006 0.0250 0.0000 0.0000 0.0048 0.0052 0.0006 0.2108 0.0182 0.0000 0.0369 0.0087 0.0783 0.0902
55       55   (0)      4  : 0.0000 0.0000 0.0000 0.0000 0.0000 0.0000 0.0000 0.0000 0.0000 0.0204 0.0000 0.0000 0.0000 0.9796 0.0000 0.0000 0.0000
56       56   (0)      4  : 0.0000 0.4888 0.0000 0.0903 0.0000 0.0000 0.0000 0.0000 0.1146 0.0000 0.0000 0.0000 0.0000 0.0000 0.1267 0.0173 0.1623
57       57   (0)      5  : 0.4985 0.0000 0.0000 0.0000 0.0015 0.0000 0.0012 0.0008 0.0000 0.0062 0.2239 0.0082 0.0096 0.0002 0.0263 0.1443 0.0793
58       58   (0)      5  : 0.5037 0.0000 0.0000 0.0000 0.0063 0.0000 0.0003 0.0040 0.0000 0.0600 0.1196 0.0160 0.0007 0.0112 0.0427 0.1920 0.0435
59       59   (0)      5  : 0.0000 0.4221 0.0000 0.4420 0.0000 0.0000 0.0000 0.0000 0.0068 0.0000 0.0000 0.0000 0.0000 0.0000 0.0567 0.0000 0.0725
60       60   (0)      5  : 0.5399 0.0000 0.0000 0.0000 0.0000 0.0000 0.0000 0.0015 0.0000 0.0016 0.1952 0.0384 0.0266 0.0000 0.0460 0.0411 0.1096
61       61   (0)      5  : 0.1858 0.1691 0.0956 0.0815 0.0775 0.0434 0.0000 0.0009 0.0924 0.0001 0.0436 0.0000 0.0024 0.0000 0.0908 0.0365 0.0806
62       62   (0)      5  : 0.0000 0.3469 0.0000 0.2245 0.0000 0.0000 0.0000 0.0000 0.1429 0.0000 0.0000 0.0000 0.0000 0.0000 0.1633 0.0204 0.1020
63       63   (0)      5  : 0.3911 0.0448 0.0055 0.0325 0.0167 0.0398 0.0205 0.0147 0.0478 0.0006 0.1467 0.0082 0.0133 0.0204 0.0462 0.0671 0.0841
64       64   (0)      5  : 0.4883 0.0000 0.0000 0.0000 0.0253 0.0000 0.0000 0.0061 0.0000 0.0019 0.1385 0.0305 0.0361 0.0000 0.0851 0.1047 0.0834
65       65   (0)      5  : 0.5953 0.0000 0.0000 0.0000 0.0000 0.0000 0.0000 0.0000 0.0000 0.0038 0.2048 0.0007 0.0132 0.0071 0.0109 0.0702 0.0940
66       66   (0)      5  : 0.2645 0.0000 0.0000 0.0000 0.0035 0.0000 0.0000 0.0065 0.0000 0.0002 0.4930 0.0039 0.0002 0.0410 0.0182 0.0643 0.1047
67       67   (0)      5  : 0.0215 0.0224 0.0168 0.0056 0.0001 0.0363 0.0000 0.0000 0.7994 0.0000 0.0398 0.0000 0.0000 0.0000 0.0230 0.0033 0.0316
68       68   (0)      5  : 0.0000 0.4306 0.0000 0.2005 0.0000 0.0204 0.0000 0.0000 0.2744 0.0000 0.0000 0.0000 0.0000 0.0000 0.0000 0.0000 0.0741
69       69   (0)      5  : 0.2911 0.0046 0.0000 0.0010 0.0515 0.0016 0.0179 0.0071 0.2311 0.0014 0.1326 0.0107 0.0072 0.0400 0.0147 0.1484 0.0392
70       70   (0)      5  : 0.0000 0.0204 0.0000 0.0000 0.0000 0.0000 0.0000 0.0000 0.9796 0.0000 0.0000 0.0000 0.0000 0.0000 0.0000 0.0000 0.0000
71       71   (0)      5  : 0.0000 0.1886 0.0000 0.4359 0.0000 0.0000 0.0000 0.0204 0.1507 0.0000 0.0000 0.0000 0.0000 0.0000 0.0295 0.0204 0.1546
72       72   (0)      5  : 0.5085 0.0162 0.0005 0.0231 0.0025 0.0022 0.0038 0.0086 0.0499 0.0050 0.1065 0.0028 0.0252 0.0075 0.0236 0.1466 0.0675
73       73   (0)      5  : 0.2502 0.0000 0.0000 0.0000 0.0024 0.0000 0.0006 0.0075 0.0000 0.0009 0.4422 0.0331 0.0048 0.0056 0.0083 0.1652 0.0792
74       74   (0)      5  : 0.0000 0.5226 0.0000 0.3474 0.0000 0.0000 0.0000 0.0000 0.0302 0.0000 0.0000 0.0000 0.0000 0.0000 0.0005 0.0204 0.0789
75       75   (0)      6  : 0.0000 0.1077 0.0000 0.6864 0.0000 0.0204 0.0000 0.0000 0.0963 0.0000 0.0000 0.0000 0.0000 0.0000 0.0249 0.0029 0.0614
76       76   (0)      6  : 0.4771 0.0023 0.0097 0.0204 0.0001 0.0144 0.0007 0.0146 0.0095 0.0113 0.2542 0.0072 0.0092 0.0043 0.0117 0.0336 0.1197
77       77   (0)      6  : 0.0000 0.2668 0.0000 0.5188 0.0000 0.0204 0.0000 0.0000 0.1109 0.0000 0.0000 0.0000 0.0000 0.0000 0.0168 0.0096 0.0566
78       78   (0)      6  : 0.0000 0.3573 0.0000 0.3566 0.0000 0.0204 0.0000 0.0000 0.0662 0.0000 0.0000 0.0000 0.0000 0.0000 0.0197 0.0000 0.1798
79       79   (0)      6  : 0.0000 0.1726 0.0000 0.5765 0.0000 0.0139 0.0000 0.0065 0.0669 0.0000 0.0000 0.0000 0.0000 0.0000 0.0603 0.0408 0.0626
80       80   (0)      6  : 0.0000 0.0000 0.0015 0.0000 0.0000 0.0001 0.3515 0.6466 0.0000 0.0000 0.0000 0.0003 0.0000 0.0000 0.0000 0.0000 0.0000
81       81   (0)      6  : 0.0000 0.2280 0.0000 0.2416 0.0000 0.0074 0.0000 0.0109 0.2080 0.0000 0.0000 0.0000 0.0000 0.0000 0.0761 0.0069 0.2211
82       82   (0)      6  : 0.0000 0.1362 0.0000 0.3985 0.0000 0.0000 0.0000 0.0000 0.2144 0.0000 0.0000 0.0000 0.0000 0.0000 0.0823 0.0000 0.1686
83       83   (0)      6  : 0.0000 0.1041 0.0006 0.1341 0.0000 0.0000 0.0000 0.0057 0.4387 0.0000 0.0000 0.0000 0.0000 0.0000 0.1196 0.0070 0.1903
84       84   (0)      6  : 0.0000 0.0612 0.0000 0.1633 0.0000 0.0000 0.0000 0.0000 0.4286 0.0000 0.0000 0.0000 0.0000 0.0000 0.1633 0.0204 0.1633
85       85   (0)      6  : 0.0000 0.2226 0.0000 0.2711 0.0000 0.0204 0.0000 0.0095 0.3494 0.0000 0.0000 0.0000 0.0000 0.0000 0.0352 0.0408 0.0509
86       86   (0)      6  : 0.0000 0.0708 0.0000 0.2234 0.0000 0.0000 0.0000 0.0112 0.5068 0.0000 0.0000 0.0000 0.0000 0.0000 0.1135 0.0083 0.0661
87       87   (0)      6  : 0.0000 0.6638 0.0000 0.1358 0.0000 0.0204 0.0000 0.0000 0.0896 0.0000 0.0000 0.0000 0.0000 0.0000 0.0282 0.0188 0.0433
88       88   (0)      6  : 0.0000 0.5814 0.0000 0.2064 0.0000 0.0000 0.0000 0.0087 0.0250 0.0000 0.0000 0.0000 0.0000 0.0000 0.0415 0.0282 0.1088
89       89   (0)      6  : 0.0000 0.5013 0.0000 0.2105 0.0000 0.0000 0.0000 0.0204 0.0425 0.0000 0.0000 0.0000 0.0000 0.0000 0.0249 0.0524 0.1480
90       90   (0)      6  : 0.0000 0.0494 0.0000 0.0195 0.0000 0.0000 0.8896 0.0030 0.0018 0.0000 0.0000 0.0000 0.0000 0.0000 0.0058 0.0071 0.0237
91       91   (0)      6  : 0.0000 0.5194 0.0000 0.1589 0.0000 0.0000 0.0000 0.0000 0.0563 0.0000 0.0000 0.0000 0.0000 0.0000 0.0816 0.0408 0.1429
92       92   (0)      6  : 0.1263 0.0000 0.0000 0.0000 0.0708 0.0022 0.0000 0.0009 0.0000 0.0003 0.1679 0.0000 0.0001 0.0050 0.0006 0.6259 0.0000
93       93   (0)      6  : 0.0000 0.0000 0.0117 0.0037 0.0000 0.9796 0.0000 0.0000 0.0000 0.0000 0.0000 0.0000 0.0000 0.0000 0.0000 0.0050 0.0000
94       94   (0)      6  : 0.3188 0.0000 0.0000 0.0000 0.0137 0.0307 0.0000 0.0000 0.0000 0.0027 0.1349 0.0103 0.0019 0.1260 0.0193 0.2614 0.0804
95       95   (0)      6  : 0.0000 0.0040 0.0048 0.0000 0.0000 0.9488 0.0000 0.0000 0.0000 0.0000 0.0000 0.0000 0.0000 0.0069 0.0000 0.0356 0.0000
96       96   (0)      6  : 0.0000 0.0083 0.0024 0.0024 0.0000 0.8738 0.0000 0.0000 0.0025 0.0000 0.0000 0.0000 0.0000 0.0189 0.0129 0.0679 0.0109
97       97   (0)      6  : 0.3509 0.0000 0.0000 0.0000 0.0272 0.1389 0.0000 0.0000 0.0000 0.0055 0.1480 0.0001 0.0287 0.0705 0.0122 0.1550 0.0630
98       98   (0)      6  : 0.0000 0.0037 0.1237 0.0000 0.0000 0.8500 0.0000 0.0000 0.0000 0.0000 0.0000 0.0000 0.0000 0.0000 0.0000 0.0075 0.0150
99       99   (0)      7  : 0.0000 0.1855 0.0000 0.3334 0.0000 0.0204 0.0000 0.0061 0.3066 0.0000 0.0000 0.0000 0.0000 0.0000 0.0000 0.0091 0.1388
100      100   (0)      7  : 0.2687 0.0212 0.0207 0.0530 0.0037 0.1684 0.0012 0.0079 0.0392 0.0001 0.1976 0.0035 0.0113 0.0132 0.0189 0.0860 0.0853
101      101   (0)      7  : 0.0000 0.0000 1.0000 0.0000 0.0000 0.0000 0.0000 0.0000 0.0000 0.0000 0.0000 0.0000 0.0000 0.0000 0.0000 0.0000 0.0000
102      102   (0)      7  : 0.0000 0.0000 1.0000 0.0000 0.0000 0.0000 0.0000 0.0000 0.0000 0.0000 0.0000 0.0000 0.0000 0.0000 0.0000 0.0000 0.0000
103      103   (0)      7  : 0.2897 0.0000 0.0000 0.0000 0.0213 0.0000 0.0000 0.0020 0.0000 0.0083 0.2503 0.0302 0.0792 0.1239 0.0137 0.1367 0.0448
104      104   (0)      7  : 0.3430 0.0000 0.0000 0.0000 0.0451 0.0000 0.0285 0.0055 0.0000 0.0040 0.1527 0.0266 0.0239 0.0140 0.0297 0.2953 0.0318
105      105   (0)      7  : 0.0594 0.0000 0.0000 0.0000 0.0007 0.0000 0.0000 0.0622 0.0000 0.0001 0.0816 0.0000 0.0000 0.0408 0.3469 0.3673 0.0408
106      106   (0)      7  : 0.3001 0.0000 0.0000 0.0000 0.0082 0.0000 0.0000 0.0047 0.0000 0.0005 0.2443 0.0154 0.0023 0.1130 0.0428 0.1536 0.1150
107      107   (0)      7  : 0.6267 0.0000 0.0000 0.0000 0.0015 0.0000 0.0035 0.0013 0.0000 0.0296 0.0957 0.0174 0.0088 0.0317 0.0178 0.0985 0.0675
108      108   (0)      8  : 0.0000 0.0000 0.0000 0.0000 0.9796 0.0000 0.0000 0.0000 0.0000 0.0000 0.0000 0.0000 0.0204 0.0000 0.0000 0.0000 0.0000
109      109   (0)      8  : 0.1580 0.0000 0.0000 0.0000 0.0254 0.0000 0.0002 0.0073 0.0000 0.0053 0.6168 0.0109 0.0151 0.0065 0.0276 0.0612 0.0658
110      110   (0)      8  : 0.0000 0.0000 0.0000 0.0000 0.0000 0.0000 0.0000 0.0000 0.0000 0.0000 0.0000 0.0000 1.0000 0.0000 0.0000 0.0000 0.0000
111      111   (0)      8  : 0.0000 0.0000 0.0000 0.0000 0.0000 0.0000 0.0000 0.0000 0.0000 0.0204 0.0000 0.9592 0.0000 0.0000 0.0000 0.0000 0.0204
112      112   (0)      8  : 0.0000 0.0000 1.0000 0.0000 0.0000 0.0000 0.0000 0.0000 0.0000 0.0000 0.0000 0.0000 0.0000 0.0000 0.0000 0.0000 0.0000
113      113   (0)      8  : 0.2690 0.0000 0.0000 0.0000 0.0003 0.0000 0.0000 0.0204 0.0000 0.0005 0.4092 0.0083 0.0013 0.0030 0.0115 0.1205 0.1560
114      114   (0)      8  : 0.2592 0.0000 0.0000 0.0000 0.0000 0.0000 0.0000 0.0000 0.0000 0.0000 0.4731 0.0007 0.0386 0.0389 0.0050 0.0642 0.1202
115      115   (0)      8  : 0.0000 0.0000 0.0000 0.0000 0.9796 0.0000 0.0000 0.0000 0.0000 0.0000 0.0000 0.0000 0.0204 0.0000 0.0000 0.0000 0.0000
116      116   (0)      8  : 0.0000 0.0000 0.0000 0.0000 0.0000 0.0000 0.0000 0.0000 0.0000 0.0204 0.0000 0.9592 0.0000 0.0000 0.0000 0.0000 0.0204
117      117   (0)      8  : 0.0514 0.0009 0.0000 0.0000 0.0088 0.0086 0.0002 0.0612 0.0000 0.0002 0.0745 0.0003 0.0000 0.0408 0.3457 0.3665 0.0408
118      118   (0)      8  : 0.1391 0.0000 0.0000 0.0000 0.0036 0.0000 0.0015 0.0207 0.0000 0.0005 0.4755 0.0003 0.0115 0.0009 0.0998 0.1679 0.0787
119      119   (0)      9  : 0.0000 0.1400 0.0000 0.2412 0.0000 0.0000 0.0000 0.0204 0.2972 0.0000 0.0000 0.0000 0.0000 0.0000 0.1005 0.0043 0.1965
120      120   (0)     10  : 0.5119 0.0000 0.0437 0.0000 0.0417 0.0000 0.0023 0.0008 0.0000 0.0146 0.2000 0.0235 0.0019 0.0378 0.0107 0.0274 0.0837
121      121   (0)     10  : 0.2867 0.0000 0.0000 0.0000 0.0000 0.0000 0.0000 0.0000 0.0000 0.0037 0.4483 0.0518 0.0006 0.0219 0.0337 0.0834 0.0700
122      122   (0)     10  : 0.4747 0.0000 0.0000 0.0000 0.0250 0.0000 0.0000 0.0001 0.0000 0.0123 0.1199 0.0003 0.0085 0.0283 0.0255 0.2507 0.0547
123      123   (0)     10  : 0.3310 0.0243 0.0086 0.0190 0.0658 0.0012 0.0250 0.0118 0.0018 0.0032 0.1020 0.0200 0.0265 0.0335 0.0482 0.2418 0.0363
124      124   (0)     10  : 0.4085 0.0000 0.0503 0.0000 0.0098 0.0000 0.0045 0.0031 0.0000 0.0262 0.2548 0.0040 0.0003 0.0002 0.0239 0.1615 0.0529
125      125   (0)     10  : 0.3999 0.0000 0.0302 0.0000 0.0000 0.1466 0.0052 0.0019 0.0000 0.0226 0.2028 0.0121 0.0000 0.0752 0.0116 0.0297 0.0621
126      126   (0)     10  : 0.3644 0.0000 0.0111 0.0000 0.0059 0.0000 0.0001 0.0033 0.0000 0.0224 0.3053 0.0003 0.0004 0.0232 0.0454 0.1174 0.1007
127      127   (0)     10  : 0.3828 0.0000 0.0000 0.0000 0.0213 0.0000 0.0001 0.0014 0.0000 0.0017 0.4033 0.0174 0.0005 0.0143 0.0624 0.0439 0.0509
128      128   (0)     10  : 0.4403 0.0000 0.0179 0.0000 0.0042 0.0000 0.0105 0.0119 0.0000 0.0170 0.2236 0.0336 0.0002 0.0229 0.0526 0.1046 0.0606
129      129   (0)     10  : 0.8649 0.0000 0.0000 0.0000 0.0002 0.0000 0.0000 0.0025 0.0000 0.0071 0.0093 0.0011 0.0015 0.0126 0.0005 0.0680 0.0324
130      130   (0)     10  : 0.6580 0.0000 0.0000 0.0000 0.0001 0.0000 0.0000 0.0027 0.0000 0.0000 0.1419 0.0010 0.0120 0.0115 0.0008 0.0680 0.1040
131      131   (0)     10  : 0.5016 0.0000 0.0318 0.0000 0.0186 0.0000 0.0261 0.0081 0.0000 0.0017 0.1415 0.0339 0.0000 0.0722 0.0374 0.0759 0.0511
132      132   (0)     10  : 0.4385 0.0000 0.0514 0.0000 0.0167 0.0391 0.0285 0.0035 0.0000 0.0011 0.2152 0.0081 0.0000 0.0032 0.0193 0.1049 0.0703
133      133   (0)     10  : 0.4814 0.0020 0.0248 0.0056 0.0275 0.0119 0.0064 0.0045 0.0025 0.0195 0.2163 0.0216 0.0012 0.0655 0.0219 0.0306 0.0568
134      134   (0)     10  : 0.6145 0.0004 0.0456 0.0007 0.0276 0.0160 0.0000 0.0010 0.0003 0.0022 0.0998 0.0021 0.0191 0.0084 0.0141 0.0664 0.0819
135      135   (0)     10  : 0.4539 0.0000 0.0324 0.0000 0.0618 0.0000 0.0084 0.0053 0.0000 0.0003 0.2181 0.0116 0.0227 0.0114 0.0256 0.0691 0.0792
136      136   (0)     10  : 0.4694 0.0000 0.0063 0.0000 0.0062 0.0000 0.0000 0.0010 0.0000 0.0003 0.2558 0.0083 0.0216 0.0218 0.0011 0.1180 0.0903
137      137   (0)     11  : 0.0000 0.4225 0.0864 0.2147 0.0000 0.0097 0.0000 0.0011 0.1203 0.0000 0.0000 0.0000 0.0000 0.0000 0.0407 0.0142 0.0905
138      138   (0)     12  : 0.2709 0.0000 0.0429 0.0000 0.0212 0.1447 0.0322 0.0697 0.0000 0.0447 0.2094 0.0016 0.0027 0.0684 0.0111 0.0371 0.0433
139      139   (0)     12  : 0.0345 0.0052 0.0626 0.0511 0.0000 0.3982 0.0000 0.0034 0.1129 0.0004 0.2437 0.0004 0.0000 0.0061 0.0119 0.0026 0.0669
140      140   (0)     12  : 0.0000 0.0000 0.0363 0.0000 0.0000 0.0000 0.3483 0.6136 0.0000 0.0000 0.0000 0.0018 0.0000 0.0000 0.0000 0.0000 0.0000
141      141   (0)     12  : 0.0000 0.0000 0.0070 0.0000 0.0000 0.7518 0.0000 0.0000 0.0000 0.0000 0.0000 0.0028 0.2123 0.0000 0.0000 0.0056 0.0204
142      142   (0)     12  : 0.4096 0.0000 0.0521 0.0000 0.0078 0.0055 0.0088 0.0300 0.0000 0.0068 0.2218 0.0264 0.0178 0.0407 0.0104 0.0940 0.0682
143      143   (0)     12  : 0.0116 0.0000 0.0552 0.0012 0.0000 0.6871 0.0000 0.0004 0.0000 0.0000 0.0486 0.0075 0.0001 0.1435 0.0065 0.0084 0.0300
144      144   (0)     12  : 0.3844 0.0000 0.1177 0.0000 0.0002 0.0363 0.0226 0.0334 0.0040 0.0001 0.2412 0.0083 0.0110 0.0027 0.0089 0.0615 0.0678
145      145   (0)     12  : 0.0412 0.0000 0.0000 0.0000 0.0043 0.0000 0.3313 0.2623 0.0000 0.0000 0.1703 0.0408 0.0292 0.0163 0.0077 0.0697 0.0267
146      146   (0)     13  : 0.0000 0.7341 0.0000 0.2306 0.0000 0.0000 0.0000 0.0000 0.0000 0.0000 0.0000 0.0000 0.0000 0.0000 0.0222 0.0000 0.0131
147      147   (0)     13  : 0.0000 0.4735 0.0000 0.2160 0.0000 0.0002 0.0000 0.0000 0.0794 0.0000 0.0000 0.0000 0.0000 0.0000 0.0834 0.0000 0.1475
148      148   (0)     13  : 0.0000 0.6340 0.0000 0.0802 0.0000 0.0000 0.0000 0.0000 0.0374 0.0000 0.0000 0.0000 0.0000 0.0000 0.1344 0.0204 0.0935
149      149   (0)     13  : 0.0000 0.4443 0.0000 0.2176 0.0000 0.0000 0.0000 0.0204 0.0581 0.0000 0.0000 0.0000 0.0000 0.0000 0.0511 0.0408 0.1676
150      150   (0)     13  : 0.0000 0.4455 0.0000 0.4090 0.0000 0.0000 0.0000 0.0000 0.0000 0.0000 0.0000 0.0000 0.0000 0.0000 0.0612 0.0000 0.0843
151      151   (0)     14  : 0.0000 0.4927 0.0000 0.3387 0.0000 0.0000 0.0000 0.0001 0.0181 0.0000 0.0000 0.0000 0.0000 0.0000 0.0197 0.0281 0.1027
152      152   (0)     14  : 0.4114 0.0000 0.0000 0.0000 0.0151 0.0000 0.0076 0.0246 0.0000 0.0145 0.2939 0.0154 0.0007 0.0515 0.0266 0.0806 0.0581
153      153   (0)     15  : 0.0000 0.0025 0.0050 0.0000 0.0000 0.9833 0.0000 0.0000 0.0000 0.0000 0.0000 0.0000 0.0000 0.0000 0.0000 0.0092 0.0000
154      154   (0)     15  : 0.0000 0.2827 0.0000 0.3202 0.0000 0.0000 0.0000 0.0090 0.0930 0.0000 0.0000 0.0000 0.0000 0.0000 0.0711 0.0026 0.2213
155      155   (0)     16  : 0.4602 0.0000 0.0335 0.0000 0.0123 0.0280 0.0000 0.0083 0.0000 0.0007 0.2668 0.0299 0.0041 0.0014 0.0274 0.0499 0.0775
156      156   (0)     16  : 0.5471 0.0000 0.0033 0.0000 0.0125 0.0000 0.0403 0.0014 0.0000 0.0009 0.0971 0.0367 0.0685 0.0006 0.0251 0.1083 0.0583
157      157   (0)     17  : 0.0000 0.0026 0.0740 0.0019 0.0001 0.9114 0.0000 0.0023 0.0000 0.0000 0.0012 0.0000 0.0026 0.0000 0.0000 0.0039 0.0000
158      158   (0)     17  : 0.0000 0.0000 0.0004 0.0000 0.0000 0.0000 0.9996 0.0000 0.0000 0.0000 0.0000 0.0000 0.0000 0.0000 0.0000 0.0000 0.0000
159      159   (0)     18  : 0.3894 0.0000 0.0115 0.0000 0.0022 0.0009 0.0006 0.0004 0.0000 0.0009 0.2958 0.0043 0.0014 0.0815 0.0203 0.1108 0.0800
160      160   (0)     18  : 0.2663 0.0000 0.0000 0.0000 0.0040 0.0000 0.0000 0.0037 0.0000 0.0085 0.5020 0.0117 0.0375 0.0058 0.0344 0.0624 0.0637
161      161   (0)     18  : 0.2721 0.0000 0.0000 0.0000 0.0066 0.0000 0.0000 0.0010 0.0000 0.0349 0.3644 0.0016 0.0197 0.0283 0.0080 0.1605 0.1030
162      162   (0)     19  : 0.3246 0.0000 0.0270 0.0000 0.0193 0.0597 0.0000 0.0065 0.0000 0.0037 0.1827 0.1064 0.0000 0.1052 0.0443 0.0950 0.0257
163      163   (0)     19  : 0.0310 0.0186 0.1865 0.0809 0.0317 0.1920 0.0000 0.0107 0.0094 0.0004 0.0888 0.0132 0.0001 0.0090 0.0068 0.3051 0.0157
164      164   (0)     19  : 0.0634 0.0000 0.0000 0.0000 0.1618 0.0000 0.0000 0.0231 0.0000 0.0014 0.1708 0.0003 0.0000 0.0166 0.0022 0.5605 0.0000
