1        1   (0)      1  : 0.3542 0.1206 0.0979 0.0009 0.1714 0.0557 0.1993
2        2   (0)      1  : 0.4001 0.0004 0.0970 0.0174 0.0818 0.2552 0.1480
3        3   (0)      1  : 0.4023 0.0000 0.2777 0.0208 0.0525 0.0537 0.1930
4        4   (0)      1  : 0.2840 0.0316 0.2779 0.0243 0.1821 0.0970 0.1032
5        5   (0)      1  : 0.2518 0.0371 0.2908 0.0046 0.1889 0.0954 0.1313
6        6   (0)      1  : 0.4005 0.0390 0.2964 0.0212 0.0648 0.0546 0.1236
7        7   (0)      1  : 0.3051 0.0001 0.4526 0.0170 0.1586 0.0187 0.0478
8        8   (0)      2  : 0.1924 0.0000 0.3315 0.0000 0.3324 0.0850 0.0587
9        9   (0)      2  : 0.0155 0.0034 0.0000 0.0026 0.9777 0.0007 0.0000
10       10   (0)      2  : 0.0149 0.0043 0.0000 0.0005 0.9804 0.0000 0.0000
11       11   (0)      2  : 0.0124 0.1300 0.0000 0.0000 0.8576 0.0000 0.0000
12       12   (0)      2  : 0.4832 0.0000 0.1809 0.0177 0.1051 0.0238 0.1892
13       13   (0)      2  : 0.1377 0.0000 0.4141 0.0000 0.1029 0.1452 0.2001
14       14   (0)      3  : 0.4335 0.0007 0.3931 0.0006 0.0358 0.0563 0.0801
15       15   (0)      3  : 0.5622 0.0120 0.1287 0.0034 0.0907 0.0437 0.1593
16       16   (0)      3  : 0.6355 0.0000 0.1041 0.0000 0.0385 0.1292 0.0926
17       17   (0)      3  : 0.0651 0.0002 0.7697 0.0205 0.0194 0.0000 0.1251
18       18   (0)      4  : 0.2928 0.0041 0.2367 0.0303 0.1626 0.1871 0.0864
19       19   (0)      4  : 0.3480 0.0109 0.0735 0.0000 0.3519 0.1233 0.0924
20       20   (0)      4  : 0.4044 0.0090 0.2546 0.0000 0.1275 0.0347 0.1698
21       21   (0)      4  : 0.3310 0.0040 0.3057 0.0040 0.1837 0.1270 0.0445
22       22   (0)      4  : 0.3965 0.0003 0.2165 0.0111 0.1438 0.0347 0.1971
23       23   (0)      4  : 0.1595 0.0026 0.1612 0.0082 0.3281 0.0571 0.2833
24       24   (0)      4  : 0.1675 0.0000 0.4745 0.0000 0.1305 0.0152 0.2123
25       25   (0)      4  : 0.2687 0.0000 0.4556 0.0001 0.0939 0.0336 0.1479
26       26   (0)      4  : 0.0823 0.0298 0.3930 0.0017 0.2853 0.1116 0.0963
27       27   (0)      4  : 0.3572 0.0020 0.3406 0.0051 0.0671 0.0847 0.1433
28       28   (0)      4  : 0.2298 0.0125 0.1753 0.0433 0.1052 0.1657 0.2682
29       29   (0)      4  : 0.2158 0.0291 0.3158 0.0122 0.2367 0.1054 0.0849
30       30   (0)      4  : 0.3986 0.0006 0.1497 0.0217 0.2107 0.0590 0.1596
31       31   (0)      4  : 0.4167 0.0000 0.3419 0.0000 0.0000 0.1029 0.1385
32       32   (0)      4  : 0.1257 0.0007 0.6565 0.0000 0.0552 0.0769 0.0849
33       33   (0)      4  : 0.1996 0.0000 0.2169 0.0393 0.2723 0.0500 0.2219
34       34   (0)      5  : 0.1998 0.0125 0.4773 0.0000 0.1480 0.0639 0.0984
35       35   (0)      6  : 0.5098 0.0153 0.1204 0.0035 0.1199 0.1524 0.0788
36       36   (0)      6  : 0.3244 0.0000 0.0653 0.0022 0.4355 0.0883 0.0844
37       37   (0)      6  : 0.0000 0.0000 0.0000 0.0000 0.0385 0.9615 0.0000
38       38   (0)      6  : 0.2445 0.0000 0.2504 0.0000 0.4367 0.0085 0.0598
39       39   (0)      6  : 0.1878 0.0022 0.3448 0.0000 0.2723 0.1293 0.0636
40       40   (0)      6  : 0.0736 0.0220 0.5058 0.0044 0.1301 0.0858 0.1783
41       41   (0)      6  : 0.0000 1.0000 0.0000 0.0000 0.0000 0.0000 0.0000
42       42   (0)      6  : 0.1448 0.0092 0.3290 0.0000 0.1653 0.0980 0.2537
43       43   (0)      6  : 0.5363 0.0029 0.0622 0.0130 0.1214 0.0750 0.1892
44       44   (0)      6  : 0.3277 0.0245 0.3124 0.0047 0.1897 0.0209 0.1201
45       45   (0)      6  : 0.3657 0.0001 0.1513 0.0246 0.1530 0.0529 0.2524
46       46   (0)      6  : 0.0000 0.0000 0.0000 1.0000 0.0000 0.0000 0.0000
47       47   (0)      6  : 0.4562 0.0051 0.0484 0.0075 0.2230 0.0179 0.2420
48       48   (0)      6  : 0.3289 0.0000 0.2498 0.0277 0.0666 0.0967 0.2303
49       49   (0)      6  : 0.0000 1.0000 0.0000 0.0000 0.0000 0.0000 0.0000
50       50   (0)      6  : 0.1105 0.0000 0.3513 0.0000 0.0904 0.1489 0.2990
51       51   (0)      6  : 0.3085 0.0599 0.2122 0.0158 0.2024 0.0874 0.1138
52       52   (0)      6  : 0.0000 0.0000 0.0000 1.0000 0.0000 0.0000 0.0000
53       53   (0)      6  : 0.2818 0.0000 0.4917 0.0000 0.0536 0.0988 0.0741
54       54   (0)      6  : 0.0949 0.0000 0.6932 0.0082 0.1002 0.0690 0.0345
55       55   (0)      6  : 0.1907 0.0003 0.0836 0.0447 0.2548 0.0731 0.3530
56       56   (0)      6  : 0.3070 0.0100 0.1054 0.0403 0.3278 0.1054 0.1042
57       57   (0)      6  : 0.1546 0.0000 0.6602 0.0000 0.1308 0.0439 0.0106
58       58   (0)      7  : 0.1167 0.0000 0.1301 0.0000 0.1894 0.1069 0.4569
59       59   (0)      7  : 0.3214 0.0000 0.1127 0.0000 0.2405 0.0716 0.2538
60       60   (0)      7  : 0.6183 0.0045 0.0554 0.0050 0.1590 0.0197 0.1380
61       61   (0)      7  : 0.0406 0.0000 0.3463 0.0000 0.5511 0.0439 0.0181
62       62   (0)      7  : 0.0000 0.0000 0.0000 0.0000 0.0385 0.9615 0.0000
63       63   (0)      7  : 0.3093 0.0117 0.0869 0.0000 0.3800 0.0104 0.2018
64       64   (0)      8  : 0.3929 0.0099 0.3164 0.0256 0.0306 0.1905 0.0341
65       65   (0)      8  : 0.1791 0.0032 0.0776 0.0279 0.3458 0.0642 0.3023
66       66   (0)      9  : 0.2417 0.0000 0.2618 0.0024 0.1482 0.0774 0.2686
67       67   (0)     10  : 0.4682 0.0122 0.0741 0.0000 0.0564 0.1769 0.2123
68       68   (0)     10  : 0.4179 0.0000 0.1961 0.0130 0.1716 0.0410 0.1605
69       69   (0)     10  : 0.0816 0.0000 0.2045 0.0381 0.0671 0.0827 0.5259
70       70   (0)     10  : 0.2397 0.0000 0.2803 0.0141 0.1215 0.0789 0.2654
71       71   (0)     10  : 0.0683 0.0000 0.3770 0.0001 0.2722 0.0589 0.2235
72       72   (0)     10  : 0.1772 0.0021 0.3768 0.0000 0.2244 0.0931 0.1264
73       73   (0)     10  : 0.1780 0.0127 0.3689 0.0070 0.2737 0.0397 0.1199
74       74   (0)     10  : 0.0000 0.0008 0.0546 0.0000 0.0938 0.0385 0.8124
75       75   (0)     10  : 0.0953 0.0000 0.4657 0.0065 0.1229 0.1126 0.1969
76       76   (0)     10  : 0.0146 0.0041 0.0472 0.0022 0.0823 0.0385 0.8112
