  1        1   (0)      1 :  0.1488 0.0000 0.0000 0.6521 0.1783 0.0207 
  2        2   (0)      1 :  0.0000 0.6268 0.0367 0.0170 0.0237 0.2958 
  3        3   (0)      1 :  0.0000 0.0000 0.0000 0.4450 0.5296 0.0255 
  4        4   (0)      1 :  0.0000 0.0003 0.0000 0.6623 0.2988 0.0386 
  5        5   (0)      1 :  0.0000 0.0150 0.0072 0.7728 0.1769 0.0281 
  6        6   (0)      1 :  0.0000 0.7459 0.0102 0.0066 0.0514 0.1858 
  7        7   (0)      1 :  0.0000 0.0082 0.0000 0.6306 0.3046 0.0566 
  8        8   (0)      1 :  0.0000 0.6117 0.0020 0.0045 0.0425 0.3394 
  9        9   (0)      1 :  0.0000 0.0007 0.0002 0.4929 0.4842 0.0220 
 10       10   (0)      2 :  0.0000 0.0000 0.0000 0.6558 0.2816 0.0626 
 11       11   (0)      2 :  0.0000 0.0010 0.0051 0.5881 0.3785 0.0272 
 12       12   (0)      2 :  0.0000 0.6132 0.0036 0.0011 0.0033 0.3787 
 13       13   (0)      3 :  0.0000 0.0025 0.0000 0.6311 0.3281 0.0383 
 14       14   (0)      3 :  0.0000 0.0000 1.0000 0.0000 0.0000 0.0000 
 15       15   (0)      3 :  0.0218 0.6076 0.0060 0.0011 0.0165 0.3470 
 16       16   (0)      3 :  1.0000 0.0000 0.0000 0.0000 0.0000 0.0000 
 17       17   (0)      4 :  0.5873 0.0018 0.4084 0.0000 0.0000 0.0025 
 18       18   (0)      4 :  0.0023 0.6563 0.0305 0.0059 0.0344 0.2706 
 19       19   (0)      5 :  0.0000 0.7585 0.0000 0.0034 0.0364 0.2017 
 20       20   (0)      5 :  0.0000 0.0000 0.2092 0.1103 0.4388 0.2416 
 21       21   (0)      5 :  0.0000 0.0140 0.0003 0.5373 0.3957 0.0528 
 22       22   (0)      5 :  0.0000 0.0160 0.0001 0.6260 0.3193 0.0386 
 23       23   (0)      5 :  0.0000 0.0002 0.0000 0.7038 0.2856 0.0104 
 24       24   (0)      5 :  0.0000 0.0000 0.0239 0.7164 0.2361 0.0236 
 25       25   (0)      5 :  0.0615 0.0000 0.0036 0.6168 0.2849 0.0332 
 26       26   (0)      5 :  0.0000 0.3396 0.0000 0.3334 0.1720 0.1550 
 27       27   (0)      5 :  1.0000 0.0000 0.0000 0.0000 0.0000 0.0000 
 28       28   (0)      5 :  1.0000 0.0000 0.0000 0.0000 0.0000 0.0000 
 29       29   (0)      5 :  0.0363 0.6519 0.0395 0.0000 0.0180 0.2543 
 30       30   (0)      5 :  0.0000 0.7377 0.0062 0.0000 0.0161 0.2401 
 31       31   (0)      5 :  0.0000 0.3549 0.0060 0.3235 0.1486 0.1668 
 32       32   (0)      5 :  0.0000 0.0017 0.0072 0.5979 0.3465 0.0467 
 33       33   (0)      5 :  0.0000 0.6277 0.0119 0.0079 0.0207 0.3318 
 34       34   (0)      5 :  0.0000 0.7852 0.0068 0.0000 0.0007 0.2073 
 35       35   (0)      5 :  0.0000 0.7348 0.0100 0.0002 0.0071 0.2479 
 36       36   (0)      6 :  0.0499 0.6880 0.0000 0.0014 0.0310 0.2297 
 37       37   (0)      6 :  1.0000 0.0000 0.0000 0.0000 0.0000 0.0000 
 38       38   (0)      6 :  0.0000 0.7727 0.0126 0.0000 0.0213 0.1934 
 39       39   (0)      6 :  0.0000 0.3352 0.0000 0.2790 0.1774 0.2084 
 40       40   (0)      6 :  0.0000 0.6967 0.0000 0.0031 0.0396 0.2606 
 41       41   (0)      6 :  0.0000 0.5630 0.0210 0.0133 0.0333 0.3694 
 42       42   (0)      6 :  0.0000 0.7245 0.0047 0.0249 0.0615 0.1844 
 43       43   (0)      6 :  0.0001 0.5781 0.0311 0.0321 0.0469 0.3118 
 44       44   (0)      6 :  0.0000 0.7404 0.0229 0.0000 0.0205 0.2163 
 45       45   (0)      6 :  0.0000 0.6120 0.0000 0.0000 0.0055 0.3824 
 46       46   (0)      6 :  0.0000 0.0000 0.2213 0.1068 0.4317 0.2403 
 47       47   (0)      6 :  0.0000 0.7192 0.0000 0.0044 0.0168 0.2595 
 48       48   (0)      7 :  0.0000 0.7770 0.0095 0.0000 0.0158 0.1977 
 49       49   (0)      7 :  0.0001 0.2788 0.0000 0.3954 0.1890 0.1368 
 50       50   (0)      7 :  0.0000 0.7088 0.0000 0.0103 0.0304 0.2504 
 51       51   (0)      8 :  0.0714 0.5951 0.0000 0.0005 0.0172 0.3158 
 52       52   (0)      8 :  0.1692 0.5736 0.0000 0.0006 0.0252 0.2314 
 53       53   (0)      9 :  0.0000 0.7146 0.0161 0.0000 0.0098 0.2595 
 54       54   (0)     10 :  0.0000 0.8224 0.0000 0.0000 0.0203 0.1573 
 55       55   (0)     10 :  0.0000 0.0000 0.0000 0.5222 0.4329 0.0449 
 56       56   (0)     10 :  1.0000 0.0000 0.0000 0.0000 0.0000 0.0000 
 57       57   (0)     10 :  0.0000 0.6905 0.0137 0.0000 0.0200 0.2758 
 58       58   (0)     11 :  0.1081 0.6873 0.0000 0.0023 0.0333 0.1690 
 59       59   (0)     11 :  0.0841 0.0023 0.0000 0.6006 0.2820 0.0311 
 60       60   (0)     11 :  0.9094 0.0508 0.0000 0.0000 0.0054 0.0343 
 61       61   (0)     11 :  0.0000 0.7121 0.0001 0.0000 0.0400 0.2478 
 62       62   (0)     11 :  0.0197 0.6981 0.0017 0.0000 0.0000 0.2805 
 63       63   (0)     11 :  0.2907 0.5020 0.0000 0.0000 0.0000 0.2074 
 64       64   (0)     11 :  0.0139 0.6986 0.0151 0.0001 0.0177 0.2546 
 65       65   (0)     11 :  1.0000 0.0000 0.0000 0.0000 0.0000 0.0000 
 66       66   (0)     11 :  0.0460 0.7506 0.0000 0.0000 0.0040 0.1994 
 67       67   (0)     11 :  0.0113 0.0000 0.0000 0.6403 0.3414 0.0070 
 68       68   (0)     11 :  0.4374 0.0000 0.0000 0.3170 0.2388 0.0067 
 69       69   (0)     11 :  0.5203 0.2492 0.0000 0.0007 0.0102 0.2196 
 70       70   (0)     11 :  0.0000 0.6189 0.0000 0.0071 0.0261 0.3479 
 71       71   (0)     11 :  0.1667 0.0000 0.0000 0.5841 0.2362 0.0130 
 72       72   (0)     12 :  0.0000 0.0018 0.0000 0.7588 0.1992 0.0402 
 73       73   (0)     12 :  0.0000 0.0000 0.0000 0.7876 0.1804 0.0320 
 74       74   (0)     12 :  0.0000 0.0000 0.0003 0.8583 0.1182 0.0232 
 75       75   (0)     12 :  0.1270 0.2809 0.0000 0.3517 0.1144 0.1260 
 76       76   (0)     12 :  0.0186 0.0000 0.0000 0.7493 0.1967 0.0354 
 77       77   (0)     12 :  0.0000 0.6400 0.0047 0.0105 0.0073 0.3375 
 78       78   (0)     12 :  0.0354 0.5876 0.0000 0.0492 0.0431 0.2846 
 79       79   (0)     12 :  0.0000 0.0000 0.0000 0.5469 0.4331 0.0200 
 80       80   (0)     12 :  0.1189 0.6223 0.0000 0.0131 0.0229 0.2228 
 81       81   (0)     13 :  1.0000 0.0000 0.0000 0.0000 0.0000 0.0000 
 82       82   (0)     13 :  0.0000 0.0000 0.0358 0.7013 0.2395 0.0234 
 83       83   (0)     13 :  0.0864 0.0000 0.0000 0.6405 0.2464 0.0266 
 84       84   (0)     13 :  0.0000 0.0000 0.0000 0.6356 0.3034 0.0610 
 85       85   (0)     13 :  0.0000 0.0000 0.0138 0.6848 0.2828 0.0186 
 86       86   (0)     13 :  0.0305 0.0000 0.0000 0.6654 0.2619 0.0422 
 87       87   (0)     13 :  0.0000 0.6747 0.0001 0.0249 0.0550 0.2454 
 88       88   (0)     13 :  0.0000 0.0000 0.0000 0.6078 0.3336 0.0586 
 89       89   (0)     13 :  0.0000 0.0000 0.0027 0.5021 0.4617 0.0335 
 90       90   (0)     13 :  0.0000 0.0000 0.0006 0.5393 0.4276 0.0326 
 91       91   (0)     13 :  0.3842 0.0000 0.0000 0.4026 0.1828 0.0304 
 92       92   (0)     13 :  0.0000 0.0159 0.0000 0.6176 0.3197 0.0467 
 93       93   (0)     13 :  0.0000 0.7554 0.0000 0.0275 0.0417 0.1754 
 94       94   (0)     13 :  0.0000 0.0000 0.0028 0.7703 0.1837 0.0432 
 95       95   (0)     14 :  0.0000 0.6981 0.0197 0.0008 0.0191 0.2623 
 96       96   (0)     14 :  0.0000 0.0024 0.0032 0.6211 0.3471 0.0261 
 97       97   (0)     15 :  1.0000 0.0000 0.0000 0.0000 0.0000 0.0000 
 98       98   (0)     15 :  0.0000 0.8037 0.0000 0.0000 0.0125 0.1838 
 99       99   (0)     15 :  0.0000 0.0000 0.5202 0.3458 0.1145 0.0196 
100      100   (0)     15 :  0.0000 0.6700 0.0130 0.0005 0.0071 0.3095 
101      101   (0)     15 :  0.0000 0.0000 1.0000 0.0000 0.0000 0.0000 
102      102   (0)     15 :  0.0000 0.6839 0.0303 0.0000 0.0329 0.2529 
103      103   (0)     15 :  0.0000 0.5757 0.0225 0.0276 0.0228 0.3515 
104      104   (0)     15 :  0.0000 0.0000 1.0000 0.0000 0.0000 0.0000 
105      105   (0)     15 :  0.0000 0.0000 1.0000 0.0000 0.0000 0.0000 
