 1        1   (0)      1 :  0.0000 0.3219 0.0000 0.5957 0.0823 
 2        2   (0)      1 :  0.1339 0.3075 0.1309 0.1425 0.2853 
 3        3   (0)      1 :  0.0000 0.3839 0.0000 0.4892 0.1269 
 4        4   (0)      1 :  0.0000 0.3211 0.0000 0.6150 0.0640 
 5        5   (0)      1 :  0.0000 0.3797 0.0000 0.5260 0.0943 
 6        6   (0)      1 :  0.0000 0.2141 0.0000 0.7722 0.0137 
 7        7   (0)      1 :  0.0000 0.1782 0.0000 0.7817 0.0400 
 8        8   (0)      1 :  0.0000 0.3915 0.0000 0.5510 0.0576 
 9        9   (0)      1 :  0.0000 0.3566 0.0000 0.6157 0.0277 
10       10   (0)      1 :  0.0000 0.2991 0.0000 0.6849 0.0161 
11       11   (0)      1 :  0.0000 0.4159 0.0514 0.4754 0.0573 
12       12   (0)      1 :  0.0000 0.4800 0.0000 0.2400 0.2800 
13       13   (0)      1 :  0.0000 0.2597 0.0000 0.6300 0.1103 
14       14   (0)      2 :  0.0000 0.5662 0.0000 0.4014 0.0324 
15       15   (0)      2 :  0.3000 0.0800 0.0000 0.0000 0.6200 
16       16   (0)      2 :  0.0000 0.4991 0.0000 0.4572 0.0437 
17       17   (0)      2 :  0.0000 0.2735 0.0000 0.7065 0.0200 
18       18   (0)      2 :  0.0000 0.3067 0.0000 0.6533 0.0400 
19       19   (0)      2 :  0.0000 0.4853 0.0000 0.4378 0.0769 
20       20   (0)      2 :  0.0000 0.2315 0.0458 0.6712 0.0514 
21       21   (0)      2 :  0.0000 0.2826 0.0000 0.6385 0.0789 
22       22   (0)      2 :  0.0000 0.2578 0.0963 0.5957 0.0502 
23       23   (0)      2 :  0.0000 0.1665 0.4525 0.3366 0.0444 
24       24   (0)      2 :  0.0000 0.3509 0.0000 0.6017 0.0473 
25       25   (0)      2 :  0.0000 0.3548 0.0000 0.6013 0.0439 
26       26   (0)      2 :  0.0000 0.3170 0.4050 0.2663 0.0118 
27       27   (0)      2 :  0.0000 0.5118 0.0000 0.4178 0.0704 
28       28   (0)      3 :  1.0000 0.0000 0.0000 0.0000 0.0000 
29       29   (0)      3 :  0.0000 0.5178 0.0004 0.4261 0.0557 
30       30   (0)      3 :  0.0000 0.0000 1.0000 0.0000 0.0000 
31       31   (0)      3 :  0.0000 0.1585 0.5359 0.2397 0.0659 
32       32   (0)      3 :  0.3000 0.0800 0.0000 0.0000 0.6200 
33       33   (0)      3 :  0.0000 0.5916 0.0000 0.3611 0.0473 
34       34   (0)      3 :  0.4665 0.0000 0.0000 0.0000 0.5335 
35       35   (0)      3 :  0.6075 0.0000 0.0000 0.0000 0.3925 
36       36   (0)      3 :  0.4800 0.0000 0.0000 0.0000 0.5200 
37       37   (0)      3 :  0.0000 0.4280 0.0000 0.4992 0.0728 
38       38   (0)      3 :  0.0000 0.0000 1.0000 0.0000 0.0000 
39       39   (0)      3 :  0.0000 0.0000 1.0000 0.0000 0.0000 
40       40   (0)      3 :  0.0000 0.5249 0.0000 0.4151 0.0600 
41       41   (0)      3 :  0.0000 0.3497 0.0000 0.6294 0.0209 
42       42   (0)      3 :  0.2983 0.0812 0.0000 0.0004 0.6202 
43       43   (0)      3 :  0.5214 0.0100 0.0000 0.0000 0.4686 
44       44   (0)      3 :  0.0000 0.4433 0.0000 0.4805 0.0762 
45       45   (0)      3 :  0.0000 0.5078 0.0000 0.4636 0.0286 
46       46   (0)      4 :  1.0000 0.0000 0.0000 0.0000 0.0000 
47       47   (0)      4 :  1.0000 0.0000 0.0000 0.0000 0.0000 
48       48   (0)      4 :  0.0000 0.3614 0.0000 0.5489 0.0898 
49       49   (0)      4 :  0.0040 0.3465 0.0235 0.4699 0.1561 
50       50   (0)      4 :  0.0009 0.2193 0.0548 0.6390 0.0859 
51       51   (0)      4 :  0.0000 0.3737 0.0629 0.4936 0.0698 
52       52   (0)      4 :  0.0000 0.3010 0.0120 0.6314 0.0557 
53       53   (0)      4 :  0.0000 0.4269 0.0000 0.4196 0.1536 
54       54   (0)      4 :  0.0000 0.2224 0.0000 0.7396 0.0380 
55       55   (0)      4 :  0.0000 0.1150 0.6659 0.1780 0.0411 
56       56   (0)      4 :  0.0000 0.2189 0.0000 0.6562 0.1249 
57       57   (0)      5 :  0.0000 0.4103 0.0000 0.5102 0.0796 
58       58   (0)      5 :  0.0464 0.3517 0.0098 0.5469 0.0452 
59       59   (0)      5 :  0.0000 0.3183 0.0000 0.6325 0.0493 
60       60   (0)      5 :  1.0000 0.0000 0.0000 0.0000 0.0000 
61       61   (0)      5 :  0.9728 0.0031 0.0174 0.0052 0.0015 
62       62   (0)      5 :  0.2399 0.0982 0.0830 0.0100 0.5689 
63       63   (0)      6 :  0.4800 0.0000 0.0000 0.0000 0.5200 
64       64   (0)      6 :  1.0000 0.0000 0.0000 0.0000 0.0000 
65       65   (0)      6 :  0.4675 0.0000 0.0000 0.0000 0.5325 
66       66   (0)      6 :  0.7068 0.1052 0.0000 0.1318 0.0562 
67       67   (0)      6 :  1.0000 0.0000 0.0000 0.0000 0.0000 
68       68   (0)      6 :  0.8244 0.0000 0.1256 0.0000 0.0500 
69       69   (0)      6 :  0.0998 0.2833 0.0321 0.4903 0.0946 
70       70   (0)      6 :  1.0000 0.0000 0.0000 0.0000 0.0000 
71       71   (0)      6 :  0.0000 0.4836 0.0000 0.4897 0.0267 
72       72   (0)      6 :  1.0000 0.0000 0.0000 0.0000 0.0000 
73       73   (0)      6 :  0.4409 0.0000 0.0647 0.0000 0.4944 
74       74   (0)      6 :  0.8657 0.0000 0.1343 0.0000 0.0000 
75       75   (0)      6 :  0.4244 0.0000 0.0914 0.0000 0.4842 
76       76   (0)      6 :  0.8308 0.0000 0.1692 0.0000 0.0000 
77       77   (0)      6 :  0.8170 0.0000 0.1829 0.0000 0.0000 
78       78   (0)      6 :  0.3604 0.0000 0.2308 0.0000 0.4088 
79       79   (0)      6 :  0.4392 0.0000 0.0253 0.0000 0.5355 
80       80   (0)      7 :  0.0000 0.1869 0.0000 0.7874 0.0258 
81       81   (0)      8 :  0.0000 0.2130 0.0489 0.6868 0.0512 
82       82   (0)      9 :  0.0000 0.0000 1.0000 0.0000 0.0000 
83       83   (0)     10 :  0.0000 0.1978 0.1332 0.6072 0.0618 
84       84   (0)     11 :  0.0000 0.3362 0.0000 0.6020 0.0618 
85       85   (0)     11 :  0.0000 0.0711 0.4458 0.4759 0.0072 
86       86   (0)     12 :  0.0000 0.2770 0.4493 0.2627 0.0110 
87       87   (0)     12 :  0.0000 0.2083 0.1769 0.5735 0.0414 
88       88   (0)     12 :  0.0000 0.4344 0.0000 0.5017 0.0638 
89       89   (0)     12 :  0.0000 0.1883 0.1668 0.6050 0.0399 
90       90   (0)     12 :  0.4328 0.0073 0.0191 0.0015 0.5394 
91       91   (0)     12 :  0.0000 0.1679 0.0000 0.7765 0.0556 
92       92   (0)     12 :  0.0000 0.2825 0.0000 0.6423 0.0752 
93       93   (0)     12 :  0.0000 0.3729 0.0000 0.5623 0.0648 
94       94   (0)     13 :  0.0000 0.3949 0.0000 0.5408 0.0642 
