  1        1   (0)      1 :  0.0051 0.9949 
  2        2   (0)      1 :  0.0169 0.9831 
  3        3   (0)      1 :  0.0004 0.9996 
  4        4   (0)      1 :  0.0003 0.9997 
  5        5   (0)      1 :  0.0712 0.9288 
  6        6   (0)      1 :  0.0253 0.9747 
  7        7   (0)      1 :  0.0000 1.0000 
  8        8   (0)      1 :  0.0368 0.9632 
  9        9   (0)      1 :  0.0148 0.9852 
 10       10   (0)      1 :  0.0000 1.0000 
 11       11   (0)      1 :  0.0000 1.0000 
 12       12   (0)      1 :  0.0000 1.0000 
 13       13   (0)      1 :  0.0000 1.0000 
 14       14   (0)      1 :  0.1273 0.8727 
 15       15   (0)      1 :  0.4688 0.5312 
 16       16   (0)      1 :  0.0000 1.0000 
 17       17   (0)      1 :  0.0729 0.9271 
 18       18   (0)      1 :  0.0000 1.0000 
 19       19   (0)      1 :  0.0000 1.0000 
 20       20   (0)      1 :  0.0000 1.0000 
 21       21   (0)      1 :  0.0180 0.9820 
 22       22   (0)      1 :  0.5740 0.4260 
 23       23   (0)      1 :  0.0000 1.0000 
 24       24   (0)      2 :  0.0000 1.0000 
 25       25   (0)      2 :  0.0000 1.0000 
 26       26   (0)      2 :  0.0000 1.0000 
 27       27   (0)      2 :  0.0000 1.0000 
 28       28   (0)      2 :  0.0103 0.9897 
 29       29   (0)      2 :  0.0000 1.0000 
 30       30   (0)      2 :  1.0000 0.0000 
 31       31   (0)      2 :  0.0000 1.0000 
 32       32   (0)      2 :  0.0000 1.0000 
 33       33   (0)      2 :  0.0000 1.0000 
 34       34   (0)      2 :  0.0000 1.0000 
 35       35   (0)      2 :  0.0000 1.0000 
 36       36   (0)      2 :  0.0688 0.9312 
 37       37   (0)      3 :  0.0000 1.0000 
 38       38   (0)      3 :  0.0000 1.0000 
 39       39   (0)      3 :  0.0000 1.0000 
 40       40   (0)      3 :  0.0000 1.0000 
 41       41   (0)      3 :  0.0000 1.0000 
 42       42   (0)      4 :  1.0000 0.0000 
 43       43   (0)      4 :  0.0120 0.9880 
 44       44   (0)      4 :  1.0000 0.0000 
 45       45   (0)      4 :  1.0000 0.0000 
 46       46   (0)      4 :  0.0257 0.9743 
 47       47   (0)      4 :  0.0000 1.0000 
 48       48   (0)      4 :  0.0000 1.0000 
 49       49   (0)      4 :  0.0000 1.0000 
 50       50   (0)      4 :  0.0000 1.0000 
 51       51   (0)      4 :  0.4755 0.5245 
 52       52   (0)      4 :  0.0277 0.9723 
 53       53   (0)      4 :  0.0064 0.9936 
 54       54   (0)      4 :  0.0308 0.9692 
 55       55   (0)      4 :  0.0000 1.0000 
 56       56   (0)      4 :  1.0000 0.0000 
 57       57   (0)      5 :  0.0000 1.0000 
 58       58   (0)      5 :  0.0000 1.0000 
 59       59   (0)      5 :  1.0000 0.0000 
 60       60   (0)      5 :  0.0000 1.0000 
 61       61   (0)      5 :  0.5376 0.4624 
 62       62   (0)      5 :  1.0000 0.0000 
 63       63   (0)      5 :  0.1866 0.8134 
 64       64   (0)      5 :  0.0000 1.0000 
 65       65   (0)      5 :  0.0000 1.0000 
 66       66   (0)      5 :  0.0000 1.0000 
 67       67   (0)      5 :  0.7946 0.2054 
 68       68   (0)      5 :  1.0000 0.0000 
 69       69   (0)      5 :  0.2325 0.7675 
 70       70   (0)      5 :  1.0000 0.0000 
 71       71   (0)      5 :  1.0000 0.0000 
 72       72   (0)      5 :  0.1119 0.8881 
 73       73   (0)      5 :  0.0000 1.0000 
 74       74   (0)      5 :  1.0000 0.0000 
 75       75   (0)      6 :  1.0000 0.0000 
 76       76   (0)      6 :  0.0509 0.9491 
 77       77   (0)      6 :  1.0000 0.0000 
 78       78   (0)      6 :  1.0000 0.0000 
 79       79   (0)      6 :  1.0000 0.0000 
 80       80   (0)      6 :  0.0688 0.9312 
 81       81   (0)      6 :  1.0000 0.0000 
 82       82   (0)      6 :  1.0000 0.0000 
 83       83   (0)      6 :  0.9971 0.0029 
 84       84   (0)      6 :  1.0000 0.0000 
 85       85   (0)      6 :  1.0000 0.0000 
 86       86   (0)      6 :  1.0000 0.0000 
 87       87   (0)      6 :  1.0000 0.0000 
 88       88   (0)      6 :  1.0000 0.0000 
 89       89   (0)      6 :  1.0000 0.0000 
 90       90   (0)      6 :  0.1950 0.8050 
 91       91   (0)      6 :  1.0000 0.0000 
 92       92   (0)      6 :  0.0000 1.0000 
 93       93   (0)      6 :  0.5344 0.4656 
 94       94   (0)      6 :  0.0000 1.0000 
 95       95   (0)      6 :  0.3653 0.6347 
 96       96   (0)      6 :  0.3846 0.6154 
 97       97   (0)      6 :  0.0521 0.9479 
 98       98   (0)      6 :  0.4310 0.5690 
 99       99   (0)      7 :  1.0000 0.0000 
100      100   (0)      7 :  0.1946 0.8054 
101      101   (0)      7 :  0.5998 0.4002 
102      102   (0)      7 :  0.5974 0.4026 
103      103   (0)      7 :  0.0000 1.0000 
104      104   (0)      7 :  0.0000 1.0000 
105      105   (0)      7 :  0.0000 1.0000 
106      106   (0)      7 :  0.0000 1.0000 
107      107   (0)      7 :  0.0000 1.0000 
108      108   (0)      8 :  0.0000 1.0000 
109      109   (0)      8 :  0.0000 1.0000 
110      110   (0)      8 :  0.0000 1.0000 
111      111   (0)      8 :  0.0000 1.0000 
112      112   (0)      8 :  0.5965 0.4035 
113      113   (0)      8 :  0.0000 1.0000 
114      114   (0)      8 :  0.0000 1.0000 
115      115   (0)      8 :  0.0000 1.0000 
116      116   (0)      8 :  0.0000 1.0000 
117      117   (0)      8 :  0.0581 0.9419 
118      118   (0)      8 :  0.0000 1.0000 
119      119   (0)      9 :  1.0000 0.0000 
120      120   (0)     10 :  0.0000 1.0000 
121      121   (0)     10 :  0.0000 1.0000 
122      122   (0)     10 :  0.0000 1.0000 
123      123   (0)     10 :  0.0705 0.9295 
124      124   (0)     10 :  0.0000 1.0000 
125      125   (0)     10 :  0.0474 0.9526 
126      126   (0)     10 :  0.0000 1.0000 
127      127   (0)     10 :  0.0000 1.0000 
128      128   (0)     10 :  0.0000 1.0000 
129      129   (0)     10 :  0.0000 1.0000 
130      130   (0)     10 :  0.0000 1.0000 
131      131   (0)     10 :  0.0089 0.9911 
132      132   (0)     10 :  0.0010 0.9990 
133      133   (0)     10 :  0.0248 0.9752 
134      134   (0)     10 :  0.0289 0.9711 
135      135   (0)     10 :  0.0000 1.0000 
136      136   (0)     10 :  0.0000 1.0000 
137      137   (0)     11 :  1.0000 0.0000 
138      138   (0)     12 :  0.0541 0.9459 
139      139   (0)     12 :  0.4256 0.5744 
140      140   (0)     12 :  0.0684 0.9316 
141      141   (0)     12 :  0.2154 0.7846 
142      142   (0)     12 :  0.0000 1.0000 
143      143   (0)     12 :  0.3183 0.6817 
144      144   (0)     12 :  0.0585 0.9415 
145      145   (0)     12 :  0.0000 1.0000 
146      146   (0)     13 :  1.0000 0.0000 
147      147   (0)     13 :  1.0000 0.0000 
148      148   (0)     13 :  1.0000 0.0000 
149      149   (0)     13 :  1.0000 0.0000 
150      150   (0)     13 :  1.0000 0.0000 
151      151   (0)     14 :  1.0000 0.0000 
152      152   (0)     14 :  0.0000 1.0000 
153      153   (0)     15 :  0.4620 0.5380 
154      154   (0)     15 :  1.0000 0.0000 
155      155   (0)     16 :  0.0006 0.9994 
156      156   (0)     16 :  0.0000 1.0000 
157      157   (0)     17 :  0.4144 0.5856 
158      158   (0)     17 :  0.0684 0.9316 
159      159   (0)     18 :  0.0000 1.0000 
160      160   (0)     18 :  0.0000 1.0000 
161      161   (0)     18 :  0.0000 1.0000 
162      162   (0)     19 :  0.0000 1.0000 
163      163   (0)     19 :  0.3223 0.6777 
164      164   (0)     19 :  0.0000 1.0000 
