1        1   (0)      1  : 0.4506 0.1481 0.4013
2        2   (0)      1  : 0.3939 0.0281 0.5779
3        3   (0)      1  : 0.5421 0.0026 0.4552
4        4   (0)      1  : 0.5853 0.0825 0.3322
5        5   (0)      1  : 0.6724 0.0567 0.2709
6        6   (0)      1  : 0.5954 0.0783 0.3263
7        7   (0)      1  : 0.5900 0.0253 0.3847
8        8   (0)      2  : 0.6235 0.0000 0.3765
9        9   (0)      2  : 0.3968 0.0297 0.5735
10       10   (0)      2  : 0.3973 0.0320 0.5707
11       11   (0)      2  : 0.3371 0.1691 0.4938
12       12   (0)      2  : 0.4585 0.0195 0.5220
13       13   (0)      2  : 0.4668 0.0000 0.5332
14       14   (0)      3  : 0.7617 0.0032 0.2352
15       15   (0)      3  : 0.4268 0.0398 0.5334
16       16   (0)      3  : 0.4560 0.0000 0.5440
17       17   (0)      3  : 0.7304 0.0263 0.2433
18       18   (0)      4  : 0.4748 0.0458 0.4794
19       19   (0)      4  : 0.5028 0.0065 0.4908
20       20   (0)      4  : 0.5954 0.0172 0.3875
21       21   (0)      4  : 0.4725 0.0184 0.5091
22       22   (0)      4  : 0.6716 0.0110 0.3174
23       23   (0)      4  : 0.7031 0.0278 0.2692
24       24   (0)      4  : 0.7771 0.0000 0.2229
25       25   (0)      4  : 0.7141 0.0004 0.2855
26       26   (0)      4  : 0.5452 0.0460 0.4088
27       27   (0)      4  : 0.5981 0.0269 0.3750
28       28   (0)      4  : 0.4721 0.0656 0.4622
29       29   (0)      4  : 0.4769 0.0463 0.4768
30       30   (0)      4  : 0.5654 0.0365 0.3982
31       31   (0)      4  : 0.7286 0.0000 0.2714
32       32   (0)      4  : 0.7906 0.0000 0.2094
33       33   (0)      4  : 0.5907 0.0236 0.3856
34       34   (0)      5  : 0.7162 0.0203 0.2635
35       35   (0)      6  : 0.4073 0.0316 0.5611
36       36   (0)      6  : 0.3912 0.0000 0.6088
37       37   (0)      6  : 0.0909 0.0000 0.9091
38       38   (0)      6  : 0.6026 0.0000 0.3974
39       39   (0)      6  : 0.7026 0.0148 0.2826
40       40   (0)      6  : 0.5860 0.0206 0.3935
41       41   (0)      6  : 0.0000 1.0000 0.0000
42       42   (0)      6  : 0.6478 0.0031 0.3491
43       43   (0)      6  : 0.4282 0.0669 0.5049
44       44   (0)      6  : 0.6406 0.0546 0.3048
45       45   (0)      6  : 0.5136 0.0242 0.4622
46       46   (0)      6  : 0.0000 1.0000 0.0000
47       47   (0)      6  : 0.4325 0.0382 0.5292
48       48   (0)      6  : 0.5469 0.0314 0.4217
49       49   (0)      6  : 0.0000 1.0000 0.0000
50       50   (0)      6  : 0.7354 0.0000 0.2646
51       51   (0)      6  : 0.5712 0.0932 0.3356
52       52   (0)      6  : 0.0000 1.0000 0.0000
53       53   (0)      6  : 0.8292 0.0000 0.1708
54       54   (0)      6  : 0.8208 0.0106 0.1685
55       55   (0)      6  : 0.2991 0.0077 0.6932
56       56   (0)      6  : 0.5693 0.0305 0.4002
57       57   (0)      6  : 0.8370 0.0020 0.1610
58       58   (0)      7  : 0.6581 0.0000 0.3419
59       59   (0)      7  : 0.3659 0.0000 0.6341
60       60   (0)      7  : 0.4696 0.0346 0.4958
61       61   (0)      7  : 0.5638 0.0000 0.4362
62       62   (0)      7  : 0.0909 0.0000 0.9091
63       63   (0)      7  : 0.5164 0.0269 0.4566
64       64   (0)      8  : 0.5801 0.0578 0.3621
65       65   (0)      8  : 0.4795 0.0312 0.4893
66       66   (0)      9  : 0.5892 0.0000 0.4108
67       67   (0)     10  : 0.5128 0.0070 0.4802
68       68   (0)     10  : 0.6264 0.0023 0.3713
69       69   (0)     10  : 0.6460 0.0168 0.3372
70       70   (0)     10  : 0.6338 0.0000 0.3662
71       71   (0)     10  : 0.6454 0.0016 0.3529
72       72   (0)     10  : 0.5687 0.0047 0.4266
73       73   (0)     10  : 0.6666 0.0393 0.2940
74       74   (0)     10  : 0.8132 0.0000 0.1868
75       75   (0)     10  : 0.6273 0.0130 0.3596
76       76   (0)     10  : 0.7624 0.0534 0.1842
