1        1   (0)      1  : 0.2186 0.0000 0.0000 0.7773 0.0027 0.0000 0.0014
2        2   (0)      1  : 0.0119 0.0000 0.0269 0.8119 0.0657 0.0000 0.0835
3        3   (0)      1  : 0.0000 0.0000 0.0000 1.0000 0.0000 0.0000 0.0000
4        4   (0)      1  : 0.0000 0.0000 0.0000 1.0000 0.0000 0.0000 0.0000
5        5   (0)      1  : 0.5626 0.0000 0.1882 0.2090 0.0067 0.0000 0.0334
6        6   (0)      1  : 0.7168 0.0000 0.1347 0.0910 0.0340 0.0000 0.0235
7        7   (0)      1  : 0.8746 0.0000 0.0000 0.0107 0.0875 0.0000 0.0273
8        8   (0)      1  : 0.5933 0.0000 0.1358 0.2347 0.0157 0.0000 0.0205
9        9   (0)      1  : 0.0000 0.0000 0.0000 1.0000 0.0000 0.0000 0.0000
10       10   (0)      1  : 0.8846 0.0000 0.0000 0.0000 0.0937 0.0000 0.0218
11       11   (0)      1  : 0.8244 0.0000 0.0000 0.0000 0.1237 0.0000 0.0520
12       12   (0)      1  : 0.1000 0.0000 0.0000 0.0000 0.6000 0.0000 0.3000
13       13   (0)      1  : 0.8827 0.0000 0.0000 0.0000 0.1027 0.0000 0.0146
14       14   (0)      1  : 0.4900 0.0185 0.1399 0.1772 0.1016 0.0427 0.0301
15       15   (0)      1  : 0.0000 0.0000 1.0000 0.0000 0.0000 0.0000 0.0000
16       16   (0)      1  : 0.0000 0.0000 0.0000 1.0000 0.0000 0.0000 0.0000
17       17   (0)      1  : 0.0000 0.0000 0.0000 1.0000 0.0000 0.0000 0.0000
18       18   (0)      1  : 0.2932 0.0000 0.0000 0.0000 0.7068 0.0000 0.0000
19       19   (0)      1  : 0.8480 0.0000 0.0000 0.0135 0.0872 0.0000 0.0513
20       20   (0)      1  : 0.8722 0.0000 0.0000 0.0014 0.0999 0.0000 0.0265
21       21   (0)      1  : 0.0000 0.0000 0.0000 1.0000 0.0000 0.0000 0.0000
22       22   (0)      1  : 0.0000 0.0000 1.0000 0.0000 0.0000 0.0000 0.0000
23       23   (0)      1  : 0.8601 0.0000 0.0047 0.0175 0.0688 0.0000 0.0489
24       24   (0)      2  : 0.0000 0.0000 0.0000 1.0000 0.0000 0.0000 0.0000
25       25   (0)      2  : 0.9797 0.0000 0.0000 0.0000 0.0200 0.0000 0.0003
26       26   (0)      2  : 0.2956 0.0000 0.0000 0.6870 0.0089 0.0000 0.0085
27       27   (0)      2  : 0.7997 0.0000 0.0000 0.0463 0.1146 0.0000 0.0395
28       28   (0)      2  : 0.8761 0.0017 0.0269 0.0541 0.0386 0.0001 0.0024
29       29   (0)      2  : 0.7933 0.0000 0.0000 0.0590 0.0882 0.0000 0.0596
30       30   (0)      2  : 0.0000 0.5764 0.0000 0.0000 0.0000 0.4236 0.0000
31       31   (0)      2  : 0.8547 0.0000 0.0170 0.0313 0.0831 0.0000 0.0139
32       32   (0)      2  : 0.0000 0.0000 0.0000 1.0000 0.0000 0.0000 0.0000
33       33   (0)      2  : 0.2936 0.0000 0.0000 0.0000 0.7064 0.0000 0.0000
34       34   (0)      2  : 0.9398 0.0000 0.0000 0.0002 0.0461 0.0000 0.0138
35       35   (0)      2  : 0.7908 0.0000 0.0240 0.0340 0.1058 0.0000 0.0454
36       36   (0)      2  : 0.0000 0.0000 0.0000 1.0000 0.0000 0.0000 0.0000
37       37   (0)      3  : 0.8597 0.0000 0.0034 0.0201 0.0739 0.0000 0.0429
38       38   (0)      3  : 0.6555 0.0000 0.0000 0.0509 0.0615 0.0000 0.2322
39       39   (0)      3  : 0.9212 0.0000 0.0000 0.0078 0.0251 0.0000 0.0460
40       40   (0)      3  : 0.8604 0.0000 0.0000 0.0294 0.0889 0.0000 0.0214
41       41   (0)      3  : 0.8984 0.0000 0.0000 0.0149 0.0301 0.0000 0.0566
42       42   (0)      4  : 0.0000 0.5035 0.0000 0.0000 0.0000 0.4965 0.0000
43       43   (0)      4  : 0.8998 0.0045 0.0000 0.0000 0.0533 0.0116 0.0309
44       44   (0)      4  : 0.0000 0.6538 0.0000 0.0000 0.0000 0.3462 0.0000
45       45   (0)      4  : 0.0000 0.7064 0.0000 0.0000 0.0000 0.2936 0.0000
46       46   (0)      4  : 0.8598 0.0230 0.0122 0.0455 0.0523 0.0025 0.0046
47       47   (0)      4  : 0.9571 0.0000 0.0000 0.0000 0.0421 0.0000 0.0008
48       48   (0)      4  : 0.8649 0.0000 0.0000 0.0000 0.1119 0.0000 0.0232
49       49   (0)      4  : 0.9278 0.0000 0.0000 0.0099 0.0533 0.0000 0.0090
50       50   (0)      4  : 0.9641 0.0000 0.0000 0.0000 0.0204 0.0000 0.0155
51       51   (0)      4  : 0.4279 0.1189 0.1378 0.0159 0.0101 0.2878 0.0016
52       52   (0)      4  : 0.8749 0.0121 0.0000 0.0068 0.0853 0.0186 0.0023
53       53   (0)      4  : 0.9059 0.0033 0.0000 0.0000 0.0568 0.0052 0.0287
54       54   (0)      4  : 0.8820 0.0131 0.0095 0.0087 0.0251 0.0205 0.0410
55       55   (0)      4  : 0.9456 0.0000 0.0000 0.0000 0.0317 0.0000 0.0226
56       56   (0)      4  : 0.0000 0.5578 0.0000 0.0000 0.0000 0.4422 0.0000
57       57   (0)      5  : 0.9111 0.0000 0.0000 0.0151 0.0619 0.0000 0.0119
58       58   (0)      5  : 0.8880 0.0000 0.0000 0.0022 0.0898 0.0000 0.0199
59       59   (0)      5  : 0.0000 0.8544 0.0000 0.0000 0.0000 0.1456 0.0000
60       60   (0)      5  : 0.8894 0.0000 0.0000 0.0000 0.1005 0.0000 0.0101
61       61   (0)      5  : 0.3167 0.1602 0.1206 0.0017 0.0040 0.3167 0.0801
62       62   (0)      5  : 0.0000 0.2358 0.0000 0.0000 0.0000 0.7642 0.0000
63       63   (0)      5  : 0.6880 0.0332 0.0225 0.0445 0.0352 0.1489 0.0277
64       64   (0)      5  : 0.8383 0.0000 0.0000 0.0000 0.0980 0.0000 0.0637
65       65   (0)      5  : 0.9426 0.0000 0.0000 0.0000 0.0485 0.0000 0.0088
66       66   (0)      5  : 0.9356 0.0000 0.0000 0.0276 0.0200 0.0000 0.0167
67       67   (0)      5  : 0.1763 0.3718 0.0626 0.0000 0.0000 0.3865 0.0029
68       68   (0)      5  : 0.0000 0.9227 0.0000 0.0000 0.0000 0.0773 0.0000
69       69   (0)      5  : 0.6247 0.1168 0.0065 0.0284 0.0345 0.1173 0.0718
70       70   (0)      5  : 0.0000 0.5000 0.0000 0.0000 0.0000 0.5000 0.0000
71       71   (0)      5  : 0.0000 0.7569 0.0000 0.0000 0.0000 0.2431 0.0000
72       72   (0)      5  : 0.8016 0.0786 0.0044 0.0135 0.0508 0.0369 0.0142
73       73   (0)      5  : 0.8659 0.0000 0.0000 0.0350 0.0758 0.0000 0.0233
74       74   (0)      5  : 0.0000 0.9451 0.0000 0.0000 0.0000 0.0549 0.0000
75       75   (0)      6  : 0.0000 0.5673 0.0000 0.0000 0.0000 0.4327 0.0000
76       76   (0)      6  : 0.8409 0.0399 0.0205 0.0124 0.0686 0.0102 0.0075
77       77   (0)      6  : 0.0000 0.8505 0.0000 0.0000 0.0000 0.1495 0.0000
78       78   (0)      6  : 0.0000 0.9406 0.0000 0.0000 0.0000 0.0594 0.0000
79       79   (0)      6  : 0.0000 0.5544 0.0000 0.0000 0.0000 0.4456 0.0000
80       80   (0)      6  : 0.0000 0.0000 0.0031 0.9969 0.0000 0.0000 0.0000
81       81   (0)      6  : 0.0000 0.4910 0.0000 0.0000 0.0000 0.5090 0.0000
82       82   (0)      6  : 0.0000 0.3229 0.0000 0.0000 0.0000 0.6771 0.0000
83       83   (0)      6  : 0.0000 0.2380 0.0127 0.0000 0.0000 0.7492 0.0000
84       84   (0)      6  : 0.0000 0.1771 0.0000 0.0000 0.0000 0.8229 0.0000
85       85   (0)      6  : 0.0000 0.8260 0.0000 0.0000 0.0000 0.1740 0.0000
86       86   (0)      6  : 0.0000 0.3621 0.0000 0.0000 0.0000 0.6379 0.0000
87       87   (0)      6  : 0.0000 0.9530 0.0000 0.0000 0.0000 0.0470 0.0000
88       88   (0)      6  : 0.0000 0.7093 0.0000 0.0000 0.0000 0.2907 0.0000
89       89   (0)      6  : 0.0000 0.7544 0.0000 0.0000 0.0000 0.2456 0.0000
90       90   (0)      6  : 0.0000 0.0823 0.0000 0.8617 0.0000 0.0560 0.0000
91       91   (0)      6  : 0.0000 0.5314 0.0000 0.0000 0.0000 0.4686 0.0000
92       92   (0)      6  : 0.7916 0.0000 0.0003 0.0248 0.0378 0.0000 0.1456
93       93   (0)      6  : 0.0189 0.0608 0.6237 0.1438 0.0000 0.1528 0.0000
94       94   (0)      6  : 0.9377 0.0000 0.0000 0.0000 0.0261 0.0000 0.0362
95       95   (0)      6  : 0.4257 0.0532 0.2994 0.0000 0.0156 0.1610 0.0451
96       96   (0)      6  : 0.4660 0.1152 0.1940 0.0000 0.0108 0.1838 0.0302
97       97   (0)      6  : 0.8399 0.0218 0.0108 0.0000 0.0446 0.0346 0.0483
98       98   (0)      6  : 0.3062 0.0740 0.4639 0.0401 0.0000 0.1157 0.0000
99       99   (0)      7  : 0.0000 0.7818 0.0000 0.0000 0.0000 0.2182 0.0000
100      100   (0)      7  : 0.6714 0.1466 0.0905 0.0218 0.0307 0.0147 0.0244
101      101   (0)      7  : 0.0000 0.0000 1.0000 0.0000 0.0000 0.0000 0.0000
102      102   (0)      7  : 0.0000 0.0000 1.0000 0.0000 0.0000 0.0000 0.0000
103      103   (0)      7  : 0.8157 0.0000 0.0000 0.0000 0.1158 0.0000 0.0685
104      104   (0)      7  : 0.7796 0.0000 0.0004 0.0502 0.0804 0.0000 0.0893
105      105   (0)      7  : 0.8922 0.0000 0.0000 0.0447 0.0151 0.0000 0.0480
106      106   (0)      7  : 0.9243 0.0000 0.0000 0.0020 0.0399 0.0000 0.0339
107      107   (0)      7  : 0.9093 0.0000 0.0000 0.0010 0.0845 0.0000 0.0052
108      108   (0)      8  : 0.1000 0.0000 0.0000 0.0000 0.0000 0.0000 0.9000
109      109   (0)      8  : 0.8800 0.0000 0.0000 0.0049 0.0717 0.0000 0.0434
110      110   (0)      8  : 0.1000 0.0000 0.0000 0.0000 0.6000 0.0000 0.3000
111      111   (0)      8  : 0.2000 0.0000 0.0000 0.0000 0.8000 0.0000 0.0000
112      112   (0)      8  : 0.0000 0.0000 1.0000 0.0000 0.0000 0.0000 0.0000
113      113   (0)      8  : 0.9268 0.0000 0.0000 0.0000 0.0587 0.0000 0.0145
114      114   (0)      8  : 0.9198 0.0000 0.0000 0.0000 0.0588 0.0000 0.0214
115      115   (0)      8  : 0.1000 0.0000 0.0000 0.0000 0.0000 0.0000 0.9000
116      116   (0)      8  : 0.2000 0.0000 0.0000 0.0000 0.8000 0.0000 0.0000
117      117   (0)      8  : 0.7702 0.0497 0.0224 0.0355 0.0253 0.0056 0.0912
118      118   (0)      8  : 0.9017 0.0000 0.0000 0.0458 0.0204 0.0000 0.0320
119      119   (0)      9  : 0.0000 0.5299 0.0000 0.0000 0.0000 0.4701 0.0000
120      120   (0)     10  : 0.8392 0.0000 0.0459 0.0001 0.0640 0.0000 0.0508
121      121   (0)     10  : 0.9041 0.0000 0.0000 0.0000 0.0903 0.0000 0.0056
122      122   (0)     10  : 0.8947 0.0000 0.0000 0.0000 0.0523 0.0000 0.0530
123      123   (0)     10  : 0.7061 0.0650 0.0120 0.0454 0.0674 0.0052 0.0990
124      124   (0)     10  : 0.8621 0.0000 0.0558 0.0000 0.0564 0.0000 0.0257
125      125   (0)     10  : 0.7959 0.0028 0.0983 0.0321 0.0538 0.0125 0.0046
126      126   (0)     10  : 0.9240 0.0000 0.0182 0.0000 0.0359 0.0000 0.0218
127      127   (0)     10  : 0.9011 0.0000 0.0000 0.0047 0.0558 0.0000 0.0383
128      128   (0)     10  : 0.8756 0.0000 0.0225 0.0117 0.0754 0.0000 0.0148
129      129   (0)     10  : 0.9300 0.0000 0.0000 0.0126 0.0445 0.0000 0.0129
130      130   (0)     10  : 0.9739 0.0000 0.0003 0.0003 0.0115 0.0000 0.0139
131      131   (0)     10  : 0.8660 0.0000 0.0388 0.0292 0.0422 0.0000 0.0237
132      132   (0)     10  : 0.8285 0.0000 0.0755 0.0498 0.0204 0.0000 0.0257
133      133   (0)     10  : 0.8446 0.0072 0.0296 0.0090 0.0606 0.0163 0.0327
134      134   (0)     10  : 0.8372 0.0056 0.0550 0.0000 0.0467 0.0137 0.0417
135      135   (0)     10  : 0.8335 0.0000 0.0362 0.0102 0.0423 0.0000 0.0777
136      136   (0)     10  : 0.9046 0.0000 0.0119 0.0000 0.0549 0.0000 0.0287
137      137   (0)     11  : 0.0000 0.6855 0.0908 0.0000 0.0000 0.2237 0.0000
138      138   (0)     12  : 0.6772 0.0111 0.1124 0.1187 0.0396 0.0077 0.0332
139      139   (0)     12  : 0.4234 0.1546 0.2256 0.0215 0.0169 0.1551 0.0028
140      140   (0)     12  : 0.0000 0.0000 0.0500 0.9500 0.0000 0.0000 0.0000
141      141   (0)     12  : 0.1900 0.0000 0.4099 0.0755 0.2150 0.0000 0.1096
142      142   (0)     12  : 0.8149 0.0000 0.0614 0.0299 0.0672 0.0000 0.0265
143      143   (0)     12  : 0.4652 0.1008 0.3122 0.0543 0.0138 0.0485 0.0054
144      144   (0)     12  : 0.7525 0.0011 0.1393 0.0650 0.0291 0.0071 0.0059
145      145   (0)     12  : 0.3452 0.0000 0.0000 0.6166 0.0104 0.0000 0.0278
146      146   (0)     13  : 0.0000 0.7346 0.0000 0.0000 0.0000 0.2654 0.0000
147      147   (0)     13  : 0.0000 0.6676 0.0000 0.0000 0.0000 0.3324 0.0000
148      148   (0)     13  : 0.0000 0.3298 0.0000 0.0000 0.0000 0.6702 0.0000
149      149   (0)     13  : 0.0000 0.6800 0.0000 0.0000 0.0000 0.3200 0.0000
150      150   (0)     13  : 0.0000 0.9053 0.0000 0.0000 0.0000 0.0947 0.0000
151      151   (0)     14  : 0.0000 0.8784 0.0000 0.0000 0.0000 0.1216 0.0000
152      152   (0)     14  : 0.8913 0.0000 0.0000 0.0224 0.0631 0.0000 0.0232
153      153   (0)     15  : 0.3742 0.0550 0.2851 0.0011 0.0043 0.2554 0.0249
154      154   (0)     15  : 0.0000 0.5395 0.0009 0.0000 0.0000 0.4597 0.0000
155      155   (0)     16  : 0.8609 0.0000 0.0537 0.0040 0.0526 0.0000 0.0288
156      156   (0)     16  : 0.7935 0.0000 0.0125 0.0380 0.1084 0.0000 0.0477
157      157   (0)     17  : 0.2204 0.1032 0.3517 0.1184 0.0403 0.1190 0.0470
158      158   (0)     17  : 0.0000 0.0000 0.0048 0.9952 0.0000 0.0000 0.0000
159      159   (0)     18  : 0.9312 0.0000 0.0193 0.0000 0.0319 0.0000 0.0176
160      160   (0)     18  : 0.8890 0.0000 0.0000 0.0000 0.0831 0.0000 0.0279
161      161   (0)     18  : 0.8864 0.0000 0.0000 0.0000 0.0839 0.0000 0.0297
162      162   (0)     19  : 0.7975 0.0000 0.0685 0.0003 0.1027 0.0000 0.0310
163      163   (0)     19  : 0.3902 0.1080 0.2617 0.0278 0.0578 0.0767 0.0777
164      164   (0)     19  : 0.6709 0.0000 0.0000 0.0495 0.0540 0.0000 0.2256
