1        1   (0)      1  : 0.9949 0.0051
2        2   (0)      1  : 0.9831 0.0169
3        3   (0)      1  : 0.9996 0.0004
4        4   (0)      1  : 0.9997 0.0003
5        5   (0)      1  : 0.9288 0.0712
6        6   (0)      1  : 0.9747 0.0253
7        7   (0)      1  : 1.0000 0.0000
8        8   (0)      1  : 0.9632 0.0368
9        9   (0)      1  : 0.9852 0.0148
10       10   (0)      1  : 1.0000 0.0000
11       11   (0)      1  : 1.0000 0.0000
12       12   (0)      1  : 1.0000 0.0000
13       13   (0)      1  : 1.0000 0.0000
14       14   (0)      1  : 0.8727 0.1273
15       15   (0)      1  : 0.5312 0.4688
16       16   (0)      1  : 1.0000 0.0000
17       17   (0)      1  : 0.9271 0.0729
18       18   (0)      1  : 1.0000 0.0000
19       19   (0)      1  : 1.0000 0.0000
20       20   (0)      1  : 1.0000 0.0000
21       21   (0)      1  : 0.9820 0.0180
22       22   (0)      1  : 0.4260 0.5740
23       23   (0)      1  : 1.0000 0.0000
24       24   (0)      2  : 1.0000 0.0000
25       25   (0)      2  : 1.0000 0.0000
26       26   (0)      2  : 1.0000 0.0000
27       27   (0)      2  : 1.0000 0.0000
28       28   (0)      2  : 0.9897 0.0103
29       29   (0)      2  : 1.0000 0.0000
30       30   (0)      2  : 0.0000 1.0000
31       31   (0)      2  : 1.0000 0.0000
32       32   (0)      2  : 1.0000 0.0000
33       33   (0)      2  : 1.0000 0.0000
34       34   (0)      2  : 1.0000 0.0000
35       35   (0)      2  : 1.0000 0.0000
36       36   (0)      2  : 0.9312 0.0688
37       37   (0)      3  : 1.0000 0.0000
38       38   (0)      3  : 1.0000 0.0000
39       39   (0)      3  : 1.0000 0.0000
40       40   (0)      3  : 1.0000 0.0000
41       41   (0)      3  : 1.0000 0.0000
42       42   (0)      4  : 0.0000 1.0000
43       43   (0)      4  : 0.9880 0.0120
44       44   (0)      4  : 0.0000 1.0000
45       45   (0)      4  : 0.0000 1.0000
46       46   (0)      4  : 0.9743 0.0257
47       47   (0)      4  : 1.0000 0.0000
48       48   (0)      4  : 1.0000 0.0000
49       49   (0)      4  : 1.0000 0.0000
50       50   (0)      4  : 1.0000 0.0000
51       51   (0)      4  : 0.5245 0.4755
52       52   (0)      4  : 0.9723 0.0277
53       53   (0)      4  : 0.9936 0.0064
54       54   (0)      4  : 0.9692 0.0308
55       55   (0)      4  : 1.0000 0.0000
56       56   (0)      4  : 0.0000 1.0000
57       57   (0)      5  : 1.0000 0.0000
58       58   (0)      5  : 1.0000 0.0000
59       59   (0)      5  : 0.0000 1.0000
60       60   (0)      5  : 1.0000 0.0000
61       61   (0)      5  : 0.4624 0.5376
62       62   (0)      5  : 0.0000 1.0000
63       63   (0)      5  : 0.8134 0.1866
64       64   (0)      5  : 1.0000 0.0000
65       65   (0)      5  : 1.0000 0.0000
66       66   (0)      5  : 1.0000 0.0000
67       67   (0)      5  : 0.2054 0.7946
68       68   (0)      5  : 0.0000 1.0000
69       69   (0)      5  : 0.7675 0.2325
70       70   (0)      5  : 0.0000 1.0000
71       71   (0)      5  : 0.0000 1.0000
72       72   (0)      5  : 0.8881 0.1119
73       73   (0)      5  : 1.0000 0.0000
74       74   (0)      5  : 0.0000 1.0000
75       75   (0)      6  : 0.0000 1.0000
76       76   (0)      6  : 0.9491 0.0509
77       77   (0)      6  : 0.0000 1.0000
78       78   (0)      6  : 0.0000 1.0000
79       79   (0)      6  : 0.0000 1.0000
80       80   (0)      6  : 0.9312 0.0688
81       81   (0)      6  : 0.0000 1.0000
82       82   (0)      6  : 0.0000 1.0000
83       83   (0)      6  : 0.0029 0.9971
84       84   (0)      6  : 0.0000 1.0000
85       85   (0)      6  : 0.0000 1.0000
86       86   (0)      6  : 0.0000 1.0000
87       87   (0)      6  : 0.0000 1.0000
88       88   (0)      6  : 0.0000 1.0000
89       89   (0)      6  : 0.0000 1.0000
90       90   (0)      6  : 0.8050 0.1950
91       91   (0)      6  : 0.0000 1.0000
92       92   (0)      6  : 1.0000 0.0000
93       93   (0)      6  : 0.4656 0.5344
94       94   (0)      6  : 1.0000 0.0000
95       95   (0)      6  : 0.6347 0.3653
96       96   (0)      6  : 0.6154 0.3846
97       97   (0)      6  : 0.9479 0.0521
98       98   (0)      6  : 0.5690 0.4310
99       99   (0)      7  : 0.0000 1.0000
100      100   (0)      7  : 0.8054 0.1946
101      101   (0)      7  : 0.4002 0.5998
102      102   (0)      7  : 0.4026 0.5974
103      103   (0)      7  : 1.0000 0.0000
104      104   (0)      7  : 1.0000 0.0000
105      105   (0)      7  : 1.0000 0.0000
106      106   (0)      7  : 1.0000 0.0000
107      107   (0)      7  : 1.0000 0.0000
108      108   (0)      8  : 1.0000 0.0000
109      109   (0)      8  : 1.0000 0.0000
110      110   (0)      8  : 1.0000 0.0000
111      111   (0)      8  : 1.0000 0.0000
112      112   (0)      8  : 0.4035 0.5965
113      113   (0)      8  : 1.0000 0.0000
114      114   (0)      8  : 1.0000 0.0000
115      115   (0)      8  : 1.0000 0.0000
116      116   (0)      8  : 1.0000 0.0000
117      117   (0)      8  : 0.9419 0.0581
118      118   (0)      8  : 1.0000 0.0000
119      119   (0)      9  : 0.0000 1.0000
120      120   (0)     10  : 1.0000 0.0000
121      121   (0)     10  : 1.0000 0.0000
122      122   (0)     10  : 1.0000 0.0000
123      123   (0)     10  : 0.9295 0.0705
124      124   (0)     10  : 1.0000 0.0000
125      125   (0)     10  : 0.9526 0.0474
126      126   (0)     10  : 1.0000 0.0000
127      127   (0)     10  : 1.0000 0.0000
128      128   (0)     10  : 1.0000 0.0000
129      129   (0)     10  : 1.0000 0.0000
130      130   (0)     10  : 1.0000 0.0000
131      131   (0)     10  : 0.9911 0.0089
132      132   (0)     10  : 0.9990 0.0010
133      133   (0)     10  : 0.9752 0.0248
134      134   (0)     10  : 0.9711 0.0289
135      135   (0)     10  : 1.0000 0.0000
136      136   (0)     10  : 1.0000 0.0000
137      137   (0)     11  : 0.0000 1.0000
138      138   (0)     12  : 0.9459 0.0541
139      139   (0)     12  : 0.5744 0.4256
140      140   (0)     12  : 0.9316 0.0684
141      141   (0)     12  : 0.7846 0.2154
142      142   (0)     12  : 1.0000 0.0000
143      143   (0)     12  : 0.6817 0.3183
144      144   (0)     12  : 0.9415 0.0585
145      145   (0)     12  : 1.0000 0.0000
146      146   (0)     13  : 0.0000 1.0000
147      147   (0)     13  : 0.0000 1.0000
148      148   (0)     13  : 0.0000 1.0000
149      149   (0)     13  : 0.0000 1.0000
150      150   (0)     13  : 0.0000 1.0000
151      151   (0)     14  : 0.0000 1.0000
152      152   (0)     14  : 1.0000 0.0000
153      153   (0)     15  : 0.5380 0.4620
154      154   (0)     15  : 0.0000 1.0000
155      155   (0)     16  : 0.9994 0.0006
156      156   (0)     16  : 1.0000 0.0000
157      157   (0)     17  : 0.5856 0.4144
158      158   (0)     17  : 0.9316 0.0684
159      159   (0)     18  : 1.0000 0.0000
160      160   (0)     18  : 1.0000 0.0000
161      161   (0)     18  : 1.0000 0.0000
162      162   (0)     19  : 1.0000 0.0000
163      163   (0)     19  : 0.6777 0.3223
164      164   (0)     19  : 1.0000 0.0000
