1        1   (0)      1  : 0.0696 0.0000 0.0000 0.0000 0.0000 0.0000 0.7407 0.0628 0.0000 0.0094 0.0000 0.0065 0.0042 0.0713 0.0356
2        2   (0)      1  : 0.0000 0.0000 0.0211 0.0000 0.0723 0.0000 0.8229 0.0000 0.0000 0.0000 0.0000 0.0244 0.0553 0.0000 0.0039
3        3   (0)      1  : 0.0000 0.0000 0.0000 0.0000 0.0000 0.0000 0.9800 0.0000 0.0000 0.0000 0.0000 0.0000 0.0000 0.0200 0.0000
4        4   (0)      1  : 0.0000 0.0000 0.0000 0.0000 0.0000 0.0000 1.0000 0.0000 0.0000 0.0000 0.0000 0.0000 0.0000 0.0000 0.0000
5        5   (0)      1  : 0.2795 0.0000 0.1279 0.0000 0.0150 0.0997 0.1797 0.1905 0.0000 0.0000 0.0000 0.0000 0.0000 0.0000 0.1076
6        6   (0)      1  : 0.4099 0.0000 0.1001 0.0000 0.0178 0.0620 0.0839 0.2101 0.0000 0.0004 0.0514 0.0159 0.0008 0.0000 0.0476
7        7   (0)      1  : 0.5198 0.0000 0.0000 0.0000 0.0000 0.0000 0.0000 0.2535 0.0000 0.0000 0.0194 0.0069 0.0447 0.0000 0.1558
8        8   (0)      1  : 0.3978 0.0000 0.0913 0.0000 0.0136 0.0601 0.2132 0.1170 0.0000 0.0000 0.0000 0.0000 0.0000 0.0000 0.1070
9        9   (0)      1  : 0.0000 0.0000 0.0000 0.0000 0.0000 0.0000 1.0000 0.0000 0.0000 0.0000 0.0000 0.0000 0.0000 0.0000 0.0000
10       10   (0)      1  : 0.5155 0.0000 0.0000 0.0000 0.0110 0.0000 0.0000 0.3595 0.0000 0.0418 0.0000 0.0074 0.0037 0.0197 0.0414
11       11   (0)      1  : 0.1910 0.0000 0.0000 0.0000 0.0202 0.0000 0.0000 0.6979 0.0000 0.0380 0.0059 0.0046 0.0404 0.0021 0.0000
12       12   (0)      1  : 0.0000 0.0000 0.0000 0.0000 0.0000 0.0000 0.0000 0.0000 0.0000 0.0000 0.0000 0.0000 1.0000 0.0000 0.0000
13       13   (0)      1  : 0.1707 0.0000 0.0000 0.0000 0.0000 0.0000 0.0000 0.6581 0.0000 0.0395 0.0232 0.0409 0.0068 0.0332 0.0277
14       14   (0)      1  : 0.2155 0.0058 0.0898 0.0177 0.0000 0.1257 0.1611 0.2621 0.0000 0.0000 0.0000 0.0201 0.0733 0.0000 0.0290
15       15   (0)      1  : 0.0000 0.0000 1.0000 0.0000 0.0000 0.0000 0.0000 0.0000 0.0000 0.0000 0.0000 0.0000 0.0000 0.0000 0.0000
16       16   (0)      1  : 0.0000 0.0000 0.0000 0.0000 0.0000 0.0000 0.8333 0.0000 0.0000 0.0000 0.0000 0.0000 0.0000 0.1667 0.0000
17       17   (0)      1  : 0.0000 0.0000 0.0000 0.0000 0.0000 0.0000 0.8333 0.0000 0.0000 0.0000 0.0000 0.0000 0.0000 0.1667 0.0000
18       18   (0)      1  : 0.0000 0.0000 0.0000 0.0000 0.0000 0.0000 0.0000 0.0000 0.0000 1.0000 0.0000 0.0000 0.0000 0.0000 0.0000
19       19   (0)      1  : 0.0667 0.0000 0.0000 0.0000 0.0391 0.0000 0.0043 0.7585 0.0000 0.0039 0.0000 0.0624 0.0111 0.0505 0.0035
20       20   (0)      1  : 0.0000 0.0000 0.0000 0.0000 0.0000 0.0000 0.0000 0.6303 0.0000 0.0004 0.3193 0.0476 0.0024 0.0000 0.0000
21       21   (0)      1  : 0.0000 0.0000 0.0000 0.0000 0.0000 0.0000 0.9740 0.0000 0.0000 0.0000 0.0000 0.0000 0.0000 0.0260 0.0000
22       22   (0)      1  : 0.0000 0.0000 1.0000 0.0000 0.0000 0.0000 0.0000 0.0000 0.0000 0.0000 0.0000 0.0000 0.0000 0.0000 0.0000
23       23   (0)      1  : 0.2097 0.0000 0.0007 0.0000 0.0202 0.0000 0.0018 0.5723 0.0000 0.0000 0.1455 0.0107 0.0365 0.0000 0.0027
24       24   (0)      2  : 0.0000 0.0000 0.0000 0.0000 0.0000 0.0000 0.9509 0.0000 0.0000 0.0000 0.0000 0.0000 0.0000 0.0491 0.0000
25       25   (0)      2  : 0.5875 0.0000 0.0000 0.0000 0.0000 0.0000 0.0000 0.0676 0.0000 0.0000 0.3275 0.0000 0.0000 0.0174 0.0000
26       26   (0)      2  : 0.1411 0.0000 0.0000 0.0000 0.0016 0.0000 0.5637 0.0510 0.0000 0.0107 0.0484 0.0000 0.0000 0.0049 0.1786
27       27   (0)      2  : 0.3101 0.0000 0.0000 0.0000 0.0266 0.0000 0.0331 0.4172 0.0000 0.0938 0.0641 0.0077 0.0148 0.0116 0.0211
28       28   (0)      2  : 0.5971 0.0000 0.0251 0.0000 0.0014 0.0018 0.0333 0.2455 0.0000 0.0000 0.0377 0.0181 0.0000 0.0170 0.0229
29       29   (0)      2  : 0.0848 0.0000 0.0000 0.0000 0.0343 0.0000 0.0254 0.5215 0.0000 0.0402 0.2234 0.0203 0.0035 0.0242 0.0224
30       30   (0)      2  : 0.0000 0.0867 0.0000 0.2466 0.0000 0.0000 0.0000 0.0000 0.5000 0.0000 0.0000 0.0000 0.0000 0.0000 0.1667
31       31   (0)      2  : 0.3931 0.0000 0.0101 0.0000 0.0000 0.0059 0.0195 0.3379 0.0000 0.0523 0.1233 0.0163 0.0067 0.0167 0.0182
32       32   (0)      2  : 0.0000 0.0000 0.0000 0.0000 0.0000 0.0000 0.9610 0.0000 0.0000 0.0000 0.0000 0.0000 0.0000 0.0086 0.0305
33       33   (0)      2  : 0.0000 0.0000 0.0000 0.0000 0.0000 0.0000 0.0000 0.0000 0.0000 1.0000 0.0000 0.0000 0.0000 0.0000 0.0000
34       34   (0)      2  : 0.2314 0.0000 0.0000 0.0000 0.0000 0.0000 0.0000 0.7432 0.0000 0.0019 0.0129 0.0004 0.0000 0.0010 0.0092
35       35   (0)      2  : 0.3221 0.0000 0.0236 0.0000 0.0207 0.0000 0.0235 0.3804 0.0000 0.0203 0.0976 0.0436 0.0382 0.0215 0.0086
36       36   (0)      2  : 0.0000 0.0000 0.0000 0.0000 0.0000 0.0000 0.9861 0.0000 0.0000 0.0000 0.0000 0.0000 0.0000 0.0139 0.0000
37       37   (0)      3  : 0.2528 0.0000 0.0000 0.0000 0.0243 0.0000 0.0065 0.5931 0.0000 0.0045 0.0389 0.0161 0.0142 0.0307 0.0190
38       38   (0)      3  : 0.0000 0.0000 0.0000 0.0000 0.0822 0.0000 0.0000 0.0000 0.0000 0.0000 0.9152 0.0026 0.0000 0.0000 0.0000
39       39   (0)      3  : 0.5464 0.0000 0.0000 0.0000 0.0326 0.0000 0.0001 0.2482 0.0000 0.0041 0.0920 0.0032 0.0171 0.0461 0.0102
40       40   (0)      3  : 0.0000 0.0000 0.0000 0.0000 0.0000 0.0000 0.0000 0.6359 0.0000 0.0000 0.3103 0.0207 0.0188 0.0000 0.0143
41       41   (0)      3  : 0.3977 0.0000 0.0000 0.0000 0.0352 0.0000 0.0006 0.3433 0.0000 0.0314 0.1687 0.0000 0.0083 0.0034 0.0115
42       42   (0)      4  : 0.0000 0.5128 0.0000 0.0522 0.0000 0.0000 0.0000 0.0000 0.2683 0.0000 0.0000 0.0000 0.0000 0.0000 0.1667
43       43   (0)      4  : 0.3016 0.0000 0.0000 0.0000 0.0151 0.0054 0.0000 0.5618 0.0000 0.0000 0.0366 0.0132 0.0284 0.0155 0.0223
44       44   (0)      4  : 0.0000 0.5000 0.0000 0.0890 0.0000 0.0000 0.0000 0.0000 0.2443 0.0000 0.0000 0.0000 0.0000 0.0000 0.1667
45       45   (0)      4  : 0.0000 0.3363 0.0000 0.2879 0.0000 0.0000 0.0000 0.0000 0.2786 0.0000 0.0000 0.0000 0.0000 0.0000 0.0973
46       46   (0)      4  : 0.2436 0.0047 0.0087 0.0089 0.0000 0.0000 0.0390 0.6183 0.0000 0.0000 0.0000 0.0258 0.0000 0.0076 0.0434
47       47   (0)      4  : 0.7851 0.0000 0.0000 0.0000 0.0000 0.0000 0.0000 0.0878 0.0000 0.0014 0.0457 0.0319 0.0000 0.0345 0.0136
48       48   (0)      4  : 0.3669 0.0000 0.0000 0.0000 0.0000 0.0000 0.0000 0.2349 0.0000 0.0163 0.2926 0.0162 0.0181 0.0153 0.0396
49       49   (0)      4  : 0.3016 0.0000 0.0000 0.0000 0.0000 0.0000 0.0000 0.5068 0.0000 0.0000 0.0210 0.0000 0.0039 0.0000 0.1667
50       50   (0)      4  : 0.0000 0.0000 0.0000 0.0000 0.0000 0.0000 0.0000 0.0000 0.0000 0.0000 0.0000 0.1667 0.0000 0.8333 0.0000
51       51   (0)      4  : 0.0771 0.0140 0.0209 0.0047 0.0000 0.3021 0.0000 0.1443 0.2661 0.0000 0.0000 0.0192 0.0000 0.0867 0.0650
52       52   (0)      4  : 0.8308 0.0024 0.0000 0.0000 0.0000 0.0053 0.0000 0.0908 0.0000 0.0147 0.0000 0.0549 0.0000 0.0000 0.0011
53       53   (0)      4  : 0.4373 0.0000 0.0000 0.0000 0.0030 0.0000 0.0000 0.1928 0.0000 0.0058 0.3440 0.0000 0.0123 0.0048 0.0000
54       54   (0)      4  : 0.4095 0.0205 0.0088 0.0052 0.0159 0.0000 0.0003 0.3247 0.0046 0.0000 0.1366 0.0240 0.0000 0.0317 0.0182
55       55   (0)      4  : 0.0000 0.0000 0.0000 0.0000 0.0000 0.0000 0.0000 0.0000 0.0000 0.0000 0.0000 0.1667 0.0000 0.8333 0.0000
56       56   (0)      4  : 0.0000 0.5685 0.0000 0.3641 0.0000 0.0000 0.0000 0.0000 0.0374 0.0000 0.0000 0.0000 0.0000 0.0000 0.0300
57       57   (0)      5  : 0.3142 0.0000 0.0000 0.0000 0.0000 0.0000 0.0000 0.5209 0.0000 0.0053 0.1444 0.0054 0.0098 0.0000 0.0000
58       58   (0)      5  : 0.4028 0.0000 0.0000 0.0000 0.0000 0.0000 0.0000 0.2577 0.0000 0.0581 0.2562 0.0191 0.0000 0.0034 0.0026
59       59   (0)      5  : 0.0000 0.5000 0.0000 0.1364 0.0000 0.0000 0.0000 0.0000 0.3263 0.0000 0.0000 0.0000 0.0000 0.0000 0.0374
60       60   (0)      5  : 0.5841 0.0000 0.0000 0.0000 0.0000 0.0000 0.0000 0.3601 0.0000 0.0001 0.0000 0.0276 0.0247 0.0000 0.0033
61       61   (0)      5  : 0.2569 0.1476 0.0920 0.0275 0.0800 0.0588 0.0000 0.0520 0.2852 0.0000 0.0000 0.0000 0.0000 0.0000 0.0000
62       62   (0)      5  : 0.0000 0.3333 0.0000 0.0000 0.0000 0.0000 0.0000 0.0000 0.6667 0.0000 0.0000 0.0000 0.0000 0.0000 0.0000
63       63   (0)      5  : 0.3824 0.0348 0.0047 0.0220 0.0194 0.0437 0.0321 0.2521 0.1143 0.0001 0.0499 0.0107 0.0124 0.0194 0.0020
64       64   (0)      5  : 0.6507 0.0000 0.0000 0.0000 0.0446 0.0000 0.0000 0.1958 0.0000 0.0014 0.0000 0.0323 0.0478 0.0000 0.0275
65       65   (0)      5  : 0.4457 0.0000 0.0000 0.0000 0.0000 0.0000 0.0000 0.4973 0.0000 0.0056 0.0000 0.0000 0.0168 0.0166 0.0181
66       66   (0)      5  : 0.1666 0.0000 0.0000 0.0000 0.0035 0.0000 0.0025 0.7830 0.0000 0.0004 0.0272 0.0006 0.0001 0.0088 0.0073
67       67   (0)      5  : 0.0446 0.0000 0.0332 0.7460 0.0007 0.0743 0.0000 0.1012 0.0000 0.0000 0.0000 0.0000 0.0000 0.0000 0.0000
68       68   (0)      5  : 0.0000 0.1379 0.0000 0.8621 0.0000 0.0000 0.0000 0.0000 0.0000 0.0000 0.0000 0.0000 0.0000 0.0000 0.0000
69       69   (0)      5  : 0.2074 0.0000 0.0003 0.2330 0.0365 0.0007 0.0166 0.2129 0.0000 0.0020 0.2275 0.0167 0.0056 0.0290 0.0118
70       70   (0)      5  : 0.0000 0.0000 0.0000 1.0000 0.0000 0.0000 0.0000 0.0000 0.0000 0.0000 0.0000 0.0000 0.0000 0.0000 0.0000
71       71   (0)      5  : 0.0000 0.0000 0.0000 0.7325 0.0000 0.0000 0.0000 0.0000 0.1008 0.0000 0.0000 0.0000 0.0000 0.0000 0.1667
72       72   (0)      5  : 0.3053 0.0000 0.0018 0.0934 0.0000 0.0000 0.0040 0.3069 0.0190 0.0056 0.2173 0.0000 0.0264 0.0037 0.0167
73       73   (0)      5  : 0.2612 0.0000 0.0000 0.0000 0.0000 0.0000 0.0074 0.4368 0.0000 0.0000 0.2400 0.0339 0.0078 0.0048 0.0081
74       74   (0)      5  : 0.0000 0.2774 0.0000 0.6958 0.0000 0.0000 0.0000 0.0000 0.0000 0.0000 0.0000 0.0000 0.0000 0.0000 0.0268
75       75   (0)      6  : 0.0000 0.0795 0.0000 0.3160 0.0000 0.0000 0.0000 0.0000 0.6045 0.0000 0.0000 0.0000 0.0000 0.0000 0.0000
76       76   (0)      6  : 0.3809 0.0074 0.0128 0.0073 0.0000 0.0168 0.0060 0.4277 0.0260 0.0127 0.0377 0.0086 0.0120 0.0008 0.0432
77       77   (0)      6  : 0.0000 0.1254 0.0000 0.4908 0.0000 0.0000 0.0000 0.0000 0.3838 0.0000 0.0000 0.0000 0.0000 0.0000 0.0000
78       78   (0)      6  : 0.0000 0.1667 0.0000 0.6667 0.0000 0.0000 0.0000 0.0000 0.0000 0.0000 0.0000 0.0000 0.0000 0.0000 0.1667
79       79   (0)      6  : 0.0000 0.3452 0.0000 0.0846 0.0000 0.0000 0.0000 0.0000 0.5702 0.0000 0.0000 0.0000 0.0000 0.0000 0.0000
80       80   (0)      6  : 0.0000 0.0000 0.0012 0.0000 0.0000 0.0000 0.9602 0.0000 0.0000 0.0000 0.0000 0.0021 0.0000 0.0238 0.0127
81       81   (0)      6  : 0.0000 0.2008 0.0000 0.3231 0.0000 0.0000 0.0000 0.0000 0.3586 0.0000 0.0000 0.0000 0.0000 0.0000 0.1175
82       82   (0)      6  : 0.0000 0.1061 0.0000 0.1130 0.0000 0.0000 0.0000 0.0000 0.7810 0.0000 0.0000 0.0000 0.0000 0.0000 0.0000
83       83   (0)      6  : 0.0000 0.0734 0.0037 0.4618 0.0000 0.0000 0.0000 0.0000 0.2680 0.0000 0.0000 0.0000 0.0000 0.0000 0.1931
84       84   (0)      6  : 0.0000 0.0000 0.0000 0.0000 0.0000 0.0000 0.0000 0.0000 0.8333 0.0000 0.0000 0.0000 0.0000 0.0000 0.1667
85       85   (0)      6  : 0.0000 0.1869 0.0000 0.5979 0.0000 0.0000 0.0000 0.0000 0.1667 0.0000 0.0000 0.0000 0.0000 0.0000 0.0485
86       86   (0)      6  : 0.0000 0.0000 0.0000 0.5397 0.0000 0.0000 0.0000 0.0000 0.3042 0.0000 0.0000 0.0000 0.0000 0.0000 0.1561
87       87   (0)      6  : 0.0000 0.3864 0.0000 0.5647 0.0000 0.0000 0.0000 0.0000 0.0489 0.0000 0.0000 0.0000 0.0000 0.0000 0.0000
88       88   (0)      6  : 0.0000 0.7826 0.0000 0.0249 0.0000 0.0000 0.0000 0.0000 0.1925 0.0000 0.0000 0.0000 0.0000 0.0000 0.0000
89       89   (0)      6  : 0.0000 0.8062 0.0000 0.0812 0.0000 0.0000 0.0000 0.0000 0.1126 0.0000 0.0000 0.0000 0.0000 0.0000 0.0000
90       90   (0)      6  : 0.0000 0.1175 0.0000 0.0000 0.0000 0.0000 0.8591 0.0000 0.0234 0.0000 0.0000 0.0000 0.0000 0.0000 0.0000
91       91   (0)      6  : 0.0000 0.2558 0.0000 0.5776 0.0000 0.0000 0.0000 0.0000 0.1667 0.0000 0.0000 0.0000 0.0000 0.0000 0.0000
92       92   (0)      6  : 0.0000 0.0000 0.0000 0.0000 0.0045 0.0000 0.0000 0.0000 0.0000 0.0000 0.9955 0.0000 0.0000 0.0000 0.0000
93       93   (0)      6  : 0.0000 0.0000 0.0000 0.0000 0.0000 1.0000 0.0000 0.0000 0.0000 0.0000 0.0000 0.0000 0.0000 0.0000 0.0000
94       94   (0)      6  : 0.1367 0.0000 0.0000 0.0000 0.0082 0.0290 0.0000 0.2695 0.0000 0.0000 0.4796 0.0243 0.0030 0.0497 0.0000
95       95   (0)      6  : 0.0000 0.0000 0.0000 0.0000 0.0000 1.0000 0.0000 0.0000 0.0000 0.0000 0.0000 0.0000 0.0000 0.0000 0.0000
96       96   (0)      6  : 0.0000 0.0000 0.0000 0.0000 0.0000 0.9225 0.0000 0.0000 0.0000 0.0000 0.0775 0.0000 0.0000 0.0000 0.0000
97       97   (0)      6  : 0.4154 0.0000 0.0000 0.0000 0.0294 0.1540 0.0000 0.1437 0.0000 0.0083 0.1673 0.0066 0.0311 0.0403 0.0039
98       98   (0)      6  : 0.0000 0.0000 0.1201 0.0000 0.0000 0.8799 0.0000 0.0000 0.0000 0.0000 0.0000 0.0000 0.0000 0.0000 0.0000
99       99   (0)      7  : 0.0000 0.0000 0.0000 1.0000 0.0000 0.0000 0.0000 0.0000 0.0000 0.0000 0.0000 0.0000 0.0000 0.0000 0.0000
100      100   (0)      7  : 0.3727 0.0051 0.0197 0.1006 0.0013 0.1769 0.0033 0.2114 0.0002 0.0000 0.0470 0.0038 0.0136 0.0078 0.0368
101      101   (0)      7  : 0.0000 0.0000 1.0000 0.0000 0.0000 0.0000 0.0000 0.0000 0.0000 0.0000 0.0000 0.0000 0.0000 0.0000 0.0000
102      102   (0)      7  : 0.0000 0.0000 1.0000 0.0000 0.0000 0.0000 0.0000 0.0000 0.0000 0.0000 0.0000 0.0000 0.0000 0.0000 0.0000
103      103   (0)      7  : 0.2158 0.0000 0.0000 0.0000 0.0169 0.0000 0.0000 0.3146 0.0000 0.0048 0.2004 0.0434 0.0775 0.0976 0.0291
104      104   (0)      7  : 0.0348 0.0000 0.0000 0.0000 0.0144 0.0000 0.0097 0.2765 0.0000 0.0009 0.6154 0.0230 0.0152 0.0085 0.0016
105      105   (0)      7  : 0.1661 0.0000 0.0000 0.0000 0.0026 0.0000 0.0000 0.3312 0.0000 0.0000 0.0000 0.0000 0.0000 0.0000 0.5000
106      106   (0)      7  : 0.6510 0.0000 0.0000 0.0000 0.0171 0.0000 0.0000 0.1711 0.0000 0.0000 0.0496 0.0307 0.0019 0.0512 0.0274
107      107   (0)      7  : 0.4855 0.0000 0.0000 0.0000 0.0000 0.0000 0.0000 0.2251 0.0000 0.0330 0.1860 0.0255 0.0115 0.0323 0.0012
108      108   (0)      8  : 0.0000 0.0000 0.0000 0.0000 1.0000 0.0000 0.0000 0.0000 0.0000 0.0000 0.0000 0.0000 0.0000 0.0000 0.0000
109      109   (0)      8  : 0.2031 0.0000 0.0000 0.0000 0.0299 0.0000 0.0000 0.5493 0.0000 0.0015 0.0000 0.0126 0.0094 0.0000 0.1941
110      110   (0)      8  : 0.0000 0.0000 0.0000 0.0000 0.0000 0.0000 0.0000 0.0000 0.0000 0.0000 0.0000 0.0000 1.0000 0.0000 0.0000
111      111   (0)      8  : 0.0000 0.0000 0.0000 0.0000 0.0000 0.0000 0.0000 0.0000 0.0000 0.0000 0.0000 1.0000 0.0000 0.0000 0.0000
112      112   (0)      8  : 0.0000 0.0000 1.0000 0.0000 0.0000 0.0000 0.0000 0.0000 0.0000 0.0000 0.0000 0.0000 0.0000 0.0000 0.0000
113      113   (0)      8  : 0.5246 0.0000 0.0000 0.0000 0.0000 0.0000 0.0000 0.2933 0.0000 0.0000 0.0000 0.0048 0.0000 0.0000 0.1773
114      114   (0)      8  : 0.1708 0.0000 0.0000 0.0000 0.0000 0.0000 0.0000 0.7356 0.0000 0.0000 0.0013 0.0000 0.0436 0.0182 0.0305
115      115   (0)      8  : 0.0000 0.0000 0.0000 0.0000 1.0000 0.0000 0.0000 0.0000 0.0000 0.0000 0.0000 0.0000 0.0000 0.0000 0.0000
116      116   (0)      8  : 0.0000 0.0000 0.0000 0.0000 0.0000 0.0000 0.0000 0.0000 0.0000 0.0000 0.0000 1.0000 0.0000 0.0000 0.0000
117      117   (0)      8  : 0.1346 0.0000 0.0000 0.0077 0.0441 0.0421 0.0000 0.2638 0.0000 0.0000 0.0000 0.0032 0.0000 0.0000 0.5044
118      118   (0)      8  : 0.0464 0.0000 0.0000 0.0000 0.0027 0.0000 0.0062 0.7722 0.0000 0.0000 0.0602 0.0000 0.0166 0.0000 0.0957
119      119   (0)      9  : 0.0000 0.6667 0.0000 0.0000 0.0000 0.0000 0.0000 0.0000 0.3333 0.0000 0.0000 0.0000 0.0000 0.0000 0.0000
120      120   (0)     10  : 0.4698 0.0000 0.0455 0.0000 0.0482 0.0000 0.0003 0.3472 0.0000 0.0143 0.0080 0.0321 0.0005 0.0292 0.0048
121      121   (0)     10  : 0.2583 0.0000 0.0000 0.0000 0.0000 0.0000 0.0000 0.5904 0.0000 0.0018 0.0786 0.0585 0.0006 0.0118 0.0000
122      122   (0)     10  : 0.1928 0.0000 0.0000 0.0000 0.0109 0.0000 0.0000 0.4451 0.0000 0.0122 0.3096 0.0023 0.0094 0.0177 0.0000
123      123   (0)     10  : 0.2649 0.0275 0.0074 0.0141 0.0440 0.0000 0.0235 0.1460 0.0202 0.0000 0.3635 0.0277 0.0240 0.0215 0.0157
124      124   (0)     10  : 0.2761 0.0000 0.0505 0.0000 0.0024 0.0000 0.0000 0.3858 0.0000 0.0274 0.2227 0.0044 0.0000 0.0000 0.0307
125      125   (0)     10  : 0.4860 0.0000 0.0283 0.0000 0.0000 0.1553 0.0013 0.2172 0.0000 0.0203 0.0115 0.0196 0.0000 0.0511 0.0094
126      126   (0)     10  : 0.3421 0.0000 0.0136 0.0000 0.0136 0.0000 0.0000 0.4556 0.0000 0.0247 0.0932 0.0000 0.0000 0.0117 0.0454
127      127   (0)     10  : 0.3156 0.0000 0.0000 0.0000 0.0240 0.0000 0.0000 0.6235 0.0000 0.0007 0.0000 0.0283 0.0019 0.0060 0.0000
128      128   (0)     10  : 0.4137 0.0000 0.0190 0.0000 0.0077 0.0000 0.0073 0.3275 0.0000 0.0184 0.0814 0.0418 0.0000 0.0092 0.0739
129      129   (0)     10  : 0.5519 0.0000 0.0000 0.0000 0.0000 0.0000 0.0000 0.3123 0.0000 0.0103 0.1099 0.0000 0.0014 0.0073 0.0069
130      130   (0)     10  : 0.7007 0.0000 0.0000 0.0000 0.0000 0.0000 0.0000 0.2360 0.0000 0.0000 0.0380 0.0000 0.0164 0.0042 0.0047
131      131   (0)     10  : 0.2954 0.0000 0.0352 0.0000 0.0185 0.0000 0.0181 0.4009 0.0000 0.0000 0.1014 0.0471 0.0000 0.0650 0.0185
132      132   (0)     10  : 0.4278 0.0000 0.0535 0.0000 0.0122 0.0366 0.0268 0.2616 0.0000 0.0007 0.1427 0.0027 0.0000 0.0025 0.0328
133      133   (0)     10  : 0.3225 0.0013 0.0240 0.0026 0.0312 0.0194 0.0000 0.4699 0.0066 0.0197 0.0142 0.0349 0.0000 0.0496 0.0039
134      134   (0)     10  : 0.3948 0.0046 0.0445 0.0000 0.0293 0.0220 0.0000 0.3986 0.0013 0.0016 0.0772 0.0029 0.0196 0.0034 0.0000
135      135   (0)     10  : 0.4411 0.0000 0.0353 0.0000 0.0656 0.0000 0.0004 0.3307 0.0000 0.0000 0.0420 0.0117 0.0215 0.0082 0.0436
136      136   (0)     10  : 0.5855 0.0000 0.0070 0.0000 0.0043 0.0000 0.0000 0.2212 0.0000 0.0000 0.1398 0.0109 0.0182 0.0132 0.0000
137      137   (0)     11  : 0.0000 0.1931 0.0891 0.5457 0.0000 0.0000 0.0000 0.0000 0.1721 0.0000 0.0000 0.0000 0.0000 0.0000 0.0000
138      138   (0)     12  : 0.3040 0.0000 0.0417 0.0000 0.0216 0.1517 0.0915 0.2290 0.0000 0.0452 0.0452 0.0033 0.0034 0.0543 0.0090
139      139   (0)     12  : 0.1638 0.0000 0.0684 0.1813 0.0000 0.3898 0.0000 0.1052 0.0022 0.0000 0.0000 0.0000 0.0000 0.0000 0.0891
140      140   (0)     12  : 0.0000 0.0000 0.0471 0.0000 0.0000 0.0000 0.9081 0.0000 0.0000 0.0000 0.0000 0.0000 0.0000 0.0184 0.0264
141      141   (0)     12  : 0.0000 0.0000 0.0000 0.0000 0.0000 0.7775 0.0000 0.0000 0.0000 0.0000 0.0000 0.0000 0.2225 0.0000 0.0000
142      142   (0)     12  : 0.4064 0.0000 0.0543 0.0000 0.0029 0.0054 0.0220 0.2693 0.0000 0.0055 0.1232 0.0333 0.0174 0.0302 0.0303
143      143   (0)     12  : 0.0000 0.0000 0.0680 0.0000 0.0000 0.6649 0.0000 0.1495 0.0000 0.0000 0.0000 0.0173 0.0000 0.0960 0.0042
144      144   (0)     12  : 0.3067 0.0000 0.1205 0.0006 0.0000 0.0390 0.0462 0.3827 0.0000 0.0000 0.0622 0.0028 0.0107 0.0008 0.0277
145      145   (0)     12  : 0.1047 0.0000 0.0000 0.0000 0.0022 0.0000 0.5009 0.1035 0.0000 0.0000 0.0682 0.0000 0.0270 0.0225 0.1708
146      146   (0)     13  : 0.0000 1.0000 0.0000 0.0000 0.0000 0.0000 0.0000 0.0000 0.0000 0.0000 0.0000 0.0000 0.0000 0.0000 0.0000
147      147   (0)     13  : 0.0000 0.4795 0.0000 0.3192 0.0000 0.0000 0.0000 0.0000 0.1173 0.0000 0.0000 0.0000 0.0000 0.0000 0.0840
148      148   (0)     13  : 0.0000 0.8333 0.0000 0.1667 0.0000 0.0000 0.0000 0.0000 0.0000 0.0000 0.0000 0.0000 0.0000 0.0000 0.0000
149      149   (0)     13  : 0.0000 0.6902 0.0000 0.1014 0.0000 0.0000 0.0000 0.0000 0.2084 0.0000 0.0000 0.0000 0.0000 0.0000 0.0000
150      150   (0)     13  : 0.0000 0.5000 0.0000 0.2577 0.0000 0.0000 0.0000 0.0000 0.1667 0.0000 0.0000 0.0000 0.0000 0.0000 0.0756
151      151   (0)     14  : 0.0000 0.3981 0.0000 0.2166 0.0000 0.0000 0.0000 0.0000 0.2917 0.0000 0.0000 0.0000 0.0000 0.0000 0.0936
152      152   (0)     14  : 0.1851 0.0000 0.0000 0.0000 0.0193 0.0000 0.0033 0.6770 0.0000 0.0132 0.0353 0.0249 0.0001 0.0418 0.0000
153      153   (0)     15  : 0.0000 0.0000 0.0000 0.0000 0.0000 1.0000 0.0000 0.0000 0.0000 0.0000 0.0000 0.0000 0.0000 0.0000 0.0000
154      154   (0)     15  : 0.0000 0.5778 0.0000 0.0767 0.0000 0.0000 0.0000 0.0000 0.2969 0.0000 0.0000 0.0000 0.0000 0.0000 0.0486
155      155   (0)     16  : 0.3026 0.0000 0.0329 0.0000 0.0144 0.0354 0.0006 0.5149 0.0000 0.0000 0.0368 0.0323 0.0019 0.0034 0.0247
156      156   (0)     16  : 0.6763 0.0000 0.0024 0.0000 0.0088 0.0000 0.0254 0.0794 0.0000 0.0000 0.0983 0.0344 0.0687 0.0000 0.0064
157      157   (0)     17  : 0.0000 0.0000 0.0641 0.0000 0.0000 0.9359 0.0000 0.0000 0.0000 0.0000 0.0000 0.0000 0.0000 0.0000 0.0000
158      158   (0)     17  : 0.0000 0.0000 0.0039 0.0000 0.0000 0.0000 0.9961 0.0000 0.0000 0.0000 0.0000 0.0000 0.0000 0.0000 0.0000
159      159   (0)     18  : 0.3495 0.0000 0.0144 0.0000 0.0009 0.0000 0.0000 0.4217 0.0000 0.0000 0.1345 0.0147 0.0019 0.0551 0.0072
160      160   (0)     18  : 0.4480 0.0000 0.0000 0.0000 0.0098 0.0000 0.0000 0.4656 0.0000 0.0083 0.0000 0.0087 0.0406 0.0000 0.0190
161      161   (0)     18  : 0.5950 0.0000 0.0000 0.0000 0.0077 0.0000 0.0000 0.2311 0.0000 0.0410 0.0750 0.0111 0.0217 0.0151 0.0024
162      162   (0)     19  : 0.2182 0.0000 0.0273 0.0000 0.0242 0.0626 0.0000 0.3442 0.0000 0.0000 0.0666 0.1316 0.0000 0.0802 0.0450
163      163   (0)     19  : 0.0000 0.0000 0.1936 0.0686 0.0013 0.1602 0.0000 0.0000 0.0477 0.0000 0.5072 0.0011 0.0000 0.0000 0.0202
164      164   (0)     19  : 0.0000 0.0000 0.0000 0.0000 0.0584 0.0000 0.0000 0.0000 0.0000 0.0000 0.9416 0.0000 0.0000 0.0000 0.0000
