1        1   (0)      1  : 0.0000 0.9908 0.0000 0.0092 0.0000
2        2   (0)      1  : 0.0000 0.7555 0.1383 0.1062 0.0000
3        3   (0)      1  : 0.0000 0.0000 0.0000 1.0000 0.0000
4        4   (0)      1  : 0.0000 0.3894 0.0000 0.6106 0.0000
5        5   (0)      1  : 0.0000 0.9918 0.0000 0.0082 0.0000
6        6   (0)      1  : 0.0000 0.0000 0.0000 1.0000 0.0000
7        7   (0)      2  : 0.0000 1.0000 0.0000 0.0000 0.0000
8        8   (0)      2  : 0.0000 0.0000 0.0000 1.0000 0.0000
9        9   (0)      2  : 0.0511 0.8674 0.0263 0.0387 0.0165
10       10   (0)      2  : 0.0000 1.0000 0.0000 0.0000 0.0000
11       11   (0)      2  : 0.0000 0.0000 0.0000 1.0000 0.0000
12       12   (0)      2  : 0.0000 0.4687 0.0000 0.5313 0.0000
13       13   (0)      2  : 0.0000 0.0000 0.1527 0.8473 0.0000
14       14   (0)      3  : 0.4019 0.0000 0.0049 0.0000 0.5932
15       15   (0)      3  : 0.5558 0.0000 0.0040 0.0000 0.4402
16       16   (0)      3  : 0.4801 0.0000 0.0080 0.0000 0.5118
17       17   (0)      3  : 0.5380 0.0000 0.0112 0.0000 0.4508
18       18   (0)      3  : 0.5619 0.0000 0.0000 0.0000 0.4381
19       19   (0)      3  : 0.5758 0.0000 0.0000 0.0000 0.4242
20       20   (0)      3  : 0.5568 0.0000 0.0674 0.0000 0.3758
21       21   (0)      3  : 0.6256 0.0000 0.0000 0.0000 0.3744
22       22   (0)      3  : 0.4421 0.0000 0.0000 0.0000 0.5579
23       23   (0)      3  : 0.7411 0.0000 0.0118 0.0000 0.2471
24       24   (0)      3  : 0.6165 0.0000 0.0000 0.0000 0.3835
25       25   (0)      3  : 0.0000 0.0000 0.9583 0.0309 0.0108
26       26   (0)      4  : 0.0000 1.0000 0.0000 0.0000 0.0000
27       27   (0)      4  : 0.4509 0.0000 0.0263 0.0000 0.5228
28       28   (0)      4  : 0.8246 0.0000 0.0057 0.0000 0.1697
29       29   (0)      4  : 0.0000 1.0000 0.0000 0.0000 0.0000
30       30   (0)      4  : 0.5456 0.0000 0.0000 0.0000 0.4544
31       31   (0)      4  : 0.8998 0.0000 0.0000 0.0000 0.1002
32       32   (0)      4  : 0.2682 0.4843 0.0031 0.0197 0.2247
33       33   (0)      4  : 0.6303 0.0000 0.0000 0.0000 0.3697
34       34   (0)      4  : 0.3791 0.0000 0.0102 0.0000 0.6107
35       35   (0)      4  : 0.5029 0.0000 0.0120 0.0000 0.4852
36       36   (0)      4  : 0.4829 0.0000 0.0000 0.0000 0.5171
37       37   (0)      4  : 0.7536 0.0000 0.0000 0.0000 0.2464
38       38   (0)      4  : 0.6675 0.0000 0.0000 0.0000 0.3325
39       39   (0)      4  : 0.0000 1.0000 0.0000 0.0000 0.0000
40       40   (0)      5  : 0.4017 0.0000 0.0039 0.0000 0.5944
41       41   (0)      5  : 0.5003 0.0000 0.0263 0.0000 0.4734
42       42   (0)      5  : 0.6098 0.0000 0.0077 0.0000 0.3825
43       43   (0)      5  : 0.0000 1.0000 0.0000 0.0000 0.0000
44       44   (0)      5  : 0.6873 0.0000 0.0000 0.0000 0.3127
45       45   (0)      5  : 0.2904 0.0000 0.0263 0.0000 0.6833
46       46   (0)      5  : 0.7221 0.0000 0.0043 0.0000 0.2736
47       47   (0)      5  : 0.7192 0.0000 0.0263 0.0000 0.2545
48       48   (0)      5  : 0.1864 0.0000 0.0263 0.0000 0.7873
49       49   (0)      5  : 0.0000 1.0000 0.0000 0.0000 0.0000
50       50   (0)      5  : 0.5310 0.0000 0.0031 0.0000 0.4659
51       51   (0)      5  : 0.0000 1.0000 0.0000 0.0000 0.0000
52       52   (0)      5  : 0.0000 1.0000 0.0000 0.0000 0.0000
53       53   (0)      6  : 0.0000 1.0000 0.0000 0.0000 0.0000
54       54   (0)      6  : 0.6247 0.0000 0.0263 0.0000 0.3490
55       55   (0)      6  : 0.0000 0.8519 0.0685 0.0796 0.0000
56       56   (0)      6  : 0.0000 0.0000 0.9570 0.0345 0.0085
57       57   (0)      6  : 0.0000 0.0000 0.9607 0.0393 0.0000
58       58   (0)      6  : 0.0000 0.0000 0.9540 0.0402 0.0058
59       59   (0)      6  : 0.2406 0.0163 0.0803 0.0000 0.6627
60       60   (0)      6  : 0.5818 0.0000 0.0000 0.0000 0.4182
61       61   (0)      6  : 0.6999 0.0000 0.0000 0.0000 0.3001
62       62   (0)      6  : 0.5768 0.0000 0.0050 0.0000 0.4182
63       63   (0)      6  : 0.0227 0.8258 0.0885 0.0370 0.0259
64       64   (0)      7  : 0.0000 1.0000 0.0000 0.0000 0.0000
65       65   (0)      7  : 0.0000 1.0000 0.0000 0.0000 0.0000
66       66   (0)      7  : 0.0000 0.9699 0.0301 0.0000 0.0000
67       67   (0)      7  : 0.0000 0.8946 0.0373 0.0681 0.0000
68       68   (0)      8  : 0.5834 0.0000 0.1101 0.0015 0.3049
69       69   (0)      8  : 0.4688 0.0504 0.1422 0.0051 0.3335
70       70   (0)      8  : 0.2364 0.0000 0.0263 0.0000 0.7373
71       71   (0)      8  : 0.4052 0.0284 0.0433 0.0000 0.5231
72       72   (0)      8  : 0.2394 0.0000 0.1348 0.0000 0.6258
73       73   (0)      8  : 0.0000 0.0000 0.9575 0.0328 0.0097
74       74   (0)      9  : 0.0272 0.7644 0.1252 0.0624 0.0207
75       75   (0)      9  : 0.0046 0.8812 0.0818 0.0045 0.0279
76       76   (0)     10  : 0.0000 0.9998 0.0000 0.0002 0.0000
77       77   (0)     11  : 0.0000 1.0000 0.0000 0.0000 0.0000
78       78   (0)     12  : 0.0000 1.0000 0.0000 0.0000 0.0000
79       79   (0)     13  : 0.1701 0.0000 0.5858 0.0193 0.2248
80       80   (0)     13  : 0.4771 0.0000 0.0000 0.0000 0.5229
