 1        1   (0)      1 :  0.1214 0.1234 0.0791 0.0003 0.1209 0.0193 0.1189 0.1596 0.1311 0.0184 0.1077 
 2        2   (0)      1 :  0.1855 0.0001 0.0713 0.0087 0.1102 0.1065 0.1027 0.1507 0.1939 0.0338 0.0364 
 3        3   (0)      1 :  0.0547 0.0000 0.0751 0.0085 0.1751 0.0000 0.4921 0.0595 0.0457 0.0694 0.0200 
 4        4   (0)      1 :  0.1175 0.0175 0.0230 0.0121 0.0622 0.0254 0.2473 0.1257 0.1591 0.1763 0.0339 
 5        5   (0)      1 :  0.0261 0.0160 0.0898 0.0007 0.0278 0.0123 0.0320 0.2993 0.1389 0.3187 0.0383 
 6        6   (0)      1 :  0.1069 0.0361 0.0466 0.0188 0.1154 0.0100 0.1957 0.1033 0.1582 0.2015 0.0076 
 7        7   (0)      1 :  0.1053 0.0000 0.0234 0.0082 0.0705 0.0248 0.0744 0.1451 0.1517 0.3690 0.0277 
 8        8   (0)      2 :  0.1290 0.0000 0.0432 0.0000 0.1240 0.0502 0.0530 0.1062 0.1319 0.2022 0.1604 
 9        9   (0)      2 :  0.0000 0.0000 0.0000 0.0000 0.0000 0.0000 0.0000 0.0000 0.0000 0.0000 1.0000 
10       10   (0)      2 :  0.0000 0.0000 0.0000 0.0000 0.0000 0.0000 0.0000 0.0000 0.0000 0.0000 1.0000 
11       11   (0)      2 :  0.0000 0.0879 0.0000 0.0000 0.0000 0.0000 0.0000 0.0000 0.0000 0.0000 0.9121 
12       12   (0)      2 :  0.1714 0.0000 0.0407 0.0124 0.0451 0.0223 0.4093 0.0914 0.0896 0.1097 0.0081 
13       13   (0)      2 :  0.0327 0.0000 0.0339 0.0000 0.5195 0.0354 0.0595 0.0706 0.1904 0.0338 0.0243 
14       14   (0)      3 :  0.2870 0.0000 0.0320 0.0000 0.1490 0.0000 0.2740 0.0479 0.0581 0.1521 0.0000 
15       15   (0)      3 :  0.1928 0.0057 0.0607 0.0014 0.0335 0.0020 0.4899 0.0854 0.0943 0.0263 0.0079 
16       16   (0)      3 :  0.0286 0.0000 0.0000 0.0000 0.0400 0.0084 0.8493 0.0437 0.0226 0.0072 0.0000 
17       17   (0)      3 :  0.0755 0.0001 0.0400 0.0046 0.1127 0.0415 0.1201 0.1600 0.2600 0.1855 0.0000 
18       18   (0)      4 :  0.1427 0.0014 0.0069 0.0159 0.1502 0.0907 0.0989 0.1038 0.1857 0.1848 0.0192 
19       19   (0)      4 :  0.0409 0.0066 0.0288 0.0000 0.0770 0.0109 0.0980 0.2406 0.3003 0.1189 0.0780 
20       20   (0)      4 :  0.0822 0.0008 0.1581 0.0000 0.0101 0.0254 0.1217 0.0605 0.1023 0.4170 0.0219 
21       21   (0)      4 :  0.1342 0.0003 0.0204 0.0012 0.1200 0.0316 0.0750 0.1429 0.2102 0.2023 0.0619 
22       22   (0)      4 :  0.1540 0.0000 0.0725 0.0028 0.2758 0.0058 0.0940 0.1195 0.1679 0.0894 0.0182 
23       23   (0)      4 :  0.0614 0.0002 0.0453 0.0009 0.0679 0.0200 0.1558 0.3958 0.1040 0.0578 0.0909 
24       24   (0)      4 :  0.1001 0.0000 0.0810 0.0000 0.2758 0.0034 0.0522 0.0487 0.1543 0.2748 0.0097 
25       25   (0)      4 :  0.0721 0.0000 0.0430 0.0000 0.1250 0.0268 0.0929 0.0110 0.0518 0.5714 0.0059 
26       26   (0)      4 :  0.1195 0.0235 0.0157 0.0004 0.1264 0.0320 0.0395 0.0757 0.0812 0.3829 0.1033 
27       27   (0)      4 :  0.3920 0.0001 0.0068 0.0000 0.2246 0.0012 0.0852 0.1305 0.0787 0.0684 0.0125 
28       28   (0)      4 :  0.0482 0.0042 0.0776 0.0199 0.4678 0.0814 0.0759 0.0370 0.0700 0.0677 0.0502 
29       29   (0)      4 :  0.1419 0.0186 0.0233 0.0048 0.1031 0.0452 0.0353 0.0804 0.1317 0.3155 0.1003 
30       30   (0)      4 :  0.0404 0.0000 0.0376 0.0042 0.4184 0.0003 0.1216 0.0778 0.1312 0.1365 0.0320 
31       31   (0)      4 :  0.1660 0.0000 0.0000 0.0000 0.0931 0.0000 0.5693 0.0098 0.1325 0.0293 0.0000 
32       32   (0)      4 :  0.4992 0.0004 0.0200 0.0000 0.2668 0.0000 0.1077 0.0108 0.0302 0.0641 0.0008 
33       33   (0)      4 :  0.1451 0.0000 0.0518 0.0260 0.2683 0.0059 0.1468 0.0530 0.0458 0.0624 0.1949 
34       34   (0)      5 :  0.0769 0.0064 0.0524 0.0000 0.2051 0.0555 0.0515 0.0746 0.0903 0.3570 0.0302 
35       35   (0)      6 :  0.1178 0.0146 0.0253 0.0006 0.1170 0.1248 0.1961 0.1521 0.1329 0.0540 0.0648 
36       36   (0)      6 :  0.0483 0.0000 0.0456 0.0000 0.0312 0.0335 0.1023 0.2724 0.2105 0.0612 0.1950 
37       37   (0)      6 :  0.0000 0.0000 0.0200 0.0000 0.0000 0.9400 0.0000 0.0000 0.0000 0.0200 0.0200 
38       38   (0)      6 :  0.1032 0.0000 0.0885 0.0000 0.2097 0.0000 0.0929 0.0833 0.1268 0.1623 0.1333 
39       39   (0)      6 :  0.0307 0.0005 0.0611 0.0000 0.1560 0.0237 0.0317 0.1784 0.1840 0.3042 0.0296 
40       40   (0)      6 :  0.1217 0.0159 0.0027 0.0000 0.1501 0.0383 0.0781 0.1320 0.1795 0.2472 0.0346 
41       41   (0)      6 :  0.0000 1.0000 0.0000 0.0000 0.0000 0.0000 0.0000 0.0000 0.0000 0.0000 0.0000 
42       42   (0)      6 :  0.1677 0.0067 0.1298 0.0000 0.0232 0.0252 0.0825 0.1109 0.1419 0.2660 0.0461 
43       43   (0)      6 :  0.1067 0.0003 0.1545 0.0060 0.0626 0.0420 0.2207 0.1335 0.1713 0.0121 0.0903 
44       44   (0)      6 :  0.1390 0.0217 0.1055 0.0020 0.0500 0.0065 0.1113 0.1145 0.1132 0.2839 0.0525 
45       45   (0)      6 :  0.0114 0.0000 0.0696 0.0077 0.0276 0.0420 0.0968 0.3568 0.1537 0.1935 0.0409 
46       46   (0)      6 :  0.0000 0.0000 0.0000 1.0000 0.0000 0.0000 0.0000 0.0000 0.0000 0.0000 0.0000 
47       47   (0)      6 :  0.0702 0.0006 0.1695 0.0007 0.0888 0.0200 0.0800 0.3071 0.1319 0.0000 0.1312 
48       48   (0)      6 :  0.1527 0.0000 0.0073 0.0087 0.1498 0.0548 0.2720 0.1550 0.1148 0.0701 0.0148 
49       49   (0)      6 :  0.0000 1.0000 0.0000 0.0000 0.0000 0.0000 0.0000 0.0000 0.0000 0.0000 0.0000 
50       50   (0)      6 :  0.3412 0.0000 0.1135 0.0000 0.1896 0.0141 0.0197 0.0497 0.1029 0.1676 0.0015 
51       51   (0)      6 :  0.1214 0.0628 0.0748 0.0111 0.1042 0.0431 0.0726 0.1405 0.0853 0.1883 0.0961 
52       52   (0)      6 :  0.0000 0.0000 0.0000 1.0000 0.0000 0.0000 0.0000 0.0000 0.0000 0.0000 0.0000 
53       53   (0)      6 :  0.5476 0.0000 0.0200 0.0000 0.0600 0.0400 0.1248 0.0035 0.0441 0.1600 0.0000 
54       54   (0)      6 :  0.1000 0.0000 0.0400 0.0000 0.2267 0.0400 0.0716 0.0843 0.0600 0.3448 0.0326 
55       55   (0)      6 :  0.0666 0.0001 0.0540 0.0008 0.1895 0.0070 0.2126 0.2742 0.1304 0.0339 0.0311 
56       56   (0)      6 :  0.0321 0.0027 0.0535 0.0006 0.1715 0.0235 0.0273 0.2546 0.1694 0.1625 0.1022 
57       57   (0)      6 :  0.2763 0.0000 0.0532 0.0000 0.1027 0.0000 0.0070 0.0025 0.0883 0.4489 0.0211 
58       58   (0)      7 :  0.1230 0.0000 0.1321 0.0000 0.1245 0.0017 0.0282 0.3386 0.1317 0.0685 0.0516 
59       59   (0)      7 :  0.0326 0.0000 0.0346 0.0000 0.0939 0.0110 0.3528 0.1771 0.1859 0.0413 0.0709 
60       60   (0)      7 :  0.0511 0.0000 0.1362 0.0007 0.0119 0.0106 0.0982 0.4321 0.1216 0.1284 0.0093 
61       61   (0)      7 :  0.0135 0.0000 0.0085 0.0000 0.0745 0.0148 0.0663 0.0652 0.0819 0.3499 0.3254 
62       62   (0)      7 :  0.0000 0.0000 0.0200 0.0000 0.0000 0.9400 0.0000 0.0000 0.0000 0.0200 0.0200 
63       63   (0)      7 :  0.1045 0.0043 0.1627 0.0000 0.0966 0.0000 0.1052 0.1068 0.1383 0.0712 0.2104 
64       64   (0)      8 :  0.3649 0.0019 0.0005 0.0063 0.1952 0.0420 0.1079 0.0546 0.0848 0.0807 0.0613 
65       65   (0)      8 :  0.0518 0.0006 0.1078 0.0127 0.0269 0.0030 0.0279 0.3316 0.1846 0.1875 0.0654 
66       66   (0)      9 :  0.0451 0.0000 0.0908 0.0003 0.5701 0.0025 0.0627 0.0150 0.0829 0.1025 0.0282 
67       67   (0)     10 :  0.1398 0.0099 0.0561 0.0000 0.1341 0.0497 0.3581 0.1309 0.0902 0.0094 0.0219 
68       68   (0)     10 :  0.0695 0.0000 0.0786 0.0077 0.0687 0.0016 0.2870 0.1343 0.1094 0.2005 0.0427 
69       69   (0)     10 :  0.0790 0.0000 0.2126 0.0197 0.3788 0.0489 0.0277 0.0618 0.0559 0.1140 0.0016 
70       70   (0)     10 :  0.1307 0.0000 0.1057 0.0094 0.2786 0.0472 0.0810 0.1357 0.0902 0.0766 0.0447 
71       71   (0)     10 :  0.1085 0.0000 0.0029 0.0000 0.4476 0.0009 0.0322 0.1194 0.1102 0.0514 0.1268 
72       72   (0)     10 :  0.0907 0.0011 0.0035 0.0000 0.4914 0.0104 0.0259 0.0696 0.1295 0.0830 0.0950 
73       73   (0)     10 :  0.2595 0.0040 0.0511 0.0018 0.0892 0.0045 0.0547 0.0574 0.1558 0.2263 0.0956 
74       74   (0)     10 :  0.0000 0.0000 0.8930 0.0000 0.0000 0.0000 0.0000 0.0000 0.0000 0.0070 0.1000 
75       75   (0)     10 :  0.1414 0.0000 0.0455 0.0045 0.2923 0.0343 0.1319 0.0616 0.1026 0.1819 0.0040 
76       76   (0)     10 :  0.0000 0.0000 0.8800 0.0000 0.0000 0.0000 0.0000 0.0000 0.0000 0.0200 0.1000 
