1        1   (0)      1  : 0.0552 0.1191 0.0876 0.0000 0.0802 0.0000 0.0851 0.1252 0.3891 0.0585
2        2   (0)      1  : 0.0000 0.0000 0.0000 0.0000 0.0000 0.0000 0.0000 0.0000 1.0000 0.0000
3        3   (0)      1  : 0.0000 0.0000 0.0000 0.0000 0.0000 0.0000 0.0000 0.0000 0.0000 1.0000
4        4   (0)      1  : 0.3724 0.0438 0.0000 0.0522 0.0749 0.0678 0.0000 0.0923 0.0588 0.2378
5        5   (0)      1  : 0.3723 0.0604 0.1016 0.0054 0.0000 0.0445 0.2455 0.1278 0.0424 0.0000
6        6   (0)      1  : 0.1583 0.0358 0.0352 0.0215 0.0000 0.0000 0.1114 0.0762 0.2879 0.2736
7        7   (0)      1  : 0.6799 0.0000 0.0000 0.0094 0.0731 0.0000 0.0000 0.0000 0.1540 0.0836
8        8   (0)      2  : 0.3434 0.0000 0.1430 0.0000 0.1853 0.0395 0.0000 0.0000 0.2887 0.0000
9        9   (0)      2  : 0.0000 0.0000 0.0000 0.0000 1.0000 0.0000 0.0000 0.0000 0.0000 0.0000
10       10   (0)      2  : 0.0000 0.0000 0.0000 0.0000 1.0000 0.0000 0.0000 0.0000 0.0000 0.0000
11       11   (0)      2  : 0.0000 0.0570 0.0000 0.0000 0.9430 0.0000 0.0000 0.0000 0.0000 0.0000
12       12   (0)      2  : 0.1044 0.0000 0.0861 0.5185 0.0000 0.0000 0.0000 0.0000 0.2910 0.0000
13       13   (0)      2  : 0.0000 0.0000 0.0000 0.0000 0.0000 0.0000 0.0000 0.5000 0.0000 0.5000
14       14   (0)      3  : 1.0000 0.0000 0.0000 0.0000 0.0000 0.0000 0.0000 0.0000 0.0000 0.0000
15       15   (0)      3  : 0.0000 0.0000 0.0000 0.0000 0.0000 0.0000 0.0000 0.0000 1.0000 0.0000
16       16   (0)      3  : 0.0000 0.0000 0.0000 0.0000 0.0000 0.0000 0.0000 0.0000 0.0000 1.0000
17       17   (0)      3  : 0.0000 0.0000 0.0000 0.0000 0.5000 0.0000 0.0000 0.5000 0.0000 0.0000
18       18   (0)      4  : 0.0000 0.0000 0.0000 0.0000 0.0000 0.0294 0.0000 0.2690 0.2016 0.5000
19       19   (0)      4  : 0.0000 0.0000 0.0000 0.0000 0.0000 0.0000 0.0000 0.5000 0.5000 0.0000
20       20   (0)      4  : 0.2678 0.0000 0.0000 0.0000 0.0000 0.0000 0.2322 0.0000 0.5000 0.0000
21       21   (0)      4  : 0.0000 0.0000 0.0000 0.0000 0.0000 0.0000 0.0000 0.0000 0.2359 0.7641
22       22   (0)      4  : 0.0480 0.0000 0.1051 0.0074 0.0000 0.0000 0.0710 0.1259 0.5533 0.0892
23       23   (0)      4  : 0.0000 0.0000 0.0000 0.0000 0.0000 0.0000 0.0000 1.0000 0.0000 0.0000
24       24   (0)      4  : 0.2818 0.0000 0.0000 0.0000 0.1024 0.0000 0.1771 0.1391 0.0000 0.2996
25       25   (0)      4  : 0.1364 0.0000 0.1687 0.0025 0.0000 0.0000 0.5000 0.0933 0.0991 0.0000
26       26   (0)      4  : 0.0765 0.0127 0.0958 0.0000 0.0645 0.0205 0.0750 0.1015 0.0000 0.5534
27       27   (0)      4  : 0.6796 0.0000 0.1720 0.0096 0.0000 0.0000 0.0000 0.0000 0.0000 0.1388
28       28   (0)      4  : 0.0573 0.0049 0.0872 0.0189 0.0000 0.0266 0.6125 0.0000 0.0657 0.1270
29       29   (0)      4  : 0.3190 0.0234 0.0000 0.0000 0.1193 0.0231 0.0869 0.0421 0.2746 0.1115
30       30   (0)      4  : 0.1055 0.0000 0.3626 0.0006 0.0000 0.0000 0.1019 0.0000 0.4294 0.0000
31       31   (0)      4  : 0.2238 0.0000 0.0000 0.0000 0.0000 0.0000 0.0000 0.0000 0.5000 0.2762
32       32   (0)      4  : 1.0000 0.0000 0.0000 0.0000 0.0000 0.0000 0.0000 0.0000 0.0000 0.0000
33       33   (0)      4  : 0.2430 0.0000 0.1376 0.0670 0.1952 0.0000 0.1743 0.0346 0.0423 0.1059
34       34   (0)      5  : 0.2980 0.0122 0.2716 0.0000 0.0000 0.0070 0.0684 0.2153 0.1276 0.0000
35       35   (0)      6  : 0.0000 0.0000 0.1150 0.0000 0.0000 0.0253 0.0000 0.0000 0.8597 0.0000
36       36   (0)      6  : 0.0000 0.0000 0.0000 0.0000 0.1524 0.0111 0.0000 0.3566 0.4798 0.0000
37       37   (0)      6  : 0.0000 0.0000 0.0000 0.0000 0.0000 1.0000 0.0000 0.0000 0.0000 0.0000
38       38   (0)      6  : 0.5000 0.0000 0.5000 0.0000 0.0000 0.0000 0.0000 0.0000 0.0000 0.0000
39       39   (0)      6  : 0.0000 0.0000 0.0000 0.0000 0.0000 0.0000 0.5000 0.0000 0.0000 0.5000
40       40   (0)      6  : 0.2247 0.0326 0.2016 0.0097 0.0667 0.0309 0.0149 0.2448 0.0000 0.1741
41       41   (0)      6  : 0.0000 1.0000 0.0000 0.0000 0.0000 0.0000 0.0000 0.0000 0.0000 0.0000
42       42   (0)      6  : 0.2278 0.0087 0.0000 0.0000 0.1089 0.0296 0.1016 0.2722 0.2513 0.0000
43       43   (0)      6  : 0.0000 0.0000 0.0000 0.0000 0.0000 0.0000 0.5000 0.0000 0.5000 0.0000
44       44   (0)      6  : 0.3338 0.0187 0.0000 0.0186 0.0628 0.0000 0.2321 0.1414 0.1925 0.0000
45       45   (0)      6  : 0.0000 0.0000 0.0000 0.0152 0.0000 0.0000 0.0928 0.6538 0.1736 0.0646
46       46   (0)      6  : 0.0000 0.0000 0.0000 1.0000 0.0000 0.0000 0.0000 0.0000 0.0000 0.0000
47       47   (0)      6  : 0.0000 0.0000 0.0000 0.0000 0.0000 0.0000 0.0000 0.0000 1.0000 0.0000
48       48   (0)      6  : 0.1079 0.0000 0.2149 0.0358 0.0000 0.0415 0.1896 0.0703 0.0000 0.3399
49       49   (0)      6  : 0.0000 1.0000 0.0000 0.0000 0.0000 0.0000 0.0000 0.0000 0.0000 0.0000
50       50   (0)      6  : 0.2367 0.0000 0.2352 0.0000 0.0000 0.0476 0.2405 0.2400 0.0000 0.0000
51       51   (0)      6  : 0.2618 0.0572 0.1858 0.0059 0.0245 0.0236 0.1166 0.0629 0.2617 0.0000
52       52   (0)      6  : 0.0000 0.0000 0.0000 1.0000 0.0000 0.0000 0.0000 0.0000 0.0000 0.0000
53       53   (0)      6  : 0.5000 0.0000 0.0000 0.0000 0.0000 0.0000 0.5000 0.0000 0.0000 0.0000
54       54   (0)      6  : 0.0000 0.0000 1.0000 0.0000 0.0000 0.0000 0.0000 0.0000 0.0000 0.0000
55       55   (0)      6  : 0.0000 0.0000 0.0736 0.0020 0.0000 0.0207 0.1170 0.1318 0.0000 0.6548
56       56   (0)      6  : 0.0000 0.0191 0.4168 0.0000 0.0000 0.0055 0.0000 0.5586 0.0000 0.0000
57       57   (0)      6  : 1.0000 0.0000 0.0000 0.0000 0.0000 0.0000 0.0000 0.0000 0.0000 0.0000
58       58   (0)      7  : 0.0000 0.0000 0.6714 0.0000 0.0000 0.0000 0.3286 0.0000 0.0000 0.0000
59       59   (0)      7  : 0.0000 0.0000 0.0000 0.0000 0.0000 0.0000 0.0000 1.0000 0.0000 0.0000
60       60   (0)      7  : 0.1519 0.0000 0.0000 0.0133 0.0000 0.0176 0.0000 0.0855 0.7317 0.0000
61       61   (0)      7  : 0.0000 0.0000 0.0000 0.0000 0.5000 0.0000 0.0000 0.5000 0.0000 0.0000
62       62   (0)      7  : 0.0000 0.0000 0.0000 0.0000 0.0000 1.0000 0.0000 0.0000 0.0000 0.0000
63       63   (0)      7  : 0.0041 0.0068 0.1034 0.0000 0.1549 0.0000 0.1814 0.0000 0.4949 0.0544
64       64   (0)      8  : 0.5000 0.0000 0.5000 0.0000 0.0000 0.0000 0.0000 0.0000 0.0000 0.0000
65       65   (0)      8  : 0.0000 0.0000 0.0000 0.0000 0.0000 0.0000 0.0000 1.0000 0.0000 0.0000
66       66   (0)      9  : 0.0000 0.0000 1.0000 0.0000 0.0000 0.0000 0.0000 0.0000 0.0000 0.0000
67       67   (0)     10  : 0.0000 0.0116 0.3228 0.0000 0.0000 0.0094 0.0000 0.0000 0.4797 0.1765
68       68   (0)     10  : 0.0805 0.0000 0.0000 0.0061 0.0263 0.0000 0.0670 0.0800 0.3777 0.3624
69       69   (0)     10  : 0.0000 0.0000 0.1768 0.0362 0.0000 0.0000 0.7871 0.0000 0.0000 0.0000
70       70   (0)     10  : 0.0000 0.0000 0.2210 0.0000 0.0000 0.0000 0.7790 0.0000 0.0000 0.0000
71       71   (0)     10  : 0.0000 0.0000 1.0000 0.0000 0.0000 0.0000 0.0000 0.0000 0.0000 0.0000
72       72   (0)     10  : 0.0000 0.0000 1.0000 0.0000 0.0000 0.0000 0.0000 0.0000 0.0000 0.0000
73       73   (0)     10  : 0.2800 0.0213 0.1972 0.0031 0.0857 0.0000 0.1426 0.0234 0.1454 0.1011
74       74   (0)     10  : 0.0000 0.0000 0.0000 0.0000 0.0000 0.0000 1.0000 0.0000 0.0000 0.0000
75       75   (0)     10  : 0.0000 0.0000 0.0000 0.0000 0.0000 0.0000 0.2962 0.0000 0.0000 0.7038
76       76   (0)     10  : 0.0000 0.0000 0.0000 0.0000 0.0000 0.0000 1.0000 0.0000 0.0000 0.0000
