1        1   (0)      1  : 0.0000 0.1577 0.1378 0.0000 0.5574 0.0000 0.0000 0.0000 0.1470 0.0000
2        2   (0)      1  : 0.4032 0.0000 0.0000 0.0204 0.0074 0.3106 0.2472 0.0012 0.0031 0.0069
3        3   (0)      1  : 0.0000 0.0762 0.0000 0.0000 0.0000 0.0000 0.0000 0.0000 0.0000 0.9238
4        4   (0)      1  : 0.0000 0.0000 0.0000 0.0000 0.1713 0.0000 0.0000 0.0188 0.7267 0.0832
5        5   (0)      1  : 0.0000 0.0000 0.0000 0.0000 0.0000 0.0000 0.0000 0.0000 1.0000 0.0000
6        6   (0)      1  : 0.3240 0.0000 0.0000 0.0000 0.0000 0.6760 0.0000 0.0000 0.0000 0.0000
7        7   (0)      1  : 0.0000 0.2363 0.0000 0.0000 0.4719 0.0000 0.0000 0.0000 0.1972 0.0946
8        8   (0)      1  : 0.5041 0.0000 0.0000 0.0000 0.0000 0.1671 0.3035 0.0000 0.0077 0.0176
9        9   (0)      1  : 0.0000 0.0357 0.0000 0.0000 0.6760 0.0000 0.0000 0.0000 0.0000 0.2882
10       10   (0)      2  : 0.0000 0.0000 0.0000 0.0000 0.2000 0.0000 0.0000 0.2000 0.4000 0.2000
11       11   (0)      2  : 0.0000 0.0000 0.0000 0.0000 0.1606 0.0000 0.0000 0.0000 0.3597 0.4797
12       12   (0)      2  : 0.3194 0.0000 0.0000 0.0000 0.0000 0.1927 0.4844 0.0035 0.0000 0.0000
13       13   (0)      3  : 0.0000 0.0000 0.0000 0.0000 0.6456 0.0000 0.0000 0.0000 0.3544 0.0000
14       14   (0)      3  : 0.0000 0.0000 0.0000 1.0000 0.0000 0.0000 0.0000 0.0000 0.0000 0.0000
15       15   (0)      3  : 0.5458 0.0000 0.0193 0.0024 0.0000 0.0000 0.4157 0.0167 0.0000 0.0000
16       16   (0)      3  : 0.0000 0.0000 1.0000 0.0000 0.0000 0.0000 0.0000 0.0000 0.0000 0.0000
17       17   (0)      4  : 0.0001 0.0000 0.5698 0.3818 0.0000 0.0483 0.0000 0.0000 0.0000 0.0000
18       18   (0)      4  : 0.4547 0.0162 0.0000 0.0135 0.0000 0.2058 0.2951 0.0147 0.0000 0.0000
19       19   (0)      5  : 0.2000 0.0000 0.0000 0.0000 0.0000 0.1937 0.6063 0.0000 0.0000 0.0000
20       20   (0)      5  : 0.0000 0.0000 0.0000 0.0000 0.0000 0.0000 0.0000 1.0000 0.0000 0.0000
21       21   (0)      5  : 0.0000 0.4000 0.0000 0.0000 0.0000 0.0000 0.0000 0.0000 0.0000 0.6000
22       22   (0)      5  : 0.0000 0.0873 0.0000 0.0000 0.1576 0.0140 0.0000 0.0000 0.4335 0.3076
23       23   (0)      5  : 0.0000 0.2000 0.0000 0.0000 0.2000 0.0000 0.0000 0.0000 0.2000 0.4000
24       24   (0)      5  : 0.0000 0.2729 0.0000 0.0052 0.4632 0.0000 0.0000 0.0000 0.0329 0.2258
25       25   (0)      5  : 0.0000 0.5196 0.0438 0.0000 0.1551 0.0000 0.0000 0.0406 0.0768 0.1641
26       26   (0)      5  : 0.1901 0.2048 0.0000 0.0000 0.1515 0.1161 0.1879 0.0000 0.0275 0.1221
27       27   (0)      5  : 0.0000 0.0000 1.0000 0.0000 0.0000 0.0000 0.0000 0.0000 0.0000 0.0000
28       28   (0)      5  : 0.0000 0.0000 1.0000 0.0000 0.0000 0.0000 0.0000 0.0000 0.0000 0.0000
29       29   (0)      5  : 0.1534 0.0000 0.0233 0.0299 0.0000 0.0928 0.7007 0.0000 0.0000 0.0000
30       30   (0)      5  : 0.2703 0.0000 0.0000 0.0000 0.0000 0.1228 0.6068 0.0000 0.0000 0.0000
31       31   (0)      5  : 0.0994 0.0838 0.0000 0.0000 0.3538 0.2347 0.1575 0.0239 0.0470 0.0000
32       32   (0)      5  : 0.0000 0.5086 0.0000 0.0000 0.1058 0.0000 0.0000 0.0346 0.3052 0.0457
33       33   (0)      5  : 0.3744 0.0000 0.0000 0.0018 0.0000 0.3107 0.2977 0.0000 0.0000 0.0153
34       34   (0)      5  : 0.0798 0.0000 0.0000 0.0000 0.0000 0.7519 0.1683 0.0000 0.0000 0.0000
35       35   (0)      5  : 0.7717 0.0000 0.0000 0.0048 0.0000 0.0930 0.1305 0.0000 0.0000 0.0000
36       36   (0)      6  : 0.1540 0.0000 0.0389 0.0000 0.0000 0.5546 0.2444 0.0072 0.0009 0.0000
37       37   (0)      6  : 0.0000 0.0000 1.0000 0.0000 0.0000 0.0000 0.0000 0.0000 0.0000 0.0000
38       38   (0)      6  : 0.0000 0.0000 0.0000 0.0000 0.0000 0.1235 0.8765 0.0000 0.0000 0.0000
39       39   (0)      6  : 0.3196 0.0752 0.0000 0.0000 0.1003 0.2205 0.0000 0.0007 0.0916 0.1920
40       40   (0)      6  : 0.0000 0.0000 0.0000 0.0000 0.0000 0.9130 0.0870 0.0000 0.0000 0.0000
41       41   (0)      6  : 0.2980 0.0000 0.0000 0.0130 0.0000 0.5504 0.1296 0.0000 0.0089 0.0000
42       42   (0)      6  : 0.0000 0.0166 0.0000 0.0000 0.0000 0.9134 0.0700 0.0000 0.0000 0.0000
43       43   (0)      6  : 0.5767 0.0141 0.0000 0.0076 0.0000 0.3201 0.0642 0.0000 0.0000 0.0172
44       44   (0)      6  : 0.0568 0.0000 0.0000 0.0098 0.0000 0.7456 0.1862 0.0015 0.0000 0.0000
45       45   (0)      6  : 0.5619 0.0000 0.0000 0.0000 0.0000 0.1387 0.2995 0.0000 0.0000 0.0000
46       46   (0)      6  : 0.0000 0.0000 0.0000 0.0000 0.0000 0.0000 0.0000 1.0000 0.0000 0.0000
47       47   (0)      6  : 0.0645 0.0000 0.0000 0.0000 0.0000 0.0000 0.9355 0.0000 0.0000 0.0000
48       48   (0)      7  : 0.2449 0.0000 0.0000 0.0034 0.0000 0.2659 0.4859 0.0000 0.0000 0.0000
49       49   (0)      7  : 0.0393 0.3291 0.0000 0.0000 0.0961 0.0957 0.2616 0.0193 0.0897 0.0693
50       50   (0)      7  : 0.4885 0.0000 0.0000 0.0000 0.0049 0.3387 0.1431 0.0000 0.0110 0.0137
51       51   (0)      8  : 0.3040 0.0000 0.0711 0.0000 0.0000 0.0653 0.5554 0.0042 0.0000 0.0000
52       52   (0)      8  : 0.0890 0.0000 0.1677 0.0000 0.0000 0.2809 0.4623 0.0000 0.0000 0.0000
53       53   (0)      9  : 0.4000 0.0000 0.0000 0.0000 0.0000 0.2000 0.4000 0.0000 0.0000 0.0000
54       54   (0)     10  : 0.4000 0.0000 0.0000 0.0000 0.0000 0.6000 0.0000 0.0000 0.0000 0.0000
55       55   (0)     10  : 0.0000 0.0000 0.0000 0.0000 0.5580 0.0000 0.0000 0.0135 0.3736 0.0550
56       56   (0)     10  : 0.0000 0.0000 1.0000 0.0000 0.0000 0.0000 0.0000 0.0000 0.0000 0.0000
57       57   (0)     10  : 0.7455 0.0000 0.0000 0.0000 0.0000 0.0000 0.2545 0.0000 0.0000 0.0000
58       58   (0)     11  : 0.1302 0.0000 0.1045 0.0000 0.0000 0.3632 0.3853 0.0000 0.0046 0.0122
59       59   (0)     11  : 0.0000 0.1914 0.0850 0.0000 0.2811 0.0001 0.0000 0.0083 0.2677 0.1664
60       60   (0)     11  : 0.0072 0.0000 0.9051 0.0000 0.0000 0.0197 0.0583 0.0097 0.0000 0.0000
61       61   (0)     11  : 0.0761 0.0000 0.0000 0.0000 0.0000 0.2742 0.6496 0.0000 0.0000 0.0000
62       62   (0)     11  : 0.5873 0.0000 0.0111 0.0000 0.0000 0.0000 0.4016 0.0000 0.0000 0.0000
63       63   (0)     11  : 0.2126 0.0000 0.2917 0.0000 0.0000 0.0306 0.4651 0.0000 0.0000 0.0000
64       64   (0)     11  : 0.2969 0.0000 0.0003 0.0000 0.0000 0.0000 0.7029 0.0000 0.0000 0.0000
65       65   (0)     11  : 0.0000 0.0000 1.0000 0.0000 0.0000 0.0000 0.0000 0.0000 0.0000 0.0000
66       66   (0)     11  : 0.3297 0.0000 0.0322 0.0000 0.0000 0.1775 0.4606 0.0000 0.0000 0.0000
67       67   (0)     11  : 0.0000 0.3751 0.0000 0.0000 0.3457 0.0000 0.0000 0.0000 0.2792 0.0000
68       68   (0)     11  : 0.0000 0.2232 0.4419 0.0000 0.1936 0.0000 0.0000 0.0000 0.0232 0.1181
69       69   (0)     11  : 0.1952 0.0000 0.5173 0.0000 0.0001 0.0953 0.1921 0.0000 0.0000 0.0000
70       70   (0)     11  : 0.4468 0.0000 0.0000 0.0000 0.0000 0.0643 0.4889 0.0000 0.0000 0.0000
71       71   (0)     11  : 0.0000 0.4371 0.1597 0.0000 0.2158 0.0000 0.0000 0.0000 0.1006 0.0868
72       72   (0)     12  : 0.0000 0.3058 0.0000 0.0000 0.1444 0.0000 0.0000 0.0000 0.3498 0.2000
73       73   (0)     12  : 0.0000 0.0000 0.0000 0.0000 0.1188 0.0000 0.0000 0.0000 0.8812 0.0000
74       74   (0)     12  : 0.0000 0.7013 0.0000 0.0000 0.0000 0.0000 0.0000 0.0000 0.2987 0.0000
75       75   (0)     12  : 0.0882 0.1202 0.1208 0.0000 0.1596 0.0987 0.2122 0.0028 0.1839 0.0135
76       76   (0)     12  : 0.0000 0.8144 0.0000 0.0000 0.0000 0.0000 0.0000 0.0239 0.1617 0.0000
77       77   (0)     12  : 0.6882 0.0000 0.0000 0.0000 0.0000 0.0000 0.3118 0.0000 0.0000 0.0000
78       78   (0)     12  : 0.1702 0.0108 0.0252 0.0000 0.0014 0.1961 0.5540 0.0000 0.0423 0.0000
79       79   (0)     12  : 0.0000 0.2000 0.0000 0.0000 0.0000 0.0000 0.0000 0.0000 0.2000 0.6000
80       80   (0)     12  : 0.3956 0.0000 0.1109 0.0000 0.0304 0.1615 0.2858 0.0000 0.0092 0.0066
81       81   (0)     13  : 0.0000 0.0000 1.0000 0.0000 0.0000 0.0000 0.0000 0.0000 0.0000 0.0000
82       82   (0)     13  : 0.0000 0.2824 0.0000 0.0065 0.7111 0.0000 0.0000 0.0000 0.0000 0.0000
83       83   (0)     13  : 0.0000 0.1385 0.0502 0.0000 0.6403 0.0000 0.0000 0.0000 0.1024 0.0686
84       84   (0)     13  : 0.0000 0.9333 0.0000 0.0000 0.0631 0.0000 0.0000 0.0036 0.0000 0.0000
85       85   (0)     13  : 0.0000 0.0683 0.0000 0.0000 0.8000 0.0000 0.0000 0.0000 0.0734 0.0583
86       86   (0)     13  : 0.0000 0.3778 0.0094 0.0000 0.2386 0.0000 0.0000 0.0000 0.2788 0.0954
87       87   (0)     13  : 0.0742 0.0145 0.0000 0.0000 0.0000 0.0493 0.8620 0.0000 0.0000 0.0000
88       88   (0)     13  : 0.0000 0.3908 0.0000 0.0000 0.5168 0.0000 0.0000 0.0004 0.0921 0.0000
89       89   (0)     13  : 0.0000 0.1272 0.0000 0.0000 0.1810 0.0000 0.0000 0.0000 0.3078 0.3840
90       90   (0)     13  : 0.0000 0.2000 0.0000 0.0000 0.0000 0.0000 0.0000 0.0000 0.2000 0.6000
91       91   (0)     13  : 0.0000 0.1866 0.3825 0.0000 0.3696 0.0000 0.0000 0.0000 0.0614 0.0000
92       92   (0)     13  : 0.0000 0.2652 0.0000 0.0000 0.4000 0.0000 0.0000 0.0000 0.1348 0.2000
93       93   (0)     13  : 0.1965 0.0000 0.0000 0.0000 0.0129 0.1725 0.5753 0.0000 0.0279 0.0149
94       94   (0)     13  : 0.0000 0.8000 0.0000 0.0000 0.0000 0.0000 0.0000 0.0000 0.2000 0.0000
95       95   (0)     14  : 0.4525 0.0000 0.0000 0.0001 0.0000 0.0000 0.5454 0.0020 0.0000 0.0000
96       96   (0)     14  : 0.0000 0.1464 0.0000 0.0000 0.4561 0.0000 0.0000 0.0000 0.3581 0.0394
97       97   (0)     15  : 0.0000 0.0000 1.0000 0.0000 0.0000 0.0000 0.0000 0.0000 0.0000 0.0000
98       98   (0)     15  : 0.2000 0.0000 0.0000 0.0000 0.0000 0.8000 0.0000 0.0000 0.0000 0.0000
99       99   (0)     15  : 0.0000 0.1924 0.0000 0.5264 0.0000 0.0000 0.0000 0.0000 0.1860 0.0952
100      100   (0)     15  : 0.8000 0.0000 0.0000 0.0000 0.0000 0.2000 0.0000 0.0000 0.0000 0.0000
101      101   (0)     15  : 0.0000 0.0000 0.0000 1.0000 0.0000 0.0000 0.0000 0.0000 0.0000 0.0000
102      102   (0)     15  : 0.0000 0.0000 0.0000 0.0061 0.0000 0.0771 0.9151 0.0018 0.0000 0.0000
103      103   (0)     15  : 0.1220 0.0000 0.0000 0.0085 0.0159 0.0159 0.8255 0.0000 0.0000 0.0121
104      104   (0)     15  : 0.0000 0.0000 0.0000 1.0000 0.0000 0.0000 0.0000 0.0000 0.0000 0.0000
105      105   (0)     15  : 0.0000 0.0000 0.0000 1.0000 0.0000 0.0000 0.0000 0.0000 0.0000 0.0000
