1        1   (0)      1  : 0.3934 0.1205 0.4631 0.0231
2        2   (0)      1  : 0.4543 0.0046 0.4293 0.1119
3        3   (0)      1  : 0.7116 0.0000 0.1963 0.0920
4        4   (0)      1  : 0.6042 0.0458 0.2445 0.1055
5        5   (0)      1  : 0.4389 0.0460 0.4602 0.0548
6        6   (0)      1  : 0.5882 0.0438 0.3057 0.0624
7        7   (0)      1  : 0.6274 0.0044 0.3179 0.0504
8        8   (0)      2  : 0.5038 0.0012 0.4728 0.0222
9        9   (0)      2  : 0.1545 0.0308 0.7825 0.0322
10       10   (0)      2  : 0.1491 0.0430 0.7973 0.0106
11       11   (0)      2  : 0.1226 0.1545 0.7227 0.0002
12       12   (0)      2  : 0.6004 0.0018 0.2775 0.1202
13       13   (0)      2  : 0.5829 0.0000 0.3831 0.0340
14       14   (0)      3  : 0.7959 0.0058 0.1637 0.0346
15       15   (0)      3  : 0.5674 0.0268 0.3566 0.0492
16       16   (0)      3  : 0.6925 0.0000 0.2833 0.0242
17       17   (0)      3  : 0.7125 0.0033 0.1954 0.0889
18       18   (0)      4  : 0.5041 0.0128 0.3659 0.1172
19       19   (0)      4  : 0.4301 0.0238 0.5399 0.0062
20       20   (0)      4  : 0.5422 0.0188 0.4199 0.0190
21       21   (0)      4  : 0.5201 0.0138 0.4076 0.0586
22       22   (0)      4  : 0.5544 0.0089 0.3883 0.0484
23       23   (0)      4  : 0.4802 0.0089 0.4672 0.0437
24       24   (0)      4  : 0.7744 0.0000 0.2175 0.0080
25       25   (0)      4  : 0.6734 0.0004 0.3055 0.0208
26       26   (0)      4  : 0.4525 0.0339 0.4719 0.0416
27       27   (0)      4  : 0.7119 0.0024 0.2533 0.0324
28       28   (0)      4  : 0.4940 0.0217 0.3617 0.1226
29       29   (0)      4  : 0.4469 0.0301 0.4633 0.0597
30       30   (0)      4  : 0.5397 0.0056 0.4032 0.0514
31       31   (0)      4  : 0.8285 0.0011 0.1488 0.0216
32       32   (0)      4  : 0.8377 0.0039 0.1329 0.0255
33       33   (0)      4  : 0.6129 0.0009 0.3051 0.0811
34       34   (0)      5  : 0.6208 0.0229 0.3415 0.0148
35       35   (0)      6  : 0.4799 0.0209 0.4335 0.0657
36       36   (0)      6  : 0.3223 0.0000 0.5938 0.0839
37       37   (0)      6  : 0.2115 0.0033 0.4595 0.3257
38       38   (0)      6  : 0.4128 0.0000 0.5823 0.0049
39       39   (0)      6  : 0.5090 0.0106 0.4558 0.0245
40       40   (0)      6  : 0.5920 0.0271 0.3060 0.0749
41       41   (0)      6  : 0.0000 1.0000 0.0000 0.0000
42       42   (0)      6  : 0.5605 0.0210 0.4013 0.0172
43       43   (0)      6  : 0.3999 0.0149 0.5227 0.0625
44       44   (0)      6  : 0.5344 0.0338 0.4013 0.0304
45       45   (0)      6  : 0.3721 0.0028 0.5121 0.1129
46       46   (0)      6  : 0.0000 0.0600 0.0000 0.9400
47       47   (0)      6  : 0.3248 0.0171 0.5833 0.0748
48       48   (0)      6  : 0.5101 0.0030 0.3676 0.1193
49       49   (0)      6  : 0.0000 1.0000 0.0000 0.0000
50       50   (0)      6  : 0.5932 0.0000 0.3373 0.0694
51       51   (0)      6  : 0.4591 0.0628 0.4192 0.0590
52       52   (0)      6  : 0.0000 0.0600 0.0000 0.9400
53       53   (0)      6  : 0.7462 0.0000 0.2399 0.0139
54       54   (0)      6  : 0.5570 0.0000 0.3409 0.1021
55       55   (0)      6  : 0.3444 0.0033 0.5782 0.0742
56       56   (0)      6  : 0.3584 0.0223 0.5567 0.0626
57       57   (0)      6  : 0.7615 0.0016 0.2249 0.0120
58       58   (0)      7  : 0.3201 0.0000 0.6668 0.0131
59       59   (0)      7  : 0.4364 0.0002 0.5297 0.0336
60       60   (0)      7  : 0.4222 0.0140 0.5093 0.0545
61       61   (0)      7  : 0.4500 0.0020 0.5086 0.0394
62       62   (0)      7  : 0.2151 0.0000 0.4600 0.3249
63       63   (0)      7  : 0.4485 0.0259 0.5192 0.0063
64       64   (0)      8  : 0.6192 0.0205 0.2707 0.0896
65       65   (0)      8  : 0.3753 0.0160 0.5268 0.0818
66       66   (0)      9  : 0.5900 0.0000 0.3802 0.0298
67       67   (0)     10  : 0.5122 0.0203 0.4510 0.0165
68       68   (0)     10  : 0.5892 0.0002 0.3699 0.0407
69       69   (0)     10  : 0.5453 0.0007 0.3543 0.0998
70       70   (0)     10  : 0.5255 0.0000 0.4135 0.0610
71       71   (0)     10  : 0.5388 0.0011 0.4468 0.0133
72       72   (0)     10  : 0.4814 0.0055 0.5025 0.0107
73       73   (0)     10  : 0.5042 0.0197 0.4499 0.0262
74       74   (0)     10  : 0.3896 0.0105 0.5555 0.0444
75       75   (0)     10  : 0.5970 0.0004 0.3307 0.0719
76       76   (0)     10  : 0.4002 0.0301 0.5129 0.0568
