1        1   (0)      1  : 0.0000 0.8486 0.1514 0.0000 0.0000
2        2   (0)      1  : 0.6331 0.0099 0.0000 0.0316 0.3254
3        3   (0)      1  : 0.0000 1.0000 0.0000 0.0000 0.0000
4        4   (0)      1  : 0.0025 0.9975 0.0000 0.0000 0.0000
5        5   (0)      1  : 0.0475 0.9092 0.0000 0.0015 0.0417
6        6   (0)      1  : 0.4627 0.0070 0.0000 0.0058 0.5244
7        7   (0)      1  : 0.0273 0.9448 0.0000 0.0000 0.0280
8        8   (0)      1  : 0.5934 0.0029 0.0000 0.0000 0.4037
9        9   (0)      1  : 0.0038 0.9919 0.0000 0.0000 0.0042
10       10   (0)      2  : 0.0000 1.0000 0.0000 0.0000 0.0000
11       11   (0)      2  : 0.0007 0.9766 0.0000 0.0184 0.0043
12       12   (0)      2  : 0.8278 0.0000 0.0000 0.0007 0.1715
13       13   (0)      3  : 0.0115 0.9716 0.0000 0.0023 0.0146
14       14   (0)      3  : 0.0000 0.0000 0.0000 1.0000 0.0000
15       15   (0)      3  : 0.4890 0.0000 0.0208 0.0060 0.4841
16       16   (0)      3  : 0.0000 0.0000 1.0000 0.0000 0.0000
17       17   (0)      4  : 0.0001 0.0000 0.5878 0.4091 0.0030
18       18   (0)      4  : 0.3394 0.0074 0.0004 0.0306 0.6222
19       19   (0)      5  : 0.2876 0.0007 0.0000 0.0000 0.7118
20       20   (0)      5  : 0.0000 0.5917 0.0000 0.4083 0.0000
21       21   (0)      5  : 0.0269 0.9299 0.0000 0.0000 0.0432
22       22   (0)      5  : 0.0115 0.9512 0.0000 0.0000 0.0374
23       23   (0)      5  : 0.0000 1.0000 0.0000 0.0000 0.0000
24       24   (0)      5  : 0.0015 0.9647 0.0000 0.0336 0.0002
25       25   (0)      5  : 0.0000 0.9162 0.0697 0.0142 0.0000
26       26   (0)      5  : 0.2088 0.4932 0.0000 0.0000 0.2979
27       27   (0)      5  : 0.0000 0.0000 1.0000 0.0000 0.0000
28       28   (0)      5  : 0.0000 0.0000 1.0000 0.0000 0.0000
29       29   (0)      5  : 0.4092 0.0000 0.0376 0.0375 0.5156
30       30   (0)      5  : 0.5902 0.0000 0.0000 0.0000 0.4098
31       31   (0)      5  : 0.2693 0.4878 0.0000 0.0166 0.2263
32       32   (0)      5  : 0.0168 0.9464 0.0000 0.0345 0.0023
33       33   (0)      5  : 0.7463 0.0092 0.0000 0.0112 0.2333
34       34   (0)      5  : 0.5301 0.0000 0.0000 0.0055 0.4643
35       35   (0)      5  : 0.6134 0.0000 0.0000 0.0065 0.3801
36       36   (0)      6  : 0.5733 0.0000 0.0504 0.0000 0.3763
37       37   (0)      6  : 0.0000 0.0000 1.0000 0.0000 0.0000
38       38   (0)      6  : 0.1904 0.0000 0.0000 0.0040 0.8056
39       39   (0)      6  : 0.3319 0.4533 0.0000 0.0000 0.2148
40       40   (0)      6  : 0.5588 0.0000 0.0000 0.0000 0.4412
41       41   (0)      6  : 0.4982 0.0057 0.0000 0.0117 0.4844
42       42   (0)      6  : 0.4537 0.0376 0.0000 0.0000 0.5087
43       43   (0)      6  : 0.3252 0.0342 0.0000 0.0239 0.6167
44       44   (0)      6  : 0.3244 0.0000 0.0000 0.0195 0.6561
45       45   (0)      6  : 0.7319 0.0000 0.0000 0.0000 0.2681
46       46   (0)      6  : 0.0000 0.5716 0.0000 0.4284 0.0000
47       47   (0)      6  : 0.3572 0.0000 0.0000 0.0000 0.6428
48       48   (0)      7  : 0.4678 0.0000 0.0000 0.0046 0.5276
49       49   (0)      7  : 0.1632 0.5933 0.0010 0.0000 0.2426
50       50   (0)      7  : 0.3862 0.0090 0.0000 0.0000 0.6048
51       51   (0)      8  : 0.7191 0.0000 0.0722 0.0000 0.2087
52       52   (0)      8  : 0.5583 0.0000 0.1705 0.0000 0.2712
53       53   (0)      9  : 0.5798 0.0000 0.0000 0.0119 0.4083
54       54   (0)     10  : 0.3906 0.0000 0.0000 0.0000 0.6094
55       55   (0)     10  : 0.0000 1.0000 0.0000 0.0000 0.0000
56       56   (0)     10  : 0.0000 0.0000 1.0000 0.0000 0.0000
57       57   (0)     10  : 0.3564 0.0000 0.0000 0.0051 0.6385
58       58   (0)     11  : 0.5388 0.0001 0.1093 0.0000 0.3518
59       59   (0)     11  : 0.0080 0.9000 0.0912 0.0000 0.0008
60       60   (0)     11  : 0.0710 0.0000 0.9074 0.0000 0.0216
61       61   (0)     11  : 0.6102 0.0000 0.0000 0.0000 0.3898
62       62   (0)     11  : 0.6966 0.0000 0.0126 0.0000 0.2907
63       63   (0)     11  : 0.5988 0.0000 0.2930 0.0000 0.1082
64       64   (0)     11  : 0.4944 0.0000 0.0115 0.0155 0.4785
65       65   (0)     11  : 0.0000 0.0000 1.0000 0.0000 0.0000
66       66   (0)     11  : 0.5921 0.0000 0.0492 0.0000 0.3587
67       67   (0)     11  : 0.0000 0.9693 0.0307 0.0000 0.0000
68       68   (0)     11  : 0.0000 0.5676 0.4324 0.0000 0.0000
69       69   (0)     11  : 0.3018 0.0000 0.5173 0.0000 0.1809
70       70   (0)     11  : 0.5144 0.0000 0.0000 0.0000 0.4856
71       71   (0)     11  : 0.0000 0.8300 0.1700 0.0000 0.0000
72       72   (0)     12  : 0.0130 0.9781 0.0000 0.0000 0.0089
73       73   (0)     12  : 0.0000 1.0000 0.0000 0.0000 0.0000
74       74   (0)     12  : 0.0101 0.9861 0.0000 0.0000 0.0038
75       75   (0)     12  : 0.2250 0.4654 0.1326 0.0000 0.1770
76       76   (0)     12  : 0.0000 0.9653 0.0347 0.0000 0.0000
77       77   (0)     12  : 0.6153 0.0031 0.0000 0.0009 0.3808
78       78   (0)     12  : 0.4733 0.0425 0.0391 0.0000 0.4451
79       79   (0)     12  : 0.0000 1.0000 0.0000 0.0000 0.0000
80       80   (0)     12  : 0.5145 0.0125 0.1233 0.0000 0.3497
81       81   (0)     13  : 0.0000 0.0000 1.0000 0.0000 0.0000
82       82   (0)     13  : 0.0011 0.9360 0.0000 0.0590 0.0038
83       83   (0)     13  : 0.0000 0.8993 0.1007 0.0000 0.0000
84       84   (0)     13  : 0.0000 1.0000 0.0000 0.0000 0.0000
85       85   (0)     13  : 0.0000 0.9748 0.0000 0.0252 0.0000
86       86   (0)     13  : 0.0000 0.9549 0.0451 0.0000 0.0000
87       87   (0)     13  : 0.4238 0.0230 0.0000 0.0000 0.5532
88       88   (0)     13  : 0.0001 0.9998 0.0000 0.0000 0.0001
89       89   (0)     13  : 0.0000 1.0000 0.0000 0.0000 0.0000
90       90   (0)     13  : 0.0000 0.9930 0.0000 0.0056 0.0014
91       91   (0)     13  : 0.0000 0.6242 0.3758 0.0000 0.0000
92       92   (0)     13  : 0.0259 0.9271 0.0000 0.0000 0.0470
93       93   (0)     13  : 0.4525 0.0287 0.0000 0.0000 0.5188
94       94   (0)     13  : 0.0000 0.9994 0.0000 0.0002 0.0004
95       95   (0)     14  : 0.4580 0.0000 0.0000 0.0168 0.5252
96       96   (0)     14  : 0.0111 0.9786 0.0000 0.0031 0.0073
97       97   (0)     15  : 0.0000 0.0000 1.0000 0.0000 0.0000
98       98   (0)     15  : 0.3606 0.0000 0.0000 0.0000 0.6394
99       99   (0)     15  : 0.0000 0.4797 0.0000 0.5203 0.0000
100      100   (0)     15  : 0.4557 0.0000 0.0000 0.0091 0.5352
101      101   (0)     15  : 0.0000 0.0000 0.0000 1.0000 0.0000
102      102   (0)     15  : 0.3331 0.0000 0.0000 0.0238 0.6432
103      103   (0)     15  : 0.3916 0.0309 0.0000 0.0212 0.5563
104      104   (0)     15  : 0.0000 0.0000 0.0000 1.0000 0.0000
105      105   (0)     15  : 0.0000 0.0000 0.0000 1.0000 0.0000
