1        1   (0)      1  : 0.0000 0.1276 0.4077 0.0000 0.0000 0.0000 0.0524 0.1025 0.1424 0.0987 0.0000 0.0687
2        2   (0)      1  : 0.0000 0.0000 0.0000 0.0000 0.0000 0.0000 0.0000 0.0000 0.0000 1.0000 0.0000 0.0000
3        3   (0)      1  : 0.0000 0.0000 0.0000 0.0000 0.0000 0.0000 0.0000 0.0000 0.0000 0.0000 1.0000 0.0000
4        4   (0)      1  : 0.0000 0.0000 0.0000 0.0000 0.0000 0.0000 0.0000 0.0000 1.0000 0.0000 0.0000 0.0000
5        5   (0)      1  : 0.0000 0.0661 0.0000 0.0000 0.0000 0.0459 0.0000 0.0000 0.5360 0.3520 0.0000 0.0000
6        6   (0)      1  : 0.0000 0.0388 0.2859 0.0138 0.0000 0.0000 0.0183 0.1567 0.2424 0.0000 0.2033 0.0408
7        7   (0)      1  : 0.4027 0.0000 0.0000 0.0000 0.0000 0.0000 0.0000 0.0000 0.5973 0.0000 0.0000 0.0000
8        8   (0)      2  : 0.0000 0.0000 0.3102 0.0000 0.2233 0.0381 0.0278 0.0000 0.2939 0.0000 0.0000 0.1067
9        9   (0)      2  : 0.0000 0.0000 0.0000 0.0000 1.0000 0.0000 0.0000 0.0000 0.0000 0.0000 0.0000 0.0000
10       10   (0)      2  : 0.0000 0.0000 0.0000 0.0000 1.0000 0.0000 0.0000 0.0000 0.0000 0.0000 0.0000 0.0000
11       11   (0)      2  : 0.0000 0.1208 0.0000 0.0000 0.8792 0.0000 0.0000 0.0000 0.0000 0.0000 0.0000 0.0000
12       12   (0)      2  : 1.0000 0.0000 0.0000 0.0000 0.0000 0.0000 0.0000 0.0000 0.0000 0.0000 0.0000 0.0000
13       13   (0)      2  : 0.0000 0.0000 0.0000 0.0000 0.0000 0.0000 0.0000 1.0000 0.0000 0.0000 0.0000 0.0000
14       14   (0)      3  : 0.0000 0.0000 0.0000 0.0000 0.0000 0.0000 0.0000 0.0000 1.0000 0.0000 0.0000 0.0000
15       15   (0)      3  : 1.0000 0.0000 0.0000 0.0000 0.0000 0.0000 0.0000 0.0000 0.0000 0.0000 0.0000 0.0000
16       16   (0)      3  : 0.0000 0.0000 0.0000 0.0000 0.0000 0.0265 0.1846 0.0000 0.0000 0.0000 0.4564 0.3325
17       17   (0)      3  : 0.0000 0.0000 0.0000 0.0000 0.0000 0.0000 0.0000 1.0000 0.0000 0.0000 0.0000 0.0000
18       18   (0)      4  : 0.0000 0.0000 0.0000 0.0000 0.0000 0.0000 0.0000 1.0000 0.0000 0.0000 0.0000 0.0000
19       19   (0)      4  : 0.0000 0.0000 1.0000 0.0000 0.0000 0.0000 0.0000 0.0000 0.0000 0.0000 0.0000 0.0000
20       20   (0)      4  : 1.0000 0.0000 0.0000 0.0000 0.0000 0.0000 0.0000 0.0000 0.0000 0.0000 0.0000 0.0000
21       21   (0)      4  : 0.0000 0.0000 0.6001 0.0000 0.0000 0.0000 0.0000 0.3999 0.0000 0.0000 0.0000 0.0000
22       22   (0)      4  : 0.0000 0.0000 0.6527 0.0000 0.0000 0.0000 0.0000 0.0000 0.0000 0.0000 0.3473 0.0000
23       23   (0)      4  : 0.0000 0.0000 0.3288 0.0004 0.3838 0.0000 0.0000 0.2859 0.0000 0.0011 0.0000 0.0000
24       24   (0)      4  : 0.0000 0.0000 0.0000 0.0000 0.0000 0.0000 0.0000 0.2107 0.2855 0.0000 0.5038 0.0000
25       25   (0)      4  : 1.0000 0.0000 0.0000 0.0000 0.0000 0.0000 0.0000 0.0000 0.0000 0.0000 0.0000 0.0000
26       26   (0)      4  : 0.0000 0.0000 1.0000 0.0000 0.0000 0.0000 0.0000 0.0000 0.0000 0.0000 0.0000 0.0000
27       27   (0)      4  : 0.0000 0.0000 0.3863 0.0000 0.0000 0.0000 0.0000 0.0000 0.6137 0.0000 0.0000 0.0000
28       28   (0)      4  : 0.0000 0.0000 0.0000 0.0000 0.0000 0.0000 0.0000 0.0000 0.0000 0.0000 1.0000 0.0000
29       29   (0)      4  : 0.0000 0.0000 0.0000 0.0000 0.0000 0.0000 0.0000 0.0000 1.0000 0.0000 0.0000 0.0000
30       30   (0)      4  : 0.0000 0.0000 0.3531 0.0096 0.0000 0.0000 0.0000 0.0325 0.2974 0.0000 0.3074 0.0000
31       31   (0)      4  : 0.0000 0.0000 0.0000 0.0000 0.0000 0.0000 0.0000 0.0000 0.0000 0.0000 0.0000 1.0000
32       32   (0)      4  : 0.0000 0.0000 0.0000 0.0000 1.0000 0.0000 0.0000 0.0000 0.0000 0.0000 0.0000 0.0000
33       33   (0)      4  : 0.0000 0.0000 0.0000 0.0000 0.0000 0.0000 0.0000 0.0000 0.0000 0.0000 1.0000 0.0000
34       34   (0)      5  : 0.0000 0.0066 0.2760 0.0000 0.0018 0.0150 0.0000 0.1524 0.2069 0.0000 0.1765 0.1649
35       35   (0)      6  : 0.0380 0.0318 0.0000 0.0000 0.2701 0.0846 0.0000 0.0000 0.1680 0.2588 0.0000 0.1487
36       36   (0)      6  : 0.0000 0.0000 1.0000 0.0000 0.0000 0.0000 0.0000 0.0000 0.0000 0.0000 0.0000 0.0000
37       37   (0)      6  : 0.0000 0.0000 0.0000 0.0000 0.0000 1.0000 0.0000 0.0000 0.0000 0.0000 0.0000 0.0000
38       38   (0)      6  : 0.0000 0.0000 0.0000 0.0000 0.0000 0.0000 0.0000 0.0000 0.0000 1.0000 0.0000 0.0000
39       39   (0)      6  : 0.0000 0.0000 0.0000 0.0000 0.0000 0.0000 0.0000 0.0000 0.0000 1.0000 0.0000 0.0000
40       40   (0)      6  : 0.0000 0.0000 0.0000 0.0000 0.0000 0.0000 0.0000 0.0000 0.0000 0.0000 1.0000 0.0000
41       41   (0)      6  : 0.0000 1.0000 0.0000 0.0000 0.0000 0.0000 0.0000 0.0000 0.0000 0.0000 0.0000 0.0000
42       42   (0)      6  : 1.0000 0.0000 0.0000 0.0000 0.0000 0.0000 0.0000 0.0000 0.0000 0.0000 0.0000 0.0000
43       43   (0)      6  : 0.0000 0.0000 0.0000 0.0000 0.0000 0.0000 1.0000 0.0000 0.0000 0.0000 0.0000 0.0000
44       44   (0)      6  : 0.2321 0.0181 0.1918 0.0029 0.0000 0.0000 0.1329 0.0000 0.2963 0.0001 0.0000 0.1259
45       45   (0)      6  : 0.0000 0.0000 0.0000 0.0000 1.0000 0.0000 0.0000 0.0000 0.0000 0.0000 0.0000 0.0000
46       46   (0)      6  : 0.0000 0.0000 0.0000 1.0000 0.0000 0.0000 0.0000 0.0000 0.0000 0.0000 0.0000 0.0000
47       47   (0)      6  : 0.0000 0.0000 1.0000 0.0000 0.0000 0.0000 0.0000 0.0000 0.0000 0.0000 0.0000 0.0000
48       48   (0)      6  : 0.0000 0.0000 0.0000 0.0000 0.0000 0.0000 1.0000 0.0000 0.0000 0.0000 0.0000 0.0000
49       49   (0)      6  : 0.0000 1.0000 0.0000 0.0000 0.0000 0.0000 0.0000 0.0000 0.0000 0.0000 0.0000 0.0000
50       50   (0)      6  : 0.0000 0.0000 0.0000 0.0000 0.0000 0.0000 0.0000 1.0000 0.0000 0.0000 0.0000 0.0000
51       51   (0)      6  : 0.0637 0.0545 0.1578 0.0065 0.1844 0.0260 0.0582 0.0000 0.2487 0.1212 0.0714 0.0077
52       52   (0)      6  : 0.0000 0.0000 0.0000 1.0000 0.0000 0.0000 0.0000 0.0000 0.0000 0.0000 0.0000 0.0000
53       53   (0)      6  : 0.0000 0.0000 0.0000 0.0000 0.0000 0.0000 0.0000 0.0000 0.0000 0.0000 0.0000 1.0000
54       54   (0)      6  : 0.0000 0.0000 0.0000 0.0000 0.0000 0.0000 0.0000 0.0000 0.0000 0.0000 0.0000 1.0000
55       55   (0)      6  : 0.0000 0.0000 0.0000 0.0000 0.0000 0.0000 0.0000 0.0000 0.0000 1.0000 0.0000 0.0000
56       56   (0)      6  : 0.0000 0.0000 0.0000 0.0000 0.0000 0.0000 0.0000 0.0000 0.0000 0.0000 1.0000 0.0000
57       57   (0)      6  : 0.0000 0.0000 0.0000 0.0000 0.0000 0.0000 0.0000 0.0000 1.0000 0.0000 0.0000 0.0000
58       58   (0)      7  : 0.0000 0.0000 0.0000 0.0000 0.0000 0.0000 0.0000 0.0000 0.0000 1.0000 0.0000 0.0000
59       59   (0)      7  : 0.2535 0.0000 0.2935 0.0000 0.0000 0.0000 0.1120 0.3410 0.0000 0.0000 0.0000 0.0000
60       60   (0)      7  : 0.1996 0.0000 0.2648 0.0189 0.0000 0.0082 0.0000 0.0000 0.2495 0.2590 0.0000 0.0000
61       61   (0)      7  : 0.0000 0.0000 0.0000 0.0000 0.4050 0.0000 0.0000 0.5950 0.0000 0.0000 0.0000 0.0000
62       62   (0)      7  : 0.0000 0.0000 0.0000 0.0000 0.0000 1.0000 0.0000 0.0000 0.0000 0.0000 0.0000 0.0000
63       63   (0)      7  : 0.1849 0.0104 0.1279 0.0000 0.1604 0.0000 0.1531 0.0735 0.0000 0.2229 0.0357 0.0311
64       64   (0)      8  : 0.0000 0.0000 0.0000 0.0000 0.0000 0.0335 0.0000 0.0000 0.4905 0.0000 0.2495 0.2265
65       65   (0)      8  : 1.0000 0.0000 0.0000 0.0000 0.0000 0.0000 0.0000 0.0000 0.0000 0.0000 0.0000 0.0000
66       66   (0)      9  : 0.0000 0.0000 1.0000 0.0000 0.0000 0.0000 0.0000 0.0000 0.0000 0.0000 0.0000 0.0000
67       67   (0)     10  : 0.0001 0.0221 0.2810 0.0000 0.0766 0.0398 0.1398 0.1299 0.0000 0.1279 0.0000 0.1829
68       68   (0)     10  : 0.1209 0.0000 0.1606 0.0067 0.0946 0.0000 0.0758 0.0000 0.2239 0.0939 0.1750 0.0487
69       69   (0)     10  : 0.0000 0.0000 0.0000 0.0000 0.0000 0.0000 0.0000 0.0000 0.0000 0.0000 1.0000 0.0000
70       70   (0)     10  : 0.0000 0.0000 0.2719 0.0000 0.0000 0.0002 0.1298 0.0000 0.0000 0.2770 0.3211 0.0000
71       71   (0)     10  : 0.0000 0.0000 0.0000 0.0000 1.0000 0.0000 0.0000 0.0000 0.0000 0.0000 0.0000 0.0000
72       72   (0)     10  : 0.0000 0.0000 1.0000 0.0000 0.0000 0.0000 0.0000 0.0000 0.0000 0.0000 0.0000 0.0000
73       73   (0)     10  : 0.0000 0.0000 0.0000 0.0000 0.0000 0.0000 0.0000 0.0000 0.0000 0.0000 0.0000 1.0000
74       74   (0)     10  : 0.0000 0.0000 0.0000 0.0000 0.0000 0.0000 1.0000 0.0000 0.0000 0.0000 0.0000 0.0000
75       75   (0)     10  : 0.1319 0.0000 0.0001 0.0007 0.1518 0.0377 0.0000 0.2797 0.0000 0.0001 0.2382 0.1599
76       76   (0)     10  : 0.0000 0.0000 0.0000 0.0000 0.0000 0.0000 1.0000 0.0000 0.0000 0.0000 0.0000 0.0000
