1        1   (0)      1  : 0.0000 1.0000 0.0000 0.0000 0.0000 0.0000 0.0000 0.0000 0.0000
2        2   (0)      2  : 0.0000 0.0000 0.0384 0.0000 0.0000 0.9386 0.0000 0.0230 0.0000
3        3   (0)      2  : 0.1961 0.0000 0.0000 0.0000 0.0000 0.0000 0.0000 0.0000 0.8039
4        4   (0)      3  : 0.3526 0.0000 0.1499 0.0193 0.0000 0.0463 0.0000 0.0086 0.4232
5        5   (0)      3  : 0.4781 0.0000 0.0426 0.0000 0.0000 0.0031 0.0080 0.0068 0.4614
6        6   (0)      3  : 0.4002 0.0000 0.0000 0.0000 0.0651 0.0000 0.0000 0.0043 0.5305
7        7   (0)      3  : 0.0000 0.0000 0.0324 0.8212 0.0000 0.1393 0.0000 0.0071 0.0000
8        8   (0)      3  : 0.6821 0.0000 0.0011 0.0008 0.0466 0.0657 0.0000 0.0040 0.1997
9        9   (0)      3  : 0.3221 0.0000 0.0000 0.0000 0.0000 0.0000 0.0000 0.0000 0.6779
10       10   (0)      4  : 0.3377 0.0000 0.0000 0.0000 0.0000 0.0226 0.0000 0.0017 0.6379
11       11   (0)      4  : 0.0654 0.0000 0.0000 0.0000 0.0000 0.0000 0.5329 0.0000 0.4017
12       12   (0)      4  : 0.0158 0.0000 0.0000 0.0000 0.0000 0.0000 0.0000 0.0000 0.9842
13       13   (0)      4  : 0.7733 0.0000 0.0000 0.0000 0.0000 0.0000 0.0000 0.0000 0.2267
14       14   (0)      5  : 0.0000 0.0000 1.0000 0.0000 0.0000 0.0000 0.0000 0.0000 0.0000
15       15   (0)      5  : 0.0000 0.0000 0.0000 1.0000 0.0000 0.0000 0.0000 0.0000 0.0000
16       16   (0)      5  : 0.0000 0.0000 0.0000 0.0000 0.0000 0.9500 0.0000 0.0500 0.0000
17       17   (0)      5  : 0.0000 0.0000 0.0000 0.0000 0.0000 0.0000 1.0000 0.0000 0.0000
18       18   (0)      5  : 1.0000 0.0000 0.0000 0.0000 0.0000 0.0000 0.0000 0.0000 0.0000
19       19   (0)      5  : 0.0000 0.0000 0.0000 0.0000 0.0000 0.0000 1.0000 0.0000 0.0000
20       20   (0)      5  : 0.4402 0.0000 0.0000 0.0000 0.0000 0.0000 0.0085 0.0000 0.5513
21       21   (0)      5  : 0.7750 0.0000 0.0000 0.0000 0.0000 0.0000 0.0000 0.0000 0.2250
22       22   (0)      5  : 0.0000 0.0000 0.0000 0.0000 0.0000 0.0000 1.0000 0.0000 0.0000
23       23   (0)      5  : 0.0279 0.0000 0.0000 0.0000 0.0000 0.0000 0.0086 0.0000 0.9635
24       24   (0)      5  : 0.0000 0.0000 0.0000 1.0000 0.0000 0.0000 0.0000 0.0000 0.0000
25       25   (0)      5  : 0.0000 0.0000 1.0000 0.0000 0.0000 0.0000 0.0000 0.0000 0.0000
26       26   (0)      5  : 0.9073 0.0000 0.0000 0.0000 0.0000 0.0000 0.0007 0.0000 0.0920
27       27   (0)      5  : 0.0000 0.0000 0.0000 1.0000 0.0000 0.0000 0.0000 0.0000 0.0000
28       28   (0)      5  : 0.0000 0.0000 0.0000 0.8250 0.0000 0.0596 0.0000 0.1154 0.0000
29       29   (0)      6  : 0.0000 1.0000 0.0000 0.0000 0.0000 0.0000 0.0000 0.0000 0.0000
30       30   (0)      6  : 0.0000 0.0000 0.0000 0.0000 0.9970 0.0030 0.0000 0.0000 0.0000
31       31   (0)      6  : 0.0000 0.0000 0.0000 0.0000 0.0000 0.0000 0.0000 0.0000 1.0000
32       32   (0)      6  : 0.2061 0.0000 0.0000 0.0000 0.0000 0.0230 0.2013 0.0154 0.5542
33       33   (0)      6  : 0.0000 0.4786 0.0000 0.0000 0.0000 0.0207 0.0000 0.5007 0.0000
34       34   (0)      6  : 0.0000 0.0000 1.0000 0.0000 0.0000 0.0000 0.0000 0.0000 0.0000
35       35   (0)      6  : 0.0000 1.0000 0.0000 0.0000 0.0000 0.0000 0.0000 0.0000 0.0000
36       36   (0)      6  : 0.0000 1.0000 0.0000 0.0000 0.0000 0.0000 0.0000 0.0000 0.0000
37       37   (0)      7  : 0.0000 0.0000 0.0000 0.0000 1.0000 0.0000 0.0000 0.0000 0.0000
38       38   (0)      7  : 0.0000 0.0000 0.0000 0.0000 0.0000 0.0000 1.0000 0.0000 0.0000
39       39   (0)      7  : 0.0000 0.0000 0.9746 0.0000 0.0000 0.0000 0.0000 0.0254 0.0000
40       40   (0)      7  : 0.0000 0.0000 0.9700 0.0000 0.0000 0.0000 0.0000 0.0300 0.0000
41       41   (0)      7  : 0.0000 0.0000 0.0000 0.0000 0.0000 0.0000 1.0000 0.0000 0.0000
42       42   (0)      7  : 0.0000 0.0000 1.0000 0.0000 0.0000 0.0000 0.0000 0.0000 0.0000
43       43   (0)      7  : 0.0000 0.0000 0.0000 0.0000 0.0000 0.0000 1.0000 0.0000 0.0000
44       44   (0)      7  : 0.0000 0.0000 0.0000 0.0000 0.0000 0.9500 0.0000 0.0500 0.0000
45       45   (0)      7  : 0.1251 0.0000 0.0000 0.0000 0.0000 0.0000 0.0000 0.0000 0.8749
46       46   (0)      7  : 0.0000 1.0000 0.0000 0.0000 0.0000 0.0000 0.0000 0.0000 0.0000
47       47   (0)      7  : 0.9712 0.0000 0.0000 0.0000 0.0000 0.0000 0.0000 0.0000 0.0288
48       48   (0)      7  : 0.0000 0.9933 0.0000 0.0000 0.0000 0.0000 0.0000 0.0067 0.0000
49       49   (0)      7  : 0.0000 0.0000 0.0000 0.0000 0.9500 0.0000 0.0000 0.0500 0.0000
50       50   (0)      7  : 0.0472 0.0000 0.0000 0.0000 0.0000 0.9325 0.0000 0.0000 0.0202
51       51   (0)      7  : 0.0000 0.0000 0.0000 0.0000 0.9500 0.0000 0.0000 0.0500 0.0000
52       52   (0)      7  : 0.0000 0.0000 0.0000 1.0000 0.0000 0.0000 0.0000 0.0000 0.0000
53       53   (0)      7  : 0.7915 0.0000 0.0000 0.0000 0.0000 0.0000 0.0000 0.0000 0.2085
54       54   (0)      7  : 0.7543 0.0000 0.0000 0.0000 0.0000 0.0000 0.0000 0.0000 0.2457
55       55   (0)      7  : 0.4506 0.0000 0.0000 0.0000 0.0000 0.0000 0.0302 0.0000 0.5192
56       56   (0)      7  : 0.4621 0.0000 0.0000 0.0000 0.0000 0.0000 0.0000 0.0000 0.5379
57       57   (0)      8  : 0.0000 0.0000 0.9000 0.0000 0.0000 0.0000 0.0000 0.1000 0.0000
58       58   (0)      8  : 0.0000 0.0000 0.0000 1.0000 0.0000 0.0000 0.0000 0.0000 0.0000
59       59   (0)      8  : 0.9052 0.0000 0.0000 0.0000 0.0000 0.0000 0.0000 0.0000 0.0948
60       60   (0)      8  : 0.0000 0.0000 1.0000 0.0000 0.0000 0.0000 0.0000 0.0000 0.0000
61       61   (0)      8  : 0.0000 0.0000 0.9000 0.0000 0.0000 0.0000 0.0000 0.1000 0.0000
62       62   (0)      8  : 0.0000 0.0000 0.0000 0.0000 0.9500 0.0000 0.0000 0.0500 0.0000
63       63   (0)      8  : 0.0000 0.0000 0.9382 0.0000 0.0000 0.0000 0.0000 0.0618 0.0000
64       64   (0)      8  : 0.8715 0.0000 0.0000 0.0000 0.0000 0.0000 0.0000 0.0000 0.1285
65       65   (0)      8  : 0.0000 1.0000 0.0000 0.0000 0.0000 0.0000 0.0000 0.0000 0.0000
66       66   (0)      8  : 0.6875 0.0000 0.0000 0.0000 0.0000 0.0000 0.0000 0.0000 0.3125
67       67   (0)      8  : 0.5918 0.0000 0.0000 0.0000 0.0000 0.0000 0.0000 0.0000 0.4082
68       68   (0)      8  : 0.9012 0.0000 0.0000 0.0000 0.0000 0.0000 0.0000 0.0000 0.0988
69       69   (0)      8  : 0.0000 1.0000 0.0000 0.0000 0.0000 0.0000 0.0000 0.0000 0.0000
70       70   (0)      8  : 0.0000 0.0000 1.0000 0.0000 0.0000 0.0000 0.0000 0.0000 0.0000
71       71   (0)      8  : 0.0000 1.0000 0.0000 0.0000 0.0000 0.0000 0.0000 0.0000 0.0000
72       72   (0)      8  : 0.0000 0.0000 0.0000 0.0000 1.0000 0.0000 0.0000 0.0000 0.0000
73       73   (0)      8  : 0.2145 0.0000 0.0000 0.0000 0.0000 0.0000 0.7756 0.0000 0.0100
74       74   (0)      8  : 0.6896 0.0000 0.0000 0.0000 0.0000 0.0000 0.0000 0.0000 0.3104
75       75   (0)      8  : 0.9845 0.0000 0.0000 0.0000 0.0000 0.0000 0.0000 0.0000 0.0155
76       76   (0)      8  : 0.0000 0.9865 0.0000 0.0000 0.0000 0.0000 0.0000 0.0135 0.0000
77       77   (0)      8  : 0.6803 0.0000 0.0000 0.0000 0.0000 0.0000 0.0114 0.0000 0.3083
78       78   (0)      9  : 0.0000 0.0000 0.9212 0.0000 0.0000 0.0000 0.0000 0.0788 0.0000
79       79   (0)      9  : 0.0000 0.0000 0.9206 0.0000 0.0000 0.0000 0.0000 0.0794 0.0000
80       80   (0)      9  : 0.0000 0.0000 0.0000 0.0000 1.0000 0.0000 0.0000 0.0000 0.0000
81       81   (0)      9  : 0.0000 0.0000 0.9000 0.0000 0.0000 0.0000 0.0000 0.1000 0.0000
82       82   (0)      9  : 0.0000 1.0000 0.0000 0.0000 0.0000 0.0000 0.0000 0.0000 0.0000
83       83   (0)      9  : 0.5217 0.0000 0.0000 0.0000 0.0000 0.0530 0.0084 0.0146 0.4022
84       84   (0)      9  : 0.0000 0.0000 0.0000 0.0295 0.0000 0.4093 0.0000 0.5612 0.0000
85       85   (0)      9  : 0.9341 0.0000 0.0000 0.0000 0.0000 0.0000 0.0000 0.0000 0.0659
86       86   (0)      9  : 0.5910 0.0000 0.0000 0.0000 0.0000 0.0000 0.0000 0.0000 0.4090
87       87   (0)      9  : 0.6019 0.0000 0.0000 0.0000 0.0000 0.0000 0.0000 0.0000 0.3981
88       88   (0)      9  : 0.0000 0.0000 0.9792 0.0000 0.0000 0.0000 0.0000 0.0208 0.0000
89       89   (0)      9  : 0.0000 0.0000 0.9858 0.0000 0.0000 0.0000 0.0000 0.0142 0.0000
90       90   (0)      9  : 0.0292 0.0000 0.0000 0.0000 0.0000 0.0000 0.3182 0.0000 0.6526
91       91   (0)      9  : 0.0000 0.0000 0.0000 0.0000 0.9673 0.0000 0.0000 0.0327 0.0000
92       92   (0)     10  : 0.0000 0.0000 0.3231 0.0000 0.0000 0.5517 0.0000 0.0000 0.1252
93       93   (0)     11  : 0.0000 0.1555 0.0000 0.0311 0.0000 0.6639 0.0005 0.0000 0.1491
94       94   (0)     11  : 0.0000 0.0000 0.0000 0.9400 0.0000 0.0000 0.0000 0.0600 0.0000
95       95   (0)     11  : 0.0000 0.0000 0.0000 0.0803 0.0000 0.4697 0.0000 0.4500 0.0000
96       96   (0)     12  : 0.0000 0.0000 0.0000 1.0000 0.0000 0.0000 0.0000 0.0000 0.0000
97       97   (0)     12  : 0.0000 0.0000 0.0000 1.0000 0.0000 0.0000 0.0000 0.0000 0.0000
98       98   (0)     12  : 0.0000 0.0000 0.0000 1.0000 0.0000 0.0000 0.0000 0.0000 0.0000
99       99   (0)     12  : 0.0000 0.0000 0.0000 1.0000 0.0000 0.0000 0.0000 0.0000 0.0000
100      100   (0)     12  : 0.0000 1.0000 0.0000 0.0000 0.0000 0.0000 0.0000 0.0000 0.0000
101      101   (0)     13  : 0.0000 1.0000 0.0000 0.0000 0.0000 0.0000 0.0000 0.0000 0.0000
102      102   (0)     13  : 0.0000 0.0000 0.0000 1.0000 0.0000 0.0000 0.0000 0.0000 0.0000
103      103   (0)     14  : 0.0000 0.0000 0.7831 0.0000 0.0360 0.0769 0.0000 0.1039 0.0000
104      104   (0)     14  : 0.0000 1.0000 0.0000 0.0000 0.0000 0.0000 0.0000 0.0000 0.0000
105      105   (0)     14  : 0.0000 0.7391 0.0119 0.0114 0.0444 0.1891 0.0000 0.0041 0.0000
106      106   (0)     14  : 0.0000 0.5773 0.0000 0.0000 0.0000 0.0000 0.0000 0.4227 0.0000
107      107   (0)     14  : 0.0000 0.0000 0.0000 0.0000 1.0000 0.0000 0.0000 0.0000 0.0000
108      108   (0)     15  : 0.0000 0.0000 0.0000 0.0000 0.0000 0.9500 0.0000 0.0500 0.0000
109      109   (0)     15  : 0.0000 0.8020 0.0000 0.0000 0.0000 0.0000 0.0000 0.1980 0.0000
110      110   (0)     15  : 0.0000 1.0000 0.0000 0.0000 0.0000 0.0000 0.0000 0.0000 0.0000
111      111   (0)     15  : 0.1859 0.0000 0.0000 0.0000 0.0000 0.0000 0.0000 0.0000 0.8141
112      112   (0)     15  : 0.0000 0.0000 0.6976 0.1948 0.0000 0.0979 0.0000 0.0098 0.0000
113      113   (0)     15  : 0.0000 0.9904 0.0000 0.0096 0.0000 0.0000 0.0000 0.0000 0.0000
114      114   (0)     15  : 0.0000 0.5218 0.0000 0.0400 0.0000 0.0000 0.0000 0.4383 0.0000
