  1        1   (0)      1 :  0.0001 0.0056 0.0178 0.0005 0.0000 0.2087 0.0287 0.7386 
  2        2   (0)      1 :  0.0182 0.0592 0.0676 0.0897 0.0000 0.0037 0.0917 0.6698 
  3        3   (0)      1 :  0.0000 0.0000 0.0025 0.0000 0.0000 0.0000 0.0024 0.9952 
  4        4   (0)      1 :  0.0000 0.0000 0.0800 0.0000 0.0000 0.0000 0.1000 0.8200 
  5        5   (0)      1 :  0.1408 0.0065 0.1007 0.0292 0.0000 0.5358 0.0185 0.1685 
  6        6   (0)      1 :  0.1090 0.0162 0.0589 0.0290 0.0000 0.6972 0.0182 0.0716 
  7        7   (0)      1 :  0.0000 0.0697 0.0012 0.0211 0.0000 0.8863 0.0086 0.0131 
  8        8   (0)      1 :  0.1025 0.0031 0.0767 0.0254 0.0000 0.5723 0.0319 0.1881 
  9        9   (0)      1 :  0.0000 0.0000 0.0800 0.0000 0.0000 0.0000 0.1000 0.8200 
 10       10   (0)      1 :  0.0000 0.0619 0.0048 0.0285 0.0000 0.8780 0.0266 0.0002 
 11       11   (0)      1 :  0.0000 0.0917 0.0047 0.0528 0.0000 0.8283 0.0219 0.0007 
 12       12   (0)      1 :  0.0000 0.8001 0.0000 0.1000 0.0000 0.0999 0.0000 0.0000 
 13       13   (0)      1 :  0.0000 0.0629 0.0044 0.0245 0.0000 0.8813 0.0269 0.0000 
 14       14   (0)      1 :  0.1021 0.0947 0.1183 0.0201 0.0176 0.4565 0.0302 0.1606 
 15       15   (0)      1 :  1.0000 0.0000 0.0000 0.0000 0.0000 0.0000 0.0000 0.0000 
 16       16   (0)      1 :  0.0000 0.0000 0.0200 0.0000 0.0000 0.0000 0.0200 0.9600 
 17       17   (0)      1 :  0.0000 0.0000 0.0200 0.0000 0.0000 0.0000 0.0200 0.9600 
 18       18   (0)      1 :  0.0000 0.4654 0.0601 0.0800 0.0000 0.1745 0.2200 0.0000 
 19       19   (0)      1 :  0.0000 0.0482 0.0050 0.0672 0.0000 0.8420 0.0263 0.0114 
 20       20   (0)      1 :  0.0000 0.0567 0.0028 0.0377 0.0000 0.8809 0.0195 0.0026 
 21       21   (0)      1 :  0.0000 0.0000 0.0032 0.0000 0.0000 0.0000 0.0031 0.9938 
 22       22   (0)      1 :  1.0000 0.0000 0.0000 0.0000 0.0000 0.0000 0.0000 0.0000 
 23       23   (0)      1 :  0.0059 0.0567 0.0032 0.0483 0.0000 0.8623 0.0096 0.0141 
 24       24   (0)      2 :  0.0000 0.0000 0.0059 0.0000 0.0000 0.0000 0.0058 0.9883 
 25       25   (0)      2 :  0.0000 0.0042 0.0004 0.0030 0.0000 0.9853 0.0071 0.0001 
 26       26   (0)      2 :  0.0000 0.0090 0.0204 0.0083 0.0000 0.2917 0.0266 0.6440 
 27       27   (0)      2 :  0.0000 0.0794 0.0070 0.0464 0.0000 0.7901 0.0285 0.0486 
 28       28   (0)      2 :  0.0233 0.0153 0.0163 0.0093 0.0003 0.8711 0.0110 0.0534 
 29       29   (0)      2 :  0.0000 0.0541 0.0054 0.0743 0.0000 0.7830 0.0258 0.0573 
 30       30   (0)      2 :  0.0000 0.0000 0.0000 0.0000 0.7367 0.0000 0.2633 0.0000 
 31       31   (0)      2 :  0.0107 0.0503 0.0171 0.0217 0.0000 0.8467 0.0233 0.0302 
 32       32   (0)      2 :  0.0000 0.0000 0.0010 0.0000 0.0000 0.0000 0.0008 0.9982 
 33       33   (0)      2 :  0.0000 0.4648 0.0601 0.0800 0.0000 0.1750 0.2200 0.0000 
 34       34   (0)      2 :  0.0000 0.0280 0.0020 0.0180 0.0000 0.9387 0.0113 0.0020 
 35       35   (0)      2 :  0.0257 0.0742 0.0046 0.0514 0.0000 0.7927 0.0210 0.0305 
 36       36   (0)      2 :  0.0000 0.0000 0.0800 0.0000 0.0000 0.0000 0.1009 0.8191 
 37       37   (0)      3 :  0.0030 0.0498 0.0018 0.0501 0.0000 0.8572 0.0158 0.0223 
 38       38   (0)      3 :  0.0000 0.0349 0.0082 0.2560 0.0000 0.6391 0.0183 0.0435 
 39       39   (0)      3 :  0.0000 0.0257 0.0016 0.0405 0.0000 0.9096 0.0097 0.0129 
 40       40   (0)      3 :  0.0001 0.0639 0.0022 0.0267 0.0000 0.8648 0.0120 0.0304 
 41       41   (0)      3 :  0.0000 0.0289 0.0050 0.0510 0.0000 0.8927 0.0110 0.0114 
 42       42   (0)      4 :  0.0000 0.0000 0.0114 0.0000 0.8288 0.0000 0.1598 0.0000 
 43       43   (0)      4 :  0.0000 0.0400 0.0268 0.0290 0.0011 0.8919 0.0105 0.0007 
 44       44   (0)      4 :  0.0000 0.0000 0.0000 0.0000 0.8785 0.0000 0.1215 0.0000 
 45       45   (0)      4 :  0.0000 0.0000 0.0000 0.0000 0.8208 0.0000 0.1792 0.0000 
 46       46   (0)      4 :  0.0131 0.0286 0.0027 0.0085 0.0199 0.8666 0.0181 0.0425 
 47       47   (0)      4 :  0.0000 0.0157 0.0012 0.0038 0.0000 0.9620 0.0170 0.0003 
 48       48   (0)      4 :  0.0000 0.0768 0.0043 0.0301 0.0000 0.8647 0.0240 0.0001 
 49       49   (0)      4 :  0.0000 0.0358 0.0023 0.0046 0.0000 0.9429 0.0071 0.0074 
 50       50   (0)      4 :  0.0000 0.0126 0.0009 0.0123 0.0000 0.8919 0.0824 0.0000 
 51       51   (0)      4 :  0.0572 0.0015 0.2259 0.0012 0.2485 0.3436 0.1199 0.0022 
 52       52   (0)      4 :  0.0000 0.0393 0.0430 0.0157 0.0086 0.8614 0.0301 0.0019 
 53       53   (0)      4 :  0.0000 0.0424 0.0019 0.0267 0.0037 0.9127 0.0126 0.0000 
 54       54   (0)      4 :  0.0122 0.0113 0.0018 0.0485 0.0253 0.8739 0.0173 0.0097 
 55       55   (0)      4 :  0.0000 0.0208 0.0012 0.0191 0.0000 0.8721 0.0843 0.0025 
 56       56   (0)      4 :  0.0000 0.0000 0.0062 0.0000 0.8533 0.0000 0.1405 0.0000 
 57       57   (0)      5 :  0.0000 0.0425 0.0031 0.0123 0.0000 0.9183 0.0113 0.0124 
 58       58   (0)      5 :  0.0000 0.0425 0.0072 0.0377 0.0000 0.8806 0.0299 0.0020 
 59       59   (0)      5 :  0.0000 0.0000 0.0000 0.0000 0.9569 0.0000 0.0431 0.0000 
 60       60   (0)      5 :  0.0000 0.0681 0.0025 0.0161 0.0000 0.8964 0.0169 0.0001 
 61       61   (0)      5 :  0.0979 0.0085 0.0607 0.0771 0.3342 0.2887 0.1290 0.0039 
 62       62   (0)      5 :  0.0000 0.0000 0.0000 0.0000 0.7322 0.0000 0.2678 0.0000 
 63       63   (0)      5 :  0.0099 0.0260 0.0434 0.0285 0.1178 0.6726 0.0655 0.0364 
 64       64   (0)      5 :  0.0000 0.0717 0.0018 0.0706 0.0000 0.8424 0.0132 0.0004 
 65       65   (0)      5 :  0.0000 0.0358 0.0017 0.0048 0.0000 0.9492 0.0085 0.0000 
 66       66   (0)      5 :  0.0000 0.0133 0.0015 0.0203 0.0000 0.9279 0.0084 0.0287 
 67       67   (0)      5 :  0.0344 0.0000 0.0950 0.0008 0.5053 0.1349 0.2296 0.0000 
 68       68   (0)      5 :  0.0000 0.0000 0.0042 0.0000 0.8894 0.0000 0.1064 0.0000 
 69       69   (0)      5 :  0.0039 0.0223 0.0163 0.0782 0.1545 0.6133 0.0890 0.0225 
 70       70   (0)      5 :  0.0000 0.0000 0.0000 0.0000 0.6800 0.0000 0.3200 0.0000 
 71       71   (0)      5 :  0.0000 0.0000 0.0200 0.0000 0.7667 0.0000 0.2133 0.0000 
 72       72   (0)      5 :  0.0035 0.0440 0.0071 0.0086 0.0863 0.8009 0.0379 0.0118 
 73       73   (0)      5 :  0.0000 0.0448 0.0030 0.0352 0.0000 0.8666 0.0153 0.0351 
 74       74   (0)      5 :  0.0000 0.0000 0.0103 0.0000 0.9123 0.0000 0.0774 0.0000 
 75       75   (0)      6 :  0.0000 0.0000 0.0109 0.0000 0.7759 0.0000 0.2133 0.0000 
 76       76   (0)      6 :  0.0137 0.0445 0.0223 0.0080 0.0333 0.8396 0.0246 0.0140 
 77       77   (0)      6 :  0.0000 0.0000 0.0000 0.0000 0.8898 0.0000 0.1102 0.0000 
 78       78   (0)      6 :  0.0000 0.0000 0.0200 0.0000 0.8839 0.0000 0.0961 0.0000 
 79       79   (0)      6 :  0.0000 0.0000 0.0000 0.0000 0.7739 0.0000 0.2261 0.0000 
 80       80   (0)      6 :  0.0017 0.0000 0.0186 0.0000 0.0000 0.0000 0.0220 0.9577 
 81       81   (0)      6 :  0.0000 0.0000 0.0129 0.0000 0.7057 0.0000 0.2814 0.0000 
 82       82   (0)      6 :  0.0000 0.0000 0.0000 0.0000 0.7017 0.0000 0.2983 0.0000 
 83       83   (0)      6 :  0.0123 0.0000 0.0149 0.0000 0.5892 0.0000 0.3836 0.0000 
 84       84   (0)      6 :  0.0000 0.0000 0.0000 0.0000 0.6200 0.0000 0.3800 0.0000 
 85       85   (0)      6 :  0.0000 0.0000 0.0072 0.0000 0.7840 0.0000 0.2089 0.0000 
 86       86   (0)      6 :  0.0000 0.0000 0.0000 0.0000 0.6402 0.0000 0.3598 0.0000 
 87       87   (0)      6 :  0.0000 0.0000 0.0000 0.0000 0.9423 0.0000 0.0577 0.0000 
 88       88   (0)      6 :  0.0000 0.0000 0.0050 0.0000 0.8513 0.0000 0.1437 0.0000 
 89       89   (0)      6 :  0.0000 0.0000 0.0000 0.0000 0.7956 0.0000 0.2044 0.0000 
 90       90   (0)      6 :  0.0000 0.0000 0.0725 0.0000 0.0993 0.0000 0.1202 0.7080 
 91       91   (0)      6 :  0.0000 0.0000 0.0000 0.0000 0.8654 0.0000 0.1346 0.0000 
 92       92   (0)      6 :  0.0002 0.0315 0.0293 0.1547 0.0000 0.7516 0.0072 0.0255 
 93       93   (0)      6 :  0.1240 0.0008 0.8154 0.0006 0.0283 0.0012 0.0138 0.0159 
 94       94   (0)      6 :  0.0000 0.0242 0.0526 0.0447 0.0000 0.8619 0.0166 0.0000 
 95       95   (0)      6 :  0.0601 0.0020 0.8021 0.0100 0.0210 0.0826 0.0222 0.0000 
 96       96   (0)      6 :  0.0392 0.0002 0.8004 0.0059 0.0291 0.0948 0.0303 0.0000 
 97       97   (0)      6 :  0.0023 0.0440 0.1439 0.0433 0.0055 0.7438 0.0172 0.0000 
 98       98   (0)      6 :  0.2154 0.0000 0.6824 0.0000 0.0187 0.0597 0.0188 0.0050 
 99       99   (0)      7 :  0.0000 0.0000 0.0200 0.0000 0.8119 0.0000 0.1681 0.0000 
100      100   (0)      7 :  0.0427 0.0214 0.1333 0.0194 0.1178 0.6314 0.0218 0.0122 
101      101   (0)      7 :  1.0000 0.0000 0.0000 0.0000 0.0000 0.0000 0.0000 0.0000 
102      102   (0)      7 :  1.0000 0.0000 0.0000 0.0000 0.0000 0.0000 0.0000 0.0000 
103      103   (0)      7 :  0.0000 0.1046 0.0066 0.0599 0.0000 0.8069 0.0219 0.0000 
104      104   (0)      7 :  0.0010 0.0539 0.0073 0.0975 0.0000 0.7772 0.0205 0.0427 
105      105   (0)      7 :  0.0000 0.0099 0.0011 0.0476 0.0000 0.8915 0.0035 0.0463 
106      106   (0)      7 :  0.0000 0.0213 0.0010 0.0385 0.0000 0.9200 0.0142 0.0050 
107      107   (0)      7 :  0.0000 0.0541 0.0055 0.0083 0.0000 0.9067 0.0247 0.0007 
108      108   (0)      8 :  0.0000 0.0000 0.0009 0.9600 0.0000 0.0391 0.0000 0.0000 
109      109   (0)      8 :  0.0000 0.0463 0.0020 0.0509 0.0000 0.8815 0.0131 0.0061 
110      110   (0)      8 :  0.0000 0.8002 0.0000 0.1000 0.0000 0.0998 0.0000 0.0000 
111      111   (0)      8 :  0.0000 0.3400 0.0200 0.2600 0.0000 0.2000 0.1800 0.0000 
112      112   (0)      8 :  1.0000 0.0000 0.0000 0.0000 0.0000 0.0000 0.0000 0.0000 
113      113   (0)      8 :  0.0000 0.0304 0.0012 0.0228 0.0000 0.9355 0.0082 0.0019 
114      114   (0)      8 :  0.0000 0.0555 0.0008 0.0098 0.0000 0.9279 0.0058 0.0002 
115      115   (0)      8 :  0.0000 0.0000 0.0009 0.9600 0.0000 0.0391 0.0000 0.0000 
116      116   (0)      8 :  0.0000 0.3400 0.0200 0.2600 0.0000 0.2000 0.1800 0.0000 
117      117   (0)      8 :  0.0044 0.0078 0.0891 0.1064 0.0246 0.7257 0.0161 0.0260 
118      118   (0)      8 :  0.0000 0.0281 0.0014 0.0206 0.0000 0.9005 0.0024 0.0470 
119      119   (0)      9 :  0.0000 0.0000 0.0200 0.0000 0.6933 0.0000 0.2867 0.0000 
120      120   (0)     10 :  0.0475 0.0340 0.0038 0.0616 0.0000 0.8331 0.0192 0.0008 
121      121   (0)     10 :  0.0000 0.0452 0.0029 0.0200 0.0000 0.9097 0.0222 0.0000 
122      122   (0)     10 :  0.0000 0.0342 0.0023 0.0581 0.0000 0.8919 0.0124 0.0010 
123      123   (0)     10 :  0.0124 0.0477 0.0049 0.1117 0.0629 0.6945 0.0248 0.0412 
124      124   (0)     10 :  0.0548 0.0252 0.0046 0.0377 0.0000 0.8615 0.0161 0.0000 
125      125   (0)     10 :  0.0480 0.0296 0.1277 0.0066 0.0013 0.7546 0.0233 0.0089 
126      126   (0)     10 :  0.0174 0.0221 0.0039 0.0254 0.0000 0.9176 0.0135 0.0000 
127      127   (0)     10 :  0.0000 0.0289 0.0028 0.0499 0.0000 0.9027 0.0132 0.0025 
128      128   (0)     10 :  0.0229 0.0347 0.0048 0.0293 0.0000 0.8775 0.0211 0.0096 
129      129   (0)     10 :  0.0000 0.0301 0.0027 0.0136 0.0000 0.9279 0.0124 0.0133 
130      130   (0)     10 :  0.0002 0.0146 0.0000 0.0059 0.0000 0.9754 0.0012 0.0027 
131      131   (0)     10 :  0.0357 0.0147 0.0096 0.0389 0.0000 0.8550 0.0215 0.0247 
132      132   (0)     10 :  0.0571 0.0065 0.0456 0.0311 0.0000 0.8092 0.0122 0.0382 
133      133   (0)     10 :  0.0224 0.0300 0.0324 0.0453 0.0104 0.8262 0.0286 0.0046 
134      134   (0)     10 :  0.0442 0.0346 0.0327 0.0423 0.0087 0.8256 0.0120 0.0000 
135      135   (0)     10 :  0.0367 0.0318 0.0031 0.0790 0.0000 0.8306 0.0093 0.0096 
136      136   (0)     10 :  0.0133 0.0412 0.0012 0.0297 0.0000 0.9033 0.0096 0.0018 
137      137   (0)     11 :  0.0890 0.0000 0.0023 0.0000 0.7844 0.0000 0.1243 0.0000 
138      138   (0)     12 :  0.0609 0.0298 0.1237 0.0316 0.0019 0.6283 0.0206 0.1031 
139      139   (0)     12 :  0.0955 0.0057 0.3714 0.0018 0.1452 0.2899 0.0879 0.0026 
140      140   (0)     12 :  0.0486 0.0000 0.0174 0.0000 0.0000 0.0000 0.0219 0.9122 
141      141   (0)     12 :  0.0841 0.2013 0.6712 0.0110 0.0000 0.0203 0.0000 0.0121 
142      142   (0)     12 :  0.0546 0.0452 0.0144 0.0319 0.0000 0.8056 0.0138 0.0346 
143      143   (0)     12 :  0.1277 0.0084 0.5510 0.0003 0.0118 0.2588 0.0314 0.0106 
144      144   (0)     12 :  0.1240 0.0219 0.0415 0.0023 0.0003 0.7426 0.0065 0.0610 
145      145   (0)     12 :  0.0000 0.0264 0.0228 0.0135 0.0000 0.3403 0.0295 0.5675 
146      146   (0)     13 :  0.0000 0.0000 0.0042 0.0000 0.9090 0.0000 0.0868 0.0000 
147      147   (0)     13 :  0.0000 0.0000 0.0118 0.0000 0.8318 0.0000 0.1564 0.0000 
148      148   (0)     13 :  0.0000 0.0000 0.0000 0.0000 0.8214 0.0000 0.1786 0.0000 
149      149   (0)     13 :  0.0000 0.0000 0.0200 0.0000 0.7821 0.0000 0.1979 0.0000 
150      150   (0)     13 :  0.0000 0.0000 0.0102 0.0000 0.9387 0.0000 0.0511 0.0000 
151      151   (0)     14 :  0.0000 0.0000 0.0046 0.0000 0.8985 0.0000 0.0969 0.0000 
152      152   (0)     14 :  0.0000 0.0308 0.0048 0.0337 0.0000 0.8897 0.0229 0.0181 
153      153   (0)     15 :  0.0572 0.0005 0.8057 0.0043 0.0247 0.0744 0.0331 0.0001 
154      154   (0)     15 :  0.0010 0.0000 0.0221 0.0000 0.7782 0.0000 0.1986 0.0000 
155      155   (0)     16 :  0.0392 0.0288 0.0327 0.0362 0.0000 0.8498 0.0100 0.0034 
156      156   (0)     16 :  0.0129 0.0868 0.0051 0.0482 0.0000 0.7987 0.0164 0.0319 
157      157   (0)     17 :  0.1629 0.0162 0.7089 0.0071 0.0199 0.0412 0.0230 0.0209 
158      158   (0)     17 :  0.0037 0.0000 0.0800 0.0000 0.0000 0.0000 0.1000 0.8163 
159      159   (0)     18 :  0.0144 0.0204 0.0144 0.0183 0.0000 0.9196 0.0129 0.0000 
160      160   (0)     18 :  0.0000 0.0644 0.0023 0.0265 0.0000 0.8945 0.0115 0.0007 
161      161   (0)     18 :  0.0000 0.0631 0.0037 0.0327 0.0000 0.8811 0.0188 0.0006 
162      162   (0)     19 :  0.0382 0.0421 0.0563 0.0625 0.0000 0.7695 0.0312 0.0001 
163      163   (0)     19 :  0.2007 0.0282 0.1875 0.0909 0.1066 0.3287 0.0478 0.0097 
164      164   (0)     19 :  0.0000 0.0323 0.0044 0.2524 0.0000 0.6472 0.0134 0.0504 
