1        1   (0)      1  : 0.0000 0.9345 0.0000 0.0109 0.0000 0.0000 0.0000 0.0547
2        2   (0)      1  : 0.0000 0.7052 0.0459 0.0984 0.0000 0.0000 0.1032 0.0473
3        3   (0)      1  : 0.0000 0.0000 0.0000 0.9444 0.0000 0.0000 0.0556 0.0000
4        4   (0)      1  : 0.0000 0.3440 0.0000 0.6005 0.0000 0.0000 0.0556 0.0000
5        5   (0)      1  : 0.0000 0.9592 0.0000 0.0055 0.0000 0.0000 0.0022 0.0331
6        6   (0)      1  : 0.0000 0.0000 0.0000 0.9444 0.0000 0.0000 0.0556 0.0000
7        7   (0)      2  : 0.0000 0.8868 0.0000 0.0021 0.0000 0.0000 0.0000 0.1111
8        8   (0)      2  : 0.0000 0.0000 0.0000 0.8889 0.0000 0.0000 0.1111 0.0000
9        9   (0)      2  : 0.0166 0.8230 0.0059 0.0271 0.0197 0.0232 0.0412 0.0433
10       10   (0)      2  : 0.0000 0.8734 0.0000 0.0000 0.0000 0.0000 0.0000 0.1266
11       11   (0)      2  : 0.0000 0.0000 0.0000 1.0000 0.0000 0.0000 0.0000 0.0000
12       12   (0)      2  : 0.0000 0.3589 0.0000 0.5344 0.0000 0.0000 0.0000 0.1067
13       13   (0)      2  : 0.0000 0.0000 0.0357 0.7574 0.0000 0.0000 0.2069 0.0000
14       14   (0)      3  : 0.1260 0.0000 0.0000 0.0000 0.5829 0.1675 0.0000 0.1236
15       15   (0)      3  : 0.3385 0.0000 0.0000 0.0000 0.1662 0.3472 0.0140 0.1341
16       16   (0)      3  : 0.2114 0.0000 0.0000 0.0000 0.1250 0.5724 0.0556 0.0357
17       17   (0)      3  : 0.2078 0.0000 0.0000 0.0000 0.2870 0.3389 0.0555 0.1109
18       18   (0)      3  : 0.0710 0.0000 0.0000 0.0000 0.0000 0.9187 0.0000 0.0103
19       19   (0)      3  : 0.2477 0.0000 0.0000 0.0000 0.1046 0.6153 0.0294 0.0029
20       20   (0)      3  : 0.1641 0.0000 0.0352 0.0000 0.2041 0.2478 0.1900 0.1587
21       21   (0)      3  : 0.5242 0.0000 0.0000 0.0000 0.1169 0.3476 0.0000 0.0113
22       22   (0)      3  : 0.4901 0.0000 0.0000 0.0000 0.1236 0.1640 0.0000 0.2222
23       23   (0)      3  : 0.6157 0.0000 0.0000 0.0000 0.1341 0.1273 0.0000 0.1229
24       24   (0)      3  : 0.1534 0.0000 0.0000 0.0000 0.1597 0.5202 0.0000 0.1667
25       25   (0)      3  : 0.0000 0.0000 0.3333 0.0000 0.0000 0.0000 0.6667 0.0000
26       26   (0)      4  : 0.0000 0.8889 0.0000 0.0000 0.0000 0.0000 0.0000 0.1111
27       27   (0)      4  : 0.3153 0.0000 0.0000 0.0000 0.2879 0.3204 0.0000 0.0764
28       28   (0)      4  : 0.5378 0.0000 0.0000 0.0000 0.1070 0.3475 0.0000 0.0077
29       29   (0)      4  : 0.0000 0.9444 0.0000 0.0000 0.0000 0.0000 0.0000 0.0556
30       30   (0)      4  : 0.3381 0.0000 0.0000 0.0000 0.4381 0.0875 0.0227 0.1136
31       31   (0)      4  : 0.4730 0.0000 0.0000 0.0000 0.2001 0.2158 0.0556 0.0556
32       32   (0)      4  : 0.1267 0.4540 0.0000 0.0201 0.1418 0.1417 0.0221 0.0936
33       33   (0)      4  : 0.2071 0.0000 0.0000 0.0000 0.3558 0.2168 0.0556 0.1648
34       34   (0)      4  : 0.1289 0.0000 0.0000 0.0000 0.3337 0.2343 0.1111 0.1920
35       35   (0)      4  : 0.3279 0.0000 0.0000 0.0000 0.5906 0.0260 0.0000 0.0556
36       36   (0)      4  : 0.2336 0.0000 0.0000 0.0000 0.4232 0.2722 0.0556 0.0155
37       37   (0)      4  : 0.3960 0.0000 0.0000 0.0000 0.2658 0.3147 0.0235 0.0000
38       38   (0)      4  : 0.5519 0.0000 0.0000 0.0000 0.1626 0.2855 0.0000 0.0000
39       39   (0)      4  : 0.0000 0.8541 0.0000 0.0035 0.0000 0.0000 0.0000 0.1424
40       40   (0)      5  : 0.0595 0.0000 0.0000 0.0000 0.6991 0.2414 0.0000 0.0000
41       41   (0)      5  : 0.2749 0.0000 0.0000 0.0000 0.0000 0.7100 0.0000 0.0151
42       42   (0)      5  : 0.1218 0.0000 0.0000 0.0000 0.1558 0.6234 0.0150 0.0840
43       43   (0)      5  : 0.0000 0.9547 0.0000 0.0000 0.0000 0.0000 0.0000 0.0453
44       44   (0)      5  : 0.3209 0.0000 0.0000 0.0000 0.1352 0.4160 0.0000 0.1280
45       45   (0)      5  : 0.1923 0.0000 0.0000 0.0000 0.3057 0.4237 0.0000 0.0784
46       46   (0)      5  : 0.5272 0.0000 0.0000 0.0000 0.0926 0.1322 0.0000 0.2481
47       47   (0)      5  : 0.6507 0.0000 0.0000 0.0000 0.0000 0.2382 0.0556 0.0556
48       48   (0)      5  : 0.1597 0.0000 0.0000 0.0000 0.3487 0.1793 0.0265 0.2858
49       49   (0)      5  : 0.0000 0.9444 0.0000 0.0000 0.0000 0.0000 0.0000 0.0556
50       50   (0)      5  : 0.2415 0.0000 0.0000 0.0000 0.1343 0.4535 0.0101 0.1607
51       51   (0)      5  : 0.0000 1.0000 0.0000 0.0000 0.0000 0.0000 0.0000 0.0000
52       52   (0)      5  : 0.0000 0.9414 0.0000 0.0030 0.0000 0.0000 0.0000 0.0556
53       53   (0)      6  : 0.0000 0.9427 0.0000 0.0018 0.0000 0.0000 0.0000 0.0556
54       54   (0)      6  : 0.3628 0.0000 0.0000 0.0000 0.1791 0.4026 0.0556 0.0000
55       55   (0)      6  : 0.0000 0.8309 0.0242 0.0618 0.0000 0.0000 0.0692 0.0138
56       56   (0)      6  : 0.0000 0.0000 1.0000 0.0000 0.0000 0.0000 0.0000 0.0000
57       57   (0)      6  : 0.0000 0.0000 0.8889 0.0000 0.0000 0.0000 0.1111 0.0000
58       58   (0)      6  : 0.0000 0.0000 1.0000 0.0000 0.0000 0.0000 0.0000 0.0000
59       59   (0)      6  : 0.0425 0.0000 0.0298 0.0000 0.3831 0.0938 0.1315 0.3193
60       60   (0)      6  : 0.3624 0.0000 0.0000 0.0000 0.4494 0.0881 0.0535 0.0466
61       61   (0)      6  : 0.3912 0.0000 0.0000 0.0000 0.0930 0.3288 0.0203 0.1667
62       62   (0)      6  : 0.1128 0.0000 0.0000 0.0000 0.1217 0.7145 0.0249 0.0261
63       63   (0)      6  : 0.0028 0.7799 0.1383 0.0123 0.0030 0.0079 0.0118 0.0440
64       64   (0)      7  : 0.0000 0.9699 0.0000 0.0000 0.0000 0.0000 0.0000 0.0301
65       65   (0)      7  : 0.0000 1.0000 0.0000 0.0000 0.0000 0.0000 0.0000 0.0000
66       66   (0)      7  : 0.0000 0.9556 0.0133 0.0000 0.0000 0.0000 0.0161 0.0150
67       67   (0)      7  : 0.0000 0.8630 0.0091 0.0579 0.0000 0.0000 0.0438 0.0262
68       68   (0)      8  : 0.2890 0.0000 0.0747 0.0000 0.2581 0.1123 0.0556 0.2104
69       69   (0)      8  : 0.2492 0.0097 0.0992 0.0000 0.1362 0.2117 0.1673 0.1267
70       70   (0)      8  : 0.0921 0.0000 0.0000 0.0000 0.5096 0.1111 0.0556 0.2317
71       71   (0)      8  : 0.0665 0.0000 0.0135 0.0000 0.2706 0.2042 0.0368 0.4084
72       72   (0)      8  : 0.0363 0.0000 0.0637 0.0000 0.3670 0.0593 0.0824 0.3914
73       73   (0)      8  : 0.0000 0.0000 1.0000 0.0000 0.0000 0.0000 0.0000 0.0000
74       74   (0)      9  : 0.0063 0.7371 0.1284 0.0381 0.0033 0.0076 0.0552 0.0240
75       75   (0)      9  : 0.0000 0.8374 0.0687 0.0016 0.0090 0.0023 0.0327 0.0482
76       76   (0)     10  : 0.0000 0.9399 0.0000 0.0046 0.0000 0.0000 0.0000 0.0556
77       77   (0)     11  : 0.0000 0.9433 0.0000 0.0012 0.0000 0.0000 0.0000 0.0556
78       78   (0)     12  : 0.0000 0.9196 0.0000 0.0000 0.0000 0.0000 0.0000 0.0804
79       79   (0)     13  : 0.0415 0.0000 0.2539 0.0000 0.0000 0.0893 0.6153 0.0000
80       80   (0)     13  : 0.1256 0.0000 0.0000 0.0000 0.7713 0.0226 0.0000 0.0806
