1        1   (0)      1  : 0.0000 0.9938 0.0000 0.0000 0.0000 0.0000 0.0000 0.0000 0.0000 0.0000 0.0000 0.0000 0.0000 0.0000 0.0062 0.0000 0.0000
2        2   (0)      2  : 0.0000 0.0000 0.0000 0.0000 0.0000 0.8333 0.0000 0.0000 0.0000 0.0000 0.0000 0.0000 0.0000 0.0000 0.0000 0.1667 0.0000
3        3   (0)      2  : 0.0000 0.0000 0.0000 0.0000 0.0000 0.0000 0.0000 0.0000 0.0000 0.0000 0.0000 0.0000 1.0000 0.0000 0.0000 0.0000 0.0000
4        4   (0)      3  : 0.0000 0.0000 0.0000 0.0000 0.0000 0.0000 0.0000 0.0000 1.0000 0.0000 0.0000 0.0000 0.0000 0.0000 0.0000 0.0000 0.0000
5        5   (0)      3  : 0.0000 0.0000 0.0000 0.0000 0.0000 0.0000 0.0000 0.0000 1.0000 0.0000 0.0000 0.0000 0.0000 0.0000 0.0000 0.0000 0.0000
6        6   (0)      3  : 0.0860 0.0000 0.0000 0.0000 0.0000 0.0000 0.0000 0.0000 0.0123 0.0109 0.0000 0.0000 0.0000 0.8908 0.0000 0.0000 0.0001
7        7   (0)      3  : 0.0000 0.0000 0.0000 0.7875 0.0000 0.1359 0.0000 0.0000 0.0000 0.0451 0.0058 0.0000 0.0000 0.0000 0.0000 0.0256 0.0000
8        8   (0)      3  : 0.0389 0.0000 0.0000 0.0000 0.0000 0.0000 0.0000 0.0000 0.6667 0.0000 0.0000 0.0326 0.0000 0.0690 0.0000 0.0262 0.1667
9        9   (0)      3  : 0.0000 0.0000 0.0000 0.0000 0.0000 0.0000 0.0000 0.0000 0.0840 0.0000 0.0000 0.0000 0.4160 0.5000 0.0000 0.0000 0.0000
10       10   (0)      4  : 0.1667 0.0000 0.0000 0.0000 0.0000 0.0000 0.0000 0.0000 0.0000 0.0000 0.0000 0.0000 0.1667 0.6667 0.0000 0.0000 0.0000
11       11   (0)      4  : 0.0797 0.0000 0.0000 0.0000 0.0000 0.0000 0.3351 0.0000 0.0000 0.0000 0.0000 0.0170 0.1394 0.0000 0.0000 0.0773 0.3516
12       12   (0)      4  : 0.7572 0.0000 0.0000 0.0000 0.0000 0.0000 0.0000 0.0000 0.0000 0.0000 0.0000 0.0000 0.2428 0.0000 0.0000 0.0000 0.0000
13       13   (0)      4  : 0.2954 0.0000 0.0000 0.0000 0.0000 0.0000 0.0031 0.0000 0.0000 0.0000 0.0000 0.4922 0.0000 0.2093 0.0000 0.0000 0.0000
14       14   (0)      5  : 0.0000 0.0000 0.5991 0.0000 0.0000 0.0000 0.0000 0.0000 0.0000 0.0000 0.1667 0.0000 0.0000 0.0000 0.1667 0.0000 0.0675
15       15   (0)      5  : 0.0000 0.0000 0.0000 1.0000 0.0000 0.0000 0.0000 0.0000 0.0000 0.0000 0.0000 0.0000 0.0000 0.0000 0.0000 0.0000 0.0000
16       16   (0)      5  : 0.0000 0.0000 0.0000 0.0000 0.0000 1.0000 0.0000 0.0000 0.0000 0.0000 0.0000 0.0000 0.0000 0.0000 0.0000 0.0000 0.0000
17       17   (0)      5  : 0.0000 0.0000 0.0000 0.0000 0.0000 0.0000 1.0000 0.0000 0.0000 0.0000 0.0000 0.0000 0.0000 0.0000 0.0000 0.0000 0.0000
18       18   (0)      5  : 0.0000 0.0000 0.0000 0.0000 0.0000 0.0000 0.0000 0.0000 0.0000 0.0000 0.0000 1.0000 0.0000 0.0000 0.0000 0.0000 0.0000
19       19   (0)      5  : 0.0000 0.0000 0.0000 0.0000 0.0000 0.0000 1.0000 0.0000 0.0000 0.0000 0.0000 0.0000 0.0000 0.0000 0.0000 0.0000 0.0000
20       20   (0)      5  : 0.0619 0.0000 0.0000 0.0000 0.0000 0.0000 0.0000 0.0000 0.0645 0.0000 0.0000 0.0000 0.8222 0.0000 0.0000 0.0000 0.0514
21       21   (0)      5  : 0.0000 0.0000 0.0000 0.0000 0.0000 0.0000 0.0000 0.0000 0.0000 0.0000 0.0000 0.8457 0.0603 0.0939 0.0000 0.0000 0.0000
22       22   (0)      5  : 0.0000 0.0000 0.0000 0.0000 0.0000 0.0000 1.0000 0.0000 0.0000 0.0000 0.0000 0.0000 0.0000 0.0000 0.0000 0.0000 0.0000
23       23   (0)      5  : 0.1667 0.0000 0.0000 0.0000 0.0000 0.0000 0.0000 0.0000 0.0000 0.0000 0.0000 0.0000 0.8333 0.0000 0.0000 0.0000 0.0000
24       24   (0)      5  : 0.0000 0.0000 0.0000 1.0000 0.0000 0.0000 0.0000 0.0000 0.0000 0.0000 0.0000 0.0000 0.0000 0.0000 0.0000 0.0000 0.0000
25       25   (0)      5  : 0.0000 0.0000 0.9177 0.0000 0.0000 0.0000 0.0000 0.0000 0.0000 0.0000 0.0000 0.0000 0.0000 0.0000 0.0000 0.0000 0.0823
26       26   (0)      5  : 0.0544 0.0000 0.0000 0.0000 0.0000 0.0000 0.0000 0.0000 0.0265 0.0000 0.0000 0.5932 0.3259 0.0000 0.0000 0.0000 0.0000
27       27   (0)      5  : 0.0000 0.0000 0.0000 1.0000 0.0000 0.0000 0.0000 0.0000 0.0000 0.0000 0.0000 0.0000 0.0000 0.0000 0.0000 0.0000 0.0000
28       28   (0)      5  : 0.0000 0.0000 0.0000 0.7371 0.0000 0.0000 0.0000 0.0000 0.0000 0.2183 0.0000 0.0000 0.0000 0.0000 0.0446 0.0000 0.0000
29       29   (0)      6  : 0.0000 1.0000 0.0000 0.0000 0.0000 0.0000 0.0000 0.0000 0.0000 0.0000 0.0000 0.0000 0.0000 0.0000 0.0000 0.0000 0.0000
30       30   (0)      6  : 0.0000 0.0000 0.0000 0.0000 0.7587 0.0000 0.0000 0.0000 0.0000 0.0000 0.0000 0.0000 0.0000 0.0000 0.0000 0.2413 0.0000
31       31   (0)      6  : 0.0000 0.0000 0.0000 0.0000 0.0000 0.0000 0.0000 0.0000 0.0000 0.0000 0.0000 0.0000 0.5000 0.3333 0.0000 0.1667 0.0000
32       32   (0)      6  : 0.3333 0.0000 0.0000 0.0000 0.0000 0.0000 0.0000 0.0000 0.5000 0.0000 0.0000 0.0000 0.0000 0.1667 0.0000 0.0000 0.0000
33       33   (0)      6  : 0.0000 0.0000 0.0000 0.0000 0.0000 0.0000 0.0000 1.0000 0.0000 0.0000 0.0000 0.0000 0.0000 0.0000 0.0000 0.0000 0.0000
34       34   (0)      6  : 0.0000 0.0000 0.3643 0.0000 0.0000 0.0000 0.0000 0.0000 0.0000 0.0000 0.4691 0.0000 0.0000 0.0000 0.0000 0.0000 0.1667
35       35   (0)      6  : 0.0000 1.0000 0.0000 0.0000 0.0000 0.0000 0.0000 0.0000 0.0000 0.0000 0.0000 0.0000 0.0000 0.0000 0.0000 0.0000 0.0000
36       36   (0)      6  : 0.0000 1.0000 0.0000 0.0000 0.0000 0.0000 0.0000 0.0000 0.0000 0.0000 0.0000 0.0000 0.0000 0.0000 0.0000 0.0000 0.0000
37       37   (0)      7  : 0.0000 0.0000 0.0000 0.0000 1.0000 0.0000 0.0000 0.0000 0.0000 0.0000 0.0000 0.0000 0.0000 0.0000 0.0000 0.0000 0.0000
38       38   (0)      7  : 0.0000 0.0000 0.0000 0.0000 0.0000 0.0000 0.8333 0.0000 0.0000 0.0000 0.0000 0.0000 0.0000 0.0000 0.0000 0.0000 0.1667
39       39   (0)      7  : 0.0000 0.0000 0.5240 0.0000 0.0000 0.0000 0.0000 0.0000 0.0000 0.0000 0.4760 0.0000 0.0000 0.0000 0.0000 0.0000 0.0000
40       40   (0)      7  : 0.0000 0.0000 0.6943 0.0000 0.0000 0.0000 0.0000 0.0000 0.0000 0.0000 0.3057 0.0000 0.0000 0.0000 0.0000 0.0000 0.0000
41       41   (0)      7  : 0.0000 0.0000 0.0000 0.0000 0.0000 0.0000 1.0000 0.0000 0.0000 0.0000 0.0000 0.0000 0.0000 0.0000 0.0000 0.0000 0.0000
42       42   (0)      7  : 0.0000 0.0000 0.4114 0.0000 0.0000 0.0000 0.0000 0.0000 0.0000 0.0000 0.4220 0.0000 0.0000 0.0000 0.1667 0.0000 0.0000
43       43   (0)      7  : 0.0000 0.0000 0.0000 0.0000 0.0000 0.0000 0.7525 0.0000 0.0000 0.0000 0.0000 0.0000 0.0000 0.0000 0.0000 0.0000 0.2475
44       44   (0)      7  : 0.0000 0.0000 0.0000 0.0000 0.0000 0.8333 0.0000 0.0000 0.0000 0.0000 0.0000 0.0000 0.0000 0.0000 0.0000 0.1667 0.0000
45       45   (0)      7  : 0.1667 0.0000 0.0000 0.0000 0.0000 0.0000 0.0000 0.0000 0.0000 0.0000 0.0000 0.0000 0.5677 0.0989 0.0000 0.1667 0.0000
46       46   (0)      7  : 0.0000 0.9885 0.0000 0.0000 0.0000 0.0000 0.0000 0.0000 0.0000 0.0000 0.0000 0.0000 0.0000 0.0000 0.0114 0.0000 0.0000
47       47   (0)      7  : 0.0326 0.0000 0.0000 0.0000 0.0000 0.0000 0.0000 0.0000 0.0000 0.0000 0.0000 0.8007 0.0000 0.1667 0.0000 0.0000 0.0000
48       48   (0)      7  : 0.0000 0.9432 0.0000 0.0000 0.0000 0.0000 0.0000 0.0456 0.0000 0.0000 0.0000 0.0000 0.0000 0.0000 0.0112 0.0000 0.0000
49       49   (0)      7  : 0.0000 0.0000 0.0000 0.0000 0.8333 0.0000 0.0000 0.0000 0.0000 0.0000 0.0000 0.0000 0.0000 0.0000 0.0000 0.1667 0.0000
50       50   (0)      7  : 0.0000 0.0000 0.0000 0.0000 0.0000 1.0000 0.0000 0.0000 0.0000 0.0000 0.0000 0.0000 0.0000 0.0000 0.0000 0.0000 0.0000
51       51   (0)      7  : 0.0000 0.0000 0.0000 0.0000 0.9477 0.0000 0.0000 0.0000 0.0000 0.0523 0.0000 0.0000 0.0000 0.0000 0.0000 0.0000 0.0000
52       52   (0)      7  : 0.0000 0.0000 0.0000 1.0000 0.0000 0.0000 0.0000 0.0000 0.0000 0.0000 0.0000 0.0000 0.0000 0.0000 0.0000 0.0000 0.0000
53       53   (0)      7  : 0.1301 0.0000 0.0000 0.0000 0.0000 0.0000 0.0000 0.0000 0.0000 0.0000 0.0000 0.3130 0.3760 0.1809 0.0000 0.0000 0.0000
54       54   (0)      7  : 0.0265 0.0000 0.0000 0.0000 0.0000 0.0000 0.0000 0.0000 0.0000 0.0000 0.0000 0.4291 0.3864 0.0864 0.0000 0.0716 0.0000
55       55   (0)      7  : 0.3024 0.0000 0.0000 0.0000 0.0000 0.0000 0.0000 0.0000 0.0000 0.0000 0.0000 0.5232 0.1744 0.0000 0.0000 0.0000 0.0000
56       56   (0)      7  : 0.3691 0.0000 0.0000 0.0000 0.0000 0.0000 0.0000 0.0000 0.0000 0.0000 0.0000 0.4340 0.1969 0.0000 0.0000 0.0000 0.0000
57       57   (0)      8  : 0.0000 0.0000 0.5643 0.0000 0.0000 0.0000 0.0000 0.0000 0.0000 0.0000 0.3799 0.0000 0.0000 0.0000 0.0000 0.0000 0.0558
58       58   (0)      8  : 0.0000 0.0000 0.0000 1.0000 0.0000 0.0000 0.0000 0.0000 0.0000 0.0000 0.0000 0.0000 0.0000 0.0000 0.0000 0.0000 0.0000
59       59   (0)      8  : 0.0358 0.0000 0.0000 0.0000 0.0000 0.0000 0.0000 0.0000 0.0000 0.0000 0.0000 0.8475 0.0664 0.0502 0.0000 0.0000 0.0000
60       60   (0)      8  : 0.0000 0.0000 0.7111 0.0000 0.0000 0.0000 0.0000 0.0000 0.0000 0.0000 0.2889 0.0000 0.0000 0.0000 0.0000 0.0000 0.0000
61       61   (0)      8  : 0.0000 0.0000 0.0000 0.0000 0.0000 0.0000 0.0000 0.0000 0.0000 0.0000 1.0000 0.0000 0.0000 0.0000 0.0000 0.0000 0.0000
62       62   (0)      8  : 0.0000 0.0000 0.0000 0.0000 0.6667 0.0000 0.0000 0.0000 0.0000 0.1667 0.0000 0.0000 0.0000 0.0000 0.0000 0.1667 0.0000
63       63   (0)      8  : 0.0000 0.0000 0.2722 0.0000 0.0000 0.0000 0.0000 0.0000 0.0000 0.0000 0.7278 0.0000 0.0000 0.0000 0.0000 0.0000 0.0000
64       64   (0)      8  : 0.1667 0.0000 0.0000 0.0000 0.0000 0.0000 0.0000 0.0000 0.2102 0.0000 0.0000 0.1326 0.2569 0.0670 0.0000 0.0000 0.1667
65       65   (0)      8  : 0.0000 1.0000 0.0000 0.0000 0.0000 0.0000 0.0000 0.0000 0.0000 0.0000 0.0000 0.0000 0.0000 0.0000 0.0000 0.0000 0.0000
66       66   (0)      8  : 0.0000 0.0000 0.0000 0.0000 0.0000 0.0000 0.0000 0.0000 0.3333 0.0000 0.0000 0.2577 0.0755 0.3334 0.0000 0.0000 0.0000
67       67   (0)      8  : 0.0000 0.0000 0.0000 0.0000 0.0000 0.0000 0.0000 0.0000 0.0000 0.0000 0.0000 0.0000 0.0000 1.0000 0.0000 0.0000 0.0000
68       68   (0)      8  : 0.0000 0.0000 0.0000 0.0000 0.0000 0.0000 0.0000 0.0000 0.0000 0.0000 0.0000 1.0000 0.0000 0.0000 0.0000 0.0000 0.0000
69       69   (0)      8  : 0.0000 1.0000 0.0000 0.0000 0.0000 0.0000 0.0000 0.0000 0.0000 0.0000 0.0000 0.0000 0.0000 0.0000 0.0000 0.0000 0.0000
70       70   (0)      8  : 0.0000 0.0000 0.9121 0.0000 0.0000 0.0000 0.0000 0.0000 0.0000 0.0000 0.0879 0.0000 0.0000 0.0000 0.0000 0.0000 0.0000
71       71   (0)      8  : 0.0000 1.0000 0.0000 0.0000 0.0000 0.0000 0.0000 0.0000 0.0000 0.0000 0.0000 0.0000 0.0000 0.0000 0.0000 0.0000 0.0000
72       72   (0)      8  : 0.0000 0.0000 0.0000 0.0000 1.0000 0.0000 0.0000 0.0000 0.0000 0.0000 0.0000 0.0000 0.0000 0.0000 0.0000 0.0000 0.0000
73       73   (0)      8  : 0.0000 0.0000 0.0000 0.0000 0.0000 0.0000 0.8150 0.0000 0.0000 0.0000 0.0000 0.1146 0.0000 0.0369 0.0000 0.0000 0.0334
74       74   (0)      8  : 0.5000 0.0000 0.0000 0.0000 0.0000 0.0000 0.0000 0.0000 0.0000 0.0000 0.0000 0.4023 0.0977 0.0000 0.0000 0.0000 0.0000
75       75   (0)      8  : 0.1667 0.0000 0.0000 0.0000 0.0000 0.0000 0.0000 0.0000 0.0000 0.0000 0.0000 0.8333 0.0000 0.0000 0.0000 0.0000 0.0000
76       76   (0)      8  : 0.0000 0.9361 0.0000 0.0000 0.0000 0.0000 0.0000 0.0529 0.0000 0.0000 0.0000 0.0000 0.0000 0.0000 0.0110 0.0000 0.0000
77       77   (0)      8  : 0.5000 0.0000 0.0000 0.0000 0.0000 0.0000 0.0000 0.0000 0.1667 0.0000 0.0000 0.2451 0.0000 0.0882 0.0000 0.0000 0.0000
78       78   (0)      9  : 0.0000 0.0000 0.5813 0.0000 0.0000 0.0000 0.0000 0.0000 0.0000 0.0000 0.0854 0.0000 0.0000 0.0000 0.0000 0.0000 0.3333
79       79   (0)      9  : 0.0000 0.0000 0.0000 0.0000 0.0000 0.0000 0.0000 0.0000 0.0000 0.0000 1.0000 0.0000 0.0000 0.0000 0.0000 0.0000 0.0000
80       80   (0)      9  : 0.0000 0.0000 0.0000 0.0000 1.0000 0.0000 0.0000 0.0000 0.0000 0.0000 0.0000 0.0000 0.0000 0.0000 0.0000 0.0000 0.0000
81       81   (0)      9  : 0.0000 0.0000 0.0565 0.0000 0.0000 0.0000 0.0000 0.0000 0.0000 0.0000 0.6102 0.0000 0.0000 0.0000 0.0000 0.0000 0.3333
82       82   (0)      9  : 0.0000 0.9812 0.0000 0.0000 0.0000 0.0000 0.0000 0.0000 0.0000 0.0000 0.0000 0.0000 0.0000 0.0000 0.0188 0.0000 0.0000
83       83   (0)      9  : 0.2386 0.0000 0.0000 0.0000 0.0000 0.0000 0.0000 0.0000 0.0948 0.0000 0.0000 0.0266 0.0590 0.5396 0.0000 0.0000 0.0414
84       84   (0)      9  : 0.0000 0.0000 0.0000 0.0000 0.0000 0.0000 0.0000 0.0000 0.0000 0.3333 0.0000 0.0000 0.0000 0.0000 0.6667 0.0000 0.0000
85       85   (0)      9  : 0.2781 0.0000 0.0000 0.0000 0.0000 0.0000 0.0000 0.0000 0.0000 0.0000 0.0000 0.3099 0.4120 0.0000 0.0000 0.0000 0.0000
86       86   (0)      9  : 0.0000 0.0000 0.0000 0.0000 0.0000 0.0000 0.0000 0.0000 0.0000 0.0000 0.0000 0.1255 0.2078 0.6667 0.0000 0.0000 0.0000
87       87   (0)      9  : 0.0001 0.0000 0.0000 0.0000 0.0000 0.0000 0.0000 0.0000 0.0000 0.0000 0.0000 0.4086 0.4535 0.1378 0.0000 0.0000 0.0000
88       88   (0)      9  : 0.0000 0.0000 0.4441 0.0000 0.0000 0.0000 0.0000 0.0000 0.0000 0.0000 0.5559 0.0000 0.0000 0.0000 0.0000 0.0000 0.0000
89       89   (0)      9  : 0.0000 0.0000 0.9635 0.0000 0.0000 0.0000 0.0000 0.0000 0.0000 0.0000 0.0000 0.0000 0.0000 0.0000 0.0000 0.0000 0.0365
90       90   (0)      9  : 0.0000 0.0000 0.0000 0.0000 0.0000 0.0000 0.2569 0.0000 0.0000 0.0000 0.0000 0.0000 0.5593 0.0584 0.0000 0.0726 0.0528
91       91   (0)      9  : 0.0000 0.0000 0.0000 0.0000 0.8333 0.0000 0.0000 0.0000 0.0000 0.0000 0.0000 0.0000 0.0000 0.0000 0.0000 0.1667 0.0000
92       92   (0)     10  : 0.0169 0.0000 0.2962 0.0000 0.0000 0.4186 0.0000 0.0000 0.0000 0.0000 0.0000 0.0000 0.0000 0.0000 0.0860 0.1667 0.0155
93       93   (0)     11  : 0.0000 0.0000 0.0000 0.0000 0.0000 0.5000 0.0000 0.0000 0.0000 0.0000 0.0000 0.0000 0.0000 0.0000 0.3333 0.1667 0.0000
94       94   (0)     11  : 0.0000 0.0000 0.0000 0.8157 0.0000 0.0000 0.0000 0.0000 0.0000 0.1396 0.0000 0.0000 0.0000 0.0000 0.0447 0.0000 0.0000
95       95   (0)     11  : 0.0000 0.0000 0.0000 0.0000 0.0000 0.0000 0.0000 0.0000 0.0000 0.8333 0.0000 0.0000 0.0000 0.0000 0.1667 0.0000 0.0000
96       96   (0)     12  : 0.0000 0.0000 0.0000 1.0000 0.0000 0.0000 0.0000 0.0000 0.0000 0.0000 0.0000 0.0000 0.0000 0.0000 0.0000 0.0000 0.0000
97       97   (0)     12  : 0.0000 0.0000 0.0000 1.0000 0.0000 0.0000 0.0000 0.0000 0.0000 0.0000 0.0000 0.0000 0.0000 0.0000 0.0000 0.0000 0.0000
98       98   (0)     12  : 0.0000 0.0000 0.0000 1.0000 0.0000 0.0000 0.0000 0.0000 0.0000 0.0000 0.0000 0.0000 0.0000 0.0000 0.0000 0.0000 0.0000
99       99   (0)     12  : 0.0000 0.0000 0.0000 1.0000 0.0000 0.0000 0.0000 0.0000 0.0000 0.0000 0.0000 0.0000 0.0000 0.0000 0.0000 0.0000 0.0000
100      100   (0)     12  : 0.0000 1.0000 0.0000 0.0000 0.0000 0.0000 0.0000 0.0000 0.0000 0.0000 0.0000 0.0000 0.0000 0.0000 0.0000 0.0000 0.0000
101      101   (0)     13  : 0.0000 1.0000 0.0000 0.0000 0.0000 0.0000 0.0000 0.0000 0.0000 0.0000 0.0000 0.0000 0.0000 0.0000 0.0000 0.0000 0.0000
102      102   (0)     13  : 0.0000 0.0000 0.0000 1.0000 0.0000 0.0000 0.0000 0.0000 0.0000 0.0000 0.0000 0.0000 0.0000 0.0000 0.0000 0.0000 0.0000
103      103   (0)     14  : 0.0000 0.0000 0.5651 0.0000 0.0000 0.0149 0.0000 0.0000 0.0000 0.0052 0.1428 0.0000 0.0000 0.0000 0.0000 0.2720 0.0000
104      104   (0)     14  : 0.0000 1.0000 0.0000 0.0000 0.0000 0.0000 0.0000 0.0000 0.0000 0.0000 0.0000 0.0000 0.0000 0.0000 0.0000 0.0000 0.0000
105      105   (0)     14  : 0.0000 0.7328 0.0000 0.0000 0.0000 0.1444 0.0000 0.0051 0.0000 0.0000 0.0000 0.0000 0.0000 0.0000 0.0000 0.1177 0.0000
106      106   (0)     14  : 0.0000 0.0000 0.0000 0.0000 0.0000 0.0000 0.0000 0.8333 0.0000 0.0000 0.0000 0.0000 0.0000 0.0000 0.1667 0.0000 0.0000
107      107   (0)     14  : 0.0000 0.0000 0.0000 0.0000 1.0000 0.0000 0.0000 0.0000 0.0000 0.0000 0.0000 0.0000 0.0000 0.0000 0.0000 0.0000 0.0000
108      108   (0)     15  : 0.0000 0.0000 0.0000 0.0000 0.0000 0.8333 0.0000 0.0000 0.0000 0.0000 0.0000 0.0000 0.0000 0.0000 0.0000 0.1667 0.0000
109      109   (0)     15  : 0.0000 0.5022 0.0000 0.0000 0.0000 0.0000 0.0000 0.4157 0.0000 0.0000 0.0000 0.0000 0.0000 0.0000 0.0822 0.0000 0.0000
110      110   (0)     15  : 0.0000 1.0000 0.0000 0.0000 0.0000 0.0000 0.0000 0.0000 0.0000 0.0000 0.0000 0.0000 0.0000 0.0000 0.0000 0.0000 0.0000
111      111   (0)     15  : 0.1667 0.0000 0.0000 0.0000 0.0000 0.0000 0.0000 0.0000 0.0000 0.0000 0.0000 0.0603 0.4397 0.1667 0.0000 0.1667 0.0000
112      112   (0)     15  : 0.0000 0.0000 0.2787 0.0646 0.0000 0.0323 0.0000 0.0000 0.0000 0.0000 0.1090 0.0000 0.0000 0.0000 0.0077 0.5078 0.0000
113      113   (0)     15  : 0.0000 0.9580 0.0000 0.0054 0.0000 0.0000 0.0000 0.0268 0.0000 0.0000 0.0000 0.0000 0.0000 0.0000 0.0098 0.0000 0.0000
114      114   (0)     15  : 0.0000 0.0000 0.0000 0.0000 0.0000 0.0000 0.0000 0.8333 0.0000 0.0000 0.0000 0.0000 0.0000 0.0000 0.1667 0.0000 0.0000
