  1        1   (0)      1 :  0.0000 0.0000 0.0000 0.0129 0.0992 0.0109 0.0000 0.0011 0.2131 0.0000 0.0313 0.0018 0.0110 0.0378 0.0000 0.0000 0.0000 0.5493 0.0000 0.0139 0.0177 
  2        2   (0)      1 :  0.0000 0.0031 0.0719 0.0000 0.0000 0.0005 0.0000 0.0000 0.8458 0.0660 0.0006 0.0000 0.0000 0.0000 0.0000 0.0000 0.0100 0.0022 0.0000 0.0000 0.0000 
  3        3   (0)      1 :  0.0000 0.0000 0.0000 0.0000 0.0000 0.0000 0.0000 0.0000 0.1603 0.0000 0.0000 0.0000 0.0000 0.0000 0.0000 0.0000 0.0000 0.8397 0.0000 0.0000 0.0000 
  4        4   (0)      1 :  0.0000 0.0000 0.0000 0.0000 0.0000 0.0000 0.0000 0.0000 1.0000 0.0000 0.0000 0.0000 0.0000 0.0000 0.0000 0.0000 0.0000 0.0000 0.0000 0.0000 0.0000 
  5        5   (0)      1 :  0.0000 0.1337 0.0038 0.0253 0.2596 0.0300 0.0859 0.0041 0.1607 0.0002 0.0824 0.0119 0.0338 0.0006 0.0000 0.0029 0.0000 0.0148 0.0000 0.1054 0.0447 
  6        6   (0)      1 :  0.0000 0.1000 0.0085 0.0179 0.2101 0.0184 0.0593 0.0005 0.0838 0.0003 0.1115 0.0453 0.0328 0.0003 0.0000 0.0020 0.0082 0.0077 0.0000 0.0959 0.1974 
  7        7   (0)      1 :  0.0000 0.0200 0.0000 0.0200 0.3839 0.0401 0.0000 0.0000 0.0002 0.0151 0.1397 0.0006 0.0600 0.0000 0.0000 0.0000 0.0010 0.0200 0.0000 0.2278 0.0717 
  8        8   (0)      1 :  0.0000 0.1056 0.0050 0.0189 0.2579 0.0182 0.0321 0.0000 0.2418 0.0000 0.0652 0.0130 0.0361 0.0000 0.0000 0.0021 0.0000 0.0155 0.0000 0.1328 0.0559 
  9        9   (0)      1 :  0.0000 0.0000 0.0000 0.0000 0.0000 0.0000 0.0000 0.0000 1.0000 0.0000 0.0000 0.0000 0.0000 0.0000 0.0000 0.0000 0.0000 0.0000 0.0000 0.0000 0.0000 
 10       10   (0)      1 :  0.0000 0.0006 0.0015 0.0000 0.2060 0.0850 0.0000 0.0201 0.0000 0.0007 0.3248 0.0484 0.0000 0.0080 0.0000 0.0000 0.0024 0.0200 0.0000 0.2068 0.0755 
 11       11   (0)      1 :  0.0000 0.0000 0.0022 0.0000 0.0326 0.0000 0.0000 0.0081 0.0000 0.0080 0.8745 0.0283 0.0061 0.0005 0.0000 0.0000 0.0009 0.0000 0.0000 0.0038 0.0350 
 12       12   (0)      1 :  0.0000 0.0000 0.0000 0.0000 0.0000 0.0000 0.0000 0.0000 0.0000 1.0000 0.0000 0.0000 0.0000 0.0000 0.0000 0.0000 0.0000 0.0000 0.0000 0.0000 0.0000 
 13       13   (0)      1 :  0.0000 0.0000 0.0001 0.0006 0.0747 0.0443 0.0000 0.0216 0.0000 0.0005 0.2637 0.1083 0.0319 0.0179 0.0000 0.0000 0.0129 0.0000 0.0000 0.2771 0.1465 
 14       14   (0)      1 :  0.0123 0.0844 0.0000 0.0000 0.0606 0.0360 0.0957 0.0000 0.0386 0.0682 0.2492 0.0194 0.0105 0.0000 0.0058 0.0062 0.0138 0.1357 0.0040 0.1432 0.0165 
 15       15   (0)      1 :  0.0000 0.9000 0.0000 0.0000 0.0000 0.0000 0.0199 0.0001 0.0000 0.0000 0.0000 0.0000 0.0200 0.0000 0.0000 0.0200 0.0000 0.0000 0.0000 0.0400 0.0000 
 16       16   (0)      1 :  0.0000 0.0000 0.0000 0.1600 0.0000 0.5000 0.0000 0.0000 0.0400 0.0000 0.0000 0.0000 0.0000 0.0000 0.0000 0.0000 0.0000 0.3000 0.0000 0.0000 0.0000 
 17       17   (0)      1 :  0.0000 0.0000 0.0000 0.1600 0.0000 0.5000 0.0000 0.0000 0.0400 0.0000 0.0000 0.0000 0.0000 0.0000 0.0000 0.0000 0.0000 0.3000 0.0000 0.0000 0.0000 
 18       18   (0)      1 :  0.0000 0.0000 0.0000 0.0000 0.0000 0.0000 0.0000 0.9800 0.0000 0.0000 0.0000 0.0000 0.0000 0.0000 0.0000 0.0000 0.0200 0.0000 0.0000 0.0000 0.0000 
 19       19   (0)      1 :  0.0000 0.0000 0.0106 0.0612 0.4828 0.0200 0.0000 0.0005 0.0014 0.0009 0.2194 0.0173 0.0400 0.0142 0.0000 0.0000 0.0154 0.0009 0.0000 0.0056 0.1098 
 20       20   (0)      1 :  0.0000 0.0000 0.0000 0.0583 0.3075 0.1600 0.0000 0.0205 0.0000 0.0003 0.1789 0.1142 0.0000 0.0017 0.0000 0.0000 0.0089 0.0000 0.0000 0.0598 0.0900 
 21       21   (0)      1 :  0.0000 0.0000 0.0000 0.0000 0.0000 0.0200 0.0000 0.0000 0.1546 0.0000 0.0000 0.0000 0.0000 0.0000 0.0000 0.0000 0.0000 0.8254 0.0000 0.0000 0.0000 
 22       22   (0)      1 :  0.0000 0.9400 0.0000 0.0000 0.0000 0.0000 0.0200 0.0000 0.0000 0.0000 0.0000 0.0000 0.0000 0.0000 0.0000 0.0200 0.0000 0.0000 0.0000 0.0200 0.0000 
 23       23   (0)      1 :  0.0000 0.0000 0.0075 0.0214 0.2687 0.0108 0.0000 0.0000 0.0022 0.0160 0.3307 0.0784 0.0401 0.0000 0.0000 0.0000 0.0014 0.0031 0.0000 0.0636 0.1560 
 24       24   (0)      2 :  0.0000 0.0000 0.0000 0.0183 0.0000 0.0533 0.0000 0.0000 0.1322 0.0000 0.0000 0.0000 0.0000 0.0000 0.0000 0.0000 0.0000 0.7963 0.0000 0.0000 0.0000 
 25       25   (0)      2 :  0.0000 0.0000 0.0000 0.0023 0.2788 0.0491 0.0000 0.0017 0.0000 0.0000 0.1660 0.2183 0.0308 0.0105 0.0000 0.0000 0.0000 0.0000 0.0000 0.0209 0.2216 
 26       26   (0)      2 :  0.0000 0.0000 0.0000 0.0139 0.0996 0.0613 0.0000 0.0057 0.1883 0.0000 0.0108 0.0395 0.0436 0.0000 0.0000 0.0000 0.0002 0.3561 0.0000 0.1539 0.0270 
 27       27   (0)      2 :  0.0000 0.0037 0.0221 0.0041 0.1945 0.0372 0.0000 0.0891 0.0031 0.0083 0.2158 0.0628 0.0262 0.0022 0.0000 0.0000 0.0034 0.0432 0.0000 0.0960 0.1882 
 28       28   (0)      2 :  0.0000 0.0236 0.0001 0.0064 0.0707 0.0266 0.0001 0.0001 0.0027 0.0000 0.1472 0.0693 0.0469 0.0015 0.0000 0.0000 0.0080 0.0196 0.0000 0.1196 0.4578 
 29       29   (0)      2 :  0.0000 0.0000 0.0295 0.0073 0.2505 0.0435 0.0000 0.0366 0.0008 0.0016 0.1534 0.1980 0.0511 0.0089 0.0000 0.0000 0.0085 0.0085 0.0000 0.0329 0.1689 
 30       30   (0)      2 :  0.3400 0.0000 0.0000 0.0000 0.0000 0.0200 0.0000 0.0000 0.0000 0.0000 0.0000 0.0000 0.2400 0.0000 0.1200 0.1069 0.0000 0.0000 0.1331 0.0400 0.0000 
 31       31   (0)      2 :  0.0000 0.0073 0.0003 0.0083 0.2114 0.0500 0.0052 0.0495 0.0013 0.0030 0.0990 0.1104 0.0280 0.0088 0.0000 0.0001 0.0068 0.0081 0.0000 0.1095 0.2929 
 32       32   (0)      2 :  0.0000 0.0000 0.0000 0.0000 0.0000 0.0000 0.0000 0.0000 0.1693 0.0000 0.0000 0.0000 0.0000 0.0000 0.0000 0.0000 0.0000 0.8285 0.0000 0.0022 0.0000 
 33       33   (0)      2 :  0.0000 0.0000 0.0000 0.0000 0.0000 0.0000 0.0000 0.9800 0.0000 0.0000 0.0000 0.0000 0.0000 0.0000 0.0000 0.0000 0.0200 0.0000 0.0000 0.0000 0.0000 
 34       34   (0)      2 :  0.0000 0.0000 0.0001 0.0068 0.0350 0.0000 0.0000 0.0003 0.0000 0.0000 0.8294 0.0234 0.0064 0.0003 0.0000 0.0000 0.0000 0.0000 0.0000 0.0175 0.0809 
 35       35   (0)      2 :  0.0000 0.0155 0.0156 0.0134 0.1090 0.0074 0.0003 0.0153 0.0056 0.0331 0.1255 0.0942 0.0430 0.0143 0.0000 0.0002 0.0307 0.0206 0.0000 0.0528 0.4036 
 36       36   (0)      2 :  0.0000 0.0000 0.0000 0.0000 0.0000 0.0000 0.0000 0.0000 0.9998 0.0000 0.0000 0.0000 0.0000 0.0002 0.0000 0.0000 0.0000 0.0000 0.0000 0.0000 0.0000 
 37       37   (0)      3 :  0.0000 0.0014 0.0123 0.0000 0.1530 0.0636 0.0000 0.0023 0.0000 0.0060 0.3792 0.0617 0.0300 0.0194 0.0000 0.0000 0.0047 0.0069 0.0000 0.1749 0.0845 
 38       38   (0)      3 :  0.0000 0.0000 0.0983 0.0000 0.0246 0.0021 0.0000 0.0007 0.0030 0.0000 0.0172 0.7892 0.0079 0.0000 0.0000 0.0000 0.0039 0.0000 0.0000 0.0127 0.0403 
 39       39   (0)      3 :  0.0000 0.0000 0.0151 0.0052 0.3334 0.0333 0.0000 0.0004 0.0000 0.0055 0.1567 0.0654 0.0284 0.0220 0.0000 0.0000 0.0000 0.0015 0.0000 0.0266 0.3064 
 40       40   (0)      3 :  0.0000 0.0000 0.0000 0.0808 0.3077 0.1603 0.0000 0.0200 0.0000 0.0027 0.1668 0.1212 0.0000 0.0000 0.0000 0.0000 0.0022 0.0001 0.0000 0.0611 0.0770 
 41       41   (0)      3 :  0.0000 0.0000 0.0157 0.0316 0.0972 0.0468 0.0000 0.0068 0.0000 0.0013 0.1929 0.0430 0.0554 0.0000 0.0000 0.0000 0.0000 0.0000 0.0000 0.0366 0.4728 
 42       42   (0)      4 :  0.0331 0.0000 0.0000 0.0000 0.0000 0.0441 0.0000 0.0000 0.0000 0.0000 0.0000 0.0000 0.1145 0.0000 0.2182 0.4088 0.0000 0.0000 0.1687 0.0127 0.0000 
 43       43   (0)      4 :  0.0000 0.0057 0.0062 0.0120 0.1759 0.0525 0.0005 0.0023 0.0000 0.0157 0.1920 0.0273 0.0785 0.0086 0.0002 0.0002 0.0060 0.0000 0.0000 0.1013 0.3151 
 44       44   (0)      4 :  0.0444 0.0000 0.0000 0.0000 0.0000 0.0000 0.0000 0.0000 0.0000 0.0000 0.0000 0.0000 0.0490 0.0000 0.7594 0.1000 0.0000 0.0000 0.0271 0.0200 0.0000 
 45       45   (0)      4 :  0.0602 0.0000 0.0000 0.0000 0.0000 0.0200 0.0000 0.0000 0.0000 0.0000 0.0000 0.0000 0.0112 0.0000 0.5925 0.1057 0.0000 0.0000 0.2067 0.0038 0.0000 
 46       46   (0)      4 :  0.0000 0.0019 0.0000 0.0155 0.1383 0.0311 0.0000 0.0012 0.0116 0.0000 0.1493 0.0304 0.0134 0.0032 0.0016 0.0001 0.0056 0.0091 0.0032 0.2988 0.2859 
 47       47   (0)      4 :  0.0000 0.0000 0.0000 0.0021 0.0562 0.0000 0.0000 0.0000 0.0000 0.0000 0.0624 0.0623 0.0000 0.0208 0.0000 0.0000 0.0117 0.0000 0.0000 0.0177 0.7668 
 48       48   (0)      4 :  0.0000 0.0025 0.0002 0.0000 0.0883 0.0423 0.0000 0.0132 0.0000 0.0126 0.1143 0.2211 0.0444 0.0091 0.0000 0.0000 0.0116 0.0048 0.0000 0.1757 0.2599 
 49       49   (0)      4 :  0.0000 0.0200 0.0000 0.0000 0.1736 0.0804 0.0000 0.0000 0.0001 0.0017 0.1922 0.0473 0.0150 0.0200 0.0000 0.0000 0.0000 0.0000 0.0000 0.2380 0.2117 
 50       50   (0)      4 :  0.0000 0.0000 0.0000 0.0000 0.0000 0.0000 0.0000 0.0000 0.0000 0.0000 0.0000 0.0000 0.0000 1.0000 0.0000 0.0000 0.0000 0.0000 0.0000 0.0000 0.0000 
 51       51   (0)      4 :  0.1102 0.0145 0.0000 0.0105 0.0390 0.0230 0.2837 0.0000 0.0000 0.0000 0.0520 0.0000 0.0650 0.1030 0.0665 0.0590 0.0002 0.0000 0.0396 0.0642 0.0696 
 52       52   (0)      4 :  0.0000 0.0200 0.0001 0.0000 0.1243 0.0342 0.0062 0.0095 0.0006 0.0000 0.1097 0.0492 0.0748 0.0011 0.0005 0.0000 0.0364 0.0000 0.0021 0.1657 0.3654 
 53       53   (0)      4 :  0.0000 0.0000 0.0022 0.0221 0.1729 0.0013 0.0000 0.0028 0.0000 0.0058 0.1406 0.1075 0.0092 0.0005 0.0000 0.0000 0.0000 0.0000 0.0000 0.0569 0.4782 
 54       54   (0)      4 :  0.0028 0.0068 0.0160 0.0081 0.1396 0.0261 0.0034 0.0000 0.0003 0.0000 0.0818 0.1128 0.0392 0.0222 0.0012 0.0117 0.0121 0.0038 0.0004 0.1440 0.3676 
 55       55   (0)      4 :  0.0000 0.0000 0.0000 0.0000 0.0000 0.0000 0.0000 0.0000 0.0000 0.0000 0.0000 0.0000 0.0000 1.0000 0.0000 0.0000 0.0000 0.0000 0.0000 0.0000 0.0000 
 56       56   (0)      4 :  0.1077 0.0000 0.0000 0.0000 0.0000 0.0400 0.0000 0.0000 0.0000 0.0000 0.0000 0.0000 0.1379 0.0000 0.1485 0.4638 0.0000 0.0000 0.0821 0.0200 0.0000 
 57       57   (0)      5 :  0.0000 0.0000 0.0000 0.0000 0.2392 0.0121 0.0000 0.0020 0.0001 0.0014 0.3406 0.0651 0.0337 0.0000 0.0000 0.0000 0.0007 0.0000 0.0000 0.0597 0.2452 
 58       58   (0)      5 :  0.0000 0.0000 0.0004 0.0153 0.2060 0.0200 0.0000 0.0465 0.0000 0.0000 0.0788 0.1410 0.0330 0.0007 0.0000 0.0000 0.0076 0.0019 0.0000 0.0875 0.3611 
 59       59   (0)      5 :  0.0692 0.0000 0.0000 0.0200 0.0103 0.0047 0.0000 0.0000 0.0000 0.0000 0.0000 0.0000 0.1153 0.0000 0.4641 0.2077 0.0000 0.0000 0.0887 0.0200 0.0000 
 60       60   (0)      5 :  0.0000 0.0000 0.0000 0.0287 0.1034 0.0064 0.0000 0.0003 0.0000 0.0186 0.3557 0.0441 0.0239 0.0000 0.0000 0.0000 0.0229 0.0000 0.0000 0.1508 0.2452 
 61       61   (0)      5 :  0.0875 0.0883 0.0784 0.0241 0.0298 0.0040 0.0343 0.0000 0.0000 0.0001 0.0764 0.0166 0.0636 0.0000 0.0886 0.2056 0.0000 0.0000 0.0475 0.0522 0.1029 
 62       62   (0)      5 :  0.1600 0.0000 0.0000 0.0000 0.0000 0.0000 0.0000 0.0000 0.0000 0.0000 0.0000 0.0000 0.0641 0.0000 0.1823 0.4810 0.0000 0.0000 0.1126 0.0000 0.0000 
 63       63   (0)      5 :  0.0384 0.0066 0.0122 0.0112 0.0937 0.0227 0.0353 0.0003 0.0169 0.0077 0.1331 0.0601 0.0505 0.0145 0.0286 0.0667 0.0037 0.0076 0.0202 0.1085 0.2615 
 64       64   (0)      5 :  0.0000 0.0000 0.0152 0.1220 0.0991 0.0006 0.0000 0.0002 0.0000 0.0217 0.2233 0.0616 0.0470 0.0000 0.0000 0.0000 0.0181 0.0045 0.0000 0.0928 0.2938 
 65       65   (0)      5 :  0.0000 0.0000 0.0000 0.0000 0.1426 0.0200 0.0000 0.0001 0.0000 0.0049 0.1791 0.0151 0.0930 0.0014 0.0000 0.0000 0.0000 0.0000 0.0000 0.1405 0.4033 
 66       66   (0)      5 :  0.0000 0.0000 0.0017 0.0232 0.0924 0.0429 0.0000 0.0000 0.0000 0.0000 0.2243 0.0849 0.0795 0.0040 0.0000 0.0000 0.0001 0.0006 0.0000 0.2041 0.2421 
 67       67   (0)      5 :  0.6548 0.0182 0.0000 0.0034 0.0059 0.0267 0.0201 0.0000 0.0000 0.0000 0.0185 0.0096 0.0161 0.0000 0.0385 0.0052 0.0000 0.0000 0.1322 0.0353 0.0154 
 68       68   (0)      5 :  0.2118 0.0000 0.0000 0.0000 0.0000 0.0000 0.0000 0.0000 0.0000 0.0000 0.0000 0.0000 0.0658 0.0000 0.3739 0.1421 0.0000 0.0000 0.2064 0.0000 0.0000 
 69       69   (0)      5 :  0.1874 0.0043 0.0341 0.0078 0.1126 0.0202 0.0012 0.0008 0.0122 0.0037 0.0375 0.2057 0.0251 0.0271 0.0093 0.0010 0.0030 0.0012 0.0383 0.0674 0.2000 
 70       70   (0)      5 :  0.8000 0.0000 0.0000 0.0000 0.0000 0.0000 0.0000 0.0000 0.0000 0.0000 0.0000 0.0000 0.0000 0.0000 0.0400 0.0000 0.0000 0.0000 0.1600 0.0000 0.0000 
 71       71   (0)      5 :  0.0502 0.0000 0.0000 0.0000 0.0000 0.0000 0.0000 0.0000 0.0000 0.0000 0.0000 0.0000 0.0285 0.0000 0.0394 0.0000 0.0000 0.0000 0.8819 0.0000 0.0000 
 72       72   (0)      5 :  0.0315 0.0000 0.0000 0.0274 0.0732 0.0228 0.0000 0.0033 0.0010 0.0223 0.0511 0.1732 0.0325 0.0020 0.0083 0.0079 0.0000 0.0037 0.0424 0.0905 0.4069 
 73       73   (0)      5 :  0.0000 0.0009 0.0000 0.0042 0.0652 0.0642 0.0000 0.0000 0.0001 0.0021 0.2882 0.2251 0.0645 0.0000 0.0000 0.0000 0.0282 0.0025 0.0000 0.1190 0.1358 
 74       74   (0)      5 :  0.0426 0.0000 0.0000 0.0076 0.0262 0.0000 0.0000 0.0000 0.0000 0.0000 0.0000 0.0000 0.1212 0.0000 0.2816 0.1702 0.0000 0.0000 0.3505 0.0000 0.0000 
 75       75   (0)      6 :  0.1531 0.0000 0.0000 0.0000 0.0200 0.0072 0.0000 0.0000 0.0000 0.0000 0.0000 0.0000 0.1694 0.0000 0.1856 0.2316 0.0000 0.0000 0.2129 0.0203 0.0000 
 76       76   (0)      6 :  0.0046 0.0186 0.0000 0.0043 0.1123 0.0452 0.0084 0.0072 0.0004 0.0046 0.1059 0.0248 0.0682 0.0014 0.0107 0.0064 0.0031 0.0096 0.0065 0.2036 0.3542 
 77       77   (0)      6 :  0.1789 0.0000 0.0000 0.0063 0.0033 0.0001 0.0000 0.0000 0.0000 0.0000 0.0000 0.0000 0.1419 0.0000 0.3588 0.1762 0.0000 0.0000 0.1131 0.0215 0.0000 
 78       78   (0)      6 :  0.0600 0.0000 0.0000 0.0000 0.0000 0.0200 0.0000 0.0000 0.0000 0.0000 0.0000 0.0000 0.1800 0.0000 0.1881 0.1647 0.0000 0.0000 0.3872 0.0000 0.0000 
 79       79   (0)      6 :  0.1196 0.0000 0.0000 0.0000 0.0000 0.0000 0.0000 0.0000 0.0000 0.0000 0.0000 0.0000 0.0772 0.0000 0.2096 0.3608 0.0000 0.0000 0.2263 0.0065 0.0000 
 80       80   (0)      6 :  0.0000 0.0006 0.0000 0.0000 0.0000 0.0000 0.0000 0.0000 0.1810 0.0000 0.0000 0.0000 0.0000 0.0000 0.0000 0.0000 0.0001 0.8173 0.0000 0.0010 0.0000 
 81       81   (0)      6 :  0.1216 0.0000 0.0000 0.0000 0.0000 0.0041 0.0000 0.0000 0.0000 0.0000 0.0000 0.0000 0.1214 0.0000 0.1322 0.1046 0.0000 0.0000 0.5121 0.0041 0.0000 
 82       82   (0)      6 :  0.3048 0.0000 0.0000 0.0000 0.0000 0.0000 0.0000 0.0000 0.0000 0.0000 0.0000 0.0000 0.2467 0.0000 0.1686 0.1545 0.0000 0.0000 0.1209 0.0046 0.0000 
 83       83   (0)      6 :  0.2482 0.0002 0.0000 0.0000 0.0000 0.0479 0.0000 0.0000 0.0000 0.0000 0.0000 0.0000 0.1674 0.0000 0.0540 0.0953 0.0000 0.0000 0.3869 0.0000 0.0000 
 84       84   (0)      6 :  0.3903 0.0000 0.0000 0.0000 0.0000 0.0200 0.0000 0.0000 0.0000 0.0000 0.0000 0.0000 0.1800 0.0000 0.1200 0.1697 0.0000 0.0000 0.1200 0.0000 0.0000 
 85       85   (0)      6 :  0.1992 0.0000 0.0000 0.0029 0.0000 0.0317 0.0000 0.0000 0.0000 0.0000 0.0000 0.0000 0.0461 0.0000 0.4594 0.0548 0.0000 0.0000 0.1760 0.0298 0.0000 
 86       86   (0)      6 :  0.2895 0.0000 0.0000 0.0200 0.0000 0.0691 0.0000 0.0000 0.0000 0.0000 0.0000 0.0000 0.1476 0.0000 0.0492 0.1276 0.0000 0.0000 0.2770 0.0200 0.0000 
 87       87   (0)      6 :  0.0363 0.0000 0.0000 0.0000 0.0000 0.0020 0.0000 0.0000 0.0000 0.0000 0.0000 0.0000 0.0924 0.0000 0.6125 0.1942 0.0000 0.0000 0.0598 0.0029 0.0000 
 88       88   (0)      6 :  0.0472 0.0000 0.0000 0.0069 0.0247 0.0038 0.0000 0.0000 0.0000 0.0000 0.0000 0.0000 0.0699 0.0000 0.4216 0.2398 0.0000 0.0000 0.1606 0.0255 0.0000 
 89       89   (0)      6 :  0.0513 0.0000 0.0000 0.0000 0.0000 0.0200 0.0000 0.0000 0.0000 0.0000 0.0000 0.0000 0.0059 0.0000 0.6480 0.0823 0.0000 0.0000 0.1725 0.0200 0.0000 
 90       90   (0)      6 :  0.0020 0.0000 0.0000 0.0000 0.0021 0.0023 0.0000 0.0000 0.8938 0.0000 0.0000 0.0000 0.0037 0.0000 0.0527 0.0209 0.0000 0.0000 0.0197 0.0029 0.0000 
 91       91   (0)      6 :  0.0656 0.0000 0.0000 0.0000 0.0200 0.0200 0.0000 0.0000 0.0000 0.0000 0.0000 0.0000 0.0942 0.0000 0.2247 0.2789 0.0000 0.0000 0.2766 0.0200 0.0000 
 92       92   (0)      6 :  0.0000 0.0000 0.0279 0.0002 0.0458 0.0333 0.0005 0.0000 0.0000 0.0000 0.0899 0.7940 0.0000 0.0000 0.0000 0.0000 0.0000 0.0004 0.0000 0.0000 0.0079 
 93       93   (0)      6 :  0.0000 0.0041 0.0000 0.0000 0.0000 0.0000 0.9916 0.0000 0.0000 0.0000 0.0000 0.0000 0.0000 0.0000 0.0000 0.0043 0.0000 0.0000 0.0000 0.0000 0.0000 
 94       94   (0)      6 :  0.0000 0.0000 0.0056 0.0000 0.0661 0.1159 0.0216 0.0005 0.0000 0.0004 0.0822 0.2801 0.0820 0.0468 0.0000 0.0000 0.0037 0.0000 0.0000 0.0298 0.2652 
 95       95   (0)      6 :  0.0000 0.0000 0.0000 0.0000 0.0000 0.0187 0.9492 0.0000 0.0000 0.0000 0.0000 0.0211 0.0065 0.0000 0.0000 0.0045 0.0000 0.0000 0.0000 0.0000 0.0000 
 96       96   (0)      6 :  0.0026 0.0000 0.0000 0.0000 0.0000 0.0349 0.8605 0.0000 0.0000 0.0000 0.0000 0.0533 0.0177 0.0000 0.0054 0.0147 0.0000 0.0000 0.0052 0.0057 0.0000 
 97       97   (0)      6 :  0.0000 0.0200 0.0219 0.0052 0.0660 0.0741 0.1263 0.0035 0.0000 0.0230 0.1342 0.1477 0.0540 0.0346 0.0000 0.0000 0.0000 0.0000 0.0000 0.0805 0.2090 
 98       98   (0)      6 :  0.0000 0.0866 0.0000 0.0000 0.0000 0.0000 0.8932 0.0000 0.0000 0.0000 0.0000 0.0010 0.0094 0.0000 0.0000 0.0064 0.0000 0.0000 0.0000 0.0035 0.0000 
 99       99   (0)      7 :  0.1933 0.0000 0.0000 0.0000 0.0000 0.0030 0.0000 0.0000 0.0000 0.0000 0.0000 0.0000 0.0949 0.0000 0.1844 0.0872 0.0000 0.0000 0.4057 0.0316 0.0000 
100      100   (0)      7 :  0.0333 0.0159 0.0001 0.0185 0.1514 0.0079 0.1604 0.0000 0.0009 0.0098 0.1525 0.0720 0.0347 0.0024 0.0204 0.0124 0.0003 0.0037 0.0246 0.1337 0.1447 
101      101   (0)      7 :  0.0000 0.9400 0.0000 0.0000 0.0000 0.0000 0.0200 0.0000 0.0000 0.0000 0.0000 0.0000 0.0200 0.0000 0.0000 0.0200 0.0000 0.0000 0.0000 0.0000 0.0000 
102      102   (0)      7 :  0.0000 0.9400 0.0000 0.0000 0.0000 0.0000 0.0200 0.0000 0.0000 0.0000 0.0000 0.0000 0.0000 0.0000 0.0000 0.0200 0.0000 0.0000 0.0000 0.0200 0.0000 
103      103   (0)      7 :  0.0000 0.0000 0.0086 0.0033 0.3148 0.0165 0.0000 0.0027 0.0000 0.0754 0.0633 0.0942 0.0370 0.0904 0.0000 0.0000 0.0208 0.0024 0.0000 0.0329 0.2376 
104      104   (0)      7 :  0.0000 0.0000 0.0191 0.0110 0.0744 0.0199 0.0000 0.0028 0.0153 0.0196 0.0488 0.4872 0.0245 0.0040 0.0000 0.0000 0.0221 0.0005 0.0000 0.0755 0.1754 
105      105   (0)      7 :  0.0000 0.0000 0.0000 0.8000 0.0600 0.0000 0.0000 0.0000 0.0000 0.0000 0.0000 0.1200 0.0000 0.0200 0.0000 0.0000 0.0000 0.0000 0.0000 0.0000 0.0000 
106      106   (0)      7 :  0.0000 0.0200 0.0030 0.0377 0.4483 0.0465 0.0000 0.0000 0.0000 0.0003 0.0724 0.0556 0.0242 0.0442 0.0000 0.0000 0.0048 0.0012 0.0000 0.0257 0.2162 
107      107   (0)      7 :  0.0000 0.0000 0.0000 0.0013 0.1127 0.0104 0.0000 0.0206 0.0015 0.0026 0.0629 0.1633 0.0259 0.0155 0.0000 0.0000 0.0097 0.0000 0.0000 0.1303 0.4434 
108      108   (0)      8 :  0.0000 0.0000 1.0000 0.0000 0.0000 0.0000 0.0000 0.0000 0.0000 0.0000 0.0000 0.0000 0.0000 0.0000 0.0000 0.0000 0.0000 0.0000 0.0000 0.0000 0.0000 
109      109   (0)      8 :  0.0000 0.0038 0.0213 0.0431 0.2286 0.0878 0.0000 0.0082 0.0000 0.0107 0.3029 0.0205 0.0076 0.0028 0.0000 0.0000 0.0071 0.0050 0.0000 0.1645 0.0860 
110      110   (0)      8 :  0.0000 0.0000 0.0000 0.0000 0.0000 0.0000 0.0000 0.0000 0.0000 1.0000 0.0000 0.0000 0.0000 0.0000 0.0000 0.0000 0.0000 0.0000 0.0000 0.0000 0.0000 
111      111   (0)      8 :  0.0000 0.0000 0.0000 0.0000 0.0000 0.0000 0.0000 0.0000 0.0000 0.0200 0.0000 0.0000 0.0000 0.0000 0.0000 0.0000 0.9800 0.0000 0.0000 0.0000 0.0000 
112      112   (0)      8 :  0.0000 0.9600 0.0000 0.0000 0.0000 0.0000 0.0200 0.0000 0.0000 0.0000 0.0000 0.0000 0.0000 0.0000 0.0000 0.0200 0.0000 0.0000 0.0000 0.0000 0.0000 
113      113   (0)      8 :  0.0000 0.0200 0.0000 0.0510 0.4089 0.0200 0.0000 0.0000 0.0000 0.0000 0.1382 0.0417 0.0400 0.0000 0.0000 0.0000 0.0004 0.0200 0.0000 0.1600 0.0998 
114      114   (0)      8 :  0.0000 0.0039 0.0000 0.0002 0.2034 0.0338 0.0000 0.0000 0.0000 0.0244 0.2914 0.0169 0.0195 0.0098 0.0000 0.0000 0.0000 0.0001 0.0000 0.2736 0.1232 
115      115   (0)      8 :  0.0000 0.0000 1.0000 0.0000 0.0000 0.0000 0.0000 0.0000 0.0000 0.0000 0.0000 0.0000 0.0000 0.0000 0.0000 0.0000 0.0000 0.0000 0.0000 0.0000 0.0000 
116      116   (0)      8 :  0.0000 0.0000 0.0000 0.0000 0.0000 0.0000 0.0000 0.0000 0.0000 0.0200 0.0000 0.0000 0.0000 0.0000 0.0000 0.0000 0.9800 0.0000 0.0000 0.0000 0.0000 
117      117   (0)      8 :  0.0000 0.0000 0.0011 0.8000 0.0574 0.0000 0.0000 0.0000 0.0000 0.0000 0.0000 0.1200 0.0000 0.0200 0.0000 0.0000 0.0000 0.0000 0.0000 0.0016 0.0000 
118      118   (0)      8 :  0.0000 0.0000 0.0012 0.0587 0.2945 0.1026 0.0000 0.0202 0.0001 0.0054 0.3142 0.0212 0.0328 0.0000 0.0000 0.0000 0.0000 0.0070 0.0000 0.0880 0.0540 
119      119   (0)      9 :  0.2011 0.0000 0.0000 0.0400 0.0200 0.0251 0.0000 0.0000 0.0000 0.0000 0.0000 0.0000 0.1137 0.0000 0.0522 0.1132 0.0000 0.0000 0.4347 0.0000 0.0000 
120      120   (0)     10 :  0.0000 0.0311 0.0292 0.0016 0.1805 0.0179 0.0000 0.0067 0.0003 0.0000 0.1070 0.0475 0.0585 0.0164 0.0000 0.0007 0.0120 0.0038 0.0000 0.0930 0.3937 
121      121   (0)     10 :  0.0000 0.0000 0.0000 0.0037 0.3665 0.0520 0.0000 0.0029 0.0000 0.0008 0.2782 0.0454 0.0506 0.0022 0.0000 0.0000 0.0387 0.0000 0.0000 0.0515 0.1075 
122      122   (0)     10 :  0.0000 0.0000 0.0101 0.0002 0.1914 0.0076 0.0000 0.0047 0.0000 0.0037 0.0541 0.1673 0.0431 0.0104 0.0000 0.0000 0.0002 0.0000 0.0000 0.0898 0.4174 
123      123   (0)     10 :  0.0036 0.0255 0.0467 0.0332 0.0963 0.0347 0.0000 0.0012 0.0189 0.0219 0.0879 0.2681 0.0367 0.0187 0.0155 0.0180 0.0151 0.0022 0.0047 0.0539 0.1972 
124      124   (0)     10 :  0.0000 0.0472 0.0028 0.0183 0.1478 0.0405 0.0010 0.0261 0.0022 0.0000 0.1239 0.1663 0.0274 0.0000 0.0000 0.0009 0.0017 0.0016 0.0000 0.0836 0.3088 
125      125   (0)     10 :  0.0000 0.0330 0.0000 0.0128 0.1490 0.0228 0.1316 0.0200 0.0019 0.0000 0.0975 0.0247 0.0451 0.0577 0.0000 0.0010 0.0073 0.0053 0.0000 0.1085 0.2818 
126      126   (0)     10 :  0.0000 0.0093 0.0044 0.0436 0.2173 0.0676 0.0002 0.0221 0.0000 0.0000 0.1407 0.1000 0.0452 0.0086 0.0000 0.0000 0.0004 0.0000 0.0000 0.0971 0.2435 
127      127   (0)     10 :  0.0000 0.0000 0.0107 0.0021 0.1740 0.0362 0.0000 0.0024 0.0000 0.0000 0.3609 0.0232 0.0675 0.0042 0.0000 0.0000 0.0075 0.0000 0.0000 0.1432 0.1680 
128      128   (0)     10 :  0.0000 0.0184 0.0013 0.0707 0.2429 0.0263 0.0000 0.0129 0.0045 0.0002 0.1397 0.0509 0.0356 0.0065 0.0000 0.0000 0.0303 0.0100 0.0000 0.0473 0.3027 
129      129   (0)     10 :  0.0000 0.0000 0.0000 0.0800 0.0454 0.0000 0.0000 0.0012 0.0000 0.0000 0.0081 0.0977 0.0000 0.0009 0.0000 0.0000 0.0000 0.0000 0.0000 0.0417 0.7251 
130      130   (0)     10 :  0.0000 0.0000 0.0000 0.0033 0.2387 0.0117 0.0000 0.0000 0.0000 0.0063 0.0790 0.0483 0.0273 0.0009 0.0000 0.0000 0.0000 0.0007 0.0000 0.0830 0.5009 
131      131   (0)     10 :  0.0000 0.0285 0.0145 0.0415 0.1056 0.0190 0.0005 0.0012 0.0221 0.0000 0.0711 0.0768 0.0261 0.0485 0.0000 0.0005 0.0284 0.0017 0.0000 0.1198 0.3942 
132      132   (0)     10 :  0.0000 0.0496 0.0087 0.0031 0.1948 0.0265 0.0331 0.0000 0.0200 0.0000 0.1085 0.0926 0.0380 0.0001 0.0000 0.0011 0.0007 0.0070 0.0000 0.1043 0.3119 
133      133   (0)     10 :  0.0016 0.0209 0.0223 0.0091 0.0999 0.0234 0.0077 0.0110 0.0017 0.0000 0.1244 0.0290 0.0273 0.0372 0.0006 0.0006 0.0132 0.0029 0.0005 0.1371 0.4295 
134      134   (0)     10 :  0.0000 0.0461 0.0221 0.0039 0.0909 0.0218 0.0101 0.0014 0.0000 0.0133 0.1033 0.0574 0.0328 0.0003 0.0007 0.0009 0.0001 0.0000 0.0008 0.1282 0.4658 
135      135   (0)     10 :  0.0000 0.0335 0.0602 0.0257 0.0953 0.0217 0.0006 0.0000 0.0061 0.0173 0.1701 0.0570 0.0294 0.0036 0.0000 0.0004 0.0052 0.0026 0.0000 0.1295 0.3418 
136      136   (0)     10 :  0.0000 0.0020 0.0028 0.0004 0.0618 0.0353 0.0000 0.0000 0.0000 0.0126 0.1442 0.1736 0.0635 0.0085 0.0000 0.0000 0.0034 0.0029 0.0000 0.1586 0.3305 
137      137   (0)     11 :  0.1095 0.0816 0.0000 0.0000 0.0000 0.0001 0.0017 0.0000 0.0000 0.0000 0.0000 0.0000 0.0754 0.0000 0.3639 0.1767 0.0000 0.0000 0.1861 0.0049 0.0000 
138      138   (0)     12 :  0.0000 0.0406 0.0154 0.0136 0.1735 0.0236 0.1440 0.0437 0.0178 0.0004 0.0905 0.0486 0.0234 0.0526 0.0000 0.0008 0.0009 0.0829 0.0000 0.0438 0.1839 
139      139   (0)     12 :  0.0522 0.0509 0.0000 0.0000 0.0583 0.0272 0.3561 0.0001 0.0000 0.0000 0.1017 0.0132 0.0046 0.0006 0.0000 0.0049 0.0001 0.0073 0.1441 0.1559 0.0226 
140      140   (0)     12 :  0.0000 0.0160 0.0000 0.0000 0.0000 0.0000 0.0000 0.0000 0.1787 0.0000 0.0000 0.0000 0.0000 0.0000 0.0000 0.0000 0.0000 0.8037 0.0000 0.0016 0.0000 
141      141   (0)     12 :  0.0000 0.0001 0.0000 0.0000 0.0000 0.0015 0.7069 0.0000 0.0000 0.2106 0.0000 0.0000 0.0000 0.0000 0.0000 0.0000 0.0010 0.0000 0.0000 0.0801 0.0000 
142      142   (0)     12 :  0.0000 0.0479 0.0023 0.0123 0.1182 0.0299 0.0040 0.0039 0.0044 0.0136 0.0928 0.1072 0.0304 0.0350 0.0000 0.0010 0.0207 0.0400 0.0000 0.1383 0.2983 
143      143   (0)     12 :  0.0030 0.0528 0.0000 0.0040 0.0148 0.0061 0.5988 0.0000 0.0000 0.0005 0.0564 0.0127 0.0129 0.0823 0.0000 0.0015 0.0015 0.0011 0.0000 0.1359 0.0156 
144      144   (0)     12 :  0.0018 0.1065 0.0000 0.0049 0.0950 0.0271 0.0306 0.0000 0.0113 0.0083 0.1598 0.0583 0.0275 0.0000 0.0000 0.0024 0.0004 0.0366 0.0000 0.1570 0.2725 
145      145   (0)     12 :  0.0000 0.0000 0.0006 0.0048 0.0648 0.0464 0.0000 0.0000 0.2218 0.0231 0.0434 0.0743 0.0446 0.0072 0.0000 0.0000 0.0000 0.2740 0.0000 0.1668 0.0281 
146      146   (0)     13 :  0.0136 0.0000 0.0000 0.0130 0.0400 0.0000 0.0000 0.0000 0.0000 0.0000 0.0000 0.0000 0.1175 0.0000 0.2196 0.3491 0.0000 0.0000 0.2190 0.0282 0.0000 
147      147   (0)     13 :  0.0426 0.0000 0.0000 0.0000 0.0029 0.0113 0.0000 0.0000 0.0000 0.0000 0.0000 0.0000 0.1412 0.0000 0.1415 0.3587 0.0000 0.0000 0.2991 0.0027 0.0000 
148      148   (0)     13 :  0.0400 0.0000 0.0000 0.0000 0.0000 0.0400 0.0000 0.0000 0.0000 0.0000 0.0000 0.0000 0.1600 0.0000 0.1558 0.5842 0.0000 0.0000 0.0200 0.0000 0.0000 
149      149   (0)     13 :  0.0065 0.0000 0.0000 0.0000 0.0000 0.0400 0.0000 0.0000 0.0000 0.0000 0.0000 0.0000 0.0813 0.0000 0.0707 0.1637 0.0000 0.0000 0.6379 0.0000 0.0000 
150      150   (0)     13 :  0.0649 0.0000 0.0000 0.0400 0.0200 0.0000 0.0000 0.0000 0.0000 0.0000 0.0000 0.0000 0.1381 0.0000 0.2812 0.2703 0.0000 0.0000 0.1655 0.0200 0.0000 
151      151   (0)     14 :  0.0681 0.0000 0.0000 0.0000 0.0000 0.0000 0.0000 0.0000 0.0000 0.0000 0.0000 0.0000 0.1212 0.0000 0.6522 0.0690 0.0000 0.0000 0.0822 0.0073 0.0000 
152      152   (0)     14 :  0.0000 0.0000 0.0104 0.0228 0.1485 0.0311 0.0000 0.0065 0.0019 0.0000 0.2587 0.0251 0.0200 0.0319 0.0000 0.0000 0.0093 0.0034 0.0000 0.0883 0.3420 
153      153   (0)     15 :  0.0000 0.0000 0.0000 0.0000 0.0000 0.0000 0.9254 0.0000 0.0000 0.0000 0.0000 0.0000 0.0084 0.0000 0.0000 0.0038 0.0000 0.0000 0.0024 0.0600 0.0000 
154      154   (0)     15 :  0.1442 0.0000 0.0000 0.0000 0.0093 0.0210 0.0000 0.0000 0.0000 0.0000 0.0000 0.0000 0.2386 0.0000 0.2187 0.1922 0.0000 0.0000 0.1418 0.0342 0.0000 
155      155   (0)     16 :  0.0000 0.0327 0.0079 0.0049 0.1705 0.0448 0.0212 0.0026 0.0000 0.0011 0.1170 0.0357 0.0278 0.0000 0.0000 0.0008 0.0242 0.0038 0.0000 0.1602 0.3448 
156      156   (0)     16 :  0.0000 0.0063 0.0075 0.0176 0.0722 0.0404 0.0000 0.0000 0.0339 0.0629 0.1559 0.1353 0.0172 0.0000 0.0000 0.0000 0.0318 0.0000 0.0000 0.0860 0.3330 
157      157   (0)     17 :  0.0030 0.0530 0.0001 0.0009 0.0000 0.0005 0.8486 0.0000 0.0001 0.0039 0.0000 0.0000 0.0000 0.0000 0.0000 0.0029 0.0000 0.0015 0.0000 0.0856 0.0000 
158      158   (0)     17 :  0.0000 0.0002 0.0000 0.0000 0.0000 0.0000 0.0000 0.0000 0.9998 0.0000 0.0000 0.0000 0.0000 0.0000 0.0000 0.0000 0.0000 0.0000 0.0000 0.0000 0.0000 
159      159   (0)     18 :  0.0000 0.0071 0.0006 0.0160 0.1122 0.0660 0.0005 0.0032 0.0003 0.0005 0.1582 0.1140 0.0395 0.0502 0.0000 0.0000 0.0005 0.0000 0.0000 0.1558 0.2755 
160      160   (0)     18 :  0.0000 0.0000 0.0032 0.0730 0.1926 0.0537 0.0000 0.0047 0.0000 0.0284 0.3876 0.0330 0.0076 0.0008 0.0000 0.0000 0.0038 0.0038 0.0000 0.0967 0.1112 
161      161   (0)     18 :  0.0000 0.0000 0.0017 0.0102 0.1901 0.0819 0.0000 0.0214 0.0000 0.0100 0.2180 0.1841 0.0483 0.0108 0.0000 0.0000 0.0001 0.0000 0.0000 0.0784 0.1449 
162      162   (0)     19 :  0.0000 0.0218 0.0135 0.0657 0.1198 0.0075 0.0607 0.0000 0.0000 0.0019 0.1719 0.0448 0.0209 0.0940 0.0000 0.0004 0.1058 0.0020 0.0000 0.0382 0.2313 
163      163   (0)     19 :  0.0134 0.1725 0.0092 0.0001 0.0095 0.0049 0.1717 0.0000 0.0000 0.0000 0.0163 0.4259 0.0203 0.0000 0.0507 0.0101 0.0057 0.0000 0.0377 0.0273 0.0248 
164      164   (0)     19 :  0.0000 0.0000 0.0838 0.0015 0.0068 0.0021 0.0000 0.0004 0.0000 0.0000 0.0318 0.8277 0.0000 0.0001 0.0000 0.0000 0.0001 0.0000 0.0000 0.0000 0.0459 
