1        1   (0)      1  : 0.0131 0.0000 0.0000 0.0000 0.0000 0.0000 0.1905 0.5325 0.0000 0.0009 0.0251 0.0000 0.0007 0.0403 0.0000 0.0001 0.0281 0.0109 0.1516 0.0062
2        2   (0)      1  : 0.0000 0.0000 0.0027 0.0000 0.0723 0.0000 0.8029 0.0423 0.0000 0.0022 0.0003 0.0134 0.0627 0.0000 0.0000 0.0000 0.0008 0.0002 0.0000 0.0003
3        3   (0)      1  : 0.0000 0.0000 0.0000 0.0000 0.0000 0.0000 0.1029 0.8614 0.0000 0.0000 0.0000 0.0000 0.0000 0.0000 0.0000 0.0000 0.0000 0.0000 0.0357 0.0000
4        4   (0)      1  : 0.0000 0.0000 0.0000 0.0000 0.0000 0.0000 0.9643 0.0357 0.0000 0.0000 0.0000 0.0000 0.0000 0.0000 0.0000 0.0000 0.0000 0.0000 0.0000 0.0000
5        5   (0)      1  : 0.0595 0.0000 0.1236 0.0000 0.0057 0.0981 0.1665 0.0080 0.0000 0.0000 0.3150 0.0000 0.0006 0.0033 0.0000 0.0556 0.0245 0.0684 0.0711 0.0000
6        6   (0)      1  : 0.2149 0.0000 0.0904 0.0000 0.0097 0.0600 0.0823 0.0034 0.0000 0.0005 0.2169 0.0090 0.0005 0.0008 0.0000 0.0355 0.0430 0.0436 0.1324 0.0569
7        7   (0)      1  : 0.1118 0.0000 0.0000 0.0000 0.0000 0.0000 0.0000 0.0005 0.0000 0.0000 0.5465 0.0015 0.0250 0.0000 0.0000 0.0687 0.0748 0.0508 0.1203 0.0000
8        8   (0)      1  : 0.0672 0.0000 0.0849 0.0000 0.0084 0.0439 0.2404 0.0094 0.0000 0.0001 0.3495 0.0000 0.0000 0.0000 0.0000 0.0350 0.0406 0.0538 0.0668 0.0000
9        9   (0)      1  : 0.0000 0.0000 0.0000 0.0000 0.0000 0.0000 0.9643 0.0357 0.0000 0.0000 0.0000 0.0000 0.0000 0.0000 0.0000 0.0000 0.0000 0.0000 0.0000 0.0000
10       10   (0)      1  : 0.0564 0.0000 0.0000 0.0000 0.0014 0.0000 0.0000 0.0000 0.0000 0.0217 0.6768 0.0019 0.0000 0.0106 0.0000 0.0000 0.0462 0.0076 0.1231 0.0544
11       11   (0)      1  : 0.1036 0.0000 0.0000 0.0000 0.0045 0.0000 0.0000 0.0000 0.0000 0.0112 0.3236 0.0014 0.0135 0.0006 0.0000 0.0159 0.0757 0.0000 0.1462 0.3038
12       12   (0)      1  : 0.0000 0.0000 0.0000 0.0000 0.0000 0.0000 0.0000 0.0000 0.0000 0.0357 0.0000 0.0000 0.9643 0.0000 0.0000 0.0000 0.0000 0.0000 0.0000 0.0000
13       13   (0)      1  : 0.1452 0.0000 0.0000 0.0000 0.0002 0.0000 0.0000 0.0003 0.0000 0.0249 0.4706 0.0137 0.0008 0.0281 0.0000 0.0400 0.0506 0.0073 0.0272 0.1912
14       14   (0)      1  : 0.0184 0.0040 0.0913 0.0053 0.0000 0.0999 0.0423 0.1022 0.0084 0.0027 0.3345 0.0127 0.0653 0.0000 0.0106 0.0125 0.0487 0.0000 0.0457 0.0956
15       15   (0)      1  : 0.0000 0.0000 0.9613 0.0000 0.0000 0.0000 0.0000 0.0000 0.0000 0.0000 0.0000 0.0000 0.0000 0.0000 0.0000 0.0000 0.0357 0.0000 0.0000 0.0030
16       16   (0)      1  : 0.0000 0.0000 0.0000 0.0000 0.0000 0.0000 0.1786 0.5714 0.0000 0.0000 0.0000 0.0000 0.0357 0.0357 0.0000 0.1429 0.0000 0.0000 0.0000 0.0357
17       17   (0)      1  : 0.0000 0.0000 0.0000 0.0000 0.0000 0.0000 0.1786 0.5714 0.0000 0.0000 0.0000 0.0000 0.0357 0.0357 0.0000 0.1429 0.0000 0.0000 0.0000 0.0357
18       18   (0)      1  : 0.0000 0.0000 0.0000 0.0000 0.0000 0.0000 0.0000 0.0000 0.0000 1.0000 0.0000 0.0000 0.0000 0.0000 0.0000 0.0000 0.0000 0.0000 0.0000 0.0000
19       19   (0)      1  : 0.0946 0.0000 0.0000 0.0000 0.0071 0.0000 0.0000 0.0000 0.0000 0.0002 0.1782 0.0137 0.0005 0.0469 0.0000 0.0083 0.0550 0.0080 0.5426 0.0449
20       20   (0)      1  : 0.0877 0.0000 0.0000 0.0000 0.0002 0.0000 0.0000 0.0000 0.0000 0.0026 0.3316 0.0183 0.0008 0.0012 0.0000 0.2075 0.0357 0.0952 0.1402 0.0790
21       21   (0)      1  : 0.0000 0.0000 0.0000 0.0000 0.0000 0.0000 0.1015 0.8271 0.0000 0.0000 0.0000 0.0000 0.0000 0.0000 0.0000 0.0000 0.0357 0.0000 0.0357 0.0000
22       22   (0)      1  : 0.0000 0.0000 1.0000 0.0000 0.0000 0.0000 0.0000 0.0000 0.0000 0.0000 0.0000 0.0000 0.0000 0.0000 0.0000 0.0000 0.0000 0.0000 0.0000 0.0000
23       23   (0)      1  : 0.0898 0.0000 0.0000 0.0000 0.0080 0.0000 0.0036 0.0000 0.0000 0.0011 0.2063 0.0026 0.0130 0.0000 0.0000 0.0834 0.1556 0.0103 0.3029 0.1234
24       24   (0)      2  : 0.0000 0.0000 0.0000 0.0000 0.0000 0.0000 0.1008 0.8381 0.0000 0.0000 0.0000 0.0000 0.0042 0.0043 0.0000 0.0167 0.0000 0.0000 0.0315 0.0044
25       25   (0)      2  : 0.1893 0.0000 0.0000 0.0000 0.0000 0.0000 0.0000 0.0000 0.0000 0.0000 0.0377 0.0000 0.0000 0.0475 0.0000 0.1686 0.0000 0.1074 0.2390 0.2106
26       26   (0)      2  : 0.0187 0.0000 0.0000 0.0000 0.0000 0.0000 0.1394 0.3930 0.0000 0.0036 0.0205 0.0000 0.0000 0.0000 0.0000 0.0051 0.1252 0.0428 0.2239 0.0278
27       27   (0)      2  : 0.1964 0.0000 0.0000 0.0000 0.0224 0.0000 0.0019 0.0428 0.0000 0.0908 0.2456 0.0020 0.0090 0.0020 0.0000 0.0637 0.0317 0.0214 0.1931 0.0773
28       28   (0)      2  : 0.4792 0.0000 0.0147 0.0000 0.0003 0.0000 0.0009 0.0234 0.0000 0.0001 0.0863 0.0060 0.0003 0.0016 0.0000 0.0445 0.0757 0.0081 0.0825 0.1764
29       29   (0)      2  : 0.1380 0.0000 0.0000 0.0000 0.0255 0.0000 0.0014 0.0180 0.0000 0.0322 0.1769 0.0059 0.0008 0.0076 0.0000 0.0792 0.0765 0.0001 0.3685 0.0695
30       30   (0)      2  : 0.0000 0.2500 0.0000 0.0714 0.0000 0.0000 0.0000 0.0000 0.3571 0.0000 0.0000 0.0000 0.0000 0.0000 0.1071 0.0000 0.1071 0.0000 0.0000 0.1071
31       31   (0)      2  : 0.2864 0.0000 0.0058 0.0000 0.0001 0.0071 0.0038 0.0144 0.0000 0.0502 0.2235 0.0066 0.0043 0.0139 0.0000 0.0734 0.0358 0.0265 0.1575 0.0907
32       32   (0)      2  : 0.0000 0.0000 0.0000 0.0000 0.0000 0.0000 0.0958 0.8627 0.0000 0.0000 0.0000 0.0000 0.0000 0.0000 0.0000 0.0000 0.0058 0.0000 0.0357 0.0000
33       33   (0)      2  : 0.0000 0.0000 0.0000 0.0000 0.0000 0.0000 0.0000 0.0000 0.0000 1.0000 0.0000 0.0000 0.0000 0.0000 0.0000 0.0000 0.0000 0.0000 0.0000 0.0000
34       34   (0)      2  : 0.1510 0.0000 0.0000 0.0000 0.0005 0.0000 0.0000 0.0000 0.0000 0.0003 0.3111 0.0000 0.0000 0.0000 0.0000 0.0376 0.0714 0.0096 0.1429 0.2756
35       35   (0)      2  : 0.4002 0.0000 0.0188 0.0000 0.0186 0.0000 0.0073 0.0151 0.0000 0.0190 0.0993 0.0318 0.0329 0.0175 0.0000 0.0326 0.0371 0.0344 0.1391 0.0964
36       36   (0)      2  : 0.0000 0.0000 0.0000 0.0000 0.0000 0.0000 0.9556 0.0444 0.0000 0.0000 0.0000 0.0000 0.0000 0.0000 0.0000 0.0000 0.0000 0.0000 0.0000 0.0000
37       37   (0)      3  : 0.1377 0.0000 0.0000 0.0000 0.0156 0.0000 0.0002 0.0039 0.0000 0.0015 0.4446 0.0061 0.0085 0.0234 0.0000 0.0853 0.0674 0.0008 0.0790 0.1260
38       38   (0)      3  : 0.0814 0.0000 0.0000 0.0000 0.1068 0.0000 0.0094 0.0000 0.0000 0.0016 0.0166 0.0053 0.0002 0.0000 0.0000 0.6222 0.0375 0.0116 0.0861 0.0214
39       39   (0)      3  : 0.2739 0.0000 0.0000 0.0000 0.0120 0.0000 0.0000 0.0000 0.0000 0.0006 0.0456 0.0000 0.0032 0.0191 0.0000 0.0013 0.0609 0.0044 0.5348 0.0442
40       40   (0)      3  : 0.0199 0.0000 0.0000 0.0000 0.0000 0.0000 0.0000 0.0005 0.0000 0.0012 0.3328 0.0030 0.0027 0.0003 0.0000 0.2299 0.0361 0.1547 0.1476 0.0714
41       41   (0)      3  : 0.5280 0.0000 0.0000 0.0000 0.0315 0.0000 0.0019 0.0001 0.0000 0.0167 0.0640 0.0000 0.0035 0.0038 0.0000 0.0168 0.0123 0.1142 0.0763 0.1308
42       42   (0)      4  : 0.0000 0.2834 0.0000 0.2176 0.0000 0.0000 0.0000 0.0000 0.0462 0.0000 0.0000 0.0000 0.0000 0.0000 0.3301 0.0069 0.0295 0.0000 0.0000 0.0863
43       43   (0)      4  : 0.2393 0.0000 0.0000 0.0000 0.0055 0.0000 0.0000 0.0008 0.0000 0.0002 0.2047 0.0048 0.0160 0.0139 0.0000 0.0267 0.0449 0.0495 0.1157 0.2780
44       44   (0)      4  : 0.0000 0.5974 0.0000 0.0468 0.0000 0.0000 0.0000 0.0000 0.0098 0.0000 0.0000 0.0000 0.0000 0.0000 0.2746 0.0000 0.0000 0.0000 0.0000 0.0714
45       45   (0)      4  : 0.0000 0.3715 0.0000 0.1569 0.0000 0.0000 0.0000 0.0000 0.1257 0.0000 0.0000 0.0000 0.0000 0.0000 0.2601 0.0357 0.0144 0.0000 0.0000 0.0357
46       46   (0)      4  : 0.3765 0.0014 0.0030 0.0031 0.0000 0.0000 0.0153 0.0125 0.0000 0.0000 0.3410 0.0066 0.0000 0.0050 0.0005 0.0018 0.0546 0.0615 0.0488 0.0685
47       47   (0)      4  : 0.7007 0.0000 0.0000 0.0000 0.0000 0.0000 0.0000 0.0000 0.0000 0.0002 0.1541 0.0086 0.0000 0.0221 0.0000 0.0000 0.0000 0.0674 0.0468 0.0000
48       48   (0)      4  : 0.2277 0.0000 0.0000 0.0000 0.0000 0.0000 0.0000 0.0000 0.0000 0.0175 0.5023 0.0110 0.0118 0.0127 0.0000 0.0673 0.0164 0.0162 0.1170 0.0000
49       49   (0)      4  : 0.0884 0.0000 0.0000 0.0000 0.0000 0.0000 0.0000 0.0000 0.0000 0.0000 0.7691 0.0000 0.0006 0.0000 0.0000 0.0240 0.0171 0.0460 0.0188 0.0359
50       50   (0)      4  : 0.0000 0.0000 0.0000 0.0000 0.0000 0.0000 0.0000 0.0000 0.0000 0.0000 0.0000 0.0000 0.0000 0.9643 0.0000 0.0000 0.0000 0.0357 0.0000 0.0000
51       51   (0)      4  : 0.0177 0.0660 0.0155 0.0327 0.0000 0.2971 0.0000 0.0000 0.1668 0.0000 0.1481 0.0001 0.0000 0.1039 0.0218 0.0174 0.0431 0.0057 0.0541 0.0098
52       52   (0)      4  : 0.5202 0.0000 0.0000 0.0021 0.0000 0.0029 0.0006 0.0000 0.0000 0.0143 0.1048 0.0389 0.0000 0.0020 0.0036 0.0000 0.0306 0.0000 0.2028 0.0772
53       53   (0)      4  : 0.5479 0.0000 0.0000 0.0000 0.0029 0.0000 0.0000 0.0000 0.0000 0.0014 0.0171 0.0000 0.0073 0.0001 0.0000 0.0855 0.0188 0.0376 0.1178 0.1635
54       54   (0)      4  : 0.3877 0.0010 0.0052 0.0042 0.0140 0.0000 0.0012 0.0016 0.0009 0.0000 0.1857 0.0127 0.0004 0.0255 0.0147 0.0729 0.0392 0.0135 0.1539 0.0660
55       55   (0)      4  : 0.0000 0.0000 0.0000 0.0000 0.0000 0.0000 0.0000 0.0000 0.0000 0.0000 0.0000 0.0000 0.0000 0.9643 0.0000 0.0000 0.0000 0.0357 0.0000 0.0000
56       56   (0)      4  : 0.0000 0.0986 0.0000 0.2951 0.0000 0.0000 0.0000 0.0000 0.0257 0.0000 0.0000 0.0000 0.0000 0.0000 0.5091 0.0000 0.0357 0.0000 0.0000 0.0357
57       57   (0)      5  : 0.2768 0.0000 0.0000 0.0000 0.0000 0.0000 0.0000 0.0000 0.0000 0.0018 0.0869 0.0015 0.0035 0.0000 0.0000 0.0896 0.0142 0.0000 0.1008 0.4249
58       58   (0)      5  : 0.4149 0.0000 0.0000 0.0000 0.0001 0.0000 0.0000 0.0000 0.0000 0.0420 0.0253 0.0095 0.0000 0.0012 0.0000 0.0789 0.1417 0.0231 0.0729 0.1904
59       59   (0)      5  : 0.0000 0.6609 0.0000 0.0412 0.0000 0.0000 0.0000 0.0000 0.0047 0.0000 0.0000 0.0000 0.0000 0.0000 0.2064 0.0357 0.0102 0.0000 0.0000 0.0410
60       60   (0)      5  : 0.3684 0.0000 0.0000 0.0000 0.0000 0.0000 0.0000 0.0000 0.0000 0.0011 0.1638 0.0247 0.0206 0.0000 0.0000 0.0053 0.0365 0.0144 0.0997 0.2655
61       61   (0)      5  : 0.1384 0.0950 0.0940 0.0540 0.0796 0.0376 0.0000 0.0001 0.1238 0.0000 0.0508 0.0000 0.0004 0.0000 0.1601 0.0001 0.0387 0.0109 0.0288 0.0878
62       62   (0)      5  : 0.0000 0.2143 0.0000 0.0714 0.0000 0.0000 0.0000 0.0000 0.2405 0.0000 0.0000 0.0000 0.0000 0.0000 0.4024 0.0000 0.0357 0.0000 0.0000 0.0357
63       63   (0)      5  : 0.3304 0.0266 0.0035 0.0095 0.0143 0.0371 0.0249 0.0081 0.0606 0.0001 0.1342 0.0038 0.0099 0.0155 0.0538 0.0382 0.0450 0.0157 0.0568 0.1120
64       64   (0)      5  : 0.4452 0.0000 0.0000 0.0000 0.0227 0.0000 0.0000 0.0000 0.0000 0.0005 0.1525 0.0230 0.0258 0.0000 0.0000 0.0000 0.0357 0.0725 0.0858 0.1363
65       65   (0)      5  : 0.4467 0.0000 0.0000 0.0000 0.0000 0.0000 0.0000 0.0000 0.0000 0.0011 0.2910 0.0000 0.0059 0.0051 0.0000 0.0011 0.0147 0.0200 0.1126 0.1019
66       66   (0)      5  : 0.1759 0.0000 0.0000 0.0000 0.0028 0.0000 0.0000 0.0024 0.0000 0.0000 0.2808 0.0000 0.0000 0.0052 0.0000 0.0773 0.0357 0.1139 0.0475 0.2584
67       67   (0)      5  : 0.0111 0.0164 0.0188 0.0814 0.0000 0.0204 0.0000 0.0000 0.5778 0.0000 0.0222 0.0000 0.0000 0.0000 0.0364 0.0062 0.0495 0.0121 0.0105 0.1372
68       68   (0)      5  : 0.0000 0.2349 0.0000 0.4329 0.0000 0.0000 0.0000 0.0000 0.0879 0.0000 0.0000 0.0000 0.0000 0.0000 0.1614 0.0000 0.0114 0.0000 0.0000 0.0714
69       69   (0)      5  : 0.2398 0.0000 0.0000 0.0172 0.0363 0.0008 0.0139 0.0037 0.1759 0.0003 0.0516 0.0026 0.0032 0.0276 0.0082 0.1541 0.0442 0.0271 0.1248 0.0689
70       70   (0)      5  : 0.0000 0.0000 0.0000 0.0714 0.0000 0.0000 0.0000 0.0000 0.7500 0.0000 0.0000 0.0000 0.0000 0.0000 0.0357 0.0000 0.0357 0.0000 0.0000 0.1071
71       71   (0)      5  : 0.0000 0.0737 0.0000 0.7248 0.0000 0.0000 0.0000 0.0000 0.0779 0.0000 0.0000 0.0059 0.0000 0.0000 0.0357 0.0714 0.0000 0.0000 0.0000 0.0106
72       72   (0)      5  : 0.4607 0.0093 0.0001 0.0430 0.0000 0.0000 0.0012 0.0060 0.0306 0.0034 0.0813 0.0000 0.0238 0.0008 0.0095 0.1053 0.0591 0.0412 0.0598 0.0649
73       73   (0)      5  : 0.1406 0.0000 0.0000 0.0000 0.0000 0.0000 0.0038 0.0039 0.0000 0.0012 0.3547 0.0286 0.0040 0.0003 0.0000 0.1239 0.0648 0.0111 0.1939 0.0692
74       74   (0)      5  : 0.0000 0.1690 0.0000 0.5012 0.0000 0.0000 0.0000 0.0000 0.0199 0.0000 0.0000 0.0000 0.0000 0.0000 0.1430 0.0209 0.1108 0.0000 0.0000 0.0351
75       75   (0)      6  : 0.0000 0.3189 0.0000 0.2557 0.0000 0.0000 0.0000 0.0000 0.1382 0.0000 0.0000 0.0000 0.0000 0.0000 0.0816 0.0357 0.0810 0.0000 0.0000 0.0888
76       76   (0)      6  : 0.3171 0.0111 0.0062 0.0079 0.0000 0.0153 0.0001 0.0049 0.0062 0.0082 0.3267 0.0025 0.0059 0.0000 0.0029 0.0161 0.0745 0.0135 0.0233 0.1577
77       77   (0)      6  : 0.0000 0.4687 0.0000 0.1788 0.0000 0.0000 0.0000 0.0000 0.1167 0.0000 0.0000 0.0000 0.0000 0.0000 0.0846 0.0119 0.0490 0.0000 0.0000 0.0903
78       78   (0)      6  : 0.0000 0.1120 0.0000 0.7178 0.0000 0.0000 0.0000 0.0000 0.0000 0.0000 0.0000 0.0000 0.0000 0.0000 0.1208 0.0000 0.0357 0.0000 0.0000 0.0136
79       79   (0)      6  : 0.0000 0.2439 0.0000 0.2161 0.0000 0.0000 0.0000 0.0000 0.1459 0.0000 0.0000 0.0000 0.0000 0.0000 0.2581 0.0000 0.0357 0.0000 0.0000 0.1002
80       80   (0)      6  : 0.0000 0.0000 0.0018 0.0000 0.0000 0.0000 0.1962 0.7651 0.0000 0.0000 0.0000 0.0003 0.0000 0.0000 0.0000 0.0000 0.0008 0.0000 0.0357 0.0000
81       81   (0)      6  : 0.0000 0.1507 0.0000 0.3800 0.0000 0.0000 0.0000 0.0000 0.2334 0.0000 0.0000 0.0036 0.0000 0.0000 0.1525 0.0264 0.0244 0.0000 0.0000 0.0289
82       82   (0)      6  : 0.0000 0.3382 0.0000 0.1133 0.0000 0.0000 0.0000 0.0000 0.3128 0.0000 0.0000 0.0020 0.0000 0.0000 0.1024 0.0053 0.0828 0.0000 0.0000 0.0433
83       83   (0)      6  : 0.0000 0.0874 0.0002 0.1439 0.0000 0.0000 0.0000 0.0000 0.4845 0.0000 0.0000 0.0000 0.0000 0.0000 0.0955 0.0274 0.1251 0.0000 0.0000 0.0358
84       84   (0)      6  : 0.0000 0.0908 0.0000 0.0714 0.0000 0.0000 0.0000 0.0000 0.6949 0.0000 0.0000 0.0000 0.0000 0.0000 0.0000 0.0357 0.1071 0.0000 0.0000 0.0000
85       85   (0)      6  : 0.0000 0.2576 0.0000 0.2083 0.0000 0.0000 0.0000 0.0000 0.2548 0.0000 0.0000 0.0055 0.0000 0.0000 0.1738 0.0000 0.0210 0.0000 0.0000 0.0791
86       86   (0)      6  : 0.0000 0.0665 0.0000 0.1665 0.0000 0.0000 0.0000 0.0000 0.4943 0.0000 0.0000 0.0000 0.0000 0.0000 0.0916 0.0000 0.0739 0.0000 0.0000 0.1071
87       87   (0)      6  : 0.0000 0.3002 0.0000 0.2070 0.0000 0.0000 0.0000 0.0000 0.0714 0.0000 0.0000 0.0000 0.0000 0.0000 0.3781 0.0000 0.0000 0.0000 0.0000 0.0434
88       88   (0)      6  : 0.0000 0.3412 0.0000 0.1985 0.0000 0.0000 0.0000 0.0000 0.0260 0.0000 0.0000 0.0022 0.0000 0.0000 0.3024 0.0257 0.0617 0.0000 0.0000 0.0423
89       89   (0)      6  : 0.0000 0.2622 0.0000 0.2356 0.0000 0.0000 0.0000 0.0000 0.0188 0.0000 0.0000 0.0000 0.0000 0.0000 0.2831 0.0357 0.1289 0.0000 0.0000 0.0357
90       90   (0)      6  : 0.0000 0.0169 0.0000 0.0269 0.0000 0.0000 0.8607 0.0319 0.0000 0.0000 0.0000 0.0000 0.0000 0.0000 0.0385 0.0038 0.0140 0.0000 0.0000 0.0071
91       91   (0)      6  : 0.0000 0.1071 0.0000 0.1973 0.0000 0.0000 0.0000 0.0000 0.1071 0.0000 0.0000 0.0000 0.0000 0.0000 0.2312 0.0357 0.3214 0.0000 0.0000 0.0000
92       92   (0)      6  : 0.0667 0.0000 0.0000 0.0000 0.0363 0.0023 0.0000 0.0012 0.0000 0.0003 0.0124 0.0000 0.0002 0.0016 0.0000 0.6686 0.0000 0.0148 0.1279 0.0678
93       93   (0)      6  : 0.0000 0.0000 0.0000 0.0000 0.0000 1.0000 0.0000 0.0000 0.0000 0.0000 0.0000 0.0000 0.0000 0.0000 0.0000 0.0000 0.0000 0.0000 0.0000 0.0000
94       94   (0)      6  : 0.1468 0.0000 0.0000 0.0000 0.0081 0.0216 0.0000 0.0000 0.0000 0.0002 0.1089 0.0050 0.0003 0.0847 0.0000 0.1331 0.0308 0.1096 0.2140 0.1369
95       95   (0)      6  : 0.0000 0.0000 0.0000 0.0000 0.0000 0.9541 0.0000 0.0000 0.0000 0.0000 0.0000 0.0000 0.0000 0.0000 0.0000 0.0204 0.0000 0.0146 0.0000 0.0110
96       96   (0)      6  : 0.0000 0.0000 0.0000 0.0039 0.0000 0.8119 0.0000 0.0000 0.0044 0.0000 0.0074 0.0009 0.0000 0.0100 0.0101 0.0262 0.0497 0.0189 0.0416 0.0150
97       97   (0)      6  : 0.2465 0.0000 0.0000 0.0000 0.0247 0.1295 0.0000 0.0000 0.0000 0.0042 0.0804 0.0000 0.0249 0.0393 0.0000 0.0723 0.0568 0.0352 0.2025 0.0837
98       98   (0)      6  : 0.0000 0.0000 0.0888 0.0000 0.0000 0.9047 0.0000 0.0000 0.0000 0.0000 0.0000 0.0000 0.0000 0.0000 0.0000 0.0000 0.0064 0.0000 0.0000 0.0000
99       99   (0)      7  : 0.0000 0.2485 0.0000 0.3134 0.0000 0.0000 0.0000 0.0000 0.1657 0.0000 0.0000 0.0357 0.0000 0.0000 0.1432 0.0000 0.0357 0.0000 0.0000 0.0578
100      100   (0)      7  : 0.1971 0.0306 0.0144 0.0573 0.0005 0.1761 0.0004 0.0026 0.0087 0.0000 0.1091 0.0032 0.0112 0.0041 0.0081 0.0538 0.0494 0.0299 0.1627 0.0807
101      101   (0)      7  : 0.0000 0.0000 0.9643 0.0000 0.0000 0.0000 0.0000 0.0000 0.0000 0.0000 0.0000 0.0000 0.0000 0.0000 0.0000 0.0000 0.0357 0.0000 0.0000 0.0000
102      102   (0)      7  : 0.0000 0.0000 0.9643 0.0000 0.0000 0.0000 0.0000 0.0000 0.0000 0.0000 0.0000 0.0000 0.0000 0.0000 0.0000 0.0000 0.0357 0.0000 0.0000 0.0000
103      103   (0)      7  : 0.1705 0.0000 0.0000 0.0000 0.0085 0.0000 0.0000 0.0000 0.0000 0.0080 0.1431 0.0226 0.0715 0.0895 0.0000 0.1178 0.0065 0.0317 0.2862 0.0441
104      104   (0)      7  : 0.2783 0.0000 0.0000 0.0000 0.0253 0.0000 0.0222 0.0007 0.0000 0.0050 0.0798 0.0231 0.0193 0.0062 0.0000 0.3372 0.0134 0.0318 0.0910 0.0668
105      105   (0)      7  : 0.0000 0.0000 0.0000 0.0000 0.0000 0.0000 0.0000 0.0000 0.0000 0.0000 0.0000 0.0000 0.0000 0.0000 0.0000 0.0000 0.0000 1.0000 0.0000 0.0000
106      106   (0)      7  : 0.1726 0.0000 0.0000 0.0000 0.0035 0.0000 0.0000 0.0005 0.0000 0.0000 0.0750 0.0060 0.0003 0.0278 0.0000 0.0130 0.0013 0.0926 0.5630 0.0444
107      107   (0)      7  : 0.6657 0.0000 0.0000 0.0000 0.0000 0.0000 0.0010 0.0001 0.0000 0.0240 0.0493 0.0108 0.0035 0.0145 0.0000 0.0234 0.0627 0.0112 0.0891 0.0447
108      108   (0)      8  : 0.0000 0.0000 0.0000 0.0000 1.0000 0.0000 0.0000 0.0000 0.0000 0.0000 0.0000 0.0000 0.0000 0.0000 0.0000 0.0000 0.0000 0.0000 0.0000 0.0000
109      109   (0)      8  : 0.0486 0.0000 0.0000 0.0000 0.0227 0.0000 0.0000 0.0000 0.0000 0.0035 0.6436 0.0057 0.0099 0.0008 0.0000 0.0328 0.0285 0.0762 0.0934 0.0343
110      110   (0)      8  : 0.0000 0.0000 0.0000 0.0000 0.0000 0.0000 0.0000 0.0000 0.0000 0.0357 0.0000 0.0000 0.9643 0.0000 0.0000 0.0000 0.0000 0.0000 0.0000 0.0000
111      111   (0)      8  : 0.0000 0.0000 0.0000 0.0000 0.0000 0.0000 0.0000 0.0000 0.0000 0.0357 0.0000 0.9643 0.0000 0.0000 0.0000 0.0000 0.0000 0.0000 0.0000 0.0000
112      112   (0)      8  : 0.0000 0.0000 0.9643 0.0000 0.0000 0.0000 0.0000 0.0000 0.0000 0.0000 0.0000 0.0000 0.0000 0.0000 0.0000 0.0000 0.0357 0.0000 0.0000 0.0000
113      113   (0)      8  : 0.1079 0.0000 0.0000 0.0000 0.0000 0.0000 0.0000 0.0000 0.0000 0.0000 0.6017 0.0016 0.0001 0.0000 0.0000 0.0656 0.0357 0.1172 0.0506 0.0195
114      114   (0)      8  : 0.1182 0.0000 0.0000 0.0000 0.0000 0.0000 0.0000 0.0000 0.0000 0.0004 0.4636 0.0000 0.0304 0.0118 0.0000 0.0200 0.0375 0.0049 0.1478 0.1654
115      115   (0)      8  : 0.0000 0.0000 0.0000 0.0000 1.0000 0.0000 0.0000 0.0000 0.0000 0.0000 0.0000 0.0000 0.0000 0.0000 0.0000 0.0000 0.0000 0.0000 0.0000 0.0000
116      116   (0)      8  : 0.0000 0.0000 0.0000 0.0000 0.0000 0.0000 0.0000 0.0000 0.0000 0.0357 0.0000 0.9643 0.0000 0.0000 0.0000 0.0000 0.0000 0.0000 0.0000 0.0000
117      117   (0)      8  : 0.0000 0.0000 0.0000 0.0000 0.0030 0.0042 0.0000 0.0000 0.0000 0.0000 0.0000 0.0000 0.0000 0.0000 0.0000 0.0000 0.0000 0.9928 0.0000 0.0000
118      118   (0)      8  : 0.0718 0.0000 0.0000 0.0000 0.0009 0.0000 0.0002 0.0077 0.0000 0.0010 0.3238 0.0000 0.0058 0.0000 0.0000 0.1488 0.0031 0.1510 0.2476 0.0382
119      119   (0)      9  : 0.0000 0.2432 0.0000 0.3316 0.0000 0.0000 0.0000 0.0000 0.1860 0.0000 0.0000 0.0357 0.0000 0.0000 0.0684 0.0527 0.0714 0.0000 0.0000 0.0109
120      120   (0)     10  : 0.4252 0.0000 0.0396 0.0000 0.0373 0.0000 0.0012 0.0023 0.0000 0.0086 0.1978 0.0163 0.0001 0.0197 0.0000 0.0051 0.0271 0.0060 0.1770 0.0366
121      121   (0)     10  : 0.1056 0.0000 0.0000 0.0000 0.0001 0.0000 0.0000 0.0000 0.0000 0.0006 0.1899 0.0390 0.0000 0.0027 0.0000 0.0239 0.0796 0.0005 0.4837 0.0746
122      122   (0)     10  : 0.5134 0.0000 0.0000 0.0000 0.0163 0.0000 0.0000 0.0000 0.0000 0.0071 0.0451 0.0000 0.0052 0.0140 0.0000 0.2008 0.0000 0.0000 0.0929 0.1053
123      123   (0)     10  : 0.2858 0.0173 0.0054 0.0109 0.0519 0.0000 0.0205 0.0043 0.0000 0.0014 0.0190 0.0173 0.0229 0.0206 0.0142 0.2350 0.0446 0.0708 0.0791 0.0791
124      124   (0)     10  : 0.3492 0.0000 0.0465 0.0000 0.0042 0.0000 0.0031 0.0002 0.0000 0.0244 0.2115 0.0016 0.0000 0.0000 0.0000 0.1341 0.0330 0.0498 0.0782 0.0641
125      125   (0)     10  : 0.3367 0.0000 0.0279 0.0000 0.0000 0.1439 0.0025 0.0007 0.0000 0.0188 0.1734 0.0042 0.0000 0.0561 0.0000 0.0038 0.0384 0.0364 0.1278 0.0294
126      126   (0)     10  : 0.3003 0.0000 0.0086 0.0000 0.0033 0.0000 0.0000 0.0000 0.0000 0.0192 0.1926 0.0000 0.0000 0.0138 0.0000 0.0562 0.0278 0.0893 0.1504 0.1384
127      127   (0)     10  : 0.3947 0.0000 0.0000 0.0000 0.0211 0.0000 0.0002 0.0000 0.0000 0.0003 0.1985 0.0134 0.0000 0.0141 0.0000 0.0211 0.0559 0.0150 0.1507 0.1151
128      128   (0)     10  : 0.3348 0.0000 0.0145 0.0000 0.0036 0.0000 0.0052 0.0058 0.0000 0.0139 0.1870 0.0292 0.0000 0.0050 0.0000 0.0156 0.0390 0.0995 0.2241 0.0227
129      129   (0)     10  : 0.8815 0.0000 0.0000 0.0000 0.0000 0.0000 0.0002 0.0000 0.0000 0.0010 0.0215 0.0000 0.0000 0.0016 0.0000 0.0147 0.0000 0.0341 0.0000 0.0454
130      130   (0)     10  : 0.5405 0.0000 0.0000 0.0000 0.0000 0.0000 0.0000 0.0012 0.0000 0.0000 0.0932 0.0000 0.0078 0.0004 0.0000 0.0118 0.0418 0.0284 0.1529 0.1220
131      131   (0)     10  : 0.4642 0.0000 0.0261 0.0000 0.0148 0.0000 0.0201 0.0024 0.0000 0.0012 0.0866 0.0295 0.0000 0.0495 0.0000 0.0214 0.0683 0.0683 0.1068 0.0405
132      132   (0)     10  : 0.3188 0.0000 0.0476 0.0000 0.0108 0.0355 0.0200 0.0090 0.0000 0.0001 0.1511 0.0012 0.0000 0.0007 0.0000 0.0728 0.0838 0.0177 0.1335 0.0976
133      133   (0)     10  : 0.4571 0.0017 0.0221 0.0006 0.0231 0.0037 0.0076 0.0005 0.0024 0.0127 0.1425 0.0120 0.0008 0.0430 0.0000 0.0107 0.0679 0.0137 0.0938 0.0843
134      134   (0)     10  : 0.5343 0.0000 0.0415 0.0000 0.0247 0.0126 0.0000 0.0000 0.0000 0.0008 0.0937 0.0008 0.0131 0.0009 0.0004 0.0145 0.0377 0.0096 0.0721 0.1432
135      135   (0)     10  : 0.3510 0.0000 0.0291 0.0000 0.0609 0.0000 0.0101 0.0017 0.0000 0.0000 0.2496 0.0064 0.0189 0.0057 0.0000 0.0135 0.0450 0.0335 0.0841 0.0906
136      136   (0)     10  : 0.4021 0.0000 0.0036 0.0000 0.0033 0.0000 0.0000 0.0001 0.0000 0.0000 0.2486 0.0042 0.0150 0.0133 0.0000 0.0364 0.0325 0.0000 0.2074 0.0334
137      137   (0)     11  : 0.0000 0.2391 0.0773 0.2834 0.0000 0.0000 0.0000 0.0000 0.0796 0.0000 0.0000 0.0000 0.0000 0.0000 0.1858 0.0218 0.0741 0.0000 0.0000 0.0390
138      138   (0)     12  : 0.1783 0.0000 0.0372 0.0000 0.0152 0.1452 0.0125 0.0768 0.0000 0.0415 0.1007 0.0000 0.0003 0.0503 0.0000 0.0235 0.0563 0.0228 0.2133 0.0261
139      139   (0)     12  : 0.0304 0.0058 0.0597 0.1110 0.0000 0.3807 0.0000 0.0000 0.0590 0.0000 0.2270 0.0000 0.0000 0.0000 0.0143 0.0054 0.0275 0.0000 0.0360 0.0432
140      140   (0)     12  : 0.0000 0.0000 0.0326 0.0000 0.0000 0.0000 0.1904 0.7377 0.0000 0.0001 0.0000 0.0000 0.0000 0.0000 0.0000 0.0000 0.0034 0.0000 0.0359 0.0000
141      141   (0)     12  : 0.0000 0.0000 0.0000 0.0000 0.0000 0.7767 0.0000 0.0000 0.0000 0.0074 0.0000 0.0000 0.2159 0.0000 0.0000 0.0000 0.0000 0.0000 0.0000 0.0000
142      142   (0)     12  : 0.3155 0.0000 0.0463 0.0000 0.0030 0.0069 0.0010 0.0321 0.0000 0.0045 0.2098 0.0215 0.0133 0.0333 0.0000 0.0604 0.0785 0.0288 0.1003 0.0448
143      143   (0)     12  : 0.0283 0.0000 0.0525 0.0000 0.0000 0.6681 0.0000 0.0000 0.0000 0.0000 0.0406 0.0034 0.0000 0.0973 0.0000 0.0000 0.0245 0.0000 0.0231 0.0623
144      144   (0)     12  : 0.2783 0.0000 0.1126 0.0000 0.0000 0.0312 0.0071 0.0431 0.0020 0.0000 0.2009 0.0004 0.0098 0.0000 0.0004 0.0319 0.0717 0.0240 0.0536 0.1332
145      145   (0)     12  : 0.0079 0.0000 0.0000 0.0000 0.0018 0.0000 0.1775 0.3152 0.0000 0.0000 0.0616 0.0000 0.0213 0.0072 0.0000 0.0400 0.1297 0.0249 0.1738 0.0391
146      146   (0)     13  : 0.0000 0.3046 0.0000 0.2857 0.0000 0.0000 0.0000 0.0000 0.0000 0.0000 0.0000 0.0000 0.0000 0.0000 0.3672 0.0067 0.0000 0.0000 0.0000 0.0357
147      147   (0)     13  : 0.0000 0.1132 0.0000 0.4075 0.0000 0.0000 0.0000 0.0000 0.0304 0.0000 0.0000 0.0019 0.0000 0.0000 0.4061 0.0000 0.0186 0.0000 0.0000 0.0223
148      148   (0)     13  : 0.0000 0.0110 0.0000 0.0231 0.0000 0.0000 0.0000 0.0000 0.0000 0.0000 0.0000 0.0000 0.0000 0.0000 0.9658 0.0000 0.0000 0.0000 0.0000 0.0000
149      149   (0)     13  : 0.0000 0.1109 0.0000 0.4890 0.0000 0.0000 0.0000 0.0000 0.0804 0.0000 0.0000 0.0000 0.0000 0.0000 0.2763 0.0216 0.0000 0.0000 0.0000 0.0217
150      150   (0)     13  : 0.0000 0.5148 0.0000 0.2252 0.0000 0.0000 0.0000 0.0000 0.0000 0.0000 0.0000 0.0000 0.0000 0.0000 0.1528 0.0714 0.0000 0.0000 0.0000 0.0357
151      151   (0)     14  : 0.0000 0.6547 0.0000 0.1416 0.0000 0.0000 0.0000 0.0000 0.0435 0.0000 0.0000 0.0000 0.0000 0.0000 0.1047 0.0185 0.0168 0.0000 0.0000 0.0202
152      152   (0)     14  : 0.2697 0.0000 0.0000 0.0000 0.0108 0.0000 0.0022 0.0032 0.0000 0.0062 0.3203 0.0076 0.0000 0.0281 0.0000 0.0001 0.0509 0.0085 0.0237 0.2686
153      153   (0)     15  : 0.0000 0.0000 0.0000 0.0000 0.0000 1.0000 0.0000 0.0000 0.0000 0.0000 0.0000 0.0000 0.0000 0.0000 0.0000 0.0000 0.0000 0.0000 0.0000 0.0000
154      154   (0)     15  : 0.0000 0.2626 0.0000 0.2721 0.0000 0.0000 0.0000 0.0000 0.1261 0.0000 0.0000 0.0000 0.0000 0.0000 0.2162 0.0149 0.0851 0.0000 0.0000 0.0230
155      155   (0)     16  : 0.4158 0.0000 0.0304 0.0000 0.0094 0.0258 0.0010 0.0026 0.0000 0.0002 0.2705 0.0259 0.0019 0.0010 0.0000 0.0299 0.0359 0.0114 0.0930 0.0454
156      156   (0)     16  : 0.4837 0.0000 0.0013 0.0000 0.0086 0.0000 0.0353 0.0017 0.0000 0.0032 0.0994 0.0330 0.0623 0.0000 0.0000 0.0605 0.0233 0.0240 0.0717 0.0921
157      157   (0)     17  : 0.0000 0.0000 0.0555 0.0000 0.0000 0.9418 0.0000 0.0000 0.0000 0.0000 0.0000 0.0000 0.0026 0.0000 0.0000 0.0000 0.0000 0.0000 0.0000 0.0000
158      158   (0)     17  : 0.0000 0.0000 0.0001 0.0000 0.0000 0.0000 0.9641 0.0357 0.0000 0.0000 0.0000 0.0000 0.0000 0.0000 0.0000 0.0000 0.0000 0.0000 0.0000 0.0000
159      159   (0)     18  : 0.3090 0.0000 0.0102 0.0000 0.0015 0.0001 0.0002 0.0000 0.0000 0.0000 0.2535 0.0009 0.0005 0.0562 0.0000 0.0662 0.0289 0.0576 0.1205 0.0947
160      160   (0)     18  : 0.1220 0.0000 0.0000 0.0000 0.0039 0.0000 0.0000 0.0000 0.0000 0.0045 0.3952 0.0050 0.0329 0.0008 0.0000 0.0179 0.0422 0.0608 0.2125 0.1024
161      161   (0)     18  : 0.1582 0.0000 0.0000 0.0000 0.0031 0.0000 0.0000 0.0000 0.0000 0.0316 0.3334 0.0002 0.0119 0.0124 0.0000 0.0741 0.0416 0.0340 0.2087 0.0909
162      162   (0)     19  : 0.2391 0.0000 0.0240 0.0000 0.0172 0.0597 0.0001 0.0000 0.0000 0.0034 0.1068 0.1050 0.0000 0.0886 0.0000 0.0168 0.0542 0.0807 0.1313 0.0732
163      163   (0)     19  : 0.0335 0.0451 0.1705 0.0380 0.0143 0.1815 0.0000 0.0000 0.0162 0.0000 0.0094 0.0072 0.0000 0.0000 0.0057 0.3506 0.0566 0.0000 0.0590 0.0124
164      164   (0)     19  : 0.0784 0.0000 0.0000 0.0000 0.0936 0.0000 0.0000 0.0000 0.0000 0.0006 0.0257 0.0004 0.0010 0.0013 0.0000 0.6532 0.0577 0.0000 0.0880 0.0002
