 1        1   (0)      1 :  0.0000 0.0000 0.9926 0.0074 0.0000 
 2        2   (0)      1 :  0.0000 0.0089 0.7695 0.0752 0.1463 
 3        3   (0)      1 :  0.0000 0.0000 0.1591 0.7800 0.0609 
 4        4   (0)      1 :  0.0000 0.0000 0.4833 0.4786 0.0381 
 5        5   (0)      1 :  0.0000 0.0000 0.9935 0.0065 0.0000 
 6        6   (0)      1 :  0.0000 0.0000 0.1556 0.7800 0.0644 
 7        7   (0)      2 :  0.0000 0.0000 1.0000 0.0000 0.0000 
 8        8   (0)      2 :  0.0000 0.0000 0.1515 0.7800 0.0685 
 9        9   (0)      2 :  0.0471 0.0227 0.8696 0.0346 0.0261 
10       10   (0)      2 :  0.0000 0.0000 1.0000 0.0000 0.0000 
11       11   (0)      2 :  0.0000 0.0000 0.1767 0.7800 0.0433 
12       12   (0)      2 :  0.0000 0.0000 0.5640 0.4211 0.0150 
13       13   (0)      2 :  0.0000 0.0060 0.1272 0.6547 0.2121 
14       14   (0)      3 :  0.4931 0.4916 0.0000 0.0154 0.0000 
15       15   (0)      3 :  0.5406 0.4034 0.0000 0.0559 0.0000 
16       16   (0)      3 :  0.6134 0.3659 0.0000 0.0207 0.0000 
17       17   (0)      3 :  0.5160 0.4096 0.0000 0.0745 0.0000 
18       18   (0)      3 :  0.5650 0.4040 0.0000 0.0310 0.0000 
19       19   (0)      3 :  0.5327 0.4175 0.0000 0.0498 0.0000 
20       20   (0)      3 :  0.5739 0.2887 0.0000 0.0781 0.0593 
21       21   (0)      3 :  0.7151 0.2505 0.0000 0.0344 0.0000 
22       22   (0)      3 :  0.5051 0.4565 0.0000 0.0383 0.0000 
23       23   (0)      3 :  0.7428 0.1886 0.0000 0.0686 0.0000 
24       24   (0)      3 :  0.6161 0.3379 0.0000 0.0460 0.0000 
25       25   (0)      3 :  0.0000 0.0482 0.0000 0.0083 0.9435 
26       26   (0)      4 :  0.0000 0.0200 0.9800 0.0000 0.0000 
27       27   (0)      4 :  0.4586 0.4651 0.0000 0.0763 0.0000 
28       28   (0)      4 :  0.6601 0.2971 0.0000 0.0428 0.0000 
29       29   (0)      4 :  0.0000 0.0000 1.0000 0.0000 0.0000 
30       30   (0)      4 :  0.6067 0.3750 0.0000 0.0184 0.0000 
31       31   (0)      4 :  0.7109 0.2040 0.0000 0.0851 0.0000 
32       32   (0)      4 :  0.2688 0.2071 0.4848 0.0391 0.0002 
33       33   (0)      4 :  0.7609 0.2203 0.0000 0.0188 0.0000 
34       34   (0)      4 :  0.3526 0.5720 0.0000 0.0753 0.0000 
35       35   (0)      4 :  0.3855 0.5211 0.0000 0.0934 0.0000 
36       36   (0)      4 :  0.5393 0.4082 0.0000 0.0525 0.0000 
37       37   (0)      4 :  0.7327 0.2415 0.0000 0.0259 0.0000 
38       38   (0)      4 :  0.6958 0.2585 0.0000 0.0457 0.0000 
39       39   (0)      4 :  0.0000 0.0000 1.0000 0.0000 0.0000 
40       40   (0)      5 :  0.4285 0.5546 0.0000 0.0170 0.0000 
41       41   (0)      5 :  0.5989 0.3299 0.0000 0.0713 0.0000 
42       42   (0)      5 :  0.6498 0.3337 0.0000 0.0165 0.0000 
43       43   (0)      5 :  0.0000 0.0000 1.0000 0.0000 0.0000 
44       44   (0)      5 :  0.7374 0.2249 0.0000 0.0377 0.0000 
45       45   (0)      5 :  0.3614 0.6036 0.0000 0.0350 0.0000 
46       46   (0)      5 :  0.6257 0.2752 0.0000 0.0991 0.0000 
47       47   (0)      5 :  0.6078 0.3068 0.0000 0.0854 0.0000 
48       48   (0)      5 :  0.1850 0.7550 0.0000 0.0600 0.0000 
49       49   (0)      5 :  0.0000 0.0000 1.0000 0.0000 0.0000 
50       50   (0)      5 :  0.5282 0.4272 0.0000 0.0447 0.0000 
51       51   (0)      5 :  0.0000 0.0000 1.0000 0.0000 0.0000 
52       52   (0)      5 :  0.0000 0.0000 1.0000 0.0000 0.0000 
53       53   (0)      6 :  0.0000 0.0000 1.0000 0.0000 0.0000 
54       54   (0)      6 :  0.6685 0.2515 0.0000 0.0800 0.0000 
55       55   (0)      6 :  0.0000 0.0088 0.8597 0.0575 0.0741 
56       56   (0)      6 :  0.0000 0.0064 0.0000 0.0073 0.9862 
57       57   (0)      6 :  0.0000 0.0200 0.0000 0.0102 0.9698 
58       58   (0)      6 :  0.0000 0.0044 0.0000 0.0050 0.9906 
59       59   (0)      6 :  0.2607 0.6001 0.0131 0.0707 0.0553 
60       60   (0)      6 :  0.5598 0.4224 0.0000 0.0178 0.0000 
61       61   (0)      6 :  0.6483 0.3060 0.0000 0.0457 0.0000 
62       62   (0)      6 :  0.5361 0.3898 0.0000 0.0741 0.0000 
63       63   (0)      6 :  0.0186 0.0297 0.8257 0.0308 0.0952 
64       64   (0)      7 :  0.0000 0.0000 1.0000 0.0000 0.0000 
65       65   (0)      7 :  0.0000 0.0000 1.0000 0.0000 0.0000 
66       66   (0)      7 :  0.0000 0.0076 0.9636 0.0000 0.0288 
67       67   (0)      7 :  0.0000 0.0085 0.9007 0.0515 0.0393 
68       68   (0)      8 :  0.5654 0.2643 0.0000 0.0762 0.0941 
69       69   (0)      8 :  0.4665 0.2950 0.0486 0.0525 0.1373 
70       70   (0)      8 :  0.3040 0.6276 0.0000 0.0685 0.0000 
71       71   (0)      8 :  0.4836 0.4033 0.0258 0.0627 0.0246 
72       72   (0)      8 :  0.3011 0.5274 0.0000 0.0650 0.1065 
73       73   (0)      8 :  0.0000 0.0073 0.0000 0.0077 0.9849 
74       74   (0)      9 :  0.0289 0.0200 0.7725 0.0455 0.1331 
75       75   (0)      9 :  0.0055 0.0326 0.8744 0.0041 0.0834 
76       76   (0)     10 :  0.0000 0.0200 0.9798 0.0002 0.0000 
77       77   (0)     11 :  0.0000 0.0200 0.9800 0.0000 0.0000 
78       78   (0)     12 :  0.0000 0.0000 1.0000 0.0000 0.0000 
79       79   (0)     13 :  0.2090 0.1891 0.0000 0.0351 0.5668 
80       80   (0)     13 :  0.4605 0.5049 0.0000 0.0346 0.0000 
