1        1   (0)      1  : 0.0000 1.0000 0.0000 0.0000 0.0000
2        2   (0)      2  : 0.0166 0.1550 0.3590 0.3549 0.1144
3        3   (0)      2  : 1.0000 0.0000 0.0000 0.0000 0.0000
4        4   (0)      3  : 0.7841 0.0028 0.1667 0.0442 0.0022
5        5   (0)      3  : 0.9299 0.0000 0.0616 0.0074 0.0012
6        6   (0)      3  : 0.9357 0.0000 0.0016 0.0000 0.0627
7        7   (0)      3  : 0.0000 0.0722 0.0907 0.8304 0.0067
8        8   (0)      3  : 0.8711 0.0008 0.0286 0.0393 0.0601
9        9   (0)      3  : 0.9994 0.0000 0.0000 0.0006 0.0000
10       10   (0)      4  : 0.9777 0.0000 0.0000 0.0191 0.0032
11       11   (0)      4  : 0.7532 0.0000 0.0099 0.0420 0.1949
12       12   (0)      4  : 1.0000 0.0000 0.0000 0.0000 0.0000
13       13   (0)      4  : 0.9998 0.0000 0.0000 0.0002 0.0000
14       14   (0)      5  : 0.0000 0.0000 1.0000 0.0000 0.0000
15       15   (0)      5  : 0.0000 0.0800 0.0000 0.9200 0.0000
16       16   (0)      5  : 0.0169 0.1949 0.2202 0.4967 0.0714
17       17   (0)      5  : 0.5027 0.0000 0.0465 0.0800 0.3708
18       18   (0)      5  : 0.9992 0.0000 0.0000 0.0008 0.0000
19       19   (0)      5  : 0.5049 0.0000 0.0497 0.0800 0.3653
20       20   (0)      5  : 0.9983 0.0000 0.0000 0.0017 0.0000
21       21   (0)      5  : 1.0000 0.0000 0.0000 0.0000 0.0000
22       22   (0)      5  : 0.5093 0.0000 0.0199 0.0800 0.3908
23       23   (0)      5  : 0.9949 0.0000 0.0000 0.0042 0.0009
24       24   (0)      5  : 0.0000 0.0800 0.0000 0.9200 0.0000
25       25   (0)      5  : 0.0000 0.0000 1.0000 0.0000 0.0000
26       26   (0)      5  : 0.9991 0.0000 0.0000 0.0009 0.0000
27       27   (0)      5  : 0.0000 0.0800 0.0000 0.9200 0.0000
28       28   (0)      5  : 0.0000 0.0800 0.0000 0.9129 0.0071
29       29   (0)      6  : 0.0000 1.0000 0.0000 0.0000 0.0000
30       30   (0)      6  : 0.0202 0.0000 0.0530 0.0000 0.9268
31       31   (0)      6  : 1.0000 0.0000 0.0000 0.0000 0.0000
32       32   (0)      6  : 0.8775 0.0108 0.0015 0.0277 0.0826
33       33   (0)      6  : 0.0000 0.9296 0.0000 0.0427 0.0277
34       34   (0)      6  : 0.0000 0.0000 1.0000 0.0000 0.0000
35       35   (0)      6  : 0.0000 1.0000 0.0000 0.0000 0.0000
36       36   (0)      6  : 0.0000 1.0000 0.0000 0.0000 0.0000
37       37   (0)      7  : 0.0184 0.0000 0.0616 0.0000 0.9200
38       38   (0)      7  : 0.4879 0.0000 0.0691 0.0800 0.3630
39       39   (0)      7  : 0.0000 0.0000 1.0000 0.0000 0.0000
40       40   (0)      7  : 0.0000 0.0000 1.0000 0.0000 0.0000
41       41   (0)      7  : 0.5565 0.0000 0.0175 0.0800 0.3459
42       42   (0)      7  : 0.0000 0.0000 1.0000 0.0000 0.0000
43       43   (0)      7  : 0.5032 0.0000 0.0230 0.0800 0.3938
44       44   (0)      7  : 0.2145 0.2562 0.0019 0.3256 0.2018
45       45   (0)      7  : 1.0000 0.0000 0.0000 0.0000 0.0000
46       46   (0)      7  : 0.0000 1.0000 0.0000 0.0000 0.0000
47       47   (0)      7  : 1.0000 0.0000 0.0000 0.0000 0.0000
48       48   (0)      7  : 0.0000 0.9995 0.0000 0.0000 0.0005
49       49   (0)      7  : 0.0219 0.0000 0.0581 0.0000 0.9200
50       50   (0)      7  : 0.3773 0.0315 0.0931 0.3845 0.1135
51       51   (0)      7  : 0.0205 0.0000 0.0595 0.0000 0.9200
52       52   (0)      7  : 0.0000 0.0800 0.0000 0.9200 0.0000
53       53   (0)      7  : 1.0000 0.0000 0.0000 0.0000 0.0000
54       54   (0)      7  : 1.0000 0.0000 0.0000 0.0000 0.0000
55       55   (0)      7  : 0.9970 0.0000 0.0000 0.0030 0.0000
56       56   (0)      7  : 1.0000 0.0000 0.0000 0.0000 0.0000
57       57   (0)      8  : 0.0000 0.0000 1.0000 0.0000 0.0000
58       58   (0)      8  : 0.0000 0.0800 0.0000 0.9200 0.0000
59       59   (0)      8  : 1.0000 0.0000 0.0000 0.0000 0.0000
60       60   (0)      8  : 0.0000 0.0000 1.0000 0.0000 0.0000
61       61   (0)      8  : 0.0000 0.0000 1.0000 0.0000 0.0000
62       62   (0)      8  : 0.0212 0.0000 0.0588 0.0000 0.9200
63       63   (0)      8  : 0.0000 0.0000 1.0000 0.0000 0.0000
64       64   (0)      8  : 1.0000 0.0000 0.0000 0.0000 0.0000
65       65   (0)      8  : 0.0000 1.0000 0.0000 0.0000 0.0000
66       66   (0)      8  : 1.0000 0.0000 0.0000 0.0000 0.0000
67       67   (0)      8  : 1.0000 0.0000 0.0000 0.0000 0.0000
68       68   (0)      8  : 1.0000 0.0000 0.0000 0.0000 0.0000
69       69   (0)      8  : 0.0000 1.0000 0.0000 0.0000 0.0000
70       70   (0)      8  : 0.0000 0.0000 1.0000 0.0000 0.0000
71       71   (0)      8  : 0.0000 1.0000 0.0000 0.0000 0.0000
72       72   (0)      8  : 0.0213 0.0000 0.0587 0.0000 0.9200
73       73   (0)      8  : 0.6532 0.0000 0.0147 0.0632 0.2690
74       74   (0)      8  : 1.0000 0.0000 0.0000 0.0000 0.0000
75       75   (0)      8  : 1.0000 0.0000 0.0000 0.0000 0.0000
76       76   (0)      8  : 0.0000 1.0000 0.0000 0.0000 0.0000
77       77   (0)      8  : 0.9975 0.0000 0.0000 0.0025 0.0000
78       78   (0)      9  : 0.0000 0.0000 1.0000 0.0000 0.0000
79       79   (0)      9  : 0.0000 0.0000 1.0000 0.0000 0.0000
80       80   (0)      9  : 0.0179 0.0000 0.0621 0.0000 0.9200
81       81   (0)      9  : 0.0000 0.0000 1.0000 0.0000 0.0000
82       82   (0)      9  : 0.0000 1.0000 0.0000 0.0000 0.0000
83       83   (0)      9  : 0.9690 0.0000 0.0000 0.0265 0.0045
84       84   (0)      9  : 0.0330 0.4275 0.0000 0.4562 0.0833
85       85   (0)      9  : 1.0000 0.0000 0.0000 0.0000 0.0000
86       86   (0)      9  : 1.0000 0.0000 0.0000 0.0000 0.0000
87       87   (0)      9  : 1.0000 0.0000 0.0000 0.0000 0.0000
88       88   (0)      9  : 0.0000 0.0000 1.0000 0.0000 0.0000
89       89   (0)      9  : 0.0000 0.0000 1.0000 0.0000 0.0000
90       90   (0)      9  : 0.8637 0.0000 0.0050 0.0258 0.1056
91       91   (0)      9  : 0.0196 0.0000 0.0604 0.0000 0.9200
92       92   (0)     10  : 0.2518 0.0314 0.4348 0.2290 0.0530
93       93   (0)     11  : 0.3734 0.3483 0.0114 0.2421 0.0249
94       94   (0)     11  : 0.0000 0.0800 0.0000 0.9200 0.0000
95       95   (0)     11  : 0.0022 0.2248 0.0005 0.5939 0.1786
96       96   (0)     12  : 0.0000 0.0800 0.0000 0.9200 0.0000
97       97   (0)     12  : 0.0000 0.0800 0.0000 0.9200 0.0000
98       98   (0)     12  : 0.0000 0.0800 0.0000 0.9200 0.0000
99       99   (0)     12  : 0.0000 0.0800 0.0000 0.9200 0.0000
100      100   (0)     12  : 0.0000 1.0000 0.0000 0.0000 0.0000
101      101   (0)     13  : 0.0000 1.0000 0.0000 0.0000 0.0000
102      102   (0)     13  : 0.0000 0.0800 0.0000 0.9200 0.0000
103      103   (0)     14  : 0.0000 0.0000 0.9219 0.0206 0.0575
104      104   (0)     14  : 0.0000 1.0000 0.0000 0.0000 0.0000
105      105   (0)     14  : 0.0001 0.7983 0.0547 0.0541 0.0927
106      106   (0)     14  : 0.0000 0.9800 0.0000 0.0000 0.0200
107      107   (0)     14  : 0.0209 0.0000 0.0591 0.0000 0.9200
108      108   (0)     15  : 0.0003 0.2955 0.1358 0.3489 0.2196
109      109   (0)     15  : 0.0000 0.9912 0.0000 0.0000 0.0088
110      110   (0)     15  : 0.0000 1.0000 0.0000 0.0000 0.0000
111      111   (0)     15  : 1.0000 0.0000 0.0000 0.0000 0.0000
112      112   (0)     15  : 0.0002 0.0193 0.7501 0.2261 0.0042
113      113   (0)     15  : 0.0000 0.9989 0.0000 0.0011 0.0000
114      114   (0)     15  : 0.0000 0.9014 0.0000 0.0786 0.0200
