1        1   (0)      1  : 0.0748 0.0000 0.0002 0.0209 0.0007 0.0031 0.0959 0.6743 0.0000 0.0080 0.0762 0.0084 0.0375
2        2   (0)      1  : 0.0000 0.0000 0.0095 0.0002 0.0801 0.0000 0.4589 0.3997 0.0000 0.0068 0.0000 0.0177 0.0271
3        3   (0)      1  : 0.0000 0.0000 0.0000 0.0049 0.0000 0.0000 0.0070 0.9760 0.0000 0.0000 0.0000 0.0000 0.0121
4        4   (0)      1  : 0.0000 0.0000 0.0000 0.0000 0.0000 0.0000 0.5200 0.4800 0.0000 0.0000 0.0000 0.0000 0.0000
5        5   (0)      1  : 0.3709 0.0000 0.1339 0.0185 0.0166 0.0941 0.1056 0.0969 0.0000 0.0002 0.1233 0.0021 0.0379
6        6   (0)      1  : 0.5134 0.0000 0.1041 0.0155 0.0175 0.0573 0.0526 0.0410 0.0000 0.0044 0.1501 0.0227 0.0212
7        7   (0)      1  : 0.7053 0.0000 0.0000 0.0227 0.0030 0.0000 0.0222 0.0075 0.0000 0.0078 0.1602 0.0281 0.0430
8        8   (0)      1  : 0.4157 0.0000 0.0963 0.0236 0.0144 0.0508 0.1490 0.1086 0.0000 0.0007 0.1164 0.0040 0.0205
9        9   (0)      1  : 0.0000 0.0000 0.0000 0.0000 0.0000 0.0000 0.5200 0.4800 0.0000 0.0000 0.0000 0.0000 0.0000
10       10   (0)      1  : 0.7164 0.0000 0.0000 0.0175 0.0093 0.0000 0.0060 0.0000 0.0000 0.0562 0.1468 0.0303 0.0177
11       11   (0)      1  : 0.7373 0.0000 0.0000 0.0033 0.0305 0.0000 0.0188 0.0010 0.0000 0.0500 0.0887 0.0257 0.0447
12       12   (0)      1  : 0.0000 0.0000 0.0000 0.0000 0.0600 0.0000 0.3800 0.0000 0.0000 0.1200 0.0000 0.0400 0.4000
13       13   (0)      1  : 0.5916 0.0000 0.0000 0.0086 0.0026 0.0012 0.0044 0.0011 0.0000 0.0452 0.2638 0.0439 0.0374
14       14   (0)      1  : 0.3807 0.0069 0.0957 0.0103 0.0052 0.1151 0.0586 0.1478 0.0166 0.0123 0.0805 0.0330 0.0374
15       15   (0)      1  : 0.0000 0.0000 0.9993 0.0000 0.0000 0.0000 0.0000 0.0000 0.0000 0.0007 0.0000 0.0000 0.0000
16       16   (0)      1  : 0.0000 0.0000 0.0000 0.1000 0.0000 0.0000 0.0800 0.6800 0.0000 0.0000 0.0000 0.0200 0.1200
17       17   (0)      1  : 0.0000 0.0000 0.0000 0.1000 0.0000 0.0000 0.0800 0.6800 0.0000 0.0000 0.0000 0.0200 0.1200
18       18   (0)      1  : 0.0000 0.0000 0.0000 0.0000 0.0000 0.0000 0.0000 0.0000 0.0000 1.0000 0.0000 0.0000 0.0000
19       19   (0)      1  : 0.5689 0.0000 0.0000 0.0396 0.0412 0.0027 0.0140 0.0060 0.0000 0.0168 0.1970 0.0599 0.0540
20       20   (0)      1  : 0.5748 0.0000 0.0000 0.0148 0.0067 0.0043 0.0249 0.0016 0.0000 0.0176 0.2306 0.0511 0.0736
21       21   (0)      1  : 0.0000 0.0000 0.0000 0.0063 0.0000 0.0000 0.0091 0.9689 0.0000 0.0000 0.0000 0.0000 0.0156
22       22   (0)      1  : 0.0000 0.0000 1.0000 0.0000 0.0000 0.0000 0.0000 0.0000 0.0000 0.0000 0.0000 0.0000 0.0000
23       23   (0)      1  : 0.6742 0.0000 0.0015 0.0046 0.0315 0.0030 0.0263 0.0039 0.0000 0.0062 0.2003 0.0208 0.0277
24       24   (0)      2  : 0.0000 0.0000 0.0000 0.0189 0.0000 0.0000 0.0174 0.9298 0.0000 0.0000 0.0000 0.0023 0.0317
25       25   (0)      2  : 0.5961 0.0000 0.0000 0.0298 0.0000 0.0141 0.0035 0.0000 0.0000 0.0005 0.3100 0.0091 0.0369
26       26   (0)      2  : 0.1733 0.0000 0.0000 0.0073 0.0029 0.0000 0.1124 0.5793 0.0000 0.0142 0.0878 0.0012 0.0216
27       27   (0)      2  : 0.6048 0.0000 0.0000 0.0157 0.0290 0.0012 0.0119 0.0464 0.0000 0.1007 0.1497 0.0140 0.0265
28       28   (0)      2  : 0.6568 0.0000 0.0244 0.0109 0.0007 0.0093 0.0021 0.0447 0.0000 0.0026 0.2137 0.0242 0.0106
29       29   (0)      2  : 0.5051 0.0000 0.0000 0.0354 0.0497 0.0058 0.0105 0.0348 0.0000 0.0528 0.2441 0.0280 0.0337
30       30   (0)      2  : 0.0000 0.1381 0.0000 0.1400 0.0000 0.0000 0.0000 0.0000 0.7145 0.0000 0.0074 0.0000 0.0000
31       31   (0)      2  : 0.6126 0.0000 0.0105 0.0212 0.0041 0.0171 0.0080 0.0176 0.0000 0.0585 0.2021 0.0215 0.0267
32       32   (0)      2  : 0.0000 0.0000 0.0000 0.0020 0.0000 0.0000 0.0026 0.9905 0.0000 0.0000 0.0000 0.0000 0.0049
33       33   (0)      2  : 0.0000 0.0000 0.0000 0.0000 0.0000 0.0000 0.0000 0.0000 0.0000 1.0000 0.0000 0.0000 0.0000
34       34   (0)      2  : 0.7482 0.0000 0.0000 0.0031 0.0040 0.0037 0.0018 0.0011 0.0000 0.0088 0.1751 0.0119 0.0423
35       35   (0)      2  : 0.5578 0.0000 0.0245 0.0126 0.0314 0.0005 0.0236 0.0256 0.0000 0.0313 0.2117 0.0463 0.0347
36       36   (0)      2  : 0.0000 0.0000 0.0000 0.0000 0.0000 0.0000 0.5200 0.4786 0.0000 0.0000 0.0000 0.0004 0.0011
37       37   (0)      3  : 0.7172 0.0000 0.0000 0.0065 0.0312 0.0004 0.0078 0.0186 0.0000 0.0136 0.1500 0.0326 0.0222
38       38   (0)      3  : 0.2873 0.0000 0.0000 0.0070 0.2127 0.0338 0.0238 0.0083 0.0000 0.0128 0.3139 0.0181 0.0824
39       39   (0)      3  : 0.5916 0.0000 0.0000 0.0228 0.0307 0.0080 0.0088 0.0091 0.0000 0.0120 0.2633 0.0061 0.0476
40       40   (0)      3  : 0.5400 0.0000 0.0000 0.0247 0.0029 0.0054 0.0329 0.0142 0.0000 0.0084 0.2476 0.0350 0.0889
41       41   (0)      3  : 0.6887 0.0000 0.0000 0.0151 0.0451 0.0041 0.0189 0.0010 0.0000 0.0291 0.1594 0.0019 0.0367
42       42   (0)      4  : 0.0000 0.5886 0.0000 0.2231 0.0000 0.0000 0.0000 0.0000 0.1599 0.0000 0.0084 0.0000 0.0200
43       43   (0)      4  : 0.7009 0.0002 0.0000 0.0099 0.0168 0.0248 0.0132 0.0010 0.0000 0.0037 0.1715 0.0216 0.0364
44       44   (0)      4  : 0.0000 0.5090 0.0000 0.2795 0.0000 0.0000 0.0000 0.0000 0.1432 0.0000 0.0483 0.0000 0.0200
45       45   (0)      4  : 0.0000 0.4424 0.0000 0.1508 0.0000 0.0000 0.0000 0.0000 0.3513 0.0000 0.0355 0.0000 0.0200
46       46   (0)      4  : 0.6401 0.0082 0.0101 0.0336 0.0003 0.0003 0.0170 0.0273 0.0036 0.0007 0.2051 0.0295 0.0243
47       47   (0)      4  : 0.6109 0.0000 0.0000 0.0244 0.0000 0.0053 0.0002 0.0001 0.0000 0.0052 0.2975 0.0417 0.0148
48       48   (0)      4  : 0.5728 0.0000 0.0000 0.0069 0.0044 0.0081 0.0122 0.0001 0.0000 0.0369 0.2863 0.0371 0.0352
49       49   (0)      4  : 0.7678 0.0000 0.0000 0.0200 0.0000 0.0000 0.0089 0.0008 0.0000 0.0020 0.1833 0.0048 0.0123
50       50   (0)      4  : 0.0200 0.0000 0.0000 0.1400 0.0200 0.0200 0.0000 0.0000 0.0000 0.0400 0.3800 0.1400 0.2400
51       51   (0)      4  : 0.1197 0.0966 0.0305 0.1220 0.0010 0.2915 0.0051 0.0004 0.1452 0.0026 0.1265 0.0205 0.0384
52       52   (0)      4  : 0.6642 0.0049 0.0000 0.0203 0.0011 0.0317 0.0054 0.0011 0.0063 0.0257 0.1786 0.0537 0.0071
53       53   (0)      4  : 0.6317 0.0000 0.0000 0.0149 0.0097 0.0090 0.0091 0.0000 0.0004 0.0157 0.2742 0.0062 0.0292
54       54   (0)      4  : 0.6083 0.0169 0.0098 0.0269 0.0290 0.0083 0.0016 0.0030 0.0054 0.0005 0.2370 0.0299 0.0232
55       55   (0)      4  : 0.0200 0.0000 0.0000 0.1400 0.0200 0.0200 0.0000 0.0000 0.0000 0.0400 0.3800 0.1400 0.2400
56       56   (0)      4  : 0.0000 0.6343 0.0000 0.2057 0.0000 0.0000 0.0000 0.0000 0.1298 0.0000 0.0101 0.0000 0.0200
57       57   (0)      5  : 0.7722 0.0000 0.0000 0.0033 0.0005 0.0048 0.0136 0.0019 0.0000 0.0139 0.1553 0.0165 0.0180
58       58   (0)      5  : 0.6419 0.0000 0.0000 0.0066 0.0117 0.0127 0.0023 0.0000 0.0000 0.0669 0.2130 0.0252 0.0197
59       59   (0)      5  : 0.0000 0.6205 0.0000 0.2591 0.0000 0.0000 0.0000 0.0000 0.1171 0.0000 0.0034 0.0000 0.0000
60       60   (0)      5  : 0.8062 0.0000 0.0000 0.0012 0.0008 0.0000 0.0137 0.0000 0.0000 0.0081 0.0945 0.0563 0.0191
61       61   (0)      5  : 0.2623 0.1897 0.0937 0.1055 0.0796 0.0617 0.0030 0.0013 0.1508 0.0001 0.0456 0.0007 0.0062
62       62   (0)      5  : 0.0000 0.4105 0.0000 0.2611 0.0000 0.0000 0.0000 0.0000 0.2958 0.0000 0.0326 0.0000 0.0000
63       63   (0)      5  : 0.5263 0.0547 0.0068 0.0422 0.0201 0.0456 0.0252 0.0169 0.0797 0.0027 0.1414 0.0175 0.0209
64       64   (0)      5  : 0.7232 0.0000 0.0000 0.0042 0.0445 0.0008 0.0205 0.0001 0.0000 0.0146 0.1102 0.0476 0.0342
65       65   (0)      5  : 0.8163 0.0000 0.0000 0.0226 0.0001 0.0000 0.0081 0.0000 0.0000 0.0085 0.1237 0.0066 0.0140
66       66   (0)      5  : 0.7217 0.0000 0.0000 0.0105 0.0076 0.0010 0.0026 0.0143 0.0000 0.0022 0.2108 0.0128 0.0165
67       67   (0)      5  : 0.1084 0.0354 0.0299 0.1560 0.0008 0.0877 0.0200 0.0000 0.5142 0.0000 0.0474 0.0000 0.0000
68       68   (0)      5  : 0.0000 0.4313 0.0000 0.2073 0.0000 0.0000 0.0000 0.0000 0.3413 0.0000 0.0200 0.0000 0.0000
69       69   (0)      5  : 0.3864 0.0046 0.0013 0.0591 0.0618 0.0152 0.0264 0.0075 0.1749 0.0064 0.2005 0.0181 0.0378
70       70   (0)      5  : 0.0000 0.0200 0.0000 0.1855 0.0000 0.0000 0.0200 0.0000 0.7443 0.0000 0.0302 0.0000 0.0000
71       71   (0)      5  : 0.0000 0.1959 0.0000 0.1956 0.0000 0.0000 0.0000 0.0000 0.5670 0.0000 0.0136 0.0000 0.0279
72       72   (0)      5  : 0.5201 0.0149 0.0018 0.0477 0.0004 0.0082 0.0191 0.0068 0.0563 0.0135 0.2663 0.0049 0.0400
73       73   (0)      5  : 0.6163 0.0000 0.0000 0.0052 0.0051 0.0103 0.0078 0.0143 0.0000 0.0036 0.2707 0.0440 0.0229
74       74   (0)      5  : 0.0000 0.5989 0.0000 0.1917 0.0000 0.0000 0.0000 0.0000 0.1694 0.0000 0.0200 0.0000 0.0200
75       75   (0)      6  : 0.0000 0.1845 0.0000 0.2495 0.0000 0.0000 0.0000 0.0000 0.5441 0.0000 0.0164 0.0000 0.0055
76       76   (0)      6  : 0.6582 0.0045 0.0121 0.0301 0.0000 0.0211 0.0066 0.0115 0.0282 0.0164 0.1805 0.0178 0.0129
77       77   (0)      6  : 0.0000 0.3625 0.0000 0.2739 0.0000 0.0000 0.0000 0.0000 0.3485 0.0000 0.0137 0.0000 0.0014
78       78   (0)      6  : 0.0000 0.5208 0.0000 0.1791 0.0000 0.0000 0.0000 0.0000 0.2508 0.0000 0.0093 0.0000 0.0400
79       79   (0)      6  : 0.0000 0.2861 0.0000 0.1882 0.0000 0.0000 0.0000 0.0000 0.5019 0.0000 0.0200 0.0000 0.0038
80       80   (0)      6  : 0.0000 0.0000 0.0017 0.0058 0.0000 0.0000 0.0816 0.8960 0.0000 0.0000 0.0000 0.0007 0.0142
81       81   (0)      6  : 0.0000 0.2525 0.0000 0.1782 0.0000 0.0000 0.0037 0.0000 0.5406 0.0000 0.0079 0.0000 0.0172
82       82   (0)      6  : 0.0000 0.1325 0.0000 0.2605 0.0000 0.0000 0.0000 0.0000 0.5814 0.0000 0.0136 0.0000 0.0120
83       83   (0)      6  : 0.0000 0.0943 0.0052 0.1021 0.0000 0.0014 0.0041 0.0000 0.7775 0.0000 0.0097 0.0000 0.0058
84       84   (0)      6  : 0.0000 0.1268 0.0000 0.2746 0.0000 0.0000 0.0200 0.0000 0.5786 0.0000 0.0000 0.0000 0.0000
85       85   (0)      6  : 0.0000 0.1879 0.0000 0.1357 0.0000 0.0000 0.0000 0.0000 0.6564 0.0000 0.0200 0.0000 0.0000
86       86   (0)      6  : 0.0000 0.0511 0.0000 0.0505 0.0000 0.0000 0.0000 0.0000 0.8984 0.0000 0.0000 0.0000 0.0000
87       87   (0)      6  : 0.0000 0.6288 0.0000 0.1888 0.0000 0.0000 0.0000 0.0000 0.1492 0.0000 0.0273 0.0000 0.0059
88       88   (0)      6  : 0.0000 0.6080 0.0000 0.2132 0.0000 0.0000 0.0000 0.0000 0.1036 0.0000 0.0352 0.0000 0.0400
89       89   (0)      6  : 0.0000 0.4398 0.0000 0.2441 0.0000 0.0000 0.0000 0.0000 0.2415 0.0000 0.0477 0.0000 0.0270
90       90   (0)      6  : 0.0000 0.0551 0.0000 0.0321 0.0000 0.0000 0.4685 0.4146 0.0177 0.0000 0.0062 0.0000 0.0057
91       91   (0)      6  : 0.0000 0.6015 0.0000 0.1633 0.0000 0.0000 0.0000 0.0000 0.1753 0.0000 0.0400 0.0000 0.0200
92       92   (0)      6  : 0.3308 0.0000 0.0000 0.0220 0.1007 0.0536 0.0013 0.0080 0.0000 0.0040 0.3753 0.0050 0.0993
93       93   (0)      6  : 0.0000 0.0083 0.0345 0.0037 0.0000 0.9535 0.0000 0.0000 0.0000 0.0000 0.0000 0.0000 0.0000
94       94   (0)      6  : 0.4073 0.0000 0.0000 0.0541 0.0191 0.1021 0.0019 0.0000 0.0000 0.0076 0.3147 0.0265 0.0667
95       95   (0)      6  : 0.0000 0.0118 0.0145 0.0000 0.0000 0.9737 0.0000 0.0000 0.0000 0.0000 0.0000 0.0000 0.0000
96       96   (0)      6  : 0.0000 0.0087 0.0079 0.0098 0.0000 0.9532 0.0000 0.0000 0.0041 0.0000 0.0164 0.0000 0.0000
97       97   (0)      6  : 0.4716 0.0009 0.0000 0.0239 0.0333 0.1777 0.0139 0.0000 0.0000 0.0147 0.2061 0.0130 0.0449
98       98   (0)      6  : 0.0000 0.0037 0.1569 0.0034 0.0000 0.8318 0.0005 0.0000 0.0000 0.0000 0.0036 0.0000 0.0000
99       99   (0)      7  : 0.0000 0.2593 0.0000 0.2193 0.0000 0.0000 0.0000 0.0000 0.4750 0.0000 0.0400 0.0000 0.0063
100      100   (0)      7  : 0.4762 0.0555 0.0279 0.0402 0.0065 0.1661 0.0075 0.0091 0.0399 0.0006 0.1329 0.0114 0.0263
101      101   (0)      7  : 0.0000 0.0000 1.0000 0.0000 0.0000 0.0000 0.0000 0.0000 0.0000 0.0000 0.0000 0.0000 0.0000
102      102   (0)      7  : 0.0000 0.0000 1.0000 0.0000 0.0000 0.0000 0.0000 0.0000 0.0000 0.0000 0.0000 0.0000 0.0000
103      103   (0)      7  : 0.4425 0.0000 0.0000 0.0398 0.0377 0.0083 0.0335 0.0000 0.0000 0.0250 0.2770 0.0532 0.0829
104      104   (0)      7  : 0.4131 0.0000 0.0000 0.0130 0.0612 0.0143 0.0370 0.0101 0.0000 0.0127 0.3421 0.0353 0.0611
105      105   (0)      7  : 0.3081 0.0000 0.0000 0.0800 0.0102 0.0238 0.0203 0.0099 0.0000 0.0014 0.3434 0.0201 0.1827
106      106   (0)      7  : 0.5226 0.0000 0.0000 0.0779 0.0174 0.0032 0.0155 0.0057 0.0000 0.0019 0.2592 0.0349 0.0616
107      107   (0)      7  : 0.5773 0.0000 0.0000 0.0076 0.0000 0.0097 0.0133 0.0000 0.0000 0.0389 0.2971 0.0278 0.0283
108      108   (0)      8  : 0.0000 0.0000 0.0000 0.0000 1.0000 0.0000 0.0000 0.0000 0.0000 0.0000 0.0000 0.0000 0.0000
109      109   (0)      8  : 0.6640 0.0000 0.0000 0.0257 0.0331 0.0015 0.0154 0.0027 0.0000 0.0140 0.1603 0.0306 0.0527
110      110   (0)      8  : 0.0000 0.0000 0.0000 0.0000 0.0600 0.0000 0.3800 0.0000 0.0000 0.1200 0.0000 0.0400 0.4000
111      111   (0)      8  : 0.0000 0.0000 0.0000 0.0000 0.0400 0.0000 0.0000 0.0000 0.0000 0.0800 0.0000 0.8800 0.0000
112      112   (0)      8  : 0.0000 0.0000 1.0000 0.0000 0.0000 0.0000 0.0000 0.0000 0.0000 0.0000 0.0000 0.0000 0.0000
113      113   (0)      8  : 0.6959 0.0000 0.0000 0.0319 0.0024 0.0000 0.0098 0.0001 0.0000 0.0012 0.1829 0.0279 0.0480
114      114   (0)      8  : 0.7749 0.0000 0.0000 0.0188 0.0032 0.0000 0.0195 0.0000 0.0000 0.0040 0.1377 0.0143 0.0277
115      115   (0)      8  : 0.0000 0.0000 0.0000 0.0000 1.0000 0.0000 0.0000 0.0000 0.0000 0.0000 0.0000 0.0000 0.0000
116      116   (0)      8  : 0.0000 0.0000 0.0000 0.0000 0.0400 0.0000 0.0000 0.0000 0.0000 0.0800 0.0000 0.8800 0.0000
117      117   (0)      8  : 0.2509 0.0064 0.0004 0.0825 0.0489 0.0681 0.0220 0.0017 0.0016 0.0031 0.3074 0.0280 0.1789
118      118   (0)      8  : 0.6217 0.0000 0.0000 0.0180 0.0125 0.0000 0.0315 0.0328 0.0000 0.0064 0.1832 0.0021 0.0917
119      119   (0)      9  : 0.0000 0.3068 0.0000 0.2571 0.0000 0.0000 0.0061 0.0000 0.4085 0.0000 0.0000 0.0000 0.0216
120      120   (0)     10  : 0.6273 0.0000 0.0457 0.0269 0.0471 0.0015 0.0082 0.0019 0.0000 0.0199 0.1719 0.0353 0.0143
121      121   (0)     10  : 0.7144 0.0000 0.0000 0.0159 0.0009 0.0053 0.0033 0.0000 0.0000 0.0143 0.1699 0.0659 0.0100
122      122   (0)     10  : 0.5734 0.0000 0.0000 0.0109 0.0365 0.0106 0.0051 0.0000 0.0000 0.0186 0.3051 0.0079 0.0319
123      123   (0)     10  : 0.4210 0.0480 0.0109 0.0296 0.0850 0.0127 0.0336 0.0183 0.0063 0.0139 0.2287 0.0315 0.0605
124      124   (0)     10  : 0.6196 0.0000 0.0524 0.0077 0.0145 0.0071 0.0102 0.0000 0.0000 0.0299 0.2186 0.0114 0.0285
125      125   (0)     10  : 0.5210 0.0000 0.0354 0.0238 0.0003 0.1476 0.0080 0.0039 0.0006 0.0308 0.1756 0.0284 0.0246
126      126   (0)     10  : 0.6524 0.0000 0.0145 0.0179 0.0128 0.0087 0.0063 0.0000 0.0000 0.0269 0.2223 0.0051 0.0330
127      127   (0)     10  : 0.7797 0.0000 0.0000 0.0061 0.0313 0.0000 0.0054 0.0001 0.0000 0.0067 0.1306 0.0300 0.0100
128      128   (0)     10  : 0.6204 0.0000 0.0205 0.0281 0.0090 0.0055 0.0124 0.0076 0.0000 0.0236 0.1934 0.0434 0.0363
129      129   (0)     10  : 0.6206 0.0000 0.0000 0.0047 0.0006 0.0066 0.0029 0.0047 0.0000 0.0191 0.3202 0.0042 0.0163
130      130   (0)     10  : 0.7494 0.0000 0.0000 0.0098 0.0012 0.0062 0.0073 0.0037 0.0000 0.0000 0.2037 0.0013 0.0175
131      131   (0)     10  : 0.5338 0.0000 0.0347 0.0269 0.0217 0.0068 0.0222 0.0092 0.0000 0.0048 0.2555 0.0464 0.0381
132      132   (0)     10  : 0.6146 0.0000 0.0528 0.0116 0.0170 0.0502 0.0210 0.0159 0.0000 0.0042 0.1873 0.0112 0.0142
133      133   (0)     10  : 0.5785 0.0030 0.0217 0.0259 0.0295 0.0264 0.0121 0.0004 0.0071 0.0272 0.2071 0.0365 0.0246
134      134   (0)     10  : 0.6153 0.0032 0.0437 0.0144 0.0299 0.0321 0.0098 0.0000 0.0037 0.0068 0.2124 0.0123 0.0164
135      135   (0)     10  : 0.6123 0.0000 0.0346 0.0164 0.0676 0.0020 0.0199 0.0010 0.0000 0.0014 0.1980 0.0194 0.0273
136      136   (0)     10  : 0.5951 0.0000 0.0095 0.0044 0.0107 0.0073 0.0107 0.0008 0.0000 0.0024 0.3102 0.0195 0.0295
137      137   (0)     11  : 0.0000 0.4353 0.0885 0.2189 0.0000 0.0000 0.0000 0.0000 0.2015 0.0000 0.0311 0.0000 0.0246
138      138   (0)     12  : 0.3882 0.0011 0.0490 0.0189 0.0245 0.1462 0.0085 0.0974 0.0000 0.0474 0.1805 0.0075 0.0310
139      139   (0)     12  : 0.2343 0.0122 0.0683 0.0485 0.0000 0.4280 0.0044 0.0008 0.1509 0.0038 0.0373 0.0064 0.0051
140      140   (0)     12  : 0.0000 0.0000 0.0432 0.0044 0.0000 0.0000 0.0832 0.8582 0.0000 0.0000 0.0000 0.0000 0.0110
141      141   (0)     12  : 0.0000 0.0000 0.0215 0.0006 0.0000 0.7590 0.0861 0.0000 0.0000 0.0242 0.0000 0.0088 0.0997
142      142   (0)     12  : 0.5481 0.0000 0.0527 0.0206 0.0131 0.0177 0.0085 0.0361 0.0000 0.0148 0.2174 0.0354 0.0354
143      143   (0)     12  : 0.0292 0.0059 0.0767 0.0299 0.0000 0.6828 0.0004 0.0029 0.0000 0.0000 0.0895 0.0310 0.0517
144      144   (0)     12  : 0.5647 0.0004 0.1210 0.0091 0.0000 0.0435 0.0136 0.0509 0.0005 0.0001 0.1726 0.0094 0.0142
145      145   (0)     12  : 0.2070 0.0000 0.0000 0.0079 0.0081 0.0031 0.1502 0.4775 0.0000 0.0029 0.0987 0.0020 0.0426
146      146   (0)     13  : 0.0000 0.9352 0.0000 0.0448 0.0000 0.0000 0.0000 0.0000 0.0200 0.0000 0.0000 0.0000 0.0000
147      147   (0)     13  : 0.0000 0.6469 0.0000 0.1265 0.0000 0.0000 0.0000 0.0000 0.2165 0.0000 0.0030 0.0000 0.0071
148      148   (0)     13  : 0.0000 0.7820 0.0000 0.0914 0.0000 0.0000 0.0000 0.0000 0.0991 0.0000 0.0275 0.0000 0.0000
149      149   (0)     13  : 0.0000 0.4943 0.0000 0.1297 0.0000 0.0000 0.0000 0.0000 0.3626 0.0000 0.0133 0.0000 0.0000
150      150   (0)     13  : 0.0000 0.6734 0.0000 0.2145 0.0000 0.0000 0.0000 0.0000 0.0949 0.0000 0.0000 0.0000 0.0172
151      151   (0)     14  : 0.0000 0.4828 0.0000 0.2710 0.0000 0.0000 0.0000 0.0000 0.2073 0.0000 0.0280 0.0000 0.0108
152      152   (0)     14  : 0.6128 0.0000 0.0000 0.0336 0.0191 0.0011 0.0112 0.0068 0.0000 0.0220 0.2284 0.0353 0.0297
153      153   (0)     15  : 0.0000 0.0147 0.0153 0.0000 0.0002 0.9570 0.0000 0.0000 0.0038 0.0000 0.0000 0.0000 0.0091
154      154   (0)     15  : 0.0000 0.4826 0.0000 0.2100 0.0000 0.0002 0.0000 0.0000 0.2853 0.0000 0.0044 0.0000 0.0175
155      155   (0)     16  : 0.6441 0.0000 0.0366 0.0216 0.0170 0.0306 0.0065 0.0021 0.0000 0.0017 0.1885 0.0369 0.0143
156      156   (0)     16  : 0.5824 0.0000 0.0094 0.0099 0.0252 0.0035 0.0514 0.0166 0.0000 0.0100 0.1989 0.0486 0.0442
157      157   (0)     17  : 0.0031 0.0061 0.1100 0.0046 0.0008 0.8524 0.0036 0.0035 0.0028 0.0000 0.0004 0.0000 0.0126
158      158   (0)     17  : 0.0000 0.0000 0.0014 0.0000 0.0000 0.0000 0.5200 0.4786 0.0000 0.0000 0.0000 0.0000 0.0000
159      159   (0)     18  : 0.5849 0.0000 0.0144 0.0315 0.0040 0.0109 0.0065 0.0000 0.0000 0.0015 0.2766 0.0217 0.0479
160      160   (0)     18  : 0.7371 0.0000 0.0000 0.0174 0.0110 0.0000 0.0219 0.0000 0.0000 0.0244 0.1179 0.0227 0.0477
161      161   (0)     18  : 0.6514 0.0000 0.0000 0.0224 0.0147 0.0094 0.0111 0.0006 0.0000 0.0486 0.1901 0.0146 0.0370
162      162   (0)     19  : 0.4485 0.0000 0.0311 0.0335 0.0285 0.0671 0.0024 0.0000 0.0000 0.0109 0.2106 0.1211 0.0464
163      163   (0)     19  : 0.1193 0.0171 0.1898 0.0300 0.0520 0.2251 0.0009 0.0013 0.0919 0.0028 0.1968 0.0291 0.0439
164      164   (0)     19  : 0.2723 0.0000 0.0000 0.0130 0.1981 0.0365 0.0029 0.0118 0.0000 0.0091 0.3608 0.0101 0.0854
