1        1   (0)      1  : 0.0000 1.0000 0.0000
2        2   (0)      2  : 0.1732 0.4107 0.4160
3        3   (0)      2  : 1.0000 0.0000 0.0000
4        4   (0)      3  : 0.8392 0.0290 0.1318
5        5   (0)      3  : 0.9516 0.0000 0.0484
6        6   (0)      3  : 0.9861 0.0000 0.0139
7        7   (0)      3  : 0.0254 0.6307 0.3439
8        8   (0)      3  : 0.9260 0.0171 0.0569
9        9   (0)      3  : 1.0000 0.0000 0.0000
10       10   (0)      4  : 0.9918 0.0000 0.0082
11       11   (0)      4  : 0.9140 0.0000 0.0860
12       12   (0)      4  : 1.0000 0.0000 0.0000
13       13   (0)      4  : 1.0000 0.0000 0.0000
14       14   (0)      5  : 0.3000 0.0000 0.7000
15       15   (0)      5  : 0.0000 0.7000 0.3000
16       16   (0)      5  : 0.1130 0.5489 0.3381
17       17   (0)      5  : 0.8052 0.0000 0.1948
18       18   (0)      5  : 1.0000 0.0000 0.0000
19       19   (0)      5  : 0.8001 0.0000 0.1999
20       20   (0)      5  : 1.0000 0.0000 0.0000
21       21   (0)      5  : 1.0000 0.0000 0.0000
22       22   (0)      5  : 0.8258 0.0000 0.1742
23       23   (0)      5  : 1.0000 0.0000 0.0000
24       24   (0)      5  : 0.0000 0.7000 0.3000
25       25   (0)      5  : 0.3000 0.0000 0.7000
26       26   (0)      5  : 1.0000 0.0000 0.0000
27       27   (0)      5  : 0.0000 0.7000 0.3000
28       28   (0)      5  : 0.0000 0.7000 0.3000
29       29   (0)      6  : 0.0000 1.0000 0.0000
30       30   (0)      6  : 0.4738 0.0455 0.4807
31       31   (0)      6  : 1.0000 0.0000 0.0000
32       32   (0)      6  : 0.9559 0.0193 0.0248
33       33   (0)      6  : 0.0000 0.9849 0.0151
34       34   (0)      6  : 0.3000 0.0000 0.7000
35       35   (0)      6  : 0.0000 1.0000 0.0000
36       36   (0)      6  : 0.0000 1.0000 0.0000
37       37   (0)      7  : 0.4589 0.0000 0.5411
38       38   (0)      7  : 0.7843 0.0000 0.2157
39       39   (0)      7  : 0.3000 0.0000 0.7000
40       40   (0)      7  : 0.3000 0.0000 0.7000
41       41   (0)      7  : 0.8465 0.0000 0.1535
42       42   (0)      7  : 0.3000 0.0000 0.7000
43       43   (0)      7  : 0.8061 0.0000 0.1939
44       44   (0)      7  : 0.3199 0.4985 0.1815
45       45   (0)      7  : 1.0000 0.0000 0.0000
46       46   (0)      7  : 0.0000 1.0000 0.0000
47       47   (0)      7  : 1.0000 0.0000 0.0000
48       48   (0)      7  : 0.0000 1.0000 0.0000
49       49   (0)      7  : 0.4901 0.0000 0.5099
50       50   (0)      7  : 0.4575 0.2925 0.2500
51       51   (0)      7  : 0.4778 0.0000 0.5222
52       52   (0)      7  : 0.0000 0.7000 0.3000
53       53   (0)      7  : 1.0000 0.0000 0.0000
54       54   (0)      7  : 1.0000 0.0000 0.0000
55       55   (0)      7  : 1.0000 0.0000 0.0000
56       56   (0)      7  : 1.0000 0.0000 0.0000
57       57   (0)      8  : 0.3000 0.0000 0.7000
58       58   (0)      8  : 0.0000 0.7000 0.3000
59       59   (0)      8  : 1.0000 0.0000 0.0000
60       60   (0)      8  : 0.3000 0.0000 0.7000
61       61   (0)      8  : 0.3000 0.0000 0.7000
62       62   (0)      8  : 0.4833 0.0000 0.5167
63       63   (0)      8  : 0.3000 0.0000 0.7000
64       64   (0)      8  : 1.0000 0.0000 0.0000
65       65   (0)      8  : 0.0000 1.0000 0.0000
66       66   (0)      8  : 1.0000 0.0000 0.0000
67       67   (0)      8  : 1.0000 0.0000 0.0000
68       68   (0)      8  : 1.0000 0.0000 0.0000
69       69   (0)      8  : 0.0000 1.0000 0.0000
70       70   (0)      8  : 0.3000 0.0000 0.7000
71       71   (0)      8  : 0.0000 1.0000 0.0000
72       72   (0)      8  : 0.4846 0.0000 0.5154
73       73   (0)      8  : 0.8714 0.0000 0.1286
74       74   (0)      8  : 1.0000 0.0000 0.0000
75       75   (0)      8  : 1.0000 0.0000 0.0000
76       76   (0)      8  : 0.0000 1.0000 0.0000
77       77   (0)      8  : 1.0000 0.0000 0.0000
78       78   (0)      9  : 0.3000 0.0000 0.7000
79       79   (0)      9  : 0.3000 0.0000 0.7000
80       80   (0)      9  : 0.4548 0.0000 0.5452
81       81   (0)      9  : 0.3000 0.0000 0.7000
82       82   (0)      9  : 0.0000 1.0000 0.0000
83       83   (0)      9  : 0.9822 0.0086 0.0092
84       84   (0)      9  : 0.0572 0.7819 0.1609
85       85   (0)      9  : 1.0000 0.0000 0.0000
86       86   (0)      9  : 1.0000 0.0000 0.0000
87       87   (0)      9  : 1.0000 0.0000 0.0000
88       88   (0)      9  : 0.3000 0.0000 0.7000
89       89   (0)      9  : 0.3000 0.0000 0.7000
90       90   (0)      9  : 0.9567 0.0000 0.0433
91       91   (0)      9  : 0.4711 0.0000 0.5289
92       92   (0)     10  : 0.4048 0.1921 0.4031
93       93   (0)     11  : 0.3919 0.5118 0.0962
94       94   (0)     11  : 0.0000 0.7000 0.3000
95       95   (0)     11  : 0.0800 0.6628 0.2572
96       96   (0)     12  : 0.0000 0.7000 0.3000
97       97   (0)     12  : 0.0000 0.7000 0.3000
98       98   (0)     12  : 0.0000 0.7000 0.3000
99       99   (0)     12  : 0.0000 0.7000 0.3000
100      100   (0)     12  : 0.0000 1.0000 0.0000
101      101   (0)     13  : 0.0000 1.0000 0.0000
102      102   (0)     13  : 0.0000 0.7000 0.3000
103      103   (0)     14  : 0.2867 0.0141 0.6992
104      104   (0)     14  : 0.0000 1.0000 0.0000
105      105   (0)     14  : 0.0551 0.8406 0.1043
106      106   (0)     14  : 0.0000 1.0000 0.0000
107      107   (0)     14  : 0.4813 0.0000 0.5187
108      108   (0)     15  : 0.1203 0.5568 0.3229
109      109   (0)     15  : 0.0000 1.0000 0.0000
110      110   (0)     15  : 0.0000 1.0000 0.0000
111      111   (0)     15  : 1.0000 0.0000 0.0000
112      112   (0)     15  : 0.2331 0.1671 0.5998
113      113   (0)     15  : 0.0000 0.9995 0.0005
114      114   (0)     15  : 0.0000 0.9740 0.0260
