1        1   (0)      1  : 0.6689 0.0000 0.0000 0.3311 0.0000
2        2   (0)      1  : 0.1865 0.0979 0.1344 0.4386 0.1426
3        3   (0)      1  : 0.5918 0.0000 0.0000 0.4082 0.0000
4        4   (0)      1  : 0.6439 0.0000 0.0000 0.3561 0.0000
5        5   (0)      1  : 0.5754 0.0000 0.0000 0.4246 0.0000
6        6   (0)      1  : 0.7401 0.0000 0.0000 0.2599 0.0000
7        7   (0)      1  : 0.7574 0.0000 0.0000 0.2426 0.0000
8        8   (0)      1  : 0.5678 0.0000 0.0000 0.4322 0.0000
9        9   (0)      1  : 0.6626 0.0000 0.0000 0.3374 0.0000
10       10   (0)      1  : 0.7219 0.0000 0.0000 0.2781 0.0000
11       11   (0)      1  : 0.5429 0.0000 0.0515 0.4056 0.0000
12       12   (0)      1  : 0.3143 0.0000 0.0000 0.6857 0.0000
13       13   (0)      1  : 0.7487 0.0000 0.0000 0.2513 0.0000
14       14   (0)      2  : 0.4646 0.0000 0.0000 0.5354 0.0000
15       15   (0)      2  : 0.0000 0.0000 0.0000 0.1143 0.8857
16       16   (0)      2  : 0.5633 0.0000 0.0000 0.4367 0.0000
17       17   (0)      2  : 0.7159 0.0000 0.0000 0.2841 0.0000
18       18   (0)      2  : 0.7400 0.0000 0.0000 0.2600 0.0000
19       19   (0)      2  : 0.4609 0.0000 0.0000 0.5391 0.0000
20       20   (0)      2  : 0.7455 0.0000 0.0464 0.2081 0.0000
21       21   (0)      2  : 0.7059 0.0000 0.0000 0.2941 0.0000
22       22   (0)      2  : 0.6374 0.0000 0.0962 0.2664 0.0000
23       23   (0)      2  : 0.3707 0.0000 0.4541 0.1752 0.0000
24       24   (0)      2  : 0.6722 0.0000 0.0000 0.3278 0.0000
25       25   (0)      2  : 0.6813 0.0000 0.0000 0.3187 0.0000
26       26   (0)      2  : 0.3533 0.0000 0.4054 0.2413 0.0000
27       27   (0)      2  : 0.5616 0.0000 0.0000 0.4384 0.0000
28       28   (0)      3  : 0.0000 1.0000 0.0000 0.0000 0.0000
29       29   (0)      3  : 0.4105 0.0000 0.0006 0.5889 0.0000
30       30   (0)      3  : 0.0000 0.0000 1.0000 0.0000 0.0000
31       31   (0)      3  : 0.3160 0.0000 0.5377 0.1464 0.0000
32       32   (0)      3  : 0.0000 0.0000 0.0000 0.1143 0.8857
33       33   (0)      3  : 0.4875 0.0000 0.0000 0.5125 0.0000
34       34   (0)      3  : 0.0000 0.2378 0.0000 0.0000 0.7622
35       35   (0)      3  : 0.0000 0.4392 0.0000 0.0000 0.5608
36       36   (0)      3  : 0.0000 0.2571 0.0000 0.0000 0.7429
37       37   (0)      3  : 0.5281 0.0000 0.0000 0.4719 0.0000
38       38   (0)      3  : 0.0000 0.0000 1.0000 0.0000 0.0000
39       39   (0)      3  : 0.0000 0.0000 1.0000 0.0000 0.0000
40       40   (0)      3  : 0.4501 0.0000 0.0000 0.5499 0.0000
41       41   (0)      3  : 0.6780 0.0000 0.0000 0.3220 0.0000
42       42   (0)      3  : 0.0000 0.0000 0.0000 0.1143 0.8857
43       43   (0)      3  : 0.0000 0.3163 0.0000 0.0142 0.6694
44       44   (0)      3  : 0.5308 0.0000 0.0000 0.4692 0.0000
45       45   (0)      3  : 0.5894 0.0000 0.0000 0.4106 0.0000
46       46   (0)      4  : 0.0000 1.0000 0.0000 0.0000 0.0000
47       47   (0)      4  : 0.0000 1.0000 0.0000 0.0000 0.0000
48       48   (0)      4  : 0.6046 0.0000 0.0000 0.3954 0.0000
49       49   (0)      4  : 0.5476 0.0058 0.0264 0.4202 0.0000
50       50   (0)      4  : 0.7034 0.0013 0.0570 0.2383 0.0000
51       51   (0)      4  : 0.5378 0.0000 0.0633 0.3988 0.0000
52       52   (0)      4  : 0.7016 0.0000 0.0151 0.2833 0.0000
53       53   (0)      4  : 0.5252 0.0000 0.0000 0.4748 0.0000
54       54   (0)      4  : 0.7906 0.0000 0.0000 0.2094 0.0000
55       55   (0)      4  : 0.2351 0.0000 0.6680 0.0970 0.0000
56       56   (0)      4  : 0.8211 0.0000 0.0000 0.1789 0.0000
57       57   (0)      5  : 0.5789 0.0000 0.0000 0.4211 0.0000
58       58   (0)      5  : 0.6037 0.0457 0.0109 0.3396 0.0002
59       59   (0)      5  : 0.6899 0.0000 0.0000 0.3101 0.0000
60       60   (0)      5  : 0.0000 1.0000 0.0000 0.0000 0.0000
61       61   (0)      5  : 0.0026 0.9847 0.0095 0.0032 0.0000
62       62   (0)      5  : 0.0136 0.0000 0.0696 0.1364 0.7804
63       63   (0)      6  : 0.0000 0.2571 0.0000 0.0000 0.7429
64       64   (0)      6  : 0.0000 1.0000 0.0000 0.0000 0.0000
65       65   (0)      6  : 0.0000 0.2392 0.0000 0.0000 0.7608
66       66   (0)      6  : 0.1565 0.6843 0.0000 0.0956 0.0636
67       67   (0)      6  : 0.0000 1.0000 0.0000 0.0000 0.0000
68       68   (0)      6  : 0.0000 0.8028 0.1257 0.0000 0.0715
69       69   (0)      6  : 0.5277 0.0817 0.0322 0.2981 0.0604
70       70   (0)      6  : 0.0000 1.0000 0.0000 0.0000 0.0000
71       71   (0)      6  : 0.5485 0.0000 0.0000 0.4515 0.0000
72       72   (0)      6  : 0.0000 1.0000 0.0000 0.0000 0.0000
73       73   (0)      6  : 0.0000 0.2355 0.0582 0.0000 0.7063
74       74   (0)      6  : 0.0000 0.8650 0.1350 0.0000 0.0000
75       75   (0)      6  : 0.0000 0.2219 0.0865 0.0000 0.6916
76       76   (0)      6  : 0.0000 0.8301 0.1699 0.0000 0.0000
77       77   (0)      6  : 0.0000 0.8162 0.1838 0.0000 0.0000
78       78   (0)      6  : 0.0000 0.1890 0.2270 0.0000 0.5840
79       79   (0)      6  : 0.0000 0.2220 0.0130 0.0000 0.7650
80       80   (0)      7  : 0.8153 0.0000 0.0000 0.1847 0.0000
81       81   (0)      8  : 0.7093 0.0000 0.0505 0.2402 0.0000
82       82   (0)      9  : 0.0000 0.0000 1.0000 0.0000 0.0000
83       83   (0)     10  : 0.6620 0.0000 0.1335 0.2045 0.0000
84       84   (0)     11  : 0.7169 0.0000 0.0000 0.2831 0.0000
85       85   (0)     11  : 0.5218 0.0000 0.4464 0.0318 0.0000
86       86   (0)     12  : 0.2809 0.0000 0.4497 0.2694 0.0000
87       87   (0)     12  : 0.6202 0.0000 0.1770 0.2028 0.0000
88       88   (0)     12  : 0.6271 0.0000 0.0000 0.3729 0.0000
89       89   (0)     12  : 0.6195 0.0000 0.1672 0.2134 0.0000
90       90   (0)     12  : 0.0011 0.2236 0.0100 0.0094 0.7559
91       91   (0)     12  : 0.7805 0.0000 0.0000 0.2195 0.0000
92       92   (0)     12  : 0.6795 0.0000 0.0000 0.3205 0.0000
93       93   (0)     12  : 0.6380 0.0000 0.0000 0.3620 0.0000
94       94   (0)     13  : 0.6755 0.0000 0.0000 0.3245 0.0000
