1        1   (0)      1  : 0.3725 0.0000 0.0000 0.3501 0.0000 0.2774 0.0000
2        2   (0)      1  : 0.0486 0.0604 0.1260 0.1216 0.1429 0.4331 0.0674
3        3   (0)      1  : 0.5018 0.0000 0.0000 0.2197 0.0000 0.2784 0.0000
4        4   (0)      1  : 0.3532 0.0000 0.0000 0.5066 0.0000 0.1402 0.0000
5        5   (0)      1  : 0.4032 0.0000 0.0000 0.4492 0.0000 0.1476 0.0000
6        6   (0)      1  : 0.3192 0.0000 0.0000 0.4968 0.0000 0.1841 0.0000
7        7   (0)      1  : 0.4232 0.0000 0.0000 0.4456 0.0000 0.1312 0.0000
8        8   (0)      1  : 0.5109 0.0000 0.0000 0.3560 0.0000 0.1332 0.0000
9        9   (0)      1  : 0.6186 0.0000 0.0000 0.2989 0.0000 0.0826 0.0000
10       10   (0)      1  : 0.4684 0.0000 0.0000 0.4249 0.0000 0.1067 0.0000
11       11   (0)      1  : 0.4609 0.0000 0.0473 0.3114 0.0000 0.1618 0.0185
12       12   (0)      1  : 0.0800 0.0000 0.0000 0.2000 0.0000 0.6800 0.0400
13       13   (0)      1  : 0.4408 0.0000 0.0000 0.2810 0.0000 0.2782 0.0000
14       14   (0)      2  : 0.5260 0.0000 0.0000 0.2794 0.0000 0.1946 0.0000
15       15   (0)      2  : 0.0000 0.0000 0.0000 0.0000 0.0400 0.0000 0.9600
16       16   (0)      2  : 0.7380 0.0000 0.0000 0.1171 0.0000 0.1448 0.0000
17       17   (0)      2  : 0.4656 0.0000 0.0000 0.3344 0.0000 0.2000 0.0000
18       18   (0)      2  : 0.3425 0.0000 0.0000 0.5590 0.0000 0.0984 0.0000
19       19   (0)      2  : 0.6835 0.0000 0.0000 0.1076 0.0000 0.2088 0.0000
20       20   (0)      2  : 0.4342 0.0000 0.0424 0.3354 0.0000 0.1744 0.0136
21       21   (0)      2  : 0.4015 0.0000 0.0000 0.3018 0.0000 0.2967 0.0000
22       22   (0)      2  : 0.4185 0.0000 0.0954 0.3293 0.0000 0.1497 0.0070
23       23   (0)      2  : 0.2187 0.0000 0.4506 0.1537 0.0000 0.1769 0.0000
24       24   (0)      2  : 0.6240 0.0000 0.0000 0.2075 0.0000 0.1686 0.0000
25       25   (0)      2  : 0.6439 0.0000 0.0000 0.2795 0.0000 0.0766 0.0000
26       26   (0)      2  : 0.4123 0.0000 0.4093 0.0823 0.0000 0.0961 0.0000
27       27   (0)      2  : 0.6165 0.0000 0.0000 0.1716 0.0000 0.2119 0.0000
28       28   (0)      3  : 0.0000 1.0000 0.0000 0.0000 0.0000 0.0000 0.0000
29       29   (0)      3  : 0.2777 0.0000 0.0000 0.3495 0.0000 0.3728 0.0000
30       30   (0)      3  : 0.0000 0.0000 1.0000 0.0000 0.0000 0.0000 0.0000
31       31   (0)      3  : 0.1294 0.0000 0.5352 0.1577 0.0000 0.1778 0.0000
32       32   (0)      3  : 0.0000 0.0000 0.0000 0.0000 0.0400 0.0000 0.9600
33       33   (0)      3  : 0.7513 0.0000 0.0000 0.0348 0.0000 0.2138 0.0000
34       34   (0)      3  : 0.0000 0.0000 0.0000 0.0000 1.0000 0.0000 0.0000
35       35   (0)      3  : 0.0000 0.2537 0.0000 0.0000 0.7440 0.0023 0.0000
36       36   (0)      3  : 0.0000 0.0000 0.0000 0.0000 1.0000 0.0000 0.0000
37       37   (0)      3  : 0.4462 0.0000 0.0000 0.4074 0.0000 0.1464 0.0000
38       38   (0)      3  : 0.0000 0.0000 1.0000 0.0000 0.0000 0.0000 0.0000
39       39   (0)      3  : 0.0000 0.0000 1.0000 0.0000 0.0000 0.0000 0.0000
40       40   (0)      3  : 0.3291 0.0000 0.0000 0.4660 0.0000 0.2049 0.0000
41       41   (0)      3  : 0.3705 0.0000 0.0000 0.4170 0.0000 0.2125 0.0000
42       42   (0)      3  : 0.0000 0.0000 0.0000 0.0000 0.0400 0.0000 0.9600
43       43   (0)      3  : 0.0000 0.1794 0.0000 0.0000 0.6654 0.0400 0.1152
44       44   (0)      3  : 0.2553 0.0000 0.0000 0.5558 0.0000 0.1889 0.0000
45       45   (0)      3  : 0.8192 0.0000 0.0000 0.0914 0.0000 0.0894 0.0000
46       46   (0)      4  : 0.0000 1.0000 0.0000 0.0000 0.0000 0.0000 0.0000
47       47   (0)      4  : 0.0000 1.0000 0.0000 0.0000 0.0000 0.0000 0.0000
48       48   (0)      4  : 0.1721 0.0000 0.0000 0.6052 0.0000 0.2228 0.0000
49       49   (0)      4  : 0.2513 0.0043 0.0220 0.4372 0.0000 0.2730 0.0122
50       50   (0)      4  : 0.1029 0.0001 0.0482 0.6088 0.0000 0.1999 0.0400
51       51   (0)      4  : 0.3837 0.0000 0.0573 0.3175 0.0000 0.2199 0.0216
52       52   (0)      4  : 0.2427 0.0000 0.0055 0.5016 0.0000 0.2386 0.0116
53       53   (0)      4  : 0.2406 0.0000 0.0000 0.3615 0.0000 0.3980 0.0000
54       54   (0)      4  : 0.3533 0.0000 0.0000 0.5342 0.0000 0.1125 0.0000
55       55   (0)      4  : 0.1042 0.0000 0.6645 0.1070 0.0000 0.1242 0.0000
56       56   (0)      4  : 0.2385 0.0000 0.0000 0.3801 0.0000 0.3815 0.0000
57       57   (0)      5  : 0.2829 0.0000 0.0000 0.3925 0.0000 0.3245 0.0000
58       58   (0)      5  : 0.4023 0.0423 0.0035 0.3305 0.0003 0.2148 0.0064
59       59   (0)      5  : 0.3509 0.0000 0.0000 0.3556 0.0000 0.2908 0.0027
60       60   (0)      5  : 0.0000 1.0000 0.0000 0.0000 0.0000 0.0000 0.0000
61       61   (0)      5  : 0.0000 0.9818 0.0000 0.0000 0.0000 0.0182 0.0000
62       62   (0)      5  : 0.0000 0.0000 0.0039 0.0000 0.0329 0.0000 0.9633
63       63   (0)      6  : 0.0000 0.0000 0.0000 0.0000 1.0000 0.0000 0.0000
64       64   (0)      6  : 0.0000 1.0000 0.0000 0.0000 0.0000 0.0000 0.0000
65       65   (0)      6  : 0.0000 0.0000 0.0000 0.0000 1.0000 0.0000 0.0000
66       66   (0)      6  : 0.1653 0.6808 0.0000 0.0523 0.0366 0.0338 0.0313
67       67   (0)      6  : 0.0000 1.0000 0.0000 0.0000 0.0000 0.0000 0.0000
68       68   (0)      6  : 0.0000 0.7314 0.1183 0.0000 0.1102 0.0400 0.0000
69       69   (0)      6  : 0.3523 0.0616 0.0290 0.2846 0.0720 0.1910 0.0095
70       70   (0)      6  : 0.0000 1.0000 0.0000 0.0000 0.0000 0.0000 0.0000
71       71   (0)      6  : 0.8015 0.0000 0.0000 0.0506 0.0000 0.1479 0.0000
72       72   (0)      6  : 0.0000 1.0000 0.0000 0.0000 0.0000 0.0000 0.0000
73       73   (0)      6  : 0.0000 0.0000 0.0024 0.0000 0.9976 0.0000 0.0000
74       74   (0)      6  : 0.0000 0.8310 0.1290 0.0000 0.0000 0.0400 0.0000
75       75   (0)      6  : 0.0000 0.0000 0.0685 0.0000 0.9315 0.0000 0.0000
76       76   (0)      6  : 0.0000 0.7982 0.1618 0.0000 0.0000 0.0400 0.0000
77       77   (0)      6  : 0.0000 0.7849 0.1751 0.0000 0.0000 0.0400 0.0000
78       78   (0)      6  : 0.0000 0.0000 0.2134 0.0000 0.7866 0.0000 0.0000
79       79   (0)      6  : 0.0000 0.0000 0.0000 0.0000 1.0000 0.0000 0.0000
80       80   (0)      7  : 0.1612 0.0000 0.0000 0.7820 0.0000 0.0568 0.0000
81       81   (0)      8  : 0.1821 0.0000 0.0409 0.5736 0.0000 0.1634 0.0400
82       82   (0)      9  : 0.0000 0.0000 1.0000 0.0000 0.0000 0.0000 0.0000
83       83   (0)     10  : 0.2634 0.0000 0.1307 0.3962 0.0000 0.1982 0.0115
84       84   (0)     11  : 0.3595 0.0000 0.0000 0.3554 0.0000 0.2850 0.0000
85       85   (0)     11  : 0.1406 0.0000 0.4497 0.3408 0.0000 0.0688 0.0000
86       86   (0)     12  : 0.2205 0.0000 0.4469 0.1988 0.0000 0.1338 0.0000
87       87   (0)     12  : 0.3830 0.0000 0.1766 0.2762 0.0000 0.1609 0.0032
88       88   (0)     12  : 0.5896 0.0000 0.0000 0.2306 0.0000 0.1798 0.0000
89       89   (0)     12  : 0.2336 0.0000 0.1674 0.4004 0.0000 0.1986 0.0000
90       90   (0)     12  : 0.0000 0.0000 0.0000 0.0000 1.0000 0.0000 0.0000
91       91   (0)     12  : 0.1751 0.0000 0.0000 0.6246 0.0000 0.2003 0.0000
92       92   (0)     12  : 0.3145 0.0000 0.0000 0.3975 0.0000 0.2880 0.0000
93       93   (0)     12  : 0.6936 0.0000 0.0000 0.0779 0.0000 0.2285 0.0000
94       94   (0)     13  : 0.2742 0.0000 0.0000 0.5837 0.0000 0.1421 0.0000
