1        1   (0)      1  : 0.3825 0.1232 0.0504 0.0000 0.1685 0.0921 0.1833
2        2   (0)      1  : 0.2480 0.0010 0.1671 0.0289 0.1400 0.2850 0.1301
3        3   (0)      1  : 0.2479 0.0000 0.4145 0.0287 0.0592 0.2000 0.0496
4        4   (0)      1  : 0.0170 0.0396 0.4514 0.0350 0.0298 0.2468 0.1805
5        5   (0)      1  : 0.0146 0.0108 0.0443 0.0016 0.0138 0.0428 0.8721
6        6   (0)      1  : 0.1955 0.0390 0.3379 0.0240 0.0646 0.1250 0.2140
7        7   (0)      1  : 0.0530 0.0000 0.6705 0.0140 0.0308 0.0786 0.1532
8        8   (0)      2  : 0.1807 0.0000 0.3576 0.0000 0.2608 0.0585 0.1424
9        9   (0)      2  : 0.0717 0.0101 0.0097 0.0076 0.8944 0.0064 0.0000
10       10   (0)      2  : 0.0770 0.0147 0.0000 0.0042 0.9022 0.0020 0.0000
11       11   (0)      2  : 0.0773 0.1090 0.0000 0.0000 0.8079 0.0057 0.0000
12       12   (0)      2  : 0.4301 0.0000 0.4680 0.0420 0.0000 0.0599 0.0000
13       13   (0)      2  : 0.2377 0.0000 0.2231 0.0000 0.1182 0.3882 0.0328
14       14   (0)      3  : 0.0356 0.0017 0.6686 0.0017 0.0000 0.2370 0.0554
15       15   (0)      3  : 0.2915 0.0313 0.3694 0.0207 0.0602 0.0845 0.1424
16       16   (0)      3  : 0.3141 0.0000 0.2988 0.0000 0.0000 0.3345 0.0527
17       17   (0)      3  : 0.0000 0.0000 0.8000 0.0000 0.0000 0.2000 0.0000
18       18   (0)      4  : 0.1855 0.0020 0.1794 0.0227 0.0391 0.3976 0.1737
19       19   (0)      4  : 0.5478 0.0191 0.0490 0.0000 0.1131 0.0000 0.2710
20       20   (0)      4  : 0.1621 0.0063 0.4073 0.0000 0.0408 0.0557 0.3277
21       21   (0)      4  : 0.0000 0.0038 0.3108 0.0000 0.2433 0.3811 0.0610
22       22   (0)      4  : 0.3623 0.0009 0.2135 0.0127 0.1402 0.0507 0.2198
23       23   (0)      4  : 0.1572 0.0013 0.1131 0.0085 0.3629 0.0457 0.3113
24       24   (0)      4  : 0.0985 0.0000 0.5225 0.0000 0.1130 0.0253 0.2407
25       25   (0)      4  : 0.0451 0.0000 0.6024 0.0000 0.0346 0.0047 0.3132
26       26   (0)      4  : 0.1194 0.0256 0.3122 0.0023 0.4256 0.0434 0.0715
27       27   (0)      4  : 0.2828 0.0037 0.5619 0.0131 0.0799 0.0586 0.0000
28       28   (0)      4  : 0.3917 0.0129 0.1467 0.0401 0.1746 0.1459 0.0881
29       29   (0)      4  : 0.1689 0.0277 0.3266 0.0148 0.2055 0.1085 0.1480
30       30   (0)      4  : 0.6174 0.0033 0.1128 0.0253 0.0784 0.0044 0.1584
31       31   (0)      4  : 0.3002 0.0000 0.4998 0.0000 0.0000 0.2000 0.0000
32       32   (0)      4  : 0.4000 0.0000 0.6000 0.0000 0.0000 0.0000 0.0000
33       33   (0)      4  : 0.3411 0.0000 0.2484 0.0449 0.3269 0.0000 0.0387
34       34   (0)      5  : 0.1372 0.0120 0.4760 0.0000 0.0951 0.0818 0.1980
35       35   (0)      6  : 0.4621 0.0192 0.2194 0.0060 0.0552 0.1458 0.0923
36       36   (0)      6  : 0.2997 0.0000 0.2226 0.0018 0.2626 0.0967 0.1166
37       37   (0)      6  : 0.0000 0.0000 0.0000 0.0000 0.0000 1.0000 0.0000
38       38   (0)      6  : 0.4000 0.0000 0.2000 0.0000 0.2000 0.0000 0.2000
39       39   (0)      6  : 0.1134 0.0007 0.0580 0.0000 0.4038 0.1103 0.3139
40       40   (0)      6  : 0.0001 0.0291 0.5300 0.0000 0.0241 0.1948 0.2219
41       41   (0)      6  : 0.0000 1.0000 0.0000 0.0000 0.0000 0.0000 0.0000
42       42   (0)      6  : 0.1329 0.0169 0.4043 0.0000 0.1299 0.1345 0.1815
43       43   (0)      6  : 0.6627 0.0113 0.0449 0.0241 0.0438 0.0458 0.1675
44       44   (0)      6  : 0.2561 0.0256 0.3504 0.0071 0.1178 0.0059 0.2371
45       45   (0)      6  : 0.0000 0.0000 0.2000 0.0026 0.0000 0.0696 0.7278
46       46   (0)      6  : 0.0000 0.0000 0.0000 1.0000 0.0000 0.0000 0.0000
47       47   (0)      6  : 0.0662 0.0049 0.0000 0.0056 0.2939 0.0000 0.6294
48       48   (0)      6  : 0.2067 0.0000 0.3267 0.0190 0.2000 0.0934 0.1541
49       49   (0)      6  : 0.0000 1.0000 0.0000 0.0000 0.0000 0.0000 0.0000
50       50   (0)      6  : 0.3360 0.0000 0.2187 0.0000 0.0553 0.3090 0.0809
51       51   (0)      6  : 0.2769 0.0581 0.1651 0.0202 0.1036 0.0495 0.3266
52       52   (0)      6  : 0.0000 0.0000 0.0000 1.0000 0.0000 0.0000 0.0000
53       53   (0)      6  : 0.4649 0.0000 0.4945 0.0000 0.0000 0.0053 0.0353
54       54   (0)      6  : 0.1565 0.0000 0.6577 0.0174 0.0209 0.0000 0.1475
55       55   (0)      6  : 0.3816 0.0000 0.2000 0.0066 0.2814 0.0875 0.0427
56       56   (0)      6  : 0.0614 0.0094 0.0000 0.0000 0.0612 0.0637 0.8043
57       57   (0)      6  : 0.2645 0.0000 0.6864 0.0000 0.0491 0.0000 0.0000
58       58   (0)      7  : 0.3126 0.0000 0.0000 0.0000 0.3103 0.0000 0.3771
59       59   (0)      7  : 0.4280 0.0000 0.2454 0.0000 0.1084 0.1402 0.0780
60       60   (0)      7  : 0.0000 0.0000 0.0000 0.0000 0.0000 0.0000 1.0000
61       61   (0)      7  : 0.0000 0.0000 0.2416 0.0000 0.4967 0.1219 0.1398
62       62   (0)      7  : 0.0000 0.0000 0.0000 0.0000 0.0000 1.0000 0.0000
63       63   (0)      7  : 0.6050 0.0158 0.0330 0.0000 0.2490 0.0000 0.0972
64       64   (0)      8  : 0.4388 0.0115 0.3401 0.0422 0.0000 0.1673 0.0000
65       65   (0)      8  : 0.0634 0.0025 0.0612 0.0120 0.0465 0.0379 0.7765
66       66   (0)      9  : 0.6069 0.0000 0.2230 0.0037 0.0495 0.0630 0.0540
67       67   (0)     10  : 0.7092 0.0161 0.0859 0.0000 0.0000 0.1395 0.0492
68       68   (0)     10  : 0.1893 0.0000 0.2574 0.0153 0.1576 0.0855 0.2948
69       69   (0)     10  : 0.3467 0.0000 0.2307 0.0535 0.1630 0.0396 0.1666
70       70   (0)     10  : 0.2543 0.0000 0.1578 0.0171 0.2796 0.0801 0.2111
71       71   (0)     10  : 0.5367 0.0000 0.2661 0.0000 0.1405 0.0000 0.0568
72       72   (0)     10  : 0.7486 0.0000 0.1492 0.0000 0.1022 0.0000 0.0000
73       73   (0)     10  : 0.5062 0.0073 0.3395 0.0031 0.0748 0.0353 0.0338
74       74   (0)     10  : 0.0416 0.0032 0.0422 0.0000 0.4520 0.0149 0.4461
75       75   (0)     10  : 0.4233 0.0000 0.3176 0.0148 0.0929 0.1126 0.0388
76       76   (0)     10  : 0.1118 0.0040 0.0000 0.0010 0.4000 0.0000 0.4832
