  1        1   (0)      1 :  0.0109 0.0000 0.0000 0.0295 0.0517 0.0000 0.0007 0.0947 0.0205 0.0000 0.0000 0.0174 0.0120 0.0174 0.0000 0.0000 0.0000 0.0614 0.0001 0.0126 0.6414 0.0000 0.0297 
  2        2   (0)      1 :  0.0000 0.0000 0.0005 0.0076 0.0000 0.0000 0.0000 0.8084 0.0000 0.0000 0.0000 0.0000 0.0000 0.0000 0.0082 0.0708 0.0000 0.0006 0.0679 0.0000 0.0359 0.0000 0.0000 
  3        3   (0)      1 :  0.0000 0.0000 0.0000 0.0200 0.0000 0.0000 0.0000 0.0000 0.0000 0.0000 0.0000 0.0000 0.0000 0.0051 0.0000 0.0000 0.0000 0.0000 0.0000 0.0000 0.9749 0.0000 0.0000 
  4        4   (0)      1 :  0.0000 0.0000 0.0000 0.0400 0.0000 0.0000 0.0000 0.9200 0.0000 0.0000 0.0000 0.0000 0.0000 0.0000 0.0000 0.0000 0.0000 0.0000 0.0000 0.0000 0.0400 0.0000 0.0000 
  5        5   (0)      1 :  0.0295 0.0806 0.1222 0.0119 0.0912 0.0000 0.0000 0.1598 0.0861 0.0000 0.0006 0.0175 0.2891 0.0012 0.0000 0.0049 0.0028 0.0799 0.0002 0.0145 0.0078 0.0000 0.0002 
  6        6   (0)      1 :  0.1536 0.0484 0.0891 0.0259 0.1181 0.0000 0.0004 0.0797 0.0904 0.0000 0.0015 0.0137 0.1687 0.0026 0.0068 0.0074 0.0019 0.1620 0.0001 0.0260 0.0038 0.0000 0.0000 
  7        7   (0)      1 :  0.0481 0.0000 0.0000 0.0211 0.2074 0.0000 0.0000 0.0000 0.2133 0.0000 0.0000 0.0069 0.3806 0.0000 0.0004 0.0000 0.0000 0.1067 0.0141 0.0015 0.0000 0.0000 0.0000 
  8        8   (0)      1 :  0.0280 0.0241 0.0850 0.0152 0.1279 0.0000 0.0000 0.2459 0.1137 0.0000 0.0000 0.0164 0.2256 0.0005 0.0000 0.0028 0.0021 0.0947 0.0000 0.0106 0.0075 0.0000 0.0000 
  9        9   (0)      1 :  0.0000 0.0000 0.0000 0.0000 0.0000 0.0000 0.0000 0.9600 0.0000 0.0000 0.0000 0.0000 0.0000 0.0000 0.0000 0.0000 0.0000 0.0000 0.0000 0.0000 0.0400 0.0000 0.0000 
 10       10   (0)      1 :  0.0234 0.0000 0.0000 0.0000 0.1204 0.0000 0.0113 0.0000 0.4311 0.0000 0.0000 0.0000 0.3216 0.0000 0.0008 0.0006 0.0000 0.0790 0.0001 0.0065 0.0000 0.0000 0.0052 
 11       11   (0)      1 :  0.0200 0.0000 0.0200 0.1000 0.0818 0.0000 0.0064 0.0000 0.2230 0.0000 0.0000 0.0478 0.1001 0.0000 0.0000 0.0020 0.0000 0.3918 0.0067 0.0000 0.0000 0.0000 0.0006 
 12       12   (0)      1 :  0.0000 0.0000 0.0000 0.0000 0.0000 0.0000 0.0000 0.0000 0.0000 0.0000 0.0000 0.0000 0.0000 0.0000 0.0000 0.0000 0.0000 0.0000 1.0000 0.0000 0.0000 0.0000 0.0000 
 13       13   (0)      1 :  0.1041 0.0000 0.0000 0.0274 0.1009 0.0000 0.0197 0.0000 0.4328 0.0000 0.0000 0.0223 0.0964 0.0008 0.0115 0.0000 0.0000 0.1065 0.0006 0.0608 0.0000 0.0000 0.0160 
 14       14   (0)      1 :  0.0080 0.0812 0.0871 0.0329 0.0825 0.0086 0.0000 0.0106 0.2143 0.0015 0.0146 0.0034 0.1389 0.0060 0.0118 0.0000 0.0069 0.0715 0.0685 0.0004 0.1514 0.0000 0.0000 
 15       15   (0)      1 :  0.0000 0.0000 0.9400 0.0200 0.0000 0.0000 0.0000 0.0200 0.0000 0.0000 0.0000 0.0000 0.0000 0.0200 0.0000 0.0000 0.0000 0.0000 0.0000 0.0000 0.0000 0.0000 0.0000 
 16       16   (0)      1 :  0.0000 0.0000 0.0000 0.0000 0.0000 0.0000 0.0000 0.0200 0.0000 0.0000 0.0000 0.0400 0.0000 0.7400 0.0000 0.0000 0.0000 0.0000 0.0000 0.0000 0.2000 0.0000 0.0000 
 17       17   (0)      1 :  0.0000 0.0000 0.0000 0.0000 0.0000 0.0000 0.0000 0.0200 0.0000 0.0000 0.0000 0.0400 0.0000 0.7400 0.0000 0.0000 0.0000 0.0000 0.0000 0.0000 0.2000 0.0000 0.0000 
 18       18   (0)      1 :  0.0000 0.0000 0.0000 0.0000 0.0000 0.0000 1.0000 0.0000 0.0000 0.0000 0.0000 0.0000 0.0000 0.0000 0.0000 0.0000 0.0000 0.0000 0.0000 0.0000 0.0000 0.0000 0.0000 
 19       19   (0)      1 :  0.0379 0.0000 0.0000 0.0000 0.2400 0.0000 0.0002 0.0001 0.1071 0.0000 0.0000 0.0807 0.0700 0.0000 0.0129 0.0072 0.0000 0.3564 0.0006 0.0769 0.0002 0.0000 0.0097 
 20       20   (0)      1 :  0.0247 0.0000 0.0000 0.0000 0.0000 0.0000 0.0000 0.0000 0.0097 0.0000 0.0000 0.0112 0.8471 0.0000 0.0049 0.0000 0.0000 0.0136 0.0002 0.0881 0.0000 0.0000 0.0005 
 21       21   (0)      1 :  0.0000 0.0000 0.0000 0.0400 0.0000 0.0000 0.0000 0.0000 0.0000 0.0000 0.0000 0.0000 0.0000 0.0064 0.0000 0.0000 0.0000 0.0000 0.0000 0.0000 0.9536 0.0000 0.0000 
 22       22   (0)      1 :  0.0000 0.0000 0.9800 0.0000 0.0000 0.0000 0.0000 0.0200 0.0000 0.0000 0.0000 0.0000 0.0000 0.0000 0.0000 0.0000 0.0000 0.0000 0.0000 0.0000 0.0000 0.0000 0.0000 
 23       23   (0)      1 :  0.0439 0.0000 0.0000 0.0040 0.1331 0.0000 0.0000 0.0014 0.3589 0.0000 0.0000 0.0006 0.0975 0.0001 0.0011 0.0049 0.0000 0.2285 0.0104 0.1155 0.0000 0.0000 0.0000 
 24       24   (0)      2 :  0.0000 0.0000 0.0000 0.0200 0.0000 0.0000 0.0000 0.0000 0.0000 0.0000 0.0000 0.0045 0.0000 0.1091 0.0000 0.0000 0.0000 0.0000 0.0000 0.0000 0.8664 0.0000 0.0000 
 25       25   (0)      2 :  0.1983 0.0000 0.0023 0.0000 0.0665 0.0000 0.0000 0.0000 0.0407 0.0000 0.0000 0.0000 0.1478 0.0000 0.0000 0.0000 0.0000 0.3301 0.0000 0.2081 0.0000 0.0000 0.0063 
 26       26   (0)      2 :  0.0468 0.0000 0.0000 0.1600 0.0600 0.0000 0.0034 0.0718 0.0427 0.0000 0.0000 0.0444 0.0073 0.1004 0.0000 0.0000 0.0000 0.0222 0.0000 0.0178 0.4231 0.0000 0.0000 
 27       27   (0)      2 :  0.1330 0.0000 0.0039 0.0241 0.0688 0.0000 0.0887 0.0000 0.1622 0.0000 0.0000 0.0040 0.1976 0.0052 0.0014 0.0213 0.0000 0.1782 0.0072 0.0603 0.0432 0.0000 0.0010 
 28       28   (0)      2 :  0.4022 0.0002 0.0190 0.0567 0.0597 0.0000 0.0000 0.0004 0.1223 0.0000 0.0000 0.0023 0.0242 0.0234 0.0051 0.0001 0.0000 0.2331 0.0000 0.0327 0.0175 0.0000 0.0011 
 29       29   (0)      2 :  0.1800 0.0000 0.0000 0.0157 0.1513 0.0000 0.0356 0.0009 0.1336 0.0000 0.0000 0.0088 0.1059 0.0270 0.0063 0.0294 0.0000 0.1661 0.0005 0.1343 0.0016 0.0000 0.0029 
 30       30   (0)      2 :  0.0000 0.0000 0.0000 0.0939 0.0800 0.2301 0.0000 0.0000 0.0000 0.1037 0.2600 0.0000 0.0000 0.0600 0.0000 0.0000 0.1723 0.0000 0.0000 0.0000 0.0000 0.0000 0.0000 
 31       31   (0)      2 :  0.1995 0.0039 0.0034 0.0210 0.0969 0.0000 0.0489 0.0009 0.1480 0.0000 0.0003 0.0091 0.1058 0.0141 0.0050 0.0002 0.0001 0.2230 0.0019 0.1076 0.0042 0.0000 0.0062 
 32       32   (0)      2 :  0.0000 0.0000 0.0000 0.0000 0.0000 0.0000 0.0000 0.0000 0.0000 0.0000 0.0000 0.0000 0.0000 0.0178 0.0000 0.0000 0.0000 0.0000 0.0000 0.0000 0.9822 0.0000 0.0000 
 33       33   (0)      2 :  0.0000 0.0000 0.0000 0.0000 0.0000 0.0000 1.0000 0.0000 0.0000 0.0000 0.0000 0.0000 0.0000 0.0000 0.0000 0.0000 0.0000 0.0000 0.0000 0.0000 0.0000 0.0000 0.0000 
 34       34   (0)      2 :  0.0238 0.0000 0.0200 0.1000 0.1072 0.0000 0.0000 0.0000 0.2474 0.0000 0.0000 0.0608 0.0881 0.0000 0.0000 0.0000 0.0000 0.3408 0.0000 0.0119 0.0000 0.0000 0.0000 
 35       35   (0)      2 :  0.3356 0.0000 0.0214 0.0299 0.0725 0.0000 0.0152 0.0013 0.1108 0.0000 0.0000 0.0139 0.0520 0.0028 0.0321 0.0157 0.0000 0.1622 0.0332 0.0656 0.0246 0.0000 0.0114 
 36       36   (0)      2 :  0.0000 0.0000 0.0000 0.0121 0.0000 0.0000 0.0000 0.9479 0.0000 0.0000 0.0000 0.0000 0.0000 0.0000 0.0000 0.0000 0.0000 0.0000 0.0000 0.0000 0.0400 0.0000 0.0000 
 37       37   (0)      3 :  0.0564 0.0000 0.0036 0.0140 0.0511 0.0000 0.0007 0.0000 0.3446 0.0000 0.0000 0.0001 0.3056 0.0013 0.0043 0.0121 0.0000 0.1201 0.0076 0.0552 0.0026 0.0000 0.0207 
 38       38   (0)      3 :  0.0304 0.0000 0.0000 0.0051 0.0053 0.0000 0.0006 0.0015 0.0450 0.0000 0.0000 0.0003 0.0000 0.0030 0.0027 0.0745 0.0000 0.0118 0.0000 0.8186 0.0012 0.0000 0.0000 
 39       39   (0)      3 :  0.2886 0.0000 0.0000 0.0031 0.1818 0.0000 0.0002 0.0000 0.1012 0.0000 0.0000 0.0205 0.0615 0.0023 0.0000 0.0094 0.0000 0.2268 0.0017 0.0891 0.0002 0.0000 0.0137 
 40       40   (0)      3 :  0.0200 0.0000 0.0000 0.0000 0.0000 0.0000 0.0000 0.0000 0.0000 0.0000 0.0000 0.0200 0.8681 0.0000 0.0007 0.0000 0.0000 0.0000 0.0004 0.0908 0.0000 0.0000 0.0000 
 41       41   (0)      3 :  0.2794 0.0000 0.0101 0.0876 0.1604 0.0000 0.0073 0.0004 0.0630 0.0000 0.0000 0.0205 0.1430 0.0020 0.0000 0.0163 0.0000 0.2093 0.0007 0.0000 0.0000 0.0000 0.0000 
 42       42   (0)      4 :  0.0000 0.0000 0.0000 0.0813 0.0024 0.0000 0.0000 0.0000 0.0000 0.3583 0.1530 0.0000 0.0000 0.0045 0.0000 0.0000 0.1259 0.0000 0.0000 0.0000 0.0000 0.2746 0.0000 
 43       43   (0)      4 :  0.1298 0.0007 0.0000 0.0332 0.0620 0.0000 0.0000 0.0000 0.0977 0.0003 0.0000 0.0155 0.2138 0.0015 0.0036 0.0045 0.0000 0.3992 0.0127 0.0187 0.0000 0.0000 0.0069 
 44       44   (0)      4 :  0.0000 0.0000 0.0000 0.0494 0.0200 0.0104 0.0000 0.0000 0.0000 0.1200 0.0717 0.0000 0.0000 0.0400 0.0000 0.0000 0.4622 0.0000 0.0000 0.0000 0.0000 0.2263 0.0000 
 45       45   (0)      4 :  0.0000 0.0000 0.0000 0.0386 0.0025 0.0568 0.0000 0.0000 0.0000 0.1852 0.1096 0.0000 0.0000 0.0048 0.0000 0.0000 0.2559 0.0000 0.0000 0.0000 0.0000 0.3466 0.0000 
 46       46   (0)      4 :  0.3209 0.0000 0.0011 0.0129 0.1651 0.0006 0.0000 0.0075 0.2026 0.0017 0.0008 0.0370 0.1097 0.0009 0.0045 0.0000 0.0007 0.1054 0.0000 0.0123 0.0135 0.0016 0.0013 
 47       47   (0)      4 :  0.8715 0.0000 0.0000 0.0050 0.0200 0.0000 0.0000 0.0000 0.0471 0.0000 0.0000 0.0000 0.0069 0.0000 0.0044 0.0000 0.0000 0.0280 0.0000 0.0076 0.0000 0.0000 0.0095 
 48       48   (0)      4 :  0.2271 0.0000 0.0000 0.0423 0.1064 0.0000 0.0113 0.0000 0.2575 0.0000 0.0000 0.0002 0.1362 0.0000 0.0097 0.0000 0.0000 0.0247 0.0100 0.1676 0.0000 0.0000 0.0072 
 49       49   (0)      4 :  0.0473 0.0000 0.0000 0.0506 0.0400 0.0000 0.0000 0.0000 0.4451 0.0000 0.0000 0.0001 0.2013 0.0000 0.0000 0.0000 0.0000 0.1508 0.0004 0.0644 0.0000 0.0000 0.0000 
 50       50   (0)      4 :  0.0000 0.0000 0.0000 0.0000 0.0000 0.0000 0.0000 0.0000 0.0000 0.0000 0.0000 0.0000 0.0000 0.0000 0.0000 0.0000 0.0000 0.0000 0.0000 0.0000 0.0000 0.0000 1.0000 
 51       51   (0)      4 :  0.0466 0.2664 0.0135 0.0289 0.0686 0.0422 0.0000 0.0005 0.0766 0.2000 0.0308 0.0135 0.0158 0.0008 0.0000 0.0000 0.0363 0.0283 0.0000 0.0044 0.0000 0.0334 0.0933 
 52       52   (0)      4 :  0.2890 0.0071 0.0032 0.0442 0.1353 0.0002 0.0105 0.0007 0.1315 0.0001 0.0038 0.0022 0.0167 0.0005 0.0372 0.0000 0.0012 0.2934 0.0000 0.0223 0.0000 0.0000 0.0010 
 53       53   (0)      4 :  0.6021 0.0000 0.0036 0.0000 0.0236 0.0000 0.0009 0.0000 0.0044 0.0000 0.0000 0.0002 0.0539 0.0000 0.0000 0.0008 0.0000 0.2206 0.0035 0.0860 0.0000 0.0000 0.0002 
 54       54   (0)      4 :  0.3311 0.0016 0.0022 0.0189 0.0807 0.0029 0.0000 0.0003 0.1906 0.0011 0.0126 0.0044 0.0375 0.0072 0.0108 0.0132 0.0039 0.1633 0.0000 0.0960 0.0002 0.0016 0.0197 
 55       55   (0)      4 :  0.0000 0.0000 0.0000 0.0000 0.0000 0.0000 0.0000 0.0000 0.0000 0.0000 0.0000 0.0000 0.0000 0.0000 0.0000 0.0000 0.0000 0.0000 0.0000 0.0000 0.0000 0.0000 1.0000 
 56       56   (0)      4 :  0.0000 0.0000 0.0000 0.0033 0.0200 0.1085 0.0000 0.0000 0.0000 0.1095 0.3299 0.0000 0.0000 0.0000 0.0000 0.0000 0.1950 0.0000 0.0000 0.0000 0.0000 0.2338 0.0000 
 57       57   (0)      5 :  0.1591 0.0000 0.0057 0.0140 0.0153 0.0000 0.0009 0.0000 0.0613 0.0000 0.0000 0.0003 0.1029 0.0000 0.0004 0.0000 0.0000 0.5607 0.0020 0.0773 0.0000 0.0000 0.0000 
 58       58   (0)      5 :  0.2558 0.0000 0.0003 0.0480 0.1268 0.0000 0.0398 0.0000 0.0621 0.0000 0.0000 0.0338 0.0199 0.0000 0.0060 0.0003 0.0000 0.2740 0.0000 0.1329 0.0000 0.0000 0.0003 
 59       59   (0)      5 :  0.0000 0.0000 0.0000 0.0277 0.0400 0.0000 0.0000 0.0000 0.0000 0.0662 0.1934 0.0000 0.0000 0.0299 0.0000 0.0000 0.2333 0.0000 0.0000 0.0000 0.0000 0.4096 0.0000 
 60       60   (0)      5 :  0.1859 0.0000 0.0035 0.0433 0.1052 0.0000 0.0003 0.0000 0.1579 0.0000 0.0000 0.0162 0.0326 0.0000 0.0179 0.0000 0.0000 0.4143 0.0156 0.0073 0.0000 0.0000 0.0000 
 61       61   (0)      5 :  0.0589 0.0330 0.0895 0.0647 0.0402 0.0501 0.0000 0.0022 0.0467 0.0711 0.1273 0.0117 0.0069 0.0021 0.0000 0.0763 0.0853 0.1527 0.0000 0.0000 0.0000 0.0813 0.0000 
 62       62   (0)      5 :  0.0000 0.0000 0.0000 0.0800 0.0200 0.0600 0.0000 0.0000 0.0000 0.1400 0.3200 0.0000 0.0000 0.0000 0.0000 0.0000 0.1600 0.0000 0.0000 0.0000 0.0000 0.2200 0.0000 
 63       63   (0)      5 :  0.2116 0.0368 0.0035 0.0387 0.0815 0.0281 0.0000 0.0158 0.1021 0.0230 0.0476 0.0068 0.0436 0.0204 0.0018 0.0115 0.0228 0.2098 0.0065 0.0468 0.0028 0.0263 0.0122 
 64       64   (0)      5 :  0.2105 0.0000 0.0000 0.0815 0.0935 0.0000 0.0000 0.0000 0.0831 0.0000 0.0000 0.0618 0.0435 0.0000 0.0115 0.0100 0.0000 0.3693 0.0141 0.0213 0.0000 0.0000 0.0000 
 65       65   (0)      5 :  0.2712 0.0000 0.0000 0.0003 0.0436 0.0000 0.0002 0.0000 0.1690 0.0000 0.0000 0.0214 0.0615 0.0000 0.0000 0.0000 0.0000 0.3839 0.0025 0.0438 0.0000 0.0000 0.0026 
 66       66   (0)      5 :  0.0460 0.0000 0.0000 0.0415 0.0417 0.0000 0.0000 0.0000 0.3908 0.0000 0.0000 0.0800 0.0469 0.0012 0.0000 0.0011 0.0000 0.2504 0.0000 0.1000 0.0000 0.0000 0.0005 
 67       67   (0)      5 :  0.0000 0.0173 0.0149 0.0063 0.0109 0.8401 0.0000 0.0007 0.0426 0.0009 0.0278 0.0064 0.0031 0.0020 0.0000 0.0000 0.0099 0.0136 0.0000 0.0036 0.0000 0.0000 0.0000 
 68       68   (0)      5 :  0.0000 0.0000 0.0000 0.0122 0.0087 0.3354 0.0000 0.0000 0.0000 0.0042 0.1005 0.0000 0.0000 0.0000 0.0000 0.0000 0.3013 0.0000 0.0000 0.0000 0.0000 0.2378 0.0000 
 69       69   (0)      5 :  0.1714 0.0030 0.0000 0.0185 0.0732 0.2338 0.0004 0.0098 0.0685 0.0000 0.0019 0.0108 0.0454 0.0036 0.0019 0.0287 0.0015 0.0940 0.0032 0.2065 0.0001 0.0000 0.0237 
 70       70   (0)      5 :  0.0000 0.0000 0.0000 0.0000 0.0000 0.9960 0.0000 0.0000 0.0000 0.0000 0.0040 0.0000 0.0000 0.0000 0.0000 0.0000 0.0000 0.0000 0.0000 0.0000 0.0000 0.0000 0.0000 
 71       71   (0)      5 :  0.0000 0.0000 0.0000 0.0600 0.0000 0.1982 0.0000 0.0000 0.0000 0.2191 0.2278 0.0000 0.0000 0.0000 0.0000 0.0000 0.1551 0.0000 0.0000 0.0000 0.0000 0.1398 0.0000 
 72       72   (0)      5 :  0.4100 0.0003 0.0031 0.0269 0.0810 0.0375 0.0012 0.0000 0.0695 0.0183 0.0152 0.0230 0.0485 0.0051 0.0000 0.0000 0.0197 0.0587 0.0228 0.1435 0.0045 0.0112 0.0002 
 73       73   (0)      5 :  0.0605 0.0000 0.0015 0.0292 0.2436 0.0000 0.0000 0.0000 0.2595 0.0000 0.0000 0.0253 0.0425 0.0084 0.0169 0.0000 0.0000 0.0885 0.0010 0.2221 0.0011 0.0000 0.0000 
 74       74   (0)      5 :  0.0000 0.0000 0.0000 0.0546 0.0000 0.1102 0.0000 0.0000 0.0000 0.0541 0.0826 0.0000 0.0000 0.0000 0.0000 0.0000 0.2907 0.0000 0.0000 0.0000 0.0000 0.4079 0.0000 
 75       75   (0)      6 :  0.0000 0.0000 0.0000 0.0719 0.1004 0.0498 0.0000 0.0000 0.0000 0.2346 0.1801 0.0000 0.0000 0.0411 0.0000 0.0000 0.2080 0.0000 0.0000 0.0000 0.0000 0.1142 0.0000 
 76       76   (0)      6 :  0.2379 0.0114 0.0090 0.0767 0.1404 0.0034 0.0064 0.0014 0.1994 0.0078 0.0049 0.0004 0.1142 0.0022 0.0013 0.0000 0.0047 0.1512 0.0035 0.0177 0.0036 0.0024 0.0000 
 77       77   (0)      6 :  0.0000 0.0000 0.0000 0.0215 0.0699 0.1377 0.0000 0.0000 0.0000 0.0819 0.1182 0.0000 0.0000 0.0287 0.0000 0.0000 0.2500 0.0000 0.0000 0.0000 0.0000 0.2923 0.0000 
 78       78   (0)      6 :  0.0000 0.0000 0.0000 0.0716 0.0000 0.0800 0.0000 0.0000 0.0000 0.1400 0.0930 0.0000 0.0000 0.0000 0.0000 0.0000 0.3084 0.0000 0.0000 0.0000 0.0000 0.3070 0.0000 
 79       79   (0)      6 :  0.0000 0.0000 0.0000 0.0700 0.0469 0.0306 0.0000 0.0000 0.0000 0.1086 0.3452 0.0000 0.0000 0.0200 0.0000 0.0000 0.1336 0.0000 0.0000 0.0000 0.0000 0.2451 0.0000 
 80       80   (0)      6 :  0.0000 0.0000 0.0006 0.0228 0.0000 0.0000 0.0000 0.0324 0.0000 0.0000 0.0011 0.0000 0.0000 0.0108 0.0000 0.0000 0.0000 0.0000 0.0000 0.0000 0.9323 0.0000 0.0000 
 81       81   (0)      6 :  0.0000 0.0000 0.0000 0.0464 0.0020 0.0942 0.0000 0.0033 0.0000 0.4582 0.1469 0.0000 0.0000 0.0000 0.0000 0.0000 0.1108 0.0000 0.0000 0.0000 0.0000 0.1383 0.0000 
 82       82   (0)      6 :  0.0000 0.0000 0.0000 0.0776 0.0216 0.0914 0.0000 0.0000 0.0000 0.4219 0.1518 0.0000 0.0000 0.0178 0.0000 0.0000 0.1557 0.0000 0.0000 0.0000 0.0000 0.0621 0.0000 
 83       83   (0)      6 :  0.0000 0.0000 0.0008 0.0448 0.0130 0.2496 0.0000 0.0000 0.0000 0.4242 0.1424 0.0000 0.0000 0.0148 0.0000 0.0000 0.0399 0.0000 0.0000 0.0000 0.0000 0.0705 0.0000 
 84       84   (0)      6 :  0.0000 0.0000 0.0000 0.0200 0.0000 0.1834 0.0000 0.0000 0.0000 0.6600 0.0400 0.0000 0.0000 0.0000 0.0000 0.0000 0.0600 0.0000 0.0000 0.0000 0.0000 0.0366 0.0000 
 85       85   (0)      6 :  0.0000 0.0000 0.0000 0.0458 0.0800 0.1722 0.0000 0.0083 0.0000 0.2427 0.1316 0.0000 0.0000 0.0400 0.0000 0.0000 0.2268 0.0000 0.0000 0.0000 0.0000 0.0527 0.0000 
 86       86   (0)      6 :  0.0000 0.0000 0.0000 0.0446 0.0126 0.2669 0.0000 0.0000 0.0000 0.2844 0.3087 0.0000 0.0000 0.0000 0.0000 0.0000 0.0754 0.0000 0.0000 0.0000 0.0000 0.0075 0.0000 
 87       87   (0)      6 :  0.0000 0.0000 0.0000 0.0200 0.0114 0.1465 0.0000 0.0000 0.0000 0.0261 0.0534 0.0000 0.0000 0.0000 0.0000 0.0000 0.5486 0.0000 0.0000 0.0000 0.0000 0.1940 0.0000 
 88       88   (0)      6 :  0.0000 0.0000 0.0000 0.0442 0.0079 0.0357 0.0000 0.0085 0.0000 0.1413 0.1173 0.0000 0.0000 0.0102 0.0000 0.0000 0.2092 0.0000 0.0000 0.0000 0.0000 0.4256 0.0000 
 89       89   (0)      6 :  0.0000 0.0000 0.0000 0.0205 0.0268 0.0400 0.0000 0.0200 0.0000 0.3885 0.1388 0.0000 0.0000 0.0000 0.0000 0.0000 0.2555 0.0000 0.0000 0.0000 0.0000 0.1098 0.0000 
 90       90   (0)      6 :  0.0000 0.0000 0.0000 0.0243 0.0022 0.0045 0.0000 0.8500 0.0000 0.0268 0.0146 0.0000 0.0000 0.0020 0.0000 0.0000 0.0313 0.0000 0.0000 0.0000 0.0347 0.0097 0.0000 
 91       91   (0)      6 :  0.0000 0.0000 0.0000 0.1800 0.0200 0.1553 0.0000 0.0000 0.0000 0.0200 0.1115 0.0000 0.0000 0.0600 0.0000 0.0000 0.1247 0.0000 0.0000 0.0000 0.0000 0.3285 0.0000 
 92       92   (0)      6 :  0.0237 0.0031 0.0000 0.0000 0.0400 0.0000 0.0000 0.0000 0.0381 0.0000 0.0000 0.0000 0.0235 0.0000 0.0000 0.0207 0.0000 0.0177 0.0000 0.8333 0.0000 0.0000 0.0000 
 93       93   (0)      6 :  0.0000 0.8600 0.0000 0.0600 0.0200 0.0000 0.0000 0.0000 0.0200 0.0000 0.0400 0.0000 0.0000 0.0000 0.0000 0.0000 0.0000 0.0000 0.0000 0.0000 0.0000 0.0000 0.0000 
 94       94   (0)      6 :  0.1129 0.0261 0.0000 0.0505 0.2826 0.0000 0.0005 0.0000 0.0329 0.0000 0.0000 0.0200 0.0431 0.0000 0.0025 0.0049 0.0000 0.1219 0.0002 0.2509 0.0000 0.0000 0.0510 
 95       95   (0)      6 :  0.0000 0.8798 0.0000 0.0600 0.0152 0.0000 0.0000 0.0000 0.0000 0.0000 0.0214 0.0000 0.0000 0.0000 0.0000 0.0000 0.0000 0.0000 0.0000 0.0236 0.0000 0.0000 0.0000 
 96       96   (0)      6 :  0.0000 0.8055 0.0000 0.0534 0.0277 0.0084 0.0000 0.0000 0.0000 0.0000 0.0450 0.0000 0.0000 0.0049 0.0000 0.0000 0.0030 0.0053 0.0000 0.0396 0.0000 0.0023 0.0047 
 97       97   (0)      6 :  0.1454 0.1059 0.0034 0.0466 0.1800 0.0000 0.0026 0.0000 0.1291 0.0000 0.0064 0.0181 0.0644 0.0000 0.0000 0.0187 0.0000 0.0956 0.0202 0.1331 0.0000 0.0000 0.0304 
 98       98   (0)      6 :  0.0000 0.8464 0.0872 0.0234 0.0000 0.0000 0.0000 0.0026 0.0169 0.0000 0.0146 0.0000 0.0000 0.0034 0.0000 0.0000 0.0054 0.0000 0.0000 0.0000 0.0000 0.0000 0.0000 
 99       99   (0)      7 :  0.0000 0.0000 0.0000 0.1005 0.0691 0.4639 0.0000 0.0000 0.0000 0.0204 0.0262 0.0000 0.0000 0.0200 0.0000 0.0000 0.1695 0.0000 0.0000 0.0000 0.0000 0.1304 0.0000 
100      100   (0)      7 :  0.0919 0.1716 0.0096 0.0210 0.1372 0.0255 0.0000 0.0006 0.1375 0.0000 0.0278 0.0171 0.0461 0.0028 0.0002 0.0000 0.0236 0.1882 0.0080 0.0573 0.0014 0.0323 0.0003 
101      101   (0)      7 :  0.0000 0.0000 0.9600 0.0000 0.0000 0.0000 0.0000 0.0200 0.0000 0.0000 0.0000 0.0000 0.0000 0.0000 0.0000 0.0000 0.0200 0.0000 0.0000 0.0000 0.0000 0.0000 0.0000 
102      102   (0)      7 :  0.0000 0.0000 0.9200 0.0200 0.0000 0.0000 0.0000 0.0200 0.0000 0.0000 0.0000 0.0000 0.0000 0.0200 0.0000 0.0000 0.0200 0.0000 0.0000 0.0000 0.0000 0.0000 0.0000 
103      103   (0)      7 :  0.2268 0.0000 0.0027 0.0156 0.0511 0.0000 0.0026 0.0000 0.0478 0.0000 0.0000 0.0026 0.1788 0.0000 0.0224 0.0061 0.0000 0.1618 0.0756 0.1213 0.0000 0.0000 0.0848 
104      104   (0)      7 :  0.1607 0.0000 0.0000 0.0130 0.0526 0.0000 0.0015 0.0116 0.0888 0.0000 0.0000 0.0137 0.0672 0.0014 0.0240 0.0158 0.0000 0.0881 0.0179 0.4410 0.0003 0.0000 0.0023 
105      105   (0)      7 :  0.0000 0.0000 0.0000 0.0000 0.0000 0.0000 0.0000 0.0000 0.0000 0.0000 0.0000 0.9400 0.0400 0.0000 0.0000 0.0000 0.0000 0.0000 0.0000 0.0000 0.0000 0.0000 0.0200 
106      106   (0)      7 :  0.1933 0.0000 0.0000 0.0404 0.0752 0.0000 0.0000 0.0000 0.0861 0.0000 0.0000 0.0587 0.1716 0.0007 0.0040 0.0025 0.0000 0.3054 0.0001 0.0454 0.0008 0.0000 0.0158 
107      107   (0)      7 :  0.5654 0.0000 0.0000 0.0056 0.1252 0.0000 0.0161 0.0014 0.1162 0.0000 0.0000 0.0044 0.0225 0.0000 0.0081 0.0000 0.0000 0.0542 0.0013 0.0699 0.0000 0.0000 0.0096 
108      108   (0)      8 :  0.0000 0.0000 0.0000 0.0000 0.0000 0.0000 0.0000 0.0000 0.0000 0.0000 0.0000 0.0000 0.0000 0.0000 0.0000 1.0000 0.0000 0.0000 0.0000 0.0000 0.0000 0.0000 0.0000 
109      109   (0)      8 :  0.0330 0.0000 0.0040 0.0275 0.0624 0.0000 0.0044 0.0000 0.3125 0.0000 0.0000 0.0679 0.3447 0.0000 0.0050 0.0208 0.0000 0.0705 0.0094 0.0373 0.0000 0.0000 0.0007 
110      110   (0)      8 :  0.0000 0.0000 0.0000 0.0000 0.0000 0.0000 0.0000 0.0000 0.0000 0.0000 0.0000 0.0000 0.0000 0.0000 0.0000 0.0000 0.0000 0.0000 1.0000 0.0000 0.0000 0.0000 0.0000 
111      111   (0)      8 :  0.0000 0.0000 0.0000 0.0000 0.0000 0.0000 0.0000 0.0000 0.0000 0.0000 0.0000 0.0000 0.0000 0.0000 1.0000 0.0000 0.0000 0.0000 0.0000 0.0000 0.0000 0.0000 0.0000 
112      112   (0)      8 :  0.0000 0.0000 0.9600 0.0000 0.0000 0.0000 0.0000 0.0200 0.0000 0.0000 0.0000 0.0000 0.0000 0.0000 0.0000 0.0000 0.0200 0.0000 0.0000 0.0000 0.0000 0.0000 0.0000 
113      113   (0)      8 :  0.0400 0.0000 0.0000 0.0000 0.0800 0.0000 0.0000 0.0000 0.1599 0.0000 0.0000 0.0430 0.4189 0.0000 0.0002 0.0000 0.0000 0.2180 0.0000 0.0400 0.0000 0.0000 0.0000 
114      114   (0)      8 :  0.0797 0.0000 0.0000 0.0030 0.0435 0.0000 0.0000 0.0000 0.3191 0.0000 0.0000 0.0026 0.2094 0.0003 0.0000 0.0000 0.0000 0.2778 0.0229 0.0325 0.0000 0.0000 0.0090 
115      115   (0)      8 :  0.0000 0.0000 0.0000 0.0000 0.0000 0.0000 0.0000 0.0000 0.0000 0.0000 0.0000 0.0000 0.0000 0.0000 0.0000 1.0000 0.0000 0.0000 0.0000 0.0000 0.0000 0.0000 0.0000 
116      116   (0)      8 :  0.0000 0.0000 0.0000 0.0000 0.0000 0.0000 0.0000 0.0000 0.0000 0.0000 0.0000 0.0000 0.0000 0.0000 1.0000 0.0000 0.0000 0.0000 0.0000 0.0000 0.0000 0.0000 0.0000 
117      117   (0)      8 :  0.0000 0.0000 0.0000 0.0000 0.0000 0.0000 0.0000 0.0000 0.0000 0.0000 0.0000 0.9400 0.0400 0.0000 0.0000 0.0000 0.0000 0.0000 0.0000 0.0000 0.0000 0.0000 0.0200 
118      118   (0)      8 :  0.0747 0.0000 0.0000 0.0079 0.0450 0.0000 0.0001 0.0000 0.0982 0.0000 0.0000 0.0522 0.6104 0.0027 0.0000 0.0005 0.0000 0.0431 0.0027 0.0582 0.0044 0.0000 0.0000 
119      119   (0)      9 :  0.0000 0.0000 0.0000 0.0447 0.0085 0.1277 0.0000 0.0200 0.0000 0.4243 0.1668 0.0000 0.0000 0.0064 0.0000 0.0000 0.0320 0.0000 0.0000 0.0000 0.0000 0.1695 0.0000 
120      120   (0)     10 :  0.3137 0.0000 0.0523 0.0404 0.1921 0.0000 0.0058 0.0004 0.1219 0.0000 0.0000 0.0021 0.0587 0.0024 0.0110 0.0300 0.0000 0.1356 0.0001 0.0197 0.0000 0.0000 0.0138 
121      121   (0)     10 :  0.0499 0.0003 0.0047 0.0422 0.2417 0.0000 0.0000 0.0000 0.1537 0.0000 0.0000 0.0004 0.2641 0.0000 0.0259 0.0000 0.0000 0.1865 0.0000 0.0302 0.0000 0.0000 0.0003 
122      122   (0)     10 :  0.2718 0.0000 0.0000 0.0299 0.1315 0.0000 0.0034 0.0000 0.0250 0.0000 0.0000 0.0000 0.0512 0.0005 0.0000 0.0049 0.0000 0.2815 0.0027 0.1870 0.0000 0.0000 0.0107 
123      123   (0)     10 :  0.1773 0.0000 0.0055 0.0346 0.0617 0.0000 0.0000 0.0190 0.0215 0.0049 0.0037 0.0409 0.0950 0.0116 0.0148 0.0413 0.0086 0.1134 0.0219 0.2722 0.0012 0.0328 0.0179 
124      124   (0)     10 :  0.2673 0.0000 0.0446 0.0137 0.0636 0.0000 0.0245 0.0035 0.0982 0.0000 0.0000 0.0139 0.1937 0.0000 0.0011 0.0021 0.0000 0.1212 0.0000 0.1526 0.0000 0.0000 0.0000 
125      125   (0)     10 :  0.2566 0.1078 0.0250 0.0240 0.1495 0.0000 0.0169 0.0028 0.1081 0.0000 0.0041 0.0057 0.1282 0.0008 0.0035 0.0000 0.0000 0.1053 0.0000 0.0118 0.0012 0.0000 0.0487 
126      126   (0)     10 :  0.1924 0.0000 0.0069 0.0279 0.1168 0.0000 0.0198 0.0000 0.0818 0.0000 0.0004 0.0457 0.2310 0.0005 0.0000 0.0033 0.0000 0.1963 0.0000 0.0692 0.0000 0.0000 0.0079 
127      127   (0)     10 :  0.1500 0.0000 0.0000 0.0838 0.0733 0.0000 0.0001 0.0000 0.1597 0.0000 0.0000 0.0085 0.2128 0.0004 0.0081 0.0122 0.0000 0.2621 0.0000 0.0248 0.0000 0.0000 0.0042 
128      128   (0)     10 :  0.3086 0.0000 0.0146 0.0346 0.1041 0.0000 0.0101 0.0031 0.0628 0.0000 0.0001 0.0776 0.1510 0.0003 0.0276 0.0014 0.0003 0.1683 0.0000 0.0235 0.0092 0.0000 0.0029 
129      129   (0)     10 :  0.7352 0.0000 0.0000 0.0046 0.0200 0.0000 0.0000 0.0000 0.0600 0.0000 0.0000 0.0000 0.0200 0.0000 0.0000 0.0000 0.0000 0.1248 0.0000 0.0354 0.0000 0.0000 0.0000 
130      130   (0)     10 :  0.3297 0.0000 0.0000 0.0045 0.0292 0.0000 0.0000 0.0000 0.0898 0.0000 0.0000 0.0213 0.0452 0.0003 0.0000 0.0000 0.0000 0.4019 0.0044 0.0733 0.0003 0.0000 0.0001 
131      131   (0)     10 :  0.3621 0.0000 0.0230 0.0145 0.1463 0.0000 0.0002 0.0203 0.0862 0.0000 0.0000 0.0452 0.0620 0.0041 0.0283 0.0141 0.0007 0.1088 0.0000 0.0384 0.0004 0.0000 0.0454 
132      132   (0)     10 :  0.2333 0.0262 0.0465 0.0485 0.1262 0.0000 0.0002 0.0147 0.0960 0.0000 0.0007 0.0067 0.0993 0.0161 0.0005 0.0063 0.0005 0.1860 0.0000 0.0894 0.0030 0.0000 0.0000 
133      133   (0)     10 :  0.3570 0.0034 0.0221 0.0411 0.1736 0.0003 0.0091 0.0019 0.1322 0.0008 0.0054 0.0041 0.0506 0.0123 0.0094 0.0197 0.0008 0.1102 0.0000 0.0153 0.0000 0.0007 0.0299 
134      134   (0)     10 :  0.4297 0.0056 0.0402 0.0193 0.1074 0.0000 0.0001 0.0010 0.0702 0.0001 0.0000 0.0036 0.0617 0.0015 0.0000 0.0228 0.0000 0.2025 0.0120 0.0223 0.0000 0.0000 0.0000 
135      135   (0)     10 :  0.2756 0.0000 0.0296 0.0320 0.1079 0.0000 0.0000 0.0074 0.1789 0.0000 0.0000 0.0236 0.0471 0.0050 0.0041 0.0593 0.0006 0.1706 0.0172 0.0402 0.0000 0.0000 0.0009 
136      136   (0)     10 :  0.3321 0.0000 0.0031 0.0153 0.2282 0.0000 0.0000 0.0000 0.1414 0.0000 0.0000 0.0031 0.0687 0.0005 0.0011 0.0006 0.0000 0.0443 0.0072 0.1497 0.0000 0.0000 0.0046 
137      137   (0)     11 :  0.0000 0.0000 0.0777 0.0535 0.0051 0.1556 0.0000 0.0017 0.0000 0.0727 0.1046 0.0000 0.0000 0.0088 0.0000 0.0000 0.3286 0.0000 0.0000 0.0000 0.0000 0.1915 0.0000 
138      138   (0)     12 :  0.1607 0.1119 0.0370 0.0210 0.1179 0.0000 0.0410 0.0018 0.0941 0.0000 0.0023 0.0066 0.1295 0.0038 0.0000 0.0144 0.0009 0.0868 0.0000 0.0327 0.0906 0.0000 0.0469 
139      139   (0)     12 :  0.0000 0.3426 0.0541 0.0121 0.1154 0.0736 0.0000 0.0010 0.1618 0.0168 0.0785 0.0028 0.0854 0.0000 0.0000 0.0000 0.0243 0.0203 0.0000 0.0000 0.0000 0.0113 0.0000 
140      140   (0)     12 :  0.0000 0.0000 0.0118 0.0073 0.0000 0.0000 0.0000 0.0343 0.0000 0.0000 0.0000 0.0000 0.0000 0.0144 0.0000 0.0000 0.0000 0.0000 0.0000 0.0000 0.9321 0.0000 0.0000 
141      141   (0)     12 :  0.0000 0.7294 0.0011 0.0000 0.0590 0.0000 0.0000 0.0000 0.0400 0.0000 0.0000 0.0000 0.0000 0.0000 0.0000 0.0000 0.0000 0.0000 0.1706 0.0000 0.0000 0.0000 0.0000 
142      142   (0)     12 :  0.2278 0.0040 0.0433 0.0282 0.1820 0.0000 0.0026 0.0011 0.1479 0.0000 0.0000 0.0084 0.0789 0.0022 0.0181 0.0014 0.0000 0.0964 0.0106 0.0795 0.0370 0.0000 0.0308 
143      143   (0)     12 :  0.0166 0.6086 0.0476 0.0165 0.0888 0.0000 0.0000 0.0008 0.1092 0.0000 0.0200 0.0052 0.0053 0.0025 0.0008 0.0000 0.0000 0.0258 0.0000 0.0000 0.0000 0.0000 0.0522 
144      144   (0)     12 :  0.1980 0.0313 0.1045 0.0423 0.1223 0.0005 0.0000 0.0037 0.1655 0.0001 0.0026 0.0097 0.0713 0.0114 0.0000 0.0000 0.0000 0.1587 0.0064 0.0339 0.0376 0.0000 0.0000 
145      145   (0)     12 :  0.0141 0.0000 0.0000 0.1655 0.0575 0.0000 0.0000 0.1241 0.0804 0.0000 0.0000 0.0278 0.0151 0.1012 0.0000 0.0015 0.0000 0.0185 0.0191 0.0539 0.3152 0.0000 0.0060 
146      146   (0)     13 :  0.0000 0.0000 0.0000 0.0025 0.0000 0.0000 0.0000 0.0000 0.0000 0.0213 0.0568 0.0000 0.0000 0.0000 0.0000 0.0000 0.0207 0.0000 0.0000 0.0000 0.0000 0.8988 0.0000 
147      147   (0)     13 :  0.0000 0.0000 0.0000 0.0381 0.0000 0.0780 0.0000 0.0000 0.0000 0.1032 0.1721 0.0000 0.0000 0.0090 0.0000 0.0000 0.1893 0.0000 0.0000 0.0000 0.0000 0.4102 0.0000 
148      148   (0)     13 :  0.0000 0.0000 0.0000 0.0400 0.0200 0.0600 0.0000 0.0000 0.0000 0.0200 0.3393 0.0000 0.0000 0.0000 0.0000 0.0000 0.2249 0.0000 0.0000 0.0000 0.0000 0.2959 0.0000 
149      149   (0)     13 :  0.0000 0.0000 0.0000 0.0200 0.0000 0.0152 0.0000 0.0200 0.0000 0.4231 0.2301 0.0000 0.0000 0.0000 0.0000 0.0000 0.0889 0.0000 0.0000 0.0000 0.0000 0.2027 0.0000 
150      150   (0)     13 :  0.0000 0.0000 0.0000 0.0400 0.0200 0.0000 0.0000 0.0000 0.0000 0.0668 0.0574 0.0000 0.0000 0.0000 0.0000 0.0000 0.0801 0.0000 0.0000 0.0000 0.0000 0.7358 0.0000 
151      151   (0)     14 :  0.0000 0.0000 0.0000 0.0158 0.0360 0.0407 0.0000 0.0000 0.0000 0.2015 0.0718 0.0000 0.0000 0.0301 0.0000 0.0000 0.4299 0.0000 0.0000 0.0000 0.0000 0.1743 0.0000 
152      152   (0)     14 :  0.2104 0.0000 0.0200 0.0588 0.0582 0.0000 0.0033 0.0006 0.2252 0.0000 0.0000 0.0052 0.0827 0.0002 0.0052 0.0069 0.0000 0.2582 0.0000 0.0395 0.0017 0.0000 0.0241 
153      153   (0)     15 :  0.0000 0.9400 0.0000 0.0000 0.0400 0.0000 0.0000 0.0000 0.0200 0.0000 0.0000 0.0000 0.0000 0.0000 0.0000 0.0000 0.0000 0.0000 0.0000 0.0000 0.0000 0.0000 0.0000 
154      154   (0)     15 :  0.0000 0.0000 0.0000 0.0612 0.0281 0.0442 0.0000 0.0040 0.0000 0.4275 0.0667 0.0000 0.0000 0.0135 0.0000 0.0000 0.1157 0.0000 0.0000 0.0000 0.0000 0.2392 0.0000 
155      155   (0)     16 :  0.3279 0.0154 0.0281 0.0200 0.1276 0.0000 0.0000 0.0007 0.1498 0.0000 0.0000 0.0022 0.1515 0.0124 0.0228 0.0061 0.0000 0.1112 0.0005 0.0231 0.0006 0.0000 0.0000 
156      156   (0)     16 :  0.3181 0.0000 0.0027 0.0239 0.0601 0.0000 0.0000 0.0337 0.1199 0.0000 0.0000 0.0202 0.0160 0.0000 0.0312 0.0053 0.0000 0.2003 0.0622 0.1050 0.0014 0.0000 0.0000 
157      157   (0)     17 :  0.0000 0.8925 0.0410 0.0035 0.0400 0.0000 0.0000 0.0016 0.0200 0.0000 0.0000 0.0000 0.0000 0.0000 0.0000 0.0000 0.0000 0.0000 0.0014 0.0000 0.0000 0.0000 0.0000 
158      158   (0)     17 :  0.0000 0.0000 0.0000 0.0200 0.0000 0.0000 0.0000 0.9400 0.0000 0.0000 0.0000 0.0000 0.0000 0.0000 0.0000 0.0000 0.0000 0.0000 0.0000 0.0000 0.0400 0.0000 0.0000 
159      159   (0)     18 :  0.2643 0.0003 0.0058 0.0235 0.1264 0.0000 0.0000 0.0004 0.1663 0.0000 0.0000 0.0202 0.1900 0.0000 0.0004 0.0006 0.0000 0.0751 0.0002 0.0801 0.0000 0.0000 0.0465 
160      160   (0)     18 :  0.0689 0.0000 0.0094 0.0270 0.1041 0.0000 0.0010 0.0000 0.2058 0.0000 0.0000 0.0387 0.2836 0.0000 0.0033 0.0023 0.0000 0.2088 0.0333 0.0132 0.0000 0.0000 0.0006 
161      161   (0)     18 :  0.0851 0.0000 0.0036 0.0223 0.0985 0.0000 0.0220 0.0000 0.2923 0.0000 0.0000 0.0275 0.0526 0.0000 0.0000 0.0011 0.0000 0.2246 0.0084 0.1566 0.0000 0.0000 0.0055 
162      162   (0)     19 :  0.2337 0.0516 0.0240 0.0297 0.0641 0.0000 0.0000 0.0005 0.1079 0.0000 0.0044 0.0626 0.0596 0.0000 0.1062 0.0135 0.0005 0.1210 0.0000 0.0285 0.0000 0.0000 0.0921 
163      163   (0)     19 :  0.0191 0.1418 0.1637 0.0161 0.0238 0.0051 0.0000 0.0040 0.0588 0.0371 0.0440 0.0000 0.0000 0.0085 0.0011 0.0031 0.0325 0.0000 0.0000 0.4365 0.0000 0.0049 0.0000 
164      164   (0)     19 :  0.0321 0.0000 0.0000 0.0000 0.0000 0.0000 0.0000 0.0000 0.0356 0.0000 0.0000 0.0000 0.0000 0.0011 0.0000 0.0616 0.0000 0.0000 0.0000 0.8696 0.0000 0.0000 0.0000 
