1        1   (0)      1  : 0.2816 0.0000 0.0000 0.3235 0.0000 0.1693 0.0000 0.2256
2        2   (0)      1  : 0.0000 0.0365 0.0942 0.0159 0.1039 0.0063 0.0260 0.7171
3        3   (0)      1  : 0.4091 0.0000 0.0000 0.1978 0.0000 0.2459 0.0000 0.1472
4        4   (0)      1  : 0.3860 0.0000 0.0000 0.1549 0.0000 0.2892 0.0263 0.1436
5        5   (0)      1  : 0.2206 0.0000 0.0000 0.4140 0.0000 0.1352 0.0263 0.2039
6        6   (0)      1  : 0.3244 0.0000 0.0000 0.3093 0.0000 0.2679 0.0000 0.0985
7        7   (0)      1  : 0.4422 0.0000 0.0000 0.3179 0.0000 0.2096 0.0000 0.0304
8        8   (0)      1  : 0.4264 0.0000 0.0000 0.1945 0.0000 0.2325 0.0109 0.1357
9        9   (0)      1  : 0.3933 0.0000 0.0000 0.4419 0.0000 0.1232 0.0031 0.0385
10       10   (0)      1  : 0.2463 0.0000 0.0000 0.5037 0.0000 0.2005 0.0000 0.0495
11       11   (0)      1  : 0.1918 0.0000 0.0389 0.4704 0.0000 0.1266 0.0022 0.1701
12       12   (0)      1  : 0.0000 0.0000 0.0000 0.0263 0.0000 0.0000 0.0000 0.9737
13       13   (0)      1  : 0.3119 0.0000 0.0000 0.3645 0.0000 0.2148 0.0000 0.1088
14       14   (0)      2  : 0.4640 0.0000 0.0000 0.1100 0.0000 0.3464 0.0114 0.0682
15       15   (0)      2  : 0.0000 0.0000 0.0000 0.0000 0.0263 0.0000 0.9474 0.0263
16       16   (0)      2  : 0.7136 0.0000 0.0000 0.1265 0.0000 0.0835 0.0000 0.0764
17       17   (0)      2  : 0.4300 0.0000 0.0000 0.2669 0.0000 0.2596 0.0000 0.0434
18       18   (0)      2  : 0.0507 0.0000 0.0000 0.7741 0.0000 0.0390 0.0000 0.1361
19       19   (0)      2  : 0.5322 0.0000 0.0000 0.1495 0.0000 0.1326 0.0077 0.1779
20       20   (0)      2  : 0.1813 0.0000 0.0393 0.5795 0.0000 0.1078 0.0000 0.0921
21       21   (0)      2  : 0.2430 0.0000 0.0000 0.4365 0.0000 0.1441 0.0000 0.1765
22       22   (0)      2  : 0.2069 0.0000 0.0953 0.4721 0.0000 0.1218 0.0011 0.1027
23       23   (0)      2  : 0.1018 0.0000 0.4458 0.3064 0.0000 0.0445 0.0000 0.1016
24       24   (0)      2  : 0.2909 0.0000 0.0000 0.4966 0.0000 0.0860 0.0000 0.1265
25       25   (0)      2  : 0.3253 0.0000 0.0000 0.4001 0.0000 0.0841 0.0000 0.1904
26       26   (0)      2  : 0.1551 0.0000 0.4089 0.3027 0.0000 0.1093 0.0000 0.0240
27       27   (0)      2  : 0.4748 0.0000 0.0000 0.2394 0.0000 0.1569 0.0053 0.1236
28       28   (0)      3  : 0.0000 0.9737 0.0000 0.0000 0.0000 0.0263 0.0000 0.0000
29       29   (0)      3  : 0.2346 0.0000 0.0000 0.0661 0.0000 0.5400 0.0263 0.1330
30       30   (0)      3  : 0.0000 0.0000 1.0000 0.0000 0.0000 0.0000 0.0000 0.0000
31       31   (0)      3  : 0.0700 0.0000 0.5330 0.0190 0.0000 0.2600 0.0122 0.1058
32       32   (0)      3  : 0.0000 0.0000 0.0000 0.0000 0.0263 0.0000 0.9474 0.0263
33       33   (0)      3  : 0.5294 0.0000 0.0000 0.1628 0.0000 0.1648 0.0000 0.1430
34       34   (0)      3  : 0.0000 0.0000 0.0000 0.0000 0.9851 0.0149 0.0000 0.0000
35       35   (0)      3  : 0.0000 0.2330 0.0000 0.0000 0.7129 0.0541 0.0000 0.0000
36       36   (0)      3  : 0.0000 0.0000 0.0000 0.0000 0.9775 0.0129 0.0096 0.0000
37       37   (0)      3  : 0.2667 0.0000 0.0000 0.2898 0.0000 0.1718 0.0263 0.2454
38       38   (0)      3  : 0.0000 0.0000 1.0000 0.0000 0.0000 0.0000 0.0000 0.0000
39       39   (0)      3  : 0.0000 0.0000 1.0000 0.0000 0.0000 0.0000 0.0000 0.0000
40       40   (0)      3  : 0.3215 0.0000 0.0000 0.1948 0.0000 0.2909 0.0263 0.1665
41       41   (0)      3  : 0.2645 0.0000 0.0000 0.5300 0.0000 0.1980 0.0000 0.0075
42       42   (0)      3  : 0.0000 0.0000 0.0000 0.0000 0.0263 0.0000 0.9474 0.0263
43       43   (0)      3  : 0.0000 0.1606 0.0000 0.0000 0.6463 0.0840 0.1091 0.0000
44       44   (0)      3  : 0.2726 0.0000 0.0000 0.2085 0.0000 0.2789 0.0263 0.2136
45       45   (0)      3  : 0.7567 0.0000 0.0000 0.1244 0.0000 0.0662 0.0000 0.0526
46       46   (0)      4  : 0.0000 1.0000 0.0000 0.0000 0.0000 0.0000 0.0000 0.0000
47       47   (0)      4  : 0.0000 1.0000 0.0000 0.0000 0.0000 0.0000 0.0000 0.0000
48       48   (0)      4  : 0.2624 0.0000 0.0000 0.1659 0.0000 0.3784 0.0116 0.1816
49       49   (0)      4  : 0.2005 0.0012 0.0102 0.1654 0.0000 0.3414 0.0263 0.2551
50       50   (0)      4  : 0.0737 0.0000 0.0389 0.4012 0.0000 0.3329 0.0000 0.1533
51       51   (0)      4  : 0.2038 0.0000 0.0530 0.3065 0.0000 0.2798 0.0079 0.1491
52       52   (0)      4  : 0.0991 0.0000 0.0014 0.6283 0.0000 0.2319 0.0000 0.0394
53       53   (0)      4  : 0.2100 0.0000 0.0000 0.0472 0.0000 0.3779 0.0263 0.3386
54       54   (0)      4  : 0.1687 0.0000 0.0000 0.4784 0.0000 0.2973 0.0000 0.0556
55       55   (0)      4  : 0.0709 0.0000 0.6629 0.0432 0.0000 0.1339 0.0000 0.0891
56       56   (0)      4  : 0.3511 0.0000 0.0000 0.2247 0.0000 0.2400 0.0000 0.1841
57       57   (0)      5  : 0.1970 0.0000 0.0000 0.3366 0.0000 0.3033 0.0085 0.1546
58       58   (0)      5  : 0.2266 0.0385 0.0019 0.4200 0.0003 0.2070 0.0038 0.1019
59       59   (0)      5  : 0.2317 0.0000 0.0000 0.4654 0.0000 0.2672 0.0000 0.0357
60       60   (0)      5  : 0.0000 0.9910 0.0000 0.0000 0.0000 0.0090 0.0000 0.0000
61       61   (0)      5  : 0.0000 0.9997 0.0000 0.0000 0.0000 0.0003 0.0000 0.0000
62       62   (0)      5  : 0.0000 0.0000 0.0027 0.0000 0.0217 0.0000 0.9474 0.0282
63       63   (0)      6  : 0.0000 0.0000 0.0000 0.0000 1.0000 0.0000 0.0000 0.0000
64       64   (0)      6  : 0.0000 0.9737 0.0000 0.0000 0.0000 0.0263 0.0000 0.0000
65       65   (0)      6  : 0.0000 0.0000 0.0000 0.0000 0.9474 0.0263 0.0263 0.0000
66       66   (0)      6  : 0.1054 0.6754 0.0000 0.1056 0.0354 0.0272 0.0312 0.0198
67       67   (0)      6  : 0.0000 1.0000 0.0000 0.0000 0.0000 0.0000 0.0000 0.0000
68       68   (0)      6  : 0.0000 0.7582 0.1232 0.0000 0.1096 0.0075 0.0015 0.0000
69       69   (0)      6  : 0.3007 0.0642 0.0283 0.2370 0.0709 0.1961 0.0114 0.0915
70       70   (0)      6  : 0.0000 0.9737 0.0000 0.0000 0.0000 0.0263 0.0000 0.0000
71       71   (0)      6  : 0.7557 0.0000 0.0000 0.0984 0.0000 0.0868 0.0000 0.0591
72       72   (0)      6  : 0.0000 0.9737 0.0000 0.0000 0.0000 0.0263 0.0000 0.0000
73       73   (0)      6  : 0.0000 0.0000 0.0015 0.0000 0.9721 0.0000 0.0263 0.0000
74       74   (0)      6  : 0.0000 0.8568 0.1343 0.0000 0.0000 0.0089 0.0000 0.0000
75       75   (0)      6  : 0.0000 0.0000 0.0629 0.0000 0.9108 0.0000 0.0263 0.0000
76       76   (0)      6  : 0.0000 0.8324 0.1676 0.0000 0.0000 0.0000 0.0000 0.0000
77       77   (0)      6  : 0.0000 0.8172 0.1817 0.0000 0.0000 0.0000 0.0011 0.0000
78       78   (0)      6  : 0.0000 0.0000 0.2122 0.0000 0.7723 0.0000 0.0156 0.0000
79       79   (0)      6  : 0.0000 0.0000 0.0000 0.0000 0.9737 0.0000 0.0263 0.0000
80       80   (0)      7  : 0.0263 0.0000 0.0000 0.8514 0.0000 0.0427 0.0000 0.0797
81       81   (0)      8  : 0.0801 0.0000 0.0364 0.6694 0.0000 0.1402 0.0029 0.0710
82       82   (0)      9  : 0.0000 0.0000 1.0000 0.0000 0.0000 0.0000 0.0000 0.0000
83       83   (0)     10  : 0.1355 0.0000 0.1289 0.4616 0.0000 0.1719 0.0000 0.1021
84       84   (0)     11  : 0.1783 0.0000 0.0000 0.5846 0.0000 0.1635 0.0000 0.0736
85       85   (0)     11  : 0.0578 0.0000 0.4484 0.3839 0.0000 0.1099 0.0000 0.0000
86       86   (0)     12  : 0.2047 0.0000 0.4398 0.1168 0.0000 0.1931 0.0000 0.0457
87       87   (0)     12  : 0.2786 0.0000 0.1772 0.3294 0.0000 0.1168 0.0000 0.0979
88       88   (0)     12  : 0.5384 0.0000 0.0000 0.1516 0.0000 0.1764 0.0000 0.1335
89       89   (0)     12  : 0.2070 0.0000 0.1672 0.3023 0.0000 0.2361 0.0049 0.0826
90       90   (0)     12  : 0.0000 0.0000 0.0000 0.0000 0.9998 0.0000 0.0000 0.0002
91       91   (0)     12  : 0.1445 0.0000 0.0000 0.4367 0.0000 0.3400 0.0041 0.0747
92       92   (0)     12  : 0.1744 0.0000 0.0000 0.4165 0.0000 0.2263 0.0000 0.1828
93       93   (0)     12  : 0.5191 0.0000 0.0000 0.2072 0.0000 0.1493 0.0000 0.1244
94       94   (0)     13  : 0.2053 0.0000 0.0000 0.4590 0.0000 0.2491 0.0148 0.0718
