 1        1   (0)      1 :  0.1364 0.3314 0.2525 0.1169 0.1541 0.0087 
 2        2   (0)      1 :  0.2954 0.4009 0.0796 0.0127 0.1856 0.0258 
 3        3   (0)      1 :  0.1200 0.5652 0.0527 0.0000 0.2138 0.0484 
 4        4   (0)      1 :  0.1654 0.3652 0.1105 0.0470 0.2670 0.0449 
 5        5   (0)      1 :  0.1838 0.1531 0.1674 0.0365 0.4471 0.0122 
 6        6   (0)      1 :  0.1126 0.3892 0.1157 0.0414 0.3087 0.0324 
 7        7   (0)      1 :  0.1277 0.3439 0.1973 0.0004 0.3125 0.0181 
 8        8   (0)      2 :  0.1183 0.2122 0.3542 0.0033 0.3080 0.0040 
 9        9   (0)      2 :  0.0049 0.0109 0.9399 0.0065 0.0121 0.0256 
10       10   (0)      2 :  0.0029 0.0102 0.9421 0.0087 0.0145 0.0215 
11       11   (0)      2 :  0.0043 0.0096 0.8233 0.1290 0.0138 0.0199 
12       12   (0)      2 :  0.0884 0.6652 0.0596 0.0069 0.1400 0.0399 
13       13   (0)      2 :  0.3088 0.1647 0.1060 0.0042 0.4157 0.0006 
14       14   (0)      3 :  0.0759 0.5798 0.0520 0.0075 0.2812 0.0036 
15       15   (0)      3 :  0.0913 0.6837 0.1085 0.0350 0.0743 0.0071 
16       16   (0)      3 :  0.1003 0.7419 0.0363 0.0204 0.0603 0.0407 
17       17   (0)      3 :  0.1647 0.1911 0.0761 0.0009 0.5464 0.0207 
18       18   (0)      4 :  0.2813 0.2620 0.1029 0.0285 0.2926 0.0328 
19       19   (0)      4 :  0.1267 0.2827 0.3647 0.0142 0.2116 0.0000 
20       20   (0)      4 :  0.1255 0.4601 0.1072 0.0121 0.2935 0.0017 
21       21   (0)      4 :  0.2228 0.1891 0.2480 0.0100 0.2974 0.0328 
22       22   (0)      4 :  0.1474 0.3064 0.2250 0.0012 0.3075 0.0125 
23       23   (0)      4 :  0.1387 0.2529 0.3442 0.0049 0.2508 0.0085 
24       24   (0)      4 :  0.0669 0.3379 0.1276 0.0000 0.4664 0.0012 
25       25   (0)      4 :  0.0620 0.3674 0.1385 0.0000 0.4302 0.0019 
26       26   (0)      4 :  0.1480 0.0889 0.3473 0.0283 0.3799 0.0076 
27       27   (0)      4 :  0.1138 0.4229 0.1323 0.0025 0.3194 0.0091 
28       28   (0)      4 :  0.2611 0.3008 0.1216 0.0166 0.2407 0.0593 
29       29   (0)      4 :  0.1610 0.1677 0.2548 0.0296 0.3663 0.0205 
30       30   (0)      4 :  0.1643 0.3627 0.2244 0.0012 0.2047 0.0427 
31       31   (0)      4 :  0.1406 0.5959 0.0072 0.0200 0.2362 0.0000 
32       32   (0)      4 :  0.0561 0.3780 0.1000 0.0011 0.4648 0.0000 
33       33   (0)      4 :  0.0911 0.3332 0.2721 0.0000 0.2561 0.0475 
34       34   (0)      5 :  0.1094 0.2414 0.1996 0.0138 0.4350 0.0008 
35       35   (0)      6 :  0.1787 0.5045 0.1742 0.0243 0.0995 0.0188 
36       36   (0)      6 :  0.2025 0.1767 0.4683 0.0025 0.1408 0.0092 
37       37   (0)      6 :  0.7000 0.0000 0.0800 0.0400 0.0400 0.1400 
38       38   (0)      6 :  0.0810 0.2413 0.4380 0.0000 0.2384 0.0013 
39       39   (0)      6 :  0.2365 0.0435 0.2063 0.0058 0.5070 0.0009 
40       40   (0)      6 :  0.1440 0.2234 0.1586 0.0279 0.4382 0.0080 
41       41   (0)      6 :  0.0000 0.0000 0.0000 0.9600 0.0000 0.0400 
42       42   (0)      6 :  0.1383 0.3412 0.1979 0.0193 0.3024 0.0008 
43       43   (0)      6 :  0.0767 0.6388 0.1922 0.0042 0.0519 0.0362 
44       44   (0)      6 :  0.0929 0.3320 0.2328 0.0246 0.3070 0.0108 
45       45   (0)      6 :  0.1232 0.3175 0.2697 0.0039 0.2338 0.0519 
46       46   (0)      6 :  0.0000 0.0000 0.0000 0.0200 0.0000 0.9800 
47       47   (0)      6 :  0.1237 0.3959 0.4010 0.0041 0.0698 0.0055 
48       48   (0)      6 :  0.1772 0.2664 0.2095 0.0053 0.2850 0.0566 
49       49   (0)      6 :  0.0000 0.0000 0.0000 0.9600 0.0000 0.0400 
50       50   (0)      6 :  0.2523 0.1372 0.1406 0.0024 0.4618 0.0056 
51       51   (0)      6 :  0.1201 0.2657 0.2562 0.0613 0.2671 0.0295 
52       52   (0)      6 :  0.0000 0.0000 0.0000 0.0200 0.0000 0.9800 
53       53   (0)      6 :  0.1160 0.3916 0.0933 0.0000 0.3978 0.0013 
54       54   (0)      6 :  0.0951 0.0794 0.2311 0.0000 0.5836 0.0108 
55       55   (0)      6 :  0.2672 0.3065 0.2117 0.0076 0.1875 0.0196 
56       56   (0)      6 :  0.1744 0.1674 0.3686 0.0219 0.2583 0.0094 
57       57   (0)      6 :  0.0861 0.1438 0.0973 0.0002 0.6518 0.0207 
58       58   (0)      7 :  0.2184 0.0459 0.2803 0.0000 0.4554 0.0000 
59       59   (0)      7 :  0.1859 0.3819 0.2755 0.0093 0.1465 0.0009 
60       60   (0)      7 :  0.2160 0.3559 0.2340 0.0086 0.1738 0.0117 
61       61   (0)      7 :  0.1264 0.0444 0.4223 0.0013 0.4024 0.0032 
62       62   (0)      7 :  0.7000 0.0000 0.0800 0.0400 0.0400 0.1400 
63       63   (0)      7 :  0.0813 0.3110 0.3409 0.0141 0.2496 0.0031 
64       64   (0)      8 :  0.1352 0.4361 0.1216 0.0175 0.2396 0.0499 
65       65   (0)      8 :  0.1234 0.2993 0.3476 0.0090 0.1901 0.0306 
66       66   (0)      9 :  0.1389 0.3300 0.2120 0.0000 0.3124 0.0067 
67       67   (0)     10 :  0.1852 0.4825 0.1527 0.0203 0.1587 0.0006 
68       68   (0)     10 :  0.0944 0.4434 0.1873 0.0058 0.2503 0.0188 
69       69   (0)     10 :  0.1829 0.2387 0.1482 0.0041 0.3739 0.0522 
70       70   (0)     10 :  0.1719 0.2683 0.1851 0.0014 0.3496 0.0237 
71       71   (0)     10 :  0.0908 0.2170 0.3457 0.0000 0.3466 0.0000 
72       72   (0)     10 :  0.1326 0.2142 0.3068 0.0038 0.3419 0.0007 
73       73   (0)     10 :  0.1044 0.2421 0.2823 0.0166 0.3419 0.0128 
74       74   (0)     10 :  0.1836 0.2180 0.2685 0.0031 0.3269 0.0000 
75       75   (0)     10 :  0.1959 0.2165 0.1332 0.0020 0.4359 0.0166 
76       76   (0)     10 :  0.1635 0.3409 0.2175 0.0090 0.2638 0.0054 
