nohup: ignoring input
	-> angsd version: 0.940-dirty (htslib: 1.16) build(Sep 19 2025 12:28:47)
	-> /home/cns.local/michael.studivan/bin/angsd/angsd -b bamsNoClones -GL 1 -uniqueOnly 1 -remove_bads 1 -minMapQ 20 -minQ 30 -dosnpstat 1 -doHWE 1 -hwe_pval 1e-5 -sb_pval 1e-5 -hetbias_pval 1e-5 -skipTriallelic 1 -minInd 91 -snp_pval 1e-6 -minMaf 0.05 -doMajorMinor 1 -doMaf 1 -doCounts 1 -makeMatrix 1 -doIBS 1 -doCov 1 -doGeno 8 -doBcf 1 -doPost 1 -doGlf 2 -P 1 -out cnatNoClones 
	-> Inputtype is BAM/CRAM
[multiReader] 114 samples in 114 input files
	-> SNP-filter using a pvalue: 1.000000e-06 correspond to 23.928127 likelihood units

[bcfoutput] 	Please add the following parameters 
		 '-gl 1 -dopost 1 -domajorminor 1 -domaf 1 -dobcf 1 --ignore-RG 0 -dogeno 1 -docounts 1'

	-> Inputtype is BAM/CRAM
	-> Parsing 114 number of samples 
	-> Printing at chr: JBGLOC010000001.1 pos:1202681 chunknumber 100 contains 219 sites
	-> Printing at chr: JBGLOC010000001.1 pos:2372553 chunknumber 200 contains 72 sites
	-> Printing at chr: JBGLOC010000001.1 pos:3381422 chunknumber 300 contains 179 sites
	-> Printing at chr: JBGLOC010000001.1 pos:6683680 chunknumber 400 contains 1008 sites
	-> Printing at chr: JBGLOC010000001.1 pos:7944181 chunknumber 500 contains 567 sites
	-> Printing at chr: JBGLOC010000001.1 pos:8994857 chunknumber 600 contains 72 sites
	-> Printing at chr: JBGLOC010000001.1 pos:10687565 chunknumber 700 contains 73 sites
	-> Printing at chr: JBGLOC010000001.1 pos:12112991 chunknumber 800 contains 36 sites
	-> Printing at chr: JBGLOC010000001.1 pos:13040961 chunknumber 900 contains 36 sites
	-> Printing at chr: JBGLOC010000001.1 pos:13853803 chunknumber 1000 contains 357 sites
	-> Printing at chr: JBGLOC010000002.1 pos:1337887 chunknumber 1100 contains 125 sites
	-> Printing at chr: JBGLOC010000002.1 pos:4440442 chunknumber 1200 contains 143 sites
	-> Printing at chr: JBGLOC010000002.1 pos:6301871 chunknumber 1300 contains 108 sites
	-> Printing at chr: JBGLOC010000002.1 pos:7378773 chunknumber 1400 contains 226 sites
	-> Printing at chr: JBGLOC010000002.1 pos:8865778 chunknumber 1500 contains 179 sites
	-> Printing at chr: JBGLOC010000002.1 pos:10374002 chunknumber 1600 contains 72 sites
	-> Printing at chr: JBGLOC010000002.1 pos:11769524 chunknumber 1700 contains 62 sites
	-> Printing at chr: JBGLOC010000003.1 pos:282034 chunknumber 1800 contains 118 sites
	-> Printing at chr: JBGLOC010000003.1 pos:1574917 chunknumber 1900 contains 72 sites
	-> Printing at chr: JBGLOC010000003.1 pos:2940752 chunknumber 2000 contains 112 sites
	-> Printing at chr: JBGLOC010000003.1 pos:4425376 chunknumber 2100 contains 108 sites
	-> Printing at chr: JBGLOC010000003.1 pos:5371956 chunknumber 2200 contains 100 sites
	-> Printing at chr: JBGLOC010000003.1 pos:6731522 chunknumber 2300 contains 75 sites
	-> Printing at chr: JBGLOC010000003.1 pos:8067450 chunknumber 2400 contains 144 sites
	-> Printing at chr: JBGLOC010000003.1 pos:9095676 chunknumber 2500 contains 175 sites
	-> Printing at chr: JBGLOC010000003.1 pos:10206122 chunknumber 2600 contains 81 sites
	-> Printing at chr: JBGLOC010000004.1 pos:82271 chunknumber 2700 contains 107 sites
	-> Printing at chr: JBGLOC010000004.1 pos:1179897 chunknumber 2800 contains 36 sites
	-> Printing at chr: JBGLOC010000004.1 pos:2172116 chunknumber 2900 contains 113 sites
	-> Printing at chr: JBGLOC010000004.1 pos:3293230 chunknumber 3000 contains 74 sites
	-> Printing at chr: JBGLOC010000004.1 pos:4194821 chunknumber 3100 contains 191 sites
	-> Printing at chr: JBGLOC010000004.1 pos:5750333 chunknumber 3200 contains 255 sites
	-> Printing at chr: JBGLOC010000004.1 pos:7063618 chunknumber 3300 contains 182 sites
	-> Printing at chr: JBGLOC010000004.1 pos:8108681 chunknumber 3400 contains 72 sites
	-> Printing at chr: JBGLOC010000004.1 pos:9295714 chunknumber 3500 contains 73 sites
	-> Printing at chr: JBGLOC010000005.1 pos:632969 chunknumber 3600 contains 104 sites
	-> Printing at chr: JBGLOC010000005.1 pos:1861741 chunknumber 3700 contains 108 sites
	-> Printing at chr: JBGLOC010000005.1 pos:3255858 chunknumber 3800 contains 280 sites
	-> Printing at chr: JBGLOC010000005.1 pos:4342489 chunknumber 3900 contains 427 sites
	-> Printing at chr: JBGLOC010000005.1 pos:5419412 chunknumber 4000 contains 151 sites
	-> Printing at chr: JBGLOC010000005.1 pos:6676625 chunknumber 4100 contains 71 sites
	-> Printing at chr: JBGLOC010000005.1 pos:7502980 chunknumber 4200 contains 615 sites
	-> Printing at chr: JBGLOC010000005.1 pos:8453612 chunknumber 4300 contains 36 sites
	-> Printing at chr: JBGLOC010000005.1 pos:9253159 chunknumber 4400 contains 108 sites
	-> Printing at chr: JBGLOC010000005.1 pos:10029687 chunknumber 4500 contains 69 sites
	-> Printing at chr: JBGLOC010000006.1 pos:1056463 chunknumber 4600 contains 36 sites
	-> Printing at chr: JBGLOC010000006.1 pos:1909794 chunknumber 4700 contains 72 sites
	-> Printing at chr: JBGLOC010000006.1 pos:2983988 chunknumber 4800 contains 36 sites
	-> Printing at chr: JBGLOC010000006.1 pos:4107901 chunknumber 4900 contains 36 sites
	-> Printing at chr: JBGLOC010000006.1 pos:5029882 chunknumber 5000 contains 398 sites
	-> Printing at chr: JBGLOC010000006.1 pos:5942245 chunknumber 5100 contains 74 sites
	-> Printing at chr: JBGLOC010000006.1 pos:7283823 chunknumber 5200 contains 144 sites
	-> Printing at chr: JBGLOC010000006.1 pos:8001798 chunknumber 5300 contains 286 sites
	-> Printing at chr: JBGLOC010000006.1 pos:8910610 chunknumber 5400 contains 143 sites
	-> Printing at chr: JBGLOC010000006.1 pos:10131004 chunknumber 5500 contains 308 sites
	-> Printing at chr: JBGLOC010000007.1 pos:1010148 chunknumber 5600 contains 110 sites
	-> Printing at chr: JBGLOC010000007.1 pos:1816102 chunknumber 5700 contains 139 sites
	-> Printing at chr: JBGLOC010000007.1 pos:2761480 chunknumber 5800 contains 179 sites
	-> Printing at chr: JBGLOC010000007.1 pos:3607001 chunknumber 5900 contains 287 sites
	-> Printing at chr: JBGLOC010000007.1 pos:4581311 chunknumber 6000 contains 72 sites
	-> Printing at chr: JBGLOC010000007.1 pos:5578702 chunknumber 6100 contains 108 sites
	-> Printing at chr: JBGLOC010000007.1 pos:7211801 chunknumber 6200 contains 214 sites
	-> Printing at chr: JBGLOC010000007.1 pos:8331756 chunknumber 6300 contains 144 sites
	-> Printing at chr: JBGLOC010000008.1 pos:967928 chunknumber 6400 contains 36 sites
	-> Printing at chr: JBGLOC010000008.1 pos:2793891 chunknumber 6500 contains 103 sites
	-> Printing at chr: JBGLOC010000008.1 pos:3948180 chunknumber 6600 contains 248 sites
	-> Printing at chr: JBGLOC010000008.1 pos:5248642 chunknumber 6700 contains 36 sites
	-> Printing at chr: JBGLOC010000008.1 pos:6796533 chunknumber 6800 contains 143 sites
	-> Printing at chr: JBGLOC010000008.1 pos:8089613 chunknumber 6900 contains 72 sites
	-> Printing at chr: JBGLOC010000008.1 pos:8877100 chunknumber 7000 contains 36 sites
	-> Printing at chr: JBGLOC010000009.1 pos:504248 chunknumber 7100 contains 72 sites
	-> Printing at chr: JBGLOC010000009.1 pos:2486389 chunknumber 7200 contains 394 sites
	-> Printing at chr: JBGLOC010000009.1 pos:5666613 chunknumber 7300 contains 323 sites
	-> Printing at chr: JBGLOC010000009.1 pos:7021502 chunknumber 7400 contains 144 sites
	-> Printing at chr: JBGLOC010000009.1 pos:8234906 chunknumber 7500 contains 174 sites
	-> Printing at chr: JBGLOC010000010.1 pos:451345 chunknumber 7600 contains 139 sites
	-> Printing at chr: JBGLOC010000010.1 pos:1397050 chunknumber 7700 contains 32 sites
	-> Printing at chr: JBGLOC010000010.1 pos:2338056 chunknumber 7800 contains 144 sites
	-> Printing at chr: JBGLOC010000010.1 pos:4178479 chunknumber 7900 contains 356 sites
	-> Printing at chr: JBGLOC010000010.1 pos:5367201 chunknumber 8000 contains 152 sites
	-> Printing at chr: JBGLOC010000010.1 pos:6405306 chunknumber 8100 contains 72 sites
	-> Printing at chr: JBGLOC010000010.1 pos:7443176 chunknumber 8200 contains 176 sites
	-> Printing at chr: JBGLOC010000011.1 pos:729131 chunknumber 8300 contains 108 sites
	-> Printing at chr: JBGLOC010000011.1 pos:1815969 chunknumber 8400 contains 36 sites
	-> Printing at chr: JBGLOC010000011.1 pos:2678239 chunknumber 8500 contains 72 sites
	-> Printing at chr: JBGLOC010000011.1 pos:3741261 chunknumber 8600 contains 315 sites
	-> Printing at chr: JBGLOC010000011.1 pos:4598768 chunknumber 8700 contains 109 sites
	-> Printing at chr: JBGLOC010000011.1 pos:5617896 chunknumber 8800 contains 36 sites
	-> Printing at chr: JBGLOC010000011.1 pos:7211179 chunknumber 8900 contains 108 sites
	-> Printing at chr: JBGLOC010000012.1 pos:667504 chunknumber 9000 contains 74 sites
	-> Printing at chr: JBGLOC010000012.1 pos:1675950 chunknumber 9100 contains 533 sites
	-> Printing at chr: JBGLOC010000012.1 pos:2867098 chunknumber 9200 contains 425 sites
	-> Printing at chr: JBGLOC010000012.1 pos:4041138 chunknumber 9300 contains 70 sites
	-> Printing at chr: JBGLOC010000012.1 pos:5143486 chunknumber 9400 contains 108 sites
	-> Printing at chr: JBGLOC010000013.1 pos:301212 chunknumber 9500 contains 251 sites
	-> Printing at chr: JBGLOC010000013.1 pos:3257308 chunknumber 9600 contains 36 sites
	-> Printing at chr: JBGLOC010000013.1 pos:4453291 chunknumber 9700 contains 396 sites
	-> Printing at chr: JBGLOC010000013.1 pos:5494777 chunknumber 9800 contains 72 sites
	-> Printing at chr: JBGLOC010000014.1 pos:110520 chunknumber 9900 contains 72 sites
	-> Printing at chr: JBGLOC010000014.1 pos:903696 chunknumber 10000 contains 311 sites
	-> Printing at chr: JBGLOC010000014.1 pos:1915927 chunknumber 10100 contains 69 sites
	-> Printing at chr: JBGLOC010000014.1 pos:2943363 chunknumber 10200 contains 108 sites
	-> Printing at chr: JBGLOC010000014.1 pos:3855945 chunknumber 10300 contains 71 sites
	-> Printing at chr: JBGLOC010000014.1 pos:5083708 chunknumber 10400 contains 37 sites
	-> Printing at chr: JBGLOC010000014.1 pos:6214056 chunknumber 10500 contains 35 sites
	-> Printing at chr: JBGLOC010000015.1 pos:1177508 chunknumber 10600 contains 102 sites
	-> Printing at chr: JBGLOC010000015.1 pos:2042171 chunknumber 10700 contains 213 sites
	-> Printing at chr: JBGLOC010000015.1 pos:3015384 chunknumber 10800 contains 175 sites
	-> Printing at chr: JBGLOC010000015.1 pos:4492127 chunknumber 10900 contains 36 sites
	-> Printing at chr: JBGLOC010000015.1 pos:5503803 chunknumber 11000 contains 36 sites
	-> Printing at chr: JBGLOC010000016.1 pos:792367 chunknumber 11100 contains 34 sites
	-> Printing at chr: JBGLOC010000016.1 pos:1721641 chunknumber 11200 contains 108 sites
	-> Printing at chr: JBGLOC010000016.1 pos:2556300 chunknumber 11300 contains 186 sites
	-> Printing at chr: JBGLOC010000016.1 pos:3460921 chunknumber 11400 contains 70 sites
	-> Printing at chr: JBGLOC010000016.1 pos:4577929 chunknumber 11500 contains 36 sites
	-> Printing at chr: JBGLOC010000016.1 pos:5490481 chunknumber 11600 contains 36 sites
	-> Printing at chr: JBGLOC010000017.1 pos:181513 chunknumber 11700 contains 72 sites
	-> Printing at chr: JBGLOC010000017.1 pos:1562185 chunknumber 11800 contains 181 sites
	-> Printing at chr: JBGLOC010000017.1 pos:2573427 chunknumber 11900 contains 177 sites
	-> Printing at chr: JBGLOC010000017.1 pos:3547864 chunknumber 12000 contains 174 sites
	-> Printing at chr: JBGLOC010000017.1 pos:4727749 chunknumber 12100 contains 39 sites
	-> Printing at chr: JBGLOC010000017.1 pos:6082071 chunknumber 12200 contains 142 sites
	-> Printing at chr: JBGLOC010000018.1 pos:994149 chunknumber 12300 contains 60 sites
	-> Printing at chr: JBGLOC010000018.1 pos:2242575 chunknumber 12400 contains 69 sites
	-> Printing at chr: JBGLOC010000018.1 pos:3425224 chunknumber 12500 contains 108 sites
	-> Printing at chr: JBGLOC010000018.1 pos:4349801 chunknumber 12600 contains 81 sites
	-> Printing at chr: JBGLOC010000018.1 pos:5469258 chunknumber 12700 contains 252 sites
	-> Printing at chr: JBGLOC010000019.1 pos:135713 chunknumber 12800 contains 106 sites
	-> Printing at chr: JBGLOC010000019.1 pos:1202685 chunknumber 12900 contains 144 sites
	-> Printing at chr: JBGLOC010000019.1 pos:3188479 chunknumber 13000 contains 281 sites
	-> Printing at chr: JBGLOC010000019.1 pos:3836406 chunknumber 13100 contains 373 sites
	-> Printing at chr: JBGLOC010000019.1 pos:6015151 chunknumber 13200 contains 72 sites
	-> Printing at chr: JBGLOC010000020.1 pos:1624892 chunknumber 13300 contains 457 sites
	-> Printing at chr: JBGLOC010000020.1 pos:3254686 chunknumber 13400 contains 389 sites
	-> Printing at chr: JBGLOC010000020.1 pos:4490902 chunknumber 13500 contains 36 sites
	-> Printing at chr: JBGLOC010000020.1 pos:5330054 chunknumber 13600 contains 36 sites
	-> Printing at chr: JBGLOC010000021.1 pos:408464 chunknumber 13700 contains 108 sites
	-> Printing at chr: JBGLOC010000021.1 pos:1356604 chunknumber 13800 contains 57 sites
	-> Printing at chr: JBGLOC010000021.1 pos:2104848 chunknumber 13900 contains 283 sites
	-> Printing at chr: JBGLOC010000021.1 pos:3152081 chunknumber 14000 contains 108 sites
	-> Printing at chr: JBGLOC010000021.1 pos:4418558 chunknumber 14100 contains 144 sites
	-> Printing at chr: JBGLOC010000022.1 pos:136917 chunknumber 14200 contains 36 sites
	-> Printing at chr: JBGLOC010000022.1 pos:1173813 chunknumber 14300 contains 36 sites
	-> Printing at chr: JBGLOC010000022.1 pos:2127597 chunknumber 14400 contains 1006 sites
	-> Printing at chr: JBGLOC010000022.1 pos:3251608 chunknumber 14500 contains 179 sites
	-> Printing at chr: JBGLOC010000022.1 pos:5556466 chunknumber 14600 contains 102 sites
	-> Printing at chr: JBGLOC010000023.1 pos:939863 chunknumber 14700 contains 72 sites
	-> Printing at chr: JBGLOC010000023.1 pos:1830127 chunknumber 14800 contains 71 sites
	-> Printing at chr: JBGLOC010000023.1 pos:3143907 chunknumber 14900 contains 108 sites
	-> Printing at chr: JBGLOC010000023.1 pos:4085204 chunknumber 15000 contains 117 sites
	-> Printing at chr: JBGLOC010000024.1 pos:84176 chunknumber 15100 contains 178 sites
	-> Printing at chr: JBGLOC010000024.1 pos:958944 chunknumber 15200 contains 36 sites
	-> Printing at chr: JBGLOC010000024.1 pos:2119146 chunknumber 15300 contains 39 sites
	-> Printing at chr: JBGLOC010000024.1 pos:3398052 chunknumber 15400 contains 119 sites
	-> Printing at chr: JBGLOC010000024.1 pos:4491138 chunknumber 15500 contains 36 sites
	-> Printing at chr: JBGLOC010000025.1 pos:631789 chunknumber 15600 contains 71 sites
	-> Printing at chr: JBGLOC010000025.1 pos:2086063 chunknumber 15700 contains 33 sites
	-> Printing at chr: JBGLOC010000025.1 pos:3223163 chunknumber 15800 contains 70 sites
	-> Printing at chr: JBGLOC010000025.1 pos:4320623 chunknumber 15900 contains 37 sites
	-> Printing at chr: JBGLOC010000026.1 pos:949948 chunknumber 16000 contains 36 sites
	-> Printing at chr: JBGLOC010000026.1 pos:4373816 chunknumber 16100 contains 108 sites
	-> Printing at chr: JBGLOC010000027.1 pos:1050112 chunknumber 16200 contains 36 sites
	-> Printing at chr: JBGLOC010000027.1 pos:2293635 chunknumber 16300 contains 181 sites
	-> Printing at chr: JBGLOC010000027.1 pos:3439466 chunknumber 16400 contains 33 sites
	-> Printing at chr: JBGLOC010000027.1 pos:4650129 chunknumber 16500 contains 108 sites
	-> Printing at chr: JBGLOC010000028.1 pos:793386 chunknumber 16600 contains 36 sites
	-> Printing at chr: JBGLOC010000028.1 pos:1913624 chunknumber 16700 contains 36 sites
	-> Printing at chr: JBGLOC010000028.1 pos:2847030 chunknumber 16800 contains 216 sites
	-> Printing at chr: JBGLOC010000028.1 pos:4272517 chunknumber 16900 contains 74 sites
	-> Printing at chr: JBGLOC010000029.1 pos:879923 chunknumber 17000 contains 50 sites
	-> Printing at chr: JBGLOC010000029.1 pos:2079916 chunknumber 17100 contains 70 sites
	-> Printing at chr: JBGLOC010000029.1 pos:3506865 chunknumber 17200 contains 36 sites
	-> Printing at chr: JBGLOC010000030.1 pos:465573 chunknumber 17300 contains 36 sites
	-> Printing at chr: JBGLOC010000030.1 pos:1644082 chunknumber 17400 contains 106 sites
	-> Printing at chr: JBGLOC010000030.1 pos:2776852 chunknumber 17500 contains 99 sites
	-> Printing at chr: JBGLOC010000030.1 pos:3744604 chunknumber 17600 contains 281 sites
	-> Printing at chr: JBGLOC010000031.1 pos:143348 chunknumber 17700 contains 29 sites
	-> Printing at chr: JBGLOC010000031.1 pos:1193750 chunknumber 17800 contains 36 sites
	-> Printing at chr: JBGLOC010000031.1 pos:2121428 chunknumber 17900 contains 36 sites
	-> Printing at chr: JBGLOC010000031.1 pos:3221935 chunknumber 18000 contains 100 sites
	-> Printing at chr: JBGLOC010000031.1 pos:4216846 chunknumber 18100 contains 36 sites
	-> Printing at chr: JBGLOC010000032.1 pos:697522 chunknumber 18200 contains 36 sites
	-> Printing at chr: JBGLOC010000032.1 pos:1732487 chunknumber 18300 contains 108 sites
	-> Printing at chr: JBGLOC010000032.1 pos:2921250 chunknumber 18400 contains 72 sites
	-> Printing at chr: JBGLOC010000032.1 pos:4105242 chunknumber 18500 contains 36 sites
	-> Printing at chr: JBGLOC010000033.1 pos:1217546 chunknumber 18600 contains 36 sites
	-> Printing at chr: JBGLOC010000033.1 pos:3472504 chunknumber 18700 contains 36 sites
	-> Printing at chr: JBGLOC010000034.1 pos:425282 chunknumber 18800 contains 36 sites
	-> Printing at chr: JBGLOC010000034.1 pos:1249522 chunknumber 18900 contains 36 sites
	-> Printing at chr: JBGLOC010000034.1 pos:2292929 chunknumber 19000 contains 180 sites
	-> Printing at chr: JBGLOC010000034.1 pos:3610364 chunknumber 19100 contains 36 sites
	-> Printing at chr: JBGLOC010000035.1 pos:269769 chunknumber 19200 contains 148 sites
	-> Printing at chr: JBGLOC010000035.1 pos:1051883 chunknumber 19300 contains 72 sites
	-> Printing at chr: JBGLOC010000035.1 pos:2315378 chunknumber 19400 contains 66 sites
	-> Printing at chr: JBGLOC010000035.1 pos:4242684 chunknumber 19500 contains 36 sites
	-> Printing at chr: JBGLOC010000036.1 pos:772623 chunknumber 19600 contains 71 sites
	-> Printing at chr: JBGLOC010000036.1 pos:1887304 chunknumber 19700 contains 69 sites
	-> Printing at chr: JBGLOC010000036.1 pos:3353805 chunknumber 19800 contains 36 sites
	-> Printing at chr: JBGLOC010000037.1 pos:396395 chunknumber 19900 contains 493 sites
	-> Printing at chr: JBGLOC010000037.1 pos:1980786 chunknumber 20000 contains 142 sites
	-> Printing at chr: JBGLOC010000037.1 pos:2993634 chunknumber 20100 contains 36 sites
	-> Printing at chr: JBGLOC010000038.1 pos:1177574 chunknumber 20200 contains 1259 sites
	-> Printing at chr: JBGLOC010000038.1 pos:3760698 chunknumber 20300 contains 179 sites
	-> Printing at chr: JBGLOC010000039.1 pos:796209 chunknumber 20400 contains 72 sites
	-> Printing at chr: JBGLOC010000039.1 pos:1776230 chunknumber 20500 contains 72 sites
	-> Printing at chr: JBGLOC010000039.1 pos:2599758 chunknumber 20600 contains 213 sites
	-> Printing at chr: JBGLOC010000039.1 pos:3562931 chunknumber 20700 contains 36 sites
	-> Printing at chr: JBGLOC010000040.1 pos:836000 chunknumber 20800 contains 180 sites
	-> Printing at chr: JBGLOC010000040.1 pos:2587588 chunknumber 20900 contains 36 sites
	-> Printing at chr: JBGLOC010000040.1 pos:3502468 chunknumber 21000 contains 73 sites
	-> Printing at chr: JBGLOC010000041.1 pos:1211380 chunknumber 21100 contains 510 sites
	-> Printing at chr: JBGLOC010000041.1 pos:3126258 chunknumber 21200 contains 36 sites
	-> Printing at chr: JBGLOC010000042.1 pos:623433 chunknumber 21300 contains 117 sites
	-> Printing at chr: JBGLOC010000042.1 pos:1618718 chunknumber 21400 contains 74 sites
	-> Printing at chr: JBGLOC010000042.1 pos:2480741 chunknumber 21500 contains 215 sites
	-> Printing at chr: JBGLOC010000043.1 pos:14120 chunknumber 21600 contains 65 sites
	-> Printing at chr: JBGLOC010000043.1 pos:915513 chunknumber 21700 contains 36 sites
	-> Printing at chr: JBGLOC010000043.1 pos:1963997 chunknumber 21800 contains 72 sites
	-> Printing at chr: JBGLOC010000043.1 pos:3314291 chunknumber 21900 contains 572 sites
	-> Printing at chr: JBGLOC010000044.1 pos:1113238 chunknumber 22000 contains 34 sites
	-> Printing at chr: JBGLOC010000044.1 pos:2274715 chunknumber 22100 contains 36 sites
	-> Printing at chr: JBGLOC010000045.1 pos:291025 chunknumber 22200 contains 683 sites
	-> Printing at chr: JBGLOC010000045.1 pos:1993700 chunknumber 22300 contains 319 sites
	-> Printing at chr: JBGLOC010000046.1 pos:688294 chunknumber 22400 contains 72 sites
	-> Printing at chr: JBGLOC010000046.1 pos:1584142 chunknumber 22500 contains 36 sites
	-> Printing at chr: JBGLOC010000046.1 pos:2798564 chunknumber 22600 contains 36 sites
	-> Printing at chr: JBGLOC010000047.1 pos:1184812 chunknumber 22700 contains 36 sites
	-> Printing at chr: JBGLOC010000047.1 pos:2537791 chunknumber 22800 contains 75 sites
	-> Printing at chr: JBGLOC010000048.1 pos:593769 chunknumber 22900 contains 36 sites
	-> Printing at chr: JBGLOC010000048.1 pos:1573118 chunknumber 23000 contains 144 sites
	-> Printing at chr: JBGLOC010000048.1 pos:2528325 chunknumber 23100 contains 36 sites
	-> Printing at chr: JBGLOC010000049.1 pos:492781 chunknumber 23200 contains 36 sites
	-> Printing at chr: JBGLOC010000049.1 pos:1609703 chunknumber 23300 contains 36 sites
	-> Printing at chr: JBGLOC010000049.1 pos:2759015 chunknumber 23400 contains 83 sites
	-> Printing at chr: JBGLOC010000050.1 pos:1197087 chunknumber 23500 contains 175 sites
	-> Printing at chr: JBGLOC010000050.1 pos:2367659 chunknumber 23600 contains 36 sites
	-> Printing at chr: JBGLOC010000051.1 pos:933072 chunknumber 23700 contains 36 sites
	-> Printing at chr: JBGLOC010000051.1 pos:2256298 chunknumber 23800 contains 180 sites
	-> Printing at chr: JBGLOC010000052.1 pos:1321042 chunknumber 23900 contains 74 sites
	-> Printing at chr: JBGLOC010000053.1 pos:81472 chunknumber 24000 contains 41 sites
	-> Printing at chr: JBGLOC010000053.1 pos:910701 chunknumber 24100 contains 39 sites
	-> Printing at chr: JBGLOC010000053.1 pos:1954976 chunknumber 24200 contains 36 sites
	-> Printing at chr: JBGLOC010000054.1 pos:219503 chunknumber 24300 contains 108 sites
	-> Printing at chr: JBGLOC010000054.1 pos:1750820 chunknumber 24400 contains 32 sites
	-> Printing at chr: JBGLOC010000055.1 pos:332416 chunknumber 24500 contains 36 sites
	-> Printing at chr: JBGLOC010000055.1 pos:1416775 chunknumber 24600 contains 72 sites
	-> Printing at chr: JBGLOC010000055.1 pos:2341265 chunknumber 24700 contains 66 sites
	-> Printing at chr: JBGLOC010000056.1 pos:812128 chunknumber 24800 contains 36 sites
	-> Printing at chr: JBGLOC010000056.1 pos:1709180 chunknumber 24900 contains 250 sites
	-> Printing at chr: JBGLOC010000057.1 pos:533164 chunknumber 25000 contains 34 sites
	-> Printing at chr: JBGLOC010000057.1 pos:1339258 chunknumber 25100 contains 231 sites
	-> Printing at chr: JBGLOC010000057.1 pos:2369403 chunknumber 25200 contains 183 sites
	-> Printing at chr: JBGLOC010000058.1 pos:1153208 chunknumber 25300 contains 144 sites
	-> Printing at chr: JBGLOC010000058.1 pos:2221870 chunknumber 25400 contains 222 sites
	-> Printing at chr: JBGLOC010000059.1 pos:1749319 chunknumber 25500 contains 475 sites
	-> Printing at chr: JBGLOC010000060.1 pos:2228823 chunknumber 25600 contains 65 sites
	-> Printing at chr: JBGLOC010000061.1 pos:1316043 chunknumber 25700 contains 193 sites
	-> Printing at chr: JBGLOC010000061.1 pos:2262892 chunknumber 25800 contains 144 sites
	-> Printing at chr: JBGLOC010000062.1 pos:823486 chunknumber 25900 contains 181 sites
	-> Printing at chr: JBGLOC010000062.1 pos:1846581 chunknumber 26000 contains 71 sites
	-> Printing at chr: JBGLOC010000063.1 pos:567191 chunknumber 26100 contains 72 sites
	-> Printing at chr: JBGLOC010000063.1 pos:1622960 chunknumber 26200 contains 210 sites
	-> Printing at chr: JBGLOC010000065.1 pos:17317 chunknumber 26300 contains 144 sites
	-> Printing at chr: JBGLOC010000065.1 pos:847061 chunknumber 26400 contains 72 sites
	-> Printing at chr: JBGLOC010000065.1 pos:1764910 chunknumber 26500 contains 36 sites
	-> Printing at chr: JBGLOC010000066.1 pos:812866 chunknumber 26600 contains 72 sites
	-> Printing at chr: JBGLOC010000066.1 pos:1998865 chunknumber 26700 contains 36 sites
	-> Printing at chr: JBGLOC010000067.1 pos:791263 chunknumber 26800 contains 36 sites
	-> Printing at chr: JBGLOC010000067.1 pos:1783140 chunknumber 26900 contains 72 sites
	-> Printing at chr: JBGLOC010000068.1 pos:940342 chunknumber 27000 contains 73 sites
	-> Printing at chr: JBGLOC010000068.1 pos:1813432 chunknumber 27100 contains 36 sites
	-> Printing at chr: JBGLOC010000069.1 pos:737862 chunknumber 27200 contains 78 sites
	-> Printing at chr: JBGLOC010000069.1 pos:1734787 chunknumber 27300 contains 108 sites
	-> Printing at chr: JBGLOC010000071.1 pos:431420 chunknumber 27400 contains 72 sites
	-> Printing at chr: JBGLOC010000071.1 pos:1571334 chunknumber 27500 contains 36 sites
	-> Printing at chr: JBGLOC010000072.1 pos:641673 chunknumber 27600 contains 180 sites
	-> Printing at chr: JBGLOC010000073.1 pos:285286 chunknumber 27700 contains 321 sites
	-> Printing at chr: JBGLOC010000073.1 pos:1445559 chunknumber 27800 contains 36 sites
	-> Printing at chr: JBGLOC010000074.1 pos:1265154 chunknumber 27900 contains 214 sites
	-> Printing at chr: JBGLOC010000075.1 pos:935288 chunknumber 28000 contains 143 sites
	-> Printing at chr: JBGLOC010000076.1 pos:429113 chunknumber 28100 contains 36 sites
	-> Printing at chr: JBGLOC010000077.1 pos:261751 chunknumber 28200 contains 73 sites
	-> Printing at chr: JBGLOC010000078.1 pos:213517 chunknumber 28300 contains 218 sites
	-> Printing at chr: JBGLOC010000079.1 pos:215478 chunknumber 28400 contains 216 sites
	-> Printing at chr: JBGLOC010000080.1 pos:126101 chunknumber 28500 contains 72 sites
	-> Printing at chr: JBGLOC010000081.1 pos:398568 chunknumber 28600 contains 180 sites
	-> Printing at chr: JBGLOC010000082.1 pos:511428 chunknumber 28700 contains 142 sites
	-> Printing at chr: JBGLOC010000083.1 pos:169628 chunknumber 28800 contains 146 sites
	-> Printing at chr: JBGLOC010000084.1 pos:513472 chunknumber 28900 contains 36 sites
	-> Printing at chr: JBGLOC010000085.1 pos:144237 chunknumber 29000 contains 181 sites
	-> Printing at chr: JBGLOC010000086.1 pos:84854 chunknumber 29100 contains 36 sites
	-> Printing at chr: JBGLOC010000087.1 pos:25497 chunknumber 29200 contains 139 sites
	-> Printing at chr: JBGLOC010000088.1 pos:444591 chunknumber 29300 contains 538 sites
	-> Printing at chr: JBGLOC010000089.1 pos:1085071 chunknumber 29400 contains 498 sites
	-> Printing at chr: JBGLOC010000090.1 pos:1044071 chunknumber 29500 contains 143 sites
	-> Printing at chr: JBGLOC010000092.1 pos:34485 chunknumber 29600 contains 71 sites
	-> Printing at chr: JBGLOC010000093.1 pos:3535 chunknumber 29700 contains 146 sites
	-> Printing at chr: JBGLOC010000094.1 pos:221437 chunknumber 29800 contains 36 sites
	-> Printing at chr: JBGLOC010000095.1 pos:150786 chunknumber 29900 contains 36 sites
	-> Printing at chr: JBGLOC010000096.1 pos:507075 chunknumber 30000 contains 36 sites
	-> Printing at chr: JBGLOC010000097.1 pos:671495 chunknumber 30100 contains 70 sites
	-> Printing at chr: JBGLOC010000098.1 pos:721392 chunknumber 30200 contains 108 sites
	-> Printing at chr: JBGLOC010000100.1 pos:153607 chunknumber 30300 contains 67 sites
	-> Printing at chr: JBGLOC010000101.1 pos:202649 chunknumber 30400 contains 71 sites
	-> Printing at chr: JBGLOC010000102.1 pos:231769 chunknumber 30500 contains 289 sites
	-> Printing at chr: JBGLOC010000103.1 pos:638571 chunknumber 30600 contains 37 sites
	-> Printing at chr: JBGLOC010000105.1 pos:107348 chunknumber 30700 contains 36 sites
	-> Printing at chr: JBGLOC010000106.1 pos:292514 chunknumber 30800 contains 36 sites
	-> Printing at chr: JBGLOC010000107.1 pos:445341 chunknumber 30900 contains 88 sites
	-> Printing at chr: JBGLOC010000109.1 pos:412394 chunknumber 31000 contains 46 sites
	-> Printing at chr: JBGLOC010000112.1 pos:93318 chunknumber 31100 contains 108 sites
	-> Printing at chr: JBGLOC010000113.1 pos:170427 chunknumber 31200 contains 36 sites
	-> Printing at chr: JBGLOC010000115.1 pos:598943 chunknumber 31300 contains 43 sites
	-> Printing at chr: JBGLOC010000118.1 pos:5843 chunknumber 31400 contains 181 sites
	-> Printing at chr: JBGLOC010000119.1 pos:400217 chunknumber 31500 contains 105 sites
	-> Printing at chr: JBGLOC010000122.1 pos:388456 chunknumber 31600 contains 232 sites
	-> Printing at chr: JBGLOC010000125.1 pos:275471 chunknumber 31700 contains 141 sites
	-> Printing at chr: JBGLOC010000127.1 pos:295355 chunknumber 31800 contains 108 sites
	-> Printing at chr: JBGLOC010000129.1 pos:87459 chunknumber 31900 contains 73 sites
	-> Printing at chr: JBGLOC010000131.1 pos:331873 chunknumber 32000 contains 38 sites
	-> Printing at chr: JBGLOC010000137.1 pos:54786 chunknumber 32100 contains 36 sites
	-> Printing at chr: JBGLOC010000151.1 pos:32703 chunknumber 32200 contains 36 sites

	-> Done reading data waiting for calculations to finish
	-> Done waiting for threads
	-> Output filenames:
		->"cnatNoClones.arg"
		->"cnatNoClones.beagle.gz"
		->"cnatNoClones.mafs.gz"
		->"cnatNoClones.hwe.gz"
		->"cnatNoClones.geno.gz"
		->"cnatNoClones.snpStat.gz"
		->"cnatNoClones.ibs.gz"
		->"cnatNoClones.ibsMat"
		->"cnatNoClones.covMat"
		->"cnatNoClones.bcf"
	-> Wed Oct  1 14:47:21 2025
	-> Arguments and parameters for all analysis are located in .arg file
	-> Total number of sites analyzed: 4582512
	-> Number of sites retained after filtering: 7833 
	[ALL done] cpu-time used =  384.32 sec
	[ALL done] walltime used =  386.00 sec
