1        1   (0)      1  : 0.0000 0.8149 0.0000 0.0055 0.0000 0.0000 0.1796
2        2   (0)      1  : 0.0000 0.4657 0.1320 0.0971 0.0000 0.0090 0.2962
3        3   (0)      1  : 0.0000 0.0000 0.0000 1.0000 0.0000 0.0000 0.0000
4        4   (0)      1  : 0.0000 0.3614 0.0000 0.6159 0.0000 0.0000 0.0227
5        5   (0)      1  : 0.0000 0.9838 0.0000 0.0000 0.0000 0.0000 0.0162
6        6   (0)      1  : 0.0000 0.0000 0.0000 1.0000 0.0000 0.0000 0.0000
7        7   (0)      2  : 0.0000 0.9375 0.0000 0.0000 0.0000 0.0000 0.0625
8        8   (0)      2  : 0.0000 0.0000 0.0000 1.0000 0.0000 0.0000 0.0000
9        9   (0)      2  : 0.0258 0.4542 0.0165 0.0286 0.0308 0.0104 0.4337
10       10   (0)      2  : 0.0000 0.9863 0.0000 0.0000 0.0000 0.0000 0.0137
11       11   (0)      2  : 0.0000 0.0000 0.0000 1.0000 0.0000 0.0000 0.0000
12       12   (0)      2  : 0.0000 0.4021 0.0000 0.5426 0.0000 0.0000 0.0553
13       13   (0)      2  : 0.0000 0.0000 0.1501 0.8412 0.0000 0.0087 0.0000
14       14   (0)      3  : 0.5063 0.0000 0.0000 0.0000 0.1876 0.3060 0.0000
15       15   (0)      3  : 0.3998 0.0000 0.0000 0.0000 0.3785 0.2217 0.0000
16       16   (0)      3  : 0.2494 0.0000 0.0000 0.0000 0.6669 0.0837 0.0000
17       17   (0)      3  : 0.2706 0.0000 0.0000 0.0000 0.3978 0.3316 0.0000
18       18   (0)      3  : 0.2862 0.0000 0.0000 0.0000 0.2761 0.4376 0.0000
19       19   (0)      3  : 0.3285 0.0000 0.0000 0.0000 0.1823 0.4892 0.0000
20       20   (0)      3  : 0.4299 0.0000 0.0531 0.0000 0.3179 0.1991 0.0000
21       21   (0)      3  : 0.5852 0.0000 0.0000 0.0000 0.3469 0.0679 0.0000
22       22   (0)      3  : 0.4954 0.0000 0.0000 0.0000 0.4609 0.0437 0.0000
23       23   (0)      3  : 0.6325 0.0000 0.0000 0.0000 0.3231 0.0444 0.0000
24       24   (0)      3  : 0.4651 0.0000 0.0000 0.0000 0.2123 0.3226 0.0000
25       25   (0)      3  : 0.0000 0.0000 0.9375 0.0000 0.0000 0.0625 0.0000
26       26   (0)      4  : 0.0000 0.3749 0.0000 0.0000 0.0000 0.0000 0.6251
27       27   (0)      4  : 0.5534 0.0000 0.0000 0.0000 0.2912 0.1554 0.0000
28       28   (0)      4  : 0.6382 0.0000 0.0000 0.0000 0.2368 0.1250 0.0000
29       29   (0)      4  : 0.0000 0.8882 0.0000 0.0000 0.0000 0.0000 0.1118
30       30   (0)      4  : 0.3534 0.0000 0.0000 0.0000 0.6017 0.0449 0.0000
31       31   (0)      4  : 0.7074 0.0000 0.0000 0.0000 0.1676 0.1250 0.0000
32       32   (0)      4  : 0.1983 0.2761 0.0000 0.0215 0.1600 0.1368 0.2073
33       33   (0)      4  : 0.3786 0.0000 0.0000 0.0000 0.6112 0.0102 0.0000
34       34   (0)      4  : 0.2175 0.0000 0.0000 0.0000 0.2893 0.4932 0.0000
35       35   (0)      4  : 0.6206 0.0000 0.0000 0.0000 0.2103 0.1692 0.0000
36       36   (0)      4  : 0.5770 0.0000 0.0000 0.0000 0.3090 0.1140 0.0000
37       37   (0)      4  : 0.4973 0.0000 0.0000 0.0000 0.3323 0.1703 0.0000
38       38   (0)      4  : 0.6397 0.0000 0.0000 0.0000 0.2974 0.0629 0.0000
39       39   (0)      4  : 0.0000 0.9802 0.0000 0.0000 0.0000 0.0000 0.0198
40       40   (0)      5  : 0.3206 0.0000 0.0000 0.0000 0.2674 0.4120 0.0000
41       41   (0)      5  : 0.4648 0.0000 0.0000 0.0000 0.4177 0.1175 0.0000
42       42   (0)      5  : 0.3266 0.0000 0.0000 0.0000 0.3618 0.3117 0.0000
43       43   (0)      5  : 0.0000 0.8259 0.0000 0.0000 0.0000 0.0000 0.1741
44       44   (0)      5  : 0.4212 0.0000 0.0000 0.0000 0.5527 0.0261 0.0000
45       45   (0)      5  : 0.1910 0.0000 0.0000 0.0000 0.2935 0.5156 0.0000
46       46   (0)      5  : 0.8458 0.0000 0.0000 0.0000 0.0979 0.0562 0.0000
47       47   (0)      5  : 0.8637 0.0000 0.0000 0.0000 0.0561 0.0802 0.0000
48       48   (0)      5  : 0.1451 0.0000 0.0000 0.0000 0.1775 0.6773 0.0000
49       49   (0)      5  : 0.0000 0.7537 0.0000 0.0000 0.0000 0.0000 0.2463
50       50   (0)      5  : 0.4624 0.0000 0.0000 0.0000 0.3609 0.1766 0.0000
51       51   (0)      5  : 0.0000 0.3583 0.0000 0.0000 0.0000 0.0000 0.6417
52       52   (0)      5  : 0.0000 0.4228 0.0000 0.0000 0.0000 0.0000 0.5772
53       53   (0)      6  : 0.0000 0.0625 0.0000 0.0000 0.0000 0.0000 0.9375
54       54   (0)      6  : 0.3736 0.0000 0.0000 0.0000 0.5315 0.0949 0.0000
55       55   (0)      6  : 0.0000 0.3355 0.0576 0.0655 0.0000 0.0038 0.5376
56       56   (0)      6  : 0.0000 0.0000 1.0000 0.0000 0.0000 0.0000 0.0000
57       57   (0)      6  : 0.0000 0.0000 1.0000 0.0000 0.0000 0.0000 0.0000
58       58   (0)      6  : 0.0000 0.0000 1.0000 0.0000 0.0000 0.0000 0.0000
59       59   (0)      6  : 0.1244 0.0062 0.0326 0.0000 0.1409 0.6960 0.0000
60       60   (0)      6  : 0.5324 0.0000 0.0000 0.0000 0.3473 0.1203 0.0000
61       61   (0)      6  : 0.5435 0.0000 0.0000 0.0000 0.3114 0.1451 0.0000
62       62   (0)      6  : 0.2956 0.0000 0.0000 0.0000 0.2260 0.4784 0.0000
63       63   (0)      6  : 0.0029 0.4018 0.0808 0.0310 0.0145 0.0288 0.4402
64       64   (0)      7  : 0.0000 0.6271 0.0000 0.0000 0.0000 0.0000 0.3729
65       65   (0)      7  : 0.0000 0.1250 0.0000 0.0000 0.0000 0.0000 0.8750
66       66   (0)      7  : 0.0000 0.2499 0.0000 0.0000 0.0000 0.0000 0.7501
67       67   (0)      7  : 0.0000 0.0873 0.0040 0.0171 0.0000 0.0000 0.8916
68       68   (0)      8  : 0.5356 0.0000 0.0807 0.0000 0.1644 0.2193 0.0000
69       69   (0)      8  : 0.3674 0.0373 0.1311 0.0000 0.1934 0.2641 0.0068
70       70   (0)      8  : 0.0449 0.0000 0.0000 0.0000 0.6633 0.2918 0.0000
71       71   (0)      8  : 0.2282 0.0111 0.0128 0.0000 0.5205 0.2231 0.0044
72       72   (0)      8  : 0.1280 0.0000 0.0882 0.0000 0.4272 0.3566 0.0000
73       73   (0)      8  : 0.0000 0.0000 1.0000 0.0000 0.0000 0.0000 0.0000
74       74   (0)      9  : 0.0061 0.4450 0.1135 0.0554 0.0136 0.0268 0.3397
75       75   (0)      9  : 0.0000 0.4591 0.0674 0.0004 0.0172 0.0176 0.4382
76       76   (0)     10  : 0.0000 0.0625 0.0000 0.0000 0.0000 0.0000 0.9375
77       77   (0)     11  : 0.0000 0.4858 0.0000 0.0000 0.0000 0.0000 0.5142
78       78   (0)     12  : 0.0000 0.7986 0.0000 0.0000 0.0000 0.0000 0.2014
79       79   (0)     13  : 0.0992 0.0000 0.5634 0.0000 0.1844 0.1530 0.0000
80       80   (0)     13  : 0.2365 0.0000 0.0000 0.0000 0.4598 0.3038 0.0000
