Sat Nov 15 02:36:43 2025: Job 1763145196 started running.
Sat Nov 15 02:36:43 2025: Job Parameters:
Sat Nov 15 02:36:43 2025: Input file: 1763145196.zip
Sat Nov 15 02:36:43 2025: Input type: ADMIXTURE
Sat Nov 15 02:36:43 2025: Admixture populations file: 1763145196.pop.admixlabel
Sat Nov 15 02:36:43 2025: CLUMPP repeats: 2000
Sat Nov 15 02:36:43 2025: CLUMPP search method: LargeKGreedy 
Sat Nov 15 02:36:43 2025: MCL cluster size threshold: 0.1 (default)
Sat Nov 15 02:36:43 2025: Extracting file: "1763145196.zip".
Sat Nov 15 02:36:45 2025: Sorting input files by K
Sat Nov 15 02:36:46 2025: Working on K=3
Sat Nov 15 02:36:46 2025: Executing CLUMPP for K=3.
Sat Nov 15 02:36:57 2025: Clustering K=3 with mcl.
Sat Nov 15 02:36:57 2025: no cutoff was used
Sat Nov 15 02:36:57 2025: Executing CLUMPP for major cluster.
Sat Nov 15 02:37:07 2025: Ordering clusters by size for K=3
Sat Nov 15 02:37:07 2025: Calling distruct for K=3.MajorCluster
Sat Nov 15 02:37:08 2025: Creating job summary PDF
Sat Nov 15 02:37:08 2025: Creating job zip file
Sat Nov 15 02:37:08 2025: Job 1763145196 has finished running.
Sat Nov 15 02:39:57 2025: Job 1763145196 started running.
Sat Nov 15 02:39:57 2025: Job Parameters:
Sat Nov 15 02:39:57 2025: Input file: 1763145196.zip
Sat Nov 15 02:39:57 2025: Input type: ADMIXTURE
Sat Nov 15 02:39:57 2025: Admixture populations file: 1763145196.pop.admixlabel
Sat Nov 15 02:39:57 2025: CLUMPP repeats: 2000
Sat Nov 15 02:39:57 2025: CLUMPP search method: LargeKGreedy 
Sat Nov 15 02:39:57 2025: MCL cluster size threshold: 0.1 (default)
Sat Nov 15 02:39:57 2025: Extracting file: "1763145196.zip".
Sat Nov 15 02:39:58 2025: Sorting input files by K
Sat Nov 15 02:39:59 2025: Working on K=4
Sat Nov 15 02:39:59 2025: Executing CLUMPP for K=4.
Sat Nov 15 02:40:17 2025: Clustering K=4 with mcl.
Sat Nov 15 02:40:17 2025: cutoff used: 0.61
Sat Nov 15 02:40:17 2025: Executing CLUMPP for major cluster.
Sat Nov 15 02:40:24 2025: Executing CLUMPP for minor clusters.
Sat Nov 15 02:40:26 2025: Ordering clusters by size for K=4
Sat Nov 15 02:40:26 2025: Calling distruct for K=4.MajorCluster
Sat Nov 15 02:40:27 2025: Calculating best Average Distance between large cluster and K=4.MinorCluster1..
Sat Nov 15 02:40:27 2025: Calling distruct for K=4.MinorCluster1
Sat Nov 15 02:40:27 2025: Creating job summary PDF
Sat Nov 15 02:40:27 2025: Creating job zip file
Sat Nov 15 02:40:28 2025: Job 1763145196 has finished running.
Sat Nov 15 02:43:44 2025: Job 1763145196 started running.
Sat Nov 15 02:43:44 2025: Job Parameters:
Sat Nov 15 02:43:44 2025: Input file: 1763145196.zip
Sat Nov 15 02:43:44 2025: Input type: ADMIXTURE
Sat Nov 15 02:43:44 2025: Admixture populations file: 1763145196.pop.admixlabel
Sat Nov 15 02:43:44 2025: CLUMPP repeats: 2000
Sat Nov 15 02:43:44 2025: CLUMPP search method: LargeKGreedy 
Sat Nov 15 02:43:44 2025: MCL cluster size threshold: 0.1 (default)
Sat Nov 15 02:43:44 2025: Extracting file: "1763145196.zip".
Sat Nov 15 02:43:45 2025: Sorting input files by K
Sat Nov 15 02:43:46 2025: Working on K=1
Sat Nov 15 02:43:46 2025: Executing CLUMPP for K=1.
Sat Nov 15 02:43:46 2025: Clustering K=1 with mcl.
Sat Nov 15 02:43:46 2025: no cutoff was used
Sat Nov 15 02:43:46 2025: Executing CLUMPP for major cluster.
Sat Nov 15 02:43:46 2025: Working on K=2
Sat Nov 15 02:43:46 2025: Executing CLUMPP for K=2.
Sat Nov 15 02:43:51 2025: Clustering K=2 with mcl.
Sat Nov 15 02:43:51 2025: cutoff used: 0.78
Sat Nov 15 02:43:51 2025: Executing CLUMPP for major cluster.
Sat Nov 15 02:43:53 2025: Executing CLUMPP for minor clusters.
Sat Nov 15 02:43:54 2025: Working on K=3
Sat Nov 15 02:43:55 2025: Executing CLUMPP for K=3.
Sat Nov 15 02:44:05 2025: Clustering K=3 with mcl.
Sat Nov 15 02:44:05 2025: no cutoff was used
Sat Nov 15 02:44:05 2025: Executing CLUMPP for major cluster.
Sat Nov 15 02:44:15 2025: Working on K=4
Sat Nov 15 02:44:15 2025: Executing CLUMPP for K=4.
Sat Nov 15 02:44:32 2025: Clustering K=4 with mcl.
Sat Nov 15 02:44:32 2025: cutoff used: 0.61
Sat Nov 15 02:44:32 2025: Executing CLUMPP for major cluster.
Sat Nov 15 02:44:39 2025: Executing CLUMPP for minor clusters.
Sat Nov 15 02:44:41 2025: Working on K=5
Sat Nov 15 02:44:42 2025: Executing CLUMPP for K=5.
Sat Nov 15 02:45:07 2025: Clustering K=5 with mcl.
Sat Nov 15 02:45:07 2025: cutoff used: 0.52
Sat Nov 15 02:45:07 2025: Executing CLUMPP for major cluster.
Sat Nov 15 02:45:20 2025: Executing CLUMPP for minor clusters.
Sat Nov 15 02:45:23 2025: Working on K=6
Sat Nov 15 02:45:23 2025: Executing CLUMPP for K=6.
Sat Nov 15 02:45:59 2025: Clustering K=6 with mcl.
Sat Nov 15 02:45:59 2025: cutoff used: 0.50
Sat Nov 15 02:45:59 2025: Executing CLUMPP for major cluster.
Sat Nov 15 02:46:17 2025: Executing CLUMPP for minor clusters.
Sat Nov 15 02:46:21 2025: Working on K=7
Sat Nov 15 02:46:21 2025: Executing CLUMPP for K=7.
Sat Nov 15 02:47:10 2025: Clustering K=7 with mcl.
Sat Nov 15 02:47:10 2025: cutoff used: 0.50
Sat Nov 15 02:47:10 2025: Executing CLUMPP for major cluster.
Sat Nov 15 02:47:22 2025: Executing CLUMPP for minor clusters.
Sat Nov 15 02:47:27 2025: Working on K=8
Sat Nov 15 02:47:27 2025: Executing CLUMPP for K=8.
Sat Nov 15 02:48:31 2025: Clustering K=8 with mcl.
Sat Nov 15 02:48:31 2025: cutoff used: 0.50
Sat Nov 15 02:48:31 2025: Executing CLUMPP for major cluster.
Sat Nov 15 02:49:07 2025: Executing CLUMPP for minor clusters.
Sat Nov 15 02:49:10 2025: Working on K=9
Sat Nov 15 02:49:10 2025: Executing CLUMPP for K=9.
Sat Nov 15 02:50:29 2025: Clustering K=9 with mcl.
Sat Nov 15 02:50:29 2025: cutoff used: 0.50
Sat Nov 15 02:50:29 2025: Executing CLUMPP for major cluster.
Sat Nov 15 02:50:43 2025: Executing CLUMPP for minor clusters.
Sat Nov 15 02:50:49 2025: Working on K=10
Sat Nov 15 02:50:49 2025: Executing CLUMPP for K=10.
Sat Nov 15 02:52:27 2025: Clustering K=10 with mcl.
Sat Nov 15 02:52:27 2025: cutoff used: 0.50
Sat Nov 15 02:52:27 2025: Executing CLUMPP for major cluster.
Sat Nov 15 02:52:33 2025: Executing CLUMPP for minor clusters.
Sat Nov 15 02:52:37 2025: Working on K=11
Sat Nov 15 02:52:37 2025: Executing CLUMPP for K=11.
Sat Nov 15 02:54:35 2025: Clustering K=11 with mcl.
Sat Nov 15 02:54:35 2025: cutoff used: 0.50
Sat Nov 15 02:54:35 2025: Executing CLUMPP for major cluster.
Sat Nov 15 02:54:36 2025: Working on K=12
Sat Nov 15 02:54:36 2025: Executing CLUMPP for K=12.
Sat Nov 15 02:56:55 2025: Clustering K=12 with mcl.
Sat Nov 15 02:56:55 2025: cutoff used: 0.50
Sat Nov 15 02:56:55 2025: Executing CLUMPP for major cluster.
Sat Nov 15 02:56:55 2025: Working on K=13
Sat Nov 15 02:56:55 2025: Executing CLUMPP for K=13.
Sat Nov 15 02:59:38 2025: Clustering K=13 with mcl.
Sat Nov 15 02:59:38 2025: cutoff used: 0.50
Sat Nov 15 02:59:38 2025: Executing CLUMPP for major cluster.
Sat Nov 15 02:59:39 2025: Working on K=14
Sat Nov 15 02:59:39 2025: Executing CLUMPP for K=14.
Sat Nov 15 03:02:47 2025: Clustering K=14 with mcl.
Sat Nov 15 03:02:47 2025: cutoff used: 0.50
Sat Nov 15 03:02:47 2025: Executing CLUMPP for major cluster.
Sat Nov 15 03:02:47 2025: Working on K=15
Sat Nov 15 03:02:47 2025: Executing CLUMPP for K=15.
Sat Nov 15 03:06:23 2025: Clustering K=15 with mcl.
Sat Nov 15 03:06:23 2025: cutoff used: 0.50
Sat Nov 15 03:06:23 2025: Executing CLUMPP for major cluster.
Sat Nov 15 03:06:23 2025: Working on K=16
Sat Nov 15 03:06:23 2025: Executing CLUMPP for K=16.
Sat Nov 15 03:10:27 2025: Clustering K=16 with mcl.
Sat Nov 15 03:10:27 2025: cutoff used: 0.50
Sat Nov 15 03:10:27 2025: Executing CLUMPP for major cluster.
Sat Nov 15 03:10:28 2025: Calling distruct for K=1.MajorCluster
Sat Nov 15 03:10:28 2025: Calculating best Average Distance between K=1 and K=2..
Sat Nov 15 03:10:28 2025: Calling distruct for K=2.MajorCluster
Sat Nov 15 03:10:29 2025: Calculating best Average Distance between K=2 and K=3..
Sat Nov 15 03:10:29 2025: Calling distruct for K=3.MajorCluster
Sat Nov 15 03:10:29 2025: Calculating best Average Distance between K=3 and K=4..
Sat Nov 15 03:10:29 2025: Calling distruct for K=4.MajorCluster
Sat Nov 15 03:10:30 2025: Calculating best Average Distance between K=4 and K=5..
Sat Nov 15 03:10:30 2025: Calling distruct for K=5.MajorCluster
Sat Nov 15 03:10:31 2025: Calculating best Average Distance between K=5 and K=6..
Sat Nov 15 03:10:31 2025: Calling distruct for K=6.MajorCluster
Sat Nov 15 03:10:32 2025: Calculating best Average Distance between K=6 and K=7..
Sat Nov 15 03:10:35 2025: Calling distruct for K=7.MajorCluster
Sat Nov 15 03:10:36 2025: Calculating best Average Distance between K=7 and K=8..
Sat Nov 15 03:11:02 2025: Calling distruct for K=8.MajorCluster
Sat Nov 15 03:11:03 2025: Calculating best Average Distance between K=8 and K=9..
Sat Nov 15 03:11:03 2025: Calling distruct for K=9.MajorCluster
Sat Nov 15 03:11:03 2025: Calculating best Average Distance between K=9 and K=10..
Sat Nov 15 03:11:03 2025: Calling distruct for K=10.MajorCluster
Sat Nov 15 03:11:04 2025: Calculating best Average Distance between K=10 and K=11..
Sat Nov 15 03:11:04 2025: Calling distruct for K=11.MajorCluster
Sat Nov 15 03:11:04 2025: Calculating best Average Distance between K=11 and K=12..
Sat Nov 15 03:11:05 2025: Calling distruct for K=12.MajorCluster
Sat Nov 15 03:11:05 2025: Calculating best Average Distance between K=12 and K=13..
Sat Nov 15 03:11:05 2025: Calling distruct for K=13.MajorCluster
Sat Nov 15 03:11:06 2025: Calculating best Average Distance between K=13 and K=14..
Sat Nov 15 03:11:06 2025: Calling distruct for K=14.MajorCluster
Sat Nov 15 03:11:06 2025: Calculating best Average Distance between K=14 and K=15..
Sat Nov 15 03:11:06 2025: Calling distruct for K=15.MajorCluster
Sat Nov 15 03:11:07 2025: Calculating best Average Distance between K=15 and K=16..
Sat Nov 15 03:11:07 2025: Calling distruct for K=16.MajorCluster
Sat Nov 15 03:11:08 2025: Calculating best Average Distance between large cluster and K=2.MinorCluster1..
Sat Nov 15 03:11:08 2025: Calling distruct for K=2.MinorCluster1
Sat Nov 15 03:11:08 2025: Calculating best Average Distance between large cluster and K=4.MinorCluster1..
Sat Nov 15 03:11:08 2025: Calling distruct for K=4.MinorCluster1
Sat Nov 15 03:11:09 2025: Calculating best Average Distance between large cluster and K=5.MinorCluster1..
Sat Nov 15 03:11:09 2025: Calling distruct for K=5.MinorCluster1
Sat Nov 15 03:11:10 2025: Calculating best Average Distance between large cluster and K=6.MinorCluster1..
Sat Nov 15 03:11:10 2025: Calling distruct for K=6.MinorCluster1
Sat Nov 15 03:11:11 2025: Calculating best Average Distance between large cluster and K=7.MinorCluster1..
Sat Nov 15 03:11:14 2025: Calling distruct for K=7.MinorCluster1
Sat Nov 15 03:11:15 2025: Calculating best Average Distance between large cluster and K=8.MinorCluster1..
Sat Nov 15 03:11:42 2025: Calling distruct for K=8.MinorCluster1
Sat Nov 15 03:11:42 2025: Calculating best Average Distance between large cluster and K=9.MinorCluster1..
Sat Nov 15 03:11:42 2025: Calling distruct for K=9.MinorCluster1
Sat Nov 15 03:11:43 2025: Calculating best Average Distance between large cluster and K=9.MinorCluster2..
Sat Nov 15 03:11:43 2025: Calling distruct for K=9.MinorCluster2
Sat Nov 15 03:11:43 2025: Calculating best Average Distance between large cluster and K=10.MinorCluster1..
Sat Nov 15 03:11:43 2025: Calling distruct for K=10.MinorCluster1
Sat Nov 15 03:11:44 2025: Calculating best Average Distance between large cluster and K=10.MinorCluster2..
Sat Nov 15 03:11:44 2025: Calling distruct for K=10.MinorCluster2
Sat Nov 15 03:11:45 2025: Calculating best Average Distance between large cluster and K=10.MinorCluster3..
Sat Nov 15 03:11:45 2025: Calling distruct for K=10.MinorCluster3
Sat Nov 15 03:11:45 2025: Creating job summary PDF
Sat Nov 15 03:11:45 2025: Creating job zip file
