 1        1   (0)      1 :  0.0000 0.0000 1.0000 
 2        2   (0)      1 :  0.1523 0.0000 0.8477 
 3        3   (0)      1 :  0.1310 0.0000 0.8690 
 4        4   (0)      1 :  0.0961 0.0000 0.9039 
 5        5   (0)      1 :  0.0000 0.0000 1.0000 
 6        6   (0)      1 :  0.1492 0.0000 0.8508 
 7        7   (0)      2 :  0.0000 0.0000 1.0000 
 8        8   (0)      2 :  0.1735 0.0000 0.8265 
 9        9   (0)      2 :  0.0205 0.0702 0.9093 
10       10   (0)      2 :  0.0000 0.0000 1.0000 
11       11   (0)      2 :  0.0278 0.0000 0.9722 
12       12   (0)      2 :  0.0069 0.0000 0.9931 
13       13   (0)      2 :  0.3056 0.0000 0.6944 
14       14   (0)      3 :  0.0000 1.0000 0.0000 
15       15   (0)      3 :  0.0000 1.0000 0.0000 
16       16   (0)      3 :  0.0000 1.0000 0.0000 
17       17   (0)      3 :  0.0000 1.0000 0.0000 
18       18   (0)      3 :  0.0000 1.0000 0.0000 
19       19   (0)      3 :  0.0000 1.0000 0.0000 
20       20   (0)      3 :  0.0698 0.9302 0.0000 
21       21   (0)      3 :  0.0000 1.0000 0.0000 
22       22   (0)      3 :  0.0000 1.0000 0.0000 
23       23   (0)      3 :  0.0000 1.0000 0.0000 
24       24   (0)      3 :  0.0000 1.0000 0.0000 
25       25   (0)      3 :  0.9925 0.0075 0.0000 
26       26   (0)      4 :  0.0000 0.0000 1.0000 
27       27   (0)      4 :  0.0000 1.0000 0.0000 
28       28   (0)      4 :  0.0000 1.0000 0.0000 
29       29   (0)      4 :  0.0000 0.0000 1.0000 
30       30   (0)      4 :  0.0000 1.0000 0.0000 
31       31   (0)      4 :  0.0000 1.0000 0.0000 
32       32   (0)      4 :  0.0000 0.4936 0.5064 
33       33   (0)      4 :  0.0000 1.0000 0.0000 
34       34   (0)      4 :  0.0000 1.0000 0.0000 
35       35   (0)      4 :  0.0000 1.0000 0.0000 
36       36   (0)      4 :  0.0000 1.0000 0.0000 
37       37   (0)      4 :  0.0000 1.0000 0.0000 
38       38   (0)      4 :  0.0000 1.0000 0.0000 
39       39   (0)      4 :  0.0000 0.0000 1.0000 
40       40   (0)      5 :  0.0000 1.0000 0.0000 
41       41   (0)      5 :  0.0000 1.0000 0.0000 
42       42   (0)      5 :  0.0000 1.0000 0.0000 
43       43   (0)      5 :  0.0000 0.0000 1.0000 
44       44   (0)      5 :  0.0000 1.0000 0.0000 
45       45   (0)      5 :  0.0000 1.0000 0.0000 
46       46   (0)      5 :  0.0000 1.0000 0.0000 
47       47   (0)      5 :  0.0000 1.0000 0.0000 
48       48   (0)      5 :  0.0000 1.0000 0.0000 
49       49   (0)      5 :  0.0000 0.0000 1.0000 
50       50   (0)      5 :  0.0000 1.0000 0.0000 
51       51   (0)      5 :  0.0000 0.0000 1.0000 
52       52   (0)      5 :  0.0000 0.0000 1.0000 
53       53   (0)      6 :  0.0000 0.0000 1.0000 
54       54   (0)      6 :  0.0000 1.0000 0.0000 
55       55   (0)      6 :  0.0787 0.0000 0.9213 
56       56   (0)      6 :  0.9947 0.0053 0.0000 
57       57   (0)      6 :  0.9963 0.0037 0.0000 
58       58   (0)      6 :  0.9967 0.0033 0.0000 
59       59   (0)      6 :  0.0625 0.9091 0.0284 
60       60   (0)      6 :  0.0000 1.0000 0.0000 
61       61   (0)      6 :  0.0000 1.0000 0.0000 
62       62   (0)      6 :  0.0000 1.0000 0.0000 
63       63   (0)      6 :  0.0922 0.0481 0.8596 
64       64   (0)      7 :  0.0000 0.0000 1.0000 
65       65   (0)      7 :  0.0000 0.0000 1.0000 
66       66   (0)      7 :  0.0287 0.0000 0.9713 
67       67   (0)      7 :  0.0389 0.0000 0.9611 
68       68   (0)      8 :  0.1110 0.8888 0.0002 
69       69   (0)      8 :  0.1378 0.8102 0.0519 
70       70   (0)      8 :  0.0000 1.0000 0.0000 
71       71   (0)      8 :  0.0271 0.9374 0.0355 
72       72   (0)      8 :  0.1269 0.8731 0.0000 
73       73   (0)      8 :  0.9938 0.0062 0.0000 
74       74   (0)      9 :  0.1330 0.0492 0.8179 
75       75   (0)      9 :  0.0769 0.0348 0.8883 
76       76   (0)     10 :  0.0000 0.0000 1.0000 
77       77   (0)     11 :  0.0000 0.0000 1.0000 
78       78   (0)     12 :  0.0000 0.0000 1.0000 
79       79   (0)     13 :  0.5823 0.4177 0.0000 
80       80   (0)     13 :  0.0000 1.0000 0.0000 
