  1        1   (0)      1 :  0.0307 0.0370 0.0000 0.1151 0.0440 0.0571 0.0000 0.0000 0.0000 0.0311 0.0047 0.0019 0.0062 0.6297 0.0390 0.0035 0.0000 0.0000 0.0000 
  2        2   (0)      1 :  0.0057 0.0000 0.0029 0.7186 0.0000 0.0000 0.0000 0.0732 0.0000 0.0000 0.0000 0.0630 0.0004 0.1242 0.0001 0.0000 0.0000 0.0000 0.0119 
  3        3   (0)      1 :  0.0135 0.0000 0.0000 0.0175 0.0000 0.0000 0.0000 0.0000 0.0000 0.0000 0.0000 0.0024 0.0000 0.9413 0.0200 0.0052 0.0000 0.0000 0.0000 
  4        4   (0)      1 :  0.0000 0.0000 0.0000 0.8600 0.0000 0.0000 0.0000 0.0000 0.0000 0.0000 0.0000 0.0000 0.0000 0.1400 0.0000 0.0000 0.0000 0.0000 0.0000 
  5        5   (0)      1 :  0.0318 0.1554 0.1311 0.1442 0.0016 0.1768 0.0000 0.0079 0.0924 0.1293 0.0001 0.0015 0.0317 0.0281 0.0670 0.0007 0.0000 0.0000 0.0003 
  6        6   (0)      1 :  0.0372 0.3100 0.1010 0.0707 0.0008 0.1752 0.0000 0.0118 0.0505 0.0847 0.0008 0.0008 0.0613 0.0136 0.0677 0.0034 0.0000 0.0000 0.0105 
  7        7   (0)      1 :  0.0303 0.3289 0.0000 0.0000 0.0000 0.3330 0.0000 0.0003 0.0000 0.0810 0.0000 0.0369 0.0430 0.0020 0.1386 0.0000 0.0000 0.0000 0.0060 
  8        8   (0)      1 :  0.0345 0.1957 0.0930 0.2205 0.0000 0.1651 0.0000 0.0076 0.0416 0.0951 0.0000 0.0000 0.0294 0.0315 0.0861 0.0000 0.0000 0.0000 0.0000 
  9        9   (0)      1 :  0.0200 0.0000 0.0000 0.8400 0.0000 0.0000 0.0000 0.0000 0.0000 0.0000 0.0000 0.0000 0.0000 0.1400 0.0000 0.0000 0.0000 0.0000 0.0000 
 10       10   (0)      1 :  0.0206 0.2065 0.0000 0.0000 0.0158 0.4392 0.0000 0.0042 0.0000 0.0208 0.0319 0.0020 0.0857 0.0000 0.1689 0.0001 0.0000 0.0000 0.0043 
 11       11   (0)      1 :  0.1041 0.1727 0.0000 0.0003 0.0028 0.4154 0.0000 0.0076 0.0000 0.0891 0.0174 0.0207 0.0523 0.0000 0.1139 0.0000 0.0000 0.0000 0.0037 
 12       12   (0)      1 :  0.0000 0.0000 0.0000 0.0000 0.0000 0.0000 0.0000 0.0200 0.0000 0.0000 0.0000 0.9600 0.0000 0.0000 0.0000 0.0000 0.0000 0.0000 0.0200 
 13       13   (0)      1 :  0.0231 0.2506 0.0000 0.0000 0.0267 0.3686 0.0000 0.0013 0.0000 0.0203 0.0260 0.0020 0.0537 0.0007 0.2083 0.0000 0.0000 0.0000 0.0186 
 14       14   (0)      1 :  0.0416 0.0896 0.0931 0.0188 0.0000 0.2468 0.0192 0.0017 0.1041 0.0112 0.0007 0.0689 0.0348 0.1470 0.0936 0.0015 0.0066 0.0015 0.0193 
 15       15   (0)      1 :  0.0000 0.0000 0.9999 0.0000 0.0000 0.0000 0.0000 0.0000 0.0000 0.0000 0.0001 0.0000 0.0000 0.0000 0.0000 0.0000 0.0000 0.0000 0.0000 
 16       16   (0)      1 :  0.4600 0.0000 0.0000 0.0400 0.0000 0.0000 0.0000 0.0000 0.0000 0.0000 0.0200 0.0400 0.0000 0.2800 0.0200 0.1000 0.0000 0.0000 0.0400 
 17       17   (0)      1 :  0.4600 0.0000 0.0000 0.0400 0.0000 0.0000 0.0000 0.0000 0.0000 0.0000 0.0200 0.0400 0.0000 0.2800 0.0200 0.1000 0.0000 0.0000 0.0400 
 18       18   (0)      1 :  0.0000 0.0000 0.0000 0.0000 0.0400 0.0000 0.0000 0.0000 0.0000 0.0000 0.9600 0.0000 0.0000 0.0000 0.0000 0.0000 0.0000 0.0000 0.0000 
 19       19   (0)      1 :  0.0602 0.2093 0.0000 0.0031 0.0189 0.3708 0.0000 0.0157 0.0000 0.1548 0.0018 0.0019 0.0482 0.0012 0.0789 0.0141 0.0000 0.0000 0.0211 
 20       20   (0)      1 :  0.0202 0.0694 0.0000 0.0000 0.0010 0.2574 0.0000 0.0002 0.0000 0.2431 0.0009 0.0012 0.2602 0.0000 0.1293 0.0000 0.0000 0.0000 0.0171 
 21       21   (0)      1 :  0.0495 0.0000 0.0000 0.0168 0.0000 0.0000 0.0000 0.0000 0.0000 0.0000 0.0000 0.0031 0.0000 0.9238 0.0000 0.0066 0.0000 0.0000 0.0000 
 22       22   (0)      1 :  0.0000 0.0000 1.0000 0.0000 0.0000 0.0000 0.0000 0.0000 0.0000 0.0000 0.0000 0.0000 0.0000 0.0000 0.0000 0.0000 0.0000 0.0000 0.0000 
 23       23   (0)      1 :  0.0513 0.1827 0.0003 0.0034 0.0000 0.3326 0.0000 0.0106 0.0000 0.1104 0.0000 0.0212 0.1617 0.0000 0.1210 0.0000 0.0000 0.0000 0.0048 
 24       24   (0)      2 :  0.0797 0.0000 0.0000 0.0140 0.0000 0.0000 0.0000 0.0000 0.0000 0.0000 0.0024 0.0083 0.0000 0.8515 0.0223 0.0170 0.0000 0.0000 0.0047 
 25       25   (0)      2 :  0.0423 0.3258 0.0000 0.0000 0.0166 0.1383 0.0000 0.0000 0.0000 0.0657 0.0000 0.0000 0.3868 0.0000 0.0209 0.0035 0.0000 0.0000 0.0001 
 26       26   (0)      2 :  0.0270 0.0730 0.0000 0.0901 0.0003 0.0241 0.0000 0.0000 0.0000 0.0632 0.0274 0.0006 0.0382 0.4763 0.1797 0.0002 0.0000 0.0000 0.0000 
 27       27   (0)      2 :  0.0369 0.3051 0.0000 0.0005 0.0076 0.2322 0.0000 0.0238 0.0000 0.0531 0.0881 0.0116 0.0962 0.0454 0.0946 0.0019 0.0000 0.0000 0.0032 
 28       28   (0)      2 :  0.0759 0.5066 0.0187 0.0000 0.0049 0.1540 0.0000 0.0008 0.0002 0.0352 0.0034 0.0013 0.0498 0.0271 0.1105 0.0004 0.0000 0.0000 0.0113 
 29       29   (0)      2 :  0.0535 0.2406 0.0000 0.0000 0.0127 0.2385 0.0000 0.0366 0.0000 0.0260 0.0413 0.0036 0.2046 0.0115 0.0964 0.0232 0.0000 0.0000 0.0117 
 30       30   (0)      2 :  0.0400 0.0000 0.0000 0.0800 0.0000 0.0200 0.2600 0.0000 0.0200 0.0000 0.0000 0.0000 0.0000 0.0000 0.1091 0.1509 0.2400 0.0800 0.0000 
 31       31   (0)      2 :  0.0358 0.3529 0.0080 0.0023 0.0127 0.2000 0.0000 0.0001 0.0034 0.0445 0.0493 0.0050 0.1567 0.0079 0.1068 0.0069 0.0000 0.0000 0.0077 
 32       32   (0)      2 :  0.0233 0.0000 0.0000 0.0189 0.0000 0.0000 0.0000 0.0000 0.0000 0.0000 0.0000 0.0011 0.0000 0.9487 0.0055 0.0025 0.0000 0.0000 0.0000 
 33       33   (0)      2 :  0.0000 0.0000 0.0000 0.0000 0.0400 0.0000 0.0000 0.0000 0.0000 0.0000 0.9600 0.0000 0.0000 0.0000 0.0000 0.0000 0.0000 0.0000 0.0000 
 34       34   (0)      2 :  0.1000 0.2155 0.0000 0.0000 0.0012 0.3476 0.0000 0.0001 0.0000 0.1023 0.0016 0.0000 0.0953 0.0000 0.1360 0.0000 0.0000 0.0000 0.0004 
 35       35   (0)      2 :  0.0259 0.3873 0.0207 0.0034 0.0178 0.1952 0.0000 0.0212 0.0000 0.0442 0.0168 0.0343 0.0840 0.0247 0.0863 0.0024 0.0000 0.0000 0.0357 
 36       36   (0)      2 :  0.0000 0.0000 0.0000 0.8600 0.0004 0.0000 0.0000 0.0000 0.0000 0.0000 0.0000 0.0000 0.0000 0.1396 0.0000 0.0000 0.0000 0.0000 0.0000 
 37       37   (0)      3 :  0.0358 0.2058 0.0000 0.0000 0.0278 0.3908 0.0000 0.0180 0.0000 0.0299 0.0024 0.0124 0.0962 0.0074 0.1631 0.0000 0.0000 0.0000 0.0102 
 38       38   (0)      3 :  0.0009 0.0176 0.0000 0.0029 0.0002 0.0198 0.0000 0.1066 0.0000 0.0536 0.0026 0.0000 0.7819 0.0014 0.0085 0.0000 0.0000 0.0000 0.0041 
 39       39   (0)      3 :  0.0605 0.4290 0.0000 0.0000 0.0290 0.2058 0.0000 0.0190 0.0000 0.0403 0.0034 0.0077 0.1222 0.0015 0.0615 0.0201 0.0000 0.0000 0.0000 
 40       40   (0)      3 :  0.0201 0.0632 0.0000 0.0000 0.0000 0.2683 0.0000 0.0000 0.0000 0.2553 0.0000 0.0051 0.2602 0.0000 0.1215 0.0000 0.0000 0.0000 0.0064 
 41       41   (0)      3 :  0.0316 0.4291 0.0000 0.0017 0.0032 0.1834 0.0000 0.0307 0.0000 0.1747 0.0169 0.0041 0.0237 0.0000 0.1004 0.0003 0.0000 0.0000 0.0002 
 42       42   (0)      4 :  0.0254 0.0000 0.0000 0.0384 0.0000 0.0108 0.0165 0.0000 0.0070 0.0000 0.0000 0.0000 0.0000 0.0000 0.0290 0.3327 0.2299 0.3102 0.0000 
 43       43   (0)      4 :  0.0273 0.4132 0.0000 0.0000 0.0119 0.2513 0.0000 0.0107 0.0009 0.0669 0.0000 0.0189 0.0332 0.0001 0.1521 0.0060 0.0000 0.0000 0.0073 
 44       44   (0)      4 :  0.0000 0.0000 0.0000 0.0000 0.0000 0.0000 0.0372 0.0000 0.0000 0.0000 0.0000 0.0000 0.0000 0.0000 0.0000 0.0261 0.8566 0.0800 0.0000 
 45       45   (0)      4 :  0.0285 0.0000 0.0000 0.0077 0.0000 0.0000 0.0867 0.0000 0.0000 0.0000 0.0000 0.0000 0.0000 0.0000 0.0000 0.1023 0.5997 0.1751 0.0000 
 46       46   (0)      4 :  0.0713 0.3883 0.0044 0.0150 0.0032 0.2434 0.0007 0.0000 0.0000 0.0515 0.0000 0.0005 0.0193 0.0138 0.1697 0.0027 0.0047 0.0025 0.0093 
 47       47   (0)      4 :  0.0000 0.6635 0.0000 0.0000 0.0489 0.1235 0.0000 0.0000 0.0000 0.0695 0.0000 0.0000 0.0631 0.0003 0.0170 0.0000 0.0000 0.0000 0.0142 
 48       48   (0)      4 :  0.0154 0.3096 0.0000 0.0001 0.0168 0.2260 0.0000 0.0002 0.0000 0.0128 0.0194 0.0188 0.2407 0.0000 0.1164 0.0052 0.0000 0.0000 0.0187 
 49       49   (0)      4 :  0.0200 0.3623 0.0000 0.0004 0.0000 0.3152 0.0000 0.0000 0.0000 0.0319 0.0001 0.0025 0.0852 0.0002 0.1821 0.0000 0.0000 0.0000 0.0001 
 50       50   (0)      4 :  0.0000 0.0000 0.0000 0.0000 0.9600 0.0000 0.0000 0.0000 0.0000 0.0400 0.0000 0.0000 0.0000 0.0000 0.0000 0.0000 0.0000 0.0000 0.0000 
 51       51   (0)      4 :  0.0327 0.0635 0.0199 0.0000 0.1030 0.0714 0.1081 0.0000 0.3031 0.0245 0.0000 0.0000 0.0122 0.0000 0.0482 0.0951 0.0900 0.0283 0.0000 
 52       52   (0)      4 :  0.0615 0.5203 0.0000 0.0013 0.0028 0.1829 0.0005 0.0009 0.0062 0.0238 0.0117 0.0001 0.0345 0.0006 0.1073 0.0039 0.0005 0.0018 0.0395 
 53       53   (0)      4 :  0.0554 0.4985 0.0000 0.0002 0.0039 0.1670 0.0000 0.0028 0.0000 0.0401 0.0040 0.0100 0.2021 0.0000 0.0159 0.0000 0.0000 0.0000 0.0000 
 54       54   (0)      4 :  0.0514 0.4440 0.0052 0.0010 0.0244 0.1823 0.0041 0.0194 0.0002 0.0271 0.0000 0.0003 0.1213 0.0011 0.0885 0.0072 0.0012 0.0075 0.0137 
 55       55   (0)      4 :  0.0000 0.0000 0.0000 0.0000 0.9600 0.0000 0.0000 0.0000 0.0000 0.0400 0.0000 0.0000 0.0000 0.0000 0.0000 0.0000 0.0000 0.0000 0.0000 
 56       56   (0)      4 :  0.0000 0.0000 0.0000 0.0112 0.0000 0.0246 0.0659 0.0000 0.0000 0.0000 0.0000 0.0000 0.0000 0.0000 0.0400 0.1804 0.1869 0.4910 0.0000 
 57       57   (0)      5 :  0.0375 0.3249 0.0000 0.0007 0.0001 0.3310 0.0000 0.0003 0.0000 0.0424 0.0028 0.0056 0.1530 0.0000 0.0981 0.0000 0.0000 0.0000 0.0036 
 58       58   (0)      5 :  0.0208 0.3459 0.0000 0.0001 0.0042 0.1876 0.0000 0.0010 0.0000 0.0648 0.0540 0.0000 0.1820 0.0000 0.1279 0.0000 0.0000 0.0000 0.0117 
 59       59   (0)      5 :  0.0200 0.0000 0.0000 0.0089 0.0000 0.0035 0.0257 0.0000 0.0000 0.0000 0.0000 0.0000 0.0000 0.0000 0.0681 0.1675 0.4217 0.2845 0.0000 
 60       60   (0)      5 :  0.0606 0.4268 0.0000 0.0000 0.0000 0.2678 0.0000 0.0004 0.0000 0.0689 0.0002 0.0220 0.0343 0.0000 0.0881 0.0000 0.0000 0.0000 0.0309 
 61       61   (0)      5 :  0.0250 0.1212 0.0956 0.0143 0.0000 0.1012 0.1029 0.0783 0.0430 0.0620 0.0000 0.0004 0.0128 0.0000 0.0644 0.1230 0.1182 0.0377 0.0000 
 62       62   (0)      5 :  0.0400 0.0000 0.0000 0.0400 0.0000 0.0600 0.1864 0.0000 0.0000 0.0000 0.0000 0.0000 0.0000 0.0000 0.0800 0.2600 0.2521 0.0814 0.0000 
 63       63   (0)      5 :  0.0426 0.3151 0.0044 0.0250 0.0150 0.1775 0.0560 0.0144 0.0453 0.0453 0.0005 0.0111 0.0681 0.0048 0.0877 0.0425 0.0335 0.0051 0.0061 
 64       64   (0)      5 :  0.0056 0.2791 0.0000 0.0000 0.0000 0.1823 0.0000 0.0242 0.0000 0.2689 0.0002 0.0299 0.0638 0.0000 0.1184 0.0000 0.0000 0.0000 0.0277 
 65       65   (0)      5 :  0.0000 0.4909 0.0000 0.0000 0.0094 0.3392 0.0000 0.0000 0.0000 0.0442 0.0014 0.0073 0.0292 0.0000 0.0784 0.0000 0.0000 0.0000 0.0000 
 66       66   (0)      5 :  0.0140 0.2819 0.0000 0.0000 0.0070 0.2794 0.0000 0.0059 0.0000 0.0555 0.0001 0.0004 0.0729 0.0016 0.2790 0.0009 0.0000 0.0000 0.0014 
 67       67   (0)      5 :  0.0053 0.0190 0.0162 0.0146 0.0000 0.0155 0.7162 0.0000 0.0576 0.0031 0.0000 0.0000 0.0063 0.0000 0.0342 0.0112 0.0607 0.0401 0.0000 
 68       68   (0)      5 :  0.0000 0.0000 0.0000 0.0000 0.0000 0.0000 0.1214 0.0000 0.0000 0.0000 0.0000 0.0000 0.0000 0.0000 0.0000 0.0367 0.3515 0.4905 0.0000 
 69       69   (0)      5 :  0.0357 0.2060 0.0000 0.0174 0.0297 0.0981 0.2060 0.0360 0.0073 0.0489 0.0010 0.0049 0.2245 0.0005 0.0532 0.0006 0.0163 0.0090 0.0047 
 70       70   (0)      5 :  0.0000 0.0000 0.0000 0.0200 0.0000 0.0000 0.8695 0.0000 0.0000 0.0000 0.0000 0.0000 0.0000 0.0000 0.0000 0.0000 0.0705 0.0400 0.0000 
 71       71   (0)      5 :  0.0282 0.0000 0.0000 0.0264 0.0000 0.0000 0.0890 0.0000 0.0000 0.0000 0.0000 0.0000 0.0000 0.0000 0.0000 0.2420 0.0638 0.5506 0.0000 
 72       72   (0)      5 :  0.0580 0.3823 0.0002 0.0023 0.0019 0.1145 0.0369 0.0000 0.0005 0.0653 0.0040 0.0236 0.1697 0.0072 0.0704 0.0267 0.0073 0.0293 0.0000 
 73       73   (0)      5 :  0.0563 0.3077 0.0000 0.0016 0.0000 0.1933 0.0000 0.0005 0.0000 0.0347 0.0006 0.0047 0.2077 0.0025 0.1376 0.0213 0.0000 0.0000 0.0315 
 74       74   (0)      5 :  0.0117 0.0000 0.0000 0.0200 0.0000 0.0000 0.0337 0.0000 0.0000 0.0000 0.0000 0.0000 0.0000 0.0000 0.0490 0.0431 0.2708 0.5718 0.0000 
 75       75   (0)      6 :  0.0600 0.0000 0.0000 0.0576 0.0000 0.0065 0.1198 0.0000 0.0200 0.0000 0.0000 0.0000 0.0000 0.0000 0.1013 0.2264 0.2772 0.1313 0.0000 
 76       76   (0)      6 :  0.0365 0.4765 0.0068 0.0032 0.0006 0.2156 0.0068 0.0000 0.0111 0.0303 0.0068 0.0064 0.0262 0.0078 0.1395 0.0078 0.0092 0.0048 0.0041 
 77       77   (0)      6 :  0.0206 0.0000 0.0000 0.0342 0.0000 0.0050 0.1024 0.0000 0.0097 0.0000 0.0000 0.0000 0.0000 0.0000 0.0932 0.1058 0.3319 0.2973 0.0000 
 78       78   (0)      6 :  0.0200 0.0000 0.0000 0.0200 0.0000 0.0000 0.0072 0.0000 0.0000 0.0000 0.0000 0.0000 0.0000 0.0000 0.0293 0.0128 0.0343 0.8764 0.0000 
 79       79   (0)      6 :  0.0423 0.0000 0.0000 0.0899 0.0000 0.0496 0.0939 0.0000 0.0086 0.0000 0.0000 0.0000 0.0000 0.0000 0.0982 0.2467 0.2263 0.1444 0.0000 
 80       80   (0)      6 :  0.0156 0.0000 0.0006 0.0604 0.0000 0.0000 0.0000 0.0000 0.0000 0.0000 0.0000 0.0029 0.0000 0.8920 0.0219 0.0065 0.0000 0.0000 0.0003 
 81       81   (0)      6 :  0.0209 0.0000 0.0000 0.0090 0.0000 0.0085 0.1716 0.0000 0.0000 0.0000 0.0000 0.0000 0.0000 0.0000 0.0073 0.3252 0.1264 0.3313 0.0000 
 82       82   (0)      6 :  0.0221 0.0000 0.0000 0.0374 0.0000 0.0233 0.1573 0.0000 0.0200 0.0000 0.0000 0.0000 0.0000 0.0000 0.0748 0.2530 0.3387 0.0734 0.0000 
 83       83   (0)      6 :  0.0287 0.0000 0.0009 0.0272 0.0000 0.0123 0.3849 0.0000 0.0016 0.0000 0.0000 0.0000 0.0000 0.0000 0.0000 0.3360 0.0776 0.1308 0.0000 
 84       84   (0)      6 :  0.0200 0.0000 0.0000 0.0000 0.0000 0.0200 0.4400 0.0000 0.0000 0.0000 0.0000 0.0000 0.0000 0.0000 0.0200 0.3000 0.1400 0.0600 0.0000 
 85       85   (0)      6 :  0.0442 0.0000 0.0000 0.0600 0.0000 0.0000 0.2656 0.0000 0.0000 0.0000 0.0000 0.0000 0.0000 0.0000 0.0246 0.1628 0.3008 0.1420 0.0000 
 86       86   (0)      6 :  0.0381 0.0000 0.0000 0.0400 0.0000 0.0158 0.4130 0.0000 0.0000 0.0000 0.0000 0.0000 0.0000 0.0000 0.0172 0.2895 0.0842 0.1021 0.0000 
 87       87   (0)      6 :  0.0123 0.0000 0.0000 0.0149 0.0000 0.0000 0.0441 0.0000 0.0000 0.0000 0.0000 0.0000 0.0000 0.0000 0.0636 0.0817 0.4853 0.2981 0.0000 
 88       88   (0)      6 :  0.0283 0.0000 0.0000 0.0232 0.0000 0.0250 0.0200 0.0000 0.0000 0.0000 0.0000 0.0000 0.0000 0.0000 0.0249 0.1358 0.5020 0.2408 0.0000 
 89       89   (0)      6 :  0.0600 0.0000 0.0000 0.0200 0.0000 0.0200 0.0905 0.0000 0.0000 0.0000 0.0000 0.0000 0.0000 0.0000 0.0048 0.1429 0.5311 0.1307 0.0000 
 90       90   (0)      6 :  0.0072 0.0000 0.0000 0.7800 0.0000 0.0024 0.0039 0.0000 0.0000 0.0000 0.0000 0.0000 0.0000 0.1209 0.0019 0.0192 0.0481 0.0164 0.0000 
 91       91   (0)      6 :  0.0200 0.0000 0.0000 0.0400 0.0000 0.0000 0.0800 0.0000 0.0000 0.0000 0.0000 0.0000 0.0000 0.0000 0.0600 0.0726 0.3858 0.3416 0.0000 
 92       92   (0)      6 :  0.0033 0.0000 0.0000 0.0000 0.0000 0.0079 0.0000 0.0273 0.0001 0.0309 0.0000 0.0000 0.9305 0.0000 0.0000 0.0000 0.0000 0.0000 0.0000 
 93       93   (0)      6 :  0.0800 0.0000 0.0111 0.0000 0.0044 0.0000 0.0000 0.0000 0.8445 0.0000 0.0000 0.0000 0.0000 0.0000 0.0200 0.0400 0.0000 0.0000 0.0000 
 94       94   (0)      6 :  0.0400 0.3002 0.0000 0.0000 0.0921 0.0774 0.0000 0.0136 0.0295 0.0692 0.0012 0.0015 0.2531 0.0000 0.0843 0.0294 0.0000 0.0000 0.0087 
 95       95   (0)      6 :  0.0600 0.0000 0.0050 0.0000 0.0110 0.0000 0.0000 0.0000 0.8583 0.0000 0.0000 0.0000 0.0056 0.0000 0.0200 0.0400 0.0000 0.0000 0.0000 
 96       96   (0)      6 :  0.0600 0.0000 0.0027 0.0000 0.0160 0.0000 0.0000 0.0000 0.8270 0.0000 0.0000 0.0000 0.0176 0.0000 0.0282 0.0400 0.0028 0.0057 0.0000 
 97       97   (0)      6 :  0.0820 0.2861 0.0000 0.0000 0.0473 0.1151 0.0000 0.0268 0.1229 0.0607 0.0046 0.0266 0.1332 0.0000 0.0871 0.0075 0.0000 0.0000 0.0000 
 98       98   (0)      6 :  0.0200 0.0000 0.1292 0.0006 0.0067 0.0000 0.0000 0.0000 0.8034 0.0000 0.0000 0.0000 0.0000 0.0000 0.0164 0.0200 0.0000 0.0038 0.0000 
 99       99   (0)      7 :  0.0000 0.0000 0.0000 0.0425 0.0000 0.0000 0.2379 0.0000 0.0000 0.0000 0.0000 0.0000 0.0000 0.0000 0.0315 0.1496 0.2700 0.2685 0.0000 
100      100   (0)      7 :  0.0600 0.2264 0.0178 0.0015 0.0037 0.1822 0.0175 0.0003 0.2052 0.0478 0.0005 0.0095 0.0816 0.0041 0.0593 0.0093 0.0119 0.0600 0.0014 
101      101   (0)      7 :  0.0000 0.0000 1.0000 0.0000 0.0000 0.0000 0.0000 0.0000 0.0000 0.0000 0.0000 0.0000 0.0000 0.0000 0.0000 0.0000 0.0000 0.0000 0.0000 
102      102   (0)      7 :  0.0000 0.0000 1.0000 0.0000 0.0000 0.0000 0.0000 0.0000 0.0000 0.0000 0.0000 0.0000 0.0000 0.0000 0.0000 0.0000 0.0000 0.0000 0.0000 
103      103   (0)      7 :  0.0395 0.2349 0.0000 0.0000 0.0926 0.2036 0.0000 0.0110 0.0000 0.0413 0.0037 0.0728 0.2056 0.0000 0.0707 0.0000 0.0000 0.0000 0.0242 
104      104   (0)      7 :  0.0126 0.2072 0.0000 0.0175 0.0059 0.0807 0.0000 0.0228 0.0000 0.0834 0.0014 0.0176 0.4905 0.0017 0.0367 0.0000 0.0000 0.0000 0.0219 
105      105   (0)      7 :  0.0000 0.0000 0.0000 0.0000 0.0000 0.0000 0.0000 0.0000 0.0000 1.0000 0.0000 0.0000 0.0000 0.0000 0.0000 0.0000 0.0000 0.0000 0.0000 
106      106   (0)      7 :  0.0400 0.3088 0.0000 0.0000 0.0290 0.2054 0.0000 0.0046 0.0000 0.1656 0.0007 0.0008 0.1100 0.0023 0.1245 0.0000 0.0000 0.0000 0.0084 
107      107   (0)      7 :  0.0381 0.4422 0.0000 0.0052 0.0233 0.1656 0.0000 0.0000 0.0000 0.0405 0.0254 0.0065 0.1648 0.0000 0.0725 0.0030 0.0000 0.0000 0.0128 
108      108   (0)      8 :  0.0000 0.0000 0.0000 0.0000 0.0000 0.0000 0.0000 1.0000 0.0000 0.0000 0.0000 0.0000 0.0000 0.0000 0.0000 0.0000 0.0000 0.0000 0.0000 
109      109   (0)      8 :  0.0532 0.1928 0.0000 0.0001 0.0011 0.3166 0.0000 0.0224 0.0000 0.1747 0.0039 0.0118 0.0692 0.0006 0.1453 0.0000 0.0000 0.0000 0.0084 
110      110   (0)      8 :  0.0000 0.0000 0.0000 0.0000 0.0000 0.0000 0.0000 0.0200 0.0000 0.0000 0.0000 0.9600 0.0000 0.0000 0.0000 0.0000 0.0000 0.0000 0.0200 
111      111   (0)      8 :  0.0000 0.0000 0.0000 0.0000 0.0000 0.0000 0.0000 0.0400 0.0000 0.0000 0.0000 0.0000 0.0000 0.0000 0.0000 0.0000 0.0000 0.0000 0.9600 
112      112   (0)      8 :  0.0000 0.0000 1.0000 0.0000 0.0000 0.0000 0.0000 0.0000 0.0000 0.0000 0.0000 0.0000 0.0000 0.0000 0.0000 0.0000 0.0000 0.0000 0.0000 
113      113   (0)      8 :  0.0081 0.2995 0.0000 0.0000 0.0000 0.2932 0.0000 0.0008 0.0000 0.2111 0.0000 0.0005 0.0565 0.0000 0.1257 0.0000 0.0000 0.0000 0.0045 
114      114   (0)      8 :  0.0463 0.3569 0.0000 0.0000 0.0106 0.3453 0.0000 0.0002 0.0000 0.0240 0.0001 0.0328 0.0226 0.0000 0.1604 0.0002 0.0000 0.0000 0.0006 
115      115   (0)      8 :  0.0000 0.0000 0.0000 0.0000 0.0000 0.0000 0.0000 1.0000 0.0000 0.0000 0.0000 0.0000 0.0000 0.0000 0.0000 0.0000 0.0000 0.0000 0.0000 
116      116   (0)      8 :  0.0000 0.0000 0.0000 0.0000 0.0000 0.0000 0.0000 0.0400 0.0000 0.0000 0.0000 0.0000 0.0000 0.0000 0.0000 0.0000 0.0000 0.0000 0.9600 
117      117   (0)      8 :  0.0000 0.0000 0.0000 0.0000 0.0000 0.0000 0.0000 0.0098 0.0102 0.9766 0.0000 0.0000 0.0000 0.0000 0.0014 0.0005 0.0000 0.0012 0.0003 
118      118   (0)      8 :  0.0424 0.1105 0.0000 0.0000 0.0000 0.2751 0.0000 0.0017 0.0000 0.2907 0.0016 0.0100 0.1268 0.0117 0.1237 0.0059 0.0000 0.0000 0.0000 
119      119   (0)      9 :  0.0022 0.0000 0.0000 0.0200 0.0000 0.0000 0.1942 0.0000 0.0000 0.0000 0.0000 0.0000 0.0000 0.0000 0.0238 0.4531 0.1046 0.2021 0.0000 
120      120   (0)     10 :  0.0342 0.4886 0.0423 0.0004 0.0215 0.1792 0.0000 0.0408 0.0000 0.0276 0.0108 0.0001 0.0385 0.0015 0.0934 0.0022 0.0000 0.0000 0.0189 
121      121   (0)     10 :  0.0724 0.2600 0.0000 0.0000 0.0051 0.3563 0.0000 0.0007 0.0000 0.0478 0.0011 0.0002 0.0801 0.0000 0.1261 0.0048 0.0000 0.0000 0.0454 
122      122   (0)     10 :  0.0080 0.3325 0.0000 0.0000 0.0159 0.1946 0.0000 0.0093 0.0000 0.0125 0.0063 0.0049 0.3043 0.0000 0.1116 0.0000 0.0000 0.0000 0.0002 
123      123   (0)     10 :  0.0540 0.1792 0.0059 0.0174 0.0211 0.0905 0.0013 0.0492 0.0000 0.1028 0.0006 0.0234 0.3350 0.0043 0.0455 0.0150 0.0075 0.0300 0.0173 
124      124   (0)     10 :  0.0158 0.3220 0.0496 0.0037 0.0009 0.1867 0.0000 0.0031 0.0000 0.0908 0.0246 0.0000 0.2123 0.0000 0.0872 0.0008 0.0000 0.0000 0.0025 
125      125   (0)     10 :  0.0412 0.3442 0.0308 0.0030 0.0614 0.1838 0.0000 0.0000 0.1424 0.0577 0.0208 0.0000 0.0219 0.0025 0.0812 0.0012 0.0000 0.0000 0.0078 
126      126   (0)     10 :  0.0260 0.2994 0.0105 0.0002 0.0141 0.2045 0.0000 0.0055 0.0000 0.1463 0.0214 0.0000 0.1288 0.0000 0.1360 0.0071 0.0000 0.0000 0.0000 
127      127   (0)     10 :  0.0456 0.3272 0.0000 0.0000 0.0058 0.3176 0.0000 0.0163 0.0000 0.0996 0.0007 0.0001 0.0339 0.0000 0.1417 0.0000 0.0000 0.0000 0.0118 
128      128   (0)     10 :  0.0432 0.3493 0.0161 0.0057 0.0056 0.2277 0.0000 0.0048 0.0000 0.1599 0.0156 0.0001 0.0625 0.0089 0.0685 0.0019 0.0000 0.0000 0.0302 
129      129   (0)     10 :  0.0000 0.6154 0.0000 0.0000 0.0050 0.1162 0.0000 0.0000 0.0000 0.0709 0.0055 0.0005 0.0975 0.0003 0.0887 0.0000 0.0000 0.0000 0.0000 
130      130   (0)     10 :  0.0132 0.5648 0.0000 0.0000 0.0043 0.2092 0.0000 0.0000 0.0000 0.0265 0.0000 0.0094 0.1052 0.0029 0.0645 0.0000 0.0000 0.0000 0.0000 
131      131   (0)     10 :  0.0643 0.3822 0.0293 0.0231 0.0529 0.1694 0.0000 0.0180 0.0000 0.0940 0.0005 0.0004 0.0687 0.0018 0.0653 0.0005 0.0000 0.0000 0.0297 
132      132   (0)     10 :  0.0478 0.3557 0.0512 0.0164 0.0009 0.1935 0.0000 0.0104 0.0347 0.0385 0.0033 0.0005 0.1310 0.0057 0.1062 0.0019 0.0000 0.0000 0.0022 
133      133   (0)     10 :  0.0779 0.4194 0.0224 0.0051 0.0437 0.2006 0.0025 0.0264 0.0096 0.0255 0.0143 0.0004 0.0277 0.0002 0.0999 0.0054 0.0011 0.0003 0.0176 
134      134   (0)     10 :  0.0488 0.4923 0.0451 0.0001 0.0017 0.1825 0.0000 0.0281 0.0107 0.0298 0.0009 0.0157 0.0586 0.0000 0.0831 0.0010 0.0002 0.0006 0.0006 
135      135   (0)     10 :  0.0489 0.4101 0.0311 0.0086 0.0039 0.1864 0.0000 0.0625 0.0000 0.0622 0.0007 0.0195 0.0671 0.0000 0.0896 0.0015 0.0000 0.0000 0.0078 
136      136   (0)     10 :  0.0430 0.4473 0.0036 0.0000 0.0074 0.1816 0.0000 0.0041 0.0000 0.0144 0.0000 0.0160 0.1599 0.0006 0.0977 0.0200 0.0000 0.0000 0.0044 
137      137   (0)     11 :  0.0206 0.0000 0.0873 0.0163 0.0000 0.0055 0.0778 0.0000 0.0014 0.0000 0.0000 0.0000 0.0000 0.0000 0.0347 0.0626 0.4245 0.2693 0.0000 
138      138   (0)     12 :  0.0415 0.2360 0.0466 0.0024 0.0568 0.1460 0.0000 0.0179 0.1208 0.0555 0.0415 0.0009 0.0588 0.0973 0.0702 0.0077 0.0000 0.0000 0.0000 
139      139   (0)     12 :  0.0545 0.0618 0.0607 0.0024 0.0000 0.1190 0.0662 0.0000 0.4269 0.0170 0.0000 0.0000 0.0284 0.0000 0.0536 0.0473 0.0059 0.0563 0.0000 
140      140   (0)     12 :  0.0139 0.0000 0.0195 0.0607 0.0000 0.0000 0.0000 0.0000 0.0000 0.0000 0.0021 0.0023 0.0000 0.8912 0.0059 0.0045 0.0000 0.0000 0.0000 
141      141   (0)     12 :  0.0200 0.0000 0.0080 0.0000 0.0000 0.0000 0.0000 0.0000 0.7615 0.0024 0.0000 0.1830 0.0000 0.0000 0.0200 0.0000 0.0000 0.0000 0.0051 
142      142   (0)     12 :  0.0501 0.3545 0.0498 0.0003 0.0364 0.1489 0.0000 0.0044 0.0052 0.0535 0.0053 0.0146 0.1225 0.0385 0.0913 0.0024 0.0000 0.0000 0.0225 
143      143   (0)     12 :  0.0248 0.0207 0.0571 0.0000 0.0894 0.0508 0.0000 0.0000 0.6818 0.0005 0.0000 0.0000 0.0000 0.0006 0.0678 0.0000 0.0000 0.0031 0.0035 
144      144   (0)     12 :  0.0395 0.3247 0.1134 0.0034 0.0000 0.1888 0.0029 0.0000 0.0419 0.0436 0.0024 0.0090 0.0622 0.0445 0.1221 0.0001 0.0000 0.0000 0.0015 
145      145   (0)     12 :  0.0275 0.0539 0.0000 0.1371 0.0107 0.0452 0.0000 0.0033 0.0000 0.0374 0.0200 0.0236 0.0649 0.3689 0.2065 0.0009 0.0000 0.0000 0.0000 
146      146   (0)     13 :  0.0200 0.0000 0.0000 0.0200 0.0000 0.0000 0.0000 0.0000 0.0000 0.0000 0.0000 0.0000 0.0000 0.0000 0.0265 0.1611 0.2677 0.5047 0.0000 
147      147   (0)     13 :  0.0163 0.0000 0.0000 0.0155 0.0000 0.0156 0.0412 0.0000 0.0000 0.0000 0.0000 0.0000 0.0000 0.0000 0.0173 0.1468 0.1374 0.6100 0.0000 
148      148   (0)     13 :  0.0305 0.0000 0.0000 0.0488 0.0000 0.0400 0.0752 0.0000 0.0000 0.0000 0.0000 0.0000 0.0000 0.0000 0.0400 0.1930 0.3145 0.2580 0.0000 
149      149   (0)     13 :  0.0200 0.0000 0.0000 0.0025 0.0000 0.0000 0.0150 0.0000 0.0000 0.0000 0.0000 0.0000 0.0000 0.0000 0.0200 0.3735 0.1429 0.4261 0.0000 
150      150   (0)     13 :  0.0000 0.0000 0.0000 0.0000 0.0000 0.0000 0.0200 0.0000 0.0000 0.0000 0.0000 0.0000 0.0000 0.0000 0.0400 0.1600 0.1609 0.6191 0.0000 
151      151   (0)     14 :  0.0133 0.0000 0.0000 0.0000 0.0000 0.0000 0.0062 0.0000 0.0000 0.0000 0.0000 0.0000 0.0000 0.0000 0.0515 0.0406 0.7120 0.1764 0.0000 
152      152   (0)     14 :  0.0697 0.3453 0.0000 0.0038 0.0328 0.2922 0.0000 0.0119 0.0000 0.0380 0.0069 0.0000 0.0373 0.0028 0.1496 0.0000 0.0000 0.0000 0.0096 
153      153   (0)     15 :  0.0057 0.0000 0.0052 0.0000 0.0021 0.0000 0.0000 0.0000 0.9866 0.0004 0.0000 0.0000 0.0000 0.0000 0.0000 0.0000 0.0000 0.0000 0.0000 
154      154   (0)     15 :  0.0075 0.0000 0.0000 0.0251 0.0000 0.0109 0.0837 0.0000 0.0200 0.0000 0.0000 0.0000 0.0000 0.0000 0.0537 0.2632 0.1885 0.3473 0.0000 
155      155   (0)     16 :  0.0632 0.3804 0.0329 0.0003 0.0000 0.2371 0.0000 0.0107 0.0231 0.0408 0.0003 0.0029 0.0588 0.0013 0.1192 0.0021 0.0000 0.0000 0.0268 
156      156   (0)     16 :  0.0340 0.3775 0.0018 0.0342 0.0000 0.1229 0.0000 0.0108 0.0000 0.0795 0.0000 0.0643 0.1474 0.0032 0.0891 0.0001 0.0000 0.0000 0.0353 
157      157   (0)     17 :  0.0419 0.0000 0.0694 0.0000 0.0000 0.0025 0.0000 0.0003 0.8793 0.0013 0.0000 0.0025 0.0006 0.0022 0.0000 0.0000 0.0000 0.0000 0.0000 
158      158   (0)     17 :  0.0000 0.0000 0.0001 0.8600 0.0000 0.0000 0.0000 0.0000 0.0000 0.0000 0.0000 0.0000 0.0000 0.1399 0.0000 0.0000 0.0000 0.0000 0.0000 
159      159   (0)     18 :  0.0367 0.3408 0.0096 0.0011 0.0576 0.1947 0.0000 0.0012 0.0000 0.0778 0.0002 0.0008 0.1355 0.0000 0.1354 0.0065 0.0000 0.0000 0.0019 
160      160   (0)     18 :  0.0427 0.2397 0.0000 0.0000 0.0003 0.3433 0.0000 0.0049 0.0000 0.1355 0.0055 0.0375 0.0608 0.0000 0.1178 0.0043 0.0000 0.0000 0.0076 
161      161   (0)     18 :  0.0111 0.3288 0.0000 0.0000 0.0152 0.1919 0.0000 0.0036 0.0000 0.0741 0.0312 0.0145 0.1854 0.0000 0.1235 0.0200 0.0000 0.0000 0.0007 
162      162   (0)     19 :  0.0456 0.2354 0.0246 0.0000 0.0926 0.1880 0.0000 0.0207 0.0516 0.1309 0.0000 0.0000 0.0538 0.0000 0.0480 0.0036 0.0000 0.0000 0.1054 
163      163   (0)     19 :  0.0277 0.0046 0.1911 0.0053 0.0000 0.0249 0.0191 0.0126 0.1547 0.0308 0.0000 0.0001 0.4177 0.0000 0.0107 0.0367 0.0375 0.0191 0.0074 
164      164   (0)     19 :  0.0030 0.0000 0.0000 0.0000 0.0003 0.0447 0.0000 0.0897 0.0000 0.0564 0.0005 0.0002 0.8052 0.0000 0.0000 0.0000 0.0000 0.0000 0.0000 
