1        1   (0)      1  : 0.2042 0.0000 0.0001 0.7509 0.0017 0.0002 0.0102 0.0326 0.0000
2        2   (0)      1  : 0.0037 0.0000 0.0197 0.7242 0.0860 0.0002 0.0560 0.1102 0.0000
3        3   (0)      1  : 0.0000 0.0000 0.0000 0.9933 0.0000 0.0000 0.0000 0.0067 0.0000
4        4   (0)      1  : 0.0000 0.0000 0.0000 0.8889 0.0000 0.0000 0.0000 0.1111 0.0000
5        5   (0)      1  : 0.5342 0.0000 0.1352 0.1800 0.0276 0.0967 0.0051 0.0213 0.0000
6        6   (0)      1  : 0.6887 0.0000 0.1063 0.0774 0.0232 0.0622 0.0109 0.0313 0.0000
7        7   (0)      1  : 0.8853 0.0000 0.0000 0.0118 0.0123 0.0025 0.0651 0.0230 0.0000
8        8   (0)      1  : 0.5702 0.0000 0.0988 0.2036 0.0221 0.0633 0.0007 0.0413 0.0000
9        9   (0)      1  : 0.0000 0.0000 0.0000 0.8889 0.0000 0.0000 0.0000 0.1111 0.0000
10       10   (0)      1  : 0.8721 0.0000 0.0000 0.0001 0.0256 0.0018 0.0611 0.0394 0.0000
11       11   (0)      1  : 0.8226 0.0000 0.0000 0.0007 0.0497 0.0016 0.0904 0.0351 0.0000
12       12   (0)      1  : 0.0830 0.0000 0.0000 0.0000 0.0833 0.0000 0.8336 0.0000 0.0000
13       13   (0)      1  : 0.8731 0.0000 0.0000 0.0000 0.0165 0.0038 0.0604 0.0461 0.0000
14       14   (0)      1  : 0.4562 0.0077 0.1007 0.1646 0.0118 0.1104 0.0921 0.0306 0.0258
15       15   (0)      1  : 0.0000 0.0000 0.9984 0.0000 0.0000 0.0000 0.0007 0.0009 0.0000
16       16   (0)      1  : 0.0000 0.0000 0.0000 0.9444 0.0000 0.0000 0.0000 0.0556 0.0000
17       17   (0)      1  : 0.0000 0.0000 0.0000 0.9444 0.0000 0.0000 0.0000 0.0556 0.0000
18       18   (0)      1  : 0.0821 0.0000 0.0000 0.0000 0.1389 0.0278 0.4735 0.2778 0.0000
19       19   (0)      1  : 0.8306 0.0000 0.0000 0.0107 0.0617 0.0006 0.0447 0.0518 0.0000
20       20   (0)      1  : 0.8698 0.0000 0.0000 0.0020 0.0255 0.0095 0.0503 0.0429 0.0000
21       21   (0)      1  : 0.0000 0.0000 0.0000 0.9914 0.0000 0.0000 0.0000 0.0086 0.0000
22       22   (0)      1  : 0.0000 0.0000 1.0000 0.0000 0.0000 0.0000 0.0000 0.0000 0.0000
23       23   (0)      1  : 0.8575 0.0000 0.0059 0.0146 0.0416 0.0067 0.0528 0.0209 0.0000
24       24   (0)      2  : 0.0000 0.0000 0.0000 0.9838 0.0000 0.0000 0.0000 0.0162 0.0000
25       25   (0)      2  : 0.9694 0.0000 0.0000 0.0000 0.0008 0.0145 0.0035 0.0118 0.0000
26       26   (0)      2  : 0.2878 0.0000 0.0000 0.6596 0.0094 0.0033 0.0090 0.0309 0.0000
27       27   (0)      2  : 0.7805 0.0000 0.0000 0.0469 0.0477 0.0054 0.0791 0.0403 0.0000
28       28   (0)      2  : 0.8642 0.0000 0.0227 0.0523 0.0029 0.0233 0.0110 0.0235 0.0000
29       29   (0)      2  : 0.7680 0.0000 0.0000 0.0556 0.0743 0.0078 0.0523 0.0420 0.0000
30       30   (0)      2  : 0.0000 0.2377 0.0000 0.0000 0.0000 0.0000 0.0000 0.0000 0.7623
31       31   (0)      2  : 0.8319 0.0000 0.0095 0.0288 0.0184 0.0268 0.0486 0.0359 0.0000
32       32   (0)      2  : 0.0000 0.0000 0.0000 0.9976 0.0000 0.0000 0.0000 0.0024 0.0000
33       33   (0)      2  : 0.0822 0.0000 0.0000 0.0000 0.1389 0.0278 0.4734 0.2778 0.0000
34       34   (0)      2  : 0.9286 0.0000 0.0000 0.0013 0.0139 0.0106 0.0252 0.0205 0.0000
35       35   (0)      2  : 0.7842 0.0000 0.0259 0.0310 0.0454 0.0027 0.0720 0.0389 0.0000
36       36   (0)      2  : 0.0000 0.0000 0.0000 0.8883 0.0000 0.0000 0.0000 0.1117 0.0000
37       37   (0)      3  : 0.8567 0.0000 0.0023 0.0214 0.0454 0.0005 0.0464 0.0274 0.0000
38       38   (0)      3  : 0.5910 0.0000 0.0000 0.0435 0.2570 0.0484 0.0280 0.0321 0.0000
39       39   (0)      3  : 0.9048 0.0000 0.0000 0.0104 0.0427 0.0054 0.0281 0.0085 0.0000
40       40   (0)      3  : 0.8560 0.0000 0.0000 0.0289 0.0163 0.0097 0.0584 0.0305 0.0000
41       41   (0)      3  : 0.8822 0.0000 0.0000 0.0097 0.0549 0.0110 0.0291 0.0131 0.0000
42       42   (0)      4  : 0.0000 0.7278 0.0000 0.0000 0.0000 0.0000 0.0000 0.0351 0.2371
43       43   (0)      4  : 0.8798 0.0014 0.0000 0.0003 0.0234 0.0385 0.0374 0.0186 0.0006
44       44   (0)      4  : 0.0000 0.8074 0.0000 0.0000 0.0000 0.0000 0.0000 0.0556 0.1371
45       45   (0)      4  : 0.0000 0.5914 0.0000 0.0000 0.0000 0.0000 0.0000 0.0392 0.3693
46       46   (0)      4  : 0.8647 0.0183 0.0127 0.0429 0.0022 0.0000 0.0237 0.0296 0.0058
47       47   (0)      4  : 0.9540 0.0000 0.0000 0.0003 0.0003 0.0001 0.0132 0.0321 0.0000
48       48   (0)      4  : 0.8542 0.0000 0.0000 0.0002 0.0234 0.0080 0.0729 0.0413 0.0000
49       49   (0)      4  : 0.9442 0.0000 0.0000 0.0063 0.0002 0.0040 0.0319 0.0134 0.0000
50       50   (0)      4  : 0.8387 0.0000 0.0000 0.0000 0.0379 0.0004 0.0639 0.0591 0.0000
51       51   (0)      4  : 0.3244 0.1320 0.0474 0.0014 0.0025 0.2521 0.0062 0.0323 0.2016
52       52   (0)      4  : 0.8508 0.0077 0.0000 0.0017 0.0065 0.0438 0.0325 0.0472 0.0097
53       53   (0)      4  : 0.9047 0.0009 0.0000 0.0000 0.0225 0.0101 0.0405 0.0154 0.0059
54       54   (0)      4  : 0.8627 0.0214 0.0120 0.0074 0.0429 0.0108 0.0087 0.0238 0.0104
55       55   (0)      4  : 0.8206 0.0000 0.0000 0.0015 0.0422 0.0005 0.0713 0.0638 0.0000
56       56   (0)      4  : 0.0000 0.7746 0.0000 0.0000 0.0000 0.0000 0.0000 0.0365 0.1889
57       57   (0)      5  : 0.9157 0.0000 0.0000 0.0116 0.0045 0.0071 0.0382 0.0228 0.0000
58       58   (0)      5  : 0.8594 0.0000 0.0000 0.0015 0.0332 0.0212 0.0387 0.0461 0.0000
59       59   (0)      5  : 0.0000 0.8234 0.0000 0.0000 0.0000 0.0000 0.0000 0.0410 0.1357
60       60   (0)      5  : 0.8887 0.0000 0.0000 0.0000 0.0063 0.0004 0.0597 0.0449 0.0000
61       61   (0)      5  : 0.2829 0.2346 0.0952 0.0024 0.0826 0.0658 0.0077 0.0222 0.2066
62       62   (0)      5  : 0.0000 0.5436 0.0000 0.0000 0.0000 0.0000 0.0000 0.0556 0.4008
63       63   (0)      5  : 0.6649 0.0688 0.0087 0.0367 0.0250 0.0487 0.0238 0.0260 0.0974
64       64   (0)      5  : 0.8304 0.0000 0.0000 0.0004 0.0591 0.0111 0.0662 0.0327 0.0000
65       65   (0)      5  : 0.9515 0.0000 0.0000 0.0000 0.0017 0.0006 0.0333 0.0129 0.0000
66       66   (0)      5  : 0.9180 0.0000 0.0000 0.0267 0.0183 0.0089 0.0118 0.0163 0.0000
67       67   (0)      5  : 0.1316 0.1960 0.0316 0.0000 0.0007 0.0994 0.0000 0.0023 0.5384
68       68   (0)      5  : 0.0000 0.5733 0.0000 0.0000 0.0000 0.0000 0.0000 0.0059 0.4208
69       69   (0)      5  : 0.5999 0.0564 0.0036 0.0233 0.0772 0.0226 0.0214 0.0195 0.1761
70       70   (0)      5  : 0.0000 0.2500 0.0000 0.0000 0.0000 0.0000 0.0000 0.0000 0.7500
71       71   (0)      5  : 0.0000 0.3017 0.0000 0.0000 0.0000 0.0000 0.0000 0.0504 0.6479
72       72   (0)      5  : 0.7908 0.0443 0.0032 0.0120 0.0038 0.0157 0.0431 0.0208 0.0665
73       73   (0)      5  : 0.8487 0.0000 0.0000 0.0334 0.0244 0.0184 0.0355 0.0395 0.0000
74       74   (0)      5  : 0.0000 0.8047 0.0000 0.0000 0.0000 0.0000 0.0000 0.0406 0.1548
75       75   (0)      6  : 0.0000 0.4480 0.0000 0.0000 0.0000 0.0000 0.0000 0.0572 0.4949
76       76   (0)      6  : 0.8331 0.0071 0.0134 0.0130 0.0023 0.0281 0.0400 0.0252 0.0379
77       77   (0)      6  : 0.0000 0.5754 0.0000 0.0000 0.0000 0.0000 0.0000 0.0320 0.3926
78       78   (0)      6  : 0.0000 0.6972 0.0000 0.0000 0.0000 0.0000 0.0000 0.0556 0.2472
79       79   (0)      6  : 0.0000 0.3931 0.0000 0.0000 0.0000 0.0000 0.0000 0.0181 0.5888
80       80   (0)      6  : 0.0000 0.0000 0.0021 0.9688 0.0000 0.0000 0.0000 0.0291 0.0000
81       81   (0)      6  : 0.0000 0.2912 0.0000 0.0000 0.0000 0.0000 0.0000 0.0494 0.6594
82       82   (0)      6  : 0.0000 0.2864 0.0000 0.0000 0.0000 0.0000 0.0000 0.0485 0.6651
83       83   (0)      6  : 0.0000 0.0784 0.0061 0.0000 0.0000 0.0004 0.0000 0.0256 0.8896
84       84   (0)      6  : 0.0000 0.1272 0.0000 0.0000 0.0000 0.0000 0.0000 0.0556 0.8172
85       85   (0)      6  : 0.0000 0.3893 0.0000 0.0000 0.0000 0.0000 0.0000 0.0190 0.5917
86       86   (0)      6  : 0.0000 0.0836 0.0000 0.0000 0.0000 0.0000 0.0000 0.0000 0.9164
87       87   (0)      6  : 0.0000 0.8799 0.0000 0.0000 0.0000 0.0000 0.0000 0.0000 0.1201
88       88   (0)      6  : 0.0000 0.8001 0.0000 0.0000 0.0000 0.0000 0.0000 0.0460 0.1538
89       89   (0)      6  : 0.0000 0.6632 0.0000 0.0000 0.0000 0.0000 0.0000 0.0556 0.2812
90       90   (0)      6  : 0.0000 0.0885 0.0000 0.7656 0.0000 0.0000 0.0000 0.1087 0.0371
91       91   (0)      6  : 0.0000 0.8111 0.0000 0.0000 0.0000 0.0000 0.0000 0.0278 0.1611
92       92   (0)      6  : 0.6939 0.0000 0.0000 0.0205 0.1472 0.0968 0.0280 0.0136 0.0000
93       93   (0)      6  : 0.0000 0.0099 0.0643 0.0038 0.0000 0.9104 0.0000 0.0060 0.0056
94       94   (0)      6  : 0.7839 0.0000 0.0000 0.0000 0.0393 0.1281 0.0241 0.0246 0.0000
95       95   (0)      6  : 0.0109 0.0158 0.0284 0.0000 0.0013 0.9376 0.0001 0.0058 0.0000
96       96   (0)      6  : 0.0125 0.0233 0.0159 0.0000 0.0011 0.9386 0.0000 0.0086 0.0000
97       97   (0)      6  : 0.6897 0.0029 0.0003 0.0000 0.0390 0.2063 0.0443 0.0175 0.0000
98       98   (0)      6  : 0.0086 0.0146 0.1853 0.0011 0.0000 0.7855 0.0000 0.0050 0.0000
99       99   (0)      7  : 0.0000 0.5405 0.0000 0.0000 0.0000 0.0000 0.0000 0.0464 0.4130
100      100   (0)      7  : 0.6202 0.0811 0.0361 0.0120 0.0144 0.1545 0.0187 0.0164 0.0466
101      101   (0)      7  : 0.0000 0.0000 1.0000 0.0000 0.0000 0.0000 0.0000 0.0000 0.0000
102      102   (0)      7  : 0.0000 0.0000 1.0000 0.0000 0.0000 0.0000 0.0000 0.0000 0.0000
103      103   (0)      7  : 0.7873 0.0000 0.0000 0.0000 0.0561 0.0116 0.1074 0.0375 0.0000
104      104   (0)      7  : 0.7525 0.0000 0.0009 0.0442 0.0920 0.0226 0.0497 0.0382 0.0000
105      105   (0)      7  : 0.8115 0.0000 0.0000 0.0408 0.0427 0.0653 0.0070 0.0327 0.0000
106      106   (0)      7  : 0.9057 0.0000 0.0000 0.0034 0.0347 0.0086 0.0195 0.0281 0.0000
107      107   (0)      7  : 0.8915 0.0000 0.0000 0.0005 0.0048 0.0125 0.0523 0.0384 0.0000
108      108   (0)      8  : 0.0000 0.0000 0.0000 0.0000 1.0000 0.0000 0.0000 0.0000 0.0000
109      109   (0)      8  : 0.8723 0.0000 0.0000 0.0049 0.0441 0.0064 0.0423 0.0301 0.0000
110      110   (0)      8  : 0.0830 0.0000 0.0000 0.0000 0.0833 0.0000 0.8337 0.0000 0.0000
111      111   (0)      8  : 0.1111 0.0000 0.0000 0.0000 0.1389 0.0000 0.2500 0.5000 0.0000
112      112   (0)      8  : 0.0000 0.0000 1.0000 0.0000 0.0000 0.0000 0.0000 0.0000 0.0000
113      113   (0)      8  : 0.9365 0.0000 0.0000 0.0011 0.0127 0.0022 0.0234 0.0241 0.0000
114      114   (0)      8  : 0.9280 0.0000 0.0000 0.0000 0.0048 0.0000 0.0554 0.0118 0.0000
115      115   (0)      8  : 0.0000 0.0000 0.0000 0.0000 1.0000 0.0000 0.0000 0.0000 0.0000
116      116   (0)      8  : 0.1111 0.0000 0.0000 0.0000 0.1389 0.0000 0.2500 0.5000 0.0000
117      117   (0)      8  : 0.6506 0.0166 0.0010 0.0230 0.0961 0.1502 0.0031 0.0527 0.0066
118      118   (0)      8  : 0.8992 0.0000 0.0000 0.0448 0.0190 0.0042 0.0284 0.0043 0.0000
119      119   (0)      9  : 0.0000 0.3508 0.0000 0.0000 0.0000 0.0000 0.0000 0.0494 0.5998
120      120   (0)     10  : 0.8268 0.0000 0.0476 0.0012 0.0571 0.0031 0.0305 0.0336 0.0000
121      121   (0)     10  : 0.8990 0.0000 0.0000 0.0000 0.0088 0.0067 0.0371 0.0484 0.0000
122      122   (0)     10  : 0.8791 0.0000 0.0000 0.0007 0.0573 0.0130 0.0336 0.0163 0.0000
123      123   (0)     10  : 0.6706 0.0640 0.0119 0.0407 0.1075 0.0216 0.0451 0.0340 0.0046
124      124   (0)     10  : 0.8507 0.0000 0.0545 0.0002 0.0326 0.0142 0.0206 0.0272 0.0000
125      125   (0)     10  : 0.7404 0.0000 0.0414 0.0082 0.0040 0.1438 0.0295 0.0313 0.0015
126      126   (0)     10  : 0.9053 0.0000 0.0169 0.0000 0.0248 0.0154 0.0198 0.0177 0.0000
127      127   (0)     10  : 0.9021 0.0000 0.0000 0.0019 0.0457 0.0004 0.0245 0.0254 0.0000
128      128   (0)     10  : 0.8636 0.0000 0.0228 0.0103 0.0207 0.0110 0.0290 0.0426 0.0000
129      129   (0)     10  : 0.9201 0.0000 0.0000 0.0126 0.0117 0.0097 0.0313 0.0145 0.0000
130      130   (0)     10  : 0.9731 0.0000 0.0000 0.0022 0.0021 0.0084 0.0128 0.0014 0.0000
131      131   (0)     10  : 0.8391 0.0000 0.0345 0.0258 0.0322 0.0158 0.0119 0.0405 0.0000
132      132   (0)     10  : 0.7961 0.0000 0.0550 0.0398 0.0256 0.0592 0.0033 0.0211 0.0000
133      133   (0)     10  : 0.8208 0.0037 0.0221 0.0038 0.0420 0.0295 0.0294 0.0379 0.0108
134      134   (0)     10  : 0.8156 0.0059 0.0432 0.0000 0.0381 0.0421 0.0318 0.0160 0.0073
135      135   (0)     10  : 0.8220 0.0000 0.0367 0.0096 0.0763 0.0063 0.0297 0.0195 0.0000
136      136   (0)     10  : 0.8987 0.0000 0.0132 0.0013 0.0238 0.0060 0.0383 0.0187 0.0000
137      137   (0)     11  : 0.0000 0.6590 0.0887 0.0000 0.0000 0.0000 0.0000 0.0376 0.2147
138      138   (0)     12  : 0.6089 0.0005 0.0545 0.1026 0.0347 0.1455 0.0317 0.0211 0.0005
139      139   (0)     12  : 0.2822 0.0344 0.0864 0.0020 0.0002 0.3874 0.0041 0.0196 0.1838
140      140   (0)     12  : 0.0000 0.0000 0.0484 0.9240 0.0000 0.0000 0.0000 0.0276 0.0000
141      141   (0)     12  : 0.0000 0.0000 0.0416 0.0017 0.0000 0.7780 0.1775 0.0012 0.0000
142      142   (0)     12  : 0.7913 0.0000 0.0535 0.0332 0.0256 0.0255 0.0430 0.0279 0.0000
143      143   (0)     12  : 0.2043 0.0120 0.1042 0.0050 0.0000 0.6332 0.0119 0.0294 0.0001
144      144   (0)     12  : 0.7358 0.0000 0.1237 0.0608 0.0003 0.0489 0.0182 0.0113 0.0010
145      145   (0)     12  : 0.3342 0.0000 0.0000 0.5842 0.0126 0.0075 0.0267 0.0348 0.0000
146      146   (0)     13  : 0.0000 0.8577 0.0000 0.0000 0.0000 0.0000 0.0000 0.0177 0.1246
147      147   (0)     13  : 0.0000 0.6189 0.0000 0.0000 0.0000 0.0000 0.0000 0.0227 0.3584
148      148   (0)     13  : 0.0000 0.7964 0.0000 0.0000 0.0000 0.0000 0.0000 0.0000 0.2036
149      149   (0)     13  : 0.0000 0.5430 0.0000 0.0000 0.0000 0.0000 0.0000 0.0437 0.4133
150      150   (0)     13  : 0.0000 0.8472 0.0000 0.0000 0.0000 0.0000 0.0000 0.0398 0.1130
151      151   (0)     14  : 0.0000 0.7320 0.0000 0.0000 0.0000 0.0000 0.0000 0.0501 0.2179
152      152   (0)     14  : 0.8826 0.0000 0.0000 0.0182 0.0306 0.0007 0.0293 0.0385 0.0000
153      153   (0)     15  : 0.0101 0.0111 0.0289 0.0000 0.0009 0.9268 0.0001 0.0027 0.0193
154      154   (0)     15  : 0.0000 0.5458 0.0002 0.0000 0.0000 0.0011 0.0000 0.0293 0.4236
155      155   (0)     16  : 0.8467 0.0000 0.0372 0.0017 0.0274 0.0373 0.0220 0.0278 0.0000
156      156   (0)     16  : 0.7882 0.0000 0.0128 0.0339 0.0372 0.0095 0.0819 0.0365 0.0000
157      157   (0)     17  : 0.0116 0.0032 0.1381 0.0126 0.0010 0.8034 0.0091 0.0020 0.0190
158      158   (0)     17  : 0.0000 0.0000 0.0040 0.8849 0.0000 0.0000 0.0000 0.1111 0.0000
159      159   (0)     18  : 0.9053 0.0000 0.0130 0.0000 0.0125 0.0279 0.0210 0.0203 0.0000
160      160   (0)     18  : 0.8898 0.0000 0.0000 0.0005 0.0211 0.0024 0.0625 0.0237 0.0000
161      161   (0)     18  : 0.8649 0.0000 0.0000 0.0003 0.0308 0.0132 0.0625 0.0282 0.0000
162      162   (0)     19  : 0.7408 0.0000 0.0337 0.0000 0.0440 0.0728 0.0352 0.0735 0.0000
163      163   (0)     19  : 0.2916 0.0208 0.1927 0.0054 0.0822 0.2437 0.0193 0.0300 0.1143
164      164   (0)     19  : 0.5970 0.0000 0.0000 0.0455 0.2506 0.0544 0.0282 0.0243 0.0000
