1        1   (0)      1  : 0.2141 0.0000 0.0001 0.7770 0.0058 0.0030
2        2   (0)      1  : 0.0239 0.0000 0.0274 0.8126 0.0814 0.0547
3        3   (0)      1  : 0.0000 0.0000 0.0000 1.0000 0.0000 0.0000
4        4   (0)      1  : 0.0000 0.0000 0.0000 1.0000 0.0000 0.0000
5        5   (0)      1  : 0.5648 0.0000 0.1886 0.2099 0.0303 0.0063
6        6   (0)      1  : 0.7122 0.0000 0.1351 0.0920 0.0269 0.0338
7        7   (0)      1  : 0.8904 0.0000 0.0000 0.0105 0.0223 0.0769
8        8   (0)      1  : 0.5843 0.0000 0.1359 0.2363 0.0254 0.0181
9        9   (0)      1  : 0.0000 0.0000 0.0000 1.0000 0.0000 0.0000
10       10   (0)      1  : 0.8755 0.0000 0.0000 0.0000 0.0371 0.0874
11       11   (0)      1  : 0.8322 0.0000 0.0000 0.0001 0.0591 0.1086
12       12   (0)      1  : 0.3972 0.0000 0.0000 0.0000 0.1353 0.4675
13       13   (0)      1  : 0.8743 0.0000 0.0000 0.0000 0.0304 0.0954
14       14   (0)      1  : 0.5193 0.0598 0.1409 0.1770 0.0180 0.0850
15       15   (0)      1  : 0.0000 0.0000 1.0000 0.0000 0.0000 0.0000
16       16   (0)      1  : 0.0000 0.0000 0.0000 1.0000 0.0000 0.0000
17       17   (0)      1  : 0.0000 0.0000 0.0000 1.0000 0.0000 0.0000
18       18   (0)      1  : 0.1299 0.0000 0.0000 0.0000 0.2000 0.6701
19       19   (0)      1  : 0.8381 0.0000 0.0000 0.0143 0.0668 0.0809
20       20   (0)      1  : 0.8689 0.0000 0.0000 0.0016 0.0372 0.0922
21       21   (0)      1  : 0.0000 0.0000 0.0000 1.0000 0.0000 0.0000
22       22   (0)      1  : 0.0000 0.0000 1.0000 0.0000 0.0000 0.0000
23       23   (0)      1  : 0.8691 0.0000 0.0045 0.0183 0.0465 0.0617
24       24   (0)      2  : 0.0000 0.0000 0.0000 1.0000 0.0000 0.0000
25       25   (0)      2  : 0.9702 0.0000 0.0000 0.0000 0.0076 0.0223
26       26   (0)      2  : 0.2937 0.0000 0.0000 0.6877 0.0106 0.0079
27       27   (0)      2  : 0.7890 0.0000 0.0000 0.0471 0.0588 0.1051
28       28   (0)      2  : 0.8688 0.0002 0.0276 0.0553 0.0094 0.0387
29       29   (0)      2  : 0.7777 0.0000 0.0000 0.0595 0.0798 0.0830
30       30   (0)      2  : 0.0000 1.0000 0.0000 0.0000 0.0000 0.0000
31       31   (0)      2  : 0.8414 0.0000 0.0172 0.0320 0.0309 0.0785
32       32   (0)      2  : 0.0000 0.0000 0.0000 1.0000 0.0000 0.0000
33       33   (0)      2  : 0.1303 0.0000 0.0000 0.0000 0.2000 0.6697
34       34   (0)      2  : 0.9352 0.0000 0.0000 0.0002 0.0205 0.0442
35       35   (0)      2  : 0.7958 0.0000 0.0238 0.0339 0.0527 0.0938
36       36   (0)      2  : 0.0000 0.0000 0.0000 1.0000 0.0000 0.0000
37       37   (0)      3  : 0.8577 0.0000 0.0033 0.0201 0.0514 0.0675
38       38   (0)      3  : 0.6493 0.0000 0.0000 0.0561 0.2395 0.0551
39       39   (0)      3  : 0.9167 0.0000 0.0000 0.0095 0.0488 0.0249
40       40   (0)      3  : 0.8658 0.0000 0.0000 0.0290 0.0248 0.0804
41       41   (0)      3  : 0.8989 0.0000 0.0000 0.0154 0.0586 0.0271
42       42   (0)      4  : 0.0000 1.0000 0.0000 0.0000 0.0000 0.0000
43       43   (0)      4  : 0.9085 0.0126 0.0000 0.0000 0.0313 0.0476
44       44   (0)      4  : 0.0000 1.0000 0.0000 0.0000 0.0000 0.0000
45       45   (0)      4  : 0.0000 1.0000 0.0000 0.0000 0.0000 0.0000
46       46   (0)      4  : 0.8608 0.0241 0.0124 0.0463 0.0077 0.0487
47       47   (0)      4  : 0.9506 0.0000 0.0000 0.0002 0.0068 0.0425
48       48   (0)      4  : 0.8638 0.0000 0.0000 0.0000 0.0348 0.1014
49       49   (0)      4  : 0.9368 0.0000 0.0000 0.0097 0.0056 0.0480
50       50   (0)      4  : 0.8982 0.0000 0.0000 0.0000 0.0812 0.0206
51       51   (0)      4  : 0.4208 0.4024 0.1405 0.0165 0.0095 0.0103
52       52   (0)      4  : 0.8647 0.0304 0.0000 0.0089 0.0153 0.0808
53       53   (0)      4  : 0.9104 0.0062 0.0000 0.0000 0.0321 0.0512
54       54   (0)      4  : 0.8717 0.0320 0.0103 0.0103 0.0473 0.0283
55       55   (0)      4  : 0.8807 0.0000 0.0000 0.0002 0.0883 0.0308
56       56   (0)      4  : 0.0000 1.0000 0.0000 0.0000 0.0000 0.0000
57       57   (0)      5  : 0.9132 0.0000 0.0000 0.0149 0.0150 0.0569
58       58   (0)      5  : 0.8643 0.0000 0.0000 0.0039 0.0442 0.0875
59       59   (0)      5  : 0.0000 1.0000 0.0000 0.0000 0.0000 0.0000
60       60   (0)      5  : 0.8977 0.0000 0.0000 0.0000 0.0115 0.0908
61       61   (0)      5  : 0.3241 0.4740 0.1226 0.0023 0.0729 0.0041
62       62   (0)      5  : 0.0000 1.0000 0.0000 0.0000 0.0000 0.0000
63       63   (0)      5  : 0.6879 0.1807 0.0230 0.0451 0.0292 0.0340
64       64   (0)      5  : 0.8508 0.0000 0.0000 0.0000 0.0618 0.0874
65       65   (0)      5  : 0.9477 0.0000 0.0000 0.0000 0.0078 0.0445
66       66   (0)      5  : 0.9283 0.0000 0.0000 0.0273 0.0235 0.0210
67       67   (0)      5  : 0.1794 0.7517 0.0647 0.0000 0.0041 0.0000
68       68   (0)      5  : 0.0000 1.0000 0.0000 0.0000 0.0000 0.0000
69       69   (0)      5  : 0.6194 0.2333 0.0081 0.0301 0.0771 0.0320
70       70   (0)      5  : 0.0000 1.0000 0.0000 0.0000 0.0000 0.0000
71       71   (0)      5  : 0.0000 1.0000 0.0000 0.0000 0.0000 0.0000
72       72   (0)      5  : 0.8070 0.1155 0.0048 0.0132 0.0138 0.0457
73       73   (0)      5  : 0.8641 0.0000 0.0000 0.0358 0.0290 0.0711
74       74   (0)      5  : 0.0000 1.0000 0.0000 0.0000 0.0000 0.0000
75       75   (0)      6  : 0.0000 1.0000 0.0000 0.0000 0.0000 0.0000
76       76   (0)      6  : 0.8441 0.0503 0.0205 0.0128 0.0098 0.0626
77       77   (0)      6  : 0.0000 1.0000 0.0000 0.0000 0.0000 0.0000
78       78   (0)      6  : 0.0000 1.0000 0.0000 0.0000 0.0000 0.0000
79       79   (0)      6  : 0.0000 1.0000 0.0000 0.0000 0.0000 0.0000
80       80   (0)      6  : 0.0000 0.0000 0.0034 0.9963 0.0000 0.0003
81       81   (0)      6  : 0.0000 1.0000 0.0000 0.0000 0.0000 0.0000
82       82   (0)      6  : 0.0000 1.0000 0.0000 0.0000 0.0000 0.0000
83       83   (0)      6  : 0.0000 0.9670 0.0330 0.0000 0.0000 0.0000
84       84   (0)      6  : 0.0000 1.0000 0.0000 0.0000 0.0000 0.0000
85       85   (0)      6  : 0.0000 1.0000 0.0000 0.0000 0.0000 0.0000
86       86   (0)      6  : 0.0000 1.0000 0.0000 0.0000 0.0000 0.0000
87       87   (0)      6  : 0.0000 1.0000 0.0000 0.0000 0.0000 0.0000
88       88   (0)      6  : 0.0000 1.0000 0.0000 0.0000 0.0000 0.0000
89       89   (0)      6  : 0.0000 1.0000 0.0000 0.0000 0.0000 0.0000
90       90   (0)      6  : 0.0000 0.1357 0.0000 0.8643 0.0000 0.0000
91       91   (0)      6  : 0.0000 1.0000 0.0000 0.0000 0.0000 0.0000
92       92   (0)      6  : 0.7821 0.0000 0.0006 0.0284 0.1537 0.0351
93       93   (0)      6  : 0.0149 0.2007 0.6290 0.1482 0.0047 0.0025
94       94   (0)      6  : 0.9207 0.0000 0.0000 0.0000 0.0500 0.0292
95       95   (0)      6  : 0.4143 0.2048 0.3064 0.0000 0.0567 0.0178
96       96   (0)      6  : 0.4604 0.2888 0.2031 0.0000 0.0365 0.0113
97       97   (0)      6  : 0.8407 0.0538 0.0133 0.0000 0.0509 0.0414
98       98   (0)      6  : 0.3059 0.1842 0.4666 0.0417 0.0015 0.0000
99       99   (0)      7  : 0.0000 1.0000 0.0000 0.0000 0.0000 0.0000
100      100   (0)      7  : 0.6702 0.1609 0.0913 0.0215 0.0268 0.0294
101      101   (0)      7  : 0.0000 0.0000 1.0000 0.0000 0.0000 0.0000
102      102   (0)      7  : 0.0000 0.0000 1.0000 0.0000 0.0000 0.0000
103      103   (0)      7  : 0.8333 0.0000 0.0000 0.0000 0.0665 0.1002
104      104   (0)      7  : 0.7817 0.0000 0.0004 0.0517 0.0939 0.0724
105      105   (0)      7  : 0.8881 0.0000 0.0000 0.0464 0.0500 0.0155
106      106   (0)      7  : 0.9159 0.0000 0.0000 0.0018 0.0414 0.0409
107      107   (0)      7  : 0.9032 0.0000 0.0000 0.0019 0.0156 0.0792
108      108   (0)      8  : 0.1301 0.0000 0.0000 0.0032 0.8667 0.0000
109      109   (0)      8  : 0.8797 0.0000 0.0000 0.0050 0.0483 0.0669
110      110   (0)      8  : 0.3968 0.0000 0.0000 0.0000 0.1355 0.4677
111      111   (0)      8  : 0.1333 0.0000 0.0000 0.0000 0.1333 0.7333
112      112   (0)      8  : 0.0000 0.0000 1.0000 0.0000 0.0000 0.0000
113      113   (0)      8  : 0.9267 0.0000 0.0000 0.0000 0.0182 0.0551
114      114   (0)      8  : 0.9363 0.0000 0.0000 0.0000 0.0139 0.0498
115      115   (0)      8  : 0.1303 0.0000 0.0000 0.0031 0.8667 0.0000
116      116   (0)      8  : 0.1333 0.0000 0.0000 0.0000 0.1333 0.7333
117      117   (0)      8  : 0.7543 0.0550 0.0230 0.0379 0.1007 0.0291
118      118   (0)      8  : 0.9102 0.0000 0.0000 0.0450 0.0259 0.0188
119      119   (0)      9  : 0.0000 1.0000 0.0000 0.0000 0.0000 0.0000
120      120   (0)     10  : 0.8310 0.0000 0.0462 0.0004 0.0623 0.0602
121      121   (0)     10  : 0.8987 0.0000 0.0000 0.0000 0.0169 0.0844
122      122   (0)     10  : 0.8883 0.0000 0.0000 0.0000 0.0633 0.0484
123      123   (0)     10  : 0.7060 0.0698 0.0120 0.0468 0.1052 0.0602
124      124   (0)     10  : 0.8497 0.0000 0.0562 0.0000 0.0391 0.0551
125      125   (0)     10  : 0.7861 0.0136 0.0993 0.0330 0.0163 0.0516
126      126   (0)     10  : 0.9123 0.0000 0.0183 0.0000 0.0324 0.0370
127      127   (0)     10  : 0.8939 0.0000 0.0000 0.0058 0.0474 0.0529
128      128   (0)     10  : 0.8635 0.0000 0.0225 0.0133 0.0295 0.0713
129      129   (0)     10  : 0.9283 0.0000 0.0000 0.0121 0.0191 0.0406
130      130   (0)     10  : 0.9780 0.0000 0.0004 0.0009 0.0083 0.0124
131      131   (0)     10  : 0.8464 0.0000 0.0391 0.0300 0.0396 0.0449
132      132   (0)     10  : 0.8204 0.0000 0.0764 0.0504 0.0309 0.0218
133      133   (0)     10  : 0.8317 0.0233 0.0299 0.0096 0.0485 0.0569
134      134   (0)     10  : 0.8380 0.0184 0.0558 0.0000 0.0445 0.0433
135      135   (0)     10  : 0.8403 0.0000 0.0365 0.0108 0.0746 0.0378
136      136   (0)     10  : 0.9063 0.0000 0.0118 0.0000 0.0315 0.0504
137      137   (0)     11  : 0.0000 0.9090 0.0910 0.0000 0.0000 0.0000
138      138   (0)     12  : 0.6672 0.0178 0.1131 0.1195 0.0431 0.0392
139      139   (0)     12  : 0.4179 0.3119 0.2238 0.0211 0.0063 0.0190
140      140   (0)     12  : 0.0000 0.0000 0.0500 0.9500 0.0000 0.0000
141      141   (0)     12  : 0.3051 0.0000 0.4030 0.0825 0.0372 0.1721
142      142   (0)     12  : 0.8150 0.0000 0.0617 0.0307 0.0322 0.0604
143      143   (0)     12  : 0.4670 0.1472 0.3138 0.0532 0.0034 0.0154
144      144   (0)     12  : 0.7580 0.0031 0.1429 0.0665 0.0018 0.0276
145      145   (0)     12  : 0.3540 0.0000 0.0000 0.6160 0.0174 0.0126
146      146   (0)     13  : 0.0000 1.0000 0.0000 0.0000 0.0000 0.0000
147      147   (0)     13  : 0.0000 1.0000 0.0000 0.0000 0.0000 0.0000
148      148   (0)     13  : 0.0000 1.0000 0.0000 0.0000 0.0000 0.0000
149      149   (0)     13  : 0.0000 1.0000 0.0000 0.0000 0.0000 0.0000
150      150   (0)     13  : 0.0000 1.0000 0.0000 0.0000 0.0000 0.0000
151      151   (0)     14  : 0.0000 1.0000 0.0000 0.0000 0.0000 0.0000
152      152   (0)     14  : 0.8786 0.0000 0.0000 0.0233 0.0371 0.0610
153      153   (0)     15  : 0.3767 0.3026 0.2911 0.0009 0.0240 0.0046
154      154   (0)     15  : 0.0000 0.9855 0.0145 0.0000 0.0000 0.0000
155      155   (0)     16  : 0.8604 0.0000 0.0536 0.0043 0.0317 0.0499
156      156   (0)     16  : 0.8150 0.0000 0.0124 0.0373 0.0418 0.0934
157      157   (0)     17  : 0.2505 0.2206 0.3524 0.1167 0.0259 0.0339
158      158   (0)     17  : 0.0000 0.0000 0.0048 0.9952 0.0000 0.0000
159      159   (0)     18  : 0.9274 0.0000 0.0199 0.0000 0.0218 0.0308
160      160   (0)     18  : 0.8994 0.0000 0.0000 0.0000 0.0271 0.0735
161      161   (0)     18  : 0.8834 0.0000 0.0000 0.0000 0.0394 0.0772
162      162   (0)     19  : 0.7775 0.0000 0.0694 0.0006 0.0528 0.0998
163      163   (0)     19  : 0.3868 0.1858 0.2618 0.0286 0.0854 0.0516
164      164   (0)     19  : 0.6593 0.0000 0.0000 0.0539 0.2383 0.0485
