1        1   (0)      1  : 0.0000 0.4700 0.0000 0.0000 0.0000 0.0000 0.0000 0.0000 0.0000 0.0000 0.0000 0.0000 0.4530 0.0000 0.0769
2        2   (0)      2  : 0.0000 0.0000 0.0000 0.0000 0.0000 0.6923 0.0000 0.0000 0.0000 0.0000 0.1538 0.0000 0.0000 0.0000 0.1538
3        3   (0)      2  : 0.8358 0.0000 0.0000 0.0000 0.0000 0.0000 0.0000 0.0000 0.0000 0.0000 0.0000 0.1642 0.0000 0.0000 0.0000
4        4   (0)      3  : 0.0659 0.0000 0.0447 0.0000 0.0000 0.0000 0.0000 0.0000 0.7809 0.0000 0.0227 0.0000 0.0000 0.0000 0.0858
5        5   (0)      3  : 0.0000 0.0000 0.0000 0.0000 0.0000 0.0000 0.0000 0.0000 0.5912 0.0000 0.0000 0.0769 0.0000 0.1012 0.2308
6        6   (0)      3  : 0.1550 0.0000 0.0000 0.0000 0.0133 0.0000 0.0000 0.0000 0.7061 0.0000 0.0000 0.1083 0.0000 0.0122 0.0051
7        7   (0)      3  : 0.0000 0.0000 0.0000 0.8073 0.0000 0.1555 0.0000 0.0000 0.0000 0.0000 0.0233 0.0000 0.0000 0.0000 0.0140
8        8   (0)      3  : 0.0000 0.0000 0.0000 0.0000 0.0022 0.0000 0.0000 0.0000 0.7959 0.0000 0.0000 0.0431 0.0000 0.0493 0.1096
9        9   (0)      3  : 0.5151 0.0000 0.0000 0.0000 0.0000 0.0000 0.0000 0.0000 0.0599 0.0000 0.0000 0.0801 0.0000 0.3446 0.0002
10       10   (0)      4  : 0.1252 0.0000 0.0000 0.0000 0.0000 0.0000 0.0000 0.0000 0.3834 0.0000 0.0000 0.1048 0.0000 0.3866 0.0000
11       11   (0)      4  : 0.2295 0.0000 0.0000 0.0000 0.0000 0.0000 0.4464 0.0000 0.0364 0.0000 0.0000 0.0485 0.0000 0.2167 0.0225
12       12   (0)      4  : 0.7612 0.0000 0.0000 0.0000 0.0000 0.0000 0.0000 0.0000 0.1887 0.0000 0.0000 0.0501 0.0000 0.0000 0.0000
13       13   (0)      4  : 0.2168 0.0000 0.0000 0.0000 0.0000 0.0000 0.0014 0.0000 0.0498 0.0000 0.0000 0.2719 0.0000 0.4515 0.0087
14       14   (0)      5  : 0.0000 0.0000 0.8213 0.0000 0.0000 0.0000 0.0000 0.0000 0.0000 0.0000 0.1538 0.0000 0.0000 0.0248 0.0000
15       15   (0)      5  : 0.0000 0.0000 0.0000 1.0000 0.0000 0.0000 0.0000 0.0000 0.0000 0.0000 0.0000 0.0000 0.0000 0.0000 0.0000
16       16   (0)      5  : 0.0000 0.0000 0.0000 0.0000 0.0000 1.0000 0.0000 0.0000 0.0000 0.0000 0.0000 0.0000 0.0000 0.0000 0.0000
17       17   (0)      5  : 0.0000 0.0000 0.0000 0.0000 0.0000 0.0000 0.7692 0.0000 0.0000 0.0000 0.0000 0.0000 0.0000 0.0000 0.2308
18       18   (0)      5  : 0.0000 0.0000 0.0000 0.0000 0.0000 0.0000 0.0000 0.0000 0.0000 0.0000 0.0000 0.8126 0.0000 0.1144 0.0731
19       19   (0)      5  : 0.0000 0.0000 0.0000 0.0000 0.0000 0.0000 0.9231 0.0000 0.0000 0.0000 0.0000 0.0000 0.0000 0.0000 0.0769
20       20   (0)      5  : 0.5082 0.0000 0.0000 0.0000 0.0000 0.0000 0.0012 0.0000 0.0490 0.0000 0.0000 0.1991 0.0000 0.2408 0.0017
21       21   (0)      5  : 0.1603 0.0000 0.0000 0.0000 0.0000 0.0000 0.0000 0.0000 0.0000 0.0000 0.0000 0.6821 0.0000 0.1576 0.0000
22       22   (0)      5  : 0.0000 0.0000 0.0000 0.0000 0.0000 0.0000 0.8462 0.0000 0.0000 0.0000 0.0000 0.0000 0.0000 0.0000 0.1538
23       23   (0)      5  : 0.8678 0.0000 0.0000 0.0000 0.0000 0.0000 0.0041 0.0000 0.0000 0.0000 0.0000 0.0000 0.0000 0.1281 0.0000
24       24   (0)      5  : 0.0000 0.0000 0.0000 1.0000 0.0000 0.0000 0.0000 0.0000 0.0000 0.0000 0.0000 0.0000 0.0000 0.0000 0.0000
25       25   (0)      5  : 0.0000 0.0000 0.6443 0.0000 0.0000 0.0000 0.0000 0.0000 0.0000 0.0000 0.2788 0.0000 0.0000 0.0769 0.0000
26       26   (0)      5  : 0.0363 0.0000 0.0000 0.0000 0.0000 0.0000 0.0006 0.0000 0.0806 0.0000 0.0000 0.8165 0.0000 0.0660 0.0000
27       27   (0)      5  : 0.0000 0.0000 0.0000 1.0000 0.0000 0.0000 0.0000 0.0000 0.0000 0.0000 0.0000 0.0000 0.0000 0.0000 0.0000
28       28   (0)      5  : 0.0000 0.0000 0.0000 0.7374 0.0000 0.0000 0.0000 0.0000 0.0000 0.2457 0.0169 0.0000 0.0000 0.0000 0.0000
29       29   (0)      6  : 0.0000 0.8651 0.0000 0.0000 0.0000 0.0000 0.0000 0.0000 0.0000 0.0000 0.0000 0.0000 0.1349 0.0000 0.0000
30       30   (0)      6  : 0.0000 0.0000 0.0000 0.0000 0.9808 0.0098 0.0000 0.0000 0.0000 0.0000 0.0094 0.0000 0.0000 0.0000 0.0000
31       31   (0)      6  : 0.7949 0.0000 0.0000 0.0000 0.0000 0.0000 0.0000 0.0000 0.2051 0.0000 0.0000 0.0000 0.0000 0.0000 0.0000
32       32   (0)      6  : 0.1442 0.0000 0.0000 0.0000 0.0000 0.0000 0.1467 0.0000 0.2728 0.0077 0.0000 0.1041 0.0000 0.2046 0.1199
33       33   (0)      6  : 0.0000 0.0000 0.0000 0.0000 0.0000 0.0000 0.0000 0.9231 0.0000 0.0000 0.0000 0.0000 0.0000 0.0769 0.0000
34       34   (0)      6  : 0.0000 0.0000 0.5821 0.0000 0.0000 0.0000 0.0000 0.0000 0.0000 0.0000 0.3840 0.0000 0.0000 0.0339 0.0000
35       35   (0)      6  : 0.0000 1.0000 0.0000 0.0000 0.0000 0.0000 0.0000 0.0000 0.0000 0.0000 0.0000 0.0000 0.0000 0.0000 0.0000
36       36   (0)      6  : 0.0000 1.0000 0.0000 0.0000 0.0000 0.0000 0.0000 0.0000 0.0000 0.0000 0.0000 0.0000 0.0000 0.0000 0.0000
37       37   (0)      7  : 0.0000 0.0000 0.0000 0.0000 1.0000 0.0000 0.0000 0.0000 0.0000 0.0000 0.0000 0.0000 0.0000 0.0000 0.0000
38       38   (0)      7  : 0.0000 0.0000 0.0000 0.0000 0.0000 0.0000 0.8462 0.0000 0.0000 0.0000 0.0000 0.0000 0.0000 0.0000 0.1538
39       39   (0)      7  : 0.0000 0.0000 0.8492 0.0000 0.0000 0.0000 0.0000 0.0000 0.0000 0.0000 0.1223 0.0000 0.0000 0.0285 0.0000
40       40   (0)      7  : 0.0000 0.0000 0.8462 0.0000 0.0000 0.0000 0.0000 0.0000 0.0000 0.0000 0.1538 0.0000 0.0000 0.0000 0.0000
41       41   (0)      7  : 0.0000 0.0000 0.0000 0.0000 0.0000 0.0000 1.0000 0.0000 0.0000 0.0000 0.0000 0.0000 0.0000 0.0000 0.0000
42       42   (0)      7  : 0.0000 0.0000 0.6022 0.0000 0.0000 0.0000 0.0000 0.0000 0.0000 0.0000 0.3978 0.0000 0.0000 0.0000 0.0000
43       43   (0)      7  : 0.0000 0.0000 0.0000 0.0000 0.0000 0.0000 0.9640 0.0000 0.0000 0.0000 0.0000 0.0000 0.0000 0.0000 0.0360
44       44   (0)      7  : 0.0000 0.0000 0.0000 0.0000 0.0000 1.0000 0.0000 0.0000 0.0000 0.0000 0.0000 0.0000 0.0000 0.0000 0.0000
45       45   (0)      7  : 0.7341 0.0000 0.0000 0.0000 0.0000 0.0000 0.0000 0.0000 0.1167 0.0000 0.0000 0.1141 0.0000 0.0000 0.0351
46       46   (0)      7  : 0.0000 0.7851 0.0000 0.0000 0.0000 0.0000 0.0000 0.0055 0.0000 0.0000 0.0000 0.0000 0.2094 0.0000 0.0000
47       47   (0)      7  : 0.0000 0.0000 0.0000 0.0000 0.0000 0.0000 0.0000 0.0000 0.0000 0.0000 0.0000 0.9767 0.0000 0.0233 0.0000
48       48   (0)      7  : 0.0000 0.6059 0.0000 0.0000 0.0000 0.0000 0.0000 0.0454 0.0000 0.0125 0.0000 0.0000 0.3234 0.0128 0.0000
49       49   (0)      7  : 0.0000 0.0000 0.0000 0.0000 1.0000 0.0000 0.0000 0.0000 0.0000 0.0000 0.0000 0.0000 0.0000 0.0000 0.0000
50       50   (0)      7  : 0.0000 0.0000 0.0000 0.0000 0.0000 1.0000 0.0000 0.0000 0.0000 0.0000 0.0000 0.0000 0.0000 0.0000 0.0000
51       51   (0)      7  : 0.0000 0.0000 0.0000 0.0000 0.9231 0.0000 0.0000 0.0000 0.0000 0.0000 0.0000 0.0000 0.0000 0.0000 0.0769
52       52   (0)      7  : 0.0000 0.0000 0.0000 1.0000 0.0000 0.0000 0.0000 0.0000 0.0000 0.0000 0.0000 0.0000 0.0000 0.0000 0.0000
53       53   (0)      7  : 0.2813 0.0000 0.0000 0.0000 0.0000 0.0000 0.0000 0.0000 0.0985 0.0000 0.0000 0.3418 0.0000 0.2784 0.0000
54       54   (0)      7  : 0.1957 0.0000 0.0000 0.0000 0.0000 0.0000 0.0000 0.0000 0.1322 0.0000 0.0000 0.1778 0.0000 0.2635 0.2308
55       55   (0)      7  : 0.4168 0.0000 0.0000 0.0000 0.0000 0.0000 0.0047 0.0000 0.0575 0.0000 0.0000 0.2877 0.0000 0.2332 0.0000
56       56   (0)      7  : 0.2360 0.0000 0.0000 0.0000 0.0000 0.0000 0.0000 0.0000 0.2739 0.0000 0.0000 0.3012 0.0000 0.1888 0.0000
57       57   (0)      8  : 0.0000 0.0000 0.4317 0.0000 0.0000 0.0000 0.0000 0.0000 0.0000 0.0000 0.5683 0.0000 0.0000 0.0000 0.0000
58       58   (0)      8  : 0.0000 0.0000 0.0000 1.0000 0.0000 0.0000 0.0000 0.0000 0.0000 0.0000 0.0000 0.0000 0.0000 0.0000 0.0000
59       59   (0)      8  : 0.0801 0.0000 0.0000 0.0000 0.0000 0.0000 0.0000 0.0000 0.0769 0.0000 0.0000 0.5120 0.0000 0.3309 0.0000
60       60   (0)      8  : 0.0000 0.0000 0.8292 0.0000 0.0000 0.0000 0.0000 0.0000 0.0000 0.0000 0.0939 0.0000 0.0000 0.0769 0.0000
61       61   (0)      8  : 0.0000 0.0000 0.3846 0.0000 0.0000 0.0000 0.0000 0.0000 0.0000 0.0000 0.6154 0.0000 0.0000 0.0000 0.0000
62       62   (0)      8  : 0.0000 0.0000 0.0000 0.0000 0.9231 0.0000 0.0000 0.0000 0.0000 0.0000 0.0000 0.0000 0.0000 0.0000 0.0769
63       63   (0)      8  : 0.0000 0.0000 0.5725 0.0000 0.0000 0.0000 0.0000 0.0000 0.0000 0.0000 0.4275 0.0000 0.0000 0.0000 0.0000
64       64   (0)      8  : 0.0119 0.0000 0.0000 0.0000 0.0000 0.0000 0.0000 0.0000 0.4064 0.0000 0.0000 0.4814 0.0000 0.1004 0.0000
65       65   (0)      8  : 0.0000 0.0000 0.0000 0.0000 0.0000 0.0000 0.0000 0.0000 0.0000 0.0000 0.0000 0.0000 0.9231 0.0000 0.0769
66       66   (0)      8  : 0.2486 0.0000 0.0000 0.0000 0.0000 0.0000 0.0000 0.0000 0.0966 0.0000 0.0000 0.4827 0.0000 0.0182 0.1538
67       67   (0)      8  : 0.2073 0.0000 0.0000 0.0000 0.0000 0.0000 0.0000 0.0000 0.4707 0.0000 0.0000 0.1894 0.0000 0.1322 0.0004
68       68   (0)      8  : 0.1630 0.0000 0.0000 0.0000 0.0000 0.0000 0.0000 0.0000 0.0000 0.0000 0.0000 0.6086 0.0000 0.2284 0.0000
69       69   (0)      8  : 0.0000 0.4750 0.0000 0.0000 0.0000 0.0000 0.0000 0.0000 0.0000 0.0000 0.0000 0.0000 0.4481 0.0000 0.0769
70       70   (0)      8  : 0.0000 0.0000 0.5646 0.0000 0.0000 0.0000 0.0000 0.0000 0.0000 0.0000 0.3585 0.0000 0.0000 0.0769 0.0000
71       71   (0)      8  : 0.0000 0.0000 0.0000 0.0000 0.0000 0.0000 0.0000 0.0000 0.0000 0.0000 0.0000 0.0000 1.0000 0.0000 0.0000
72       72   (0)      8  : 0.0000 0.0000 0.0000 0.0000 1.0000 0.0000 0.0000 0.0000 0.0000 0.0000 0.0000 0.0000 0.0000 0.0000 0.0000
73       73   (0)      8  : 0.0171 0.0000 0.0000 0.0000 0.0000 0.0000 0.6208 0.0000 0.0179 0.0000 0.0000 0.1042 0.0000 0.1086 0.1314
74       74   (0)      8  : 0.1709 0.0000 0.0000 0.0000 0.0000 0.0000 0.0000 0.0000 0.0975 0.0000 0.0000 0.7316 0.0000 0.0000 0.0000
75       75   (0)      8  : 0.0000 0.0000 0.0000 0.0000 0.0000 0.0000 0.0000 0.0000 0.1950 0.0000 0.0000 0.5377 0.0000 0.1904 0.0769
76       76   (0)      8  : 0.0000 0.1406 0.0000 0.0000 0.0000 0.0000 0.0000 0.0090 0.0000 0.0000 0.0000 0.0000 0.8504 0.0000 0.0000
77       77   (0)      8  : 0.1002 0.0000 0.0000 0.0000 0.0000 0.0000 0.0000 0.0000 0.4168 0.0000 0.0000 0.4060 0.0000 0.0769 0.0000
78       78   (0)      9  : 0.0000 0.0000 0.5780 0.0000 0.0000 0.0000 0.0000 0.0000 0.0000 0.0000 0.4044 0.0000 0.0000 0.0176 0.0000
79       79   (0)      9  : 0.0000 0.0000 0.4786 0.0000 0.0000 0.0000 0.0000 0.0000 0.0000 0.0000 0.5214 0.0000 0.0000 0.0000 0.0000
80       80   (0)      9  : 0.0000 0.0000 0.0000 0.0000 1.0000 0.0000 0.0000 0.0000 0.0000 0.0000 0.0000 0.0000 0.0000 0.0000 0.0000
81       81   (0)      9  : 0.0000 0.0000 0.6923 0.0000 0.0000 0.0000 0.0000 0.0000 0.0000 0.0000 0.3077 0.0000 0.0000 0.0000 0.0000
82       82   (0)      9  : 0.0000 0.1169 0.0000 0.0000 0.0000 0.0000 0.0000 0.0000 0.0000 0.0000 0.0000 0.0000 0.8831 0.0000 0.0000
83       83   (0)      9  : 0.0692 0.0000 0.0000 0.0000 0.0000 0.0113 0.0023 0.0000 0.4770 0.0028 0.0043 0.2774 0.0000 0.1554 0.0000
84       84   (0)      9  : 0.0000 0.0000 0.0000 0.0000 0.0000 0.0000 0.0000 0.0000 0.0000 1.0000 0.0000 0.0000 0.0000 0.0000 0.0000
85       85   (0)      9  : 0.0401 0.0000 0.0000 0.0000 0.0000 0.0000 0.0000 0.0000 0.1538 0.0000 0.0000 0.6192 0.0000 0.1868 0.0000
86       86   (0)      9  : 0.4079 0.0000 0.0000 0.0000 0.0000 0.0000 0.0000 0.0000 0.0000 0.0000 0.0000 0.1855 0.0000 0.4066 0.0000
87       87   (0)      9  : 0.3703 0.0000 0.0000 0.0000 0.0000 0.0000 0.0000 0.0000 0.0372 0.0000 0.0000 0.3427 0.0000 0.2498 0.0000
88       88   (0)      9  : 0.0000 0.0000 0.5166 0.0000 0.0000 0.0000 0.0000 0.0000 0.0000 0.0000 0.4834 0.0000 0.0000 0.0000 0.0000
89       89   (0)      9  : 0.0000 0.0000 0.9603 0.0000 0.0000 0.0000 0.0000 0.0000 0.0000 0.0000 0.0397 0.0000 0.0000 0.0000 0.0000
90       90   (0)      9  : 0.5169 0.0000 0.0000 0.0000 0.0000 0.0000 0.2598 0.0000 0.0000 0.0000 0.0000 0.0048 0.0000 0.0838 0.1347
91       91   (0)      9  : 0.0000 0.0000 0.0000 0.0000 0.9231 0.0000 0.0000 0.0000 0.0000 0.0000 0.0000 0.0000 0.0000 0.0000 0.0769
92       92   (0)     10  : 0.0381 0.0000 0.1063 0.0000 0.0000 0.3587 0.0000 0.0000 0.0101 0.0000 0.2938 0.0000 0.0000 0.0391 0.1538
93       93   (0)     11  : 0.0028 0.0000 0.0000 0.0000 0.0000 0.6206 0.0000 0.0000 0.0000 0.0000 0.1538 0.0000 0.0548 0.0000 0.1679
94       94   (0)     11  : 0.0000 0.0000 0.0000 0.8292 0.0000 0.0000 0.0000 0.0000 0.0000 0.1583 0.0124 0.0000 0.0000 0.0000 0.0000
95       95   (0)     11  : 0.0000 0.0000 0.0000 0.0000 0.0000 0.0000 0.0000 0.0000 0.0000 0.9231 0.0769 0.0000 0.0000 0.0000 0.0000
96       96   (0)     12  : 0.0000 0.0000 0.0000 1.0000 0.0000 0.0000 0.0000 0.0000 0.0000 0.0000 0.0000 0.0000 0.0000 0.0000 0.0000
97       97   (0)     12  : 0.0000 0.0000 0.0000 1.0000 0.0000 0.0000 0.0000 0.0000 0.0000 0.0000 0.0000 0.0000 0.0000 0.0000 0.0000
98       98   (0)     12  : 0.0000 0.0000 0.0000 1.0000 0.0000 0.0000 0.0000 0.0000 0.0000 0.0000 0.0000 0.0000 0.0000 0.0000 0.0000
99       99   (0)     12  : 0.0000 0.0000 0.0000 1.0000 0.0000 0.0000 0.0000 0.0000 0.0000 0.0000 0.0000 0.0000 0.0000 0.0000 0.0000
100      100   (0)     12  : 0.0000 1.0000 0.0000 0.0000 0.0000 0.0000 0.0000 0.0000 0.0000 0.0000 0.0000 0.0000 0.0000 0.0000 0.0000
101      101   (0)     13  : 0.0000 0.0769 0.0000 0.0000 0.0000 0.0000 0.0000 0.0000 0.0000 0.0000 0.0000 0.0000 0.9231 0.0000 0.0000
102      102   (0)     13  : 0.0000 0.0000 0.0000 1.0000 0.0000 0.0000 0.0000 0.0000 0.0000 0.0000 0.0000 0.0000 0.0000 0.0000 0.0000
103      103   (0)     14  : 0.0000 0.0000 0.6517 0.0000 0.0054 0.0341 0.0000 0.0000 0.0000 0.0000 0.2211 0.0000 0.0000 0.0000 0.0877
104      104   (0)     14  : 0.0000 0.3009 0.0000 0.0000 0.0000 0.0000 0.0000 0.0000 0.0000 0.0000 0.0000 0.0000 0.6991 0.0000 0.0000
105      105   (0)     14  : 0.0000 0.0000 0.0000 0.0000 0.0036 0.1907 0.0000 0.0000 0.0000 0.0000 0.0000 0.0000 0.7731 0.0327 0.0000
106      106   (0)     14  : 0.0000 0.0000 0.0000 0.0000 0.0000 0.0000 0.0000 1.0000 0.0000 0.0000 0.0000 0.0000 0.0000 0.0000 0.0000
107      107   (0)     14  : 0.0000 0.0000 0.0000 0.0000 1.0000 0.0000 0.0000 0.0000 0.0000 0.0000 0.0000 0.0000 0.0000 0.0000 0.0000
108      108   (0)     15  : 0.0000 0.0000 0.0000 0.0000 0.0000 1.0000 0.0000 0.0000 0.0000 0.0000 0.0000 0.0000 0.0000 0.0000 0.0000
109      109   (0)     15  : 0.0000 0.5355 0.0000 0.0000 0.0000 0.0000 0.0000 0.4645 0.0000 0.0000 0.0000 0.0000 0.0000 0.0000 0.0000
110      110   (0)     15  : 0.0000 0.9833 0.0000 0.0000 0.0000 0.0000 0.0000 0.0000 0.0000 0.0000 0.0000 0.0000 0.0167 0.0000 0.0000
111      111   (0)     15  : 0.4603 0.0000 0.0000 0.0000 0.0000 0.0000 0.0000 0.0000 0.1867 0.0000 0.0000 0.0192 0.0000 0.1031 0.2308
112      112   (0)     15  : 0.0000 0.0000 0.4058 0.1189 0.0000 0.0605 0.0000 0.0000 0.0000 0.0000 0.2310 0.0000 0.0000 0.0196 0.1643
113      113   (0)     15  : 0.0000 0.9934 0.0000 0.0000 0.0000 0.0000 0.0000 0.0000 0.0000 0.0066 0.0000 0.0000 0.0000 0.0000 0.0000
114      114   (0)     15  : 0.0000 0.0000 0.0000 0.0000 0.0000 0.0000 0.0000 1.0000 0.0000 0.0000 0.0000 0.0000 0.0000 0.0000 0.0000
