1        1   (0)      1  : 0.3121 0.1171 0.0945 0.0012 0.2268 0.0457 0.2026
2        2   (0)      1  : 0.3182 0.0010 0.0652 0.0203 0.1667 0.2209 0.2078
3        3   (0)      1  : 0.5741 0.0000 0.1507 0.0249 0.0000 0.1779 0.0723
4        4   (0)      1  : 0.3096 0.0373 0.1012 0.0351 0.1026 0.1273 0.2869
5        5   (0)      1  : 0.0609 0.0385 0.1583 0.0060 0.0592 0.0922 0.5849
6        6   (0)      1  : 0.3641 0.0392 0.2041 0.0294 0.0498 0.0367 0.2767
7        7   (0)      1  : 0.2880 0.0000 0.0996 0.0239 0.1281 0.0438 0.4165
8        8   (0)      2  : 0.1508 0.0002 0.3015 0.0016 0.2304 0.0739 0.2417
9        9   (0)      2  : 0.0000 0.0000 0.0000 0.0000 1.0000 0.0000 0.0000
10       10   (0)      2  : 0.0000 0.0000 0.0000 0.0000 1.0000 0.0000 0.0000
11       11   (0)      2  : 0.0000 0.1221 0.0000 0.0000 0.8779 0.0000 0.0000
12       12   (0)      2  : 0.7266 0.0000 0.1667 0.0096 0.0000 0.0312 0.0659
13       13   (0)      2  : 0.1667 0.0000 0.3333 0.0000 0.0000 0.0000 0.5000
14       14   (0)      3  : 0.8185 0.0040 0.0709 0.0044 0.0000 0.0000 0.1021
15       15   (0)      3  : 0.6532 0.0147 0.0934 0.0042 0.1084 0.0356 0.0905
16       16   (0)      3  : 0.9504 0.0000 0.0000 0.0000 0.0000 0.0496 0.0000
17       17   (0)      3  : 0.1667 0.0000 0.2485 0.0231 0.0000 0.0000 0.5617
18       18   (0)      4  : 0.2895 0.0040 0.1111 0.0172 0.0000 0.1832 0.3951
19       19   (0)      4  : 0.1548 0.0151 0.2502 0.0000 0.1227 0.0000 0.4572
20       20   (0)      4  : 0.5192 0.0104 0.0867 0.0000 0.0551 0.2433 0.0854
21       21   (0)      4  : 0.1580 0.0042 0.0405 0.0031 0.0981 0.2394 0.4567
22       22   (0)      4  : 0.2203 0.0006 0.4603 0.0167 0.0798 0.0137 0.2085
23       23   (0)      4  : 0.1323 0.0000 0.0731 0.0000 0.2947 0.0000 0.5000
24       24   (0)      4  : 0.1747 0.0000 0.3201 0.0000 0.1857 0.0000 0.3195
25       25   (0)      4  : 0.3126 0.0000 0.3448 0.0000 0.2000 0.0421 0.1006
26       26   (0)      4  : 0.0373 0.0281 0.3044 0.0016 0.2109 0.0404 0.3772
27       27   (0)      4  : 0.3460 0.0013 0.2486 0.0101 0.0878 0.0467 0.2595
28       28   (0)      4  : 0.1938 0.0070 0.4256 0.0189 0.0349 0.2919 0.0280
29       29   (0)      4  : 0.0861 0.0319 0.3096 0.0222 0.1883 0.0886 0.2732
30       30   (0)      4  : 0.1803 0.0000 0.5102 0.0205 0.0712 0.0438 0.1741
31       31   (0)      4  : 0.9027 0.0000 0.0584 0.0000 0.0000 0.0000 0.0389
32       32   (0)      4  : 0.2482 0.0000 0.7518 0.0000 0.0000 0.0000 0.0000
33       33   (0)      4  : 0.2666 0.0000 0.4396 0.0422 0.1926 0.0092 0.0498
34       34   (0)      5  : 0.2603 0.0133 0.3101 0.0000 0.0843 0.0232 0.3087
35       35   (0)      6  : 0.4115 0.0132 0.0475 0.0043 0.1545 0.3003 0.0687
36       36   (0)      6  : 0.0564 0.0000 0.0000 0.0051 0.4136 0.0235 0.5013
37       37   (0)      6  : 0.0000 0.0000 0.0000 0.0000 0.0000 1.0000 0.0000
38       38   (0)      6  : 0.4365 0.0000 0.1075 0.0000 0.1521 0.0201 0.2839
39       39   (0)      6  : 0.0000 0.0091 0.4825 0.0000 0.1667 0.0509 0.2908
40       40   (0)      6  : 0.1900 0.0260 0.2167 0.0042 0.0302 0.0457 0.4873
41       41   (0)      6  : 0.0000 1.0000 0.0000 0.0000 0.0000 0.0000 0.0000
42       42   (0)      6  : 0.3961 0.0112 0.0861 0.0000 0.2524 0.0609 0.1932
43       43   (0)      6  : 0.5891 0.0051 0.0694 0.0201 0.1754 0.0213 0.1196
44       44   (0)      6  : 0.3119 0.0278 0.2821 0.0140 0.1321 0.0411 0.1910
45       45   (0)      6  : 0.0000 0.0000 0.0673 0.0158 0.3169 0.1929 0.4071
46       46   (0)      6  : 0.0000 0.0000 0.0000 1.0000 0.0000 0.0000 0.0000
47       47   (0)      6  : 0.1162 0.0017 0.0000 0.0044 0.6320 0.0000 0.2458
48       48   (0)      6  : 0.1710 0.0006 0.3244 0.1912 0.1035 0.0972 0.1121
49       49   (0)      6  : 0.0000 1.0000 0.0000 0.0000 0.0000 0.0000 0.0000
50       50   (0)      6  : 0.0732 0.0000 0.7000 0.0056 0.0204 0.0342 0.1667
51       51   (0)      6  : 0.2074 0.0619 0.2980 0.0227 0.1546 0.1228 0.1326
52       52   (0)      6  : 0.0000 0.0000 0.0000 1.0000 0.0000 0.0000 0.0000
53       53   (0)      6  : 0.1998 0.0000 0.7598 0.0000 0.0315 0.0090 0.0000
54       54   (0)      6  : 0.0000 0.0000 0.5986 0.0015 0.0000 0.0000 0.3999
55       55   (0)      6  : 0.3013 0.0009 0.0519 0.0032 0.2281 0.1241 0.2905
56       56   (0)      6  : 0.0341 0.0050 0.2172 0.0016 0.2635 0.0027 0.4759
57       57   (0)      6  : 0.1040 0.0000 0.5980 0.1667 0.0000 0.0000 0.1314
58       58   (0)      7  : 0.0000 0.0000 0.3784 0.0000 0.1205 0.0446 0.4564
59       59   (0)      7  : 0.4983 0.0000 0.0000 0.0000 0.0894 0.0041 0.4082
60       60   (0)      7  : 0.1885 0.0066 0.0877 0.0073 0.1218 0.1888 0.3993
61       61   (0)      7  : 0.0579 0.0000 0.1775 0.0000 0.1410 0.0346 0.5891
62       62   (0)      7  : 0.0000 0.0000 0.0000 0.0000 0.0000 1.0000 0.0000
63       63   (0)      7  : 0.3097 0.0194 0.3516 0.0000 0.1814 0.0000 0.1379
64       64   (0)      8  : 0.2263 0.0133 0.4104 0.0415 0.0518 0.2567 0.0000
65       65   (0)      8  : 0.1024 0.0047 0.0384 0.0144 0.2839 0.0317 0.5243
66       66   (0)      9  : 0.2442 0.0000 0.3683 0.0008 0.0932 0.0371 0.2563
67       67   (0)     10  : 0.5519 0.0163 0.1951 0.0000 0.0453 0.1279 0.0636
68       68   (0)     10  : 0.4054 0.0000 0.1682 0.0228 0.1710 0.0671 0.1654
69       69   (0)     10  : 0.0000 0.0000 0.9330 0.0348 0.0000 0.0322 0.0000
70       70   (0)     10  : 0.1455 0.0000 0.5868 0.0181 0.0900 0.0459 0.1137
71       71   (0)     10  : 0.1119 0.0000 0.5748 0.0016 0.1434 0.0000 0.1683
72       72   (0)     10  : 0.0282 0.0004 0.7944 0.0000 0.0948 0.0332 0.0490
73       73   (0)     10  : 0.3716 0.0123 0.2641 0.0204 0.1290 0.0025 0.2000
74       74   (0)     10  : 0.5000 0.0000 0.0000 0.0000 0.3333 0.1667 0.0000
75       75   (0)     10  : 0.0727 0.0000 0.8369 0.0037 0.0000 0.0186 0.0680
76       76   (0)     10  : 0.5000 0.0000 0.0000 0.0000 0.3333 0.1667 0.0000
