1        1   (0)      1  : 0.0000 0.4600 0.1379 0.0000 0.0402 0.0000 0.0000 0.0000 0.3255 0.0364 0.0000
2        2   (0)      1  : 0.2251 0.0117 0.0000 0.0241 0.0291 0.4865 0.1682 0.0000 0.0000 0.0000 0.0553
3        3   (0)      1  : 0.0000 0.2000 0.0000 0.0000 0.2000 0.0000 0.0000 0.0000 0.0737 0.5263 0.0000
4        4   (0)      1  : 0.0000 0.1049 0.0000 0.0000 0.2322 0.0000 0.0000 0.2000 0.4629 0.0000 0.0000
5        5   (0)      1  : 0.0000 0.0000 0.0000 0.0000 0.8000 0.0000 0.0000 0.0000 0.0000 0.2000 0.0000
6        6   (0)      1  : 0.3341 0.0000 0.0000 0.0013 0.0000 0.2847 0.1443 0.0000 0.0060 0.0000 0.2296
7        7   (0)      1  : 0.0000 0.0688 0.0000 0.0000 0.0000 0.0000 0.0000 0.0000 0.4580 0.4732 0.0000
8        8   (0)      1  : 0.3767 0.0000 0.0000 0.0000 0.0000 0.1336 0.2972 0.0000 0.0115 0.0000 0.1810
9        9   (0)      1  : 0.0000 0.2738 0.0000 0.0000 0.0000 0.0000 0.0000 0.0000 0.7262 0.0000 0.0000
10       10   (0)      2  : 0.0000 0.1856 0.0000 0.0000 0.2000 0.0000 0.0000 0.2144 0.4000 0.0000 0.0000
11       11   (0)      2  : 0.0000 0.0790 0.0000 0.0000 0.0000 0.0000 0.0000 0.0000 0.7210 0.2000 0.0000
12       12   (0)      2  : 0.5097 0.0000 0.0000 0.0000 0.0000 0.0000 0.0903 0.0000 0.0000 0.0000 0.4000
13       13   (0)      3  : 0.0000 0.0000 0.0000 0.0000 0.0000 0.0000 0.0000 0.0000 0.4792 0.5208 0.0000
14       14   (0)      3  : 0.0000 0.0000 0.0000 1.0000 0.0000 0.0000 0.0000 0.0000 0.0000 0.0000 0.0000
15       15   (0)      3  : 0.5479 0.0000 0.0000 0.0000 0.0000 0.0000 0.4502 0.0020 0.0000 0.0000 0.0000
16       16   (0)      3  : 0.0000 0.0000 1.0000 0.0000 0.0000 0.0000 0.0000 0.0000 0.0000 0.0000 0.0000
17       17   (0)      4  : 0.0000 0.0000 0.5749 0.3818 0.0000 0.0000 0.0196 0.0000 0.0000 0.0000 0.0237
18       18   (0)      4  : 0.0312 0.0000 0.0000 0.0106 0.0000 0.4495 0.3454 0.0263 0.0000 0.0000 0.1371
19       19   (0)      5  : 0.0000 0.0000 0.0000 0.0000 0.0000 0.2109 0.2670 0.0000 0.0000 0.0000 0.5221
20       20   (0)      5  : 0.0000 0.0000 0.0000 0.0000 0.0000 0.0000 0.0000 1.0000 0.0000 0.0000 0.0000
21       21   (0)      5  : 0.0000 0.0000 0.0000 0.0000 1.0000 0.0000 0.0000 0.0000 0.0000 0.0000 0.0000
22       22   (0)      5  : 0.0000 0.0000 0.0000 0.0000 0.6354 0.0000 0.0000 0.0271 0.2355 0.1019 0.0000
23       23   (0)      5  : 0.0000 0.0000 0.0000 0.0000 0.6000 0.0000 0.0000 0.2000 0.0000 0.2000 0.0000
24       24   (0)      5  : 0.0000 0.3045 0.0000 0.0205 0.1031 0.0000 0.0000 0.0000 0.3733 0.1977 0.0010
25       25   (0)      5  : 0.0000 0.7192 0.0094 0.0000 0.0000 0.0000 0.0000 0.0091 0.0623 0.2000 0.0000
26       26   (0)      5  : 0.1565 0.1469 0.0000 0.0000 0.1853 0.1915 0.0756 0.0000 0.0564 0.1198 0.0680
27       27   (0)      5  : 0.0000 0.0000 1.0000 0.0000 0.0000 0.0000 0.0000 0.0000 0.0000 0.0000 0.0000
28       28   (0)      5  : 0.0000 0.0000 1.0000 0.0000 0.0000 0.0000 0.0000 0.0000 0.0000 0.0000 0.0000
29       29   (0)      5  : 0.3347 0.0000 0.0280 0.0397 0.0000 0.3786 0.1808 0.0000 0.0000 0.0000 0.0382
30       30   (0)      5  : 0.2657 0.0000 0.0000 0.0000 0.0000 0.3917 0.3426 0.0000 0.0000 0.0000 0.0000
31       31   (0)      5  : 0.0201 0.1647 0.0000 0.0000 0.0000 0.4297 0.0554 0.0254 0.1666 0.1381 0.0000
32       32   (0)      5  : 0.0000 0.0942 0.0000 0.0000 0.6963 0.0000 0.0000 0.0096 0.0000 0.2000 0.0000
33       33   (0)      5  : 0.2486 0.0000 0.0000 0.0006 0.0119 0.3399 0.1526 0.0021 0.0000 0.0000 0.2443
34       34   (0)      5  : 0.0000 0.0000 0.0000 0.0000 0.0000 0.9040 0.0662 0.0040 0.0000 0.0000 0.0259
35       35   (0)      5  : 0.2728 0.0000 0.0000 0.0042 0.0000 0.3332 0.3882 0.0016 0.0000 0.0000 0.0000
36       36   (0)      6  : 0.2278 0.0000 0.0367 0.0000 0.0000 0.3404 0.2798 0.0063 0.0000 0.0000 0.1091
37       37   (0)      6  : 0.0000 0.0000 1.0000 0.0000 0.0000 0.0000 0.0000 0.0000 0.0000 0.0000 0.0000
38       38   (0)      6  : 0.0000 0.0000 0.0000 0.0000 0.0000 0.2702 0.2052 0.0000 0.0000 0.0000 0.5246
39       39   (0)      6  : 0.0411 0.0504 0.0000 0.0000 0.1126 0.3055 0.1495 0.0000 0.2602 0.0336 0.0470
40       40   (0)      6  : 0.0000 0.0000 0.0000 0.0000 0.0000 0.9264 0.0736 0.0000 0.0000 0.0000 0.0000
41       41   (0)      6  : 0.3687 0.0000 0.0000 0.0192 0.0000 0.1653 0.3182 0.0000 0.0000 0.0072 0.1215
42       42   (0)      6  : 0.0000 0.0000 0.0000 0.0000 0.0000 1.0000 0.0000 0.0000 0.0000 0.0000 0.0000
43       43   (0)      6  : 0.0358 0.0091 0.0000 0.0363 0.0274 0.4116 0.3205 0.0000 0.0000 0.0235 0.1358
44       44   (0)      6  : 0.0976 0.0000 0.0000 0.0121 0.0000 0.6830 0.1282 0.0000 0.0000 0.0000 0.0791
45       45   (0)      6  : 0.0616 0.0000 0.0000 0.0000 0.0000 0.4551 0.4622 0.0000 0.0000 0.0000 0.0212
46       46   (0)      6  : 0.0000 0.0000 0.0000 0.0000 0.0000 0.0000 0.0000 1.0000 0.0000 0.0000 0.0000
47       47   (0)      6  : 0.3101 0.0000 0.0000 0.0000 0.0000 0.3735 0.2954 0.0000 0.0000 0.0000 0.0210
48       48   (0)      7  : 0.3779 0.0000 0.0000 0.0026 0.0000 0.1715 0.0481 0.0000 0.0000 0.0000 0.3998
49       49   (0)      7  : 0.0000 0.2221 0.0000 0.0000 0.1883 0.3233 0.0501 0.0217 0.0335 0.1364 0.0246
50       50   (0)      7  : 0.0000 0.0000 0.0000 0.0000 0.0000 0.2000 0.0000 0.0000 0.0000 0.0000 0.8000
51       51   (0)      8  : 0.7560 0.0000 0.0305 0.0000 0.0000 0.0000 0.1684 0.0008 0.0000 0.0000 0.0443
52       52   (0)      8  : 0.7426 0.0000 0.1614 0.0000 0.0000 0.0421 0.0000 0.0000 0.0000 0.0000 0.0539
53       53   (0)      9  : 0.2000 0.0000 0.0000 0.0000 0.0000 0.0000 0.2000 0.0000 0.0000 0.0000 0.6000
54       54   (0)     10  : 0.0000 0.0000 0.0000 0.0000 0.0000 0.3392 0.0000 0.0000 0.0000 0.0000 0.6608
55       55   (0)     10  : 0.0000 0.0000 0.0000 0.0000 0.0000 0.0000 0.0000 0.0000 0.9330 0.0670 0.0000
56       56   (0)     10  : 0.0000 0.0000 1.0000 0.0000 0.0000 0.0000 0.0000 0.0000 0.0000 0.0000 0.0000
57       57   (0)     10  : 0.0000 0.0000 0.0000 0.0000 0.0000 0.0000 0.9274 0.0000 0.0000 0.0000 0.0726
58       58   (0)     11  : 0.4202 0.0000 0.1061 0.0000 0.0035 0.2857 0.1122 0.0000 0.0000 0.0113 0.0610
59       59   (0)     11  : 0.0177 0.3368 0.0669 0.0000 0.2138 0.0000 0.0000 0.0130 0.2128 0.1274 0.0115
60       60   (0)     11  : 0.0868 0.0000 0.8928 0.0000 0.0000 0.0000 0.0000 0.0000 0.0000 0.0000 0.0205
61       61   (0)     11  : 1.0000 0.0000 0.0000 0.0000 0.0000 0.0000 0.0000 0.0000 0.0000 0.0000 0.0000
62       62   (0)     11  : 0.5111 0.0000 0.0000 0.0000 0.0000 0.0000 0.4889 0.0000 0.0000 0.0000 0.0000
63       63   (0)     11  : 0.4348 0.0000 0.2791 0.0000 0.0000 0.0000 0.2107 0.0000 0.0000 0.0000 0.0754
64       64   (0)     11  : 0.6000 0.0000 0.0000 0.0021 0.0000 0.0583 0.3066 0.0000 0.0000 0.0000 0.0330
65       65   (0)     11  : 0.0000 0.0000 1.0000 0.0000 0.0000 0.0000 0.0000 0.0000 0.0000 0.0000 0.0000
66       66   (0)     11  : 0.5759 0.0000 0.0000 0.0000 0.0000 0.0000 0.2000 0.0000 0.0000 0.0000 0.2241
67       67   (0)     11  : 0.0000 0.8937 0.0000 0.0000 0.0000 0.0000 0.0000 0.0000 0.0000 0.1063 0.0000
68       68   (0)     11  : 0.0000 0.4590 0.4300 0.0000 0.0000 0.0000 0.0000 0.0000 0.0000 0.1110 0.0000
69       69   (0)     11  : 0.0989 0.0000 0.4961 0.0000 0.0000 0.1005 0.2650 0.0000 0.0000 0.0000 0.0394
70       70   (0)     11  : 0.0000 0.0000 0.0000 0.0000 0.0000 0.0000 0.8000 0.0000 0.0000 0.0000 0.2000
71       71   (0)     11  : 0.0000 0.7309 0.1436 0.0000 0.0336 0.0000 0.0000 0.0000 0.0143 0.0775 0.0000
72       72   (0)     12  : 0.0000 0.1542 0.0000 0.0000 0.4400 0.0000 0.0000 0.0022 0.1049 0.2987 0.0000
73       73   (0)     12  : 0.0000 0.0000 0.0000 0.0000 0.0000 0.0000 0.0000 0.0000 0.0000 1.0000 0.0000
74       74   (0)     12  : 0.0000 0.2000 0.0000 0.0000 0.1313 0.0000 0.0000 0.0000 0.0000 0.6687 0.0000
75       75   (0)     12  : 0.1803 0.2169 0.1106 0.0000 0.0191 0.1670 0.0674 0.0000 0.0001 0.2386 0.0000
76       76   (0)     12  : 0.0000 0.3776 0.0000 0.0000 0.1520 0.0000 0.0000 0.0274 0.0000 0.4430 0.0000
77       77   (0)     12  : 0.7329 0.0000 0.0000 0.0000 0.0000 0.0000 0.1613 0.0000 0.0000 0.0000 0.1058
78       78   (0)     12  : 0.6297 0.0000 0.0152 0.0000 0.0157 0.1690 0.1114 0.0000 0.0000 0.0291 0.0300
79       79   (0)     12  : 0.0000 0.2621 0.0000 0.0000 0.0986 0.0000 0.0000 0.0000 0.2393 0.4000 0.0000
80       80   (0)     12  : 0.3888 0.0266 0.1026 0.0000 0.0000 0.1111 0.3022 0.0000 0.0082 0.0060 0.0544
81       81   (0)     13  : 0.0000 0.0000 1.0000 0.0000 0.0000 0.0000 0.0000 0.0000 0.0000 0.0000 0.0000
82       82   (0)     13  : 0.0000 1.0000 0.0000 0.0000 0.0000 0.0000 0.0000 0.0000 0.0000 0.0000 0.0000
83       83   (0)     13  : 0.0000 0.9332 0.0181 0.0000 0.0000 0.0000 0.0000 0.0000 0.0000 0.0487 0.0000
84       84   (0)     13  : 0.0000 0.7378 0.0000 0.0000 0.2000 0.0000 0.0000 0.0028 0.0594 0.0000 0.0000
85       85   (0)     13  : 0.0000 0.3697 0.0000 0.0013 0.5127 0.0000 0.0000 0.0000 0.0748 0.0415 0.0000
86       86   (0)     13  : 0.0000 0.9096 0.0000 0.0000 0.0000 0.0000 0.0000 0.0000 0.0904 0.0000 0.0000
87       87   (0)     13  : 0.3979 0.0000 0.0000 0.0000 0.0070 0.2975 0.2000 0.0000 0.0000 0.0000 0.0976
88       88   (0)     13  : 0.0000 0.3751 0.0000 0.0000 0.0296 0.0000 0.0000 0.0060 0.4434 0.1459 0.0000
89       89   (0)     13  : 0.0000 0.0000 0.0000 0.0000 0.1437 0.0000 0.0000 0.0000 0.3419 0.5143 0.0000
90       90   (0)     13  : 0.0000 0.2000 0.0000 0.0000 0.1142 0.0000 0.0000 0.0092 0.6765 0.0000 0.0000
91       91   (0)     13  : 0.0000 0.3683 0.3923 0.0000 0.0000 0.0000 0.0000 0.0000 0.2394 0.0000 0.0000
92       92   (0)     13  : 0.0000 0.0018 0.0000 0.0000 0.0395 0.0047 0.0000 0.0000 0.5433 0.4030 0.0077
93       93   (0)     13  : 0.0745 0.0000 0.0000 0.0000 0.0320 0.3630 0.3047 0.0000 0.0000 0.0000 0.2258
94       94   (0)     13  : 0.0000 0.3760 0.0000 0.0000 0.1241 0.0000 0.0000 0.0000 0.1825 0.3174 0.0000
95       95   (0)     14  : 0.2164 0.0000 0.0000 0.0012 0.0000 0.0000 0.7824 0.0000 0.0000 0.0000 0.0000
96       96   (0)     14  : 0.0000 0.1966 0.0000 0.0000 0.0000 0.0000 0.0000 0.0000 0.6774 0.1260 0.0000
97       97   (0)     15  : 0.0000 0.0000 1.0000 0.0000 0.0000 0.0000 0.0000 0.0000 0.0000 0.0000 0.0000
98       98   (0)     15  : 0.0000 0.0000 0.0000 0.0000 0.0000 1.0000 0.0000 0.0000 0.0000 0.0000 0.0000
99       99   (0)     15  : 0.0000 0.0000 0.0000 0.5192 0.3888 0.0000 0.0000 0.0000 0.0921 0.0000 0.0000
100      100   (0)     15  : 0.0793 0.0000 0.0000 0.0038 0.0000 0.0922 0.5749 0.0000 0.0000 0.0000 0.2497
101      101   (0)     15  : 0.0000 0.0000 0.0000 1.0000 0.0000 0.0000 0.0000 0.0000 0.0000 0.0000 0.0000
102      102   (0)     15  : 0.1589 0.0000 0.0000 0.0155 0.0000 0.6756 0.1126 0.0000 0.0000 0.0000 0.0375
103      103   (0)     15  : 0.0642 0.0000 0.0000 0.0061 0.0126 0.6796 0.0375 0.0000 0.0000 0.0000 0.2000
104      104   (0)     15  : 0.0000 0.0000 0.0000 1.0000 0.0000 0.0000 0.0000 0.0000 0.0000 0.0000 0.0000
105      105   (0)     15  : 0.0000 0.0000 0.0000 1.0000 0.0000 0.0000 0.0000 0.0000 0.0000 0.0000 0.0000
