1        1   (0)      1  : 0.1736 0.0000 0.0002 0.7320 0.0020 0.0044 0.0121 0.0672 0.0000 0.0085
2        2   (0)      1  : 0.0010 0.0000 0.0175 0.6685 0.0811 0.0000 0.0550 0.1691 0.0000 0.0078
3        3   (0)      1  : 0.0000 0.0000 0.0000 0.9859 0.0029 0.0028 0.0000 0.0084 0.0000 0.0000
4        4   (0)      1  : 0.0000 0.0000 0.0000 0.8140 0.0000 0.0000 0.0000 0.1860 0.0000 0.0000
5        5   (0)      1  : 0.5302 0.0000 0.1340 0.1662 0.0258 0.0983 0.0093 0.0358 0.0000 0.0003
6        6   (0)      1  : 0.6777 0.0000 0.1059 0.0713 0.0226 0.0547 0.0072 0.0437 0.0000 0.0169
7        7   (0)      1  : 0.8782 0.0000 0.0000 0.0109 0.0087 0.0000 0.0622 0.0215 0.0000 0.0185
8        8   (0)      1  : 0.5686 0.0000 0.0981 0.1867 0.0191 0.0604 0.0001 0.0615 0.0000 0.0055
9        9   (0)      1  : 0.0000 0.0000 0.0000 0.8140 0.0000 0.0000 0.0000 0.1860 0.0000 0.0000
10       10   (0)      1  : 0.8309 0.0000 0.0000 0.0000 0.0142 0.0003 0.0405 0.0513 0.0000 0.0628
11       11   (0)      1  : 0.8137 0.0000 0.0000 0.0011 0.0397 0.0000 0.0695 0.0219 0.0000 0.0540
12       12   (0)      1  : 0.0000 0.0000 0.0000 0.0000 0.0698 0.0000 0.9302 0.0000 0.0000 0.0000
13       13   (0)      1  : 0.8412 0.0000 0.0000 0.0000 0.0066 0.0011 0.0374 0.0509 0.0000 0.0628
14       14   (0)      1  : 0.4403 0.0088 0.0992 0.1611 0.0089 0.1146 0.0900 0.0363 0.0231 0.0177
15       15   (0)      1  : 0.0000 0.0000 1.0000 0.0000 0.0000 0.0000 0.0000 0.0000 0.0000 0.0000
16       16   (0)      1  : 0.0000 0.0000 0.0000 0.8837 0.0233 0.0233 0.0000 0.0698 0.0000 0.0000
17       17   (0)      1  : 0.0000 0.0000 0.0000 0.8837 0.0233 0.0233 0.0000 0.0698 0.0000 0.0000
18       18   (0)      1  : 0.0679 0.0000 0.0000 0.0000 0.0000 0.0000 0.1879 0.0000 0.0000 0.7442
19       19   (0)      1  : 0.7905 0.0000 0.0000 0.0097 0.0498 0.0029 0.0314 0.0714 0.0000 0.0444
20       20   (0)      1  : 0.8491 0.0000 0.0000 0.0018 0.0193 0.0000 0.0311 0.0556 0.0000 0.0431
21       21   (0)      1  : 0.0000 0.0000 0.0000 0.9818 0.0037 0.0037 0.0000 0.0108 0.0000 0.0000
22       22   (0)      1  : 0.0000 0.0000 1.0000 0.0000 0.0000 0.0000 0.0000 0.0000 0.0000 0.0000
23       23   (0)      1  : 0.8421 0.0000 0.0048 0.0123 0.0375 0.0000 0.0504 0.0395 0.0000 0.0134
24       24   (0)      2  : 0.0000 0.0000 0.0000 0.9660 0.0068 0.0068 0.0000 0.0204 0.0000 0.0000
25       25   (0)      2  : 0.9350 0.0000 0.0000 0.0000 0.0000 0.0010 0.0016 0.0546 0.0000 0.0077
26       26   (0)      2  : 0.2901 0.0000 0.0000 0.6410 0.0064 0.0007 0.0054 0.0457 0.0000 0.0105
27       27   (0)      2  : 0.7636 0.0000 0.0000 0.0451 0.0320 0.0005 0.0471 0.0296 0.0000 0.0822
28       28   (0)      2  : 0.8444 0.0001 0.0231 0.0504 0.0031 0.0154 0.0034 0.0418 0.0000 0.0182
29       29   (0)      2  : 0.7340 0.0000 0.0000 0.0516 0.0604 0.0012 0.0306 0.0609 0.0000 0.0613
30       30   (0)      2  : 0.0000 0.2637 0.0000 0.0000 0.0000 0.0000 0.0000 0.0233 0.7130 0.0000
31       31   (0)      2  : 0.8096 0.0000 0.0104 0.0258 0.0101 0.0130 0.0284 0.0448 0.0000 0.0580
32       32   (0)      2  : 0.0000 0.0000 0.0000 0.9946 0.0011 0.0012 0.0000 0.0031 0.0000 0.0000
33       33   (0)      2  : 0.0680 0.0000 0.0000 0.0000 0.0000 0.0000 0.1878 0.0000 0.0000 0.7442
34       34   (0)      2  : 0.9101 0.0000 0.0000 0.0012 0.0107 0.0013 0.0165 0.0366 0.0000 0.0236
35       35   (0)      2  : 0.7549 0.0000 0.0257 0.0295 0.0356 0.0013 0.0578 0.0534 0.0000 0.0417
36       36   (0)      2  : 0.0000 0.0000 0.0000 0.8107 0.0000 0.0000 0.0000 0.1887 0.0000 0.0006
37       37   (0)      3  : 0.8330 0.0000 0.0013 0.0215 0.0367 0.0000 0.0367 0.0412 0.0000 0.0295
38       38   (0)      3  : 0.6087 0.0000 0.0000 0.0382 0.2467 0.0000 0.0161 0.0600 0.0000 0.0303
39       39   (0)      3  : 0.8492 0.0000 0.0000 0.0101 0.0367 0.0016 0.0305 0.0584 0.0000 0.0135
40       40   (0)      3  : 0.8345 0.0000 0.0001 0.0266 0.0126 0.0013 0.0467 0.0518 0.0000 0.0265
41       41   (0)      3  : 0.8841 0.0000 0.0000 0.0060 0.0488 0.0017 0.0258 0.0127 0.0000 0.0208
42       42   (0)      4  : 0.0000 0.6373 0.0000 0.0000 0.0000 0.0054 0.0000 0.0312 0.3261 0.0000
43       43   (0)      4  : 0.8668 0.0005 0.0000 0.0001 0.0211 0.0299 0.0347 0.0323 0.0007 0.0139
44       44   (0)      4  : 0.0000 0.8422 0.0000 0.0000 0.0000 0.0100 0.0000 0.0000 0.1477 0.0000
45       45   (0)      4  : 0.0000 0.7247 0.0000 0.0000 0.0000 0.0113 0.0000 0.0039 0.2601 0.0000
46       46   (0)      4  : 0.8341 0.0153 0.0129 0.0398 0.0018 0.0033 0.0173 0.0509 0.0076 0.0170
47       47   (0)      4  : 0.8983 0.0000 0.0000 0.0002 0.0000 0.0017 0.0055 0.0669 0.0000 0.0275
48       48   (0)      4  : 0.8124 0.0000 0.0000 0.0002 0.0123 0.0008 0.0535 0.0683 0.0000 0.0524
49       49   (0)      4  : 0.9316 0.0000 0.0000 0.0047 0.0000 0.0000 0.0278 0.0294 0.0000 0.0065
50       50   (0)      4  : 0.5869 0.0000 0.0000 0.0000 0.0067 0.0233 0.0740 0.2346 0.0000 0.0745
51       51   (0)      4  : 0.2841 0.1261 0.0442 0.0010 0.0001 0.2636 0.0072 0.0421 0.2203 0.0112
52       52   (0)      4  : 0.8278 0.0061 0.0000 0.0015 0.0037 0.0358 0.0100 0.0571 0.0096 0.0483
53       53   (0)      4  : 0.8825 0.0010 0.0000 0.0000 0.0171 0.0001 0.0330 0.0390 0.0040 0.0233
54       54   (0)      4  : 0.8376 0.0196 0.0120 0.0059 0.0398 0.0019 0.0036 0.0515 0.0128 0.0153
55       55   (0)      4  : 0.5714 0.0000 0.0000 0.0015 0.0088 0.0233 0.0803 0.2371 0.0000 0.0775
56       56   (0)      4  : 0.0000 0.7028 0.0000 0.0000 0.0000 0.0000 0.0000 0.0444 0.2529 0.0000
57       57   (0)      5  : 0.9128 0.0000 0.0000 0.0095 0.0024 0.0001 0.0305 0.0222 0.0000 0.0224
58       58   (0)      5  : 0.8512 0.0000 0.0000 0.0001 0.0230 0.0010 0.0119 0.0391 0.0000 0.0737
59       59   (0)      5  : 0.0000 0.7679 0.0000 0.0000 0.0000 0.0000 0.0000 0.0295 0.2025 0.0000
60       60   (0)      5  : 0.8776 0.0000 0.0000 0.0000 0.0034 0.0000 0.0441 0.0429 0.0000 0.0319
61       61   (0)      5  : 0.2847 0.2261 0.0941 0.0024 0.0789 0.0695 0.0097 0.0119 0.2222 0.0005
62       62   (0)      5  : 0.0000 0.5099 0.0000 0.0000 0.0000 0.0000 0.0000 0.0332 0.4569 0.0000
63       63   (0)      5  : 0.6524 0.0647 0.0077 0.0324 0.0229 0.0466 0.0230 0.0375 0.1015 0.0114
64       64   (0)      5  : 0.8338 0.0000 0.0000 0.0004 0.0542 0.0004 0.0576 0.0274 0.0000 0.0262
65       65   (0)      5  : 0.9418 0.0000 0.0000 0.0000 0.0001 0.0000 0.0308 0.0111 0.0000 0.0162
66       66   (0)      5  : 0.9145 0.0000 0.0000 0.0239 0.0132 0.0022 0.0094 0.0246 0.0000 0.0123
67       67   (0)      5  : 0.1308 0.2712 0.0308 0.0000 0.0004 0.1223 0.0000 0.0092 0.4353 0.0000
68       68   (0)      5  : 0.0000 0.7045 0.0000 0.0000 0.0000 0.0233 0.0000 0.0338 0.2385 0.0000
69       69   (0)      5  : 0.5823 0.0789 0.0028 0.0198 0.0727 0.0177 0.0177 0.0454 0.1476 0.0150
70       70   (0)      5  : 0.0000 0.3488 0.0000 0.0000 0.0000 0.0233 0.0000 0.0000 0.6279 0.0000
71       71   (0)      5  : 0.0000 0.2843 0.0000 0.0000 0.0000 0.0233 0.0000 0.0854 0.6071 0.0000
72       72   (0)      5  : 0.7647 0.0484 0.0034 0.0115 0.0019 0.0050 0.0399 0.0479 0.0610 0.0163
73       73   (0)      5  : 0.8339 0.0000 0.0000 0.0295 0.0188 0.0009 0.0217 0.0671 0.0000 0.0281
74       74   (0)      5  : 0.0000 0.7285 0.0000 0.0000 0.0000 0.0343 0.0000 0.0569 0.1803 0.0000
75       75   (0)      6  : 0.0000 0.3791 0.0000 0.0000 0.0000 0.0065 0.0000 0.0610 0.5534 0.0000
76       76   (0)      6  : 0.8252 0.0147 0.0132 0.0132 0.0005 0.0208 0.0295 0.0283 0.0296 0.0250
77       77   (0)      6  : 0.0000 0.6206 0.0000 0.0000 0.0000 0.0122 0.0000 0.0540 0.3132 0.0000
78       78   (0)      6  : 0.0000 0.6168 0.0000 0.0000 0.0000 0.0125 0.0000 0.0698 0.3009 0.0000
79       79   (0)      6  : 0.0000 0.3959 0.0000 0.0000 0.0000 0.0000 0.0000 0.0465 0.5575 0.0000
80       80   (0)      6  : 0.0000 0.0000 0.0019 0.9468 0.0032 0.0033 0.0000 0.0446 0.0000 0.0001
81       81   (0)      6  : 0.0000 0.2813 0.0000 0.0000 0.0000 0.0051 0.0000 0.0315 0.6821 0.0000
82       82   (0)      6  : 0.0000 0.2693 0.0000 0.0000 0.0000 0.0000 0.0000 0.0123 0.7184 0.0000
83       83   (0)      6  : 0.0000 0.1168 0.0077 0.0000 0.0000 0.0020 0.0000 0.0066 0.8669 0.0000
84       84   (0)      6  : 0.0000 0.1628 0.0000 0.0000 0.0000 0.0000 0.0000 0.0000 0.8372 0.0000
85       85   (0)      6  : 0.0000 0.5326 0.0000 0.0000 0.0000 0.0088 0.0000 0.0231 0.4355 0.0000
86       86   (0)      6  : 0.0000 0.1047 0.0000 0.0000 0.0000 0.0000 0.0000 0.0108 0.8845 0.0000
87       87   (0)      6  : 0.0000 0.8427 0.0000 0.0000 0.0000 0.0233 0.0000 0.0000 0.1341 0.0000
88       88   (0)      6  : 0.0000 0.8472 0.0000 0.0000 0.0000 0.0145 0.0000 0.0211 0.1173 0.0000
89       89   (0)      6  : 0.0000 0.7414 0.0000 0.0000 0.0000 0.0233 0.0000 0.0000 0.2353 0.0000
90       90   (0)      6  : 0.0000 0.0949 0.0000 0.7026 0.0000 0.0034 0.0000 0.1680 0.0311 0.0000
91       91   (0)      6  : 0.0000 0.8072 0.0000 0.0000 0.0000 0.0465 0.0000 0.0465 0.0998 0.0000
92       92   (0)      6  : 0.7021 0.0000 0.0000 0.0187 0.1440 0.0281 0.0196 0.0728 0.0000 0.0147
93       93   (0)      6  : 0.0002 0.0048 0.0578 0.0128 0.0000 0.9070 0.0000 0.0000 0.0149 0.0024
94       94   (0)      6  : 0.7810 0.0000 0.0000 0.0000 0.0322 0.0586 0.0200 0.0802 0.0000 0.0281
95       95   (0)      6  : 0.0367 0.0018 0.0277 0.0000 0.0046 0.9170 0.0005 0.0009 0.0080 0.0027
96       96   (0)      6  : 0.0422 0.0000 0.0180 0.0000 0.0034 0.9209 0.0000 0.0015 0.0139 0.0001
97       97   (0)      6  : 0.6852 0.0012 0.0010 0.0000 0.0366 0.1631 0.0427 0.0481 0.0014 0.0208
98       98   (0)      6  : 0.0291 0.0000 0.1796 0.0034 0.0000 0.7793 0.0000 0.0000 0.0086 0.0000
99       99   (0)      7  : 0.0000 0.5667 0.0000 0.0000 0.0000 0.0270 0.0000 0.0698 0.3366 0.0000
100      100   (0)      7  : 0.6055 0.0842 0.0350 0.0122 0.0131 0.1517 0.0192 0.0385 0.0339 0.0066
101      101   (0)      7  : 0.0000 0.0000 1.0000 0.0000 0.0000 0.0000 0.0000 0.0000 0.0000 0.0000
102      102   (0)      7  : 0.0000 0.0000 1.0000 0.0000 0.0000 0.0000 0.0000 0.0000 0.0000 0.0000
103      103   (0)      7  : 0.7256 0.0000 0.0000 0.0000 0.0476 0.0045 0.1050 0.0793 0.0000 0.0380
104      104   (0)      7  : 0.7308 0.0000 0.0001 0.0382 0.0860 0.0017 0.0385 0.0750 0.0000 0.0297
105      105   (0)      7  : 0.8098 0.0000 0.0000 0.0383 0.0389 0.0234 0.0082 0.0733 0.0000 0.0080
106      106   (0)      7  : 0.8422 0.0000 0.0000 0.0050 0.0284 0.0041 0.0183 0.0837 0.0000 0.0183
107      107   (0)      7  : 0.8426 0.0000 0.0000 0.0001 0.0003 0.0012 0.0347 0.0731 0.0000 0.0481
108      108   (0)      8  : 0.0220 0.0000 0.0000 0.0000 0.9780 0.0000 0.0000 0.0000 0.0000 0.0000
109      109   (0)      8  : 0.8501 0.0000 0.0000 0.0046 0.0389 0.0018 0.0343 0.0430 0.0000 0.0272
110      110   (0)      8  : 0.0000 0.0000 0.0000 0.0000 0.0698 0.0000 0.9302 0.0000 0.0000 0.0000
111      111   (0)      8  : 0.0698 0.0000 0.0000 0.0000 0.0930 0.0000 0.0465 0.3953 0.0000 0.3953
112      112   (0)      8  : 0.0000 0.0000 1.0000 0.0000 0.0000 0.0000 0.0000 0.0000 0.0000 0.0000
113      113   (0)      8  : 0.9359 0.0000 0.0000 0.0010 0.0098 0.0014 0.0164 0.0212 0.0000 0.0144
114      114   (0)      8  : 0.8951 0.0000 0.0000 0.0000 0.0037 0.0005 0.0581 0.0354 0.0000 0.0072
115      115   (0)      8  : 0.0220 0.0000 0.0000 0.0000 0.9780 0.0000 0.0000 0.0000 0.0000 0.0000
116      116   (0)      8  : 0.0698 0.0000 0.0000 0.0000 0.0930 0.0000 0.0465 0.3953 0.0000 0.3953
117      117   (0)      8  : 0.6522 0.0121 0.0015 0.0183 0.0930 0.1140 0.0008 0.0792 0.0099 0.0190
118      118   (0)      8  : 0.8739 0.0000 0.0000 0.0428 0.0184 0.0012 0.0336 0.0231 0.0000 0.0069
119      119   (0)      9  : 0.0000 0.2668 0.0000 0.0000 0.0000 0.0122 0.0000 0.0673 0.6536 0.0000
120      120   (0)     10  : 0.7952 0.0000 0.0471 0.0022 0.0497 0.0010 0.0170 0.0519 0.0000 0.0359
121      121   (0)     10  : 0.8692 0.0000 0.0000 0.0000 0.0052 0.0000 0.0173 0.0653 0.0000 0.0431
122      122   (0)     10  : 0.8506 0.0000 0.0000 0.0005 0.0480 0.0001 0.0269 0.0496 0.0000 0.0243
123      123   (0)     10  : 0.6609 0.0610 0.0121 0.0373 0.1001 0.0031 0.0357 0.0599 0.0034 0.0265
124      124   (0)     10  : 0.8430 0.0000 0.0543 0.0000 0.0248 0.0000 0.0062 0.0345 0.0000 0.0372
125      125   (0)     10  : 0.7050 0.0006 0.0397 0.0071 0.0003 0.1428 0.0167 0.0470 0.0004 0.0402
126      126   (0)     10  : 0.8858 0.0000 0.0168 0.0000 0.0189 0.0017 0.0125 0.0375 0.0000 0.0269
127      127   (0)     10  : 0.8953 0.0000 0.0000 0.0003 0.0393 0.0002 0.0160 0.0258 0.0000 0.0231
128      128   (0)     10  : 0.8427 0.0000 0.0226 0.0095 0.0156 0.0024 0.0106 0.0540 0.0000 0.0426
129      129   (0)     10  : 0.8916 0.0000 0.0000 0.0108 0.0057 0.0003 0.0253 0.0422 0.0000 0.0240
130      130   (0)     10  : 0.9487 0.0000 0.0000 0.0028 0.0016 0.0003 0.0210 0.0244 0.0000 0.0012
131      131   (0)     10  : 0.8013 0.0000 0.0353 0.0220 0.0273 0.0078 0.0042 0.0738 0.0000 0.0283
132      132   (0)     10  : 0.7945 0.0000 0.0551 0.0346 0.0229 0.0438 0.0005 0.0343 0.0000 0.0142
133      133   (0)     10  : 0.7851 0.0050 0.0217 0.0026 0.0327 0.0310 0.0167 0.0553 0.0094 0.0406
134      134   (0)     10  : 0.8001 0.0050 0.0433 0.0000 0.0339 0.0312 0.0300 0.0328 0.0074 0.0164
135      135   (0)     10  : 0.8028 0.0000 0.0365 0.0070 0.0722 0.0016 0.0304 0.0413 0.0000 0.0081
136      136   (0)     10  : 0.8452 0.0000 0.0124 0.0015 0.0194 0.0005 0.0363 0.0706 0.0000 0.0142
137      137   (0)     11  : 0.0000 0.6839 0.0892 0.0000 0.0000 0.0224 0.0000 0.0185 0.1860 0.0000
138      138   (0)     12  : 0.5826 0.0004 0.0533 0.1013 0.0262 0.1370 0.0214 0.0353 0.0014 0.0412
139      139   (0)     12  : 0.2538 0.0322 0.0785 0.0019 0.0000 0.4162 0.0014 0.0259 0.1744 0.0156
140      140   (0)     12  : 0.0000 0.0000 0.0483 0.9029 0.0025 0.0026 0.0000 0.0435 0.0000 0.0000
141      141   (0)     12  : 0.0000 0.0000 0.0408 0.0000 0.0000 0.7295 0.2266 0.0030 0.0000 0.0000
142      142   (0)     12  : 0.7657 0.0000 0.0535 0.0337 0.0208 0.0152 0.0342 0.0494 0.0000 0.0275
143      143   (0)     12  : 0.1647 0.0033 0.0949 0.0047 0.0000 0.6480 0.0151 0.0434 0.0073 0.0185
144      144   (0)     12  : 0.7282 0.0002 0.1230 0.0580 0.0004 0.0426 0.0191 0.0230 0.0008 0.0048
145      145   (0)     12  : 0.3207 0.0000 0.0000 0.5611 0.0137 0.0017 0.0381 0.0634 0.0000 0.0013
146      146   (0)     13  : 0.0000 0.8269 0.0000 0.0000 0.0000 0.0095 0.0000 0.0465 0.1171 0.0000
147      147   (0)     13  : 0.0000 0.5638 0.0000 0.0000 0.0000 0.0011 0.0000 0.0410 0.3941 0.0000
148      148   (0)     13  : 0.0000 0.7306 0.0000 0.0000 0.0000 0.0075 0.0000 0.0056 0.2563 0.0000
149      149   (0)     13  : 0.0000 0.4879 0.0000 0.0000 0.0000 0.0233 0.0000 0.0323 0.4565 0.0000
150      150   (0)     13  : 0.0000 0.8065 0.0000 0.0000 0.0000 0.0000 0.0000 0.0698 0.1237 0.0000
151      151   (0)     14  : 0.0000 0.7332 0.0000 0.0000 0.0000 0.0104 0.0000 0.0000 0.2564 0.0000
152      152   (0)     14  : 0.8436 0.0000 0.0000 0.0158 0.0216 0.0029 0.0149 0.0617 0.0000 0.0396
153      153   (0)     15  : 0.0337 0.0012 0.0263 0.0000 0.0027 0.9085 0.0001 0.0000 0.0272 0.0003
154      154   (0)     15  : 0.0000 0.4842 0.0000 0.0000 0.0000 0.0013 0.0000 0.0375 0.4770 0.0000
155      155   (0)     16  : 0.8281 0.0000 0.0377 0.0020 0.0243 0.0330 0.0145 0.0427 0.0000 0.0176
156      156   (0)     16  : 0.7661 0.0000 0.0122 0.0307 0.0333 0.0004 0.0754 0.0588 0.0000 0.0232
157      157   (0)     17  : 0.0164 0.0060 0.1322 0.0105 0.0023 0.8125 0.0093 0.0000 0.0108 0.0000
158      158   (0)     17  : 0.0000 0.0000 0.0035 0.8105 0.0000 0.0000 0.0000 0.1860 0.0000 0.0000
159      159   (0)     18  : 0.8611 0.0000 0.0145 0.0000 0.0096 0.0134 0.0204 0.0660 0.0000 0.0150
160      160   (0)     18  : 0.8741 0.0000 0.0000 0.0003 0.0159 0.0016 0.0538 0.0268 0.0000 0.0276
161      161   (0)     18  : 0.8290 0.0000 0.0000 0.0001 0.0205 0.0011 0.0469 0.0557 0.0000 0.0468
162      162   (0)     19  : 0.6988 0.0000 0.0334 0.0000 0.0376 0.0635 0.0109 0.0985 0.0000 0.0572
163      163   (0)     19  : 0.2995 0.0352 0.1919 0.0052 0.0773 0.2124 0.0091 0.0476 0.0994 0.0224
164      164   (0)     19  : 0.6085 0.0000 0.0000 0.0400 0.2410 0.0011 0.0185 0.0623 0.0000 0.0287
