  1        1   (0)      1 :  0.1399 0.3636 0.0672 0.3375 0.0000 0.0000 0.0807 0.0000 0.0111 
  2        2   (0)      1 :  0.0000 0.0021 0.0082 0.0081 0.0227 0.2869 0.0589 0.3371 0.2759 
  3        3   (0)      1 :  0.0000 0.6101 0.1020 0.1728 0.0000 0.0000 0.0845 0.0000 0.0305 
  4        4   (0)      1 :  0.0000 0.5097 0.1633 0.1806 0.0000 0.0005 0.1285 0.0000 0.0175 
  5        5   (0)      1 :  0.0000 0.2431 0.2000 0.3159 0.0016 0.0015 0.1926 0.0021 0.0432 
  6        6   (0)      1 :  0.0000 0.0018 0.0328 0.0012 0.0009 0.2627 0.1465 0.1473 0.4069 
  7        7   (0)      1 :  0.0000 0.5486 0.0958 0.2311 0.0000 0.0007 0.0996 0.0114 0.0128 
  8        8   (0)      1 :  0.0000 0.0090 0.0081 0.0008 0.0000 0.4954 0.1865 0.2067 0.0935 
  9        9   (0)      1 :  0.0000 0.7511 0.0297 0.1171 0.0000 0.0000 0.1021 0.0000 0.0000 
 10       10   (0)      2 :  0.0000 0.3595 0.2534 0.2772 0.0000 0.0000 0.0898 0.0000 0.0200 
 11       11   (0)      2 :  0.0000 0.7651 0.0297 0.1617 0.0006 0.0000 0.0228 0.0000 0.0200 
 12       12   (0)      2 :  0.0000 0.0000 0.0000 0.0008 0.0003 0.7032 0.1671 0.0973 0.0314 
 13       13   (0)      3 :  0.0000 0.5069 0.1459 0.2161 0.0000 0.0000 0.0964 0.0005 0.0342 
 14       14   (0)      3 :  0.0000 0.0000 0.0000 0.0000 1.0000 0.0000 0.0000 0.0000 0.0000 
 15       15   (0)      3 :  0.0017 0.0003 0.0141 0.0000 0.0006 0.4825 0.1593 0.2195 0.1219 
 16       16   (0)      3 :  1.0000 0.0000 0.0000 0.0000 0.0000 0.0000 0.0000 0.0000 0.0000 
 17       17   (0)      4 :  0.5551 0.0000 0.0065 0.0000 0.3725 0.0052 0.0287 0.0001 0.0319 
 18       18   (0)      4 :  0.0000 0.0014 0.0190 0.0017 0.0161 0.2219 0.1735 0.3596 0.2069 
 19       19   (0)      5 :  0.0000 0.0000 0.0008 0.0011 0.0000 0.0658 0.0590 0.5831 0.2902 
 20       20   (0)      5 :  0.0000 0.0407 0.7006 0.1228 0.1360 0.0000 0.0000 0.0000 0.0000 
 21       21   (0)      5 :  0.0000 0.5017 0.0281 0.3988 0.0000 0.0000 0.0376 0.0062 0.0276 
 22       22   (0)      5 :  0.0000 0.4219 0.1443 0.2931 0.0000 0.0001 0.0852 0.0084 0.0471 
 23       23   (0)      5 :  0.0000 0.4032 0.1439 0.3129 0.0000 0.0000 0.1200 0.0000 0.0200 
 24       24   (0)      5 :  0.0000 0.4154 0.0530 0.4306 0.0092 0.0005 0.0780 0.0000 0.0133 
 25       25   (0)      5 :  0.0533 0.3565 0.0940 0.4123 0.0014 0.0000 0.0795 0.0000 0.0031 
 26       26   (0)      5 :  0.0000 0.2117 0.0291 0.2001 0.0000 0.1210 0.1027 0.2251 0.1103 
 27       27   (0)      5 :  0.9790 0.0000 0.0000 0.0000 0.0000 0.0001 0.0204 0.0005 0.0001 
 28       28   (0)      5 :  0.9800 0.0000 0.0000 0.0000 0.0000 0.0000 0.0200 0.0000 0.0000 
 29       29   (0)      5 :  0.0170 0.0000 0.0040 0.0000 0.0194 0.1417 0.0997 0.5909 0.1273 
 30       30   (0)      5 :  0.0000 0.0000 0.0206 0.0000 0.0003 0.2590 0.1597 0.3536 0.2068 
 31       31   (0)      5 :  0.0000 0.1774 0.0563 0.2165 0.0009 0.0627 0.1112 0.1586 0.2165 
 32       32   (0)      5 :  0.0000 0.1833 0.1295 0.5748 0.0009 0.0016 0.0794 0.0000 0.0305 
 33       33   (0)      5 :  0.0000 0.0000 0.0293 0.0021 0.0012 0.4223 0.1137 0.1860 0.2453 
 34       34   (0)      5 :  0.0000 0.0000 0.0208 0.0000 0.0003 0.1397 0.0290 0.2454 0.5649 
 35       35   (0)      5 :  0.0000 0.0000 0.0202 0.0000 0.0019 0.1917 0.0910 0.3573 0.3380 
 36       36   (0)      6 :  0.0291 0.0000 0.0053 0.0000 0.0000 0.4554 0.1295 0.1138 0.2668 
 37       37   (0)      6 :  1.0000 0.0000 0.0000 0.0000 0.0000 0.0000 0.0000 0.0000 0.0000 
 38       38   (0)      6 :  0.0000 0.0000 0.0000 0.0000 0.0016 0.0485 0.1059 0.7073 0.1367 
 39       39   (0)      6 :  0.0000 0.2613 0.0211 0.1314 0.0000 0.2600 0.1301 0.0413 0.1548 
 40       40   (0)      6 :  0.0000 0.0000 0.0062 0.0006 0.0000 0.3320 0.0712 0.1534 0.4367 
 41       41   (0)      6 :  0.0000 0.0000 0.0003 0.0002 0.0028 0.6638 0.1563 0.0534 0.1231 
 42       42   (0)      6 :  0.0000 0.0120 0.0400 0.0000 0.0004 0.1613 0.0708 0.2704 0.4453 
 43       43   (0)      6 :  0.0000 0.0052 0.0008 0.0121 0.0129 0.1895 0.1276 0.3475 0.3044 
 44       44   (0)      6 :  0.0000 0.0000 0.0102 0.0000 0.0069 0.3514 0.1369 0.2097 0.2849 
 45       45   (0)      6 :  0.0000 0.0000 0.0000 0.0000 0.0000 0.5306 0.1377 0.1883 0.1435 
 46       46   (0)      6 :  0.0000 0.0393 0.6971 0.1179 0.1457 0.0000 0.0000 0.0000 0.0000 
 47       47   (0)      6 :  0.0000 0.0000 0.0000 0.0000 0.0000 0.0633 0.0597 0.7072 0.1698 
 48       48   (0)      7 :  0.0000 0.0000 0.0681 0.0000 0.0014 0.2651 0.2116 0.2088 0.2451 
 49       49   (0)      7 :  0.0000 0.1767 0.0559 0.2946 0.0000 0.0340 0.0896 0.2343 0.1149 
 50       50   (0)      7 :  0.0000 0.0064 0.0406 0.0009 0.0000 0.2816 0.2293 0.1240 0.3171 
 51       51   (0)      8 :  0.0537 0.0000 0.0019 0.0001 0.0000 0.5916 0.1188 0.1766 0.0573 
 52       52   (0)      8 :  0.1588 0.0000 0.0085 0.0000 0.0000 0.4335 0.1198 0.1596 0.1197 
 53       53   (0)      9 :  0.0000 0.0000 0.0000 0.0000 0.0020 0.4472 0.1679 0.1160 0.2669 
 54       54   (0)     10 :  0.0000 0.0000 0.0325 0.0000 0.0000 0.2070 0.1655 0.0931 0.5020 
 55       55   (0)     10 :  0.0000 0.5171 0.1695 0.1821 0.0000 0.0000 0.1314 0.0000 0.0000 
 56       56   (0)     10 :  1.0000 0.0000 0.0000 0.0000 0.0000 0.0000 0.0000 0.0000 0.0000 
 57       57   (0)     10 :  0.0000 0.0000 0.0000 0.0000 0.0000 0.0636 0.1492 0.6726 0.1147 
 58       58   (0)     11 :  0.1005 0.0007 0.0109 0.0011 0.0000 0.3616 0.0894 0.2218 0.2140 
 59       59   (0)     11 :  0.0720 0.3306 0.1026 0.3690 0.0000 0.0109 0.1033 0.0000 0.0115 
 60       60   (0)     11 :  0.9012 0.0000 0.0036 0.0000 0.0000 0.0513 0.0192 0.0129 0.0118 
 61       61   (0)     11 :  0.0000 0.0000 0.0000 0.0000 0.0000 0.4823 0.1121 0.2693 0.1363 
 62       62   (0)     11 :  0.0070 0.0000 0.0000 0.0000 0.0000 0.3623 0.1040 0.3751 0.1516 
 63       63   (0)     11 :  0.2836 0.0000 0.0050 0.0000 0.0000 0.4041 0.1061 0.0719 0.1293 
 64       64   (0)     11 :  0.0013 0.0000 0.0110 0.0000 0.0017 0.3483 0.1246 0.2726 0.2405 
 65       65   (0)     11 :  1.0000 0.0000 0.0000 0.0000 0.0000 0.0000 0.0000 0.0000 0.0000 
 66       66   (0)     11 :  0.0209 0.0000 0.0259 0.0000 0.0000 0.2683 0.1905 0.1405 0.3539 
 67       67   (0)     11 :  0.0026 0.3598 0.0800 0.4065 0.0000 0.0000 0.1400 0.0000 0.0112 
 68       68   (0)     11 :  0.4310 0.2325 0.0695 0.1759 0.0000 0.0000 0.0911 0.0000 0.0000 
 69       69   (0)     11 :  0.4890 0.0000 0.0204 0.0000 0.0000 0.2439 0.0622 0.1056 0.0790 
 70       70   (0)     11 :  0.0000 0.0000 0.0201 0.0008 0.0000 0.3666 0.1001 0.3605 0.1520 
 71       71   (0)     11 :  0.1601 0.2783 0.0964 0.3627 0.0000 0.0000 0.1025 0.0000 0.0000 
 72       72   (0)     12 :  0.0000 0.3091 0.0982 0.4358 0.0000 0.0003 0.1340 0.0005 0.0221 
 73       73   (0)     12 :  0.0000 0.2524 0.0882 0.4956 0.0000 0.0000 0.1115 0.0000 0.0524 
 74       74   (0)     12 :  0.0000 0.1358 0.0778 0.6733 0.0000 0.0002 0.0830 0.0000 0.0299 
 75       75   (0)     12 :  0.1188 0.1416 0.0429 0.2411 0.0000 0.1095 0.0819 0.1413 0.1228 
 76       76   (0)     12 :  0.0105 0.1954 0.1217 0.5779 0.0000 0.0000 0.0728 0.0000 0.0217 
 77       77   (0)     12 :  0.0000 0.0013 0.0200 0.0007 0.0000 0.3594 0.1587 0.3404 0.1196 
 78       78   (0)     12 :  0.0195 0.0105 0.0090 0.0177 0.0000 0.4069 0.1432 0.2694 0.1237 
 79       79   (0)     12 :  0.0000 0.5191 0.1199 0.2562 0.0000 0.0000 0.0785 0.0000 0.0264 
 80       80   (0)     12 :  0.1154 0.0089 0.0120 0.0081 0.0000 0.3028 0.1084 0.2359 0.2084 
 81       81   (0)     13 :  1.0000 0.0000 0.0000 0.0000 0.0000 0.0000 0.0000 0.0000 0.0000 
 82       82   (0)     13 :  0.0000 0.2919 0.0914 0.5228 0.0141 0.0008 0.0577 0.0012 0.0200 
 83       83   (0)     13 :  0.0633 0.3378 0.0945 0.3630 0.0000 0.0000 0.1414 0.0000 0.0000 
 84       84   (0)     13 :  0.0000 0.3897 0.0948 0.4674 0.0000 0.0000 0.0482 0.0000 0.0000 
 85       85   (0)     13 :  0.0000 0.3926 0.0415 0.4755 0.0044 0.0000 0.0660 0.0000 0.0199 
 86       86   (0)     13 :  0.0147 0.2997 0.0563 0.4981 0.0000 0.0000 0.1112 0.0000 0.0200 
 87       87   (0)     13 :  0.0000 0.0058 0.0060 0.0107 0.0000 0.2593 0.0954 0.4856 0.1372 
 88       88   (0)     13 :  0.0000 0.3341 0.1075 0.4186 0.0000 0.0000 0.1317 0.0000 0.0081 
 89       89   (0)     13 :  0.0000 0.7405 0.0537 0.1506 0.0005 0.0000 0.0347 0.0000 0.0200 
 90       90   (0)     13 :  0.0000 0.4920 0.1661 0.2151 0.0000 0.0000 0.1069 0.0000 0.0200 
 91       91   (0)     13 :  0.3812 0.1620 0.0367 0.3354 0.0000 0.0000 0.0847 0.0000 0.0000 
 92       92   (0)     13 :  0.0000 0.5328 0.0620 0.2977 0.0000 0.0093 0.0831 0.0031 0.0119 
 93       93   (0)     13 :  0.0000 0.0095 0.0008 0.0017 0.0000 0.0973 0.0999 0.5094 0.2813 
 94       94   (0)     13 :  0.0000 0.3835 0.0048 0.5536 0.0002 0.0000 0.0456 0.0011 0.0113 
 95       95   (0)     14 :  0.0000 0.0015 0.0010 0.0000 0.0039 0.3324 0.0963 0.5394 0.0255 
 96       96   (0)     14 :  0.0000 0.5468 0.0434 0.3295 0.0000 0.0004 0.0625 0.0000 0.0175 
 97       97   (0)     15 :  0.9800 0.0000 0.0000 0.0000 0.0000 0.0000 0.0200 0.0000 0.0000 
 98       98   (0)     15 :  0.0000 0.0000 0.0324 0.0000 0.0000 0.0808 0.0408 0.3228 0.5233 
 99       99   (0)     15 :  0.0000 0.1425 0.0279 0.2391 0.5246 0.0000 0.0468 0.0000 0.0190 
100      100   (0)     15 :  0.0000 0.0000 0.0480 0.0000 0.0036 0.2311 0.2372 0.1863 0.2938 
101      101   (0)     15 :  0.0000 0.0000 0.0000 0.0000 1.0000 0.0000 0.0000 0.0000 0.0000 
102      102   (0)     15 :  0.0000 0.0000 0.0010 0.0000 0.0066 0.0647 0.0699 0.6962 0.1617 
103      103   (0)     15 :  0.0000 0.0032 0.0000 0.0107 0.0067 0.0666 0.1138 0.6191 0.1798 
104      104   (0)     15 :  0.0000 0.0000 0.0000 0.0000 1.0000 0.0000 0.0000 0.0000 0.0000 
105      105   (0)     15 :  0.0000 0.0000 0.0000 0.0000 1.0000 0.0000 0.0000 0.0000 0.0000 
