1        1   (0)      1  : 0.0000 0.0000 0.0000 0.0000 0.0000 0.0000 0.1142 0.5864 0.0000 0.0190 0.1095 0.0000 0.0000 0.0190 0.0000 0.0000 0.0000 0.0000 0.0000 0.0677 0.0024 0.0565 0.0251
2        2   (0)      1  : 0.0000 0.0000 0.0000 0.0000 0.0724 0.0000 0.8495 0.0000 0.0000 0.0000 0.0000 0.0091 0.0690 0.0000 0.0000 0.0000 0.0000 0.0000 0.0000 0.0000 0.0000 0.0000 0.0000
3        3   (0)      1  : 0.0000 0.0000 0.0000 0.0000 0.0000 0.0000 0.0000 0.8333 0.0000 0.0000 0.0000 0.0000 0.0000 0.0000 0.0000 0.0000 0.0000 0.0000 0.0000 0.0000 0.0000 0.1667 0.0000
4        4   (0)      1  : 0.0000 0.0000 0.0000 0.0000 0.0000 0.0000 1.0000 0.0000 0.0000 0.0000 0.0000 0.0000 0.0000 0.0000 0.0000 0.0000 0.0000 0.0000 0.0000 0.0000 0.0000 0.0000 0.0000
5        5   (0)      1  : 0.0000 0.0000 0.1262 0.0000 0.0047 0.0982 0.1663 0.0060 0.0000 0.0000 0.2182 0.0000 0.0000 0.0000 0.0000 0.0000 0.0000 0.0000 0.2577 0.0976 0.0000 0.0000 0.0251
6        6   (0)      1  : 0.1399 0.0000 0.0939 0.0000 0.0090 0.0637 0.0818 0.0000 0.0000 0.0009 0.2541 0.0064 0.0000 0.0000 0.0000 0.0000 0.0000 0.0086 0.1285 0.1154 0.0000 0.0147 0.0832
7        7   (0)      1  : 0.0000 0.0000 0.0000 0.0000 0.0000 0.0000 0.0000 0.0000 0.0000 0.0000 0.8252 0.0000 0.0161 0.0000 0.0000 0.0000 0.0000 0.0000 0.0000 0.1587 0.0000 0.0000 0.0000
8        8   (0)      1  : 0.0000 0.0000 0.0912 0.0000 0.0020 0.0415 0.2533 0.0000 0.0000 0.0000 0.3878 0.0000 0.0000 0.0000 0.0000 0.0000 0.0000 0.0000 0.0840 0.0999 0.0000 0.0000 0.0405
9        9   (0)      1  : 0.0000 0.0000 0.0000 0.0000 0.0000 0.0000 1.0000 0.0000 0.0000 0.0000 0.0000 0.0000 0.0000 0.0000 0.0000 0.0000 0.0000 0.0000 0.0000 0.0000 0.0000 0.0000 0.0000
10       10   (0)      1  : 0.0000 0.0000 0.0000 0.0000 0.0000 0.0000 0.0000 0.0000 0.0000 0.0018 0.3333 0.0000 0.0000 0.0000 0.0000 0.0000 0.0000 0.0000 0.1667 0.1667 0.0006 0.0000 0.3309
11       11   (0)      1  : 0.0000 0.0000 0.0000 0.0000 0.0053 0.0000 0.0000 0.0000 0.0000 0.0112 0.0000 0.0000 0.0101 0.0041 0.0000 0.0000 0.0000 0.1667 0.0000 0.5251 0.0000 0.1667 0.1108
12       12   (0)      1  : 0.0000 0.0000 0.0000 0.0000 0.0000 0.0000 0.0000 0.0000 0.0000 0.0000 0.0000 0.0000 1.0000 0.0000 0.0000 0.0000 0.0000 0.0000 0.0000 0.0000 0.0000 0.0000 0.0000
13       13   (0)      1  : 0.1615 0.0000 0.0000 0.0000 0.0000 0.0000 0.0000 0.0000 0.0000 0.0093 0.2494 0.0109 0.0000 0.0151 0.0000 0.0100 0.0000 0.1667 0.0000 0.2853 0.0130 0.0140 0.0647
14       14   (0)      1  : 0.0011 0.0000 0.0890 0.0000 0.0000 0.1104 0.0181 0.1548 0.0088 0.0053 0.1023 0.0183 0.0719 0.0000 0.0068 0.0000 0.0057 0.0179 0.0729 0.1852 0.0000 0.0287 0.1029
15       15   (0)      1  : 0.0000 0.0000 1.0000 0.0000 0.0000 0.0000 0.0000 0.0000 0.0000 0.0000 0.0000 0.0000 0.0000 0.0000 0.0000 0.0000 0.0000 0.0000 0.0000 0.0000 0.0000 0.0000 0.0000
16       16   (0)      1  : 0.0000 0.0000 0.0000 0.0000 0.0000 0.0000 0.0000 0.3333 0.0000 0.0000 0.0000 0.0000 0.0000 0.0000 0.0000 0.0000 0.0000 0.0000 0.0000 0.0000 0.6667 0.0000 0.0000
17       17   (0)      1  : 0.0000 0.0000 0.0000 0.0000 0.0000 0.0000 0.0000 0.3333 0.0000 0.0000 0.0000 0.0000 0.0000 0.0000 0.0000 0.0000 0.0000 0.0000 0.0000 0.0000 0.6667 0.0000 0.0000
18       18   (0)      1  : 0.0000 0.0000 0.0000 0.0000 0.0000 0.0000 0.0000 0.0000 0.0000 0.6667 0.0000 0.0000 0.0000 0.0000 0.0000 0.0000 0.0000 0.0000 0.0000 0.0000 0.3333 0.0000 0.0000
19       19   (0)      1  : 0.0000 0.0000 0.0000 0.0000 0.0059 0.0000 0.0000 0.0000 0.0000 0.0000 0.4882 0.0000 0.0000 0.0059 0.0000 0.0000 0.0000 0.0000 0.0000 0.3333 0.0000 0.0000 0.1667
20       20   (0)      1  : 0.0000 0.0000 0.0000 0.0000 0.0000 0.0000 0.0000 0.0000 0.0000 0.0000 0.0000 0.0000 0.0000 0.0000 0.0000 0.0000 0.0000 0.0000 1.0000 0.0000 0.0000 0.0000 0.0000
21       21   (0)      1  : 0.0000 0.0000 0.0000 0.0000 0.0000 0.0000 0.0000 1.0000 0.0000 0.0000 0.0000 0.0000 0.0000 0.0000 0.0000 0.0000 0.0000 0.0000 0.0000 0.0000 0.0000 0.0000 0.0000
22       22   (0)      1  : 0.0000 0.0000 1.0000 0.0000 0.0000 0.0000 0.0000 0.0000 0.0000 0.0000 0.0000 0.0000 0.0000 0.0000 0.0000 0.0000 0.0000 0.0000 0.0000 0.0000 0.0000 0.0000 0.0000
23       23   (0)      1  : 0.0510 0.0000 0.0000 0.0000 0.0069 0.0000 0.0032 0.0000 0.0000 0.0000 0.0000 0.0016 0.0129 0.0000 0.0000 0.0126 0.0000 0.0000 0.0894 0.5979 0.0000 0.1667 0.0578
24       24   (0)      2  : 0.0000 0.0000 0.0000 0.0000 0.0000 0.0000 0.0000 0.7751 0.0000 0.0000 0.0000 0.0000 0.0000 0.0000 0.0000 0.0000 0.0000 0.0000 0.0000 0.0000 0.0583 0.1667 0.0000
25       25   (0)      2  : 0.0790 0.0000 0.0000 0.0000 0.0000 0.0000 0.0000 0.0000 0.0000 0.0000 0.0074 0.0000 0.0000 0.0100 0.0000 0.1726 0.0000 0.0000 0.4441 0.0408 0.0000 0.0000 0.2462
26       26   (0)      2  : 0.0884 0.0000 0.0000 0.0000 0.0000 0.0000 0.0904 0.5390 0.0000 0.1713 0.0347 0.0000 0.0000 0.0000 0.0000 0.0001 0.0000 0.0226 0.0000 0.0000 0.0027 0.0509 0.0000
27       27   (0)      2  : 0.1463 0.0000 0.0000 0.0000 0.0237 0.0000 0.0000 0.0397 0.0000 0.0658 0.0910 0.0005 0.0089 0.0002 0.0000 0.0080 0.0000 0.0017 0.1857 0.1350 0.0290 0.0670 0.1976
28       28   (0)      2  : 0.3465 0.0000 0.0137 0.0000 0.0000 0.0000 0.0000 0.0280 0.0000 0.0193 0.1167 0.0057 0.0000 0.0000 0.0000 0.0109 0.0000 0.0000 0.0379 0.1020 0.0080 0.0080 0.3032
29       29   (0)      2  : 0.4854 0.0000 0.0000 0.0000 0.0311 0.0000 0.0000 0.0075 0.0000 0.0438 0.0000 0.0056 0.0000 0.0000 0.0000 0.0513 0.0000 0.0000 0.0215 0.0133 0.0267 0.1667 0.1472
30       30   (0)      2  : 0.0000 0.0000 0.0000 0.3333 0.0000 0.0000 0.0000 0.0000 0.6667 0.0000 0.0000 0.0000 0.0000 0.0000 0.0000 0.0000 0.0000 0.0000 0.0000 0.0000 0.0000 0.0000 0.0000
31       31   (0)      2  : 0.0907 0.0000 0.0044 0.0000 0.0000 0.0061 0.0005 0.0075 0.0000 0.0321 0.1966 0.0025 0.0000 0.0075 0.0000 0.0803 0.0000 0.0000 0.1042 0.1161 0.0256 0.0287 0.2974
32       32   (0)      2  : 0.0000 0.0000 0.0000 0.0000 0.0000 0.0000 0.0000 0.9745 0.0000 0.0255 0.0000 0.0000 0.0000 0.0000 0.0000 0.0000 0.0000 0.0000 0.0000 0.0000 0.0000 0.0000 0.0000
33       33   (0)      2  : 0.0000 0.0000 0.0000 0.0000 0.0000 0.0000 0.0000 0.0000 0.0000 0.6667 0.0000 0.0000 0.0000 0.0000 0.0000 0.0000 0.0000 0.0000 0.0000 0.0000 0.3333 0.0000 0.0000
34       34   (0)      2  : 0.1667 0.0000 0.0000 0.0000 0.0000 0.0000 0.0000 0.0000 0.0000 0.0000 0.0000 0.0000 0.0000 0.0000 0.0000 0.0000 0.0000 0.1667 0.0000 0.5000 0.0000 0.1667 0.0000
35       35   (0)      2  : 0.3401 0.0000 0.0117 0.0000 0.0183 0.0000 0.0012 0.0273 0.0000 0.0139 0.1576 0.0343 0.0351 0.0075 0.0000 0.0031 0.0000 0.0267 0.0220 0.0754 0.0039 0.0557 0.1664
36       36   (0)      2  : 0.0000 0.0000 0.0000 0.0000 0.0000 0.0000 1.0000 0.0000 0.0000 0.0000 0.0000 0.0000 0.0000 0.0000 0.0000 0.0000 0.0000 0.0000 0.0000 0.0000 0.0000 0.0000 0.0000
37       37   (0)      3  : 0.0000 0.0000 0.0000 0.0000 0.0170 0.0000 0.0000 0.0031 0.0000 0.0052 0.1041 0.0057 0.0059 0.0179 0.0000 0.0316 0.0000 0.0000 0.1722 0.2226 0.0011 0.1837 0.2299
38       38   (0)      3  : 0.0000 0.0000 0.0000 0.0000 0.0112 0.0000 0.0000 0.0000 0.0000 0.0000 0.0000 0.0000 0.0000 0.0000 0.0000 0.9888 0.0000 0.0000 0.0000 0.0000 0.0000 0.0000 0.0000
39       39   (0)      3  : 0.7820 0.0000 0.0000 0.0000 0.0084 0.0000 0.0000 0.0000 0.0000 0.0000 0.0000 0.0000 0.0000 0.0168 0.0000 0.0000 0.0000 0.0000 0.0515 0.0000 0.0000 0.1050 0.0364
40       40   (0)      3  : 0.0000 0.0000 0.0000 0.0000 0.0000 0.0000 0.0000 0.0000 0.0000 0.0000 0.0000 0.0000 0.0000 0.0000 0.0000 0.0000 0.0000 0.0000 1.0000 0.0000 0.0000 0.0000 0.0000
41       41   (0)      3  : 0.1939 0.0000 0.0000 0.0000 0.0103 0.0000 0.0000 0.0000 0.0000 0.0055 0.2853 0.0000 0.0022 0.0000 0.0000 0.0000 0.0000 0.0180 0.0325 0.0417 0.0056 0.1667 0.2383
42       42   (0)      4  : 0.0000 0.7573 0.0000 0.0334 0.0000 0.0000 0.0000 0.0000 0.0000 0.0000 0.0000 0.0000 0.0000 0.0000 0.1159 0.0000 0.0001 0.0000 0.0000 0.0000 0.0000 0.0933 0.0000
43       43   (0)      4  : 0.0120 0.0000 0.0000 0.0000 0.0052 0.0000 0.0000 0.0000 0.0000 0.0025 0.0412 0.0016 0.0065 0.0062 0.0000 0.0000 0.0000 0.0126 0.1868 0.0557 0.0000 0.0204 0.6494
44       44   (0)      4  : 0.0000 0.0000 0.0000 0.1667 0.0000 0.0000 0.0000 0.0000 0.0000 0.1667 0.0000 0.0000 0.0000 0.0000 0.0000 0.0000 0.1667 0.0000 0.0000 0.0000 0.0000 0.5000 0.0000
45       45   (0)      4  : 0.0000 0.1858 0.0000 0.2349 0.0000 0.0000 0.0000 0.0000 0.0936 0.0149 0.0000 0.0000 0.0000 0.0000 0.0756 0.0000 0.0000 0.0000 0.0000 0.0000 0.0000 0.3952 0.0000
46       46   (0)      4  : 0.3875 0.0000 0.0017 0.0029 0.0000 0.0000 0.0106 0.0065 0.0029 0.0000 0.2821 0.0055 0.0000 0.0020 0.0000 0.0000 0.0000 0.0359 0.0554 0.0520 0.0019 0.0183 0.1348
47       47   (0)      4  : 0.7409 0.0000 0.0000 0.0000 0.0000 0.0000 0.0000 0.0000 0.0000 0.0000 0.1667 0.0039 0.0000 0.0125 0.0000 0.0000 0.0000 0.0000 0.0263 0.0000 0.0000 0.0000 0.0497
48       48   (0)      4  : 0.1070 0.0000 0.0000 0.0000 0.0000 0.0000 0.0000 0.0000 0.0000 0.0102 0.1994 0.0121 0.0171 0.0077 0.0000 0.0903 0.0000 0.0019 0.0545 0.3955 0.0066 0.0192 0.0784
49       49   (0)      4  : 0.0000 0.0000 0.0000 0.0000 0.0000 0.0000 0.0000 0.0000 0.0000 0.0000 0.0000 0.0000 0.0000 0.0000 0.0000 0.0000 0.0000 0.0000 0.0000 0.5000 0.0000 0.0000 0.5000
50       50   (0)      4  : 0.0000 0.0000 0.0000 0.0000 0.0000 0.0000 0.0000 0.0000 0.0000 0.0000 0.0000 0.0000 0.0000 1.0000 0.0000 0.0000 0.0000 0.0000 0.0000 0.0000 0.0000 0.0000 0.0000
51       51   (0)      4  : 0.0000 0.2406 0.0089 0.0227 0.0000 0.2939 0.0000 0.0000 0.0445 0.0000 0.0970 0.0000 0.0000 0.0859 0.0001 0.0000 0.0000 0.0000 0.0000 0.1704 0.0000 0.0360 0.0000
52       52   (0)      4  : 0.2342 0.0000 0.0000 0.0035 0.0000 0.0020 0.0006 0.0000 0.0000 0.0066 0.4616 0.0320 0.0000 0.0001 0.0031 0.0000 0.0000 0.0000 0.0000 0.0268 0.0031 0.0000 0.2263
53       53   (0)      4  : 0.8858 0.0000 0.0000 0.0000 0.0025 0.0000 0.0000 0.0000 0.0000 0.0009 0.0000 0.0000 0.0008 0.0000 0.0000 0.0000 0.0000 0.0000 0.1100 0.0000 0.0000 0.0000 0.0000
54       54   (0)      4  : 0.3414 0.0000 0.0022 0.0000 0.0120 0.0000 0.0000 0.0015 0.0000 0.0000 0.2630 0.0087 0.0000 0.0210 0.0126 0.0646 0.0000 0.0000 0.0005 0.0777 0.0065 0.0023 0.1859
55       55   (0)      4  : 0.0000 0.0000 0.0000 0.0000 0.0000 0.0000 0.0000 0.0000 0.0000 0.0000 0.0000 0.0000 0.0000 1.0000 0.0000 0.0000 0.0000 0.0000 0.0000 0.0000 0.0000 0.0000 0.0000
56       56   (0)      4  : 0.0000 0.1667 0.0000 0.0000 0.0000 0.0000 0.0000 0.0000 0.0000 0.0000 0.0000 0.0000 0.0000 0.0000 0.8333 0.0000 0.0000 0.0000 0.0000 0.0000 0.0000 0.0000 0.0000
57       57   (0)      5  : 0.0514 0.0000 0.0000 0.0000 0.0000 0.0000 0.0000 0.0000 0.0000 0.0000 0.0000 0.0001 0.0003 0.0000 0.0000 0.0117 0.0000 0.0000 0.2161 0.2166 0.0000 0.0000 0.5039
58       58   (0)      5  : 0.1939 0.0000 0.0000 0.0000 0.0000 0.0000 0.0000 0.0000 0.0000 0.0272 0.2847 0.0063 0.0000 0.0013 0.0000 0.2941 0.0000 0.0096 0.0000 0.0594 0.0175 0.0237 0.0824
59       59   (0)      5  : 0.0000 0.0000 0.0000 0.2044 0.0000 0.0000 0.0000 0.0000 0.0000 0.0000 0.0000 0.0000 0.0000 0.0000 0.3891 0.0000 0.1667 0.0000 0.0000 0.0000 0.0000 0.2398 0.0000
60       60   (0)      5  : 0.1475 0.0000 0.0000 0.0000 0.0000 0.0000 0.0000 0.0000 0.0000 0.0017 0.2647 0.0156 0.0115 0.0000 0.0000 0.0000 0.0000 0.0306 0.0312 0.3967 0.0000 0.0000 0.1005
61       61   (0)      5  : 0.0000 0.0855 0.0931 0.0905 0.0770 0.0495 0.0000 0.0000 0.0189 0.0000 0.0890 0.0000 0.0000 0.0000 0.1102 0.0000 0.0390 0.0000 0.0000 0.0847 0.0000 0.1199 0.1429
62       62   (0)      5  : 0.0000 0.1667 0.0000 0.1667 0.0000 0.0000 0.0000 0.0000 0.0000 0.0000 0.0000 0.0000 0.0000 0.0000 0.3333 0.0000 0.0000 0.0000 0.0000 0.0000 0.0000 0.3333 0.0000
63       63   (0)      5  : 0.1334 0.0318 0.0025 0.0346 0.0135 0.0419 0.0195 0.0041 0.0155 0.0075 0.1574 0.0022 0.0052 0.0094 0.0353 0.0228 0.0000 0.0020 0.0434 0.1284 0.0150 0.0576 0.2170
64       64   (0)      5  : 0.0000 0.0000 0.0000 0.0000 0.0114 0.0000 0.0000 0.0000 0.0000 0.0000 0.3591 0.0162 0.0127 0.0000 0.0000 0.0000 0.0000 0.0533 0.0000 0.4828 0.0000 0.0000 0.0644
65       65   (0)      5  : 0.0000 0.0000 0.0000 0.0000 0.0000 0.0000 0.0000 0.0000 0.0000 0.0000 0.0820 0.0000 0.0024 0.0000 0.0000 0.0000 0.0000 0.0000 0.1667 0.0000 0.0000 0.0000 0.7489
66       66   (0)      5  : 0.0000 0.0000 0.0000 0.0000 0.0000 0.0000 0.0000 0.0000 0.0000 0.0000 0.0000 0.0000 0.0000 0.0000 0.0000 0.0000 0.0000 0.1667 0.0000 0.1667 0.0000 0.1667 0.5000
67       67   (0)      5  : 0.0000 0.0000 0.0225 0.0000 0.0000 0.0047 0.0000 0.0000 0.8159 0.0000 0.0000 0.0000 0.0000 0.0000 0.0000 0.0000 0.0409 0.0311 0.0000 0.0000 0.0000 0.0286 0.0563
68       68   (0)      5  : 0.0000 0.0000 0.0000 0.0000 0.0000 0.0000 0.0000 0.0000 0.5000 0.0000 0.0000 0.0000 0.0000 0.0000 0.0000 0.0000 0.2682 0.0000 0.0000 0.0000 0.0000 0.2318 0.0000
69       69   (0)      5  : 0.1413 0.0000 0.0000 0.0002 0.0225 0.0000 0.0160 0.0000 0.2274 0.0019 0.1474 0.0000 0.0032 0.0207 0.0000 0.1947 0.0079 0.0099 0.0632 0.0066 0.0014 0.0275 0.1081
70       70   (0)      5  : 0.0000 0.0000 0.0000 0.0000 0.0000 0.0000 0.0000 0.0000 1.0000 0.0000 0.0000 0.0000 0.0000 0.0000 0.0000 0.0000 0.0000 0.0000 0.0000 0.0000 0.0000 0.0000 0.0000
71       71   (0)      5  : 0.0000 0.0000 0.0000 0.0633 0.0000 0.0000 0.0000 0.0000 0.1869 0.0000 0.0000 0.0000 0.0000 0.0000 0.0000 0.0000 0.7498 0.0000 0.0000 0.0000 0.0000 0.0000 0.0000
72       72   (0)      5  : 0.3524 0.0061 0.0000 0.0361 0.0000 0.0000 0.0000 0.0052 0.0238 0.0088 0.1579 0.0000 0.0244 0.0000 0.0000 0.1383 0.0427 0.0170 0.0651 0.0608 0.0000 0.0000 0.0613
73       73   (0)      5  : 0.1087 0.0000 0.0000 0.0000 0.0000 0.0000 0.0000 0.0038 0.0000 0.0000 0.0523 0.0181 0.0004 0.0000 0.0000 0.1267 0.0000 0.0000 0.0115 0.6599 0.0034 0.0000 0.0153
74       74   (0)      5  : 0.0000 0.0000 0.0000 0.0000 0.0000 0.0000 0.0000 0.0000 0.1667 0.0000 0.0000 0.0000 0.0000 0.0000 0.0516 0.0000 0.6856 0.0000 0.0000 0.0000 0.0000 0.0961 0.0000
75       75   (0)      6  : 0.0000 0.0494 0.0000 0.5857 0.0000 0.0000 0.0000 0.0000 0.0378 0.0000 0.0000 0.0000 0.0000 0.0000 0.0000 0.0000 0.3270 0.0000 0.0000 0.0000 0.0000 0.0000 0.0000
76       76   (0)      6  : 0.0980 0.0069 0.0040 0.0144 0.0000 0.0118 0.0000 0.0013 0.0126 0.0145 0.3192 0.0007 0.0038 0.0000 0.0000 0.0212 0.0000 0.0000 0.0179 0.1665 0.0045 0.0145 0.2884
77       77   (0)      6  : 0.0000 0.0000 0.0000 0.1366 0.0000 0.0000 0.0000 0.0000 0.2402 0.0000 0.0000 0.0000 0.0000 0.0000 0.2215 0.0000 0.2350 0.0000 0.0000 0.0000 0.0000 0.1667 0.0000
78       78   (0)      6  : 0.0000 0.0000 0.0000 0.0967 0.0000 0.0000 0.0000 0.0000 0.0000 0.0000 0.0000 0.0000 0.0000 0.0000 0.0582 0.0000 0.8451 0.0000 0.0000 0.0000 0.0000 0.0000 0.0000
79       79   (0)      6  : 0.0000 0.0434 0.0000 0.4128 0.0000 0.0000 0.0000 0.0000 0.0631 0.0000 0.0000 0.0000 0.0000 0.0000 0.2764 0.0000 0.0666 0.0000 0.0000 0.0000 0.0000 0.1377 0.0000
80       80   (0)      6  : 0.0000 0.0000 0.0012 0.0000 0.0000 0.0000 0.0610 0.7663 0.0000 0.0049 0.0000 0.0000 0.0000 0.0000 0.0000 0.0000 0.0000 0.0000 0.0000 0.0000 0.0000 0.1667 0.0000
81       81   (0)      6  : 0.0000 0.4666 0.0000 0.1871 0.0000 0.0000 0.0000 0.0000 0.0395 0.0003 0.0000 0.0000 0.0000 0.0000 0.0192 0.0000 0.2428 0.0000 0.0000 0.0000 0.0000 0.0446 0.0000
82       82   (0)      6  : 0.0000 0.3259 0.0000 0.5361 0.0000 0.0000 0.0000 0.0000 0.1380 0.0000 0.0000 0.0000 0.0000 0.0000 0.0000 0.0000 0.0000 0.0000 0.0000 0.0000 0.0000 0.0000 0.0000
83       83   (0)      6  : 0.0000 0.4297 0.0000 0.4399 0.0000 0.0000 0.0000 0.0000 0.1304 0.0000 0.0000 0.0000 0.0000 0.0000 0.0000 0.0000 0.0000 0.0000 0.0000 0.0000 0.0000 0.0000 0.0000
84       84   (0)      6  : 0.0000 0.8333 0.0000 0.0000 0.0000 0.0000 0.0000 0.0000 0.1667 0.0000 0.0000 0.0000 0.0000 0.0000 0.0000 0.0000 0.0000 0.0000 0.0000 0.0000 0.0000 0.0000 0.0000
85       85   (0)      6  : 0.0000 0.5470 0.0000 0.1520 0.0000 0.0000 0.0000 0.0000 0.2647 0.0000 0.0000 0.0000 0.0000 0.0000 0.0000 0.0000 0.0362 0.0000 0.0000 0.0000 0.0000 0.0000 0.0000
86       86   (0)      6  : 0.0000 0.0251 0.0000 0.3333 0.0000 0.0000 0.0000 0.0000 0.1722 0.0000 0.0000 0.0000 0.0000 0.0000 0.2293 0.0000 0.2401 0.0000 0.0000 0.0000 0.0000 0.0000 0.0000
87       87   (0)      6  : 0.0000 0.0000 0.0000 0.0446 0.0000 0.0000 0.0000 0.0000 0.0740 0.0000 0.0000 0.0000 0.0000 0.0000 0.0161 0.0000 0.6262 0.0000 0.0000 0.0000 0.0000 0.2390 0.0000
88       88   (0)      6  : 0.0000 0.1076 0.0000 0.2920 0.0000 0.0000 0.0000 0.0000 0.0000 0.0378 0.0000 0.0000 0.0000 0.0000 0.2653 0.0000 0.0877 0.0000 0.0000 0.0000 0.0000 0.2095 0.0000
89       89   (0)      6  : 0.0000 0.3333 0.0000 0.3333 0.0000 0.0000 0.0000 0.0000 0.0000 0.0000 0.0000 0.0000 0.0000 0.0000 0.0000 0.0000 0.2443 0.0000 0.0000 0.0000 0.0000 0.0890 0.0000
90       90   (0)      6  : 0.0000 0.0000 0.0000 0.0333 0.0000 0.0000 0.9014 0.0000 0.0000 0.0167 0.0000 0.0000 0.0000 0.0000 0.0000 0.0000 0.0175 0.0000 0.0000 0.0000 0.0000 0.0311 0.0000
91       91   (0)      6  : 0.0000 0.0000 0.0000 0.3333 0.0000 0.0000 0.0000 0.0000 0.1667 0.0000 0.0000 0.0000 0.0000 0.0000 0.1667 0.0000 0.1667 0.0000 0.0000 0.0000 0.0000 0.1667 0.0000
92       92   (0)      6  : 0.0000 0.0000 0.0000 0.0000 0.0000 0.0000 0.0000 0.0000 0.0000 0.0000 0.0000 0.0000 0.0000 0.0000 0.0000 1.0000 0.0000 0.0000 0.0000 0.0000 0.0000 0.0000 0.0000
93       93   (0)      6  : 0.0000 0.0000 0.0000 0.0000 0.0000 1.0000 0.0000 0.0000 0.0000 0.0000 0.0000 0.0000 0.0000 0.0000 0.0000 0.0000 0.0000 0.0000 0.0000 0.0000 0.0000 0.0000 0.0000
94       94   (0)      6  : 0.0475 0.0000 0.0000 0.0000 0.0017 0.0114 0.0000 0.0000 0.0000 0.0000 0.1722 0.0017 0.0000 0.1935 0.0000 0.5267 0.0000 0.0000 0.0001 0.0452 0.0000 0.0000 0.0000
95       95   (0)      6  : 0.0000 0.0000 0.0000 0.0000 0.0000 0.8585 0.0000 0.0000 0.0000 0.0000 0.0000 0.0000 0.0000 0.0000 0.0000 0.1415 0.0000 0.0000 0.0000 0.0000 0.0000 0.0000 0.0000
96       96   (0)      6  : 0.0000 0.0000 0.0000 0.0539 0.0000 0.6413 0.0000 0.0000 0.0262 0.0000 0.0000 0.0000 0.0000 0.0390 0.0191 0.2157 0.0046 0.0000 0.0000 0.0000 0.0000 0.0000 0.0000
97       97   (0)      6  : 0.1838 0.0000 0.0000 0.0000 0.0213 0.1415 0.0000 0.0000 0.0000 0.0016 0.1411 0.0000 0.0250 0.0477 0.0000 0.1368 0.0000 0.0198 0.0578 0.0749 0.0025 0.0168 0.1293
98       98   (0)      6  : 0.0000 0.0000 0.0497 0.0000 0.0000 0.9503 0.0000 0.0000 0.0000 0.0000 0.0000 0.0000 0.0000 0.0000 0.0000 0.0000 0.0000 0.0000 0.0000 0.0000 0.0000 0.0000 0.0000
99       99   (0)      7  : 0.0000 0.0000 0.0000 0.1667 0.0000 0.0000 0.0000 0.0000 0.2819 0.1667 0.0000 0.0000 0.0000 0.0000 0.0000 0.0000 0.2181 0.0000 0.0000 0.0000 0.0000 0.1667 0.0000
100      100   (0)      7  : 0.1456 0.0000 0.0067 0.0000 0.0000 0.1878 0.0000 0.0044 0.0595 0.0002 0.1099 0.0003 0.0084 0.0001 0.0036 0.0548 0.0394 0.0182 0.0368 0.1157 0.0000 0.0529 0.1560
101      101   (0)      7  : 0.0000 0.0000 1.0000 0.0000 0.0000 0.0000 0.0000 0.0000 0.0000 0.0000 0.0000 0.0000 0.0000 0.0000 0.0000 0.0000 0.0000 0.0000 0.0000 0.0000 0.0000 0.0000 0.0000
102      102   (0)      7  : 0.0000 0.0000 1.0000 0.0000 0.0000 0.0000 0.0000 0.0000 0.0000 0.0000 0.0000 0.0000 0.0000 0.0000 0.0000 0.0000 0.0000 0.0000 0.0000 0.0000 0.0000 0.0000 0.0000
103      103   (0)      7  : 0.2097 0.0000 0.0000 0.0000 0.0048 0.0000 0.0000 0.0000 0.0000 0.0000 0.0834 0.0194 0.0765 0.0691 0.0000 0.0449 0.0000 0.0000 0.2571 0.0124 0.0010 0.0000 0.2217
104      104   (0)      7  : 0.0658 0.0000 0.0000 0.0000 0.0083 0.0000 0.0167 0.0000 0.0000 0.0000 0.0843 0.0269 0.0234 0.0018 0.0000 0.3503 0.0000 0.0189 0.1366 0.0391 0.0071 0.0000 0.2208
105      105   (0)      7  : 0.0000 0.0000 0.0000 0.0000 0.0000 0.0000 0.0000 0.0000 0.0000 0.0000 0.0000 0.0000 0.0000 0.0000 0.0000 0.0000 0.0000 1.0000 0.0000 0.0000 0.0000 0.0000 0.0000
106      106   (0)      7  : 0.4242 0.0000 0.0000 0.0000 0.0035 0.0000 0.0000 0.0023 0.0000 0.0000 0.0603 0.0061 0.0005 0.0146 0.0000 0.0089 0.0000 0.0210 0.0871 0.0000 0.0000 0.1046 0.2669
107      107   (0)      7  : 0.6188 0.0000 0.0000 0.0000 0.0000 0.0000 0.0009 0.0000 0.0000 0.0058 0.2136 0.0083 0.0000 0.0086 0.0000 0.0207 0.0000 0.0000 0.0221 0.0914 0.0098 0.0000 0.0000
108      108   (0)      8  : 0.0000 0.0000 0.0000 0.0000 1.0000 0.0000 0.0000 0.0000 0.0000 0.0000 0.0000 0.0000 0.0000 0.0000 0.0000 0.0000 0.0000 0.0000 0.0000 0.0000 0.0000 0.0000 0.0000
109      109   (0)      8  : 0.0000 0.0000 0.0000 0.0000 0.0258 0.0000 0.0000 0.0000 0.0000 0.0032 0.0526 0.0008 0.0051 0.0000 0.0000 0.0000 0.0000 0.0199 0.2126 0.4589 0.0028 0.0000 0.2184
110      110   (0)      8  : 0.0000 0.0000 0.0000 0.0000 0.0000 0.0000 0.0000 0.0000 0.0000 0.0000 0.0000 0.0000 1.0000 0.0000 0.0000 0.0000 0.0000 0.0000 0.0000 0.0000 0.0000 0.0000 0.0000
111      111   (0)      8  : 0.0000 0.0000 0.0000 0.0000 0.0000 0.0000 0.0000 0.0000 0.0000 0.0000 0.0000 1.0000 0.0000 0.0000 0.0000 0.0000 0.0000 0.0000 0.0000 0.0000 0.0000 0.0000 0.0000
112      112   (0)      8  : 0.0000 0.0000 1.0000 0.0000 0.0000 0.0000 0.0000 0.0000 0.0000 0.0000 0.0000 0.0000 0.0000 0.0000 0.0000 0.0000 0.0000 0.0000 0.0000 0.0000 0.0000 0.0000 0.0000
113      113   (0)      8  : 0.0000 0.0000 0.0000 0.0000 0.0000 0.0000 0.0000 0.0000 0.0000 0.0000 0.3333 0.0000 0.0000 0.0000 0.0000 0.0000 0.0000 0.0000 0.3333 0.1667 0.0000 0.0000 0.1667
114      114   (0)      8  : 0.0624 0.0000 0.0000 0.0000 0.0000 0.0000 0.0000 0.0000 0.0000 0.0000 0.0000 0.0000 0.0107 0.0049 0.0000 0.0000 0.0000 0.0000 0.2124 0.1758 0.0000 0.0000 0.5339
115      115   (0)      8  : 0.0000 0.0000 0.0000 0.0000 1.0000 0.0000 0.0000 0.0000 0.0000 0.0000 0.0000 0.0000 0.0000 0.0000 0.0000 0.0000 0.0000 0.0000 0.0000 0.0000 0.0000 0.0000 0.0000
116      116   (0)      8  : 0.0000 0.0000 0.0000 0.0000 0.0000 0.0000 0.0000 0.0000 0.0000 0.0000 0.0000 1.0000 0.0000 0.0000 0.0000 0.0000 0.0000 0.0000 0.0000 0.0000 0.0000 0.0000 0.0000
117      117   (0)      8  : 0.0000 0.0000 0.0000 0.0000 0.0000 0.0000 0.0000 0.0000 0.0000 0.0000 0.0000 0.0000 0.0000 0.0000 0.0000 0.0000 0.0000 1.0000 0.0000 0.0000 0.0000 0.0000 0.0000
118      118   (0)      8  : 0.0000 0.0000 0.0000 0.0000 0.0000 0.0000 0.0000 0.0000 0.0000 0.0000 0.0000 0.0000 0.0000 0.0000 0.0000 0.0000 0.0000 0.0000 0.7434 0.2566 0.0000 0.0000 0.0000
119      119   (0)      9  : 0.0000 0.7418 0.0000 0.1667 0.0000 0.0000 0.0000 0.0000 0.0000 0.0000 0.0000 0.0000 0.0000 0.0000 0.0915 0.0000 0.0000 0.0000 0.0000 0.0000 0.0000 0.0000 0.0000
120      120   (0)     10  : 0.1256 0.0000 0.0346 0.0000 0.0308 0.0000 0.0000 0.0000 0.0000 0.0030 0.5162 0.0064 0.0000 0.0286 0.0000 0.0000 0.0000 0.0000 0.0000 0.1076 0.0011 0.0116 0.1344
121      121   (0)     10  : 0.0000 0.0000 0.0000 0.0000 0.0000 0.0000 0.0000 0.0000 0.0000 0.0000 0.5170 0.0161 0.0000 0.0000 0.0000 0.0000 0.0000 0.0000 0.2420 0.0304 0.0000 0.0000 0.1945
122      122   (0)     10  : 0.2661 0.0000 0.0000 0.0000 0.0000 0.0000 0.0000 0.0000 0.0000 0.0000 0.1781 0.0000 0.0027 0.0110 0.0000 0.1464 0.0000 0.0000 0.0000 0.0357 0.0039 0.0229 0.3333
123      123   (0)     10  : 0.1015 0.0000 0.0017 0.0106 0.0299 0.0000 0.0193 0.0000 0.0000 0.0000 0.1569 0.0129 0.0202 0.0189 0.0507 0.2757 0.0000 0.0460 0.1153 0.0080 0.0047 0.0456 0.0822
124      124   (0)     10  : 0.1718 0.0000 0.0464 0.0000 0.0012 0.0000 0.0040 0.0000 0.0000 0.0158 0.1134 0.0013 0.0000 0.0000 0.0000 0.1161 0.0000 0.0047 0.1994 0.1172 0.0086 0.0291 0.1709
125      125   (0)     10  : 0.1863 0.0000 0.0331 0.0000 0.0000 0.1240 0.0020 0.0001 0.0000 0.0109 0.3239 0.0018 0.0000 0.0428 0.0000 0.0000 0.0000 0.0000 0.0983 0.0382 0.0050 0.0381 0.0955
126      126   (0)     10  : 0.2060 0.0000 0.0068 0.0000 0.0047 0.0000 0.0000 0.0000 0.0000 0.0151 0.1403 0.0000 0.0000 0.0220 0.0000 0.0109 0.0000 0.0508 0.2440 0.1488 0.0080 0.0056 0.1371
127      127   (0)     10  : 0.1682 0.0000 0.0000 0.0000 0.0184 0.0000 0.0000 0.0000 0.0000 0.0000 0.1793 0.0081 0.0000 0.0017 0.0000 0.0000 0.0000 0.0307 0.1373 0.1305 0.0000 0.1861 0.1398
128      128   (0)     10  : 0.2372 0.0000 0.0077 0.0000 0.0005 0.0000 0.0014 0.0075 0.0000 0.0081 0.4530 0.0215 0.0000 0.0038 0.0000 0.0099 0.0000 0.0692 0.0542 0.0521 0.0028 0.0318 0.0393
129      129   (0)     10  : 0.6667 0.0000 0.0000 0.0000 0.0000 0.0000 0.0000 0.0000 0.0000 0.0000 0.1667 0.0000 0.0000 0.0000 0.0000 0.0000 0.0000 0.0000 0.0000 0.0000 0.0000 0.0000 0.1667
130      130   (0)     10  : 0.1226 0.0000 0.0000 0.0000 0.0000 0.0000 0.0000 0.0000 0.0000 0.0000 0.0685 0.0000 0.0021 0.0000 0.0000 0.0000 0.0000 0.0000 0.0522 0.0406 0.0000 0.0000 0.7140
131      131   (0)     10  : 0.2956 0.0000 0.0224 0.0000 0.0128 0.0000 0.0191 0.0000 0.0000 0.0023 0.3494 0.0247 0.0000 0.0391 0.0000 0.0036 0.0000 0.0281 0.0505 0.0928 0.0031 0.0041 0.0524
132      132   (0)     10  : 0.1506 0.0000 0.0485 0.0000 0.0033 0.0314 0.0160 0.0095 0.0000 0.0176 0.2872 0.0007 0.0000 0.0000 0.0000 0.1166 0.0000 0.0000 0.0616 0.0756 0.0086 0.0189 0.1540
133      133   (0)     10  : 0.2997 0.0020 0.0187 0.0000 0.0170 0.0002 0.0000 0.0000 0.0000 0.0035 0.4154 0.0053 0.0000 0.0237 0.0000 0.0000 0.0000 0.0000 0.0481 0.0641 0.0080 0.0580 0.0365
134      134   (0)     10  : 0.4574 0.0000 0.0420 0.0000 0.0242 0.0069 0.0000 0.0000 0.0000 0.0000 0.1508 0.0000 0.0114 0.0000 0.0000 0.0119 0.0000 0.0000 0.0621 0.0547 0.0001 0.0000 0.1785
135      135   (0)     10  : 0.2396 0.0000 0.0285 0.0000 0.0620 0.0000 0.0072 0.0000 0.0000 0.0000 0.1685 0.0027 0.0167 0.0000 0.0000 0.0068 0.0000 0.0254 0.0000 0.2411 0.0040 0.0165 0.1811
136      136   (0)     10  : 0.6246 0.0000 0.0000 0.0000 0.0000 0.0000 0.0000 0.0000 0.0000 0.0000 0.0901 0.0000 0.0062 0.0132 0.0000 0.0203 0.0000 0.0000 0.0093 0.2365 0.0000 0.0000 0.0000
137      137   (0)     11  : 0.0000 0.0249 0.0852 0.2128 0.0000 0.0000 0.0000 0.0000 0.0837 0.0069 0.0000 0.0000 0.0000 0.0000 0.0351 0.0000 0.3846 0.0000 0.0000 0.0000 0.0000 0.1668 0.0000
138      138   (0)     12  : 0.1830 0.0000 0.0342 0.0000 0.0157 0.1467 0.0018 0.0882 0.0000 0.0360 0.1272 0.0000 0.0000 0.0443 0.0000 0.0043 0.0000 0.0004 0.1504 0.0498 0.0144 0.0407 0.0629
139      139   (0)     12  : 0.0000 0.0000 0.0644 0.0160 0.0000 0.3529 0.0000 0.0000 0.0706 0.0000 0.1201 0.0000 0.0000 0.0000 0.0000 0.0000 0.1446 0.0000 0.0598 0.0591 0.0000 0.0000 0.1126
140      140   (0)     12  : 0.0000 0.0000 0.0174 0.0000 0.0000 0.0000 0.0571 0.9072 0.0000 0.0183 0.0000 0.0000 0.0000 0.0000 0.0000 0.0000 0.0000 0.0000 0.0000 0.0000 0.0000 0.0000 0.0000
141      141   (0)     12  : 0.0000 0.0000 0.0000 0.0000 0.0000 0.7712 0.0000 0.0000 0.0000 0.0000 0.0000 0.0000 0.2288 0.0000 0.0000 0.0000 0.0000 0.0000 0.0000 0.0000 0.0000 0.0000 0.0000
142      142   (0)     12  : 0.2376 0.0000 0.0481 0.0000 0.0000 0.0053 0.0000 0.0455 0.0000 0.0048 0.2142 0.0188 0.0114 0.0367 0.0000 0.0803 0.0000 0.0033 0.0312 0.1713 0.0003 0.0163 0.0748
143      143   (0)     12  : 0.0586 0.0000 0.0574 0.0000 0.0000 0.6178 0.0000 0.0000 0.0000 0.0000 0.0551 0.0000 0.0000 0.0462 0.0000 0.0000 0.0000 0.0435 0.0000 0.1214 0.0000 0.0000 0.0000
144      144   (0)     12  : 0.1829 0.0000 0.1131 0.0000 0.0000 0.0364 0.0019 0.0514 0.0000 0.0186 0.1213 0.0000 0.0052 0.0000 0.0014 0.0183 0.0000 0.0155 0.0586 0.1694 0.0000 0.0489 0.1572
145      145   (0)     12  : 0.0354 0.0000 0.0000 0.0000 0.0022 0.0000 0.1390 0.4093 0.0000 0.1667 0.0000 0.0000 0.0191 0.0043 0.0000 0.0442 0.0000 0.0029 0.0000 0.0406 0.0000 0.0655 0.0708
146      146   (0)     13  : 0.0000 0.0000 0.0000 0.0000 0.0000 0.0000 0.0000 0.0000 0.0000 0.0000 0.0000 0.0000 0.0000 0.0000 0.8333 0.0000 0.0000 0.0000 0.0000 0.0000 0.0000 0.1667 0.0000
147      147   (0)     13  : 0.0000 0.2206 0.0000 0.0681 0.0000 0.0000 0.0000 0.0000 0.0529 0.0000 0.0000 0.0000 0.0000 0.0000 0.3637 0.0000 0.2167 0.0000 0.0000 0.0000 0.0000 0.0780 0.0000
148      148   (0)     13  : 0.0000 0.0000 0.0000 0.1667 0.0000 0.0000 0.0000 0.0000 0.0000 0.0000 0.0000 0.0000 0.0000 0.0000 0.5000 0.0000 0.0000 0.0000 0.0000 0.0000 0.0000 0.3333 0.0000
149      149   (0)     13  : 0.0000 0.3333 0.0000 0.1667 0.0000 0.0000 0.0000 0.0000 0.0000 0.0000 0.0000 0.0000 0.0000 0.0000 0.0000 0.0000 0.5000 0.0000 0.0000 0.0000 0.0000 0.0000 0.0000
150      150   (0)     13  : 0.0000 0.0000 0.0000 0.0000 0.0000 0.0000 0.0000 0.0000 0.0000 0.0000 0.0000 0.0000 0.0000 0.0000 0.8333 0.0000 0.0000 0.0000 0.0000 0.0000 0.0000 0.1667 0.0000
151      151   (0)     14  : 0.0000 0.1218 0.0000 0.1658 0.0000 0.0000 0.0000 0.0000 0.0785 0.0360 0.0000 0.0000 0.0000 0.0000 0.0063 0.0000 0.3918 0.0000 0.0000 0.0000 0.0000 0.1998 0.0000
152      152   (0)     14  : 0.2486 0.0000 0.0000 0.0000 0.0088 0.0000 0.0000 0.0000 0.0000 0.0012 0.0445 0.0063 0.0000 0.0132 0.0000 0.1667 0.0000 0.0034 0.0203 0.2241 0.0026 0.0186 0.2417
153      153   (0)     15  : 0.0000 0.0000 0.0000 0.0000 0.0000 1.0000 0.0000 0.0000 0.0000 0.0000 0.0000 0.0000 0.0000 0.0000 0.0000 0.0000 0.0000 0.0000 0.0000 0.0000 0.0000 0.0000 0.0000
154      154   (0)     15  : 0.0000 0.7551 0.0000 0.0107 0.0000 0.0000 0.0000 0.0000 0.0627 0.0000 0.0000 0.0000 0.0000 0.0000 0.1596 0.0000 0.0119 0.0000 0.0000 0.0000 0.0000 0.0000 0.0000
155      155   (0)     16  : 0.3549 0.0000 0.0271 0.0000 0.0067 0.0294 0.0000 0.0016 0.0000 0.0000 0.1673 0.0211 0.0001 0.0000 0.0000 0.0167 0.0000 0.0000 0.1247 0.1011 0.0104 0.0000 0.1388
156      156   (0)     16  : 0.3410 0.0000 0.0010 0.0000 0.0037 0.0000 0.0371 0.0000 0.0000 0.0000 0.1179 0.0345 0.0579 0.0000 0.0000 0.0709 0.0000 0.0192 0.0000 0.1223 0.0000 0.0278 0.1667
157      157   (0)     17  : 0.0000 0.0000 0.0175 0.0000 0.0000 0.9825 0.0000 0.0000 0.0000 0.0000 0.0000 0.0000 0.0000 0.0000 0.0000 0.0000 0.0000 0.0000 0.0000 0.0000 0.0000 0.0000 0.0000
158      158   (0)     17  : 0.0000 0.0000 0.0000 0.0000 0.0000 0.0000 1.0000 0.0000 0.0000 0.0000 0.0000 0.0000 0.0000 0.0000 0.0000 0.0000 0.0000 0.0000 0.0000 0.0000 0.0000 0.0000 0.0000
159      159   (0)     18  : 0.4436 0.0000 0.0039 0.0000 0.0011 0.0000 0.0013 0.0000 0.0000 0.0000 0.0380 0.0020 0.0000 0.0515 0.0000 0.0469 0.0000 0.0284 0.1604 0.0993 0.0000 0.0258 0.0979
160      160   (0)     18  : 0.1169 0.0000 0.0000 0.0000 0.0064 0.0000 0.0000 0.0000 0.0000 0.0003 0.0877 0.0043 0.0379 0.0000 0.0000 0.0000 0.0000 0.0501 0.1953 0.2634 0.0006 0.0640 0.1731
161      161   (0)     18  : 0.0000 0.0000 0.0000 0.0000 0.0000 0.0000 0.0000 0.0000 0.0000 0.0101 0.0611 0.0000 0.0034 0.0020 0.0000 0.0792 0.0000 0.0002 0.0000 0.1785 0.0000 0.1667 0.4989
162      162   (0)     19  : 0.2553 0.0000 0.0194 0.0000 0.0160 0.0612 0.0000 0.0000 0.0000 0.0000 0.0955 0.1067 0.0000 0.0955 0.0000 0.0070 0.0000 0.0602 0.0178 0.2038 0.0000 0.0464 0.0152
163      163   (0)     19  : 0.0000 0.0000 0.1930 0.0872 0.0000 0.1457 0.0000 0.0000 0.0000 0.0000 0.0000 0.0000 0.0000 0.0000 0.0000 0.5167 0.0574 0.0000 0.0000 0.0000 0.0000 0.0000 0.0000
164      164   (0)     19  : 0.0000 0.0000 0.0000 0.0000 0.0028 0.0000 0.0000 0.0000 0.0000 0.0000 0.0000 0.0000 0.0000 0.0000 0.0000 0.9972 0.0000 0.0000 0.0000 0.0000 0.0000 0.0000 0.0000
