1        1   (0)      1  : 0.3004 0.0000 0.0000 0.3831 0.0000 0.2761 0.0404
2        2   (0)      1  : 0.0387 0.0416 0.1231 0.0000 0.1822 0.6144 0.0000
3        3   (0)      1  : 0.3560 0.0000 0.0000 0.2068 0.0000 0.1118 0.3254
4        4   (0)      1  : 0.1310 0.0000 0.0000 0.2782 0.0000 0.0995 0.4913
5        5   (0)      1  : 0.1340 0.0000 0.0000 0.5628 0.0000 0.1367 0.1665
6        6   (0)      1  : 0.2190 0.0000 0.0000 0.6299 0.0000 0.0383 0.1128
7        7   (0)      1  : 0.2047 0.0000 0.0000 0.2713 0.0000 0.0124 0.5116
8        8   (0)      1  : 0.2171 0.0000 0.0000 0.1568 0.0000 0.1062 0.5199
9        9   (0)      1  : 0.3853 0.0000 0.0000 0.4077 0.0000 0.0673 0.1397
10       10   (0)      1  : 0.2833 0.0000 0.0000 0.4972 0.0000 0.0490 0.1705
11       11   (0)      1  : 0.2739 0.0000 0.0457 0.3627 0.0000 0.2375 0.0802
12       12   (0)      1  : 0.0625 0.0000 0.0000 0.0000 0.0000 0.9375 0.0000
13       13   (0)      1  : 0.2927 0.0000 0.0000 0.1620 0.0000 0.0658 0.4795
14       14   (0)      2  : 0.4297 0.0000 0.0000 0.2497 0.0000 0.1294 0.1913
15       15   (0)      2  : 0.0000 0.0000 0.0000 0.0000 1.0000 0.0000 0.0000
16       16   (0)      2  : 0.7632 0.0000 0.0000 0.1128 0.0000 0.0674 0.0565
17       17   (0)      2  : 0.4558 0.0000 0.0000 0.2643 0.0000 0.0625 0.2174
18       18   (0)      2  : 0.0835 0.0000 0.0000 0.7295 0.0000 0.1554 0.0317
19       19   (0)      2  : 0.3832 0.0000 0.0000 0.4202 0.0000 0.1203 0.0764
20       20   (0)      2  : 0.2151 0.0000 0.0423 0.4610 0.0000 0.1380 0.1436
21       21   (0)      2  : 0.2353 0.0000 0.0000 0.2454 0.0000 0.2387 0.2806
22       22   (0)      2  : 0.2478 0.0000 0.0948 0.3753 0.0000 0.1430 0.1391
23       23   (0)      2  : 0.1611 0.0000 0.4473 0.0805 0.0000 0.2423 0.0688
24       24   (0)      2  : 0.4774 0.0000 0.0000 0.2364 0.0000 0.2108 0.0754
25       25   (0)      2  : 0.4241 0.0000 0.0000 0.2661 0.0000 0.2334 0.0764
26       26   (0)      2  : 0.2144 0.0000 0.4065 0.1829 0.0000 0.1591 0.0371
27       27   (0)      2  : 0.5537 0.0000 0.0000 0.2059 0.0000 0.1083 0.1321
28       28   (0)      3  : 0.0000 1.0000 0.0000 0.0000 0.0000 0.0000 0.0000
29       29   (0)      3  : 0.2500 0.0000 0.0000 0.0802 0.0000 0.1661 0.5037
30       30   (0)      3  : 0.0000 0.0000 1.0000 0.0000 0.0000 0.0000 0.0000
31       31   (0)      3  : 0.0585 0.0000 0.5299 0.0292 0.0000 0.0030 0.3795
32       32   (0)      3  : 0.0000 0.0000 0.0000 0.0000 1.0000 0.0000 0.0000
33       33   (0)      3  : 0.7261 0.0000 0.0000 0.1067 0.0000 0.1313 0.0358
34       34   (0)      3  : 0.0000 0.0000 0.0000 0.0000 1.0000 0.0000 0.0000
35       35   (0)      3  : 0.0000 0.2435 0.0000 0.0000 0.7565 0.0000 0.0000
36       36   (0)      3  : 0.0000 0.0000 0.0000 0.0000 1.0000 0.0000 0.0000
37       37   (0)      3  : 0.0456 0.0000 0.0000 0.6509 0.0000 0.1436 0.1599
38       38   (0)      3  : 0.0000 0.0000 1.0000 0.0000 0.0000 0.0000 0.0000
39       39   (0)      3  : 0.0000 0.0000 1.0000 0.0000 0.0000 0.0000 0.0000
40       40   (0)      3  : 0.3106 0.0000 0.0000 0.1808 0.0000 0.3211 0.1875
41       41   (0)      3  : 0.3785 0.0000 0.0000 0.3662 0.0000 0.0931 0.1623
42       42   (0)      3  : 0.0000 0.0000 0.0000 0.0000 1.0000 0.0000 0.0000
43       43   (0)      3  : 0.0000 0.1524 0.0000 0.0000 0.8476 0.0000 0.0000
44       44   (0)      3  : 0.1875 0.0000 0.0000 0.2273 0.0000 0.0227 0.5625
45       45   (0)      3  : 0.7103 0.0000 0.0000 0.0508 0.0000 0.0625 0.1764
46       46   (0)      4  : 0.0000 1.0000 0.0000 0.0000 0.0000 0.0000 0.0000
47       47   (0)      4  : 0.0000 1.0000 0.0000 0.0000 0.0000 0.0000 0.0000
48       48   (0)      4  : 0.2188 0.0000 0.0000 0.2672 0.0000 0.1216 0.3924
49       49   (0)      4  : 0.1100 0.0007 0.0111 0.0634 0.0000 0.2519 0.5629
50       50   (0)      4  : 0.0233 0.0000 0.0323 0.3164 0.0000 0.2994 0.3286
51       51   (0)      4  : 0.2292 0.0000 0.0468 0.1955 0.0000 0.2619 0.2667
52       52   (0)      4  : 0.1885 0.0000 0.0007 0.2710 0.0000 0.3991 0.1408
53       53   (0)      4  : 0.1875 0.0000 0.0000 0.0748 0.0000 0.1250 0.6127
54       54   (0)      4  : 0.2673 0.0000 0.0000 0.2670 0.0000 0.0112 0.4544
55       55   (0)      4  : 0.0841 0.0000 0.6605 0.0211 0.0000 0.0428 0.1915
56       56   (0)      4  : 0.2173 0.0000 0.0000 0.3452 0.0000 0.0625 0.3750
57       57   (0)      5  : 0.1749 0.0000 0.0000 0.4029 0.0000 0.2919 0.1303
58       58   (0)      5  : 0.2898 0.0438 0.0027 0.3481 0.0000 0.1988 0.1168
59       59   (0)      5  : 0.2834 0.0000 0.0000 0.2841 0.0000 0.3178 0.1147
60       60   (0)      5  : 0.0000 1.0000 0.0000 0.0000 0.0000 0.0000 0.0000
61       61   (0)      5  : 0.0000 1.0000 0.0000 0.0000 0.0000 0.0000 0.0000
62       62   (0)      5  : 0.0000 0.0000 0.1059 0.0000 0.8271 0.0597 0.0072
63       63   (0)      6  : 0.0000 0.0000 0.0000 0.0000 1.0000 0.0000 0.0000
64       64   (0)      6  : 0.0000 1.0000 0.0000 0.0000 0.0000 0.0000 0.0000
65       65   (0)      6  : 0.0000 0.0000 0.0000 0.0000 1.0000 0.0000 0.0000
66       66   (0)      6  : 0.0856 0.6669 0.0000 0.0959 0.0852 0.0308 0.0356
67       67   (0)      6  : 0.0000 1.0000 0.0000 0.0000 0.0000 0.0000 0.0000
68       68   (0)      6  : 0.0000 0.7833 0.1261 0.0000 0.0906 0.0000 0.0000
69       69   (0)      6  : 0.2407 0.0626 0.0292 0.2282 0.0806 0.1265 0.2322
70       70   (0)      6  : 0.0000 1.0000 0.0000 0.0000 0.0000 0.0000 0.0000
71       71   (0)      6  : 0.6447 0.0000 0.0000 0.2217 0.0000 0.0086 0.1250
72       72   (0)      6  : 0.0000 1.0000 0.0000 0.0000 0.0000 0.0000 0.0000
73       73   (0)      6  : 0.0000 0.0000 0.0592 0.0000 0.9408 0.0000 0.0000
74       74   (0)      6  : 0.0000 0.8653 0.1347 0.0000 0.0000 0.0000 0.0000
75       75   (0)      6  : 0.0000 0.0000 0.0817 0.0000 0.9183 0.0000 0.0000
76       76   (0)      6  : 0.0000 0.8312 0.1688 0.0000 0.0000 0.0000 0.0000
77       77   (0)      6  : 0.0000 0.8153 0.1847 0.0000 0.0000 0.0000 0.0000
78       78   (0)      6  : 0.0000 0.0000 0.2228 0.0000 0.7772 0.0000 0.0000
79       79   (0)      6  : 0.0000 0.0000 0.0000 0.0000 1.0000 0.0000 0.0000
80       80   (0)      7  : 0.0258 0.0000 0.0000 0.7615 0.0000 0.2012 0.0115
81       81   (0)      8  : 0.0583 0.0000 0.0447 0.6984 0.0000 0.1013 0.0973
82       82   (0)      9  : 0.0000 0.0000 1.0000 0.0000 0.0000 0.0000 0.0000
83       83   (0)     10  : 0.1156 0.0000 0.1287 0.3397 0.0000 0.2047 0.2114
84       84   (0)     11  : 0.1592 0.0000 0.0000 0.5743 0.0000 0.1533 0.1132
85       85   (0)     11  : 0.0684 0.0000 0.4499 0.4131 0.0000 0.0000 0.0686
86       86   (0)     12  : 0.2080 0.0000 0.4441 0.1388 0.0000 0.1399 0.0692
87       87   (0)     12  : 0.2955 0.0000 0.1766 0.3030 0.0000 0.1007 0.1242
88       88   (0)     12  : 0.5343 0.0000 0.0000 0.2711 0.0000 0.0772 0.1174
89       89   (0)     12  : 0.2051 0.0000 0.1682 0.3294 0.0000 0.0611 0.2361
90       90   (0)     12  : 0.0000 0.0000 0.0000 0.0000 1.0000 0.0000 0.0000
91       91   (0)     12  : 0.1521 0.0000 0.0000 0.3124 0.0000 0.1333 0.4022
92       92   (0)     12  : 0.1869 0.0000 0.0000 0.4179 0.0000 0.1361 0.2591
93       93   (0)     12  : 0.5106 0.0000 0.0000 0.1901 0.0000 0.1875 0.1118
94       94   (0)     13  : 0.1839 0.0000 0.0000 0.5751 0.0000 0.0160 0.2250
