nohup: ignoring input
	-> angsd version: 0.940-dirty (htslib: 1.16) build(Sep 19 2025 12:28:47)
	-> angsd -b bamsClones -GL 1 -uniqueOnly 1 -remove_bads 1 -minMapQ 20 -minQ 30 -dosnpstat 1 -doHWE 1 -hwe_pval 1e-5 -sb_pval 1e-5 -hetbias_pval 1e-5 -skipTriallelic 1 -minInd 96 -snp_pval 1e-6 -minMaf 0.05 -doMajorMinor 1 -doMaf 1 -doCounts 1 -makeMatrix 1 -doIBS 1 -doCov 1 -doGeno 8 -doBcf 1 -doPost 1 -doGlf 2 -P 1 -out mcavClones 
	-> Inputtype is BAM/CRAM
[multiReader] 120 samples in 120 input files
	-> SNP-filter using a pvalue: 1.000000e-06 correspond to 23.928127 likelihood units

[bcfoutput] 	Please add the following parameters 
		 '-gl 1 -dopost 1 -domajorminor 1 -domaf 1 -dobcf 1 --ignore-RG 0 -dogeno 1 -docounts 1'

	-> Inputtype is BAM/CRAM
	-> Parsing 120 number of samples 
	-> Printing at chr: Sc0000000 pos:613011 chunknumber 100 contains 36 sites
	-> Printing at chr: Sc0000000 pos:1485514 chunknumber 200 contains 36 sites
	-> Printing at chr: Sc0000001 pos:402222 chunknumber 300 contains 106 sites
	-> Printing at chr: Sc0000001 pos:1263600 chunknumber 400 contains 191 sites
	-> Printing at chr: Sc0000002 pos:53342 chunknumber 500 contains 35 sites
	-> Printing at chr: Sc0000002 pos:664319 chunknumber 600 contains 36 sites
	-> Printing at chr: Sc0000002 pos:1460792 chunknumber 700 contains 36 sites
	-> Printing at chr: Sc0000003 pos:342608 chunknumber 800 contains 36 sites
	-> Printing at chr: Sc0000003 pos:1022029 chunknumber 900 contains 36 sites
	-> Printing at chr: Sc0000004 pos:49898 chunknumber 1000 contains 72 sites
	-> Printing at chr: Sc0000004 pos:662270 chunknumber 1100 contains 36 sites
	-> Printing at chr: Sc0000004 pos:1299355 chunknumber 1200 contains 72 sites
	-> Printing at chr: Sc0000005 pos:504192 chunknumber 1300 contains 216 sites
	-> Printing at chr: Sc0000005 pos:1427504 chunknumber 1400 contains 504 sites
	-> Printing at chr: Sc0000006 pos:669355 chunknumber 1500 contains 108 sites
	-> Printing at chr: Sc0000006 pos:1267773 chunknumber 1600 contains 36 sites
	-> Printing at chr: Sc0000007 pos:620469 chunknumber 1700 contains 108 sites
	-> Printing at chr: Sc0000007 pos:1351493 chunknumber 1800 contains 36 sites
	-> Printing at chr: Sc0000008 pos:687386 chunknumber 1900 contains 241 sites
	-> Printing at chr: Sc0000009 pos:126869 chunknumber 2000 contains 36 sites
	-> Printing at chr: Sc0000009 pos:813472 chunknumber 2100 contains 72 sites
	-> Printing at chr: Sc0000010 pos:130634 chunknumber 2200 contains 58 sites
	-> Printing at chr: Sc0000010 pos:922644 chunknumber 2300 contains 46 sites
	-> Printing at chr: Sc0000011 pos:318805 chunknumber 2400 contains 72 sites
	-> Printing at chr: Sc0000011 pos:996948 chunknumber 2500 contains 108 sites
	-> Printing at chr: Sc0000012 pos:326491 chunknumber 2600 contains 72 sites
	-> Printing at chr: Sc0000012 pos:1217219 chunknumber 2700 contains 36 sites
	-> Printing at chr: Sc0000013 pos:790164 chunknumber 2800 contains 72 sites
	-> Printing at chr: Sc0000014 pos:133863 chunknumber 2900 contains 72 sites
	-> Printing at chr: Sc0000014 pos:848456 chunknumber 3000 contains 108 sites
	-> Printing at chr: Sc0000015 pos:327569 chunknumber 3100 contains 37 sites
	-> Printing at chr: Sc0000015 pos:1006749 chunknumber 3200 contains 72 sites
	-> Printing at chr: Sc0000016 pos:612853 chunknumber 3300 contains 72 sites
	-> Printing at chr: Sc0000017 pos:239725 chunknumber 3400 contains 36 sites
	-> Printing at chr: Sc0000017 pos:908267 chunknumber 3500 contains 156 sites
	-> Printing at chr: Sc0000018 pos:640661 chunknumber 3600 contains 72 sites
	-> Printing at chr: Sc0000019 pos:259276 chunknumber 3700 contains 36 sites
	-> Printing at chr: Sc0000019 pos:980958 chunknumber 3800 contains 36 sites
	-> Printing at chr: Sc0000020 pos:361894 chunknumber 3900 contains 72 sites
	-> Printing at chr: Sc0000020 pos:934219 chunknumber 4000 contains 144 sites
	-> Printing at chr: Sc0000021 pos:501909 chunknumber 4100 contains 72 sites
	-> Printing at chr: Sc0000022 pos:29780 chunknumber 4200 contains 143 sites
	-> Printing at chr: Sc0000022 pos:676800 chunknumber 4300 contains 36 sites
	-> Printing at chr: Sc0000023 pos:322666 chunknumber 4400 contains 34 sites
	-> Printing at chr: Sc0000023 pos:1125402 chunknumber 4500 contains 36 sites
	-> Printing at chr: Sc0000024 pos:682857 chunknumber 4600 contains 158 sites
	-> Printing at chr: Sc0000025 pos:248779 chunknumber 4700 contains 72 sites
	-> Printing at chr: Sc0000026 pos:10016 chunknumber 4800 contains 36 sites
	-> Printing at chr: Sc0000026 pos:740304 chunknumber 4900 contains 36 sites
	-> Printing at chr: Sc0000027 pos:507952 chunknumber 5000 contains 36 sites
	-> Printing at chr: Sc0000028 pos:72950 chunknumber 5100 contains 36 sites
	-> Printing at chr: Sc0000028 pos:901425 chunknumber 5200 contains 36 sites
	-> Printing at chr: Sc0000029 pos:648915 chunknumber 5300 contains 72 sites
	-> Printing at chr: Sc0000030 pos:455789 chunknumber 5400 contains 72 sites
	-> Printing at chr: Sc0000031 pos:182411 chunknumber 5500 contains 105 sites
	-> Printing at chr: Sc0000031 pos:976022 chunknumber 5600 contains 72 sites
	-> Printing at chr: Sc0000032 pos:620175 chunknumber 5700 contains 72 sites
	-> Printing at chr: Sc0000033 pos:379212 chunknumber 5800 contains 180 sites
	-> Printing at chr: Sc0000034 pos:154798 chunknumber 5900 contains 178 sites
	-> Printing at chr: Sc0000034 pos:792011 chunknumber 6000 contains 141 sites
	-> Printing at chr: Sc0000035 pos:351649 chunknumber 6100 contains 71 sites
	-> Printing at chr: Sc0000036 pos:282631 chunknumber 6200 contains 72 sites
	-> Printing at chr: Sc0000037 pos:355207 chunknumber 6300 contains 36 sites
	-> Printing at chr: Sc0000038 pos:126382 chunknumber 6400 contains 72 sites
	-> Printing at chr: Sc0000038 pos:966783 chunknumber 6500 contains 72 sites
	-> Printing at chr: Sc0000039 pos:681034 chunknumber 6600 contains 76 sites
	-> Printing at chr: Sc0000040 pos:526015 chunknumber 6700 contains 36 sites
	-> Printing at chr: Sc0000041 pos:450954 chunknumber 6800 contains 288 sites
	-> Printing at chr: Sc0000042 pos:298916 chunknumber 6900 contains 179 sites
	-> Printing at chr: Sc0000043 pos:236819 chunknumber 7000 contains 180 sites
	-> Printing at chr: Sc0000043 pos:925872 chunknumber 7100 contains 63 sites
	-> Printing at chr: Sc0000044 pos:924344 chunknumber 7200 contains 34 sites
	-> Printing at chr: Sc0000045 pos:822336 chunknumber 7300 contains 346 sites
	-> Printing at chr: Sc0000046 pos:801793 chunknumber 7400 contains 36 sites
	-> Printing at chr: Sc0000047 pos:654035 chunknumber 7500 contains 72 sites
	-> Printing at chr: Sc0000048 pos:396524 chunknumber 7600 contains 36 sites
	-> Printing at chr: Sc0000049 pos:125776 chunknumber 7700 contains 97 sites
	-> Printing at chr: Sc0000049 pos:769336 chunknumber 7800 contains 36 sites
	-> Printing at chr: Sc0000050 pos:584771 chunknumber 7900 contains 36 sites
	-> Printing at chr: Sc0000051 pos:343196 chunknumber 8000 contains 108 sites
	-> Printing at chr: Sc0000052 pos:305737 chunknumber 8100 contains 36 sites
	-> Printing at chr: Sc0000053 pos:397094 chunknumber 8200 contains 36 sites
	-> Printing at chr: Sc0000054 pos:299063 chunknumber 8300 contains 72 sites
	-> Printing at chr: Sc0000055 pos:88544 chunknumber 8400 contains 36 sites
	-> Printing at chr: Sc0000055 pos:693934 chunknumber 8500 contains 104 sites
	-> Printing at chr: Sc0000056 pos:577207 chunknumber 8600 contains 286 sites
	-> Printing at chr: Sc0000057 pos:532032 chunknumber 8700 contains 36 sites
	-> Printing at chr: Sc0000058 pos:353514 chunknumber 8800 contains 36 sites
	-> Printing at chr: Sc0000059 pos:450927 chunknumber 8900 contains 36 sites
	-> Printing at chr: Sc0000060 pos:240955 chunknumber 9000 contains 70 sites
	-> Printing at chr: Sc0000060 pos:840158 chunknumber 9100 contains 2 sites
	-> Printing at chr: Sc0000062 pos:60261 chunknumber 9200 contains 72 sites
	-> Printing at chr: Sc0000063 pos:171071 chunknumber 9300 contains 108 sites
	-> Printing at chr: Sc0000064 pos:151879 chunknumber 9400 contains 36 sites
	-> Printing at chr: Sc0000065 pos:189888 chunknumber 9500 contains 36 sites
	-> Printing at chr: Sc0000066 pos:87226 chunknumber 9600 contains 36 sites
	-> Printing at chr: Sc0000066 pos:741051 chunknumber 9700 contains 275 sites
	-> Printing at chr: Sc0000067 pos:556887 chunknumber 9800 contains 36 sites
	-> Printing at chr: Sc0000068 pos:534337 chunknumber 9900 contains 72 sites
	-> Printing at chr: Sc0000069 pos:467237 chunknumber 10000 contains 36 sites
	-> Printing at chr: Sc0000070 pos:572584 chunknumber 10100 contains 36 sites
	-> Printing at chr: Sc0000071 pos:526710 chunknumber 10200 contains 72 sites
	-> Printing at chr: Sc0000072 pos:524368 chunknumber 10300 contains 36 sites
	-> Printing at chr: Sc0000073 pos:303466 chunknumber 10400 contains 108 sites
	-> Printing at chr: Sc0000074 pos:218823 chunknumber 10500 contains 72 sites
	-> Printing at chr: Sc0000075 pos:113726 chunknumber 10600 contains 72 sites
	-> Printing at chr: Sc0000076 pos:334976 chunknumber 10700 contains 36 sites
	-> Printing at chr: Sc0000077 pos:426454 chunknumber 10800 contains 314 sites
	-> Printing at chr: Sc0000078 pos:451556 chunknumber 10900 contains 108 sites
	-> Printing at chr: Sc0000079 pos:373288 chunknumber 11000 contains 72 sites
	-> Printing at chr: Sc0000080 pos:279189 chunknumber 11100 contains 36 sites
	-> Printing at chr: Sc0000081 pos:359370 chunknumber 11200 contains 36 sites
	-> Printing at chr: Sc0000082 pos:356618 chunknumber 11300 contains 36 sites
	-> Printing at chr: Sc0000083 pos:432000 chunknumber 11400 contains 106 sites
	-> Printing at chr: Sc0000084 pos:469310 chunknumber 11500 contains 39 sites
	-> Printing at chr: Sc0000085 pos:722681 chunknumber 11600 contains 71 sites
	-> Printing at chr: Sc0000087 pos:354519 chunknumber 11700 contains 72 sites
	-> Printing at chr: Sc0000088 pos:407164 chunknumber 11800 contains 36 sites
	-> Printing at chr: Sc0000089 pos:422805 chunknumber 11900 contains 68 sites
	-> Printing at chr: Sc0000090 pos:364104 chunknumber 12000 contains 72 sites
	-> Printing at chr: Sc0000091 pos:564519 chunknumber 12100 contains 72 sites
	-> Printing at chr: Sc0000092 pos:645062 chunknumber 12200 contains 179 sites
	-> Printing at chr: Sc0000093 pos:673802 chunknumber 12300 contains 36 sites
	-> Printing at chr: Sc0000095 pos:99361 chunknumber 12400 contains 72 sites
	-> Printing at chr: Sc0000096 pos:341465 chunknumber 12500 contains 36 sites
	-> Printing at chr: Sc0000097 pos:284750 chunknumber 12600 contains 106 sites
	-> Printing at chr: Sc0000098 pos:573359 chunknumber 12700 contains 66 sites
	-> Printing at chr: Sc0000099 pos:486698 chunknumber 12800 contains 36 sites
	-> Printing at chr: Sc0000100 pos:490018 chunknumber 12900 contains 144 sites
	-> Printing at chr: Sc0000101 pos:426254 chunknumber 13000 contains 72 sites
	-> Printing at chr: Sc0000103 pos:51075 chunknumber 13100 contains 108 sites
	-> Printing at chr: Sc0000104 pos:248907 chunknumber 13200 contains 64 sites
	-> Printing at chr: Sc0000105 pos:213549 chunknumber 13300 contains 36 sites
	-> Printing at chr: Sc0000106 pos:309358 chunknumber 13400 contains 96 sites
	-> Printing at chr: Sc0000107 pos:428194 chunknumber 13500 contains 36 sites
	-> Printing at chr: Sc0000109 pos:8054 chunknumber 13600 contains 216 sites
	-> Printing at chr: Sc0000110 pos:206986 chunknumber 13700 contains 36 sites
	-> Printing at chr: Sc0000111 pos:441608 chunknumber 13800 contains 36 sites
	-> Printing at chr: Sc0000112 pos:489889 chunknumber 13900 contains 36 sites
	-> Printing at chr: Sc0000113 pos:174665 chunknumber 14000 contains 108 sites
	-> Printing at chr: Sc0000114 pos:176764 chunknumber 14100 contains 36 sites
	-> Printing at chr: Sc0000115 pos:202529 chunknumber 14200 contains 36 sites
	-> Printing at chr: Sc0000116 pos:336861 chunknumber 14300 contains 36 sites
	-> Printing at chr: Sc0000117 pos:401233 chunknumber 14400 contains 36 sites
	-> Printing at chr: Sc0000118 pos:353839 chunknumber 14500 contains 108 sites
	-> Printing at chr: Sc0000120 pos:25106 chunknumber 14600 contains 36 sites
	-> Printing at chr: Sc0000121 pos:101577 chunknumber 14700 contains 144 sites
	-> Printing at chr: Sc0000122 pos:199633 chunknumber 14800 contains 145 sites
	-> Printing at chr: Sc0000123 pos:386570 chunknumber 14900 contains 36 sites
	-> Printing at chr: Sc0000124 pos:580874 chunknumber 15000 contains 108 sites
	-> Printing at chr: Sc0000126 pos:279049 chunknumber 15100 contains 70 sites
	-> Printing at chr: Sc0000127 pos:176475 chunknumber 15200 contains 36 sites
	-> Printing at chr: Sc0000128 pos:292948 chunknumber 15300 contains 75 sites
	-> Printing at chr: Sc0000129 pos:419821 chunknumber 15400 contains 133 sites
	-> Printing at chr: Sc0000130 pos:572393 chunknumber 15500 contains 108 sites
	-> Printing at chr: Sc0000132 pos:72524 chunknumber 15600 contains 72 sites
	-> Printing at chr: Sc0000133 pos:356554 chunknumber 15700 contains 36 sites
	-> Printing at chr: Sc0000134 pos:507955 chunknumber 15800 contains 36 sites
	-> Printing at chr: Sc0000136 pos:140769 chunknumber 15900 contains 36 sites
	-> Printing at chr: Sc0000137 pos:351192 chunknumber 16000 contains 36 sites
	-> Printing at chr: Sc0000139 pos:50010 chunknumber 16100 contains 72 sites
	-> Printing at chr: Sc0000140 pos:101044 chunknumber 16200 contains 107 sites
	-> Printing at chr: Sc0000141 pos:213134 chunknumber 16300 contains 72 sites
	-> Printing at chr: Sc0000142 pos:127225 chunknumber 16400 contains 70 sites
	-> Printing at chr: Sc0000143 pos:233621 chunknumber 16500 contains 144 sites
	-> Printing at chr: Sc0000144 pos:417155 chunknumber 16600 contains 72 sites
	-> Printing at chr: Sc0000146 pos:264171 chunknumber 16700 contains 72 sites
	-> Printing at chr: Sc0000148 pos:48294 chunknumber 16800 contains 36 sites
	-> Printing at chr: Sc0000149 pos:218663 chunknumber 16900 contains 179 sites
	-> Printing at chr: Sc0000150 pos:364630 chunknumber 17000 contains 36 sites
	-> Printing at chr: Sc0000152 pos:78947 chunknumber 17100 contains 499 sites
	-> Printing at chr: Sc0000153 pos:236671 chunknumber 17200 contains 36 sites
	-> Printing at chr: Sc0000154 pos:462033 chunknumber 17300 contains 72 sites
	-> Printing at chr: Sc0000156 pos:165530 chunknumber 17400 contains 36 sites
	-> Printing at chr: Sc0000157 pos:431378 chunknumber 17500 contains 36 sites
	-> Printing at chr: Sc0000159 pos:90289 chunknumber 17600 contains 36 sites
	-> Printing at chr: Sc0000160 pos:212690 chunknumber 17700 contains 36 sites
	-> Printing at chr: Sc0000161 pos:450124 chunknumber 17800 contains 100 sites
	-> Printing at chr: Sc0000163 pos:125493 chunknumber 17900 contains 108 sites
	-> Printing at chr: Sc0000164 pos:305183 chunknumber 18000 contains 144 sites
	-> Printing at chr: Sc0000165 pos:376762 chunknumber 18100 contains 72 sites
	-> Printing at chr: Sc0000166 pos:527463 chunknumber 18200 contains 36 sites
	-> Printing at chr: Sc0000168 pos:225497 chunknumber 18300 contains 36 sites
	-> Printing at chr: Sc0000169 pos:502914 chunknumber 18400 contains 72 sites
	-> Printing at chr: Sc0000171 pos:90467 chunknumber 18500 contains 131 sites
	-> Printing at chr: Sc0000172 pos:265226 chunknumber 18600 contains 36 sites
	-> Printing at chr: Sc0000173 pos:412078 chunknumber 18700 contains 71 sites
	-> Printing at chr: Sc0000175 pos:30888 chunknumber 18800 contains 72 sites
	-> Printing at chr: Sc0000176 pos:177512 chunknumber 18900 contains 36 sites
	-> Printing at chr: Sc0000177 pos:333866 chunknumber 19000 contains 144 sites
	-> Printing at chr: Sc0000179 pos:171483 chunknumber 19100 contains 179 sites
	-> Printing at chr: Sc0000180 pos:343284 chunknumber 19200 contains 103 sites
	-> Printing at chr: Sc0000181 pos:521893 chunknumber 19300 contains 30 sites
	-> Printing at chr: Sc0000183 pos:229619 chunknumber 19400 contains 34 sites
	-> Printing at chr: Sc0000184 pos:409752 chunknumber 19500 contains 36 sites
	-> Printing at chr: Sc0000186 pos:210245 chunknumber 19600 contains 36 sites
	-> Printing at chr: Sc0000187 pos:387940 chunknumber 19700 contains 72 sites
	-> Printing at chr: Sc0000189 pos:189025 chunknumber 19800 contains 71 sites
	-> Printing at chr: Sc0000190 pos:345559 chunknumber 19900 contains 72 sites
	-> Printing at chr: Sc0000192 pos:49501 chunknumber 20000 contains 72 sites
	-> Printing at chr: Sc0000193 pos:131349 chunknumber 20100 contains 37 sites
	-> Printing at chr: Sc0000194 pos:372828 chunknumber 20200 contains 108 sites
	-> Printing at chr: Sc0000196 pos:172076 chunknumber 20300 contains 108 sites
	-> Printing at chr: Sc0000197 pos:377352 chunknumber 20400 contains 85 sites
	-> Printing at chr: Sc0000199 pos:302152 chunknumber 20500 contains 72 sites
	-> Printing at chr: Sc0000200 pos:456383 chunknumber 20600 contains 72 sites
	-> Printing at chr: Sc0000202 pos:150785 chunknumber 20700 contains 36 sites
	-> Printing at chr: Sc0000203 pos:380941 chunknumber 20800 contains 36 sites
	-> Printing at chr: Sc0000206 pos:93673 chunknumber 20900 contains 71 sites
	-> Printing at chr: Sc0000207 pos:256520 chunknumber 21000 contains 72 sites
	-> Printing at chr: Sc0000208 pos:463738 chunknumber 21100 contains 36 sites
	-> Printing at chr: Sc0000210 pos:276418 chunknumber 21200 contains 36 sites
	-> Printing at chr: Sc0000211 pos:404521 chunknumber 21300 contains 36 sites
	-> Printing at chr: Sc0000214 pos:6359 chunknumber 21400 contains 287 sites
	-> Printing at chr: Sc0000215 pos:463759 chunknumber 21500 contains 35 sites
	-> Printing at chr: Sc0000217 pos:162815 chunknumber 21600 contains 145 sites
	-> Printing at chr: Sc0000218 pos:407962 chunknumber 21700 contains 72 sites
	-> Printing at chr: Sc0000220 pos:244826 chunknumber 21800 contains 108 sites
	-> Printing at chr: Sc0000222 pos:95866 chunknumber 21900 contains 72 sites
	-> Printing at chr: Sc0000224 pos:9613 chunknumber 22000 contains 108 sites
	-> Printing at chr: Sc0000225 pos:276088 chunknumber 22100 contains 36 sites
	-> Printing at chr: Sc0000227 pos:127783 chunknumber 22200 contains 72 sites
	-> Printing at chr: Sc0000228 pos:423830 chunknumber 22300 contains 36 sites
	-> Printing at chr: Sc0000230 pos:61104 chunknumber 22400 contains 72 sites
	-> Printing at chr: Sc0000231 pos:281888 chunknumber 22500 contains 144 sites
	-> Printing at chr: Sc0000233 pos:80773 chunknumber 22600 contains 36 sites
	-> Printing at chr: Sc0000234 pos:225108 chunknumber 22700 contains 36 sites
	-> Printing at chr: Sc0000235 pos:430956 chunknumber 22800 contains 36 sites
	-> Printing at chr: Sc0000237 pos:328760 chunknumber 22900 contains 72 sites
	-> Printing at chr: Sc0000239 pos:165045 chunknumber 23000 contains 36 sites
	-> Printing at chr: Sc0000241 pos:23384 chunknumber 23100 contains 213 sites
	-> Printing at chr: Sc0000243 pos:147957 chunknumber 23200 contains 71 sites
	-> Printing at chr: Sc0000244 pos:401503 chunknumber 23300 contains 70 sites
	-> Printing at chr: Sc0000246 pos:160010 chunknumber 23400 contains 106 sites
	-> Printing at chr: Sc0000248 pos:66846 chunknumber 23500 contains 36 sites
	-> Printing at chr: Sc0000250 pos:48537 chunknumber 23600 contains 108 sites
	-> Printing at chr: Sc0000251 pos:199573 chunknumber 23700 contains 70 sites
	-> Printing at chr: Sc0000253 pos:181035 chunknumber 23800 contains 72 sites
	-> Printing at chr: Sc0000255 pos:234448 chunknumber 23900 contains 103 sites
	-> Printing at chr: Sc0000257 pos:111060 chunknumber 24000 contains 104 sites
	-> Printing at chr: Sc0000259 pos:139194 chunknumber 24100 contains 36 sites
	-> Printing at chr: Sc0000261 pos:42254 chunknumber 24200 contains 36 sites
	-> Printing at chr: Sc0000262 pos:368333 chunknumber 24300 contains 75 sites
	-> Printing at chr: Sc0000264 pos:312115 chunknumber 24400 contains 36 sites
	-> Printing at chr: Sc0000265 pos:373866 chunknumber 24500 contains 106 sites
	-> Printing at chr: Sc0000267 pos:223787 chunknumber 24600 contains 34 sites
	-> Printing at chr: Sc0000269 pos:234053 chunknumber 24700 contains 36 sites
	-> Printing at chr: Sc0000271 pos:196354 chunknumber 24800 contains 47 sites
	-> Printing at chr: Sc0000273 pos:74919 chunknumber 24900 contains 36 sites
	-> Printing at chr: Sc0000274 pos:332217 chunknumber 25000 contains 68 sites
	-> Printing at chr: Sc0000277 pos:66005 chunknumber 25100 contains 72 sites
	-> Printing at chr: Sc0000279 pos:131612 chunknumber 25200 contains 108 sites
	-> Printing at chr: Sc0000281 pos:193218 chunknumber 25300 contains 72 sites
	-> Printing at chr: Sc0000283 pos:182539 chunknumber 25400 contains 36 sites
	-> Printing at chr: Sc0000285 pos:287961 chunknumber 25500 contains 82 sites
	-> Printing at chr: Sc0000288 pos:25113 chunknumber 25600 contains 36 sites
	-> Printing at chr: Sc0000289 pos:220190 chunknumber 25700 contains 36 sites
	-> Printing at chr: Sc0000291 pos:149948 chunknumber 25800 contains 72 sites
	-> Printing at chr: Sc0000293 pos:120033 chunknumber 25900 contains 33 sites
	-> Printing at chr: Sc0000295 pos:242104 chunknumber 26000 contains 36 sites
	-> Printing at chr: Sc0000297 pos:179256 chunknumber 26100 contains 36 sites
	-> Printing at chr: Sc0000300 pos:45876 chunknumber 26200 contains 36 sites
	-> Printing at chr: Sc0000301 pos:289209 chunknumber 26300 contains 36 sites
	-> Printing at chr: Sc0000303 pos:356262 chunknumber 26400 contains 34 sites
	-> Printing at chr: Sc0000306 pos:135563 chunknumber 26500 contains 72 sites
	-> Printing at chr: Sc0000308 pos:211855 chunknumber 26600 contains 36 sites
	-> Printing at chr: Sc0000311 pos:29540 chunknumber 26700 contains 36 sites
	-> Printing at chr: Sc0000312 pos:346468 chunknumber 26800 contains 34 sites
	-> Printing at chr: Sc0000315 pos:213236 chunknumber 26900 contains 36 sites
	-> Printing at chr: Sc0000318 pos:44923 chunknumber 27000 contains 36 sites
	-> Printing at chr: Sc0000320 pos:326479 chunknumber 27100 contains 36 sites
	-> Printing at chr: Sc0000324 pos:24177 chunknumber 27200 contains 72 sites
	-> Printing at chr: Sc0000326 pos:337923 chunknumber 27300 contains 2 sites
	-> Printing at chr: Sc0000328 pos:251686 chunknumber 27400 contains 72 sites
	-> Printing at chr: Sc0000330 pos:216090 chunknumber 27500 contains 36 sites
	-> Printing at chr: Sc0000332 pos:49714 chunknumber 27600 contains 36 sites
	-> Printing at chr: Sc0000334 pos:315412 chunknumber 27700 contains 133 sites
	-> Printing at chr: Sc0000337 pos:64985 chunknumber 27800 contains 177 sites
	-> Printing at chr: Sc0000339 pos:137571 chunknumber 27900 contains 110 sites
	-> Printing at chr: Sc0000342 pos:61057 chunknumber 28000 contains 194 sites
	-> Printing at chr: Sc0000344 pos:218753 chunknumber 28100 contains 36 sites
	-> Printing at chr: Sc0000346 pos:287333 chunknumber 28200 contains 72 sites
	-> Printing at chr: Sc0000348 pos:316250 chunknumber 28300 contains 72 sites
	-> Printing at chr: Sc0000351 pos:277625 chunknumber 28400 contains 72 sites
	-> Printing at chr: Sc0000354 pos:169763 chunknumber 28500 contains 144 sites
	-> Printing at chr: Sc0000357 pos:39821 chunknumber 28600 contains 72 sites
	-> Printing at chr: Sc0000358 pos:308634 chunknumber 28700 contains 73 sites
	-> Printing at chr: Sc0000361 pos:90542 chunknumber 28800 contains 72 sites
	-> Printing at chr: Sc0000364 pos:193912 chunknumber 28900 contains 214 sites
	-> Printing at chr: Sc0000366 pos:239027 chunknumber 29000 contains 108 sites
	-> Printing at chr: Sc0000369 pos:670 chunknumber 29100 contains 108 sites
	-> Printing at chr: Sc0000371 pos:84776 chunknumber 29200 contains 108 sites
	-> Printing at chr: Sc0000373 pos:227324 chunknumber 29300 contains 108 sites
	-> Printing at chr: Sc0000376 pos:136846 chunknumber 29400 contains 72 sites
	-> Printing at chr: Sc0000378 pos:272665 chunknumber 29500 contains 36 sites
	-> Printing at chr: Sc0000381 pos:86897 chunknumber 29600 contains 49 sites
	-> Printing at chr: Sc0000383 pos:249623 chunknumber 29700 contains 71 sites
	-> Printing at chr: Sc0000386 pos:218326 chunknumber 29800 contains 210 sites
	-> Printing at chr: Sc0000389 pos:104898 chunknumber 29900 contains 36 sites
	-> Printing at chr: Sc0000391 pos:123465 chunknumber 30000 contains 72 sites
	-> Printing at chr: Sc0000394 pos:232800 chunknumber 30100 contains 36 sites
	-> Printing at chr: Sc0000397 pos:165644 chunknumber 30200 contains 72 sites
	-> Printing at chr: Sc0000400 pos:42790 chunknumber 30300 contains 139 sites
	-> Printing at chr: Sc0000403 pos:154813 chunknumber 30400 contains 108 sites
	-> Printing at chr: Sc0000405 pos:274532 chunknumber 30500 contains 107 sites
	-> Printing at chr: Sc0000408 pos:97912 chunknumber 30600 contains 36 sites
	-> Printing at chr: Sc0000410 pos:246885 chunknumber 30700 contains 36 sites
	-> Printing at chr: Sc0000413 pos:261844 chunknumber 30800 contains 103 sites
	-> Printing at chr: Sc0000417 pos:55930 chunknumber 30900 contains 145 sites
	-> Printing at chr: Sc0000419 pos:249889 chunknumber 31000 contains 36 sites
	-> Printing at chr: Sc0000422 pos:227831 chunknumber 31100 contains 40 sites
	-> Printing at chr: Sc0000425 pos:208394 chunknumber 31200 contains 36 sites
	-> Printing at chr: Sc0000427 pos:212943 chunknumber 31300 contains 72 sites
	-> Printing at chr: Sc0000431 pos:64818 chunknumber 31400 contains 36 sites
	-> Printing at chr: Sc0000434 pos:22789 chunknumber 31500 contains 36 sites
	-> Printing at chr: Sc0000436 pos:248766 chunknumber 31600 contains 36 sites
	-> Printing at chr: Sc0000438 pos:258091 chunknumber 31700 contains 36 sites
	-> Printing at chr: Sc0000441 pos:233386 chunknumber 31800 contains 154 sites
	-> Printing at chr: Sc0000444 pos:14537 chunknumber 31900 contains 250 sites
	-> Printing at chr: Sc0000446 pos:197964 chunknumber 32000 contains 39 sites
	-> Printing at chr: Sc0000450 pos:39262 chunknumber 32100 contains 71 sites
	-> Printing at chr: Sc0000452 pos:263818 chunknumber 32200 contains 35 sites
	-> Printing at chr: Sc0000455 pos:240888 chunknumber 32300 contains 36 sites
	-> Printing at chr: Sc0000458 pos:99668 chunknumber 32400 contains 72 sites
	-> Printing at chr: Sc0000461 pos:146802 chunknumber 32500 contains 36 sites
	-> Printing at chr: Sc0000464 pos:43479 chunknumber 32600 contains 36 sites
	-> Printing at chr: Sc0000466 pos:128704 chunknumber 32700 contains 36 sites
	-> Printing at chr: Sc0000469 pos:234729 chunknumber 32800 contains 2 sites
	-> Printing at chr: Sc0000474 pos:23063 chunknumber 32900 contains 72 sites
	-> Printing at chr: Sc0000478 pos:92843 chunknumber 33000 contains 37 sites
	-> Printing at chr: Sc0000481 pos:159738 chunknumber 33100 contains 109 sites
	-> Printing at chr: Sc0000485 pos:137661 chunknumber 33200 contains 36 sites
	-> Printing at chr: Sc0000489 pos:211973 chunknumber 33300 contains 176 sites
	-> Printing at chr: Sc0000493 pos:100412 chunknumber 33400 contains 72 sites
	-> Printing at chr: Sc0000496 pos:179529 chunknumber 33500 contains 36 sites
	-> Printing at chr: Sc0000500 pos:20849 chunknumber 33600 contains 467 sites
	-> Printing at chr: Sc0000503 pos:132434 chunknumber 33700 contains 141 sites
	-> Printing at chr: Sc0000506 pos:34417 chunknumber 33800 contains 102 sites
	-> Printing at chr: Sc0000509 pos:92285 chunknumber 33900 contains 106 sites
	-> Printing at chr: Sc0000512 pos:156885 chunknumber 34000 contains 108 sites
	-> Printing at chr: Sc0000516 pos:161909 chunknumber 34100 contains 54 sites
	-> Printing at chr: Sc0000520 pos:114211 chunknumber 34200 contains 36 sites
	-> Printing at chr: Sc0000525 pos:37987 chunknumber 34300 contains 108 sites
	-> Printing at chr: Sc0000528 pos:68726 chunknumber 34400 contains 82 sites
	-> Printing at chr: Sc0000532 pos:149706 chunknumber 34500 contains 36 sites
	-> Printing at chr: Sc0000535 pos:14622 chunknumber 34600 contains 72 sites
	-> Printing at chr: Sc0000538 pos:178171 chunknumber 34700 contains 144 sites
	-> Printing at chr: Sc0000543 pos:35402 chunknumber 34800 contains 36 sites
	-> Printing at chr: Sc0000547 pos:26025 chunknumber 34900 contains 36 sites
	-> Printing at chr: Sc0000551 pos:30707 chunknumber 35000 contains 36 sites
	-> Printing at chr: Sc0000554 pos:132925 chunknumber 35100 contains 72 sites
	-> Printing at chr: Sc0000557 pos:170344 chunknumber 35200 contains 101 sites
	-> Printing at chr: Sc0000561 pos:37784 chunknumber 35300 contains 72 sites
	-> Printing at chr: Sc0000564 pos:52424 chunknumber 35400 contains 36 sites
	-> Printing at chr: Sc0000568 pos:20734 chunknumber 35500 contains 38 sites
	-> Printing at chr: Sc0000572 pos:85048 chunknumber 35600 contains 179 sites
	-> Printing at chr: Sc0000576 pos:103048 chunknumber 35700 contains 108 sites
	-> Printing at chr: Sc0000580 pos:2375 chunknumber 35800 contains 366 sites
	-> Printing at chr: Sc0000584 pos:193010 chunknumber 35900 contains 36 sites
	-> Printing at chr: Sc0000588 pos:71760 chunknumber 36000 contains 36 sites
	-> Printing at chr: Sc0000591 pos:134744 chunknumber 36100 contains 108 sites
	-> Printing at chr: Sc0000595 pos:111386 chunknumber 36200 contains 178 sites
	-> Printing at chr: Sc0000599 pos:21511 chunknumber 36300 contains 36 sites
	-> Printing at chr: Sc0000602 pos:83617 chunknumber 36400 contains 73 sites
	-> Printing at chr: Sc0000606 pos:97992 chunknumber 36500 contains 72 sites
	-> Printing at chr: Sc0000610 pos:138375 chunknumber 36600 contains 72 sites
	-> Printing at chr: Sc0000614 pos:65589 chunknumber 36700 contains 36 sites
	-> Printing at chr: Sc0000617 pos:158425 chunknumber 36800 contains 143 sites
	-> Printing at chr: Sc0000621 pos:100156 chunknumber 36900 contains 109 sites
	-> Printing at chr: Sc0000625 pos:130169 chunknumber 37000 contains 36 sites
	-> Printing at chr: Sc0000630 pos:9617 chunknumber 37100 contains 36 sites
	-> Printing at chr: Sc0000633 pos:125698 chunknumber 37200 contains 36 sites
	-> Printing at chr: Sc0000637 pos:111471 chunknumber 37300 contains 71 sites
	-> Printing at chr: Sc0000642 pos:77425 chunknumber 37400 contains 72 sites
	-> Printing at chr: Sc0000646 pos:165782 chunknumber 37500 contains 34 sites
	-> Printing at chr: Sc0000651 pos:79198 chunknumber 37600 contains 72 sites
	-> Printing at chr: Sc0000655 pos:125904 chunknumber 37700 contains 285 sites
	-> Printing at chr: Sc0000660 pos:125572 chunknumber 37800 contains 109 sites
	-> Printing at chr: Sc0000665 pos:135322 chunknumber 37900 contains 37 sites
	-> Printing at chr: Sc0000670 pos:101558 chunknumber 38000 contains 108 sites
	-> Printing at chr: Sc0000675 pos:1014 chunknumber 38100 contains 118 sites
	-> Printing at chr: Sc0000680 pos:70093 chunknumber 38200 contains 110 sites
	-> Printing at chr: Sc0000685 pos:127289 chunknumber 38300 contains 3 sites
	-> Printing at chr: Sc0000691 pos:124549 chunknumber 38400 contains 36 sites
	-> Printing at chr: Sc0000698 pos:102812 chunknumber 38500 contains 72 sites
	-> Printing at chr: Sc0000706 pos:44999 chunknumber 38600 contains 144 sites
	-> Printing at chr: Sc0000711 pos:85662 chunknumber 38700 contains 72 sites
	-> Printing at chr: Sc0000716 pos:140793 chunknumber 38800 contains 35 sites
	-> Printing at chr: Sc0000723 pos:139441 chunknumber 38900 contains 35 sites
	-> Printing at chr: Sc0000729 pos:39376 chunknumber 39000 contains 72 sites
	-> Printing at chr: Sc0000736 pos:78766 chunknumber 39100 contains 100 sites
	-> Printing at chr: Sc0000743 pos:2830 chunknumber 39200 contains 217 sites
	-> Printing at chr: Sc0000750 pos:124378 chunknumber 39300 contains 1 sites
	-> Printing at chr: Sc0000757 pos:111278 chunknumber 39400 contains 105 sites
	-> Printing at chr: Sc0000764 pos:103261 chunknumber 39500 contains 59 sites
	-> Printing at chr: Sc0000771 pos:52956 chunknumber 39600 contains 71 sites
	-> Printing at chr: Sc0000778 pos:103613 chunknumber 39700 contains 76 sites
	-> Printing at chr: Sc0000786 pos:18534 chunknumber 39800 contains 140 sites
	-> Printing at chr: Sc0000794 pos:27136 chunknumber 39900 contains 72 sites
	-> Printing at chr: Sc0000799 pos:105684 chunknumber 40000 contains 2 sites
	-> Printing at chr: Sc0000808 pos:34727 chunknumber 40100 contains 41 sites
	-> Printing at chr: Sc0000814 pos:106811 chunknumber 40200 contains 36 sites
	-> Printing at chr: Sc0000822 pos:33899 chunknumber 40300 contains 72 sites
	-> Printing at chr: Sc0000830 pos:51285 chunknumber 40400 contains 36 sites
	-> Printing at chr: Sc0000838 pos:26999 chunknumber 40500 contains 245 sites
	-> Printing at chr: Sc0000844 pos:57830 chunknumber 40600 contains 36 sites
	-> Printing at chr: Sc0000851 pos:102735 chunknumber 40700 contains 33 sites
	-> Printing at chr: Sc0000860 pos:86758 chunknumber 40800 contains 108 sites
	-> Printing at chr: Sc0000870 pos:28844 chunknumber 40900 contains 119 sites
	-> Printing at chr: Sc0000879 pos:93675 chunknumber 41000 contains 34 sites
	-> Printing at chr: Sc0000889 pos:78935 chunknumber 41100 contains 36 sites
	-> Printing at chr: Sc0000898 pos:84704 chunknumber 41200 contains 72 sites
	-> Printing at chr: Sc0000911 pos:75834 chunknumber 41300 contains 36 sites
	-> Printing at chr: Sc0000921 pos:81387 chunknumber 41400 contains 32 sites
	-> Printing at chr: Sc0000933 pos:75976 chunknumber 41500 contains 35 sites
	-> Printing at chr: Sc0000947 pos:73429 chunknumber 41600 contains 1 sites
	-> Printing at chr: Sc0000960 pos:22345 chunknumber 41700 contains 36 sites
	-> Printing at chr: Sc0000974 pos:68599 chunknumber 41800 contains 36 sites
	-> Printing at chr: Sc0000988 pos:1446 chunknumber 41900 contains 36 sites
	-> Printing at chr: Sc0000999 pos:60641 chunknumber 42000 contains 1 sites
	-> Printing at chr: Sc0001011 pos:17290 chunknumber 42100 contains 182 sites
	-> Printing at chr: Sc0001027 pos:23947 chunknumber 42200 contains 36 sites
	-> Printing at chr: Sc0001045 pos:23187 chunknumber 42300 contains 72 sites
	-> Printing at chr: Sc0001061 pos:24805 chunknumber 42400 contains 179 sites
	-> Printing at chr: Sc0001081 pos:3075 chunknumber 42500 contains 108 sites
	-> Printing at chr: Sc0001098 pos:30005 chunknumber 42600 contains 70 sites
	-> Printing at chr: Sc0001116 pos:3698 chunknumber 42700 contains 36 sites
	-> Printing at chr: Sc0001135 pos:44106 chunknumber 42800 contains 70 sites
	-> Printing at chr: Sc0001154 pos:28944 chunknumber 42900 contains 103 sites
	-> Printing at chr: Sc0001173 pos:26592 chunknumber 43000 contains 102 sites
	-> Printing at chr: Sc0001195 pos:6207 chunknumber 43100 contains 36 sites
	-> Printing at chr: Sc0001215 pos:34456 chunknumber 43200 contains 3 sites
	-> Printing at chr: Sc0001238 pos:12802 chunknumber 43300 contains 36 sites
	-> Printing at chr: Sc0001260 pos:17626 chunknumber 43400 contains 72 sites
	-> Printing at chr: Sc0001284 pos:31870 chunknumber 43500 contains 36 sites
	-> Printing at chr: Sc0001313 pos:16599 chunknumber 43600 contains 36 sites
	-> Printing at chr: Sc0001339 pos:9698 chunknumber 43700 contains 144 sites
	-> Printing at chr: Sc0001365 pos:14369 chunknumber 43800 contains 36 sites
	-> Printing at chr: Sc0001385 pos:25477 chunknumber 43900 contains 34 sites
	-> Printing at chr: Sc0001414 pos:24528 chunknumber 44000 contains 34 sites
	-> Printing at chr: Sc0001447 pos:26050 chunknumber 44100 contains 1 sites
	-> Printing at chr: Sc0001474 pos:9828 chunknumber 44200 contains 36 sites
	-> Printing at chr: Sc0001503 pos:24008 chunknumber 44300 contains 33 sites
	-> Printing at chr: Sc0001536 pos:5441 chunknumber 44400 contains 1 sites
	-> Printing at chr: Sc0001567 pos:22300 chunknumber 44500 contains 33 sites
	-> Printing at chr: Sc0001600 pos:19700 chunknumber 44600 contains 2 sites
	-> Printing at chr: Sc0001641 pos:617 chunknumber 44700 contains 72 sites
	-> Printing at chr: Sc0001677 pos:164 chunknumber 44800 contains 204 sites
	-> Printing at chr: Sc0001717 pos:16213 chunknumber 44900 contains 36 sites
	-> Printing at chr: Sc0001770 pos:10285 chunknumber 45000 contains 3 sites
	-> Printing at chr: Sc0001824 pos:8770 chunknumber 45100 contains 72 sites
	-> Printing at chr: Sc0001887 pos:3617 chunknumber 45200 contains 37 sites
	-> Printing at chr: Sc0001948 pos:3084 chunknumber 45300 contains 2 sites
	-> Printing at chr: xfSc0000000 pos:14307 chunknumber 45400 contains 180 sites
	-> Printing at chr: xfSc0000000 pos:765879 chunknumber 45500 contains 36 sites
	-> Printing at chr: xfSc0000001 pos:495807 chunknumber 45600 contains 72 sites
	-> Printing at chr: xfSc0000002 pos:122753 chunknumber 45700 contains 36 sites
	-> Printing at chr: xfSc0000002 pos:861780 chunknumber 45800 contains 143 sites
	-> Printing at chr: xfSc0000004 pos:18172 chunknumber 45900 contains 98 sites
	-> Printing at chr: xfSc0000005 pos:189186 chunknumber 46000 contains 501 sites
	-> Printing at chr: xfSc0000006 pos:314494 chunknumber 46100 contains 36 sites
	-> Printing at chr: xfSc0000007 pos:508697 chunknumber 46200 contains 36 sites
	-> Printing at chr: xfSc0000009 pos:474720 chunknumber 46300 contains 72 sites
	-> Printing at chr: xfSc0000012 pos:94927 chunknumber 46400 contains 82 sites
	-> Printing at chr: xfSc0000014 pos:32948 chunknumber 46500 contains 36 sites
	-> Printing at chr: xfSc0000016 pos:89955 chunknumber 46600 contains 119 sites
	-> Printing at chr: xfSc0000019 pos:446 chunknumber 46700 contains 75 sites
	-> Printing at chr: xfSc0000021 pos:224122 chunknumber 46800 contains 144 sites
	-> Printing at chr: xfSc0000025 pos:126441 chunknumber 46900 contains 36 sites
	-> Printing at chr: xfSc0000029 pos:111800 chunknumber 47000 contains 36 sites
	-> Printing at chr: xfSc0000033 pos:166766 chunknumber 47100 contains 36 sites
	-> Printing at chr: xfSc0000039 pos:23199 chunknumber 47200 contains 36 sites
	-> Printing at chr: xfSc0000043 pos:82945 chunknumber 47300 contains 108 sites
	-> Printing at chr: xfSc0000048 pos:100752 chunknumber 47400 contains 108 sites
	-> Printing at chr: xfSc0000053 pos:121549 chunknumber 47500 contains 144 sites
	-> Printing at chr: xfSc0000062 pos:71144 chunknumber 47600 contains 73 sites
	-> Printing at chr: xfSc0000069 pos:21109 chunknumber 47700 contains 143 sites
	-> Printing at chr: xfSc0000075 pos:90060 chunknumber 47800 contains 301 sites
	-> Printing at chr: xfSc0000083 pos:72887 chunknumber 47900 contains 106 sites
	-> Printing at chr: xfSc0000089 pos:100525 chunknumber 48000 contains 34 sites
	-> Printing at chr: xfSc0000100 pos:49560 chunknumber 48100 contains 36 sites
	-> Printing at chr: xfSc0000112 pos:59004 chunknumber 48200 contains 69 sites
	-> Printing at chr: xfSc0000135 pos:29229 chunknumber 48300 contains 36 sites
	-> Printing at chr: xfSc0000152 pos:64522 chunknumber 48400 contains 70 sites
	-> Printing at chr: xfSc0000171 pos:144 chunknumber 48500 contains 84 sites
	-> Printing at chr: xfSc0000187 pos:3875 chunknumber 48600 contains 36 sites
	-> Printing at chr: xfSc0000205 pos:32365 chunknumber 48700 contains 72 sites
	-> Printing at chr: xfSc0000220 pos:3253 chunknumber 48800 contains 395 sites
	-> Printing at chr: xfSc0000261 pos:50539 chunknumber 48900 contains 36 sites
	-> Printing at chr: xfSc0000304 pos:43695 chunknumber 49000 contains 72 sites
	-> Printing at chr: xfSc0000355 pos:509 chunknumber 49100 contains 141 sites
	-> Printing at chr: xfSc0000393 pos:38871 chunknumber 49200 contains 68 sites
	-> Printing at chr: xfSc0000453 pos:4381 chunknumber 49300 contains 36 sites
	-> Printing at chr: xfSc0000511 pos:24582 chunknumber 49400 contains 74 sites
	-> Printing at chr: xfSc0000574 pos:25954 chunknumber 49500 contains 2 sites
	-> Printing at chr: xfSc0000630 pos:5686 chunknumber 49600 contains 72 sites
	-> Printing at chr: xfSc0000688 pos:20803 chunknumber 49700 contains 36 sites
	-> Printing at chr: xfSc0000766 pos:6960 chunknumber 49800 contains 67 sites
	-> Printing at chr: xfSc0000836 pos:8635 chunknumber 49900 contains 36 sites
	-> Printing at chr: xfSc0000898 pos:5318 chunknumber 50000 contains 1 sites
	-> Printing at chr: xfSc0000963 pos:7368 chunknumber 50100 contains 72 sites
	-> Printing at chr: xfSc0001047 pos:10942 chunknumber 50200 contains 36 sites
	-> Printing at chr: xfSc0001123 pos:12517 chunknumber 50300 contains 34 sites
	-> Printing at chr: xfSc0001201 pos:1235 chunknumber 50400 contains 72 sites
	-> Printing at chr: xfSc0001287 pos:15536 chunknumber 50500 contains 36 sites
	-> Printing at chr: xfSc0001380 pos:8437 chunknumber 50600 contains 72 sites
	-> Printing at chr: xfSc0001468 pos:14206 chunknumber 50700 contains 34 sites
	-> Printing at chr: xfSc0001599 pos:12111 chunknumber 50800 contains 1 sites
	-> Printing at chr: xfSc0001733 pos:10693 chunknumber 50900 contains 1 sites
	-> Printing at chr: xfSc0001861 pos:11927 chunknumber 51000 contains 1 sites
	-> Printing at chr: xfSc0001981 pos:1084 chunknumber 51100 contains 844 sites
	-> Printing at chr: xfSc0002129 pos:3322 chunknumber 51200 contains 34 sites
	-> Printing at chr: xfSc0002245 pos:9560 chunknumber 51300 contains 67 sites
	-> Printing at chr: xfSc0002415 pos:1785 chunknumber 51400 contains 36 sites
	-> Printing at chr: xfSc0002602 pos:7499 chunknumber 51500 contains 36 sites
	-> Printing at chr: xfSc0002868 pos:7624 chunknumber 51600 contains 36 sites
	-> Printing at chr: xfSc0003177 pos:6518 chunknumber 51700 contains 37 sites
	-> Printing at chr: xfSc0003542 pos:2377 chunknumber 51800 contains 31 sites
	-> Printing at chr: xfSc0004041 pos:1592 chunknumber 51900 contains 36 sites
	-> Printing at chr: xpSc0004671 pos:494222 chunknumber 52000 contains 72 sites
	-> Printing at chr: xpSc0004672 pos:600378 chunknumber 52100 contains 36 sites
	-> Printing at chr: xpSc0004674 pos:222945 chunknumber 52200 contains 36 sites
	-> Printing at chr: xpSc0004675 pos:374407 chunknumber 52300 contains 36 sites
	-> Printing at chr: xpSc0004677 pos:174742 chunknumber 52400 contains 36 sites
	-> Printing at chr: xpSc0004679 pos:13412 chunknumber 52500 contains 105 sites
	-> Printing at chr: xpSc0004680 pos:339222 chunknumber 52600 contains 109 sites
	-> Printing at chr: xpSc0004683 pos:34046 chunknumber 52700 contains 36 sites
	-> Printing at chr: xpSc0004685 pos:147320 chunknumber 52800 contains 108 sites
	-> Printing at chr: xpSc0004689 pos:38309 chunknumber 52900 contains 99 sites
	-> Printing at chr: xpSc0004692 pos:56362 chunknumber 53000 contains 36 sites
	-> Printing at chr: xpSc0004695 pos:199371 chunknumber 53100 contains 35 sites
	-> Printing at chr: xpSc0004700 pos:183692 chunknumber 53200 contains 1 sites
	-> Printing at chr: xpSc0004704 pos:161275 chunknumber 53300 contains 36 sites
	-> Printing at chr: xpSc0004711 pos:30813 chunknumber 53400 contains 106 sites
	-> Printing at chr: xpSc0004717 pos:87224 chunknumber 53500 contains 36 sites
	-> Printing at chr: xpSc0004724 pos:16343 chunknumber 53600 contains 72 sites
	-> Printing at chr: xpSc0004733 pos:84917 chunknumber 53700 contains 36 sites
	-> Printing at chr: xpSc0004740 pos:23248 chunknumber 53800 contains 109 sites
	-> Printing at chr: xpSc0004748 pos:65944 chunknumber 53900 contains 1 sites
	-> Printing at chr: xpSc0004759 pos:46280 chunknumber 54000 contains 72 sites
	-> Printing at chr: xpSc0004771 pos:63264 chunknumber 54100 contains 71 sites
	-> Printing at chr: xpSc0004783 pos:42007 chunknumber 54200 contains 73 sites
	-> Printing at chr: xpSc0004803 pos:1784 chunknumber 54300 contains 105 sites
	-> Printing at chr: xpSc0004819 pos:41150 chunknumber 54400 contains 71 sites
	-> Printing at chr: xpSc0004842 pos:46873 chunknumber 54500 contains 36 sites
	-> Printing at chr: xpSc0004863 pos:37840 chunknumber 54600 contains 70 sites
	-> Printing at chr: xpSc0004904 pos:31792 chunknumber 54700 contains 1 sites
	-> Printing at chr: xpSc0004942 pos:2438 chunknumber 54800 contains 179 sites
	-> Printing at chr: xpSc0004974 pos:6562 chunknumber 54900 contains 105 sites
	-> Printing at chr: xpSc0005006 pos:15393 chunknumber 55000 contains 34 sites
	-> Printing at chr: xpSc0005069 pos:23628 chunknumber 55100 contains 28 sites
	-> Printing at chr: xpSc0005121 pos:5037 chunknumber 55200 contains 36 sites
	-> Printing at chr: xpSc0005190 pos:14540 chunknumber 55300 contains 36 sites
	-> Printing at chr: xpSc0005276 pos:12275 chunknumber 55400 contains 36 sites
	-> Printing at chr: xpSc0005363 pos:65 chunknumber 55500 contains 211 sites
	-> Printing at chr: xpSc0005449 pos:8975 chunknumber 55600 contains 34 sites
	-> Printing at chr: xpSc0005541 pos:10174 chunknumber 55700 contains 71 sites
	-> Printing at chr: xpSc0005636 pos:7066 chunknumber 55800 contains 36 sites
	-> Printing at chr: xpSc0005763 pos:7248 chunknumber 55900 contains 36 sites
	-> Printing at chr: xpSc0005890 pos:3217 chunknumber 56000 contains 104 sites
	-> Printing at chr: xpSc0006084 pos:5607 chunknumber 56100 contains 70 sites
	-> Printing at chr: xpSc0006287 pos:4298 chunknumber 56200 contains 1 sites
	-> Printing at chr: xpSc0006567 pos:1488 chunknumber 56300 contains 36 sites
	-> Printing at chr: xpSc0006844 pos:2485 chunknumber 56400 contains 36 sites
	-> Printing at chr: xpSc0007270 pos:156 chunknumber 56500 contains 38 sites

	-> Done reading data waiting for calculations to finish
	-> Done waiting for threads
	-> Output filenames:
		->"mcavClones.arg"
		->"mcavClones.beagle.gz"
		->"mcavClones.mafs.gz"
		->"mcavClones.hwe.gz"
		->"mcavClones.geno.gz"
		->"mcavClones.snpStat.gz"
		->"mcavClones.ibs.gz"
		->"mcavClones.ibsMat"
		->"mcavClones.covMat"
		->"mcavClones.bcf"
	-> Thu Oct  2 11:40:15 2025
	-> Arguments and parameters for all analysis are located in .arg file
	-> Total number of sites analyzed: 4292709
	-> Number of sites retained after filtering: 11983 
	[ALL done] cpu-time used =  455.30 sec
	[ALL done] walltime used =  455.00 sec
