1        1   (0)      1  : 0.2175 0.0000 0.0003 0.7783 0.0039
2        2   (0)      1  : 0.0596 0.0000 0.0278 0.8129 0.0997
3        3   (0)      1  : 0.0000 0.0000 0.0000 1.0000 0.0000
4        4   (0)      1  : 0.0000 0.0000 0.0000 1.0000 0.0000
5        5   (0)      1  : 0.5523 0.0000 0.1893 0.2144 0.0440
6        6   (0)      1  : 0.7330 0.0000 0.1355 0.0949 0.0366
7        7   (0)      1  : 0.9283 0.0000 0.0000 0.0134 0.0583
8        8   (0)      1  : 0.5919 0.0000 0.1370 0.2388 0.0322
9        9   (0)      1  : 0.0000 0.0000 0.0000 1.0000 0.0000
10       10   (0)      1  : 0.9494 0.0000 0.0000 0.0000 0.0506
11       11   (0)      1  : 0.9154 0.0000 0.0000 0.0011 0.0835
12       12   (0)      1  : 0.5248 0.0000 0.0000 0.0000 0.4752
13       13   (0)      1  : 0.9540 0.0000 0.0000 0.0000 0.0460
14       14   (0)      1  : 0.5611 0.0600 0.1411 0.1775 0.0602
15       15   (0)      1  : 0.0000 0.0000 1.0000 0.0000 0.0000
16       16   (0)      1  : 0.0000 0.0000 0.0000 1.0000 0.0000
17       17   (0)      1  : 0.0000 0.0000 0.0000 1.0000 0.0000
18       18   (0)      1  : 0.8853 0.0000 0.0000 0.0000 0.1147
19       19   (0)      1  : 0.9049 0.0000 0.0000 0.0180 0.0771
20       20   (0)      1  : 0.9350 0.0000 0.0000 0.0052 0.0599
21       21   (0)      1  : 0.0000 0.0000 0.0000 1.0000 0.0000
22       22   (0)      1  : 0.0000 0.0000 1.0000 0.0000 0.0000
23       23   (0)      1  : 0.8946 0.0000 0.0068 0.0221 0.0765
24       24   (0)      2  : 0.0000 0.0000 0.0000 1.0000 0.0000
25       25   (0)      2  : 0.9918 0.0000 0.0000 0.0000 0.0082
26       26   (0)      2  : 0.2961 0.0000 0.0000 0.6885 0.0154
27       27   (0)      2  : 0.8826 0.0000 0.0000 0.0485 0.0689
28       28   (0)      2  : 0.8930 0.0017 0.0279 0.0590 0.0184
29       29   (0)      2  : 0.8533 0.0000 0.0000 0.0632 0.0835
30       30   (0)      2  : 0.0000 1.0000 0.0000 0.0000 0.0000
31       31   (0)      2  : 0.9088 0.0000 0.0176 0.0350 0.0386
32       32   (0)      2  : 0.0000 0.0000 0.0000 1.0000 0.0000
33       33   (0)      2  : 0.8856 0.0000 0.0000 0.0000 0.1144
34       34   (0)      2  : 0.9632 0.0000 0.0000 0.0036 0.0333
35       35   (0)      2  : 0.8623 0.0000 0.0240 0.0375 0.0762
36       36   (0)      2  : 0.0000 0.0000 0.0000 1.0000 0.0000
37       37   (0)      3  : 0.9038 0.0000 0.0059 0.0217 0.0686
38       38   (0)      3  : 0.6971 0.0000 0.0000 0.0617 0.2413
39       39   (0)      3  : 0.9230 0.0000 0.0000 0.0151 0.0620
40       40   (0)      3  : 0.9158 0.0000 0.0000 0.0316 0.0526
41       41   (0)      3  : 0.9022 0.0000 0.0000 0.0244 0.0734
42       42   (0)      4  : 0.0000 1.0000 0.0000 0.0000 0.0000
43       43   (0)      4  : 0.9302 0.0156 0.0000 0.0000 0.0542
44       44   (0)      4  : 0.0000 1.0000 0.0000 0.0000 0.0000
45       45   (0)      4  : 0.0000 1.0000 0.0000 0.0000 0.0000
46       46   (0)      4  : 0.8902 0.0250 0.0128 0.0512 0.0208
47       47   (0)      4  : 0.9914 0.0000 0.0000 0.0037 0.0048
48       48   (0)      4  : 0.9421 0.0000 0.0000 0.0000 0.0579
49       49   (0)      4  : 0.9587 0.0000 0.0000 0.0181 0.0232
50       50   (0)      4  : 0.9738 0.0000 0.0000 0.0000 0.0262
51       51   (0)      4  : 0.4304 0.4025 0.1411 0.0201 0.0059
52       52   (0)      4  : 0.9284 0.0310 0.0000 0.0139 0.0266
53       53   (0)      4  : 0.9344 0.0108 0.0000 0.0000 0.0548
54       54   (0)      4  : 0.8862 0.0330 0.0117 0.0143 0.0548
55       55   (0)      4  : 0.9616 0.0000 0.0000 0.0013 0.0370
56       56   (0)      4  : 0.0000 1.0000 0.0000 0.0000 0.0000
57       57   (0)      5  : 0.9420 0.0000 0.0000 0.0204 0.0376
58       58   (0)      5  : 0.9477 0.0000 0.0000 0.0075 0.0447
59       59   (0)      5  : 0.0000 1.0000 0.0000 0.0000 0.0000
60       60   (0)      5  : 0.9655 0.0000 0.0000 0.0000 0.0345
61       61   (0)      5  : 0.3152 0.4736 0.1235 0.0067 0.0811
62       62   (0)      5  : 0.0000 1.0000 0.0000 0.0000 0.0000
63       63   (0)      5  : 0.7035 0.1809 0.0240 0.0481 0.0435
64       64   (0)      5  : 0.9048 0.0000 0.0000 0.0001 0.0951
65       65   (0)      5  : 0.9712 0.0000 0.0000 0.0000 0.0288
66       66   (0)      5  : 0.9327 0.0000 0.0000 0.0339 0.0334
67       67   (0)      5  : 0.1751 0.7518 0.0656 0.0018 0.0057
68       68   (0)      5  : 0.0000 1.0000 0.0000 0.0000 0.0000
69       69   (0)      5  : 0.6400 0.2340 0.0076 0.0332 0.0851
70       70   (0)      5  : 0.0000 1.0000 0.0000 0.0000 0.0000
71       71   (0)      5  : 0.0000 1.0000 0.0000 0.0000 0.0000
72       72   (0)      5  : 0.8231 0.1158 0.0056 0.0181 0.0375
73       73   (0)      5  : 0.9090 0.0000 0.0000 0.0386 0.0524
74       74   (0)      5  : 0.0000 1.0000 0.0000 0.0000 0.0000
75       75   (0)      6  : 0.0000 1.0000 0.0000 0.0000 0.0000
76       76   (0)      6  : 0.8826 0.0508 0.0206 0.0167 0.0293
77       77   (0)      6  : 0.0000 1.0000 0.0000 0.0000 0.0000
78       78   (0)      6  : 0.0000 1.0000 0.0000 0.0000 0.0000
79       79   (0)      6  : 0.0000 1.0000 0.0000 0.0000 0.0000
80       80   (0)      6  : 0.0000 0.0000 0.0037 0.9963 0.0000
81       81   (0)      6  : 0.0000 1.0000 0.0000 0.0000 0.0000
82       82   (0)      6  : 0.0000 1.0000 0.0000 0.0000 0.0000
83       83   (0)      6  : 0.0000 0.9669 0.0331 0.0000 0.0000
84       84   (0)      6  : 0.0000 1.0000 0.0000 0.0000 0.0000
85       85   (0)      6  : 0.0000 1.0000 0.0000 0.0000 0.0000
86       86   (0)      6  : 0.0000 1.0000 0.0000 0.0000 0.0000
87       87   (0)      6  : 0.0000 1.0000 0.0000 0.0000 0.0000
88       88   (0)      6  : 0.0000 1.0000 0.0000 0.0000 0.0000
89       89   (0)      6  : 0.0000 1.0000 0.0000 0.0000 0.0000
90       90   (0)      6  : 0.0000 0.1358 0.0000 0.8642 0.0000
91       91   (0)      6  : 0.0000 1.0000 0.0000 0.0000 0.0000
92       92   (0)      6  : 0.7998 0.0000 0.0013 0.0341 0.1649
93       93   (0)      6  : 0.0145 0.2006 0.6303 0.1528 0.0018
94       94   (0)      6  : 0.9437 0.0000 0.0000 0.0000 0.0563
95       95   (0)      6  : 0.4311 0.2051 0.3069 0.0000 0.0569
96       96   (0)      6  : 0.4726 0.2886 0.2054 0.0000 0.0334
97       97   (0)      6  : 0.8611 0.0543 0.0146 0.0009 0.0690
98       98   (0)      6  : 0.2970 0.1845 0.4675 0.0498 0.0012
99       99   (0)      7  : 0.0000 1.0000 0.0000 0.0000 0.0000
100      100   (0)      7  : 0.6831 0.1613 0.0918 0.0238 0.0399
101      101   (0)      7  : 0.0000 0.0000 1.0000 0.0000 0.0000
102      102   (0)      7  : 0.0000 0.0000 1.0000 0.0000 0.0000
103      103   (0)      7  : 0.8980 0.0000 0.0000 0.0000 0.1020
104      104   (0)      7  : 0.8317 0.0000 0.0012 0.0557 0.1115
105      105   (0)      7  : 0.8832 0.0000 0.0000 0.0547 0.0621
106      106   (0)      7  : 0.9426 0.0000 0.0000 0.0057 0.0518
107      107   (0)      7  : 0.9665 0.0000 0.0000 0.0057 0.0278
108      108   (0)      8  : 0.1505 0.0000 0.0000 0.0074 0.8421
109      109   (0)      8  : 0.9193 0.0000 0.0000 0.0119 0.0688
110      110   (0)      8  : 0.5246 0.0000 0.0000 0.0000 0.4754
111      111   (0)      8  : 0.8418 0.0000 0.0000 0.0000 0.1582
112      112   (0)      8  : 0.0000 0.0000 1.0000 0.0000 0.0000
113      113   (0)      8  : 0.9620 0.0000 0.0000 0.0000 0.0380
114      114   (0)      8  : 0.9509 0.0000 0.0000 0.0000 0.0491
115      115   (0)      8  : 0.1507 0.0000 0.0000 0.0072 0.8421
116      116   (0)      8  : 0.8419 0.0000 0.0000 0.0000 0.1581
117      117   (0)      8  : 0.7770 0.0554 0.0233 0.0436 0.1007
118      118   (0)      8  : 0.8997 0.0000 0.0000 0.0510 0.0494
119      119   (0)      9  : 0.0000 1.0000 0.0000 0.0000 0.0000
120      120   (0)     10  : 0.8780 0.0000 0.0468 0.0022 0.0730
121      121   (0)     10  : 0.9671 0.0000 0.0000 0.0000 0.0329
122      122   (0)     10  : 0.9241 0.0000 0.0000 0.0001 0.0758
123      123   (0)     10  : 0.7453 0.0703 0.0121 0.0507 0.1216
124      124   (0)     10  : 0.8971 0.0000 0.0568 0.0000 0.0461
125      125   (0)     10  : 0.8285 0.0141 0.1002 0.0349 0.0223
126      126   (0)     10  : 0.9394 0.0000 0.0196 0.0008 0.0401
127      127   (0)     10  : 0.9312 0.0000 0.0000 0.0126 0.0562
128      128   (0)     10  : 0.9221 0.0000 0.0231 0.0158 0.0391
129      129   (0)     10  : 0.9488 0.0000 0.0000 0.0164 0.0348
130      130   (0)     10  : 0.9670 0.0000 0.0011 0.0003 0.0315
131      131   (0)     10  : 0.8840 0.0000 0.0398 0.0348 0.0415
132      132   (0)     10  : 0.8285 0.0000 0.0773 0.0536 0.0406
133      133   (0)     10  : 0.8769 0.0235 0.0302 0.0144 0.0550
134      134   (0)     10  : 0.8638 0.0189 0.0563 0.0000 0.0611
135      135   (0)     10  : 0.8492 0.0000 0.0368 0.0164 0.0976
136      136   (0)     10  : 0.9320 0.0000 0.0126 0.0010 0.0545
137      137   (0)     11  : 0.0000 0.9090 0.0910 0.0000 0.0000
138      138   (0)     12  : 0.6994 0.0181 0.1138 0.1222 0.0465
139      139   (0)     12  : 0.4299 0.3121 0.2235 0.0249 0.0096
140      140   (0)     12  : 0.0000 0.0000 0.0502 0.9498 0.0000
141      141   (0)     12  : 0.3553 0.0000 0.4035 0.0751 0.1661
142      142   (0)     12  : 0.8558 0.0000 0.0618 0.0331 0.0494
143      143   (0)     12  : 0.4705 0.1479 0.3146 0.0562 0.0109
144      144   (0)     12  : 0.7679 0.0037 0.1430 0.0699 0.0155
145      145   (0)     12  : 0.3413 0.0000 0.0000 0.6204 0.0383
146      146   (0)     13  : 0.0000 1.0000 0.0000 0.0000 0.0000
147      147   (0)     13  : 0.0000 1.0000 0.0000 0.0000 0.0000
148      148   (0)     13  : 0.0000 1.0000 0.0000 0.0000 0.0000
149      149   (0)     13  : 0.0000 1.0000 0.0000 0.0000 0.0000
150      150   (0)     13  : 0.0000 1.0000 0.0000 0.0000 0.0000
151      151   (0)     14  : 0.0000 1.0000 0.0000 0.0000 0.0000
152      152   (0)     14  : 0.9300 0.0000 0.0000 0.0259 0.0441
153      153   (0)     15  : 0.3732 0.3027 0.2923 0.0042 0.0276
154      154   (0)     15  : 0.0000 0.9855 0.0145 0.0000 0.0000
155      155   (0)     16  : 0.8848 0.0000 0.0545 0.0101 0.0506
156      156   (0)     16  : 0.8635 0.0000 0.0135 0.0407 0.0823
157      157   (0)     17  : 0.2457 0.2205 0.3536 0.1194 0.0608
158      158   (0)     17  : 0.0000 0.0000 0.0048 0.9952 0.0000
159      159   (0)     18  : 0.9407 0.0000 0.0214 0.0000 0.0379
160      160   (0)     18  : 0.9441 0.0000 0.0000 0.0000 0.0559
161      161   (0)     18  : 0.9421 0.0000 0.0000 0.0000 0.0579
162      162   (0)     19  : 0.8694 0.0000 0.0702 0.0016 0.0588
163      163   (0)     19  : 0.4245 0.1857 0.2621 0.0310 0.0968
164      164   (0)     19  : 0.6967 0.0000 0.0000 0.0612 0.2421
