1        1   (0)      1  : 0.0169 0.0000 0.0000 0.5332 0.0000 0.2008 0.0000 0.1429 0.1063
2        2   (0)      1  : 0.0000 0.0138 0.0525 0.0000 0.0668 0.0000 0.0101 0.8568 0.0000
3        3   (0)      1  : 0.6276 0.0000 0.0000 0.0279 0.0000 0.1069 0.0000 0.0224 0.2152
4        4   (0)      1  : 0.0937 0.0000 0.0000 0.5851 0.0000 0.2077 0.0476 0.0517 0.0142
5        5   (0)      1  : 0.3217 0.0000 0.0000 0.4402 0.0000 0.0117 0.0476 0.1172 0.0616
6        6   (0)      1  : 0.2255 0.0000 0.0000 0.5092 0.0000 0.1780 0.0310 0.0000 0.0562
7        7   (0)      1  : 0.4286 0.0000 0.0000 0.2857 0.0000 0.2857 0.0000 0.0000 0.0000
8        8   (0)      1  : 0.5138 0.0000 0.0000 0.3080 0.0000 0.0577 0.0476 0.0000 0.0729
9        9   (0)      1  : 0.3760 0.0000 0.0000 0.3988 0.0000 0.0811 0.0165 0.0089 0.1186
10       10   (0)      1  : 0.1265 0.0000 0.0000 0.7145 0.0000 0.1114 0.0000 0.0000 0.0476
11       11   (0)      1  : 0.2767 0.0000 0.0421 0.2979 0.0000 0.0848 0.0107 0.1235 0.1644
12       12   (0)      1  : 0.0000 0.0000 0.0000 0.0000 0.0000 0.0000 0.0000 1.0000 0.0000
13       13   (0)      1  : 0.2797 0.0000 0.0000 0.3632 0.0000 0.1720 0.0000 0.0952 0.0898
14       14   (0)      2  : 0.4774 0.0000 0.0000 0.0900 0.0000 0.1709 0.0000 0.0000 0.2617
15       15   (0)      2  : 0.0000 0.0000 0.0000 0.0000 0.0476 0.0000 0.9524 0.0000 0.0000
16       16   (0)      2  : 0.3718 0.0000 0.0000 0.1051 0.0000 0.2182 0.0000 0.0476 0.2572
17       17   (0)      2  : 0.1097 0.0000 0.0000 0.6046 0.0000 0.1905 0.0000 0.0476 0.0476
18       18   (0)      2  : 0.0797 0.0000 0.0000 0.6266 0.0000 0.0752 0.0476 0.1233 0.0476
19       19   (0)      2  : 0.6033 0.0000 0.0000 0.1904 0.0000 0.0061 0.0476 0.0297 0.1228
20       20   (0)      2  : 0.1805 0.0000 0.0378 0.4518 0.0000 0.1063 0.0000 0.0732 0.1504
21       21   (0)      2  : 0.0530 0.0000 0.0000 0.5560 0.0000 0.0697 0.0000 0.2062 0.1150
22       22   (0)      2  : 0.2229 0.0000 0.0957 0.4856 0.0000 0.0880 0.0111 0.0396 0.0571
23       23   (0)      2  : 0.0524 0.0000 0.4406 0.2901 0.0000 0.0524 0.0000 0.1076 0.0568
24       24   (0)      2  : 0.2584 0.0000 0.0000 0.4874 0.0000 0.0435 0.0141 0.0660 0.1306
25       25   (0)      2  : 0.2310 0.0000 0.0000 0.4242 0.0000 0.1635 0.0000 0.0999 0.0814
26       26   (0)      2  : 0.3346 0.0000 0.4088 0.0675 0.0000 0.0020 0.0180 0.0119 0.1573
27       27   (0)      2  : 0.6880 0.0000 0.0000 0.0156 0.0000 0.0835 0.0110 0.0514 0.1503
28       28   (0)      3  : 0.0000 1.0000 0.0000 0.0000 0.0000 0.0000 0.0000 0.0000 0.0000
29       29   (0)      3  : 0.5036 0.0000 0.0000 0.0202 0.0000 0.2857 0.0000 0.0000 0.1905
30       30   (0)      3  : 0.0000 0.0000 1.0000 0.0000 0.0000 0.0000 0.0000 0.0000 0.0000
31       31   (0)      3  : 0.0451 0.0000 0.5292 0.0219 0.0000 0.3592 0.0000 0.0013 0.0433
32       32   (0)      3  : 0.0000 0.0000 0.0000 0.0000 0.0476 0.0000 0.9524 0.0000 0.0000
33       33   (0)      3  : 0.5905 0.0000 0.0000 0.0355 0.0000 0.0915 0.0000 0.0175 0.2651
34       34   (0)      3  : 0.0000 0.0000 0.0000 0.0000 1.0000 0.0000 0.0000 0.0000 0.0000
35       35   (0)      3  : 0.0000 0.2419 0.0000 0.0000 0.7050 0.0000 0.0000 0.0000 0.0532
36       36   (0)      3  : 0.0000 0.0000 0.0000 0.0000 1.0000 0.0000 0.0000 0.0000 0.0000
37       37   (0)      3  : 0.2515 0.0000 0.0000 0.4308 0.0000 0.0861 0.0476 0.1840 0.0000
38       38   (0)      3  : 0.0000 0.0000 1.0000 0.0000 0.0000 0.0000 0.0000 0.0000 0.0000
39       39   (0)      3  : 0.0000 0.0000 1.0000 0.0000 0.0000 0.0000 0.0000 0.0000 0.0000
40       40   (0)      3  : 0.1811 0.0000 0.0000 0.3693 0.0000 0.2038 0.0000 0.1321 0.1136
41       41   (0)      3  : 0.1363 0.0000 0.0000 0.2632 0.0000 0.1420 0.0000 0.0952 0.3633
42       42   (0)      3  : 0.0000 0.0000 0.0000 0.0000 0.0476 0.0000 0.9524 0.0000 0.0000
43       43   (0)      3  : 0.0000 0.1573 0.0000 0.0000 0.5995 0.0000 0.1003 0.0000 0.1429
44       44   (0)      3  : 0.0192 0.0000 0.0000 0.2151 0.0000 0.6686 0.0000 0.0000 0.0971
45       45   (0)      3  : 0.6405 0.0000 0.0000 0.0673 0.0000 0.1236 0.0000 0.0000 0.1686
46       46   (0)      4  : 0.0000 1.0000 0.0000 0.0000 0.0000 0.0000 0.0000 0.0000 0.0000
47       47   (0)      4  : 0.0000 0.9524 0.0000 0.0000 0.0000 0.0000 0.0000 0.0000 0.0476
48       48   (0)      4  : 0.0000 0.0000 0.0000 0.0893 0.0000 0.7856 0.0000 0.0000 0.1251
49       49   (0)      4  : 0.1400 0.0007 0.0074 0.1213 0.0000 0.5703 0.0000 0.0322 0.1281
50       50   (0)      4  : 0.0551 0.0000 0.0303 0.2036 0.0000 0.3923 0.0000 0.0609 0.2580
51       51   (0)      4  : 0.2770 0.0000 0.0532 0.1964 0.0000 0.2193 0.0000 0.0346 0.2195
52       52   (0)      4  : 0.1370 0.0000 0.0004 0.1959 0.0000 0.1658 0.0000 0.0165 0.4844
53       53   (0)      4  : 0.0000 0.0000 0.0000 0.0952 0.0000 0.8571 0.0000 0.0476 0.0000
54       54   (0)      4  : 0.2533 0.0000 0.0000 0.2080 0.0000 0.4919 0.0000 0.0114 0.0354
55       55   (0)      4  : 0.0330 0.0000 0.6587 0.0000 0.0000 0.2275 0.0000 0.0165 0.0643
56       56   (0)      4  : 0.1759 0.0000 0.0000 0.0849 0.0000 0.4286 0.0000 0.0476 0.2631
57       57   (0)      5  : 0.1404 0.0000 0.0000 0.2810 0.0000 0.1251 0.0091 0.1204 0.3241
58       58   (0)      5  : 0.1732 0.0308 0.0007 0.3536 0.0001 0.1605 0.0096 0.0519 0.2195
59       59   (0)      5  : 0.3640 0.0000 0.0000 0.1410 0.0000 0.0109 0.0000 0.0000 0.4842
60       60   (0)      5  : 0.0000 0.9524 0.0000 0.0000 0.0000 0.0000 0.0000 0.0000 0.0476
61       61   (0)      5  : 0.0000 0.9859 0.0000 0.0000 0.0000 0.0000 0.0000 0.0007 0.0134
62       62   (0)      5  : 0.0000 0.0000 0.0050 0.0000 0.0392 0.0000 0.9524 0.0034 0.0000
63       63   (0)      6  : 0.0000 0.0000 0.0000 0.0000 1.0000 0.0000 0.0000 0.0000 0.0000
64       64   (0)      6  : 0.0000 1.0000 0.0000 0.0000 0.0000 0.0000 0.0000 0.0000 0.0000
65       65   (0)      6  : 0.0000 0.0000 0.0000 0.0000 1.0000 0.0000 0.0000 0.0000 0.0000
66       66   (0)      6  : 0.1027 0.6680 0.0000 0.0746 0.0353 0.0005 0.0424 0.0095 0.0671
67       67   (0)      6  : 0.0000 1.0000 0.0000 0.0000 0.0000 0.0000 0.0000 0.0000 0.0000
68       68   (0)      6  : 0.0000 0.7247 0.1178 0.0000 0.1058 0.0000 0.0000 0.0000 0.0517
69       69   (0)      6  : 0.2651 0.0634 0.0272 0.2099 0.0713 0.1783 0.0090 0.0224 0.1535
70       70   (0)      6  : 0.0000 1.0000 0.0000 0.0000 0.0000 0.0000 0.0000 0.0000 0.0000
71       71   (0)      6  : 0.5902 0.0000 0.0000 0.1905 0.0000 0.0476 0.0000 0.0000 0.1717
72       72   (0)      6  : 0.0000 0.9785 0.0000 0.0000 0.0000 0.0000 0.0000 0.0000 0.0215
73       73   (0)      6  : 0.0000 0.0000 0.0028 0.0000 0.9401 0.0000 0.0000 0.0000 0.0571
74       74   (0)      6  : 0.0000 0.8366 0.1310 0.0000 0.0000 0.0000 0.0000 0.0000 0.0324
75       75   (0)      6  : 0.0000 0.0000 0.0685 0.0000 0.9315 0.0000 0.0000 0.0000 0.0000
76       76   (0)      6  : 0.0000 0.7920 0.1653 0.0000 0.0000 0.0000 0.0000 0.0000 0.0428
77       77   (0)      6  : 0.0000 0.8011 0.1815 0.0000 0.0000 0.0000 0.0000 0.0000 0.0174
78       78   (0)      6  : 0.0000 0.0000 0.2133 0.0000 0.7739 0.0000 0.0000 0.0000 0.0128
79       79   (0)      6  : 0.0000 0.0000 0.0000 0.0000 1.0000 0.0000 0.0000 0.0000 0.0000
80       80   (0)      7  : 0.0997 0.0000 0.0000 0.7325 0.0000 0.0389 0.0476 0.0056 0.0756
81       81   (0)      8  : 0.0048 0.0000 0.0369 0.6610 0.0000 0.2192 0.0083 0.0167 0.0530
82       82   (0)      9  : 0.0000 0.0000 1.0000 0.0000 0.0000 0.0000 0.0000 0.0000 0.0000
83       83   (0)     10  : 0.0877 0.0000 0.1288 0.3525 0.0000 0.1958 0.0000 0.0553 0.1799
84       84   (0)     11  : 0.2338 0.0000 0.0000 0.1834 0.0000 0.1079 0.0146 0.1962 0.2641
85       85   (0)     11  : 0.0409 0.0000 0.4495 0.3929 0.0000 0.0639 0.0000 0.0000 0.0528
86       86   (0)     12  : 0.2380 0.0000 0.4197 0.0527 0.0000 0.1058 0.0000 0.0000 0.1837
87       87   (0)     12  : 0.1969 0.0000 0.1775 0.4142 0.0000 0.0856 0.0082 0.0452 0.0723
88       88   (0)     12  : 0.4746 0.0000 0.0000 0.1908 0.0000 0.1434 0.0000 0.0181 0.1731
89       89   (0)     12  : 0.0885 0.0000 0.1687 0.5086 0.0000 0.1541 0.0140 0.0193 0.0467
90       90   (0)     12  : 0.0000 0.0000 0.0000 0.0000 0.9971 0.0000 0.0000 0.0006 0.0023
91       91   (0)     12  : 0.0617 0.0000 0.0000 0.3890 0.0000 0.2515 0.0000 0.0287 0.2691
92       92   (0)     12  : 0.1353 0.0000 0.0000 0.6368 0.0000 0.1439 0.0000 0.0602 0.0239
93       93   (0)     12  : 0.4147 0.0000 0.0000 0.2378 0.0000 0.1074 0.0000 0.0240 0.2161
94       94   (0)     13  : 0.1026 0.0000 0.0000 0.3603 0.0000 0.3028 0.0000 0.0612 0.1731
