  1        1   (0)      1 :  0.0016 0.2127 0.0004 0.0000 0.0118 0.7734 
  2        2   (0)      1 :  0.0189 0.0454 0.0247 0.0000 0.1128 0.7982 
  3        3   (0)      1 :  0.0000 0.0000 0.0000 0.0000 0.0000 1.0000 
  4        4   (0)      1 :  0.0000 0.0000 0.0000 0.0000 0.0200 0.9800 
  5        5   (0)      1 :  0.0763 0.5340 0.1509 0.0000 0.0372 0.2016 
  6        6   (0)      1 :  0.0488 0.6937 0.1149 0.0000 0.0545 0.0881 
  7        7   (0)      1 :  0.0065 0.8905 0.0000 0.0000 0.0906 0.0123 
  8        8   (0)      1 :  0.0515 0.5654 0.1107 0.0000 0.0436 0.2287 
  9        9   (0)      1 :  0.0000 0.0000 0.0000 0.0000 0.0200 0.9800 
 10       10   (0)      1 :  0.0105 0.8854 0.0000 0.0000 0.1040 0.0001 
 11       11   (0)      1 :  0.0149 0.8519 0.0000 0.0000 0.1318 0.0013 
 12       12   (0)      1 :  0.0202 0.4791 0.0000 0.0000 0.5006 0.0000 
 13       13   (0)      1 :  0.0096 0.8860 0.0000 0.0000 0.1045 0.0000 
 14       14   (0)      1 :  0.1013 0.4951 0.1103 0.0318 0.0896 0.1718 
 15       15   (0)      1 :  0.0000 0.0000 1.0000 0.0000 0.0000 0.0000 
 16       16   (0)      1 :  0.0000 0.0000 0.0000 0.0000 0.0000 1.0000 
 17       17   (0)      1 :  0.0000 0.0000 0.0000 0.0000 0.0000 1.0000 
 18       18   (0)      1 :  0.0401 0.3566 0.0000 0.0000 0.6033 0.0000 
 19       19   (0)      1 :  0.0192 0.8518 0.0000 0.0000 0.1126 0.0164 
 20       20   (0)      1 :  0.0123 0.8783 0.0000 0.0000 0.1058 0.0036 
 21       21   (0)      1 :  0.0000 0.0000 0.0000 0.0000 0.0000 1.0000 
 22       22   (0)      1 :  0.0000 0.0000 1.0000 0.0000 0.0000 0.0000 
 23       23   (0)      1 :  0.0116 0.8670 0.0069 0.0000 0.0950 0.0194 
 24       24   (0)      2 :  0.0000 0.0000 0.0000 0.0000 0.0000 1.0000 
 25       25   (0)      2 :  0.0033 0.9591 0.0000 0.0000 0.0375 0.0000 
 26       26   (0)      2 :  0.0023 0.2893 0.0000 0.0000 0.0251 0.6833 
 27       27   (0)      2 :  0.0139 0.8071 0.0000 0.0000 0.1294 0.0496 
 28       28   (0)      2 :  0.0185 0.8513 0.0239 0.0002 0.0506 0.0556 
 29       29   (0)      2 :  0.0202 0.7964 0.0000 0.0000 0.1214 0.0620 
 30       30   (0)      2 :  0.0498 0.0000 0.0000 0.9502 0.0000 0.0000 
 31       31   (0)      2 :  0.0200 0.8422 0.0119 0.0000 0.0925 0.0334 
 32       32   (0)      2 :  0.0000 0.0000 0.0000 0.0000 0.0000 1.0000 
 33       33   (0)      2 :  0.0401 0.3568 0.0000 0.0000 0.6031 0.0000 
 34       34   (0)      2 :  0.0059 0.9237 0.0000 0.0000 0.0681 0.0024 
 35       35   (0)      2 :  0.0145 0.8084 0.0255 0.0000 0.1166 0.0349 
 36       36   (0)      2 :  0.0000 0.0000 0.0000 0.0000 0.0200 0.9800 
 37       37   (0)      3 :  0.0134 0.8597 0.0048 0.0000 0.1003 0.0219 
 38       38   (0)      3 :  0.0564 0.6860 0.0000 0.0000 0.1937 0.0639 
 39       39   (0)      3 :  0.0112 0.9054 0.0000 0.0000 0.0693 0.0141 
 40       40   (0)      3 :  0.0081 0.8677 0.0009 0.0000 0.0931 0.0302 
 41       41   (0)      3 :  0.0133 0.8862 0.0000 0.0000 0.0805 0.0201 
 42       42   (0)      4 :  0.0078 0.0000 0.0000 0.9922 0.0000 0.0000 
 43       43   (0)      4 :  0.0313 0.8886 0.0000 0.0041 0.0758 0.0001 
 44       44   (0)      4 :  0.0200 0.0000 0.0000 0.9800 0.0000 0.0000 
 45       45   (0)      4 :  0.0400 0.0000 0.0000 0.9600 0.0000 0.0000 
 46       46   (0)      4 :  0.0048 0.8546 0.0134 0.0246 0.0552 0.0475 
 47       47   (0)      4 :  0.0048 0.9483 0.0000 0.0000 0.0455 0.0014 
 48       48   (0)      4 :  0.0097 0.8726 0.0000 0.0000 0.1177 0.0000 
 49       49   (0)      4 :  0.0021 0.9274 0.0000 0.0000 0.0573 0.0132 
 50       50   (0)      4 :  0.0241 0.9151 0.0000 0.0000 0.0608 0.0000 
 51       51   (0)      4 :  0.1990 0.3578 0.0752 0.3516 0.0103 0.0061 
 52       52   (0)      4 :  0.0434 0.8534 0.0000 0.0161 0.0804 0.0067 
 53       53   (0)      4 :  0.0082 0.9021 0.0000 0.0084 0.0813 0.0000 
 54       54   (0)      4 :  0.0158 0.8633 0.0119 0.0314 0.0652 0.0124 
 55       55   (0)      4 :  0.0259 0.8998 0.0000 0.0000 0.0731 0.0011 
 56       56   (0)      4 :  0.0068 0.0000 0.0000 0.9932 0.0000 0.0000 
 57       57   (0)      5 :  0.0046 0.9024 0.0000 0.0000 0.0752 0.0178 
 58       58   (0)      5 :  0.0122 0.8725 0.0000 0.0000 0.1081 0.0072 
 59       59   (0)      5 :  0.0052 0.0000 0.0000 0.9948 0.0000 0.0000 
 60       60   (0)      5 :  0.0073 0.9068 0.0000 0.0000 0.0859 0.0001 
 61       61   (0)      5 :  0.0770 0.3129 0.1040 0.4521 0.0493 0.0047 
 62       62   (0)      5 :  0.0200 0.0000 0.0000 0.9800 0.0000 0.0000 
 63       63   (0)      5 :  0.0469 0.6705 0.0129 0.1681 0.0576 0.0440 
 64       64   (0)      5 :  0.0171 0.8616 0.0000 0.0000 0.1213 0.0000 
 65       65   (0)      5 :  0.0029 0.9396 0.0000 0.0000 0.0576 0.0000 
 66       66   (0)      5 :  0.0059 0.9067 0.0000 0.0000 0.0558 0.0316 
 67       67   (0)      5 :  0.1225 0.1415 0.0408 0.6949 0.0004 0.0000 
 68       68   (0)      5 :  0.0200 0.0000 0.0000 0.9800 0.0000 0.0000 
 69       69   (0)      5 :  0.0439 0.6212 0.0055 0.2170 0.0815 0.0309 
 70       70   (0)      5 :  0.0600 0.0000 0.0000 0.9400 0.0000 0.0000 
 71       71   (0)      5 :  0.0395 0.0000 0.0000 0.9605 0.0000 0.0000 
 72       72   (0)      5 :  0.0114 0.7921 0.0038 0.1109 0.0657 0.0160 
 73       73   (0)      5 :  0.0098 0.8599 0.0000 0.0000 0.0916 0.0386 
 74       74   (0)      5 :  0.0147 0.0000 0.0000 0.9853 0.0000 0.0000 
 75       75   (0)      6 :  0.0305 0.0000 0.0000 0.9695 0.0000 0.0000 
 76       76   (0)      6 :  0.0244 0.8295 0.0146 0.0458 0.0714 0.0144 
 77       77   (0)      6 :  0.0178 0.0000 0.0000 0.9822 0.0000 0.0000 
 78       78   (0)      6 :  0.0200 0.0000 0.0000 0.9800 0.0000 0.0000 
 79       79   (0)      6 :  0.0237 0.0000 0.0000 0.9763 0.0000 0.0000 
 80       80   (0)      6 :  0.0001 0.0000 0.0022 0.0000 0.0040 0.9938 
 81       81   (0)      6 :  0.0387 0.0000 0.0000 0.9613 0.0000 0.0000 
 82       82   (0)      6 :  0.0431 0.0000 0.0000 0.9569 0.0000 0.0000 
 83       83   (0)      6 :  0.0709 0.0000 0.0210 0.9081 0.0000 0.0000 
 84       84   (0)      6 :  0.0508 0.0000 0.0000 0.9492 0.0000 0.0000 
 85       85   (0)      6 :  0.0304 0.0000 0.0000 0.9696 0.0000 0.0000 
 86       86   (0)      6 :  0.0600 0.0000 0.0000 0.9400 0.0000 0.0000 
 87       87   (0)      6 :  0.0200 0.0000 0.0000 0.9800 0.0000 0.0000 
 88       88   (0)      6 :  0.0155 0.0000 0.0000 0.9845 0.0000 0.0000 
 89       89   (0)      6 :  0.0319 0.0000 0.0000 0.9681 0.0000 0.0000 
 90       90   (0)      6 :  0.0055 0.0000 0.0000 0.1296 0.0182 0.8467 
 91       91   (0)      6 :  0.0200 0.0000 0.0000 0.9800 0.0000 0.0000 
 92       92   (0)      6 :  0.0609 0.7717 0.0003 0.0000 0.1359 0.0312 
 93       93   (0)      6 :  0.6495 0.0054 0.2265 0.0644 0.0007 0.0535 
 94       94   (0)      6 :  0.0556 0.8659 0.0000 0.0000 0.0784 0.0000 
 95       95   (0)      6 :  0.6575 0.1494 0.1102 0.0698 0.0130 0.0000 
 96       96   (0)      6 :  0.6556 0.1662 0.0729 0.0984 0.0070 0.0000 
 97       97   (0)      6 :  0.1305 0.7690 0.0047 0.0181 0.0776 0.0000 
 98       98   (0)      6 :  0.5413 0.1102 0.2709 0.0628 0.0000 0.0150 
 99       99   (0)      7 :  0.0344 0.0000 0.0000 0.9656 0.0000 0.0000 
100      100   (0)      7 :  0.1115 0.6318 0.0534 0.1400 0.0476 0.0157 
101      101   (0)      7 :  0.0000 0.0000 1.0000 0.0000 0.0000 0.0000 
102      102   (0)      7 :  0.0000 0.0000 1.0000 0.0000 0.0000 0.0000 
103      103   (0)      7 :  0.0256 0.8452 0.0000 0.0000 0.1292 0.0000 
104      104   (0)      7 :  0.0248 0.7937 0.0029 0.0000 0.1239 0.0546 
105      105   (0)      7 :  0.0122 0.8787 0.0001 0.0000 0.0581 0.0509 
106      106   (0)      7 :  0.0121 0.9150 0.0000 0.0000 0.0690 0.0040 
107      107   (0)      7 :  0.0058 0.9036 0.0000 0.0000 0.0862 0.0045 
108      108   (0)      8 :  0.2000 0.2927 0.0000 0.0000 0.5000 0.0073 
109      109   (0)      8 :  0.0135 0.8802 0.0000 0.0000 0.0971 0.0091 
110      110   (0)      8 :  0.0203 0.4790 0.0000 0.0000 0.5007 0.0000 
111      111   (0)      8 :  0.0800 0.3800 0.0000 0.0000 0.5400 0.0000 
112      112   (0)      8 :  0.0000 0.0000 1.0000 0.0000 0.0000 0.0000 
113      113   (0)      8 :  0.0063 0.9241 0.0000 0.0000 0.0692 0.0004 
114      114   (0)      8 :  0.0041 0.9274 0.0000 0.0000 0.0683 0.0002 
115      115   (0)      8 :  0.2000 0.2930 0.0000 0.0000 0.5000 0.0070 
116      116   (0)      8 :  0.0800 0.3800 0.0000 0.0000 0.5400 0.0000 
117      117   (0)      8 :  0.0952 0.7372 0.0083 0.0344 0.0883 0.0366 
118      118   (0)      8 :  0.0060 0.8951 0.0000 0.0000 0.0509 0.0480 
119      119   (0)      9 :  0.0148 0.0000 0.0000 0.9852 0.0000 0.0000 
120      120   (0)     10 :  0.0166 0.8361 0.0478 0.0000 0.0977 0.0018 
121      121   (0)     10 :  0.0095 0.9033 0.0000 0.0000 0.0872 0.0000 
122      122   (0)     10 :  0.0150 0.8864 0.0000 0.0000 0.0981 0.0005 
123      123   (0)     10 :  0.0257 0.7175 0.0125 0.0704 0.1239 0.0500 
124      124   (0)     10 :  0.0102 0.8527 0.0561 0.0000 0.0809 0.0000 
125      125   (0)     10 :  0.1036 0.7586 0.0599 0.0046 0.0552 0.0181 
126      126   (0)     10 :  0.0095 0.9015 0.0181 0.0000 0.0702 0.0007 
127      127   (0)     10 :  0.0130 0.8952 0.0000 0.0000 0.0832 0.0086 
128      128   (0)     10 :  0.0100 0.8680 0.0234 0.0000 0.0841 0.0144 
129      129   (0)     10 :  0.0049 0.9160 0.0000 0.0000 0.0653 0.0138 
130      130   (0)     10 :  0.0036 0.9565 0.0002 0.0000 0.0380 0.0017 
131      131   (0)     10 :  0.0189 0.8412 0.0360 0.0000 0.0709 0.0330 
132      132   (0)     10 :  0.0439 0.7927 0.0605 0.0000 0.0545 0.0484 
133      133   (0)     10 :  0.0352 0.8279 0.0244 0.0167 0.0858 0.0099 
134      134   (0)     10 :  0.0452 0.8232 0.0454 0.0105 0.0757 0.0000 
135      135   (0)     10 :  0.0185 0.8353 0.0371 0.0000 0.0940 0.0151 
136      136   (0)     10 :  0.0084 0.8975 0.0137 0.0000 0.0793 0.0011 
137      137   (0)     11 :  0.0260 0.0000 0.0897 0.8843 0.0000 0.0000 
138      138   (0)     12 :  0.1069 0.6382 0.0718 0.0061 0.0678 0.1092 
139      139   (0)     12 :  0.3057 0.3206 0.1234 0.2320 0.0106 0.0076 
140      140   (0)     12 :  0.0000 0.0000 0.0488 0.0000 0.0040 0.9472 
141      141   (0)     12 :  0.6206 0.1160 0.1448 0.0000 0.0889 0.0298 
142      142   (0)     12 :  0.0205 0.8106 0.0562 0.0000 0.0797 0.0330 
143      143   (0)     12 :  0.4545 0.3026 0.1647 0.0501 0.0088 0.0193 
144      144   (0)     12 :  0.0356 0.7313 0.1279 0.0011 0.0384 0.0658 
145      145   (0)     12 :  0.0039 0.3489 0.0000 0.0000 0.0336 0.6137 
146      146   (0)     13 :  0.0000 0.0000 0.0000 1.0000 0.0000 0.0000 
147      147   (0)     13 :  0.0200 0.0000 0.0000 0.9800 0.0000 0.0000 
148      148   (0)     13 :  0.0322 0.0000 0.0000 0.9678 0.0000 0.0000 
149      149   (0)     13 :  0.0369 0.0000 0.0000 0.9631 0.0000 0.0000 
150      150   (0)     13 :  0.0000 0.0000 0.0000 1.0000 0.0000 0.0000 
151      151   (0)     14 :  0.0250 0.0000 0.0000 0.9750 0.0000 0.0000 
152      152   (0)     14 :  0.0108 0.8795 0.0000 0.0000 0.0853 0.0244 
153      153   (0)     15 :  0.6533 0.1354 0.1048 0.1013 0.0048 0.0004 
154      154   (0)     15 :  0.0287 0.0000 0.0046 0.9666 0.0000 0.0000 
155      155   (0)     16 :  0.0392 0.8420 0.0408 0.0000 0.0739 0.0041 
156      156   (0)     16 :  0.0120 0.8213 0.0136 0.0000 0.1142 0.0389 
157      157   (0)     17 :  0.5749 0.0919 0.2040 0.0730 0.0143 0.0419 
158      158   (0)     17 :  0.0000 0.0000 0.0049 0.0000 0.0200 0.9751 
159      159   (0)     18 :  0.0209 0.9059 0.0150 0.0000 0.0581 0.0000 
160      160   (0)     18 :  0.0073 0.9016 0.0000 0.0000 0.0908 0.0003 
161      161   (0)     18 :  0.0098 0.8867 0.0000 0.0000 0.1032 0.0003 
162      162   (0)     19 :  0.0644 0.7820 0.0447 0.0000 0.1086 0.0002 
163      163   (0)     19 :  0.1756 0.3587 0.2148 0.1434 0.0909 0.0168 
164      164   (0)     19 :  0.0552 0.6872 0.0000 0.0000 0.1936 0.0640 
