  1        1   (0)      1 :  0.0092 0.6799 0.0045 0.0000 0.0735 0.0912 0.0064 0.0050 0.0000 0.0001 0.1095 0.0206 
  2        2   (0)      1 :  0.0619 0.4009 0.0066 0.0000 0.0000 0.4360 0.0634 0.0203 0.0000 0.0103 0.0005 0.0001 
  3        3   (0)      1 :  0.0000 0.9831 0.0000 0.0000 0.0000 0.0000 0.0000 0.0000 0.0000 0.0000 0.0000 0.0169 
  4        4   (0)      1 :  0.0000 0.4800 0.0000 0.0000 0.0000 0.5200 0.0000 0.0000 0.0000 0.0000 0.0000 0.0000 
  5        5   (0)      1 :  0.0217 0.1063 0.0952 0.0000 0.0467 0.0920 0.0101 0.0008 0.0000 0.1353 0.4658 0.0261 
  6        6   (0)      1 :  0.0182 0.0434 0.0537 0.0000 0.0689 0.0500 0.0073 0.0283 0.0000 0.1063 0.6034 0.0206 
  7        7   (0)      1 :  0.0012 0.0135 0.0055 0.0000 0.0409 0.0004 0.0530 0.0347 0.0000 0.0000 0.8139 0.0369 
  8        8   (0)      1 :  0.0156 0.1114 0.0513 0.0000 0.0265 0.1456 0.0002 0.0064 0.0000 0.0976 0.5173 0.0279 
  9        9   (0)      1 :  0.0000 0.4800 0.0000 0.0000 0.0000 0.5200 0.0000 0.0000 0.0000 0.0000 0.0000 0.0000 
 10       10   (0)      1 :  0.0166 0.0002 0.0018 0.0000 0.0890 0.0147 0.0311 0.0425 0.0000 0.0000 0.7572 0.0469 
 11       11   (0)      1 :  0.0319 0.0024 0.0046 0.0000 0.0688 0.0137 0.0622 0.0381 0.0000 0.0000 0.7473 0.0311 
 12       12   (0)      1 :  0.0000 0.0000 0.1000 0.0000 0.0000 0.0000 0.9000 0.0000 0.0000 0.0000 0.0000 0.0000 
 13       13   (0)      1 :  0.0057 0.0021 0.0016 0.0000 0.1042 0.0132 0.0267 0.0588 0.0000 0.0000 0.7470 0.0408 
 14       14   (0)      1 :  0.0011 0.1489 0.1161 0.0166 0.0342 0.0300 0.0787 0.0368 0.0057 0.0993 0.4051 0.0274 
 15       15   (0)      1 :  0.0000 0.0000 0.0000 0.0000 0.0000 0.0000 0.0000 0.0000 0.0000 1.0000 0.0000 0.0000 
 16       16   (0)      1 :  0.0400 0.7200 0.0000 0.0000 0.0000 0.0400 0.0000 0.0000 0.0000 0.0000 0.0000 0.2000 
 17       17   (0)      1 :  0.0400 0.7200 0.0000 0.0000 0.0000 0.0400 0.0000 0.0000 0.0000 0.0000 0.0000 0.2000 
 18       18   (0)      1 :  0.0400 0.0000 0.0000 0.0000 0.1200 0.2800 0.2000 0.1000 0.0000 0.0000 0.0000 0.2600 
 19       19   (0)      1 :  0.0601 0.0083 0.0044 0.0000 0.1500 0.0133 0.0239 0.0728 0.0000 0.0000 0.6399 0.0274 
 20       20   (0)      1 :  0.0086 0.0032 0.0016 0.0000 0.2082 0.0032 0.0199 0.0630 0.0000 0.0000 0.6536 0.0386 
 21       21   (0)      1 :  0.0000 0.9781 0.0000 0.0000 0.0000 0.0000 0.0000 0.0000 0.0000 0.0000 0.0000 0.0219 
 22       22   (0)      1 :  0.0000 0.0000 0.0000 0.0000 0.0000 0.0000 0.0000 0.0000 0.0000 1.0000 0.0000 0.0000 
 23       23   (0)      1 :  0.0262 0.0050 0.0048 0.0000 0.1205 0.0127 0.0489 0.0261 0.0000 0.0028 0.7252 0.0279 
 24       24   (0)      2 :  0.0046 0.9500 0.0000 0.0000 0.0000 0.0000 0.0000 0.0000 0.0000 0.0000 0.0000 0.0454 
 25       25   (0)      2 :  0.0034 0.0000 0.0004 0.0000 0.2229 0.0002 0.0000 0.0133 0.0000 0.0000 0.7350 0.0249 
 26       26   (0)      2 :  0.0091 0.5608 0.0200 0.0000 0.0517 0.1023 0.0037 0.0000 0.0000 0.0000 0.1969 0.0555 
 27       27   (0)      2 :  0.0287 0.0496 0.0029 0.0000 0.0956 0.0279 0.0451 0.0273 0.0000 0.0000 0.6762 0.0467 
 28       28   (0)      2 :  0.0028 0.0469 0.0123 0.0006 0.0721 0.0010 0.0007 0.0305 0.0000 0.0245 0.7838 0.0248 
 29       29   (0)      2 :  0.0514 0.0400 0.0026 0.0000 0.1609 0.0187 0.0289 0.0429 0.0000 0.0000 0.6129 0.0415 
 30       30   (0)      2 :  0.0000 0.0000 0.0000 0.7540 0.0000 0.0200 0.0000 0.0000 0.1385 0.0000 0.0000 0.0875 
 31       31   (0)      2 :  0.0102 0.0192 0.0134 0.0000 0.1166 0.0196 0.0243 0.0320 0.0000 0.0108 0.7103 0.0435 
 32       32   (0)      2 :  0.0000 0.9934 0.0000 0.0000 0.0000 0.0000 0.0000 0.0000 0.0000 0.0000 0.0000 0.0066 
 33       33   (0)      2 :  0.0400 0.0000 0.0000 0.0000 0.1200 0.2800 0.2000 0.1000 0.0000 0.0000 0.0000 0.2600 
 34       34   (0)      2 :  0.0088 0.0026 0.0007 0.0000 0.1097 0.0044 0.0090 0.0201 0.0000 0.0000 0.8061 0.0385 
 35       35   (0)      2 :  0.0271 0.0284 0.0050 0.0000 0.0937 0.0150 0.0502 0.0542 0.0000 0.0251 0.6761 0.0252 
 36       36   (0)      2 :  0.0008 0.4758 0.0000 0.0000 0.0034 0.5200 0.0000 0.0000 0.0000 0.0000 0.0000 0.0000 
 37       37   (0)      3 :  0.0324 0.0238 0.0030 0.0000 0.0850 0.0024 0.0295 0.0418 0.0000 0.0003 0.7577 0.0241 
 38       38   (0)      3 :  0.1865 0.0154 0.0020 0.0000 0.2367 0.0255 0.0320 0.0360 0.0000 0.0000 0.3819 0.0841 
 39       39   (0)      3 :  0.0364 0.0123 0.0072 0.0000 0.1507 0.0024 0.0288 0.0045 0.0000 0.0000 0.7398 0.0178 
 40       40   (0)      3 :  0.0030 0.0196 0.0040 0.0000 0.2553 0.0020 0.0349 0.0412 0.0000 0.0000 0.5940 0.0459 
 41       41   (0)      3 :  0.0448 0.0010 0.0012 0.0000 0.0590 0.0207 0.0262 0.0011 0.0000 0.0000 0.8058 0.0404 
 42       42   (0)      4 :  0.0000 0.0000 0.0000 0.1461 0.0000 0.0549 0.0000 0.0000 0.6779 0.0000 0.0000 0.1210 
 43       43   (0)      4 :  0.0168 0.0014 0.0277 0.0006 0.0900 0.0009 0.0291 0.0249 0.0005 0.0000 0.7853 0.0228 
 44       44   (0)      4 :  0.0000 0.0000 0.0000 0.3139 0.0000 0.0268 0.0000 0.0000 0.5335 0.0000 0.0000 0.1258 
 45       45   (0)      4 :  0.0000 0.0000 0.0000 0.3480 0.0000 0.0667 0.0000 0.0000 0.4712 0.0000 0.0000 0.1141 
 46       46   (0)      4 :  0.0045 0.0320 0.0008 0.0060 0.0521 0.0163 0.0078 0.0367 0.0115 0.0117 0.7970 0.0234 
 47       47   (0)      4 :  0.0050 0.0001 0.0012 0.0000 0.0933 0.0018 0.0004 0.0483 0.0000 0.0000 0.8463 0.0035 
 48       48   (0)      4 :  0.0072 0.0002 0.0058 0.0000 0.1174 0.0112 0.0437 0.0526 0.0000 0.0000 0.7328 0.0291 
 49       49   (0)      4 :  0.0000 0.0017 0.0020 0.0000 0.0626 0.0066 0.0191 0.0083 0.0000 0.0000 0.8674 0.0324 
 50       50   (0)      4 :  0.0619 0.0000 0.0200 0.0000 0.5808 0.0001 0.0204 0.1003 0.0000 0.0000 0.1964 0.0201 
 51       51   (0)      4 :  0.0113 0.0020 0.2546 0.1377 0.0886 0.0298 0.0015 0.0195 0.1240 0.0431 0.2078 0.0800 
 52       52   (0)      4 :  0.0024 0.0007 0.0347 0.0058 0.0434 0.0141 0.0052 0.0662 0.0058 0.0000 0.8003 0.0213 
 53       53   (0)      4 :  0.0114 0.0000 0.0024 0.0009 0.1228 0.0061 0.0284 0.0110 0.0005 0.0000 0.7936 0.0230 
 54       54   (0)      4 :  0.0319 0.0042 0.0033 0.0048 0.1009 0.0032 0.0025 0.0361 0.0206 0.0110 0.7537 0.0280 
 55       55   (0)      4 :  0.0626 0.0014 0.0200 0.0000 0.5811 0.0000 0.0219 0.1012 0.0000 0.0000 0.1916 0.0201 
 56       56   (0)      4 :  0.0000 0.0000 0.0000 0.0853 0.0000 0.0083 0.0000 0.0000 0.8135 0.0000 0.0000 0.0930 
 57       57   (0)      5 :  0.0003 0.0034 0.0024 0.0000 0.1031 0.0105 0.0240 0.0217 0.0000 0.0000 0.8111 0.0235 
 58       58   (0)      5 :  0.0173 0.0000 0.0006 0.0000 0.1176 0.0255 0.0119 0.0387 0.0000 0.0000 0.7218 0.0666 
 59       59   (0)      5 :  0.0000 0.0000 0.0000 0.1883 0.0000 0.0249 0.0000 0.0000 0.7502 0.0000 0.0000 0.0366 
 60       60   (0)      5 :  0.0009 0.0000 0.0031 0.0000 0.0175 0.0011 0.0334 0.0642 0.0000 0.0000 0.8576 0.0222 
 61       61   (0)      5 :  0.0707 0.0022 0.0586 0.1405 0.0152 0.0273 0.0140 0.0027 0.2077 0.0951 0.2766 0.0894 
 62       62   (0)      5 :  0.0000 0.0000 0.0000 0.2455 0.0200 0.0512 0.0000 0.0000 0.5033 0.0000 0.0000 0.1800 
 63       63   (0)      5 :  0.0198 0.0199 0.0404 0.0743 0.0568 0.0286 0.0188 0.0204 0.0517 0.0083 0.6037 0.0573 
 64       64   (0)      5 :  0.0376 0.0003 0.0056 0.0000 0.0523 0.0038 0.0527 0.0512 0.0000 0.0000 0.7523 0.0442 
 65       65   (0)      5 :  0.0021 0.0000 0.0027 0.0000 0.0175 0.0025 0.0243 0.0080 0.0000 0.0000 0.9262 0.0167 
 66       66   (0)      5 :  0.0124 0.0224 0.0001 0.0000 0.1128 0.0009 0.0047 0.0168 0.0000 0.0000 0.7877 0.0423 
 67       67   (0)      5 :  0.0008 0.0000 0.0818 0.5301 0.0502 0.0122 0.0000 0.0000 0.0807 0.0311 0.1118 0.1013 
 68       68   (0)      5 :  0.0000 0.0000 0.0000 0.4582 0.0200 0.0000 0.0000 0.0000 0.4638 0.0000 0.0000 0.0580 
 69       69   (0)      5 :  0.0588 0.0087 0.0106 0.1760 0.1286 0.0228 0.0182 0.0220 0.0174 0.0019 0.4792 0.0559 
 70       70   (0)      5 :  0.0000 0.0000 0.0000 0.7400 0.0400 0.0200 0.0000 0.0000 0.0800 0.0000 0.0000 0.1200 
 71       71   (0)      5 :  0.0000 0.0000 0.0000 0.4720 0.0029 0.0700 0.0000 0.0000 0.3938 0.0000 0.0000 0.0613 
 72       72   (0)      5 :  0.0017 0.0077 0.0052 0.0552 0.1244 0.0227 0.0321 0.0061 0.0295 0.0030 0.6648 0.0475 
 73       73   (0)      5 :  0.0075 0.0194 0.0016 0.0000 0.1248 0.0039 0.0149 0.0548 0.0000 0.0000 0.7366 0.0364 
 74       74   (0)      5 :  0.0000 0.0000 0.0000 0.2785 0.0000 0.0104 0.0000 0.0000 0.6855 0.0000 0.0000 0.0256 
 75       75   (0)      6 :  0.0000 0.0000 0.0000 0.5793 0.0000 0.0670 0.0000 0.0000 0.2285 0.0000 0.0000 0.1252 
 76       76   (0)      6 :  0.0009 0.0147 0.0213 0.0246 0.0466 0.0093 0.0207 0.0247 0.0090 0.0134 0.7830 0.0320 
 77       77   (0)      6 :  0.0000 0.0000 0.0000 0.5074 0.0000 0.0078 0.0000 0.0000 0.4262 0.0000 0.0000 0.0585 
 78       78   (0)      6 :  0.0000 0.0000 0.0000 0.2827 0.0000 0.0256 0.0000 0.0000 0.6618 0.0000 0.0000 0.0299 
 79       79   (0)      6 :  0.0000 0.0000 0.0000 0.3746 0.0000 0.0824 0.0000 0.0000 0.4096 0.0000 0.0000 0.1334 
 80       80   (0)      6 :  0.0000 0.9070 0.0000 0.0000 0.0000 0.0707 0.0000 0.0006 0.0000 0.0017 0.0000 0.0199 
 81       81   (0)      6 :  0.0000 0.0000 0.0000 0.4352 0.0000 0.1043 0.0000 0.0000 0.3504 0.0000 0.0000 0.1101 
 82       82   (0)      6 :  0.0000 0.0000 0.0000 0.5748 0.0000 0.0579 0.0000 0.0000 0.2412 0.0000 0.0000 0.1261 
 83       83   (0)      6 :  0.0000 0.0000 0.0016 0.5819 0.0080 0.1301 0.0000 0.0000 0.0970 0.0049 0.0000 0.1764 
 84       84   (0)      6 :  0.0000 0.0000 0.0000 0.5485 0.0000 0.1000 0.0000 0.0000 0.1800 0.0000 0.0000 0.1715 
 85       85   (0)      6 :  0.0000 0.0000 0.0000 0.6191 0.0000 0.0707 0.0000 0.0000 0.1996 0.0000 0.0000 0.1107 
 86       86   (0)      6 :  0.0000 0.0000 0.0000 0.7232 0.0000 0.0735 0.0000 0.0000 0.0792 0.0000 0.0000 0.1241 
 87       87   (0)      6 :  0.0000 0.0000 0.0000 0.2945 0.0000 0.0168 0.0000 0.0000 0.6554 0.0000 0.0000 0.0333 
 88       88   (0)      6 :  0.0000 0.0000 0.0000 0.1697 0.0000 0.0505 0.0000 0.0000 0.6801 0.0000 0.0000 0.0998 
 89       89   (0)      6 :  0.0000 0.0000 0.0000 0.2523 0.0000 0.1097 0.0000 0.0000 0.5523 0.0000 0.0000 0.0857 
 90       90   (0)      6 :  0.0000 0.4138 0.0000 0.0241 0.0000 0.4870 0.0000 0.0000 0.0599 0.0000 0.0000 0.0153 
 91       91   (0)      6 :  0.0000 0.0000 0.0000 0.2424 0.0000 0.0000 0.0000 0.0000 0.6008 0.0000 0.0000 0.1569 
 92       92   (0)      6 :  0.0940 0.0126 0.0222 0.0000 0.3009 0.0010 0.0186 0.0165 0.0000 0.0000 0.4579 0.0761 
 93       93   (0)      6 :  0.0000 0.0018 0.8726 0.0000 0.0014 0.0175 0.0013 0.0000 0.0122 0.0818 0.0000 0.0114 
 94       94   (0)      6 :  0.0263 0.0000 0.0743 0.0000 0.2380 0.0031 0.0129 0.0326 0.0000 0.0000 0.5749 0.0379 
 95       95   (0)      6 :  0.0038 0.0000 0.8786 0.0000 0.0106 0.0000 0.0024 0.0006 0.0127 0.0384 0.0317 0.0212 
 96       96   (0)      6 :  0.0027 0.0000 0.8701 0.0000 0.0154 0.0000 0.0000 0.0013 0.0202 0.0231 0.0365 0.0307 
 97       97   (0)      6 :  0.0307 0.0000 0.1600 0.0000 0.1487 0.0039 0.0376 0.0135 0.0033 0.0010 0.5710 0.0303 
 98       98   (0)      6 :  0.0000 0.0000 0.7555 0.0000 0.0071 0.0048 0.0000 0.0000 0.0114 0.1833 0.0234 0.0145 
 99       99   (0)      7 :  0.0000 0.0000 0.0000 0.5868 0.0000 0.0200 0.0000 0.0000 0.2957 0.0000 0.0000 0.0975 
100      100   (0)      7 :  0.0104 0.0106 0.1432 0.0563 0.0722 0.0040 0.0147 0.0127 0.0613 0.0350 0.5377 0.0419 
101      101   (0)      7 :  0.0000 0.0000 0.0000 0.0000 0.0000 0.0000 0.0000 0.0000 0.0000 1.0000 0.0000 0.0000 
102      102   (0)      7 :  0.0000 0.0000 0.0000 0.0000 0.0000 0.0000 0.0000 0.0000 0.0000 1.0000 0.0000 0.0000 
103      103   (0)      7 :  0.0376 0.0000 0.0105 0.0000 0.2180 0.0024 0.0878 0.0542 0.0000 0.0000 0.5692 0.0202 
104      104   (0)      7 :  0.0580 0.0161 0.0034 0.0000 0.2090 0.0304 0.0351 0.0437 0.0000 0.0000 0.5669 0.0374 
105      105   (0)      7 :  0.0379 0.0215 0.0046 0.0000 0.3068 0.0410 0.0053 0.0023 0.0000 0.0000 0.4562 0.1245 
106      106   (0)      7 :  0.0251 0.0097 0.0007 0.0000 0.2640 0.0004 0.0102 0.0366 0.0000 0.0000 0.6256 0.0275 
107      107   (0)      7 :  0.0044 0.0000 0.0028 0.0000 0.1185 0.0229 0.0251 0.0376 0.0000 0.0000 0.7573 0.0315 
108      108   (0)      8 :  0.8600 0.0000 0.0000 0.0000 0.0000 0.0000 0.1000 0.0400 0.0000 0.0000 0.0000 0.0000 
109      109   (0)      8 :  0.0326 0.0062 0.0027 0.0000 0.1168 0.0056 0.0304 0.0403 0.0000 0.0000 0.7269 0.0384 
110      110   (0)      8 :  0.0000 0.0000 0.1000 0.0000 0.0000 0.0000 0.9000 0.0000 0.0000 0.0000 0.0000 0.0000 
111      111   (0)      8 :  0.0000 0.0000 0.0000 0.0000 0.0000 0.0000 0.0000 0.9800 0.0000 0.0000 0.0200 0.0000 
112      112   (0)      8 :  0.0000 0.0000 0.0000 0.0000 0.0000 0.0000 0.0000 0.0000 0.0000 1.0000 0.0000 0.0000 
113      113   (0)      8 :  0.0049 0.0003 0.0017 0.0000 0.0918 0.0014 0.0096 0.0330 0.0000 0.0000 0.8122 0.0452 
114      114   (0)      8 :  0.0029 0.0001 0.0054 0.0000 0.0766 0.0000 0.0480 0.0163 0.0000 0.0000 0.8302 0.0203 
115      115   (0)      8 :  0.8600 0.0000 0.0000 0.0000 0.0000 0.0000 0.1000 0.0400 0.0000 0.0000 0.0000 0.0000 
116      116   (0)      8 :  0.0000 0.0000 0.0000 0.0000 0.0000 0.0000 0.0000 0.9800 0.0000 0.0000 0.0200 0.0000 
117      117   (0)      8 :  0.0834 0.0054 0.0642 0.0040 0.2765 0.0405 0.0049 0.0206 0.0128 0.0016 0.3729 0.1131 
118      118   (0)      8 :  0.0152 0.0407 0.0028 0.0000 0.1493 0.0031 0.0305 0.0002 0.0000 0.0000 0.7174 0.0408 
119      119   (0)      9 :  0.0000 0.0000 0.0000 0.3466 0.0000 0.1032 0.0000 0.0000 0.4564 0.0000 0.0000 0.0939 
120      120   (0)     10 :  0.0443 0.0016 0.0032 0.0000 0.0652 0.0123 0.0150 0.0452 0.0000 0.0467 0.7505 0.0161 
121      121   (0)     10 :  0.0025 0.0002 0.0021 0.0000 0.1230 0.0016 0.0080 0.0792 0.0000 0.0000 0.7641 0.0192 
122      122   (0)     10 :  0.0384 0.0007 0.0018 0.0000 0.1515 0.0041 0.0252 0.0135 0.0000 0.0000 0.7405 0.0244 
123      123   (0)     10 :  0.0757 0.0207 0.0029 0.0053 0.1498 0.0264 0.0380 0.0384 0.0560 0.0115 0.5282 0.0471 
124      124   (0)     10 :  0.0178 0.0001 0.0000 0.0000 0.1092 0.0178 0.0060 0.0215 0.0000 0.0536 0.7349 0.0391 
125      125   (0)     10 :  0.0061 0.0061 0.1380 0.0003 0.0908 0.0155 0.0086 0.0327 0.0000 0.0409 0.6329 0.0280 
126      126   (0)     10 :  0.0195 0.0000 0.0033 0.0000 0.1351 0.0122 0.0096 0.0075 0.0000 0.0159 0.7606 0.0362 
127      127   (0)     10 :  0.0315 0.0005 0.0004 0.0000 0.0491 0.0037 0.0113 0.0380 0.0000 0.0000 0.8392 0.0263 
128      128   (0)     10 :  0.0145 0.0097 0.0004 0.0000 0.1176 0.0153 0.0055 0.0520 0.0000 0.0216 0.7273 0.0360 
129      129   (0)     10 :  0.0050 0.0061 0.0021 0.0000 0.0969 0.0070 0.0178 0.0071 0.0000 0.0000 0.8352 0.0227 
130      130   (0)     10 :  0.0021 0.0067 0.0041 0.0000 0.0996 0.0000 0.0169 0.0000 0.0000 0.0000 0.8533 0.0173 
131      131   (0)     10 :  0.0271 0.0115 0.0024 0.0000 0.1334 0.0223 0.0013 0.0528 0.0000 0.0355 0.6887 0.0249 
132      132   (0)     10 :  0.0181 0.0187 0.0425 0.0000 0.0795 0.0213 0.0013 0.0168 0.0000 0.0554 0.7131 0.0334 
133      133   (0)     10 :  0.0337 0.0006 0.0288 0.0077 0.0835 0.0208 0.0127 0.0447 0.0025 0.0223 0.7168 0.0260 
134      134   (0)     10 :  0.0290 0.0000 0.0306 0.0045 0.0658 0.0044 0.0275 0.0184 0.0038 0.0445 0.7556 0.0158 
135      135   (0)     10 :  0.0612 0.0023 0.0027 0.0000 0.0684 0.0109 0.0326 0.0239 0.0000 0.0359 0.7390 0.0232 
136      136   (0)     10 :  0.0145 0.0015 0.0042 0.0000 0.1049 0.0003 0.0332 0.0264 0.0000 0.0122 0.7866 0.0162 
137      137   (0)     11 :  0.0000 0.0000 0.0000 0.3330 0.0097 0.0209 0.0000 0.0000 0.4687 0.0884 0.0000 0.0793 
138      138   (0)     12 :  0.0291 0.0994 0.1351 0.0008 0.1223 0.0176 0.0182 0.0090 0.0006 0.0547 0.4835 0.0297 
139      139   (0)     12 :  0.0021 0.0000 0.3924 0.1356 0.0327 0.0259 0.0001 0.0088 0.0335 0.0797 0.2362 0.0531 
140      140   (0)     12 :  0.0000 0.8690 0.0000 0.0000 0.0000 0.0730 0.0000 0.0000 0.0000 0.0425 0.0000 0.0155 
141      141   (0)     12 :  0.0000 0.0000 0.7378 0.0000 0.0000 0.0000 0.1807 0.0051 0.0000 0.0574 0.0000 0.0191 
142      142   (0)     12 :  0.0147 0.0379 0.0181 0.0000 0.1043 0.0034 0.0272 0.0421 0.0000 0.0535 0.6715 0.0272 
143      143   (0)     12 :  0.0079 0.0061 0.6143 0.0000 0.0990 0.0030 0.0027 0.0314 0.0113 0.0986 0.0953 0.0303 
144      144   (0)     12 :  0.0005 0.0526 0.0427 0.0006 0.0636 0.0058 0.0135 0.0117 0.0003 0.1225 0.6603 0.0260 
145      145   (0)     12 :  0.0088 0.4689 0.0245 0.0000 0.0678 0.1258 0.0354 0.0000 0.0000 0.0000 0.2265 0.0423 
146      146   (0)     13 :  0.0000 0.0000 0.0000 0.0321 0.0000 0.0082 0.0000 0.0000 0.9175 0.0000 0.0000 0.0422 
147      147   (0)     13 :  0.0000 0.0000 0.0000 0.2013 0.0000 0.0212 0.0000 0.0000 0.7138 0.0000 0.0000 0.0637 
148      148   (0)     13 :  0.0000 0.0000 0.0000 0.1279 0.0000 0.0600 0.0000 0.0000 0.6662 0.0000 0.0000 0.1459 
149      149   (0)     13 :  0.0000 0.0000 0.0000 0.2278 0.0000 0.0987 0.0000 0.0000 0.5918 0.0000 0.0000 0.0817 
150      150   (0)     13 :  0.0000 0.0000 0.0000 0.1086 0.0000 0.0044 0.0000 0.0000 0.8529 0.0000 0.0000 0.0342 
151      151   (0)     14 :  0.0000 0.0000 0.0000 0.4082 0.0000 0.0102 0.0000 0.0000 0.5401 0.0000 0.0000 0.0416 
152      152   (0)     14 :  0.0231 0.0086 0.0012 0.0000 0.1427 0.0187 0.0085 0.0421 0.0000 0.0000 0.7319 0.0233 
153      153   (0)     15 :  0.0025 0.0000 0.8530 0.0132 0.0073 0.0078 0.0007 0.0001 0.0035 0.0374 0.0341 0.0404 
154      154   (0)     15 :  0.0000 0.0000 0.0011 0.2937 0.0000 0.0776 0.0000 0.0000 0.5633 0.0002 0.0000 0.0640 
155      155   (0)     16 :  0.0169 0.0035 0.0284 0.0000 0.0558 0.0009 0.0113 0.0444 0.0000 0.0381 0.7799 0.0208 
156      156   (0)     16 :  0.0181 0.0177 0.0072 0.0000 0.0717 0.0253 0.0680 0.0545 0.0000 0.0108 0.7057 0.0211 
157      157   (0)     17 :  0.0023 0.0117 0.7640 0.0116 0.0038 0.0072 0.0090 0.0000 0.0053 0.1362 0.0191 0.0298 
158      158   (0)     17 :  0.0000 0.4782 0.0000 0.0000 0.0000 0.5200 0.0000 0.0000 0.0000 0.0018 0.0000 0.0000 
159      159   (0)     18 :  0.0095 0.0000 0.0077 0.0000 0.1691 0.0034 0.0101 0.0232 0.0000 0.0156 0.7376 0.0237 
160      160   (0)     18 :  0.0136 0.0001 0.0044 0.0000 0.0847 0.0065 0.0482 0.0273 0.0000 0.0000 0.7809 0.0344 
161      161   (0)     18 :  0.0166 0.0017 0.0051 0.0000 0.1435 0.0131 0.0398 0.0245 0.0000 0.0000 0.7151 0.0405 
162      162   (0)     19 :  0.0288 0.0000 0.0601 0.0000 0.1437 0.0007 0.0022 0.1344 0.0000 0.0341 0.5754 0.0206 
163      163   (0)     19 :  0.0452 0.0030 0.1850 0.0942 0.1413 0.0138 0.0094 0.0402 0.0227 0.1927 0.1811 0.0713 
164      164   (0)     19 :  0.1787 0.0184 0.0007 0.0000 0.2686 0.0050 0.0307 0.0282 0.0000 0.0000 0.3797 0.0900 
