1        1   (0)      1  : 0.0275 0.0000 0.0000 0.0000 0.0000 0.0000 0.1475 0.6273 0.0000 0.0019 0.0094 0.0000 0.0000 0.0434 0.0000 0.0000 0.0000 0.0280 0.1015 0.0125 0.0009
2        2   (0)      1  : 0.0000 0.0000 0.0010 0.0000 0.0738 0.0000 0.8496 0.0000 0.0000 0.0000 0.0000 0.0081 0.0675 0.0000 0.0000 0.0000 0.0000 0.0000 0.0000 0.0000 0.0000
3        3   (0)      1  : 0.0000 0.0000 0.0000 0.0000 0.0000 0.0000 0.0584 0.9416 0.0000 0.0000 0.0000 0.0000 0.0000 0.0000 0.0000 0.0000 0.0000 0.0000 0.0000 0.0000 0.0000
4        4   (0)      1  : 0.0000 0.0000 0.0000 0.0000 0.0000 0.0000 1.0000 0.0000 0.0000 0.0000 0.0000 0.0000 0.0000 0.0000 0.0000 0.0000 0.0000 0.0000 0.0000 0.0000 0.0000
5        5   (0)      1  : 0.0560 0.0000 0.1232 0.0000 0.0005 0.0839 0.1590 0.0000 0.0000 0.0000 0.1098 0.0000 0.0002 0.0000 0.0000 0.0136 0.0590 0.0347 0.3248 0.0342 0.0011
6        6   (0)      1  : 0.2225 0.0000 0.0918 0.0000 0.0080 0.0584 0.0813 0.0008 0.0000 0.0002 0.0907 0.0080 0.0000 0.0004 0.0000 0.0299 0.0624 0.0228 0.2599 0.0628 0.0000
7        7   (0)      1  : 0.0650 0.0000 0.0000 0.0000 0.0000 0.0000 0.0000 0.0000 0.0000 0.0000 0.1973 0.0000 0.0109 0.0000 0.0000 0.0000 0.1333 0.0667 0.5269 0.0000 0.0000
8        8   (0)      1  : 0.0689 0.0000 0.1011 0.0000 0.0026 0.0258 0.2399 0.0000 0.0000 0.0000 0.1219 0.0000 0.0000 0.0000 0.0000 0.0174 0.0669 0.0351 0.3204 0.0000 0.0000
9        9   (0)      1  : 0.0000 0.0000 0.0000 0.0000 0.0000 0.0000 1.0000 0.0000 0.0000 0.0000 0.0000 0.0000 0.0000 0.0000 0.0000 0.0000 0.0000 0.0000 0.0000 0.0000 0.0000
10       10   (0)      1  : 0.0425 0.0000 0.0000 0.0000 0.0008 0.0000 0.0000 0.0000 0.0000 0.0240 0.7326 0.0018 0.0005 0.0078 0.0000 0.0072 0.0000 0.0000 0.0955 0.0864 0.0009
11       11   (0)      1  : 0.1171 0.0000 0.0000 0.0000 0.0059 0.0000 0.0000 0.0000 0.0000 0.0146 0.5331 0.0027 0.0142 0.0018 0.0000 0.0231 0.0667 0.0000 0.1542 0.0667 0.0000
12       12   (0)      1  : 0.0000 0.0000 0.0000 0.0000 0.0000 0.0000 0.0000 0.0000 0.0000 0.0000 0.0000 0.0000 1.0000 0.0000 0.0000 0.0000 0.0000 0.0000 0.0000 0.0000 0.0000
13       13   (0)      1  : 0.0868 0.0000 0.0000 0.0000 0.0000 0.0000 0.0000 0.0000 0.0000 0.0207 0.4595 0.0118 0.0005 0.0151 0.0000 0.0853 0.0866 0.0000 0.0309 0.2028 0.0000
14       14   (0)      1  : 0.0074 0.0101 0.0852 0.0028 0.0000 0.0935 0.0201 0.1457 0.0142 0.0000 0.3816 0.0125 0.0676 0.0000 0.0042 0.0054 0.0223 0.0000 0.0344 0.0931 0.0000
15       15   (0)      1  : 0.0000 0.0000 0.9333 0.0000 0.0000 0.0000 0.0000 0.0000 0.0000 0.0000 0.0000 0.0000 0.0000 0.0000 0.0000 0.0000 0.0000 0.0000 0.0000 0.0667 0.0000
16       16   (0)      1  : 0.0000 0.0000 0.0000 0.0667 0.0000 0.0000 0.0000 0.2667 0.0000 0.0000 0.0000 0.0000 0.0000 0.0000 0.0000 0.0000 0.0000 0.0000 0.0000 0.0000 0.6667
17       17   (0)      1  : 0.0000 0.0000 0.0000 0.0667 0.0000 0.0000 0.0000 0.2667 0.0000 0.0000 0.0000 0.0000 0.0000 0.0000 0.0000 0.0000 0.0000 0.0000 0.0000 0.0000 0.6667
18       18   (0)      1  : 0.0000 0.0000 0.0000 0.0000 0.0000 0.0000 0.0000 0.0000 0.0000 1.0000 0.0000 0.0000 0.0000 0.0000 0.0000 0.0000 0.0000 0.0000 0.0000 0.0000 0.0000
19       19   (0)      1  : 0.2065 0.0000 0.0000 0.0000 0.0150 0.0000 0.0006 0.0029 0.0000 0.0012 0.0917 0.0234 0.0018 0.0211 0.0000 0.0000 0.0000 0.1353 0.4855 0.0152 0.0000
20       20   (0)      1  : 0.0644 0.0000 0.0000 0.0000 0.0000 0.0000 0.0000 0.0000 0.0000 0.0006 0.3422 0.0096 0.0003 0.0055 0.0000 0.1738 0.0000 0.0287 0.3083 0.0667 0.0000
21       21   (0)      1  : 0.0000 0.0000 0.0000 0.0000 0.0000 0.0000 0.0560 0.9440 0.0000 0.0000 0.0000 0.0000 0.0000 0.0000 0.0000 0.0000 0.0000 0.0000 0.0000 0.0000 0.0000
22       22   (0)      1  : 0.0000 0.0000 1.0000 0.0000 0.0000 0.0000 0.0000 0.0000 0.0000 0.0000 0.0000 0.0000 0.0000 0.0000 0.0000 0.0000 0.0000 0.0000 0.0000 0.0000 0.0000
23       23   (0)      1  : 0.1715 0.0000 0.0000 0.0000 0.0099 0.0000 0.0020 0.0000 0.0000 0.0000 0.2941 0.0018 0.0190 0.0000 0.0000 0.0409 0.1333 0.0667 0.2154 0.0454 0.0000
24       24   (0)      2  : 0.0000 0.0000 0.0000 0.0078 0.0000 0.0000 0.0467 0.8683 0.0000 0.0000 0.0000 0.0000 0.0000 0.0000 0.0000 0.0000 0.0000 0.0000 0.0000 0.0000 0.0772
25       25   (0)      2  : 0.3777 0.0000 0.0000 0.0000 0.0000 0.0000 0.0000 0.0000 0.0000 0.0000 0.0794 0.0000 0.0000 0.0125 0.0000 0.1880 0.0230 0.0057 0.3137 0.0000 0.0000
26       26   (0)      2  : 0.0209 0.0000 0.0000 0.0000 0.0000 0.0000 0.1593 0.4392 0.0000 0.0090 0.0472 0.0000 0.0000 0.0000 0.0000 0.0298 0.0374 0.0293 0.0712 0.1568 0.0000
27       27   (0)      2  : 0.1916 0.0000 0.0000 0.0000 0.0219 0.0000 0.0014 0.0474 0.0000 0.0889 0.2569 0.0009 0.0085 0.0043 0.0000 0.0653 0.0559 0.0053 0.1931 0.0585 0.0003
28       28   (0)      2  : 0.4443 0.0000 0.0164 0.0017 0.0002 0.0000 0.0014 0.0202 0.0000 0.0000 0.0956 0.0065 0.0000 0.0017 0.0000 0.0347 0.0466 0.0000 0.0709 0.2468 0.0128
29       29   (0)      2  : 0.1802 0.0000 0.0000 0.0030 0.0319 0.0000 0.0000 0.0123 0.0000 0.0404 0.1701 0.0093 0.0014 0.0173 0.0000 0.2066 0.0514 0.0058 0.1939 0.0555 0.0209
30       30   (0)      2  : 0.0000 0.2000 0.0000 0.2667 0.0000 0.0000 0.0000 0.0000 0.2667 0.0000 0.0000 0.0000 0.0000 0.0000 0.0000 0.0000 0.0667 0.0000 0.0000 0.0000 0.2000
31       31   (0)      2  : 0.3185 0.0000 0.0059 0.0082 0.0003 0.0038 0.0005 0.0063 0.0000 0.0510 0.1554 0.0056 0.0032 0.0147 0.0000 0.0988 0.0349 0.0095 0.1693 0.1012 0.0130
32       32   (0)      2  : 0.0000 0.0000 0.0000 0.0000 0.0000 0.0000 0.0631 0.9369 0.0000 0.0000 0.0000 0.0000 0.0000 0.0000 0.0000 0.0000 0.0000 0.0000 0.0000 0.0000 0.0000
33       33   (0)      2  : 0.0000 0.0000 0.0000 0.0000 0.0000 0.0000 0.0000 0.0000 0.0000 1.0000 0.0000 0.0000 0.0000 0.0000 0.0000 0.0000 0.0000 0.0000 0.0000 0.0000 0.0000
34       34   (0)      2  : 0.2301 0.0000 0.0000 0.0000 0.0004 0.0000 0.0000 0.0000 0.0000 0.0011 0.4141 0.0000 0.0000 0.0008 0.0000 0.0667 0.0667 0.0057 0.1136 0.1007 0.0000
35       35   (0)      2  : 0.3439 0.0000 0.0174 0.0000 0.0146 0.0000 0.0031 0.0269 0.0000 0.0182 0.0987 0.0313 0.0311 0.0192 0.0000 0.0534 0.0597 0.0124 0.1389 0.1295 0.0016
36       36   (0)      2  : 0.0000 0.0000 0.0000 0.0000 0.0000 0.0000 1.0000 0.0000 0.0000 0.0000 0.0000 0.0000 0.0000 0.0000 0.0000 0.0000 0.0000 0.0000 0.0000 0.0000 0.0000
37       37   (0)      3  : 0.0178 0.0000 0.0000 0.0000 0.0077 0.0000 0.0000 0.0011 0.0000 0.0005 0.7674 0.0037 0.0015 0.0149 0.0000 0.0448 0.0214 0.0000 0.0760 0.0432 0.0000
38       38   (0)      3  : 0.0000 0.0000 0.0000 0.0000 0.0488 0.0000 0.0000 0.0000 0.0000 0.0000 0.0482 0.0000 0.0000 0.0000 0.0000 0.9030 0.0000 0.0000 0.0000 0.0000 0.0000
39       39   (0)      3  : 0.3978 0.0000 0.0000 0.0000 0.0207 0.0000 0.0000 0.0010 0.0000 0.0002 0.1152 0.0000 0.0055 0.0277 0.0000 0.0446 0.0341 0.0151 0.2565 0.0815 0.0000
40       40   (0)      3  : 0.0652 0.0000 0.0000 0.0000 0.0000 0.0000 0.0000 0.0000 0.0000 0.0000 0.3333 0.0000 0.0014 0.0000 0.0000 0.2000 0.0000 0.0667 0.2667 0.0667 0.0000
41       41   (0)      3  : 0.4722 0.0000 0.0000 0.0000 0.0139 0.0000 0.0000 0.0000 0.0000 0.0058 0.0927 0.0000 0.0015 0.0000 0.0000 0.0000 0.1333 0.0146 0.2372 0.0270 0.0017
42       42   (0)      4  : 0.0000 0.1422 0.0000 0.1872 0.0000 0.0000 0.0000 0.0000 0.0000 0.0000 0.0000 0.0000 0.0000 0.0000 0.6081 0.0000 0.0484 0.0141 0.0000 0.0000 0.0000
43       43   (0)      4  : 0.3548 0.0006 0.0000 0.0000 0.0077 0.0017 0.0000 0.0000 0.0000 0.0000 0.1578 0.0064 0.0173 0.0116 0.0000 0.0073 0.0440 0.0095 0.2227 0.1585 0.0000
44       44   (0)      4  : 0.0000 0.6430 0.0000 0.0000 0.0000 0.0000 0.0000 0.0000 0.0667 0.0000 0.0000 0.0000 0.0000 0.0000 0.1333 0.0000 0.0236 0.0000 0.0000 0.0667 0.0667
45       45   (0)      4  : 0.0000 0.4842 0.0000 0.0780 0.0000 0.0000 0.0000 0.0000 0.0836 0.0000 0.0000 0.0000 0.0000 0.0000 0.1897 0.0000 0.1333 0.0000 0.0000 0.0126 0.0187
46       46   (0)      4  : 0.2237 0.0022 0.0015 0.0000 0.0000 0.0000 0.0055 0.0071 0.0000 0.0000 0.3599 0.0038 0.0001 0.0020 0.0012 0.0029 0.0679 0.0103 0.0887 0.2230 0.0001
47       47   (0)      4  : 0.7173 0.0000 0.0000 0.0000 0.0000 0.0000 0.0000 0.0000 0.0000 0.0000 0.0000 0.0117 0.0000 0.0278 0.0000 0.0049 0.0447 0.0027 0.1803 0.0105 0.0000
48       48   (0)      4  : 0.1558 0.0000 0.0000 0.0000 0.0000 0.0000 0.0000 0.0000 0.0000 0.0154 0.2442 0.0117 0.0116 0.0097 0.0000 0.2012 0.1179 0.0000 0.0325 0.2000 0.0000
49       49   (0)      4  : 0.2104 0.0000 0.0000 0.0000 0.0000 0.0000 0.0000 0.0000 0.0000 0.0000 0.5764 0.0000 0.0021 0.0667 0.0000 0.0144 0.0054 0.0000 0.0374 0.0873 0.0000
50       50   (0)      4  : 0.0000 0.0000 0.0000 0.0000 0.0000 0.0000 0.0000 0.0000 0.0000 0.0000 0.0000 0.0000 0.0000 1.0000 0.0000 0.0000 0.0000 0.0000 0.0000 0.0000 0.0000
51       51   (0)      4  : 0.0865 0.0260 0.0115 0.1440 0.0000 0.2941 0.0000 0.0000 0.1007 0.0000 0.0354 0.0000 0.0000 0.1152 0.0431 0.0000 0.0000 0.0262 0.0657 0.0516 0.0000
52       52   (0)      4  : 0.3944 0.0006 0.0000 0.0667 0.0004 0.0059 0.0001 0.0000 0.0000 0.0083 0.0437 0.0346 0.0000 0.0008 0.0014 0.0326 0.0445 0.0000 0.1481 0.2180 0.0000
53       53   (0)      4  : 0.5811 0.0000 0.0000 0.0000 0.0034 0.0000 0.0000 0.0000 0.0000 0.0022 0.0421 0.0000 0.0078 0.0015 0.0000 0.0466 0.0503 0.0025 0.2620 0.0000 0.0005
54       54   (0)      4  : 0.3701 0.0000 0.0033 0.0084 0.0130 0.0000 0.0001 0.0008 0.0000 0.0000 0.1495 0.0119 0.0000 0.0202 0.0189 0.0967 0.0677 0.0048 0.1234 0.1057 0.0055
55       55   (0)      4  : 0.0000 0.0000 0.0000 0.0000 0.0000 0.0000 0.0000 0.0000 0.0000 0.0000 0.0000 0.0000 0.0000 1.0000 0.0000 0.0000 0.0000 0.0000 0.0000 0.0000 0.0000
56       56   (0)      4  : 0.0000 0.1333 0.0000 0.0000 0.0000 0.0000 0.0000 0.0000 0.0000 0.0000 0.0000 0.0000 0.0000 0.0000 0.6217 0.0000 0.1117 0.0000 0.0667 0.0667 0.0000
57       57   (0)      5  : 0.3323 0.0000 0.0000 0.0315 0.0000 0.0000 0.0005 0.0000 0.0000 0.0007 0.1796 0.0008 0.0017 0.0000 0.0000 0.0443 0.0667 0.0000 0.3051 0.0367 0.0000
58       58   (0)      5  : 0.4167 0.0000 0.0000 0.0183 0.0006 0.0000 0.0001 0.0000 0.0000 0.0549 0.0410 0.0114 0.0000 0.0023 0.0000 0.1115 0.0695 0.0203 0.2106 0.0429 0.0000
59       59   (0)      5  : 0.0000 0.5292 0.0000 0.0436 0.0000 0.0000 0.0000 0.0000 0.0992 0.0000 0.0000 0.0000 0.0000 0.0000 0.0948 0.0000 0.1533 0.0000 0.0000 0.0667 0.0132
60       60   (0)      5  : 0.2698 0.0000 0.0000 0.0251 0.0000 0.0000 0.0000 0.0000 0.0000 0.0000 0.1508 0.0179 0.0165 0.0000 0.0000 0.0221 0.0759 0.0111 0.1411 0.2667 0.0030
61       61   (0)      5  : 0.0787 0.0561 0.0972 0.0893 0.0780 0.0340 0.0000 0.0000 0.0568 0.0000 0.0215 0.0000 0.0002 0.0000 0.2148 0.0000 0.0819 0.0564 0.0432 0.0712 0.0206
62       62   (0)      5  : 0.0000 0.0970 0.0000 0.1470 0.0000 0.0000 0.0000 0.0000 0.0667 0.0000 0.0000 0.0000 0.0000 0.0000 0.5030 0.0000 0.1086 0.0667 0.0000 0.0110 0.0000
63       63   (0)      5  : 0.2368 0.0154 0.0043 0.0499 0.0113 0.0371 0.0174 0.0054 0.0398 0.0000 0.1069 0.0034 0.0079 0.0177 0.0520 0.0325 0.1008 0.0157 0.1321 0.0917 0.0220
64       64   (0)      5  : 0.2366 0.0000 0.0000 0.0667 0.0134 0.0000 0.0000 0.0003 0.0000 0.0005 0.0566 0.0138 0.0195 0.0000 0.0000 0.0000 0.1489 0.0854 0.1592 0.1327 0.0667
65       65   (0)      5  : 0.2161 0.0000 0.0000 0.0000 0.0000 0.0000 0.0000 0.0000 0.0000 0.0000 0.2248 0.0000 0.0030 0.0019 0.0000 0.0000 0.2844 0.0000 0.2306 0.0392 0.0000
66       66   (0)      5  : 0.1024 0.0000 0.0000 0.0007 0.0022 0.0000 0.0000 0.0000 0.0000 0.0000 0.3976 0.0003 0.0000 0.0091 0.0000 0.0667 0.2065 0.0000 0.0498 0.1590 0.0057
67       67   (0)      5  : 0.0105 0.0000 0.0228 0.0094 0.0000 0.0168 0.0000 0.0000 0.8261 0.0000 0.0226 0.0000 0.0000 0.0000 0.0011 0.0115 0.0310 0.0000 0.0024 0.0459 0.0000
68       68   (0)      5  : 0.0000 0.4607 0.0000 0.0487 0.0000 0.0000 0.0000 0.0000 0.2808 0.0000 0.0000 0.0000 0.0000 0.0000 0.0939 0.0000 0.0667 0.0000 0.0200 0.0000 0.0293
69       69   (0)      5  : 0.1901 0.0000 0.0000 0.0099 0.0259 0.0000 0.0145 0.0002 0.2338 0.0002 0.0406 0.0038 0.0031 0.0269 0.0000 0.2133 0.0644 0.0077 0.1101 0.0506 0.0049
70       70   (0)      5  : 0.0000 0.0000 0.0000 0.0000 0.0000 0.0000 0.0000 0.0000 1.0000 0.0000 0.0000 0.0000 0.0000 0.0000 0.0000 0.0000 0.0000 0.0000 0.0000 0.0000 0.0000
71       71   (0)      5  : 0.0000 0.1466 0.0000 0.2828 0.0000 0.0000 0.0000 0.0000 0.1988 0.0000 0.0000 0.0000 0.0000 0.0000 0.0911 0.0000 0.2505 0.0000 0.0000 0.0000 0.0303
72       72   (0)      5  : 0.3934 0.0162 0.0000 0.0157 0.0000 0.0000 0.0013 0.0059 0.0602 0.0024 0.0752 0.0000 0.0231 0.0040 0.0084 0.1419 0.0710 0.0241 0.0335 0.1223 0.0015
73       73   (0)      5  : 0.1721 0.0000 0.0000 0.0000 0.0000 0.0000 0.0004 0.0014 0.0000 0.0000 0.3305 0.0264 0.0023 0.0000 0.0000 0.1724 0.0410 0.0000 0.0127 0.2282 0.0127
74       74   (0)      5  : 0.0000 0.3106 0.0000 0.1322 0.0000 0.0000 0.0000 0.0000 0.0999 0.0000 0.0000 0.0000 0.0000 0.0000 0.1530 0.0000 0.2920 0.0000 0.0000 0.0000 0.0122
75       75   (0)      6  : 0.0000 0.1836 0.0000 0.2162 0.0000 0.0000 0.0000 0.0000 0.2364 0.0000 0.0000 0.0000 0.0000 0.0000 0.1054 0.0000 0.0882 0.0268 0.0000 0.0000 0.1435
76       76   (0)      6  : 0.3645 0.0063 0.0050 0.0033 0.0000 0.0081 0.0003 0.0067 0.0114 0.0077 0.1862 0.0030 0.0041 0.0047 0.0032 0.0164 0.1080 0.0082 0.1583 0.0914 0.0033
77       77   (0)      6  : 0.0000 0.4160 0.0000 0.1267 0.0000 0.0000 0.0000 0.0000 0.2349 0.0000 0.0000 0.0000 0.0000 0.0000 0.0000 0.0000 0.1018 0.0147 0.0000 0.0000 0.1059
78       78   (0)      6  : 0.0000 0.2270 0.0000 0.2906 0.0000 0.0000 0.0000 0.0000 0.2000 0.0000 0.0000 0.0000 0.0000 0.0000 0.0824 0.0000 0.1333 0.0000 0.0667 0.0000 0.0000
79       79   (0)      6  : 0.0000 0.2092 0.0000 0.0858 0.0000 0.0000 0.0000 0.0000 0.1316 0.0000 0.0000 0.0000 0.0000 0.0000 0.2284 0.0000 0.1901 0.0667 0.0000 0.0000 0.0882
80       80   (0)      6  : 0.0000 0.0000 0.0008 0.0000 0.0000 0.0000 0.0927 0.9065 0.0000 0.0000 0.0000 0.0000 0.0000 0.0000 0.0000 0.0000 0.0000 0.0000 0.0000 0.0000 0.0000
81       81   (0)      6  : 0.0000 0.0952 0.0000 0.4694 0.0000 0.0000 0.0000 0.0000 0.1772 0.0000 0.0000 0.0000 0.0000 0.0000 0.1695 0.0000 0.0511 0.0000 0.0312 0.0000 0.0063
82       82   (0)      6  : 0.0000 0.0950 0.0000 0.6589 0.0000 0.0000 0.0000 0.0000 0.0895 0.0000 0.0000 0.0000 0.0000 0.0000 0.0957 0.0000 0.0000 0.0081 0.0000 0.0026 0.0502
83       83   (0)      6  : 0.0000 0.0355 0.0000 0.4660 0.0000 0.0000 0.0000 0.0000 0.3564 0.0000 0.0000 0.0000 0.0000 0.0000 0.0983 0.0000 0.0240 0.0000 0.0000 0.0000 0.0198
84       84   (0)      6  : 0.0000 0.0000 0.0000 0.4667 0.0000 0.0000 0.0000 0.0000 0.3676 0.0000 0.0000 0.0000 0.0000 0.0000 0.0991 0.0000 0.0000 0.0000 0.0667 0.0000 0.0000
85       85   (0)      6  : 0.0000 0.5267 0.0000 0.0872 0.0000 0.0000 0.0000 0.0000 0.1721 0.0000 0.0000 0.0000 0.0000 0.0000 0.0951 0.0000 0.0170 0.0000 0.0000 0.0000 0.1019
86       86   (0)      6  : 0.0000 0.1333 0.0000 0.0667 0.0000 0.0000 0.0000 0.0000 0.3682 0.0000 0.0000 0.0000 0.0000 0.0000 0.2318 0.0000 0.0667 0.0000 0.0000 0.0000 0.1333
87       87   (0)      6  : 0.0000 0.7308 0.0000 0.0186 0.0000 0.0000 0.0000 0.0000 0.0000 0.0000 0.0000 0.0000 0.0000 0.0000 0.1543 0.0000 0.0296 0.0000 0.0667 0.0000 0.0000
88       88   (0)      6  : 0.0000 0.3922 0.0000 0.1606 0.0000 0.0000 0.0000 0.0000 0.0003 0.0000 0.0000 0.0000 0.0000 0.0000 0.2518 0.0000 0.1754 0.0040 0.0000 0.0077 0.0079
89       89   (0)      6  : 0.0000 0.5424 0.0000 0.1347 0.0000 0.0000 0.0000 0.0000 0.0000 0.0000 0.0000 0.0000 0.0000 0.0000 0.2562 0.0000 0.0667 0.0000 0.0000 0.0000 0.0000
90       90   (0)      6  : 0.0000 0.0392 0.0000 0.0133 0.0000 0.0000 0.8984 0.0000 0.0000 0.0000 0.0000 0.0000 0.0000 0.0000 0.0341 0.0000 0.0150 0.0000 0.0000 0.0000 0.0000
91       91   (0)      6  : 0.0000 0.2667 0.0000 0.2667 0.0000 0.0000 0.0000 0.0000 0.0948 0.0000 0.0000 0.0000 0.0000 0.0000 0.1443 0.0000 0.1609 0.0000 0.0000 0.0000 0.0667
92       92   (0)      6  : 0.0000 0.0000 0.0000 0.0000 0.0072 0.0000 0.0000 0.0000 0.0000 0.0000 0.0000 0.0000 0.0000 0.0000 0.0000 0.9928 0.0000 0.0000 0.0000 0.0000 0.0000
93       93   (0)      6  : 0.0000 0.0000 0.0000 0.0000 0.0000 1.0000 0.0000 0.0000 0.0000 0.0000 0.0000 0.0000 0.0000 0.0000 0.0000 0.0000 0.0000 0.0000 0.0000 0.0000 0.0000
94       94   (0)      6  : 0.3970 0.0000 0.0000 0.0000 0.0066 0.0260 0.0000 0.0000 0.0000 0.0008 0.0205 0.0039 0.0009 0.0910 0.0000 0.1434 0.1333 0.0000 0.0232 0.1532 0.0000
95       95   (0)      6  : 0.0000 0.0000 0.0000 0.0000 0.0000 0.9577 0.0000 0.0000 0.0000 0.0000 0.0000 0.0000 0.0000 0.0000 0.0000 0.0192 0.0000 0.0000 0.0000 0.0231 0.0000
96       96   (0)      6  : 0.0000 0.0000 0.0000 0.0000 0.0000 0.9048 0.0000 0.0000 0.0000 0.0000 0.0000 0.0000 0.0000 0.0000 0.0190 0.0373 0.0000 0.0000 0.0000 0.0305 0.0084
97       97   (0)      6  : 0.2459 0.0000 0.0000 0.0078 0.0232 0.1311 0.0000 0.0000 0.0000 0.0030 0.1060 0.0000 0.0237 0.0425 0.0000 0.1081 0.0994 0.0030 0.0332 0.1716 0.0014
98       98   (0)      6  : 0.0000 0.0000 0.0980 0.0000 0.0000 0.8906 0.0000 0.0000 0.0000 0.0000 0.0000 0.0000 0.0000 0.0000 0.0000 0.0000 0.0000 0.0000 0.0000 0.0114 0.0000
99       99   (0)      7  : 0.0000 0.2261 0.0000 0.2110 0.0000 0.0000 0.0000 0.0000 0.2539 0.0000 0.0000 0.0000 0.0000 0.0000 0.1090 0.0000 0.0279 0.0000 0.0000 0.0667 0.1055
100      100   (0)      7  : 0.1553 0.0263 0.0159 0.0093 0.0002 0.1641 0.0005 0.0011 0.0517 0.0000 0.0941 0.0006 0.0100 0.0048 0.0000 0.0708 0.0529 0.0255 0.1788 0.1278 0.0104
101      101   (0)      7  : 0.0000 0.0000 0.9333 0.0000 0.0000 0.0000 0.0000 0.0000 0.0000 0.0000 0.0000 0.0000 0.0000 0.0000 0.0000 0.0000 0.0000 0.0000 0.0000 0.0667 0.0000
102      102   (0)      7  : 0.0000 0.0000 1.0000 0.0000 0.0000 0.0000 0.0000 0.0000 0.0000 0.0000 0.0000 0.0000 0.0000 0.0000 0.0000 0.0000 0.0000 0.0000 0.0000 0.0000 0.0000
103      103   (0)      7  : 0.2412 0.0000 0.0000 0.0000 0.0042 0.0000 0.0000 0.0000 0.0000 0.0022 0.0465 0.0215 0.0726 0.0919 0.0000 0.0952 0.0000 0.0078 0.3909 0.0261 0.0000
104      104   (0)      7  : 0.1446 0.0000 0.0000 0.0000 0.0063 0.0000 0.0073 0.0000 0.0000 0.0008 0.0580 0.0193 0.0160 0.0041 0.0000 0.5900 0.0213 0.0041 0.0327 0.0953 0.0000
105      105   (0)      7  : 0.0000 0.0000 0.0000 0.0000 0.0000 0.0000 0.0000 0.0000 0.0000 0.0000 0.0000 0.0000 0.0000 0.0000 0.0000 0.0000 0.0000 0.9333 0.0000 0.0000 0.0667
106      106   (0)      7  : 0.2685 0.0000 0.0000 0.0000 0.0027 0.0000 0.0000 0.0014 0.0000 0.0000 0.0417 0.0037 0.0004 0.0827 0.0000 0.0310 0.0000 0.1047 0.4418 0.0214 0.0000
107      107   (0)      7  : 0.4546 0.0000 0.0000 0.0164 0.0000 0.0000 0.0033 0.0000 0.0000 0.0259 0.1057 0.0119 0.0038 0.0211 0.0000 0.0533 0.0463 0.0007 0.0495 0.2074 0.0001
108      108   (0)      8  : 0.0000 0.0000 0.0000 0.0000 1.0000 0.0000 0.0000 0.0000 0.0000 0.0000 0.0000 0.0000 0.0000 0.0000 0.0000 0.0000 0.0000 0.0000 0.0000 0.0000 0.0000
109      109   (0)      8  : 0.0778 0.0000 0.0000 0.0000 0.0176 0.0000 0.0000 0.0006 0.0000 0.0040 0.6667 0.0063 0.0086 0.0078 0.0000 0.0186 0.0045 0.0399 0.1056 0.0377 0.0042
110      110   (0)      8  : 0.0000 0.0000 0.0000 0.0000 0.0000 0.0000 0.0000 0.0000 0.0000 0.0000 0.0000 0.0000 1.0000 0.0000 0.0000 0.0000 0.0000 0.0000 0.0000 0.0000 0.0000
111      111   (0)      8  : 0.0000 0.0000 0.0000 0.0000 0.0000 0.0000 0.0000 0.0000 0.0000 0.0000 0.0000 1.0000 0.0000 0.0000 0.0000 0.0000 0.0000 0.0000 0.0000 0.0000 0.0000
112      112   (0)      8  : 0.0000 0.0000 1.0000 0.0000 0.0000 0.0000 0.0000 0.0000 0.0000 0.0000 0.0000 0.0000 0.0000 0.0000 0.0000 0.0000 0.0000 0.0000 0.0000 0.0000 0.0000
113      113   (0)      8  : 0.1333 0.0000 0.0000 0.0000 0.0000 0.0000 0.0000 0.0000 0.0000 0.0000 0.2000 0.0000 0.0000 0.0000 0.0000 0.0667 0.0667 0.0667 0.4667 0.0000 0.0000
114      114   (0)      8  : 0.0879 0.0000 0.0000 0.0000 0.0000 0.0000 0.0000 0.0000 0.0000 0.0000 0.5558 0.0000 0.0249 0.0095 0.0000 0.0060 0.0069 0.0000 0.1354 0.1731 0.0004
115      115   (0)      8  : 0.0000 0.0000 0.0000 0.0000 1.0000 0.0000 0.0000 0.0000 0.0000 0.0000 0.0000 0.0000 0.0000 0.0000 0.0000 0.0000 0.0000 0.0000 0.0000 0.0000 0.0000
116      116   (0)      8  : 0.0000 0.0000 0.0000 0.0000 0.0000 0.0000 0.0000 0.0000 0.0000 0.0000 0.0000 1.0000 0.0000 0.0000 0.0000 0.0000 0.0000 0.0000 0.0000 0.0000 0.0000
117      117   (0)      8  : 0.0000 0.0000 0.0000 0.0000 0.0000 0.0000 0.0000 0.0000 0.0000 0.0000 0.0000 0.0000 0.0000 0.0000 0.0000 0.0000 0.0000 0.9333 0.0000 0.0000 0.0667
118      118   (0)      8  : 0.0558 0.0000 0.0000 0.0000 0.0012 0.0000 0.0000 0.0101 0.0000 0.0000 0.2816 0.0000 0.0058 0.0000 0.0000 0.0218 0.1504 0.0559 0.2813 0.1362 0.0000
119      119   (0)      9  : 0.0000 0.0356 0.0000 0.3134 0.0000 0.0000 0.0000 0.0000 0.2177 0.0000 0.0000 0.0000 0.0000 0.0000 0.1367 0.0000 0.2901 0.0000 0.0000 0.0065 0.0000
120      120   (0)     10  : 0.3190 0.0000 0.0311 0.0000 0.0306 0.0000 0.0000 0.0001 0.0000 0.0086 0.1054 0.0137 0.0001 0.0241 0.0000 0.0000 0.1233 0.0000 0.2144 0.1294 0.0000
121      121   (0)     10  : 0.1312 0.0000 0.0000 0.0000 0.0000 0.0000 0.0000 0.0000 0.0000 0.0016 0.3045 0.0473 0.0000 0.0063 0.0000 0.0170 0.0722 0.0107 0.3660 0.0432 0.0000
122      122   (0)     10  : 0.5410 0.0000 0.0000 0.0667 0.0068 0.0000 0.0000 0.0000 0.0000 0.0059 0.0000 0.0000 0.0026 0.0143 0.0000 0.1170 0.0627 0.0000 0.1826 0.0000 0.0004
123      123   (0)     10  : 0.2441 0.0236 0.0053 0.0126 0.0378 0.0000 0.0158 0.0020 0.0043 0.0004 0.0292 0.0155 0.0206 0.0200 0.0117 0.3008 0.0811 0.0315 0.1237 0.0113 0.0086
124      124   (0)     10  : 0.3070 0.0000 0.0445 0.0052 0.0017 0.0000 0.0032 0.0000 0.0000 0.0246 0.1675 0.0014 0.0000 0.0000 0.0000 0.1550 0.0801 0.0107 0.1340 0.0629 0.0021
125      125   (0)     10  : 0.2582 0.0000 0.0280 0.0093 0.0000 0.1349 0.0022 0.0006 0.0000 0.0193 0.1044 0.0064 0.0000 0.0606 0.0000 0.0000 0.0936 0.0092 0.1805 0.0898 0.0028
126      126   (0)     10  : 0.2953 0.0000 0.0080 0.0168 0.0063 0.0000 0.0000 0.0000 0.0000 0.0202 0.1682 0.0000 0.0000 0.0107 0.0000 0.0336 0.0631 0.0391 0.1748 0.1574 0.0064
127      127   (0)     10  : 0.1841 0.0000 0.0000 0.0000 0.0142 0.0000 0.0000 0.0000 0.0000 0.0000 0.3285 0.0104 0.0000 0.0067 0.0000 0.0001 0.0840 0.0026 0.3118 0.0573 0.0003
128      128   (0)     10  : 0.3462 0.0000 0.0122 0.0000 0.0018 0.0000 0.0031 0.0106 0.0000 0.0154 0.1124 0.0322 0.0000 0.0116 0.0000 0.0268 0.0762 0.0857 0.2461 0.0136 0.0060
129      129   (0)     10  : 0.6898 0.0000 0.0000 0.0667 0.0000 0.0000 0.0000 0.0000 0.0000 0.0007 0.0000 0.0000 0.0000 0.0000 0.0000 0.0667 0.1063 0.0667 0.0000 0.0032 0.0000
130      130   (0)     10  : 0.5145 0.0000 0.0000 0.0000 0.0000 0.0000 0.0000 0.0001 0.0000 0.0000 0.0921 0.0000 0.0073 0.0007 0.0000 0.0097 0.0844 0.0028 0.2875 0.0009 0.0000
131      131   (0)     10  : 0.3912 0.0000 0.0273 0.0051 0.0150 0.0000 0.0246 0.0007 0.0000 0.0003 0.0891 0.0287 0.0000 0.0525 0.0000 0.0327 0.1094 0.0396 0.0977 0.0807 0.0055
132      132   (0)     10  : 0.3376 0.0000 0.0490 0.0037 0.0071 0.0307 0.0215 0.0013 0.0000 0.0001 0.1222 0.0009 0.0000 0.0003 0.0000 0.0785 0.0681 0.0013 0.2126 0.0570 0.0081
133      133   (0)     10  : 0.4098 0.0000 0.0207 0.0035 0.0243 0.0073 0.0021 0.0010 0.0000 0.0132 0.1599 0.0155 0.0000 0.0400 0.0007 0.0052 0.1262 0.0067 0.0951 0.0524 0.0162
134      134   (0)     10  : 0.4899 0.0000 0.0397 0.0207 0.0231 0.0074 0.0000 0.0000 0.0000 0.0004 0.0525 0.0000 0.0125 0.0009 0.0000 0.0120 0.0751 0.0085 0.1112 0.1447 0.0013
135      135   (0)     10  : 0.3647 0.0000 0.0278 0.0011 0.0616 0.0000 0.0075 0.0005 0.0000 0.0000 0.1717 0.0055 0.0194 0.0064 0.0000 0.0246 0.0808 0.0265 0.0853 0.1091 0.0077
136      136   (0)     10  : 0.3612 0.0000 0.0010 0.0000 0.0032 0.0000 0.0000 0.0004 0.0000 0.0000 0.2028 0.0032 0.0119 0.0102 0.0000 0.0919 0.0247 0.0000 0.0154 0.2740 0.0002
137      137   (0)     11  : 0.0000 0.4006 0.0870 0.1331 0.0000 0.0000 0.0000 0.0000 0.1484 0.0000 0.0000 0.0000 0.0000 0.0000 0.1276 0.0000 0.0793 0.0000 0.0120 0.0014 0.0107
138      138   (0)     12  : 0.1793 0.0000 0.0408 0.0000 0.0159 0.1441 0.0088 0.0927 0.0000 0.0438 0.0913 0.0000 0.0004 0.0535 0.0000 0.0337 0.0618 0.0158 0.1653 0.0528 0.0000
139      139   (0)     12  : 0.0189 0.0142 0.0580 0.0363 0.0000 0.3668 0.0000 0.0000 0.0865 0.0000 0.2215 0.0004 0.0000 0.0000 0.0145 0.0000 0.0370 0.0000 0.0410 0.0908 0.0140
140      140   (0)     12  : 0.0000 0.0000 0.0136 0.0000 0.0000 0.0000 0.0937 0.8927 0.0000 0.0000 0.0000 0.0000 0.0000 0.0000 0.0000 0.0000 0.0000 0.0000 0.0000 0.0000 0.0000
141      141   (0)     12  : 0.0000 0.0000 0.0000 0.0000 0.0000 0.7254 0.0000 0.0000 0.0000 0.0000 0.0000 0.0000 0.2079 0.0000 0.0000 0.0000 0.0000 0.0000 0.0000 0.0667 0.0000
142      142   (0)     12  : 0.3231 0.0000 0.0460 0.0056 0.0018 0.0017 0.0021 0.0403 0.0000 0.0040 0.1373 0.0200 0.0140 0.0368 0.0000 0.0745 0.0648 0.0116 0.1023 0.1128 0.0014
143      143   (0)     12  : 0.0102 0.0000 0.0549 0.0000 0.0000 0.6328 0.0000 0.0000 0.0000 0.0000 0.0382 0.0020 0.0000 0.1079 0.0000 0.0077 0.0398 0.0115 0.0037 0.0913 0.0000
144      144   (0)     12  : 0.2758 0.0000 0.1143 0.0000 0.0000 0.0294 0.0065 0.0462 0.0010 0.0000 0.1985 0.0001 0.0088 0.0000 0.0001 0.0415 0.0874 0.0043 0.0900 0.0955 0.0005
145      145   (0)     12  : 0.0149 0.0000 0.0000 0.0000 0.0000 0.0000 0.2071 0.3284 0.0000 0.0000 0.1139 0.0000 0.0251 0.0045 0.0000 0.0589 0.0479 0.0063 0.0216 0.1713 0.0000
146      146   (0)     13  : 0.0000 0.3377 0.0000 0.0214 0.0000 0.0000 0.0000 0.0000 0.0000 0.0000 0.0000 0.0000 0.0000 0.0000 0.3301 0.0000 0.3108 0.0000 0.0000 0.0000 0.0000
147      147   (0)     13  : 0.0000 0.1375 0.0000 0.1927 0.0000 0.0000 0.0000 0.0000 0.0442 0.0000 0.0000 0.0000 0.0000 0.0000 0.4345 0.0000 0.1334 0.0000 0.0328 0.0249 0.0000
148      148   (0)     13  : 0.0000 0.0000 0.0000 0.0000 0.0000 0.0000 0.0000 0.0000 0.0000 0.0000 0.0000 0.0000 0.0000 0.0000 0.8667 0.0000 0.0667 0.0000 0.0000 0.0667 0.0000
149      149   (0)     13  : 0.0000 0.0667 0.0000 0.2001 0.0000 0.0000 0.0000 0.0000 0.0000 0.0000 0.0000 0.0000 0.0000 0.0000 0.6665 0.0000 0.0667 0.0000 0.0000 0.0000 0.0000
150      150   (0)     13  : 0.0000 0.3580 0.0000 0.0667 0.0000 0.0000 0.0000 0.0000 0.0667 0.0000 0.0000 0.0000 0.0000 0.0000 0.1333 0.0000 0.3465 0.0000 0.0000 0.0288 0.0000
151      151   (0)     14  : 0.0000 0.6646 0.0000 0.1346 0.0000 0.0000 0.0000 0.0000 0.0130 0.0000 0.0000 0.0000 0.0000 0.0000 0.0716 0.0000 0.0118 0.0000 0.0667 0.0187 0.0191
152      152   (0)     14  : 0.4572 0.0000 0.0000 0.0002 0.0164 0.0000 0.0007 0.0046 0.0000 0.0072 0.2018 0.0104 0.0000 0.0451 0.0000 0.0112 0.0276 0.0717 0.0661 0.0789 0.0008
153      153   (0)     15  : 0.0000 0.0000 0.0000 0.0000 0.0000 1.0000 0.0000 0.0000 0.0000 0.0000 0.0000 0.0000 0.0000 0.0000 0.0000 0.0000 0.0000 0.0000 0.0000 0.0000 0.0000
154      154   (0)     15  : 0.0000 0.2617 0.0000 0.3340 0.0000 0.0000 0.0000 0.0000 0.0455 0.0000 0.0000 0.0000 0.0000 0.0000 0.1908 0.0000 0.1123 0.0000 0.0270 0.0121 0.0166
155      155   (0)     16  : 0.3735 0.0000 0.0310 0.0178 0.0081 0.0144 0.0000 0.0015 0.0000 0.0000 0.1890 0.0255 0.0002 0.0000 0.0000 0.0104 0.0582 0.0000 0.1360 0.1221 0.0120
156      156   (0)     16  : 0.4060 0.0000 0.0011 0.0658 0.0078 0.0000 0.0363 0.0000 0.0000 0.0000 0.0669 0.0312 0.0609 0.0000 0.0000 0.1012 0.0393 0.0090 0.0515 0.1213 0.0016
157      157   (0)     17  : 0.0000 0.0000 0.0643 0.0000 0.0000 0.8654 0.0000 0.0000 0.0000 0.0000 0.0000 0.0000 0.0037 0.0000 0.0000 0.0000 0.0000 0.0000 0.0000 0.0667 0.0000
158      158   (0)     17  : 0.0000 0.0000 0.0000 0.0000 0.0000 0.0000 1.0000 0.0000 0.0000 0.0000 0.0000 0.0000 0.0000 0.0000 0.0000 0.0000 0.0000 0.0000 0.0000 0.0000 0.0000
159      159   (0)     18  : 0.2923 0.0000 0.0060 0.0000 0.0011 0.0000 0.0001 0.0000 0.0000 0.0000 0.2259 0.0002 0.0004 0.0545 0.0000 0.0799 0.0557 0.0167 0.0842 0.1823 0.0008
160      160   (0)     18  : 0.1167 0.0000 0.0000 0.0000 0.0032 0.0000 0.0000 0.0000 0.0000 0.0037 0.5177 0.0044 0.0305 0.0005 0.0000 0.0234 0.0464 0.0481 0.1596 0.0458 0.0000
161      161   (0)     18  : 0.1518 0.0000 0.0000 0.0115 0.0016 0.0000 0.0000 0.0000 0.0000 0.0253 0.3383 0.0001 0.0140 0.0244 0.0000 0.1963 0.0633 0.0100 0.0703 0.0892 0.0041
162      162   (0)     19  : 0.2585 0.0000 0.0229 0.0042 0.0184 0.0603 0.0000 0.0000 0.0000 0.0000 0.1048 0.1094 0.0000 0.1003 0.0000 0.0011 0.0752 0.0780 0.1266 0.0337 0.0065
163      163   (0)     19  : 0.0000 0.0614 0.1749 0.0108 0.0035 0.1625 0.0000 0.0000 0.0109 0.0000 0.0000 0.0018 0.0000 0.0000 0.0106 0.4658 0.0193 0.0000 0.0000 0.0667 0.0118
164      164   (0)     19  : 0.0000 0.0000 0.0000 0.0000 0.0426 0.0000 0.0000 0.0000 0.0000 0.0000 0.0000 0.0000 0.0000 0.0000 0.0000 0.9574 0.0000 0.0000 0.0000 0.0000 0.0000
