1        1   (0)      1  : 0.0000 0.7364 0.0000 0.0061 0.0000 0.0000 0.0000 0.2574
2        2   (0)      1  : 0.0000 0.4298 0.1409 0.0977 0.0000 0.0000 0.0000 0.3316
3        3   (0)      1  : 0.0000 0.0000 0.0000 1.0000 0.0000 0.0000 0.0000 0.0000
4        4   (0)      1  : 0.0000 0.2755 0.0000 0.6171 0.0000 0.0000 0.0000 0.1074
5        5   (0)      1  : 0.0000 0.8792 0.0000 0.0001 0.0000 0.0000 0.0000 0.1207
6        6   (0)      1  : 0.0000 0.0000 0.0000 1.0000 0.0000 0.0000 0.0000 0.0000
7        7   (0)      2  : 0.0000 0.8571 0.0000 0.0000 0.0000 0.0000 0.0000 0.1429
8        8   (0)      2  : 0.0000 0.0000 0.0000 1.0000 0.0000 0.0000 0.0000 0.0000
9        9   (0)      2  : 0.0411 0.3999 0.0155 0.0254 0.0096 0.0078 0.0101 0.4906
10       10   (0)      2  : 0.0000 0.9117 0.0000 0.0000 0.0000 0.0000 0.0000 0.0883
11       11   (0)      2  : 0.0000 0.0000 0.0000 1.0000 0.0000 0.0000 0.0000 0.0000
12       12   (0)      2  : 0.0000 0.3952 0.0000 0.5386 0.0000 0.0000 0.0000 0.0663
13       13   (0)      2  : 0.0000 0.0000 0.1600 0.8400 0.0000 0.0000 0.0000 0.0000
14       14   (0)      3  : 0.3709 0.0000 0.0000 0.0000 0.3867 0.0630 0.1794 0.0000
15       15   (0)      3  : 0.4916 0.0000 0.0000 0.0000 0.3376 0.1701 0.0006 0.0000
16       16   (0)      3  : 0.5706 0.0000 0.0000 0.0000 0.2857 0.0760 0.0676 0.0000
17       17   (0)      3  : 0.4192 0.0000 0.0000 0.0000 0.1706 0.3295 0.0807 0.0000
18       18   (0)      3  : 0.0000 0.0000 0.0000 0.0000 0.0671 0.9329 0.0000 0.0000
19       19   (0)      3  : 0.0561 0.0000 0.0000 0.0000 0.1429 0.7379 0.0631 0.0000
20       20   (0)      3  : 0.1434 0.0000 0.0376 0.0000 0.1830 0.2799 0.3561 0.0000
21       21   (0)      3  : 0.4870 0.0000 0.0000 0.0000 0.4467 0.0321 0.0341 0.0000
22       22   (0)      3  : 0.7143 0.0000 0.0000 0.0000 0.1429 0.1429 0.0000 0.0000
23       23   (0)      3  : 0.6899 0.0000 0.0000 0.0000 0.1856 0.0358 0.0887 0.0000
24       24   (0)      3  : 0.1964 0.0000 0.0000 0.0000 0.2751 0.3330 0.1956 0.0000
25       25   (0)      3  : 0.0000 0.0000 1.0000 0.0000 0.0000 0.0000 0.0000 0.0000
26       26   (0)      4  : 0.0000 0.6432 0.0000 0.0000 0.0000 0.0000 0.0000 0.3568
27       27   (0)      4  : 0.2428 0.0000 0.0000 0.0000 0.3344 0.2674 0.1554 0.0000
28       28   (0)      4  : 0.2863 0.0000 0.0000 0.0000 0.4503 0.1206 0.1429 0.0000
29       29   (0)      4  : 0.0000 0.8571 0.0000 0.0000 0.0000 0.0000 0.0000 0.1429
30       30   (0)      4  : 0.8791 0.0000 0.0000 0.0000 0.1209 0.0000 0.0000 0.0000
31       31   (0)      4  : 0.2748 0.0000 0.0000 0.0000 0.5932 0.1320 0.0000 0.0000
32       32   (0)      4  : 0.1944 0.2628 0.0000 0.0214 0.1036 0.1165 0.0818 0.2195
33       33   (0)      4  : 0.4482 0.0000 0.0000 0.0000 0.2661 0.0000 0.2857 0.0000
34       34   (0)      4  : 0.0000 0.0000 0.0000 0.0000 0.0000 0.7143 0.2857 0.0000
35       35   (0)      4  : 0.0547 0.0000 0.0000 0.0000 0.8330 0.0444 0.0679 0.0000
36       36   (0)      4  : 0.5769 0.0000 0.0000 0.0000 0.2932 0.0323 0.0975 0.0000
37       37   (0)      4  : 0.6279 0.0000 0.0000 0.0000 0.2293 0.1429 0.0000 0.0000
38       38   (0)      4  : 0.4664 0.0000 0.0000 0.0000 0.4103 0.0790 0.0444 0.0000
39       39   (0)      4  : 0.0000 0.8571 0.0000 0.0000 0.0000 0.0000 0.0000 0.1429
40       40   (0)      5  : 0.2797 0.0000 0.0000 0.0000 0.5048 0.2155 0.0000 0.0000
41       41   (0)      5  : 0.0808 0.0000 0.0000 0.0000 0.7118 0.0000 0.2074 0.0000
42       42   (0)      5  : 0.1392 0.0000 0.0000 0.0000 0.4657 0.3309 0.0643 0.0000
43       43   (0)      5  : 0.0000 0.6381 0.0000 0.0000 0.0000 0.0000 0.0000 0.3619
44       44   (0)      5  : 0.4218 0.0000 0.0000 0.0000 0.3131 0.1789 0.0862 0.0000
45       45   (0)      5  : 0.2752 0.0000 0.0000 0.0000 0.3133 0.3511 0.0605 0.0000
46       46   (0)      5  : 0.1184 0.0000 0.0000 0.0000 0.5959 0.0000 0.2857 0.0000
47       47   (0)      5  : 0.0000 0.0000 0.0000 0.0000 0.7143 0.0000 0.2857 0.0000
48       48   (0)      5  : 0.0496 0.0000 0.0000 0.0000 0.1429 0.3789 0.4286 0.0000
49       49   (0)      5  : 0.0000 0.6089 0.0000 0.0000 0.0000 0.0000 0.0000 0.3911
50       50   (0)      5  : 0.2298 0.0000 0.0000 0.0000 0.4042 0.2069 0.1591 0.0000
51       51   (0)      5  : 0.0000 0.2325 0.0000 0.0000 0.0000 0.0000 0.0000 0.7675
52       52   (0)      5  : 0.0000 0.4035 0.0000 0.0000 0.0000 0.0000 0.0000 0.5965
53       53   (0)      6  : 0.0000 0.1429 0.0000 0.0000 0.0000 0.0000 0.0000 0.8571
54       54   (0)      6  : 0.5398 0.0000 0.0000 0.0000 0.1382 0.0363 0.2857 0.0000
55       55   (0)      6  : 0.0000 0.2472 0.0625 0.0622 0.0000 0.0000 0.0000 0.6281
56       56   (0)      6  : 0.0000 0.0000 1.0000 0.0000 0.0000 0.0000 0.0000 0.0000
57       57   (0)      6  : 0.0000 0.0000 1.0000 0.0000 0.0000 0.0000 0.0000 0.0000
58       58   (0)      6  : 0.0000 0.0000 1.0000 0.0000 0.0000 0.0000 0.0000 0.0000
59       59   (0)      6  : 0.0401 0.0029 0.0091 0.0000 0.0476 0.4312 0.4691 0.0000
60       60   (0)      6  : 0.5036 0.0000 0.0000 0.0000 0.2425 0.1110 0.1429 0.0000
61       61   (0)      6  : 0.0658 0.0000 0.0000 0.0000 0.9019 0.0000 0.0323 0.0000
62       62   (0)      6  : 0.1275 0.0000 0.0000 0.0000 0.0700 0.8024 0.0001 0.0000
63       63   (0)      6  : 0.0000 0.4111 0.0824 0.0327 0.0000 0.0441 0.0068 0.4230
64       64   (0)      7  : 0.0000 0.3455 0.0000 0.0000 0.0000 0.0000 0.0000 0.6545
65       65   (0)      7  : 0.0000 0.0000 0.0000 0.0000 0.0000 0.0000 0.0000 1.0000
66       66   (0)      7  : 0.0000 0.1165 0.0000 0.0000 0.0000 0.0000 0.0000 0.8835
67       67   (0)      7  : 0.0000 0.0534 0.0036 0.0225 0.0000 0.0000 0.0000 0.9205
68       68   (0)      8  : 0.1403 0.0000 0.0456 0.0000 0.4442 0.0000 0.3699 0.0000
69       69   (0)      8  : 0.1705 0.0354 0.1105 0.0000 0.1873 0.1618 0.3345 0.0000
70       70   (0)      8  : 0.4639 0.0000 0.0000 0.0000 0.0615 0.3317 0.1429 0.0000
71       71   (0)      8  : 0.2660 0.0084 0.0135 0.0000 0.2835 0.1107 0.3093 0.0087
72       72   (0)      8  : 0.3213 0.0000 0.0638 0.0000 0.0881 0.0377 0.4891 0.0000
73       73   (0)      8  : 0.0000 0.0000 0.9572 0.0160 0.0000 0.0000 0.0268 0.0000
74       74   (0)      9  : 0.0071 0.3709 0.1043 0.0579 0.0162 0.0245 0.0097 0.4094
75       75   (0)      9  : 0.0068 0.5038 0.0806 0.0011 0.0045 0.0038 0.0072 0.3921
76       76   (0)     10  : 0.0000 0.0000 0.0000 0.0000 0.0000 0.0000 0.0000 1.0000
77       77   (0)     11  : 0.0000 0.6930 0.0000 0.0000 0.0000 0.0000 0.0000 0.3070
78       78   (0)     12  : 0.0000 0.5714 0.0000 0.0000 0.0000 0.0000 0.0000 0.4286
79       79   (0)     13  : 0.0851 0.0000 0.5715 0.0000 0.0198 0.1040 0.2195 0.0000
80       80   (0)     13  : 0.5527 0.0000 0.0000 0.0000 0.0377 0.2667 0.1429 0.0000
