1        1   (0)      1  : 0.1891 0.0000 0.0003 0.6750 0.0000 0.0000 0.0059 0.0183 0.1113
2        2   (0)      1  : 0.0000 0.0000 0.0090 0.3068 0.0840 0.0000 0.0417 0.0149 0.5436
3        3   (0)      1  : 0.0000 0.0000 0.0000 1.0000 0.0000 0.0000 0.0000 0.0000 0.0000
4        4   (0)      1  : 0.0000 0.0000 0.0000 0.3636 0.0000 0.0000 0.0000 0.0000 0.6364
5        5   (0)      1  : 0.5281 0.0000 0.1346 0.0870 0.0274 0.0954 0.0071 0.0027 0.1177
6        6   (0)      1  : 0.6757 0.0000 0.1052 0.0313 0.0228 0.0546 0.0295 0.0088 0.0721
7        7   (0)      1  : 0.8756 0.0000 0.0000 0.0202 0.0116 0.0000 0.0513 0.0182 0.0231
8        8   (0)      1  : 0.5572 0.0000 0.0981 0.0820 0.0178 0.0511 0.0106 0.0022 0.1811
9        9   (0)      1  : 0.0000 0.0000 0.0000 0.3636 0.0000 0.0000 0.0000 0.0000 0.6364
10       10   (0)      1  : 0.8566 0.0000 0.0000 0.0000 0.0189 0.0014 0.0419 0.0738 0.0074
11       11   (0)      1  : 0.8112 0.0000 0.0000 0.0035 0.0434 0.0000 0.0551 0.0675 0.0192
12       12   (0)      1  : 0.0900 0.0000 0.0000 0.0000 0.0909 0.0000 0.3636 0.1827 0.2727
13       13   (0)      1  : 0.8531 0.0000 0.0000 0.0030 0.0092 0.0000 0.0555 0.0658 0.0133
14       14   (0)      1  : 0.4490 0.0262 0.0968 0.1423 0.0112 0.1252 0.0657 0.0240 0.0596
15       15   (0)      1  : 0.0000 0.0000 1.0000 0.0000 0.0000 0.0000 0.0000 0.0000 0.0000
16       16   (0)      1  : 0.0000 0.0000 0.0000 0.8182 0.0000 0.0909 0.0000 0.0000 0.0909
17       17   (0)      1  : 0.0000 0.0000 0.0000 0.8182 0.0000 0.0909 0.0000 0.0000 0.0909
18       18   (0)      1  : 0.0871 0.0000 0.0000 0.0000 0.0000 0.0000 0.0000 0.9129 0.0000
19       19   (0)      1  : 0.8120 0.0000 0.0000 0.0100 0.0540 0.0000 0.0679 0.0350 0.0211
20       20   (0)      1  : 0.8463 0.0000 0.0000 0.0065 0.0219 0.0000 0.0643 0.0302 0.0308
21       21   (0)      1  : 0.0000 0.0000 0.0000 1.0000 0.0000 0.0000 0.0000 0.0000 0.0000
22       22   (0)      1  : 0.0000 0.0000 1.0000 0.0000 0.0000 0.0000 0.0000 0.0000 0.0000
23       23   (0)      1  : 0.8452 0.0000 0.0046 0.0045 0.0404 0.0005 0.0419 0.0133 0.0495
24       24   (0)      2  : 0.0000 0.0000 0.0000 0.9898 0.0000 0.0102 0.0000 0.0000 0.0000
25       25   (0)      2  : 0.9543 0.0000 0.0000 0.0000 0.0000 0.0000 0.0156 0.0072 0.0230
26       26   (0)      2  : 0.2713 0.0000 0.0000 0.5754 0.0040 0.0000 0.0059 0.0125 0.1309
27       27   (0)      2  : 0.7613 0.0000 0.0000 0.0574 0.0345 0.0001 0.0268 0.1038 0.0161
28       28   (0)      2  : 0.8514 0.0000 0.0232 0.0547 0.0018 0.0179 0.0291 0.0100 0.0120
29       29   (0)      2  : 0.7539 0.0000 0.0000 0.0471 0.0615 0.0047 0.0388 0.0673 0.0266
30       30   (0)      2  : 0.0000 1.0000 0.0000 0.0000 0.0000 0.0000 0.0000 0.0000 0.0000
31       31   (0)      2  : 0.8185 0.0000 0.0107 0.0253 0.0109 0.0139 0.0300 0.0677 0.0229
32       32   (0)      2  : 0.0000 0.0000 0.0000 1.0000 0.0000 0.0000 0.0000 0.0000 0.0000
33       33   (0)      2  : 0.0873 0.0000 0.0000 0.0000 0.0000 0.0000 0.0000 0.9127 0.0000
34       34   (0)      2  : 0.9084 0.0000 0.0000 0.0072 0.0110 0.0001 0.0299 0.0248 0.0186
35       35   (0)      2  : 0.7682 0.0000 0.0257 0.0276 0.0382 0.0000 0.0619 0.0446 0.0339
36       36   (0)      2  : 0.0000 0.0000 0.0000 0.3636 0.0000 0.0000 0.0000 0.0000 0.6364
37       37   (0)      3  : 0.8463 0.0000 0.0017 0.0275 0.0404 0.0001 0.0457 0.0299 0.0084
38       38   (0)      3  : 0.5668 0.0000 0.0000 0.0149 0.2402 0.0000 0.0329 0.0194 0.1257
39       39   (0)      3  : 0.8929 0.0000 0.0000 0.0196 0.0401 0.0009 0.0101 0.0286 0.0077
40       40   (0)      3  : 0.8342 0.0000 0.0000 0.0335 0.0139 0.0007 0.0599 0.0187 0.0392
41       41   (0)      3  : 0.8608 0.0000 0.0000 0.0023 0.0497 0.0015 0.0133 0.0342 0.0382
42       42   (0)      4  : 0.0000 1.0000 0.0000 0.0000 0.0000 0.0000 0.0000 0.0000 0.0000
43       43   (0)      4  : 0.8753 0.0010 0.0000 0.0014 0.0234 0.0280 0.0459 0.0154 0.0097
44       44   (0)      4  : 0.0000 1.0000 0.0000 0.0000 0.0000 0.0000 0.0000 0.0000 0.0000
45       45   (0)      4  : 0.0000 1.0000 0.0000 0.0000 0.0000 0.0000 0.0000 0.0000 0.0000
46       46   (0)      4  : 0.8489 0.0234 0.0132 0.0352 0.0025 0.0011 0.0477 0.0083 0.0197
47       47   (0)      4  : 0.9367 0.0000 0.0000 0.0004 0.0000 0.0006 0.0420 0.0185 0.0017
48       48   (0)      4  : 0.8386 0.0000 0.0000 0.0004 0.0148 0.0000 0.0583 0.0582 0.0297
49       49   (0)      4  : 0.9335 0.0000 0.0000 0.0011 0.0024 0.0000 0.0205 0.0092 0.0333
50       50   (0)      4  : 0.7050 0.0000 0.0000 0.0000 0.0113 0.0000 0.0939 0.1887 0.0011
51       51   (0)      4  : 0.3094 0.3516 0.0464 0.0012 0.0004 0.2533 0.0189 0.0176 0.0011
52       52   (0)      4  : 0.8372 0.0074 0.0000 0.0009 0.0034 0.0505 0.0532 0.0373 0.0101
53       53   (0)      4  : 0.8884 0.0029 0.0000 0.0000 0.0177 0.0014 0.0316 0.0289 0.0290
54       54   (0)      4  : 0.8529 0.0312 0.0125 0.0082 0.0406 0.0028 0.0306 0.0060 0.0152
55       55   (0)      4  : 0.6843 0.0000 0.0000 0.0077 0.0150 0.0000 0.1003 0.1911 0.0016
56       56   (0)      4  : 0.0000 1.0000 0.0000 0.0000 0.0000 0.0000 0.0000 0.0000 0.0000
57       57   (0)      5  : 0.8987 0.0000 0.0000 0.0064 0.0048 0.0000 0.0382 0.0206 0.0313
58       58   (0)      5  : 0.8319 0.0000 0.0000 0.0000 0.0223 0.0017 0.0320 0.0781 0.0339
59       59   (0)      5  : 0.0000 1.0000 0.0000 0.0000 0.0000 0.0000 0.0000 0.0000 0.0000
60       60   (0)      5  : 0.8800 0.0000 0.0000 0.0000 0.0046 0.0003 0.0851 0.0172 0.0128
61       61   (0)      5  : 0.2768 0.4601 0.0951 0.0066 0.0815 0.0683 0.0056 0.0029 0.0032
62       62   (0)      5  : 0.0000 1.0000 0.0000 0.0000 0.0000 0.0000 0.0000 0.0000 0.0000
63       63   (0)      5  : 0.6524 0.1704 0.0078 0.0220 0.0244 0.0481 0.0301 0.0099 0.0349
64       64   (0)      5  : 0.8134 0.0000 0.0000 0.0004 0.0568 0.0000 0.0767 0.0222 0.0304
65       65   (0)      5  : 0.9444 0.0000 0.0000 0.0000 0.0029 0.0000 0.0234 0.0212 0.0081
66       66   (0)      5  : 0.9063 0.0000 0.0000 0.0325 0.0151 0.0033 0.0192 0.0119 0.0116
67       67   (0)      5  : 0.1283 0.7289 0.0302 0.0000 0.0016 0.1104 0.0000 0.0000 0.0006
68       68   (0)      5  : 0.0000 1.0000 0.0000 0.0000 0.0000 0.0000 0.0000 0.0000 0.0000
69       69   (0)      5  : 0.5836 0.2290 0.0027 0.0089 0.0731 0.0169 0.0238 0.0167 0.0454
70       70   (0)      5  : 0.0000 1.0000 0.0000 0.0000 0.0000 0.0000 0.0000 0.0000 0.0000
71       71   (0)      5  : 0.0000 1.0000 0.0000 0.0000 0.0000 0.0000 0.0000 0.0000 0.0000
72       72   (0)      5  : 0.7727 0.1146 0.0036 0.0081 0.0045 0.0024 0.0271 0.0245 0.0425
73       73   (0)      5  : 0.8454 0.0000 0.0000 0.0283 0.0200 0.0046 0.0563 0.0117 0.0338
74       74   (0)      5  : 0.0000 1.0000 0.0000 0.0000 0.0000 0.0000 0.0000 0.0000 0.0000
75       75   (0)      6  : 0.0000 1.0000 0.0000 0.0000 0.0000 0.0000 0.0000 0.0000 0.0000
76       76   (0)      6  : 0.8244 0.0456 0.0125 0.0171 0.0015 0.0231 0.0365 0.0250 0.0144
77       77   (0)      6  : 0.0000 1.0000 0.0000 0.0000 0.0000 0.0000 0.0000 0.0000 0.0000
78       78   (0)      6  : 0.0000 1.0000 0.0000 0.0000 0.0000 0.0000 0.0000 0.0000 0.0000
79       79   (0)      6  : 0.0000 1.0000 0.0000 0.0000 0.0000 0.0000 0.0000 0.0000 0.0000
80       80   (0)      6  : 0.0000 0.0000 0.0018 0.9121 0.0000 0.0000 0.0000 0.0000 0.0861
81       81   (0)      6  : 0.0000 1.0000 0.0000 0.0000 0.0000 0.0000 0.0000 0.0000 0.0000
82       82   (0)      6  : 0.0000 1.0000 0.0000 0.0000 0.0000 0.0000 0.0000 0.0000 0.0000
83       83   (0)      6  : 0.0000 0.9562 0.0166 0.0000 0.0000 0.0272 0.0000 0.0000 0.0000
84       84   (0)      6  : 0.0000 1.0000 0.0000 0.0000 0.0000 0.0000 0.0000 0.0000 0.0000
85       85   (0)      6  : 0.0000 1.0000 0.0000 0.0000 0.0000 0.0000 0.0000 0.0000 0.0000
86       86   (0)      6  : 0.0000 1.0000 0.0000 0.0000 0.0000 0.0000 0.0000 0.0000 0.0000
87       87   (0)      6  : 0.0000 1.0000 0.0000 0.0000 0.0000 0.0000 0.0000 0.0000 0.0000
88       88   (0)      6  : 0.0000 1.0000 0.0000 0.0000 0.0000 0.0000 0.0000 0.0000 0.0000
89       89   (0)      6  : 0.0000 1.0000 0.0000 0.0000 0.0000 0.0000 0.0000 0.0000 0.0000
90       90   (0)      6  : 0.0000 0.1075 0.0000 0.3143 0.0000 0.0000 0.0000 0.0000 0.5782
91       91   (0)      6  : 0.0000 1.0000 0.0000 0.0000 0.0000 0.0000 0.0000 0.0000 0.0000
92       92   (0)      6  : 0.6717 0.0000 0.0000 0.0291 0.1355 0.0289 0.0234 0.0152 0.0963
93       93   (0)      6  : 0.0000 0.0174 0.0570 0.0000 0.0000 0.9091 0.0000 0.0000 0.0165
94       94   (0)      6  : 0.8230 0.0000 0.0000 0.0000 0.0367 0.0583 0.0357 0.0303 0.0160
95       95   (0)      6  : 0.0382 0.0186 0.0280 0.0000 0.0043 0.9091 0.0010 0.0008 0.0000
96       96   (0)      6  : 0.0415 0.0263 0.0185 0.0000 0.0030 0.9091 0.0016 0.0000 0.0000
97       97   (0)      6  : 0.7024 0.0047 0.0012 0.0000 0.0392 0.1620 0.0346 0.0300 0.0259
98       98   (0)      6  : 0.0261 0.0165 0.1803 0.0000 0.0000 0.7711 0.0000 0.0000 0.0060
99       99   (0)      7  : 0.0000 1.0000 0.0000 0.0000 0.0000 0.0000 0.0000 0.0000 0.0000
100      100   (0)      7  : 0.6078 0.1328 0.0369 0.0136 0.0141 0.1439 0.0250 0.0061 0.0198
101      101   (0)      7  : 0.0000 0.0000 1.0000 0.0000 0.0000 0.0000 0.0000 0.0000 0.0000
102      102   (0)      7  : 0.0000 0.0000 1.0000 0.0000 0.0000 0.0000 0.0000 0.0000 0.0000
103      103   (0)      7  : 0.7748 0.0000 0.0000 0.0000 0.0528 0.0013 0.0805 0.0523 0.0383
104      104   (0)      7  : 0.7356 0.0000 0.0001 0.0157 0.0837 0.0013 0.0527 0.0251 0.0859
105      105   (0)      7  : 0.7291 0.0000 0.0000 0.0402 0.0363 0.0000 0.0940 0.0068 0.0937
106      106   (0)      7  : 0.8672 0.0000 0.0000 0.0150 0.0279 0.0000 0.0471 0.0168 0.0261
107      107   (0)      7  : 0.8642 0.0000 0.0000 0.0000 0.0015 0.0000 0.0411 0.0540 0.0391
108      108   (0)      8  : 0.0000 0.0000 0.0000 0.0000 1.0000 0.0000 0.0000 0.0000 0.0000
109      109   (0)      8  : 0.8479 0.0000 0.0000 0.0081 0.0419 0.0000 0.0529 0.0240 0.0252
110      110   (0)      8  : 0.0898 0.0000 0.0000 0.0000 0.0909 0.0000 0.3636 0.1829 0.2727
111      111   (0)      8  : 0.0909 0.0000 0.0000 0.0000 0.0909 0.0000 0.7273 0.0909 0.0000
112      112   (0)      8  : 0.0000 0.0000 1.0000 0.0000 0.0000 0.0000 0.0000 0.0000 0.0000
113      113   (0)      8  : 0.9120 0.0000 0.0000 0.0029 0.0102 0.0016 0.0472 0.0065 0.0195
114      114   (0)      8  : 0.9207 0.0000 0.0000 0.0000 0.0064 0.0016 0.0428 0.0122 0.0163
115      115   (0)      8  : 0.0000 0.0000 0.0000 0.0000 1.0000 0.0000 0.0000 0.0000 0.0000
116      116   (0)      8  : 0.0909 0.0000 0.0000 0.0000 0.0909 0.0000 0.7273 0.0909 0.0000
117      117   (0)      8  : 0.5826 0.0199 0.0021 0.0119 0.0845 0.0801 0.1080 0.0075 0.1036
118      118   (0)      8  : 0.8753 0.0000 0.0000 0.0512 0.0199 0.0000 0.0146 0.0134 0.0256
119      119   (0)      9  : 0.0000 1.0000 0.0000 0.0000 0.0000 0.0000 0.0000 0.0000 0.0000
120      120   (0)     10  : 0.8127 0.0000 0.0473 0.0012 0.0534 0.0000 0.0385 0.0329 0.0140
121      121   (0)     10  : 0.8975 0.0000 0.0000 0.0000 0.0067 0.0000 0.0661 0.0266 0.0032
122      122   (0)     10  : 0.8728 0.0000 0.0000 0.0021 0.0501 0.0016 0.0195 0.0345 0.0196
123      123   (0)     10  : 0.6544 0.0681 0.0125 0.0223 0.0989 0.0022 0.0494 0.0258 0.0663
124      124   (0)     10  : 0.8343 0.0000 0.0537 0.0000 0.0258 0.0000 0.0183 0.0327 0.0352
125      125   (0)     10  : 0.7259 0.0012 0.0407 0.0059 0.0005 0.1389 0.0274 0.0473 0.0123
126      126   (0)     10  : 0.8893 0.0000 0.0170 0.0000 0.0209 0.0002 0.0142 0.0368 0.0215
127      127   (0)     10  : 0.8906 0.0000 0.0000 0.0013 0.0415 0.0012 0.0354 0.0202 0.0098
128      128   (0)     10  : 0.8383 0.0000 0.0223 0.0085 0.0169 0.0000 0.0522 0.0327 0.0291
129      129   (0)     10  : 0.9063 0.0000 0.0000 0.0113 0.0080 0.0010 0.0141 0.0345 0.0250
130      130   (0)     10  : 0.9542 0.0000 0.0000 0.0111 0.0045 0.0000 0.0113 0.0024 0.0164
131      131   (0)     10  : 0.8203 0.0000 0.0349 0.0105 0.0283 0.0046 0.0468 0.0150 0.0395
132      132   (0)     10  : 0.7915 0.0000 0.0548 0.0184 0.0245 0.0460 0.0147 0.0089 0.0412
133      133   (0)     10  : 0.7988 0.0141 0.0215 0.0016 0.0358 0.0309 0.0355 0.0424 0.0194
134      134   (0)     10  : 0.8171 0.0092 0.0424 0.0000 0.0372 0.0405 0.0261 0.0174 0.0100
135      135   (0)     10  : 0.8017 0.0000 0.0357 0.0034 0.0751 0.0021 0.0379 0.0070 0.0372
136      136   (0)     10  : 0.8868 0.0000 0.0133 0.0048 0.0242 0.0014 0.0380 0.0141 0.0175
137      137   (0)     11  : 0.0000 0.9111 0.0889 0.0000 0.0000 0.0000 0.0000 0.0000 0.0000
138      138   (0)     12  : 0.6012 0.0014 0.0538 0.1004 0.0284 0.1363 0.0077 0.0583 0.0123
139      139   (0)     12  : 0.2706 0.2185 0.0791 0.0000 0.0003 0.4064 0.0104 0.0116 0.0032
140      140   (0)     12  : 0.0000 0.0000 0.0414 0.8704 0.0000 0.0000 0.0000 0.0000 0.0881
141      141   (0)     12  : 0.0018 0.0000 0.0384 0.0000 0.0000 0.7580 0.0849 0.0560 0.0608
142      142   (0)     12  : 0.7771 0.0000 0.0534 0.0431 0.0223 0.0137 0.0459 0.0261 0.0184
143      143   (0)     12  : 0.2098 0.0133 0.1050 0.0067 0.0000 0.6108 0.0379 0.0165 0.0000
144      144   (0)     12  : 0.7261 0.0002 0.1220 0.0583 0.0008 0.0466 0.0207 0.0034 0.0220
145      145   (0)     12  : 0.3165 0.0000 0.0000 0.4647 0.0141 0.0000 0.0116 0.0074 0.1857
146      146   (0)     13  : 0.0000 1.0000 0.0000 0.0000 0.0000 0.0000 0.0000 0.0000 0.0000
147      147   (0)     13  : 0.0000 1.0000 0.0000 0.0000 0.0000 0.0000 0.0000 0.0000 0.0000
148      148   (0)     13  : 0.0000 1.0000 0.0000 0.0000 0.0000 0.0000 0.0000 0.0000 0.0000
149      149   (0)     13  : 0.0000 1.0000 0.0000 0.0000 0.0000 0.0000 0.0000 0.0000 0.0000
150      150   (0)     13  : 0.0000 1.0000 0.0000 0.0000 0.0000 0.0000 0.0000 0.0000 0.0000
151      151   (0)     14  : 0.0000 1.0000 0.0000 0.0000 0.0000 0.0000 0.0000 0.0000 0.0000
152      152   (0)     14  : 0.8684 0.0000 0.0000 0.0074 0.0258 0.0006 0.0381 0.0379 0.0218
153      153   (0)     15  : 0.0313 0.0273 0.0264 0.0000 0.0027 0.9095 0.0003 0.0005 0.0019
154      154   (0)     15  : 0.0000 0.9823 0.0013 0.0000 0.0000 0.0164 0.0000 0.0000 0.0000
155      155   (0)     16  : 0.8348 0.0000 0.0375 0.0056 0.0280 0.0366 0.0445 0.0065 0.0065
156      156   (0)     16  : 0.7717 0.0000 0.0121 0.0125 0.0359 0.0000 0.0779 0.0188 0.0711
157      157   (0)     17  : 0.0190 0.0201 0.1398 0.0068 0.0021 0.7936 0.0033 0.0075 0.0078
158      158   (0)     17  : 0.0000 0.0000 0.0017 0.3619 0.0000 0.0000 0.0000 0.0000 0.6364
159      159   (0)     18  : 0.8869 0.0000 0.0133 0.0000 0.0109 0.0144 0.0342 0.0156 0.0246
160      160   (0)     18  : 0.8716 0.0000 0.0000 0.0012 0.0193 0.0018 0.0477 0.0356 0.0228
161      161   (0)     18  : 0.8532 0.0000 0.0000 0.0026 0.0234 0.0000 0.0336 0.0628 0.0244
162      162   (0)     19  : 0.7190 0.0000 0.0343 0.0000 0.0395 0.0587 0.1123 0.0248 0.0114
163      163   (0)     19  : 0.2830 0.1383 0.1929 0.0070 0.0735 0.2056 0.0467 0.0019 0.0510
164      164   (0)     19  : 0.5800 0.0000 0.0000 0.0375 0.2323 0.0038 0.0247 0.0247 0.0971
