 1        1   (0)      1 :  0.2164 0.1472 0.0200 0.0000 0.1000 0.0000 0.0339 0.0200 0.0000 0.0600 0.1256 0.0000 0.0000 0.0000 0.1847 0.0921 
 2        2   (0)      1 :  0.0000 0.0000 0.0027 0.0097 0.0000 0.0000 0.0000 0.0034 0.0068 0.0000 0.0000 0.9775 0.0000 0.0000 0.0000 0.0000 
 3        3   (0)      1 :  0.1094 0.0372 0.0271 0.0000 0.1516 0.0000 0.2221 0.0066 0.0000 0.0818 0.1138 0.0203 0.0000 0.0000 0.1407 0.0894 
 4        4   (0)      1 :  0.0800 0.0800 0.0600 0.0000 0.0400 0.0000 0.2593 0.0488 0.0000 0.0519 0.0514 0.0400 0.0000 0.0000 0.1600 0.1286 
 5        5   (0)      1 :  0.0307 0.0400 0.0400 0.0000 0.0305 0.0000 0.3695 0.0523 0.0000 0.0000 0.1041 0.0400 0.0000 0.0000 0.1055 0.1873 
 6        6   (0)      1 :  0.0873 0.0800 0.0000 0.0000 0.1102 0.0000 0.2179 0.0005 0.0000 0.0400 0.1949 0.0200 0.0000 0.0000 0.1692 0.0800 
 7        7   (0)      1 :  0.0893 0.0200 0.0000 0.0000 0.0200 0.0000 0.8655 0.0000 0.0000 0.0000 0.0000 0.0000 0.0000 0.0000 0.0000 0.0052 
 8        8   (0)      1 :  0.1821 0.0340 0.0600 0.0000 0.1127 0.0000 0.2641 0.0573 0.0000 0.0960 0.0348 0.0027 0.0000 0.0000 0.0720 0.0843 
 9        9   (0)      1 :  0.2798 0.0182 0.0134 0.0000 0.0787 0.0000 0.2109 0.0328 0.0000 0.0189 0.0673 0.0000 0.0000 0.0000 0.1623 0.1176 
10       10   (0)      1 :  0.1026 0.0328 0.0070 0.0000 0.3879 0.0000 0.1359 0.0089 0.0000 0.0713 0.0929 0.0000 0.0000 0.0000 0.1007 0.0599 
11       11   (0)      1 :  0.1352 0.3251 0.0027 0.0089 0.0914 0.0000 0.0522 0.0273 0.0000 0.1331 0.0992 0.0195 0.0000 0.0000 0.0635 0.0420 
12       12   (0)      1 :  0.0000 0.0000 0.0000 0.0000 0.0000 0.0000 0.0000 0.0000 0.0000 0.0000 0.0000 1.0000 0.0000 0.0000 0.0000 0.0000 
13       13   (0)      1 :  0.0880 0.1233 0.0200 0.0000 0.3156 0.0000 0.0920 0.0600 0.0000 0.0903 0.0400 0.0000 0.0000 0.0000 0.1230 0.0479 
14       14   (0)      2 :  0.0079 0.0000 0.0000 0.0000 0.0000 0.0000 0.0000 0.0000 0.0000 0.0080 0.9697 0.0000 0.0000 0.0000 0.0051 0.0093 
15       15   (0)      2 :  0.0000 0.0000 0.0000 0.0000 0.0000 0.0600 0.0000 0.0800 0.0000 0.0000 0.0000 0.0000 0.0000 0.8600 0.0000 0.0000 
16       16   (0)      2 :  0.6135 0.0200 0.0200 0.0000 0.0397 0.0000 0.0285 0.0600 0.0000 0.0200 0.1419 0.0000 0.0000 0.0000 0.0173 0.0392 
17       17   (0)      2 :  0.0668 0.0400 0.0000 0.0000 0.0503 0.0000 0.1400 0.0200 0.0000 0.1000 0.2400 0.0000 0.0000 0.0000 0.2829 0.0600 
18       18   (0)      2 :  0.0155 0.1866 0.0200 0.0000 0.0573 0.0000 0.1020 0.0460 0.0000 0.0200 0.0600 0.0200 0.0000 0.0000 0.1648 0.3078 
19       19   (0)      2 :  0.2027 0.0400 0.0200 0.0000 0.0904 0.0000 0.1853 0.0600 0.0000 0.0081 0.2470 0.0107 0.0000 0.0000 0.0436 0.0923 
20       20   (0)      2 :  0.0673 0.2277 0.0072 0.0125 0.1237 0.0000 0.0690 0.0329 0.0000 0.1055 0.0116 0.0026 0.0000 0.0000 0.2683 0.0716 
21       21   (0)      2 :  0.1630 0.0174 0.0000 0.0000 0.0663 0.0000 0.0317 0.0109 0.0000 0.0363 0.0361 0.0236 0.0000 0.0000 0.6006 0.0141 
22       22   (0)      2 :  0.1015 0.1247 0.0058 0.0664 0.1489 0.0000 0.1441 0.0220 0.0000 0.1100 0.0272 0.0018 0.0000 0.0000 0.2099 0.0379 
23       23   (0)      2 :  0.0685 0.0273 0.0228 0.3731 0.0347 0.0000 0.0211 0.0094 0.0000 0.1140 0.0138 0.0115 0.0000 0.0000 0.3039 0.0000 
24       24   (0)      2 :  0.3516 0.0200 0.0017 0.0000 0.0294 0.0000 0.0868 0.0509 0.0000 0.0000 0.0049 0.0000 0.0000 0.0000 0.4229 0.0319 
25       25   (0)      2 :  0.2162 0.1095 0.0060 0.0000 0.1129 0.0000 0.0516 0.1000 0.0000 0.0282 0.0916 0.0000 0.0000 0.0000 0.1738 0.1101 
26       26   (0)      2 :  0.0844 0.0273 0.0081 0.3512 0.1395 0.0000 0.0159 0.0472 0.0000 0.0691 0.1074 0.0000 0.0000 0.0000 0.0583 0.0916 
27       27   (0)      2 :  0.3671 0.0417 0.0082 0.0000 0.0367 0.0000 0.0684 0.0530 0.0000 0.0276 0.1895 0.0200 0.0000 0.0000 0.0244 0.1635 
28       28   (0)      3 :  0.0000 0.0000 0.2000 0.0000 0.0000 0.0000 0.0000 0.0000 0.0000 0.0200 0.0000 0.0000 0.7800 0.0000 0.0000 0.0000 
29       29   (0)      3 :  0.0400 0.0800 0.0000 0.0000 0.0600 0.0000 0.1200 0.0400 0.0000 0.1000 0.4174 0.0323 0.0000 0.0000 0.0800 0.0303 
30       30   (0)      3 :  0.0000 0.0000 0.0000 0.9800 0.0000 0.0000 0.0000 0.0200 0.0000 0.0000 0.0000 0.0000 0.0000 0.0000 0.0000 0.0000 
31       31   (0)      3 :  0.0310 0.0766 0.0167 0.5155 0.0529 0.0000 0.0437 0.0542 0.0000 0.1381 0.0256 0.0033 0.0000 0.0000 0.0152 0.0272 
32       32   (0)      3 :  0.0000 0.0000 0.0000 0.0000 0.0000 0.0400 0.0000 0.0600 0.0000 0.0000 0.0000 0.0000 0.0000 0.9000 0.0000 0.0000 
33       33   (0)      3 :  0.1092 0.0200 0.0000 0.0000 0.4000 0.0000 0.0388 0.0000 0.0000 0.0708 0.1463 0.0200 0.0000 0.0000 0.0800 0.1149 
34       34   (0)      3 :  0.0000 0.0000 0.0600 0.0000 0.0000 0.1875 0.0000 0.0702 0.6623 0.0200 0.0000 0.0000 0.0000 0.0000 0.0000 0.0000 
35       35   (0)      3 :  0.0000 0.0000 0.0869 0.0000 0.0000 0.2619 0.0000 0.1009 0.4240 0.0251 0.0000 0.0000 0.1013 0.0000 0.0000 0.0000 
36       36   (0)      3 :  0.0000 0.0000 0.0800 0.0000 0.0000 0.1200 0.0000 0.0800 0.6800 0.0400 0.0000 0.0000 0.0000 0.0000 0.0000 0.0000 
37       37   (0)      3 :  0.0659 0.0277 0.0200 0.0000 0.1600 0.0000 0.1281 0.1400 0.0000 0.0000 0.1400 0.0000 0.0000 0.0000 0.0888 0.2295 
38       38   (0)      3 :  0.0000 0.0000 0.0400 0.9200 0.0000 0.0000 0.0000 0.0400 0.0000 0.0000 0.0000 0.0000 0.0000 0.0000 0.0000 0.0000 
39       39   (0)      3 :  0.0000 0.0000 0.0000 0.9400 0.0000 0.0000 0.0000 0.0600 0.0000 0.0000 0.0000 0.0000 0.0000 0.0000 0.0000 0.0000 
40       40   (0)      3 :  0.1353 0.0200 0.0200 0.0000 0.0200 0.0000 0.0124 0.0600 0.0000 0.1123 0.2294 0.0200 0.0000 0.0000 0.0306 0.3400 
41       41   (0)      3 :  0.1463 0.0200 0.0000 0.0000 0.1200 0.0000 0.0803 0.0000 0.0000 0.0660 0.0473 0.0000 0.0000 0.0000 0.1600 0.3600 
42       42   (0)      3 :  0.0000 0.0000 0.0000 0.0000 0.0000 0.0400 0.0000 0.0000 0.0000 0.0000 0.0000 0.0000 0.0000 0.9600 0.0000 0.0000 
43       43   (0)      3 :  0.0000 0.0000 0.0000 0.0000 0.0000 0.8866 0.0000 0.0000 0.0787 0.0000 0.0000 0.0000 0.0236 0.0110 0.0000 0.0000 
44       44   (0)      3 :  0.0495 0.1200 0.0000 0.0000 0.0000 0.0000 0.0866 0.0000 0.0000 0.2200 0.1613 0.0000 0.0000 0.0000 0.2565 0.1061 
45       45   (0)      3 :  0.6608 0.0000 0.0000 0.0000 0.0400 0.0000 0.0294 0.0400 0.0000 0.0200 0.1382 0.0000 0.0000 0.0000 0.0341 0.0374 
46       46   (0)      4 :  0.0000 0.0000 0.1400 0.0000 0.0000 0.0000 0.0000 0.0400 0.0000 0.0000 0.0000 0.0000 0.8200 0.0000 0.0000 0.0000 
47       47   (0)      4 :  0.0000 0.0000 0.1654 0.0000 0.0000 0.0400 0.0000 0.0600 0.0000 0.0000 0.0000 0.0000 0.7346 0.0000 0.0000 0.0000 
48       48   (0)      4 :  0.0600 0.1927 0.0400 0.0000 0.0800 0.0000 0.0000 0.0400 0.0000 0.2597 0.1693 0.0000 0.0000 0.0000 0.0351 0.1232 
49       49   (0)      4 :  0.0160 0.3958 0.0400 0.0000 0.0047 0.0000 0.1103 0.0200 0.0000 0.2044 0.0320 0.0028 0.0000 0.0000 0.1463 0.0277 
50       50   (0)      4 :  0.0000 0.7576 0.0012 0.0000 0.0247 0.0000 0.0617 0.0011 0.0000 0.0412 0.0392 0.0000 0.0000 0.0000 0.0308 0.0424 
51       51   (0)      4 :  0.0765 0.4434 0.0037 0.0094 0.0604 0.0000 0.0296 0.0253 0.0000 0.2135 0.0806 0.0000 0.0000 0.0000 0.0401 0.0174 
52       52   (0)      4 :  0.0580 0.3291 0.0000 0.0000 0.1086 0.0000 0.0277 0.0400 0.0000 0.0882 0.0177 0.0200 0.0000 0.0000 0.0785 0.2322 
53       53   (0)      4 :  0.1400 0.0400 0.0400 0.0000 0.0266 0.0000 0.0534 0.0600 0.0000 0.2800 0.1600 0.0400 0.0000 0.0000 0.1200 0.0400 
54       54   (0)      4 :  0.1095 0.1600 0.0024 0.0000 0.3774 0.0000 0.1291 0.0800 0.0000 0.0718 0.0022 0.0000 0.0000 0.0000 0.0400 0.0276 
55       55   (0)      4 :  0.0272 0.0341 0.0254 0.6169 0.0383 0.0000 0.0198 0.0527 0.0000 0.1266 0.0127 0.0071 0.0000 0.0000 0.0120 0.0273 
56       56   (0)      4 :  0.0800 0.2600 0.0000 0.0000 0.0941 0.0000 0.1387 0.0400 0.0000 0.2000 0.0755 0.0200 0.0000 0.0000 0.0000 0.0916 
57       57   (0)      5 :  0.0460 0.0908 0.0000 0.0000 0.1057 0.0000 0.0209 0.0226 0.0000 0.0449 0.3595 0.0009 0.0000 0.0000 0.0442 0.2645 
58       58   (0)      5 :  0.1543 0.1296 0.0101 0.0000 0.1900 0.0073 0.0165 0.0416 0.0000 0.0662 0.1884 0.0028 0.0031 0.0000 0.1244 0.0658 
59       59   (0)      5 :  0.1206 0.0637 0.0000 0.0000 0.4317 0.0000 0.0901 0.0000 0.0000 0.0600 0.0452 0.0000 0.0000 0.0000 0.1087 0.0800 
60       60   (0)      5 :  0.0000 0.0000 0.2600 0.0000 0.0000 0.0000 0.0000 0.0200 0.0000 0.0000 0.0000 0.0000 0.7200 0.0000 0.0000 0.0000 
61       61   (0)      5 :  0.0000 0.0000 0.1779 0.0000 0.0000 0.0000 0.0000 0.0269 0.0011 0.0200 0.0000 0.0000 0.7733 0.0004 0.0000 0.0005 
62       62   (0)      5 :  0.0000 0.0000 0.0000 0.0000 0.0000 0.0469 0.0000 0.1000 0.0000 0.0000 0.0000 0.0000 0.0000 0.8531 0.0000 0.0000 
63       63   (0)      6 :  0.0000 0.0000 0.0000 0.0000 0.0000 0.1903 0.0000 0.0600 0.7297 0.0200 0.0000 0.0000 0.0000 0.0000 0.0000 0.0000 
64       64   (0)      6 :  0.0000 0.0000 0.2757 0.0000 0.0000 0.0000 0.0000 0.0200 0.0000 0.0200 0.0000 0.0000 0.6843 0.0000 0.0000 0.0000 
65       65   (0)      6 :  0.0000 0.0000 0.0200 0.0000 0.0000 0.0600 0.0000 0.0800 0.8131 0.0269 0.0000 0.0000 0.0000 0.0000 0.0000 0.0000 
66       66   (0)      6 :  0.0665 0.0040 0.1456 0.0000 0.0321 0.0449 0.0412 0.0429 0.0134 0.0093 0.0139 0.0000 0.4927 0.0243 0.0263 0.0429 
67       67   (0)      6 :  0.0000 0.0000 0.1600 0.0000 0.0000 0.0200 0.0000 0.0000 0.0000 0.0000 0.0000 0.0000 0.8200 0.0000 0.0000 0.0000 
68       68   (0)      6 :  0.0000 0.0000 0.2404 0.0886 0.0000 0.0170 0.0000 0.0355 0.0548 0.0036 0.0000 0.0000 0.5402 0.0000 0.0000 0.0200 
69       69   (0)      6 :  0.1472 0.0899 0.0335 0.0098 0.0773 0.0014 0.0982 0.0447 0.0497 0.1775 0.0688 0.0124 0.0363 0.0023 0.0961 0.0548 
70       70   (0)      6 :  0.0000 0.0000 0.1600 0.0000 0.0000 0.0200 0.0000 0.0600 0.0000 0.0000 0.0000 0.0000 0.7400 0.0000 0.0000 0.0200 
71       71   (0)      6 :  0.4695 0.0000 0.0000 0.0000 0.0200 0.0000 0.1105 0.0600 0.0000 0.1600 0.0400 0.0000 0.0000 0.0000 0.1400 0.0000 
72       72   (0)      6 :  0.0000 0.0000 0.3295 0.0000 0.0000 0.0000 0.0000 0.0600 0.0000 0.0000 0.0000 0.0000 0.6105 0.0000 0.0000 0.0000 
73       73   (0)      6 :  0.0000 0.0000 0.0134 0.0000 0.0000 0.0400 0.0000 0.0416 0.9050 0.0000 0.0000 0.0000 0.0000 0.0000 0.0000 0.0000 
74       74   (0)      6 :  0.0000 0.0000 0.3785 0.0798 0.0000 0.0000 0.0000 0.0332 0.0018 0.0053 0.0000 0.0000 0.5014 0.0000 0.0000 0.0000 
75       75   (0)      6 :  0.0000 0.0000 0.0133 0.0214 0.0000 0.0600 0.0000 0.0468 0.8385 0.0200 0.0000 0.0000 0.0000 0.0000 0.0000 0.0000 
76       76   (0)      6 :  0.0000 0.0000 0.2656 0.1271 0.0000 0.0060 0.0000 0.0261 0.0007 0.0000 0.0000 0.0000 0.5544 0.0000 0.0000 0.0200 
77       77   (0)      6 :  0.0000 0.0000 0.2293 0.1294 0.0000 0.0023 0.0000 0.0346 0.0044 0.0071 0.0000 0.0000 0.5929 0.0000 0.0000 0.0000 
78       78   (0)      6 :  0.0000 0.0000 0.0335 0.1635 0.0000 0.0228 0.0000 0.0716 0.7042 0.0043 0.0000 0.0000 0.0000 0.0000 0.0000 0.0000 
79       79   (0)      6 :  0.0000 0.0000 0.0000 0.0000 0.0000 0.0096 0.0000 0.0880 0.9025 0.0000 0.0000 0.0000 0.0000 0.0000 0.0000 0.0000 
80       80   (0)      7 :  0.0200 0.0863 0.0400 0.0000 0.1097 0.0000 0.2000 0.0400 0.0000 0.0000 0.0400 0.0200 0.0000 0.0000 0.1600 0.2840 
81       81   (0)      8 :  0.0029 0.2295 0.0200 0.0038 0.1651 0.0000 0.0869 0.0200 0.0000 0.2026 0.0273 0.0200 0.0000 0.0000 0.1340 0.0880 
82       82   (0)      9 :  0.0000 0.0000 0.0200 0.9200 0.0000 0.0000 0.0000 0.0600 0.0000 0.0000 0.0000 0.0000 0.0000 0.0000 0.0000 0.0000 
83       83   (0)     10 :  0.0431 0.2955 0.0168 0.0893 0.0583 0.0000 0.0713 0.0265 0.0000 0.1534 0.0241 0.0084 0.0000 0.0000 0.1747 0.0386 
84       84   (0)     11 :  0.0400 0.0000 0.0200 0.0000 0.2054 0.0000 0.2800 0.0297 0.0000 0.0400 0.1125 0.0400 0.0000 0.0000 0.0475 0.1850 
85       85   (0)     11 :  0.0165 0.0221 0.0123 0.4167 0.2013 0.0000 0.0426 0.0319 0.0000 0.0547 0.0399 0.0000 0.0000 0.0000 0.0852 0.0767 
86       86   (0)     12 :  0.0101 0.0720 0.0639 0.3246 0.0000 0.0000 0.0342 0.0184 0.0000 0.1327 0.2904 0.0000 0.0000 0.0000 0.0536 0.0000 
87       87   (0)     12 :  0.0901 0.0336 0.0065 0.1407 0.1219 0.0010 0.0915 0.0219 0.0000 0.1569 0.0776 0.0063 0.0000 0.0011 0.1865 0.0643 
88       88   (0)     12 :  0.2048 0.0990 0.0025 0.0000 0.2965 0.0000 0.0163 0.1111 0.0000 0.0036 0.1118 0.0000 0.0000 0.0000 0.0427 0.1116 
89       89   (0)     12 :  0.0385 0.0489 0.0051 0.1474 0.0796 0.0000 0.0975 0.0237 0.0000 0.1207 0.1530 0.0040 0.0000 0.0000 0.2372 0.0445 
90       90   (0)     12 :  0.0000 0.0000 0.0000 0.0000 0.0000 0.1348 0.0000 0.0988 0.7664 0.0000 0.0000 0.0000 0.0000 0.0000 0.0000 0.0000 
91       91   (0)     12 :  0.0282 0.1145 0.0136 0.0000 0.0977 0.0000 0.2257 0.0506 0.0000 0.0722 0.1754 0.0200 0.0000 0.0000 0.1687 0.0334 
92       92   (0)     12 :  0.0701 0.0334 0.0088 0.0000 0.2702 0.0000 0.1574 0.0437 0.0000 0.0512 0.1074 0.0037 0.0000 0.0000 0.2101 0.0440 
93       93   (0)     12 :  0.1929 0.0406 0.0000 0.0000 0.3309 0.0000 0.0650 0.0450 0.0000 0.0924 0.0250 0.0000 0.0000 0.0000 0.1329 0.0754 
94       94   (0)     13 :  0.0288 0.0600 0.0000 0.0000 0.0531 0.0000 0.0469 0.0000 0.0000 0.0200 0.2200 0.0200 0.0000 0.0000 0.1600 0.3912 
