 1        1   (0)      1 :  0.0445 0.3129 0.0000 0.0978 0.1142 0.0000 0.2802 0.0000 0.1504 0.0000 
 2        2   (0)      1 :  0.9063 0.0000 0.0032 0.0013 0.0000 0.0048 0.0000 0.0491 0.0000 0.0354 
 3        3   (0)      1 :  0.0424 0.0873 0.0000 0.0730 0.3545 0.0000 0.0868 0.0000 0.3561 0.0000 
 4        4   (0)      1 :  0.0200 0.3142 0.0000 0.0487 0.1842 0.0000 0.2759 0.0000 0.1569 0.0000 
 5        5   (0)      1 :  0.0524 0.1020 0.0000 0.0735 0.3049 0.0000 0.2671 0.0000 0.2001 0.0000 
 6        6   (0)      1 :  0.0445 0.2659 0.0000 0.0467 0.2365 0.0000 0.2763 0.0000 0.1301 0.0000 
 7        7   (0)      1 :  0.0600 0.0471 0.0000 0.0200 0.2811 0.0000 0.1914 0.0000 0.4003 0.0000 
 8        8   (0)      1 :  0.0574 0.1903 0.0000 0.0133 0.2836 0.0000 0.1264 0.0000 0.3290 0.0000 
 9        9   (0)      1 :  0.0058 0.1343 0.0000 0.0676 0.3880 0.0000 0.2793 0.0000 0.1250 0.0000 
10       10   (0)      1 :  0.0012 0.4532 0.0000 0.0262 0.0715 0.0000 0.2708 0.0000 0.1771 0.0000 
11       11   (0)      1 :  0.0681 0.1278 0.0068 0.2825 0.1971 0.0000 0.2325 0.0000 0.0597 0.0256 
12       12   (0)      1 :  1.0000 0.0000 0.0000 0.0000 0.0000 0.0000 0.0000 0.0000 0.0000 0.0000 
13       13   (0)      1 :  0.0000 0.2998 0.0000 0.0200 0.1246 0.0000 0.1714 0.0000 0.3842 0.0000 
14       14   (0)      2 :  0.0041 0.3512 0.0000 0.0396 0.4339 0.0000 0.1631 0.0000 0.0081 0.0000 
15       15   (0)      2 :  0.0000 0.0000 0.9600 0.0000 0.0000 0.0000 0.0000 0.0400 0.0000 0.0000 
16       16   (0)      2 :  0.0474 0.1529 0.0000 0.0419 0.4700 0.0000 0.1030 0.0000 0.1848 0.0000 
17       17   (0)      2 :  0.0000 0.9241 0.0000 0.0000 0.0359 0.0000 0.0000 0.0000 0.0400 0.0000 
18       18   (0)      2 :  0.0000 0.2129 0.0000 0.0946 0.0651 0.0000 0.5334 0.0000 0.0940 0.0000 
19       19   (0)      2 :  0.0191 0.1987 0.0000 0.0310 0.5716 0.0000 0.0951 0.0000 0.0845 0.0000 
20       20   (0)      2 :  0.0150 0.2879 0.0052 0.1975 0.1449 0.0000 0.1870 0.0000 0.1340 0.0285 
21       21   (0)      2 :  0.0263 0.5240 0.0000 0.0800 0.0915 0.0000 0.1562 0.0000 0.1220 0.0000 
22       22   (0)      2 :  0.0097 0.2349 0.0015 0.1873 0.1545 0.0000 0.1895 0.0000 0.1417 0.0810 
23       23   (0)      2 :  0.0018 0.2834 0.0000 0.1367 0.0659 0.0000 0.0444 0.0000 0.0404 0.4275 
24       24   (0)      2 :  0.0039 0.3487 0.0000 0.0590 0.3077 0.0000 0.1755 0.0000 0.1051 0.0000 
25       25   (0)      2 :  0.0446 0.2275 0.0000 0.0600 0.2618 0.0000 0.2596 0.0000 0.1464 0.0000 
26       26   (0)      2 :  0.0066 0.0629 0.0000 0.0479 0.3510 0.0000 0.1145 0.0000 0.0189 0.3982 
27       27   (0)      2 :  0.0466 0.0443 0.0000 0.0499 0.4817 0.0000 0.1547 0.0000 0.2228 0.0000 
28       28   (0)      3 :  0.0000 0.0000 0.0200 0.0200 0.0000 0.9600 0.0000 0.0000 0.0000 0.0000 
29       29   (0)      3 :  0.0600 0.3200 0.0000 0.1000 0.3000 0.0000 0.0600 0.0000 0.1600 0.0000 
30       30   (0)      3 :  0.0000 0.0000 0.0000 0.0000 0.0000 0.0000 0.0000 0.0000 0.0000 1.0000 
31       31   (0)      3 :  0.0335 0.0709 0.0000 0.0476 0.0428 0.0000 0.0460 0.0000 0.2281 0.5311 
32       32   (0)      3 :  0.0000 0.0000 0.9000 0.0600 0.0000 0.0000 0.0000 0.0400 0.0000 0.0000 
33       33   (0)      3 :  0.0461 0.1101 0.0000 0.0648 0.5914 0.0000 0.0428 0.0000 0.1448 0.0000 
34       34   (0)      3 :  0.0000 0.0000 0.0000 0.0400 0.0000 0.0000 0.0000 0.9600 0.0000 0.0000 
35       35   (0)      3 :  0.0000 0.0000 0.0000 0.0727 0.0000 0.2225 0.0000 0.7048 0.0000 0.0000 
36       36   (0)      3 :  0.0000 0.0000 0.0000 0.0439 0.0000 0.0000 0.0000 0.9561 0.0000 0.0000 
37       37   (0)      3 :  0.0600 0.0738 0.0000 0.0400 0.4641 0.0000 0.2345 0.0000 0.1276 0.0000 
38       38   (0)      3 :  0.0000 0.0000 0.0000 0.0000 0.0000 0.0000 0.0000 0.0000 0.0000 1.0000 
39       39   (0)      3 :  0.0000 0.0000 0.0000 0.0000 0.0000 0.0000 0.0000 0.0000 0.0000 1.0000 
40       40   (0)      3 :  0.0288 0.1614 0.0000 0.0000 0.3056 0.0000 0.4321 0.0000 0.0720 0.0000 
41       41   (0)      3 :  0.0400 0.1332 0.0000 0.0248 0.2416 0.0000 0.3751 0.0000 0.1852 0.0000 
42       42   (0)      3 :  0.0000 0.0000 0.9600 0.0000 0.0000 0.0000 0.0000 0.0400 0.0000 0.0000 
43       43   (0)      3 :  0.0000 0.0000 0.0826 0.2444 0.0000 0.1163 0.0000 0.5366 0.0200 0.0000 
44       44   (0)      3 :  0.0086 0.3619 0.0200 0.1142 0.0760 0.0000 0.2399 0.0000 0.1794 0.0000 
45       45   (0)      3 :  0.0246 0.0996 0.0000 0.0800 0.4588 0.0000 0.1922 0.0000 0.1447 0.0000 
46       46   (0)      4 :  0.0000 0.0000 0.0000 0.0200 0.0000 0.9600 0.0000 0.0000 0.0200 0.0000 
47       47   (0)      4 :  0.0000 0.0000 0.0000 0.0600 0.0000 0.9400 0.0000 0.0000 0.0000 0.0000 
48       48   (0)      4 :  0.0226 0.1639 0.0000 0.1000 0.1606 0.0000 0.1598 0.0000 0.3931 0.0000 
49       49   (0)      4 :  0.0746 0.1556 0.0200 0.2694 0.0665 0.0006 0.0856 0.0000 0.3226 0.0052 
50       50   (0)      4 :  0.0414 0.0968 0.0200 0.3731 0.0211 0.0000 0.1614 0.0000 0.2700 0.0163 
51       51   (0)      4 :  0.0115 0.1760 0.0200 0.3036 0.1754 0.0000 0.1245 0.0000 0.1533 0.0357 
52       52   (0)      4 :  0.0391 0.0595 0.0200 0.2276 0.1245 0.0000 0.3253 0.0000 0.2040 0.0000 
53       53   (0)      4 :  0.0502 0.3489 0.0000 0.1060 0.0788 0.0000 0.1200 0.0000 0.2962 0.0000 
54       54   (0)      4 :  0.0040 0.1042 0.0000 0.1285 0.1019 0.0000 0.2681 0.0000 0.3933 0.0000 
55       55   (0)      4 :  0.0319 0.0449 0.0000 0.0530 0.0324 0.0000 0.0267 0.0000 0.1562 0.6548 
56       56   (0)      4 :  0.1000 0.1347 0.0000 0.0200 0.1000 0.0000 0.1200 0.0000 0.5253 0.0000 
57       57   (0)      5 :  0.0647 0.1991 0.0000 0.0978 0.1825 0.0000 0.4029 0.0000 0.0531 0.0000 
58       58   (0)      5 :  0.0233 0.2805 0.0000 0.1235 0.1615 0.0291 0.2680 0.0003 0.1136 0.0003 
59       59   (0)      5 :  0.0674 0.1724 0.0000 0.0855 0.2462 0.0000 0.1802 0.0000 0.2483 0.0000 
60       60   (0)      5 :  0.0000 0.0000 0.0200 0.0200 0.0000 0.9600 0.0000 0.0000 0.0000 0.0000 
61       61   (0)      5 :  0.0006 0.0000 0.0000 0.0072 0.0000 0.9721 0.0000 0.0000 0.0200 0.0000 
62       62   (0)      5 :  0.0031 0.0000 0.9200 0.0400 0.0000 0.0000 0.0000 0.0328 0.0000 0.0041 
63       63   (0)      6 :  0.0000 0.0000 0.0000 0.0000 0.0000 0.0000 0.0000 1.0000 0.0000 0.0000 
64       64   (0)      6 :  0.0000 0.0000 0.0200 0.0000 0.0000 0.9800 0.0000 0.0000 0.0000 0.0000 
65       65   (0)      6 :  0.0000 0.0000 0.0000 0.0200 0.0000 0.0000 0.0000 0.9800 0.0000 0.0000 
66       66   (0)      6 :  0.0019 0.0211 0.0373 0.0401 0.1150 0.6556 0.0682 0.0280 0.0329 0.0000 
67       67   (0)      6 :  0.0000 0.0000 0.0000 0.0400 0.0000 0.9600 0.0000 0.0000 0.0000 0.0000 
68       68   (0)      6 :  0.0000 0.0000 0.0040 0.0200 0.0000 0.7358 0.0000 0.1083 0.0090 0.1230 
69       69   (0)      6 :  0.0310 0.2311 0.0089 0.0957 0.1694 0.0612 0.1128 0.0693 0.1986 0.0219 
70       70   (0)      6 :  0.0000 0.0000 0.0000 0.0200 0.0000 0.9800 0.0000 0.0000 0.0000 0.0000 
71       71   (0)      6 :  0.0200 0.3701 0.0000 0.0154 0.4072 0.0000 0.0200 0.0000 0.1673 0.0000 
72       72   (0)      6 :  0.0000 0.0000 0.0200 0.0200 0.0000 0.9400 0.0000 0.0000 0.0200 0.0000 
73       73   (0)      6 :  0.0000 0.0000 0.0000 0.0400 0.0000 0.0000 0.0000 0.9375 0.0200 0.0025 
74       74   (0)      6 :  0.0000 0.0000 0.0118 0.0131 0.0000 0.8247 0.0000 0.0000 0.0208 0.1297 
75       75   (0)      6 :  0.0000 0.0000 0.0000 0.0400 0.0000 0.0000 0.0000 0.8811 0.0200 0.0589 
76       76   (0)      6 :  0.0000 0.0000 0.0000 0.0178 0.0000 0.7982 0.0000 0.0000 0.0177 0.1663 
77       77   (0)      6 :  0.0000 0.0000 0.0164 0.0023 0.0000 0.7887 0.0000 0.0002 0.0119 0.1805 
78       78   (0)      6 :  0.0000 0.0000 0.0000 0.0370 0.0000 0.0000 0.0000 0.7389 0.0170 0.2072 
79       79   (0)      6 :  0.0000 0.0000 0.0000 0.0200 0.0000 0.0000 0.0000 0.9600 0.0200 0.0000 
80       80   (0)      7 :  0.0000 0.1400 0.0000 0.0247 0.0612 0.0000 0.6542 0.0000 0.1200 0.0000 
81       81   (0)      8 :  0.0404 0.2634 0.0000 0.1978 0.0075 0.0000 0.3984 0.0000 0.0728 0.0196 
82       82   (0)      9 :  0.0000 0.0000 0.0000 0.0000 0.0000 0.0000 0.0000 0.0000 0.0000 1.0000 
83       83   (0)     10 :  0.0277 0.2072 0.0200 0.2677 0.0584 0.0000 0.1823 0.0000 0.1306 0.1061 
84       84   (0)     11 :  0.0600 0.0666 0.0000 0.1000 0.2458 0.0000 0.3791 0.0000 0.1484 0.0000 
85       85   (0)     11 :  0.0000 0.1759 0.0000 0.0177 0.0425 0.0000 0.1998 0.0000 0.1131 0.4509 
86       86   (0)     12 :  0.0842 0.1792 0.0000 0.0921 0.1242 0.0000 0.1096 0.0000 0.0221 0.3886 
87       87   (0)     12 :  0.0298 0.2702 0.0007 0.1236 0.1494 0.0000 0.1473 0.0000 0.1166 0.1624 
88       88   (0)     12 :  0.0386 0.2013 0.0000 0.0525 0.4146 0.0000 0.0723 0.0000 0.2207 0.0000 
89       89   (0)     12 :  0.0114 0.4710 0.0000 0.0635 0.0730 0.0000 0.0812 0.0000 0.1378 0.1619 
90       90   (0)     12 :  0.0003 0.0000 0.0000 0.0261 0.0000 0.0000 0.0000 0.9483 0.0253 0.0000 
91       91   (0)     12 :  0.0343 0.1592 0.0028 0.1153 0.0613 0.0000 0.2092 0.0000 0.4180 0.0000 
92       92   (0)     12 :  0.0362 0.4919 0.0000 0.0151 0.0794 0.0000 0.1803 0.0000 0.1972 0.0000 
93       93   (0)     12 :  0.0633 0.3458 0.0000 0.0563 0.2348 0.0000 0.1254 0.0000 0.1744 0.0000 
94       94   (0)     13 :  0.0434 0.1444 0.0000 0.0794 0.1325 0.0000 0.4710 0.0000 0.1293 0.0000 
