1        1   (0)      1  : 0.0000 0.9420 0.0000 0.0000 0.0000 0.0000 0.0000 0.0000 0.0000 0.0443 0.0137 0.0000
2        2   (0)      2  : 0.0000 0.0000 0.0121 0.0000 0.0000 0.9107 0.0000 0.0200 0.0000 0.0400 0.0171 0.0000
3        3   (0)      2  : 0.7070 0.0000 0.0000 0.0000 0.0000 0.0000 0.0000 0.0000 0.0264 0.0000 0.0065 0.2601
4        4   (0)      3  : 0.0615 0.0000 0.0452 0.0000 0.0000 0.0040 0.0000 0.0000 0.8363 0.0051 0.0422 0.0058
5        5   (0)      3  : 0.0534 0.0000 0.0000 0.0000 0.0000 0.0000 0.0006 0.0000 0.8225 0.0297 0.0600 0.0338
6        6   (0)      3  : 0.1937 0.0000 0.0000 0.0000 0.0333 0.0000 0.0000 0.0000 0.6308 0.0022 0.0431 0.0969
7        7   (0)      3  : 0.0000 0.0000 0.0221 0.7461 0.0000 0.1216 0.0000 0.0000 0.0031 0.0446 0.0625 0.0000
8        8   (0)      3  : 0.0242 0.0000 0.0000 0.0000 0.0074 0.0147 0.0000 0.0000 0.7402 0.0236 0.0801 0.1099
9        9   (0)      3  : 0.4409 0.0000 0.0000 0.0000 0.0000 0.0000 0.0000 0.0000 0.3141 0.0000 0.0500 0.1950
10       10   (0)      4  : 0.1913 0.0000 0.0000 0.0000 0.0000 0.0000 0.0000 0.0000 0.6201 0.0123 0.0413 0.1351
11       11   (0)      4  : 0.2498 0.0000 0.0000 0.0000 0.0000 0.0000 0.5224 0.0000 0.0190 0.0165 0.0277 0.1645
12       12   (0)      4  : 0.5863 0.0000 0.0000 0.0000 0.0000 0.0000 0.0000 0.0000 0.1792 0.0200 0.0400 0.1745
13       13   (0)      4  : 0.2228 0.0000 0.0000 0.0000 0.0000 0.0000 0.0000 0.0000 0.0870 0.0113 0.0509 0.6280
14       14   (0)      5  : 0.0690 0.0000 0.7489 0.0000 0.0000 0.0000 0.0000 0.0000 0.0000 0.0000 0.1821 0.0000
15       15   (0)      5  : 0.0000 0.0000 0.0000 1.0000 0.0000 0.0000 0.0000 0.0000 0.0000 0.0000 0.0000 0.0000
16       16   (0)      5  : 0.0000 0.0000 0.0000 0.0000 0.0000 1.0000 0.0000 0.0000 0.0000 0.0000 0.0000 0.0000
17       17   (0)      5  : 0.0000 0.0000 0.0000 0.0000 0.0000 0.0000 0.9600 0.0000 0.0000 0.0400 0.0000 0.0000
18       18   (0)      5  : 0.0444 0.0000 0.0000 0.0000 0.0000 0.0000 0.0001 0.0000 0.0328 0.0141 0.0286 0.8800
19       19   (0)      5  : 0.0000 0.0000 0.0000 0.0000 0.0000 0.0000 0.9716 0.0000 0.0000 0.0284 0.0000 0.0000
20       20   (0)      5  : 0.5594 0.0000 0.0000 0.0000 0.0000 0.0000 0.0022 0.0000 0.0601 0.0075 0.0370 0.3338
21       21   (0)      5  : 0.2183 0.0000 0.0000 0.0000 0.0000 0.0000 0.0000 0.0000 0.0410 0.0021 0.0170 0.7216
22       22   (0)      5  : 0.0000 0.0000 0.0000 0.0000 0.0000 0.0000 0.9905 0.0000 0.0000 0.0000 0.0095 0.0000
23       23   (0)      5  : 0.7635 0.0000 0.0000 0.0000 0.0000 0.0000 0.0130 0.0000 0.0441 0.0200 0.0148 0.1446
24       24   (0)      5  : 0.0000 0.0000 0.0000 1.0000 0.0000 0.0000 0.0000 0.0000 0.0000 0.0000 0.0000 0.0000
25       25   (0)      5  : 0.0488 0.0000 0.6991 0.0000 0.0000 0.0000 0.0000 0.0000 0.0000 0.0000 0.2521 0.0000
26       26   (0)      5  : 0.1444 0.0000 0.0000 0.0000 0.0000 0.0000 0.0004 0.0000 0.1404 0.0002 0.0126 0.7019
27       27   (0)      5  : 0.0000 0.0000 0.0000 1.0000 0.0000 0.0000 0.0000 0.0000 0.0000 0.0000 0.0000 0.0000
28       28   (0)      5  : 0.0000 0.0000 0.0000 0.6552 0.0000 0.0239 0.0000 0.0411 0.0000 0.1598 0.1200 0.0000
29       29   (0)      6  : 0.0000 1.0000 0.0000 0.0000 0.0000 0.0000 0.0000 0.0000 0.0000 0.0000 0.0000 0.0000
30       30   (0)      6  : 0.0000 0.0000 0.0000 0.0000 0.9312 0.0015 0.0000 0.0000 0.0026 0.0447 0.0200 0.0000
31       31   (0)      6  : 0.7402 0.0000 0.0000 0.0000 0.0000 0.0000 0.0000 0.0000 0.1736 0.0000 0.0406 0.0455
32       32   (0)      6  : 0.1303 0.0000 0.0000 0.0000 0.0000 0.0000 0.1307 0.0007 0.6345 0.0361 0.0532 0.0146
33       33   (0)      6  : 0.0000 0.1396 0.0000 0.0000 0.0000 0.0031 0.0000 0.8573 0.0000 0.0000 0.0000 0.0000
34       34   (0)      6  : 0.0106 0.0000 0.9409 0.0000 0.0000 0.0000 0.0000 0.0000 0.0000 0.0000 0.0485 0.0000
35       35   (0)      6  : 0.0000 1.0000 0.0000 0.0000 0.0000 0.0000 0.0000 0.0000 0.0000 0.0000 0.0000 0.0000
36       36   (0)      6  : 0.0000 1.0000 0.0000 0.0000 0.0000 0.0000 0.0000 0.0000 0.0000 0.0000 0.0000 0.0000
37       37   (0)      7  : 0.0000 0.0000 0.0000 0.0000 0.9200 0.0000 0.0000 0.0000 0.0000 0.0400 0.0400 0.0000
38       38   (0)      7  : 0.0000 0.0000 0.0000 0.0000 0.0000 0.0000 0.9200 0.0000 0.0000 0.0200 0.0600 0.0000
39       39   (0)      7  : 0.0201 0.0000 0.8825 0.0000 0.0000 0.0000 0.0000 0.0000 0.0000 0.0000 0.0974 0.0000
40       40   (0)      7  : 0.0000 0.0000 0.9641 0.0000 0.0000 0.0000 0.0000 0.0000 0.0000 0.0000 0.0359 0.0000
41       41   (0)      7  : 0.0000 0.0000 0.0000 0.0000 0.0000 0.0000 0.9870 0.0000 0.0000 0.0000 0.0130 0.0000
42       42   (0)      7  : 0.0000 0.0000 0.9348 0.0000 0.0000 0.0000 0.0000 0.0000 0.0000 0.0000 0.0652 0.0000
43       43   (0)      7  : 0.0000 0.0000 0.0000 0.0000 0.0000 0.0000 0.9701 0.0000 0.0000 0.0099 0.0200 0.0000
44       44   (0)      7  : 0.0000 0.0000 0.0000 0.0000 0.0000 0.9800 0.0000 0.0000 0.0000 0.0200 0.0000 0.0000
45       45   (0)      7  : 0.5990 0.0000 0.0000 0.0000 0.0000 0.0000 0.0000 0.0000 0.2294 0.0200 0.0400 0.1117
46       46   (0)      7  : 0.0000 0.9605 0.0000 0.0000 0.0000 0.0000 0.0000 0.0000 0.0000 0.0337 0.0058 0.0000
47       47   (0)      7  : 0.0664 0.0000 0.0000 0.0000 0.0000 0.0000 0.0000 0.0000 0.0400 0.0000 0.0000 0.8936
48       48   (0)      7  : 0.0000 0.9621 0.0000 0.0000 0.0000 0.0000 0.0000 0.0142 0.0000 0.0217 0.0020 0.0000
49       49   (0)      7  : 0.0000 0.0000 0.0000 0.0000 0.9400 0.0000 0.0000 0.0000 0.0000 0.0400 0.0200 0.0000
50       50   (0)      7  : 0.0000 0.0000 0.0000 0.0000 0.0000 0.9628 0.0000 0.0000 0.0220 0.0000 0.0052 0.0100
51       51   (0)      7  : 0.0000 0.0000 0.0000 0.0000 0.9494 0.0000 0.0000 0.0000 0.0000 0.0423 0.0083 0.0000
52       52   (0)      7  : 0.0000 0.0000 0.0000 0.9755 0.0000 0.0000 0.0000 0.0000 0.0000 0.0020 0.0225 0.0000
53       53   (0)      7  : 0.2241 0.0000 0.0000 0.0000 0.0000 0.0000 0.0000 0.0000 0.0435 0.0000 0.0247 0.7077
54       54   (0)      7  : 0.2343 0.0000 0.0000 0.0000 0.0000 0.0000 0.0000 0.0000 0.0500 0.0200 0.0575 0.6383
55       55   (0)      7  : 0.2846 0.0000 0.0000 0.0000 0.0000 0.0000 0.0172 0.0000 0.1802 0.0095 0.0254 0.4831
56       56   (0)      7  : 0.4175 0.0000 0.0000 0.0000 0.0000 0.0000 0.0000 0.0000 0.2239 0.0000 0.0200 0.3387
57       57   (0)      8  : 0.0500 0.0000 0.7117 0.0000 0.0000 0.0000 0.0000 0.0000 0.0000 0.0000 0.2382 0.0000
58       58   (0)      8  : 0.0000 0.0000 0.0000 0.9863 0.0000 0.0000 0.0000 0.0000 0.0000 0.0000 0.0137 0.0000
59       59   (0)      8  : 0.1180 0.0000 0.0000 0.0000 0.0000 0.0000 0.0000 0.0000 0.0202 0.0000 0.0068 0.8550
60       60   (0)      8  : 0.0323 0.0000 0.7873 0.0000 0.0000 0.0000 0.0000 0.0000 0.0000 0.0000 0.1804 0.0000
61       61   (0)      8  : 0.0200 0.0000 0.8288 0.0000 0.0000 0.0000 0.0000 0.0000 0.0000 0.0000 0.1512 0.0000
62       62   (0)      8  : 0.0000 0.0000 0.0000 0.0000 0.9491 0.0000 0.0000 0.0000 0.0000 0.0509 0.0000 0.0000
63       63   (0)      8  : 0.0000 0.0000 0.9255 0.0000 0.0000 0.0000 0.0000 0.0000 0.0000 0.0200 0.0545 0.0000
64       64   (0)      8  : 0.1221 0.0000 0.0000 0.0000 0.0000 0.0000 0.0000 0.0000 0.3019 0.0035 0.0923 0.4803
65       65   (0)      8  : 0.0000 0.9000 0.0000 0.0000 0.0000 0.0000 0.0000 0.0000 0.0000 0.0600 0.0400 0.0000
66       66   (0)      8  : 0.2013 0.0000 0.0000 0.0000 0.0000 0.0000 0.0000 0.0000 0.1760 0.0200 0.0733 0.5295
67       67   (0)      8  : 0.3322 0.0000 0.0000 0.0000 0.0000 0.0000 0.0000 0.0000 0.3251 0.0001 0.0535 0.2892
68       68   (0)      8  : 0.2099 0.0000 0.0000 0.0000 0.0000 0.0000 0.0000 0.0000 0.0063 0.0000 0.0400 0.7438
69       69   (0)      8  : 0.0000 0.9755 0.0000 0.0000 0.0000 0.0000 0.0000 0.0000 0.0000 0.0142 0.0104 0.0000
70       70   (0)      8  : 0.0600 0.0000 0.8381 0.0000 0.0000 0.0000 0.0000 0.0000 0.0000 0.0200 0.0819 0.0000
71       71   (0)      8  : 0.0000 0.9099 0.0000 0.0000 0.0000 0.0000 0.0000 0.0000 0.0000 0.0600 0.0301 0.0000
72       72   (0)      8  : 0.0000 0.0000 0.0000 0.0000 0.9000 0.0000 0.0000 0.0000 0.0000 0.0600 0.0400 0.0000
73       73   (0)      8  : 0.0044 0.0000 0.0000 0.0000 0.0000 0.0000 0.7225 0.0000 0.0261 0.0400 0.0441 0.1630
74       74   (0)      8  : 0.3124 0.0000 0.0000 0.0000 0.0000 0.0000 0.0000 0.0000 0.1598 0.0000 0.0256 0.5022
75       75   (0)      8  : 0.0097 0.0000 0.0000 0.0000 0.0000 0.0000 0.0000 0.0000 0.0459 0.0070 0.0600 0.8775
76       76   (0)      8  : 0.0000 0.8776 0.0000 0.0000 0.0000 0.0000 0.0000 0.0424 0.0000 0.0600 0.0200 0.0000
77       77   (0)      8  : 0.2825 0.0000 0.0000 0.0000 0.0000 0.0000 0.0019 0.0000 0.3504 0.0005 0.0200 0.3447
78       78   (0)      9  : 0.0412 0.0000 0.7744 0.0000 0.0000 0.0000 0.0000 0.0000 0.0000 0.0000 0.1844 0.0000
79       79   (0)      9  : 0.0200 0.0000 0.8385 0.0000 0.0000 0.0000 0.0000 0.0000 0.0000 0.0000 0.1415 0.0000
80       80   (0)      9  : 0.0000 0.0000 0.0000 0.0000 0.9289 0.0000 0.0000 0.0000 0.0000 0.0511 0.0200 0.0000
81       81   (0)      9  : 0.0600 0.0000 0.6753 0.0000 0.0000 0.0000 0.0000 0.0000 0.0000 0.0000 0.2647 0.0000
82       82   (0)      9  : 0.0000 0.9302 0.0000 0.0000 0.0000 0.0000 0.0000 0.0000 0.0000 0.0553 0.0145 0.0000
83       83   (0)      9  : 0.1030 0.0000 0.0000 0.0000 0.0000 0.0109 0.0027 0.0013 0.6573 0.0110 0.0251 0.1888
84       84   (0)      9  : 0.0000 0.0000 0.0000 0.0096 0.0000 0.2343 0.0000 0.1961 0.0000 0.5400 0.0200 0.0000
85       85   (0)      9  : 0.1473 0.0000 0.0000 0.0000 0.0000 0.0000 0.0000 0.0000 0.0512 0.0000 0.0167 0.7847
86       86   (0)      9  : 0.3962 0.0000 0.0000 0.0000 0.0000 0.0000 0.0000 0.0000 0.0689 0.0000 0.0616 0.4733
87       87   (0)      9  : 0.3786 0.0000 0.0000 0.0000 0.0000 0.0000 0.0000 0.0000 0.0364 0.0000 0.0381 0.5469
88       88   (0)      9  : 0.0088 0.0000 0.9410 0.0000 0.0000 0.0000 0.0000 0.0000 0.0000 0.0000 0.0501 0.0000
89       89   (0)      9  : 0.0357 0.0000 0.7936 0.0000 0.0000 0.0000 0.0000 0.0000 0.0000 0.0000 0.1707 0.0000
90       90   (0)      9  : 0.4276 0.0000 0.0000 0.0000 0.0000 0.0000 0.3002 0.0000 0.0229 0.0097 0.0608 0.1789
91       91   (0)      9  : 0.0000 0.0000 0.0000 0.0000 0.9600 0.0000 0.0000 0.0000 0.0000 0.0200 0.0200 0.0000
92       92   (0)     10  : 0.0805 0.0000 0.2653 0.0000 0.0000 0.5185 0.0003 0.0104 0.0076 0.0561 0.0599 0.0013
93       93   (0)     11  : 0.0685 0.0680 0.0000 0.0115 0.0000 0.7260 0.0000 0.0200 0.0000 0.0747 0.0275 0.0040
94       94   (0)     11  : 0.0000 0.0000 0.0000 0.7382 0.0000 0.0000 0.0000 0.0234 0.0000 0.1184 0.1200 0.0000
95       95   (0)     11  : 0.0000 0.0000 0.0000 0.0304 0.0000 0.2296 0.0000 0.1800 0.0000 0.5600 0.0000 0.0000
96       96   (0)     12  : 0.0000 0.0000 0.0000 1.0000 0.0000 0.0000 0.0000 0.0000 0.0000 0.0000 0.0000 0.0000
97       97   (0)     12  : 0.0000 0.0000 0.0000 1.0000 0.0000 0.0000 0.0000 0.0000 0.0000 0.0000 0.0000 0.0000
98       98   (0)     12  : 0.0000 0.0000 0.0000 1.0000 0.0000 0.0000 0.0000 0.0000 0.0000 0.0000 0.0000 0.0000
99       99   (0)     12  : 0.0000 0.0000 0.0000 0.9989 0.0000 0.0000 0.0000 0.0000 0.0000 0.0000 0.0011 0.0000
100      100   (0)     12  : 0.0000 1.0000 0.0000 0.0000 0.0000 0.0000 0.0000 0.0000 0.0000 0.0000 0.0000 0.0000
101      101   (0)     13  : 0.0000 0.9000 0.0000 0.0000 0.0000 0.0000 0.0000 0.0000 0.0000 0.0600 0.0400 0.0000
102      102   (0)     13  : 0.0000 0.0000 0.0000 0.9552 0.0000 0.0000 0.0000 0.0000 0.0000 0.0060 0.0387 0.0000
103      103   (0)     14  : 0.0684 0.0000 0.5203 0.0000 0.0210 0.0428 0.0000 0.0000 0.0073 0.0362 0.3039 0.0000
104      104   (0)     14  : 0.0000 0.9742 0.0000 0.0000 0.0000 0.0000 0.0000 0.0000 0.0000 0.0258 0.0000 0.0000
105      105   (0)     14  : 0.0000 0.6513 0.0022 0.0044 0.0196 0.2109 0.0000 0.0015 0.0041 0.0659 0.0401 0.0000
106      106   (0)     14  : 0.0000 0.1705 0.0000 0.0000 0.0000 0.0000 0.0000 0.8295 0.0000 0.0000 0.0000 0.0000
107      107   (0)     14  : 0.0000 0.0000 0.0000 0.0000 0.9384 0.0000 0.0000 0.0000 0.0000 0.0416 0.0200 0.0000
108      108   (0)     15  : 0.0000 0.0000 0.0000 0.0000 0.0000 0.9800 0.0000 0.0000 0.0000 0.0200 0.0000 0.0000
109      109   (0)     15  : 0.0000 0.5940 0.0000 0.0000 0.0000 0.0000 0.0000 0.4060 0.0000 0.0000 0.0000 0.0000
110      110   (0)     15  : 0.0000 0.9953 0.0000 0.0000 0.0000 0.0000 0.0000 0.0000 0.0000 0.0047 0.0000 0.0000
111      111   (0)     15  : 0.4528 0.0000 0.0000 0.0000 0.0000 0.0000 0.0000 0.0000 0.1100 0.0200 0.1359 0.2813
112      112   (0)     15  : 0.0448 0.0000 0.4439 0.1361 0.0000 0.0560 0.0000 0.0019 0.0200 0.0660 0.2313 0.0000
113      113   (0)     15  : 0.0000 0.9883 0.0000 0.0085 0.0000 0.0000 0.0000 0.0000 0.0000 0.0031 0.0001 0.0000
114      114   (0)     15  : 0.0000 0.1534 0.0000 0.0105 0.0000 0.0000 0.0000 0.8361 0.0000 0.0000 0.0000 0.0000
