  1        1   (0)      1 :  0.0000 0.7239 0.0118 0.0002 0.0267 0.0272 0.2019 0.0012 0.0071 
  2        2   (0)      1 :  0.0000 0.5889 0.0513 0.0161 0.1167 0.0824 0.0026 0.0850 0.0569 
  3        3   (0)      1 :  0.0000 0.9952 0.0000 0.0000 0.0000 0.0048 0.0000 0.0000 0.0000 
  4        4   (0)      1 :  0.0000 0.7200 0.0600 0.0000 0.1400 0.0800 0.0000 0.0000 0.0000 
  5        5   (0)      1 :  0.0000 0.1504 0.1018 0.1381 0.0252 0.0163 0.5344 0.0274 0.0064 
  6        6   (0)      1 :  0.0000 0.0626 0.0630 0.1076 0.0162 0.0289 0.6866 0.0234 0.0117 
  7        7   (0)      1 :  0.0000 0.0143 0.0018 0.0000 0.0022 0.0228 0.8820 0.0123 0.0647 
  8        8   (0)      1 :  0.0000 0.1646 0.0739 0.1002 0.0402 0.0321 0.5670 0.0210 0.0010 
  9        9   (0)      1 :  0.0000 0.7200 0.0600 0.0000 0.1400 0.0800 0.0000 0.0000 0.0000 
 10       10   (0)      1 :  0.0000 0.0001 0.0016 0.0000 0.0055 0.0451 0.8684 0.0248 0.0545 
 11       11   (0)      1 :  0.0000 0.0012 0.0015 0.0000 0.0050 0.0394 0.8198 0.0487 0.0844 
 12       12   (0)      1 :  0.0000 0.0000 0.0000 0.0000 0.0000 0.0000 0.0796 0.0800 0.8404 
 13       13   (0)      1 :  0.0000 0.0007 0.0028 0.0000 0.0071 0.0511 0.8687 0.0157 0.0540 
 14       14   (0)      1 :  0.0124 0.1563 0.1114 0.1022 0.0299 0.0287 0.4561 0.0115 0.0915 
 15       15   (0)      1 :  0.0000 0.0000 0.0000 0.9988 0.0000 0.0007 0.0000 0.0000 0.0005 
 16       16   (0)      1 :  0.0000 0.9200 0.0200 0.0000 0.0200 0.0400 0.0000 0.0000 0.0000 
 17       17   (0)      1 :  0.0000 0.9200 0.0200 0.0000 0.0200 0.0400 0.0000 0.0000 0.0000 
 18       18   (0)      1 :  0.0000 0.0000 0.0200 0.0000 0.0400 0.3400 0.0783 0.1200 0.4017 
 19       19   (0)      1 :  0.0000 0.0099 0.0019 0.0000 0.0082 0.0527 0.8256 0.0607 0.0409 
 20       20   (0)      1 :  0.0000 0.0031 0.0068 0.0000 0.0087 0.0444 0.8645 0.0256 0.0469 
 21       21   (0)      1 :  0.0000 0.9938 0.0000 0.0000 0.0000 0.0062 0.0000 0.0000 0.0000 
 22       22   (0)      1 :  0.0000 0.0000 0.0000 1.0000 0.0000 0.0000 0.0000 0.0000 0.0000 
 23       23   (0)      1 :  0.0000 0.0115 0.0064 0.0055 0.0080 0.0198 0.8541 0.0416 0.0531 
 24       24   (0)      2 :  0.0000 0.9861 0.0022 0.0000 0.0000 0.0116 0.0000 0.0000 0.0000 
 25       25   (0)      2 :  0.0000 0.0000 0.0104 0.0000 0.0069 0.0129 0.9670 0.0006 0.0022 
 26       26   (0)      2 :  0.0000 0.6285 0.0163 0.0000 0.0291 0.0252 0.2844 0.0085 0.0081 
 27       27   (0)      2 :  0.0000 0.0500 0.0039 0.0000 0.0072 0.0473 0.7751 0.0460 0.0704 
 28       28   (0)      2 :  0.0000 0.0532 0.0208 0.0231 0.0043 0.0238 0.8620 0.0029 0.0098 
 29       29   (0)      2 :  0.0000 0.0540 0.0066 0.0000 0.0096 0.0461 0.7647 0.0725 0.0465 
 30       30   (0)      2 :  0.4711 0.0000 0.0000 0.0000 0.5038 0.0250 0.0000 0.0000 0.0000 
 31       31   (0)      2 :  0.0000 0.0283 0.0224 0.0103 0.0085 0.0408 0.8295 0.0177 0.0425 
 32       32   (0)      2 :  0.0000 0.9983 0.0000 0.0000 0.0000 0.0017 0.0000 0.0000 0.0000 
 33       33   (0)      2 :  0.0000 0.0000 0.0200 0.0000 0.0400 0.3400 0.0784 0.1200 0.4016 
 34       34   (0)      2 :  0.0000 0.0027 0.0076 0.0000 0.0055 0.0232 0.9249 0.0133 0.0227 
 35       35   (0)      2 :  0.0000 0.0294 0.0034 0.0257 0.0083 0.0410 0.7799 0.0445 0.0678 
 36       36   (0)      2 :  0.0000 0.7195 0.0600 0.0000 0.1400 0.0805 0.0000 0.0000 0.0000 
 37       37   (0)      3 :  0.0000 0.0232 0.0004 0.0022 0.0031 0.0295 0.8533 0.0449 0.0435 
 38       38   (0)      3 :  0.0000 0.0346 0.0390 0.0000 0.0280 0.0306 0.5864 0.2544 0.0270 
 39       39   (0)      3 :  0.0000 0.0133 0.0041 0.0000 0.0026 0.0108 0.9017 0.0419 0.0256 
 40       40   (0)      3 :  0.0000 0.0305 0.0072 0.0000 0.0076 0.0305 0.8508 0.0162 0.0573 
 41       41   (0)      3 :  0.0000 0.0075 0.0096 0.0000 0.0085 0.0161 0.8774 0.0535 0.0273 
 42       42   (0)      4 :  0.7745 0.0000 0.0000 0.0000 0.2103 0.0152 0.0000 0.0000 0.0000 
 43       43   (0)      4 :  0.0011 0.0008 0.0339 0.0000 0.0029 0.0214 0.8801 0.0234 0.0365 
 44       44   (0)      4 :  0.8405 0.0000 0.0000 0.0000 0.1595 0.0000 0.0000 0.0000 0.0000 
 45       45   (0)      4 :  0.7296 0.0000 0.0000 0.0000 0.2635 0.0068 0.0000 0.0000 0.0000 
 46       46   (0)      4 :  0.0192 0.0405 0.0015 0.0128 0.0093 0.0305 0.8608 0.0026 0.0228 
 47       47   (0)      4 :  0.0000 0.0003 0.0002 0.0000 0.0044 0.0336 0.9506 0.0002 0.0107 
 48       48   (0)      4 :  0.0000 0.0002 0.0062 0.0000 0.0084 0.0446 0.8504 0.0225 0.0678 
 49       49   (0)      4 :  0.0000 0.0048 0.0041 0.0000 0.0057 0.0124 0.9409 0.0007 0.0314 
 50       50   (0)      4 :  0.0000 0.0000 0.0003 0.0000 0.0403 0.0841 0.8174 0.0304 0.0275 
 51       51   (0)      4 :  0.2015 0.0014 0.2383 0.0527 0.1577 0.0168 0.3270 0.0020 0.0027 
 52       52   (0)      4 :  0.0077 0.0014 0.0439 0.0000 0.0137 0.0496 0.8487 0.0064 0.0286 
 53       53   (0)      4 :  0.0020 0.0000 0.0076 0.0000 0.0101 0.0188 0.9016 0.0216 0.0383 
 54       54   (0)      4 :  0.0230 0.0079 0.0084 0.0120 0.0147 0.0226 0.8610 0.0426 0.0077 
 55       55   (0)      4 :  0.0000 0.0034 0.0004 0.0000 0.0403 0.0886 0.7980 0.0346 0.0347 
 56       56   (0)      4 :  0.8327 0.0000 0.0000 0.0000 0.1673 0.0000 0.0000 0.0000 0.0000 
 57       57   (0)      5 :  0.0000 0.0098 0.0062 0.0000 0.0062 0.0243 0.9120 0.0047 0.0369 
 58       58   (0)      5 :  0.0000 0.0011 0.0165 0.0000 0.0125 0.0526 0.8532 0.0321 0.0321 
 59       59   (0)      5 :  0.8619 0.0000 0.0000 0.0000 0.1340 0.0041 0.0000 0.0000 0.0000 
 60       60   (0)      5 :  0.0000 0.0000 0.0004 0.0000 0.0010 0.0466 0.8859 0.0064 0.0598 
 61       61   (0)      5 :  0.2808 0.0040 0.0624 0.0968 0.1794 0.0040 0.2824 0.0822 0.0081 
 62       62   (0)      5 :  0.6114 0.0000 0.0000 0.0000 0.3886 0.0000 0.0000 0.0000 0.0000 
 63       63   (0)      5 :  0.0847 0.0324 0.0475 0.0093 0.0932 0.0216 0.6632 0.0248 0.0233 
 64       64   (0)      5 :  0.0000 0.0004 0.0080 0.0000 0.0046 0.0365 0.8264 0.0589 0.0653 
 65       65   (0)      5 :  0.0000 0.0000 0.0004 0.0000 0.0010 0.0149 0.9494 0.0020 0.0323 
 66       66   (0)      5 :  0.0000 0.0287 0.0071 0.0000 0.0036 0.0168 0.9155 0.0180 0.0102 
 67       67   (0)      5 :  0.3718 0.0000 0.0958 0.0330 0.3473 0.0177 0.1333 0.0010 0.0000 
 68       68   (0)      5 :  0.7445 0.0000 0.0000 0.0000 0.2313 0.0242 0.0000 0.0000 0.0000 
 69       69   (0)      5 :  0.1130 0.0187 0.0220 0.0034 0.1242 0.0253 0.5971 0.0765 0.0196 
 70       70   (0)      5 :  0.5000 0.0000 0.0000 0.0000 0.4800 0.0200 0.0000 0.0000 0.0000 
 71       71   (0)      5 :  0.4970 0.0000 0.0000 0.0000 0.4457 0.0573 0.0000 0.0000 0.0000 
 72       72   (0)      5 :  0.0605 0.0104 0.0131 0.0033 0.0570 0.0232 0.7871 0.0038 0.0415 
 73       73   (0)      5 :  0.0000 0.0324 0.0146 0.0000 0.0068 0.0385 0.8479 0.0242 0.0356 
 74       74   (0)      5 :  0.8324 0.0000 0.0000 0.0000 0.1340 0.0336 0.0000 0.0000 0.0000 
 75       75   (0)      6 :  0.5693 0.0000 0.0000 0.0000 0.3872 0.0435 0.0000 0.0000 0.0000 
 76       76   (0)      6 :  0.0194 0.0142 0.0253 0.0136 0.0290 0.0264 0.8315 0.0024 0.0382 
 77       77   (0)      6 :  0.7136 0.0000 0.0000 0.0000 0.2668 0.0196 0.0000 0.0000 0.0000 
 78       78   (0)      6 :  0.7855 0.0000 0.0000 0.0000 0.1637 0.0508 0.0000 0.0000 0.0000 
 79       79   (0)      6 :  0.5839 0.0000 0.0000 0.0000 0.4011 0.0150 0.0000 0.0000 0.0000 
 80       80   (0)      6 :  0.0000 0.9460 0.0119 0.0022 0.0189 0.0210 0.0000 0.0000 0.0000 
 81       81   (0)      6 :  0.4863 0.0000 0.0000 0.0000 0.4801 0.0336 0.0000 0.0000 0.0000 
 82       82   (0)      6 :  0.4754 0.0000 0.0000 0.0000 0.5196 0.0051 0.0000 0.0000 0.0000 
 83       83   (0)      6 :  0.3300 0.0000 0.0062 0.0096 0.6101 0.0441 0.0000 0.0000 0.0000 
 84       84   (0)      6 :  0.3916 0.0000 0.0000 0.0000 0.6084 0.0000 0.0000 0.0000 0.0000 
 85       85   (0)      6 :  0.5863 0.0000 0.0000 0.0000 0.3924 0.0213 0.0000 0.0000 0.0000 
 86       86   (0)      6 :  0.3694 0.0000 0.0000 0.0000 0.5906 0.0400 0.0000 0.0000 0.0000 
 87       87   (0)      6 :  0.9256 0.0000 0.0000 0.0000 0.0706 0.0038 0.0000 0.0000 0.0000 
 88       88   (0)      6 :  0.8279 0.0000 0.0000 0.0000 0.1659 0.0062 0.0000 0.0000 0.0000 
 89       89   (0)      6 :  0.7492 0.0000 0.0000 0.0000 0.2508 0.0000 0.0000 0.0000 0.0000 
 90       90   (0)      6 :  0.0881 0.6204 0.0546 0.0000 0.1642 0.0727 0.0000 0.0000 0.0000 
 91       91   (0)      6 :  0.8240 0.0000 0.0000 0.0000 0.1560 0.0200 0.0000 0.0000 0.0000 
 92       92   (0)      6 :  0.0000 0.0240 0.0761 0.0000 0.0211 0.0145 0.6922 0.1459 0.0263 
 93       93   (0)      6 :  0.0148 0.0027 0.8659 0.0962 0.0157 0.0047 0.0000 0.0000 0.0000 
 94       94   (0)      6 :  0.0000 0.0000 0.1050 0.0000 0.0069 0.0273 0.8003 0.0396 0.0208 
 95       95   (0)      6 :  0.0155 0.0000 0.8751 0.0446 0.0126 0.0054 0.0402 0.0059 0.0007 
 96       96   (0)      6 :  0.0283 0.0000 0.8758 0.0272 0.0121 0.0073 0.0455 0.0038 0.0000 
 97       97   (0)      6 :  0.0040 0.0000 0.1842 0.0012 0.0082 0.0197 0.7009 0.0392 0.0427 
 98       98   (0)      6 :  0.0177 0.0008 0.7391 0.2008 0.0086 0.0036 0.0293 0.0000 0.0000 
 99       99   (0)      7 :  0.6298 0.0000 0.0000 0.0000 0.3188 0.0514 0.0000 0.0000 0.0000 
100      100   (0)      7 :  0.0959 0.0120 0.1444 0.0394 0.0363 0.0181 0.6199 0.0149 0.0193 
101      101   (0)      7 :  0.0000 0.0000 0.0000 1.0000 0.0000 0.0000 0.0000 0.0000 0.0000 
102      102   (0)      7 :  0.0000 0.0000 0.0000 1.0000 0.0000 0.0000 0.0000 0.0000 0.0000 
103      103   (0)      7 :  0.0000 0.0000 0.0087 0.0000 0.0074 0.0399 0.7856 0.0550 0.1033 
104      104   (0)      7 :  0.0000 0.0353 0.0203 0.0007 0.0192 0.0370 0.7495 0.0906 0.0475 
105      105   (0)      7 :  0.0000 0.0413 0.0470 0.0000 0.0203 0.0447 0.7982 0.0413 0.0073 
106      106   (0)      7 :  0.0000 0.0069 0.0062 0.0000 0.0083 0.0308 0.8970 0.0334 0.0175 
107      107   (0)      7 :  0.0000 0.0003 0.0105 0.0000 0.0112 0.0412 0.8848 0.0045 0.0474 
108      108   (0)      8 :  0.0000 0.0000 0.0000 0.0000 0.0000 0.0000 0.0000 1.0000 0.0000 
109      109   (0)      8 :  0.0000 0.0057 0.0048 0.0000 0.0059 0.0325 0.8668 0.0440 0.0405 
110      110   (0)      8 :  0.0000 0.0000 0.0000 0.0000 0.0000 0.0000 0.0795 0.0800 0.8405 
111      111   (0)      8 :  0.0000 0.0000 0.0000 0.0000 0.0200 0.5000 0.1000 0.1400 0.2400 
112      112   (0)      8 :  0.0000 0.0000 0.0000 1.0000 0.0000 0.0000 0.0000 0.0000 0.0000 
113      113   (0)      8 :  0.0000 0.0019 0.0019 0.0000 0.0039 0.0257 0.9303 0.0126 0.0237 
114      114   (0)      8 :  0.0000 0.0000 0.0003 0.0000 0.0013 0.0121 0.9261 0.0050 0.0551 
115      115   (0)      8 :  0.0000 0.0000 0.0000 0.0000 0.0000 0.0000 0.0000 1.0000 0.0000 
116      116   (0)      8 :  0.0000 0.0000 0.0000 0.0000 0.0200 0.5000 0.1000 0.1400 0.2400 
117      117   (0)      8 :  0.0188 0.0203 0.1272 0.0025 0.0281 0.0641 0.6408 0.0947 0.0035 
118      118   (0)      8 :  0.0000 0.0467 0.0030 0.0000 0.0037 0.0056 0.8935 0.0188 0.0286 
119      119   (0)      9 :  0.4917 0.0000 0.0000 0.0000 0.4815 0.0268 0.0000 0.0000 0.0000 
120      120   (0)     10 :  0.0000 0.0011 0.0032 0.0474 0.0060 0.0351 0.8231 0.0568 0.0273 
121      121   (0)     10 :  0.0000 0.0000 0.0048 0.0000 0.0032 0.0501 0.8990 0.0089 0.0340 
122      122   (0)     10 :  0.0000 0.0011 0.0097 0.0000 0.0058 0.0194 0.8777 0.0563 0.0300 
123      123   (0)     10 :  0.0627 0.0353 0.0182 0.0120 0.0212 0.0342 0.6676 0.1062 0.0425 
124      124   (0)     10 :  0.0000 0.0001 0.0115 0.0543 0.0092 0.0289 0.8463 0.0320 0.0177 
125      125   (0)     10 :  0.0008 0.0073 0.1362 0.0447 0.0088 0.0344 0.7399 0.0038 0.0242 
126      126   (0)     10 :  0.0000 0.0000 0.0116 0.0170 0.0067 0.0215 0.9020 0.0243 0.0168 
127      127   (0)     10 :  0.0000 0.0016 0.0011 0.0000 0.0040 0.0268 0.8991 0.0452 0.0222 
128      128   (0)     10 :  0.0000 0.0093 0.0092 0.0226 0.0092 0.0450 0.8580 0.0207 0.0260 
129      129   (0)     10 :  0.0000 0.0123 0.0076 0.0000 0.0068 0.0169 0.9172 0.0110 0.0283 
130      130   (0)     10 :  0.0000 0.0045 0.0060 0.0000 0.0020 0.0018 0.9692 0.0025 0.0139 
131      131   (0)     10 :  0.0000 0.0209 0.0150 0.0348 0.0125 0.0402 0.8351 0.0320 0.0095 
132      132   (0)     10 :  0.0000 0.0330 0.0557 0.0561 0.0099 0.0202 0.7965 0.0257 0.0030 
133      133   (0)     10 :  0.0068 0.0031 0.0297 0.0223 0.0165 0.0403 0.8158 0.0412 0.0242 
134      134   (0)     10 :  0.0065 0.0000 0.0392 0.0438 0.0073 0.0171 0.8166 0.0383 0.0312 
135      135   (0)     10 :  0.0000 0.0076 0.0064 0.0364 0.0070 0.0195 0.8174 0.0759 0.0298 
136      136   (0)     10 :  0.0000 0.0023 0.0046 0.0131 0.0031 0.0192 0.8958 0.0242 0.0377 
137      137   (0)     11 :  0.7111 0.0000 0.0000 0.0889 0.1846 0.0154 0.0000 0.0000 0.0000 
138      138   (0)     12 :  0.0014 0.1022 0.1358 0.0579 0.0070 0.0253 0.6106 0.0337 0.0261 
139      139   (0)     12 :  0.0845 0.0014 0.3704 0.0930 0.1327 0.0273 0.2875 0.0004 0.0028 
140      140   (0)     12 :  0.0000 0.9022 0.0115 0.0471 0.0194 0.0199 0.0000 0.0000 0.0000 
141      141   (0)     12 :  0.0000 0.0033 0.7269 0.0641 0.0000 0.0040 0.0040 0.0000 0.1978 
142      142   (0)     12 :  0.0000 0.0361 0.0214 0.0539 0.0052 0.0294 0.7885 0.0251 0.0405 
143      143   (0)     12 :  0.0146 0.0082 0.5903 0.1164 0.0126 0.0286 0.2199 0.0000 0.0095 
144      144   (0)     12 :  0.0000 0.0599 0.0462 0.1243 0.0048 0.0110 0.7343 0.0004 0.0190 
145      145   (0)     12 :  0.0000 0.5434 0.0219 0.0000 0.0384 0.0258 0.3305 0.0124 0.0277 
146      146   (0)     13 :  0.8775 0.0000 0.0000 0.0000 0.1097 0.0127 0.0000 0.0000 0.0000 
147      147   (0)     13 :  0.7294 0.0000 0.0000 0.0000 0.2512 0.0194 0.0000 0.0000 0.0000 
148      148   (0)     13 :  0.7934 0.0000 0.0000 0.0000 0.2066 0.0000 0.0000 0.0000 0.0000 
149      149   (0)     13 :  0.6258 0.0000 0.0000 0.0000 0.3227 0.0514 0.0000 0.0000 0.0000 
150      150   (0)     13 :  0.8847 0.0000 0.0000 0.0000 0.0953 0.0200 0.0000 0.0000 0.0000 
151      151   (0)     14 :  0.7981 0.0000 0.0000 0.0000 0.1989 0.0030 0.0000 0.0000 0.0000 
152      152   (0)     14 :  0.0000 0.0148 0.0024 0.0000 0.0087 0.0401 0.8796 0.0300 0.0245 
153      153   (0)     15 :  0.0174 0.0000 0.8687 0.0436 0.0294 0.0022 0.0357 0.0026 0.0005 
154      154   (0)     15 :  0.6731 0.0000 0.0044 0.0005 0.3035 0.0186 0.0000 0.0000 0.0000 
155      155   (0)     16 :  0.0000 0.0033 0.0349 0.0382 0.0015 0.0276 0.8444 0.0277 0.0223 
156      156   (0)     16 :  0.0000 0.0272 0.0097 0.0125 0.0124 0.0355 0.7843 0.0371 0.0814 
157      157   (0)     17 :  0.0100 0.0158 0.7551 0.1513 0.0244 0.0014 0.0251 0.0017 0.0152 
158      158   (0)     17 :  0.0000 0.7167 0.0600 0.0033 0.1400 0.0800 0.0000 0.0000 0.0000 
159      159   (0)     18 :  0.0000 0.0000 0.0238 0.0134 0.0076 0.0217 0.9028 0.0120 0.0188 
160      160   (0)     18 :  0.0000 0.0007 0.0021 0.0000 0.0040 0.0266 0.8856 0.0209 0.0600 
161      161   (0)     18 :  0.0000 0.0008 0.0095 0.0000 0.0069 0.0327 0.8628 0.0297 0.0575 
162      162   (0)     19 :  0.0000 0.0000 0.0656 0.0359 0.0091 0.0765 0.7380 0.0441 0.0308 
163      163   (0)     19 :  0.0529 0.0069 0.2211 0.1969 0.0923 0.0338 0.2942 0.0816 0.0202 
164      164   (0)     19 :  0.0000 0.0443 0.0404 0.0000 0.0227 0.0242 0.5945 0.2481 0.0256 
