1        1   (0)      1  : 0.0000 0.9725 0.0000 0.0092 0.0000 0.0000 0.0183
2        2   (0)      1  : 0.0000 0.7123 0.0977 0.0911 0.0000 0.0000 0.0989
3        3   (0)      1  : 0.0000 0.0000 0.0000 1.0000 0.0000 0.0000 0.0000
4        4   (0)      1  : 0.0000 0.3630 0.0000 0.5745 0.0000 0.0000 0.0625
5        5   (0)      1  : 0.0000 0.9171 0.0000 0.0064 0.0000 0.0000 0.0765
6        6   (0)      1  : 0.0000 0.0000 0.0000 1.0000 0.0000 0.0000 0.0000
7        7   (0)      2  : 0.0000 0.9687 0.0000 0.0000 0.0000 0.0000 0.0313
8        8   (0)      2  : 0.0000 0.0000 0.0000 0.9375 0.0000 0.0000 0.0625
9        9   (0)      2  : 0.0394 0.7759 0.0121 0.0279 0.0043 0.0065 0.1339
10       10   (0)      2  : 0.0000 0.9817 0.0000 0.0000 0.0000 0.0000 0.0183
11       11   (0)      2  : 0.0000 0.0000 0.0000 1.0000 0.0000 0.0000 0.0000
12       12   (0)      2  : 0.0000 0.4493 0.0000 0.5366 0.0000 0.0000 0.0140
13       13   (0)      2  : 0.0000 0.0000 0.1050 0.7912 0.0000 0.0000 0.1038
14       14   (0)      3  : 0.3282 0.0000 0.0000 0.0000 0.5274 0.0819 0.0625
15       15   (0)      3  : 0.3911 0.0000 0.0000 0.0000 0.2123 0.3362 0.0604
16       16   (0)      3  : 0.4511 0.0000 0.0000 0.0000 0.1100 0.3452 0.0938
17       17   (0)      3  : 0.4189 0.0000 0.0000 0.0000 0.1950 0.3228 0.0633
18       18   (0)      3  : 0.0213 0.0000 0.0000 0.0000 0.0000 0.9474 0.0313
19       19   (0)      3  : 0.1469 0.0000 0.0000 0.0000 0.0433 0.7840 0.0258
20       20   (0)      3  : 0.2679 0.0000 0.0449 0.0000 0.1414 0.4075 0.1383
21       21   (0)      3  : 0.4011 0.0000 0.0000 0.0000 0.1615 0.3309 0.1065
22       22   (0)      3  : 0.4118 0.0000 0.0000 0.0000 0.2929 0.2239 0.0714
23       23   (0)      3  : 0.7082 0.0000 0.0000 0.0000 0.0553 0.1940 0.0424
24       24   (0)      3  : 0.2336 0.0000 0.0000 0.0000 0.2232 0.5218 0.0214
25       25   (0)      3  : 0.0000 0.0000 0.7187 0.0000 0.0000 0.0000 0.2812
26       26   (0)      4  : 0.0000 0.8275 0.0000 0.0025 0.0000 0.0000 0.1700
27       27   (0)      4  : 0.3470 0.0000 0.0000 0.0000 0.2298 0.3920 0.0313
28       28   (0)      4  : 0.2521 0.0000 0.0000 0.0000 0.1834 0.4515 0.1131
29       29   (0)      4  : 0.0000 1.0000 0.0000 0.0000 0.0000 0.0000 0.0000
30       30   (0)      4  : 0.6799 0.0000 0.0000 0.0000 0.1496 0.1044 0.0661
31       31   (0)      4  : 0.2175 0.0000 0.0000 0.0000 0.3209 0.3366 0.1250
32       32   (0)      4  : 0.1627 0.4440 0.0005 0.0208 0.1285 0.1606 0.0829
33       33   (0)      4  : 0.6443 0.0000 0.0000 0.0000 0.1285 0.2209 0.0062
34       34   (0)      4  : 0.2257 0.0000 0.0000 0.0000 0.2391 0.4251 0.1101
35       35   (0)      4  : 0.1561 0.0000 0.0000 0.0000 0.6504 0.1145 0.0790
36       36   (0)      4  : 0.4184 0.0000 0.0000 0.0000 0.3991 0.1685 0.0141
37       37   (0)      4  : 0.5458 0.0000 0.0000 0.0000 0.1478 0.1684 0.1380
38       38   (0)      4  : 0.3778 0.0000 0.0000 0.0000 0.2190 0.2308 0.1723
39       39   (0)      4  : 0.0000 0.9686 0.0000 0.0001 0.0000 0.0000 0.0313
40       40   (0)      5  : 0.1168 0.0000 0.0000 0.0000 0.6724 0.1994 0.0114
41       41   (0)      5  : 0.4846 0.0000 0.0000 0.0000 0.0953 0.4093 0.0108
42       42   (0)      5  : 0.3855 0.0000 0.0000 0.0000 0.2512 0.3045 0.0588
43       43   (0)      5  : 0.0000 0.9687 0.0000 0.0000 0.0000 0.0000 0.0313
44       44   (0)      5  : 0.6741 0.0000 0.0000 0.0000 0.0890 0.2257 0.0112
45       45   (0)      5  : 0.1912 0.0000 0.0000 0.0000 0.2976 0.4400 0.0711
46       46   (0)      5  : 0.3061 0.0000 0.0000 0.0000 0.2807 0.3304 0.0829
47       47   (0)      5  : 0.3441 0.0000 0.0000 0.0000 0.1401 0.3908 0.1250
48       48   (0)      5  : 0.0497 0.0000 0.0000 0.0000 0.4353 0.3751 0.1399
49       49   (0)      5  : 0.0000 1.0000 0.0000 0.0000 0.0000 0.0000 0.0000
50       50   (0)      5  : 0.1882 0.0000 0.0000 0.0000 0.2634 0.4615 0.0870
51       51   (0)      5  : 0.0000 1.0000 0.0000 0.0000 0.0000 0.0000 0.0000
52       52   (0)      5  : 0.0000 0.9979 0.0000 0.0021 0.0000 0.0000 0.0000
53       53   (0)      6  : 0.0000 1.0000 0.0000 0.0000 0.0000 0.0000 0.0000
54       54   (0)      6  : 0.8431 0.0000 0.0000 0.0000 0.0169 0.1088 0.0313
55       55   (0)      6  : 0.0000 0.7283 0.0419 0.0594 0.0000 0.0000 0.1705
56       56   (0)      6  : 0.0000 0.0000 1.0000 0.0000 0.0000 0.0000 0.0000
57       57   (0)      6  : 0.0000 0.0000 0.9062 0.0000 0.0000 0.0000 0.0938
58       58   (0)      6  : 0.0000 0.0000 1.0000 0.0000 0.0000 0.0000 0.0000
59       59   (0)      6  : 0.1226 0.0009 0.0383 0.0000 0.3768 0.2741 0.1873
60       60   (0)      6  : 0.4837 0.0000 0.0000 0.0000 0.3244 0.1405 0.0514
61       61   (0)      6  : 0.3349 0.0000 0.0000 0.0000 0.2623 0.3672 0.0356
62       62   (0)      6  : 0.1864 0.0000 0.0000 0.0000 0.0190 0.7718 0.0228
63       63   (0)      6  : 0.0048 0.6870 0.0983 0.0171 0.0047 0.0170 0.1711
64       64   (0)      7  : 0.0000 1.0000 0.0000 0.0000 0.0000 0.0000 0.0000
65       65   (0)      7  : 0.0000 1.0000 0.0000 0.0000 0.0000 0.0000 0.0000
66       66   (0)      7  : 0.0000 0.8963 0.0199 0.0000 0.0000 0.0000 0.0839
67       67   (0)      7  : 0.0000 0.8348 0.0180 0.0579 0.0000 0.0000 0.0893
68       68   (0)      8  : 0.2131 0.0000 0.0569 0.0000 0.3964 0.1729 0.1608
69       69   (0)      8  : 0.2374 0.0227 0.1202 0.0000 0.1652 0.3014 0.1531
70       70   (0)      8  : 0.2118 0.0000 0.0000 0.0000 0.4282 0.2171 0.1429
71       71   (0)      8  : 0.3357 0.0039 0.0135 0.0000 0.3354 0.1731 0.1385
72       72   (0)      8  : 0.1672 0.0000 0.0869 0.0000 0.4092 0.1475 0.1891
73       73   (0)      8  : 0.0000 0.0000 1.0000 0.0000 0.0000 0.0000 0.0000
74       74   (0)      9  : 0.0087 0.6440 0.1087 0.0399 0.0127 0.0000 0.1860
75       75   (0)      9  : 0.0000 0.7080 0.0671 0.0017 0.0121 0.0022 0.2089
76       76   (0)     10  : 0.0000 0.9893 0.0000 0.0014 0.0000 0.0000 0.0093
77       77   (0)     11  : 0.0000 0.9535 0.0000 0.0000 0.0000 0.0000 0.0465
78       78   (0)     12  : 0.0000 1.0000 0.0000 0.0000 0.0000 0.0000 0.0000
79       79   (0)     13  : 0.1039 0.0000 0.4637 0.0000 0.0392 0.1390 0.2542
80       80   (0)     13  : 0.2491 0.0000 0.0000 0.0000 0.4688 0.2041 0.0780
