 1        1   (0)      1 :  0.4708 0.1205 0.3856 0.0231 
 2        2   (0)      1 :  0.4462 0.0046 0.4373 0.1119 
 3        3   (0)      1 :  0.2149 0.0000 0.6931 0.0920 
 4        4   (0)      1 :  0.2388 0.0458 0.6099 0.1055 
 5        5   (0)      1 :  0.4640 0.0460 0.4351 0.0548 
 6        6   (0)      1 :  0.3073 0.0438 0.5866 0.0624 
 7        7   (0)      1 :  0.3153 0.0044 0.6299 0.0504 
 8        8   (0)      2 :  0.4528 0.0012 0.5238 0.0222 
 9        9   (0)      2 :  0.7642 0.0308 0.1727 0.0322 
10       10   (0)      2 :  0.7786 0.0430 0.1679 0.0106 
11       11   (0)      2 :  0.7060 0.1545 0.1393 0.0002 
12       12   (0)      2 :  0.2852 0.0018 0.5927 0.1202 
13       13   (0)      2 :  0.3801 0.0000 0.5859 0.0340 
14       14   (0)      3 :  0.1678 0.0058 0.7919 0.0346 
15       15   (0)      3 :  0.3762 0.0268 0.5478 0.0492 
16       16   (0)      3 :  0.3033 0.0000 0.6725 0.0242 
17       17   (0)      3 :  0.1754 0.0033 0.7325 0.0889 
18       18   (0)      4 :  0.3726 0.0128 0.4974 0.1172 
19       19   (0)      4 :  0.5398 0.0238 0.4302 0.0062 
20       20   (0)      4 :  0.4262 0.0188 0.5359 0.0190 
21       21   (0)      4 :  0.4029 0.0138 0.5248 0.0586 
22       22   (0)      4 :  0.3904 0.0089 0.5523 0.0484 
23       23   (0)      4 :  0.4675 0.0089 0.4799 0.0437 
24       24   (0)      4 :  0.2149 0.0000 0.7771 0.0080 
25       25   (0)      4 :  0.2993 0.0004 0.6796 0.0208 
26       26   (0)      4 :  0.4527 0.0339 0.4717 0.0416 
27       27   (0)      4 :  0.2333 0.0024 0.7319 0.0324 
28       28   (0)      4 :  0.3600 0.0217 0.4957 0.1226 
29       29   (0)      4 :  0.4451 0.0301 0.4651 0.0597 
30       30   (0)      4 :  0.4071 0.0056 0.5358 0.0514 
31       31   (0)      4 :  0.1688 0.0011 0.8085 0.0216 
32       32   (0)      4 :  0.1309 0.0039 0.8397 0.0255 
33       33   (0)      4 :  0.3030 0.0009 0.6149 0.0811 
34       34   (0)      5 :  0.3387 0.0229 0.6235 0.0148 
35       35   (0)      6 :  0.4508 0.0209 0.4626 0.0657 
36       36   (0)      6 :  0.5932 0.0000 0.3229 0.0839 
37       37   (0)      6 :  0.4595 0.0033 0.2115 0.3257 
38       38   (0)      6 :  0.5814 0.0000 0.4137 0.0049 
39       39   (0)      6 :  0.4358 0.0106 0.5290 0.0245 
40       40   (0)      6 :  0.3041 0.0271 0.5939 0.0749 
41       41   (0)      6 :  0.0000 1.0000 0.0000 0.0000 
42       42   (0)      6 :  0.3963 0.0210 0.5655 0.0172 
43       43   (0)      6 :  0.5427 0.0149 0.3799 0.0625 
44       44   (0)      6 :  0.3996 0.0338 0.5362 0.0304 
45       45   (0)      6 :  0.5179 0.0028 0.3664 0.1129 
46       46   (0)      6 :  0.0000 0.0600 0.0000 0.9400 
47       47   (0)      6 :  0.5962 0.0171 0.3119 0.0748 
48       48   (0)      6 :  0.3852 0.0030 0.4925 0.1193 
49       49   (0)      6 :  0.0000 1.0000 0.0000 0.0000 
50       50   (0)      6 :  0.3307 0.0000 0.5998 0.0694 
51       51   (0)      6 :  0.4221 0.0628 0.4562 0.0590 
52       52   (0)      6 :  0.0000 0.0600 0.0000 0.9400 
53       53   (0)      6 :  0.2416 0.0000 0.7445 0.0139 
54       54   (0)      6 :  0.3358 0.0000 0.5621 0.1021 
55       55   (0)      6 :  0.5960 0.0033 0.3265 0.0742 
56       56   (0)      6 :  0.5592 0.0223 0.3559 0.0626 
57       57   (0)      6 :  0.2049 0.0016 0.7815 0.0120 
58       58   (0)      7 :  0.6868 0.0000 0.3001 0.0131 
59       59   (0)      7 :  0.5339 0.0002 0.4323 0.0336 
60       60   (0)      7 :  0.5293 0.0140 0.4022 0.0545 
61       61   (0)      7 :  0.4886 0.0020 0.4700 0.0394 
62       62   (0)      7 :  0.4600 0.0000 0.2151 0.3249 
63       63   (0)      7 :  0.5385 0.0259 0.4293 0.0063 
64       64   (0)      8 :  0.2699 0.0205 0.6200 0.0896 
65       65   (0)      8 :  0.5441 0.0160 0.3581 0.0818 
66       66   (0)      9 :  0.3805 0.0000 0.5897 0.0298 
67       67   (0)     10 :  0.4708 0.0203 0.4925 0.0165 
68       68   (0)     10 :  0.3771 0.0002 0.5820 0.0407 
69       69   (0)     10 :  0.3529 0.0007 0.5467 0.0998 
70       70   (0)     10 :  0.4143 0.0000 0.5247 0.0610 
71       71   (0)     10 :  0.4446 0.0011 0.5410 0.0133 
72       72   (0)     10 :  0.4825 0.0055 0.5014 0.0107 
73       73   (0)     10 :  0.4479 0.0197 0.5062 0.0262 
74       74   (0)     10 :  0.5357 0.0105 0.4094 0.0444 
75       75   (0)     10 :  0.3272 0.0004 0.6005 0.0719 
76       76   (0)     10 :  0.5149 0.0301 0.3981 0.0568 
