1        1   (0)      1  : 0.0000 1.0000
2        2   (0)      1  : 0.0000 1.0000
3        3   (0)      1  : 0.0000 1.0000
4        4   (0)      1  : 0.0000 1.0000
5        5   (0)      1  : 0.0000 1.0000
6        6   (0)      1  : 0.0211 0.9789
7        7   (0)      2  : 0.0000 1.0000
8        8   (0)      2  : 0.0320 0.9680
9        9   (0)      2  : 0.0704 0.9296
10       10   (0)      2  : 0.0000 1.0000
11       11   (0)      2  : 0.0000 1.0000
12       12   (0)      2  : 0.0000 1.0000
13       13   (0)      2  : 0.0727 0.9273
14       14   (0)      3  : 1.0000 0.0000
15       15   (0)      3  : 1.0000 0.0000
16       16   (0)      3  : 1.0000 0.0000
17       17   (0)      3  : 1.0000 0.0000
18       18   (0)      3  : 1.0000 0.0000
19       19   (0)      3  : 1.0000 0.0000
20       20   (0)      3  : 1.0000 0.0000
21       21   (0)      3  : 1.0000 0.0000
22       22   (0)      3  : 1.0000 0.0000
23       23   (0)      3  : 1.0000 0.0000
24       24   (0)      3  : 1.0000 0.0000
25       25   (0)      3  : 0.5138 0.4862
26       26   (0)      4  : 0.0000 1.0000
27       27   (0)      4  : 1.0000 0.0000
28       28   (0)      4  : 1.0000 0.0000
29       29   (0)      4  : 0.0000 1.0000
30       30   (0)      4  : 1.0000 0.0000
31       31   (0)      4  : 1.0000 0.0000
32       32   (0)      4  : 0.4903 0.5097
33       33   (0)      4  : 1.0000 0.0000
34       34   (0)      4  : 1.0000 0.0000
35       35   (0)      4  : 1.0000 0.0000
36       36   (0)      4  : 1.0000 0.0000
37       37   (0)      4  : 1.0000 0.0000
38       38   (0)      4  : 1.0000 0.0000
39       39   (0)      4  : 0.0000 1.0000
40       40   (0)      5  : 1.0000 0.0000
41       41   (0)      5  : 1.0000 0.0000
42       42   (0)      5  : 1.0000 0.0000
43       43   (0)      5  : 0.0000 1.0000
44       44   (0)      5  : 1.0000 0.0000
45       45   (0)      5  : 1.0000 0.0000
46       46   (0)      5  : 1.0000 0.0000
47       47   (0)      5  : 1.0000 0.0000
48       48   (0)      5  : 1.0000 0.0000
49       49   (0)      5  : 0.0000 1.0000
50       50   (0)      5  : 1.0000 0.0000
51       51   (0)      5  : 0.0000 1.0000
52       52   (0)      5  : 0.0000 1.0000
53       53   (0)      6  : 0.0000 1.0000
54       54   (0)      6  : 1.0000 0.0000
55       55   (0)      6  : 0.0001 0.9999
56       56   (0)      6  : 0.4424 0.5576
57       57   (0)      6  : 0.4012 0.5988
58       58   (0)      6  : 0.3337 0.6663
59       59   (0)      6  : 0.9416 0.0584
60       60   (0)      6  : 1.0000 0.0000
61       61   (0)      6  : 1.0000 0.0000
62       62   (0)      6  : 1.0000 0.0000
63       63   (0)      6  : 0.0747 0.9253
64       64   (0)      7  : 0.0000 1.0000
65       65   (0)      7  : 0.0000 1.0000
66       66   (0)      7  : 0.0000 1.0000
67       67   (0)      7  : 0.0000 1.0000
68       68   (0)      8  : 0.9461 0.0539
69       69   (0)      8  : 0.8786 0.1214
70       70   (0)      8  : 1.0000 0.0000
71       71   (0)      8  : 0.9538 0.0462
72       72   (0)      8  : 0.9362 0.0638
73       73   (0)      8  : 0.4443 0.5557
74       74   (0)      9  : 0.0880 0.9120
75       75   (0)      9  : 0.0574 0.9426
76       76   (0)     10  : 0.0000 1.0000
77       77   (0)     11  : 0.0000 1.0000
78       78   (0)     12  : 0.0000 1.0000
79       79   (0)     13  : 0.6586 0.3414
80       80   (0)     13  : 1.0000 0.0000
