1        1   (0)      1  : 0.0000 1.0000 0.0000 0.0000 0.0000 0.0000 0.0000 0.0000 0.0000
2        2   (0)      2  : 0.0000 0.0000 0.0407 0.0000 0.0000 0.9123 0.0000 0.0000 0.0470
3        3   (0)      2  : 0.9927 0.0000 0.0000 0.0000 0.0000 0.0000 0.0000 0.0073 0.0000
4        4   (0)      3  : 0.4017 0.0000 0.0862 0.0059 0.0000 0.0314 0.0000 0.0333 0.4415
5        5   (0)      3  : 0.5058 0.0000 0.0219 0.0000 0.0000 0.0095 0.0098 0.1000 0.3530
6        6   (0)      3  : 0.6294 0.0000 0.0000 0.0000 0.0511 0.0000 0.0000 0.0119 0.3076
7        7   (0)      3  : 0.0000 0.0000 0.0343 0.7945 0.0000 0.1230 0.0000 0.0000 0.0482
8        8   (0)      3  : 0.4825 0.0000 0.0034 0.0033 0.0290 0.0404 0.0000 0.0667 0.3748
9        9   (0)      3  : 0.8340 0.0000 0.0000 0.0000 0.0000 0.0000 0.0005 0.0084 0.1570
10       10   (0)      4  : 0.6218 0.0000 0.0000 0.0000 0.0000 0.0225 0.0000 0.0254 0.3303
11       11   (0)      4  : 0.4287 0.0000 0.0000 0.0000 0.0000 0.0000 0.5072 0.0489 0.0151
12       12   (0)      4  : 0.9378 0.0000 0.0000 0.0000 0.0000 0.0000 0.0000 0.0239 0.0383
13       13   (0)      4  : 0.8971 0.0000 0.0000 0.0000 0.0000 0.0000 0.0007 0.0000 0.1022
14       14   (0)      5  : 0.0000 0.0000 0.8844 0.0000 0.0000 0.0000 0.0000 0.0000 0.1156
15       15   (0)      5  : 0.0000 0.0000 0.0000 1.0000 0.0000 0.0000 0.0000 0.0000 0.0000
16       16   (0)      5  : 0.0000 0.0000 0.0000 0.0000 0.0000 1.0000 0.0000 0.0000 0.0000
17       17   (0)      5  : 0.0000 0.0000 0.0000 0.0000 0.0000 0.0000 1.0000 0.0000 0.0000
18       18   (0)      5  : 0.9488 0.0000 0.0000 0.0000 0.0000 0.0000 0.0049 0.0130 0.0333
19       19   (0)      5  : 0.0000 0.0000 0.0000 0.0000 0.0000 0.0000 1.0000 0.0000 0.0000
20       20   (0)      5  : 0.9709 0.0000 0.0000 0.0000 0.0000 0.0000 0.0144 0.0000 0.0147
21       21   (0)      5  : 0.9863 0.0000 0.0000 0.0000 0.0000 0.0000 0.0000 0.0000 0.0137
22       22   (0)      5  : 0.0000 0.0000 0.0000 0.0000 0.0000 0.0000 1.0000 0.0000 0.0000
23       23   (0)      5  : 0.9195 0.0000 0.0000 0.0000 0.0000 0.0000 0.0444 0.0028 0.0333
24       24   (0)      5  : 0.0000 0.0000 0.0000 1.0000 0.0000 0.0000 0.0000 0.0000 0.0000
25       25   (0)      5  : 0.0000 0.0000 0.8634 0.0000 0.0000 0.0000 0.0000 0.0000 0.1366
26       26   (0)      5  : 0.8737 0.0000 0.0000 0.0000 0.0000 0.0000 0.0053 0.0000 0.1210
27       27   (0)      5  : 0.0000 0.0000 0.0000 1.0000 0.0000 0.0000 0.0000 0.0000 0.0000
28       28   (0)      5  : 0.0000 0.0000 0.0000 0.8281 0.0000 0.0561 0.0000 0.0804 0.0354
29       29   (0)      6  : 0.0000 1.0000 0.0000 0.0000 0.0000 0.0000 0.0000 0.0000 0.0000
30       30   (0)      6  : 0.0000 0.0000 0.0000 0.0000 0.9588 0.0000 0.0000 0.0333 0.0079
31       31   (0)      6  : 0.8780 0.0000 0.0000 0.0000 0.0000 0.0000 0.0000 0.0137 0.1083
32       32   (0)      6  : 0.4586 0.0000 0.0000 0.0000 0.0000 0.0135 0.1801 0.0629 0.2849
33       33   (0)      6  : 0.0000 0.3742 0.0000 0.0000 0.0000 0.0231 0.0000 0.6028 0.0000
34       34   (0)      6  : 0.0000 0.0000 0.9507 0.0000 0.0000 0.0000 0.0000 0.0000 0.0493
35       35   (0)      6  : 0.0000 1.0000 0.0000 0.0000 0.0000 0.0000 0.0000 0.0000 0.0000
36       36   (0)      6  : 0.0000 1.0000 0.0000 0.0000 0.0000 0.0000 0.0000 0.0000 0.0000
37       37   (0)      7  : 0.0000 0.0000 0.0000 0.0000 1.0000 0.0000 0.0000 0.0000 0.0000
38       38   (0)      7  : 0.0000 0.0000 0.0000 0.0000 0.0000 0.0000 1.0000 0.0000 0.0000
39       39   (0)      7  : 0.0000 0.0000 0.8605 0.0000 0.0000 0.0000 0.0000 0.0000 0.1395
40       40   (0)      7  : 0.0000 0.0000 0.9049 0.0000 0.0000 0.0000 0.0000 0.0000 0.0951
41       41   (0)      7  : 0.0000 0.0000 0.0000 0.0000 0.0000 0.0000 1.0000 0.0000 0.0000
42       42   (0)      7  : 0.0000 0.0000 0.9206 0.0000 0.0000 0.0000 0.0000 0.0000 0.0794
43       43   (0)      7  : 0.0000 0.0000 0.0000 0.0000 0.0000 0.0000 1.0000 0.0000 0.0000
44       44   (0)      7  : 0.0000 0.0000 0.0000 0.0000 0.0000 1.0000 0.0000 0.0000 0.0000
45       45   (0)      7  : 0.9145 0.0000 0.0000 0.0000 0.0000 0.0000 0.0000 0.0667 0.0188
46       46   (0)      7  : 0.0000 1.0000 0.0000 0.0000 0.0000 0.0000 0.0000 0.0000 0.0000
47       47   (0)      7  : 0.9667 0.0000 0.0000 0.0000 0.0000 0.0000 0.0000 0.0000 0.0333
48       48   (0)      7  : 0.0000 0.9912 0.0000 0.0000 0.0000 0.0000 0.0000 0.0088 0.0000
49       49   (0)      7  : 0.0000 0.0000 0.0000 0.0000 1.0000 0.0000 0.0000 0.0000 0.0000
50       50   (0)      7  : 0.0252 0.0000 0.0000 0.0000 0.0000 0.9381 0.0000 0.0185 0.0182
51       51   (0)      7  : 0.0000 0.0000 0.0000 0.0000 1.0000 0.0000 0.0000 0.0000 0.0000
52       52   (0)      7  : 0.0000 0.0000 0.0000 0.9667 0.0000 0.0000 0.0000 0.0000 0.0333
53       53   (0)      7  : 0.9536 0.0000 0.0000 0.0000 0.0000 0.0000 0.0000 0.0333 0.0131
54       54   (0)      7  : 0.9320 0.0000 0.0000 0.0000 0.0000 0.0000 0.0000 0.0448 0.0232
55       55   (0)      7  : 0.9205 0.0000 0.0000 0.0000 0.0000 0.0000 0.0322 0.0140 0.0333
56       56   (0)      7  : 0.9478 0.0000 0.0000 0.0000 0.0000 0.0000 0.0000 0.0112 0.0411
57       57   (0)      8  : 0.0000 0.0000 0.8828 0.0000 0.0000 0.0000 0.0000 0.0000 0.1172
58       58   (0)      8  : 0.0000 0.0000 0.0000 0.9814 0.0000 0.0000 0.0000 0.0000 0.0186
59       59   (0)      8  : 0.9847 0.0000 0.0000 0.0000 0.0000 0.0000 0.0000 0.0000 0.0153
60       60   (0)      8  : 0.0000 0.0000 0.8667 0.0000 0.0000 0.0000 0.0000 0.0000 0.1333
61       61   (0)      8  : 0.0000 0.0000 0.9185 0.0000 0.0000 0.0000 0.0000 0.0000 0.0815
62       62   (0)      8  : 0.0000 0.0000 0.0000 0.0000 1.0000 0.0000 0.0000 0.0000 0.0000
63       63   (0)      8  : 0.0000 0.0000 0.9607 0.0000 0.0000 0.0000 0.0000 0.0000 0.0393
64       64   (0)      8  : 0.8291 0.0000 0.0000 0.0000 0.0000 0.0000 0.0000 0.0170 0.1539
65       65   (0)      8  : 0.0000 1.0000 0.0000 0.0000 0.0000 0.0000 0.0000 0.0000 0.0000
66       66   (0)      8  : 0.8919 0.0000 0.0000 0.0000 0.0000 0.0000 0.0000 0.0448 0.0633
67       67   (0)      8  : 0.8270 0.0000 0.0000 0.0000 0.0000 0.0000 0.0000 0.0000 0.1730
68       68   (0)      8  : 0.9849 0.0000 0.0000 0.0000 0.0000 0.0000 0.0000 0.0000 0.0151
69       69   (0)      8  : 0.0000 1.0000 0.0000 0.0000 0.0000 0.0000 0.0000 0.0000 0.0000
70       70   (0)      8  : 0.0000 0.0000 0.8810 0.0000 0.0000 0.0000 0.0000 0.0000 0.1190
71       71   (0)      8  : 0.0000 1.0000 0.0000 0.0000 0.0000 0.0000 0.0000 0.0000 0.0000
72       72   (0)      8  : 0.0000 0.0000 0.0000 0.0000 1.0000 0.0000 0.0000 0.0000 0.0000
73       73   (0)      8  : 0.1864 0.0000 0.0000 0.0000 0.0000 0.0000 0.7875 0.0071 0.0190
74       74   (0)      8  : 0.9214 0.0000 0.0000 0.0000 0.0000 0.0000 0.0000 0.0333 0.0453
75       75   (0)      8  : 0.9333 0.0000 0.0000 0.0000 0.0000 0.0000 0.0000 0.0000 0.0667
76       76   (0)      8  : 0.0000 0.9800 0.0000 0.0000 0.0000 0.0000 0.0000 0.0200 0.0000
77       77   (0)      8  : 0.8382 0.0000 0.0000 0.0000 0.0000 0.0000 0.0179 0.0465 0.0974
78       78   (0)      9  : 0.0000 0.0000 0.8844 0.0000 0.0000 0.0000 0.0000 0.0000 0.1156
79       79   (0)      9  : 0.0000 0.0000 0.9239 0.0000 0.0000 0.0000 0.0000 0.0000 0.0761
80       80   (0)      9  : 0.0000 0.0000 0.0000 0.0000 1.0000 0.0000 0.0000 0.0000 0.0000
81       81   (0)      9  : 0.0000 0.0000 0.8333 0.0000 0.0000 0.0000 0.0000 0.0000 0.1667
82       82   (0)      9  : 0.0000 1.0000 0.0000 0.0000 0.0000 0.0000 0.0000 0.0000 0.0000
83       83   (0)      9  : 0.6360 0.0000 0.0000 0.0000 0.0000 0.0376 0.0036 0.0501 0.2728
84       84   (0)      9  : 0.0000 0.0000 0.0000 0.0363 0.0000 0.3974 0.0000 0.4329 0.1333
85       85   (0)      9  : 0.9802 0.0000 0.0000 0.0000 0.0000 0.0000 0.0000 0.0000 0.0198
86       86   (0)      9  : 0.9618 0.0000 0.0000 0.0000 0.0000 0.0000 0.0000 0.0000 0.0382
87       87   (0)      9  : 1.0000 0.0000 0.0000 0.0000 0.0000 0.0000 0.0000 0.0000 0.0000
88       88   (0)      9  : 0.0000 0.0000 0.9477 0.0000 0.0000 0.0000 0.0000 0.0000 0.0523
89       89   (0)      9  : 0.0000 0.0000 0.8430 0.0000 0.0000 0.0000 0.0000 0.0000 0.1570
90       90   (0)      9  : 0.6631 0.0000 0.0000 0.0000 0.0000 0.0000 0.3218 0.0150 0.0001
91       91   (0)      9  : 0.0000 0.0000 0.0000 0.0000 1.0000 0.0000 0.0000 0.0000 0.0000
92       92   (0)     10  : 0.0543 0.0000 0.2855 0.0000 0.0000 0.4845 0.0017 0.0214 0.1526
93       93   (0)     11  : 0.1026 0.1594 0.0000 0.0199 0.0000 0.6463 0.0037 0.0145 0.0536
94       94   (0)     11  : 0.0000 0.0000 0.0000 0.9335 0.0000 0.0000 0.0000 0.0446 0.0220
95       95   (0)     11  : 0.0000 0.0000 0.0000 0.0975 0.0000 0.4692 0.0000 0.3000 0.1333
96       96   (0)     12  : 0.0000 0.0000 0.0000 1.0000 0.0000 0.0000 0.0000 0.0000 0.0000
97       97   (0)     12  : 0.0000 0.0000 0.0000 1.0000 0.0000 0.0000 0.0000 0.0000 0.0000
98       98   (0)     12  : 0.0000 0.0000 0.0000 1.0000 0.0000 0.0000 0.0000 0.0000 0.0000
99       99   (0)     12  : 0.0000 0.0000 0.0000 1.0000 0.0000 0.0000 0.0000 0.0000 0.0000
100      100   (0)     12  : 0.0000 1.0000 0.0000 0.0000 0.0000 0.0000 0.0000 0.0000 0.0000
101      101   (0)     13  : 0.0000 1.0000 0.0000 0.0000 0.0000 0.0000 0.0000 0.0000 0.0000
102      102   (0)     13  : 0.0000 0.0000 0.0000 0.9667 0.0000 0.0000 0.0000 0.0000 0.0333
103      103   (0)     14  : 0.0000 0.0000 0.7862 0.0000 0.0278 0.0539 0.0000 0.0083 0.1238
104      104   (0)     14  : 0.0000 1.0000 0.0000 0.0000 0.0000 0.0000 0.0000 0.0000 0.0000
105      105   (0)     14  : 0.0000 0.7460 0.0098 0.0127 0.0393 0.1552 0.0000 0.0074 0.0296
106      106   (0)     14  : 0.0000 0.4497 0.0000 0.0000 0.0000 0.0000 0.0000 0.5503 0.0000
107      107   (0)     14  : 0.0000 0.0000 0.0000 0.0000 1.0000 0.0000 0.0000 0.0000 0.0000
108      108   (0)     15  : 0.0000 0.0000 0.0000 0.0000 0.0000 1.0000 0.0000 0.0000 0.0000
109      109   (0)     15  : 0.0000 0.7358 0.0000 0.0000 0.0000 0.0000 0.0000 0.2642 0.0000
110      110   (0)     15  : 0.0000 1.0000 0.0000 0.0000 0.0000 0.0000 0.0000 0.0000 0.0000
111      111   (0)     15  : 0.8914 0.0000 0.0000 0.0000 0.0000 0.0000 0.0000 0.0333 0.0753
112      112   (0)     15  : 0.0000 0.0000 0.5968 0.1784 0.0000 0.0756 0.0000 0.0077 0.1414
113      113   (0)     15  : 0.0000 0.9899 0.0000 0.0101 0.0000 0.0000 0.0000 0.0000 0.0000
114      114   (0)     15  : 0.0000 0.4060 0.0000 0.0313 0.0000 0.0000 0.0000 0.5627 0.0000
