1        1   (0)      1  : 0.0000 1.0000 0.0000 0.0000 0.0000 0.0000
2        2   (0)      2  : 0.0070 0.1342 0.3583 0.4095 0.0911 0.0000
3        3   (0)      2  : 1.0000 0.0000 0.0000 0.0000 0.0000 0.0000
4        4   (0)      3  : 0.7842 0.0000 0.1681 0.0477 0.0000 0.0000
5        5   (0)      3  : 0.9159 0.0000 0.0605 0.0000 0.0000 0.0235
6        6   (0)      3  : 0.9280 0.0000 0.0000 0.0000 0.0720 0.0000
7        7   (0)      3  : 0.0000 0.0000 0.0920 0.9080 0.0000 0.0000
8        8   (0)      3  : 0.8662 0.0000 0.0274 0.0402 0.0662 0.0000
9        9   (0)      3  : 0.9979 0.0000 0.0000 0.0000 0.0000 0.0021
10       10   (0)      4  : 0.9858 0.0000 0.0000 0.0142 0.0000 0.0000
11       11   (0)      4  : 0.4744 0.0000 0.0000 0.0000 0.0000 0.5256
12       12   (0)      4  : 1.0000 0.0000 0.0000 0.0000 0.0000 0.0000
13       13   (0)      4  : 0.9985 0.0000 0.0000 0.0000 0.0000 0.0015
14       14   (0)      5  : 0.0000 0.0000 1.0000 0.0000 0.0000 0.0000
15       15   (0)      5  : 0.0000 0.0000 0.0000 1.0000 0.0000 0.0000
16       16   (0)      5  : 0.0146 0.1659 0.2442 0.5721 0.0019 0.0012
17       17   (0)      5  : 0.0000 0.0000 0.0000 0.0000 0.0000 1.0000
18       18   (0)      5  : 0.9904 0.0000 0.0000 0.0000 0.0000 0.0096
19       19   (0)      5  : 0.0000 0.0000 0.0000 0.0000 0.0000 1.0000
20       20   (0)      5  : 0.9787 0.0000 0.0000 0.0000 0.0000 0.0213
21       21   (0)      5  : 1.0000 0.0000 0.0000 0.0000 0.0000 0.0000
22       22   (0)      5  : 0.0000 0.0000 0.0000 0.0000 0.0000 1.0000
23       23   (0)      5  : 0.9474 0.0000 0.0000 0.0000 0.0000 0.0526
24       24   (0)      5  : 0.0000 0.0000 0.0000 1.0000 0.0000 0.0000
25       25   (0)      5  : 0.0000 0.0000 1.0000 0.0000 0.0000 0.0000
26       26   (0)      5  : 0.9903 0.0000 0.0000 0.0000 0.0000 0.0097
27       27   (0)      5  : 0.0000 0.0000 0.0000 1.0000 0.0000 0.0000
28       28   (0)      5  : 0.0000 0.0000 0.0000 1.0000 0.0000 0.0000
29       29   (0)      6  : 0.0000 1.0000 0.0000 0.0000 0.0000 0.0000
30       30   (0)      6  : 0.0000 0.0000 0.0000 0.0000 1.0000 0.0000
31       31   (0)      6  : 1.0000 0.0000 0.0000 0.0000 0.0000 0.0000
32       32   (0)      6  : 0.7507 0.0051 0.0000 0.0111 0.0000 0.2330
33       33   (0)      6  : 0.0000 0.9491 0.0000 0.0509 0.0000 0.0000
34       34   (0)      6  : 0.0000 0.0000 1.0000 0.0000 0.0000 0.0000
35       35   (0)      6  : 0.0000 1.0000 0.0000 0.0000 0.0000 0.0000
36       36   (0)      6  : 0.0000 1.0000 0.0000 0.0000 0.0000 0.0000
37       37   (0)      7  : 0.0000 0.0000 0.0000 0.0000 1.0000 0.0000
38       38   (0)      7  : 0.0000 0.0000 0.0000 0.0000 0.0000 1.0000
39       39   (0)      7  : 0.0000 0.0000 1.0000 0.0000 0.0000 0.0000
40       40   (0)      7  : 0.0000 0.0000 1.0000 0.0000 0.0000 0.0000
41       41   (0)      7  : 0.0000 0.0000 0.0000 0.0000 0.0000 1.0000
42       42   (0)      7  : 0.0000 0.0000 1.0000 0.0000 0.0000 0.0000
43       43   (0)      7  : 0.0000 0.0000 0.0000 0.0000 0.0000 1.0000
44       44   (0)      7  : 0.2379 0.2443 0.0000 0.3696 0.1482 0.0000
45       45   (0)      7  : 0.9999 0.0000 0.0000 0.0000 0.0000 0.0001
46       46   (0)      7  : 0.0000 1.0000 0.0000 0.0000 0.0000 0.0000
47       47   (0)      7  : 1.0000 0.0000 0.0000 0.0000 0.0000 0.0000
48       48   (0)      7  : 0.0000 1.0000 0.0000 0.0000 0.0000 0.0000
49       49   (0)      7  : 0.0000 0.0000 0.0000 0.0000 1.0000 0.0000
50       50   (0)      7  : 0.3813 0.0000 0.1022 0.4364 0.0351 0.0450
51       51   (0)      7  : 0.0000 0.0000 0.0000 0.0000 1.0000 0.0000
52       52   (0)      7  : 0.0000 0.0000 0.0000 1.0000 0.0000 0.0000
53       53   (0)      7  : 1.0000 0.0000 0.0000 0.0000 0.0000 0.0000
54       54   (0)      7  : 1.0000 0.0000 0.0000 0.0000 0.0000 0.0000
55       55   (0)      7  : 0.9618 0.0000 0.0000 0.0000 0.0000 0.0382
56       56   (0)      7  : 1.0000 0.0000 0.0000 0.0000 0.0000 0.0000
57       57   (0)      8  : 0.0000 0.0000 1.0000 0.0000 0.0000 0.0000
58       58   (0)      8  : 0.0000 0.0000 0.0000 1.0000 0.0000 0.0000
59       59   (0)      8  : 1.0000 0.0000 0.0000 0.0000 0.0000 0.0000
60       60   (0)      8  : 0.0000 0.0000 1.0000 0.0000 0.0000 0.0000
61       61   (0)      8  : 0.0000 0.0000 1.0000 0.0000 0.0000 0.0000
62       62   (0)      8  : 0.0000 0.0000 0.0000 0.0000 1.0000 0.0000
63       63   (0)      8  : 0.0000 0.0000 1.0000 0.0000 0.0000 0.0000
64       64   (0)      8  : 1.0000 0.0000 0.0000 0.0000 0.0000 0.0000
65       65   (0)      8  : 0.0000 1.0000 0.0000 0.0000 0.0000 0.0000
66       66   (0)      8  : 1.0000 0.0000 0.0000 0.0000 0.0000 0.0000
67       67   (0)      8  : 1.0000 0.0000 0.0000 0.0000 0.0000 0.0000
68       68   (0)      8  : 1.0000 0.0000 0.0000 0.0000 0.0000 0.0000
69       69   (0)      8  : 0.0000 1.0000 0.0000 0.0000 0.0000 0.0000
70       70   (0)      8  : 0.0000 0.0000 1.0000 0.0000 0.0000 0.0000
71       71   (0)      8  : 0.0000 1.0000 0.0000 0.0000 0.0000 0.0000
72       72   (0)      8  : 0.0000 0.0000 0.0000 0.0000 1.0000 0.0000
73       73   (0)      8  : 0.2124 0.0000 0.0000 0.0000 0.0000 0.7876
74       74   (0)      8  : 1.0000 0.0000 0.0000 0.0000 0.0000 0.0000
75       75   (0)      8  : 1.0000 0.0000 0.0000 0.0000 0.0000 0.0000
76       76   (0)      8  : 0.0000 1.0000 0.0000 0.0000 0.0000 0.0000
77       77   (0)      8  : 0.9720 0.0000 0.0000 0.0000 0.0000 0.0280
78       78   (0)      9  : 0.0000 0.0000 1.0000 0.0000 0.0000 0.0000
79       79   (0)      9  : 0.0000 0.0000 1.0000 0.0000 0.0000 0.0000
80       80   (0)      9  : 0.0000 0.0000 0.0000 0.0000 1.0000 0.0000
81       81   (0)      9  : 0.0000 0.0000 1.0000 0.0000 0.0000 0.0000
82       82   (0)      9  : 0.0000 1.0000 0.0000 0.0000 0.0000 0.0000
83       83   (0)      9  : 0.9394 0.0000 0.0000 0.0233 0.0000 0.0373
84       84   (0)      9  : 0.0315 0.4154 0.0000 0.5304 0.0227 0.0000
85       85   (0)      9  : 1.0000 0.0000 0.0000 0.0000 0.0000 0.0000
86       86   (0)      9  : 1.0000 0.0000 0.0000 0.0000 0.0000 0.0000
87       87   (0)      9  : 1.0000 0.0000 0.0000 0.0000 0.0000 0.0000
88       88   (0)      9  : 0.0000 0.0000 1.0000 0.0000 0.0000 0.0000
89       89   (0)      9  : 0.0000 0.0000 1.0000 0.0000 0.0000 0.0000
90       90   (0)      9  : 0.6775 0.0000 0.0000 0.0000 0.0000 0.3225
91       91   (0)      9  : 0.0000 0.0000 0.0000 0.0000 1.0000 0.0000
92       92   (0)     10  : 0.2534 0.0128 0.4390 0.2617 0.0248 0.0083
93       93   (0)     11  : 0.3319 0.3327 0.0001 0.2678 0.0000 0.0675
94       94   (0)     11  : 0.0000 0.0000 0.0000 1.0000 0.0000 0.0000
95       95   (0)     11  : 0.0000 0.1848 0.0000 0.6845 0.1307 0.0000
96       96   (0)     12  : 0.0000 0.0000 0.0000 1.0000 0.0000 0.0000
97       97   (0)     12  : 0.0000 0.0000 0.0000 1.0000 0.0000 0.0000
98       98   (0)     12  : 0.0000 0.0000 0.0000 1.0000 0.0000 0.0000
99       99   (0)     12  : 0.0000 0.0000 0.0000 1.0000 0.0000 0.0000
100      100   (0)     12  : 0.0000 1.0000 0.0000 0.0000 0.0000 0.0000
101      101   (0)     13  : 0.0000 1.0000 0.0000 0.0000 0.0000 0.0000
102      102   (0)     13  : 0.0000 0.0000 0.0000 1.0000 0.0000 0.0000
103      103   (0)     14  : 0.0000 0.0000 0.9182 0.0223 0.0595 0.0000
104      104   (0)     14  : 0.0000 1.0000 0.0000 0.0000 0.0000 0.0000
105      105   (0)     14  : 0.0000 0.7973 0.0507 0.0605 0.0915 0.0000
106      106   (0)     14  : 0.0000 1.0000 0.0000 0.0000 0.0000 0.0000
107      107   (0)     14  : 0.0000 0.0000 0.0000 0.0000 1.0000 0.0000
108      108   (0)     15  : 0.0000 0.2844 0.1475 0.3982 0.1495 0.0204
109      109   (0)     15  : 0.0000 1.0000 0.0000 0.0000 0.0000 0.0000
110      110   (0)     15  : 0.0000 1.0000 0.0000 0.0000 0.0000 0.0000
111      111   (0)     15  : 1.0000 0.0000 0.0000 0.0000 0.0000 0.0000
112      112   (0)     15  : 0.0000 0.0000 0.7513 0.2487 0.0000 0.0000
113      113   (0)     15  : 0.0000 0.9996 0.0000 0.0004 0.0000 0.0000
114      114   (0)     15  : 0.0000 0.9127 0.0000 0.0873 0.0000 0.0000
