1        1   (0)      1  : 0.8305 0.1695
2        2   (0)      1  : 0.9443 0.0557
3        3   (0)      1  : 0.9709 0.0291
4        4   (0)      1  : 0.8987 0.1013
5        5   (0)      1  : 0.9176 0.0824
6        6   (0)      1  : 0.9032 0.0968
7        7   (0)      1  : 0.9483 0.0517
8        8   (0)      2  : 0.9903 0.0097
9        9   (0)      2  : 0.9251 0.0749
10       10   (0)      2  : 0.9110 0.0890
11       11   (0)      2  : 0.8015 0.1985
12       12   (0)      2  : 0.9453 0.0547
13       13   (0)      2  : 1.0000 0.0000
14       14   (0)      3  : 0.9667 0.0333
15       15   (0)      3  : 0.9277 0.0723
16       16   (0)      3  : 1.0000 0.0000
17       17   (0)      3  : 0.9415 0.0585
18       18   (0)      4  : 0.9275 0.0725
19       19   (0)      4  : 0.9661 0.0339
20       20   (0)      4  : 0.9556 0.0444
21       21   (0)      4  : 0.9537 0.0463
22       22   (0)      4  : 0.9693 0.0307
23       23   (0)      4  : 0.9518 0.0482
24       24   (0)      4  : 1.0000 0.0000
25       25   (0)      4  : 0.9900 0.0100
26       26   (0)      4  : 0.9310 0.0690
27       27   (0)      4  : 0.9511 0.0489
28       28   (0)      4  : 0.9125 0.0875
29       29   (0)      4  : 0.9256 0.0744
30       30   (0)      4  : 0.9450 0.0550
31       31   (0)      4  : 0.9980 0.0020
32       32   (0)      4  : 0.9998 0.0002
33       33   (0)      4  : 0.9530 0.0470
34       34   (0)      5  : 0.9569 0.0431
35       35   (0)      6  : 0.9343 0.0657
36       36   (0)      6  : 0.9867 0.0133
37       37   (0)      6  : 0.9335 0.0665
38       38   (0)      6  : 0.9922 0.0078
39       39   (0)      6  : 0.9576 0.0424
40       40   (0)      6  : 0.9557 0.0443
41       41   (0)      6  : 0.0000 1.0000
42       42   (0)      6  : 0.9728 0.0272
43       43   (0)      6  : 0.9073 0.0927
44       44   (0)      6  : 0.9231 0.0769
45       45   (0)      6  : 0.9490 0.0510
46       46   (0)      6  : 0.0000 1.0000
47       47   (0)      6  : 0.9357 0.0643
48       48   (0)      6  : 0.9493 0.0507
49       49   (0)      6  : 0.0000 1.0000
50       50   (0)      6  : 0.9948 0.0052
51       51   (0)      6  : 0.8876 0.1124
52       52   (0)      6  : 0.0000 1.0000
53       53   (0)      6  : 1.0000 0.0000
54       54   (0)      6  : 0.9692 0.0308
55       55   (0)      6  : 0.9564 0.0436
56       56   (0)      6  : 0.9454 0.0546
57       57   (0)      6  : 0.9779 0.0221
58       58   (0)      7  : 1.0000 0.0000
59       59   (0)      7  : 1.0000 0.0000
60       60   (0)      7  : 0.9359 0.0641
61       61   (0)      7  : 0.9883 0.0117
62       62   (0)      7  : 0.9568 0.0432
63       63   (0)      7  : 0.9462 0.0538
64       64   (0)      8  : 0.9266 0.0734
65       65   (0)      8  : 0.9338 0.0662
66       66   (0)      9  : 1.0000 0.0000
67       67   (0)     10  : 0.9683 0.0317
68       68   (0)     10  : 0.9766 0.0234
69       69   (0)     10  : 0.9561 0.0439
70       70   (0)     10  : 0.9898 0.0102
71       71   (0)     10  : 0.9802 0.0198
72       72   (0)     10  : 0.9739 0.0261
73       73   (0)     10  : 0.9428 0.0572
74       74   (0)     10  : 0.9913 0.0087
75       75   (0)     10  : 0.9652 0.0348
76       76   (0)     10  : 0.9253 0.0747
