1        1   (0)      1  : 0.0000 0.2853 0.1351 0.0000 0.3270 0.0000 0.0000 0.0000 0.2526
2        2   (0)      1  : 0.4394 0.0126 0.0000 0.0279 0.0000 0.2066 0.2983 0.0008 0.0144
3        3   (0)      1  : 0.0000 0.2772 0.0000 0.0000 0.4389 0.0000 0.0000 0.0000 0.2838
4        4   (0)      1  : 0.0000 0.1857 0.0000 0.0000 0.3953 0.0000 0.0000 0.0034 0.4155
5        5   (0)      1  : 0.0000 0.3097 0.0000 0.0000 0.0486 0.0000 0.0030 0.0000 0.6387
6        6   (0)      1  : 0.1561 0.0000 0.0000 0.0008 0.0023 0.8369 0.0000 0.0000 0.0039
7        7   (0)      1  : 0.0000 0.3833 0.0000 0.0000 0.2993 0.0000 0.0050 0.0051 0.3074
8        8   (0)      1  : 0.6053 0.0028 0.0000 0.0000 0.0073 0.1922 0.1906 0.0000 0.0019
9        9   (0)      1  : 0.0000 0.2585 0.0000 0.0000 0.6801 0.0000 0.0000 0.0000 0.0614
10       10   (0)      2  : 0.0000 0.1429 0.0000 0.0000 0.5714 0.0000 0.0000 0.0000 0.2857
11       11   (0)      2  : 0.0000 0.0000 0.0000 0.0000 1.0000 0.0000 0.0000 0.0000 0.0000
12       12   (0)      2  : 0.7143 0.0000 0.0000 0.0000 0.0000 0.1429 0.1429 0.0000 0.0000
13       13   (0)      3  : 0.0014 0.0379 0.0000 0.0000 0.5468 0.0000 0.0000 0.0049 0.4090
14       14   (0)      3  : 0.0000 0.0000 0.0000 1.0000 0.0000 0.0000 0.0000 0.0000 0.0000
15       15   (0)      3  : 0.5192 0.0000 0.0000 0.0000 0.0000 0.1904 0.2857 0.0047 0.0000
16       16   (0)      3  : 0.0000 0.0000 1.0000 0.0000 0.0000 0.0000 0.0000 0.0000 0.0000
17       17   (0)      4  : 0.0295 0.0000 0.5737 0.3968 0.0000 0.0000 0.0000 0.0000 0.0000
18       18   (0)      4  : 0.0757 0.0012 0.0000 0.0187 0.0000 0.4364 0.4404 0.0276 0.0000
19       19   (0)      5  : 0.0648 0.0000 0.0000 0.0000 0.0000 0.4479 0.4862 0.0011 0.0000
20       20   (0)      5  : 0.0000 0.0000 0.0000 0.0517 0.0000 0.0000 0.0000 0.8571 0.0911
21       21   (0)      5  : 0.0000 0.5490 0.0000 0.0000 0.3984 0.0000 0.0084 0.0000 0.0441
22       22   (0)      5  : 0.0000 0.3551 0.0000 0.0000 0.3394 0.0042 0.0058 0.0000 0.2955
23       23   (0)      5  : 0.0000 0.6235 0.0000 0.0000 0.0908 0.0000 0.0000 0.0000 0.2857
24       24   (0)      5  : 0.0000 0.3182 0.0000 0.0050 0.5664 0.0000 0.0000 0.0000 0.1105
25       25   (0)      5  : 0.0000 0.3286 0.0499 0.0000 0.2619 0.0000 0.0000 0.0462 0.3134
26       26   (0)      5  : 0.0888 0.3630 0.0000 0.0000 0.0423 0.1194 0.2864 0.0103 0.0898
27       27   (0)      5  : 0.0000 0.0000 1.0000 0.0000 0.0000 0.0000 0.0000 0.0000 0.0000
28       28   (0)      5  : 0.0000 0.0000 1.0000 0.0000 0.0000 0.0000 0.0000 0.0000 0.0000
29       29   (0)      5  : 0.1930 0.0000 0.0149 0.0161 0.0000 0.0586 0.7173 0.0000 0.0000
30       30   (0)      5  : 0.1755 0.0000 0.0000 0.0006 0.0000 0.4152 0.4004 0.0083 0.0000
31       31   (0)      5  : 0.0330 0.0593 0.0000 0.0000 0.2390 0.1751 0.2171 0.1667 0.1097
32       32   (0)      5  : 0.0000 0.6651 0.0000 0.0000 0.0306 0.0000 0.0000 0.0142 0.2902
33       33   (0)      5  : 0.6888 0.0000 0.0000 0.0013 0.0000 0.2399 0.0580 0.0049 0.0072
34       34   (0)      5  : 0.1661 0.0000 0.0000 0.0000 0.0000 0.4286 0.4053 0.0000 0.0000
35       35   (0)      5  : 0.5027 0.0000 0.0000 0.0045 0.0000 0.1354 0.3561 0.0013 0.0000
36       36   (0)      6  : 0.1935 0.0000 0.0241 0.0000 0.0000 0.6627 0.1108 0.0008 0.0081
37       37   (0)      6  : 0.0000 0.0000 1.0000 0.0000 0.0000 0.0000 0.0000 0.0000 0.0000
38       38   (0)      6  : 0.0000 0.0000 0.0000 0.0011 0.0000 0.2019 0.7970 0.0000 0.0000
39       39   (0)      6  : 0.1795 0.0524 0.0000 0.0000 0.2737 0.2617 0.0222 0.1429 0.0675
40       40   (0)      6  : 0.2358 0.0000 0.0000 0.0000 0.0000 0.4891 0.2571 0.0154 0.0026
41       41   (0)      6  : 0.4862 0.0016 0.0000 0.0038 0.0000 0.5084 0.0000 0.0000 0.0000
42       42   (0)      6  : 0.1252 0.0000 0.0000 0.0000 0.0104 0.4121 0.4182 0.0213 0.0129
43       43   (0)      6  : 0.1708 0.0272 0.0000 0.0113 0.0000 0.3536 0.4370 0.0000 0.0000
44       44   (0)      6  : 0.0532 0.0000 0.0000 0.0077 0.0000 0.7449 0.1942 0.0000 0.0000
45       45   (0)      6  : 0.5772 0.0000 0.0000 0.0000 0.0000 0.2597 0.1506 0.0125 0.0000
46       46   (0)      6  : 0.0000 0.0000 0.0000 0.0524 0.0000 0.0000 0.0000 0.8571 0.0905
47       47   (0)      6  : 0.1271 0.0000 0.0000 0.0000 0.0000 0.0343 0.8386 0.0000 0.0000
48       48   (0)      7  : 0.3600 0.0000 0.0000 0.0022 0.0000 0.3153 0.3225 0.0001 0.0000
49       49   (0)      7  : 0.0117 0.3194 0.0000 0.0000 0.0736 0.0330 0.2972 0.1558 0.1093
50       50   (0)      7  : 0.2120 0.0016 0.0000 0.0000 0.0070 0.6728 0.1041 0.0000 0.0025
51       51   (0)      8  : 0.6024 0.0000 0.0621 0.0000 0.0000 0.1385 0.1953 0.0017 0.0000
52       52   (0)      8  : 0.4471 0.0000 0.1687 0.0000 0.0000 0.2195 0.1647 0.0000 0.0000
53       53   (0)      9  : 0.3845 0.0000 0.0000 0.0103 0.0000 0.4844 0.1208 0.0000 0.0000
54       54   (0)     10  : 0.0000 0.0000 0.0000 0.0000 0.0000 1.0000 0.0000 0.0000 0.0000
55       55   (0)     10  : 0.0000 0.0000 0.0000 0.0000 0.4888 0.0000 0.0000 0.0015 0.5097
56       56   (0)     10  : 0.0000 0.0000 1.0000 0.0000 0.0000 0.0000 0.0000 0.0000 0.0000
57       57   (0)     10  : 0.0568 0.0000 0.0000 0.0002 0.0000 0.3604 0.5826 0.0000 0.0000
58       58   (0)     11  : 0.3291 0.0036 0.1055 0.0000 0.0016 0.3354 0.2234 0.0000 0.0015
59       59   (0)     11  : 0.0060 0.4321 0.0743 0.0000 0.2662 0.0019 0.0000 0.0005 0.2189
60       60   (0)     11  : 0.0431 0.0000 0.9034 0.0000 0.0000 0.0402 0.0094 0.0039 0.0000
61       61   (0)     11  : 0.5714 0.0000 0.0000 0.0000 0.0000 0.2857 0.1429 0.0000 0.0000
62       62   (0)     11  : 0.3935 0.0000 0.0064 0.0000 0.0000 0.2033 0.3968 0.0000 0.0000
63       63   (0)     11  : 0.3900 0.0000 0.2901 0.0000 0.0000 0.2799 0.0400 0.0000 0.0000
64       64   (0)     11  : 0.2670 0.0000 0.0062 0.0057 0.0000 0.3474 0.3699 0.0038 0.0000
65       65   (0)     11  : 0.0000 0.0000 1.0000 0.0000 0.0000 0.0000 0.0000 0.0000 0.0000
66       66   (0)     11  : 0.3566 0.0000 0.0231 0.0000 0.0000 0.4675 0.1528 0.0000 0.0000
67       67   (0)     11  : 0.0000 0.5714 0.0000 0.0000 0.1429 0.0000 0.0000 0.0000 0.2857
68       68   (0)     11  : 0.0000 0.3988 0.4395 0.0000 0.0000 0.0000 0.0000 0.0000 0.1618
69       69   (0)     11  : 0.2878 0.0000 0.4991 0.0000 0.0000 0.1390 0.0741 0.0000 0.0000
70       70   (0)     11  : 0.3862 0.0000 0.0000 0.0000 0.0000 0.2246 0.3892 0.0000 0.0000
71       71   (0)     11  : 0.0000 0.4467 0.1562 0.0000 0.0457 0.0000 0.0000 0.0000 0.3514
72       72   (0)     12  : 0.0000 0.4292 0.0000 0.0000 0.1934 0.0000 0.0000 0.0000 0.3774
73       73   (0)     12  : 0.0000 0.4286 0.0000 0.0000 0.3467 0.0000 0.0000 0.0000 0.2247
74       74   (0)     12  : 0.0000 0.9325 0.0000 0.0000 0.0000 0.0000 0.0000 0.0000 0.0675
75       75   (0)     12  : 0.1518 0.1952 0.1197 0.0000 0.1964 0.0540 0.1934 0.0081 0.0814
76       76   (0)     12  : 0.0000 0.8930 0.0000 0.0000 0.0000 0.0000 0.0000 0.0107 0.0963
77       77   (0)     12  : 0.6431 0.0000 0.0000 0.0000 0.0069 0.0776 0.2724 0.0000 0.0000
78       78   (0)     12  : 0.3997 0.0324 0.0266 0.0000 0.0096 0.2112 0.3037 0.0000 0.0169
79       79   (0)     12  : 0.0000 0.1429 0.0000 0.0000 0.4382 0.0000 0.0000 0.0000 0.4190
80       80   (0)     12  : 0.4050 0.0041 0.1109 0.0000 0.0168 0.2276 0.2248 0.0000 0.0109
81       81   (0)     13  : 0.0000 0.0000 1.0000 0.0000 0.0000 0.0000 0.0000 0.0000 0.0000
82       82   (0)     13  : 0.0000 0.1995 0.0000 0.0110 0.5229 0.0000 0.0000 0.0003 0.2664
83       83   (0)     13  : 0.0000 0.4356 0.0465 0.0000 0.0786 0.0000 0.0000 0.0000 0.4393
84       84   (0)     13  : 0.0000 0.7297 0.0000 0.0000 0.2064 0.0000 0.0000 0.0062 0.0578
85       85   (0)     13  : 0.0000 0.1338 0.0000 0.0000 0.5787 0.0000 0.0000 0.0000 0.2875
86       86   (0)     13  : 0.0000 0.1086 0.0187 0.0000 0.4523 0.0000 0.0000 0.0015 0.4189
87       87   (0)     13  : 0.2873 0.0115 0.0000 0.0000 0.0072 0.0830 0.5999 0.0000 0.0110
88       88   (0)     13  : 0.0000 0.4653 0.0000 0.0000 0.1822 0.0000 0.0000 0.0000 0.3525
89       89   (0)     13  : 0.0000 0.1231 0.0000 0.0000 0.6359 0.0000 0.0000 0.0000 0.2409
90       90   (0)     13  : 0.0000 0.1206 0.0000 0.0000 0.3400 0.0000 0.0000 0.0059 0.5335
91       91   (0)     13  : 0.0000 0.2615 0.3988 0.0000 0.0000 0.0000 0.0000 0.0000 0.3397
92       92   (0)     13  : 0.0022 0.5790 0.0000 0.0000 0.2779 0.0156 0.0000 0.0373 0.0880
93       93   (0)     13  : 0.0930 0.0000 0.0000 0.0000 0.0088 0.4569 0.4272 0.0000 0.0141
94       94   (0)     13  : 0.0000 0.5439 0.0000 0.0000 0.3823 0.0000 0.0000 0.0000 0.0737
95       95   (0)     14  : 0.4019 0.0000 0.0000 0.0089 0.0052 0.0630 0.5193 0.0017 0.0000
96       96   (0)     14  : 0.0000 0.0507 0.0000 0.0000 0.7295 0.0000 0.0000 0.0000 0.2199
97       97   (0)     15  : 0.0000 0.0000 1.0000 0.0000 0.0000 0.0000 0.0000 0.0000 0.0000
98       98   (0)     15  : 0.1429 0.0000 0.0000 0.0000 0.0000 0.3503 0.5068 0.0001 0.0000
99       99   (0)     15  : 0.0000 0.2706 0.0000 0.5285 0.0682 0.0000 0.0000 0.0000 0.1327
100      100   (0)     15  : 0.6042 0.0000 0.0000 0.0108 0.0000 0.3181 0.0669 0.0000 0.0000
101      101   (0)     15  : 0.0000 0.0000 0.0000 1.0000 0.0000 0.0000 0.0000 0.0000 0.0000
102      102   (0)     15  : 0.0000 0.0000 0.0000 0.0045 0.0000 0.0357 0.9584 0.0014 0.0000
103      103   (0)     15  : 0.1808 0.0097 0.0000 0.0042 0.0000 0.0876 0.7177 0.0000 0.0000
104      104   (0)     15  : 0.0000 0.0000 0.0000 1.0000 0.0000 0.0000 0.0000 0.0000 0.0000
105      105   (0)     15  : 0.0000 0.0000 0.0000 1.0000 0.0000 0.0000 0.0000 0.0000 0.0000
