1        1   (0)      1  : 0.4881 0.0000 0.0000 0.5119
2        2   (0)      1  : 0.0564 0.2438 0.1375 0.5623
3        3   (0)      1  : 0.5889 0.0000 0.0000 0.4111
4        4   (0)      1  : 0.5691 0.0000 0.0000 0.4309
5        5   (0)      1  : 0.7303 0.0000 0.0000 0.2697
6        6   (0)      1  : 0.7161 0.0000 0.0000 0.2839
7        7   (0)      1  : 0.8363 0.0000 0.0000 0.1637
8        8   (0)      1  : 0.6783 0.0000 0.0000 0.3217
9        9   (0)      1  : 0.7627 0.0000 0.0000 0.2373
10       10   (0)      1  : 0.7362 0.0000 0.0000 0.2638
11       11   (0)      1  : 0.5459 0.0000 0.0512 0.4029
12       12   (0)      1  : 0.0938 0.0000 0.0000 0.9062
13       13   (0)      1  : 0.6321 0.0000 0.0000 0.3679
14       14   (0)      2  : 0.3799 0.0000 0.0000 0.6201
15       15   (0)      2  : 0.0000 1.0000 0.0000 0.0000
16       16   (0)      2  : 0.6478 0.0000 0.0000 0.3522
17       17   (0)      2  : 0.6218 0.0000 0.0000 0.3782
18       18   (0)      2  : 0.7696 0.0000 0.0000 0.2304
19       19   (0)      2  : 0.6665 0.0000 0.0000 0.3335
20       20   (0)      2  : 0.7288 0.0000 0.0475 0.2237
21       21   (0)      2  : 0.6102 0.0000 0.0000 0.3898
22       22   (0)      2  : 0.6492 0.0000 0.0970 0.2538
23       23   (0)      2  : 0.3157 0.0000 0.4542 0.2300
24       24   (0)      2  : 0.7285 0.0000 0.0000 0.2715
25       25   (0)      2  : 0.7279 0.0000 0.0000 0.2721
26       26   (0)      2  : 0.4630 0.0000 0.4031 0.1340
27       27   (0)      2  : 0.5883 0.0000 0.0000 0.4117
28       28   (0)      3  : 0.0000 1.0000 0.0000 0.0000
29       29   (0)      3  : 0.4124 0.0000 0.0000 0.5876
30       30   (0)      3  : 0.0000 0.0000 1.0000 0.0000
31       31   (0)      3  : 0.1335 0.0000 0.5354 0.3312
32       32   (0)      3  : 0.0000 1.0000 0.0000 0.0000
33       33   (0)      3  : 0.6072 0.0000 0.0000 0.3928
34       34   (0)      3  : 0.0000 1.0000 0.0000 0.0000
35       35   (0)      3  : 0.0000 1.0000 0.0000 0.0000
36       36   (0)      3  : 0.0000 1.0000 0.0000 0.0000
37       37   (0)      3  : 0.6286 0.0000 0.0000 0.3714
38       38   (0)      3  : 0.0000 0.0000 1.0000 0.0000
39       39   (0)      3  : 0.0000 0.0000 1.0000 0.0000
40       40   (0)      3  : 0.4223 0.0000 0.0000 0.5777
41       41   (0)      3  : 0.7258 0.0000 0.0000 0.2742
42       42   (0)      3  : 0.0009 0.9974 0.0000 0.0016
43       43   (0)      3  : 0.0000 1.0000 0.0000 0.0000
44       44   (0)      3  : 0.4279 0.0000 0.0000 0.5721
45       45   (0)      3  : 0.6504 0.0000 0.0000 0.3496
46       46   (0)      4  : 0.0000 1.0000 0.0000 0.0000
47       47   (0)      4  : 0.0000 1.0000 0.0000 0.0000
48       48   (0)      4  : 0.4808 0.0000 0.0000 0.5192
49       49   (0)      4  : 0.4549 0.0005 0.0272 0.5175
50       50   (0)      4  : 0.4965 0.0000 0.0564 0.4472
51       51   (0)      4  : 0.5889 0.0000 0.0635 0.3476
52       52   (0)      4  : 0.6486 0.0000 0.0141 0.3373
53       53   (0)      4  : 0.1948 0.0000 0.0000 0.8052
54       54   (0)      4  : 0.7595 0.0000 0.0000 0.2405
55       55   (0)      4  : 0.1354 0.0000 0.6657 0.1989
56       56   (0)      4  : 0.5968 0.0000 0.0000 0.4032
57       57   (0)      5  : 0.4790 0.0000 0.0000 0.5210
58       58   (0)      5  : 0.5896 0.0479 0.0113 0.3512
59       59   (0)      5  : 0.7631 0.0000 0.0000 0.2369
60       60   (0)      5  : 0.0000 1.0000 0.0000 0.0000
61       61   (0)      5  : 0.0141 0.9460 0.0361 0.0038
62       62   (0)      5  : 0.0079 0.8011 0.1147 0.0763
63       63   (0)      6  : 0.0000 1.0000 0.0000 0.0000
64       64   (0)      6  : 0.0000 1.0000 0.0000 0.0000
65       65   (0)      6  : 0.0000 1.0000 0.0000 0.0000
66       66   (0)      6  : 0.2028 0.7601 0.0000 0.0371
67       67   (0)      6  : 0.0000 1.0000 0.0000 0.0000
68       68   (0)      6  : 0.0000 0.8748 0.1252 0.0000
69       69   (0)      6  : 0.5454 0.1422 0.0331 0.2793
70       70   (0)      6  : 0.0000 1.0000 0.0000 0.0000
71       71   (0)      6  : 0.7855 0.0000 0.0000 0.2145
72       72   (0)      6  : 0.0000 1.0000 0.0000 0.0000
73       73   (0)      6  : 0.0000 0.9204 0.0796 0.0000
74       74   (0)      6  : 0.0000 0.8677 0.1323 0.0000
75       75   (0)      6  : 0.0000 0.8968 0.1032 0.0000
76       76   (0)      6  : 0.0000 0.8320 0.1680 0.0000
77       77   (0)      6  : 0.0000 0.8190 0.1810 0.0000
78       78   (0)      6  : 0.0000 0.7604 0.2396 0.0000
79       79   (0)      6  : 0.0000 0.9464 0.0536 0.0000
80       80   (0)      7  : 0.8269 0.0000 0.0000 0.1731
81       81   (0)      8  : 0.6043 0.0000 0.0508 0.3449
82       82   (0)      9  : 0.0000 0.0000 1.0000 0.0000
83       83   (0)     10  : 0.5535 0.0000 0.1340 0.3125
84       84   (0)     11  : 0.7232 0.0000 0.0000 0.2768
85       85   (0)     11  : 0.4168 0.0000 0.4445 0.1387
86       86   (0)     12  : 0.1710 0.0000 0.4506 0.3784
87       87   (0)     12  : 0.5925 0.0000 0.1766 0.2309
88       88   (0)     12  : 0.6234 0.0000 0.0000 0.3766
89       89   (0)     12  : 0.5188 0.0000 0.1663 0.3149
90       90   (0)     12  : 0.0103 0.9230 0.0414 0.0254
91       91   (0)     12  : 0.6285 0.0000 0.0000 0.3715
92       92   (0)     12  : 0.5857 0.0000 0.0000 0.4143
93       93   (0)     12  : 0.8195 0.0000 0.0000 0.1805
94       94   (0)     13  : 0.5177 0.0000 0.0000 0.4823
