1        1   (0)      1  : 0.0000 0.1862 0.0000 0.0000 0.0000 0.0000 0.0000 0.0000 0.0000 0.0000 0.0000 0.0000 0.8138 0.0000 0.0000 0.0000 0.0000
2        2   (0)      2  : 0.0000 0.0000 0.0000 0.0000 0.0000 0.6000 0.0000 0.0000 0.0000 0.0000 0.0000 0.0000 0.0000 0.2000 0.2000 0.0000 0.0000
3        3   (0)      2  : 0.9190 0.0000 0.0000 0.0000 0.0000 0.0000 0.0000 0.0000 0.0000 0.0000 0.0000 0.0810 0.0000 0.0000 0.0000 0.0000 0.0000
4        4   (0)      3  : 0.0000 0.0000 0.0531 0.0000 0.0000 0.0366 0.0000 0.0000 0.8493 0.0000 0.0000 0.0000 0.0000 0.0000 0.0000 0.0610 0.0000
5        5   (0)      3  : 0.0000 0.0000 0.0000 0.0000 0.0000 0.0000 0.0000 0.0000 1.0000 0.0000 0.0000 0.0000 0.0000 0.0000 0.0000 0.0000 0.0000
6        6   (0)      3  : 0.2141 0.0000 0.0000 0.0000 0.0468 0.0000 0.0000 0.0000 0.3568 0.0000 0.0000 0.1160 0.0000 0.0000 0.0000 0.0000 0.2663
7        7   (0)      3  : 0.0000 0.0000 0.0000 0.1514 0.0000 0.0000 0.0000 0.0000 0.0000 0.0000 0.0000 0.0000 0.0000 0.8486 0.0000 0.0000 0.0000
8        8   (0)      3  : 0.0000 0.0000 0.0000 0.0000 0.0000 0.0146 0.0000 0.0000 0.9854 0.0000 0.0000 0.0000 0.0000 0.0000 0.0000 0.0000 0.0000
9        9   (0)      3  : 0.4453 0.0000 0.0000 0.0000 0.0000 0.0000 0.0000 0.0000 0.2539 0.0000 0.0000 0.1008 0.0000 0.0000 0.0000 0.0000 0.2000
10       10   (0)      4  : 0.3634 0.0000 0.0000 0.0000 0.0000 0.0000 0.0000 0.0000 0.0897 0.0071 0.0000 0.2603 0.0000 0.0081 0.0154 0.0205 0.2356
11       11   (0)      4  : 0.2912 0.0000 0.0000 0.0000 0.0000 0.0000 0.4179 0.0000 0.0000 0.0000 0.0000 0.0909 0.0000 0.0000 0.0000 0.0000 0.2000
12       12   (0)      4  : 1.0000 0.0000 0.0000 0.0000 0.0000 0.0000 0.0000 0.0000 0.0000 0.0000 0.0000 0.0000 0.0000 0.0000 0.0000 0.0000 0.0000
13       13   (0)      4  : 0.1036 0.0000 0.0000 0.0000 0.0000 0.0000 0.0000 0.0000 0.0000 0.0000 0.0000 0.7742 0.0000 0.0000 0.0000 0.0000 0.1222
14       14   (0)      5  : 0.0000 0.0000 0.1718 0.0000 0.0000 0.0000 0.0000 0.0000 0.0000 0.0000 0.8282 0.0000 0.0000 0.0000 0.0000 0.0000 0.0000
15       15   (0)      5  : 0.0000 0.0000 0.0000 1.0000 0.0000 0.0000 0.0000 0.0000 0.0000 0.0000 0.0000 0.0000 0.0000 0.0000 0.0000 0.0000 0.0000
16       16   (0)      5  : 0.0000 0.0000 0.0000 0.0000 0.0000 1.0000 0.0000 0.0000 0.0000 0.0000 0.0000 0.0000 0.0000 0.0000 0.0000 0.0000 0.0000
17       17   (0)      5  : 0.0000 0.0000 0.0000 0.0000 0.0000 0.0000 1.0000 0.0000 0.0000 0.0000 0.0000 0.0000 0.0000 0.0000 0.0000 0.0000 0.0000
18       18   (0)      5  : 0.0000 0.0000 0.0000 0.0000 0.0000 0.0000 0.0000 0.0000 0.0000 0.0000 0.0000 1.0000 0.0000 0.0000 0.0000 0.0000 0.0000
19       19   (0)      5  : 0.0000 0.0000 0.0000 0.0000 0.0000 0.0000 1.0000 0.0000 0.0000 0.0000 0.0000 0.0000 0.0000 0.0000 0.0000 0.0000 0.0000
20       20   (0)      5  : 0.7431 0.0000 0.0000 0.0000 0.0000 0.0000 0.0000 0.0000 0.2140 0.0000 0.0000 0.0430 0.0000 0.0000 0.0000 0.0000 0.0000
21       21   (0)      5  : 0.0000 0.0000 0.0000 0.0000 0.0000 0.0000 0.0000 0.0000 0.0000 0.0000 0.0000 1.0000 0.0000 0.0000 0.0000 0.0000 0.0000
22       22   (0)      5  : 0.0000 0.0000 0.0000 0.0000 0.0000 0.0000 1.0000 0.0000 0.0000 0.0000 0.0000 0.0000 0.0000 0.0000 0.0000 0.0000 0.0000
23       23   (0)      5  : 0.9508 0.0000 0.0000 0.0000 0.0000 0.0000 0.0000 0.0000 0.0000 0.0000 0.0000 0.0492 0.0000 0.0000 0.0000 0.0000 0.0000
24       24   (0)      5  : 0.0000 0.0000 0.0000 1.0000 0.0000 0.0000 0.0000 0.0000 0.0000 0.0000 0.0000 0.0000 0.0000 0.0000 0.0000 0.0000 0.0000
25       25   (0)      5  : 0.0000 0.0000 0.2000 0.0000 0.0000 0.0000 0.0000 0.0000 0.0000 0.0000 0.4000 0.0000 0.0000 0.0000 0.0000 0.4000 0.0000
26       26   (0)      5  : 0.0268 0.0000 0.0000 0.0000 0.0000 0.0000 0.0000 0.0000 0.4813 0.0000 0.0000 0.4919 0.0000 0.0000 0.0000 0.0000 0.0000
27       27   (0)      5  : 0.0000 0.0000 0.0000 1.0000 0.0000 0.0000 0.0000 0.0000 0.0000 0.0000 0.0000 0.0000 0.0000 0.0000 0.0000 0.0000 0.0000
28       28   (0)      5  : 0.0000 0.0000 0.0000 0.7349 0.0000 0.0000 0.0000 0.0000 0.0000 0.2651 0.0000 0.0000 0.0000 0.0000 0.0000 0.0000 0.0000
29       29   (0)      6  : 0.0000 0.9048 0.0000 0.0000 0.0000 0.0000 0.0000 0.0000 0.0000 0.0000 0.0000 0.0000 0.0952 0.0000 0.0000 0.0000 0.0000
30       30   (0)      6  : 0.0000 0.0000 0.0000 0.0000 0.6000 0.0000 0.0000 0.0000 0.0000 0.0000 0.0000 0.0000 0.0000 0.0000 0.0000 0.4000 0.0000
31       31   (0)      6  : 0.8000 0.0000 0.0000 0.0000 0.0000 0.0000 0.0000 0.0000 0.0000 0.0000 0.0000 0.0000 0.0000 0.0000 0.0000 0.0000 0.2000
32       32   (0)      6  : 0.0743 0.0000 0.0000 0.0000 0.0000 0.0000 0.1913 0.0000 0.3963 0.0000 0.0000 0.0000 0.0000 0.0000 0.0144 0.0000 0.3237
33       33   (0)      6  : 0.0000 0.0000 0.0000 0.0000 0.0000 0.0000 0.0000 1.0000 0.0000 0.0000 0.0000 0.0000 0.0000 0.0000 0.0000 0.0000 0.0000
34       34   (0)      6  : 0.0000 0.0000 0.5004 0.0000 0.0000 0.0000 0.0000 0.0000 0.0000 0.0000 0.4996 0.0000 0.0000 0.0000 0.0000 0.0000 0.0000
35       35   (0)      6  : 0.0000 1.0000 0.0000 0.0000 0.0000 0.0000 0.0000 0.0000 0.0000 0.0000 0.0000 0.0000 0.0000 0.0000 0.0000 0.0000 0.0000
36       36   (0)      6  : 0.0000 1.0000 0.0000 0.0000 0.0000 0.0000 0.0000 0.0000 0.0000 0.0000 0.0000 0.0000 0.0000 0.0000 0.0000 0.0000 0.0000
37       37   (0)      7  : 0.0000 0.0000 0.0000 0.0000 0.8000 0.0000 0.0000 0.0000 0.0000 0.0000 0.0000 0.0000 0.0000 0.0000 0.0000 0.2000 0.0000
38       38   (0)      7  : 0.0000 0.0000 0.0000 0.0000 0.0000 0.0000 1.0000 0.0000 0.0000 0.0000 0.0000 0.0000 0.0000 0.0000 0.0000 0.0000 0.0000
39       39   (0)      7  : 0.0000 0.0000 0.8000 0.0000 0.0000 0.0000 0.0000 0.0000 0.0000 0.0000 0.1290 0.0000 0.0000 0.0000 0.0000 0.0710 0.0000
40       40   (0)      7  : 0.0000 0.0000 1.0000 0.0000 0.0000 0.0000 0.0000 0.0000 0.0000 0.0000 0.0000 0.0000 0.0000 0.0000 0.0000 0.0000 0.0000
41       41   (0)      7  : 0.0000 0.0000 0.0000 0.0000 0.0000 0.0000 1.0000 0.0000 0.0000 0.0000 0.0000 0.0000 0.0000 0.0000 0.0000 0.0000 0.0000
42       42   (0)      7  : 0.0000 0.0000 0.6182 0.0000 0.0000 0.0000 0.0000 0.0000 0.0000 0.0000 0.3818 0.0000 0.0000 0.0000 0.0000 0.0000 0.0000
43       43   (0)      7  : 0.0000 0.0000 0.0000 0.0000 0.0000 0.0000 0.8000 0.0000 0.0000 0.0000 0.0000 0.0000 0.0000 0.0000 0.0000 0.0000 0.2000
44       44   (0)      7  : 0.0000 0.0000 0.0000 0.0000 0.0000 0.6000 0.0000 0.0000 0.0000 0.0000 0.0000 0.0000 0.0000 0.0000 0.4000 0.0000 0.0000
45       45   (0)      7  : 0.8951 0.0000 0.0000 0.0000 0.0000 0.0000 0.0000 0.0000 0.0000 0.0000 0.0000 0.0000 0.0000 0.0000 0.0000 0.0000 0.1049
46       46   (0)      7  : 0.0000 0.6273 0.0000 0.0000 0.0000 0.0000 0.0000 0.0000 0.0000 0.0000 0.0000 0.0000 0.3727 0.0000 0.0000 0.0000 0.0000
47       47   (0)      7  : 0.0000 0.0000 0.0000 0.0000 0.0000 0.0000 0.0000 0.0000 0.0000 0.0000 0.0000 1.0000 0.0000 0.0000 0.0000 0.0000 0.0000
48       48   (0)      7  : 0.0000 0.6632 0.0000 0.0000 0.0000 0.0000 0.0000 0.0277 0.0000 0.0000 0.0000 0.0000 0.1091 0.0000 0.0000 0.0000 0.2000
49       49   (0)      7  : 0.0000 0.0000 0.0000 0.0000 1.0000 0.0000 0.0000 0.0000 0.0000 0.0000 0.0000 0.0000 0.0000 0.0000 0.0000 0.0000 0.0000
50       50   (0)      7  : 0.0000 0.0000 0.0000 0.0000 0.0000 1.0000 0.0000 0.0000 0.0000 0.0000 0.0000 0.0000 0.0000 0.0000 0.0000 0.0000 0.0000
51       51   (0)      7  : 0.0000 0.0000 0.0000 0.0000 0.8000 0.0000 0.0000 0.0000 0.0000 0.0000 0.0000 0.0000 0.0000 0.0000 0.0000 0.2000 0.0000
52       52   (0)      7  : 0.0000 0.0000 0.0000 0.6568 0.0000 0.0000 0.0000 0.0000 0.0000 0.0000 0.0000 0.0000 0.0000 0.3432 0.0000 0.0000 0.0000
53       53   (0)      7  : 0.3598 0.0000 0.0000 0.0000 0.0000 0.0000 0.0000 0.0000 0.0000 0.0000 0.0000 0.5512 0.0000 0.0000 0.0000 0.0000 0.0890
54       54   (0)      7  : 0.2388 0.0000 0.0000 0.0000 0.0000 0.0000 0.0000 0.0000 0.0000 0.0000 0.0000 0.5612 0.0000 0.0000 0.0000 0.0000 0.2000
55       55   (0)      7  : 0.3999 0.0000 0.0000 0.0000 0.0000 0.0000 0.0160 0.0000 0.0978 0.0000 0.0000 0.3771 0.0000 0.0000 0.0000 0.0000 0.1093
56       56   (0)      7  : 0.5330 0.0000 0.0000 0.0000 0.0000 0.0000 0.0000 0.0000 0.2269 0.0000 0.0000 0.2401 0.0000 0.0000 0.0000 0.0000 0.0000
57       57   (0)      8  : 0.0000 0.0000 0.4000 0.0000 0.0000 0.0000 0.0000 0.0000 0.0000 0.0000 0.2000 0.0000 0.0000 0.0000 0.0000 0.2000 0.2000
58       58   (0)      8  : 0.0000 0.0000 0.0000 0.2000 0.0000 0.0000 0.0000 0.0000 0.0000 0.0000 0.0000 0.0000 0.0000 0.8000 0.0000 0.0000 0.0000
59       59   (0)      8  : 0.0000 0.0000 0.0000 0.0000 0.0000 0.0000 0.0000 0.0000 0.0000 0.0000 0.0000 0.7011 0.0000 0.0000 0.0000 0.0000 0.2989
60       60   (0)      8  : 0.0000 0.0000 0.5546 0.0000 0.0000 0.0000 0.0000 0.0000 0.0000 0.0000 0.0454 0.0000 0.0000 0.0000 0.0000 0.4000 0.0000
61       61   (0)      8  : 0.0000 0.0000 0.6000 0.0000 0.0000 0.0000 0.0000 0.0000 0.0000 0.0000 0.2000 0.0000 0.0000 0.0000 0.0000 0.0000 0.2000
62       62   (0)      8  : 0.0000 0.0000 0.0000 0.0000 1.0000 0.0000 0.0000 0.0000 0.0000 0.0000 0.0000 0.0000 0.0000 0.0000 0.0000 0.0000 0.0000
63       63   (0)      8  : 0.0000 0.0000 0.9131 0.0000 0.0000 0.0000 0.0000 0.0000 0.0000 0.0000 0.0000 0.0000 0.0000 0.0000 0.0000 0.0000 0.0869
64       64   (0)      8  : 0.0000 0.0000 0.0000 0.0000 0.0000 0.0000 0.0000 0.0000 1.0000 0.0000 0.0000 0.0000 0.0000 0.0000 0.0000 0.0000 0.0000
65       65   (0)      8  : 0.0000 0.0000 0.0000 0.0000 0.0000 0.0000 0.0000 0.0000 0.0000 0.0000 0.0000 0.0000 1.0000 0.0000 0.0000 0.0000 0.0000
66       66   (0)      8  : 0.0528 0.0000 0.0000 0.0000 0.0000 0.0000 0.0000 0.0000 0.7335 0.0000 0.0000 0.2137 0.0000 0.0000 0.0000 0.0000 0.0000
67       67   (0)      8  : 0.1991 0.0000 0.0000 0.0000 0.0000 0.0000 0.0000 0.0000 0.6009 0.0000 0.0000 0.0000 0.0000 0.0000 0.0000 0.0000 0.2000
68       68   (0)      8  : 0.0000 0.0000 0.0000 0.0000 0.0000 0.0000 0.0000 0.0000 0.0000 0.0000 0.0000 1.0000 0.0000 0.0000 0.0000 0.0000 0.0000
69       69   (0)      8  : 0.0000 0.7206 0.0000 0.0000 0.0000 0.0000 0.0000 0.0000 0.0000 0.0000 0.0000 0.0000 0.2053 0.0000 0.0000 0.0000 0.0741
70       70   (0)      8  : 0.0000 0.0000 0.0000 0.0000 0.0000 0.0000 0.0000 0.0000 0.0000 0.0000 0.8000 0.0000 0.0000 0.0000 0.2000 0.0000 0.0000
71       71   (0)      8  : 0.0000 0.2000 0.0000 0.0000 0.0000 0.0000 0.0000 0.0000 0.0000 0.0000 0.0000 0.0000 0.8000 0.0000 0.0000 0.0000 0.0000
72       72   (0)      8  : 0.0000 0.0000 0.0000 0.0000 0.8000 0.0000 0.0000 0.0000 0.0000 0.0000 0.0000 0.0000 0.0000 0.0000 0.0000 0.2000 0.0000
73       73   (0)      8  : 0.0000 0.0000 0.0000 0.0000 0.0000 0.0000 0.7754 0.0000 0.0432 0.0000 0.0000 0.1814 0.0000 0.0000 0.0000 0.0000 0.0000
74       74   (0)      8  : 0.4606 0.0000 0.0000 0.0000 0.0000 0.0000 0.0000 0.0000 0.1045 0.0000 0.0000 0.4348 0.0000 0.0000 0.0000 0.0000 0.0000
75       75   (0)      8  : 0.0000 0.0000 0.0000 0.0000 0.0000 0.0000 0.0000 0.0000 0.0000 0.0000 0.0000 0.8000 0.0000 0.0000 0.0000 0.0000 0.2000
76       76   (0)      8  : 0.0000 0.0711 0.0000 0.0000 0.0000 0.0000 0.0000 0.0130 0.0000 0.0000 0.0000 0.0000 0.9159 0.0000 0.0000 0.0000 0.0000
77       77   (0)      8  : 0.2000 0.0000 0.0000 0.0000 0.0000 0.0000 0.0000 0.0000 0.7149 0.0000 0.0000 0.0851 0.0000 0.0000 0.0000 0.0000 0.0000
78       78   (0)      9  : 0.0000 0.0000 0.5595 0.0000 0.0000 0.0000 0.0000 0.0000 0.0000 0.0000 0.2405 0.0000 0.0000 0.0000 0.0000 0.0000 0.2000
79       79   (0)      9  : 0.0000 0.0000 0.6000 0.0000 0.0000 0.0000 0.0000 0.0000 0.0000 0.0000 0.2000 0.0000 0.0000 0.0000 0.0000 0.0000 0.2000
80       80   (0)      9  : 0.0000 0.0000 0.0000 0.0000 0.9337 0.0000 0.0000 0.0000 0.0000 0.0000 0.0000 0.0000 0.0000 0.0000 0.0000 0.0663 0.0000
81       81   (0)      9  : 0.0000 0.0000 0.4961 0.0000 0.0000 0.0000 0.0000 0.0000 0.0000 0.0000 0.3039 0.0000 0.0000 0.0000 0.0000 0.0000 0.2000
82       82   (0)      9  : 0.0000 0.3272 0.0000 0.0000 0.0000 0.0000 0.0000 0.0000 0.0000 0.0000 0.0000 0.0000 0.6728 0.0000 0.0000 0.0000 0.0000
83       83   (0)      9  : 0.2110 0.0000 0.0000 0.0000 0.0000 0.0256 0.0009 0.0000 0.0001 0.0117 0.0000 0.5097 0.0000 0.0000 0.0410 0.0000 0.2000
84       84   (0)      9  : 0.0000 0.0000 0.0000 0.0000 0.0000 0.0000 0.0000 0.0000 0.0000 0.8000 0.0000 0.0000 0.0000 0.0000 0.2000 0.0000 0.0000
85       85   (0)      9  : 0.1737 0.0000 0.0000 0.0000 0.0000 0.0000 0.0000 0.0000 0.4000 0.0000 0.0000 0.4263 0.0000 0.0000 0.0000 0.0000 0.0000
86       86   (0)      9  : 0.3240 0.0000 0.0000 0.0000 0.0000 0.0000 0.0000 0.0000 0.0000 0.0000 0.0000 0.4760 0.0000 0.0000 0.0000 0.0000 0.2000
87       87   (0)      9  : 0.3348 0.0000 0.0000 0.0000 0.0000 0.0000 0.0000 0.0000 0.0000 0.0000 0.0000 0.6230 0.0000 0.0000 0.0000 0.0000 0.0422
88       88   (0)      9  : 0.0000 0.0000 0.8000 0.0000 0.0000 0.0000 0.0000 0.0000 0.0000 0.0000 0.0759 0.0000 0.0000 0.0000 0.0000 0.0000 0.1241
89       89   (0)      9  : 0.0000 0.0000 0.6577 0.0000 0.0000 0.0000 0.0000 0.0000 0.0000 0.0000 0.2464 0.0000 0.0000 0.0000 0.0000 0.0959 0.0000
90       90   (0)      9  : 0.6970 0.0000 0.0000 0.0000 0.0000 0.0000 0.3030 0.0000 0.0000 0.0000 0.0000 0.0000 0.0000 0.0000 0.0000 0.0000 0.0000
91       91   (0)      9  : 0.0000 0.0000 0.0000 0.0000 0.8000 0.0000 0.0000 0.0000 0.0000 0.0000 0.0000 0.0000 0.0000 0.0000 0.0000 0.2000 0.0000
92       92   (0)     10  : 0.0000 0.0000 0.0000 0.0000 0.0000 0.0000 0.0000 0.0000 0.0000 0.0000 0.2658 0.0000 0.0000 0.0000 0.5342 0.2000 0.0000
93       93   (0)     11  : 0.0000 0.0000 0.0000 0.0000 0.0000 0.0000 0.0000 0.0000 0.0000 0.0000 0.0000 0.0000 0.0000 0.2000 0.8000 0.0000 0.0000
94       94   (0)     11  : 0.0000 0.0000 0.0000 0.8155 0.0000 0.0000 0.0000 0.0000 0.0000 0.1845 0.0000 0.0000 0.0000 0.0000 0.0000 0.0000 0.0000
95       95   (0)     11  : 0.0000 0.0000 0.0000 0.0000 0.0000 0.0000 0.0000 0.0000 0.0000 0.8000 0.0000 0.0000 0.0000 0.2000 0.0000 0.0000 0.0000
96       96   (0)     12  : 0.0000 0.0000 0.0000 1.0000 0.0000 0.0000 0.0000 0.0000 0.0000 0.0000 0.0000 0.0000 0.0000 0.0000 0.0000 0.0000 0.0000
97       97   (0)     12  : 0.0000 0.0000 0.0000 1.0000 0.0000 0.0000 0.0000 0.0000 0.0000 0.0000 0.0000 0.0000 0.0000 0.0000 0.0000 0.0000 0.0000
98       98   (0)     12  : 0.0000 0.0000 0.0000 1.0000 0.0000 0.0000 0.0000 0.0000 0.0000 0.0000 0.0000 0.0000 0.0000 0.0000 0.0000 0.0000 0.0000
99       99   (0)     12  : 0.0000 0.0000 0.0000 1.0000 0.0000 0.0000 0.0000 0.0000 0.0000 0.0000 0.0000 0.0000 0.0000 0.0000 0.0000 0.0000 0.0000
100      100   (0)     12  : 0.0000 1.0000 0.0000 0.0000 0.0000 0.0000 0.0000 0.0000 0.0000 0.0000 0.0000 0.0000 0.0000 0.0000 0.0000 0.0000 0.0000
101      101   (0)     13  : 0.0000 0.2000 0.0000 0.0000 0.0000 0.0000 0.0000 0.0000 0.0000 0.0000 0.0000 0.0000 0.8000 0.0000 0.0000 0.0000 0.0000
102      102   (0)     13  : 0.0000 0.0000 0.0000 0.2000 0.0000 0.0000 0.0000 0.0000 0.0000 0.0000 0.0000 0.0000 0.0000 0.8000 0.0000 0.0000 0.0000
103      103   (0)     14  : 0.0000 0.0000 0.4585 0.0000 0.0014 0.0550 0.0000 0.0000 0.0000 0.0000 0.0103 0.0000 0.0000 0.0000 0.0000 0.4748 0.0000
104      104   (0)     14  : 0.0000 0.5815 0.0000 0.0000 0.0000 0.0000 0.0000 0.0000 0.0000 0.0000 0.0000 0.0000 0.3466 0.0000 0.0000 0.0000 0.0719
105      105   (0)     14  : 0.0000 0.0720 0.0000 0.0000 0.0000 0.0612 0.0000 0.0000 0.0000 0.0000 0.0000 0.0000 0.5072 0.0000 0.1596 0.0000 0.2000
106      106   (0)     14  : 0.0000 0.0000 0.0000 0.0000 0.0000 0.0000 0.0000 1.0000 0.0000 0.0000 0.0000 0.0000 0.0000 0.0000 0.0000 0.0000 0.0000
107      107   (0)     14  : 0.0000 0.0000 0.0000 0.0000 0.9271 0.0000 0.0000 0.0000 0.0000 0.0000 0.0000 0.0000 0.0000 0.0000 0.0000 0.0729 0.0000
108      108   (0)     15  : 0.0000 0.0000 0.0000 0.0000 0.0000 0.6000 0.0000 0.0000 0.0000 0.0000 0.0000 0.0000 0.0000 0.0000 0.4000 0.0000 0.0000
109      109   (0)     15  : 0.0000 0.5299 0.0000 0.0000 0.0000 0.0000 0.0000 0.4701 0.0000 0.0000 0.0000 0.0000 0.0000 0.0000 0.0000 0.0000 0.0000
110      110   (0)     15  : 0.0000 0.9441 0.0000 0.0000 0.0000 0.0000 0.0000 0.0000 0.0000 0.0000 0.0000 0.0000 0.0559 0.0000 0.0000 0.0000 0.0000
111      111   (0)     15  : 0.7360 0.0000 0.0000 0.0000 0.0000 0.0000 0.0000 0.0000 0.0000 0.0000 0.0000 0.0640 0.0000 0.0000 0.0000 0.0000 0.2000
112      112   (0)     15  : 0.0000 0.0000 0.2136 0.0431 0.0000 0.1159 0.0000 0.0000 0.0000 0.0000 0.0044 0.0000 0.0000 0.0430 0.1136 0.4665 0.0000
113      113   (0)     15  : 0.0000 0.8000 0.0000 0.0000 0.0000 0.0000 0.0000 0.0000 0.0000 0.0000 0.0000 0.0000 0.2000 0.0000 0.0000 0.0000 0.0000
114      114   (0)     15  : 0.0000 0.0000 0.0000 0.0000 0.0000 0.0000 0.0000 1.0000 0.0000 0.0000 0.0000 0.0000 0.0000 0.0000 0.0000 0.0000 0.0000
