  1        1   (0)      1 :  0.0965 0.3278 0.0000 0.0777 0.0000 0.1117 0.1191 0.0000 0.0017 0.0000 0.0000 0.2655 
  2        2   (0)      1 :  0.0256 0.0000 0.2342 0.1295 0.0159 0.0029 0.0000 0.1504 0.0064 0.1839 0.2453 0.0059 
  3        3   (0)      1 :  0.4460 0.1707 0.0000 0.0200 0.0016 0.1347 0.0000 0.0069 0.0000 0.0000 0.0000 0.2200 
  4        4   (0)      1 :  0.1305 0.2377 0.0000 0.0329 0.0000 0.5057 0.0000 0.0000 0.0254 0.0000 0.0000 0.0677 
  5        5   (0)      1 :  0.0819 0.0761 0.0000 0.0265 0.0003 0.7680 0.0000 0.0005 0.0000 0.0021 0.0000 0.0444 
  6        6   (0)      1 :  0.0005 0.0025 0.1189 0.1036 0.0002 0.0000 0.0000 0.3776 0.0000 0.2576 0.1390 0.0000 
  7        7   (0)      1 :  0.1325 0.4428 0.0007 0.0391 0.0000 0.1711 0.0000 0.0001 0.0020 0.0003 0.0000 0.2115 
  8        8   (0)      1 :  0.0257 0.0036 0.2226 0.1461 0.0000 0.0009 0.0000 0.1924 0.0200 0.1196 0.2690 0.0001 
  9        9   (0)      1 :  0.3239 0.3920 0.0000 0.0288 0.0000 0.0162 0.0000 0.0000 0.0000 0.0000 0.0000 0.2390 
 10       10   (0)      2 :  0.1600 0.3333 0.0200 0.0400 0.0000 0.3056 0.0000 0.0000 0.0610 0.0000 0.0000 0.0800 
 11       11   (0)      2 :  0.1054 0.6927 0.0000 0.0245 0.0002 0.0666 0.0000 0.0200 0.0007 0.0000 0.0000 0.0898 
 12       12   (0)      2 :  0.0400 0.0000 0.0143 0.0663 0.0000 0.0000 0.0000 0.1086 0.0000 0.0925 0.6775 0.0008 
 13       13   (0)      3 :  0.0904 0.6620 0.0000 0.0137 0.0058 0.1113 0.0000 0.0200 0.0241 0.0002 0.0000 0.0723 
 14       14   (0)      3 :  0.0000 0.0000 0.0000 0.0400 0.9600 0.0000 0.0000 0.0000 0.0000 0.0000 0.0000 0.0000 
 15       15   (0)      3 :  0.0000 0.0000 0.2068 0.1612 0.0000 0.0006 0.0016 0.3214 0.0016 0.0467 0.2600 0.0000 
 16       16   (0)      3 :  0.0000 0.0000 0.0000 0.0000 0.0000 0.0000 1.0000 0.0000 0.0000 0.0000 0.0000 0.0000 
 17       17   (0)      4 :  0.0377 0.0000 0.0009 0.0166 0.3372 0.0000 0.5381 0.0289 0.0000 0.0344 0.0063 0.0000 
 18       18   (0)      4 :  0.0133 0.0004 0.2606 0.1846 0.0080 0.0000 0.0000 0.1521 0.0133 0.2689 0.0980 0.0007 
 19       19   (0)      5 :  0.0121 0.0000 0.4461 0.0789 0.0000 0.0000 0.0000 0.2439 0.0001 0.1805 0.0383 0.0000 
 20       20   (0)      5 :  0.0000 0.0000 0.0000 0.0176 0.0052 0.0000 0.0000 0.0000 0.9499 0.0000 0.0000 0.0273 
 21       21   (0)      5 :  0.4429 0.1332 0.0115 0.0725 0.0000 0.1027 0.0000 0.0000 0.0000 0.0000 0.0006 0.2366 
 22       22   (0)      5 :  0.1839 0.3832 0.0157 0.0106 0.0067 0.2850 0.0000 0.0071 0.0018 0.0068 0.0000 0.0992 
 23       23   (0)      5 :  0.1656 0.2014 0.0000 0.0000 0.0000 0.5071 0.0000 0.0000 0.0000 0.0000 0.0000 0.1259 
 24       24   (0)      5 :  0.1204 0.4160 0.0000 0.0579 0.0240 0.0916 0.0000 0.0200 0.0010 0.0000 0.0000 0.2690 
 25       25   (0)      5 :  0.1556 0.1372 0.0000 0.0745 0.0029 0.1158 0.0313 0.0000 0.0390 0.0000 0.0000 0.4437 
 26       26   (0)      5 :  0.0870 0.0752 0.1665 0.0821 0.0200 0.0689 0.0000 0.0874 0.0000 0.1280 0.0494 0.2355 
 27       27   (0)      5 :  0.0002 0.0000 0.0000 0.0008 0.0000 0.0000 0.9983 0.0000 0.0000 0.0005 0.0003 0.0000 
 28       28   (0)      5 :  0.0000 0.0000 0.0000 0.0000 0.0000 0.0000 1.0000 0.0000 0.0000 0.0000 0.0000 0.0000 
 29       29   (0)      5 :  0.0182 0.0000 0.2247 0.1568 0.0172 0.0000 0.0144 0.1289 0.0000 0.2716 0.1682 0.0000 
 30       30   (0)      5 :  0.0520 0.0005 0.1518 0.1441 0.0000 0.0000 0.0000 0.1547 0.0000 0.1476 0.3492 0.0000 
 31       31   (0)      5 :  0.0925 0.1852 0.0837 0.0810 0.0206 0.0355 0.0000 0.0589 0.0190 0.1891 0.0572 0.1772 
 32       32   (0)      5 :  0.1097 0.0453 0.0200 0.0200 0.0000 0.2802 0.0000 0.0000 0.0323 0.0000 0.0000 0.4926 
 33       33   (0)      5 :  0.1034 0.0000 0.2118 0.1150 0.0018 0.0000 0.0000 0.2127 0.0227 0.0757 0.2553 0.0015 
 34       34   (0)      5 :  0.0400 0.0000 0.0994 0.0968 0.0006 0.0000 0.0000 0.1031 0.0002 0.5430 0.1167 0.0000 
 35       35   (0)      5 :  0.0247 0.0000 0.2688 0.1616 0.0014 0.0000 0.0000 0.0545 0.0000 0.2768 0.2123 0.0000 
 36       36   (0)      6 :  0.0055 0.0004 0.0551 0.1554 0.0009 0.0004 0.0155 0.1677 0.0009 0.2600 0.3381 0.0000 
 37       37   (0)      6 :  0.0200 0.0000 0.0000 0.0000 0.0000 0.0000 0.9800 0.0000 0.0000 0.0000 0.0000 0.0000 
 38       38   (0)      6 :  0.0200 0.0000 0.4986 0.0647 0.0000 0.0000 0.0000 0.2135 0.0000 0.1833 0.0200 0.0000 
 39       39   (0)      6 :  0.1166 0.2099 0.0431 0.1128 0.0074 0.0538 0.0000 0.0656 0.0007 0.1904 0.1409 0.0586 
 40       40   (0)      6 :  0.0000 0.0000 0.0533 0.0734 0.0000 0.0000 0.0000 0.0595 0.0002 0.7172 0.0959 0.0005 
 41       41   (0)      6 :  0.0000 0.0000 0.1000 0.1924 0.0013 0.0000 0.0000 0.2487 0.0000 0.2173 0.2403 0.0000 
 42       42   (0)      6 :  0.0259 0.0025 0.0633 0.0442 0.0005 0.0014 0.0000 0.0250 0.0000 0.8021 0.0336 0.0014 
 43       43   (0)      6 :  0.0106 0.0007 0.2396 0.1816 0.0061 0.0028 0.0000 0.0937 0.0004 0.4064 0.0550 0.0030 
 44       44   (0)      6 :  0.0000 0.0000 0.0748 0.1712 0.0034 0.0005 0.0000 0.0908 0.0006 0.5359 0.1229 0.0000 
 45       45   (0)      6 :  0.0657 0.0000 0.1203 0.1873 0.0000 0.0000 0.0000 0.0443 0.0000 0.1683 0.4141 0.0000 
 46       46   (0)      6 :  0.0200 0.0000 0.0000 0.0187 0.0061 0.0000 0.0000 0.0000 0.9299 0.0000 0.0000 0.0253 
 47       47   (0)      6 :  0.0117 0.0000 0.7009 0.0720 0.0000 0.0000 0.0000 0.0613 0.0063 0.0876 0.0602 0.0000 
 48       48   (0)      7 :  0.0102 0.0000 0.0910 0.1252 0.0009 0.0000 0.0000 0.3819 0.0002 0.1571 0.2335 0.0000 
 49       49   (0)      7 :  0.0690 0.0470 0.1690 0.0754 0.0005 0.1711 0.0000 0.0349 0.0218 0.1299 0.0277 0.2536 
 50       50   (0)      7 :  0.0057 0.0047 0.0814 0.0469 0.0000 0.0000 0.0000 0.7128 0.0000 0.0577 0.0907 0.0000 
 51       51   (0)      8 :  0.0225 0.0000 0.0698 0.1115 0.0000 0.0000 0.0304 0.0484 0.0012 0.0174 0.6987 0.0000 
 52       52   (0)      8 :  0.0171 0.0000 0.0912 0.0747 0.0000 0.0000 0.1461 0.0791 0.0000 0.1539 0.4378 0.0001 
 53       53   (0)      9 :  0.0000 0.0000 0.1371 0.0803 0.0013 0.0000 0.0000 0.4569 0.0000 0.0400 0.2844 0.0000 
 54       54   (0)     10 :  0.0000 0.0000 0.0393 0.0337 0.0000 0.0000 0.0000 0.6084 0.0000 0.2170 0.1016 0.0000 
 55       55   (0)     10 :  0.0438 0.7303 0.0000 0.0200 0.0000 0.1445 0.0000 0.0000 0.0214 0.0000 0.0000 0.0400 
 56       56   (0)     10 :  0.0000 0.0000 0.0000 0.0000 0.0000 0.0000 1.0000 0.0000 0.0000 0.0000 0.0000 0.0000 
 57       57   (0)     10 :  0.0200 0.0000 0.4236 0.1800 0.0003 0.0000 0.0000 0.1764 0.0000 0.1400 0.0597 0.0000 
 58       58   (0)     11 :  0.0279 0.0000 0.1036 0.0707 0.0000 0.0017 0.0984 0.1056 0.0003 0.2550 0.3336 0.0032 
 59       59   (0)     11 :  0.1724 0.1650 0.0002 0.0661 0.0000 0.2139 0.0544 0.0033 0.0058 0.0012 0.0121 0.3055 
 60       60   (0)     11 :  0.0223 0.0000 0.0236 0.0083 0.0000 0.0000 0.8767 0.0069 0.0038 0.0063 0.0522 0.0000 
 61       61   (0)     11 :  0.0200 0.0000 0.2593 0.0606 0.0000 0.0000 0.0000 0.1059 0.0000 0.1001 0.4541 0.0000 
 62       62   (0)     11 :  0.0454 0.0000 0.1851 0.2200 0.0000 0.0000 0.0017 0.0723 0.0069 0.1324 0.3362 0.0000 
 63       63   (0)     11 :  0.0031 0.0000 0.0502 0.0881 0.0000 0.0000 0.2770 0.0647 0.0000 0.0413 0.4756 0.0000 
 64       64   (0)     11 :  0.0000 0.0000 0.0934 0.1439 0.0009 0.0000 0.0003 0.2031 0.0004 0.0984 0.4596 0.0000 
 65       65   (0)     11 :  0.0000 0.0000 0.0000 0.0000 0.0000 0.0000 1.0000 0.0000 0.0000 0.0000 0.0000 0.0000 
 66       66   (0)     11 :  0.0007 0.0000 0.0906 0.1003 0.0000 0.0000 0.0047 0.1729 0.0000 0.1335 0.4972 0.0000 
 67       67   (0)     11 :  0.2338 0.0741 0.0000 0.0600 0.0000 0.2252 0.0000 0.0000 0.0200 0.0000 0.0000 0.3869 
 68       68   (0)     11 :  0.1760 0.0114 0.0000 0.0474 0.0000 0.1718 0.3953 0.0000 0.0200 0.0000 0.0000 0.1782 
 69       69   (0)     11 :  0.0652 0.0000 0.1252 0.0827 0.0000 0.0000 0.4920 0.0853 0.0110 0.0383 0.1003 0.0000 
 70       70   (0)     11 :  0.0600 0.0000 0.2947 0.1803 0.0000 0.0000 0.0000 0.2467 0.0200 0.1332 0.0639 0.0012 
 71       71   (0)     11 :  0.1581 0.0558 0.0000 0.0850 0.0000 0.2181 0.1279 0.0000 0.0219 0.0000 0.0000 0.3332 
 72       72   (0)     12 :  0.0463 0.1257 0.0000 0.0400 0.0000 0.6580 0.0000 0.0004 0.0000 0.0000 0.0000 0.1296 
 73       73   (0)     12 :  0.0400 0.2724 0.0000 0.0400 0.0000 0.5769 0.0000 0.0000 0.0000 0.0000 0.0000 0.0707 
 74       74   (0)     12 :  0.0558 0.1354 0.0129 0.0862 0.0000 0.4252 0.0000 0.0000 0.0000 0.0000 0.0000 0.2846 
 75       75   (0)     12 :  0.0349 0.1091 0.0801 0.0846 0.0000 0.1507 0.1102 0.0332 0.0031 0.1258 0.1066 0.1617 
 76       76   (0)     12 :  0.0729 0.0568 0.0000 0.0786 0.0000 0.3351 0.0028 0.0000 0.0252 0.0000 0.0000 0.4287 
 77       77   (0)     12 :  0.0414 0.0000 0.1993 0.1509 0.0000 0.0000 0.0000 0.1381 0.0200 0.2049 0.2455 0.0000 
 78       78   (0)     12 :  0.0090 0.0050 0.1785 0.1868 0.0000 0.0274 0.0150 0.0809 0.0000 0.1875 0.3023 0.0075 
 79       79   (0)     12 :  0.4215 0.1303 0.0000 0.0000 0.0000 0.1929 0.0000 0.0000 0.0000 0.0000 0.0000 0.2554 
 80       80   (0)     12 :  0.0165 0.0126 0.0894 0.1281 0.0000 0.0023 0.0960 0.1156 0.0009 0.1502 0.3771 0.0115 
 81       81   (0)     13 :  0.0200 0.0000 0.0000 0.0000 0.0000 0.0000 0.9800 0.0000 0.0000 0.0000 0.0000 0.0000 
 82       82   (0)     13 :  0.0257 0.2434 0.0000 0.0200 0.0060 0.1126 0.0000 0.0000 0.0001 0.0000 0.0000 0.5923 
 83       83   (0)     13 :  0.1030 0.1901 0.0000 0.0845 0.0000 0.1397 0.0225 0.0000 0.0200 0.0000 0.0000 0.4402 
 84       84   (0)     13 :  0.0627 0.0622 0.0000 0.1046 0.0000 0.2872 0.0000 0.0000 0.0415 0.0000 0.0000 0.4419 
 85       85   (0)     13 :  0.0827 0.2371 0.0200 0.0458 0.0056 0.1281 0.0000 0.0000 0.0000 0.0000 0.0000 0.4807 
 86       86   (0)     13 :  0.1258 0.1999 0.0000 0.0756 0.0000 0.2079 0.0092 0.0000 0.0011 0.0000 0.0000 0.3806 
 87       87   (0)     13 :  0.0434 0.0063 0.3803 0.0648 0.0000 0.0036 0.0000 0.1075 0.0060 0.1747 0.2092 0.0042 
 88       88   (0)     13 :  0.0626 0.2748 0.0000 0.0470 0.0000 0.2152 0.0000 0.0000 0.0094 0.0000 0.0000 0.3910 
 89       89   (0)     13 :  0.1795 0.3357 0.0000 0.0450 0.0000 0.1442 0.0000 0.0000 0.0000 0.0000 0.0000 0.2956 
 90       90   (0)     13 :  0.2485 0.2812 0.0000 0.0600 0.0000 0.2188 0.0000 0.0200 0.0093 0.0000 0.0000 0.1622 
 91       91   (0)     13 :  0.0462 0.1132 0.0000 0.0447 0.0000 0.0958 0.3650 0.0000 0.0200 0.0000 0.0000 0.3150 
 92       92   (0)     13 :  0.1393 0.4337 0.0240 0.0613 0.0000 0.0799 0.0000 0.0012 0.0000 0.0007 0.0011 0.2587 
 93       93   (0)     13 :  0.0429 0.0010 0.3072 0.1075 0.0000 0.0087 0.0000 0.2607 0.0004 0.1028 0.1660 0.0027 
 94       94   (0)     13 :  0.0756 0.2606 0.0000 0.1088 0.0000 0.2001 0.0000 0.0000 0.0000 0.0000 0.0000 0.3549 
 95       95   (0)     14 :  0.0061 0.0000 0.2148 0.1601 0.0009 0.0000 0.0000 0.2606 0.0000 0.0711 0.2864 0.0000 
 96       96   (0)     14 :  0.0814 0.6074 0.0000 0.0417 0.0000 0.0787 0.0000 0.0000 0.0000 0.0000 0.0000 0.1907 
 97       97   (0)     15 :  0.0000 0.0000 0.0000 0.0000 0.0000 0.0000 1.0000 0.0000 0.0000 0.0000 0.0000 0.0000 
 98       98   (0)     15 :  0.0680 0.0000 0.0735 0.0367 0.0000 0.0000 0.0000 0.0675 0.0000 0.7077 0.0465 0.0000 
 99       99   (0)     15 :  0.1229 0.1017 0.0000 0.0280 0.5219 0.1414 0.0000 0.0081 0.0000 0.0000 0.0000 0.0761 
100      100   (0)     15 :  0.0200 0.0000 0.1083 0.1513 0.0008 0.0000 0.0000 0.4817 0.0042 0.1308 0.1030 0.0000 
101      101   (0)     15 :  0.0000 0.0000 0.0000 0.0600 0.9200 0.0000 0.0000 0.0000 0.0200 0.0000 0.0000 0.0000 
102      102   (0)     15 :  0.0610 0.0000 0.4954 0.0110 0.0047 0.0000 0.0000 0.0473 0.0120 0.3195 0.0492 0.0000 
103      103   (0)     15 :  0.0106 0.0019 0.6247 0.0395 0.0019 0.0000 0.0000 0.0740 0.0200 0.1838 0.0419 0.0016 
104      104   (0)     15 :  0.0000 0.0000 0.0000 0.0400 0.9600 0.0000 0.0000 0.0000 0.0000 0.0000 0.0000 0.0000 
105      105   (0)     15 :  0.0000 0.0000 0.0000 0.0400 0.9400 0.0000 0.0000 0.0000 0.0200 0.0000 0.0000 0.0000 
