nohup: ignoring input
	-> angsd version: 0.940-dirty (htslib: 1.16) build(Sep 19 2025 12:28:47)
	-> /home/cns.local/michael.studivan/bin/angsd/angsd -b bamsClones -GL 1 -uniqueOnly 1 -remove_bads 1 -minMapQ 20 -minQ 30 -dosnpstat 1 -doHWE 1 -hwe_pval 1e-5 -sb_pval 1e-5 -hetbias_pval 1e-5 -skipTriallelic 1 -minInd 74 -snp_pval 1e-6 -minMaf 0.05 -doMajorMinor 1 -doMaf 1 -doCounts 1 -makeMatrix 1 -doIBS 1 -doCov 1 -doGeno 8 -doBcf 1 -doPost 1 -doGlf 2 -P 1 -out pcliClones 
	-> Inputtype is BAM/CRAM
[multiReader] 93 samples in 93 input files
	-> SNP-filter using a pvalue: 1.000000e-06 correspond to 23.928127 likelihood units

[bcfoutput] 	Please add the following parameters 
		 '-gl 1 -dopost 1 -domajorminor 1 -domaf 1 -dobcf 1 --ignore-RG 0 -dogeno 1 -docounts 1'

	-> Inputtype is BAM/CRAM
	-> Parsing 93 number of samples 
	-> Printing at chr: h1tg000001l pos:707661 chunknumber 100 contains 103 sites
	-> Printing at chr: h1tg000001l pos:1306969 chunknumber 200 contains 36 sites
	-> Printing at chr: h1tg000003l pos:217251 chunknumber 300 contains 35 sites
	-> Printing at chr: h1tg000003l pos:817047 chunknumber 400 contains 36 sites
	-> Printing at chr: h1tg000003l pos:1554164 chunknumber 500 contains 72 sites
	-> Printing at chr: h1tg000006l pos:6509 chunknumber 600 contains 252 sites
	-> Printing at chr: h1tg000008l pos:21766 chunknumber 700 contains 324 sites
	-> Printing at chr: h1tg000009l pos:576574 chunknumber 800 contains 72 sites
	-> Printing at chr: h1tg000011l pos:174436 chunknumber 900 contains 107 sites
	-> Printing at chr: h1tg000011l pos:1363550 chunknumber 1000 contains 72 sites
	-> Printing at chr: h1tg000011l pos:3201472 chunknumber 1100 contains 101 sites
	-> Printing at chr: h1tg000014l pos:477520 chunknumber 1200 contains 36 sites
	-> Printing at chr: h1tg000015l pos:676460 chunknumber 1300 contains 174 sites
	-> Printing at chr: h1tg000015l pos:1509643 chunknumber 1400 contains 72 sites
	-> Printing at chr: h1tg000015l pos:2120176 chunknumber 1500 contains 36 sites
	-> Printing at chr: h1tg000016l pos:32113 chunknumber 1600 contains 36 sites
	-> Printing at chr: h1tg000017l pos:102757 chunknumber 1700 contains 108 sites
	-> Printing at chr: h1tg000017l pos:823183 chunknumber 1800 contains 36 sites
	-> Printing at chr: h1tg000019l pos:79229 chunknumber 1900 contains 36 sites
	-> Printing at chr: h1tg000020l pos:399809 chunknumber 2000 contains 71 sites
	-> Printing at chr: h1tg000021l pos:578533 chunknumber 2100 contains 38 sites
	-> Printing at chr: h1tg000021l pos:1157110 chunknumber 2200 contains 109 sites
	-> Printing at chr: h1tg000021l pos:2097427 chunknumber 2300 contains 72 sites
	-> Printing at chr: h1tg000022l pos:273991 chunknumber 2400 contains 179 sites
	-> Printing at chr: h1tg000023l pos:578156 chunknumber 2500 contains 72 sites
	-> Printing at chr: h1tg000024l pos:911948 chunknumber 2600 contains 175 sites
	-> Printing at chr: h1tg000026l pos:18113 chunknumber 2700 contains 73 sites
	-> Printing at chr: h1tg000028l pos:166243 chunknumber 2800 contains 72 sites
	-> Printing at chr: h1tg000031l pos:469963 chunknumber 2900 contains 36 sites
	-> Printing at chr: h1tg000033l pos:561537 chunknumber 3000 contains 81 sites
	-> Printing at chr: h1tg000034l pos:388148 chunknumber 3100 contains 72 sites
	-> Printing at chr: h1tg000034l pos:979993 chunknumber 3200 contains 70 sites
	-> Printing at chr: h1tg000036l pos:42629 chunknumber 3300 contains 72 sites
	-> Printing at chr: h1tg000037l pos:165888 chunknumber 3400 contains 36 sites
	-> Printing at chr: h1tg000037l pos:873041 chunknumber 3500 contains 36 sites
	-> Printing at chr: h1tg000037l pos:1557870 chunknumber 3600 contains 179 sites
	-> Printing at chr: h1tg000037l pos:2457060 chunknumber 3700 contains 179 sites
	-> Printing at chr: h1tg000038l pos:400855 chunknumber 3800 contains 214 sites
	-> Printing at chr: h1tg000039l pos:354692 chunknumber 3900 contains 3 sites
	-> Printing at chr: h1tg000040l pos:570772 chunknumber 4000 contains 36 sites
	-> Printing at chr: h1tg000042l pos:921764 chunknumber 4100 contains 168 sites
	-> Printing at chr: h1tg000042l pos:1544588 chunknumber 4200 contains 108 sites
	-> Printing at chr: h1tg000043l pos:651506 chunknumber 4300 contains 36 sites
	-> Printing at chr: h1tg000045l pos:293164 chunknumber 4400 contains 180 sites
	-> Printing at chr: h1tg000045l pos:1405908 chunknumber 4500 contains 217 sites
	-> Printing at chr: h1tg000050l pos:121320 chunknumber 4600 contains 73 sites
	-> Printing at chr: h1tg000050l pos:681295 chunknumber 4700 contains 36 sites
	-> Printing at chr: h1tg000051l pos:644038 chunknumber 4800 contains 72 sites
	-> Printing at chr: h1tg000052l pos:327091 chunknumber 4900 contains 36 sites
	-> Printing at chr: h1tg000052l pos:1035340 chunknumber 5000 contains 33 sites
	-> Printing at chr: h1tg000054l pos:127386 chunknumber 5100 contains 36 sites
	-> Printing at chr: h1tg000054l pos:759697 chunknumber 5200 contains 36 sites
	-> Printing at chr: h1tg000054l pos:1706677 chunknumber 5300 contains 33 sites
	-> Printing at chr: h1tg000055l pos:933228 chunknumber 5400 contains 250 sites
	-> Printing at chr: h1tg000055l pos:1997082 chunknumber 5500 contains 36 sites
	-> Printing at chr: h1tg000057l pos:161414 chunknumber 5600 contains 36 sites
	-> Printing at chr: h1tg000057l pos:693339 chunknumber 5700 contains 36 sites
	-> Printing at chr: h1tg000057l pos:1296918 chunknumber 5800 contains 36 sites
	-> Printing at chr: h1tg000059l pos:504360 chunknumber 5900 contains 36 sites
	-> Printing at chr: h1tg000063l pos:400655 chunknumber 6000 contains 70 sites
	-> Printing at chr: h1tg000064l pos:185080 chunknumber 6100 contains 72 sites
	-> Printing at chr: h1tg000066l pos:33310 chunknumber 6200 contains 104 sites
	-> Printing at chr: h1tg000067l pos:695647 chunknumber 6300 contains 42 sites
	-> Printing at chr: h1tg000068l pos:939536 chunknumber 6400 contains 36 sites
	-> Printing at chr: h1tg000069l pos:460439 chunknumber 6500 contains 36 sites
	-> Printing at chr: h1tg000070l pos:457965 chunknumber 6600 contains 108 sites
	-> Printing at chr: h1tg000071l pos:1155119 chunknumber 6700 contains 36 sites
	-> Printing at chr: h1tg000072l pos:479071 chunknumber 6800 contains 35 sites
	-> Printing at chr: h1tg000072l pos:1473996 chunknumber 6900 contains 144 sites
	-> Printing at chr: h1tg000073l pos:176606 chunknumber 7000 contains 36 sites
	-> Printing at chr: h1tg000075l pos:197004 chunknumber 7100 contains 108 sites
	-> Printing at chr: h1tg000075l pos:910485 chunknumber 7200 contains 161 sites
	-> Printing at chr: h1tg000076l pos:193203 chunknumber 7300 contains 36 sites
	-> Printing at chr: h1tg000077l pos:340431 chunknumber 7400 contains 70 sites
	-> Printing at chr: h1tg000077l pos:1084870 chunknumber 7500 contains 35 sites
	-> Printing at chr: h1tg000077l pos:1787858 chunknumber 7600 contains 285 sites
	-> Printing at chr: h1tg000078l pos:595043 chunknumber 7700 contains 36 sites
	-> Printing at chr: h1tg000079l pos:93255 chunknumber 7800 contains 71 sites
	-> Printing at chr: h1tg000080l pos:502114 chunknumber 7900 contains 69 sites
	-> Printing at chr: h1tg000082l pos:962576 chunknumber 8000 contains 285 sites
	-> Printing at chr: h1tg000083l pos:594935 chunknumber 8100 contains 72 sites
	-> Printing at chr: h1tg000084l pos:848868 chunknumber 8200 contains 54 sites
	-> Printing at chr: h1tg000085l pos:455643 chunknumber 8300 contains 72 sites
	-> Printing at chr: h1tg000085l pos:1120202 chunknumber 8400 contains 35 sites
	-> Printing at chr: h1tg000085l pos:1903312 chunknumber 8500 contains 288 sites
	-> Printing at chr: h1tg000087l pos:256219 chunknumber 8600 contains 36 sites
	-> Printing at chr: h1tg000089l pos:433062 chunknumber 8700 contains 144 sites
	-> Printing at chr: h1tg000089l pos:1056829 chunknumber 8800 contains 108 sites
	-> Printing at chr: h1tg000094l pos:278657 chunknumber 8900 contains 143 sites
	-> Printing at chr: h1tg000095l pos:2420 chunknumber 9000 contains 957 sites
	-> Printing at chr: h1tg000096l pos:271061 chunknumber 9100 contains 72 sites
	-> Printing at chr: h1tg000097l pos:429041 chunknumber 9200 contains 36 sites
	-> Printing at chr: h1tg000098l pos:163063 chunknumber 9300 contains 37 sites
	-> Printing at chr: h1tg000098l pos:718492 chunknumber 9400 contains 99 sites
	-> Printing at chr: h1tg000099l pos:556177 chunknumber 9500 contains 108 sites
	-> Printing at chr: h1tg000100l pos:560914 chunknumber 9600 contains 144 sites
	-> Printing at chr: h1tg000102l pos:467543 chunknumber 9700 contains 36 sites
	-> Printing at chr: h1tg000102l pos:1258397 chunknumber 9800 contains 102 sites
	-> Printing at chr: h1tg000103l pos:87868 chunknumber 9900 contains 36 sites
	-> Printing at chr: h1tg000104l pos:323683 chunknumber 10000 contains 34 sites
	-> Printing at chr: h1tg000104l pos:875416 chunknumber 10100 contains 179 sites
	-> Printing at chr: h1tg000105l pos:348105 chunknumber 10200 contains 108 sites
	-> Printing at chr: h1tg000105l pos:1509697 chunknumber 10300 contains 71 sites
	-> Printing at chr: h1tg000107l pos:686184 chunknumber 10400 contains 36 sites
	-> Printing at chr: h1tg000108l pos:531460 chunknumber 10500 contains 70 sites
	-> Printing at chr: h1tg000110l pos:191676 chunknumber 10600 contains 36 sites
	-> Printing at chr: h1tg000111l pos:648714 chunknumber 10700 contains 139 sites
	-> Printing at chr: h1tg000111l pos:1333789 chunknumber 10800 contains 36 sites
	-> Printing at chr: h1tg000114l pos:98070 chunknumber 10900 contains 36 sites
	-> Printing at chr: h1tg000115l pos:340521 chunknumber 11000 contains 107 sites
	-> Printing at chr: h1tg000117l pos:525100 chunknumber 11100 contains 78 sites
	-> Printing at chr: h1tg000117l pos:1216832 chunknumber 11200 contains 144 sites
	-> Printing at chr: h1tg000118l pos:583490 chunknumber 11300 contains 36 sites
	-> Printing at chr: h1tg000120l pos:13299 chunknumber 11400 contains 29 sites
	-> Printing at chr: h1tg000122l pos:41140 chunknumber 11500 contains 182 sites
	-> Printing at chr: h1tg000123l pos:499434 chunknumber 11600 contains 72 sites
	-> Printing at chr: h1tg000124l pos:453829 chunknumber 11700 contains 108 sites
	-> Printing at chr: h1tg000124l pos:977287 chunknumber 11800 contains 36 sites
	-> Printing at chr: h1tg000124l pos:1668014 chunknumber 11900 contains 72 sites
	-> Printing at chr: h1tg000125l pos:969282 chunknumber 12000 contains 72 sites
	-> Printing at chr: h1tg000126l pos:210792 chunknumber 12100 contains 142 sites
	-> Printing at chr: h1tg000128l pos:277146 chunknumber 12200 contains 138 sites
	-> Printing at chr: h1tg000132l pos:117533 chunknumber 12300 contains 72 sites
	-> Printing at chr: h1tg000132l pos:950060 chunknumber 12400 contains 108 sites
	-> Printing at chr: h1tg000133l pos:736313 chunknumber 12500 contains 36 sites
	-> Printing at chr: h1tg000133l pos:1351646 chunknumber 12600 contains 36 sites
	-> Printing at chr: h1tg000134l pos:425169 chunknumber 12700 contains 37 sites
	-> Printing at chr: h1tg000134l pos:962982 chunknumber 12800 contains 1 sites
	-> Printing at chr: h1tg000135l pos:685150 chunknumber 12900 contains 36 sites
	-> Printing at chr: h1tg000135l pos:1359521 chunknumber 13000 contains 36 sites
	-> Printing at chr: h1tg000135l pos:2014312 chunknumber 13100 contains 72 sites
	-> Printing at chr: h1tg000136l pos:480073 chunknumber 13200 contains 36 sites
	-> Printing at chr: h1tg000136l pos:1132406 chunknumber 13300 contains 103 sites
	-> Printing at chr: h1tg000137l pos:393829 chunknumber 13400 contains 36 sites
	-> Printing at chr: h1tg000138l pos:499006 chunknumber 13500 contains 36 sites
	-> Printing at chr: h1tg000140l pos:159705 chunknumber 13600 contains 36 sites
	-> Printing at chr: h1tg000140l pos:726601 chunknumber 13700 contains 36 sites
	-> Printing at chr: h1tg000140l pos:1489300 chunknumber 13800 contains 36 sites
	-> Printing at chr: h1tg000142l pos:115694 chunknumber 13900 contains 36 sites
	-> Printing at chr: h1tg000144l pos:167401 chunknumber 14000 contains 36 sites
	-> Printing at chr: h1tg000145l pos:254632 chunknumber 14100 contains 180 sites
	-> Printing at chr: h1tg000148l pos:177293 chunknumber 14200 contains 72 sites
	-> Printing at chr: h1tg000149l pos:189083 chunknumber 14300 contains 36 sites
	-> Printing at chr: h1tg000150l pos:460462 chunknumber 14400 contains 144 sites
	-> Printing at chr: h1tg000151l pos:481511 chunknumber 14500 contains 36 sites
	-> Printing at chr: h1tg000152l pos:3126 chunknumber 14600 contains 36 sites
	-> Printing at chr: h1tg000152l pos:611216 chunknumber 14700 contains 72 sites
	-> Printing at chr: h1tg000153l pos:192343 chunknumber 14800 contains 173 sites
	-> Printing at chr: h1tg000154l pos:287325 chunknumber 14900 contains 36 sites
	-> Printing at chr: h1tg000155l pos:321687 chunknumber 15000 contains 104 sites
	-> Printing at chr: h1tg000155l pos:1716478 chunknumber 15100 contains 36 sites
	-> Printing at chr: h1tg000155l pos:2464342 chunknumber 15200 contains 36 sites
	-> Printing at chr: h1tg000157l pos:1105607 chunknumber 15300 contains 249 sites
	-> Printing at chr: h1tg000158l pos:161199 chunknumber 15400 contains 36 sites
	-> Printing at chr: h1tg000161l pos:182578 chunknumber 15500 contains 72 sites
	-> Printing at chr: h1tg000163l pos:483100 chunknumber 15600 contains 36 sites
	-> Printing at chr: h1tg000163l pos:934355 chunknumber 15700 contains 71 sites
	-> Printing at chr: h1tg000163l pos:1481469 chunknumber 15800 contains 41 sites
	-> Printing at chr: h1tg000164l pos:398384 chunknumber 15900 contains 36 sites
	-> Printing at chr: h1tg000167l pos:95368 chunknumber 16000 contains 72 sites
	-> Printing at chr: h1tg000169l pos:554941 chunknumber 16100 contains 40 sites
	-> Printing at chr: h1tg000169l pos:1545457 chunknumber 16200 contains 144 sites
	-> Printing at chr: h1tg000169l pos:2241238 chunknumber 16300 contains 36 sites
	-> Printing at chr: h1tg000172l pos:1022395 chunknumber 16400 contains 71 sites
	-> Printing at chr: h1tg000174l pos:200976 chunknumber 16500 contains 108 sites
	-> Printing at chr: h1tg000174l pos:919579 chunknumber 16600 contains 36 sites
	-> Printing at chr: h1tg000176l pos:19265 chunknumber 16700 contains 36 sites
	-> Printing at chr: h1tg000176l pos:706029 chunknumber 16800 contains 143 sites
	-> Printing at chr: h1tg000180l pos:185165 chunknumber 16900 contains 36 sites
	-> Printing at chr: h1tg000182l pos:102125 chunknumber 17000 contains 72 sites
	-> Printing at chr: h1tg000183l pos:382018 chunknumber 17100 contains 180 sites
	-> Printing at chr: h1tg000183l pos:1054234 chunknumber 17200 contains 72 sites
	-> Printing at chr: h1tg000183l pos:1614588 chunknumber 17300 contains 108 sites
	-> Printing at chr: h1tg000186l pos:198431 chunknumber 17400 contains 181 sites
	-> Printing at chr: h1tg000187l pos:582209 chunknumber 17500 contains 64 sites
	-> Printing at chr: h1tg000189l pos:391367 chunknumber 17600 contains 36 sites
	-> Printing at chr: h1tg000190l pos:491551 chunknumber 17700 contains 72 sites
	-> Printing at chr: h1tg000191l pos:587166 chunknumber 17800 contains 36 sites
	-> Printing at chr: h1tg000193l pos:261931 chunknumber 17900 contains 70 sites
	-> Printing at chr: h1tg000194l pos:625187 chunknumber 18000 contains 72 sites
	-> Printing at chr: h1tg000195l pos:315367 chunknumber 18100 contains 54 sites
	-> Printing at chr: h1tg000198l pos:245753 chunknumber 18200 contains 144 sites
	-> Printing at chr: h1tg000200l pos:16488 chunknumber 18300 contains 144 sites
	-> Printing at chr: h1tg000202l pos:199216 chunknumber 18400 contains 108 sites
	-> Printing at chr: h1tg000203l pos:301686 chunknumber 18500 contains 432 sites
	-> Printing at chr: h1tg000204l pos:492896 chunknumber 18600 contains 365 sites
	-> Printing at chr: h1tg000207l pos:122603 chunknumber 18700 contains 36 sites
	-> Printing at chr: h1tg000208l pos:86179 chunknumber 18800 contains 72 sites
	-> Printing at chr: h1tg000209l pos:424466 chunknumber 18900 contains 72 sites
	-> Printing at chr: h1tg000210l pos:104344 chunknumber 19000 contains 36 sites
	-> Printing at chr: h1tg000210l pos:917508 chunknumber 19100 contains 39 sites
	-> Printing at chr: h1tg000211l pos:150090 chunknumber 19200 contains 36 sites
	-> Printing at chr: h1tg000211l pos:822541 chunknumber 19300 contains 72 sites
	-> Printing at chr: h1tg000212l pos:410395 chunknumber 19400 contains 36 sites
	-> Printing at chr: h1tg000212l pos:1042088 chunknumber 19500 contains 72 sites
	-> Printing at chr: h1tg000214l pos:282641 chunknumber 19600 contains 216 sites
	-> Printing at chr: h1tg000215l pos:75787 chunknumber 19700 contains 179 sites
	-> Printing at chr: h1tg000216l pos:169112 chunknumber 19800 contains 72 sites
	-> Printing at chr: h1tg000217l pos:347226 chunknumber 19900 contains 144 sites
	-> Printing at chr: h1tg000218l pos:620842 chunknumber 20000 contains 107 sites
	-> Printing at chr: h1tg000218l pos:1056695 chunknumber 20100 contains 208 sites
	-> Printing at chr: h1tg000222l pos:160148 chunknumber 20200 contains 65 sites
	-> Printing at chr: h1tg000222l pos:675193 chunknumber 20300 contains 108 sites
	-> Printing at chr: h1tg000222l pos:1236786 chunknumber 20400 contains 108 sites
	-> Printing at chr: h1tg000224l pos:217512 chunknumber 20500 contains 72 sites
	-> Printing at chr: h1tg000226l pos:683461 chunknumber 20600 contains 36 sites
	-> Printing at chr: h1tg000226l pos:1171524 chunknumber 20700 contains 36 sites
	-> Printing at chr: h1tg000227l pos:378330 chunknumber 20800 contains 36 sites
	-> Printing at chr: h1tg000227l pos:1041618 chunknumber 20900 contains 36 sites
	-> Printing at chr: h1tg000228l pos:463685 chunknumber 21000 contains 179 sites
	-> Printing at chr: h1tg000228l pos:1024965 chunknumber 21100 contains 215 sites
	-> Printing at chr: h1tg000228l pos:1636786 chunknumber 21200 contains 36 sites
	-> Printing at chr: h1tg000229l pos:77128 chunknumber 21300 contains 216 sites
	-> Printing at chr: h1tg000232l pos:201869 chunknumber 21400 contains 72 sites
	-> Printing at chr: h1tg000233l pos:202663 chunknumber 21500 contains 36 sites
	-> Printing at chr: h1tg000234l pos:369603 chunknumber 21600 contains 72 sites
	-> Printing at chr: h1tg000237l pos:98288 chunknumber 21700 contains 37 sites
	-> Printing at chr: h1tg000239l pos:124094 chunknumber 21800 contains 113 sites
	-> Printing at chr: h1tg000241l pos:94361 chunknumber 21900 contains 36 sites
	-> Printing at chr: h1tg000241l pos:705142 chunknumber 22000 contains 108 sites
	-> Printing at chr: h1tg000243l pos:281762 chunknumber 22100 contains 144 sites
	-> Printing at chr: h1tg000244l pos:81607 chunknumber 22200 contains 36 sites
	-> Printing at chr: h1tg000245l pos:202733 chunknumber 22300 contains 72 sites
	-> Printing at chr: h1tg000246l pos:464474 chunknumber 22400 contains 72 sites
	-> Printing at chr: h1tg000246l pos:1370442 chunknumber 22500 contains 76 sites
	-> Printing at chr: h1tg000247l pos:442764 chunknumber 22600 contains 72 sites
	-> Printing at chr: h1tg000249l pos:638889 chunknumber 22700 contains 236 sites
	-> Printing at chr: h1tg000250l pos:631427 chunknumber 22800 contains 36 sites
	-> Printing at chr: h1tg000252l pos:570207 chunknumber 22900 contains 72 sites
	-> Printing at chr: h1tg000252l pos:1335068 chunknumber 23000 contains 144 sites
	-> Printing at chr: h1tg000254l pos:191790 chunknumber 23100 contains 37 sites
	-> Printing at chr: h1tg000254l pos:876770 chunknumber 23200 contains 72 sites
	-> Printing at chr: h1tg000255l pos:468264 chunknumber 23300 contains 70 sites
	-> Printing at chr: h1tg000257l pos:255262 chunknumber 23400 contains 72 sites
	-> Printing at chr: h1tg000259l pos:59423 chunknumber 23500 contains 72 sites
	-> Printing at chr: h1tg000260l pos:213221 chunknumber 23600 contains 36 sites
	-> Printing at chr: h1tg000261l pos:373715 chunknumber 23700 contains 36 sites
	-> Printing at chr: h1tg000266l pos:187554 chunknumber 23800 contains 37 sites
	-> Printing at chr: h1tg000266l pos:999633 chunknumber 23900 contains 69 sites
	-> Printing at chr: h1tg000269l pos:49494 chunknumber 24000 contains 72 sites
	-> Printing at chr: h1tg000269l pos:777695 chunknumber 24100 contains 142 sites
	-> Printing at chr: h1tg000269l pos:1279945 chunknumber 24200 contains 36 sites
	-> Printing at chr: h1tg000270l pos:79300 chunknumber 24300 contains 108 sites
	-> Printing at chr: h1tg000271l pos:269056 chunknumber 24400 contains 60 sites
	-> Printing at chr: h1tg000271l pos:845619 chunknumber 24500 contains 249 sites
	-> Printing at chr: h1tg000273l pos:510803 chunknumber 24600 contains 106 sites
	-> Printing at chr: h1tg000278l pos:234619 chunknumber 24700 contains 75 sites
	-> Printing at chr: h1tg000278l pos:918152 chunknumber 24800 contains 72 sites
	-> Printing at chr: h1tg000279l pos:74999 chunknumber 24900 contains 36 sites
	-> Printing at chr: h1tg000280l pos:155382 chunknumber 25000 contains 36 sites
	-> Printing at chr: h1tg000281l pos:244747 chunknumber 25100 contains 36 sites
	-> Printing at chr: h1tg000282l pos:273131 chunknumber 25200 contains 36 sites
	-> Printing at chr: h1tg000284l pos:632994 chunknumber 25300 contains 36 sites
	-> Printing at chr: h1tg000286l pos:428399 chunknumber 25400 contains 247 sites
	-> Printing at chr: h1tg000288l pos:677798 chunknumber 25500 contains 36 sites
	-> Printing at chr: h1tg000288l pos:1443714 chunknumber 25600 contains 107 sites
	-> Printing at chr: h1tg000289l pos:697804 chunknumber 25700 contains 36 sites
	-> Printing at chr: h1tg000290l pos:245576 chunknumber 25800 contains 36 sites
	-> Printing at chr: h1tg000293l pos:155824 chunknumber 25900 contains 30 sites
	-> Printing at chr: h1tg000294l pos:494548 chunknumber 26000 contains 144 sites
	-> Printing at chr: h1tg000295l pos:785966 chunknumber 26100 contains 82 sites
	-> Printing at chr: h1tg000298l pos:213652 chunknumber 26200 contains 36 sites
	-> Printing at chr: h1tg000299l pos:418630 chunknumber 26300 contains 104 sites
	-> Printing at chr: h1tg000300l pos:428002 chunknumber 26400 contains 36 sites
	-> Printing at chr: h1tg000302l pos:476827 chunknumber 26500 contains 36 sites
	-> Printing at chr: h1tg000304l pos:208220 chunknumber 26600 contains 36 sites
	-> Printing at chr: h1tg000305l pos:5310 chunknumber 26700 contains 87 sites
	-> Printing at chr: h1tg000310l pos:48244 chunknumber 26800 contains 38 sites
	-> Printing at chr: h1tg000310l pos:632980 chunknumber 26900 contains 36 sites
	-> Printing at chr: h1tg000311l pos:265914 chunknumber 27000 contains 108 sites
	-> Printing at chr: h1tg000312l pos:87194 chunknumber 27100 contains 36 sites
	-> Printing at chr: h1tg000314l pos:298813 chunknumber 27200 contains 934 sites
	-> Printing at chr: h1tg000315l pos:436039 chunknumber 27300 contains 1 sites
	-> Printing at chr: h1tg000316l pos:742827 chunknumber 27400 contains 72 sites
	-> Printing at chr: h1tg000319l pos:114522 chunknumber 27500 contains 181 sites
	-> Printing at chr: h1tg000320l pos:465298 chunknumber 27600 contains 72 sites
	-> Printing at chr: h1tg000320l pos:1042137 chunknumber 27700 contains 36 sites
	-> Printing at chr: h1tg000321l pos:440014 chunknumber 27800 contains 36 sites
	-> Printing at chr: h1tg000323l pos:56170 chunknumber 27900 contains 36 sites
	-> Printing at chr: h1tg000325l pos:364048 chunknumber 28000 contains 71 sites
	-> Printing at chr: h1tg000327l pos:110328 chunknumber 28100 contains 72 sites
	-> Printing at chr: h1tg000328l pos:285067 chunknumber 28200 contains 140 sites
	-> Printing at chr: h1tg000329l pos:545180 chunknumber 28300 contains 142 sites
	-> Printing at chr: h1tg000330l pos:430280 chunknumber 28400 contains 36 sites
	-> Printing at chr: h1tg000331l pos:167210 chunknumber 28500 contains 36 sites
	-> Printing at chr: h1tg000334l pos:110163 chunknumber 28600 contains 36 sites
	-> Printing at chr: h1tg000335l pos:140654 chunknumber 28700 contains 72 sites
	-> Printing at chr: h1tg000342l pos:133538 chunknumber 28800 contains 69 sites
	-> Printing at chr: h1tg000346l pos:307380 chunknumber 28900 contains 249 sites
	-> Printing at chr: h1tg000352l pos:113956 chunknumber 29000 contains 178 sites
	-> Printing at chr: h1tg000353l pos:461156 chunknumber 29100 contains 36 sites
	-> Printing at chr: h1tg000355l pos:105592 chunknumber 29200 contains 219 sites
	-> Printing at chr: h1tg000355l pos:836877 chunknumber 29300 contains 36 sites
	-> Printing at chr: h1tg000355l pos:1434628 chunknumber 29400 contains 72 sites
	-> Printing at chr: h1tg000355l pos:1980177 chunknumber 29500 contains 36 sites
	-> Printing at chr: h1tg000355l pos:2574834 chunknumber 29600 contains 35 sites
	-> Printing at chr: h1tg000357l pos:211847 chunknumber 29700 contains 36 sites
	-> Printing at chr: h1tg000359l pos:373958 chunknumber 29800 contains 72 sites
	-> Printing at chr: h1tg000362l pos:86038 chunknumber 29900 contains 145 sites
	-> Printing at chr: h1tg000363l pos:142026 chunknumber 30000 contains 138 sites
	-> Printing at chr: h1tg000363l pos:698937 chunknumber 30100 contains 36 sites
	-> Printing at chr: h1tg000364l pos:408097 chunknumber 30200 contains 38 sites
	-> Printing at chr: h1tg000369l pos:172694 chunknumber 30300 contains 36 sites
	-> Printing at chr: h1tg000370l pos:488397 chunknumber 30400 contains 36 sites
	-> Printing at chr: h1tg000371l pos:473422 chunknumber 30500 contains 108 sites
	-> Printing at chr: h1tg000372l pos:316967 chunknumber 30600 contains 138 sites
	-> Printing at chr: h1tg000372l pos:1151175 chunknumber 30700 contains 36 sites
	-> Printing at chr: h1tg000373l pos:527714 chunknumber 30800 contains 36 sites
	-> Printing at chr: h1tg000377l pos:390001 chunknumber 30900 contains 37 sites
	-> Printing at chr: h1tg000377l pos:1007597 chunknumber 31000 contains 72 sites
	-> Printing at chr: h1tg000380l pos:484754 chunknumber 31100 contains 36 sites
	-> Printing at chr: h1tg000382l pos:53798 chunknumber 31200 contains 36 sites
	-> Printing at chr: h1tg000386l pos:10934 chunknumber 31300 contains 72 sites
	-> Printing at chr: h1tg000387l pos:153608 chunknumber 31400 contains 36 sites
	-> Printing at chr: h1tg000389l pos:475567 chunknumber 31500 contains 107 sites
	-> Printing at chr: h1tg000389l pos:1769863 chunknumber 31600 contains 387 sites
	-> Printing at chr: h1tg000391l pos:289627 chunknumber 31700 contains 72 sites
	-> Printing at chr: h1tg000395l pos:36555 chunknumber 31800 contains 36 sites
	-> Printing at chr: h1tg000397l pos:131408 chunknumber 31900 contains 216 sites
	-> Printing at chr: h1tg000398l pos:600562 chunknumber 32000 contains 36 sites
	-> Printing at chr: h1tg000399l pos:540569 chunknumber 32100 contains 36 sites
	-> Printing at chr: h1tg000400l pos:571953 chunknumber 32200 contains 70 sites
	-> Printing at chr: h1tg000402l pos:119246 chunknumber 32300 contains 36 sites
	-> Printing at chr: h1tg000402l pos:755022 chunknumber 32400 contains 36 sites
	-> Printing at chr: h1tg000404l pos:163986 chunknumber 32500 contains 80 sites
	-> Printing at chr: h1tg000405l pos:372465 chunknumber 32600 contains 72 sites
	-> Printing at chr: h1tg000406l pos:274773 chunknumber 32700 contains 75 sites
	-> Printing at chr: h1tg000408l pos:46183 chunknumber 32800 contains 176 sites
	-> Printing at chr: h1tg000410l pos:564010 chunknumber 32900 contains 36 sites
	-> Printing at chr: h1tg000412l pos:187034 chunknumber 33000 contains 141 sites
	-> Printing at chr: h1tg000412l pos:938529 chunknumber 33100 contains 144 sites
	-> Printing at chr: h1tg000413l pos:698291 chunknumber 33200 contains 144 sites
	-> Printing at chr: h1tg000418l pos:78535 chunknumber 33300 contains 36 sites
	-> Printing at chr: h1tg000420l pos:1357 chunknumber 33400 contains 143 sites
	-> Printing at chr: h1tg000420l pos:617155 chunknumber 33500 contains 72 sites
	-> Printing at chr: h1tg000421l pos:190093 chunknumber 33600 contains 36 sites
	-> Printing at chr: h1tg000422l pos:379007 chunknumber 33700 contains 36 sites
	-> Printing at chr: h1tg000429l pos:3407 chunknumber 33800 contains 243 sites
	-> Printing at chr: h1tg000430l pos:463314 chunknumber 33900 contains 40 sites
	-> Printing at chr: h1tg000431l pos:566857 chunknumber 34000 contains 36 sites
	-> Printing at chr: h1tg000431l pos:1118785 chunknumber 34100 contains 72 sites
	-> Printing at chr: h1tg000433l pos:330031 chunknumber 34200 contains 68 sites
	-> Printing at chr: h1tg000433l pos:826764 chunknumber 34300 contains 72 sites
	-> Printing at chr: h1tg000433l pos:1372052 chunknumber 34400 contains 2 sites
	-> Printing at chr: h1tg000437l pos:757557 chunknumber 34500 contains 72 sites
	-> Printing at chr: h1tg000439l pos:32400 chunknumber 34600 contains 38 sites
	-> Printing at chr: h1tg000439l pos:746807 chunknumber 34700 contains 72 sites
	-> Printing at chr: h1tg000444l pos:57414 chunknumber 34800 contains 32 sites
	-> Printing at chr: h1tg000445l pos:350715 chunknumber 34900 contains 72 sites
	-> Printing at chr: h1tg000446l pos:442077 chunknumber 35000 contains 35 sites
	-> Printing at chr: h1tg000448l pos:63094 chunknumber 35100 contains 287 sites
	-> Printing at chr: h1tg000450l pos:289601 chunknumber 35200 contains 72 sites
	-> Printing at chr: h1tg000450l pos:840509 chunknumber 35300 contains 36 sites
	-> Printing at chr: h1tg000451l pos:146869 chunknumber 35400 contains 3 sites
	-> Printing at chr: h1tg000453l pos:540912 chunknumber 35500 contains 69 sites
	-> Printing at chr: h1tg000458l pos:170778 chunknumber 35600 contains 38 sites
	-> Printing at chr: h1tg000461l pos:231491 chunknumber 35700 contains 72 sites
	-> Printing at chr: h1tg000462l pos:76620 chunknumber 35800 contains 114 sites
	-> Printing at chr: h1tg000463l pos:297307 chunknumber 35900 contains 34 sites
	-> Printing at chr: h1tg000467l pos:651649 chunknumber 36000 contains 176 sites
	-> Printing at chr: h1tg000468l pos:262460 chunknumber 36100 contains 71 sites
	-> Printing at chr: h1tg000472l pos:236625 chunknumber 36200 contains 36 sites
	-> Printing at chr: h1tg000473l pos:435097 chunknumber 36300 contains 36 sites
	-> Printing at chr: h1tg000478l pos:20082 chunknumber 36400 contains 321 sites
	-> Printing at chr: h1tg000481l pos:183994 chunknumber 36500 contains 36 sites
	-> Printing at chr: h1tg000481l pos:941336 chunknumber 36600 contains 214 sites
	-> Printing at chr: h1tg000483l pos:418258 chunknumber 36700 contains 180 sites
	-> Printing at chr: h1tg000487l pos:331754 chunknumber 36800 contains 42 sites
	-> Printing at chr: h1tg000488l pos:181125 chunknumber 36900 contains 280 sites
	-> Printing at chr: h1tg000495l pos:304600 chunknumber 37000 contains 37 sites
	-> Printing at chr: h1tg000497l pos:1023738 chunknumber 37100 contains 36 sites
	-> Printing at chr: h1tg000500l pos:468122 chunknumber 37200 contains 72 sites
	-> Printing at chr: h1tg000501l pos:508161 chunknumber 37300 contains 36 sites
	-> Printing at chr: h1tg000505l pos:341744 chunknumber 37400 contains 72 sites
	-> Printing at chr: h1tg000506l pos:1124241 chunknumber 37500 contains 36 sites
	-> Printing at chr: h1tg000508l pos:130439 chunknumber 37600 contains 144 sites
	-> Printing at chr: h1tg000509l pos:271870 chunknumber 37700 contains 72 sites
	-> Printing at chr: h1tg000511l pos:493287 chunknumber 37800 contains 140 sites
	-> Printing at chr: h1tg000513l pos:278193 chunknumber 37900 contains 36 sites
	-> Printing at chr: h1tg000514l pos:306250 chunknumber 38000 contains 36 sites
	-> Printing at chr: h1tg000520l pos:123497 chunknumber 38100 contains 72 sites
	-> Printing at chr: h1tg000521l pos:571036 chunknumber 38200 contains 36 sites
	-> Printing at chr: h1tg000522l pos:437114 chunknumber 38300 contains 35 sites
	-> Printing at chr: h1tg000523l pos:370598 chunknumber 38400 contains 216 sites
	-> Printing at chr: h1tg000526l pos:74428 chunknumber 38500 contains 33 sites
	-> Printing at chr: h1tg000528l pos:231815 chunknumber 38600 contains 36 sites
	-> Printing at chr: h1tg000530l pos:12410 chunknumber 38700 contains 69 sites
	-> Printing at chr: h1tg000532l pos:132668 chunknumber 38800 contains 253 sites
	-> Printing at chr: h1tg000535l pos:352172 chunknumber 38900 contains 36 sites
	-> Printing at chr: h1tg000537l pos:161911 chunknumber 39000 contains 216 sites
	-> Printing at chr: h1tg000543l pos:435496 chunknumber 39100 contains 72 sites
	-> Printing at chr: h1tg000547l pos:245623 chunknumber 39200 contains 36 sites
	-> Printing at chr: h1tg000551l pos:342822 chunknumber 39300 contains 36 sites
	-> Printing at chr: h1tg000551l pos:908128 chunknumber 39400 contains 36 sites
	-> Printing at chr: h1tg000552l pos:691147 chunknumber 39500 contains 2 sites
	-> Printing at chr: h1tg000557l pos:25350 chunknumber 39600 contains 36 sites
	-> Printing at chr: h1tg000560l pos:376818 chunknumber 39700 contains 105 sites
	-> Printing at chr: h1tg000563l pos:243546 chunknumber 39800 contains 98 sites
	-> Printing at chr: h1tg000565l pos:387708 chunknumber 39900 contains 108 sites
	-> Printing at chr: h1tg000568l pos:64040 chunknumber 40000 contains 72 sites
	-> Printing at chr: h1tg000569l pos:220797 chunknumber 40100 contains 30 sites
	-> Printing at chr: h1tg000569l pos:717635 chunknumber 40200 contains 107 sites
	-> Printing at chr: h1tg000571l pos:202405 chunknumber 40300 contains 36 sites
	-> Printing at chr: h1tg000573l pos:275975 chunknumber 40400 contains 71 sites
	-> Printing at chr: h1tg000576l pos:6819 chunknumber 40500 contains 143 sites
	-> Printing at chr: h1tg000577l pos:654438 chunknumber 40600 contains 36 sites
	-> Printing at chr: h1tg000584l pos:72609 chunknumber 40700 contains 72 sites
	-> Printing at chr: h1tg000585l pos:522221 chunknumber 40800 contains 236 sites
	-> Printing at chr: h1tg000586l pos:570855 chunknumber 40900 contains 38 sites
	-> Printing at chr: h1tg000590l pos:70733 chunknumber 41000 contains 72 sites
	-> Printing at chr: h1tg000593l pos:88150 chunknumber 41100 contains 108 sites
	-> Printing at chr: h1tg000595l pos:10367 chunknumber 41200 contains 36 sites
	-> Printing at chr: h1tg000596l pos:71360 chunknumber 41300 contains 36 sites
	-> Printing at chr: h1tg000601l pos:7287 chunknumber 41400 contains 547 sites
	-> Printing at chr: h1tg000604l pos:161624 chunknumber 41500 contains 72 sites
	-> Printing at chr: h1tg000609l pos:161427 chunknumber 41600 contains 252 sites
	-> Printing at chr: h1tg000609l pos:829693 chunknumber 41700 contains 105 sites
	-> Printing at chr: h1tg000611l pos:348709 chunknumber 41800 contains 72 sites
	-> Printing at chr: h1tg000614l pos:57436 chunknumber 41900 contains 40 sites
	-> Printing at chr: h1tg000615l pos:327879 chunknumber 42000 contains 179 sites
	-> Printing at chr: h1tg000618l pos:225895 chunknumber 42100 contains 31 sites
	-> Printing at chr: h1tg000620l pos:616831 chunknumber 42200 contains 210 sites
	-> Printing at chr: h1tg000626l pos:51245 chunknumber 42300 contains 36 sites
	-> Printing at chr: h1tg000628l pos:504263 chunknumber 42400 contains 98 sites
	-> Printing at chr: h1tg000630l pos:266357 chunknumber 42500 contains 36 sites
	-> Printing at chr: h1tg000634l pos:735571 chunknumber 42600 contains 108 sites
	-> Printing at chr: h1tg000641l pos:18295 chunknumber 42700 contains 36 sites
	-> Printing at chr: h1tg000645l pos:34598 chunknumber 42800 contains 109 sites
	-> Printing at chr: h1tg000653l pos:100154 chunknumber 42900 contains 252 sites
	-> Printing at chr: h1tg000657l pos:77891 chunknumber 43000 contains 68 sites
	-> Printing at chr: h1tg000662l pos:143240 chunknumber 43100 contains 106 sites
	-> Printing at chr: h1tg000663l pos:324311 chunknumber 43200 contains 36 sites
	-> Printing at chr: h1tg000673l pos:89647 chunknumber 43300 contains 36 sites
	-> Printing at chr: h1tg000673l pos:888085 chunknumber 43400 contains 37 sites
	-> Printing at chr: h1tg000677l pos:25048 chunknumber 43500 contains 36 sites
	-> Printing at chr: h1tg000678l pos:667698 chunknumber 43600 contains 33 sites
	-> Printing at chr: h1tg000684l pos:134532 chunknumber 43700 contains 36 sites
	-> Printing at chr: h1tg000685l pos:931541 chunknumber 43800 contains 108 sites
	-> Printing at chr: h1tg000687l pos:479811 chunknumber 43900 contains 36 sites
	-> Printing at chr: h1tg000690l pos:260481 chunknumber 44000 contains 72 sites
	-> Printing at chr: h1tg000692l pos:228517 chunknumber 44100 contains 36 sites
	-> Printing at chr: h1tg000697l pos:399216 chunknumber 44200 contains 208 sites
	-> Printing at chr: h1tg000698l pos:549954 chunknumber 44300 contains 36 sites
	-> Printing at chr: h1tg000699l pos:704359 chunknumber 44400 contains 142 sites
	-> Printing at chr: h1tg000702l pos:122109 chunknumber 44500 contains 72 sites
	-> Printing at chr: h1tg000705l pos:302287 chunknumber 44600 contains 72 sites
	-> Printing at chr: h1tg000707l pos:126033 chunknumber 44700 contains 72 sites
	-> Printing at chr: h1tg000711l pos:491094 chunknumber 44800 contains 36 sites
	-> Printing at chr: h1tg000713l pos:39581 chunknumber 44900 contains 72 sites
	-> Printing at chr: h1tg000718l pos:46241 chunknumber 45000 contains 3 sites
	-> Printing at chr: h1tg000724l pos:84246 chunknumber 45100 contains 36 sites
	-> Printing at chr: h1tg000726l pos:217629 chunknumber 45200 contains 36 sites
	-> Printing at chr: h1tg000726l pos:743911 chunknumber 45300 contains 36 sites
	-> Printing at chr: h1tg000731l pos:512783 chunknumber 45400 contains 32 sites
	-> Printing at chr: h1tg000733l pos:345127 chunknumber 45500 contains 72 sites
	-> Printing at chr: h1tg000739l pos:390407 chunknumber 45600 contains 36 sites
	-> Printing at chr: h1tg000741l pos:490126 chunknumber 45700 contains 107 sites
	-> Printing at chr: h1tg000750l pos:70282 chunknumber 45800 contains 72 sites
	-> Printing at chr: h1tg000755l pos:47656 chunknumber 45900 contains 105 sites
	-> Printing at chr: h1tg000767l pos:127941 chunknumber 46000 contains 72 sites
	-> Printing at chr: h1tg000776l pos:206081 chunknumber 46100 contains 36 sites
	-> Printing at chr: h1tg000784l pos:201007 chunknumber 46200 contains 288 sites
	-> Printing at chr: h1tg000792l pos:167029 chunknumber 46300 contains 107 sites
	-> Printing at chr: h1tg000797l pos:371209 chunknumber 46400 contains 66 sites
	-> Printing at chr: h1tg000804l pos:109767 chunknumber 46500 contains 36 sites
	-> Printing at chr: h1tg000813l pos:97126 chunknumber 46600 contains 36 sites
	-> Printing at chr: h1tg000814l pos:43425 chunknumber 46700 contains 5 sites
	-> Printing at chr: h1tg000825l pos:10605 chunknumber 46800 contains 108 sites
	-> Printing at chr: h1tg000829l pos:21834 chunknumber 46900 contains 106 sites
	-> Printing at chr: h1tg000835l pos:67377 chunknumber 47000 contains 36 sites
	-> Printing at chr: h1tg000839l pos:409609 chunknumber 47100 contains 69 sites
	-> Printing at chr: h1tg000846l pos:66062 chunknumber 47200 contains 72 sites
	-> Printing at chr: h1tg000854l pos:76476 chunknumber 47300 contains 182 sites
	-> Printing at chr: h1tg000862l pos:217500 chunknumber 47400 contains 36 sites
	-> Printing at chr: h1tg000871l pos:267253 chunknumber 47500 contains 36 sites
	-> Printing at chr: h1tg000875l pos:317398 chunknumber 47600 contains 37 sites
	-> Printing at chr: h1tg000883l pos:57685 chunknumber 47700 contains 73 sites
	-> Printing at chr: h1tg000889l pos:167972 chunknumber 47800 contains 36 sites
	-> Printing at chr: h1tg000898l pos:343603 chunknumber 47900 contains 71 sites
	-> Printing at chr: h1tg000904l pos:2183 chunknumber 48000 contains 721 sites
	-> Printing at chr: h1tg000921l pos:294349 chunknumber 48100 contains 105 sites
	-> Printing at chr: h1tg000934l pos:123317 chunknumber 48200 contains 36 sites
	-> Printing at chr: h1tg000945l pos:10918 chunknumber 48300 contains 37 sites
	-> Printing at chr: h1tg000959l pos:74912 chunknumber 48400 contains 80 sites
	-> Printing at chr: h1tg000967l pos:478226 chunknumber 48500 contains 36 sites
	-> Printing at chr: h1tg000974l pos:28832 chunknumber 48600 contains 72 sites
	-> Printing at chr: h1tg000984l pos:403339 chunknumber 48700 contains 141 sites
	-> Printing at chr: h1tg001004l pos:95715 chunknumber 48800 contains 140 sites
	-> Printing at chr: h1tg001029l pos:46108 chunknumber 48900 contains 36 sites
	-> Printing at chr: h1tg001058l pos:33528 chunknumber 49000 contains 108 sites
	-> Printing at chr: h1tg001065l pos:229979 chunknumber 49100 contains 36 sites
	-> Printing at chr: h1tg001073l pos:15436 chunknumber 49200 contains 36 sites
	-> Printing at chr: h1tg001084l pos:200403 chunknumber 49300 contains 36 sites
	-> Printing at chr: h1tg001106l pos:69179 chunknumber 49400 contains 31 sites
	-> Printing at chr: h1tg001121l pos:34000 chunknumber 49500 contains 68 sites
	-> Printing at chr: h1tg001156l pos:79094 chunknumber 49600 contains 62 sites
	-> Printing at chr: h1tg001180l pos:27011 chunknumber 49700 contains 36 sites
	-> Printing at chr: h1tg001201l pos:265 chunknumber 49800 contains 72 sites
	-> Printing at chr: h1tg001252l pos:178207 chunknumber 49900 contains 108 sites
	-> Printing at chr: h1tg001281l pos:77518 chunknumber 50000 contains 36 sites
	-> Printing at chr: h1tg001310l pos:123864 chunknumber 50100 contains 36 sites
	-> Printing at chr: h1tg001377l pos:69958 chunknumber 50200 contains 36 sites
	-> Printing at chr: h1tg001441l pos:109283 chunknumber 50300 contains 36 sites
	-> Printing at chr: h1tg001541l pos:19677 chunknumber 50400 contains 33 sites
	-> Printing at chr: h1tg001704l pos:40421 chunknumber 50500 contains 35 sites
	-> Printing at chr: h1tg001930l pos:18596 chunknumber 50600 contains 36 sites
	-> Printing at chr: h1tg002200l pos:1194 chunknumber 50700 contains 52 sites
	-> Printing at chr: h1tg002455l pos:5639 chunknumber 50800 contains 72 sites
	-> Printing at chr: h1tg003274l pos:15356 chunknumber 50900 contains 74 sites

	-> Done reading data waiting for calculations to finish
	-> Done waiting for threads
	-> Output filenames:
		->"pcliClones.arg"
		->"pcliClones.beagle.gz"
		->"pcliClones.mafs.gz"
		->"pcliClones.hwe.gz"
		->"pcliClones.geno.gz"
		->"pcliClones.snpStat.gz"
		->"pcliClones.ibs.gz"
		->"pcliClones.ibsMat"
		->"pcliClones.covMat"
		->"pcliClones.bcf"
	-> Wed Nov 12 11:27:15 2025
	-> Arguments and parameters for all analysis are located in .arg file
	-> Total number of sites analyzed: 4485360
	-> Number of sites retained after filtering: 14908 
	[ALL done] cpu-time used =  410.17 sec
	[ALL done] walltime used =  412.00 sec
