 1        1   (0)      1 :  0.0519 0.1000 0.2312 0.1241 0.0897 0.1057 0.0466 0.0062 0.0687 0.0412 0.0011 0.1337 
 2        2   (0)      1 :  0.0532 0.1029 0.1778 0.0000 0.0468 0.0207 0.0153 0.0315 0.0442 0.0081 0.0052 0.4944 
 3        3   (0)      1 :  0.0514 0.2593 0.0313 0.0000 0.1317 0.0000 0.0751 0.0000 0.1600 0.1604 0.0068 0.1239 
 4        4   (0)      1 :  0.0251 0.2675 0.0994 0.0147 0.1068 0.0564 0.2300 0.0227 0.0287 0.0235 0.0102 0.1152 
 5        5   (0)      1 :  0.0491 0.0164 0.2496 0.0148 0.1627 0.0447 0.1649 0.0306 0.1257 0.0148 0.0005 0.1262 
 6        6   (0)      1 :  0.1428 0.1501 0.1220 0.0351 0.0947 0.0022 0.1012 0.0017 0.1011 0.0477 0.0187 0.1827 
 7        7   (0)      1 :  0.0708 0.1809 0.1406 0.0000 0.0990 0.0249 0.0877 0.0000 0.1388 0.0087 0.0031 0.2454 
 8        8   (0)      2 :  0.1541 0.0736 0.1539 0.0000 0.0689 0.1415 0.1635 0.0417 0.0652 0.0202 0.0000 0.1175 
 9        9   (0)      2 :  0.0000 0.0000 0.0000 0.0000 0.0000 1.0000 0.0000 0.0000 0.0000 0.0000 0.0000 0.0000 
10       10   (0)      2 :  0.0000 0.0000 0.0000 0.0000 0.0000 1.0000 0.0000 0.0000 0.0000 0.0000 0.0000 0.0000 
11       11   (0)      2 :  0.0000 0.0000 0.0000 0.0863 0.0000 0.9137 0.0000 0.0000 0.0000 0.0000 0.0000 0.0000 
12       12   (0)      2 :  0.0056 0.4662 0.1127 0.0000 0.0773 0.0000 0.0716 0.0021 0.0168 0.0324 0.0061 0.2091 
13       13   (0)      2 :  0.2753 0.0073 0.1297 0.0000 0.1170 0.0200 0.0800 0.0405 0.1646 0.0615 0.0000 0.1041 
14       14   (0)      3 :  0.0295 0.3134 0.0487 0.0000 0.0947 0.0224 0.1643 0.0000 0.0889 0.0452 0.0000 0.1928 
15       15   (0)      3 :  0.0026 0.4455 0.1113 0.0039 0.0945 0.0012 0.0081 0.0234 0.0106 0.0386 0.0008 0.2594 
16       16   (0)      3 :  0.0000 0.6740 0.0511 0.0000 0.0664 0.0200 0.0407 0.0018 0.0411 0.0263 0.0000 0.0786 
17       17   (0)      3 :  0.1000 0.1200 0.0400 0.0000 0.2200 0.0400 0.2800 0.0400 0.0600 0.1000 0.0000 0.0000 
18       18   (0)      4 :  0.1794 0.0469 0.0942 0.0014 0.0831 0.0100 0.0564 0.0441 0.1862 0.0057 0.0157 0.2769 
19       19   (0)      4 :  0.1860 0.1205 0.1664 0.0030 0.1704 0.0164 0.0332 0.0010 0.1648 0.0335 0.0000 0.1048 
20       20   (0)      4 :  0.0429 0.0935 0.0634 0.0004 0.0417 0.0026 0.0830 0.0221 0.0550 0.1355 0.0000 0.4599 
21       21   (0)      4 :  0.2045 0.0731 0.1837 0.0003 0.1988 0.0542 0.0787 0.0070 0.1260 0.0023 0.0008 0.0707 
22       22   (0)      4 :  0.2166 0.0930 0.0989 0.0000 0.1529 0.0029 0.0472 0.0000 0.1892 0.0846 0.0032 0.1116 
23       23   (0)      4 :  0.0322 0.0655 0.3582 0.0001 0.1382 0.0730 0.2032 0.0098 0.0678 0.0312 0.0007 0.0200 
24       24   (0)      4 :  0.1266 0.0940 0.0877 0.0000 0.1419 0.0420 0.1130 0.0053 0.1861 0.0512 0.0000 0.1521 
25       25   (0)      4 :  0.2339 0.0813 0.0055 0.0000 0.0770 0.0048 0.0742 0.0017 0.2360 0.0790 0.0000 0.2068 
26       26   (0)      4 :  0.4072 0.0078 0.0482 0.0162 0.0690 0.0779 0.1055 0.0190 0.2082 0.0140 0.0000 0.0271 
27       27   (0)      4 :  0.0479 0.2015 0.1507 0.0000 0.0722 0.0260 0.3474 0.0042 0.0377 0.0141 0.0014 0.0969 
28       28   (0)      4 :  0.0523 0.0556 0.0280 0.0043 0.0866 0.0601 0.0724 0.1126 0.1148 0.1181 0.0382 0.2569 
29       29   (0)      4 :  0.1853 0.0125 0.1104 0.0158 0.0589 0.0736 0.1805 0.0143 0.0804 0.0193 0.0040 0.2451 
30       30   (0)      4 :  0.0635 0.0644 0.1094 0.0000 0.1191 0.0293 0.1153 0.0037 0.1274 0.0118 0.0068 0.3493 
31       31   (0)      4 :  0.0600 0.6600 0.0000 0.0000 0.0400 0.0200 0.1200 0.0200 0.0400 0.0400 0.0000 0.0000 
32       32   (0)      4 :  0.1457 0.0694 0.0034 0.0000 0.1127 0.0600 0.4464 0.0200 0.0486 0.0706 0.0000 0.0232 
33       33   (0)      4 :  0.0770 0.1432 0.0011 0.0000 0.1040 0.1223 0.1350 0.0249 0.1878 0.0578 0.0208 0.1261 
34       34   (0)      5 :  0.2417 0.0704 0.0244 0.0047 0.0884 0.0092 0.0841 0.0095 0.2743 0.0467 0.0000 0.1468 
35       35   (0)      6 :  0.0127 0.1577 0.1225 0.0102 0.0424 0.0568 0.0187 0.0478 0.0490 0.0018 0.0003 0.4801 
36       36   (0)      6 :  0.0226 0.0608 0.6162 0.0000 0.0899 0.1067 0.0203 0.0048 0.0342 0.0202 0.0002 0.0241 
37       37   (0)      6 :  0.0000 0.0000 0.0200 0.0000 0.0000 0.0400 0.0000 0.9400 0.0000 0.0000 0.0000 0.0000 
38       38   (0)      6 :  0.0451 0.0764 0.0605 0.0000 0.1486 0.1628 0.0567 0.0213 0.2545 0.0362 0.0000 0.1379 
39       39   (0)      6 :  0.4830 0.0025 0.0400 0.0002 0.1134 0.0024 0.1549 0.0406 0.0743 0.0642 0.0000 0.0245 
40       40   (0)      6 :  0.1316 0.1050 0.0142 0.0131 0.1177 0.0277 0.1347 0.0129 0.3518 0.0270 0.0000 0.0642 
41       41   (0)      6 :  0.0000 0.0000 0.0000 1.0000 0.0000 0.0000 0.0000 0.0000 0.0000 0.0000 0.0000 0.0000 
42       42   (0)      6 :  0.0526 0.2187 0.0684 0.0028 0.1212 0.0200 0.1465 0.0338 0.1739 0.0748 0.0000 0.0873 
43       43   (0)      6 :  0.0097 0.2540 0.1569 0.0006 0.0833 0.0194 0.0259 0.0000 0.0424 0.0276 0.0073 0.3730 
44       44   (0)      6 :  0.0806 0.1426 0.1160 0.0223 0.0903 0.0407 0.1558 0.0052 0.1004 0.0554 0.0027 0.1879 
45       45   (0)      6 :  0.0366 0.0242 0.3005 0.0000 0.0833 0.0243 0.0475 0.0009 0.2420 0.0830 0.0049 0.1528 
46       46   (0)      6 :  0.0000 0.0000 0.0000 0.0000 0.0000 0.0000 0.0000 0.0000 0.0000 0.0000 1.0000 0.0000 
47       47   (0)      6 :  0.0200 0.0441 0.6617 0.0000 0.0040 0.0613 0.0000 0.0000 0.0800 0.0813 0.0205 0.0270 
48       48   (0)      6 :  0.1921 0.1932 0.0494 0.0000 0.0751 0.0200 0.1175 0.0105 0.2683 0.0286 0.0070 0.0384 
49       49   (0)      6 :  0.0000 0.0000 0.0000 1.0000 0.0000 0.0000 0.0000 0.0000 0.0000 0.0000 0.0000 0.0000 
50       50   (0)      6 :  0.2887 0.0575 0.0422 0.0000 0.1354 0.0240 0.3113 0.0248 0.0495 0.0585 0.0000 0.0082 
51       51   (0)      6 :  0.1022 0.0592 0.1017 0.0621 0.0949 0.0703 0.1048 0.0263 0.1292 0.0439 0.0106 0.1947 
52       52   (0)      6 :  0.0000 0.0000 0.0000 0.0000 0.0000 0.0000 0.0000 0.0000 0.0000 0.0000 1.0000 0.0000 
53       53   (0)      6 :  0.1407 0.1156 0.0306 0.0000 0.0505 0.0294 0.3766 0.0048 0.0600 0.0827 0.0000 0.1090 
54       54   (0)      6 :  0.3451 0.0000 0.0000 0.0000 0.1062 0.0213 0.0529 0.0200 0.3633 0.0880 0.0003 0.0029 
55       55   (0)      6 :  0.0490 0.0794 0.1031 0.0000 0.1655 0.0784 0.0421 0.0125 0.3392 0.0500 0.0007 0.0799 
56       56   (0)      6 :  0.1201 0.0263 0.0909 0.0000 0.1000 0.0433 0.0000 0.0218 0.4580 0.0800 0.0000 0.0596 
57       57   (0)      6 :  0.1031 0.0200 0.0086 0.0000 0.0326 0.0000 0.6131 0.0000 0.0800 0.0200 0.0000 0.1227 
58       58   (0)      7 :  0.2224 0.0117 0.0731 0.0000 0.2343 0.1000 0.0923 0.0205 0.1326 0.0731 0.0000 0.0400 
59       59   (0)      7 :  0.0410 0.2211 0.2555 0.0000 0.2149 0.0509 0.0464 0.0059 0.1340 0.0039 0.0000 0.0265 
60       60   (0)      7 :  0.0048 0.0557 0.5024 0.0005 0.1134 0.0000 0.0278 0.0009 0.0473 0.0217 0.0013 0.2242 
61       61   (0)      7 :  0.1652 0.0181 0.0213 0.0000 0.1281 0.2693 0.1916 0.0133 0.1415 0.0051 0.0000 0.0466 
62       62   (0)      7 :  0.0000 0.0000 0.0200 0.0000 0.0000 0.0400 0.0000 0.9400 0.0000 0.0000 0.0000 0.0000 
63       63   (0)      7 :  0.1678 0.1074 0.0400 0.0038 0.1326 0.1522 0.0370 0.0000 0.0361 0.0884 0.0000 0.2348 
64       64   (0)      8 :  0.1075 0.2184 0.0291 0.0017 0.0761 0.0654 0.1689 0.0103 0.1187 0.0200 0.0066 0.1773 
65       65   (0)      8 :  0.0146 0.1016 0.2485 0.0002 0.1654 0.0595 0.0313 0.0016 0.2514 0.0702 0.0079 0.0480 
66       66   (0)      9 :  0.2323 0.0953 0.0216 0.0000 0.1094 0.0357 0.0378 0.0050 0.2177 0.0581 0.0003 0.1869 
67       67   (0)     10 :  0.1036 0.3053 0.0485 0.0065 0.1307 0.0125 0.0765 0.0207 0.0722 0.0259 0.0000 0.1974 
68       68   (0)     10 :  0.0550 0.2487 0.0604 0.0000 0.1035 0.0191 0.1363 0.0006 0.1117 0.0660 0.0043 0.1944 
69       69   (0)     10 :  0.3529 0.0508 0.0096 0.0000 0.0619 0.0036 0.0512 0.0475 0.1354 0.1820 0.0224 0.0828 
70       70   (0)     10 :  0.2584 0.0498 0.0408 0.0000 0.1392 0.0447 0.0883 0.0145 0.1529 0.0737 0.0070 0.1307 
71       71   (0)     10 :  0.2919 0.0848 0.0371 0.0001 0.0452 0.1437 0.1409 0.0034 0.1981 0.0000 0.0000 0.0549 
72       72   (0)     10 :  0.4388 0.0549 0.0592 0.0002 0.0959 0.0581 0.0808 0.0007 0.1166 0.0000 0.0000 0.0947 
73       73   (0)     10 :  0.2686 0.0623 0.0364 0.0040 0.0276 0.0734 0.1752 0.0214 0.1669 0.0118 0.0020 0.1503 
74       74   (0)     10 :  0.0000 0.0000 0.0000 0.0000 0.0000 0.0200 0.0000 0.0400 0.0000 0.9400 0.0000 0.0000 
75       75   (0)     10 :  0.6090 0.0525 0.0010 0.0000 0.0871 0.0031 0.0739 0.0280 0.0244 0.0328 0.0030 0.0852 
76       76   (0)     10 :  0.0000 0.0000 0.0000 0.0000 0.0000 0.0200 0.0000 0.0400 0.0000 0.9400 0.0000 0.0000 
