1        1   (0)      1  : 0.0000 0.2043 0.1491 0.0000 0.4902 0.0000 0.0493 0.1070
2        2   (0)      1  : 0.4581 0.0000 0.0000 0.0311 0.0115 0.4728 0.0062 0.0203
3        3   (0)      1  : 0.0000 0.1666 0.0000 0.0000 0.0577 0.0000 0.1111 0.6646
4        4   (0)      1  : 0.0000 0.3670 0.0000 0.0000 0.3455 0.0000 0.0040 0.2835
5        5   (0)      1  : 0.0036 0.2635 0.0000 0.0015 0.1483 0.0000 0.0000 0.5830
6        6   (0)      1  : 0.6444 0.0034 0.0000 0.0068 0.0252 0.3202 0.0000 0.0000
7        7   (0)      1  : 0.0000 0.3891 0.0000 0.0000 0.3201 0.0087 0.1105 0.1716
8        8   (0)      1  : 0.6466 0.0082 0.0000 0.0000 0.0187 0.3265 0.0000 0.0000
9        9   (0)      1  : 0.0000 0.4320 0.0000 0.0000 0.4122 0.0000 0.0000 0.1558
10       10   (0)      2  : 0.0000 0.2222 0.0000 0.0000 0.6667 0.0000 0.0000 0.1111
11       11   (0)      2  : 0.0000 0.0000 0.0000 0.0000 0.9039 0.0000 0.0000 0.0961
12       12   (0)      2  : 0.7496 0.0045 0.0000 0.0011 0.0000 0.2448 0.0000 0.0000
13       13   (0)      3  : 0.0000 0.0934 0.0000 0.0000 0.6570 0.0000 0.1153 0.1343
14       14   (0)      3  : 0.0000 0.0000 0.0000 1.0000 0.0000 0.0000 0.0000 0.0000
15       15   (0)      3  : 0.2614 0.0000 0.0156 0.0004 0.0000 0.7033 0.0193 0.0000
16       16   (0)      3  : 0.0000 0.0000 1.0000 0.0000 0.0000 0.0000 0.0000 0.0000
17       17   (0)      4  : 0.0003 0.0000 0.5879 0.4118 0.0000 0.0000 0.0000 0.0000
18       18   (0)      4  : 0.4379 0.0096 0.0006 0.0214 0.0082 0.5022 0.0169 0.0032
19       19   (0)      5  : 0.1435 0.0000 0.0000 0.0000 0.0043 0.8497 0.0025 0.0000
20       20   (0)      5  : 0.0000 0.0000 0.0000 0.0421 0.0000 0.0000 0.9579 0.0000
21       21   (0)      5  : 0.0000 0.4782 0.0000 0.0000 0.1420 0.0052 0.0039 0.3708
22       22   (0)      5  : 0.0031 0.1554 0.0000 0.0000 0.4159 0.0000 0.0407 0.3850
23       23   (0)      5  : 0.0000 0.2520 0.0000 0.0000 0.0293 0.0000 0.1111 0.6075
24       24   (0)      5  : 0.0000 0.2893 0.0000 0.0114 0.3657 0.0000 0.1111 0.2225
25       25   (0)      5  : 0.0000 0.3625 0.0598 0.0012 0.2507 0.0000 0.0895 0.2362
26       26   (0)      5  : 0.1699 0.2410 0.0000 0.0000 0.0826 0.3271 0.0353 0.1442
27       27   (0)      5  : 0.0000 0.0000 1.0000 0.0000 0.0000 0.0000 0.0000 0.0000
28       28   (0)      5  : 0.0000 0.0000 1.0000 0.0000 0.0000 0.0000 0.0000 0.0000
29       29   (0)      5  : 0.3835 0.0000 0.0325 0.0328 0.0000 0.5513 0.0000 0.0000
30       30   (0)      5  : 0.5359 0.0020 0.0000 0.0016 0.0000 0.4605 0.0000 0.0000
31       31   (0)      5  : 0.3078 0.0796 0.0000 0.0025 0.2796 0.1821 0.0787 0.0697
32       32   (0)      5  : 0.0000 0.5720 0.0000 0.0000 0.0756 0.0000 0.0381 0.3142
33       33   (0)      5  : 0.5920 0.0198 0.0000 0.0063 0.0085 0.3655 0.0079 0.0000
34       34   (0)      5  : 0.6048 0.0000 0.0000 0.0029 0.0000 0.3793 0.0130 0.0000
35       35   (0)      5  : 0.6085 0.0000 0.0000 0.0075 0.0000 0.3803 0.0033 0.0004
36       36   (0)      6  : 0.7202 0.0000 0.0483 0.0000 0.0013 0.2231 0.0070 0.0000
37       37   (0)      6  : 0.0000 0.0000 1.0000 0.0000 0.0000 0.0000 0.0000 0.0000
38       38   (0)      6  : 0.1562 0.0000 0.0000 0.0029 0.0000 0.8409 0.0000 0.0000
39       39   (0)      6  : 0.4182 0.1070 0.0000 0.0000 0.2622 0.1211 0.0196 0.0720
40       40   (0)      6  : 0.7196 0.0000 0.0000 0.0000 0.0067 0.2698 0.0038 0.0000
41       41   (0)      6  : 0.8054 0.0043 0.0000 0.0204 0.0000 0.1567 0.0050 0.0082
42       42   (0)      6  : 0.5734 0.0275 0.0000 0.0046 0.0224 0.3720 0.0000 0.0000
43       43   (0)      6  : 0.4345 0.0248 0.0000 0.0252 0.0072 0.4839 0.0011 0.0232
44       44   (0)      6  : 0.6580 0.0000 0.0000 0.0190 0.0000 0.3198 0.0032 0.0000
45       45   (0)      6  : 0.7173 0.0000 0.0000 0.0000 0.0000 0.2827 0.0000 0.0000
46       46   (0)      6  : 0.0000 0.0000 0.0000 0.0467 0.0000 0.0000 0.9533 0.0000
47       47   (0)      6  : 0.3384 0.0087 0.0000 0.0000 0.0014 0.6501 0.0000 0.0013
48       48   (0)      7  : 0.6706 0.0000 0.0000 0.0033 0.0000 0.3261 0.0000 0.0000
49       49   (0)      7  : 0.1752 0.3579 0.0001 0.0000 0.0596 0.2182 0.0230 0.1660
50       50   (0)      7  : 0.5018 0.0000 0.0000 0.0000 0.0164 0.4774 0.0000 0.0045
51       51   (0)      8  : 0.5992 0.0000 0.0715 0.0000 0.0000 0.3201 0.0091 0.0000
52       52   (0)      8  : 0.7313 0.0000 0.1785 0.0000 0.0000 0.0902 0.0000 0.0000
53       53   (0)      9  : 0.5829 0.0000 0.0000 0.0072 0.0000 0.4099 0.0000 0.0000
54       54   (0)     10  : 0.5339 0.0000 0.0000 0.0000 0.0000 0.4661 0.0000 0.0000
55       55   (0)     10  : 0.0000 0.1111 0.0000 0.0000 0.7233 0.0000 0.0545 0.1111
56       56   (0)     10  : 0.0000 0.0000 1.0000 0.0000 0.0000 0.0000 0.0000 0.0000
57       57   (0)     10  : 0.1142 0.0000 0.0000 0.0060 0.0000 0.8798 0.0000 0.0000
58       58   (0)     11  : 0.5231 0.0018 0.1057 0.0000 0.0000 0.3539 0.0045 0.0111
59       59   (0)     11  : 0.0044 0.3064 0.0821 0.0000 0.2504 0.0000 0.0560 0.3008
60       60   (0)     11  : 0.0430 0.0000 0.9084 0.0000 0.0000 0.0203 0.0283 0.0000
61       61   (0)     11  : 0.6805 0.0000 0.0000 0.0000 0.0000 0.3195 0.0000 0.0000
62       62   (0)     11  : 0.3708 0.0000 0.0184 0.0000 0.0000 0.6108 0.0000 0.0000
63       63   (0)     11  : 0.4951 0.0000 0.2924 0.0000 0.0000 0.2125 0.0000 0.0000
64       64   (0)     11  : 0.5645 0.0000 0.0111 0.0093 0.0000 0.4098 0.0054 0.0000
65       65   (0)     11  : 0.0000 0.0000 1.0000 0.0000 0.0000 0.0000 0.0000 0.0000
66       66   (0)     11  : 0.4715 0.0000 0.0444 0.0000 0.0000 0.4842 0.0000 0.0000
67       67   (0)     11  : 0.0000 0.6020 0.0000 0.0000 0.0000 0.0000 0.1111 0.2869
68       68   (0)     11  : 0.0000 0.3606 0.4350 0.0000 0.0002 0.0000 0.0289 0.1753
69       69   (0)     11  : 0.1632 0.0000 0.5125 0.0000 0.0000 0.3243 0.0000 0.0000
70       70   (0)     11  : 0.3148 0.0000 0.0000 0.0000 0.0000 0.6824 0.0000 0.0028
71       71   (0)     11  : 0.0000 0.3905 0.1698 0.0000 0.1895 0.0000 0.0408 0.2094
72       72   (0)     12  : 0.0030 0.4935 0.0000 0.0000 0.1458 0.0000 0.0005 0.3572
73       73   (0)     12  : 0.0000 0.2226 0.0000 0.0000 0.0725 0.0000 0.1111 0.5938
74       74   (0)     12  : 0.0000 0.4123 0.0000 0.0000 0.0000 0.0000 0.1111 0.4766
75       75   (0)     12  : 0.2555 0.1593 0.1229 0.0000 0.1342 0.1414 0.0224 0.1644
76       76   (0)     12  : 0.0000 0.5697 0.0050 0.0000 0.0248 0.0000 0.1088 0.2916
77       77   (0)     12  : 0.6488 0.0064 0.0000 0.0005 0.0044 0.3252 0.0000 0.0147
78       78   (0)     12  : 0.6921 0.0231 0.0292 0.0000 0.0077 0.2211 0.0088 0.0180
79       79   (0)     12  : 0.0000 0.1803 0.0000 0.0000 0.1051 0.0000 0.0147 0.7000
80       80   (0)     12  : 0.5223 0.0033 0.1173 0.0000 0.0217 0.3257 0.0000 0.0098
81       81   (0)     13  : 0.0000 0.0000 1.0000 0.0000 0.0000 0.0000 0.0000 0.0000
82       82   (0)     13  : 0.0000 0.1476 0.0000 0.0037 0.5154 0.0000 0.0000 0.3333
83       83   (0)     13  : 0.0000 0.3318 0.0564 0.0000 0.2873 0.0000 0.0000 0.3246
84       84   (0)     13  : 0.0000 0.9464 0.0000 0.0000 0.0000 0.0000 0.0231 0.0305
85       85   (0)     13  : 0.0000 0.2097 0.0000 0.0013 0.5591 0.0000 0.0736 0.1563
86       86   (0)     13  : 0.0000 0.2776 0.0104 0.0000 0.4583 0.0000 0.0035 0.2502
87       87   (0)     13  : 0.3916 0.0157 0.0000 0.0000 0.0048 0.5527 0.0109 0.0244
88       88   (0)     13  : 0.0000 0.5591 0.0000 0.0000 0.2967 0.0000 0.1147 0.0295
89       89   (0)     13  : 0.0000 0.3611 0.0000 0.0000 0.1612 0.0000 0.0000 0.4777
90       90   (0)     13  : 0.0000 0.1461 0.0000 0.0000 0.5666 0.0000 0.0005 0.2868
91       91   (0)     13  : 0.0000 0.3870 0.3908 0.0000 0.1336 0.0000 0.0682 0.0204
92       92   (0)     13  : 0.0079 0.3145 0.0000 0.0000 0.2650 0.0041 0.1111 0.2974
93       93   (0)     13  : 0.3980 0.0000 0.0000 0.0000 0.0164 0.5548 0.0000 0.0309
94       94   (0)     13  : 0.0000 0.5497 0.0000 0.0000 0.3881 0.0000 0.0000 0.0622
95       95   (0)     14  : 0.2616 0.0036 0.0000 0.0167 0.0021 0.7089 0.0025 0.0045
96       96   (0)     14  : 0.0000 0.1855 0.0000 0.0000 0.7287 0.0000 0.0002 0.0856
97       97   (0)     15  : 0.0000 0.0000 1.0000 0.0000 0.0000 0.0000 0.0000 0.0000
98       98   (0)     15  : 0.4058 0.0000 0.0000 0.0000 0.0000 0.5913 0.0029 0.0000
99       99   (0)     15  : 0.0000 0.1567 0.0000 0.5268 0.1222 0.0000 0.0000 0.1943
100      100   (0)     15  : 0.5115 0.0000 0.0000 0.0096 0.0000 0.4780 0.0008 0.0000
101      101   (0)     15  : 0.0000 0.0000 0.0000 1.0000 0.0000 0.0000 0.0000 0.0000
102      102   (0)     15  : 0.2989 0.0000 0.0000 0.0183 0.0000 0.6814 0.0015 0.0000
103      103   (0)     15  : 0.2152 0.0306 0.0000 0.0199 0.0162 0.7106 0.0000 0.0074
104      104   (0)     15  : 0.0000 0.0000 0.0000 1.0000 0.0000 0.0000 0.0000 0.0000
105      105   (0)     15  : 0.0000 0.0000 0.0000 1.0000 0.0000 0.0000 0.0000 0.0000
