1        1   (0)      1  : 0.3457 0.0000 0.0000 0.2546 0.0000 0.2489 0.0000 0.1288 0.0221 0.0000
2        2   (0)      1  : 0.0000 0.0058 0.0619 0.0000 0.0743 0.0000 0.0051 0.7874 0.0498 0.0157
3        3   (0)      1  : 0.2690 0.0000 0.0000 0.0235 0.0000 0.1280 0.0000 0.0769 0.5025 0.0000
4        4   (0)      1  : 0.0496 0.0000 0.0000 0.1249 0.0000 0.1647 0.0000 0.0769 0.5838 0.0000
5        5   (0)      1  : 0.1598 0.0000 0.0000 0.2061 0.0000 0.0199 0.0000 0.0394 0.5748 0.0000
6        6   (0)      1  : 0.2977 0.0000 0.0000 0.2281 0.0000 0.1771 0.0000 0.0172 0.2798 0.0000
7        7   (0)      1  : 0.1354 0.0000 0.0000 0.1856 0.0000 0.0000 0.0000 0.2308 0.4482 0.0000
8        8   (0)      1  : 0.1464 0.0000 0.0000 0.1087 0.0000 0.0878 0.0000 0.0248 0.6322 0.0000
9        9   (0)      1  : 0.4889 0.0000 0.0000 0.3663 0.0000 0.0100 0.0000 0.0101 0.1247 0.0000
10       10   (0)      1  : 0.1748 0.0000 0.0000 0.2530 0.0000 0.4700 0.0000 0.0000 0.1022 0.0000
11       11   (0)      1  : 0.2963 0.0000 0.0368 0.4121 0.0000 0.0893 0.0000 0.0673 0.0213 0.0769
12       12   (0)      1  : 0.0000 0.0000 0.0000 0.0000 0.0000 0.0000 0.0000 0.9231 0.0769 0.0000
13       13   (0)      1  : 0.2407 0.0000 0.0000 0.1103 0.0000 0.1538 0.0000 0.0000 0.4951 0.0000
14       14   (0)      2  : 0.5115 0.0000 0.0000 0.0661 0.0000 0.4224 0.0000 0.0000 0.0000 0.0000
15       15   (0)      2  : 0.0000 0.0000 0.0000 0.0000 0.0000 0.0000 1.0000 0.0000 0.0000 0.0000
16       16   (0)      2  : 0.8048 0.0000 0.0000 0.0388 0.0000 0.1014 0.0000 0.0245 0.0305 0.0000
17       17   (0)      2  : 0.1504 0.0000 0.0000 0.0000 0.0000 0.8496 0.0000 0.0000 0.0000 0.0000
18       18   (0)      2  : 0.0000 0.0000 0.0000 0.8035 0.0000 0.1538 0.0000 0.0000 0.0426 0.0000
19       19   (0)      2  : 0.5432 0.0000 0.0000 0.0626 0.0000 0.1004 0.0000 0.0526 0.2412 0.0000
20       20   (0)      2  : 0.1729 0.0000 0.0373 0.3283 0.0000 0.1372 0.0000 0.0159 0.2746 0.0337
21       21   (0)      2  : 0.2115 0.0000 0.0000 0.2088 0.0000 0.3142 0.0000 0.0008 0.2646 0.0000
22       22   (0)      2  : 0.2125 0.0000 0.0873 0.2866 0.0000 0.0984 0.0000 0.0233 0.2149 0.0769
23       23   (0)      2  : 0.1266 0.0000 0.4396 0.0566 0.0000 0.2155 0.0000 0.0000 0.1137 0.0479
24       24   (0)      2  : 0.3928 0.0000 0.0000 0.3462 0.0000 0.1510 0.0000 0.0000 0.1100 0.0000
25       25   (0)      2  : 0.4392 0.0000 0.0000 0.3414 0.0000 0.0624 0.0000 0.0890 0.0681 0.0000
26       26   (0)      2  : 0.3181 0.0000 0.4101 0.2259 0.0000 0.0009 0.0000 0.0002 0.0448 0.0000
27       27   (0)      2  : 0.5215 0.0000 0.0000 0.2040 0.0000 0.0726 0.0000 0.0706 0.1314 0.0000
28       28   (0)      3  : 0.0000 0.9231 0.0000 0.0000 0.0000 0.0000 0.0000 0.0000 0.0000 0.0769
29       29   (0)      3  : 0.2308 0.0000 0.0000 0.0000 0.0000 0.4615 0.0000 0.0769 0.2308 0.0000
30       30   (0)      3  : 0.0000 0.0000 1.0000 0.0000 0.0000 0.0000 0.0000 0.0000 0.0000 0.0000
31       31   (0)      3  : 0.0000 0.0000 0.5320 0.0000 0.0000 0.2516 0.0000 0.0725 0.1439 0.0000
32       32   (0)      3  : 0.0000 0.0000 0.0000 0.0000 0.0000 0.0000 0.9231 0.0769 0.0000 0.0000
33       33   (0)      3  : 0.7836 0.0000 0.0000 0.0769 0.0000 0.0360 0.0000 0.0000 0.1035 0.0000
34       34   (0)      3  : 0.0000 0.0000 0.0000 0.0000 0.7692 0.0000 0.0000 0.0000 0.0000 0.2308
35       35   (0)      3  : 0.0000 0.1749 0.0000 0.0000 0.5575 0.0000 0.0000 0.0000 0.0000 0.2676
36       36   (0)      3  : 0.0000 0.0000 0.0000 0.0000 0.8311 0.0000 0.0000 0.0000 0.0000 0.1689
37       37   (0)      3  : 0.3814 0.0000 0.0000 0.3170 0.0000 0.0000 0.0000 0.0769 0.2247 0.0000
38       38   (0)      3  : 0.0000 0.0000 1.0000 0.0000 0.0000 0.0000 0.0000 0.0000 0.0000 0.0000
39       39   (0)      3  : 0.0000 0.0000 1.0000 0.0000 0.0000 0.0000 0.0000 0.0000 0.0000 0.0000
40       40   (0)      3  : 0.2644 0.0000 0.0000 0.4915 0.0000 0.1672 0.0000 0.0000 0.0769 0.0000
41       41   (0)      3  : 0.2508 0.0000 0.0000 0.5306 0.0000 0.1097 0.0000 0.0000 0.1089 0.0000
42       42   (0)      3  : 0.0000 0.0000 0.0000 0.0000 0.0000 0.0000 1.0000 0.0000 0.0000 0.0000
43       43   (0)      3  : 0.0000 0.0145 0.0000 0.0000 0.1808 0.0000 0.0187 0.0000 0.0000 0.7861
44       44   (0)      3  : 0.0769 0.0000 0.0000 0.1022 0.0000 0.7438 0.0000 0.0000 0.0771 0.0000
45       45   (0)      3  : 0.7288 0.0000 0.0000 0.2238 0.0000 0.0474 0.0000 0.0000 0.0000 0.0000
46       46   (0)      4  : 0.0000 0.9231 0.0000 0.0000 0.0000 0.0000 0.0000 0.0000 0.0000 0.0769
47       47   (0)      4  : 0.0000 0.8462 0.0000 0.0000 0.0000 0.0000 0.0000 0.0000 0.0000 0.1538
48       48   (0)      4  : 0.2126 0.0000 0.0000 0.0345 0.0000 0.4752 0.0000 0.0868 0.1908 0.0000
49       49   (0)      4  : 0.0359 0.0008 0.0081 0.0435 0.0000 0.2682 0.0000 0.1553 0.4881 0.0000
50       50   (0)      4  : 0.0375 0.0000 0.0336 0.2754 0.0000 0.2251 0.0000 0.1126 0.3146 0.0013
51       51   (0)      4  : 0.2822 0.0000 0.0543 0.2196 0.0000 0.1905 0.0000 0.0224 0.1957 0.0353
52       52   (0)      4  : 0.1538 0.0000 0.0000 0.6393 0.0000 0.0000 0.0000 0.0330 0.1739 0.0000
53       53   (0)      4  : 0.0379 0.0000 0.0000 0.0000 0.0000 0.8462 0.0000 0.1160 0.0000 0.0000
54       54   (0)      4  : 0.1900 0.0000 0.0000 0.4005 0.0000 0.2403 0.0000 0.0154 0.1538 0.0000
55       55   (0)      4  : 0.0259 0.0000 0.6606 0.0252 0.0000 0.1560 0.0000 0.0535 0.0786 0.0001
56       56   (0)      4  : 0.0769 0.0000 0.0000 0.0000 0.0000 0.3077 0.0000 0.1538 0.4615 0.0000
57       57   (0)      5  : 0.1920 0.0000 0.0000 0.4550 0.0000 0.1695 0.0000 0.1100 0.0736 0.0000
58       58   (0)      5  : 0.2762 0.0266 0.0007 0.3194 0.0011 0.2550 0.0000 0.0359 0.0562 0.0290
59       59   (0)      5  : 0.2166 0.0000 0.0000 0.2547 0.0000 0.2198 0.0000 0.0173 0.2916 0.0000
60       60   (0)      5  : 0.0000 1.0000 0.0000 0.0000 0.0000 0.0000 0.0000 0.0000 0.0000 0.0000
61       61   (0)      5  : 0.0000 0.9913 0.0000 0.0000 0.0000 0.0000 0.0000 0.0000 0.0000 0.0086
62       62   (0)      5  : 0.0000 0.0000 0.0000 0.0000 0.0000 0.0000 1.0000 0.0000 0.0000 0.0000
63       63   (0)      6  : 0.0000 0.0000 0.0000 0.0000 0.9231 0.0000 0.0000 0.0000 0.0000 0.0769
64       64   (0)      6  : 0.0000 1.0000 0.0000 0.0000 0.0000 0.0000 0.0000 0.0000 0.0000 0.0000
65       65   (0)      6  : 0.0000 0.0000 0.0000 0.0000 0.9231 0.0000 0.0000 0.0000 0.0000 0.0769
66       66   (0)      6  : 0.0922 0.6536 0.0000 0.1022 0.0136 0.0000 0.0274 0.0086 0.0468 0.0556
67       67   (0)      6  : 0.0000 0.9231 0.0000 0.0000 0.0000 0.0000 0.0000 0.0000 0.0000 0.0769
68       68   (0)      6  : 0.0000 0.7275 0.1233 0.0000 0.0957 0.0000 0.0000 0.0000 0.0000 0.0534
69       69   (0)      6  : 0.2176 0.0612 0.0254 0.1300 0.0702 0.2165 0.0051 0.0395 0.2184 0.0161
70       70   (0)      6  : 0.0000 0.9231 0.0000 0.0000 0.0000 0.0000 0.0000 0.0000 0.0000 0.0769
71       71   (0)      6  : 0.6641 0.0000 0.0000 0.0769 0.0000 0.0769 0.0000 0.0000 0.1821 0.0000
72       72   (0)      6  : 0.0000 1.0000 0.0000 0.0000 0.0000 0.0000 0.0000 0.0000 0.0000 0.0000
73       73   (0)      6  : 0.0000 0.0000 0.0000 0.0000 0.9231 0.0000 0.0000 0.0000 0.0000 0.0769
74       74   (0)      6  : 0.0000 0.8569 0.1298 0.0000 0.0047 0.0000 0.0000 0.0000 0.0000 0.0085
75       75   (0)      6  : 0.0000 0.0000 0.0447 0.0000 0.8783 0.0000 0.0000 0.0000 0.0000 0.0769
76       76   (0)      6  : 0.0000 0.7941 0.1677 0.0000 0.0000 0.0000 0.0000 0.0000 0.0000 0.0382
77       77   (0)      6  : 0.0000 0.8113 0.1790 0.0000 0.0037 0.0000 0.0000 0.0000 0.0000 0.0060
78       78   (0)      6  : 0.0000 0.0000 0.1903 0.0000 0.7328 0.0000 0.0000 0.0000 0.0000 0.0769
79       79   (0)      6  : 0.0000 0.0000 0.0000 0.0000 1.0000 0.0000 0.0000 0.0000 0.0000 0.0000
80       80   (0)      7  : 0.0000 0.0000 0.0000 0.8846 0.0000 0.0385 0.0000 0.0000 0.0769 0.0000
81       81   (0)      8  : 0.0043 0.0000 0.0174 0.4936 0.0000 0.3138 0.0000 0.0778 0.0162 0.0769
82       82   (0)      9  : 0.0000 0.0000 1.0000 0.0000 0.0000 0.0000 0.0000 0.0000 0.0000 0.0000
83       83   (0)     10  : 0.1423 0.0000 0.1278 0.2764 0.0000 0.1723 0.0000 0.0553 0.2093 0.0166
84       84   (0)     11  : 0.1804 0.0000 0.0000 0.5421 0.0000 0.0254 0.0000 0.0000 0.2522 0.0000
85       85   (0)     11  : 0.0842 0.0000 0.4511 0.2125 0.0000 0.1508 0.0000 0.0000 0.1014 0.0000
86       86   (0)     12  : 0.2154 0.0000 0.4301 0.0809 0.0000 0.1719 0.0000 0.0000 0.0428 0.0589
87       87   (0)     12  : 0.2563 0.0000 0.1622 0.1959 0.0000 0.0991 0.0011 0.0173 0.1912 0.0769
88       88   (0)     12  : 0.6310 0.0000 0.0000 0.0689 0.0000 0.0859 0.0000 0.0296 0.1846 0.0000
89       89   (0)     12  : 0.0992 0.0000 0.1641 0.0367 0.0000 0.4581 0.0000 0.0135 0.2106 0.0177
90       90   (0)     12  : 0.0000 0.0000 0.0000 0.0000 0.9796 0.0000 0.0000 0.0000 0.0000 0.0204
91       91   (0)     12  : 0.0804 0.0000 0.0000 0.1530 0.0000 0.3282 0.0000 0.0236 0.4148 0.0000
92       92   (0)     12  : 0.1684 0.0000 0.0000 0.1406 0.0000 0.4561 0.0000 0.0479 0.1871 0.0000
93       93   (0)     12  : 0.4003 0.0000 0.0000 0.1191 0.0000 0.0769 0.0000 0.0000 0.4036 0.0000
94       94   (0)     13  : 0.2005 0.0000 0.0000 0.4367 0.0000 0.3073 0.0000 0.0000 0.0555 0.0000
