 1        1   (0)      1 :  0.2187 0.0000 0.0000 0.2846 0.0000 0.1639 0.2970 0.0359 
 2        2   (0)      1 :  0.0074 0.0315 0.0909 0.0244 0.0803 0.7222 0.0251 0.0183 
 3        3   (0)      1 :  0.2975 0.0000 0.0000 0.1552 0.0000 0.0935 0.3732 0.0806 
 4        4   (0)      1 :  0.2998 0.0000 0.0000 0.2194 0.0000 0.1379 0.3228 0.0200 
 5        5   (0)      1 :  0.2182 0.0000 0.0000 0.4469 0.0000 0.1306 0.1853 0.0189 
 6        6   (0)      1 :  0.2331 0.0000 0.0000 0.3430 0.0000 0.0670 0.2849 0.0720 
 7        7   (0)      1 :  0.2997 0.0000 0.0000 0.3203 0.0000 0.0200 0.3354 0.0247 
 8        8   (0)      1 :  0.3021 0.0000 0.0000 0.2478 0.0000 0.1036 0.3134 0.0332 
 9        9   (0)      1 :  0.1633 0.0000 0.0000 0.4081 0.0000 0.0259 0.3775 0.0252 
10       10   (0)      1 :  0.1710 0.0000 0.0000 0.5416 0.0000 0.0391 0.2041 0.0443 
11       11   (0)      1 :  0.1628 0.0000 0.0000 0.4038 0.0374 0.1623 0.1963 0.0374 
12       12   (0)      1 :  0.0000 0.0000 0.0000 0.0400 0.0000 0.9200 0.0400 0.0000 
13       13   (0)      1 :  0.2399 0.0000 0.0000 0.3365 0.0000 0.0788 0.2679 0.0769 
14       14   (0)      2 :  0.2049 0.0000 0.0000 0.1144 0.0000 0.1053 0.5011 0.0742 
15       15   (0)      2 :  0.0000 0.0000 0.2600 0.0000 0.0000 0.0000 0.0000 0.7400 
16       16   (0)      2 :  0.0907 0.0000 0.0000 0.1168 0.0000 0.0650 0.6777 0.0498 
17       17   (0)      2 :  0.2252 0.0000 0.0000 0.3349 0.0000 0.0730 0.2868 0.0800 
18       18   (0)      2 :  0.1296 0.0000 0.0000 0.6683 0.0000 0.1035 0.0985 0.0000 
19       19   (0)      2 :  0.1601 0.0000 0.0000 0.1715 0.0000 0.1075 0.5159 0.0450 
20       20   (0)      2 :  0.1328 0.0000 0.0000 0.5640 0.0381 0.0626 0.1763 0.0262 
21       21   (0)      2 :  0.1417 0.0000 0.0000 0.5209 0.0000 0.1436 0.1576 0.0362 
22       22   (0)      2 :  0.1596 0.0000 0.0000 0.4533 0.0930 0.0720 0.2037 0.0183 
23       23   (0)      2 :  0.0681 0.0000 0.0000 0.3107 0.4444 0.0776 0.0883 0.0109 
24       24   (0)      2 :  0.1227 0.0000 0.0000 0.4548 0.0000 0.1004 0.3122 0.0099 
25       25   (0)      2 :  0.0961 0.0000 0.0000 0.3921 0.0000 0.1037 0.3973 0.0108 
26       26   (0)      2 :  0.0909 0.0000 0.0000 0.2454 0.4081 0.0105 0.2146 0.0305 
27       27   (0)      2 :  0.1441 0.0000 0.0000 0.2300 0.0000 0.0591 0.5175 0.0493 
28       28   (0)      3 :  0.0200 0.9800 0.0000 0.0000 0.0000 0.0000 0.0000 0.0000 
29       29   (0)      3 :  0.3922 0.0000 0.0000 0.0600 0.0000 0.1610 0.3268 0.0600 
30       30   (0)      3 :  0.0000 0.0000 0.0000 0.0000 1.0000 0.0000 0.0000 0.0000 
31       31   (0)      3 :  0.2030 0.0000 0.0000 0.0277 0.5323 0.0993 0.0904 0.0473 
32       32   (0)      3 :  0.0000 0.0000 0.2600 0.0000 0.0000 0.0000 0.0000 0.7400 
33       33   (0)      3 :  0.1286 0.0000 0.0000 0.1237 0.0000 0.0887 0.5656 0.0935 
34       34   (0)      3 :  0.0052 0.0371 0.9516 0.0000 0.0000 0.0060 0.0000 0.0000 
35       35   (0)      3 :  0.0211 0.2656 0.6932 0.0000 0.0000 0.0200 0.0000 0.0000 
36       36   (0)      3 :  0.0171 0.0400 0.9429 0.0000 0.0000 0.0000 0.0000 0.0000 
37       37   (0)      3 :  0.1507 0.0000 0.0000 0.3585 0.0000 0.1352 0.3253 0.0303 
38       38   (0)      3 :  0.0000 0.0000 0.0000 0.0000 1.0000 0.0000 0.0000 0.0000 
39       39   (0)      3 :  0.0000 0.0000 0.0000 0.0000 1.0000 0.0000 0.0000 0.0000 
40       40   (0)      3 :  0.2924 0.0000 0.0000 0.1891 0.0000 0.1815 0.2641 0.0729 
41       41   (0)      3 :  0.2834 0.0000 0.0000 0.4549 0.0000 0.0257 0.2205 0.0155 
42       42   (0)      3 :  0.0000 0.0000 0.2600 0.0000 0.0000 0.0000 0.0000 0.7400 
43       43   (0)      3 :  0.0438 0.1831 0.6701 0.0000 0.0000 0.0200 0.0000 0.0829 
44       44   (0)      3 :  0.2738 0.0000 0.0000 0.1692 0.0000 0.2224 0.1986 0.1360 
45       45   (0)      3 :  0.0878 0.0000 0.0000 0.1546 0.0000 0.0497 0.6680 0.0400 
46       46   (0)      4 :  0.0000 1.0000 0.0000 0.0000 0.0000 0.0000 0.0000 0.0000 
47       47   (0)      4 :  0.0000 1.0000 0.0000 0.0000 0.0000 0.0000 0.0000 0.0000 
48       48   (0)      4 :  0.4128 0.0000 0.0000 0.1316 0.0000 0.1268 0.1916 0.1372 
49       49   (0)      4 :  0.3840 0.0010 0.0000 0.1369 0.0090 0.2288 0.1732 0.0672 
50       50   (0)      4 :  0.3948 0.0000 0.0000 0.3018 0.0344 0.1544 0.0430 0.0715 
51       51   (0)      4 :  0.3182 0.0000 0.0000 0.2333 0.0505 0.1135 0.2289 0.0557 
52       52   (0)      4 :  0.3400 0.0000 0.0000 0.4393 0.0010 0.0456 0.1415 0.0326 
53       53   (0)      4 :  0.3433 0.0000 0.0000 0.0690 0.0000 0.2881 0.1704 0.1292 
54       54   (0)      4 :  0.3244 0.0000 0.0000 0.4379 0.0000 0.0397 0.1377 0.0603 
55       55   (0)      4 :  0.0951 0.0000 0.0000 0.0461 0.6621 0.0748 0.0740 0.0479 
56       56   (0)      4 :  0.2048 0.0000 0.0000 0.2807 0.0000 0.1399 0.2674 0.1072 
57       57   (0)      5 :  0.2526 0.0000 0.0000 0.3087 0.0000 0.1668 0.2368 0.0351 
58       58   (0)      5 :  0.1796 0.0387 0.0002 0.4043 0.0015 0.0912 0.2413 0.0433 
59       59   (0)      5 :  0.3116 0.0000 0.0000 0.4239 0.0000 0.0311 0.2036 0.0297 
60       60   (0)      5 :  0.0069 0.9931 0.0000 0.0000 0.0000 0.0000 0.0000 0.0000 
61       61   (0)      5 :  0.0002 0.9970 0.0000 0.0014 0.0014 0.0000 0.0000 0.0000 
62       62   (0)      5 :  0.0000 0.0000 0.2209 0.0000 0.0222 0.0169 0.0000 0.7400 
63       63   (0)      6 :  0.0000 0.0400 0.9600 0.0000 0.0000 0.0000 0.0000 0.0000 
64       64   (0)      6 :  0.0200 0.9800 0.0000 0.0000 0.0000 0.0000 0.0000 0.0000 
65       65   (0)      6 :  0.0400 0.0373 0.9227 0.0000 0.0000 0.0000 0.0000 0.0000 
66       66   (0)      6 :  0.0361 0.6763 0.0445 0.1007 0.0000 0.0102 0.1032 0.0290 
67       67   (0)      6 :  0.0000 1.0000 0.0000 0.0000 0.0000 0.0000 0.0000 0.0000 
68       68   (0)      6 :  0.0068 0.7679 0.1013 0.0000 0.1240 0.0001 0.0000 0.0000 
69       69   (0)      6 :  0.2194 0.0665 0.0703 0.2339 0.0277 0.0747 0.2561 0.0513 
70       70   (0)      6 :  0.0200 0.9800 0.0000 0.0000 0.0000 0.0000 0.0000 0.0000 
71       71   (0)      6 :  0.1343 0.0000 0.0000 0.1202 0.0000 0.0595 0.6460 0.0400 
72       72   (0)      6 :  0.0200 0.9800 0.0000 0.0000 0.0000 0.0000 0.0000 0.0000 
73       73   (0)      6 :  0.0200 0.0367 0.9270 0.0000 0.0163 0.0000 0.0000 0.0000 
74       74   (0)      6 :  0.0068 0.8588 0.0000 0.0000 0.1344 0.0000 0.0000 0.0000 
75       75   (0)      6 :  0.0200 0.0346 0.8771 0.0000 0.0683 0.0000 0.0000 0.0000 
76       76   (0)      6 :  0.0000 0.8321 0.0000 0.0000 0.1679 0.0000 0.0000 0.0000 
77       77   (0)      6 :  0.0008 0.8169 0.0000 0.0000 0.1822 0.0000 0.0000 0.0000 
78       78   (0)      6 :  0.0118 0.0295 0.7431 0.0000 0.2155 0.0000 0.0000 0.0000 
79       79   (0)      6 :  0.0200 0.0346 0.9434 0.0000 0.0020 0.0000 0.0000 0.0000 
80       80   (0)      7 :  0.0828 0.0000 0.0000 0.8414 0.0000 0.0473 0.0084 0.0200 
81       81   (0)      8 :  0.1799 0.0000 0.0000 0.5914 0.0331 0.0855 0.0480 0.0621 
82       82   (0)      9 :  0.0000 0.0000 0.0000 0.0000 1.0000 0.0000 0.0000 0.0000 
83       83   (0)     10 :  0.2275 0.0000 0.0000 0.4038 0.1260 0.0817 0.1146 0.0464 
84       84   (0)     11 :  0.1472 0.0000 0.0000 0.5370 0.0000 0.0482 0.2155 0.0521 
85       85   (0)     11 :  0.0800 0.0000 0.0000 0.3861 0.4485 0.0000 0.0549 0.0305 
86       86   (0)     12 :  0.1251 0.0000 0.0000 0.1000 0.4361 0.0934 0.2225 0.0230 
87       87   (0)     12 :  0.1118 0.0000 0.0000 0.3606 0.1764 0.0671 0.2554 0.0287 
88       88   (0)     12 :  0.1104 0.0000 0.0000 0.1821 0.0000 0.0583 0.6022 0.0469 
89       89   (0)     12 :  0.2002 0.0000 0.0000 0.3453 0.1665 0.0764 0.1568 0.0548 
90       90   (0)     12 :  0.0000 0.0347 0.9608 0.0000 0.0014 0.0032 0.0000 0.0000 
91       91   (0)     12 :  0.3802 0.0000 0.0000 0.4040 0.0000 0.0598 0.1233 0.0328 
92       92   (0)     12 :  0.2165 0.0000 0.0000 0.4482 0.0000 0.1289 0.1451 0.0613 
93       93   (0)     12 :  0.1446 0.0000 0.0000 0.2384 0.0000 0.0636 0.5186 0.0348 
94       94   (0)     13 :  0.2099 0.0000 0.0000 0.4453 0.0000 0.0992 0.1616 0.0841 
