 1        1   (0)      1 :  0.0000 0.0000 0.1412 0.0000 0.0000 0.0860 0.0000 0.1857 0.0000 0.0000 0.5828 0.0043 
 2        2   (0)      1 :  0.0932 0.0000 0.1500 0.0449 0.0018 0.0549 0.0000 0.2608 0.0000 0.0000 0.3046 0.0899 
 3        3   (0)      1 :  0.0000 0.0000 0.0200 0.0000 0.0000 0.0000 0.0000 0.0000 0.0000 0.0000 0.0000 0.9800 
 4        4   (0)      1 :  0.0200 0.0000 0.0774 0.0000 0.0248 0.0703 0.0000 0.0784 0.0000 0.0000 0.1401 0.5891 
 5        5   (0)      1 :  0.0000 0.0000 0.2415 0.0000 0.0200 0.1552 0.0000 0.2156 0.0000 0.0000 0.3669 0.0007 
 6        6   (0)      1 :  0.0000 0.0000 0.0000 0.0000 0.0200 0.0200 0.0000 0.0000 0.0000 0.0000 0.0000 0.9600 
 7        7   (0)      2 :  0.0000 0.0000 0.1705 0.0000 0.0000 0.1080 0.0000 0.0291 0.0000 0.0000 0.6923 0.0000 
 8        8   (0)      2 :  0.0200 0.0000 0.0000 0.0000 0.0000 0.0600 0.0000 0.0000 0.0000 0.0000 0.0000 0.9200 
 9        9   (0)      2 :  0.0143 0.0000 0.2088 0.0057 0.0067 0.0527 0.0000 0.3197 0.0040 0.0340 0.3380 0.0162 
10       10   (0)      2 :  0.0000 0.0000 0.0342 0.0000 0.0000 0.0200 0.0000 0.0671 0.0000 0.0000 0.8787 0.0000 
11       11   (0)      2 :  0.0000 0.0000 0.0200 0.0000 0.0000 0.0000 0.0000 0.0000 0.0000 0.0000 0.0000 0.9800 
12       12   (0)      2 :  0.0000 0.0000 0.0461 0.0000 0.0000 0.0901 0.0000 0.0243 0.0000 0.0000 0.3394 0.5001 
13       13   (0)      2 :  0.1063 0.0000 0.0017 0.0470 0.0000 0.0665 0.0000 0.0000 0.0000 0.0000 0.0000 0.7785 
14       14   (0)      3 :  0.0000 0.4369 0.0200 0.0000 0.1491 0.0603 0.0112 0.0000 0.0200 0.3025 0.0000 0.0000 
15       15   (0)      3 :  0.0334 0.1231 0.0000 0.0000 0.1442 0.0889 0.2123 0.0000 0.1713 0.2267 0.0000 0.0000 
16       16   (0)      3 :  0.0000 0.1340 0.0000 0.0000 0.1524 0.0400 0.0470 0.0000 0.4417 0.1849 0.0000 0.0000 
17       17   (0)      3 :  0.0132 0.1909 0.0123 0.0000 0.1206 0.0313 0.1445 0.0000 0.2055 0.2817 0.0000 0.0000 
18       18   (0)      3 :  0.0059 0.0366 0.0000 0.0000 0.0151 0.0400 0.0119 0.0000 0.8904 0.0000 0.0000 0.0000 
19       19   (0)      3 :  0.0453 0.1148 0.0000 0.0000 0.0743 0.0600 0.0547 0.0000 0.5188 0.1321 0.0000 0.0000 
20       20   (0)      3 :  0.2000 0.1045 0.0200 0.0143 0.1549 0.0483 0.2741 0.0000 0.1046 0.0792 0.0000 0.0000 
21       21   (0)      3 :  0.0093 0.0764 0.0278 0.0000 0.1645 0.1139 0.0353 0.0000 0.2161 0.3569 0.0000 0.0000 
22       22   (0)      3 :  0.0600 0.0480 0.0000 0.0000 0.2155 0.1426 0.3519 0.0000 0.0986 0.0833 0.0000 0.0000 
23       23   (0)      3 :  0.0648 0.0400 0.0000 0.0000 0.4123 0.0599 0.1872 0.0000 0.0499 0.1858 0.0000 0.0000 
24       24   (0)      3 :  0.0600 0.0715 0.0000 0.0000 0.1290 0.0933 0.2422 0.0000 0.3145 0.0895 0.0000 0.0000 
25       25   (0)      3 :  0.6400 0.0000 0.0000 0.3600 0.0000 0.0000 0.0000 0.0000 0.0000 0.0000 0.0000 0.0000 
26       26   (0)      4 :  0.0000 0.0000 0.3454 0.0000 0.0000 0.1511 0.0000 0.2176 0.0000 0.0000 0.2859 0.0000 
27       27   (0)      4 :  0.0188 0.1739 0.0200 0.0000 0.3083 0.1439 0.1564 0.0000 0.1271 0.0517 0.0000 0.0000 
28       28   (0)      4 :  0.0000 0.1748 0.0000 0.0000 0.0867 0.0600 0.0814 0.0000 0.2861 0.3110 0.0000 0.0000 
29       29   (0)      4 :  0.0000 0.0000 0.3453 0.0000 0.0000 0.1000 0.0000 0.2391 0.0000 0.0000 0.3156 0.0000 
30       30   (0)      4 :  0.0200 0.1515 0.0200 0.0000 0.0535 0.0667 0.1732 0.0000 0.0284 0.4868 0.0000 0.0000 
31       31   (0)      4 :  0.0017 0.1555 0.0200 0.0000 0.0814 0.0813 0.1176 0.0000 0.1951 0.3475 0.0000 0.0000 
32       32   (0)      4 :  0.0189 0.0975 0.1119 0.0003 0.0582 0.0670 0.0620 0.1679 0.0928 0.1170 0.1845 0.0221 
33       33   (0)      4 :  0.0311 0.2200 0.0200 0.0000 0.2450 0.0400 0.1000 0.0000 0.2112 0.1327 0.0000 0.0000 
34       34   (0)      4 :  0.1020 0.1535 0.0000 0.0000 0.0269 0.0501 0.4222 0.0000 0.1145 0.1307 0.0000 0.0000 
35       35   (0)      4 :  0.0000 0.2930 0.0400 0.0000 0.2200 0.0200 0.3351 0.0000 0.0045 0.0873 0.0000 0.0000 
36       36   (0)      4 :  0.0000 0.2752 0.0054 0.0000 0.1215 0.0651 0.1473 0.0000 0.0483 0.3372 0.0000 0.0000 
37       37   (0)      4 :  0.0000 0.0383 0.0000 0.0000 0.0197 0.0340 0.0161 0.0000 0.0516 0.8403 0.0000 0.0000 
38       38   (0)      4 :  0.0000 0.0784 0.0000 0.0000 0.1606 0.0449 0.0503 0.0000 0.0793 0.5866 0.0000 0.0000 
39       39   (0)      4 :  0.0000 0.0000 0.0600 0.0000 0.0000 0.0060 0.0000 0.0876 0.0000 0.0000 0.8464 0.0000 
40       40   (0)      5 :  0.0000 0.3540 0.0000 0.0000 0.0715 0.0446 0.2059 0.0000 0.1176 0.2064 0.0000 0.0000 
41       41   (0)      5 :  0.0000 0.0262 0.0000 0.0000 0.4989 0.0458 0.0765 0.0000 0.2493 0.1033 0.0000 0.0000 
42       42   (0)      5 :  0.0000 0.0517 0.0000 0.0000 0.1337 0.0800 0.0576 0.0000 0.3045 0.3725 0.0000 0.0000 
43       43   (0)      5 :  0.0200 0.0000 0.1592 0.0000 0.0200 0.0423 0.0000 0.2206 0.0000 0.0000 0.5379 0.0000 
44       44   (0)      5 :  0.0080 0.0390 0.0000 0.0000 0.3798 0.0074 0.2208 0.0000 0.2830 0.0620 0.0000 0.0000 
45       45   (0)      5 :  0.0000 0.3170 0.0000 0.0000 0.0272 0.1367 0.0204 0.0000 0.2742 0.2246 0.0000 0.0000 
46       46   (0)      5 :  0.0000 0.0714 0.0000 0.0000 0.2908 0.1317 0.2991 0.0000 0.1132 0.0939 0.0000 0.0000 
47       47   (0)      5 :  0.1000 0.0200 0.0000 0.0000 0.3581 0.0400 0.1980 0.0000 0.1040 0.1799 0.0000 0.0000 
48       48   (0)      5 :  0.0901 0.3311 0.0042 0.0000 0.0818 0.1070 0.1342 0.0000 0.1520 0.0996 0.0000 0.0000 
49       49   (0)      5 :  0.0000 0.0000 0.1094 0.0000 0.0000 0.1167 0.0000 0.3715 0.0000 0.0000 0.4024 0.0000 
50       50   (0)      5 :  0.0045 0.1726 0.0000 0.0000 0.0996 0.0506 0.1291 0.0000 0.4048 0.1389 0.0000 0.0000 
51       51   (0)      5 :  0.0000 0.0000 0.1178 0.0000 0.0000 0.0206 0.0000 0.5755 0.0000 0.0000 0.2862 0.0000 
52       52   (0)      5 :  0.0000 0.0000 0.0905 0.0000 0.0000 0.0966 0.0000 0.4906 0.0000 0.0000 0.3219 0.0005 
53       53   (0)      6 :  0.0000 0.0000 0.0600 0.0000 0.0000 0.0400 0.0000 0.8343 0.0000 0.0000 0.0657 0.0000 
54       54   (0)      6 :  0.0400 0.0200 0.0110 0.0000 0.3478 0.0600 0.1400 0.0000 0.1411 0.2400 0.0000 0.0000 
55       55   (0)      6 :  0.0268 0.0000 0.2713 0.0174 0.0026 0.0160 0.0000 0.4743 0.0000 0.0000 0.1517 0.0399 
56       56   (0)      6 :  0.0000 0.0000 0.0000 1.0000 0.0000 0.0000 0.0000 0.0000 0.0000 0.0000 0.0000 0.0000 
57       57   (0)      6 :  0.1200 0.0000 0.0400 0.8000 0.0000 0.0400 0.0000 0.0000 0.0000 0.0000 0.0000 0.0000 
58       58   (0)      6 :  0.0200 0.0000 0.0000 0.9800 0.0000 0.0000 0.0000 0.0000 0.0000 0.0000 0.0000 0.0000 
59       59   (0)      6 :  0.1634 0.2310 0.0441 0.0143 0.0206 0.1990 0.1283 0.0000 0.0605 0.1387 0.0000 0.0000 
60       60   (0)      6 :  0.0043 0.1206 0.0200 0.0000 0.0744 0.0837 0.2170 0.0000 0.0572 0.4229 0.0000 0.0000 
61       61   (0)      6 :  0.0046 0.0961 0.0260 0.0000 0.2499 0.0834 0.1471 0.0000 0.2369 0.1558 0.0000 0.0000 
62       62   (0)      6 :  0.0155 0.0452 0.0000 0.0000 0.1204 0.0664 0.1670 0.0000 0.4643 0.1214 0.0000 0.0000 
63       63   (0)      6 :  0.0071 0.0000 0.3621 0.0948 0.0019 0.0403 0.0028 0.2508 0.0028 0.0009 0.2282 0.0084 
64       64   (0)      7 :  0.0000 0.0000 0.0594 0.0000 0.0000 0.0269 0.0000 0.4751 0.0000 0.0000 0.4387 0.0000 
65       65   (0)      7 :  0.0000 0.0000 0.0400 0.0000 0.0000 0.0200 0.0000 0.8200 0.0000 0.0000 0.1200 0.0000 
66       66   (0)      7 :  0.0000 0.0000 0.1861 0.0009 0.0000 0.0196 0.0000 0.6581 0.0000 0.0000 0.1353 0.0000 
67       67   (0)      7 :  0.0038 0.0000 0.0800 0.0004 0.0000 0.0208 0.0000 0.8107 0.0000 0.0000 0.0615 0.0228 
68       68   (0)      8 :  0.0418 0.1879 0.1642 0.0261 0.1709 0.1732 0.0567 0.0000 0.0840 0.0952 0.0000 0.0000 
69       69   (0)      8 :  0.0867 0.0768 0.1302 0.1061 0.1264 0.0989 0.0536 0.0000 0.1072 0.2105 0.0035 0.0000 
70       70   (0)      8 :  0.0200 0.7768 0.0000 0.0000 0.0000 0.0400 0.0153 0.0000 0.0400 0.1080 0.0000 0.0000 
71       71   (0)      8 :  0.0223 0.3631 0.0157 0.0083 0.1847 0.0907 0.0688 0.0006 0.1624 0.0834 0.0000 0.0000 
72       72   (0)      8 :  0.0646 0.4941 0.0400 0.0668 0.0423 0.0904 0.0899 0.0000 0.0448 0.0672 0.0000 0.0000 
73       73   (0)      8 :  0.0078 0.0065 0.0200 0.9410 0.0000 0.0200 0.0000 0.0000 0.0000 0.0000 0.0000 0.0046 
74       74   (0)      9 :  0.0078 0.0007 0.3285 0.1089 0.0000 0.0126 0.0000 0.2489 0.0032 0.0061 0.2561 0.0271 
75       75   (0)      9 :  0.0242 0.0053 0.4138 0.0409 0.0200 0.0075 0.0000 0.2414 0.0007 0.0000 0.2453 0.0008 
76       76   (0)     10 :  0.0000 0.0000 0.0800 0.0000 0.0000 0.0400 0.0000 0.8047 0.0000 0.0000 0.0753 0.0000 
77       77   (0)     11 :  0.0000 0.0000 0.1652 0.0000 0.0000 0.1168 0.0000 0.3731 0.0000 0.0000 0.3450 0.0000 
78       78   (0)     12 :  0.0000 0.0000 0.0614 0.0000 0.0000 0.0031 0.0000 0.0994 0.0000 0.0000 0.8360 0.0000 
79       79   (0)     13 :  0.5563 0.0119 0.0659 0.2524 0.0434 0.0161 0.0155 0.0000 0.0229 0.0157 0.0000 0.0000 
80       80   (0)     13 :  0.0400 0.2436 0.0000 0.0000 0.0000 0.0200 0.5509 0.0000 0.0114 0.1340 0.0000 0.0000 
