1        1   (0)      1  : 0.0000 0.6690 0.0000 0.0036 0.0000 0.0000 0.0046 0.1183 0.2045
2        2   (0)      1  : 0.0000 0.4120 0.0637 0.0998 0.0000 0.0000 0.0893 0.0192 0.3160
3        3   (0)      1  : 0.0000 0.0000 0.0000 1.0000 0.0000 0.0000 0.0000 0.0000 0.0000
4        4   (0)      1  : 0.0000 0.2572 0.0000 0.6169 0.0000 0.0000 0.0000 0.0162 0.1097
5        5   (0)      1  : 0.0000 0.8182 0.0000 0.0000 0.0000 0.0000 0.0000 0.0000 0.1818
6        6   (0)      1  : 0.0000 0.0000 0.0000 1.0000 0.0000 0.0000 0.0000 0.0000 0.0000
7        7   (0)      2  : 0.0000 1.0000 0.0000 0.0000 0.0000 0.0000 0.0000 0.0000 0.0000
8        8   (0)      2  : 0.0000 0.0000 0.0000 1.0000 0.0000 0.0000 0.0000 0.0000 0.0000
9        9   (0)      2  : 0.0183 0.4137 0.0083 0.0246 0.0246 0.0123 0.0402 0.0190 0.4389
10       10   (0)      2  : 0.0000 1.0000 0.0000 0.0000 0.0000 0.0000 0.0000 0.0000 0.0000
11       11   (0)      2  : 0.0000 0.0000 0.0000 1.0000 0.0000 0.0000 0.0000 0.0000 0.0000
12       12   (0)      2  : 0.0000 0.4471 0.0000 0.5432 0.0000 0.0000 0.0000 0.0097 0.0000
13       13   (0)      2  : 0.0000 0.0000 0.0728 0.8472 0.0000 0.0000 0.0799 0.0000 0.0000
14       14   (0)      3  : 0.5144 0.0000 0.0000 0.0000 0.2727 0.0000 0.0000 0.2128 0.0000
15       15   (0)      3  : 0.2581 0.0000 0.0000 0.0000 0.3774 0.1577 0.0610 0.1458 0.0000
16       16   (0)      3  : 0.3094 0.0000 0.0000 0.0000 0.0441 0.3737 0.2173 0.0554 0.0000
17       17   (0)      3  : 0.1639 0.0000 0.0000 0.0000 0.3285 0.4228 0.0229 0.0619 0.0000
18       18   (0)      3  : 0.0000 0.0000 0.0000 0.0000 0.0000 1.0000 0.0000 0.0000 0.0000
19       19   (0)      3  : 0.0319 0.0000 0.0000 0.0000 0.0750 0.8389 0.0000 0.0542 0.0000
20       20   (0)      3  : 0.2858 0.0000 0.0479 0.0000 0.2005 0.2830 0.1514 0.0314 0.0000
21       21   (0)      3  : 0.3410 0.0000 0.0000 0.0000 0.1221 0.3235 0.0119 0.2015 0.0000
22       22   (0)      3  : 0.0711 0.0000 0.0000 0.0000 0.4670 0.1101 0.2022 0.1496 0.0000
23       23   (0)      3  : 0.0520 0.0000 0.0000 0.0000 0.6071 0.1674 0.0000 0.1734 0.0000
24       24   (0)      3  : 0.5708 0.0000 0.0000 0.0000 0.0351 0.3941 0.0000 0.0000 0.0000
25       25   (0)      3  : 0.0000 0.0000 0.4545 0.0000 0.0000 0.0000 0.5455 0.0000 0.0000
26       26   (0)      4  : 0.0000 0.5366 0.0000 0.0000 0.0000 0.0000 0.0909 0.0000 0.3724
27       27   (0)      4  : 0.1985 0.0000 0.0000 0.0000 0.4206 0.3381 0.0262 0.0165 0.0000
28       28   (0)      4  : 0.1378 0.0000 0.0000 0.0000 0.2608 0.6014 0.0000 0.0000 0.0000
29       29   (0)      4  : 0.0000 0.7883 0.0000 0.0000 0.0000 0.0000 0.0000 0.0000 0.2117
30       30   (0)      4  : 0.3196 0.0000 0.0000 0.0000 0.2851 0.0909 0.1226 0.1818 0.0000
31       31   (0)      4  : 0.0909 0.0000 0.0000 0.0000 0.4201 0.4890 0.0000 0.0000 0.0000
32       32   (0)      4  : 0.1287 0.2623 0.0004 0.0212 0.1233 0.1345 0.0267 0.1079 0.1950
33       33   (0)      4  : 0.6165 0.0000 0.0000 0.0000 0.2017 0.0909 0.0909 0.0000 0.0000
34       34   (0)      4  : 0.2414 0.0000 0.0000 0.0000 0.2550 0.1497 0.1345 0.2194 0.0000
35       35   (0)      4  : 0.1264 0.0000 0.0000 0.0000 0.7226 0.0909 0.0000 0.0601 0.0000
36       36   (0)      4  : 0.7213 0.0000 0.0000 0.0000 0.0793 0.1199 0.0288 0.0507 0.0000
37       37   (0)      4  : 0.5095 0.0000 0.0000 0.0000 0.1818 0.1847 0.0208 0.1032 0.0000
38       38   (0)      4  : 0.4857 0.0000 0.0000 0.0000 0.0237 0.2358 0.0510 0.2039 0.0000
39       39   (0)      4  : 0.0000 0.9091 0.0000 0.0000 0.0000 0.0000 0.0000 0.0909 0.0000
40       40   (0)      5  : 0.6358 0.0000 0.0000 0.0000 0.1374 0.2062 0.0000 0.0206 0.0000
41       41   (0)      5  : 0.3636 0.0000 0.0000 0.0000 0.0000 0.4028 0.1818 0.0518 0.0000
42       42   (0)      5  : 0.5201 0.0000 0.0000 0.0000 0.0154 0.4078 0.0377 0.0190 0.0000
43       43   (0)      5  : 0.0000 0.7917 0.0000 0.0000 0.0000 0.0000 0.0000 0.0909 0.1174
44       44   (0)      5  : 0.2100 0.0000 0.0000 0.0000 0.2152 0.3021 0.1818 0.0909 0.0000
45       45   (0)      5  : 0.3554 0.0000 0.0000 0.0000 0.0588 0.3264 0.0000 0.2594 0.0000
46       46   (0)      5  : 0.3946 0.0000 0.0000 0.0000 0.2040 0.3451 0.0000 0.0562 0.0000
47       47   (0)      5  : 0.0909 0.0000 0.0000 0.0000 0.1818 0.1818 0.1818 0.3636 0.0000
48       48   (0)      5  : 0.1573 0.0000 0.0000 0.0000 0.1154 0.0000 0.0000 0.7273 0.0000
49       49   (0)      5  : 0.0000 0.6902 0.0000 0.0000 0.0000 0.0000 0.0000 0.0000 0.3098
50       50   (0)      5  : 0.2388 0.0000 0.0000 0.0000 0.0973 0.4962 0.0656 0.1021 0.0000
51       51   (0)      5  : 0.0000 0.1669 0.0000 0.0000 0.0000 0.0000 0.0000 0.0304 0.8027
52       52   (0)      5  : 0.0000 0.3375 0.0000 0.0000 0.0000 0.0000 0.0085 0.0000 0.6539
53       53   (0)      6  : 0.0000 0.0000 0.0000 0.0000 0.0000 0.0000 0.0000 0.0909 0.9091
54       54   (0)      6  : 0.0909 0.0000 0.0000 0.0000 0.2940 0.2515 0.1818 0.1818 0.0000
55       55   (0)      6  : 0.0000 0.2045 0.0289 0.0480 0.0000 0.0000 0.0302 0.0056 0.6828
56       56   (0)      6  : 0.0000 0.0000 1.0000 0.0000 0.0000 0.0000 0.0000 0.0000 0.0000
57       57   (0)      6  : 0.0000 0.0000 0.8182 0.0000 0.0000 0.0000 0.1818 0.0000 0.0000
58       58   (0)      6  : 0.0000 0.0000 1.0000 0.0000 0.0000 0.0000 0.0000 0.0000 0.0000
59       59   (0)      6  : 0.1530 0.0000 0.0112 0.0000 0.0177 0.0000 0.0000 0.8182 0.0000
60       60   (0)      6  : 0.4331 0.0000 0.0000 0.0000 0.2945 0.1331 0.0000 0.1393 0.0000
61       61   (0)      6  : 0.3644 0.0000 0.0000 0.0000 0.1991 0.3225 0.1141 0.0000 0.0000
62       62   (0)      6  : 0.1245 0.0000 0.0000 0.0000 0.0346 0.8408 0.0000 0.0000 0.0000
63       63   (0)      6  : 0.0043 0.3833 0.1195 0.0214 0.0000 0.0158 0.0231 0.0278 0.4048
64       64   (0)      7  : 0.0000 0.5056 0.0000 0.0000 0.0000 0.0000 0.0000 0.0000 0.4944
65       65   (0)      7  : 0.0000 0.0383 0.0000 0.0000 0.0000 0.0000 0.0000 0.0000 0.9617
66       66   (0)      7  : 0.0000 0.2282 0.0000 0.0000 0.0000 0.0000 0.0260 0.0000 0.7458
67       67   (0)      7  : 0.0000 0.0000 0.0000 0.0000 0.0000 0.0000 0.0007 0.0000 0.9993
68       68   (0)      8  : 0.2592 0.0000 0.0755 0.0000 0.3529 0.1914 0.0134 0.1076 0.0000
69       69   (0)      8  : 0.2511 0.0156 0.1300 0.0000 0.1152 0.2328 0.0485 0.2019 0.0047
70       70   (0)      8  : 0.1412 0.0000 0.0000 0.0000 0.5548 0.0909 0.0000 0.2131 0.0000
71       71   (0)      8  : 0.2689 0.0019 0.0119 0.0000 0.2367 0.2297 0.1248 0.1261 0.0000
72       72   (0)      8  : 0.1848 0.0000 0.0815 0.0000 0.3603 0.0240 0.0518 0.2977 0.0000
73       73   (0)      8  : 0.0000 0.0000 1.0000 0.0000 0.0000 0.0000 0.0000 0.0000 0.0000
74       74   (0)      9  : 0.0106 0.3991 0.1565 0.0396 0.0000 0.0106 0.0052 0.0123 0.3661
75       75   (0)      9  : 0.0000 0.4553 0.0837 0.0003 0.0124 0.0000 0.0509 0.0411 0.3564
76       76   (0)     10  : 0.0000 0.0000 0.0000 0.0000 0.0000 0.0000 0.0909 0.0000 0.9091
77       77   (0)     11  : 0.0000 0.5378 0.0000 0.0000 0.0000 0.0000 0.0909 0.0909 0.2804
78       78   (0)     12  : 0.0000 0.9693 0.0000 0.0000 0.0000 0.0000 0.0000 0.0307 0.0000
79       79   (0)     13  : 0.0427 0.0000 0.3519 0.0000 0.0373 0.0639 0.5041 0.0001 0.0000
80       80   (0)     13  : 0.2199 0.0000 0.0000 0.0000 0.6449 0.0443 0.0909 0.0000 0.0000
