1        1   (0)      1  : 0.0000 1.0000 0.0000 0.0000 0.0000 0.0000 0.0000 0.0000
2        2   (0)      2  : 0.0000 0.0000 0.0292 0.0116 0.0024 0.9290 0.0000 0.0278
3        3   (0)      2  : 1.0000 0.0000 0.0000 0.0000 0.0000 0.0000 0.0000 0.0000
4        4   (0)      3  : 0.7372 0.0000 0.1441 0.0188 0.0000 0.0530 0.0000 0.0468
5        5   (0)      3  : 0.8934 0.0000 0.0503 0.0000 0.0000 0.0197 0.0207 0.0160
6        6   (0)      3  : 0.9280 0.0000 0.0000 0.0000 0.0720 0.0000 0.0000 0.0000
7        7   (0)      3  : 0.0000 0.0000 0.0372 0.8253 0.0000 0.1313 0.0000 0.0063
8        8   (0)      3  : 0.8310 0.0000 0.0045 0.0067 0.0572 0.0780 0.0000 0.0226
9        9   (0)      3  : 0.9973 0.0000 0.0000 0.0000 0.0000 0.0000 0.0020 0.0007
10       10   (0)      4  : 0.9477 0.0000 0.0000 0.0004 0.0000 0.0447 0.0014 0.0058
11       11   (0)      4  : 0.4845 0.0000 0.0000 0.0000 0.0076 0.0000 0.4912 0.0167
12       12   (0)      4  : 1.0000 0.0000 0.0000 0.0000 0.0000 0.0000 0.0000 0.0000
13       13   (0)      4  : 0.9931 0.0000 0.0000 0.0000 0.0000 0.0000 0.0014 0.0056
14       14   (0)      5  : 0.0000 0.0000 0.9437 0.0000 0.0000 0.0000 0.0000 0.0563
15       15   (0)      5  : 0.0000 0.0000 0.0000 1.0000 0.0000 0.0000 0.0000 0.0000
16       16   (0)      5  : 0.0000 0.0028 0.0084 0.0169 0.0000 0.9720 0.0000 0.0000
17       17   (0)      5  : 0.0169 0.0000 0.0008 0.0000 0.0146 0.0000 0.9355 0.0323
18       18   (0)      5  : 0.9910 0.0000 0.0000 0.0000 0.0000 0.0000 0.0078 0.0012
19       19   (0)      5  : 0.0170 0.0000 0.0010 0.0000 0.0143 0.0000 0.9355 0.0323
20       20   (0)      5  : 0.9799 0.0000 0.0000 0.0000 0.0000 0.0000 0.0187 0.0014
21       21   (0)      5  : 0.9997 0.0000 0.0000 0.0000 0.0000 0.0000 0.0000 0.0003
22       22   (0)      5  : 0.0171 0.0000 0.0000 0.0000 0.0152 0.0000 0.9677 0.0000
23       23   (0)      5  : 0.9496 0.0000 0.0000 0.0000 0.0000 0.0000 0.0504 0.0000
24       24   (0)      5  : 0.0000 0.0000 0.0000 1.0000 0.0000 0.0000 0.0000 0.0000
25       25   (0)      5  : 0.0000 0.0000 0.9363 0.0000 0.0000 0.0000 0.0000 0.0637
26       26   (0)      5  : 0.9854 0.0000 0.0000 0.0000 0.0000 0.0000 0.0078 0.0068
27       27   (0)      5  : 0.0000 0.0000 0.0000 1.0000 0.0000 0.0000 0.0000 0.0000
28       28   (0)      5  : 0.0000 0.0000 0.0000 0.8452 0.0000 0.0510 0.0086 0.0951
29       29   (0)      6  : 0.0000 1.0000 0.0000 0.0000 0.0000 0.0000 0.0000 0.0000
30       30   (0)      6  : 0.0000 0.0000 0.0000 0.0000 0.9974 0.0026 0.0000 0.0000
31       31   (0)      6  : 1.0000 0.0000 0.0000 0.0000 0.0000 0.0000 0.0000 0.0000
32       32   (0)      6  : 0.7367 0.0000 0.0000 0.0000 0.0028 0.0298 0.2021 0.0286
33       33   (0)      6  : 0.0000 0.4396 0.0000 0.0000 0.0000 0.0586 0.0000 0.5018
34       34   (0)      6  : 0.0000 0.0000 0.9844 0.0000 0.0000 0.0000 0.0000 0.0156
35       35   (0)      6  : 0.0000 1.0000 0.0000 0.0000 0.0000 0.0000 0.0000 0.0000
36       36   (0)      6  : 0.0000 1.0000 0.0000 0.0000 0.0000 0.0000 0.0000 0.0000
37       37   (0)      7  : 0.0000 0.0000 0.0000 0.0000 1.0000 0.0000 0.0000 0.0000
38       38   (0)      7  : 0.0165 0.0000 0.0016 0.0000 0.0142 0.0000 0.9677 0.0000
39       39   (0)      7  : 0.0000 0.0000 1.0000 0.0000 0.0000 0.0000 0.0000 0.0000
40       40   (0)      7  : 0.0000 0.0000 0.9857 0.0000 0.0000 0.0000 0.0000 0.0143
41       41   (0)      7  : 0.0188 0.0000 0.0000 0.0000 0.0134 0.0000 0.9355 0.0323
42       42   (0)      7  : 0.0000 0.0000 0.9592 0.0000 0.0000 0.0000 0.0000 0.0408
43       43   (0)      7  : 0.0169 0.0000 0.0000 0.0000 0.0154 0.0000 0.9355 0.0323
44       44   (0)      7  : 0.0079 0.0080 0.0000 0.0117 0.0047 0.9677 0.0000 0.0000
45       45   (0)      7  : 0.9997 0.0000 0.0000 0.0000 0.0000 0.0000 0.0000 0.0003
46       46   (0)      7  : 0.0000 1.0000 0.0000 0.0000 0.0000 0.0000 0.0000 0.0000
47       47   (0)      7  : 1.0000 0.0000 0.0000 0.0000 0.0000 0.0000 0.0000 0.0000
48       48   (0)      7  : 0.0000 0.9934 0.0000 0.0000 0.0000 0.0007 0.0000 0.0059
49       49   (0)      7  : 0.0000 0.0000 0.0000 0.0000 1.0000 0.0000 0.0000 0.0000
50       50   (0)      7  : 0.0428 0.0000 0.0045 0.0130 0.0008 0.9378 0.0011 0.0000
51       51   (0)      7  : 0.0000 0.0000 0.0000 0.0000 1.0000 0.0000 0.0000 0.0000
52       52   (0)      7  : 0.0000 0.0000 0.0000 1.0000 0.0000 0.0000 0.0000 0.0000
53       53   (0)      7  : 1.0000 0.0000 0.0000 0.0000 0.0000 0.0000 0.0000 0.0000
54       54   (0)      7  : 1.0000 0.0000 0.0000 0.0000 0.0000 0.0000 0.0000 0.0000
55       55   (0)      7  : 0.9619 0.0000 0.0000 0.0000 0.0000 0.0000 0.0356 0.0025
56       56   (0)      7  : 1.0000 0.0000 0.0000 0.0000 0.0000 0.0000 0.0000 0.0000
57       57   (0)      8  : 0.0000 0.0000 0.9355 0.0000 0.0000 0.0000 0.0000 0.0645
58       58   (0)      8  : 0.0000 0.0000 0.0000 1.0000 0.0000 0.0000 0.0000 0.0000
59       59   (0)      8  : 0.9996 0.0000 0.0000 0.0000 0.0000 0.0000 0.0004 0.0000
60       60   (0)      8  : 0.0000 0.0000 0.9824 0.0000 0.0000 0.0000 0.0000 0.0176
61       61   (0)      8  : 0.0000 0.0000 0.9677 0.0000 0.0000 0.0000 0.0000 0.0323
62       62   (0)      8  : 0.0000 0.0000 0.0000 0.0000 1.0000 0.0000 0.0000 0.0000
63       63   (0)      8  : 0.0000 0.0000 0.9877 0.0000 0.0000 0.0000 0.0000 0.0123
64       64   (0)      8  : 1.0000 0.0000 0.0000 0.0000 0.0000 0.0000 0.0000 0.0000
65       65   (0)      8  : 0.0000 1.0000 0.0000 0.0000 0.0000 0.0000 0.0000 0.0000
66       66   (0)      8  : 1.0000 0.0000 0.0000 0.0000 0.0000 0.0000 0.0000 0.0000
67       67   (0)      8  : 1.0000 0.0000 0.0000 0.0000 0.0000 0.0000 0.0000 0.0000
68       68   (0)      8  : 1.0000 0.0000 0.0000 0.0000 0.0000 0.0000 0.0000 0.0000
69       69   (0)      8  : 0.0000 1.0000 0.0000 0.0000 0.0000 0.0000 0.0000 0.0000
70       70   (0)      8  : 0.0000 0.0000 0.9522 0.0000 0.0000 0.0000 0.0000 0.0478
71       71   (0)      8  : 0.0000 1.0000 0.0000 0.0000 0.0000 0.0000 0.0000 0.0000
72       72   (0)      8  : 0.0000 0.0000 0.0000 0.0000 1.0000 0.0000 0.0000 0.0000
73       73   (0)      8  : 0.2072 0.0000 0.0000 0.0000 0.0105 0.0000 0.7178 0.0645
74       74   (0)      8  : 1.0000 0.0000 0.0000 0.0000 0.0000 0.0000 0.0000 0.0000
75       75   (0)      8  : 1.0000 0.0000 0.0000 0.0000 0.0000 0.0000 0.0000 0.0000
76       76   (0)      8  : 0.0000 0.9896 0.0000 0.0000 0.0000 0.0000 0.0000 0.0104
77       77   (0)      8  : 0.9736 0.0000 0.0000 0.0000 0.0000 0.0000 0.0254 0.0010
78       78   (0)      9  : 0.0000 0.0000 0.9278 0.0000 0.0000 0.0000 0.0000 0.0722
79       79   (0)      9  : 0.0000 0.0000 0.9829 0.0000 0.0000 0.0000 0.0000 0.0171
80       80   (0)      9  : 0.0000 0.0000 0.0000 0.0000 1.0000 0.0000 0.0000 0.0000
81       81   (0)      9  : 0.0000 0.0000 0.9355 0.0000 0.0000 0.0000 0.0000 0.0645
82       82   (0)      9  : 0.0000 1.0000 0.0000 0.0000 0.0000 0.0000 0.0000 0.0000
83       83   (0)      9  : 0.9184 0.0000 0.0000 0.0007 0.0000 0.0611 0.0084 0.0114
84       84   (0)      9  : 0.0000 0.0000 0.0000 0.0586 0.0000 0.4035 0.0323 0.5057
85       85   (0)      9  : 1.0000 0.0000 0.0000 0.0000 0.0000 0.0000 0.0000 0.0000
86       86   (0)      9  : 1.0000 0.0000 0.0000 0.0000 0.0000 0.0000 0.0000 0.0000
87       87   (0)      9  : 1.0000 0.0000 0.0000 0.0000 0.0000 0.0000 0.0000 0.0000
88       88   (0)      9  : 0.0000 0.0000 0.9677 0.0000 0.0000 0.0000 0.0000 0.0323
89       89   (0)      9  : 0.0000 0.0000 0.9924 0.0000 0.0000 0.0000 0.0000 0.0076
90       90   (0)      9  : 0.6846 0.0000 0.0000 0.0000 0.0041 0.0000 0.3048 0.0065
91       91   (0)      9  : 0.0000 0.0000 0.0000 0.0000 1.0000 0.0000 0.0000 0.0000
92       92   (0)     10  : 0.0774 0.0000 0.3342 0.0081 0.0000 0.5476 0.0027 0.0301
93       93   (0)     11  : 0.1348 0.2000 0.0000 0.0229 0.0000 0.6366 0.0052 0.0005
94       94   (0)     11  : 0.0000 0.0000 0.0000 0.9416 0.0000 0.0000 0.0053 0.0531
95       95   (0)     11  : 0.0000 0.0000 0.0000 0.1707 0.0028 0.4392 0.0323 0.3550
96       96   (0)     12  : 0.0000 0.0000 0.0000 1.0000 0.0000 0.0000 0.0000 0.0000
97       97   (0)     12  : 0.0000 0.0000 0.0000 1.0000 0.0000 0.0000 0.0000 0.0000
98       98   (0)     12  : 0.0000 0.0000 0.0000 1.0000 0.0000 0.0000 0.0000 0.0000
99       99   (0)     12  : 0.0000 0.0000 0.0000 1.0000 0.0000 0.0000 0.0000 0.0000
100      100   (0)     12  : 0.0000 1.0000 0.0000 0.0000 0.0000 0.0000 0.0000 0.0000
101      101   (0)     13  : 0.0000 1.0000 0.0000 0.0000 0.0000 0.0000 0.0000 0.0000
102      102   (0)     13  : 0.0000 0.0000 0.0000 1.0000 0.0000 0.0000 0.0000 0.0000
103      103   (0)     14  : 0.0000 0.0000 0.8226 0.0000 0.0392 0.0737 0.0000 0.0645
104      104   (0)     14  : 0.0000 1.0000 0.0000 0.0000 0.0000 0.0000 0.0000 0.0000
105      105   (0)     14  : 0.0000 0.7441 0.0125 0.0144 0.0499 0.1756 0.0000 0.0035
106      106   (0)     14  : 0.0000 0.5278 0.0000 0.0000 0.0000 0.0323 0.0000 0.4399
107      107   (0)     14  : 0.0000 0.0000 0.0000 0.0000 1.0000 0.0000 0.0000 0.0000
108      108   (0)     15  : 0.0000 0.0094 0.0053 0.0125 0.0044 0.9677 0.0007 0.0000
109      109   (0)     15  : 0.0000 0.7785 0.0000 0.0000 0.0000 0.0147 0.0000 0.2068
110      110   (0)     15  : 0.0000 1.0000 0.0000 0.0000 0.0000 0.0000 0.0000 0.0000
111      111   (0)     15  : 1.0000 0.0000 0.0000 0.0000 0.0000 0.0000 0.0000 0.0000
112      112   (0)     15  : 0.0000 0.0000 0.6627 0.1896 0.0000 0.0920 0.0000 0.0557
113      113   (0)     15  : 0.0000 0.9900 0.0000 0.0100 0.0000 0.0000 0.0000 0.0000
114      114   (0)     15  : 0.0000 0.4775 0.0000 0.0368 0.0000 0.0323 0.0000 0.4535
