nohup: ignoring input
	-> angsd version: 0.940-dirty (htslib: 1.16) build(Sep 19 2025 12:28:47)
	-> /home/cns.local/michael.studivan/bin/angsd/angsd -b bamsClones -GL 1 -uniqueOnly 1 -remove_bads 1 -minMapQ 20 -minQ 30 -dosnpstat 1 -doHWE 1 -hwe_pval 1e-5 -sb_pval 1e-5 -hetbias_pval 1e-5 -skipTriallelic 1 -minInd 156 -snp_pval 1e-6 -minMaf 0.05 -doMajorMinor 1 -doMaf 1 -doCounts 1 -makeMatrix 1 -doIBS 1 -doCov 1 -doGeno 8 -doBcf 1 -doPost 1 -doGlf 2 -P 1 -out pstrClones 
	-> Inputtype is BAM/CRAM
[multiReader] 196 samples in 196 input files
	-> SNP-filter using a pvalue: 1.000000e-06 correspond to 23.928127 likelihood units

[bcfoutput] 	Please add the following parameters 
		 '-gl 1 -dopost 1 -domajorminor 1 -domaf 1 -dobcf 1 --ignore-RG 0 -dogeno 1 -docounts 1'

	-> Inputtype is BAM/CRAM
	-> Parsing 196 number of samples 
	-> Printing at chr: h1tg000001l pos:714222 chunknumber 100 contains 70 sites
	-> Printing at chr: h1tg000001l pos:1281266 chunknumber 200 contains 36 sites
	-> Printing at chr: h1tg000003l pos:103661 chunknumber 300 contains 108 sites
	-> Printing at chr: h1tg000003l pos:700495 chunknumber 400 contains 55 sites
	-> Printing at chr: h1tg000003l pos:1348225 chunknumber 500 contains 51 sites
	-> Printing at chr: h1tg000004l pos:247191 chunknumber 600 contains 36 sites
	-> Printing at chr: h1tg000007l pos:63019 chunknumber 700 contains 36 sites
	-> Printing at chr: h1tg000009l pos:169986 chunknumber 800 contains 74 sites
	-> Printing at chr: h1tg000009l pos:1066728 chunknumber 900 contains 37 sites
	-> Printing at chr: h1tg000011l pos:508288 chunknumber 1000 contains 37 sites
	-> Printing at chr: h1tg000011l pos:2690121 chunknumber 1100 contains 105 sites
	-> Printing at chr: h1tg000014l pos:188116 chunknumber 1200 contains 36 sites
	-> Printing at chr: h1tg000015l pos:347744 chunknumber 1300 contains 33 sites
	-> Printing at chr: h1tg000015l pos:998399 chunknumber 1400 contains 36 sites
	-> Printing at chr: h1tg000015l pos:1749812 chunknumber 1500 contains 36 sites
	-> Printing at chr: h1tg000015l pos:2383125 chunknumber 1600 contains 36 sites
	-> Printing at chr: h1tg000016l pos:249651 chunknumber 1700 contains 36 sites
	-> Printing at chr: h1tg000017l pos:264342 chunknumber 1800 contains 106 sites
	-> Printing at chr: h1tg000017l pos:962001 chunknumber 1900 contains 140 sites
	-> Printing at chr: h1tg000019l pos:230512 chunknumber 2000 contains 108 sites
	-> Printing at chr: h1tg000020l pos:468520 chunknumber 2100 contains 36 sites
	-> Printing at chr: h1tg000021l pos:578532 chunknumber 2200 contains 36 sites
	-> Printing at chr: h1tg000021l pos:1054713 chunknumber 2300 contains 36 sites
	-> Printing at chr: h1tg000021l pos:1869914 chunknumber 2400 contains 71 sites
	-> Printing at chr: h1tg000022l pos:139728 chunknumber 2500 contains 36 sites
	-> Printing at chr: h1tg000023l pos:198671 chunknumber 2600 contains 102 sites
	-> Printing at chr: h1tg000024l pos:283387 chunknumber 2700 contains 108 sites
	-> Printing at chr: h1tg000024l pos:956895 chunknumber 2800 contains 144 sites
	-> Printing at chr: h1tg000026l pos:111593 chunknumber 2900 contains 285 sites
	-> Printing at chr: h1tg000028l pos:122913 chunknumber 3000 contains 106 sites
	-> Printing at chr: h1tg000031l pos:290446 chunknumber 3100 contains 72 sites
	-> Printing at chr: h1tg000033l pos:399078 chunknumber 3200 contains 144 sites
	-> Printing at chr: h1tg000034l pos:165441 chunknumber 3300 contains 67 sites
	-> Printing at chr: h1tg000034l pos:873882 chunknumber 3400 contains 72 sites
	-> Printing at chr: h1tg000035l pos:265393 chunknumber 3500 contains 108 sites
	-> Printing at chr: h1tg000036l pos:844565 chunknumber 3600 contains 315 sites
	-> Printing at chr: h1tg000037l pos:556466 chunknumber 3700 contains 72 sites
	-> Printing at chr: h1tg000037l pos:1161143 chunknumber 3800 contains 72 sites
	-> Printing at chr: h1tg000037l pos:1780924 chunknumber 3900 contains 73 sites
	-> Printing at chr: h1tg000037l pos:2549955 chunknumber 4000 contains 72 sites
	-> Printing at chr: h1tg000038l pos:425000 chunknumber 4100 contains 108 sites
	-> Printing at chr: h1tg000039l pos:316106 chunknumber 4200 contains 36 sites
	-> Printing at chr: h1tg000040l pos:603039 chunknumber 4300 contains 108 sites
	-> Printing at chr: h1tg000042l pos:896415 chunknumber 4400 contains 72 sites
	-> Printing at chr: h1tg000042l pos:1504692 chunknumber 4500 contains 120 sites
	-> Printing at chr: h1tg000043l pos:542527 chunknumber 4600 contains 72 sites
	-> Printing at chr: h1tg000045l pos:178307 chunknumber 4700 contains 36 sites
	-> Printing at chr: h1tg000045l pos:988115 chunknumber 4800 contains 36 sites
	-> Printing at chr: h1tg000049l pos:557064 chunknumber 4900 contains 180 sites
	-> Printing at chr: h1tg000050l pos:469717 chunknumber 5000 contains 36 sites
	-> Printing at chr: h1tg000051l pos:477376 chunknumber 5100 contains 72 sites
	-> Printing at chr: h1tg000052l pos:201128 chunknumber 5200 contains 36 sites
	-> Printing at chr: h1tg000052l pos:692044 chunknumber 5300 contains 36 sites
	-> Printing at chr: h1tg000052l pos:1421061 chunknumber 5400 contains 72 sites
	-> Printing at chr: h1tg000054l pos:319062 chunknumber 5500 contains 72 sites
	-> Printing at chr: h1tg000054l pos:1190998 chunknumber 5600 contains 72 sites
	-> Printing at chr: h1tg000055l pos:441665 chunknumber 5700 contains 72 sites
	-> Printing at chr: h1tg000055l pos:1305745 chunknumber 5800 contains 74 sites
	-> Printing at chr: h1tg000055l pos:2044186 chunknumber 5900 contains 36 sites
	-> Printing at chr: h1tg000057l pos:161414 chunknumber 6000 contains 36 sites
	-> Printing at chr: h1tg000057l pos:587525 chunknumber 6100 contains 36 sites
	-> Printing at chr: h1tg000057l pos:1193785 chunknumber 6200 contains 180 sites
	-> Printing at chr: h1tg000059l pos:479335 chunknumber 6300 contains 72 sites
	-> Printing at chr: h1tg000062l pos:57260 chunknumber 6400 contains 108 sites
	-> Printing at chr: h1tg000064l pos:162924 chunknumber 6500 contains 143 sites
	-> Printing at chr: h1tg000065l pos:160788 chunknumber 6600 contains 36 sites
	-> Printing at chr: h1tg000067l pos:588801 chunknumber 6700 contains 36 sites
	-> Printing at chr: h1tg000068l pos:628755 chunknumber 6800 contains 324 sites
	-> Printing at chr: h1tg000069l pos:164122 chunknumber 6900 contains 95 sites
	-> Printing at chr: h1tg000070l pos:104410 chunknumber 7000 contains 36 sites
	-> Printing at chr: h1tg000071l pos:770430 chunknumber 7100 contains 36 sites
	-> Printing at chr: h1tg000072l pos:53905 chunknumber 7200 contains 283 sites
	-> Printing at chr: h1tg000072l pos:628730 chunknumber 7300 contains 36 sites
	-> Printing at chr: h1tg000072l pos:1506817 chunknumber 7400 contains 109 sites
	-> Printing at chr: h1tg000073l pos:231409 chunknumber 7500 contains 71 sites
	-> Printing at chr: h1tg000075l pos:88862 chunknumber 7600 contains 72 sites
	-> Printing at chr: h1tg000075l pos:752481 chunknumber 7700 contains 36 sites
	-> Printing at chr: h1tg000076l pos:31397 chunknumber 7800 contains 36 sites
	-> Printing at chr: h1tg000077l pos:11859 chunknumber 7900 contains 72 sites
	-> Printing at chr: h1tg000077l pos:782601 chunknumber 8000 contains 36 sites
	-> Printing at chr: h1tg000077l pos:1391037 chunknumber 8100 contains 69 sites
	-> Printing at chr: h1tg000078l pos:356534 chunknumber 8200 contains 72 sites
	-> Printing at chr: h1tg000078l pos:1020516 chunknumber 8300 contains 36 sites
	-> Printing at chr: h1tg000079l pos:298443 chunknumber 8400 contains 140 sites
	-> Printing at chr: h1tg000081l pos:223629 chunknumber 8500 contains 36 sites
	-> Printing at chr: h1tg000082l pos:1040682 chunknumber 8600 contains 81 sites
	-> Printing at chr: h1tg000083l pos:551917 chunknumber 8700 contains 36 sites
	-> Printing at chr: h1tg000084l pos:665543 chunknumber 8800 contains 36 sites
	-> Printing at chr: h1tg000085l pos:139092 chunknumber 8900 contains 465 sites
	-> Printing at chr: h1tg000085l pos:956387 chunknumber 9000 contains 144 sites
	-> Printing at chr: h1tg000085l pos:1454184 chunknumber 9100 contains 36 sites
	-> Printing at chr: h1tg000087l pos:127055 chunknumber 9200 contains 138 sites
	-> Printing at chr: h1tg000089l pos:286196 chunknumber 9300 contains 72 sites
	-> Printing at chr: h1tg000089l pos:861159 chunknumber 9400 contains 144 sites
	-> Printing at chr: h1tg000091l pos:677456 chunknumber 9500 contains 72 sites
	-> Printing at chr: h1tg000094l pos:623321 chunknumber 9600 contains 72 sites
	-> Printing at chr: h1tg000095l pos:234497 chunknumber 9700 contains 72 sites
	-> Printing at chr: h1tg000097l pos:75616 chunknumber 9800 contains 213 sites
	-> Printing at chr: h1tg000097l pos:496645 chunknumber 9900 contains 36 sites
	-> Printing at chr: h1tg000098l pos:180929 chunknumber 10000 contains 72 sites
	-> Printing at chr: h1tg000098l pos:764739 chunknumber 10100 contains 323 sites
	-> Printing at chr: h1tg000099l pos:516854 chunknumber 10200 contains 72 sites
	-> Printing at chr: h1tg000100l pos:460721 chunknumber 10300 contains 38 sites
	-> Printing at chr: h1tg000102l pos:231227 chunknumber 10400 contains 36 sites
	-> Printing at chr: h1tg000102l pos:891815 chunknumber 10500 contains 36 sites
	-> Printing at chr: h1tg000102l pos:1862336 chunknumber 10600 contains 36 sites
	-> Printing at chr: h1tg000103l pos:579528 chunknumber 10700 contains 84 sites
	-> Printing at chr: h1tg000104l pos:704379 chunknumber 10800 contains 27 sites
	-> Printing at chr: h1tg000105l pos:87750 chunknumber 10900 contains 36 sites
	-> Printing at chr: h1tg000105l pos:663565 chunknumber 11000 contains 36 sites
	-> Printing at chr: h1tg000105l pos:1656504 chunknumber 11100 contains 36 sites
	-> Printing at chr: h1tg000107l pos:749714 chunknumber 11200 contains 36 sites
	-> Printing at chr: h1tg000108l pos:561661 chunknumber 11300 contains 144 sites
	-> Printing at chr: h1tg000110l pos:209799 chunknumber 11400 contains 57 sites
	-> Printing at chr: h1tg000111l pos:689655 chunknumber 11500 contains 41 sites
	-> Printing at chr: h1tg000111l pos:1347504 chunknumber 11600 contains 36 sites
	-> Printing at chr: h1tg000114l pos:74382 chunknumber 11700 contains 37 sites
	-> Printing at chr: h1tg000115l pos:227256 chunknumber 11800 contains 72 sites
	-> Printing at chr: h1tg000117l pos:406792 chunknumber 11900 contains 216 sites
	-> Printing at chr: h1tg000117l pos:1094851 chunknumber 12000 contains 72 sites
	-> Printing at chr: h1tg000118l pos:397826 chunknumber 12100 contains 144 sites
	-> Printing at chr: h1tg000119l pos:375008 chunknumber 12200 contains 72 sites
	-> Printing at chr: h1tg000120l pos:295515 chunknumber 12300 contains 36 sites
	-> Printing at chr: h1tg000123l pos:7655 chunknumber 12400 contains 36 sites
	-> Printing at chr: h1tg000123l pos:608338 chunknumber 12500 contains 36 sites
	-> Printing at chr: h1tg000124l pos:434034 chunknumber 12600 contains 72 sites
	-> Printing at chr: h1tg000124l pos:881311 chunknumber 12700 contains 139 sites
	-> Printing at chr: h1tg000124l pos:1554109 chunknumber 12800 contains 72 sites
	-> Printing at chr: h1tg000125l pos:778605 chunknumber 12900 contains 72 sites
	-> Printing at chr: h1tg000125l pos:1442930 chunknumber 13000 contains 30 sites
	-> Printing at chr: h1tg000128l pos:5940 chunknumber 13100 contains 100 sites
	-> Printing at chr: h1tg000129l pos:249433 chunknumber 13200 contains 72 sites
	-> Printing at chr: h1tg000132l pos:247974 chunknumber 13300 contains 37 sites
	-> Printing at chr: h1tg000133l pos:289095 chunknumber 13400 contains 173 sites
	-> Printing at chr: h1tg000133l pos:860901 chunknumber 13500 contains 36 sites
	-> Printing at chr: h1tg000133l pos:1568651 chunknumber 13600 contains 36 sites
	-> Printing at chr: h1tg000134l pos:507849 chunknumber 13700 contains 36 sites
	-> Printing at chr: h1tg000135l pos:87895 chunknumber 13800 contains 36 sites
	-> Printing at chr: h1tg000135l pos:666188 chunknumber 13900 contains 72 sites
	-> Printing at chr: h1tg000135l pos:1294323 chunknumber 14000 contains 72 sites
	-> Printing at chr: h1tg000135l pos:1818430 chunknumber 14100 contains 72 sites
	-> Printing at chr: h1tg000136l pos:252528 chunknumber 14200 contains 105 sites
	-> Printing at chr: h1tg000136l pos:881015 chunknumber 14300 contains 177 sites
	-> Printing at chr: h1tg000137l pos:48726 chunknumber 14400 contains 107 sites
	-> Printing at chr: h1tg000138l pos:60714 chunknumber 14500 contains 36 sites
	-> Printing at chr: h1tg000138l pos:825238 chunknumber 14600 contains 120 sites
	-> Printing at chr: h1tg000140l pos:230295 chunknumber 14700 contains 36 sites
	-> Printing at chr: h1tg000140l pos:832049 chunknumber 14800 contains 499 sites
	-> Printing at chr: h1tg000140l pos:1544770 chunknumber 14900 contains 72 sites
	-> Printing at chr: h1tg000142l pos:108122 chunknumber 15000 contains 72 sites
	-> Printing at chr: h1tg000144l pos:78497 chunknumber 15100 contains 72 sites
	-> Printing at chr: h1tg000144l pos:709585 chunknumber 15200 contains 35 sites
	-> Printing at chr: h1tg000148l pos:20603 chunknumber 15300 contains 36 sites
	-> Printing at chr: h1tg000148l pos:623079 chunknumber 15400 contains 70 sites
	-> Printing at chr: h1tg000150l pos:155168 chunknumber 15500 contains 36 sites
	-> Printing at chr: h1tg000151l pos:63590 chunknumber 15600 contains 180 sites
	-> Printing at chr: h1tg000151l pos:756759 chunknumber 15700 contains 36 sites
	-> Printing at chr: h1tg000152l pos:300391 chunknumber 15800 contains 36 sites
	-> Printing at chr: h1tg000152l pos:892572 chunknumber 15900 contains 36 sites
	-> Printing at chr: h1tg000154l pos:69956 chunknumber 16000 contains 72 sites
	-> Printing at chr: h1tg000154l pos:568401 chunknumber 16100 contains 7 sites
	-> Printing at chr: h1tg000155l pos:675590 chunknumber 16200 contains 82 sites
	-> Printing at chr: h1tg000155l pos:1734512 chunknumber 16300 contains 70 sites
	-> Printing at chr: h1tg000155l pos:2475219 chunknumber 16400 contains 393 sites
	-> Printing at chr: h1tg000157l pos:1122731 chunknumber 16500 contains 69 sites
	-> Printing at chr: h1tg000158l pos:144598 chunknumber 16600 contains 36 sites
	-> Printing at chr: h1tg000160l pos:684444 chunknumber 16700 contains 108 sites
	-> Printing at chr: h1tg000163l pos:361506 chunknumber 16800 contains 165 sites
	-> Printing at chr: h1tg000163l pos:812005 chunknumber 16900 contains 36 sites
	-> Printing at chr: h1tg000163l pos:1299189 chunknumber 17000 contains 108 sites
	-> Printing at chr: h1tg000164l pos:231807 chunknumber 17100 contains 216 sites
	-> Printing at chr: h1tg000165l pos:219309 chunknumber 17200 contains 175 sites
	-> Printing at chr: h1tg000169l pos:244238 chunknumber 17300 contains 41 sites
	-> Printing at chr: h1tg000169l pos:1093299 chunknumber 17400 contains 36 sites
	-> Printing at chr: h1tg000169l pos:1990833 chunknumber 17500 contains 36 sites
	-> Printing at chr: h1tg000172l pos:27394 chunknumber 17600 contains 154 sites
	-> Printing at chr: h1tg000172l pos:1099965 chunknumber 17700 contains 63 sites
	-> Printing at chr: h1tg000174l pos:225902 chunknumber 17800 contains 36 sites
	-> Printing at chr: h1tg000174l pos:909555 chunknumber 17900 contains 36 sites
	-> Printing at chr: h1tg000175l pos:693091 chunknumber 18000 contains 109 sites
	-> Printing at chr: h1tg000176l pos:533536 chunknumber 18100 contains 36 sites
	-> Printing at chr: h1tg000179l pos:323953 chunknumber 18200 contains 177 sites
	-> Printing at chr: h1tg000180l pos:710098 chunknumber 18300 contains 36 sites
	-> Printing at chr: h1tg000183l pos:159337 chunknumber 18400 contains 144 sites
	-> Printing at chr: h1tg000183l pos:689339 chunknumber 18500 contains 71 sites
	-> Printing at chr: h1tg000183l pos:1340525 chunknumber 18600 contains 108 sites
	-> Printing at chr: h1tg000185l pos:119988 chunknumber 18700 contains 36 sites
	-> Printing at chr: h1tg000186l pos:361176 chunknumber 18800 contains 31 sites
	-> Printing at chr: h1tg000187l pos:710961 chunknumber 18900 contains 105 sites
	-> Printing at chr: h1tg000189l pos:448373 chunknumber 19000 contains 144 sites
	-> Printing at chr: h1tg000190l pos:491551 chunknumber 19100 contains 72 sites
	-> Printing at chr: h1tg000191l pos:525867 chunknumber 19200 contains 108 sites
	-> Printing at chr: h1tg000193l pos:179425 chunknumber 19300 contains 72 sites

	-> Allocated ~ 10 million nodes to the nodepool, this is not an estimate of the memory usage
	-> Printing at chr: h1tg000194l pos:563981 chunknumber 19400 contains 229 sites
	-> Printing at chr: h1tg000194l pos:1101467 chunknumber 19500 contains 73 sites
	-> Printing at chr: h1tg000196l pos:387893 chunknumber 19600 contains 72 sites
	-> Printing at chr: h1tg000199l pos:381248 chunknumber 19700 contains 144 sites
	-> Printing at chr: h1tg000201l pos:170070 chunknumber 19800 contains 178 sites
	-> Printing at chr: h1tg000202l pos:452351 chunknumber 19900 contains 36 sites
	-> Printing at chr: h1tg000203l pos:657192 chunknumber 20000 contains 1 sites
	-> Printing at chr: h1tg000204l pos:572894 chunknumber 20100 contains 72 sites
	-> Printing at chr: h1tg000207l pos:119673 chunknumber 20200 contains 71 sites
	-> Printing at chr: h1tg000208l pos:33885 chunknumber 20300 contains 214 sites
	-> Printing at chr: h1tg000209l pos:385840 chunknumber 20400 contains 108 sites
	-> Printing at chr: h1tg000209l pos:1028500 chunknumber 20500 contains 67 sites
	-> Printing at chr: h1tg000210l pos:723186 chunknumber 20600 contains 108 sites
	-> Printing at chr: h1tg000210l pos:1253138 chunknumber 20700 contains 36 sites
	-> Printing at chr: h1tg000211l pos:504320 chunknumber 20800 contains 38 sites
	-> Printing at chr: h1tg000211l pos:1179411 chunknumber 20900 contains 68 sites
	-> Printing at chr: h1tg000212l pos:778624 chunknumber 21000 contains 36 sites
	-> Printing at chr: h1tg000213l pos:19536 chunknumber 21100 contains 109 sites
	-> Printing at chr: h1tg000214l pos:502301 chunknumber 21200 contains 72 sites
	-> Printing at chr: h1tg000215l pos:256960 chunknumber 21300 contains 36 sites
	-> Printing at chr: h1tg000216l pos:343298 chunknumber 21400 contains 39 sites
	-> Printing at chr: h1tg000218l pos:163448 chunknumber 21500 contains 36 sites
	-> Printing at chr: h1tg000218l pos:726014 chunknumber 21600 contains 108 sites
	-> Printing at chr: h1tg000218l pos:1092339 chunknumber 21700 contains 36 sites
	-> Printing at chr: h1tg000222l pos:161614 chunknumber 21800 contains 36 sites
	-> Printing at chr: h1tg000222l pos:626415 chunknumber 21900 contains 72 sites
	-> Printing at chr: h1tg000222l pos:1200608 chunknumber 22000 contains 36 sites
	-> Printing at chr: h1tg000224l pos:130650 chunknumber 22100 contains 36 sites
	-> Printing at chr: h1tg000226l pos:387951 chunknumber 22200 contains 72 sites
	-> Printing at chr: h1tg000226l pos:1042911 chunknumber 22300 contains 36 sites
	-> Printing at chr: h1tg000227l pos:196257 chunknumber 22400 contains 36 sites
	-> Printing at chr: h1tg000227l pos:828302 chunknumber 22500 contains 36 sites
	-> Printing at chr: h1tg000228l pos:291113 chunknumber 22600 contains 70 sites
	-> Printing at chr: h1tg000228l pos:733681 chunknumber 22700 contains 69 sites
	-> Printing at chr: h1tg000228l pos:1420552 chunknumber 22800 contains 107 sites
	-> Printing at chr: h1tg000228l pos:1875528 chunknumber 22900 contains 72 sites
	-> Printing at chr: h1tg000230l pos:66241 chunknumber 23000 contains 98 sites
	-> Printing at chr: h1tg000232l pos:421055 chunknumber 23100 contains 36 sites
	-> Printing at chr: h1tg000233l pos:403192 chunknumber 23200 contains 71 sites
	-> Printing at chr: h1tg000234l pos:413421 chunknumber 23300 contains 72 sites
	-> Printing at chr: h1tg000237l pos:71751 chunknumber 23400 contains 108 sites
	-> Printing at chr: h1tg000239l pos:82329 chunknumber 23500 contains 36 sites
	-> Printing at chr: h1tg000240l pos:143679 chunknumber 23600 contains 35 sites
	-> Printing at chr: h1tg000241l pos:484812 chunknumber 23700 contains 72 sites
	-> Printing at chr: h1tg000242l pos:427742 chunknumber 23800 contains 107 sites
	-> Printing at chr: h1tg000243l pos:499738 chunknumber 23900 contains 72 sites
	-> Printing at chr: h1tg000244l pos:273060 chunknumber 24000 contains 36 sites
	-> Printing at chr: h1tg000246l pos:28798 chunknumber 24100 contains 37 sites
	-> Printing at chr: h1tg000246l pos:550168 chunknumber 24200 contains 216 sites
	-> Printing at chr: h1tg000246l pos:1431622 chunknumber 24300 contains 70 sites
	-> Printing at chr: h1tg000247l pos:415360 chunknumber 24400 contains 36 sites
	-> Printing at chr: h1tg000249l pos:509470 chunknumber 24500 contains 83 sites
	-> Printing at chr: h1tg000250l pos:308014 chunknumber 24600 contains 36 sites
	-> Printing at chr: h1tg000252l pos:244905 chunknumber 24700 contains 389 sites
	-> Printing at chr: h1tg000252l pos:889584 chunknumber 24800 contains 72 sites
	-> Printing at chr: h1tg000253l pos:56718 chunknumber 24900 contains 36 sites
	-> Printing at chr: h1tg000254l pos:486809 chunknumber 25000 contains 36 sites
	-> Printing at chr: h1tg000255l pos:52297 chunknumber 25100 contains 72 sites
	-> Printing at chr: h1tg000255l pos:571593 chunknumber 25200 contains 53 sites
	-> Printing at chr: h1tg000257l pos:249361 chunknumber 25300 contains 144 sites
	-> Printing at chr: h1tg000258l pos:422846 chunknumber 25400 contains 181 sites
	-> Printing at chr: h1tg000260l pos:914 chunknumber 25500 contains 320 sites
	-> Printing at chr: h1tg000261l pos:170383 chunknumber 25600 contains 72 sites
	-> Printing at chr: h1tg000264l pos:237887 chunknumber 25700 contains 36 sites
	-> Printing at chr: h1tg000266l pos:438672 chunknumber 25800 contains 106 sites
	-> Printing at chr: h1tg000267l pos:72734 chunknumber 25900 contains 39 sites
	-> Printing at chr: h1tg000269l pos:51053 chunknumber 26000 contains 72 sites
	-> Printing at chr: h1tg000269l pos:713794 chunknumber 26100 contains 36 sites
	-> Printing at chr: h1tg000269l pos:1180227 chunknumber 26200 contains 105 sites
	-> Printing at chr: h1tg000269l pos:1776827 chunknumber 26300 contains 36 sites
	-> Printing at chr: h1tg000271l pos:56956 chunknumber 26400 contains 39 sites
	-> Printing at chr: h1tg000271l pos:623445 chunknumber 26500 contains 36 sites
	-> Printing at chr: h1tg000273l pos:264791 chunknumber 26600 contains 72 sites
	-> Printing at chr: h1tg000278l pos:78886 chunknumber 26700 contains 36 sites
	-> Printing at chr: h1tg000278l pos:677979 chunknumber 26800 contains 72 sites
	-> Printing at chr: h1tg000278l pos:1221769 chunknumber 26900 contains 110 sites
	-> Printing at chr: h1tg000279l pos:597960 chunknumber 27000 contains 180 sites
	-> Printing at chr: h1tg000280l pos:609988 chunknumber 27100 contains 108 sites
	-> Printing at chr: h1tg000282l pos:14308 chunknumber 27200 contains 38 sites
	-> Printing at chr: h1tg000284l pos:210125 chunknumber 27300 contains 72 sites
	-> Printing at chr: h1tg000286l pos:36718 chunknumber 27400 contains 36 sites
	-> Printing at chr: h1tg000287l pos:142699 chunknumber 27500 contains 36 sites
	-> Printing at chr: h1tg000288l pos:665806 chunknumber 27600 contains 105 sites
	-> Printing at chr: h1tg000288l pos:1276473 chunknumber 27700 contains 36 sites
	-> Printing at chr: h1tg000289l pos:441442 chunknumber 27800 contains 219 sites
	-> Printing at chr: h1tg000290l pos:106699 chunknumber 27900 contains 37 sites
	-> Printing at chr: h1tg000292l pos:55983 chunknumber 28000 contains 144 sites
	-> Printing at chr: h1tg000294l pos:234158 chunknumber 28100 contains 36 sites
	-> Printing at chr: h1tg000295l pos:214264 chunknumber 28200 contains 174 sites
	-> Printing at chr: h1tg000296l pos:122814 chunknumber 28300 contains 141 sites
	-> Printing at chr: h1tg000298l pos:277679 chunknumber 28400 contains 72 sites
	-> Printing at chr: h1tg000299l pos:458290 chunknumber 28500 contains 36 sites
	-> Printing at chr: h1tg000300l pos:522282 chunknumber 28600 contains 36 sites
	-> Printing at chr: h1tg000302l pos:472722 chunknumber 28700 contains 70 sites
	-> Printing at chr: h1tg000304l pos:141608 chunknumber 28800 contains 36 sites
	-> Printing at chr: h1tg000304l pos:917744 chunknumber 28900 contains 70 sites
	-> Printing at chr: h1tg000306l pos:26848 chunknumber 29000 contains 252 sites
	-> Printing at chr: h1tg000310l pos:329052 chunknumber 29100 contains 42 sites
	-> Printing at chr: h1tg000310l pos:804178 chunknumber 29200 contains 36 sites
	-> Printing at chr: h1tg000311l pos:433786 chunknumber 29300 contains 72 sites
	-> Printing at chr: h1tg000312l pos:163958 chunknumber 29400 contains 72 sites
	-> Printing at chr: h1tg000314l pos:379746 chunknumber 29500 contains 316 sites
	-> Printing at chr: h1tg000315l pos:444337 chunknumber 29600 contains 1 sites
	-> Printing at chr: h1tg000316l pos:732424 chunknumber 29700 contains 41 sites
	-> Printing at chr: h1tg000318l pos:533483 chunknumber 29800 contains 36 sites
	-> Printing at chr: h1tg000320l pos:228400 chunknumber 29900 contains 144 sites
	-> Printing at chr: h1tg000320l pos:752689 chunknumber 30000 contains 36 sites
	-> Printing at chr: h1tg000320l pos:1268617 chunknumber 30100 contains 36 sites
	-> Printing at chr: h1tg000321l pos:606628 chunknumber 30200 contains 72 sites
	-> Printing at chr: h1tg000323l pos:179726 chunknumber 30300 contains 72 sites
	-> Printing at chr: h1tg000325l pos:469926 chunknumber 30400 contains 108 sites
	-> Printing at chr: h1tg000327l pos:220373 chunknumber 30500 contains 36 sites
	-> Printing at chr: h1tg000328l pos:371239 chunknumber 30600 contains 36 sites
	-> Printing at chr: h1tg000329l pos:587978 chunknumber 30700 contains 36 sites
	-> Printing at chr: h1tg000330l pos:455209 chunknumber 30800 contains 108 sites
	-> Printing at chr: h1tg000331l pos:158961 chunknumber 30900 contains 37 sites
	-> Printing at chr: h1tg000333l pos:135045 chunknumber 31000 contains 36 sites
	-> Printing at chr: h1tg000334l pos:622013 chunknumber 31100 contains 72 sites
	-> Printing at chr: h1tg000341l pos:113759 chunknumber 31200 contains 72 sites
	-> Printing at chr: h1tg000343l pos:220748 chunknumber 31300 contains 428 sites
	-> Printing at chr: h1tg000349l pos:295110 chunknumber 31400 contains 72 sites
	-> Printing at chr: h1tg000352l pos:126511 chunknumber 31500 contains 105 sites
	-> Printing at chr: h1tg000353l pos:462764 chunknumber 31600 contains 72 sites
	-> Printing at chr: h1tg000355l pos:47794 chunknumber 31700 contains 36 sites
	-> Printing at chr: h1tg000355l pos:630801 chunknumber 31800 contains 36 sites
	-> Printing at chr: h1tg000355l pos:1265514 chunknumber 31900 contains 72 sites
	-> Printing at chr: h1tg000355l pos:1804549 chunknumber 32000 contains 72 sites
	-> Printing at chr: h1tg000355l pos:2259061 chunknumber 32100 contains 144 sites
	-> Printing at chr: h1tg000356l pos:105757 chunknumber 32200 contains 108 sites
	-> Printing at chr: h1tg000357l pos:322719 chunknumber 32300 contains 72 sites
	-> Printing at chr: h1tg000359l pos:497533 chunknumber 32400 contains 36 sites
	-> Printing at chr: h1tg000362l pos:189788 chunknumber 32500 contains 36 sites
	-> Printing at chr: h1tg000363l pos:147298 chunknumber 32600 contains 36 sites
	-> Printing at chr: h1tg000363l pos:762259 chunknumber 32700 contains 36 sites
	-> Printing at chr: h1tg000364l pos:476407 chunknumber 32800 contains 180 sites
	-> Printing at chr: h1tg000369l pos:183521 chunknumber 32900 contains 71 sites
	-> Printing at chr: h1tg000370l pos:278308 chunknumber 33000 contains 72 sites
	-> Printing at chr: h1tg000371l pos:355464 chunknumber 33100 contains 72 sites
	-> Printing at chr: h1tg000372l pos:52251 chunknumber 33200 contains 36 sites
	-> Printing at chr: h1tg000372l pos:950507 chunknumber 33300 contains 36 sites
	-> Printing at chr: h1tg000373l pos:236786 chunknumber 33400 contains 108 sites
	-> Printing at chr: h1tg000377l pos:137735 chunknumber 33500 contains 36 sites
	-> Printing at chr: h1tg000377l pos:636189 chunknumber 33600 contains 36 sites
	-> Printing at chr: h1tg000380l pos:67540 chunknumber 33700 contains 85 sites
	-> Printing at chr: h1tg000380l pos:669536 chunknumber 33800 contains 283 sites
	-> Printing at chr: h1tg000382l pos:248003 chunknumber 33900 contains 104 sites
	-> Printing at chr: h1tg000386l pos:113635 chunknumber 34000 contains 320 sites
	-> Printing at chr: h1tg000387l pos:355216 chunknumber 34100 contains 72 sites
	-> Printing at chr: h1tg000389l pos:473203 chunknumber 34200 contains 106 sites
	-> Printing at chr: h1tg000389l pos:1681225 chunknumber 34300 contains 34 sites
	-> Printing at chr: h1tg000391l pos:204347 chunknumber 34400 contains 108 sites
	-> Printing at chr: h1tg000394l pos:272875 chunknumber 34500 contains 36 sites
	-> Printing at chr: h1tg000395l pos:378822 chunknumber 34600 contains 36 sites
	-> Printing at chr: h1tg000398l pos:136656 chunknumber 34700 contains 72 sites
	-> Printing at chr: h1tg000399l pos:134707 chunknumber 34800 contains 142 sites
	-> Printing at chr: h1tg000400l pos:66817 chunknumber 34900 contains 72 sites
	-> Printing at chr: h1tg000400l pos:754711 chunknumber 35000 contains 37 sites
	-> Printing at chr: h1tg000402l pos:180511 chunknumber 35100 contains 108 sites
	-> Printing at chr: h1tg000402l pos:676771 chunknumber 35200 contains 36 sites
	-> Printing at chr: h1tg000404l pos:64398 chunknumber 35300 contains 250 sites
	-> Printing at chr: h1tg000405l pos:194415 chunknumber 35400 contains 144 sites
	-> Printing at chr: h1tg000406l pos:112055 chunknumber 35500 contains 144 sites
	-> Printing at chr: h1tg000407l pos:99055 chunknumber 35600 contains 36 sites
	-> Printing at chr: h1tg000410l pos:205796 chunknumber 35700 contains 36 sites
	-> Printing at chr: h1tg000411l pos:294472 chunknumber 35800 contains 36 sites
	-> Printing at chr: h1tg000412l pos:536745 chunknumber 35900 contains 72 sites
	-> Printing at chr: h1tg000412l pos:1367096 chunknumber 36000 contains 108 sites
	-> Printing at chr: h1tg000415l pos:319791 chunknumber 36100 contains 144 sites
	-> Printing at chr: h1tg000418l pos:150873 chunknumber 36200 contains 143 sites
	-> Printing at chr: h1tg000419l pos:169143 chunknumber 36300 contains 247 sites
	-> Printing at chr: h1tg000420l pos:566456 chunknumber 36400 contains 108 sites
	-> Printing at chr: h1tg000421l pos:112024 chunknumber 36500 contains 249 sites
	-> Printing at chr: h1tg000422l pos:255084 chunknumber 36600 contains 144 sites
	-> Printing at chr: h1tg000428l pos:635676 chunknumber 36700 contains 35 sites
	-> Printing at chr: h1tg000430l pos:394342 chunknumber 36800 contains 117 sites
	-> Printing at chr: h1tg000431l pos:397106 chunknumber 36900 contains 71 sites
	-> Printing at chr: h1tg000431l pos:890008 chunknumber 37000 contains 72 sites
	-> Printing at chr: h1tg000433l pos:45956 chunknumber 37100 contains 36 sites
	-> Printing at chr: h1tg000433l pos:566967 chunknumber 37200 contains 107 sites
	-> Printing at chr: h1tg000433l pos:995354 chunknumber 37300 contains 36 sites
	-> Printing at chr: h1tg000437l pos:53451 chunknumber 37400 contains 36 sites
	-> Printing at chr: h1tg000438l pos:568531 chunknumber 37500 contains 108 sites
	-> Printing at chr: h1tg000439l pos:70030 chunknumber 37600 contains 72 sites
	-> Printing at chr: h1tg000439l pos:709498 chunknumber 37700 contains 36 sites
	-> Printing at chr: h1tg000444l pos:32591 chunknumber 37800 contains 81 sites
	-> Printing at chr: h1tg000445l pos:259215 chunknumber 37900 contains 217 sites
	-> Printing at chr: h1tg000446l pos:257194 chunknumber 38000 contains 36 sites
	-> Printing at chr: h1tg000446l pos:829225 chunknumber 38100 contains 77 sites
	-> Printing at chr: h1tg000449l pos:211797 chunknumber 38200 contains 69 sites
	-> Printing at chr: h1tg000450l pos:551636 chunknumber 38300 contains 36 sites
	-> Printing at chr: h1tg000450l pos:1086249 chunknumber 38400 contains 122 sites
	-> Printing at chr: h1tg000453l pos:229866 chunknumber 38500 contains 72 sites
	-> Printing at chr: h1tg000454l pos:218127 chunknumber 38600 contains 245 sites
	-> Printing at chr: h1tg000459l pos:246851 chunknumber 38700 contains 144 sites
	-> Printing at chr: h1tg000461l pos:401820 chunknumber 38800 contains 36 sites
	-> Printing at chr: h1tg000462l pos:278038 chunknumber 38900 contains 36 sites
	-> Printing at chr: h1tg000465l pos:100052 chunknumber 39000 contains 36 sites
	-> Printing at chr: h1tg000467l pos:772271 chunknumber 39100 contains 72 sites
	-> Printing at chr: h1tg000468l pos:298507 chunknumber 39200 contains 388 sites
	-> Printing at chr: h1tg000472l pos:267222 chunknumber 39300 contains 36 sites
	-> Printing at chr: h1tg000473l pos:448153 chunknumber 39400 contains 73 sites
	-> Printing at chr: h1tg000475l pos:111629 chunknumber 39500 contains 36 sites
	-> Printing at chr: h1tg000480l pos:408513 chunknumber 39600 contains 108 sites
	-> Printing at chr: h1tg000481l pos:406350 chunknumber 39700 contains 38 sites
	-> Printing at chr: h1tg000482l pos:50033 chunknumber 39800 contains 36 sites
	-> Printing at chr: h1tg000483l pos:358874 chunknumber 39900 contains 75 sites
	-> Printing at chr: h1tg000487l pos:119496 chunknumber 40000 contains 108 sites
	-> Printing at chr: h1tg000487l pos:808935 chunknumber 40100 contains 108 sites
	-> Printing at chr: h1tg000489l pos:88850 chunknumber 40200 contains 36 sites
	-> Printing at chr: h1tg000497l pos:168448 chunknumber 40300 contains 107 sites
	-> Printing at chr: h1tg000497l pos:888596 chunknumber 40400 contains 279 sites
	-> Printing at chr: h1tg000500l pos:325742 chunknumber 40500 contains 36 sites
	-> Printing at chr: h1tg000501l pos:253041 chunknumber 40600 contains 177 sites
	-> Printing at chr: h1tg000502l pos:246173 chunknumber 40700 contains 34 sites
	-> Printing at chr: h1tg000506l pos:549114 chunknumber 40800 contains 144 sites
	-> Printing at chr: h1tg000507l pos:232547 chunknumber 40900 contains 36 sites
	-> Printing at chr: h1tg000508l pos:315813 chunknumber 41000 contains 72 sites
	-> Printing at chr: h1tg000509l pos:335839 chunknumber 41100 contains 71 sites
	-> Printing at chr: h1tg000511l pos:460142 chunknumber 41200 contains 36 sites
	-> Printing at chr: h1tg000513l pos:198867 chunknumber 41300 contains 36 sites
	-> Printing at chr: h1tg000514l pos:195022 chunknumber 41400 contains 72 sites
	-> Printing at chr: h1tg000519l pos:102157 chunknumber 41500 contains 36 sites
	-> Printing at chr: h1tg000521l pos:263577 chunknumber 41600 contains 36 sites
	-> Printing at chr: h1tg000522l pos:97473 chunknumber 41700 contains 36 sites
	-> Printing at chr: h1tg000522l pos:725202 chunknumber 41800 contains 36 sites
	-> Printing at chr: h1tg000523l pos:601992 chunknumber 41900 contains 108 sites
	-> Printing at chr: h1tg000526l pos:324384 chunknumber 42000 contains 181 sites
	-> Printing at chr: h1tg000528l pos:325250 chunknumber 42100 contains 37 sites
	-> Printing at chr: h1tg000530l pos:110267 chunknumber 42200 contains 220 sites
	-> Printing at chr: h1tg000532l pos:128955 chunknumber 42300 contains 36 sites
	-> Printing at chr: h1tg000535l pos:401870 chunknumber 42400 contains 36 sites
	-> Printing at chr: h1tg000537l pos:257685 chunknumber 42500 contains 36 sites
	-> Printing at chr: h1tg000543l pos:485938 chunknumber 42600 contains 108 sites
	-> Printing at chr: h1tg000547l pos:37768 chunknumber 42700 contains 72 sites
	-> Printing at chr: h1tg000551l pos:11821 chunknumber 42800 contains 145 sites
	-> Printing at chr: h1tg000551l pos:751777 chunknumber 42900 contains 66 sites
	-> Printing at chr: h1tg000551l pos:1220861 chunknumber 43000 contains 141 sites
	-> Printing at chr: h1tg000555l pos:64654 chunknumber 43100 contains 142 sites
	-> Printing at chr: h1tg000557l pos:28314 chunknumber 43200 contains 36 sites
	-> Printing at chr: h1tg000560l pos:323343 chunknumber 43300 contains 36 sites
	-> Printing at chr: h1tg000563l pos:56393 chunknumber 43400 contains 180 sites
	-> Printing at chr: h1tg000565l pos:222782 chunknumber 43500 contains 66 sites
	-> Printing at chr: h1tg000566l pos:44136 chunknumber 43600 contains 322 sites
	-> Printing at chr: h1tg000569l pos:91561 chunknumber 43700 contains 211 sites
	-> Printing at chr: h1tg000569l pos:517705 chunknumber 43800 contains 66 sites
	-> Printing at chr: h1tg000569l pos:1183830 chunknumber 43900 contains 105 sites
	-> Printing at chr: h1tg000572l pos:55510 chunknumber 44000 contains 72 sites
	-> Printing at chr: h1tg000573l pos:447311 chunknumber 44100 contains 107 sites
	-> Printing at chr: h1tg000577l pos:80114 chunknumber 44200 contains 72 sites
	-> Printing at chr: h1tg000577l pos:703274 chunknumber 44300 contains 36 sites
	-> Printing at chr: h1tg000584l pos:198316 chunknumber 44400 contains 36 sites
	-> Printing at chr: h1tg000585l pos:616217 chunknumber 44500 contains 235 sites
	-> Printing at chr: h1tg000586l pos:591589 chunknumber 44600 contains 36 sites
	-> Printing at chr: h1tg000590l pos:38746 chunknumber 44700 contains 108 sites
	-> Printing at chr: h1tg000592l pos:150210 chunknumber 44800 contains 108 sites
	-> Printing at chr: h1tg000594l pos:279194 chunknumber 44900 contains 36 sites
	-> Printing at chr: h1tg000595l pos:455358 chunknumber 45000 contains 36 sites
	-> Printing at chr: h1tg000598l pos:89701 chunknumber 45100 contains 108 sites
	-> Printing at chr: h1tg000602l pos:399677 chunknumber 45200 contains 36 sites
	-> Printing at chr: h1tg000604l pos:399625 chunknumber 45300 contains 36 sites
	-> Printing at chr: h1tg000609l pos:528848 chunknumber 45400 contains 107 sites
	-> Printing at chr: h1tg000610l pos:235525 chunknumber 45500 contains 226 sites
	-> Printing at chr: h1tg000611l pos:484332 chunknumber 45600 contains 36 sites
	-> Printing at chr: h1tg000614l pos:155418 chunknumber 45700 contains 72 sites
	-> Printing at chr: h1tg000615l pos:406610 chunknumber 45800 contains 36 sites
	-> Printing at chr: h1tg000619l pos:3672 chunknumber 45900 contains 36 sites
	-> Printing at chr: h1tg000620l pos:477664 chunknumber 46000 contains 36 sites
	-> Printing at chr: h1tg000623l pos:105402 chunknumber 46100 contains 109 sites
	-> Printing at chr: h1tg000628l pos:257491 chunknumber 46200 contains 36 sites
	-> Printing at chr: h1tg000628l pos:828143 chunknumber 46300 contains 33 sites
	-> Printing at chr: h1tg000632l pos:175099 chunknumber 46400 contains 5 sites
	-> Printing at chr: h1tg000635l pos:80709 chunknumber 46500 contains 38 sites
	-> Printing at chr: h1tg000641l pos:90694 chunknumber 46600 contains 70 sites
	-> Printing at chr: h1tg000645l pos:102959 chunknumber 46700 contains 72 sites
	-> Printing at chr: h1tg000653l pos:88670 chunknumber 46800 contains 141 sites
	-> Printing at chr: h1tg000658l pos:64533 chunknumber 46900 contains 36 sites
	-> Printing at chr: h1tg000662l pos:143240 chunknumber 47000 contains 142 sites
	-> Printing at chr: h1tg000663l pos:347120 chunknumber 47100 contains 36 sites
	-> Printing at chr: h1tg000673l pos:50346 chunknumber 47200 contains 72 sites
	-> Printing at chr: h1tg000673l pos:742560 chunknumber 47300 contains 108 sites
	-> Printing at chr: h1tg000675l pos:37847 chunknumber 47400 contains 179 sites
	-> Printing at chr: h1tg000678l pos:497575 chunknumber 47500 contains 36 sites
	-> Printing at chr: h1tg000683l pos:5527 chunknumber 47600 contains 36 sites
	-> Printing at chr: h1tg000685l pos:671911 chunknumber 47700 contains 37 sites
	-> Printing at chr: h1tg000687l pos:55888 chunknumber 47800 contains 72 sites
	-> Printing at chr: h1tg000687l pos:735846 chunknumber 47900 contains 36 sites
	-> Printing at chr: h1tg000691l pos:99103 chunknumber 48000 contains 36 sites
	-> Printing at chr: h1tg000694l pos:183001 chunknumber 48100 contains 144 sites
	-> Printing at chr: h1tg000697l pos:546423 chunknumber 48200 contains 36 sites
	-> Printing at chr: h1tg000699l pos:127953 chunknumber 48300 contains 72 sites
	-> Printing at chr: h1tg000699l pos:811599 chunknumber 48400 contains 71 sites
	-> Printing at chr: h1tg000704l pos:12906 chunknumber 48500 contains 390 sites
	-> Printing at chr: h1tg000705l pos:464835 chunknumber 48600 contains 36 sites
	-> Printing at chr: h1tg000708l pos:293888 chunknumber 48700 contains 180 sites
	-> Printing at chr: h1tg000711l pos:546117 chunknumber 48800 contains 36 sites

	-> Allocated ~ 20 million nodes to the nodepool, this is not an estimate of the memory usage

	-> Allocated ~ 30 million nodes to the nodepool, this is not an estimate of the memory usage
	-> Printing at chr: h1tg000717l pos:319446 chunknumber 48900 contains 108 sites
	-> Printing at chr: h1tg000722l pos:33696 chunknumber 49000 contains 36 sites
	-> Printing at chr: h1tg000726l pos:58963 chunknumber 49100 contains 36 sites
	-> Printing at chr: h1tg000726l pos:611933 chunknumber 49200 contains 36 sites
	-> Printing at chr: h1tg000731l pos:273834 chunknumber 49300 contains 72 sites
	-> Printing at chr: h1tg000733l pos:102637 chunknumber 49400 contains 36 sites
	-> Printing at chr: h1tg000738l pos:173614 chunknumber 49500 contains 36 sites
	-> Printing at chr: h1tg000739l pos:554052 chunknumber 49600 contains 106 sites
	-> Printing at chr: h1tg000744l pos:34565 chunknumber 49700 contains 216 sites
	-> Printing at chr: h1tg000750l pos:49338 chunknumber 49800 contains 108 sites
	-> Printing at chr: h1tg000753l pos:120787 chunknumber 49900 contains 114 sites
	-> Printing at chr: h1tg000766l pos:31315 chunknumber 50000 contains 72 sites
	-> Printing at chr: h1tg000774l pos:127217 chunknumber 50100 contains 36 sites
	-> Printing at chr: h1tg000782l pos:79336 chunknumber 50200 contains 36 sites
	-> Printing at chr: h1tg000785l pos:121982 chunknumber 50300 contains 76 sites
	-> Printing at chr: h1tg000793l pos:167785 chunknumber 50400 contains 72 sites
	-> Printing at chr: h1tg000797l pos:401648 chunknumber 50500 contains 215 sites
	-> Printing at chr: h1tg000804l pos:71465 chunknumber 50600 contains 250 sites
	-> Printing at chr: h1tg000813l pos:22710 chunknumber 50700 contains 36 sites
	-> Printing at chr: h1tg000813l pos:526766 chunknumber 50800 contains 145 sites
	-> Printing at chr: h1tg000821l pos:212987 chunknumber 50900 contains 36 sites
	-> Printing at chr: h1tg000826l pos:397251 chunknumber 51000 contains 210 sites
	-> Printing at chr: h1tg000832l pos:3269 chunknumber 51100 contains 72 sites
	-> Printing at chr: h1tg000839l pos:165947 chunknumber 51200 contains 36 sites
	-> Printing at chr: h1tg000844l pos:4672 chunknumber 51300 contains 247 sites
	-> Printing at chr: h1tg000847l pos:145315 chunknumber 51400 contains 36 sites
	-> Printing at chr: h1tg000856l pos:151504 chunknumber 51500 contains 108 sites
	-> Printing at chr: h1tg000867l pos:29644 chunknumber 51600 contains 72 sites
	-> Printing at chr: h1tg000873l pos:169755 chunknumber 51700 contains 143 sites
	-> Printing at chr: h1tg000876l pos:25052 chunknumber 51800 contains 36 sites
	-> Printing at chr: h1tg000883l pos:146009 chunknumber 51900 contains 7 sites
	-> Printing at chr: h1tg000890l pos:35288 chunknumber 52000 contains 36 sites
	-> Printing at chr: h1tg000898l pos:385266 chunknumber 52100 contains 72 sites
	-> Printing at chr: h1tg000907l pos:156025 chunknumber 52200 contains 36 sites
	-> Printing at chr: h1tg000922l pos:137188 chunknumber 52300 contains 36 sites
	-> Printing at chr: h1tg000934l pos:139237 chunknumber 52400 contains 37 sites
	-> Printing at chr: h1tg000945l pos:30866 chunknumber 52500 contains 117 sites
	-> Printing at chr: h1tg000958l pos:298797 chunknumber 52600 contains 107 sites
	-> Printing at chr: h1tg000967l pos:181833 chunknumber 52700 contains 252 sites
	-> Printing at chr: h1tg000968l pos:284957 chunknumber 52800 contains 36 sites
	-> Printing at chr: h1tg000984l pos:263400 chunknumber 52900 contains 36 sites
	-> Printing at chr: h1tg000995l pos:21017 chunknumber 53000 contains 258 sites
	-> Printing at chr: h1tg001021l pos:43404 chunknumber 53100 contains 36 sites
	-> Printing at chr: h1tg001038l pos:20477 chunknumber 53200 contains 246 sites
	-> Printing at chr: h1tg001065l pos:47143 chunknumber 53300 contains 38 sites
	-> Printing at chr: h1tg001068l pos:132819 chunknumber 53400 contains 174 sites
	-> Printing at chr: h1tg001073l pos:199727 chunknumber 53500 contains 37 sites
	-> Printing at chr: h1tg001090l pos:19628 chunknumber 53600 contains 77 sites
	-> Printing at chr: h1tg001111l pos:39421 chunknumber 53700 contains 66 sites
	-> Printing at chr: h1tg001126l pos:42466 chunknumber 53800 contains 2 sites
	-> Printing at chr: h1tg001158l pos:67890 chunknumber 53900 contains 36 sites
	-> Printing at chr: h1tg001180l pos:31061 chunknumber 54000 contains 36 sites
	-> Printing at chr: h1tg001212l pos:17072 chunknumber 54100 contains 29 sites
	-> Printing at chr: h1tg001252l pos:165516 chunknumber 54200 contains 107 sites
	-> Printing at chr: h1tg001283l pos:7535 chunknumber 54300 contains 217 sites
	-> Printing at chr: h1tg001311l pos:61551 chunknumber 54400 contains 283 sites
	-> Printing at chr: h1tg001377l pos:69766 chunknumber 54500 contains 1 sites
	-> Printing at chr: h1tg001436l pos:38734 chunknumber 54600 contains 36 sites
	-> Printing at chr: h1tg001520l pos:17796 chunknumber 54700 contains 36 sites
	-> Printing at chr: h1tg001653l pos:17677 chunknumber 54800 contains 72 sites
	-> Printing at chr: h1tg001865l pos:33385 chunknumber 54900 contains 6 sites
	-> Printing at chr: h1tg002030l pos:9039 chunknumber 55000 contains 36 sites
	-> Printing at chr: h1tg002368l pos:10368 chunknumber 55100 contains 36 sites
	-> Printing at chr: h1tg002828l pos:1050 chunknumber 55200 contains 111 sites
	-> Printing at chr: h1tg003315l pos:10231 chunknumber 55300 contains 72 sites

	-> Done reading data waiting for calculations to finish
	-> Done waiting for threads
	-> Output filenames:
		->"pstrClones.arg"
		->"pstrClones.beagle.gz"
		->"pstrClones.mafs.gz"
		->"pstrClones.hwe.gz"
		->"pstrClones.geno.gz"
		->"pstrClones.snpStat.gz"
		->"pstrClones.ibs.gz"
		->"pstrClones.ibsMat"
		->"pstrClones.covMat"
		->"pstrClones.bcf"
	-> Wed Nov 12 11:31:48 2025
	-> Arguments and parameters for all analysis are located in .arg file
	-> Total number of sites analyzed: 5111264
	-> Number of sites retained after filtering: 10430 
	[ALL done] cpu-time used =  852.77 sec
	[ALL done] walltime used =  855.00 sec
