nohup: ignoring input
	-> angsd version: 0.940-dirty (htslib: 1.16) build(Sep 19 2025 12:28:47)
	-> /space/home/cns.local/michael.studivan/bin/angsd/angsd -b bamsNoClones -GL 1 -uniqueOnly 1 -remove_bads 1 -minMapQ 20 -minQ 30 -dosnpstat 1 -doHWE 1 -hwe_pval 1e-5 -sb_pval 1e-5 -hetbias_pval 1e-5 -skipTriallelic 1 -minInd 60 -snp_pval 1e-6 -minMaf 0.05 -doMajorMinor 1 -doMaf 1 -doCounts 1 -makeMatrix 1 -doIBS 1 -doCov 1 -doGeno 8 -doBcf 1 -doPost 1 -doGlf 2 -P 1 -out dlabNoClones 
	-> Inputtype is BAM/CRAM
[multiReader] 76 samples in 76 input files
	-> SNP-filter using a pvalue: 1.000000e-06 correspond to 23.928127 likelihood units

[bcfoutput] 	Please add the following parameters 
		 '-gl 1 -dopost 1 -domajorminor 1 -domaf 1 -dobcf 1 --ignore-RG 0 -dogeno 1 -docounts 1'

	-> Inputtype is BAM/CRAM
	-> Parsing 76 number of samples 
	-> Printing at chr: CBDIKJ010000001.1 pos:611319 chunknumber 100 contains 72 sites
	-> Printing at chr: CBDIKJ010000001.1 pos:1187178 chunknumber 200 contains 108 sites
	-> Printing at chr: CBDIKJ010000001.1 pos:1672570 chunknumber 300 contains 103 sites
	-> Printing at chr: CBDIKJ010000001.1 pos:2186071 chunknumber 400 contains 150 sites
	-> Printing at chr: CBDIKJ010000001.1 pos:2703613 chunknumber 500 contains 36 sites
	-> Printing at chr: CBDIKJ010000001.1 pos:3312300 chunknumber 600 contains 36 sites
	-> Printing at chr: CBDIKJ010000001.1 pos:3997646 chunknumber 700 contains 36 sites
	-> Printing at chr: CBDIKJ010000001.1 pos:4781494 chunknumber 800 contains 144 sites
	-> Printing at chr: CBDIKJ010000001.1 pos:5569106 chunknumber 900 contains 36 sites
	-> Printing at chr: CBDIKJ010000001.1 pos:6354831 chunknumber 1000 contains 255 sites
	-> Printing at chr: CBDIKJ010000001.1 pos:7002857 chunknumber 1100 contains 73 sites
	-> Printing at chr: CBDIKJ010000001.1 pos:7470175 chunknumber 1200 contains 102 sites
	-> Printing at chr: CBDIKJ010000001.1 pos:8030602 chunknumber 1300 contains 72 sites
	-> Printing at chr: CBDIKJ010000001.1 pos:8545541 chunknumber 1400 contains 36 sites
	-> Printing at chr: CBDIKJ010000001.1 pos:9028018 chunknumber 1500 contains 36 sites
	-> Printing at chr: CBDIKJ010000001.1 pos:9660667 chunknumber 1600 contains 72 sites
	-> Printing at chr: CBDIKJ010000001.1 pos:10349945 chunknumber 1700 contains 36 sites
	-> Printing at chr: CBDIKJ010000001.1 pos:11007060 chunknumber 1800 contains 36 sites
	-> Printing at chr: CBDIKJ010000001.1 pos:11693619 chunknumber 1900 contains 36 sites
	-> Printing at chr: CBDIKJ010000001.1 pos:12968802 chunknumber 2000 contains 36 sites
	-> Printing at chr: CBDIKJ010000001.1 pos:14397593 chunknumber 2100 contains 209 sites
	-> Printing at chr: CBDIKJ010000001.1 pos:16279144 chunknumber 2200 contains 36 sites
	-> Printing at chr: CBDIKJ010000001.1 pos:17457348 chunknumber 2300 contains 102 sites
	-> Printing at chr: CBDIKJ010000001.1 pos:18317283 chunknumber 2400 contains 36 sites
	-> Printing at chr: CBDIKJ010000001.1 pos:19092514 chunknumber 2500 contains 72 sites
	-> Printing at chr: CBDIKJ010000001.1 pos:20049572 chunknumber 2600 contains 144 sites
	-> Printing at chr: CBDIKJ010000001.1 pos:20754683 chunknumber 2700 contains 72 sites
	-> Printing at chr: CBDIKJ010000001.1 pos:21510274 chunknumber 2800 contains 36 sites
	-> Printing at chr: CBDIKJ010000001.1 pos:23213986 chunknumber 2900 contains 112 sites
	-> Printing at chr: CBDIKJ010000001.1 pos:24427016 chunknumber 3000 contains 72 sites
	-> Printing at chr: CBDIKJ010000001.1 pos:25525437 chunknumber 3100 contains 144 sites
	-> Printing at chr: CBDIKJ010000001.1 pos:26036125 chunknumber 3200 contains 36 sites
	-> Printing at chr: CBDIKJ010000001.1 pos:26503280 chunknumber 3300 contains 36 sites
	-> Printing at chr: CBDIKJ010000001.1 pos:26978566 chunknumber 3400 contains 147 sites
	-> Printing at chr: CBDIKJ010000001.1 pos:27444889 chunknumber 3500 contains 215 sites
	-> Printing at chr: CBDIKJ010000001.1 pos:28254084 chunknumber 3600 contains 38 sites
	-> Printing at chr: CBDIKJ010000002.1 pos:236828 chunknumber 3700 contains 36 sites
	-> Printing at chr: CBDIKJ010000002.1 pos:868730 chunknumber 3800 contains 36 sites
	-> Printing at chr: CBDIKJ010000002.1 pos:1676660 chunknumber 3900 contains 72 sites
	-> Printing at chr: CBDIKJ010000002.1 pos:2314115 chunknumber 4000 contains 36 sites
	-> Printing at chr: CBDIKJ010000002.1 pos:2830041 chunknumber 4100 contains 257 sites
	-> Printing at chr: CBDIKJ010000002.1 pos:3366768 chunknumber 4200 contains 36 sites
	-> Printing at chr: CBDIKJ010000002.1 pos:3937083 chunknumber 4300 contains 36 sites
	-> Printing at chr: CBDIKJ010000002.1 pos:4652337 chunknumber 4400 contains 36 sites
	-> Printing at chr: CBDIKJ010000002.1 pos:5193854 chunknumber 4500 contains 36 sites
	-> Printing at chr: CBDIKJ010000002.1 pos:5920162 chunknumber 4600 contains 36 sites
	-> Printing at chr: CBDIKJ010000002.1 pos:6525779 chunknumber 4700 contains 36 sites
	-> Printing at chr: CBDIKJ010000002.1 pos:7236509 chunknumber 4800 contains 69 sites
	-> Printing at chr: CBDIKJ010000002.1 pos:8050513 chunknumber 4900 contains 104 sites
	-> Printing at chr: CBDIKJ010000002.1 pos:8633740 chunknumber 5000 contains 72 sites
	-> Printing at chr: CBDIKJ010000002.1 pos:9199551 chunknumber 5100 contains 36 sites
	-> Printing at chr: CBDIKJ010000002.1 pos:9876774 chunknumber 5200 contains 36 sites
	-> Printing at chr: CBDIKJ010000002.1 pos:10789676 chunknumber 5300 contains 108 sites
	-> Printing at chr: CBDIKJ010000002.1 pos:11356786 chunknumber 5400 contains 36 sites
	-> Printing at chr: CBDIKJ010000002.1 pos:11866619 chunknumber 5500 contains 36 sites
	-> Printing at chr: CBDIKJ010000002.1 pos:12587778 chunknumber 5600 contains 72 sites
	-> Printing at chr: CBDIKJ010000002.1 pos:13187369 chunknumber 5700 contains 36 sites
	-> Printing at chr: CBDIKJ010000002.1 pos:13729573 chunknumber 5800 contains 36 sites
	-> Printing at chr: CBDIKJ010000002.1 pos:14404690 chunknumber 5900 contains 36 sites
	-> Printing at chr: CBDIKJ010000002.1 pos:14862251 chunknumber 6000 contains 72 sites
	-> Printing at chr: CBDIKJ010000002.1 pos:15489667 chunknumber 6100 contains 36 sites
	-> Printing at chr: CBDIKJ010000002.1 pos:15930050 chunknumber 6200 contains 36 sites
	-> Printing at chr: CBDIKJ010000002.1 pos:16370886 chunknumber 6300 contains 36 sites
	-> Printing at chr: CBDIKJ010000002.1 pos:17184965 chunknumber 6400 contains 72 sites
	-> Printing at chr: CBDIKJ010000002.1 pos:17974698 chunknumber 6500 contains 72 sites
	-> Printing at chr: CBDIKJ010000002.1 pos:18611663 chunknumber 6600 contains 36 sites
	-> Printing at chr: CBDIKJ010000003.1 pos:127443 chunknumber 6700 contains 108 sites
	-> Printing at chr: CBDIKJ010000003.1 pos:1106281 chunknumber 6800 contains 36 sites
	-> Printing at chr: CBDIKJ010000003.1 pos:1789876 chunknumber 6900 contains 36 sites
	-> Printing at chr: CBDIKJ010000003.1 pos:2589358 chunknumber 7000 contains 181 sites
	-> Printing at chr: CBDIKJ010000003.1 pos:3186750 chunknumber 7100 contains 180 sites
	-> Printing at chr: CBDIKJ010000003.1 pos:4010723 chunknumber 7200 contains 36 sites
	-> Printing at chr: CBDIKJ010000003.1 pos:4762504 chunknumber 7300 contains 107 sites
	-> Printing at chr: CBDIKJ010000003.1 pos:5581973 chunknumber 7400 contains 36 sites
	-> Printing at chr: CBDIKJ010000003.1 pos:6302119 chunknumber 7500 contains 36 sites
	-> Printing at chr: CBDIKJ010000003.1 pos:6784524 chunknumber 7600 contains 36 sites
	-> Printing at chr: CBDIKJ010000003.1 pos:7481700 chunknumber 7700 contains 36 sites
	-> Printing at chr: CBDIKJ010000003.1 pos:8487856 chunknumber 7800 contains 180 sites
	-> Printing at chr: CBDIKJ010000003.1 pos:9072588 chunknumber 7900 contains 69 sites
	-> Printing at chr: CBDIKJ010000003.1 pos:10099437 chunknumber 8000 contains 37 sites
	-> Printing at chr: CBDIKJ010000003.1 pos:10719157 chunknumber 8100 contains 37 sites
	-> Printing at chr: CBDIKJ010000003.1 pos:11384660 chunknumber 8200 contains 36 sites
	-> Printing at chr: CBDIKJ010000003.1 pos:12111322 chunknumber 8300 contains 36 sites
	-> Printing at chr: CBDIKJ010000003.1 pos:12776531 chunknumber 8400 contains 108 sites
	-> Printing at chr: CBDIKJ010000003.1 pos:13554238 chunknumber 8500 contains 467 sites
	-> Printing at chr: CBDIKJ010000003.1 pos:15235679 chunknumber 8600 contains 1050 sites
	-> Printing at chr: CBDIKJ010000003.1 pos:16520046 chunknumber 8700 contains 37 sites
	-> Printing at chr: CBDIKJ010000003.1 pos:17177360 chunknumber 8800 contains 36 sites
	-> Printing at chr: CBDIKJ010000004.1 pos:61160 chunknumber 8900 contains 36 sites
	-> Printing at chr: CBDIKJ010000004.1 pos:1122494 chunknumber 9000 contains 69 sites
	-> Printing at chr: CBDIKJ010000004.1 pos:1703237 chunknumber 9100 contains 36 sites
	-> Printing at chr: CBDIKJ010000004.1 pos:2678942 chunknumber 9200 contains 216 sites
	-> Printing at chr: CBDIKJ010000004.1 pos:3844420 chunknumber 9300 contains 72 sites
	-> Printing at chr: CBDIKJ010000004.1 pos:4913242 chunknumber 9400 contains 72 sites
	-> Printing at chr: CBDIKJ010000004.1 pos:5508800 chunknumber 9500 contains 108 sites
	-> Printing at chr: CBDIKJ010000004.1 pos:6582009 chunknumber 9600 contains 36 sites
	-> Printing at chr: CBDIKJ010000004.1 pos:7234443 chunknumber 9700 contains 36 sites
	-> Printing at chr: CBDIKJ010000004.1 pos:7872016 chunknumber 9800 contains 36 sites
	-> Printing at chr: CBDIKJ010000004.1 pos:8387718 chunknumber 9900 contains 36 sites
	-> Printing at chr: CBDIKJ010000004.1 pos:8866568 chunknumber 10000 contains 36 sites
	-> Printing at chr: CBDIKJ010000004.1 pos:9293679 chunknumber 10100 contains 36 sites
	-> Printing at chr: CBDIKJ010000004.1 pos:10067164 chunknumber 10200 contains 36 sites
	-> Printing at chr: CBDIKJ010000004.1 pos:10614338 chunknumber 10300 contains 252 sites
	-> Printing at chr: CBDIKJ010000004.1 pos:11210706 chunknumber 10400 contains 108 sites
	-> Printing at chr: CBDIKJ010000004.1 pos:12564120 chunknumber 10500 contains 36 sites
	-> Printing at chr: CBDIKJ010000004.1 pos:13822480 chunknumber 10600 contains 70 sites
	-> Printing at chr: CBDIKJ010000004.1 pos:14497565 chunknumber 10700 contains 180 sites
	-> Printing at chr: CBDIKJ010000004.1 pos:15529901 chunknumber 10800 contains 36 sites
	-> Printing at chr: CBDIKJ010000004.1 pos:16285345 chunknumber 10900 contains 36 sites
	-> Printing at chr: CBDIKJ010000004.1 pos:16871591 chunknumber 11000 contains 72 sites
	-> Printing at chr: CBDIKJ010000005.1 pos:60588 chunknumber 11100 contains 36 sites
	-> Printing at chr: CBDIKJ010000005.1 pos:776418 chunknumber 11200 contains 72 sites
	-> Printing at chr: CBDIKJ010000005.1 pos:1324010 chunknumber 11300 contains 72 sites
	-> Printing at chr: CBDIKJ010000005.1 pos:1733488 chunknumber 11400 contains 139 sites
	-> Printing at chr: CBDIKJ010000005.1 pos:2227813 chunknumber 11500 contains 73 sites
	-> Printing at chr: CBDIKJ010000005.1 pos:2873231 chunknumber 11600 contains 36 sites
	-> Printing at chr: CBDIKJ010000005.1 pos:3590743 chunknumber 11700 contains 108 sites
	-> Printing at chr: CBDIKJ010000005.1 pos:4205864 chunknumber 11800 contains 99 sites
	-> Printing at chr: CBDIKJ010000005.1 pos:4996632 chunknumber 11900 contains 71 sites
	-> Printing at chr: CBDIKJ010000005.1 pos:5455983 chunknumber 12000 contains 142 sites
	-> Printing at chr: CBDIKJ010000005.1 pos:6267293 chunknumber 12100 contains 72 sites
	-> Printing at chr: CBDIKJ010000005.1 pos:7067341 chunknumber 12200 contains 36 sites
	-> Printing at chr: CBDIKJ010000005.1 pos:7626998 chunknumber 12300 contains 36 sites
	-> Printing at chr: CBDIKJ010000005.1 pos:8086628 chunknumber 12400 contains 36 sites
	-> Printing at chr: CBDIKJ010000005.1 pos:8720905 chunknumber 12500 contains 36 sites
	-> Printing at chr: CBDIKJ010000005.1 pos:9491446 chunknumber 12600 contains 36 sites
	-> Printing at chr: CBDIKJ010000005.1 pos:10261798 chunknumber 12700 contains 36 sites
	-> Printing at chr: CBDIKJ010000005.1 pos:11002848 chunknumber 12800 contains 324 sites
	-> Printing at chr: CBDIKJ010000005.1 pos:12076815 chunknumber 12900 contains 106 sites
	-> Printing at chr: CBDIKJ010000005.1 pos:12729770 chunknumber 13000 contains 37 sites
	-> Printing at chr: CBDIKJ010000006.1 pos:86958 chunknumber 13100 contains 72 sites
	-> Printing at chr: CBDIKJ010000006.1 pos:1089226 chunknumber 13200 contains 37 sites
	-> Printing at chr: CBDIKJ010000006.1 pos:1700823 chunknumber 13300 contains 36 sites
	-> Printing at chr: CBDIKJ010000006.1 pos:2267262 chunknumber 13400 contains 36 sites
	-> Printing at chr: CBDIKJ010000006.1 pos:3035566 chunknumber 13500 contains 36 sites
	-> Printing at chr: CBDIKJ010000006.1 pos:3665376 chunknumber 13600 contains 72 sites
	-> Printing at chr: CBDIKJ010000006.1 pos:4251036 chunknumber 13700 contains 145 sites
	-> Printing at chr: CBDIKJ010000006.1 pos:4890787 chunknumber 13800 contains 108 sites
	-> Printing at chr: CBDIKJ010000006.1 pos:6040788 chunknumber 13900 contains 36 sites
	-> Printing at chr: CBDIKJ010000006.1 pos:6915819 chunknumber 14000 contains 72 sites
	-> Printing at chr: CBDIKJ010000006.1 pos:7340213 chunknumber 14100 contains 36 sites
	-> Printing at chr: CBDIKJ010000006.1 pos:7912174 chunknumber 14200 contains 36 sites
	-> Printing at chr: CBDIKJ010000006.1 pos:8558346 chunknumber 14300 contains 36 sites
	-> Printing at chr: CBDIKJ010000006.1 pos:9421863 chunknumber 14400 contains 36 sites
	-> Printing at chr: CBDIKJ010000006.1 pos:10170693 chunknumber 14500 contains 36 sites
	-> Printing at chr: CBDIKJ010000006.1 pos:11348824 chunknumber 14600 contains 71 sites
	-> Printing at chr: CBDIKJ010000006.1 pos:12181703 chunknumber 14700 contains 36 sites
	-> Printing at chr: CBDIKJ010000007.1 pos:152459 chunknumber 14800 contains 72 sites
	-> Printing at chr: CBDIKJ010000007.1 pos:897984 chunknumber 14900 contains 73 sites
	-> Printing at chr: CBDIKJ010000007.1 pos:1525427 chunknumber 15000 contains 36 sites
	-> Printing at chr: CBDIKJ010000007.1 pos:2078372 chunknumber 15100 contains 72 sites
	-> Printing at chr: CBDIKJ010000007.1 pos:3085413 chunknumber 15200 contains 36 sites
	-> Printing at chr: CBDIKJ010000007.1 pos:5037680 chunknumber 15300 contains 72 sites
	-> Printing at chr: CBDIKJ010000007.1 pos:5950030 chunknumber 15400 contains 64 sites
	-> Printing at chr: CBDIKJ010000007.1 pos:6658826 chunknumber 15500 contains 72 sites
	-> Printing at chr: CBDIKJ010000007.1 pos:7718044 chunknumber 15600 contains 36 sites
	-> Printing at chr: CBDIKJ010000007.1 pos:9027003 chunknumber 15700 contains 212 sites
	-> Printing at chr: CBDIKJ010000007.1 pos:9984210 chunknumber 15800 contains 66 sites
	-> Printing at chr: CBDIKJ010000007.1 pos:10739365 chunknumber 15900 contains 143 sites
	-> Printing at chr: CBDIKJ010000007.1 pos:11498131 chunknumber 16000 contains 36 sites
	-> Printing at chr: CBDIKJ010000007.1 pos:12067438 chunknumber 16100 contains 36 sites
	-> Printing at chr: CBDIKJ010000008.1 pos:175787 chunknumber 16200 contains 36 sites
	-> Printing at chr: CBDIKJ010000008.1 pos:629151 chunknumber 16300 contains 72 sites
	-> Printing at chr: CBDIKJ010000008.1 pos:1137943 chunknumber 16400 contains 36 sites
	-> Printing at chr: CBDIKJ010000008.1 pos:1805553 chunknumber 16500 contains 72 sites
	-> Printing at chr: CBDIKJ010000008.1 pos:2476864 chunknumber 16600 contains 216 sites
	-> Printing at chr: CBDIKJ010000008.1 pos:3095757 chunknumber 16700 contains 72 sites
	-> Printing at chr: CBDIKJ010000008.1 pos:3728383 chunknumber 16800 contains 36 sites
	-> Printing at chr: CBDIKJ010000008.1 pos:4443577 chunknumber 16900 contains 36 sites
	-> Printing at chr: CBDIKJ010000008.1 pos:5074301 chunknumber 17000 contains 36 sites
	-> Printing at chr: CBDIKJ010000008.1 pos:5747445 chunknumber 17100 contains 72 sites
	-> Printing at chr: CBDIKJ010000008.1 pos:6459509 chunknumber 17200 contains 645 sites
	-> Printing at chr: CBDIKJ010000008.1 pos:7377829 chunknumber 17300 contains 36 sites
	-> Printing at chr: CBDIKJ010000008.1 pos:8784908 chunknumber 17400 contains 36 sites
	-> Printing at chr: CBDIKJ010000008.1 pos:9680379 chunknumber 17500 contains 72 sites
	-> Printing at chr: CBDIKJ010000008.1 pos:10400594 chunknumber 17600 contains 36 sites
	-> Printing at chr: CBDIKJ010000008.1 pos:11127542 chunknumber 17700 contains 36 sites
	-> Printing at chr: CBDIKJ010000008.1 pos:11984835 chunknumber 17800 contains 36 sites
	-> Printing at chr: CBDIKJ010000009.1 pos:536318 chunknumber 17900 contains 36 sites
	-> Printing at chr: CBDIKJ010000009.1 pos:1127671 chunknumber 18000 contains 141 sites
	-> Printing at chr: CBDIKJ010000009.1 pos:1935894 chunknumber 18100 contains 72 sites
	-> Printing at chr: CBDIKJ010000009.1 pos:2579723 chunknumber 18200 contains 36 sites
	-> Printing at chr: CBDIKJ010000009.1 pos:3580987 chunknumber 18300 contains 36 sites
	-> Printing at chr: CBDIKJ010000009.1 pos:4388858 chunknumber 18400 contains 72 sites
	-> Printing at chr: CBDIKJ010000009.1 pos:4976508 chunknumber 18500 contains 72 sites
	-> Printing at chr: CBDIKJ010000009.1 pos:5696504 chunknumber 18600 contains 36 sites
	-> Printing at chr: CBDIKJ010000009.1 pos:6254516 chunknumber 18700 contains 370 sites
	-> Printing at chr: CBDIKJ010000009.1 pos:6825558 chunknumber 18800 contains 108 sites
	-> Printing at chr: CBDIKJ010000009.1 pos:7479665 chunknumber 18900 contains 72 sites
	-> Printing at chr: CBDIKJ010000009.1 pos:8027166 chunknumber 19000 contains 36 sites
	-> Printing at chr: CBDIKJ010000009.1 pos:8599230 chunknumber 19100 contains 36 sites
	-> Printing at chr: CBDIKJ010000009.1 pos:9130608 chunknumber 19200 contains 36 sites
	-> Printing at chr: CBDIKJ010000010.1 pos:278494 chunknumber 19300 contains 72 sites
	-> Printing at chr: CBDIKJ010000010.1 pos:885644 chunknumber 19400 contains 36 sites
	-> Printing at chr: CBDIKJ010000010.1 pos:1698259 chunknumber 19500 contains 142 sites
	-> Printing at chr: CBDIKJ010000010.1 pos:4139831 chunknumber 19600 contains 72 sites
	-> Printing at chr: CBDIKJ010000010.1 pos:5809071 chunknumber 19700 contains 99 sites
	-> Printing at chr: CBDIKJ010000010.1 pos:6601253 chunknumber 19800 contains 97 sites
	-> Printing at chr: CBDIKJ010000010.1 pos:7337471 chunknumber 19900 contains 108 sites
	-> Printing at chr: CBDIKJ010000010.1 pos:7951304 chunknumber 20000 contains 36 sites
	-> Printing at chr: CBDIKJ010000011.1 pos:38802 chunknumber 20100 contains 36 sites
	-> Printing at chr: CBDIKJ010000012.1 pos:568942 chunknumber 20200 contains 36 sites
	-> Printing at chr: CBDIKJ010000012.1 pos:1132571 chunknumber 20300 contains 36 sites
	-> Printing at chr: CBDIKJ010000012.1 pos:2018830 chunknumber 20400 contains 36 sites
	-> Printing at chr: CBDIKJ010000012.1 pos:2689829 chunknumber 20500 contains 36 sites
	-> Printing at chr: CBDIKJ010000012.1 pos:3372001 chunknumber 20600 contains 36 sites
	-> Printing at chr: CBDIKJ010000012.1 pos:4016767 chunknumber 20700 contains 36 sites
	-> Printing at chr: CBDIKJ010000012.1 pos:4557993 chunknumber 20800 contains 36 sites
	-> Printing at chr: CBDIKJ010000012.1 pos:5043245 chunknumber 20900 contains 72 sites
	-> Printing at chr: CBDIKJ010000012.1 pos:5599751 chunknumber 21000 contains 70 sites
	-> Printing at chr: CBDIKJ010000012.1 pos:6257430 chunknumber 21100 contains 36 sites
	-> Printing at chr: CBDIKJ010000012.1 pos:7029372 chunknumber 21200 contains 36 sites
	-> Printing at chr: CBDIKJ010000012.1 pos:7585234 chunknumber 21300 contains 36 sites
	-> Printing at chr: CBDIKJ010000012.1 pos:8406363 chunknumber 21400 contains 177 sites
	-> Printing at chr: CBDIKJ010000013.1 pos:499004 chunknumber 21500 contains 72 sites
	-> Printing at chr: CBDIKJ010000013.1 pos:1142216 chunknumber 21600 contains 36 sites
	-> Printing at chr: CBDIKJ010000013.1 pos:1746423 chunknumber 21700 contains 105 sites
	-> Printing at chr: CBDIKJ010000013.1 pos:2389976 chunknumber 21800 contains 321 sites
	-> Printing at chr: CBDIKJ010000013.1 pos:3165034 chunknumber 21900 contains 36 sites
	-> Printing at chr: CBDIKJ010000013.1 pos:3809829 chunknumber 22000 contains 138 sites
	-> Printing at chr: CBDIKJ010000013.1 pos:4589058 chunknumber 22100 contains 142 sites
	-> Printing at chr: CBDIKJ010000013.1 pos:5210512 chunknumber 22200 contains 71 sites
	-> Printing at chr: CBDIKJ010000013.1 pos:5858156 chunknumber 22300 contains 72 sites
	-> Printing at chr: CBDIKJ010000013.1 pos:6499875 chunknumber 22400 contains 156 sites
	-> Printing at chr: CBDIKJ010000013.1 pos:7441790 chunknumber 22500 contains 36 sites
	-> Printing at chr: CBDIKJ010000013.1 pos:8019663 chunknumber 22600 contains 177 sites
	-> Printing at chr: CBDIKJ010000014.1 pos:472616 chunknumber 22700 contains 36 sites
	-> Printing at chr: CBDIKJ010000014.1 pos:972266 chunknumber 22800 contains 36 sites
	-> Printing at chr: CBDIKJ010000014.1 pos:1849968 chunknumber 22900 contains 141 sites
	-> Printing at chr: CBDIKJ010000014.1 pos:2578478 chunknumber 23000 contains 36 sites
	-> Printing at chr: CBDIKJ010000014.1 pos:3524075 chunknumber 23100 contains 36 sites
	-> Printing at chr: CBDIKJ010000014.1 pos:4443505 chunknumber 23200 contains 46 sites
	-> Printing at chr: CBDIKJ010000014.1 pos:4839670 chunknumber 23300 contains 36 sites
	-> Printing at chr: CBDIKJ010000014.1 pos:5497238 chunknumber 23400 contains 69 sites
	-> Printing at chr: CBDIKJ010000014.1 pos:6228224 chunknumber 23500 contains 36 sites
	-> Printing at chr: CBDIKJ010000015.1 pos:72957 chunknumber 23600 contains 37 sites
	-> Printing at chr: CBDIKJ010000015.1 pos:815956 chunknumber 23700 contains 72 sites
	-> Printing at chr: CBDIKJ010000015.1 pos:1258221 chunknumber 23800 contains 72 sites
	-> Printing at chr: CBDIKJ010000015.1 pos:1793938 chunknumber 23900 contains 117 sites
	-> Printing at chr: CBDIKJ010000015.1 pos:2549758 chunknumber 24000 contains 36 sites
	-> Printing at chr: CBDIKJ010000015.1 pos:3266496 chunknumber 24100 contains 36 sites
	-> Printing at chr: CBDIKJ010000015.1 pos:3967415 chunknumber 24200 contains 36 sites
	-> Printing at chr: CBDIKJ010000016.1 pos:423124 chunknumber 24300 contains 36 sites
	-> Printing at chr: CBDIKJ010000016.1 pos:984629 chunknumber 24400 contains 36 sites
	-> Printing at chr: CBDIKJ010000016.1 pos:1722494 chunknumber 24500 contains 36 sites
	-> Printing at chr: CBDIKJ010000016.1 pos:2365798 chunknumber 24600 contains 68 sites
	-> Printing at chr: CBDIKJ010000016.1 pos:2944798 chunknumber 24700 contains 138 sites
	-> Printing at chr: CBDIKJ010000017.1 pos:475341 chunknumber 24800 contains 180 sites
	-> Printing at chr: CBDIKJ010000018.1 pos:288966 chunknumber 24900 contains 36 sites
	-> Printing at chr: CBDIKJ010000018.1 pos:797153 chunknumber 25000 contains 36 sites
	-> Printing at chr: CBDIKJ010000019.1 pos:533272 chunknumber 25100 contains 144 sites
	-> Printing at chr: CBDIKJ010000020.1 pos:294224 chunknumber 25200 contains 36 sites
	-> Printing at chr: CBDIKJ010000021.1 pos:262447 chunknumber 25300 contains 144 sites
	-> Printing at chr: CBDIKJ010000022.1 pos:451748 chunknumber 25400 contains 70 sites
	-> Printing at chr: CBDIKJ010000023.1 pos:530120 chunknumber 25500 contains 36 sites
	-> Printing at chr: CBDIKJ010000025.1 pos:98086 chunknumber 25600 contains 541 sites
	-> Printing at chr: CBDIKJ010000026.1 pos:158793 chunknumber 25700 contains 36 sites
	-> Printing at chr: CBDIKJ010000027.1 pos:456906 chunknumber 25800 contains 36 sites
	-> Printing at chr: CBDIKJ010000029.1 pos:84437 chunknumber 25900 contains 108 sites
	-> Printing at chr: CBDIKJ010000031.1 pos:136314 chunknumber 26000 contains 72 sites
	-> Printing at chr: CBDIKJ010000033.1 pos:2081 chunknumber 26100 contains 144 sites
	-> Printing at chr: CBDIKJ010000036.1 pos:57621 chunknumber 26200 contains 252 sites
	-> Printing at chr: CBDIKJ010000038.1 pos:237496 chunknumber 26300 contains 179 sites
	-> Printing at chr: CBDIKJ010000041.1 pos:172244 chunknumber 26400 contains 36 sites
	-> Printing at chr: CBDIKJ010000044.1 pos:126940 chunknumber 26500 contains 36 sites
	-> Printing at chr: CBDIKJ010000046.1 pos:199189 chunknumber 26600 contains 72 sites
	-> Printing at chr: CBDIKJ010000050.1 pos:154753 chunknumber 26700 contains 36 sites
	-> Printing at chr: CBDIKJ010000053.1 pos:191143 chunknumber 26800 contains 36 sites
	-> Printing at chr: CBDIKJ010000058.1 pos:143165 chunknumber 26900 contains 36 sites
	-> Printing at chr: CBDIKJ010000063.1 pos:149875 chunknumber 27000 contains 1 sites
	-> Printing at chr: CBDIKJ010000067.1 pos:74610 chunknumber 27100 contains 105 sites
	-> Printing at chr: CBDIKJ010000072.1 pos:53740 chunknumber 27200 contains 72 sites
	-> Printing at chr: CBDIKJ010000078.1 pos:52032 chunknumber 27300 contains 72 sites
	-> Printing at chr: CBDIKJ010000081.1 pos:166970 chunknumber 27400 contains 36 sites
	-> Printing at chr: CBDIKJ010000085.1 pos:158371 chunknumber 27500 contains 36 sites
	-> Printing at chr: CBDIKJ010000090.1 pos:150694 chunknumber 27600 contains 36 sites
	-> Printing at chr: CBDIKJ010000096.1 pos:49092 chunknumber 27700 contains 72 sites
	-> Printing at chr: CBDIKJ010000102.1 pos:41977 chunknumber 27800 contains 36 sites
	-> Printing at chr: CBDIKJ010000108.1 pos:102376 chunknumber 27900 contains 36 sites
	-> Printing at chr: CBDIKJ010000112.1 pos:138263 chunknumber 28000 contains 36 sites
	-> Printing at chr: CBDIKJ010000117.1 pos:60109 chunknumber 28100 contains 36 sites
	-> Printing at chr: CBDIKJ010000120.1 pos:138046 chunknumber 28200 contains 2 sites
	-> Printing at chr: CBDIKJ010000127.1 pos:73243 chunknumber 28300 contains 72 sites
	-> Printing at chr: CBDIKJ010000133.1 pos:20757 chunknumber 28400 contains 141 sites
	-> Printing at chr: CBDIKJ010000139.1 pos:123670 chunknumber 28500 contains 2 sites
	-> Printing at chr: CBDIKJ010000145.1 pos:14395 chunknumber 28600 contains 36 sites
	-> Printing at chr: CBDIKJ010000152.1 pos:65583 chunknumber 28700 contains 72 sites
	-> Printing at chr: CBDIKJ010000160.1 pos:57297 chunknumber 28800 contains 73 sites
	-> Printing at chr: CBDIKJ010000167.1 pos:39239 chunknumber 28900 contains 36 sites
	-> Printing at chr: CBDIKJ010000172.1 pos:106266 chunknumber 29000 contains 36 sites
	-> Printing at chr: CBDIKJ010000180.1 pos:42073 chunknumber 29100 contains 36 sites
	-> Printing at chr: CBDIKJ010000188.1 pos:74961 chunknumber 29200 contains 36 sites
	-> Printing at chr: CBDIKJ010000196.1 pos:22804 chunknumber 29300 contains 36 sites
	-> Printing at chr: CBDIKJ010000204.1 pos:68755 chunknumber 29400 contains 144 sites
	-> Printing at chr: CBDIKJ010000215.1 pos:60455 chunknumber 29500 contains 72 sites
	-> Printing at chr: CBDIKJ010000221.1 pos:95959 chunknumber 29600 contains 34 sites
	-> Printing at chr: CBDIKJ010000233.1 pos:12504 chunknumber 29700 contains 360 sites
	-> Printing at chr: CBDIKJ010000244.1 pos:49257 chunknumber 29800 contains 72 sites
	-> Printing at chr: CBDIKJ010000252.1 pos:41770 chunknumber 29900 contains 143 sites
	-> Printing at chr: CBDIKJ010000264.1 pos:37084 chunknumber 30000 contains 72 sites
	-> Printing at chr: CBDIKJ010000275.1 pos:48660 chunknumber 30100 contains 36 sites
	-> Printing at chr: CBDIKJ010000287.1 pos:56853 chunknumber 30200 contains 108 sites
	-> Printing at chr: CBDIKJ010000293.1 pos:59200 chunknumber 30300 contains 108 sites
	-> Printing at chr: CBDIKJ010000302.1 pos:71805 chunknumber 30400 contains 72 sites
	-> Printing at chr: CBDIKJ010000314.1 pos:4024 chunknumber 30500 contains 108 sites
	-> Printing at chr: CBDIKJ010000323.1 pos:63171 chunknumber 30600 contains 36 sites
	-> Printing at chr: CBDIKJ010000333.1 pos:36337 chunknumber 30700 contains 72 sites
	-> Printing at chr: CBDIKJ010000342.1 pos:37933 chunknumber 30800 contains 36 sites
	-> Printing at chr: CBDIKJ010000355.1 pos:33586 chunknumber 30900 contains 36 sites
	-> Printing at chr: CBDIKJ010000366.1 pos:42498 chunknumber 31000 contains 72 sites
	-> Printing at chr: CBDIKJ010000375.1 pos:22017 chunknumber 31100 contains 72 sites
	-> Printing at chr: CBDIKJ010000384.1 pos:64195 chunknumber 31200 contains 33 sites
	-> Printing at chr: CBDIKJ010000394.1 pos:29409 chunknumber 31300 contains 36 sites
	-> Printing at chr: CBDIKJ010000409.1 pos:17956 chunknumber 31400 contains 72 sites
	-> Printing at chr: CBDIKJ010000424.1 pos:9501 chunknumber 31500 contains 71 sites
	-> Printing at chr: CBDIKJ010000436.1 pos:57589 chunknumber 31600 contains 34 sites
	-> Printing at chr: CBDIKJ010000449.1 pos:31360 chunknumber 31700 contains 224 sites
	-> Printing at chr: CBDIKJ010000459.1 pos:47146 chunknumber 31800 contains 1 sites
	-> Printing at chr: CBDIKJ010000473.1 pos:22917 chunknumber 31900 contains 36 sites
	-> Printing at chr: CBDIKJ010000484.1 pos:52739 chunknumber 32000 contains 10 sites
	-> Printing at chr: CBDIKJ010000498.1 pos:26634 chunknumber 32100 contains 74 sites
	-> Printing at chr: CBDIKJ010000515.1 pos:36138 chunknumber 32200 contains 36 sites
	-> Printing at chr: CBDIKJ010000524.1 pos:44805 chunknumber 32300 contains 67 sites
	-> Printing at chr: CBDIKJ010000537.1 pos:39408 chunknumber 32400 contains 1 sites
	-> Printing at chr: CBDIKJ010000549.1 pos:43760 chunknumber 32500 contains 4 sites
	-> Printing at chr: CBDIKJ010000565.1 pos:12388 chunknumber 32600 contains 36 sites
	-> Printing at chr: CBDIKJ010000585.1 pos:27730 chunknumber 32700 contains 64 sites
	-> Printing at chr: CBDIKJ010000604.1 pos:12401 chunknumber 32800 contains 108 sites
	-> Printing at chr: CBDIKJ010000620.1 pos:1285 chunknumber 32900 contains 106 sites
	-> Printing at chr: CBDIKJ010000639.1 pos:5926 chunknumber 33000 contains 71 sites
	-> Printing at chr: CBDIKJ010000658.1 pos:10501 chunknumber 33100 contains 87 sites
	-> Printing at chr: CBDIKJ010000679.1 pos:10300 chunknumber 33200 contains 217 sites
	-> Printing at chr: CBDIKJ010000694.1 pos:904 chunknumber 33300 contains 108 sites
	-> Printing at chr: CBDIKJ010000721.1 pos:26802 chunknumber 33400 contains 36 sites
	-> Printing at chr: CBDIKJ010000761.1 pos:803 chunknumber 33500 contains 30 sites
	-> Printing at chr: CBDIKJ010000818.1 pos:6252 chunknumber 33600 contains 36 sites
	-> Printing at chr: CBDIKJ010000884.1 pos:5129 chunknumber 33700 contains 1 sites
	-> Printing at chr: CBDIKJ010000945.1 pos:6177 chunknumber 33800 contains 108 sites
	-> Printing at chr: CBDIKJ010001011.1 pos:9295 chunknumber 33900 contains 33 sites
	-> Printing at chr: CBDIKJ010001058.1 pos:445481 chunknumber 34000 contains 153 sites
	-> Printing at chr: CBDIKJ010001058.1 pos:968619 chunknumber 34100 contains 36 sites
	-> Printing at chr: CBDIKJ010001059.1 pos:225184 chunknumber 34200 contains 36 sites
	-> Printing at chr: CBDIKJ010001059.1 pos:1141120 chunknumber 34300 contains 142 sites
	-> Printing at chr: CBDIKJ010001059.1 pos:1904095 chunknumber 34400 contains 72 sites
	-> Printing at chr: CBDIKJ010001059.1 pos:2801920 chunknumber 34500 contains 31 sites
	-> Printing at chr: CBDIKJ010001060.1 pos:47975 chunknumber 34600 contains 72 sites
	-> Printing at chr: CBDIKJ010001060.1 pos:911101 chunknumber 34700 contains 36 sites
	-> Printing at chr: CBDIKJ010001060.1 pos:1397920 chunknumber 34800 contains 36 sites
	-> Printing at chr: CBDIKJ010001060.1 pos:1944287 chunknumber 34900 contains 36 sites
	-> Printing at chr: CBDIKJ010001060.1 pos:2478735 chunknumber 35000 contains 72 sites
	-> Printing at chr: CBDIKJ010001060.1 pos:3089756 chunknumber 35100 contains 36 sites
	-> Printing at chr: CBDIKJ010001060.1 pos:3775650 chunknumber 35200 contains 72 sites
	-> Printing at chr: CBDIKJ010001060.1 pos:4363928 chunknumber 35300 contains 72 sites
	-> Printing at chr: CBDIKJ010001060.1 pos:5000394 chunknumber 35400 contains 73 sites
	-> Printing at chr: CBDIKJ010001060.1 pos:5560072 chunknumber 35500 contains 218 sites
	-> Printing at chr: CBDIKJ010001060.1 pos:6089051 chunknumber 35600 contains 69 sites
	-> Printing at chr: CBDIKJ010001060.1 pos:6772527 chunknumber 35700 contains 36 sites
	-> Printing at chr: CBDIKJ010001060.1 pos:7223071 chunknumber 35800 contains 72 sites
	-> Printing at chr: CBDIKJ010001060.1 pos:7814506 chunknumber 35900 contains 72 sites
	-> Printing at chr: CBDIKJ010001061.1 pos:42043 chunknumber 36000 contains 36 sites
	-> Printing at chr: CBDIKJ010001061.1 pos:855909 chunknumber 36100 contains 72 sites
	-> Printing at chr: CBDIKJ010001061.1 pos:1726894 chunknumber 36200 contains 36 sites
	-> Printing at chr: CBDIKJ010001061.1 pos:2288425 chunknumber 36300 contains 72 sites
	-> Printing at chr: CBDIKJ010001061.1 pos:3038577 chunknumber 36400 contains 67 sites
	-> Printing at chr: CBDIKJ010001061.1 pos:3719070 chunknumber 36500 contains 72 sites
	-> Printing at chr: CBDIKJ010001061.1 pos:4231535 chunknumber 36600 contains 36 sites
	-> Printing at chr: CBDIKJ010001061.1 pos:4941516 chunknumber 36700 contains 36 sites
	-> Printing at chr: CBDIKJ010001061.1 pos:5636596 chunknumber 36800 contains 36 sites
	-> Printing at chr: CBDIKJ010001061.1 pos:6183411 chunknumber 36900 contains 108 sites
	-> Printing at chr: CBDIKJ010001061.1 pos:6724466 chunknumber 37000 contains 72 sites
	-> Printing at chr: CBDIKJ010001062.1 pos:684730 chunknumber 37100 contains 105 sites
	-> Printing at chr: CBDIKJ010001062.1 pos:1576589 chunknumber 37200 contains 36 sites
	-> Printing at chr: CBDIKJ010001062.1 pos:2047833 chunknumber 37300 contains 36 sites
	-> Printing at chr: CBDIKJ010001062.1 pos:2767030 chunknumber 37400 contains 75 sites
	-> Printing at chr: CBDIKJ010001062.1 pos:3395571 chunknumber 37500 contains 438 sites
	-> Printing at chr: CBDIKJ010001062.1 pos:4090061 chunknumber 37600 contains 72 sites
	-> Printing at chr: CBDIKJ010001062.1 pos:5017627 chunknumber 37700 contains 36 sites
	-> Printing at chr: CBDIKJ010001062.1 pos:5712229 chunknumber 37800 contains 36 sites
	-> Printing at chr: CBDIKJ010001063.1 pos:750858 chunknumber 37900 contains 36 sites
	-> Printing at chr: CBDIKJ010001063.1 pos:1221254 chunknumber 38000 contains 72 sites
	-> Printing at chr: CBDIKJ010001063.1 pos:1725584 chunknumber 38100 contains 36 sites
	-> Printing at chr: CBDIKJ010001063.1 pos:2176248 chunknumber 38200 contains 108 sites
	-> Printing at chr: CBDIKJ010001063.1 pos:2968280 chunknumber 38300 contains 37 sites
	-> Printing at chr: CBDIKJ010001063.1 pos:3401936 chunknumber 38400 contains 36 sites
	-> Printing at chr: CBDIKJ010001063.1 pos:3984754 chunknumber 38500 contains 176 sites
	-> Printing at chr: CBDIKJ010001063.1 pos:4845130 chunknumber 38600 contains 36 sites
	-> Printing at chr: CBDIKJ010001063.1 pos:5427613 chunknumber 38700 contains 72 sites
	-> Printing at chr: CBDIKJ010001064.1 pos:206100 chunknumber 38800 contains 72 sites
	-> Printing at chr: CBDIKJ010001064.1 pos:896149 chunknumber 38900 contains 36 sites
	-> Printing at chr: CBDIKJ010001064.1 pos:1592834 chunknumber 39000 contains 108 sites
	-> Printing at chr: CBDIKJ010001064.1 pos:2175059 chunknumber 39100 contains 36 sites
	-> Printing at chr: CBDIKJ010001064.1 pos:2727695 chunknumber 39200 contains 36 sites
	-> Printing at chr: CBDIKJ010001064.1 pos:3754105 chunknumber 39300 contains 36 sites
	-> Printing at chr: CBDIKJ010001064.1 pos:4384104 chunknumber 39400 contains 36 sites
	-> Printing at chr: CBDIKJ010001065.1 pos:300418 chunknumber 39500 contains 36 sites
	-> Printing at chr: CBDIKJ010001065.1 pos:1037624 chunknumber 39600 contains 72 sites
	-> Printing at chr: CBDIKJ010001065.1 pos:1694801 chunknumber 39700 contains 38 sites
	-> Printing at chr: CBDIKJ010001065.1 pos:2748779 chunknumber 39800 contains 141 sites
	-> Printing at chr: CBDIKJ010001065.1 pos:3237858 chunknumber 39900 contains 72 sites
	-> Printing at chr: CBDIKJ010001065.1 pos:3980241 chunknumber 40000 contains 36 sites
	-> Printing at chr: CBDIKJ010001065.1 pos:4487424 chunknumber 40100 contains 36 sites
	-> Printing at chr: CBDIKJ010001066.1 pos:369223 chunknumber 40200 contains 180 sites
	-> Printing at chr: CBDIKJ010001066.1 pos:1033451 chunknumber 40300 contains 37 sites
	-> Printing at chr: CBDIKJ010001066.1 pos:1606172 chunknumber 40400 contains 72 sites
	-> Printing at chr: CBDIKJ010001066.1 pos:2252333 chunknumber 40500 contains 36 sites
	-> Printing at chr: CBDIKJ010001066.1 pos:2774906 chunknumber 40600 contains 72 sites
	-> Printing at chr: CBDIKJ010001066.1 pos:3314173 chunknumber 40700 contains 37 sites
	-> Printing at chr: CBDIKJ010001066.1 pos:3956603 chunknumber 40800 contains 72 sites
	-> Printing at chr: CBDIKJ010001066.1 pos:4557846 chunknumber 40900 contains 71 sites
	-> Printing at chr: CBDIKJ010001067.1 pos:634440 chunknumber 41000 contains 72 sites
	-> Printing at chr: CBDIKJ010001068.1 pos:298294 chunknumber 41100 contains 36 sites
	-> Printing at chr: CBDIKJ010001068.1 pos:1075643 chunknumber 41200 contains 36 sites
	-> Printing at chr: CBDIKJ010001068.1 pos:1606155 chunknumber 41300 contains 108 sites
	-> Printing at chr: CBDIKJ010001068.1 pos:2448006 chunknumber 41400 contains 72 sites
	-> Printing at chr: CBDIKJ010001068.1 pos:3009533 chunknumber 41500 contains 36 sites
	-> Printing at chr: CBDIKJ010001069.1 pos:12504 chunknumber 41600 contains 72 sites
	-> Printing at chr: CBDIKJ010001069.1 pos:623347 chunknumber 41700 contains 69 sites
	-> Printing at chr: CBDIKJ010001069.1 pos:1285673 chunknumber 41800 contains 36 sites
	-> Printing at chr: CBDIKJ010001069.1 pos:1852598 chunknumber 41900 contains 36 sites
	-> Printing at chr: CBDIKJ010001069.1 pos:2392780 chunknumber 42000 contains 146 sites
	-> Printing at chr: CBDIKJ010001069.1 pos:2962078 chunknumber 42100 contains 36 sites
	-> Printing at chr: CBDIKJ010001070.1 pos:323909 chunknumber 42200 contains 69 sites
	-> Printing at chr: CBDIKJ010001070.1 pos:987368 chunknumber 42300 contains 87 sites
	-> Printing at chr: CBDIKJ010001070.1 pos:1615421 chunknumber 42400 contains 36 sites
	-> Printing at chr: CBDIKJ010001070.1 pos:2281545 chunknumber 42500 contains 95 sites
	-> Printing at chr: CBDIKJ010001070.1 pos:2715963 chunknumber 42600 contains 72 sites
	-> Printing at chr: CBDIKJ010001070.1 pos:3107902 chunknumber 42700 contains 72 sites
	-> Printing at chr: CBDIKJ010001071.1 pos:744306 chunknumber 42800 contains 36 sites
	-> Printing at chr: CBDIKJ010001071.1 pos:1337961 chunknumber 42900 contains 105 sites
	-> Printing at chr: CBDIKJ010001071.1 pos:2149370 chunknumber 43000 contains 36 sites
	-> Printing at chr: CBDIKJ010001072.1 pos:245105 chunknumber 43100 contains 38 sites
	-> Printing at chr: CBDIKJ010001072.1 pos:749358 chunknumber 43200 contains 142 sites
	-> Printing at chr: CBDIKJ010001072.1 pos:1376403 chunknumber 43300 contains 36 sites
	-> Printing at chr: CBDIKJ010001072.1 pos:1924286 chunknumber 43400 contains 82 sites
	-> Printing at chr: CBDIKJ010001072.1 pos:2480642 chunknumber 43500 contains 66 sites
	-> Printing at chr: CBDIKJ010001073.1 pos:284136 chunknumber 43600 contains 37 sites
	-> Printing at chr: CBDIKJ010001073.1 pos:864046 chunknumber 43700 contains 72 sites
	-> Printing at chr: CBDIKJ010001073.1 pos:1493500 chunknumber 43800 contains 70 sites
	-> Printing at chr: CBDIKJ010001073.1 pos:2119807 chunknumber 43900 contains 36 sites
	-> Printing at chr: CBDIKJ010001073.1 pos:2798602 chunknumber 44000 contains 72 sites
	-> Printing at chr: CBDIKJ010001074.1 pos:592871 chunknumber 44100 contains 36 sites
	-> Printing at chr: CBDIKJ010001074.1 pos:1274011 chunknumber 44200 contains 37 sites
	-> Printing at chr: CBDIKJ010001074.1 pos:1877324 chunknumber 44300 contains 108 sites
	-> Printing at chr: CBDIKJ010001074.1 pos:2545998 chunknumber 44400 contains 36 sites
	-> Printing at chr: CBDIKJ010001075.1 pos:737380 chunknumber 44500 contains 72 sites
	-> Printing at chr: CBDIKJ010001075.1 pos:1346368 chunknumber 44600 contains 214 sites
	-> Printing at chr: CBDIKJ010001075.1 pos:1919919 chunknumber 44700 contains 139 sites
	-> Printing at chr: CBDIKJ010001075.1 pos:2443699 chunknumber 44800 contains 72 sites
	-> Printing at chr: CBDIKJ010001076.1 pos:250417 chunknumber 44900 contains 69 sites
	-> Printing at chr: CBDIKJ010001076.1 pos:862895 chunknumber 45000 contains 36 sites
	-> Printing at chr: CBDIKJ010001076.1 pos:1796301 chunknumber 45100 contains 144 sites
	-> Printing at chr: CBDIKJ010001076.1 pos:2660439 chunknumber 45200 contains 34 sites
	-> Printing at chr: CBDIKJ010001077.1 pos:736513 chunknumber 45300 contains 36 sites
	-> Printing at chr: CBDIKJ010001077.1 pos:1496647 chunknumber 45400 contains 36 sites
	-> Printing at chr: CBDIKJ010001077.1 pos:2087570 chunknumber 45500 contains 36 sites
	-> Printing at chr: CBDIKJ010001078.1 pos:220350 chunknumber 45600 contains 36 sites
	-> Printing at chr: CBDIKJ010001078.1 pos:834632 chunknumber 45700 contains 97 sites
	-> Printing at chr: CBDIKJ010001078.1 pos:1532673 chunknumber 45800 contains 36 sites
	-> Printing at chr: CBDIKJ010001078.1 pos:2075537 chunknumber 45900 contains 72 sites
	-> Printing at chr: CBDIKJ010001079.1 pos:340526 chunknumber 46000 contains 36 sites
	-> Printing at chr: CBDIKJ010001079.1 pos:1026316 chunknumber 46100 contains 37 sites
	-> Printing at chr: CBDIKJ010001079.1 pos:1822854 chunknumber 46200 contains 36 sites
	-> Printing at chr: CBDIKJ010001079.1 pos:2492755 chunknumber 46300 contains 36 sites
	-> Printing at chr: CBDIKJ010001080.1 pos:559105 chunknumber 46400 contains 72 sites
	-> Printing at chr: CBDIKJ010001080.1 pos:1234619 chunknumber 46500 contains 358 sites
	-> Printing at chr: CBDIKJ010001080.1 pos:1997792 chunknumber 46600 contains 144 sites
	-> Printing at chr: CBDIKJ010001081.1 pos:179454 chunknumber 46700 contains 38 sites
	-> Printing at chr: CBDIKJ010001081.1 pos:661377 chunknumber 46800 contains 36 sites
	-> Printing at chr: CBDIKJ010001081.1 pos:1230504 chunknumber 46900 contains 75 sites
	-> Printing at chr: CBDIKJ010001081.1 pos:1925187 chunknumber 47000 contains 72 sites
	-> Printing at chr: CBDIKJ010001081.1 pos:2421379 chunknumber 47100 contains 72 sites
	-> Printing at chr: CBDIKJ010001082.1 pos:411196 chunknumber 47200 contains 36 sites
	-> Printing at chr: CBDIKJ010001082.1 pos:1096998 chunknumber 47300 contains 72 sites
	-> Printing at chr: CBDIKJ010001082.1 pos:1910106 chunknumber 47400 contains 248 sites
	-> Printing at chr: CBDIKJ010001083.1 pos:215793 chunknumber 47500 contains 36 sites
	-> Printing at chr: CBDIKJ010001083.1 pos:970926 chunknumber 47600 contains 110 sites
	-> Printing at chr: CBDIKJ010001083.1 pos:1697308 chunknumber 47700 contains 72 sites
	-> Printing at chr: CBDIKJ010001083.1 pos:2337820 chunknumber 47800 contains 36 sites
	-> Printing at chr: CBDIKJ010001084.1 pos:771668 chunknumber 47900 contains 108 sites
	-> Printing at chr: CBDIKJ010001084.1 pos:1331672 chunknumber 48000 contains 72 sites
	-> Printing at chr: CBDIKJ010001084.1 pos:2052626 chunknumber 48100 contains 184 sites
	-> Printing at chr: CBDIKJ010001085.1 pos:454794 chunknumber 48200 contains 181 sites
	-> Printing at chr: CBDIKJ010001085.1 pos:1329617 chunknumber 48300 contains 36 sites
	-> Printing at chr: CBDIKJ010001085.1 pos:1940187 chunknumber 48400 contains 36 sites
	-> Printing at chr: CBDIKJ010001086.1 pos:333097 chunknumber 48500 contains 36 sites
	-> Printing at chr: CBDIKJ010001086.1 pos:997237 chunknumber 48600 contains 36 sites
	-> Printing at chr: CBDIKJ010001086.1 pos:1932786 chunknumber 48700 contains 73 sites
	-> Printing at chr: CBDIKJ010001087.1 pos:741763 chunknumber 48800 contains 72 sites
	-> Printing at chr: CBDIKJ010001087.1 pos:1625721 chunknumber 48900 contains 36 sites
	-> Printing at chr: CBDIKJ010001089.1 pos:283600 chunknumber 49000 contains 72 sites
	-> Printing at chr: CBDIKJ010001089.1 pos:942716 chunknumber 49100 contains 106 sites
	-> Printing at chr: CBDIKJ010001089.1 pos:1468696 chunknumber 49200 contains 180 sites
	-> Printing at chr: CBDIKJ010001090.1 pos:274847 chunknumber 49300 contains 107 sites
	-> Printing at chr: CBDIKJ010001090.1 pos:847695 chunknumber 49400 contains 36 sites
	-> Printing at chr: CBDIKJ010001090.1 pos:1413099 chunknumber 49500 contains 64 sites
	-> Printing at chr: CBDIKJ010001091.1 pos:211065 chunknumber 49600 contains 88 sites
	-> Printing at chr: CBDIKJ010001092.1 pos:104313 chunknumber 49700 contains 36 sites
	-> Printing at chr: CBDIKJ010001092.1 pos:870986 chunknumber 49800 contains 115 sites
	-> Printing at chr: CBDIKJ010001092.1 pos:1386528 chunknumber 49900 contains 36 sites
	-> Printing at chr: CBDIKJ010001093.1 pos:498265 chunknumber 50000 contains 107 sites
	-> Printing at chr: CBDIKJ010001093.1 pos:1391032 chunknumber 50100 contains 180 sites
	-> Printing at chr: CBDIKJ010001094.1 pos:548694 chunknumber 50200 contains 72 sites
	-> Printing at chr: CBDIKJ010001095.1 pos:327656 chunknumber 50300 contains 71 sites
	-> Printing at chr: CBDIKJ010001095.1 pos:915788 chunknumber 50400 contains 72 sites
	-> Printing at chr: CBDIKJ010001096.1 pos:130565 chunknumber 50500 contains 72 sites
	-> Printing at chr: CBDIKJ010001096.1 pos:805932 chunknumber 50600 contains 72 sites
	-> Printing at chr: CBDIKJ010001097.1 pos:37193 chunknumber 50700 contains 36 sites
	-> Printing at chr: CBDIKJ010001097.1 pos:479111 chunknumber 50800 contains 36 sites
	-> Printing at chr: CBDIKJ010001097.1 pos:1048070 chunknumber 50900 contains 60 sites
	-> Printing at chr: CBDIKJ010001098.1 pos:434299 chunknumber 51000 contains 38 sites
	-> Printing at chr: CBDIKJ010001098.1 pos:1079835 chunknumber 51100 contains 36 sites
	-> Printing at chr: CBDIKJ010001099.1 pos:247740 chunknumber 51200 contains 108 sites
	-> Printing at chr: CBDIKJ010001099.1 pos:810188 chunknumber 51300 contains 72 sites
	-> Printing at chr: CBDIKJ010001100.1 pos:286835 chunknumber 51400 contains 72 sites
	-> Printing at chr: CBDIKJ010001100.1 pos:951816 chunknumber 51500 contains 72 sites
	-> Printing at chr: CBDIKJ010001101.1 pos:384573 chunknumber 51600 contains 36 sites
	-> Printing at chr: CBDIKJ010001102.1 pos:434050 chunknumber 51700 contains 36 sites
	-> Printing at chr: CBDIKJ010001103.1 pos:26499 chunknumber 51800 contains 69 sites
	-> Printing at chr: CBDIKJ010001103.1 pos:920061 chunknumber 51900 contains 108 sites
	-> Printing at chr: CBDIKJ010001104.1 pos:599071 chunknumber 52000 contains 69 sites
	-> Printing at chr: CBDIKJ010001105.1 pos:99567 chunknumber 52100 contains 144 sites
	-> Printing at chr: CBDIKJ010001105.1 pos:544468 chunknumber 52200 contains 36 sites
	-> Printing at chr: CBDIKJ010001105.1 pos:1167090 chunknumber 52300 contains 2 sites
	-> Printing at chr: CBDIKJ010001106.1 pos:752468 chunknumber 52400 contains 143 sites
	-> Printing at chr: CBDIKJ010001107.1 pos:493999 chunknumber 52500 contains 36 sites
	-> Printing at chr: CBDIKJ010001108.1 pos:287907 chunknumber 52600 contains 36 sites
	-> Printing at chr: CBDIKJ010001108.1 pos:825926 chunknumber 52700 contains 70 sites
	-> Printing at chr: CBDIKJ010001109.1 pos:188954 chunknumber 52800 contains 36 sites
	-> Printing at chr: CBDIKJ010001109.1 pos:964452 chunknumber 52900 contains 72 sites
	-> Printing at chr: CBDIKJ010001111.1 pos:2292 chunknumber 53000 contains 72 sites
	-> Printing at chr: CBDIKJ010001111.1 pos:687779 chunknumber 53100 contains 71 sites

	-> Done reading data waiting for calculations to finish
	-> Done waiting for threads
	-> Output filenames:
		->"dlabNoClones.arg"
		->"dlabNoClones.beagle.gz"
		->"dlabNoClones.mafs.gz"
		->"dlabNoClones.hwe.gz"
		->"dlabNoClones.geno.gz"
		->"dlabNoClones.snpStat.gz"
		->"dlabNoClones.ibs.gz"
		->"dlabNoClones.ibsMat"
		->"dlabNoClones.covMat"
		->"dlabNoClones.bcf"
	-> Tue Sep 30 15:49:39 2025
	-> Arguments and parameters for all analysis are located in .arg file
	-> Total number of sites analyzed: 3841376
	-> Number of sites retained after filtering: 12222 
	[ALL done] cpu-time used =  349.82 sec
	[ALL done] walltime used =  350.00 sec
