 1        1   (0)      1 :  0.0000 0.5684 0.0000 0.0000 0.0000 0.3846 0.0010 0.0415 0.0000 0.0045 
 2        2   (0)      1 :  0.0607 0.2823 0.0000 0.0000 0.0000 0.3858 0.0966 0.0819 0.0000 0.0927 
 3        3   (0)      1 :  0.0000 0.0000 0.0000 0.0000 0.0000 0.0000 0.0000 0.0000 0.0000 1.0000 
 4        4   (0)      1 :  0.0000 0.2339 0.0000 0.0000 0.0000 0.1153 0.0326 0.0222 0.0000 0.5961 
 5        5   (0)      1 :  0.0000 0.6978 0.0000 0.0000 0.0000 0.2310 0.0078 0.0625 0.0000 0.0008 
 6        6   (0)      1 :  0.0000 0.0000 0.0000 0.0000 0.0000 0.0000 0.0000 0.0000 0.0000 1.0000 
 7        7   (0)      2 :  0.0000 0.5753 0.0000 0.0000 0.0000 0.3279 0.0200 0.0768 0.0000 0.0000 
 8        8   (0)      2 :  0.0000 0.0000 0.0000 0.0000 0.0000 0.0000 0.0800 0.0200 0.0000 0.9000 
 9        9   (0)      2 :  0.0074 0.3070 0.0066 0.0040 0.0304 0.4571 0.0233 0.1280 0.0141 0.0220 
10       10   (0)      2 :  0.0000 0.5263 0.0000 0.0000 0.0000 0.3654 0.0083 0.1000 0.0000 0.0000 
11       11   (0)      2 :  0.0000 0.0000 0.0000 0.0000 0.0000 0.0000 0.0200 0.0000 0.0000 0.9800 
12       12   (0)      2 :  0.0000 0.1866 0.0000 0.0000 0.0000 0.1755 0.0685 0.0655 0.0000 0.5039 
13       13   (0)      2 :  0.0573 0.0000 0.0000 0.0000 0.0000 0.0000 0.1577 0.0200 0.0000 0.7650 
14       14   (0)      3 :  0.0000 0.0000 0.0480 0.4002 0.2622 0.0000 0.0067 0.1332 0.1497 0.0000 
15       15   (0)      3 :  0.0000 0.0051 0.1562 0.2045 0.3268 0.0000 0.0081 0.0337 0.2655 0.0000 
16       16   (0)      3 :  0.0000 0.0000 0.3282 0.0473 0.3197 0.0000 0.0000 0.0424 0.2623 0.0000 
17       17   (0)      3 :  0.0000 0.0025 0.1861 0.1465 0.4370 0.0000 0.0152 0.0743 0.1385 0.0000 
18       18   (0)      3 :  0.0000 0.0000 0.8781 0.0190 0.0574 0.0000 0.0000 0.0000 0.0455 0.0000 
19       19   (0)      3 :  0.0000 0.0000 0.5155 0.0858 0.2888 0.0000 0.0200 0.0000 0.0898 0.0000 
20       20   (0)      3 :  0.0430 0.0081 0.2680 0.1715 0.3482 0.0000 0.0308 0.0407 0.0897 0.0000 
21       21   (0)      3 :  0.0000 0.0000 0.2110 0.1481 0.3292 0.0000 0.0057 0.0310 0.2751 0.0000 
22       22   (0)      3 :  0.0000 0.0000 0.1529 0.1571 0.2956 0.0000 0.0000 0.0663 0.3280 0.0000 
23       23   (0)      3 :  0.0000 0.0000 0.1130 0.0395 0.3669 0.0000 0.0000 0.0447 0.4359 0.0000 
24       24   (0)      3 :  0.0000 0.0400 0.5105 0.1370 0.1568 0.0000 0.0000 0.0345 0.1212 0.0000 
25       25   (0)      3 :  0.4600 0.0000 0.0000 0.0000 0.0000 0.0000 0.5400 0.0000 0.0000 0.0000 
26       26   (0)      4 :  0.0000 0.3611 0.0000 0.0000 0.0000 0.3189 0.0800 0.2400 0.0000 0.0000 
27       27   (0)      4 :  0.0000 0.0037 0.2108 0.2611 0.2210 0.0000 0.0047 0.0721 0.2267 0.0000 
28       28   (0)      4 :  0.0000 0.0000 0.3196 0.1389 0.2873 0.0000 0.0400 0.0200 0.1942 0.0000 
29       29   (0)      4 :  0.0000 0.4899 0.0000 0.0000 0.0000 0.3592 0.0200 0.1309 0.0000 0.0000 
30       30   (0)      4 :  0.0000 0.0000 0.0214 0.0336 0.8357 0.0000 0.0000 0.0560 0.0534 0.0000 
31       31   (0)      4 :  0.0000 0.0028 0.2556 0.1667 0.2284 0.0000 0.0200 0.0862 0.2404 0.0000 
32       32   (0)      4 :  0.0024 0.1780 0.1116 0.0761 0.1536 0.2467 0.0242 0.0975 0.0873 0.0225 
33       33   (0)      4 :  0.0000 0.0212 0.0942 0.0702 0.5880 0.0000 0.0078 0.0526 0.1660 0.0000 
34       34   (0)      4 :  0.0000 0.0486 0.2567 0.1377 0.2409 0.0000 0.0678 0.1502 0.0981 0.0000 
35       35   (0)      4 :  0.0000 0.0200 0.1022 0.7189 0.0885 0.0000 0.0078 0.0200 0.0425 0.0000 
36       36   (0)      4 :  0.0000 0.0000 0.0641 0.2897 0.4539 0.0000 0.0200 0.0467 0.1256 0.0000 
37       37   (0)      4 :  0.0000 0.0000 0.1349 0.1293 0.4433 0.0000 0.0200 0.0690 0.2034 0.0000 
38       38   (0)      4 :  0.0000 0.0000 0.2405 0.1518 0.2134 0.0000 0.0070 0.0400 0.3472 0.0000 
39       39   (0)      4 :  0.0000 0.5054 0.0000 0.0000 0.0000 0.4078 0.0000 0.0868 0.0000 0.0000 
40       40   (0)      5 :  0.0000 0.0200 0.1588 0.5331 0.2030 0.0000 0.0022 0.0122 0.0707 0.0000 
41       41   (0)      5 :  0.0000 0.0200 0.3539 0.0826 0.1614 0.0000 0.0400 0.0200 0.3221 0.0000 
42       42   (0)      5 :  0.0000 0.0070 0.3703 0.1538 0.2250 0.0000 0.0065 0.0577 0.1797 0.0000 
43       43   (0)      5 :  0.0000 0.5205 0.0000 0.0000 0.0000 0.3651 0.0303 0.0841 0.0000 0.0000 
44       44   (0)      5 :  0.0000 0.0000 0.2577 0.0243 0.4387 0.0000 0.0000 0.0196 0.2596 0.0000 
45       45   (0)      5 :  0.0000 0.0000 0.3839 0.1938 0.1214 0.0000 0.0600 0.0511 0.1898 0.0000 
46       46   (0)      5 :  0.0000 0.0400 0.3503 0.2699 0.0734 0.0000 0.0000 0.0299 0.2366 0.0000 
47       47   (0)      5 :  0.0000 0.0000 0.2381 0.2565 0.0870 0.0000 0.0484 0.0000 0.3700 0.0000 
48       48   (0)      5 :  0.0000 0.0200 0.1644 0.3555 0.0084 0.0000 0.1000 0.1800 0.1717 0.0000 
49       49   (0)      5 :  0.0000 0.2847 0.0000 0.0000 0.0000 0.5512 0.0200 0.1441 0.0000 0.0000 
50       50   (0)      5 :  0.0000 0.0000 0.4669 0.1929 0.1336 0.0000 0.0058 0.0243 0.1765 0.0000 
51       51   (0)      5 :  0.0000 0.1816 0.0000 0.0000 0.0000 0.7451 0.0067 0.0666 0.0000 0.0000 
52       52   (0)      5 :  0.0000 0.1504 0.0000 0.0000 0.0000 0.7089 0.0200 0.1200 0.0000 0.0007 
53       53   (0)      6 :  0.0000 0.0200 0.0000 0.0000 0.0000 0.9502 0.0000 0.0298 0.0000 0.0000 
54       54   (0)      6 :  0.0000 0.0000 0.1277 0.0043 0.5701 0.0000 0.0000 0.0200 0.2779 0.0000 
55       55   (0)      6 :  0.0199 0.1855 0.0000 0.0000 0.0000 0.5957 0.0447 0.1099 0.0000 0.0442 
56       56   (0)      6 :  0.9800 0.0000 0.0000 0.0000 0.0000 0.0000 0.0200 0.0000 0.0000 0.0000 
57       57   (0)      6 :  0.6800 0.0000 0.0000 0.0000 0.0000 0.0000 0.3000 0.0000 0.0200 0.0000 
58       58   (0)      6 :  0.9800 0.0000 0.0000 0.0000 0.0000 0.0000 0.0200 0.0000 0.0000 0.0000 
59       59   (0)      6 :  0.0514 0.0060 0.1049 0.2131 0.1094 0.0000 0.2050 0.1998 0.1103 0.0000 
60       60   (0)      6 :  0.0000 0.0000 0.0109 0.1972 0.5767 0.0000 0.0071 0.0624 0.1458 0.0000 
61       61   (0)      6 :  0.0000 0.0400 0.2533 0.2005 0.2306 0.0000 0.0275 0.0447 0.2034 0.0000 
62       62   (0)      6 :  0.0000 0.0000 0.7030 0.0211 0.1587 0.0000 0.0000 0.0038 0.1134 0.0000 
63       63   (0)      6 :  0.1090 0.3190 0.0074 0.0032 0.0029 0.4077 0.0265 0.1077 0.0027 0.0139 
64       64   (0)      7 :  0.0000 0.2835 0.0000 0.0000 0.0000 0.6262 0.0000 0.0903 0.0000 0.0000 
65       65   (0)      7 :  0.0000 0.0200 0.0000 0.0000 0.0000 0.9310 0.0000 0.0490 0.0000 0.0000 
66       66   (0)      7 :  0.0045 0.1010 0.0000 0.0000 0.0000 0.7534 0.0035 0.1375 0.0000 0.0000 
67       67   (0)      7 :  0.0002 0.0514 0.0000 0.0000 0.0000 0.8415 0.0192 0.0585 0.0000 0.0291 
68       68   (0)      8 :  0.0468 0.0044 0.0750 0.2895 0.1450 0.0000 0.0886 0.1419 0.2087 0.0000 
69       69   (0)      8 :  0.1477 0.0167 0.1676 0.0974 0.2098 0.0019 0.1334 0.0741 0.1514 0.0000 
70       70   (0)      8 :  0.0000 0.0200 0.0613 0.2206 0.2395 0.0000 0.0200 0.2248 0.2138 0.0000 
71       71   (0)      8 :  0.0234 0.0196 0.1112 0.1642 0.2395 0.0000 0.0549 0.2064 0.1808 0.0000 
72       72   (0)      8 :  0.0902 0.0156 0.0494 0.2075 0.1898 0.0000 0.0965 0.2068 0.1443 0.0000 
73       73   (0)      8 :  0.9739 0.0000 0.0000 0.0000 0.0000 0.0000 0.0236 0.0000 0.0000 0.0025 
74       74   (0)      9 :  0.1234 0.2668 0.0033 0.0036 0.0011 0.4094 0.0292 0.1260 0.0046 0.0326 
75       75   (0)      9 :  0.0542 0.3581 0.0006 0.0009 0.0009 0.3572 0.0268 0.1973 0.0035 0.0004 
76       76   (0)     10 :  0.0000 0.0753 0.0000 0.0000 0.0000 0.8047 0.0000 0.1200 0.0000 0.0000 
77       77   (0)     11 :  0.0000 0.4022 0.0000 0.0000 0.0000 0.4874 0.0000 0.1104 0.0000 0.0000 
78       78   (0)     12 :  0.0000 0.4677 0.0000 0.0000 0.0000 0.4489 0.0000 0.0835 0.0000 0.0000 
79       79   (0)     13 :  0.3829 0.0000 0.0578 0.0257 0.0497 0.0000 0.3740 0.0364 0.0734 0.0000 
80       80   (0)     13 :  0.0000 0.0400 0.1019 0.3022 0.3240 0.0000 0.0200 0.0800 0.1318 0.0000 
