1        1   (0)      1  : 0.4000 0.1200 0.1992 0.0147 0.2660
2        2   (0)      1  : 0.4219 0.0025 0.2337 0.0502 0.2917
3        3   (0)      1  : 0.6745 0.0000 0.1985 0.0428 0.0842
4        4   (0)      1  : 0.4312 0.0421 0.2450 0.0792 0.2024
5        5   (0)      1  : 0.1471 0.0392 0.5124 0.0405 0.2609
6        6   (0)      1  : 0.4251 0.0421 0.3441 0.0336 0.1551
7        7   (0)      1  : 0.4204 0.0009 0.3247 0.0375 0.2165
8        8   (0)      2  : 0.2508 0.0001 0.4095 0.0227 0.3169
9        9   (0)      2  : 0.1458 0.0142 0.1853 0.0736 0.5813
10       10   (0)      2  : 0.1420 0.0200 0.1913 0.0645 0.5823
11       11   (0)      2  : 0.1253 0.1399 0.1727 0.0546 0.5075
12       12   (0)      2  : 0.7711 0.0005 0.0892 0.0382 0.1010
13       13   (0)      2  : 0.2523 0.0000 0.4727 0.0279 0.2470
14       14   (0)      3  : 0.6275 0.0023 0.2533 0.0292 0.0878
15       15   (0)      3  : 0.7168 0.0210 0.0901 0.0240 0.1481
16       16   (0)      3  : 0.8268 0.0000 0.0592 0.0016 0.1124
17       17   (0)      3  : 0.3077 0.0023 0.5298 0.0643 0.0959
18       18   (0)      4  : 0.2937 0.0101 0.3885 0.0503 0.2574
19       19   (0)      4  : 0.2889 0.0187 0.3882 0.0041 0.3001
20       20   (0)      4  : 0.4325 0.0092 0.2976 0.0274 0.2332
21       21   (0)      4  : 0.2954 0.0078 0.3629 0.0192 0.3147
22       22   (0)      4  : 0.3619 0.0045 0.4090 0.0220 0.2026
23       23   (0)      4  : 0.4072 0.0047 0.3136 0.0196 0.2550
24       24   (0)      4  : 0.4142 0.0000 0.4224 0.0244 0.1390
25       25   (0)      4  : 0.3584 0.0000 0.4495 0.0287 0.1634
26       26   (0)      4  : 0.1485 0.0302 0.5054 0.0256 0.2904
27       27   (0)      4  : 0.5209 0.0023 0.2747 0.0109 0.1912
28       28   (0)      4  : 0.3527 0.0215 0.2903 0.1022 0.2333
29       29   (0)      4  : 0.2229 0.0271 0.3840 0.0383 0.3277
30       30   (0)      4  : 0.3729 0.0034 0.2884 0.0844 0.2509
31       31   (0)      4  : 0.7670 0.0005 0.1796 0.0009 0.0521
32       32   (0)      4  : 0.4870 0.0027 0.3850 0.0297 0.0955
33       33   (0)      4  : 0.3767 0.0004 0.3119 0.1600 0.1510
34       34   (0)      5  : 0.2677 0.0172 0.5191 0.0102 0.1858
35       35   (0)      6  : 0.5283 0.0165 0.1421 0.0269 0.2863
36       36   (0)      6  : 0.3455 0.0000 0.2060 0.0289 0.4196
37       37   (0)      6  : 0.1189 0.0010 0.2369 0.1231 0.5200
38       38   (0)      6  : 0.2714 0.0000 0.4047 0.0101 0.3137
39       39   (0)      6  : 0.0803 0.0031 0.6740 0.0048 0.2378
40       40   (0)      6  : 0.2915 0.0268 0.4992 0.0229 0.1597
41       41   (0)      6  : 0.0000 1.0000 0.0000 0.0000 0.0000
42       42   (0)      6  : 0.3985 0.0170 0.3452 0.0131 0.2262
43       43   (0)      6  : 0.6198 0.0101 0.0978 0.0329 0.2395
44       44   (0)      6  : 0.3879 0.0297 0.3588 0.0171 0.2065
45       45   (0)      6  : 0.3331 0.0006 0.3108 0.0418 0.3136
46       46   (0)      6  : 0.0000 0.1000 0.0000 0.9000 0.0000
47       47   (0)      6  : 0.4839 0.0088 0.1213 0.0225 0.3636
48       48   (0)      6  : 0.4259 0.0016 0.3276 0.0478 0.1971
49       49   (0)      6  : 0.0000 1.0000 0.0000 0.0000 0.0000
50       50   (0)      6  : 0.2100 0.0000 0.5943 0.0123 0.1834
51       51   (0)      6  : 0.3072 0.0623 0.3419 0.0455 0.2430
52       52   (0)      6  : 0.0000 0.1000 0.0000 0.9000 0.0000
53       53   (0)      6  : 0.3918 0.0000 0.4412 0.0056 0.1614
54       54   (0)      6  : 0.0831 0.0000 0.7761 0.0240 0.1168
55       55   (0)      6  : 0.4132 0.0011 0.2524 0.0619 0.2713
56       56   (0)      6  : 0.1840 0.0208 0.4113 0.0502 0.3337
57       57   (0)      6  : 0.2091 0.0001 0.6518 0.0039 0.1350
58       58   (0)      7  : 0.1377 0.0000 0.5863 0.0019 0.2742
59       59   (0)      7  : 0.5393 0.0000 0.1920 0.0153 0.2533
60       60   (0)      7  : 0.4260 0.0102 0.2499 0.0602 0.2536
61       61   (0)      7  : 0.0569 0.0003 0.5954 0.0313 0.3160
62       62   (0)      7  : 0.1200 0.0000 0.2400 0.1200 0.5200
63       63   (0)      7  : 0.3704 0.0178 0.3263 0.0226 0.2628
64       64   (0)      8  : 0.4178 0.0179 0.3170 0.0543 0.1929
65       65   (0)      8  : 0.3432 0.0123 0.2976 0.0630 0.2839
66       66   (0)      9  : 0.3582 0.0000 0.4110 0.0189 0.2119
67       67   (0)     10  : 0.5684 0.0144 0.1867 0.0058 0.2247
68       68   (0)     10  : 0.5031 0.0000 0.2794 0.0330 0.1845
69       69   (0)     10  : 0.3004 0.0012 0.4664 0.0753 0.1567
70       70   (0)     10  : 0.3252 0.0000 0.4318 0.0367 0.2063
71       71   (0)     10  : 0.2567 0.0003 0.5042 0.0130 0.2259
72       72   (0)     10  : 0.2610 0.0038 0.4818 0.0124 0.2411
73       73   (0)     10  : 0.2429 0.0176 0.4809 0.0271 0.2315
74       74   (0)     10  : 0.3392 0.0066 0.3862 0.0247 0.2433
75       75   (0)     10  : 0.2632 0.0003 0.5647 0.0463 0.1255
76       76   (0)     10  : 0.4429 0.0186 0.2498 0.0485 0.2401
