 1        1   (0)      1 :  0.0000 1.0000 
 2        2   (0)      1 :  0.3320 0.6680 
 3        3   (0)      1 :  0.0000 1.0000 
 4        4   (0)      1 :  0.0000 1.0000 
 5        5   (0)      1 :  0.0000 1.0000 
 6        6   (0)      1 :  0.0000 1.0000 
 7        7   (0)      1 :  0.0000 1.0000 
 8        8   (0)      1 :  0.0000 1.0000 
 9        9   (0)      1 :  0.0000 1.0000 
10       10   (0)      1 :  0.0000 1.0000 
11       11   (0)      1 :  0.0187 0.9813 
12       12   (0)      1 :  0.0000 1.0000 
13       13   (0)      1 :  0.0000 1.0000 
14       14   (0)      2 :  0.0000 1.0000 
15       15   (0)      2 :  0.9959 0.0041 
16       16   (0)      2 :  0.0000 1.0000 
17       17   (0)      2 :  0.0000 1.0000 
18       18   (0)      2 :  0.0000 1.0000 
19       19   (0)      2 :  0.0000 1.0000 
20       20   (0)      2 :  0.0023 0.9977 
21       21   (0)      2 :  0.0000 1.0000 
22       22   (0)      2 :  0.0311 0.9689 
23       23   (0)      2 :  0.2560 0.7440 
24       24   (0)      2 :  0.0000 1.0000 
25       25   (0)      2 :  0.0000 1.0000 
26       26   (0)      2 :  0.2500 0.7500 
27       27   (0)      2 :  0.0000 1.0000 
28       28   (0)      3 :  1.0000 0.0000 
29       29   (0)      3 :  0.0000 1.0000 
30       30   (0)      3 :  0.4813 0.5187 
31       31   (0)      3 :  0.2835 0.7165 
32       32   (0)      3 :  1.0000 0.0000 
33       33   (0)      3 :  0.0000 1.0000 
34       34   (0)      3 :  1.0000 0.0000 
35       35   (0)      3 :  1.0000 0.0000 
36       36   (0)      3 :  1.0000 0.0000 
37       37   (0)      3 :  0.0000 1.0000 
38       38   (0)      3 :  0.6018 0.3982 
39       39   (0)      3 :  0.4741 0.5259 
40       40   (0)      3 :  0.0000 1.0000 
41       41   (0)      3 :  0.0000 1.0000 
42       42   (0)      3 :  0.9917 0.0083 
43       43   (0)      3 :  1.0000 0.0000 
44       44   (0)      3 :  0.0000 1.0000 
45       45   (0)      3 :  0.0000 1.0000 
46       46   (0)      4 :  1.0000 0.0000 
47       47   (0)      4 :  1.0000 0.0000 
48       48   (0)      4 :  0.0000 1.0000 
49       49   (0)      4 :  0.0205 0.9795 
50       50   (0)      4 :  0.0427 0.9573 
51       51   (0)      4 :  0.0286 0.9714 
52       52   (0)      4 :  0.0063 0.9937 
53       53   (0)      4 :  0.0000 1.0000 
54       54   (0)      4 :  0.0000 1.0000 
55       55   (0)      4 :  0.4364 0.5636 
56       56   (0)      4 :  0.0000 1.0000 
57       57   (0)      5 :  0.0000 1.0000 
58       58   (0)      5 :  0.0522 0.9478 
59       59   (0)      5 :  0.0000 1.0000 
60       60   (0)      5 :  1.0000 0.0000 
61       61   (0)      5 :  0.9666 0.0334 
62       62   (0)      5 :  0.8413 0.1587 
63       63   (0)      6 :  1.0000 0.0000 
64       64   (0)      6 :  1.0000 0.0000 
65       65   (0)      6 :  1.0000 0.0000 
66       66   (0)      6 :  0.7577 0.2423 
67       67   (0)      6 :  1.0000 0.0000 
68       68   (0)      6 :  0.9689 0.0311 
69       69   (0)      6 :  0.1580 0.8420 
70       70   (0)      6 :  1.0000 0.0000 
71       71   (0)      6 :  0.0000 1.0000 
72       72   (0)      6 :  1.0000 0.0000 
73       73   (0)      6 :  1.0000 0.0000 
74       74   (0)      6 :  0.9996 0.0004 
75       75   (0)      6 :  0.9881 0.0119 
76       76   (0)      6 :  0.9503 0.0497 
77       77   (0)      6 :  0.9163 0.0837 
78       78   (0)      6 :  0.9446 0.0554 
79       79   (0)      6 :  1.0000 0.0000 
80       80   (0)      7 :  0.0000 1.0000 
81       81   (0)      8 :  0.0070 0.9930 
82       82   (0)      9 :  0.4866 0.5134 
83       83   (0)     10 :  0.0864 0.9136 
84       84   (0)     11 :  0.0000 1.0000 
85       85   (0)     11 :  0.1799 0.8201 
86       86   (0)     12 :  0.3127 0.6873 
87       87   (0)     12 :  0.1008 0.8992 
88       88   (0)     12 :  0.0000 1.0000 
89       89   (0)     12 :  0.0645 0.9355 
90       90   (0)     12 :  0.9451 0.0549 
91       91   (0)     12 :  0.0000 1.0000 
92       92   (0)     12 :  0.0000 1.0000 
93       93   (0)     12 :  0.0000 1.0000 
94       94   (0)     13 :  0.0000 1.0000 
