1        1   (0)      1  : 0.0000 0.0000 0.0000 0.0000 0.0000 0.0000 0.1059 0.6053 0.0000 0.0041 0.0314 0.0000 0.0009 0.0446 0.0416 0.0000 0.0754 0.0233 0.0675 0.0000
2        2   (0)      1  : 0.0000 0.0000 0.0000 0.0000 0.0712 0.0000 0.8525 0.0000 0.0000 0.0000 0.0000 0.0070 0.0693 0.0000 0.0000 0.0000 0.0000 0.0000 0.0000 0.0000
3        3   (0)      1  : 0.0000 0.0000 0.0000 0.0000 0.0000 0.0000 0.0000 0.8889 0.0000 0.0000 0.0000 0.0000 0.0000 0.0000 0.0000 0.0000 0.0000 0.0000 0.1111 0.0000
4        4   (0)      1  : 0.0000 0.0000 0.0000 0.0000 0.0000 0.0000 1.0000 0.0000 0.0000 0.0000 0.0000 0.0000 0.0000 0.0000 0.0000 0.0000 0.0000 0.0000 0.0000 0.0000
5        5   (0)      1  : 0.0267 0.0000 0.1306 0.0000 0.0080 0.0949 0.1770 0.0000 0.0000 0.0000 0.1377 0.0000 0.0020 0.0030 0.0023 0.0342 0.2581 0.1223 0.0032 0.0000
6        6   (0)      1  : 0.1997 0.0000 0.0993 0.0000 0.0108 0.0587 0.0858 0.0000 0.0000 0.0015 0.2164 0.0109 0.0009 0.0005 0.0092 0.0655 0.1836 0.0573 0.0000 0.0000
7        7   (0)      1  : 0.1067 0.0000 0.0000 0.0000 0.0000 0.0000 0.0000 0.0000 0.0000 0.0000 0.4226 0.0026 0.0279 0.0000 0.0086 0.0000 0.4316 0.0000 0.0000 0.0000
8        8   (0)      1  : 0.0442 0.0000 0.0980 0.0000 0.0033 0.0325 0.2653 0.0000 0.0000 0.0000 0.1508 0.0000 0.0000 0.0000 0.0000 0.0210 0.3084 0.0764 0.0000 0.0000
9        9   (0)      1  : 0.0000 0.0000 0.0000 0.0000 0.0000 0.0000 1.0000 0.0000 0.0000 0.0000 0.0000 0.0000 0.0000 0.0000 0.0000 0.0000 0.0000 0.0000 0.0000 0.0000
10       10   (0)      1  : 0.0514 0.0000 0.0000 0.0000 0.0036 0.0000 0.0000 0.0000 0.0000 0.0297 0.6886 0.0041 0.0022 0.0153 0.0000 0.0407 0.1616 0.0000 0.0027 0.0000
11       11   (0)      1  : 0.1472 0.0000 0.0000 0.0000 0.0045 0.0000 0.0000 0.0000 0.0000 0.0124 0.6571 0.0017 0.0132 0.0015 0.1111 0.0462 0.0049 0.0000 0.0000 0.0000
12       12   (0)      1  : 0.0000 0.0000 0.0000 0.0000 0.0000 0.0000 0.0000 0.0000 0.0000 0.0000 0.0000 0.0000 1.0000 0.0000 0.0000 0.0000 0.0000 0.0000 0.0000 0.0000
13       13   (0)      1  : 0.2203 0.0000 0.0000 0.0000 0.0000 0.0000 0.0000 0.0000 0.0000 0.0319 0.4815 0.0202 0.0011 0.0392 0.0068 0.0745 0.1245 0.0000 0.0000 0.0000
14       14   (0)      1  : 0.0407 0.0000 0.0952 0.0076 0.0000 0.1033 0.0108 0.1518 0.0048 0.0003 0.3863 0.0173 0.0695 0.0000 0.0044 0.0103 0.0686 0.0000 0.0101 0.0192
15       15   (0)      1  : 0.0000 0.0000 1.0000 0.0000 0.0000 0.0000 0.0000 0.0000 0.0000 0.0000 0.0000 0.0000 0.0000 0.0000 0.0000 0.0000 0.0000 0.0000 0.0000 0.0000
16       16   (0)      1  : 0.0000 0.0000 0.0000 0.0000 0.0000 0.0000 0.0000 0.0000 0.0000 0.0000 0.0000 0.0000 0.0000 0.0000 0.0000 0.0000 0.0000 0.0000 1.0000 0.0000
17       17   (0)      1  : 0.0000 0.0000 0.0000 0.0000 0.0000 0.0000 0.0000 0.0000 0.0000 0.0000 0.0000 0.0000 0.0000 0.0000 0.0000 0.0000 0.0000 0.0000 1.0000 0.0000
18       18   (0)      1  : 0.0000 0.0000 0.0000 0.0000 0.0000 0.0000 0.0000 0.0000 0.0000 1.0000 0.0000 0.0000 0.0000 0.0000 0.0000 0.0000 0.0000 0.0000 0.0000 0.0000
19       19   (0)      1  : 0.0000 0.0000 0.0000 0.0000 0.0130 0.0000 0.0054 0.0004 0.0000 0.0014 0.3013 0.0231 0.0005 0.0190 0.1111 0.0529 0.3606 0.1113 0.0000 0.0000
20       20   (0)      1  : 0.0222 0.0000 0.0000 0.0000 0.0002 0.0000 0.0000 0.0000 0.0000 0.0015 0.3764 0.0211 0.0023 0.0019 0.0000 0.2480 0.1487 0.1777 0.0000 0.0000
21       21   (0)      1  : 0.0000 0.0000 0.0000 0.0000 0.0000 0.0000 0.0000 0.8889 0.0000 0.0000 0.0000 0.0000 0.0000 0.0000 0.0000 0.0000 0.0000 0.0000 0.1111 0.0000
22       22   (0)      1  : 0.0000 0.0000 1.0000 0.0000 0.0000 0.0000 0.0000 0.0000 0.0000 0.0000 0.0000 0.0000 0.0000 0.0000 0.0000 0.0000 0.0000 0.0000 0.0000 0.0000
23       23   (0)      1  : 0.1803 0.0000 0.0000 0.0000 0.0146 0.0000 0.0065 0.0000 0.0000 0.0001 0.4205 0.0041 0.0248 0.0000 0.0044 0.2073 0.1346 0.0030 0.0000 0.0000
24       24   (0)      2  : 0.0000 0.0000 0.0000 0.0000 0.0000 0.0000 0.0000 0.7852 0.0000 0.0000 0.0000 0.0000 0.0000 0.0000 0.0000 0.0000 0.0000 0.0000 0.2148 0.0000
25       25   (0)      2  : 0.3055 0.0000 0.0000 0.0000 0.0000 0.0000 0.0000 0.0000 0.0000 0.0000 0.2300 0.0000 0.0000 0.0120 0.0000 0.3039 0.1429 0.0056 0.0000 0.0000
26       26   (0)      2  : 0.0305 0.0000 0.0000 0.0000 0.0000 0.0000 0.0854 0.4101 0.0000 0.0091 0.0000 0.0000 0.0000 0.0000 0.2222 0.1225 0.0287 0.0422 0.0493 0.0000
27       27   (0)      2  : 0.2047 0.0000 0.0000 0.0000 0.0233 0.0000 0.0000 0.0442 0.0000 0.0900 0.3076 0.0030 0.0100 0.0027 0.0168 0.0758 0.1980 0.0180 0.0058 0.0000
28       28   (0)      2  : 0.5650 0.0000 0.0191 0.0000 0.0000 0.0020 0.0000 0.0152 0.0000 0.0000 0.1479 0.0079 0.0000 0.0040 0.0264 0.0804 0.1080 0.0000 0.0242 0.0000
29       29   (0)      2  : 0.1272 0.0000 0.0000 0.0000 0.0287 0.0000 0.0001 0.0000 0.0000 0.0331 0.1144 0.0090 0.0027 0.0108 0.0314 0.4330 0.1510 0.0370 0.0215 0.0000
30       30   (0)      2  : 0.0000 0.0000 0.0000 0.3333 0.0000 0.0000 0.0000 0.0000 0.1111 0.0000 0.0000 0.0000 0.0000 0.0000 0.2222 0.0000 0.0000 0.0000 0.0000 0.3333
31       31   (0)      2  : 0.2855 0.0000 0.0082 0.0000 0.0004 0.0034 0.0033 0.0000 0.0000 0.0510 0.2453 0.0072 0.0024 0.0144 0.0103 0.1173 0.2279 0.0020 0.0212 0.0000
32       32   (0)      2  : 0.0000 0.0000 0.0000 0.0000 0.0000 0.0000 0.0000 0.8889 0.0000 0.0000 0.0000 0.0000 0.0000 0.0000 0.0000 0.0000 0.0000 0.0000 0.1111 0.0000
33       33   (0)      2  : 0.0000 0.0000 0.0000 0.0000 0.0000 0.0000 0.0000 0.0000 0.0000 1.0000 0.0000 0.0000 0.0000 0.0000 0.0000 0.0000 0.0000 0.0000 0.0000 0.0000
34       34   (0)      2  : 0.1111 0.0000 0.0000 0.0000 0.0000 0.0000 0.0000 0.0000 0.0000 0.0000 0.6327 0.0000 0.0000 0.0000 0.1111 0.1111 0.0000 0.0340 0.0000 0.0000
35       35   (0)      2  : 0.4711 0.0000 0.0181 0.0000 0.0160 0.0000 0.0004 0.0244 0.0000 0.0160 0.1358 0.0306 0.0300 0.0147 0.0186 0.0798 0.1255 0.0158 0.0031 0.0000
36       36   (0)      2  : 0.0000 0.0000 0.0000 0.0000 0.0000 0.0000 1.0000 0.0000 0.0000 0.0000 0.0000 0.0000 0.0000 0.0000 0.0000 0.0000 0.0000 0.0000 0.0000 0.0000
37       37   (0)      3  : 0.1786 0.0000 0.0000 0.0000 0.0142 0.0000 0.0000 0.0100 0.0000 0.0033 0.5512 0.0088 0.0109 0.0200 0.0026 0.1175 0.0828 0.0000 0.0001 0.0000
38       38   (0)      3  : 0.0373 0.0000 0.0000 0.0000 0.1061 0.0000 0.0037 0.0000 0.0000 0.0012 0.0000 0.0021 0.0000 0.0000 0.0000 0.8495 0.0000 0.0000 0.0000 0.0000
39       39   (0)      3  : 0.2800 0.0000 0.0000 0.0000 0.0180 0.0000 0.0000 0.0002 0.0000 0.0008 0.2372 0.0000 0.0078 0.0255 0.0082 0.0586 0.2485 0.1111 0.0042 0.0000
40       40   (0)      3  : 0.0000 0.0000 0.0000 0.0000 0.0000 0.0000 0.0000 0.0000 0.0000 0.0000 0.3500 0.0087 0.0040 0.0000 0.0067 0.2426 0.1402 0.2474 0.0004 0.0000
41       41   (0)      3  : 0.4638 0.0000 0.0000 0.0000 0.0242 0.0000 0.0010 0.0000 0.0000 0.0154 0.2979 0.0000 0.0017 0.0036 0.1120 0.0000 0.0502 0.0251 0.0049 0.0000
42       42   (0)      4  : 0.0000 0.3766 0.0000 0.1448 0.0000 0.0000 0.0000 0.0000 0.2564 0.0000 0.0000 0.0000 0.0000 0.0000 0.2222 0.0000 0.0000 0.0000 0.0000 0.0000
43       43   (0)      4  : 0.3335 0.0000 0.0000 0.0000 0.0084 0.0025 0.0000 0.0000 0.0000 0.0000 0.2400 0.0075 0.0179 0.0129 0.0447 0.0478 0.2374 0.0474 0.0000 0.0000
44       44   (0)      4  : 0.0000 0.1111 0.0000 0.2803 0.0000 0.0000 0.0000 0.0000 0.3333 0.0000 0.0000 0.0000 0.0000 0.0000 0.1111 0.0000 0.0000 0.0000 0.0000 0.1642
45       45   (0)      4  : 0.0000 0.2730 0.0000 0.1165 0.0000 0.0000 0.0000 0.0000 0.4019 0.0000 0.0000 0.0000 0.0000 0.0000 0.0752 0.0000 0.0000 0.0000 0.0000 0.1334
46       46   (0)      4  : 0.3288 0.0019 0.0043 0.0024 0.0000 0.0000 0.0287 0.0111 0.0021 0.0000 0.3507 0.0090 0.0000 0.0051 0.0030 0.0000 0.2041 0.0459 0.0028 0.0000
47       47   (0)      4  : 0.8720 0.0000 0.0000 0.0000 0.0000 0.0000 0.0000 0.0000 0.0000 0.0000 0.0299 0.0093 0.0000 0.0216 0.0000 0.0000 0.0672 0.0000 0.0000 0.0000
48       48   (0)      4  : 0.2870 0.0000 0.0000 0.0000 0.0000 0.0000 0.0000 0.0000 0.0000 0.0160 0.1659 0.0144 0.0156 0.0163 0.0000 0.2772 0.2074 0.0000 0.0000 0.0000
49       49   (0)      4  : 0.4542 0.0000 0.0000 0.0000 0.0000 0.0000 0.0000 0.0000 0.0000 0.0000 0.4166 0.0000 0.0040 0.0000 0.0000 0.0773 0.0479 0.0000 0.0000 0.0000
50       50   (0)      4  : 0.0000 0.0000 0.0000 0.0000 0.0000 0.0000 0.0000 0.0000 0.0000 0.0000 0.0000 0.0000 0.0000 1.0000 0.0000 0.0000 0.0000 0.0000 0.0000 0.0000
51       51   (0)      4  : 0.1347 0.0195 0.0213 0.0038 0.0000 0.2851 0.0000 0.0000 0.2858 0.0000 0.0336 0.0000 0.0000 0.0988 0.0616 0.0000 0.0307 0.0250 0.0000 0.0000
52       52   (0)      4  : 0.3894 0.0021 0.0000 0.0012 0.0000 0.0086 0.0021 0.0000 0.0000 0.0130 0.2144 0.0448 0.0000 0.0000 0.0000 0.0000 0.3244 0.0000 0.0000 0.0000
53       53   (0)      4  : 0.3903 0.0000 0.0000 0.0000 0.0041 0.0000 0.0000 0.0000 0.0000 0.0057 0.1445 0.0000 0.0101 0.0000 0.0000 0.2083 0.2087 0.0283 0.0000 0.0000
54       54   (0)      4  : 0.4780 0.0117 0.0049 0.0089 0.0166 0.0000 0.0000 0.0000 0.0000 0.0000 0.1945 0.0137 0.0000 0.0253 0.0045 0.0903 0.1206 0.0132 0.0143 0.0036
55       55   (0)      4  : 0.0000 0.0000 0.0000 0.0000 0.0000 0.0000 0.0000 0.0000 0.0000 0.0000 0.0000 0.0000 0.0000 1.0000 0.0000 0.0000 0.0000 0.0000 0.0000 0.0000
56       56   (0)      4  : 0.0000 0.4444 0.0000 0.3333 0.0000 0.0000 0.0000 0.0000 0.0000 0.0000 0.0000 0.0000 0.0000 0.0000 0.1111 0.0000 0.0000 0.0000 0.0000 0.1111
57       57   (0)      5  : 0.2128 0.0000 0.0000 0.0000 0.0000 0.0000 0.0000 0.0000 0.0000 0.0043 0.4141 0.0015 0.0021 0.0000 0.0000 0.1465 0.2186 0.0000 0.0000 0.0000
58       58   (0)      5  : 0.0792 0.0000 0.0000 0.0000 0.0000 0.0000 0.0000 0.0000 0.0000 0.0351 0.2511 0.0077 0.0000 0.0019 0.0000 0.3446 0.2660 0.0140 0.0003 0.0000
59       59   (0)      5  : 0.0000 0.3271 0.0000 0.5838 0.0000 0.0000 0.0000 0.0000 0.0288 0.0000 0.0000 0.0000 0.0000 0.0000 0.0604 0.0000 0.0000 0.0000 0.0000 0.0000
60       60   (0)      5  : 0.3920 0.0000 0.0000 0.0000 0.0000 0.0000 0.0000 0.0000 0.0000 0.0000 0.3762 0.0272 0.0200 0.0000 0.0332 0.0000 0.1296 0.0218 0.0000 0.0000
61       61   (0)      5  : 0.1429 0.0449 0.0971 0.0379 0.0798 0.0351 0.0000 0.0511 0.2832 0.0000 0.0938 0.0000 0.0000 0.0000 0.0004 0.0000 0.0427 0.0362 0.0007 0.0542
62       62   (0)      5  : 0.0000 0.1111 0.0000 0.1111 0.0000 0.0000 0.0000 0.1111 0.5556 0.0000 0.0000 0.0000 0.0000 0.0000 0.0000 0.0000 0.0000 0.0000 0.0000 0.1111
63       63   (0)      5  : 0.3036 0.0161 0.0038 0.0048 0.0134 0.0371 0.0224 0.0189 0.0993 0.0000 0.1679 0.0045 0.0090 0.0134 0.0142 0.0547 0.1552 0.0097 0.0225 0.0295
64       64   (0)      5  : 0.4453 0.0000 0.0000 0.0000 0.0229 0.0000 0.0000 0.0000 0.0000 0.0000 0.3064 0.0228 0.0251 0.0000 0.0200 0.0000 0.0236 0.1339 0.0000 0.0000
65       65   (0)      5  : 0.3443 0.0000 0.0000 0.0000 0.0000 0.0000 0.0000 0.0000 0.0000 0.0005 0.2803 0.0000 0.0029 0.0037 0.0021 0.0000 0.3587 0.0076 0.0000 0.0000
66       66   (0)      5  : 0.3514 0.0000 0.0000 0.0000 0.0037 0.0000 0.0000 0.0000 0.0000 0.0000 0.2290 0.0008 0.0000 0.0143 0.0102 0.1133 0.2566 0.0080 0.0127 0.0000
67       67   (0)      5  : 0.0189 0.0000 0.0191 0.0237 0.0000 0.0116 0.0000 0.0000 0.0000 0.0000 0.0000 0.0000 0.0000 0.0000 0.0018 0.0187 0.0349 0.0000 0.0000 0.8712
68       68   (0)      5  : 0.0000 0.1122 0.0000 0.6868 0.0000 0.0000 0.0000 0.0758 0.0000 0.0000 0.0000 0.0000 0.0000 0.0000 0.0000 0.0000 0.0000 0.0000 0.0000 0.1252
69       69   (0)      5  : 0.2148 0.0000 0.0000 0.0000 0.0365 0.0000 0.0152 0.0000 0.0000 0.0002 0.0720 0.0035 0.0063 0.0298 0.0101 0.2388 0.1098 0.0241 0.0044 0.2343
70       70   (0)      5  : 0.0000 0.0000 0.0000 0.0000 0.0000 0.0000 0.0000 0.0000 0.0000 0.0000 0.0000 0.0000 0.0000 0.0000 0.0000 0.0000 0.0000 0.0000 0.0000 1.0000
71       71   (0)      5  : 0.0000 0.0524 0.0000 0.5579 0.0000 0.0000 0.0000 0.0000 0.0000 0.0000 0.0000 0.0000 0.0000 0.0000 0.1812 0.0000 0.1111 0.0000 0.0000 0.0973
72       72   (0)      5  : 0.4210 0.0000 0.0000 0.0342 0.0000 0.0000 0.0006 0.0183 0.0381 0.0011 0.0691 0.0000 0.0245 0.0003 0.0183 0.1787 0.1257 0.0554 0.0000 0.0145
73       73   (0)      5  : 0.1679 0.0000 0.0000 0.0000 0.0000 0.0000 0.0000 0.0000 0.0000 0.0000 0.1830 0.0314 0.0036 0.0000 0.0261 0.2554 0.1998 0.1111 0.0217 0.0000
74       74   (0)      5  : 0.0000 0.3605 0.0000 0.6189 0.0000 0.0000 0.0000 0.0000 0.0000 0.0000 0.0000 0.0000 0.0000 0.0000 0.0000 0.0000 0.0206 0.0000 0.0000 0.0000
75       75   (0)      6  : 0.0000 0.0000 0.0000 0.2688 0.0000 0.0000 0.0000 0.1111 0.3979 0.0000 0.0000 0.0000 0.0000 0.0000 0.1111 0.0000 0.0000 0.0000 0.0000 0.1111
76       76   (0)      6  : 0.4385 0.0000 0.0059 0.0065 0.0000 0.0125 0.0000 0.0133 0.0101 0.0098 0.3427 0.0033 0.0070 0.0000 0.0053 0.0294 0.0932 0.0114 0.0025 0.0087
77       77   (0)      6  : 0.0000 0.1622 0.0000 0.4819 0.0000 0.0000 0.0000 0.0723 0.0918 0.0000 0.0000 0.0000 0.0000 0.0000 0.0495 0.0000 0.0000 0.0000 0.0000 0.1423
78       78   (0)      6  : 0.0000 0.1187 0.0000 0.6445 0.0000 0.0000 0.0000 0.0823 0.0435 0.0000 0.0000 0.0000 0.0000 0.0000 0.1111 0.0000 0.0000 0.0000 0.0000 0.0000
79       79   (0)      6  : 0.0000 0.2634 0.0000 0.1393 0.0000 0.0000 0.0000 0.1111 0.2490 0.0000 0.0000 0.0000 0.0000 0.0000 0.0561 0.0000 0.0614 0.0000 0.0000 0.1198
80       80   (0)      6  : 0.0000 0.0000 0.0004 0.0000 0.0000 0.0000 0.0196 0.8889 0.0000 0.0000 0.0000 0.0000 0.0000 0.0000 0.0000 0.0000 0.0000 0.0000 0.0911 0.0000
81       81   (0)      6  : 0.0000 0.0758 0.0000 0.1875 0.0000 0.0000 0.0000 0.0000 0.4680 0.0000 0.0000 0.0000 0.0000 0.0000 0.1799 0.0000 0.0350 0.0000 0.0000 0.0538
82       82   (0)      6  : 0.0000 0.0000 0.0000 0.1151 0.0000 0.0000 0.0000 0.0000 0.8141 0.0000 0.0000 0.0000 0.0000 0.0000 0.0692 0.0000 0.0000 0.0000 0.0000 0.0016
83       83   (0)      6  : 0.0000 0.0281 0.0000 0.0572 0.0000 0.0000 0.0000 0.0000 0.6511 0.0000 0.0000 0.0000 0.0000 0.0000 0.0800 0.0000 0.0465 0.0000 0.0000 0.1371
84       84   (0)      6  : 0.0000 0.0000 0.0000 0.0000 0.0000 0.0000 0.0000 0.0000 0.8889 0.0000 0.0000 0.0000 0.0000 0.0000 0.1111 0.0000 0.0000 0.0000 0.0000 0.0000
85       85   (0)      6  : 0.0000 0.0000 0.0000 0.1280 0.0000 0.0000 0.0000 0.1111 0.0579 0.0000 0.0000 0.0000 0.0000 0.0000 0.1474 0.0000 0.1111 0.0000 0.0000 0.4444
86       86   (0)      6  : 0.0000 0.1581 0.0000 0.2612 0.0000 0.0000 0.0000 0.0000 0.1111 0.0000 0.0000 0.0000 0.0000 0.0000 0.2409 0.0000 0.1111 0.0000 0.0000 0.1176
87       87   (0)      6  : 0.0000 0.1569 0.0000 0.5050 0.0000 0.0000 0.0000 0.1111 0.0282 0.0000 0.0000 0.0000 0.0000 0.0000 0.0346 0.0000 0.0000 0.0000 0.0000 0.1642
88       88   (0)      6  : 0.0000 0.4528 0.0000 0.1336 0.0000 0.0000 0.0000 0.0303 0.1911 0.0000 0.0000 0.0000 0.0000 0.0000 0.0835 0.0000 0.0000 0.0000 0.0000 0.1087
89       89   (0)      6  : 0.0000 0.1180 0.0000 0.0695 0.0000 0.0000 0.0000 0.0000 0.1934 0.0000 0.0000 0.0000 0.0000 0.0000 0.2940 0.0000 0.0616 0.0000 0.0000 0.2635
90       90   (0)      6  : 0.0000 0.0524 0.0000 0.0104 0.0000 0.0000 0.9032 0.0000 0.0000 0.0000 0.0000 0.0000 0.0000 0.0000 0.0112 0.0000 0.0000 0.0000 0.0000 0.0228
91       91   (0)      6  : 0.0000 0.5556 0.0000 0.2222 0.0000 0.0000 0.0000 0.0000 0.1111 0.0000 0.0000 0.0000 0.0000 0.0000 0.0000 0.0000 0.0000 0.0000 0.0000 0.1111
92       92   (0)      6  : 0.0406 0.0000 0.0000 0.0000 0.0286 0.0000 0.0000 0.0000 0.0000 0.0000 0.0000 0.0000 0.0000 0.0000 0.0000 0.9284 0.0000 0.0024 0.0000 0.0000
93       93   (0)      6  : 0.0000 0.0000 0.0000 0.0000 0.0000 1.0000 0.0000 0.0000 0.0000 0.0000 0.0000 0.0000 0.0000 0.0000 0.0000 0.0000 0.0000 0.0000 0.0000 0.0000
94       94   (0)      6  : 0.1321 0.0000 0.0000 0.0000 0.0092 0.0379 0.0000 0.0000 0.0000 0.0014 0.1392 0.0074 0.0003 0.1591 0.1111 0.1278 0.2708 0.0038 0.0000 0.0000
95       95   (0)      6  : 0.0000 0.0000 0.0000 0.0000 0.0000 1.0000 0.0000 0.0000 0.0000 0.0000 0.0000 0.0000 0.0000 0.0000 0.0000 0.0000 0.0000 0.0000 0.0000 0.0000
96       96   (0)      6  : 0.0000 0.0137 0.0000 0.0000 0.0000 0.9172 0.0000 0.0000 0.0000 0.0000 0.0000 0.0000 0.0000 0.0308 0.0000 0.0000 0.0223 0.0000 0.0000 0.0160
97       97   (0)      6  : 0.1990 0.0000 0.0000 0.0000 0.0275 0.1559 0.0000 0.0000 0.0000 0.0053 0.1793 0.0000 0.0278 0.0490 0.0000 0.0952 0.2191 0.0420 0.0000 0.0000
98       98   (0)      6  : 0.0000 0.0000 0.1221 0.0000 0.0000 0.8779 0.0000 0.0000 0.0000 0.0000 0.0000 0.0000 0.0000 0.0000 0.0000 0.0000 0.0000 0.0000 0.0000 0.0000
99       99   (0)      7  : 0.0000 0.0000 0.0000 0.4048 0.0000 0.0000 0.0000 0.0000 0.0000 0.0000 0.0000 0.0000 0.0000 0.0000 0.1111 0.0000 0.0000 0.0000 0.0000 0.4841
100      100   (0)      7  : 0.1875 0.0209 0.0220 0.0654 0.0000 0.1635 0.0001 0.0061 0.0000 0.0000 0.2070 0.0014 0.0095 0.0030 0.0123 0.1011 0.1209 0.0364 0.0003 0.0427
101      101   (0)      7  : 0.0000 0.0000 1.0000 0.0000 0.0000 0.0000 0.0000 0.0000 0.0000 0.0000 0.0000 0.0000 0.0000 0.0000 0.0000 0.0000 0.0000 0.0000 0.0000 0.0000
102      102   (0)      7  : 0.0000 0.0000 1.0000 0.0000 0.0000 0.0000 0.0000 0.0000 0.0000 0.0000 0.0000 0.0000 0.0000 0.0000 0.0000 0.0000 0.0000 0.0000 0.0000 0.0000
103      103   (0)      7  : 0.2045 0.0000 0.0000 0.0000 0.0121 0.0000 0.0000 0.0000 0.0000 0.0046 0.1252 0.0259 0.0742 0.0907 0.0000 0.1358 0.3097 0.0174 0.0000 0.0000
104      104   (0)      7  : 0.1385 0.0000 0.0000 0.0000 0.0187 0.0000 0.0168 0.0000 0.0000 0.0016 0.0870 0.0184 0.0137 0.0037 0.0000 0.6533 0.0186 0.0297 0.0000 0.0000
105      105   (0)      7  : 0.0000 0.0000 0.0000 0.0000 0.0000 0.0000 0.0000 0.0000 0.0000 0.0000 0.0000 0.0000 0.0000 0.0000 0.0000 0.0000 0.0000 1.0000 0.0000 0.0000
106      106   (0)      7  : 0.1099 0.0000 0.0000 0.0000 0.0050 0.0000 0.0000 0.0039 0.0000 0.0000 0.1865 0.0096 0.0001 0.0367 0.0043 0.0724 0.5278 0.0439 0.0000 0.0000
107      107   (0)      7  : 0.4827 0.0000 0.0000 0.0000 0.0000 0.0000 0.0055 0.0000 0.0000 0.0317 0.1367 0.0139 0.0044 0.0249 0.0030 0.1010 0.1515 0.0447 0.0000 0.0000
108      108   (0)      8  : 0.0000 0.0000 0.0000 0.0000 1.0000 0.0000 0.0000 0.0000 0.0000 0.0000 0.0000 0.0000 0.0000 0.0000 0.0000 0.0000 0.0000 0.0000 0.0000 0.0000
109      109   (0)      8  : 0.1451 0.0000 0.0000 0.0000 0.0206 0.0000 0.0000 0.0018 0.0000 0.0043 0.5656 0.0115 0.0132 0.0000 0.0000 0.0497 0.0870 0.1013 0.0000 0.0000
110      110   (0)      8  : 0.0000 0.0000 0.0000 0.0000 0.0000 0.0000 0.0000 0.0000 0.0000 0.0000 0.0000 0.0000 1.0000 0.0000 0.0000 0.0000 0.0000 0.0000 0.0000 0.0000
111      111   (0)      8  : 0.0000 0.0000 0.0000 0.0000 0.0000 0.0000 0.0000 0.0000 0.0000 0.0000 0.0000 1.0000 0.0000 0.0000 0.0000 0.0000 0.0000 0.0000 0.0000 0.0000
112      112   (0)      8  : 0.0000 0.0000 1.0000 0.0000 0.0000 0.0000 0.0000 0.0000 0.0000 0.0000 0.0000 0.0000 0.0000 0.0000 0.0000 0.0000 0.0000 0.0000 0.0000 0.0000
113      113   (0)      8  : 0.0419 0.0000 0.0000 0.0000 0.0000 0.0000 0.0000 0.0000 0.0000 0.0000 0.2534 0.0040 0.0006 0.0000 0.0000 0.1111 0.3449 0.2431 0.0009 0.0000
114      114   (0)      8  : 0.1147 0.0000 0.0000 0.0000 0.0008 0.0000 0.0000 0.0000 0.0000 0.0000 0.4771 0.0001 0.0260 0.0088 0.0000 0.0000 0.3719 0.0000 0.0006 0.0000
115      115   (0)      8  : 0.0000 0.0000 0.0000 0.0000 1.0000 0.0000 0.0000 0.0000 0.0000 0.0000 0.0000 0.0000 0.0000 0.0000 0.0000 0.0000 0.0000 0.0000 0.0000 0.0000
116      116   (0)      8  : 0.0000 0.0000 0.0000 0.0000 0.0000 0.0000 0.0000 0.0000 0.0000 0.0000 0.0000 1.0000 0.0000 0.0000 0.0000 0.0000 0.0000 0.0000 0.0000 0.0000
117      117   (0)      8  : 0.0000 0.0000 0.0000 0.0000 0.0072 0.0000 0.0000 0.0000 0.0000 0.0000 0.0000 0.0000 0.0000 0.0000 0.0000 0.0000 0.0000 0.9928 0.0000 0.0000
118      118   (0)      8  : 0.0000 0.0000 0.0000 0.0000 0.0013 0.0000 0.0000 0.0001 0.0000 0.0000 0.4365 0.0000 0.0056 0.0000 0.0196 0.0000 0.3057 0.2312 0.0000 0.0000
119      119   (0)      9  : 0.0000 0.3366 0.0000 0.1111 0.0000 0.0000 0.0000 0.0000 0.1555 0.0000 0.0000 0.0000 0.0000 0.0000 0.1111 0.0000 0.1111 0.0000 0.0000 0.1746
120      120   (0)     10  : 0.3624 0.0000 0.0411 0.0000 0.0420 0.0000 0.0014 0.0007 0.0000 0.0100 0.2248 0.0134 0.0000 0.0175 0.0196 0.0001 0.2667 0.0003 0.0000 0.0000
121      121   (0)     10  : 0.0851 0.0000 0.0000 0.0000 0.0000 0.0000 0.0000 0.0000 0.0000 0.0028 0.3156 0.0450 0.0000 0.0006 0.0074 0.0445 0.3931 0.1059 0.0000 0.0000
122      122   (0)     10  : 0.3221 0.0000 0.0000 0.0000 0.0117 0.0000 0.0000 0.0000 0.0000 0.0026 0.2383 0.0000 0.0030 0.0123 0.0000 0.2462 0.1620 0.0000 0.0017 0.0000
123      123   (0)     10  : 0.1793 0.0510 0.0072 0.0083 0.0485 0.0000 0.0260 0.0044 0.0000 0.0002 0.1354 0.0164 0.0230 0.0194 0.0163 0.3196 0.0866 0.0476 0.0109 0.0000
124      124   (0)     10  : 0.3266 0.0000 0.0485 0.0000 0.0034 0.0000 0.0033 0.0000 0.0000 0.0251 0.1996 0.0011 0.0000 0.0000 0.0063 0.2127 0.1311 0.0422 0.0000 0.0000
125      125   (0)     10  : 0.3369 0.0000 0.0302 0.0000 0.0000 0.1472 0.0047 0.0010 0.0000 0.0220 0.1770 0.0053 0.0000 0.0559 0.0018 0.0060 0.1935 0.0185 0.0000 0.0000
126      126   (0)     10  : 0.1686 0.0000 0.0094 0.0000 0.0039 0.0000 0.0000 0.0000 0.0000 0.0216 0.2576 0.0000 0.0000 0.0160 0.0318 0.0510 0.3350 0.1051 0.0000 0.0000
127      127   (0)     10  : 0.1900 0.0000 0.0000 0.0000 0.0156 0.0000 0.0000 0.0000 0.0000 0.0002 0.5721 0.0083 0.0000 0.0035 0.1155 0.0000 0.0912 0.0015 0.0022 0.0000
128      128   (0)     10  : 0.2960 0.0000 0.0154 0.0000 0.0034 0.0000 0.0036 0.0149 0.0000 0.0140 0.2207 0.0304 0.0000 0.0034 0.0337 0.0500 0.2047 0.1099 0.0000 0.0000
129      129   (0)     10  : 0.8102 0.0000 0.0000 0.0000 0.0000 0.0000 0.0000 0.0000 0.0000 0.0036 0.0277 0.0000 0.0000 0.0007 0.0000 0.0467 0.1111 0.0000 0.0000 0.0000
130      130   (0)     10  : 0.2967 0.0000 0.0000 0.0000 0.0000 0.0000 0.0000 0.0002 0.0000 0.0000 0.2814 0.0000 0.0080 0.0029 0.0000 0.1554 0.2553 0.0000 0.0000 0.0000
131      131   (0)     10  : 0.4386 0.0000 0.0287 0.0000 0.0168 0.0000 0.0260 0.0000 0.0000 0.0000 0.1186 0.0296 0.0000 0.0562 0.0185 0.0726 0.1051 0.0841 0.0051 0.0000
132      132   (0)     10  : 0.2481 0.0000 0.0499 0.0000 0.0089 0.0384 0.0170 0.0000 0.0000 0.0000 0.2322 0.0007 0.0000 0.0000 0.0302 0.1756 0.1773 0.0099 0.0118 0.0000
133      133   (0)     10  : 0.4625 0.0036 0.0251 0.0001 0.0274 0.0048 0.0020 0.0000 0.0033 0.0136 0.2247 0.0143 0.0000 0.0473 0.0243 0.0138 0.0986 0.0132 0.0193 0.0021
134      134   (0)     10  : 0.3931 0.0000 0.0439 0.0009 0.0274 0.0189 0.0001 0.0000 0.0000 0.0010 0.1986 0.0000 0.0155 0.0012 0.0025 0.0397 0.2451 0.0102 0.0020 0.0000
135      135   (0)     10  : 0.4530 0.0000 0.0298 0.0000 0.0632 0.0000 0.0083 0.0000 0.0000 0.0000 0.2368 0.0068 0.0203 0.0033 0.0095 0.0627 0.0578 0.0411 0.0075 0.0000
136      136   (0)     10  : 0.3551 0.0000 0.0032 0.0000 0.0025 0.0000 0.0000 0.0000 0.0000 0.0000 0.0994 0.0031 0.0155 0.0089 0.0000 0.1163 0.2845 0.1111 0.0005 0.0000
137      137   (0)     11  : 0.0000 0.1323 0.0870 0.4041 0.0000 0.0000 0.0000 0.0582 0.1544 0.0000 0.0000 0.0000 0.0000 0.0000 0.0160 0.0000 0.0000 0.0000 0.0000 0.1480
138      138   (0)     12  : 0.1682 0.0000 0.0415 0.0000 0.0179 0.1461 0.0010 0.0906 0.0000 0.0457 0.1440 0.0000 0.0013 0.0552 0.0078 0.0546 0.1654 0.0517 0.0091 0.0000
139      139   (0)     12  : 0.0000 0.0000 0.0597 0.0918 0.0000 0.4132 0.0000 0.0000 0.0000 0.0008 0.2439 0.0002 0.0000 0.0010 0.0252 0.0253 0.0562 0.0000 0.0000 0.0826
140      140   (0)     12  : 0.0000 0.0000 0.0062 0.0000 0.0000 0.0000 0.0205 0.8883 0.0000 0.0000 0.0000 0.0000 0.0000 0.0000 0.0000 0.0000 0.0000 0.0000 0.0849 0.0000
141      141   (0)     12  : 0.0000 0.0000 0.0000 0.0000 0.0000 0.7804 0.0000 0.0000 0.0000 0.0000 0.0000 0.0000 0.2196 0.0000 0.0000 0.0000 0.0000 0.0000 0.0000 0.0000
142      142   (0)     12  : 0.3614 0.0000 0.0505 0.0000 0.0045 0.0047 0.0000 0.0424 0.0000 0.0035 0.2128 0.0222 0.0156 0.0402 0.0040 0.0964 0.1074 0.0305 0.0038 0.0000
143      143   (0)     12  : 0.0258 0.0000 0.0605 0.0000 0.0000 0.6954 0.0000 0.0000 0.0000 0.0000 0.0819 0.0069 0.0000 0.1232 0.0023 0.0000 0.0040 0.0000 0.0000 0.0000
144      144   (0)     12  : 0.3385 0.0000 0.1166 0.0000 0.0000 0.0349 0.0019 0.0429 0.0000 0.0000 0.2321 0.0007 0.0097 0.0000 0.0227 0.0976 0.0863 0.0080 0.0066 0.0017
145      145   (0)     12  : 0.0300 0.0000 0.0000 0.0000 0.0011 0.0000 0.1511 0.2987 0.0000 0.0000 0.0086 0.0000 0.0234 0.0112 0.2222 0.1495 0.0490 0.0176 0.0377 0.0000
146      146   (0)     13  : 0.0000 1.0000 0.0000 0.0000 0.0000 0.0000 0.0000 0.0000 0.0000 0.0000 0.0000 0.0000 0.0000 0.0000 0.0000 0.0000 0.0000 0.0000 0.0000 0.0000
147      147   (0)     13  : 0.0000 0.5628 0.0000 0.2702 0.0000 0.0000 0.0000 0.0000 0.0885 0.0000 0.0000 0.0000 0.0000 0.0000 0.0517 0.0000 0.0180 0.0000 0.0000 0.0088
148      148   (0)     13  : 0.0000 0.6667 0.0000 0.0000 0.0000 0.0000 0.0000 0.0000 0.1111 0.0000 0.0000 0.0000 0.0000 0.0000 0.1111 0.0000 0.0000 0.0000 0.0000 0.1111
149      149   (0)     13  : 0.0000 0.2763 0.0000 0.2222 0.0000 0.0000 0.0000 0.0000 0.0570 0.0000 0.0000 0.0000 0.0000 0.0000 0.3333 0.0000 0.1111 0.0000 0.0000 0.0000
150      150   (0)     13  : 0.0000 0.7383 0.0000 0.2236 0.0000 0.0000 0.0000 0.0000 0.0000 0.0000 0.0000 0.0000 0.0000 0.0000 0.0381 0.0000 0.0000 0.0000 0.0000 0.0000
151      151   (0)     14  : 0.0000 0.0220 0.0000 0.5821 0.0000 0.0000 0.0000 0.0000 0.1822 0.0000 0.0000 0.0000 0.0000 0.0000 0.1487 0.0000 0.0065 0.0000 0.0000 0.0585
152      152   (0)     14  : 0.3953 0.0000 0.0000 0.0000 0.0132 0.0000 0.0050 0.0079 0.0000 0.0101 0.3636 0.0113 0.0000 0.0377 0.0000 0.0461 0.1097 0.0000 0.0000 0.0000
153      153   (0)     15  : 0.0000 0.0000 0.0000 0.0000 0.0000 1.0000 0.0000 0.0000 0.0000 0.0000 0.0000 0.0000 0.0000 0.0000 0.0000 0.0000 0.0000 0.0000 0.0000 0.0000
154      154   (0)     15  : 0.0000 0.2946 0.0000 0.0989 0.0000 0.0000 0.0000 0.0000 0.2561 0.0000 0.0000 0.0000 0.0000 0.0000 0.2908 0.0000 0.0000 0.0000 0.0000 0.0596
155      155   (0)     16  : 0.3729 0.0000 0.0353 0.0000 0.0102 0.0205 0.0000 0.0000 0.0000 0.0000 0.2622 0.0268 0.0016 0.0000 0.0000 0.0132 0.2091 0.0249 0.0233 0.0000
156      156   (0)     16  : 0.4625 0.0000 0.0020 0.0000 0.0100 0.0000 0.0406 0.0000 0.0000 0.0000 0.1819 0.0359 0.0631 0.0000 0.0000 0.1121 0.0638 0.0281 0.0000 0.0000
157      157   (0)     17  : 0.0000 0.0000 0.0704 0.0000 0.0000 0.9296 0.0000 0.0000 0.0000 0.0000 0.0000 0.0000 0.0000 0.0000 0.0000 0.0000 0.0000 0.0000 0.0000 0.0000
158      158   (0)     17  : 0.0000 0.0000 0.0000 0.0000 0.0000 0.0000 1.0000 0.0000 0.0000 0.0000 0.0000 0.0000 0.0000 0.0000 0.0000 0.0000 0.0000 0.0000 0.0000 0.0000
159      159   (0)     18  : 0.3166 0.0000 0.0104 0.0000 0.0008 0.0000 0.0000 0.0000 0.0000 0.0000 0.2207 0.0017 0.0011 0.0714 0.0000 0.0831 0.2498 0.0443 0.0000 0.0000
160      160   (0)     18  : 0.1984 0.0000 0.0000 0.0000 0.0052 0.0000 0.0000 0.0000 0.0000 0.0063 0.5064 0.0074 0.0365 0.0000 0.0125 0.0464 0.0846 0.0960 0.0003 0.0000
161      161   (0)     18  : 0.3339 0.0000 0.0000 0.0000 0.0055 0.0000 0.0000 0.0000 0.0000 0.0379 0.2380 0.0000 0.0156 0.0189 0.0000 0.0740 0.2475 0.0287 0.0000 0.0000
162      162   (0)     19  : 0.2440 0.0000 0.0265 0.0000 0.0175 0.0571 0.0000 0.0000 0.0000 0.0000 0.1966 0.1073 0.0000 0.0949 0.0012 0.0622 0.1000 0.0927 0.0000 0.0000
163      163   (0)     19  : 0.0484 0.0000 0.1895 0.0627 0.0080 0.1700 0.0000 0.0000 0.0285 0.0000 0.0000 0.0045 0.0000 0.0000 0.0319 0.4404 0.0161 0.0000 0.0000 0.0000
164      164   (0)     19  : 0.0825 0.0000 0.0000 0.0000 0.0967 0.0000 0.0000 0.0000 0.0000 0.0000 0.0000 0.0000 0.0000 0.0000 0.0000 0.8188 0.0000 0.0000 0.0019 0.0000
