1        1   (0)      1  : 0.1302 0.0000 0.0003 0.6881 0.0010 0.0000 0.0095 0.1002 0.0000 0.0117 0.0589
2        2   (0)      1  : 0.0000 0.0000 0.0125 0.4963 0.0705 0.0024 0.0633 0.3436 0.0000 0.0088 0.0026
3        3   (0)      1  : 0.0000 0.0000 0.0000 0.9825 0.0000 0.0000 0.0000 0.0125 0.0000 0.0000 0.0050
4        4   (0)      1  : 0.0000 0.0000 0.0000 0.6042 0.0000 0.0000 0.0000 0.3958 0.0000 0.0000 0.0000
5        5   (0)      1  : 0.4607 0.0000 0.1343 0.1247 0.0208 0.0958 0.0098 0.0732 0.0000 0.0005 0.0802
6        6   (0)      1  : 0.6176 0.0000 0.1058 0.0532 0.0223 0.0532 0.0085 0.0467 0.0000 0.0117 0.0810
7        7   (0)      1  : 0.8088 0.0000 0.0000 0.0106 0.0061 0.0022 0.0599 0.0102 0.0000 0.0122 0.0900
8        8   (0)      1  : 0.5152 0.0000 0.0975 0.1390 0.0176 0.0553 0.0001 0.1144 0.0000 0.0030 0.0580
9        9   (0)      1  : 0.0000 0.0000 0.0000 0.6042 0.0000 0.0000 0.0000 0.3958 0.0000 0.0000 0.0000
10       10   (0)      1  : 0.7735 0.0000 0.0000 0.0000 0.0154 0.0005 0.0328 0.0196 0.0000 0.0658 0.0924
11       11   (0)      1  : 0.7708 0.0000 0.0000 0.0013 0.0337 0.0018 0.0658 0.0141 0.0000 0.0552 0.0574
12       12   (0)      1  : 0.0000 0.0000 0.0000 0.0000 0.0000 0.0417 0.9583 0.0000 0.0000 0.0000 0.0000
13       13   (0)      1  : 0.7787 0.0000 0.0000 0.0000 0.0100 0.0004 0.0302 0.0266 0.0000 0.0629 0.0912
14       14   (0)      1  : 0.4188 0.0074 0.0992 0.1469 0.0063 0.1152 0.0892 0.0378 0.0243 0.0125 0.0422
15       15   (0)      1  : 0.0000 0.0000 1.0000 0.0000 0.0000 0.0000 0.0000 0.0000 0.0000 0.0000 0.0000
16       16   (0)      1  : 0.0000 0.0000 0.0000 0.8542 0.0000 0.0000 0.0000 0.1042 0.0000 0.0000 0.0417
17       17   (0)      1  : 0.0000 0.0000 0.0000 0.8542 0.0000 0.0000 0.0000 0.1042 0.0000 0.0000 0.0417
18       18   (0)      1  : 0.0200 0.0000 0.0000 0.0000 0.0000 0.0000 0.1050 0.0000 0.0000 0.8750 0.0000
19       19   (0)      1  : 0.6654 0.0000 0.0000 0.0068 0.0493 0.0006 0.0291 0.0412 0.0000 0.0383 0.1695
20       20   (0)      1  : 0.7168 0.0000 0.0000 0.0021 0.0204 0.0006 0.0281 0.0210 0.0000 0.0358 0.1752
21       21   (0)      1  : 0.0000 0.0000 0.0000 0.9776 0.0000 0.0000 0.0000 0.0161 0.0000 0.0000 0.0064
22       22   (0)      1  : 0.0000 0.0000 1.0000 0.0000 0.0000 0.0000 0.0000 0.0000 0.0000 0.0000 0.0000
23       23   (0)      1  : 0.7654 0.0000 0.0033 0.0074 0.0320 0.0020 0.0518 0.0173 0.0000 0.0101 0.1106
24       24   (0)      2  : 0.0000 0.0000 0.0000 0.9574 0.0000 0.0000 0.0000 0.0304 0.0000 0.0000 0.0122
25       25   (0)      2  : 0.7789 0.0000 0.0000 0.0000 0.0018 0.0000 0.0001 0.0099 0.0000 0.0052 0.2041
26       26   (0)      2  : 0.2347 0.0000 0.0000 0.5901 0.0038 0.0000 0.0025 0.0946 0.0000 0.0107 0.0637
27       27   (0)      2  : 0.6924 0.0000 0.0000 0.0458 0.0286 0.0010 0.0382 0.0090 0.0000 0.0938 0.0912
28       28   (0)      2  : 0.7912 0.0000 0.0240 0.0496 0.0045 0.0116 0.0028 0.0164 0.0002 0.0128 0.0869
29       29   (0)      2  : 0.6344 0.0000 0.0000 0.0483 0.0556 0.0005 0.0258 0.0235 0.0000 0.0652 0.1465
30       30   (0)      2  : 0.0000 0.2679 0.0000 0.0000 0.0000 0.0000 0.0000 0.0417 0.6071 0.0000 0.0833
31       31   (0)      2  : 0.7345 0.0000 0.0106 0.0238 0.0088 0.0110 0.0216 0.0169 0.0000 0.0629 0.1098
32       32   (0)      2  : 0.0000 0.0000 0.0000 0.9936 0.0000 0.0000 0.0000 0.0046 0.0000 0.0000 0.0017
33       33   (0)      2  : 0.0201 0.0000 0.0000 0.0000 0.0000 0.0000 0.1049 0.0000 0.0000 0.8750 0.0000
34       34   (0)      2  : 0.8370 0.0000 0.0000 0.0016 0.0099 0.0001 0.0113 0.0092 0.0000 0.0202 0.1107
35       35   (0)      2  : 0.6885 0.0000 0.0253 0.0252 0.0337 0.0019 0.0556 0.0308 0.0000 0.0414 0.0974
36       36   (0)      2  : 0.0000 0.0000 0.0000 0.6003 0.0000 0.0000 0.0000 0.3988 0.0000 0.0000 0.0010
37       37   (0)      3  : 0.7822 0.0000 0.0005 0.0216 0.0364 0.0012 0.0333 0.0212 0.0000 0.0275 0.0761
38       38   (0)      3  : 0.4791 0.0000 0.0000 0.0228 0.2191 0.0002 0.0235 0.0326 0.0000 0.0347 0.1881
39       39   (0)      3  : 0.7393 0.0000 0.0000 0.0111 0.0300 0.0010 0.0273 0.0165 0.0000 0.0170 0.1579
40       40   (0)      3  : 0.6816 0.0000 0.0000 0.0196 0.0103 0.0018 0.0432 0.0159 0.0000 0.0176 0.2101
41       41   (0)      3  : 0.8083 0.0000 0.0000 0.0016 0.0416 0.0005 0.0220 0.0127 0.0000 0.0249 0.0884
42       42   (0)      4  : 0.0000 0.7173 0.0000 0.0000 0.0000 0.0239 0.0000 0.0148 0.1488 0.0000 0.0952
43       43   (0)      4  : 0.8013 0.0010 0.0000 0.0001 0.0207 0.0270 0.0335 0.0128 0.0004 0.0108 0.0926
44       44   (0)      4  : 0.0000 0.5891 0.0000 0.0000 0.0000 0.0104 0.0000 0.0079 0.3088 0.0000 0.0838
45       45   (0)      4  : 0.0000 0.5706 0.0000 0.0000 0.0000 0.0073 0.0000 0.0093 0.3485 0.0000 0.0643
46       46   (0)      4  : 0.7846 0.0132 0.0120 0.0346 0.0043 0.0009 0.0137 0.0265 0.0064 0.0103 0.0937
47       47   (0)      4  : 0.8387 0.0000 0.0000 0.0001 0.0056 0.0000 0.0040 0.0262 0.0000 0.0206 0.1048
48       48   (0)      4  : 0.7314 0.0000 0.0000 0.0001 0.0120 0.0015 0.0476 0.0216 0.0000 0.0509 0.1351
49       49   (0)      4  : 0.8973 0.0000 0.0000 0.0029 0.0006 0.0008 0.0230 0.0077 0.0000 0.0033 0.0645
50       50   (0)      4  : 0.3044 0.0000 0.0000 0.0000 0.0242 0.0000 0.0639 0.1879 0.0000 0.1064 0.3132
51       51   (0)      4  : 0.2302 0.1421 0.0416 0.0010 0.0033 0.2742 0.0057 0.0350 0.1463 0.0117 0.1088
52       52   (0)      4  : 0.7911 0.0040 0.0000 0.0018 0.0091 0.0326 0.0085 0.0271 0.0099 0.0438 0.0721
53       53   (0)      4  : 0.8025 0.0004 0.0000 0.0000 0.0116 0.0013 0.0282 0.0068 0.0020 0.0210 0.1262
54       54   (0)      4  : 0.7654 0.0203 0.0113 0.0050 0.0370 0.0014 0.0041 0.0230 0.0086 0.0109 0.1128
55       55   (0)      4  : 0.2961 0.0000 0.0000 0.0013 0.0253 0.0000 0.0671 0.1885 0.0000 0.1077 0.3140
56       56   (0)      4  : 0.0000 0.6744 0.0000 0.0000 0.0000 0.0293 0.0000 0.0208 0.2481 0.0000 0.0274
57       57   (0)      5  : 0.8614 0.0000 0.0000 0.0045 0.0029 0.0010 0.0269 0.0128 0.0000 0.0191 0.0714
58       58   (0)      5  : 0.7650 0.0000 0.0000 0.0000 0.0206 0.0000 0.0061 0.0175 0.0000 0.0786 0.1122
59       59   (0)      5  : 0.0000 0.7558 0.0000 0.0000 0.0000 0.0000 0.0000 0.0000 0.1803 0.0000 0.0640
60       60   (0)      5  : 0.8553 0.0000 0.0000 0.0000 0.0071 0.0014 0.0406 0.0197 0.0000 0.0222 0.0537
61       61   (0)      5  : 0.2783 0.2215 0.0947 0.0031 0.0727 0.0763 0.0113 0.0259 0.1625 0.0039 0.0498
62       62   (0)      5  : 0.0000 0.5078 0.0000 0.0000 0.0000 0.0417 0.0000 0.0625 0.2939 0.0000 0.0941
63       63   (0)      5  : 0.6129 0.0623 0.0084 0.0243 0.0211 0.0476 0.0216 0.0372 0.0794 0.0086 0.0767
64       64   (0)      5  : 0.7868 0.0000 0.0000 0.0002 0.0478 0.0022 0.0578 0.0165 0.0000 0.0233 0.0656
65       65   (0)      5  : 0.9013 0.0000 0.0000 0.0000 0.0005 0.0010 0.0246 0.0064 0.0000 0.0129 0.0532
66       66   (0)      5  : 0.8346 0.0000 0.0000 0.0229 0.0124 0.0001 0.0066 0.0331 0.0000 0.0098 0.0805
67       67   (0)      5  : 0.1239 0.0969 0.0325 0.0000 0.0005 0.0921 0.0000 0.0206 0.6182 0.0000 0.0152
68       68   (0)      5  : 0.0000 0.4273 0.0000 0.0000 0.0000 0.0000 0.0000 0.0000 0.5394 0.0000 0.0333
69       69   (0)      5  : 0.5095 0.0198 0.0027 0.0133 0.0648 0.0086 0.0177 0.0349 0.2056 0.0171 0.1060
70       70   (0)      5  : 0.0000 0.1042 0.0000 0.0000 0.0000 0.0000 0.0000 0.0208 0.8750 0.0000 0.0000
71       71   (0)      5  : 0.0000 0.3032 0.0000 0.0000 0.0000 0.0082 0.0000 0.0000 0.5868 0.0000 0.1018
72       72   (0)      5  : 0.6985 0.0270 0.0028 0.0068 0.0010 0.0040 0.0346 0.0133 0.0744 0.0134 0.1242
73       73   (0)      5  : 0.7686 0.0000 0.0000 0.0245 0.0163 0.0007 0.0221 0.0211 0.0000 0.0197 0.1271
74       74   (0)      5  : 0.0000 0.6305 0.0000 0.0000 0.0000 0.0272 0.0000 0.0000 0.2950 0.0000 0.0474
75       75   (0)      6  : 0.0000 0.3229 0.0000 0.0000 0.0000 0.0088 0.0000 0.0275 0.5318 0.0000 0.1091
76       76   (0)      6  : 0.7803 0.0134 0.0133 0.0127 0.0027 0.0200 0.0245 0.0103 0.0297 0.0223 0.0708
77       77   (0)      6  : 0.0000 0.4312 0.0000 0.0000 0.0000 0.0016 0.0000 0.0059 0.5038 0.0000 0.0575
78       78   (0)      6  : 0.0000 0.4994 0.0000 0.0000 0.0000 0.0208 0.0000 0.0000 0.4328 0.0000 0.0470
79       79   (0)      6  : 0.0000 0.5474 0.0000 0.0000 0.0000 0.0079 0.0000 0.0287 0.3761 0.0000 0.0399
80       80   (0)      6  : 0.0000 0.0000 0.0021 0.9030 0.0001 0.0000 0.0000 0.0887 0.0000 0.0000 0.0061
81       81   (0)      6  : 0.0000 0.3307 0.0000 0.0000 0.0000 0.0103 0.0000 0.0138 0.5115 0.0000 0.1336
82       82   (0)      6  : 0.0000 0.2804 0.0000 0.0000 0.0000 0.0148 0.0000 0.0477 0.5260 0.0000 0.1311
83       83   (0)      6  : 0.0000 0.1510 0.0071 0.0000 0.0000 0.0155 0.0000 0.0348 0.6560 0.0000 0.1355
84       84   (0)      6  : 0.0000 0.2845 0.0000 0.0000 0.0000 0.0208 0.0000 0.0417 0.5280 0.0000 0.1250
85       85   (0)      6  : 0.0000 0.3728 0.0000 0.0000 0.0000 0.0000 0.0000 0.0000 0.6036 0.0000 0.0236
86       86   (0)      6  : 0.0000 0.2161 0.0000 0.0000 0.0000 0.0000 0.0000 0.0324 0.6887 0.0000 0.0628
87       87   (0)      6  : 0.0000 0.6298 0.0000 0.0000 0.0000 0.0025 0.0000 0.0000 0.3257 0.0000 0.0419
88       88   (0)      6  : 0.0000 0.7435 0.0000 0.0000 0.0000 0.0107 0.0000 0.0090 0.1838 0.0000 0.0529
89       89   (0)      6  : 0.0000 0.6762 0.0000 0.0000 0.0000 0.0000 0.0000 0.0085 0.2651 0.0000 0.0502
90       90   (0)      6  : 0.0000 0.0772 0.0000 0.5220 0.0000 0.0000 0.0000 0.3612 0.0244 0.0000 0.0151
91       91   (0)      6  : 0.0000 0.5951 0.0000 0.0000 0.0000 0.0417 0.0000 0.0088 0.3128 0.0000 0.0417
92       92   (0)      6  : 0.5444 0.0000 0.0000 0.0165 0.1185 0.0203 0.0203 0.0059 0.0000 0.0169 0.2573
93       93   (0)      6  : 0.0000 0.0088 0.0634 0.0046 0.0000 0.9119 0.0006 0.0047 0.0000 0.0023 0.0038
94       94   (0)      6  : 0.6441 0.0000 0.0000 0.0000 0.0302 0.0505 0.0164 0.0260 0.0000 0.0243 0.2085
95       95   (0)      6  : 0.0328 0.0087 0.0297 0.0000 0.0039 0.9108 0.0008 0.0002 0.0000 0.0023 0.0109
96       96   (0)      6  : 0.0370 0.0062 0.0185 0.0000 0.0028 0.9166 0.0000 0.0005 0.0058 0.0005 0.0119
97       97   (0)      6  : 0.6138 0.0015 0.0007 0.0000 0.0329 0.1588 0.0408 0.0146 0.0010 0.0195 0.1164
98       98   (0)      6  : 0.0260 0.0060 0.1794 0.0021 0.0000 0.7748 0.0000 0.0005 0.0037 0.0000 0.0075
99       99   (0)      7  : 0.0000 0.2651 0.0000 0.0000 0.0000 0.0080 0.0000 0.0000 0.6766 0.0000 0.0503
100      100   (0)      7  : 0.5559 0.0524 0.0344 0.0116 0.0114 0.1486 0.0181 0.0094 0.0753 0.0040 0.0788
101      101   (0)      7  : 0.0000 0.0000 1.0000 0.0000 0.0000 0.0000 0.0000 0.0000 0.0000 0.0000 0.0000
102      102   (0)      7  : 0.0000 0.0000 1.0000 0.0000 0.0000 0.0000 0.0000 0.0000 0.0000 0.0000 0.0000
103      103   (0)      7  : 0.6093 0.0000 0.0000 0.0000 0.0415 0.0042 0.1027 0.0363 0.0000 0.0360 0.1699
104      104   (0)      7  : 0.6257 0.0000 0.0001 0.0234 0.0745 0.0012 0.0393 0.0403 0.0000 0.0277 0.1678
105      105   (0)      7  : 0.6558 0.0000 0.0000 0.0284 0.0278 0.0002 0.0060 0.0227 0.0000 0.0058 0.2532
106      106   (0)      7  : 0.6975 0.0000 0.0000 0.0072 0.0262 0.0004 0.0162 0.0264 0.0000 0.0160 0.2101
107      107   (0)      7  : 0.7771 0.0000 0.0000 0.0000 0.0040 0.0007 0.0274 0.0284 0.0000 0.0487 0.1136
108      108   (0)      8  : 0.0000 0.0000 0.0000 0.0000 0.9167 0.0000 0.0417 0.0000 0.0000 0.0417 0.0000
109      109   (0)      8  : 0.7538 0.0000 0.0000 0.0044 0.0371 0.0010 0.0325 0.0136 0.0000 0.0241 0.1334
110      110   (0)      8  : 0.0000 0.0000 0.0000 0.0000 0.0000 0.0417 0.9583 0.0000 0.0000 0.0000 0.0000
111      111   (0)      8  : 0.0000 0.0000 0.0000 0.0000 0.1667 0.0000 0.0833 0.2500 0.0000 0.3125 0.1875
112      112   (0)      8  : 0.0000 0.0000 1.0000 0.0000 0.0000 0.0000 0.0000 0.0000 0.0000 0.0000 0.0000
113      113   (0)      8  : 0.8314 0.0000 0.0000 0.0010 0.0092 0.0003 0.0152 0.0119 0.0000 0.0081 0.1229
114      114   (0)      8  : 0.8435 0.0000 0.0000 0.0000 0.0026 0.0022 0.0565 0.0109 0.0000 0.0032 0.0811
115      115   (0)      8  : 0.0000 0.0000 0.0000 0.0000 0.9167 0.0000 0.0417 0.0000 0.0000 0.0417 0.0000
116      116   (0)      8  : 0.0000 0.0000 0.0000 0.0000 0.1667 0.0000 0.0833 0.2500 0.0000 0.3125 0.1875
117      117   (0)      8  : 0.5284 0.0138 0.0021 0.0104 0.0812 0.0792 0.0025 0.0336 0.0060 0.0154 0.2276
118      118   (0)      8  : 0.7401 0.0000 0.0000 0.0372 0.0124 0.0012 0.0290 0.0029 0.0000 0.0050 0.1722
119      119   (0)      9  : 0.0000 0.5024 0.0000 0.0000 0.0000 0.0208 0.0000 0.0023 0.3662 0.0000 0.1083
120      120   (0)     10  : 0.7447 0.0000 0.0466 0.0020 0.0496 0.0002 0.0154 0.0252 0.0000 0.0350 0.0813
121      121   (0)     10  : 0.7820 0.0000 0.0000 0.0000 0.0123 0.0002 0.0154 0.0253 0.0000 0.0359 0.1290
122      122   (0)     10  : 0.7609 0.0000 0.0000 0.0005 0.0401 0.0005 0.0237 0.0131 0.0000 0.0274 0.1338
123      123   (0)     10  : 0.5690 0.0618 0.0119 0.0281 0.0887 0.0021 0.0380 0.0336 0.0050 0.0268 0.1349
124      124   (0)     10  : 0.7603 0.0000 0.0537 0.0000 0.0218 0.0000 0.0035 0.0129 0.0000 0.0370 0.1109
125      125   (0)     10  : 0.6379 0.0006 0.0400 0.0052 0.0040 0.1388 0.0105 0.0297 0.0000 0.0414 0.0918
126      126   (0)     10  : 0.7906 0.0000 0.0162 0.0000 0.0159 0.0001 0.0075 0.0104 0.0000 0.0296 0.1297
127      127   (0)     10  : 0.8427 0.0000 0.0000 0.0002 0.0381 0.0002 0.0138 0.0172 0.0000 0.0218 0.0661
128      128   (0)     10  : 0.7561 0.0000 0.0219 0.0078 0.0179 0.0000 0.0082 0.0269 0.0000 0.0378 0.1234
129      129   (0)     10  : 0.8334 0.0000 0.0000 0.0085 0.0028 0.0003 0.0166 0.0101 0.0000 0.0233 0.1049
130      130   (0)     10  : 0.8740 0.0000 0.0000 0.0044 0.0001 0.0008 0.0194 0.0043 0.0000 0.0006 0.0963
131      131   (0)     10  : 0.7158 0.0000 0.0354 0.0150 0.0299 0.0020 0.0033 0.0498 0.0000 0.0224 0.1263
132      132   (0)     10  : 0.7284 0.0000 0.0554 0.0244 0.0210 0.0408 0.0009 0.0248 0.0000 0.0117 0.0926
133      133   (0)     10  : 0.7186 0.0062 0.0217 0.0014 0.0335 0.0285 0.0131 0.0369 0.0059 0.0430 0.0912
134      134   (0)     10  : 0.7535 0.0056 0.0441 0.0000 0.0309 0.0298 0.0280 0.0076 0.0044 0.0143 0.0817
135      135   (0)     10  : 0.7470 0.0000 0.0360 0.0031 0.0647 0.0009 0.0329 0.0213 0.0000 0.0066 0.0874
136      136   (0)     10  : 0.7844 0.0000 0.0121 0.0024 0.0162 0.0013 0.0375 0.0141 0.0000 0.0109 0.1211
137      137   (0)     11  : 0.0000 0.4608 0.0882 0.0000 0.0000 0.0129 0.0000 0.0133 0.3639 0.0000 0.0608
138      138   (0)     12  : 0.5067 0.0011 0.0535 0.0991 0.0244 0.1346 0.0156 0.0179 0.0000 0.0497 0.0975
139      139   (0)     12  : 0.2435 0.0273 0.0797 0.0023 0.0012 0.4075 0.0004 0.0119 0.1663 0.0105 0.0493
140      140   (0)     12  : 0.0000 0.0000 0.0487 0.8588 0.0000 0.0000 0.0000 0.0878 0.0000 0.0000 0.0047
141      141   (0)     12  : 0.0045 0.0000 0.0441 0.0000 0.0000 0.7323 0.2111 0.0034 0.0000 0.0013 0.0033
142      142   (0)     12  : 0.6935 0.0000 0.0536 0.0349 0.0201 0.0138 0.0319 0.0179 0.0000 0.0248 0.1096
143      143   (0)     12  : 0.1250 0.0031 0.0950 0.0055 0.0057 0.6405 0.0076 0.0370 0.0080 0.0121 0.0607
144      144   (0)     12  : 0.6851 0.0003 0.1234 0.0538 0.0009 0.0416 0.0169 0.0127 0.0006 0.0021 0.0627
145      145   (0)     12  : 0.2630 0.0000 0.0000 0.5013 0.0068 0.0018 0.0373 0.1172 0.0000 0.0006 0.0720
146      146   (0)     13  : 0.0000 0.9603 0.0000 0.0000 0.0000 0.0088 0.0000 0.0000 0.0309 0.0000 0.0000
147      147   (0)     13  : 0.0000 0.6428 0.0000 0.0000 0.0000 0.0131 0.0000 0.0048 0.2942 0.0000 0.0451
148      148   (0)     13  : 0.0000 0.7097 0.0000 0.0000 0.0000 0.0208 0.0000 0.0208 0.1900 0.0000 0.0586
149      149   (0)     13  : 0.0000 0.6260 0.0000 0.0000 0.0000 0.0049 0.0000 0.0000 0.2713 0.0000 0.0977
150      150   (0)     13  : 0.0000 0.8809 0.0000 0.0000 0.0000 0.0000 0.0000 0.0000 0.1002 0.0000 0.0189
151      151   (0)     14  : 0.0000 0.5826 0.0000 0.0000 0.0000 0.0000 0.0000 0.0048 0.3359 0.0000 0.0767
152      152   (0)     14  : 0.7649 0.0000 0.0000 0.0095 0.0232 0.0001 0.0112 0.0383 0.0000 0.0393 0.1136
153      153   (0)     15  : 0.0346 0.0166 0.0288 0.0000 0.0021 0.9089 0.0002 0.0004 0.0034 0.0004 0.0045
154      154   (0)     15  : 0.0000 0.5991 0.0000 0.0000 0.0000 0.0179 0.0000 0.0133 0.2612 0.0000 0.1085
155      155   (0)     16  : 0.7811 0.0000 0.0378 0.0038 0.0237 0.0301 0.0148 0.0154 0.0000 0.0116 0.0816
156      156   (0)     16  : 0.7178 0.0000 0.0111 0.0220 0.0281 0.0030 0.0775 0.0345 0.0000 0.0164 0.0896
157      157   (0)     17  : 0.0199 0.0092 0.1334 0.0093 0.0025 0.8043 0.0107 0.0023 0.0076 0.0000 0.0008
158      158   (0)     17  : 0.0000 0.0000 0.0023 0.6019 0.0000 0.0000 0.0000 0.3958 0.0000 0.0000 0.0000
159      159   (0)     18  : 0.7656 0.0000 0.0147 0.0000 0.0088 0.0074 0.0163 0.0281 0.0000 0.0112 0.1478
160      160   (0)     18  : 0.8042 0.0000 0.0000 0.0002 0.0130 0.0018 0.0523 0.0087 0.0000 0.0275 0.0922
161      161   (0)     18  : 0.7490 0.0000 0.0000 0.0001 0.0171 0.0013 0.0407 0.0119 0.0000 0.0493 0.1305
162      162   (0)     19  : 0.6058 0.0000 0.0337 0.0000 0.0478 0.0576 0.0136 0.0522 0.0000 0.0459 0.1435
163      163   (0)     19  : 0.2311 0.0415 0.1924 0.0050 0.0687 0.2060 0.0136 0.0181 0.0751 0.0180 0.1306
164      164   (0)     19  : 0.4811 0.0000 0.0000 0.0336 0.2093 0.0002 0.0228 0.0134 0.0000 0.0343 0.2052
