1        1   (0)      1  : 0.0000 0.2406 0.1530 0.0000 0.6011 0.0000 0.0000 0.0053 0.0000
2        2   (0)      1  : 0.4559 0.0078 0.0000 0.0251 0.0000 0.2684 0.2052 0.0051 0.0324
3        3   (0)      1  : 0.0000 0.2793 0.0000 0.0000 0.5541 0.0000 0.0000 0.1667 0.0000
4        4   (0)      1  : 0.0000 0.3817 0.0000 0.0000 0.5863 0.0000 0.0000 0.0321 0.0000
5        5   (0)      1  : 0.0000 0.7502 0.0000 0.0029 0.0802 0.0000 0.0000 0.1667 0.0000
6        6   (0)      1  : 0.1199 0.0000 0.0000 0.0000 0.0000 0.5964 0.0000 0.0957 0.1879
7        7   (0)      1  : 0.0040 0.3480 0.0000 0.0000 0.6052 0.0000 0.0054 0.0375 0.0000
8        8   (0)      1  : 0.2316 0.0000 0.0000 0.0000 0.0121 0.1328 0.2612 0.0000 0.3623
9        9   (0)      1  : 0.0000 0.0875 0.0000 0.0000 0.8581 0.0000 0.0000 0.0000 0.0544
10       10   (0)      2  : 0.0000 0.1214 0.0000 0.0000 0.5452 0.0000 0.0000 0.3333 0.0000
11       11   (0)      2  : 0.0000 0.1667 0.0000 0.0000 0.7534 0.0000 0.0000 0.0000 0.0799
12       12   (0)      2  : 0.8333 0.0000 0.0000 0.0000 0.0000 0.0000 0.0000 0.0000 0.1667
13       13   (0)      3  : 0.0000 0.1303 0.0000 0.0000 0.8503 0.0043 0.0000 0.0151 0.0000
14       14   (0)      3  : 0.0000 0.0000 0.0000 1.0000 0.0000 0.0000 0.0000 0.0000 0.0000
15       15   (0)      3  : 0.2628 0.0000 0.0000 0.0000 0.0000 0.0000 0.0686 0.0019 0.6667
16       16   (0)      3  : 0.0000 0.0000 1.0000 0.0000 0.0000 0.0000 0.0000 0.0000 0.0000
17       17   (0)      4  : 0.0000 0.0000 0.5501 0.3370 0.0000 0.0602 0.0004 0.0234 0.0289
18       18   (0)      4  : 0.1577 0.0000 0.0000 0.0177 0.0018 0.2101 0.3762 0.0502 0.1862
19       19   (0)      5  : 0.0319 0.0000 0.0000 0.0000 0.0000 0.2023 0.7089 0.0000 0.0569
20       20   (0)      5  : 0.0000 0.1038 0.0000 0.1180 0.1116 0.0000 0.0000 0.6667 0.0000
21       21   (0)      5  : 0.0000 0.5476 0.0000 0.0000 0.2732 0.0000 0.0123 0.0002 0.1667
22       22   (0)      5  : 0.0000 0.2891 0.0000 0.0000 0.5912 0.0267 0.0089 0.0841 0.0000
23       23   (0)      5  : 0.0000 0.6667 0.0000 0.0000 0.1667 0.0000 0.0000 0.1667 0.0000
24       24   (0)      5  : 0.0010 0.3583 0.0000 0.0184 0.5068 0.0000 0.0000 0.0246 0.0908
25       25   (0)      5  : 0.0000 0.4662 0.0621 0.0007 0.3580 0.0000 0.0000 0.0639 0.0491
26       26   (0)      5  : 0.0269 0.2408 0.0000 0.0000 0.2550 0.1457 0.1947 0.0000 0.1369
27       27   (0)      5  : 0.0000 0.0000 0.9997 0.0000 0.0000 0.0002 0.0001 0.0000 0.0000
28       28   (0)      5  : 0.0000 0.0000 1.0000 0.0000 0.0000 0.0000 0.0000 0.0000 0.0000
29       29   (0)      5  : 0.0000 0.0000 0.0124 0.0162 0.0000 0.1515 0.8010 0.0000 0.0190
30       30   (0)      5  : 0.5145 0.0000 0.0000 0.0000 0.0000 0.0598 0.4257 0.0000 0.0000
31       31   (0)      5  : 0.1587 0.0741 0.0000 0.0014 0.3390 0.2564 0.0813 0.0463 0.0427
32       32   (0)      5  : 0.0016 0.7380 0.0000 0.0001 0.2192 0.0001 0.0000 0.0386 0.0025
33       33   (0)      5  : 0.6103 0.0000 0.0000 0.0014 0.0000 0.1376 0.1293 0.0059 0.1155
34       34   (0)      5  : 0.2190 0.0000 0.0000 0.0000 0.0000 0.7810 0.0000 0.0000 0.0000
35       35   (0)      5  : 0.3655 0.0000 0.0000 0.0006 0.0000 0.3697 0.1481 0.0000 0.1161
36       36   (0)      6  : 0.4661 0.0000 0.0262 0.0000 0.0000 0.2746 0.0632 0.0058 0.1640
37       37   (0)      6  : 0.0000 0.0000 1.0000 0.0000 0.0000 0.0000 0.0000 0.0000 0.0000
38       38   (0)      6  : 0.0000 0.0000 0.0000 0.0000 0.0000 0.0000 1.0000 0.0000 0.0000
39       39   (0)      6  : 0.2000 0.0780 0.0000 0.0000 0.3475 0.1830 0.0019 0.0244 0.1651
40       40   (0)      6  : 0.2250 0.0000 0.0000 0.0000 0.0000 0.7153 0.0000 0.0000 0.0597
41       41   (0)      6  : 0.2281 0.0000 0.0000 0.0041 0.0000 0.2134 0.0000 0.0000 0.5543
42       42   (0)      6  : 0.1667 0.0000 0.0000 0.0000 0.0000 0.8333 0.0000 0.0000 0.0000
43       43   (0)      6  : 0.1010 0.0168 0.0000 0.0167 0.0101 0.5213 0.2951 0.0000 0.0391
44       44   (0)      6  : 0.2688 0.0000 0.0000 0.0042 0.0000 0.3736 0.1028 0.0839 0.1667
45       45   (0)      6  : 0.7186 0.0000 0.0000 0.0000 0.0000 0.0682 0.0519 0.0000 0.1614
46       46   (0)      6  : 0.0000 0.0983 0.0000 0.1283 0.1067 0.0000 0.0000 0.6667 0.0000
47       47   (0)      6  : 0.0000 0.0000 0.0000 0.0000 0.0000 0.3738 0.5154 0.0000 0.1108
48       48   (0)      7  : 0.0379 0.0000 0.0000 0.0001 0.0000 0.4738 0.2012 0.1677 0.1193
49       49   (0)      7  : 0.0541 0.3788 0.0000 0.0000 0.2015 0.1461 0.2007 0.0182 0.0006
50       50   (0)      7  : 0.1648 0.0000 0.0000 0.0000 0.0121 0.1138 0.1695 0.1667 0.3732
51       51   (0)      8  : 0.5726 0.0000 0.0432 0.0000 0.0000 0.0337 0.1139 0.0000 0.2366
52       52   (0)      8  : 0.1884 0.0000 0.1362 0.0000 0.0000 0.3109 0.0496 0.0000 0.3149
53       53   (0)      9  : 0.6667 0.0000 0.0000 0.0000 0.0000 0.0000 0.1667 0.0000 0.1667
54       54   (0)     10  : 0.1667 0.0000 0.0000 0.0000 0.0000 0.5748 0.0000 0.1667 0.0919
55       55   (0)     10  : 0.0000 0.0998 0.0000 0.0000 0.7164 0.0000 0.0000 0.0171 0.1667
56       56   (0)     10  : 0.0000 0.0000 1.0000 0.0000 0.0000 0.0000 0.0000 0.0000 0.0000
57       57   (0)     10  : 0.0606 0.0000 0.0000 0.0000 0.0000 0.0000 0.7265 0.0000 0.2129
58       58   (0)     11  : 0.2034 0.0000 0.1060 0.0000 0.0000 0.3326 0.2224 0.0169 0.1186
59       59   (0)     11  : 0.0049 0.4669 0.0776 0.0000 0.3477 0.0032 0.0000 0.0387 0.0610
60       60   (0)     11  : 0.0173 0.0000 0.8955 0.0000 0.0000 0.0164 0.0154 0.0000 0.0554
61       61   (0)     11  : 0.0000 0.0000 0.0000 0.0000 0.0000 0.3333 0.1667 0.0000 0.5000
62       62   (0)     11  : 0.2804 0.0000 0.0045 0.0000 0.0000 0.1197 0.4287 0.0000 0.1667
63       63   (0)     11  : 0.4047 0.0000 0.2893 0.0000 0.0000 0.1766 0.0000 0.0000 0.1295
64       64   (0)     11  : 0.4144 0.0000 0.0000 0.0001 0.0000 0.2234 0.2190 0.0856 0.0575
65       65   (0)     11  : 0.0000 0.0000 1.0000 0.0000 0.0000 0.0000 0.0000 0.0000 0.0000
66       66   (0)     11  : 0.4053 0.0000 0.0261 0.0000 0.0000 0.3990 0.0997 0.0000 0.0699
67       67   (0)     11  : 0.0000 1.0000 0.0000 0.0000 0.0000 0.0000 0.0000 0.0000 0.0000
68       68   (0)     11  : 0.0000 0.3849 0.4432 0.0000 0.0826 0.0000 0.0000 0.0893 0.0000
69       69   (0)     11  : 0.4241 0.0000 0.4848 0.0000 0.0000 0.0000 0.0000 0.0000 0.0912
70       70   (0)     11  : 0.5723 0.0000 0.0000 0.0000 0.0000 0.0000 0.2610 0.0000 0.1667
71       71   (0)     11  : 0.0000 0.4345 0.1679 0.0000 0.3568 0.0000 0.0000 0.0407 0.0000
72       72   (0)     12  : 0.0000 0.5510 0.0000 0.0000 0.2773 0.0000 0.0000 0.1692 0.0025
73       73   (0)     12  : 0.0000 0.5712 0.0000 0.0000 0.2621 0.0000 0.0000 0.1667 0.0000
74       74   (0)     12  : 0.0000 0.8239 0.0000 0.0000 0.0744 0.0000 0.0000 0.0976 0.0041
75       75   (0)     12  : 0.0014 0.2945 0.1249 0.0000 0.1302 0.2157 0.0852 0.0307 0.1174
76       76   (0)     12  : 0.0000 0.6120 0.0181 0.0000 0.2646 0.0000 0.0000 0.1053 0.0000
77       77   (0)     12  : 0.0000 0.0000 0.0000 0.0000 0.0000 0.3333 0.4200 0.0000 0.2467
78       78   (0)     12  : 0.1445 0.0196 0.0284 0.0000 0.0079 0.2461 0.1350 0.0125 0.4059
79       79   (0)     12  : 0.0000 0.6667 0.0000 0.0000 0.1667 0.0000 0.0000 0.1667 0.0000
80       80   (0)     12  : 0.2607 0.0042 0.1207 0.0000 0.0037 0.2547 0.2183 0.0031 0.1346
81       81   (0)     13  : 0.0000 0.0000 1.0000 0.0000 0.0000 0.0000 0.0000 0.0000 0.0000
82       82   (0)     13  : 0.0000 0.4800 0.0000 0.0342 0.3075 0.0000 0.0000 0.0115 0.1667
83       83   (0)     13  : 0.0000 0.6520 0.0874 0.0000 0.2606 0.0000 0.0000 0.0000 0.0000
84       84   (0)     13  : 0.0000 0.4734 0.0000 0.0000 0.5086 0.0000 0.0000 0.0180 0.0000
85       85   (0)     13  : 0.0000 0.3147 0.0000 0.0080 0.5106 0.0000 0.0000 0.0000 0.1667
86       86   (0)     13  : 0.0000 0.6157 0.0223 0.0000 0.2602 0.0000 0.0000 0.0195 0.0823
87       87   (0)     13  : 0.1228 0.0092 0.0000 0.0000 0.0000 0.1240 0.5233 0.0080 0.2128
88       88   (0)     13  : 0.0000 0.5358 0.0000 0.0000 0.4052 0.0000 0.0000 0.0152 0.0437
89       89   (0)     13  : 0.0000 0.3156 0.0000 0.0000 0.6320 0.0000 0.0000 0.0525 0.0000
90       90   (0)     13  : 0.0000 0.3134 0.0000 0.0000 0.5040 0.0000 0.0000 0.1827 0.0000
91       91   (0)     13  : 0.0000 0.2369 0.3912 0.0000 0.3716 0.0000 0.0000 0.0000 0.0004
92       92   (0)     13  : 0.0000 0.1064 0.0000 0.0000 0.8751 0.0000 0.0185 0.0000 0.0000
93       93   (0)     13  : 0.0555 0.0000 0.0000 0.0000 0.0057 0.3656 0.5732 0.0000 0.0000
94       94   (0)     13  : 0.0000 0.5443 0.0000 0.0000 0.2449 0.0000 0.0000 0.0400 0.1708
95       95   (0)     14  : 0.0897 0.0000 0.0000 0.0000 0.0000 0.0000 0.7931 0.0000 0.1172
96       96   (0)     14  : 0.0030 0.3889 0.0000 0.0000 0.4675 0.0000 0.0000 0.0395 0.1010
97       97   (0)     15  : 0.0000 0.0000 1.0000 0.0000 0.0000 0.0000 0.0000 0.0000 0.0000
98       98   (0)     15  : 0.0000 0.0000 0.0000 0.0000 0.0000 0.6847 0.3153 0.0000 0.0000
99       99   (0)     15  : 0.0000 0.2384 0.0000 0.5260 0.1588 0.0000 0.0000 0.0769 0.0000
100      100   (0)     15  : 0.0379 0.0000 0.0000 0.0004 0.0000 0.2537 0.2081 0.1667 0.3333
101      101   (0)     15  : 0.0000 0.0000 0.0000 1.0000 0.0000 0.0000 0.0000 0.0000 0.0000
102      102   (0)     15  : 0.0282 0.0000 0.0000 0.0093 0.0000 0.2880 0.6746 0.0000 0.0000
103      103   (0)     15  : 0.0000 0.0000 0.0000 0.0049 0.0072 0.2271 0.4070 0.0000 0.3539
104      104   (0)     15  : 0.0000 0.0000 0.0000 1.0000 0.0000 0.0000 0.0000 0.0000 0.0000
105      105   (0)     15  : 0.0000 0.0000 0.0000 1.0000 0.0000 0.0000 0.0000 0.0000 0.0000
