1        1   (0)      1  : 0.0000 1.0000
2        2   (0)      2  : 0.4776 0.5224
3        3   (0)      2  : 1.0000 0.0000
4        4   (0)      3  : 0.9551 0.0449
5        5   (0)      3  : 1.0000 0.0000
6        6   (0)      3  : 1.0000 0.0000
7        7   (0)      3  : 0.0989 0.9011
8        8   (0)      3  : 0.9623 0.0377
9        9   (0)      3  : 1.0000 0.0000
10       10   (0)      4  : 0.9890 0.0110
11       11   (0)      4  : 1.0000 0.0000
12       12   (0)      4  : 1.0000 0.0000
13       13   (0)      4  : 1.0000 0.0000
14       14   (0)      5  : 1.0000 0.0000
15       15   (0)      5  : 0.0000 1.0000
16       16   (0)      5  : 0.2906 0.7094
17       17   (0)      5  : 1.0000 0.0000
18       18   (0)      5  : 1.0000 0.0000
19       19   (0)      5  : 1.0000 0.0000
20       20   (0)      5  : 1.0000 0.0000
21       21   (0)      5  : 1.0000 0.0000
22       22   (0)      5  : 1.0000 0.0000
23       23   (0)      5  : 1.0000 0.0000
24       24   (0)      5  : 0.0000 1.0000
25       25   (0)      5  : 1.0000 0.0000
26       26   (0)      5  : 1.0000 0.0000
27       27   (0)      5  : 0.0000 1.0000
28       28   (0)      5  : 0.0000 1.0000
29       29   (0)      6  : 0.0000 1.0000
30       30   (0)      6  : 0.9482 0.0518
31       31   (0)      6  : 1.0000 0.0000
32       32   (0)      6  : 0.9709 0.0291
33       33   (0)      6  : 0.0000 1.0000
34       34   (0)      6  : 1.0000 0.0000
35       35   (0)      6  : 0.0000 1.0000
36       36   (0)      6  : 0.0000 1.0000
37       37   (0)      7  : 1.0000 0.0000
38       38   (0)      7  : 1.0000 0.0000
39       39   (0)      7  : 1.0000 0.0000
40       40   (0)      7  : 1.0000 0.0000
41       41   (0)      7  : 1.0000 0.0000
42       42   (0)      7  : 1.0000 0.0000
43       43   (0)      7  : 1.0000 0.0000
44       44   (0)      7  : 0.3949 0.6051
45       45   (0)      7  : 1.0000 0.0000
46       46   (0)      7  : 0.0000 1.0000
47       47   (0)      7  : 1.0000 0.0000
48       48   (0)      7  : 0.0000 1.0000
49       49   (0)      7  : 1.0000 0.0000
50       50   (0)      7  : 0.5825 0.4175
51       51   (0)      7  : 1.0000 0.0000
52       52   (0)      7  : 0.0000 1.0000
53       53   (0)      7  : 1.0000 0.0000
54       54   (0)      7  : 1.0000 0.0000
55       55   (0)      7  : 1.0000 0.0000
56       56   (0)      7  : 1.0000 0.0000
57       57   (0)      8  : 1.0000 0.0000
58       58   (0)      8  : 0.0000 1.0000
59       59   (0)      8  : 1.0000 0.0000
60       60   (0)      8  : 1.0000 0.0000
61       61   (0)      8  : 1.0000 0.0000
62       62   (0)      8  : 1.0000 0.0000
63       63   (0)      8  : 1.0000 0.0000
64       64   (0)      8  : 1.0000 0.0000
65       65   (0)      8  : 0.0000 1.0000
66       66   (0)      8  : 1.0000 0.0000
67       67   (0)      8  : 1.0000 0.0000
68       68   (0)      8  : 1.0000 0.0000
69       69   (0)      8  : 0.0000 1.0000
70       70   (0)      8  : 1.0000 0.0000
71       71   (0)      8  : 0.0000 1.0000
72       72   (0)      8  : 1.0000 0.0000
73       73   (0)      8  : 1.0000 0.0000
74       74   (0)      8  : 1.0000 0.0000
75       75   (0)      8  : 1.0000 0.0000
76       76   (0)      8  : 0.0000 1.0000
77       77   (0)      8  : 1.0000 0.0000
78       78   (0)      9  : 1.0000 0.0000
79       79   (0)      9  : 1.0000 0.0000
80       80   (0)      9  : 1.0000 0.0000
81       81   (0)      9  : 1.0000 0.0000
82       82   (0)      9  : 0.0000 1.0000
83       83   (0)      9  : 0.9769 0.0231
84       84   (0)      9  : 0.0594 0.9406
85       85   (0)      9  : 1.0000 0.0000
86       86   (0)      9  : 1.0000 0.0000
87       87   (0)      9  : 1.0000 0.0000
88       88   (0)      9  : 1.0000 0.0000
89       89   (0)      9  : 1.0000 0.0000
90       90   (0)      9  : 1.0000 0.0000
91       91   (0)      9  : 1.0000 0.0000
92       92   (0)     10  : 0.7341 0.2659
93       93   (0)     11  : 0.4132 0.5868
94       94   (0)     11  : 0.0000 1.0000
95       95   (0)     11  : 0.1358 0.8642
96       96   (0)     12  : 0.0000 1.0000
97       97   (0)     12  : 0.0000 1.0000
98       98   (0)     12  : 0.0000 1.0000
99       99   (0)     12  : 0.0000 1.0000
100      100   (0)     12  : 0.0000 1.0000
101      101   (0)     13  : 0.0000 1.0000
102      102   (0)     13  : 0.0000 1.0000
103      103   (0)     14  : 0.9563 0.0437
104      104   (0)     14  : 0.0000 1.0000
105      105   (0)     14  : 0.1449 0.8551
106      106   (0)     14  : 0.0000 1.0000
107      107   (0)     14  : 1.0000 0.0000
108      108   (0)     15  : 0.3306 0.6694
109      109   (0)     15  : 0.0000 1.0000
110      110   (0)     15  : 0.0000 1.0000
111      111   (0)     15  : 1.0000 0.0000
112      112   (0)     15  : 0.7632 0.2368
113      113   (0)     15  : 0.0000 1.0000
114      114   (0)     15  : 0.0000 1.0000
