1        1   (0)      1  : 0.2101 0.0000 0.0002 0.7769 0.0128
2        2   (0)      1  : 0.0668 0.0000 0.0286 0.8133 0.0914
3        3   (0)      1  : 0.0000 0.0000 0.0000 1.0000 0.0000
4        4   (0)      1  : 0.0000 0.0000 0.0000 1.0000 0.0000
5        5   (0)      1  : 0.5538 0.0000 0.1885 0.2091 0.0486
6        6   (0)      1  : 0.6790 0.0000 0.1357 0.0907 0.0947
7        7   (0)      1  : 0.8391 0.0000 0.0000 0.0097 0.1512
8        8   (0)      1  : 0.5605 0.0000 0.1363 0.2365 0.0666
9        9   (0)      1  : 0.0000 0.0000 0.0000 1.0000 0.0000
10       10   (0)      1  : 0.8291 0.0000 0.0000 0.0000 0.1709
11       11   (0)      1  : 0.8018 0.0000 0.0000 0.0001 0.1981
12       12   (0)      1  : 0.4902 0.0000 0.0000 0.0000 0.5098
13       13   (0)      1  : 0.8230 0.0000 0.0000 0.0000 0.1770
14       14   (0)      1  : 0.4935 0.0600 0.1410 0.1772 0.1282
15       15   (0)      1  : 0.0000 0.0000 1.0000 0.0000 0.0000
16       16   (0)      1  : 0.0000 0.0000 0.0000 1.0000 0.0000
17       17   (0)      1  : 0.0000 0.0000 0.0000 1.0000 0.0000
18       18   (0)      1  : 0.0629 0.0000 0.0000 0.0000 0.9371
19       19   (0)      1  : 0.8196 0.0000 0.0000 0.0159 0.1645
20       20   (0)      1  : 0.8197 0.0000 0.0000 0.0020 0.1783
21       21   (0)      1  : 0.0000 0.0000 0.0000 1.0000 0.0000
22       22   (0)      1  : 0.0000 0.0000 1.0000 0.0000 0.0000
23       23   (0)      1  : 0.8379 0.0000 0.0052 0.0178 0.1391
24       24   (0)      2  : 0.0000 0.0000 0.0000 1.0000 0.0000
25       25   (0)      2  : 0.9062 0.0000 0.0000 0.0000 0.0938
26       26   (0)      2  : 0.2754 0.0000 0.0000 0.6867 0.0380
27       27   (0)      2  : 0.7530 0.0000 0.0000 0.0477 0.1993
28       28   (0)      2  : 0.8080 0.0013 0.0283 0.0540 0.1084
29       29   (0)      2  : 0.7659 0.0000 0.0000 0.0599 0.1742
30       30   (0)      2  : 0.0000 1.0000 0.0000 0.0000 0.0000
31       31   (0)      2  : 0.7873 0.0000 0.0181 0.0323 0.1622
32       32   (0)      2  : 0.0000 0.0000 0.0000 1.0000 0.0000
33       33   (0)      2  : 0.0633 0.0000 0.0000 0.0000 0.9367
34       34   (0)      2  : 0.8784 0.0000 0.0000 0.0000 0.1216
35       35   (0)      2  : 0.7672 0.0000 0.0240 0.0345 0.1744
36       36   (0)      2  : 0.0000 0.0000 0.0000 1.0000 0.0000
37       37   (0)      3  : 0.8204 0.0000 0.0044 0.0203 0.1549
38       38   (0)      3  : 0.7516 0.0000 0.0000 0.0682 0.1802
39       39   (0)      3  : 0.8880 0.0000 0.0000 0.0101 0.1019
40       40   (0)      3  : 0.8160 0.0000 0.0000 0.0271 0.1570
41       41   (0)      3  : 0.8703 0.0000 0.0000 0.0173 0.1124
42       42   (0)      4  : 0.0000 1.0000 0.0000 0.0000 0.0000
43       43   (0)      4  : 0.8591 0.0140 0.0000 0.0000 0.1269
44       44   (0)      4  : 0.0000 1.0000 0.0000 0.0000 0.0000
45       45   (0)      4  : 0.0000 1.0000 0.0000 0.0000 0.0000
46       46   (0)      4  : 0.8071 0.0245 0.0129 0.0458 0.1097
47       47   (0)      4  : 0.8932 0.0000 0.0000 0.0001 0.1067
48       48   (0)      4  : 0.8112 0.0000 0.0000 0.0000 0.1888
49       49   (0)      4  : 0.8730 0.0000 0.0000 0.0098 0.1172
50       50   (0)      4  : 0.9063 0.0000 0.0000 0.0000 0.0937
51       51   (0)      4  : 0.4083 0.4024 0.1409 0.0175 0.0309
52       52   (0)      4  : 0.8000 0.0312 0.0000 0.0109 0.1580
53       53   (0)      4  : 0.8616 0.0082 0.0000 0.0000 0.1302
54       54   (0)      4  : 0.8453 0.0322 0.0104 0.0103 0.1017
55       55   (0)      4  : 0.8896 0.0000 0.0000 0.0004 0.1100
56       56   (0)      4  : 0.0000 1.0000 0.0000 0.0000 0.0000
57       57   (0)      5  : 0.8491 0.0000 0.0000 0.0167 0.1342
58       58   (0)      5  : 0.8083 0.0000 0.0000 0.0040 0.1877
59       59   (0)      5  : 0.0000 1.0000 0.0000 0.0000 0.0000
60       60   (0)      5  : 0.8414 0.0000 0.0000 0.0000 0.1586
61       61   (0)      5  : 0.3654 0.4744 0.1225 0.0039 0.0337
62       62   (0)      5  : 0.0000 1.0000 0.0000 0.0000 0.0000
63       63   (0)      5  : 0.6615 0.1809 0.0233 0.0447 0.0896
64       64   (0)      5  : 0.8290 0.0000 0.0000 0.0000 0.1710
65       65   (0)      5  : 0.8866 0.0000 0.0000 0.0000 0.1134
66       66   (0)      5  : 0.8751 0.0000 0.0000 0.0280 0.0970
67       67   (0)      5  : 0.1833 0.7520 0.0647 0.0000 0.0000
68       68   (0)      5  : 0.0000 1.0000 0.0000 0.0000 0.0000
69       69   (0)      5  : 0.6278 0.2334 0.0083 0.0309 0.0996
70       70   (0)      5  : 0.0000 1.0000 0.0000 0.0000 0.0000
71       71   (0)      5  : 0.0000 1.0000 0.0000 0.0000 0.0000
72       72   (0)      5  : 0.7529 0.1158 0.0054 0.0137 0.1122
73       73   (0)      5  : 0.8145 0.0000 0.0000 0.0356 0.1499
74       74   (0)      5  : 0.0000 1.0000 0.0000 0.0000 0.0000
75       75   (0)      6  : 0.0000 1.0000 0.0000 0.0000 0.0000
76       76   (0)      6  : 0.7801 0.0506 0.0206 0.0120 0.1368
77       77   (0)      6  : 0.0000 1.0000 0.0000 0.0000 0.0000
78       78   (0)      6  : 0.0000 1.0000 0.0000 0.0000 0.0000
79       79   (0)      6  : 0.0000 1.0000 0.0000 0.0000 0.0000
80       80   (0)      6  : 0.0000 0.0000 0.0038 0.9962 0.0000
81       81   (0)      6  : 0.0000 1.0000 0.0000 0.0000 0.0000
82       82   (0)      6  : 0.0000 1.0000 0.0000 0.0000 0.0000
83       83   (0)      6  : 0.0000 0.9670 0.0330 0.0000 0.0000
84       84   (0)      6  : 0.0000 1.0000 0.0000 0.0000 0.0000
85       85   (0)      6  : 0.0000 1.0000 0.0000 0.0000 0.0000
86       86   (0)      6  : 0.0000 1.0000 0.0000 0.0000 0.0000
87       87   (0)      6  : 0.0000 1.0000 0.0000 0.0000 0.0000
88       88   (0)      6  : 0.0000 1.0000 0.0000 0.0000 0.0000
89       89   (0)      6  : 0.0000 1.0000 0.0000 0.0000 0.0000
90       90   (0)      6  : 0.0000 0.1358 0.0000 0.8642 0.0000
91       91   (0)      6  : 0.0000 1.0000 0.0000 0.0000 0.0000
92       92   (0)      6  : 0.8195 0.0000 0.0034 0.0374 0.1397
93       93   (0)      6  : 0.0222 0.2004 0.6296 0.1478 0.0000
94       94   (0)      6  : 0.8836 0.0000 0.0000 0.0000 0.1164
95       95   (0)      6  : 0.4212 0.2044 0.3073 0.0000 0.0671
96       96   (0)      6  : 0.4688 0.2890 0.2031 0.0000 0.0392
97       97   (0)      6  : 0.8159 0.0539 0.0138 0.0000 0.1164
98       98   (0)      6  : 0.3086 0.1843 0.4665 0.0406 0.0000
99       99   (0)      7  : 0.0000 1.0000 0.0000 0.0000 0.0000
100      100   (0)      7  : 0.6398 0.1609 0.0916 0.0207 0.0870
101      101   (0)      7  : 0.0000 0.0000 1.0000 0.0000 0.0000
102      102   (0)      7  : 0.0000 0.0000 1.0000 0.0000 0.0000
103      103   (0)      7  : 0.8260 0.0000 0.0000 0.0000 0.1740
104      104   (0)      7  : 0.7809 0.0000 0.0016 0.0546 0.1629
105      105   (0)      7  : 0.8682 0.0000 0.0000 0.0469 0.0850
106      106   (0)      7  : 0.8825 0.0000 0.0000 0.0019 0.1156
107      107   (0)      7  : 0.8381 0.0000 0.0000 0.0026 0.1593
108      108   (0)      8  : 0.7024 0.0000 0.0000 0.0118 0.2857
109      109   (0)      8  : 0.8428 0.0000 0.0000 0.0064 0.1508
110      110   (0)      8  : 0.4906 0.0000 0.0000 0.0000 0.5094
111      111   (0)      8  : 0.1429 0.0000 0.0000 0.0000 0.8571
112      112   (0)      8  : 0.0000 0.0000 1.0000 0.0000 0.0000
113      113   (0)      8  : 0.8704 0.0000 0.0000 0.0000 0.1296
114      114   (0)      8  : 0.8864 0.0000 0.0000 0.0000 0.1136
115      115   (0)      8  : 0.7032 0.0000 0.0000 0.0111 0.2857
116      116   (0)      8  : 0.1429 0.0000 0.0000 0.0000 0.8571
117      117   (0)      8  : 0.7715 0.0551 0.0232 0.0393 0.1108
118      118   (0)      8  : 0.8723 0.0000 0.0000 0.0456 0.0820
119      119   (0)      9  : 0.0000 1.0000 0.0000 0.0000 0.0000
120      120   (0)     10  : 0.8064 0.0000 0.0468 0.0004 0.1464
121      121   (0)     10  : 0.8377 0.0000 0.0000 0.0000 0.1623
122      122   (0)     10  : 0.8563 0.0000 0.0000 0.0000 0.1437
123      123   (0)     10  : 0.7219 0.0701 0.0118 0.0487 0.1475
124      124   (0)     10  : 0.8096 0.0000 0.0563 0.0000 0.1341
125      125   (0)     10  : 0.7407 0.0138 0.0999 0.0312 0.1144
126      126   (0)     10  : 0.8607 0.0000 0.0189 0.0000 0.1204
127      127   (0)     10  : 0.8571 0.0000 0.0000 0.0076 0.1353
128      128   (0)     10  : 0.8099 0.0000 0.0229 0.0134 0.1537
129      129   (0)     10  : 0.8785 0.0000 0.0000 0.0089 0.1125
130      130   (0)     10  : 0.9250 0.0000 0.0008 0.0016 0.0727
131      131   (0)     10  : 0.8057 0.0000 0.0397 0.0306 0.1240
132      132   (0)     10  : 0.7808 0.0000 0.0769 0.0506 0.0917
133      133   (0)     10  : 0.7990 0.0234 0.0303 0.0101 0.1371
134      134   (0)     10  : 0.8071 0.0184 0.0562 0.0000 0.1183
135      135   (0)     10  : 0.8312 0.0000 0.0368 0.0109 0.1211
136      136   (0)     10  : 0.8564 0.0000 0.0127 0.0000 0.1310
137      137   (0)     11  : 0.0000 0.9090 0.0910 0.0000 0.0000
138      138   (0)     12  : 0.6463 0.0180 0.1132 0.1185 0.1040
139      139   (0)     12  : 0.4000 0.3125 0.2233 0.0200 0.0441
140      140   (0)     12  : 0.0000 0.0000 0.0502 0.9498 0.0000
141      141   (0)     12  : 0.3421 0.0000 0.3997 0.0887 0.1695
142      142   (0)     12  : 0.7810 0.0000 0.0619 0.0297 0.1274
143      143   (0)     12  : 0.4421 0.1471 0.3142 0.0546 0.0420
144      144   (0)     12  : 0.7039 0.0039 0.1428 0.0664 0.0830
145      145   (0)     12  : 0.3534 0.0000 0.0000 0.6169 0.0297
146      146   (0)     13  : 0.0000 1.0000 0.0000 0.0000 0.0000
147      147   (0)     13  : 0.0000 1.0000 0.0000 0.0000 0.0000
148      148   (0)     13  : 0.0000 1.0000 0.0000 0.0000 0.0000
149      149   (0)     13  : 0.0000 1.0000 0.0000 0.0000 0.0000
150      150   (0)     13  : 0.0000 1.0000 0.0000 0.0000 0.0000
151      151   (0)     14  : 0.0000 1.0000 0.0000 0.0000 0.0000
152      152   (0)     14  : 0.8326 0.0000 0.0000 0.0236 0.1437
153      153   (0)     15  : 0.3745 0.3026 0.2915 0.0011 0.0302
154      154   (0)     15  : 0.0000 0.9854 0.0146 0.0000 0.0000
155      155   (0)     16  : 0.8148 0.0000 0.0542 0.0048 0.1262
156      156   (0)     16  : 0.7870 0.0000 0.0131 0.0372 0.1627
157      157   (0)     17  : 0.2677 0.2210 0.3517 0.1156 0.0440
158      158   (0)     17  : 0.0000 0.0000 0.0051 0.9949 0.0000
159      159   (0)     18  : 0.8761 0.0000 0.0214 0.0000 0.1025
160      160   (0)     18  : 0.8557 0.0000 0.0000 0.0000 0.1443
161      161   (0)     18  : 0.8360 0.0000 0.0000 0.0000 0.1640
162      162   (0)     19  : 0.7477 0.0000 0.0704 0.0012 0.1807
163      163   (0)     19  : 0.4155 0.1857 0.2616 0.0292 0.1079
164      164   (0)     19  : 0.7612 0.0000 0.0000 0.0680 0.1707
