 1        1   (0)      1 :  0.3088 0.1069 0.1194 0.0657 0.1907 0.2068 0.0016 
 2        2   (0)      1 :  0.3338 0.1288 0.0004 0.2424 0.1477 0.1284 0.0184 
 3        3   (0)      1 :  0.3921 0.2868 0.0000 0.0942 0.1602 0.0449 0.0218 
 4        4   (0)      1 :  0.3026 0.2276 0.0351 0.1228 0.1523 0.1309 0.0287 
 5        5   (0)      1 :  0.1820 0.1839 0.0338 0.0883 0.3181 0.1899 0.0041 
 6        6   (0)      1 :  0.3236 0.2924 0.0384 0.0504 0.1708 0.1030 0.0215 
 7        7   (0)      1 :  0.2746 0.3697 0.0001 0.0340 0.1477 0.1557 0.0183 
 8        8   (0)      2 :  0.1847 0.3155 0.0000 0.0950 0.1212 0.2834 0.0002 
 9        9   (0)      2 :  0.0153 0.0010 0.0034 0.1079 0.0000 0.8500 0.0225 
10       10   (0)      2 :  0.0154 0.0000 0.0047 0.1073 0.0000 0.8520 0.0207 
11       11   (0)      2 :  0.0142 0.0000 0.1272 0.0967 0.0000 0.7450 0.0170 
12       12   (0)      2 :  0.5538 0.1999 0.0000 0.0569 0.1037 0.0657 0.0200 
13       13   (0)      2 :  0.1251 0.4401 0.0000 0.1139 0.2314 0.0894 0.0000 
14       14   (0)      3 :  0.4436 0.3566 0.0011 0.0598 0.1000 0.0379 0.0010 
15       15   (0)      3 :  0.5350 0.1171 0.0140 0.0611 0.1455 0.1223 0.0050 
16       16   (0)      3 :  0.6274 0.0975 0.0000 0.1748 0.0743 0.0259 0.0000 
17       17   (0)      3 :  0.1337 0.5780 0.0001 0.0293 0.2319 0.0101 0.0168 
18       18   (0)      4 :  0.2561 0.2256 0.0037 0.1995 0.1544 0.1350 0.0258 
19       19   (0)      4 :  0.2566 0.1416 0.0134 0.0741 0.1700 0.3443 0.0000 
20       20   (0)      4 :  0.4174 0.2262 0.0076 0.0762 0.1689 0.1039 0.0000 
21       21   (0)      4 :  0.2176 0.2224 0.0044 0.1585 0.1640 0.2290 0.0040 
22       22   (0)      4 :  0.2851 0.3083 0.0006 0.0240 0.2369 0.1333 0.0117 
23       23   (0)      4 :  0.2124 0.1131 0.0016 0.0446 0.2777 0.3424 0.0083 
24       24   (0)      4 :  0.1854 0.4537 0.0000 0.0097 0.2253 0.1258 0.0000 
25       25   (0)      4 :  0.2687 0.4465 0.0000 0.0154 0.1787 0.0906 0.0001 
26       26   (0)      4 :  0.0773 0.3390 0.0282 0.0917 0.1734 0.2883 0.0021 
27       27   (0)      4 :  0.3428 0.3703 0.0018 0.0532 0.1616 0.0648 0.0056 
28       28   (0)      4 :  0.2128 0.3172 0.0114 0.1780 0.1680 0.0767 0.0359 
29       29   (0)      4 :  0.1692 0.3349 0.0274 0.0939 0.1473 0.2154 0.0119 
30       30   (0)      4 :  0.3236 0.3307 0.0007 0.0473 0.1251 0.1557 0.0169 
31       31   (0)      4 :  0.5591 0.2433 0.0000 0.0989 0.0987 0.0000 0.0000 
32       32   (0)      4 :  0.2086 0.6182 0.0005 0.0400 0.0984 0.0343 0.0000 
33       33   (0)      4 :  0.2149 0.3286 0.0000 0.0603 0.1460 0.2140 0.0363 
34       34   (0)      5 :  0.1941 0.4368 0.0129 0.0557 0.1657 0.1349 0.0000 
35       35   (0)      6 :  0.4615 0.1133 0.0143 0.1990 0.0802 0.1281 0.0036 
36       36   (0)      6 :  0.2456 0.0509 0.0000 0.0857 0.1738 0.4404 0.0036 
37       37   (0)      6 :  0.0000 0.0000 0.0000 1.0000 0.0000 0.0000 0.0000 
38       38   (0)      6 :  0.2859 0.1838 0.0000 0.0437 0.1241 0.3625 0.0000 
39       39   (0)      6 :  0.1012 0.3377 0.0035 0.0921 0.2069 0.2587 0.0000 
40       40   (0)      6 :  0.1223 0.4257 0.0239 0.0917 0.2306 0.1028 0.0031 
41       41   (0)      6 :  0.0000 0.0000 1.0000 0.0000 0.0000 0.0000 0.0000 
42       42   (0)      6 :  0.2195 0.2468 0.0111 0.0988 0.2288 0.1950 0.0000 
43       43   (0)      6 :  0.5146 0.0464 0.0033 0.0875 0.1595 0.1761 0.0127 
44       44   (0)      6 :  0.3136 0.2887 0.0248 0.0282 0.1625 0.1767 0.0053 
45       45   (0)      6 :  0.2219 0.1047 0.0001 0.0761 0.3567 0.2213 0.0192 
46       46   (0)      6 :  0.0000 0.0000 0.0000 0.0000 0.0000 0.0000 1.0000 
47       47   (0)      6 :  0.2888 0.0452 0.0034 0.0231 0.2845 0.3502 0.0050 
48       48   (0)      6 :  0.2898 0.2144 0.0001 0.0974 0.2433 0.1106 0.0444 
49       49   (0)      6 :  0.0000 0.0000 1.0000 0.0000 0.0000 0.0000 0.0000 
50       50   (0)      6 :  0.0988 0.3778 0.0000 0.1140 0.2930 0.1156 0.0007 
51       51   (0)      6 :  0.2669 0.2202 0.0598 0.0917 0.1580 0.1858 0.0176 
52       52   (0)      6 :  0.0000 0.0000 0.0000 0.0000 0.0000 0.0000 1.0000 
53       53   (0)      6 :  0.2523 0.4984 0.0000 0.0888 0.0995 0.0610 0.0000 
54       54   (0)      6 :  0.0908 0.5658 0.0000 0.0292 0.2000 0.1069 0.0072 
55       55   (0)      6 :  0.2564 0.0860 0.0004 0.1121 0.2703 0.2477 0.0272 
56       56   (0)      6 :  0.1795 0.1400 0.0110 0.1173 0.2532 0.2766 0.0224 
57       57   (0)      6 :  0.1242 0.6633 0.0001 0.0121 0.0785 0.1018 0.0200 
58       58   (0)      7 :  0.1319 0.1196 0.0000 0.0649 0.4688 0.2148 0.0000 
59       59   (0)      7 :  0.3851 0.0849 0.0000 0.0775 0.2099 0.2426 0.0000 
60       60   (0)      7 :  0.4388 0.0437 0.0036 0.0552 0.2919 0.1622 0.0047 
61       61   (0)      7 :  0.0467 0.2802 0.0000 0.1178 0.1440 0.4091 0.0021 
62       62   (0)      7 :  0.0000 0.0000 0.0000 1.0000 0.0000 0.0000 0.0000 
63       63   (0)      7 :  0.3159 0.1138 0.0126 0.0310 0.1830 0.3436 0.0000 
64       64   (0)      8 :  0.3107 0.3859 0.0092 0.1678 0.0680 0.0315 0.0270 
65       65   (0)      8 :  0.1646 0.0749 0.0039 0.0787 0.3215 0.3324 0.0240 
66       66   (0)      9 :  0.2482 0.3076 0.0000 0.0621 0.2364 0.1440 0.0017 
67       67   (0)     10 :  0.4944 0.0952 0.0132 0.1610 0.1575 0.0788 0.0000 
68       68   (0)     10 :  0.3765 0.1996 0.0000 0.0560 0.1794 0.1742 0.0143 
69       69   (0)     10 :  0.1212 0.3984 0.0000 0.0464 0.3231 0.0741 0.0368 
70       70   (0)     10 :  0.1913 0.3457 0.0000 0.0672 0.2477 0.1335 0.0147 
71       71   (0)     10 :  0.1483 0.3709 0.0000 0.0414 0.1890 0.2503 0.0002 
72       72   (0)     10 :  0.1673 0.4722 0.0014 0.0401 0.1319 0.1872 0.0000 
73       73   (0)     10 :  0.2424 0.3034 0.0115 0.0521 0.1549 0.2279 0.0078 
74       74   (0)     10 :  0.1141 0.0855 0.0016 0.0415 0.5527 0.2047 0.0000 
75       75   (0)     10 :  0.1751 0.4691 0.0000 0.0685 0.1971 0.0838 0.0065 
76       76   (0)     10 :  0.1397 0.0784 0.0058 0.0400 0.5415 0.1927 0.0018 
