1        1   (0)      1  : 1.0000 0.0000
2        2   (0)      1  : 0.7086 0.2914
3        3   (0)      1  : 1.0000 0.0000
4        4   (0)      1  : 1.0000 0.0000
5        5   (0)      1  : 1.0000 0.0000
6        6   (0)      1  : 1.0000 0.0000
7        7   (0)      1  : 1.0000 0.0000
8        8   (0)      1  : 1.0000 0.0000
9        9   (0)      1  : 1.0000 0.0000
10       10   (0)      1  : 1.0000 0.0000
11       11   (0)      1  : 1.0000 0.0000
12       12   (0)      1  : 1.0000 0.0000
13       13   (0)      1  : 1.0000 0.0000
14       14   (0)      2  : 1.0000 0.0000
15       15   (0)      2  : 0.0000 1.0000
16       16   (0)      2  : 1.0000 0.0000
17       17   (0)      2  : 1.0000 0.0000
18       18   (0)      2  : 1.0000 0.0000
19       19   (0)      2  : 1.0000 0.0000
20       20   (0)      2  : 1.0000 0.0000
21       21   (0)      2  : 1.0000 0.0000
22       22   (0)      2  : 1.0000 0.0000
23       23   (0)      2  : 0.9481 0.0519
24       24   (0)      2  : 1.0000 0.0000
25       25   (0)      2  : 1.0000 0.0000
26       26   (0)      2  : 0.9031 0.0969
27       27   (0)      2  : 1.0000 0.0000
28       28   (0)      3  : 0.0000 1.0000
29       29   (0)      3  : 1.0000 0.0000
30       30   (0)      3  : 1.0000 0.0000
31       31   (0)      3  : 0.9428 0.0572
32       32   (0)      3  : 0.0000 1.0000
33       33   (0)      3  : 1.0000 0.0000
34       34   (0)      3  : 0.0000 1.0000
35       35   (0)      3  : 0.0000 1.0000
36       36   (0)      3  : 0.0000 1.0000
37       37   (0)      3  : 1.0000 0.0000
38       38   (0)      3  : 0.7964 0.2036
39       39   (0)      3  : 0.9484 0.0516
40       40   (0)      3  : 1.0000 0.0000
41       41   (0)      3  : 1.0000 0.0000
42       42   (0)      3  : 0.0000 1.0000
43       43   (0)      3  : 0.0000 1.0000
44       44   (0)      3  : 1.0000 0.0000
45       45   (0)      3  : 1.0000 0.0000
46       46   (0)      4  : 0.0000 1.0000
47       47   (0)      4  : 0.0000 1.0000
48       48   (0)      4  : 1.0000 0.0000
49       49   (0)      4  : 0.9897 0.0103
50       50   (0)      4  : 0.9723 0.0277
51       51   (0)      4  : 0.9954 0.0046
52       52   (0)      4  : 0.9977 0.0023
53       53   (0)      4  : 1.0000 0.0000
54       54   (0)      4  : 1.0000 0.0000
55       55   (0)      4  : 0.9061 0.0939
56       56   (0)      4  : 1.0000 0.0000
57       57   (0)      5  : 1.0000 0.0000
58       58   (0)      5  : 0.9478 0.0522
59       59   (0)      5  : 1.0000 0.0000
60       60   (0)      5  : 0.0000 1.0000
61       61   (0)      5  : 0.0341 0.9659
62       62   (0)      5  : 0.1711 0.8289
63       63   (0)      6  : 0.0000 1.0000
64       64   (0)      6  : 0.0000 1.0000
65       65   (0)      6  : 0.0000 1.0000
66       66   (0)      6  : 0.2260 0.7740
67       67   (0)      6  : 0.0000 1.0000
68       68   (0)      6  : 0.0565 0.9435
69       69   (0)      6  : 0.8463 0.1537
70       70   (0)      6  : 0.0000 1.0000
71       71   (0)      6  : 1.0000 0.0000
72       72   (0)      6  : 0.0000 1.0000
73       73   (0)      6  : 0.0000 1.0000
74       74   (0)      6  : 0.0007 0.9993
75       75   (0)      6  : 0.0237 0.9763
76       76   (0)      6  : 0.0900 0.9100
77       77   (0)      6  : 0.1226 0.8774
78       78   (0)      6  : 0.1109 0.8891
79       79   (0)      6  : 0.0000 1.0000
80       80   (0)      7  : 1.0000 0.0000
81       81   (0)      8  : 1.0000 0.0000
82       82   (0)      9  : 0.9476 0.0524
83       83   (0)     10  : 0.9559 0.0441
84       84   (0)     11  : 1.0000 0.0000
85       85   (0)     11  : 1.0000 0.0000
86       86   (0)     12  : 0.9349 0.0651
87       87   (0)     12  : 0.9516 0.0484
88       88   (0)     12  : 1.0000 0.0000
89       89   (0)     12  : 1.0000 0.0000
90       90   (0)     12  : 0.0544 0.9456
91       91   (0)     12  : 1.0000 0.0000
92       92   (0)     12  : 1.0000 0.0000
93       93   (0)     12  : 1.0000 0.0000
94       94   (0)     13  : 1.0000 0.0000
