 1        1   (0)      1 :  0.0045 0.0000 0.0000 0.9955 
 2        2   (0)      1 :  0.0525 0.1540 0.0000 0.7934 
 3        3   (0)      1 :  0.5200 0.1126 0.0000 0.3674 
 4        4   (0)      1 :  0.3192 0.0731 0.0000 0.6077 
 5        5   (0)      1 :  0.0040 0.0000 0.0000 0.9960 
 6        6   (0)      1 :  0.5200 0.1221 0.0000 0.3579 
 7        7   (0)      2 :  0.0000 0.0000 0.0000 1.0000 
 8        8   (0)      2 :  0.5200 0.1311 0.0000 0.3489 
 9        9   (0)      2 :  0.0323 0.0247 0.0583 0.8847 
10       10   (0)      2 :  0.0000 0.0000 0.0000 1.0000 
11       11   (0)      2 :  0.5200 0.0715 0.0000 0.4085 
12       12   (0)      2 :  0.2809 0.0235 0.0000 0.6956 
13       13   (0)      2 :  0.4361 0.2711 0.0000 0.2927 
14       14   (0)      3 :  0.1984 0.0000 0.8016 0.0000 
15       15   (0)      3 :  0.1689 0.0000 0.8311 0.0000 
16       16   (0)      3 :  0.1951 0.0000 0.8049 0.0000 
17       17   (0)      3 :  0.2250 0.0000 0.7750 0.0000 
18       18   (0)      3 :  0.2229 0.0000 0.7771 0.0000 
19       19   (0)      3 :  0.2478 0.0000 0.7522 0.0000 
20       20   (0)      3 :  0.1679 0.0642 0.7679 0.0000 
21       21   (0)      3 :  0.1360 0.0000 0.8640 0.0000 
22       22   (0)      3 :  0.1278 0.0000 0.8722 0.0000 
23       23   (0)      3 :  0.0791 0.0000 0.9209 0.0000 
24       24   (0)      3 :  0.1397 0.0000 0.8603 0.0000 
25       25   (0)      3 :  0.0369 0.9556 0.0075 0.0000 
26       26   (0)      4 :  0.0000 0.0000 0.0000 1.0000 
27       27   (0)      4 :  0.1998 0.0000 0.8002 0.0000 
28       28   (0)      4 :  0.1897 0.0000 0.8103 0.0000 
29       29   (0)      4 :  0.0000 0.0000 0.0000 1.0000 
30       30   (0)      4 :  0.1566 0.0000 0.8434 0.0000 
31       31   (0)      4 :  0.1726 0.0000 0.8274 0.0000 
32       32   (0)      4 :  0.1064 0.0000 0.3995 0.4941 
33       33   (0)      4 :  0.1258 0.0000 0.8742 0.0000 
34       34   (0)      4 :  0.2867 0.0000 0.7133 0.0000 
35       35   (0)      4 :  0.2269 0.0000 0.7731 0.0000 
36       36   (0)      4 :  0.1559 0.0000 0.8441 0.0000 
37       37   (0)      4 :  0.1432 0.0000 0.8568 0.0000 
38       38   (0)      4 :  0.0867 0.0000 0.9133 0.0000 
39       39   (0)      4 :  0.0000 0.0000 0.0000 1.0000 
40       40   (0)      5 :  0.2469 0.0000 0.7531 0.0000 
41       41   (0)      5 :  0.1688 0.0000 0.8312 0.0000 
42       42   (0)      5 :  0.1870 0.0000 0.8130 0.0000 
43       43   (0)      5 :  0.0000 0.0000 0.0000 1.0000 
44       44   (0)      5 :  0.1041 0.0000 0.8959 0.0000 
45       45   (0)      5 :  0.2456 0.0000 0.7544 0.0000 
46       46   (0)      5 :  0.0950 0.0000 0.9050 0.0000 
47       47   (0)      5 :  0.1444 0.0000 0.8556 0.0000 
48       48   (0)      5 :  0.2872 0.0000 0.7128 0.0000 
49       49   (0)      5 :  0.0000 0.0000 0.0000 1.0000 
50       50   (0)      5 :  0.1952 0.0000 0.8048 0.0000 
51       51   (0)      5 :  0.0000 0.0000 0.0000 1.0000 
52       52   (0)      5 :  0.0000 0.0000 0.0000 1.0000 
53       53   (0)      6 :  0.0000 0.0000 0.0000 1.0000 
54       54   (0)      6 :  0.1576 0.0000 0.8424 0.0000 
55       55   (0)      6 :  0.0397 0.0798 0.0000 0.8805 
56       56   (0)      6 :  0.0187 0.9813 0.0000 0.0000 
57       57   (0)      6 :  0.0144 0.9856 0.0000 0.0000 
58       58   (0)      6 :  0.0089 0.9878 0.0034 0.0000 
59       59   (0)      6 :  0.2941 0.0585 0.6251 0.0222 
60       60   (0)      6 :  0.2181 0.0000 0.7819 0.0000 
61       61   (0)      6 :  0.1492 0.0000 0.8508 0.0000 
62       62   (0)      6 :  0.2274 0.0000 0.7726 0.0000 
63       63   (0)      6 :  0.0366 0.0933 0.0309 0.8392 
64       64   (0)      7 :  0.0000 0.0000 0.0000 1.0000 
65       65   (0)      7 :  0.0000 0.0000 0.0000 1.0000 
66       66   (0)      7 :  0.0010 0.0284 0.0000 0.9706 
67       67   (0)      7 :  0.0357 0.0417 0.0000 0.9226 
68       68   (0)      8 :  0.1387 0.1025 0.7587 0.0001 
69       69   (0)      8 :  0.1580 0.1325 0.6597 0.0497 
70       70   (0)      8 :  0.3055 0.0000 0.6945 0.0000 
71       71   (0)      8 :  0.2089 0.0255 0.7337 0.0319 
72       72   (0)      8 :  0.2357 0.1169 0.6474 0.0000 
73       73   (0)      8 :  0.0210 0.9790 0.0000 0.0000 
74       74   (0)      9 :  0.0433 0.1438 0.0278 0.7850 
75       75   (0)      9 :  0.0188 0.0811 0.0174 0.8826 
76       76   (0)     10 :  0.0008 0.0000 0.0000 0.9992 
77       77   (0)     11 :  0.0000 0.0000 0.0000 1.0000 
78       78   (0)     12 :  0.0000 0.0000 0.0000 1.0000 
79       79   (0)     13 :  0.1132 0.5658 0.3210 0.0000 
80       80   (0)     13 :  0.2439 0.0000 0.7561 0.0000 
