  1        1   (0)      1 :  0.0431 0.2391 0.0126 0.0000 0.0425 0.0000 0.0000 0.0592 0.0000 0.0014 0.0000 0.0006 0.0000 0.0165 0.0157 0.0000 0.0382 0.0000 0.5194 0.0115 
  2        2   (0)      1 :  0.0000 0.8404 0.0004 0.0154 0.0002 0.0000 0.0000 0.0000 0.0037 0.0012 0.0724 0.0592 0.0000 0.0000 0.0004 0.0000 0.0002 0.0000 0.0066 0.0000 
  3        3   (0)      1 :  0.0000 0.1805 0.0000 0.0000 0.0000 0.0000 0.0000 0.0000 0.0000 0.0000 0.0000 0.0000 0.0000 0.0000 0.0000 0.0000 0.0000 0.0000 0.8195 0.0000 
  4        4   (0)      1 :  0.0000 1.0000 0.0000 0.0000 0.0000 0.0000 0.0000 0.0000 0.0000 0.0000 0.0000 0.0000 0.0000 0.0000 0.0000 0.0000 0.0000 0.0000 0.0000 0.0000 
  5        5   (0)      1 :  0.0026 0.1733 0.0561 0.0000 0.0670 0.0000 0.0973 0.0286 0.1241 0.0000 0.0063 0.0010 0.0000 0.0668 0.0044 0.0000 0.3187 0.0000 0.0011 0.0527 
  6        6   (0)      1 :  0.0007 0.0858 0.0347 0.0088 0.1023 0.0000 0.0583 0.0636 0.0926 0.0005 0.0093 0.0003 0.0000 0.2182 0.0117 0.0000 0.2513 0.0000 0.0002 0.0616 
  7        7   (0)      1 :  0.0000 0.0000 0.0186 0.0030 0.1239 0.0000 0.0000 0.0636 0.0000 0.0000 0.0000 0.0233 0.0000 0.1343 0.0016 0.0000 0.5650 0.0000 0.0003 0.0663 
  8        8   (0)      1 :  0.0000 0.2495 0.0322 0.0000 0.0737 0.0000 0.0440 0.0273 0.0869 0.0000 0.0080 0.0000 0.0000 0.1037 0.0055 0.0000 0.3331 0.0000 0.0000 0.0360 
  9        9   (0)      1 :  0.0000 1.0000 0.0000 0.0000 0.0000 0.0000 0.0000 0.0000 0.0000 0.0000 0.0000 0.0000 0.0000 0.0000 0.0000 0.0000 0.0000 0.0000 0.0000 0.0000 
 10       10   (0)      1 :  0.0107 0.0000 0.0243 0.0018 0.0705 0.0000 0.0000 0.0722 0.0000 0.0221 0.0015 0.0006 0.0000 0.0886 0.0247 0.0000 0.6365 0.0000 0.0000 0.0466 
 11       11   (0)      1 :  0.0006 0.0000 0.0200 0.0020 0.3509 0.0000 0.0000 0.1200 0.0000 0.0099 0.0040 0.0112 0.0000 0.0659 0.0400 0.0000 0.3363 0.0000 0.0000 0.0391 
 12       12   (0)      1 :  0.0000 0.0000 0.0000 0.0600 0.0000 0.0000 0.0000 0.0000 0.0000 0.0200 0.0000 0.9200 0.0000 0.0000 0.0000 0.0000 0.0000 0.0000 0.0000 0.0000 
 13       13   (0)      1 :  0.0261 0.0000 0.0006 0.0149 0.2375 0.0000 0.0000 0.0190 0.0000 0.0270 0.0001 0.0008 0.0000 0.2200 0.0420 0.0000 0.3698 0.0000 0.0001 0.0420 
 14       14   (0)      1 :  0.0000 0.0539 0.0072 0.0182 0.1026 0.0063 0.0987 0.0285 0.0908 0.0016 0.0000 0.0644 0.0081 0.0332 0.0387 0.0041 0.3086 0.0067 0.1056 0.0229 
 15       15   (0)      1 :  0.0000 0.0000 0.0000 0.0000 0.0017 0.0000 0.0200 0.0000 0.9583 0.0000 0.0000 0.0000 0.0000 0.0000 0.0200 0.0000 0.0000 0.0000 0.0000 0.0000 
 16       16   (0)      1 :  0.0000 0.0800 0.0400 0.0000 0.0000 0.0000 0.0000 0.0600 0.0000 0.0000 0.0000 0.0400 0.0000 0.0000 0.2400 0.0000 0.0000 0.0000 0.5400 0.0000 
 17       17   (0)      1 :  0.0000 0.0800 0.0400 0.0000 0.0000 0.0000 0.0000 0.0600 0.0000 0.0000 0.0000 0.0400 0.0000 0.0000 0.2400 0.0000 0.0000 0.0000 0.5400 0.0000 
 18       18   (0)      1 :  0.0000 0.0000 0.0000 0.0000 0.0000 0.0000 0.0000 0.0000 0.0000 1.0000 0.0000 0.0000 0.0000 0.0000 0.0000 0.0000 0.0000 0.0000 0.0000 0.0000 
 19       19   (0)      1 :  0.0512 0.0010 0.0455 0.0146 0.2143 0.0000 0.0000 0.2185 0.0000 0.0003 0.0088 0.0004 0.0000 0.0729 0.0200 0.0000 0.2443 0.0000 0.0001 0.1081 
 20       20   (0)      1 :  0.0010 0.0000 0.1180 0.0164 0.0907 0.0000 0.0000 0.0881 0.0000 0.0018 0.0001 0.0007 0.0000 0.1064 0.0600 0.0000 0.2734 0.0000 0.0000 0.2435 
 21       21   (0)      1 :  0.0000 0.1747 0.0000 0.0000 0.0000 0.0000 0.0000 0.0000 0.0000 0.0000 0.0000 0.0000 0.0000 0.0000 0.0200 0.0000 0.0000 0.0000 0.8053 0.0000 
 22       22   (0)      1 :  0.0000 0.0000 0.0000 0.0000 0.0000 0.0000 0.0200 0.0000 0.9800 0.0000 0.0000 0.0000 0.0000 0.0000 0.0000 0.0000 0.0000 0.0000 0.0000 0.0000 
 23       23   (0)      1 :  0.0000 0.0032 0.0025 0.0034 0.1617 0.0000 0.0000 0.1828 0.0000 0.0006 0.0089 0.0150 0.0000 0.1304 0.0402 0.0000 0.2645 0.0000 0.0000 0.1868 
 24       24   (0)      2 :  0.0000 0.1526 0.0047 0.0000 0.0000 0.0000 0.0000 0.0072 0.0000 0.0000 0.0000 0.0047 0.0000 0.0000 0.0281 0.0000 0.0000 0.0000 0.8027 0.0000 
 25       25   (0)      2 :  0.0340 0.0000 0.0612 0.0000 0.2148 0.0000 0.0000 0.1167 0.0000 0.0000 0.0000 0.0000 0.0000 0.1522 0.0000 0.0000 0.1212 0.0000 0.0000 0.3000 
 26       26   (0)      2 :  0.0000 0.2055 0.0387 0.0000 0.0474 0.0000 0.0000 0.1739 0.0000 0.0067 0.0001 0.0000 0.0000 0.0299 0.0663 0.0000 0.0176 0.0000 0.3815 0.0323 
 27       27   (0)      2 :  0.0019 0.0035 0.0159 0.0029 0.1271 0.0000 0.0000 0.1113 0.0000 0.0906 0.0222 0.0086 0.0000 0.1977 0.0090 0.0000 0.2686 0.0000 0.0422 0.0987 
 28       28   (0)      2 :  0.0016 0.0024 0.0167 0.0058 0.2092 0.0000 0.0006 0.0942 0.0157 0.0000 0.0002 0.0006 0.0000 0.4352 0.0113 0.0000 0.1363 0.0000 0.0234 0.0469 
 29       29   (0)      2 :  0.0081 0.0001 0.0117 0.0066 0.1167 0.0000 0.0000 0.2406 0.0000 0.0335 0.0273 0.0024 0.0000 0.1349 0.0177 0.0000 0.1642 0.0000 0.0174 0.2188 
 30       30   (0)      2 :  0.0000 0.0000 0.0000 0.0000 0.0400 0.1600 0.0000 0.0400 0.0200 0.0000 0.0000 0.0000 0.3400 0.0000 0.1600 0.0800 0.0000 0.1600 0.0000 0.0000 
 31       31   (0)      2 :  0.0132 0.0025 0.0150 0.0066 0.1397 0.0000 0.0058 0.0965 0.0058 0.0507 0.0001 0.0040 0.0000 0.2635 0.0171 0.0000 0.2439 0.0000 0.0127 0.1230 
 32       32   (0)      2 :  0.0000 0.1864 0.0000 0.0000 0.0000 0.0000 0.0000 0.0000 0.0000 0.0000 0.0000 0.0000 0.0000 0.0000 0.0032 0.0000 0.0000 0.0000 0.8104 0.0000 
 33       33   (0)      2 :  0.0000 0.0000 0.0000 0.0000 0.0000 0.0000 0.0000 0.0000 0.0000 1.0000 0.0000 0.0000 0.0000 0.0000 0.0000 0.0000 0.0000 0.0000 0.0000 0.0000 
 34       34   (0)      2 :  0.0000 0.0000 0.0363 0.0000 0.3543 0.0000 0.0000 0.1004 0.0000 0.0002 0.0003 0.0000 0.0000 0.0845 0.0200 0.0000 0.3355 0.0000 0.0000 0.0685 
 35       35   (0)      2 :  0.0173 0.0074 0.0330 0.0331 0.1377 0.0000 0.0002 0.1021 0.0173 0.0183 0.0172 0.0307 0.0000 0.3952 0.0141 0.0000 0.0982 0.0000 0.0168 0.0612 
 36       36   (0)      2 :  0.0000 0.9951 0.0000 0.0000 0.0000 0.0000 0.0000 0.0000 0.0000 0.0000 0.0000 0.0000 0.0000 0.0000 0.0000 0.0000 0.0000 0.0000 0.0049 0.0000 
 37       37   (0)      3 :  0.0217 0.0007 0.0063 0.0071 0.1100 0.0000 0.0000 0.0966 0.0000 0.0017 0.0143 0.0073 0.0000 0.1369 0.0492 0.0000 0.4283 0.0000 0.0043 0.1157 
 38       38   (0)      3 :  0.0000 0.0059 0.0065 0.0036 0.0085 0.0000 0.0000 0.0047 0.0000 0.0012 0.0982 0.0001 0.0000 0.0376 0.0065 0.0000 0.0093 0.0000 0.0000 0.8178 
 39       39   (0)      3 :  0.0205 0.0000 0.0225 0.0003 0.1435 0.0000 0.0000 0.3045 0.0000 0.0005 0.0131 0.0034 0.0000 0.2405 0.0045 0.0000 0.1312 0.0000 0.0003 0.1155 
 40       40   (0)      3 :  0.0002 0.0000 0.1712 0.0040 0.0852 0.0000 0.0000 0.0812 0.0000 0.0007 0.0000 0.0020 0.0000 0.0709 0.0603 0.0000 0.2693 0.0000 0.0003 0.2548 
 41       41   (0)      3 :  0.0023 0.0009 0.0935 0.0004 0.1517 0.0000 0.0000 0.1362 0.0000 0.0158 0.0271 0.0028 0.0000 0.4618 0.0091 0.0000 0.0937 0.0000 0.0006 0.0041 
 42       42   (0)      4 :  0.0000 0.0000 0.0000 0.0000 0.0074 0.1292 0.0000 0.0022 0.0000 0.0000 0.0000 0.0200 0.0855 0.0000 0.0794 0.4803 0.0000 0.1960 0.0000 0.0000 
 43       43   (0)      4 :  0.0132 0.0000 0.0393 0.0063 0.2499 0.0004 0.0006 0.1480 0.0000 0.0001 0.0065 0.0145 0.0000 0.2339 0.0310 0.0000 0.2181 0.0000 0.0005 0.0378 
 44       44   (0)      4 :  0.0000 0.0000 0.0000 0.0000 0.0000 0.3910 0.0000 0.0000 0.0000 0.0000 0.0000 0.0200 0.0759 0.0000 0.0000 0.1062 0.0000 0.4070 0.0000 0.0000 
 45       45   (0)      4 :  0.0000 0.0000 0.0000 0.0000 0.0400 0.2304 0.0000 0.0123 0.0000 0.0000 0.0000 0.0069 0.1233 0.0000 0.0200 0.2824 0.0000 0.2847 0.0000 0.0000 
 46       46   (0)      4 :  0.0037 0.0183 0.0436 0.0059 0.1986 0.0019 0.0000 0.0229 0.0026 0.0000 0.0000 0.0007 0.0000 0.3907 0.0040 0.0032 0.2876 0.0010 0.0091 0.0064 
 47       47   (0)      4 :  0.0187 0.0000 0.0514 0.0077 0.0201 0.0000 0.0000 0.0400 0.0000 0.0001 0.0000 0.0000 0.0000 0.7333 0.0000 0.0000 0.1224 0.0000 0.0000 0.0062 
 48       48   (0)      4 :  0.0123 0.0000 0.0087 0.0120 0.1007 0.0000 0.0000 0.0356 0.0000 0.0164 0.0000 0.0122 0.0000 0.2816 0.0231 0.0000 0.3577 0.0000 0.0000 0.1397 
 49       49   (0)      4 :  0.0000 0.0000 0.0257 0.0000 0.0424 0.0000 0.0000 0.0259 0.0000 0.0000 0.0000 0.0015 0.0000 0.2352 0.0104 0.0000 0.6163 0.0000 0.0000 0.0424 
 50       50   (0)      4 :  1.0000 0.0000 0.0000 0.0000 0.0000 0.0000 0.0000 0.0000 0.0000 0.0000 0.0000 0.0000 0.0000 0.0000 0.0000 0.0000 0.0000 0.0000 0.0000 0.0000 
 51       51   (0)      4 :  0.1027 0.0000 0.0103 0.0001 0.0238 0.0224 0.2962 0.0259 0.0178 0.0000 0.0000 0.0006 0.2555 0.0675 0.0116 0.0330 0.0999 0.0236 0.0002 0.0090 
 52       52   (0)      4 :  0.0011 0.0008 0.0061 0.0387 0.1784 0.0008 0.0049 0.1345 0.0000 0.0123 0.0000 0.0000 0.0000 0.4238 0.0018 0.0019 0.1823 0.0008 0.0000 0.0117 
 53       53   (0)      4 :  0.0002 0.0000 0.0387 0.0004 0.1542 0.0000 0.0000 0.0716 0.0000 0.0028 0.0024 0.0083 0.0000 0.5000 0.0047 0.0000 0.0518 0.0000 0.0000 0.1649 
 54       54   (0)      4 :  0.0258 0.0004 0.0122 0.0117 0.0843 0.0028 0.0003 0.0964 0.0044 0.0000 0.0136 0.0011 0.0018 0.4224 0.0117 0.0034 0.1948 0.0075 0.0017 0.1036 
 55       55   (0)      4 :  1.0000 0.0000 0.0000 0.0000 0.0000 0.0000 0.0000 0.0000 0.0000 0.0000 0.0000 0.0000 0.0000 0.0000 0.0000 0.0000 0.0000 0.0000 0.0000 0.0000 
 56       56   (0)      4 :  0.0000 0.0000 0.0000 0.0000 0.0000 0.1157 0.0000 0.1000 0.0000 0.0000 0.0000 0.0077 0.0935 0.0000 0.0554 0.1733 0.0000 0.4543 0.0000 0.0000 
 57       57   (0)      5 :  0.0000 0.0000 0.0006 0.0015 0.3589 0.0000 0.0000 0.0773 0.0000 0.0020 0.0000 0.0019 0.0000 0.2297 0.0400 0.0000 0.1815 0.0000 0.0000 0.1065 
 58       58   (0)      5 :  0.0016 0.0000 0.0222 0.0091 0.2446 0.0000 0.0000 0.0829 0.0000 0.0440 0.0000 0.0000 0.0000 0.3020 0.0206 0.0000 0.0781 0.0000 0.0000 0.1948 
 59       59   (0)      5 :  0.0000 0.0000 0.0000 0.0000 0.0000 0.2231 0.0000 0.0429 0.0000 0.0000 0.0000 0.0074 0.0715 0.0000 0.0528 0.1041 0.0000 0.4983 0.0000 0.0000 
 60       60   (0)      5 :  0.0000 0.0000 0.0312 0.0264 0.3183 0.0000 0.0000 0.0745 0.0000 0.0007 0.0000 0.0178 0.0000 0.2819 0.0136 0.0000 0.2311 0.0000 0.0000 0.0045 
 61       61   (0)      5 :  0.0000 0.0000 0.0367 0.0000 0.1064 0.1364 0.0361 0.0260 0.0941 0.0000 0.0792 0.0008 0.1385 0.1106 0.0601 0.0348 0.0513 0.0888 0.0002 0.0000 
 62       62   (0)      5 :  0.0000 0.0000 0.0000 0.0000 0.0200 0.3200 0.0000 0.0200 0.0000 0.0000 0.0000 0.0000 0.2747 0.0000 0.1253 0.0600 0.0000 0.1800 0.0000 0.0000 
 63       63   (0)      5 :  0.0142 0.0207 0.0202 0.0040 0.1536 0.0534 0.0353 0.0593 0.0039 0.0001 0.0131 0.0093 0.0556 0.2952 0.0377 0.0057 0.1372 0.0231 0.0094 0.0491 
 64       64   (0)      5 :  0.0000 0.0000 0.1531 0.0221 0.2290 0.0000 0.0000 0.0297 0.0000 0.0003 0.0204 0.0219 0.0000 0.3603 0.0200 0.0000 0.1398 0.0000 0.0000 0.0033 
 65       65   (0)      5 :  0.0039 0.0000 0.0089 0.0003 0.1989 0.0000 0.0000 0.1136 0.0000 0.0008 0.0000 0.0037 0.0000 0.4015 0.0000 0.0000 0.2669 0.0000 0.0000 0.0013 
 66       66   (0)      5 :  0.0059 0.0000 0.0513 0.0001 0.2527 0.0000 0.0000 0.1042 0.0000 0.0000 0.0027 0.0006 0.0000 0.2395 0.0623 0.0000 0.2118 0.0000 0.0015 0.0673 
 67       67   (0)      5 :  0.0000 0.0000 0.0068 0.0000 0.0699 0.2348 0.0246 0.0538 0.0357 0.0000 0.0000 0.0000 0.2249 0.0158 0.1242 0.0684 0.0123 0.1224 0.0000 0.0065 
 68       68   (0)      5 :  0.0000 0.0000 0.0000 0.0000 0.0000 0.0989 0.0000 0.0202 0.0000 0.0000 0.0000 0.0000 0.0189 0.0000 0.0231 0.1781 0.0000 0.6608 0.0000 0.0000 
 69       69   (0)      5 :  0.0290 0.0132 0.0226 0.0027 0.0817 0.0560 0.0004 0.0816 0.0046 0.0002 0.0342 0.0039 0.0740 0.2196 0.0396 0.0193 0.0611 0.0330 0.0031 0.2201 
 70       70   (0)      5 :  0.0000 0.0000 0.0000 0.0000 0.0400 0.2400 0.0000 0.0400 0.0200 0.0000 0.0000 0.0000 0.3200 0.0000 0.1200 0.0800 0.0000 0.1400 0.0000 0.0000 
 71       71   (0)      5 :  0.0000 0.0000 0.0000 0.0000 0.0400 0.1187 0.0000 0.0000 0.0000 0.0000 0.0000 0.0000 0.0264 0.0000 0.0633 0.6129 0.0000 0.1387 0.0000 0.0000 
 72       72   (0)      5 :  0.0013 0.0011 0.0426 0.0011 0.1115 0.0158 0.0000 0.0498 0.0000 0.0031 0.0000 0.0228 0.0265 0.4332 0.0134 0.0239 0.0705 0.0285 0.0051 0.1496 
 73       73   (0)      5 :  0.0000 0.0014 0.0276 0.0293 0.1635 0.0000 0.0000 0.1089 0.0000 0.0007 0.0002 0.0041 0.0000 0.1726 0.0203 0.0000 0.2635 0.0000 0.0042 0.2039 
 74       74   (0)      5 :  0.0000 0.0000 0.0000 0.0000 0.0608 0.1300 0.0000 0.0500 0.0000 0.0000 0.0000 0.0000 0.0031 0.0000 0.0546 0.3112 0.0000 0.3903 0.0000 0.0000 
 75       75   (0)      6 :  0.0000 0.0000 0.0000 0.0000 0.0702 0.2309 0.0000 0.0662 0.0000 0.0000 0.0000 0.0000 0.1933 0.0000 0.0922 0.1373 0.0000 0.2099 0.0000 0.0000 
 76       76   (0)      6 :  0.0000 0.0001 0.0118 0.0030 0.1507 0.0095 0.0173 0.0739 0.0052 0.0077 0.0000 0.0054 0.0045 0.3554 0.0102 0.0059 0.3141 0.0076 0.0053 0.0123 
 77       77   (0)      6 :  0.0000 0.0000 0.0000 0.0000 0.0200 0.1981 0.0000 0.0458 0.0028 0.0000 0.0000 0.0000 0.1305 0.0000 0.0511 0.0633 0.0000 0.4884 0.0000 0.0000 
 78       78   (0)      6 :  0.0000 0.0000 0.0000 0.0000 0.0400 0.0643 0.0000 0.0092 0.0000 0.0000 0.0000 0.0000 0.0366 0.0000 0.0328 0.4335 0.0000 0.3836 0.0000 0.0000 
 79       79   (0)      6 :  0.0000 0.0000 0.0000 0.0000 0.0400 0.2223 0.0000 0.0352 0.0000 0.0000 0.0000 0.0000 0.1485 0.0000 0.1125 0.1379 0.0000 0.3037 0.0000 0.0000 
 80       80   (0)      6 :  0.0000 0.2442 0.0000 0.0002 0.0000 0.0000 0.0001 0.0000 0.0013 0.0000 0.0000 0.0000 0.0000 0.0000 0.0005 0.0000 0.0000 0.0000 0.7538 0.0000 
 81       81   (0)      6 :  0.0000 0.0000 0.0000 0.0000 0.0049 0.0997 0.0000 0.0061 0.0000 0.0000 0.0000 0.0012 0.2788 0.0000 0.0207 0.4246 0.0000 0.1639 0.0000 0.0000 
 82       82   (0)      6 :  0.0000 0.0000 0.0000 0.0000 0.0160 0.1336 0.0000 0.0066 0.0000 0.0000 0.0000 0.0000 0.4827 0.0000 0.0834 0.1194 0.0000 0.1582 0.0000 0.0000 
 83       83   (0)      6 :  0.0000 0.0000 0.0000 0.0000 0.0546 0.1236 0.0000 0.0199 0.0037 0.0000 0.0000 0.0095 0.4113 0.0000 0.0866 0.2277 0.0000 0.0631 0.0000 0.0000 
 84       84   (0)      6 :  0.0000 0.0000 0.0000 0.0000 0.0000 0.0109 0.0000 0.0000 0.0000 0.0000 0.0000 0.0000 0.9491 0.0000 0.0000 0.0400 0.0000 0.0000 0.0000 0.0000 
 85       85   (0)      6 :  0.0000 0.0000 0.0000 0.0000 0.0000 0.2073 0.0000 0.1000 0.0000 0.0000 0.0000 0.0000 0.1590 0.0000 0.0189 0.1964 0.0000 0.3184 0.0000 0.0000 
 86       86   (0)      6 :  0.0000 0.0000 0.0000 0.0000 0.0200 0.0845 0.0000 0.0807 0.0200 0.0000 0.0000 0.0000 0.4038 0.0000 0.1014 0.2383 0.0000 0.0513 0.0000 0.0000 
 87       87   (0)      6 :  0.0000 0.0000 0.0000 0.0000 0.0085 0.1180 0.0000 0.0200 0.0000 0.0000 0.0000 0.0077 0.0301 0.0000 0.0084 0.0974 0.0000 0.7100 0.0000 0.0000 
 88       88   (0)      6 :  0.0000 0.0000 0.0000 0.0000 0.0316 0.2848 0.0000 0.0315 0.0000 0.0000 0.0000 0.0080 0.0713 0.0000 0.0339 0.2678 0.0000 0.2711 0.0000 0.0000 
 89       89   (0)      6 :  0.0000 0.0000 0.0000 0.0000 0.0322 0.3114 0.0000 0.0000 0.0000 0.0000 0.0000 0.0200 0.0253 0.0000 0.0200 0.3922 0.0000 0.1989 0.0000 0.0000 
 90       90   (0)      6 :  0.0000 0.8915 0.0000 0.0000 0.0019 0.0386 0.0000 0.0040 0.0000 0.0000 0.0000 0.0029 0.0000 0.0000 0.0022 0.0395 0.0000 0.0195 0.0000 0.0000 
 91       91   (0)      6 :  0.0000 0.0000 0.0000 0.0000 0.0400 0.2897 0.0000 0.0600 0.0200 0.0000 0.0000 0.0000 0.0200 0.0000 0.1679 0.2682 0.0000 0.1342 0.0000 0.0000 
 92       92   (0)      6 :  0.0009 0.0000 0.0087 0.0000 0.0380 0.0000 0.0013 0.0002 0.0000 0.0002 0.0288 0.0003 0.0000 0.0263 0.0000 0.0000 0.0070 0.0000 0.0007 0.8878 
 93       93   (0)      6 :  0.0000 0.0022 0.0015 0.0000 0.0000 0.0000 0.9721 0.0000 0.0000 0.0000 0.0000 0.0000 0.0000 0.0000 0.0200 0.0000 0.0000 0.0042 0.0000 0.0000 
 94       94   (0)      6 :  0.0914 0.0000 0.0636 0.0058 0.2246 0.0000 0.0268 0.0998 0.0000 0.0007 0.0089 0.0005 0.0000 0.1528 0.0237 0.0000 0.0783 0.0000 0.0000 0.2229 
 95       95   (0)      6 :  0.0000 0.0000 0.0082 0.0000 0.0061 0.0000 0.9600 0.0000 0.0028 0.0000 0.0000 0.0000 0.0011 0.0047 0.0000 0.0000 0.0000 0.0000 0.0000 0.0171 
 96       96   (0)      6 :  0.0112 0.0000 0.0106 0.0005 0.0157 0.0153 0.8335 0.0141 0.0058 0.0000 0.0000 0.0000 0.0000 0.0106 0.0414 0.0022 0.0000 0.0022 0.0000 0.0371 
 97       97   (0)      6 :  0.0406 0.0000 0.0325 0.0016 0.1482 0.0000 0.1325 0.0851 0.0000 0.0041 0.0244 0.0243 0.0000 0.2501 0.0102 0.0000 0.1022 0.0000 0.0000 0.1443 
 98       98   (0)      6 :  0.0000 0.0002 0.0000 0.0000 0.0000 0.0000 0.8848 0.0000 0.1042 0.0000 0.0000 0.0000 0.0000 0.0059 0.0036 0.0000 0.0000 0.0000 0.0000 0.0013 
 99       99   (0)      7 :  0.0000 0.0000 0.0000 0.0000 0.0000 0.3843 0.0000 0.0723 0.0090 0.0000 0.0000 0.0000 0.0000 0.0000 0.1000 0.2188 0.0000 0.2155 0.0000 0.0000 
100      100   (0)      7 :  0.0038 0.0006 0.0273 0.0016 0.1313 0.0293 0.1647 0.0922 0.0172 0.0000 0.0003 0.0101 0.0026 0.1647 0.0201 0.0226 0.1581 0.0614 0.0029 0.0893 
101      101   (0)      7 :  0.0000 0.0000 0.0000 0.0000 0.0000 0.0000 0.0200 0.0000 0.9600 0.0000 0.0000 0.0000 0.0000 0.0000 0.0200 0.0000 0.0000 0.0000 0.0000 0.0000 
102      102   (0)      7 :  0.0000 0.0000 0.0000 0.0000 0.0000 0.0000 0.0200 0.0000 0.9600 0.0000 0.0000 0.0000 0.0000 0.0000 0.0200 0.0000 0.0000 0.0000 0.0000 0.0000 
103      103   (0)      7 :  0.0915 0.0000 0.0186 0.0255 0.0974 0.0000 0.0000 0.1285 0.0000 0.0062 0.0080 0.0678 0.0000 0.1868 0.0025 0.0000 0.1928 0.0000 0.0000 0.1744 
104      104   (0)      7 :  0.0068 0.0176 0.0236 0.0236 0.0716 0.0000 0.0000 0.0303 0.0000 0.0031 0.0221 0.0167 0.0000 0.2303 0.0054 0.0000 0.0757 0.0000 0.0003 0.4729 
105      105   (0)      7 :  0.0400 0.0000 0.9200 0.0000 0.0000 0.0000 0.0000 0.0000 0.0000 0.0200 0.0000 0.0000 0.0000 0.0200 0.0000 0.0000 0.0000 0.0000 0.0000 0.0000 
106      106   (0)      7 :  0.0259 0.0000 0.0762 0.0064 0.1715 0.0000 0.0000 0.2496 0.0000 0.0000 0.0038 0.0002 0.0000 0.1503 0.0007 0.0000 0.2181 0.0000 0.0010 0.0962 
107      107   (0)      7 :  0.0179 0.0020 0.0370 0.0102 0.1296 0.0000 0.0000 0.0774 0.0000 0.0255 0.0000 0.0033 0.0000 0.5211 0.0113 0.0000 0.0817 0.0000 0.0001 0.0829 
108      108   (0)      8 :  0.0000 0.0000 0.0000 0.0000 0.0000 0.0000 0.0000 0.0000 0.0000 0.0000 1.0000 0.0000 0.0000 0.0000 0.0000 0.0000 0.0000 0.0000 0.0000 0.0000 
109      109   (0)      8 :  0.0024 0.0000 0.0857 0.0079 0.0521 0.0000 0.0000 0.0517 0.0000 0.0040 0.0225 0.0105 0.0000 0.1006 0.0247 0.0000 0.5727 0.0000 0.0003 0.0648 
110      110   (0)      8 :  0.0000 0.0000 0.0000 0.0600 0.0000 0.0000 0.0000 0.0000 0.0000 0.0200 0.0000 0.9200 0.0000 0.0000 0.0000 0.0000 0.0000 0.0000 0.0000 0.0000 
111      111   (0)      8 :  0.0000 0.0000 0.0200 0.9600 0.0000 0.0000 0.0000 0.0000 0.0000 0.0200 0.0000 0.0000 0.0000 0.0000 0.0000 0.0000 0.0000 0.0000 0.0000 0.0000 
112      112   (0)      8 :  0.0000 0.0000 0.0000 0.0000 0.0000 0.0000 0.0200 0.0000 0.9600 0.0000 0.0000 0.0000 0.0000 0.0000 0.0200 0.0000 0.0000 0.0000 0.0000 0.0000 
113      113   (0)      8 :  0.0000 0.0000 0.0923 0.0018 0.0930 0.0000 0.0000 0.0175 0.0000 0.0000 0.0000 0.0003 0.0000 0.1331 0.0067 0.0000 0.5678 0.0000 0.0000 0.0875 
114      114   (0)      8 :  0.0105 0.0000 0.0009 0.0016 0.2018 0.0000 0.0000 0.0773 0.0000 0.0002 0.0001 0.0265 0.0000 0.1451 0.0068 0.0000 0.4934 0.0000 0.0002 0.0355 
115      115   (0)      8 :  0.0000 0.0000 0.0000 0.0000 0.0000 0.0000 0.0000 0.0000 0.0000 0.0000 1.0000 0.0000 0.0000 0.0000 0.0000 0.0000 0.0000 0.0000 0.0000 0.0000 
116      116   (0)      8 :  0.0000 0.0000 0.0200 0.9600 0.0000 0.0000 0.0000 0.0000 0.0000 0.0200 0.0000 0.0000 0.0000 0.0000 0.0000 0.0000 0.0000 0.0000 0.0000 0.0000 
117      117   (0)      8 :  0.0400 0.0000 0.9164 0.0000 0.0043 0.0000 0.0033 0.0000 0.0000 0.0127 0.0050 0.0000 0.0000 0.0183 0.0000 0.0000 0.0000 0.0000 0.0000 0.0000 
118      118   (0)      8 :  0.0000 0.0007 0.1593 0.0004 0.1680 0.0000 0.0000 0.0882 0.0000 0.0008 0.0016 0.0054 0.0000 0.0560 0.0241 0.0000 0.3483 0.0000 0.0070 0.1404 
119      119   (0)      9 :  0.0000 0.0000 0.0000 0.0000 0.0000 0.1629 0.0000 0.0265 0.0000 0.0000 0.0000 0.0000 0.3112 0.0000 0.0600 0.3153 0.0000 0.1241 0.0000 0.0000 
120      120   (0)     10 :  0.0172 0.0010 0.0062 0.0139 0.1394 0.0000 0.0007 0.0834 0.0373 0.0078 0.0360 0.0000 0.0000 0.4210 0.0014 0.0000 0.2128 0.0000 0.0014 0.0204 
121      121   (0)     10 :  0.0016 0.0000 0.0289 0.0402 0.1858 0.0000 0.0000 0.1985 0.0000 0.0008 0.0000 0.0000 0.0000 0.1554 0.0041 0.0000 0.2477 0.0000 0.0000 0.1369 
122      122   (0)     10 :  0.0130 0.0000 0.0002 0.0001 0.1809 0.0000 0.0000 0.1089 0.0000 0.0051 0.0122 0.0041 0.0000 0.3857 0.0034 0.0000 0.0593 0.0000 0.0000 0.2272 
123      123   (0)     10 :  0.0209 0.0194 0.0623 0.0175 0.1024 0.0097 0.0000 0.0715 0.0051 0.0013 0.0468 0.0216 0.0029 0.2227 0.0172 0.0169 0.0438 0.0176 0.0037 0.2967 
124      124   (0)     10 :  0.0000 0.0028 0.0443 0.0013 0.1145 0.0000 0.0009 0.0500 0.0461 0.0248 0.0032 0.0000 0.0000 0.3214 0.0177 0.0000 0.1889 0.0000 0.0000 0.1841 
125      125   (0)     10 :  0.0570 0.0031 0.0298 0.0037 0.0998 0.0000 0.1418 0.0607 0.0291 0.0198 0.0000 0.0000 0.0000 0.3477 0.0101 0.0000 0.1805 0.0000 0.0006 0.0162 
126      126   (0)     10 :  0.0138 0.0000 0.0842 0.0000 0.2241 0.0000 0.0001 0.0859 0.0084 0.0207 0.0036 0.0000 0.0000 0.2495 0.0237 0.0000 0.1938 0.0000 0.0000 0.0923 
127      127   (0)     10 :  0.0085 0.0000 0.0224 0.0103 0.2375 0.0000 0.0000 0.1213 0.0000 0.0002 0.0167 0.0000 0.0000 0.2932 0.0174 0.0000 0.2416 0.0000 0.0000 0.0309 
128      128   (0)     10 :  0.0067 0.0051 0.0961 0.0285 0.0964 0.0000 0.0003 0.1077 0.0132 0.0140 0.0029 0.0000 0.0000 0.3515 0.0082 0.0000 0.2017 0.0000 0.0064 0.0612 
129      129   (0)     10 :  0.0010 0.0001 0.0457 0.0000 0.0750 0.0000 0.0000 0.0534 0.0000 0.0020 0.0000 0.0000 0.0000 0.7586 0.0200 0.0000 0.0075 0.0000 0.0000 0.0366 
130      130   (0)     10 :  0.0014 0.0000 0.0111 0.0004 0.1420 0.0000 0.0000 0.1491 0.0000 0.0000 0.0000 0.0073 0.0000 0.4427 0.0118 0.0000 0.1683 0.0000 0.0011 0.0648 
131      131   (0)     10 :  0.0524 0.0201 0.0614 0.0280 0.0911 0.0000 0.0005 0.0745 0.0251 0.0007 0.0153 0.0002 0.0000 0.4862 0.0098 0.0000 0.0812 0.0000 0.0016 0.0520 
132      132   (0)     10 :  0.0001 0.0204 0.0131 0.0008 0.1316 0.0000 0.0343 0.0849 0.0482 0.0001 0.0090 0.0004 0.0000 0.3203 0.0174 0.0000 0.1816 0.0000 0.0059 0.1320 
133      133   (0)     10 :  0.0423 0.0044 0.0118 0.0109 0.1324 0.0010 0.0057 0.0791 0.0216 0.0120 0.0238 0.0009 0.0027 0.4718 0.0157 0.0008 0.1417 0.0006 0.0019 0.0188 
134      134   (0)     10 :  0.0008 0.0000 0.0100 0.0007 0.1700 0.0000 0.0156 0.0837 0.0409 0.0007 0.0239 0.0129 0.0000 0.4654 0.0098 0.0003 0.1316 0.0002 0.0000 0.0332 
135      135   (0)     10 :  0.0046 0.0075 0.0406 0.0064 0.1316 0.0000 0.0006 0.0570 0.0280 0.0000 0.0607 0.0185 0.0000 0.3635 0.0118 0.0000 0.2347 0.0000 0.0014 0.0332 
136      136   (0)     10 :  0.0106 0.0000 0.0200 0.0045 0.1931 0.0000 0.0000 0.1147 0.0030 0.0000 0.0025 0.0131 0.0000 0.3527 0.0127 0.0000 0.1763 0.0000 0.0001 0.0966 
137      137   (0)     11 :  0.0000 0.0000 0.0000 0.0000 0.0453 0.2159 0.0017 0.0130 0.0799 0.0000 0.0000 0.0056 0.0520 0.0000 0.0554 0.1435 0.0000 0.3877 0.0000 0.0000 
138      138   (0)     12 :  0.0521 0.0204 0.0253 0.0000 0.0691 0.0000 0.1404 0.1102 0.0386 0.0424 0.0151 0.0005 0.0000 0.1906 0.0159 0.0000 0.1319 0.0000 0.0757 0.0716 
139      139   (0)     12 :  0.0002 0.0000 0.0095 0.0000 0.0311 0.0300 0.3686 0.0286 0.0616 0.0001 0.0000 0.0000 0.0268 0.0237 0.0575 0.1003 0.2189 0.0243 0.0000 0.0187 
140      140   (0)     12 :  0.0000 0.2397 0.0000 0.0000 0.0000 0.0000 0.0011 0.0001 0.0280 0.0001 0.0000 0.0000 0.0000 0.0000 0.0019 0.0000 0.0000 0.0000 0.7291 0.0000 
141      141   (0)     12 :  0.0000 0.0000 0.0000 0.0136 0.0039 0.0000 0.7749 0.0000 0.0000 0.0041 0.0000 0.2034 0.0000 0.0000 0.0000 0.0000 0.0000 0.0000 0.0000 0.0000 
142      142   (0)     12 :  0.0358 0.0048 0.0253 0.0217 0.1098 0.0000 0.0062 0.0620 0.0469 0.0040 0.0027 0.0135 0.0000 0.3314 0.0084 0.0000 0.1963 0.0000 0.0321 0.0993 
143      143   (0)     12 :  0.0991 0.0000 0.0001 0.0037 0.0611 0.0030 0.6668 0.0232 0.0573 0.0000 0.0000 0.0004 0.0000 0.0297 0.0178 0.0000 0.0374 0.0000 0.0005 0.0000 
144      144   (0)     12 :  0.0000 0.0124 0.0165 0.0008 0.1429 0.0002 0.0349 0.0675 0.1118 0.0000 0.0000 0.0090 0.0013 0.2962 0.0229 0.0000 0.1901 0.0001 0.0401 0.0533 
145      145   (0)     12 :  0.0086 0.2367 0.0151 0.0013 0.0466 0.0000 0.0000 0.1506 0.0000 0.0000 0.0016 0.0219 0.0000 0.0234 0.0670 0.0000 0.0565 0.0000 0.2957 0.0750 
146      146   (0)     13 :  0.0000 0.0000 0.0000 0.0000 0.0107 0.0740 0.0000 0.0800 0.0000 0.0000 0.0000 0.0000 0.0438 0.0000 0.0260 0.4584 0.0000 0.3072 0.0000 0.0000 
147      147   (0)     13 :  0.0000 0.0000 0.0000 0.0000 0.0049 0.0721 0.0000 0.0372 0.0000 0.0000 0.0000 0.0000 0.0976 0.0000 0.0417 0.3857 0.0000 0.3608 0.0000 0.0000 
148      148   (0)     13 :  0.0000 0.0000 0.0000 0.0000 0.0000 0.1800 0.0000 0.0800 0.0000 0.0000 0.0000 0.0200 0.0881 0.0000 0.0670 0.2268 0.0000 0.3380 0.0000 0.0000 
149      149   (0)     13 :  0.0000 0.0000 0.0000 0.0000 0.0000 0.0168 0.0000 0.0097 0.0000 0.0000 0.0000 0.0000 0.0392 0.0000 0.0000 0.8887 0.0000 0.0455 0.0000 0.0000 
150      150   (0)     13 :  0.0000 0.0000 0.0000 0.0000 0.0000 0.1356 0.0000 0.0652 0.0000 0.0000 0.0000 0.0000 0.0923 0.0000 0.0279 0.2846 0.0000 0.3944 0.0000 0.0000 
151      151   (0)     14 :  0.0000 0.0000 0.0000 0.0000 0.0000 0.2704 0.0000 0.0019 0.0000 0.0000 0.0000 0.0044 0.1337 0.0000 0.0310 0.1531 0.0000 0.4055 0.0000 0.0000 
152      152   (0)     14 :  0.0298 0.0023 0.0260 0.0076 0.2158 0.0000 0.0000 0.0947 0.0000 0.0059 0.0110 0.0000 0.0000 0.2867 0.0045 0.0000 0.2936 0.0000 0.0033 0.0188 
153      153   (0)     15 :  0.0000 0.0000 0.0000 0.0000 0.0088 0.0000 0.9853 0.0000 0.0000 0.0000 0.0000 0.0000 0.0000 0.0000 0.0000 0.0000 0.0000 0.0059 0.0000 0.0000 
154      154   (0)     15 :  0.0000 0.0000 0.0000 0.0000 0.0000 0.1059 0.0000 0.0300 0.0000 0.0000 0.0000 0.0076 0.2845 0.0000 0.0295 0.3657 0.0000 0.1769 0.0000 0.0000 
155      155   (0)     16 :  0.0000 0.0000 0.0161 0.0249 0.1188 0.0000 0.0251 0.0635 0.0309 0.0001 0.0091 0.0019 0.0000 0.3983 0.0117 0.0000 0.2521 0.0000 0.0042 0.0432 
156      156   (0)     16 :  0.0000 0.0361 0.0533 0.0358 0.1342 0.0000 0.0000 0.0628 0.0016 0.0018 0.0076 0.0588 0.0000 0.3953 0.0000 0.0000 0.1232 0.0000 0.0000 0.0896 
157      157   (0)     17 :  0.0010 0.0002 0.0000 0.0000 0.0000 0.0000 0.9037 0.0034 0.0614 0.0000 0.0002 0.0036 0.0000 0.0000 0.0200 0.0017 0.0000 0.0028 0.0019 0.0000 
158      158   (0)     17 :  0.0000 0.9999 0.0000 0.0000 0.0000 0.0000 0.0000 0.0000 0.0001 0.0000 0.0000 0.0000 0.0000 0.0000 0.0000 0.0000 0.0000 0.0000 0.0000 0.0000 
159      159   (0)     18 :  0.0580 0.0001 0.0514 0.0008 0.1848 0.0000 0.0000 0.0671 0.0093 0.0000 0.0014 0.0005 0.0000 0.3067 0.0160 0.0000 0.2072 0.0000 0.0000 0.0965 
160      160   (0)     18 :  0.0011 0.0000 0.0767 0.0078 0.1664 0.0000 0.0000 0.1168 0.0000 0.0043 0.0041 0.0316 0.0000 0.1243 0.0176 0.0000 0.3988 0.0000 0.0000 0.0504 
161      161   (0)     18 :  0.0129 0.0000 0.0292 0.0010 0.1660 0.0000 0.0000 0.1361 0.0000 0.0313 0.0031 0.0111 0.0000 0.1722 0.0015 0.0000 0.3058 0.0000 0.0000 0.1298 
162      162   (0)     19 :  0.0948 0.0000 0.0814 0.1036 0.1029 0.0000 0.0575 0.0775 0.0236 0.0019 0.0161 0.0000 0.0000 0.2497 0.0133 0.0000 0.1239 0.0000 0.0000 0.0536 
163      163   (0)     19 :  0.0000 0.0000 0.0000 0.0058 0.0150 0.0185 0.1737 0.0037 0.1752 0.0000 0.0112 0.0000 0.0271 0.0192 0.0311 0.0391 0.0053 0.0258 0.0000 0.4495 
164      164   (0)     19 :  0.0007 0.0000 0.0006 0.0002 0.0156 0.0000 0.0000 0.0014 0.0000 0.0003 0.0861 0.0009 0.0000 0.0432 0.0000 0.0000 0.0144 0.0000 0.0003 0.8363 
