 1        1   (0)      1 :  0.0505 0.0002 0.1034 0.1097 0.0169 0.2830 0.1006 0.0971 0.1150 0.1234 
 2        2   (0)      1 :  0.0773 0.0093 0.0000 0.0785 0.0921 0.4316 0.1966 0.0551 0.0594 0.0001 
 3        3   (0)      1 :  0.0359 0.0106 0.0200 0.0644 0.0084 0.1742 0.2191 0.1581 0.3093 0.0000 
 4        4   (0)      1 :  0.1044 0.0152 0.0865 0.1338 0.0751 0.1104 0.0530 0.0318 0.3686 0.0211 
 5        5   (0)      1 :  0.2364 0.0017 0.0960 0.1906 0.0237 0.0895 0.1225 0.1385 0.0710 0.0301 
 6        6   (0)      1 :  0.2246 0.0195 0.0102 0.0520 0.0052 0.2179 0.1860 0.0821 0.1658 0.0366 
 7        7   (0)      1 :  0.2814 0.0071 0.0518 0.1108 0.0014 0.1148 0.2232 0.0635 0.1461 0.0000 
 8        8   (0)      2 :  0.3162 0.0000 0.1489 0.1148 0.0508 0.1412 0.0983 0.0465 0.0833 0.0000 
 9        9   (0)      2 :  0.0000 0.0000 1.0000 0.0000 0.0000 0.0000 0.0000 0.0000 0.0000 0.0000 
10       10   (0)      2 :  0.0000 0.0000 1.0000 0.0000 0.0000 0.0000 0.0000 0.0000 0.0000 0.0000 
11       11   (0)      2 :  0.0000 0.0000 0.9146 0.0000 0.0000 0.0000 0.0000 0.0000 0.0000 0.0854 
12       12   (0)      2 :  0.0417 0.0536 0.0038 0.1267 0.0251 0.3525 0.1064 0.0531 0.2371 0.0000 
13       13   (0)      2 :  0.2410 0.0000 0.0431 0.0832 0.0286 0.0858 0.3350 0.0466 0.1367 0.0000 
14       14   (0)      3 :  0.2695 0.0000 0.0424 0.1116 0.0000 0.2068 0.1071 0.0355 0.2271 0.0000 
15       15   (0)      3 :  0.0162 0.0038 0.0168 0.1025 0.0082 0.5791 0.0513 0.0603 0.1531 0.0086 
16       16   (0)      3 :  0.0344 0.0000 0.0000 0.0510 0.0442 0.2540 0.0709 0.0255 0.5200 0.0000 
17       17   (0)      3 :  0.1832 0.0043 0.0200 0.1833 0.0217 0.0409 0.1211 0.0865 0.3390 0.0000 
18       18   (0)      4 :  0.2219 0.0162 0.0094 0.1053 0.0546 0.1001 0.2635 0.0492 0.1784 0.0015 
19       19   (0)      4 :  0.1665 0.0000 0.0425 0.1105 0.0200 0.3239 0.2493 0.0446 0.0366 0.0064 
20       20   (0)      4 :  0.1147 0.0000 0.0101 0.1228 0.0064 0.1130 0.1275 0.3799 0.1247 0.0010 
21       21   (0)      4 :  0.1832 0.0009 0.0574 0.0831 0.0236 0.1283 0.2633 0.0227 0.2367 0.0009 
22       22   (0)      4 :  0.1428 0.0048 0.0271 0.0797 0.0033 0.1753 0.2916 0.1531 0.1225 0.0000 
23       23   (0)      4 :  0.0315 0.0026 0.0837 0.3314 0.0003 0.1100 0.0526 0.1057 0.2820 0.0004 
24       24   (0)      4 :  0.2187 0.0000 0.0541 0.0407 0.0200 0.0526 0.2694 0.0727 0.2718 0.0000 
25       25   (0)      4 :  0.3712 0.0001 0.0144 0.1608 0.0027 0.0607 0.1805 0.1318 0.0778 0.0000 
26       26   (0)      4 :  0.3165 0.0000 0.1126 0.1985 0.0214 0.0517 0.1854 0.0308 0.0595 0.0236 
27       27   (0)      4 :  0.2255 0.0014 0.0154 0.2084 0.0058 0.1692 0.0613 0.0354 0.2773 0.0002 
28       28   (0)      4 :  0.1268 0.0231 0.0674 0.0567 0.0932 0.1430 0.1932 0.1424 0.1483 0.0060 
29       29   (0)      4 :  0.3983 0.0029 0.0963 0.0922 0.0375 0.1578 0.1122 0.0301 0.0569 0.0157 
30       30   (0)      4 :  0.2461 0.0086 0.0423 0.0343 0.0093 0.2275 0.2094 0.1112 0.1112 0.0000 
31       31   (0)      4 :  0.0490 0.0000 0.0000 0.0031 0.0000 0.0918 0.0340 0.0600 0.7621 0.0000 
32       32   (0)      4 :  0.2258 0.0000 0.0627 0.2679 0.0000 0.0494 0.0914 0.0257 0.2771 0.0000 
33       33   (0)      4 :  0.1359 0.0329 0.2346 0.0711 0.0050 0.1006 0.1707 0.0400 0.2093 0.0000 
34       34   (0)      5 :  0.3061 0.0000 0.0408 0.0849 0.0183 0.0791 0.2762 0.0861 0.0997 0.0090 
35       35   (0)      6 :  0.0263 0.0210 0.0764 0.1038 0.1234 0.3821 0.1449 0.0448 0.0683 0.0090 
36       36   (0)      6 :  0.0815 0.0001 0.0783 0.1890 0.0515 0.4666 0.0808 0.0082 0.0439 0.0000 
37       37   (0)      6 :  0.0000 0.0000 0.0000 0.0000 1.0000 0.0000 0.0000 0.0000 0.0000 0.0000 
38       38   (0)      6 :  0.1911 0.0000 0.2307 0.2080 0.0020 0.1285 0.1334 0.0512 0.0551 0.0000 
39       39   (0)      6 :  0.3655 0.0000 0.0000 0.1085 0.0031 0.1006 0.2760 0.1064 0.0400 0.0000 
40       40   (0)      6 :  0.2236 0.0005 0.0233 0.2221 0.0434 0.0514 0.1906 0.0134 0.2139 0.0178 
41       41   (0)      6 :  0.0000 0.0000 0.0000 0.0000 0.0000 0.0000 0.0000 0.0000 0.0000 1.0000 
42       42   (0)      6 :  0.1414 0.0000 0.0796 0.1219 0.0249 0.0853 0.2068 0.0948 0.2380 0.0071 
43       43   (0)      6 :  0.0254 0.0041 0.0511 0.1321 0.0232 0.4588 0.0580 0.0923 0.1545 0.0006 
44       44   (0)      6 :  0.2652 0.0033 0.0667 0.1214 0.0071 0.1433 0.1306 0.1287 0.1102 0.0235 
45       45   (0)      6 :  0.0795 0.0094 0.0408 0.1100 0.0503 0.2174 0.2470 0.1689 0.0765 0.0000 
46       46   (0)      6 :  0.0000 1.0000 0.0000 0.0000 0.0000 0.0000 0.0000 0.0000 0.0000 0.0000 
47       47   (0)      6 :  0.0114 0.0023 0.1077 0.0647 0.0000 0.6390 0.0419 0.0978 0.0339 0.0013 
48       48   (0)      6 :  0.1099 0.0107 0.0149 0.2712 0.0469 0.1973 0.1744 0.0404 0.1342 0.0000 
49       49   (0)      6 :  0.0000 0.0000 0.0000 0.0000 0.0000 0.0000 0.0000 0.0000 0.0000 1.0000 
50       50   (0)      6 :  0.2771 0.0000 0.0278 0.2034 0.0731 0.0306 0.1730 0.0695 0.1455 0.0000 
51       51   (0)      6 :  0.2070 0.0129 0.1231 0.1214 0.0438 0.1408 0.1384 0.0952 0.0572 0.0602 
52       52   (0)      6 :  0.0000 1.0000 0.0000 0.0000 0.0000 0.0000 0.0000 0.0000 0.0000 0.0000 
53       53   (0)      6 :  0.2643 0.0000 0.0477 0.1835 0.0214 0.0746 0.1595 0.0800 0.1690 0.0000 
54       54   (0)      6 :  0.3314 0.0020 0.0433 0.1964 0.0200 0.0076 0.2875 0.0995 0.0124 0.0000 
55       55   (0)      6 :  0.0063 0.0021 0.0548 0.3522 0.0548 0.1381 0.1219 0.0965 0.1732 0.0001 
56       56   (0)      6 :  0.0844 0.0009 0.1778 0.1363 0.0242 0.1085 0.3125 0.0739 0.0747 0.0069 
57       57   (0)      6 :  0.8960 0.0000 0.0000 0.0315 0.0400 0.0000 0.0215 0.0035 0.0075 0.0000 
58       58   (0)      7 :  0.0346 0.0000 0.0742 0.3614 0.0034 0.0194 0.1134 0.3502 0.0434 0.0000 
59       59   (0)      7 :  0.0603 0.0000 0.0212 0.2389 0.0225 0.2304 0.1086 0.0596 0.2585 0.0000 
60       60   (0)      7 :  0.0809 0.0027 0.0442 0.2109 0.0287 0.4154 0.0808 0.1005 0.0343 0.0017 
61       61   (0)      7 :  0.3560 0.0000 0.2879 0.0836 0.0121 0.0039 0.1639 0.0229 0.0697 0.0000 
62       62   (0)      7 :  0.0000 0.0000 0.0000 0.0000 1.0000 0.0000 0.0000 0.0000 0.0000 0.0000 
63       63   (0)      7 :  0.0751 0.0000 0.1819 0.1538 0.0000 0.1685 0.1296 0.2059 0.0799 0.0053 
64       64   (0)      8 :  0.2590 0.0108 0.0351 0.0874 0.0392 0.1841 0.1935 0.0050 0.1824 0.0035 
65       65   (0)      8 :  0.0592 0.0152 0.1778 0.2245 0.0130 0.1564 0.1718 0.0969 0.0843 0.0008 
66       66   (0)      9 :  0.1205 0.0002 0.0586 0.1044 0.0121 0.1353 0.3482 0.0904 0.1303 0.0000 
67       67   (0)     10 :  0.0288 0.0000 0.0332 0.0916 0.0368 0.2311 0.1903 0.1117 0.2671 0.0093 
68       68   (0)     10 :  0.1692 0.0076 0.0480 0.0649 0.0050 0.1974 0.1537 0.1353 0.2188 0.0000 
69       69   (0)     10 :  0.1471 0.0329 0.0154 0.0757 0.0290 0.0385 0.2599 0.2712 0.1303 0.0000 
70       70   (0)     10 :  0.1723 0.0068 0.1036 0.1377 0.0133 0.0803 0.2423 0.1695 0.0743 0.0000 
71       71   (0)     10 :  0.1353 0.0000 0.1653 0.3086 0.0006 0.0273 0.1764 0.0194 0.1671 0.0000 
72       72   (0)     10 :  0.2829 0.0000 0.1216 0.1476 0.0021 0.0677 0.2864 0.0082 0.0828 0.0006 
73       73   (0)     10 :  0.3001 0.0034 0.0858 0.2113 0.0227 0.0792 0.1381 0.1003 0.0506 0.0087 
74       74   (0)     10 :  0.0000 0.0000 0.0800 0.0000 0.0200 0.0000 0.0000 0.9000 0.0000 0.0000 
75       75   (0)     10 :  0.2131 0.0057 0.0065 0.1617 0.0139 0.0259 0.2950 0.0838 0.1945 0.0000 
76       76   (0)     10 :  0.0000 0.0000 0.0800 0.0000 0.0400 0.0000 0.0200 0.8600 0.0000 0.0000 
