Sat Nov 15 04:15:30 2025: Job 1763151095 started running.
Sat Nov 15 04:15:30 2025: Job Parameters:
Sat Nov 15 04:15:30 2025: Input file: 1763151095.zip
Sat Nov 15 04:15:30 2025: Input type: ADMIXTURE
Sat Nov 15 04:15:30 2025: Admixture populations file: 1763151095.pop.admixlabel
Sat Nov 15 04:15:30 2025: CLUMPP repeats: 2000
Sat Nov 15 04:15:30 2025: CLUMPP search method: LargeKGreedy 
Sat Nov 15 04:15:30 2025: MCL cluster size threshold: 0.1 (default)
Sat Nov 15 04:15:30 2025: Extracting file: "1763151095.zip".
Sat Nov 15 04:15:32 2025: Sorting input files by K
Sat Nov 15 04:15:32 2025: Working on K=1
Sat Nov 15 04:15:32 2025: Executing CLUMPP for K=1.
Sat Nov 15 04:15:32 2025: Clustering K=1 with mcl.
Sat Nov 15 04:15:33 2025: no cutoff was used
Sat Nov 15 04:15:33 2025: Executing CLUMPP for major cluster.
Sat Nov 15 04:15:33 2025: Working on K=2
Sat Nov 15 04:15:33 2025: Executing CLUMPP for K=2.
Sat Nov 15 04:15:37 2025: Clustering K=2 with mcl.
Sat Nov 15 04:15:37 2025: cutoff used: 0.83
Sat Nov 15 04:15:37 2025: Executing CLUMPP for major cluster.
Sat Nov 15 04:15:39 2025: Executing CLUMPP for minor clusters.
Sat Nov 15 04:15:40 2025: Working on K=3
Sat Nov 15 04:15:40 2025: Executing CLUMPP for K=3.
Sat Nov 15 04:15:49 2025: Clustering K=3 with mcl.
Sat Nov 15 04:15:49 2025: cutoff used: 0.64
Sat Nov 15 04:15:49 2025: Executing CLUMPP for major cluster.
Sat Nov 15 04:15:54 2025: Executing CLUMPP for minor clusters.
Sat Nov 15 04:15:55 2025: Working on K=4
Sat Nov 15 04:15:55 2025: Executing CLUMPP for K=4.
Sat Nov 15 04:16:09 2025: Clustering K=4 with mcl.
Sat Nov 15 04:16:09 2025: cutoff used: 0.61
Sat Nov 15 04:16:09 2025: Executing CLUMPP for major cluster.
Sat Nov 15 04:16:24 2025: Working on K=5
Sat Nov 15 04:16:24 2025: Executing CLUMPP for K=5.
Sat Nov 15 04:16:47 2025: Clustering K=5 with mcl.
Sat Nov 15 04:16:47 2025: cutoff used: 0.51
Sat Nov 15 04:16:47 2025: Executing CLUMPP for major cluster.
Sat Nov 15 04:17:09 2025: Working on K=6
Sat Nov 15 04:17:09 2025: Executing CLUMPP for K=6.
Sat Nov 15 04:17:40 2025: Clustering K=6 with mcl.
Sat Nov 15 04:17:40 2025: cutoff used: 0.50
Sat Nov 15 04:17:40 2025: Executing CLUMPP for major cluster.
Sat Nov 15 04:18:03 2025: Working on K=7
Sat Nov 15 04:18:03 2025: Executing CLUMPP for K=7.
Sat Nov 15 04:18:43 2025: Clustering K=7 with mcl.
Sat Nov 15 04:18:43 2025: cutoff used: 0.50
Sat Nov 15 04:18:43 2025: Executing CLUMPP for major cluster.
Sat Nov 15 04:18:54 2025: Executing CLUMPP for minor clusters.
Sat Nov 15 04:18:56 2025: Working on K=8
Sat Nov 15 04:18:56 2025: Executing CLUMPP for K=8.
Sat Nov 15 04:19:48 2025: Clustering K=8 with mcl.
Sat Nov 15 04:19:48 2025: cutoff used: 0.50
Sat Nov 15 04:19:48 2025: Executing CLUMPP for major cluster.
Sat Nov 15 04:19:51 2025: Executing CLUMPP for minor clusters.
Sat Nov 15 04:19:54 2025: Working on K=9
Sat Nov 15 04:19:55 2025: Executing CLUMPP for K=9.
Sat Nov 15 04:21:00 2025: Clustering K=9 with mcl.
Sat Nov 15 04:21:00 2025: cutoff used: 0.50
Sat Nov 15 04:21:00 2025: Executing CLUMPP for major cluster.
Sat Nov 15 04:21:01 2025: Working on K=10
Sat Nov 15 04:21:01 2025: Executing CLUMPP for K=10.
Sat Nov 15 04:22:21 2025: Clustering K=10 with mcl.
Sat Nov 15 04:22:21 2025: cutoff used: 0.50
Sat Nov 15 04:22:21 2025: Executing CLUMPP for major cluster.
Sat Nov 15 04:22:21 2025: Working on K=11
Sat Nov 15 04:22:21 2025: Executing CLUMPP for K=11.
Sat Nov 15 04:23:58 2025: Clustering K=11 with mcl.
Sat Nov 15 04:23:58 2025: cutoff used: 0.50
Sat Nov 15 04:23:58 2025: Executing CLUMPP for major cluster.
Sat Nov 15 04:23:58 2025: Working on K=12
Sat Nov 15 04:23:58 2025: Executing CLUMPP for K=12.
Sat Nov 15 04:25:53 2025: Clustering K=12 with mcl.
Sat Nov 15 04:25:53 2025: cutoff used: 0.50
Sat Nov 15 04:25:53 2025: Executing CLUMPP for major cluster.
Sat Nov 15 04:25:53 2025: Working on K=13
Sat Nov 15 04:25:53 2025: Executing CLUMPP for K=13.
Sat Nov 15 04:28:06 2025: Clustering K=13 with mcl.
Sat Nov 15 04:28:06 2025: cutoff used: 0.50
Sat Nov 15 04:28:06 2025: Executing CLUMPP for major cluster.
Sat Nov 15 04:28:06 2025: Working on K=14
Sat Nov 15 04:28:06 2025: Executing CLUMPP for K=14.
Sat Nov 15 04:30:41 2025: Clustering K=14 with mcl.
Sat Nov 15 04:30:41 2025: cutoff used: 0.50
Sat Nov 15 04:30:41 2025: Executing CLUMPP for major cluster.
Sat Nov 15 04:30:41 2025: Calling distruct for K=1.MajorCluster
Sat Nov 15 04:30:41 2025: Calculating best Average Distance between K=1 and K=2..
Sat Nov 15 04:30:41 2025: Calling distruct for K=2.MajorCluster
Sat Nov 15 04:30:42 2025: Calculating best Average Distance between K=2 and K=3..
Sat Nov 15 04:30:42 2025: Calling distruct for K=3.MajorCluster
Sat Nov 15 04:30:43 2025: Calculating best Average Distance between K=3 and K=4..
Sat Nov 15 04:30:43 2025: Calling distruct for K=4.MajorCluster
Sat Nov 15 04:30:43 2025: Calculating best Average Distance between K=4 and K=5..
Sat Nov 15 04:30:43 2025: Calling distruct for K=5.MajorCluster
Sat Nov 15 04:30:44 2025: Calculating best Average Distance between K=5 and K=6..
Sat Nov 15 04:30:44 2025: Calling distruct for K=6.MajorCluster
Sat Nov 15 04:30:45 2025: Calculating best Average Distance between K=6 and K=7..
Sat Nov 15 04:30:48 2025: Calling distruct for K=7.MajorCluster
Sat Nov 15 04:30:48 2025: Calculating best Average Distance between K=7 and K=8..
Sat Nov 15 04:31:11 2025: Calling distruct for K=8.MajorCluster
Sat Nov 15 04:31:11 2025: Calculating best Average Distance between K=8 and K=9..
Sat Nov 15 04:31:11 2025: Calling distruct for K=9.MajorCluster
Sat Nov 15 04:31:12 2025: Calculating best Average Distance between K=9 and K=10..
Sat Nov 15 04:31:12 2025: Calling distruct for K=10.MajorCluster
Sat Nov 15 04:31:13 2025: Calculating best Average Distance between K=10 and K=11..
Sat Nov 15 04:31:13 2025: Calling distruct for K=11.MajorCluster
Sat Nov 15 04:31:13 2025: Calculating best Average Distance between K=11 and K=12..
Sat Nov 15 04:31:13 2025: Calling distruct for K=12.MajorCluster
Sat Nov 15 04:31:14 2025: Calculating best Average Distance between K=12 and K=13..
Sat Nov 15 04:31:14 2025: Calling distruct for K=13.MajorCluster
Sat Nov 15 04:31:14 2025: Calculating best Average Distance between K=13 and K=14..
Sat Nov 15 04:31:14 2025: Calling distruct for K=14.MajorCluster
Sat Nov 15 04:31:15 2025: Calculating best Average Distance between large cluster and K=2.MinorCluster1..
Sat Nov 15 04:31:15 2025: Calling distruct for K=2.MinorCluster1
Sat Nov 15 04:31:16 2025: Calculating best Average Distance between large cluster and K=3.MinorCluster1..
Sat Nov 15 04:31:16 2025: Calling distruct for K=3.MinorCluster1
Sat Nov 15 04:31:16 2025: Calculating best Average Distance between large cluster and K=7.MinorCluster1..
Sat Nov 15 04:31:19 2025: Calling distruct for K=7.MinorCluster1
Sat Nov 15 04:31:20 2025: Calculating best Average Distance between large cluster and K=7.MinorCluster2..
Sat Nov 15 04:31:22 2025: Calling distruct for K=7.MinorCluster2
Sat Nov 15 04:31:23 2025: Calculating best Average Distance between large cluster and K=7.MinorCluster3..
Sat Nov 15 04:31:26 2025: Calling distruct for K=7.MinorCluster3
Sat Nov 15 04:31:26 2025: Calculating best Average Distance between large cluster and K=8.MinorCluster1..
Sat Nov 15 04:31:49 2025: Calling distruct for K=8.MinorCluster1
Sat Nov 15 04:31:50 2025: Calculating best Average Distance between large cluster and K=8.MinorCluster2..
Sat Nov 15 04:32:12 2025: Calling distruct for K=8.MinorCluster2
Sat Nov 15 04:32:13 2025: Creating job summary PDF
Sat Nov 15 04:32:13 2025: Creating job zip file
