1        1   (0)      1  : 0.2163 0.0000 0.0001 0.7638 0.0014 0.0135 0.0048 0.0000
2        2   (0)      1  : 0.0107 0.0000 0.0211 0.7594 0.0982 0.0551 0.0555 0.0000
3        3   (0)      1  : 0.0000 0.0000 0.0000 1.0000 0.0000 0.0000 0.0000 0.0000
4        4   (0)      1  : 0.0000 0.0000 0.0000 0.9333 0.0000 0.0667 0.0000 0.0000
5        5   (0)      1  : 0.5330 0.0000 0.1368 0.1884 0.0302 0.1058 0.0057 0.0000
6        6   (0)      1  : 0.6983 0.0000 0.1072 0.0809 0.0303 0.0609 0.0225 0.0000
7        7   (0)      1  : 0.8850 0.0000 0.0000 0.0121 0.0325 0.0004 0.0701 0.0000
8        8   (0)      1  : 0.5707 0.0000 0.0994 0.2130 0.0254 0.0813 0.0103 0.0000
9        9   (0)      1  : 0.0000 0.0000 0.0000 0.9333 0.0000 0.0667 0.0000 0.0000
10       10   (0)      1  : 0.8816 0.0000 0.0000 0.0000 0.0287 0.0043 0.0854 0.0000
11       11   (0)      1  : 0.8278 0.0000 0.0000 0.0003 0.0601 0.0041 0.1076 0.0000
12       12   (0)      1  : 0.1333 0.0000 0.0000 0.0000 0.2667 0.0000 0.6000 0.0000
13       13   (0)      1  : 0.8820 0.0000 0.0000 0.0000 0.0289 0.0036 0.0854 0.0000
14       14   (0)      1  : 0.4601 0.0064 0.1026 0.1666 0.0364 0.1106 0.0869 0.0304
15       15   (0)      1  : 0.0000 0.0000 1.0000 0.0000 0.0000 0.0000 0.0000 0.0000
16       16   (0)      1  : 0.0000 0.0000 0.0000 1.0000 0.0000 0.0000 0.0000 0.0000
17       17   (0)      1  : 0.0000 0.0000 0.0000 1.0000 0.0000 0.0000 0.0000 0.0000
18       18   (0)      1  : 0.1272 0.0000 0.0000 0.0000 0.0000 0.0667 0.8061 0.0000
19       19   (0)      1  : 0.8494 0.0000 0.0000 0.0135 0.0731 0.0032 0.0608 0.0000
20       20   (0)      1  : 0.8806 0.0000 0.0000 0.0016 0.0439 0.0014 0.0725 0.0000
21       21   (0)      1  : 0.0000 0.0000 0.0000 1.0000 0.0000 0.0000 0.0000 0.0000
22       22   (0)      1  : 0.0000 0.0000 1.0000 0.0000 0.0000 0.0000 0.0000 0.0000
23       23   (0)      1  : 0.8624 0.0000 0.0064 0.0164 0.0588 0.0021 0.0539 0.0000
24       24   (0)      2  : 0.0000 0.0000 0.0000 1.0000 0.0000 0.0000 0.0000 0.0000
25       25   (0)      2  : 0.9872 0.0000 0.0000 0.0000 0.0003 0.0000 0.0125 0.0000
26       26   (0)      2  : 0.2920 0.0000 0.0000 0.6718 0.0067 0.0167 0.0128 0.0000
27       27   (0)      2  : 0.7862 0.0000 0.0000 0.0488 0.0445 0.0068 0.1137 0.0000
28       28   (0)      2  : 0.8732 0.0000 0.0229 0.0534 0.0090 0.0166 0.0249 0.0000
29       29   (0)      2  : 0.7843 0.0000 0.0000 0.0602 0.0739 0.0040 0.0776 0.0000
30       30   (0)      2  : 0.0000 0.2164 0.0000 0.0000 0.0000 0.0000 0.0000 0.7836
31       31   (0)      2  : 0.8440 0.0000 0.0093 0.0318 0.0186 0.0190 0.0771 0.0000
32       32   (0)      2  : 0.0000 0.0000 0.0000 1.0000 0.0000 0.0000 0.0000 0.0000
33       33   (0)      2  : 0.1278 0.0000 0.0000 0.0000 0.0000 0.0667 0.8055 0.0000
34       34   (0)      2  : 0.9409 0.0000 0.0000 0.0007 0.0182 0.0013 0.0389 0.0000
35       35   (0)      2  : 0.7945 0.0000 0.0259 0.0321 0.0604 0.0034 0.0837 0.0000
36       36   (0)      2  : 0.0000 0.0000 0.0000 0.9333 0.0000 0.0667 0.0000 0.0000
37       37   (0)      3  : 0.8611 0.0000 0.0033 0.0212 0.0556 0.0010 0.0578 0.0000
38       38   (0)      3  : 0.6415 0.0000 0.0000 0.0518 0.2526 0.0069 0.0472 0.0000
39       39   (0)      3  : 0.9182 0.0000 0.0000 0.0120 0.0418 0.0013 0.0267 0.0000
40       40   (0)      3  : 0.8640 0.0000 0.0002 0.0303 0.0363 0.0008 0.0684 0.0000
41       41   (0)      3  : 0.8979 0.0000 0.0000 0.0163 0.0460 0.0043 0.0355 0.0000
42       42   (0)      4  : 0.0000 0.7821 0.0000 0.0000 0.0000 0.0000 0.0000 0.2179
43       43   (0)      4  : 0.8931 0.0019 0.0000 0.0004 0.0340 0.0283 0.0421 0.0003
44       44   (0)      4  : 0.0000 0.6811 0.0000 0.0000 0.0000 0.0000 0.0000 0.3189
45       45   (0)      4  : 0.0000 0.5323 0.0000 0.0000 0.0000 0.0000 0.0000 0.4677
46       46   (0)      4  : 0.8708 0.0139 0.0133 0.0441 0.0114 0.0014 0.0335 0.0115
47       47   (0)      4  : 0.9712 0.0000 0.0000 0.0000 0.0016 0.0001 0.0271 0.0000
48       48   (0)      4  : 0.8654 0.0000 0.0000 0.0000 0.0365 0.0032 0.0948 0.0000
49       49   (0)      4  : 0.9410 0.0000 0.0000 0.0093 0.0059 0.0016 0.0422 0.0000
50       50   (0)      4  : 0.9681 0.0000 0.0000 0.0000 0.0102 0.0009 0.0208 0.0000
51       51   (0)      4  : 0.3473 0.0951 0.0510 0.0012 0.0001 0.2435 0.0028 0.2590
52       52   (0)      4  : 0.8614 0.0106 0.0000 0.0023 0.0170 0.0354 0.0633 0.0100
53       53   (0)      4  : 0.9085 0.0006 0.0000 0.0000 0.0308 0.0017 0.0502 0.0082
54       54   (0)      4  : 0.8789 0.0217 0.0122 0.0097 0.0495 0.0002 0.0169 0.0110
55       55   (0)      4  : 0.9492 0.0000 0.0000 0.0008 0.0205 0.0011 0.0284 0.0000
56       56   (0)      4  : 0.0000 0.8321 0.0000 0.0000 0.0000 0.0000 0.0000 0.1679
57       57   (0)      5  : 0.9149 0.0000 0.0000 0.0150 0.0161 0.0023 0.0517 0.0000
58       58   (0)      5  : 0.8776 0.0000 0.0000 0.0046 0.0302 0.0066 0.0809 0.0000
59       59   (0)      5  : 0.0000 0.9249 0.0000 0.0000 0.0000 0.0000 0.0000 0.0751
60       60   (0)      5  : 0.9042 0.0000 0.0000 0.0000 0.0256 0.0005 0.0697 0.0000
61       61   (0)      5  : 0.2907 0.2113 0.0963 0.0028 0.0761 0.0639 0.0074 0.2514
62       62   (0)      5  : 0.0000 0.4900 0.0000 0.0000 0.0000 0.0000 0.0000 0.5100
63       63   (0)      5  : 0.6758 0.0590 0.0094 0.0408 0.0311 0.0422 0.0276 0.1141
64       64   (0)      5  : 0.8424 0.0000 0.0000 0.0000 0.0836 0.0004 0.0735 0.0000
65       65   (0)      5  : 0.9520 0.0000 0.0000 0.0000 0.0062 0.0015 0.0404 0.0000
66       66   (0)      5  : 0.9323 0.0000 0.0000 0.0289 0.0191 0.0004 0.0192 0.0000
67       67   (0)      5  : 0.1354 0.1848 0.0340 0.0000 0.0004 0.0927 0.0000 0.5527
68       68   (0)      5  : 0.0000 0.7689 0.0000 0.0000 0.0000 0.0000 0.0000 0.2311
69       69   (0)      5  : 0.6180 0.0406 0.0047 0.0274 0.0787 0.0114 0.0275 0.1918
70       70   (0)      5  : 0.0000 0.2000 0.0000 0.0000 0.0000 0.0000 0.0000 0.8000
71       71   (0)      5  : 0.0000 0.4170 0.0000 0.0000 0.0000 0.0000 0.0000 0.5830
72       72   (0)      5  : 0.8024 0.0542 0.0036 0.0134 0.0142 0.0038 0.0465 0.0620
73       73   (0)      5  : 0.8676 0.0000 0.0000 0.0370 0.0420 0.0008 0.0525 0.0000
74       74   (0)      5  : 0.0000 0.9880 0.0000 0.0000 0.0000 0.0000 0.0000 0.0120
75       75   (0)      6  : 0.0000 0.4731 0.0000 0.0000 0.0000 0.0000 0.0000 0.5269
76       76   (0)      6  : 0.8383 0.0105 0.0133 0.0136 0.0098 0.0230 0.0551 0.0364
77       77   (0)      6  : 0.0000 0.7246 0.0000 0.0000 0.0000 0.0000 0.0000 0.2754
78       78   (0)      6  : 0.0000 0.9442 0.0000 0.0000 0.0000 0.0000 0.0000 0.0558
79       79   (0)      6  : 0.0000 0.4438 0.0000 0.0000 0.0000 0.0000 0.0000 0.5562
80       80   (0)      6  : 0.0000 0.0000 0.0019 0.9849 0.0000 0.0132 0.0000 0.0000
81       81   (0)      6  : 0.0000 0.2635 0.0000 0.0000 0.0000 0.0000 0.0000 0.7365
82       82   (0)      6  : 0.0000 0.1869 0.0000 0.0000 0.0000 0.0000 0.0000 0.8131
83       83   (0)      6  : 0.0000 0.0107 0.0044 0.0000 0.0000 0.0000 0.0000 0.9849
84       84   (0)      6  : 0.0000 0.0000 0.0000 0.0000 0.0000 0.0000 0.0000 1.0000
85       85   (0)      6  : 0.0000 0.4042 0.0000 0.0000 0.0000 0.0000 0.0000 0.5958
86       86   (0)      6  : 0.0000 0.0398 0.0000 0.0000 0.0000 0.0000 0.0000 0.9602
87       87   (0)      6  : 0.0000 0.9805 0.0000 0.0000 0.0000 0.0000 0.0000 0.0195
88       88   (0)      6  : 0.0000 0.7760 0.0000 0.0000 0.0000 0.0000 0.0000 0.2240
89       89   (0)      6  : 0.0000 0.4985 0.0000 0.0000 0.0000 0.0000 0.0000 0.5015
90       90   (0)      6  : 0.0000 0.0701 0.0000 0.8052 0.0000 0.0604 0.0000 0.0643
91       91   (0)      6  : 0.0000 0.8667 0.0000 0.0000 0.0000 0.0000 0.0000 0.1333
92       92   (0)      6  : 0.7479 0.0000 0.0002 0.0250 0.1561 0.0330 0.0378 0.0000
93       93   (0)      6  : 0.0000 0.0271 0.0828 0.0087 0.0000 0.8801 0.0013 0.0000
94       94   (0)      6  : 0.8647 0.0000 0.0000 0.0000 0.0451 0.0583 0.0318 0.0000
95       95   (0)      6  : 0.0540 0.0282 0.0402 0.0001 0.0068 0.8688 0.0019 0.0000
96       96   (0)      6  : 0.0645 0.0390 0.0264 0.0000 0.0030 0.8669 0.0003 0.0000
97       97   (0)      6  : 0.7434 0.0074 0.0016 0.0000 0.0477 0.1558 0.0441 0.0000
98       98   (0)      6  : 0.0398 0.0249 0.1956 0.0026 0.0000 0.7371 0.0000 0.0000
99       99   (0)      7  : 0.0000 0.5871 0.0000 0.0000 0.0000 0.0000 0.0000 0.4129
100      100   (0)      7  : 0.6336 0.1141 0.0387 0.0112 0.0210 0.1398 0.0198 0.0218
101      101   (0)      7  : 0.0000 0.0000 1.0000 0.0000 0.0000 0.0000 0.0000 0.0000
102      102   (0)      7  : 0.0000 0.0000 1.0000 0.0000 0.0000 0.0000 0.0000 0.0000
103      103   (0)      7  : 0.8163 0.0000 0.0000 0.0000 0.0751 0.0082 0.1005 0.0000
104      104   (0)      7  : 0.7774 0.0000 0.0017 0.0503 0.1025 0.0053 0.0628 0.0000
105      105   (0)      7  : 0.8918 0.0000 0.0000 0.0465 0.0461 0.0011 0.0145 0.0000
106      106   (0)      7  : 0.9318 0.0000 0.0000 0.0025 0.0414 0.0002 0.0242 0.0000
107      107   (0)      7  : 0.9128 0.0000 0.0000 0.0016 0.0075 0.0045 0.0737 0.0000
108      108   (0)      8  : 0.0667 0.0000 0.0000 0.0000 0.9333 0.0000 0.0000 0.0000
109      109   (0)      8  : 0.8829 0.0000 0.0000 0.0056 0.0555 0.0010 0.0550 0.0000
110      110   (0)      8  : 0.1333 0.0000 0.0000 0.0000 0.2667 0.0000 0.6000 0.0000
111      111   (0)      8  : 0.2000 0.0000 0.0000 0.0000 0.3333 0.0000 0.4667 0.0000
112      112   (0)      8  : 0.0000 0.0000 1.0000 0.0000 0.0000 0.0000 0.0000 0.0000
113      113   (0)      8  : 0.9342 0.0000 0.0000 0.0006 0.0285 0.0001 0.0366 0.0000
114      114   (0)      8  : 0.9341 0.0000 0.0000 0.0000 0.0195 0.0000 0.0464 0.0000
115      115   (0)      8  : 0.0667 0.0000 0.0000 0.0000 0.9333 0.0000 0.0000 0.0000
116      116   (0)      8  : 0.2000 0.0000 0.0000 0.0000 0.3333 0.0000 0.4667 0.0000
117      117   (0)      8  : 0.7251 0.0284 0.0029 0.0291 0.1014 0.0915 0.0200 0.0017
118      118   (0)      8  : 0.9035 0.0000 0.0000 0.0468 0.0222 0.0012 0.0263 0.0000
119      119   (0)      9  : 0.0000 0.3434 0.0000 0.0000 0.0000 0.0000 0.0000 0.6566
120      120   (0)     10  : 0.8375 0.0000 0.0480 0.0003 0.0625 0.0028 0.0489 0.0000
121      121   (0)     10  : 0.9108 0.0000 0.0000 0.0000 0.0231 0.0015 0.0646 0.0000
122      122   (0)     10  : 0.8937 0.0000 0.0000 0.0003 0.0587 0.0017 0.0456 0.0000
123      123   (0)     10  : 0.6968 0.0714 0.0122 0.0459 0.1164 0.0030 0.0542 0.0000
124      124   (0)     10  : 0.8579 0.0000 0.0550 0.0000 0.0345 0.0041 0.0485 0.0000
125      125   (0)     10  : 0.7569 0.0000 0.0435 0.0081 0.0037 0.1384 0.0475 0.0019
126      126   (0)     10  : 0.9191 0.0000 0.0175 0.0000 0.0217 0.0038 0.0378 0.0000
127      127   (0)     10  : 0.9042 0.0000 0.0000 0.0036 0.0519 0.0018 0.0385 0.0000
128      128   (0)     10  : 0.8789 0.0000 0.0232 0.0109 0.0290 0.0035 0.0546 0.0000
129      129   (0)     10  : 0.9306 0.0000 0.0000 0.0138 0.0127 0.0022 0.0407 0.0000
130      130   (0)     10  : 0.9808 0.0000 0.0001 0.0011 0.0082 0.0000 0.0099 0.0000
131      131   (0)     10  : 0.8599 0.0000 0.0349 0.0292 0.0383 0.0102 0.0275 0.0000
132      132   (0)     10  : 0.8085 0.0000 0.0559 0.0438 0.0288 0.0473 0.0158 0.0000
133      133   (0)     10  : 0.8302 0.0058 0.0222 0.0064 0.0454 0.0322 0.0476 0.0102
134      134   (0)     10  : 0.8273 0.0053 0.0435 0.0000 0.0452 0.0324 0.0375 0.0088
135      135   (0)     10  : 0.8349 0.0000 0.0370 0.0124 0.0842 0.0017 0.0298 0.0000
136      136   (0)     10  : 0.9075 0.0000 0.0136 0.0004 0.0358 0.0003 0.0423 0.0000
137      137   (0)     11  : 0.0000 0.6865 0.0889 0.0000 0.0000 0.0000 0.0000 0.2245
138      138   (0)     12  : 0.6290 0.0013 0.0570 0.1044 0.0268 0.1325 0.0478 0.0012
139      139   (0)     12  : 0.2896 0.0234 0.0908 0.0014 0.0003 0.3773 0.0130 0.2043
140      140   (0)     12  : 0.0000 0.0000 0.0485 0.9389 0.0000 0.0126 0.0000 0.0000
141      141   (0)     12  : 0.0234 0.0000 0.0540 0.0130 0.0341 0.7530 0.1225 0.0000
142      142   (0)     12  : 0.8095 0.0000 0.0540 0.0330 0.0370 0.0147 0.0518 0.0000
143      143   (0)     12  : 0.2641 0.0196 0.1142 0.0070 0.0001 0.5929 0.0022 0.0000
144      144   (0)     12  : 0.7458 0.0000 0.1253 0.0638 0.0033 0.0399 0.0212 0.0007
145      145   (0)     12  : 0.3445 0.0000 0.0000 0.6001 0.0189 0.0178 0.0186 0.0000
146      146   (0)     13  : 0.0000 1.0000 0.0000 0.0000 0.0000 0.0000 0.0000 0.0000
147      147   (0)     13  : 0.0000 0.7558 0.0000 0.0000 0.0000 0.0000 0.0000 0.2442
148      148   (0)     13  : 0.0000 0.7703 0.0000 0.0000 0.0000 0.0000 0.0000 0.2297
149      149   (0)     13  : 0.0000 0.5787 0.0000 0.0000 0.0000 0.0000 0.0000 0.4213
150      150   (0)     13  : 0.0000 1.0000 0.0000 0.0000 0.0000 0.0000 0.0000 0.0000
151      151   (0)     14  : 0.0000 0.7045 0.0000 0.0000 0.0000 0.0000 0.0000 0.2955
152      152   (0)     14  : 0.8921 0.0000 0.0000 0.0215 0.0336 0.0036 0.0492 0.0000
153      153   (0)     15  : 0.0503 0.0271 0.0385 0.0000 0.0020 0.8685 0.0003 0.0133
154      154   (0)     15  : 0.0000 0.5884 0.0009 0.0000 0.0000 0.0011 0.0000 0.4095
155      155   (0)     16  : 0.8501 0.0000 0.0369 0.0016 0.0409 0.0363 0.0342 0.0000
156      156   (0)     16  : 0.7997 0.0000 0.0133 0.0365 0.0639 0.0033 0.0834 0.0000
157      157   (0)     17  : 0.0287 0.0082 0.1462 0.0138 0.0077 0.7693 0.0049 0.0211
158      158   (0)     17  : 0.0000 0.0000 0.0045 0.9288 0.0000 0.0667 0.0000 0.0000
159      159   (0)     18  : 0.9246 0.0000 0.0133 0.0000 0.0217 0.0171 0.0232 0.0000
160      160   (0)     18  : 0.8943 0.0000 0.0000 0.0002 0.0334 0.0017 0.0704 0.0000
161      161   (0)     18  : 0.8826 0.0000 0.0000 0.0001 0.0343 0.0034 0.0796 0.0000
162      162   (0)     19  : 0.7737 0.0000 0.0352 0.0000 0.0703 0.0596 0.0612 0.0000
163      163   (0)     19  : 0.3241 0.0372 0.1967 0.0083 0.0964 0.1987 0.0342 0.1044
164      164   (0)     19  : 0.6463 0.0000 0.0000 0.0548 0.2522 0.0030 0.0437 0.0000
