1        1   (0)      1  : 0.4987 0.0000 0.0000 0.3738 0.0000 0.1275
2        2   (0)      1  : 0.0867 0.0585 0.1272 0.2645 0.1601 0.3030
3        3   (0)      1  : 0.4037 0.0000 0.0000 0.4381 0.0000 0.1582
4        4   (0)      1  : 0.3937 0.0000 0.0000 0.5154 0.0000 0.0909
5        5   (0)      1  : 0.5437 0.0000 0.0000 0.3585 0.0000 0.0978
6        6   (0)      1  : 0.4975 0.0000 0.0000 0.3960 0.0000 0.1065
7        7   (0)      1  : 0.4630 0.0000 0.0000 0.5084 0.0000 0.0286
8        8   (0)      1  : 0.4125 0.0000 0.0000 0.5243 0.0000 0.0631
9        9   (0)      1  : 0.7234 0.0000 0.0000 0.2264 0.0000 0.0502
10       10   (0)      1  : 0.5579 0.0000 0.0000 0.3583 0.0000 0.0838
11       11   (0)      1  : 0.5618 0.0000 0.0485 0.2351 0.0000 0.1546
12       12   (0)      1  : 0.1429 0.0000 0.0000 0.4286 0.0000 0.4286
13       13   (0)      1  : 0.4500 0.0000 0.0000 0.3749 0.0000 0.1751
14       14   (0)      2  : 0.5324 0.0000 0.0000 0.3308 0.0000 0.1368
15       15   (0)      2  : 0.0000 0.0000 0.0000 0.0000 0.6286 0.3714
16       16   (0)      2  : 0.7661 0.0000 0.0000 0.1749 0.0000 0.0590
17       17   (0)      2  : 0.5425 0.0000 0.0000 0.3025 0.0000 0.1550
18       18   (0)      2  : 0.6577 0.0000 0.0000 0.2526 0.0000 0.0897
19       19   (0)      2  : 0.6814 0.0000 0.0000 0.2617 0.0000 0.0569
20       20   (0)      2  : 0.5951 0.0000 0.0435 0.2456 0.0000 0.1158
21       21   (0)      2  : 0.4126 0.0000 0.0000 0.4110 0.0000 0.1763
22       22   (0)      2  : 0.5150 0.0000 0.0933 0.2660 0.0000 0.1257
23       23   (0)      2  : 0.2874 0.0000 0.4494 0.1415 0.0000 0.1217
24       24   (0)      2  : 0.7349 0.0000 0.0000 0.1767 0.0000 0.0884
25       25   (0)      2  : 0.6769 0.0000 0.0000 0.1998 0.0000 0.1233
26       26   (0)      2  : 0.4086 0.0000 0.4060 0.1261 0.0000 0.0593
27       27   (0)      2  : 0.5934 0.0000 0.0000 0.3250 0.0000 0.0815
28       28   (0)      3  : 0.0000 1.0000 0.0000 0.0000 0.0000 0.0000
29       29   (0)      3  : 0.3309 0.0000 0.0000 0.4409 0.0000 0.2282
30       30   (0)      3  : 0.0000 0.0000 1.0000 0.0000 0.0000 0.0000
31       31   (0)      3  : 0.0578 0.0000 0.5341 0.3411 0.0000 0.0671
32       32   (0)      3  : 0.0000 0.0000 0.0000 0.0000 0.6286 0.3714
33       33   (0)      3  : 0.6407 0.0000 0.0000 0.1965 0.0000 0.1628
34       34   (0)      3  : 0.0000 0.0000 0.0000 0.0000 1.0000 0.0000
35       35   (0)      3  : 0.0000 0.2471 0.0000 0.0000 0.7529 0.0000
36       36   (0)      3  : 0.0000 0.0000 0.0000 0.0000 1.0000 0.0000
37       37   (0)      3  : 0.5480 0.0000 0.0000 0.3058 0.0000 0.1462
38       38   (0)      3  : 0.0000 0.0000 1.0000 0.0000 0.0000 0.0000
39       39   (0)      3  : 0.0000 0.0000 1.0000 0.0000 0.0000 0.0000
40       40   (0)      3  : 0.4067 0.0000 0.0000 0.3856 0.0000 0.2077
41       41   (0)      3  : 0.6483 0.0000 0.0000 0.3055 0.0000 0.0462
42       42   (0)      3  : 0.0000 0.0000 0.0000 0.0000 0.6286 0.3714
43       43   (0)      3  : 0.0000 0.1650 0.0000 0.0000 0.7885 0.0465
44       44   (0)      3  : 0.2946 0.0000 0.0000 0.5873 0.0000 0.1180
45       45   (0)      3  : 0.7109 0.0000 0.0000 0.1681 0.0000 0.1210
46       46   (0)      4  : 0.0000 1.0000 0.0000 0.0000 0.0000 0.0000
47       47   (0)      4  : 0.0000 1.0000 0.0000 0.0000 0.0000 0.0000
48       48   (0)      4  : 0.3082 0.0000 0.0000 0.5990 0.0000 0.0927
49       49   (0)      4  : 0.2692 0.0034 0.0198 0.4824 0.0000 0.2252
50       50   (0)      4  : 0.2825 0.0007 0.0489 0.4637 0.0000 0.2042
51       51   (0)      4  : 0.5030 0.0000 0.0575 0.2693 0.0000 0.1701
52       52   (0)      4  : 0.6036 0.0000 0.0119 0.2470 0.0000 0.1375
53       53   (0)      4  : 0.2041 0.0000 0.0000 0.5963 0.0000 0.1996
54       54   (0)      4  : 0.4281 0.0000 0.0000 0.4990 0.0000 0.0728
55       55   (0)      4  : 0.0565 0.0000 0.6653 0.1812 0.0000 0.0970
56       56   (0)      4  : 0.4027 0.0000 0.0000 0.4866 0.0000 0.1107
57       57   (0)      5  : 0.4582 0.0000 0.0000 0.2868 0.0000 0.2550
58       58   (0)      5  : 0.5533 0.0438 0.0069 0.2698 0.0002 0.1260
59       59   (0)      5  : 0.5796 0.0000 0.0000 0.3303 0.0000 0.0901
60       60   (0)      5  : 0.0000 1.0000 0.0000 0.0000 0.0000 0.0000
61       61   (0)      5  : 0.0000 1.0000 0.0000 0.0000 0.0000 0.0000
62       62   (0)      5  : 0.0076 0.0000 0.0678 0.0033 0.5211 0.4001
63       63   (0)      6  : 0.0000 0.0000 0.0000 0.0000 1.0000 0.0000
64       64   (0)      6  : 0.0000 1.0000 0.0000 0.0000 0.0000 0.0000
65       65   (0)      6  : 0.0000 0.0000 0.0000 0.0000 1.0000 0.0000
66       66   (0)      6  : 0.1823 0.6721 0.0000 0.0459 0.0671 0.0326
67       67   (0)      6  : 0.0000 1.0000 0.0000 0.0000 0.0000 0.0000
68       68   (0)      6  : 0.0000 0.7741 0.1249 0.0000 0.1010 0.0000
69       69   (0)      6  : 0.4219 0.0639 0.0307 0.3017 0.0776 0.1043
70       70   (0)      6  : 0.0000 1.0000 0.0000 0.0000 0.0000 0.0000
71       71   (0)      6  : 0.7498 0.0000 0.0000 0.1296 0.0000 0.1207
72       72   (0)      6  : 0.0000 1.0000 0.0000 0.0000 0.0000 0.0000
73       73   (0)      6  : 0.0000 0.0000 0.0373 0.0000 0.9627 0.0000
74       74   (0)      6  : 0.0000 0.8653 0.1347 0.0000 0.0000 0.0000
75       75   (0)      6  : 0.0000 0.0000 0.0772 0.0000 0.9228 0.0000
76       76   (0)      6  : 0.0000 0.8307 0.1693 0.0000 0.0000 0.0000
77       77   (0)      6  : 0.0000 0.8160 0.1840 0.0000 0.0000 0.0000
78       78   (0)      6  : 0.0000 0.0000 0.2192 0.0000 0.7808 0.0000
79       79   (0)      6  : 0.0000 0.0000 0.0000 0.0000 1.0000 0.0000
80       80   (0)      7  : 0.5152 0.0000 0.0000 0.4360 0.0000 0.0487
81       81   (0)      8  : 0.4068 0.0000 0.0473 0.4205 0.0000 0.1254
82       82   (0)      9  : 0.0000 0.0000 1.0000 0.0000 0.0000 0.0000
83       83   (0)     10  : 0.4227 0.0000 0.1314 0.3362 0.0000 0.1098
84       84   (0)     11  : 0.5937 0.0000 0.0000 0.2601 0.0000 0.1461
85       85   (0)     11  : 0.3009 0.0000 0.4480 0.2277 0.0000 0.0234
86       86   (0)     12  : 0.2519 0.0000 0.4456 0.1738 0.0000 0.1288
87       87   (0)     12  : 0.4583 0.0000 0.1766 0.2759 0.0000 0.0893
88       88   (0)     12  : 0.5795 0.0000 0.0000 0.2917 0.0000 0.1289
89       89   (0)     12  : 0.3615 0.0000 0.1671 0.3561 0.0000 0.1153
90       90   (0)     12  : 0.0000 0.0000 0.0000 0.0000 0.9999 0.0001
91       91   (0)     12  : 0.3698 0.0000 0.0000 0.5615 0.0000 0.0688
92       92   (0)     12  : 0.4622 0.0000 0.0000 0.4228 0.0000 0.1150
93       93   (0)     12  : 0.7396 0.0000 0.0000 0.2148 0.0000 0.0456
94       94   (0)     13  : 0.5094 0.0000 0.0000 0.4037 0.0000 0.0869
