1        1   (0)      1  : 0.0272 0.0000 0.0000 0.0000 0.0000 0.0000 0.1041 0.5719 0.0000 0.0010 0.0000 0.0000 0.0000 0.0355 0.0000 0.0000 0.0000 0.0151 0.0420 0.0701 0.1002 0.0328 0.0000
2        2   (0)      1  : 0.0000 0.0000 0.0000 0.0000 0.0716 0.0000 0.8509 0.0000 0.0000 0.0000 0.0000 0.0074 0.0701 0.0000 0.0000 0.0000 0.0000 0.0000 0.0000 0.0000 0.0000 0.0000 0.0000
3        3   (0)      1  : 0.0000 0.0000 0.0000 0.0000 0.0000 0.0000 0.0000 0.8333 0.0000 0.0000 0.0000 0.0000 0.0000 0.0000 0.0000 0.0000 0.0000 0.0000 0.0000 0.0000 0.1667 0.0000 0.0000
4        4   (0)      1  : 0.0000 0.0000 0.0000 0.0000 0.0000 0.0000 1.0000 0.0000 0.0000 0.0000 0.0000 0.0000 0.0000 0.0000 0.0000 0.0000 0.0000 0.0000 0.0000 0.0000 0.0000 0.0000 0.0000
5        5   (0)      1  : 0.0176 0.0000 0.1273 0.0000 0.0049 0.0908 0.1642 0.0008 0.0000 0.0000 0.4194 0.0000 0.0006 0.0000 0.0000 0.0211 0.0000 0.0231 0.0000 0.0827 0.0021 0.0349 0.0105
6        6   (0)      1  : 0.1254 0.0000 0.0956 0.0000 0.0069 0.0331 0.0811 0.0044 0.0000 0.0013 0.2291 0.0070 0.0000 0.0000 0.0000 0.0251 0.0000 0.0211 0.0655 0.2018 0.0000 0.0764 0.0262
7        7   (0)      1  : 0.0821 0.0000 0.0000 0.0000 0.0000 0.0000 0.0000 0.0000 0.0000 0.0000 0.6551 0.0016 0.0214 0.0000 0.0000 0.0061 0.0000 0.0144 0.0787 0.0526 0.0000 0.0880 0.0000
8        8   (0)      1  : 0.0364 0.0000 0.0895 0.0000 0.0040 0.0280 0.2577 0.0000 0.0000 0.0000 0.3512 0.0000 0.0000 0.0000 0.0000 0.0148 0.0000 0.0259 0.0000 0.1127 0.0000 0.0624 0.0174
9        9   (0)      1  : 0.0000 0.0000 0.0000 0.0000 0.0000 0.0000 1.0000 0.0000 0.0000 0.0000 0.0000 0.0000 0.0000 0.0000 0.0000 0.0000 0.0000 0.0000 0.0000 0.0000 0.0000 0.0000 0.0000
10       10   (0)      1  : 0.0492 0.0000 0.0000 0.0000 0.0017 0.0000 0.0000 0.0000 0.0000 0.0232 0.5134 0.0027 0.0002 0.0111 0.0000 0.0272 0.0000 0.0000 0.2736 0.0978 0.0000 0.0000 0.0000
11       11   (0)      1  : 0.0000 0.0000 0.0000 0.0000 0.0035 0.0000 0.0000 0.0000 0.0000 0.0076 0.0883 0.0000 0.0093 0.0003 0.0000 0.0000 0.0000 0.0000 0.8911 0.0000 0.0000 0.0000 0.0000
12       12   (0)      1  : 0.0000 0.0000 0.0000 0.0000 0.0000 0.0000 0.0000 0.0000 0.0000 0.0000 0.0000 0.0000 1.0000 0.0000 0.0000 0.0000 0.0000 0.0000 0.0000 0.0000 0.0000 0.0000 0.0000
13       13   (0)      1  : 0.1506 0.0000 0.0000 0.0000 0.0000 0.0000 0.0000 0.0000 0.0000 0.0242 0.1866 0.0143 0.0010 0.0219 0.0000 0.0548 0.0000 0.0006 0.3868 0.0582 0.0000 0.1010 0.0000
14       14   (0)      1  : 0.0000 0.0036 0.0866 0.0056 0.0000 0.0704 0.0072 0.1429 0.0000 0.0000 0.1970 0.0129 0.0718 0.0000 0.0067 0.0000 0.0038 0.0000 0.2340 0.0716 0.0191 0.0114 0.0554
15       15   (0)      1  : 0.0000 0.0000 1.0000 0.0000 0.0000 0.0000 0.0000 0.0000 0.0000 0.0000 0.0000 0.0000 0.0000 0.0000 0.0000 0.0000 0.0000 0.0000 0.0000 0.0000 0.0000 0.0000 0.0000
16       16   (0)      1  : 0.0000 0.0000 0.0000 0.0000 0.0000 0.0000 0.0000 0.0000 0.0000 0.0000 0.0000 0.0000 0.0000 0.0000 0.0000 0.0000 0.0000 0.0000 0.0000 0.0000 1.0000 0.0000 0.0000
17       17   (0)      1  : 0.0000 0.0000 0.0000 0.0000 0.0000 0.0000 0.0000 0.0000 0.0000 0.0000 0.0000 0.0000 0.0000 0.0000 0.0000 0.0000 0.0000 0.0000 0.0000 0.0000 1.0000 0.0000 0.0000
18       18   (0)      1  : 0.0000 0.0000 0.0000 0.0000 0.0000 0.0000 0.0000 0.0000 0.0000 1.0000 0.0000 0.0000 0.0000 0.0000 0.0000 0.0000 0.0000 0.0000 0.0000 0.0000 0.0000 0.0000 0.0000
19       19   (0)      1  : 0.0757 0.0000 0.0000 0.0000 0.0101 0.0000 0.0005 0.0833 0.0000 0.0000 0.0205 0.0212 0.0006 0.0172 0.0000 0.0637 0.0000 0.0834 0.2573 0.3664 0.0000 0.0000 0.0000
20       20   (0)      1  : 0.0196 0.0000 0.0000 0.0000 0.0000 0.0000 0.0000 0.0000 0.0000 0.0000 0.9121 0.0096 0.0007 0.0000 0.0000 0.0337 0.0000 0.0000 0.0242 0.0000 0.0000 0.0000 0.0000
21       21   (0)      1  : 0.0000 0.0000 0.0000 0.0000 0.0000 0.0000 0.0000 0.8333 0.0000 0.0000 0.0000 0.0000 0.0000 0.0000 0.0000 0.0000 0.0000 0.0000 0.0000 0.0000 0.1667 0.0000 0.0000
22       22   (0)      1  : 0.0000 0.0000 1.0000 0.0000 0.0000 0.0000 0.0000 0.0000 0.0000 0.0000 0.0000 0.0000 0.0000 0.0000 0.0000 0.0000 0.0000 0.0000 0.0000 0.0000 0.0000 0.0000 0.0000
23       23   (0)      1  : 0.1730 0.0000 0.0000 0.0000 0.0059 0.0000 0.0008 0.0000 0.0000 0.0000 0.1067 0.0014 0.0108 0.0000 0.0000 0.1443 0.0000 0.0004 0.2244 0.2490 0.0000 0.0833 0.0000
24       24   (0)      2  : 0.0000 0.0000 0.0000 0.0000 0.0000 0.0000 0.0000 0.7365 0.0000 0.0000 0.0000 0.0000 0.0000 0.0000 0.0000 0.0000 0.0000 0.0000 0.0000 0.0000 0.2635 0.0000 0.0000
25       25   (0)      2  : 0.2501 0.0000 0.0000 0.0000 0.0000 0.0000 0.0000 0.0000 0.0000 0.0000 0.1354 0.0000 0.0000 0.0084 0.0000 0.2089 0.0000 0.0000 0.1042 0.2633 0.0000 0.0000 0.0297
26       26   (0)      2  : 0.0930 0.0000 0.0000 0.0000 0.0000 0.0000 0.0793 0.3355 0.0000 0.0032 0.0000 0.0000 0.0000 0.0000 0.0000 0.0000 0.0000 0.0365 0.0000 0.0279 0.0737 0.3509 0.0000
27       27   (0)      2  : 0.1381 0.0000 0.0000 0.0000 0.0212 0.0000 0.0000 0.0382 0.0000 0.0890 0.2558 0.0011 0.0076 0.0015 0.0000 0.0692 0.0000 0.0041 0.1716 0.1245 0.0088 0.0677 0.0017
28       28   (0)      2  : 0.3418 0.0000 0.0138 0.0000 0.0003 0.0000 0.0000 0.0085 0.0000 0.0000 0.0198 0.0035 0.0000 0.0011 0.0000 0.0335 0.0000 0.0000 0.1920 0.1905 0.0208 0.1738 0.0005
29       29   (0)      2  : 0.2963 0.0000 0.0000 0.0000 0.0346 0.0000 0.0000 0.0833 0.0000 0.0372 0.0681 0.0090 0.0007 0.0051 0.0000 0.1950 0.0000 0.0096 0.0787 0.0985 0.0208 0.0594 0.0038
30       30   (0)      2  : 0.0000 0.1667 0.0000 0.3333 0.0000 0.0000 0.0000 0.0000 0.0000 0.0000 0.0000 0.0000 0.0000 0.0000 0.5000 0.0000 0.0000 0.0000 0.0000 0.0000 0.0000 0.0000 0.0000
31       31   (0)      2  : 0.2036 0.0000 0.0024 0.0000 0.0003 0.0028 0.0003 0.0164 0.0000 0.0488 0.1183 0.0052 0.0020 0.0079 0.0000 0.0877 0.0000 0.0089 0.1385 0.2818 0.0197 0.0402 0.0152
32       32   (0)      2  : 0.0000 0.0000 0.0000 0.0000 0.0000 0.0000 0.0000 0.8333 0.0000 0.0000 0.0000 0.0000 0.0000 0.0000 0.0000 0.0000 0.0000 0.0000 0.0000 0.0000 0.1667 0.0000 0.0000
33       33   (0)      2  : 0.0000 0.0000 0.0000 0.0000 0.0000 0.0000 0.0000 0.0000 0.0000 1.0000 0.0000 0.0000 0.0000 0.0000 0.0000 0.0000 0.0000 0.0000 0.0000 0.0000 0.0000 0.0000 0.0000
34       34   (0)      2  : 0.0306 0.0000 0.0000 0.0000 0.0000 0.0000 0.0000 0.0000 0.0000 0.0000 0.0833 0.0000 0.0000 0.0000 0.0000 0.0016 0.0000 0.0000 0.8544 0.0000 0.0000 0.0300 0.0000
35       35   (0)      2  : 0.3990 0.0000 0.0178 0.0000 0.0185 0.0000 0.0002 0.0384 0.0000 0.0160 0.0200 0.0347 0.0345 0.0109 0.0000 0.0736 0.0000 0.0059 0.2245 0.0470 0.0022 0.0568 0.0000
36       36   (0)      2  : 0.0000 0.0000 0.0000 0.0000 0.0000 0.0000 1.0000 0.0000 0.0000 0.0000 0.0000 0.0000 0.0000 0.0000 0.0000 0.0000 0.0000 0.0000 0.0000 0.0000 0.0000 0.0000 0.0000
37       37   (0)      3  : 0.0416 0.0000 0.0000 0.0000 0.0146 0.0000 0.0000 0.0023 0.0000 0.0011 0.4298 0.0036 0.0084 0.0216 0.0000 0.0169 0.0000 0.0000 0.2927 0.1614 0.0000 0.0061 0.0000
38       38   (0)      3  : 0.0403 0.0000 0.0000 0.0000 0.0911 0.0000 0.0033 0.0000 0.0000 0.0006 0.0000 0.0045 0.0000 0.0000 0.0000 0.8440 0.0000 0.0000 0.0000 0.0000 0.0000 0.0162 0.0000
39       39   (0)      3  : 0.3715 0.0000 0.0000 0.0000 0.0112 0.0000 0.0000 0.0840 0.0000 0.0001 0.0430 0.0000 0.0027 0.0124 0.0000 0.0920 0.0000 0.0833 0.0220 0.2114 0.0007 0.0568 0.0088
40       40   (0)      3  : 0.0000 0.0000 0.0000 0.0000 0.0000 0.0000 0.0000 0.0000 0.0000 0.0000 0.9504 0.0029 0.0016 0.0000 0.0000 0.0451 0.0000 0.0000 0.0000 0.0000 0.0000 0.0000 0.0000
41       41   (0)      3  : 0.2660 0.0000 0.0000 0.0000 0.0155 0.0000 0.0009 0.0000 0.0000 0.0066 0.2887 0.0000 0.0004 0.0000 0.0000 0.0000 0.0000 0.0197 0.2057 0.0264 0.0033 0.1669 0.0000
42       42   (0)      4  : 0.0000 0.2448 0.0000 0.0953 0.0000 0.0000 0.0000 0.0224 0.1171 0.0000 0.0000 0.0000 0.0000 0.0000 0.1332 0.0000 0.1819 0.0000 0.0000 0.0277 0.0000 0.0833 0.0942
43       43   (0)      4  : 0.1570 0.0000 0.0000 0.0000 0.0060 0.0004 0.0000 0.0106 0.0000 0.0000 0.1441 0.0040 0.0143 0.0076 0.0000 0.0265 0.0000 0.0124 0.2692 0.3173 0.0000 0.0305 0.0000
44       44   (0)      4  : 0.0000 0.2100 0.0000 0.0000 0.0000 0.0000 0.0000 0.0000 0.5957 0.0000 0.0000 0.0000 0.0000 0.0000 0.1667 0.0000 0.0277 0.0000 0.0000 0.0000 0.0000 0.0000 0.0000
45       45   (0)      4  : 0.0000 0.2293 0.0000 0.2317 0.0000 0.0000 0.0000 0.0393 0.3064 0.0000 0.0000 0.0000 0.0000 0.0000 0.0571 0.0000 0.1046 0.0000 0.0000 0.0000 0.0000 0.0000 0.0317
46       46   (0)      4  : 0.1774 0.0000 0.0009 0.0033 0.0000 0.0000 0.0084 0.0215 0.0012 0.0000 0.2310 0.0056 0.0000 0.0007 0.0000 0.0281 0.0005 0.0931 0.1889 0.1408 0.0027 0.0945 0.0016
47       47   (0)      4  : 0.8175 0.0000 0.0000 0.0000 0.0000 0.0000 0.0000 0.0000 0.0000 0.0000 0.0000 0.0082 0.0000 0.0082 0.0000 0.0189 0.0000 0.0000 0.0000 0.0433 0.0000 0.1040 0.0000
48       48   (0)      4  : 0.3892 0.0000 0.0000 0.0000 0.0000 0.0000 0.0000 0.0000 0.0000 0.0087 0.1580 0.0094 0.0091 0.0047 0.0000 0.3381 0.0000 0.0000 0.0562 0.0000 0.0000 0.0265 0.0000
49       49   (0)      4  : 0.0303 0.0000 0.0000 0.0000 0.0000 0.0000 0.0000 0.0000 0.0000 0.0000 0.2544 0.0000 0.0009 0.0000 0.0000 0.1142 0.0000 0.0000 0.3995 0.1174 0.0000 0.0833 0.0000
50       50   (0)      4  : 0.0000 0.0000 0.0000 0.0000 0.0000 0.0000 0.0000 0.0000 0.0000 0.0000 0.0000 0.0000 0.0000 1.0000 0.0000 0.0000 0.0000 0.0000 0.0000 0.0000 0.0000 0.0000 0.0000
51       51   (0)      4  : 0.0526 0.3061 0.0147 0.0000 0.0000 0.3190 0.0000 0.0004 0.0169 0.0000 0.0098 0.0000 0.0000 0.0956 0.0044 0.0000 0.0000 0.0170 0.0500 0.0359 0.0000 0.0456 0.0320
52       52   (0)      4  : 0.2539 0.0000 0.0000 0.0016 0.0000 0.0039 0.0003 0.0000 0.0000 0.0068 0.0063 0.0319 0.0000 0.0022 0.0000 0.0209 0.0000 0.0000 0.1368 0.5139 0.0000 0.0022 0.0194
53       53   (0)      4  : 0.4959 0.0000 0.0000 0.0000 0.0000 0.0000 0.0000 0.0000 0.0000 0.0007 0.0277 0.0000 0.0044 0.0000 0.0000 0.1772 0.0000 0.0009 0.0734 0.1366 0.0000 0.0833 0.0000
54       54   (0)      4  : 0.3082 0.0000 0.0012 0.0027 0.0147 0.0000 0.0000 0.0097 0.0000 0.0000 0.0496 0.0108 0.0000 0.0167 0.0065 0.0669 0.0024 0.0000 0.1960 0.1970 0.0084 0.0892 0.0199
55       55   (0)      4  : 0.0000 0.0000 0.0000 0.0000 0.0000 0.0000 0.0000 0.0000 0.0000 0.0000 0.0000 0.0000 0.0000 1.0000 0.0000 0.0000 0.0000 0.0000 0.0000 0.0000 0.0000 0.0000 0.0000
56       56   (0)      4  : 0.0000 0.1835 0.0000 0.0833 0.0000 0.0000 0.0000 0.0000 0.0149 0.0000 0.0000 0.0000 0.0000 0.0000 0.3333 0.0000 0.1214 0.0000 0.0000 0.0833 0.0000 0.0136 0.1667
57       57   (0)      5  : 0.0647 0.0000 0.0000 0.0000 0.0000 0.0000 0.0000 0.0000 0.0000 0.0012 0.0059 0.0000 0.0030 0.0000 0.0000 0.1102 0.0000 0.0000 0.4266 0.3851 0.0000 0.0000 0.0033
58       58   (0)      5  : 0.2037 0.0000 0.0000 0.0000 0.0011 0.0000 0.0000 0.0179 0.0000 0.0545 0.0377 0.0114 0.0000 0.0005 0.0000 0.1655 0.0000 0.0200 0.2612 0.1989 0.0000 0.0183 0.0093
59       59   (0)      5  : 0.0000 0.1630 0.0000 0.0000 0.0000 0.0000 0.0000 0.0000 0.4134 0.0000 0.0000 0.0000 0.0000 0.0000 0.2834 0.0000 0.0569 0.0000 0.0000 0.0000 0.0000 0.0000 0.0833
60       60   (0)      5  : 0.0595 0.0000 0.0000 0.0000 0.0000 0.0000 0.0000 0.0000 0.0000 0.0000 0.0336 0.0132 0.0153 0.0000 0.0000 0.0000 0.0000 0.0129 0.4067 0.4588 0.0000 0.0000 0.0000
61       61   (0)      5  : 0.0358 0.0980 0.0958 0.0369 0.0781 0.0449 0.0000 0.0205 0.0302 0.0000 0.0123 0.0000 0.0000 0.0000 0.1271 0.0000 0.0625 0.0277 0.1315 0.1017 0.0008 0.0433 0.0528
62       62   (0)      5  : 0.0000 0.1667 0.0000 0.0833 0.0000 0.0000 0.0000 0.0833 0.0833 0.0000 0.0000 0.0000 0.0000 0.0000 0.3333 0.0000 0.0833 0.0000 0.0000 0.0000 0.0000 0.0833 0.0833
63       63   (0)      5  : 0.1983 0.0253 0.0010 0.0227 0.0113 0.0400 0.0157 0.0107 0.0125 0.0000 0.0531 0.0018 0.0070 0.0124 0.0548 0.0556 0.0142 0.0072 0.1638 0.1829 0.0224 0.0590 0.0284
64       64   (0)      5  : 0.1174 0.0000 0.0000 0.0000 0.0123 0.0000 0.0000 0.0000 0.0000 0.0000 0.1483 0.0125 0.0210 0.0000 0.0000 0.0000 0.0000 0.0995 0.4889 0.1002 0.0000 0.0000 0.0000
65       65   (0)      5  : 0.3982 0.0000 0.0000 0.0000 0.0000 0.0000 0.0000 0.0000 0.0000 0.0008 0.0469 0.0000 0.0059 0.0080 0.0000 0.0833 0.0000 0.0056 0.1538 0.2129 0.0000 0.0847 0.0000
66       66   (0)      5  : 0.1667 0.0000 0.0000 0.0000 0.0022 0.0000 0.0000 0.0000 0.0000 0.0000 0.0286 0.0000 0.0000 0.0019 0.0000 0.0000 0.0000 0.0000 0.5067 0.1200 0.0037 0.1692 0.0011
67       67   (0)      5  : 0.0000 0.1731 0.0167 0.1350 0.0002 0.0510 0.0000 0.0000 0.0000 0.0000 0.0000 0.0000 0.0000 0.0000 0.0598 0.0000 0.1521 0.0000 0.0419 0.0984 0.0000 0.0144 0.2574
68       68   (0)      5  : 0.0000 0.0340 0.0000 0.0973 0.0000 0.0000 0.0000 0.0000 0.0652 0.0000 0.0000 0.0000 0.0000 0.0000 0.0338 0.0000 0.5887 0.0000 0.0000 0.0833 0.0000 0.0000 0.0977
69       69   (0)      5  : 0.1603 0.0566 0.0000 0.0387 0.0323 0.0077 0.0085 0.0051 0.0000 0.0010 0.0446 0.0019 0.0025 0.0226 0.0179 0.2067 0.0366 0.0056 0.0166 0.2084 0.0042 0.0547 0.0677
70       70   (0)      5  : 0.0000 0.2335 0.0000 0.1667 0.0000 0.0000 0.0000 0.0000 0.0000 0.0000 0.0000 0.0000 0.0000 0.0000 0.0833 0.0000 0.1667 0.0000 0.0000 0.0833 0.0000 0.0000 0.2665
71       71   (0)      5  : 0.0000 0.0000 0.0000 0.1134 0.0000 0.0000 0.0000 0.0833 0.0960 0.0000 0.0000 0.0000 0.0000 0.0000 0.0833 0.0000 0.5141 0.0000 0.0000 0.0000 0.0000 0.0000 0.1098
72       72   (0)      5  : 0.3670 0.0238 0.0000 0.0188 0.0000 0.0000 0.0000 0.0128 0.0062 0.0018 0.0452 0.0000 0.0236 0.0000 0.0058 0.1583 0.0488 0.0260 0.0882 0.0826 0.0000 0.0868 0.0043
73       73   (0)      5  : 0.1287 0.0000 0.0000 0.0000 0.0000 0.0000 0.0000 0.0221 0.0000 0.0000 0.0583 0.0189 0.0011 0.0000 0.0000 0.4645 0.0000 0.0164 0.1559 0.0357 0.0151 0.0833 0.0000
74       74   (0)      5  : 0.0000 0.0000 0.0000 0.0000 0.0000 0.0000 0.0000 0.0260 0.1082 0.0000 0.0000 0.0000 0.0000 0.0000 0.0216 0.0000 0.8305 0.0000 0.0000 0.0000 0.0000 0.0053 0.0084
75       75   (0)      6  : 0.0000 0.3419 0.0000 0.5885 0.0000 0.0000 0.0000 0.0000 0.0395 0.0000 0.0000 0.0000 0.0000 0.0000 0.0000 0.0000 0.0301 0.0000 0.0000 0.0000 0.0000 0.0000 0.0000
76       76   (0)      6  : 0.1655 0.0035 0.0034 0.0230 0.0000 0.0163 0.0000 0.0051 0.0038 0.0054 0.2149 0.0014 0.0048 0.0000 0.0000 0.0260 0.0026 0.0000 0.2349 0.1323 0.0007 0.1555 0.0010
77       77   (0)      6  : 0.0000 0.2164 0.0000 0.2935 0.0000 0.0000 0.0000 0.0000 0.2330 0.0000 0.0000 0.0000 0.0000 0.0000 0.0740 0.0000 0.1774 0.0000 0.0000 0.0000 0.0000 0.0028 0.0029
78       78   (0)      6  : 0.0000 0.1667 0.0000 0.0000 0.0000 0.0000 0.0000 0.0000 0.1667 0.0000 0.0000 0.0000 0.0000 0.0000 0.0000 0.0000 0.6667 0.0000 0.0000 0.0000 0.0000 0.0000 0.0000
79       79   (0)      6  : 0.0000 0.0833 0.0000 0.4290 0.0000 0.0000 0.0000 0.0833 0.0833 0.0000 0.0000 0.0000 0.0000 0.0000 0.1544 0.0000 0.0833 0.0000 0.0000 0.0000 0.0000 0.0833 0.0000
80       80   (0)      6  : 0.0000 0.0000 0.0005 0.0000 0.0000 0.0000 0.0293 0.8333 0.0000 0.0000 0.0000 0.0000 0.0000 0.0000 0.0000 0.0000 0.0000 0.0000 0.0000 0.0000 0.1369 0.0000 0.0000
81       81   (0)      6  : 0.0000 0.3879 0.0000 0.1075 0.0000 0.0000 0.0000 0.0300 0.0798 0.0000 0.0000 0.0000 0.0000 0.0000 0.0355 0.0000 0.2455 0.0000 0.0000 0.0062 0.0000 0.0000 0.1077
82       82   (0)      6  : 0.0000 0.7108 0.0000 0.0206 0.0000 0.0000 0.0000 0.0000 0.0220 0.0000 0.0000 0.0000 0.0000 0.0000 0.1044 0.0000 0.1168 0.0000 0.0000 0.0000 0.0000 0.0107 0.0148
83       83   (0)      6  : 0.0000 0.4188 0.0000 0.3373 0.0000 0.0000 0.0000 0.0234 0.0428 0.0000 0.0000 0.0000 0.0000 0.0000 0.0693 0.0000 0.0703 0.0000 0.0000 0.0000 0.0000 0.0000 0.0381
84       84   (0)      6  : 0.0000 0.9860 0.0000 0.0140 0.0000 0.0000 0.0000 0.0000 0.0000 0.0000 0.0000 0.0000 0.0000 0.0000 0.0000 0.0000 0.0000 0.0000 0.0000 0.0000 0.0000 0.0000 0.0000
85       85   (0)      6  : 0.0000 0.0833 0.0000 0.6981 0.0000 0.0000 0.0000 0.0000 0.0872 0.0000 0.0000 0.0000 0.0000 0.0000 0.0202 0.0000 0.0833 0.0000 0.0000 0.0000 0.0000 0.0279 0.0000
86       86   (0)      6  : 0.0000 0.0833 0.0000 0.4691 0.0000 0.0000 0.0000 0.0000 0.0833 0.0000 0.0000 0.0000 0.0000 0.0000 0.2903 0.0000 0.0431 0.0000 0.0000 0.0000 0.0000 0.0000 0.0309
87       87   (0)      6  : 0.0000 0.0195 0.0000 0.0264 0.0000 0.0000 0.0000 0.0000 0.1530 0.0000 0.0000 0.0000 0.0000 0.0000 0.0792 0.0000 0.6386 0.0000 0.0000 0.0000 0.0000 0.0000 0.0833
88       88   (0)      6  : 0.0000 0.1474 0.0000 0.0574 0.0000 0.0000 0.0000 0.0169 0.4315 0.0000 0.0000 0.0000 0.0000 0.0000 0.1324 0.0000 0.1432 0.0000 0.0000 0.0000 0.0000 0.0519 0.0192
89       89   (0)      6  : 0.0000 0.2099 0.0000 0.0833 0.0000 0.0000 0.0000 0.0000 0.2901 0.0000 0.0000 0.0000 0.0000 0.0000 0.1667 0.0000 0.0833 0.0000 0.0000 0.0000 0.0000 0.0833 0.0833
90       90   (0)      6  : 0.0000 0.0084 0.0000 0.0092 0.0000 0.0000 0.8947 0.0000 0.0361 0.0000 0.0000 0.0000 0.0000 0.0000 0.0241 0.0000 0.0090 0.0000 0.0000 0.0000 0.0000 0.0103 0.0083
91       91   (0)      6  : 0.0000 0.0000 0.0000 0.0000 0.0000 0.0000 0.0000 0.0833 0.0833 0.0000 0.0000 0.0000 0.0000 0.0000 0.2500 0.0000 0.4167 0.0000 0.0000 0.0000 0.0000 0.0833 0.0833
92       92   (0)      6  : 0.0254 0.0000 0.0000 0.0000 0.0288 0.0059 0.0000 0.0000 0.0000 0.0000 0.0318 0.0000 0.0000 0.0000 0.0000 0.8247 0.0000 0.0000 0.0000 0.0000 0.0000 0.0000 0.0833
93       93   (0)      6  : 0.0000 0.0000 0.0000 0.0000 0.0000 0.6667 0.0000 0.0000 0.0000 0.0000 0.0000 0.0000 0.0000 0.0000 0.0000 0.0000 0.0000 0.0000 0.0000 0.0000 0.0000 0.0000 0.3333
94       94   (0)      6  : 0.0922 0.0000 0.0000 0.0000 0.0087 0.0394 0.0000 0.0833 0.0000 0.0007 0.0138 0.0046 0.0001 0.0434 0.0000 0.2118 0.0000 0.0833 0.0787 0.0703 0.0000 0.1667 0.1030
95       95   (0)      6  : 0.0000 0.0000 0.0000 0.0000 0.0000 0.7997 0.0000 0.0000 0.0000 0.0000 0.0000 0.0000 0.0000 0.0000 0.0000 0.0000 0.0000 0.0000 0.0000 0.0000 0.0000 0.0000 0.2003
96       96   (0)      6  : 0.0000 0.0000 0.0000 0.0000 0.0000 0.7320 0.0000 0.0000 0.0000 0.0000 0.0000 0.0000 0.0000 0.0000 0.0142 0.0234 0.0000 0.0000 0.0000 0.0000 0.0000 0.0241 0.2064
97       97   (0)      6  : 0.1310 0.0000 0.0000 0.0000 0.0197 0.0834 0.0000 0.0059 0.0000 0.0039 0.1070 0.0000 0.0207 0.0298 0.0000 0.0873 0.0000 0.0220 0.1141 0.1431 0.0000 0.1093 0.1228
98       98   (0)      6  : 0.0000 0.0000 0.1069 0.0000 0.0000 0.8097 0.0000 0.0000 0.0000 0.0000 0.0000 0.0000 0.0000 0.0000 0.0000 0.0000 0.0000 0.0000 0.0000 0.0000 0.0000 0.0000 0.0833
99       99   (0)      7  : 0.0000 0.0405 0.0000 0.1929 0.0000 0.0000 0.0000 0.0000 0.2500 0.0000 0.0000 0.0000 0.0000 0.0000 0.0000 0.0000 0.4332 0.0000 0.0000 0.0000 0.0000 0.0000 0.0833
100      100   (0)      7  : 0.0593 0.0000 0.0108 0.0161 0.0000 0.1884 0.0000 0.0001 0.0313 0.0000 0.0599 0.0000 0.0075 0.0001 0.0026 0.0379 0.0257 0.0035 0.0610 0.3264 0.0000 0.0856 0.0838
101      101   (0)      7  : 0.0000 0.0000 1.0000 0.0000 0.0000 0.0000 0.0000 0.0000 0.0000 0.0000 0.0000 0.0000 0.0000 0.0000 0.0000 0.0000 0.0000 0.0000 0.0000 0.0000 0.0000 0.0000 0.0000
102      102   (0)      7  : 0.0000 0.0000 1.0000 0.0000 0.0000 0.0000 0.0000 0.0000 0.0000 0.0000 0.0000 0.0000 0.0000 0.0000 0.0000 0.0000 0.0000 0.0000 0.0000 0.0000 0.0000 0.0000 0.0000
103      103   (0)      7  : 0.2560 0.0000 0.0000 0.0000 0.0065 0.0000 0.0000 0.0080 0.0000 0.0023 0.1314 0.0228 0.0744 0.0860 0.0000 0.1585 0.0000 0.0059 0.0405 0.1556 0.0000 0.0522 0.0000
104      104   (0)      7  : 0.1559 0.0000 0.0000 0.0000 0.0176 0.0000 0.0137 0.0000 0.0000 0.0032 0.0164 0.0237 0.0195 0.0020 0.0000 0.5039 0.0000 0.0084 0.0473 0.1333 0.0003 0.0455 0.0094
105      105   (0)      7  : 0.0000 0.0000 0.0000 0.0000 0.0000 0.0000 0.0000 0.0000 0.0000 0.0000 0.0000 0.0000 0.0000 0.0000 0.0000 0.0000 0.0000 1.0000 0.0000 0.0000 0.0000 0.0000 0.0000
106      106   (0)      7  : 0.2933 0.0000 0.0000 0.0000 0.0056 0.0000 0.0000 0.0000 0.0000 0.0000 0.1040 0.0064 0.0000 0.0299 0.0000 0.0697 0.0000 0.0218 0.1390 0.2434 0.0000 0.0870 0.0000
107      107   (0)      7  : 0.6309 0.0000 0.0000 0.0000 0.0000 0.0000 0.0024 0.0000 0.0000 0.0181 0.0345 0.0105 0.0016 0.0098 0.0000 0.0932 0.0000 0.0157 0.0125 0.1167 0.0000 0.0541 0.0000
108      108   (0)      8  : 0.0000 0.0000 0.0000 0.0000 1.0000 0.0000 0.0000 0.0000 0.0000 0.0000 0.0000 0.0000 0.0000 0.0000 0.0000 0.0000 0.0000 0.0000 0.0000 0.0000 0.0000 0.0000 0.0000
109      109   (0)      8  : 0.0123 0.0000 0.0000 0.0000 0.0199 0.0000 0.0000 0.0000 0.0000 0.0062 0.5035 0.0097 0.0131 0.0001 0.0000 0.0501 0.0000 0.0573 0.2053 0.0653 0.0000 0.0573 0.0000
110      110   (0)      8  : 0.0000 0.0000 0.0000 0.0000 0.0000 0.0000 0.0000 0.0000 0.0000 0.0000 0.0000 0.0000 1.0000 0.0000 0.0000 0.0000 0.0000 0.0000 0.0000 0.0000 0.0000 0.0000 0.0000
111      111   (0)      8  : 0.0000 0.0000 0.0000 0.0000 0.0000 0.0000 0.0000 0.0000 0.0000 0.0000 0.0000 1.0000 0.0000 0.0000 0.0000 0.0000 0.0000 0.0000 0.0000 0.0000 0.0000 0.0000 0.0000
112      112   (0)      8  : 0.0000 0.0000 1.0000 0.0000 0.0000 0.0000 0.0000 0.0000 0.0000 0.0000 0.0000 0.0000 0.0000 0.0000 0.0000 0.0000 0.0000 0.0000 0.0000 0.0000 0.0000 0.0000 0.0000
113      113   (0)      8  : 0.0000 0.0000 0.0000 0.0000 0.0000 0.0000 0.0000 0.0000 0.0000 0.0000 0.5833 0.0003 0.0000 0.0000 0.0000 0.0833 0.0000 0.0876 0.0225 0.2229 0.0000 0.0000 0.0000
114      114   (0)      8  : 0.0529 0.0000 0.0000 0.0000 0.0000 0.0000 0.0000 0.0000 0.0000 0.0000 0.2794 0.0000 0.0334 0.0152 0.0000 0.0455 0.0000 0.0000 0.3516 0.1699 0.0007 0.0515 0.0000
115      115   (0)      8  : 0.0000 0.0000 0.0000 0.0000 1.0000 0.0000 0.0000 0.0000 0.0000 0.0000 0.0000 0.0000 0.0000 0.0000 0.0000 0.0000 0.0000 0.0000 0.0000 0.0000 0.0000 0.0000 0.0000
116      116   (0)      8  : 0.0000 0.0000 0.0000 0.0000 0.0000 0.0000 0.0000 0.0000 0.0000 0.0000 0.0000 1.0000 0.0000 0.0000 0.0000 0.0000 0.0000 0.0000 0.0000 0.0000 0.0000 0.0000 0.0000
117      117   (0)      8  : 0.0000 0.0000 0.0000 0.0000 0.0000 0.0000 0.0000 0.0000 0.0000 0.0000 0.0000 0.0000 0.0000 0.0000 0.0000 0.0000 0.0000 1.0000 0.0000 0.0000 0.0000 0.0000 0.0000
118      118   (0)      8  : 0.1148 0.0000 0.0000 0.0000 0.0003 0.0000 0.0000 0.0229 0.0000 0.0000 0.6965 0.0000 0.0051 0.0000 0.0000 0.0229 0.0000 0.0293 0.0316 0.0000 0.0026 0.0741 0.0000
119      119   (0)      9  : 0.0000 0.1876 0.0000 0.1514 0.0000 0.0000 0.0000 0.0000 0.1708 0.0000 0.0000 0.0000 0.0000 0.0000 0.0239 0.0000 0.1558 0.0000 0.0000 0.0294 0.0000 0.0310 0.2500
120      120   (0)     10  : 0.3846 0.0000 0.0365 0.0000 0.0332 0.0000 0.0014 0.0194 0.0000 0.0086 0.0677 0.0160 0.0002 0.0158 0.0000 0.0512 0.0000 0.0002 0.1934 0.0964 0.0000 0.0702 0.0054
121      121   (0)     10  : 0.0489 0.0000 0.0000 0.0000 0.0000 0.0000 0.0000 0.0346 0.0000 0.0000 0.2936 0.0347 0.0000 0.0000 0.0000 0.0791 0.0000 0.0000 0.1787 0.2257 0.0000 0.0827 0.0220
122      122   (0)     10  : 0.3255 0.0000 0.0000 0.0000 0.0071 0.0000 0.0000 0.0226 0.0000 0.0048 0.0200 0.0000 0.0032 0.0241 0.0000 0.2700 0.0000 0.0000 0.1263 0.1406 0.0017 0.0540 0.0000
123      123   (0)     10  : 0.1641 0.0053 0.0053 0.0005 0.0454 0.0000 0.0197 0.0000 0.0322 0.0001 0.0972 0.0158 0.0241 0.0165 0.0022 0.2689 0.0129 0.0389 0.0626 0.1063 0.0119 0.0567 0.0135
124      124   (0)     10  : 0.2777 0.0000 0.0459 0.0000 0.0028 0.0000 0.0023 0.0073 0.0000 0.0248 0.2393 0.0021 0.0000 0.0000 0.0000 0.1584 0.0000 0.0188 0.0911 0.0653 0.0000 0.0595 0.0049
125      125   (0)     10  : 0.2517 0.0000 0.0241 0.0000 0.0000 0.1043 0.0012 0.0019 0.0000 0.0136 0.1558 0.0043 0.0000 0.0399 0.0000 0.0021 0.0000 0.0032 0.0516 0.2010 0.0003 0.1265 0.0185
126      126   (0)     10  : 0.2388 0.0000 0.0090 0.0000 0.0032 0.0000 0.0001 0.0238 0.0000 0.0209 0.2447 0.0000 0.0000 0.0049 0.0000 0.0888 0.0000 0.0534 0.0990 0.1416 0.0000 0.0618 0.0099
127      127   (0)     10  : 0.0694 0.0000 0.0000 0.0000 0.0117 0.0000 0.0000 0.0000 0.0000 0.0000 0.3799 0.0074 0.0000 0.0042 0.0000 0.0299 0.0000 0.0027 0.3179 0.0606 0.0005 0.1157 0.0000
128      128   (0)     10  : 0.2721 0.0000 0.0123 0.0000 0.0024 0.0000 0.0030 0.0294 0.0000 0.0134 0.1621 0.0315 0.0000 0.0011 0.0000 0.0224 0.0000 0.0882 0.1817 0.1195 0.0000 0.0531 0.0080
129      129   (0)     10  : 0.9167 0.0000 0.0000 0.0000 0.0000 0.0000 0.0000 0.0000 0.0000 0.0000 0.0833 0.0000 0.0000 0.0000 0.0000 0.0000 0.0000 0.0000 0.0000 0.0000 0.0000 0.0000 0.0000
130      130   (0)     10  : 0.3766 0.0000 0.0000 0.0000 0.0000 0.0000 0.0000 0.0008 0.0000 0.0000 0.0001 0.0000 0.0050 0.0000 0.0000 0.0932 0.0000 0.0000 0.1013 0.4229 0.0000 0.0000 0.0000
131      131   (0)     10  : 0.3226 0.0000 0.0214 0.0000 0.0140 0.0000 0.0205 0.0127 0.0000 0.0009 0.0493 0.0269 0.0000 0.0414 0.0000 0.0495 0.0000 0.0499 0.0551 0.2553 0.0038 0.0765 0.0000
132      132   (0)     10  : 0.1998 0.0000 0.0413 0.0000 0.0056 0.0319 0.0119 0.0090 0.0000 0.0004 0.1194 0.0004 0.0000 0.0000 0.0000 0.0933 0.0000 0.0004 0.1166 0.2444 0.0059 0.1112 0.0084
133      133   (0)     10  : 0.3257 0.0000 0.0122 0.0000 0.0193 0.0081 0.0007 0.0138 0.0014 0.0086 0.0602 0.0117 0.0000 0.0270 0.0012 0.0000 0.0000 0.0036 0.1461 0.2037 0.0123 0.1265 0.0179
134      134   (0)     10  : 0.4120 0.0000 0.0399 0.0003 0.0237 0.0128 0.0000 0.0000 0.0000 0.0000 0.0832 0.0000 0.0129 0.0000 0.0000 0.0193 0.0000 0.0000 0.0845 0.2358 0.0003 0.0728 0.0026
135      135   (0)     10  : 0.2613 0.0000 0.0238 0.0000 0.0591 0.0000 0.0079 0.0033 0.0000 0.0000 0.0684 0.0032 0.0194 0.0012 0.0000 0.0591 0.0000 0.0206 0.2314 0.1507 0.0043 0.0864 0.0000
136      136   (0)     10  : 0.4172 0.0000 0.0019 0.0000 0.0000 0.0000 0.0000 0.0000 0.0000 0.0000 0.0697 0.0026 0.0065 0.0026 0.0000 0.3467 0.0000 0.0094 0.0356 0.0229 0.0004 0.0846 0.0000
137      137   (0)     11  : 0.0000 0.1077 0.0864 0.0122 0.0000 0.0000 0.0000 0.0199 0.1261 0.0000 0.0000 0.0000 0.0000 0.0000 0.0855 0.0000 0.5002 0.0000 0.0000 0.0062 0.0000 0.0300 0.0257
138      138   (0)     12  : 0.1996 0.0000 0.0422 0.0000 0.0135 0.0798 0.0005 0.0833 0.0000 0.0403 0.1092 0.0000 0.0000 0.0414 0.0000 0.0204 0.0000 0.0064 0.0186 0.1733 0.0153 0.1185 0.0378
139      139   (0)     12  : 0.0000 0.0000 0.0442 0.0042 0.0000 0.4030 0.0000 0.0135 0.0124 0.0000 0.0882 0.0001 0.0000 0.0000 0.0079 0.0000 0.0826 0.0000 0.0548 0.0601 0.0000 0.0269 0.2021
140      140   (0)     12  : 0.0000 0.0000 0.0089 0.0000 0.0000 0.0000 0.0310 0.8328 0.0000 0.0000 0.0000 0.0000 0.0000 0.0000 0.0000 0.0000 0.0000 0.0000 0.0000 0.0000 0.1273 0.0000 0.0000
141      141   (0)     12  : 0.0000 0.0000 0.0001 0.0000 0.0000 0.8506 0.0000 0.0000 0.0000 0.0000 0.0000 0.0000 0.1492 0.0000 0.0000 0.0000 0.0000 0.0000 0.0000 0.0000 0.0000 0.0000 0.0000
142      142   (0)     12  : 0.1701 0.0000 0.0358 0.0000 0.0022 0.0088 0.0000 0.0298 0.0000 0.0033 0.1269 0.0156 0.0088 0.0238 0.0000 0.0733 0.0000 0.0195 0.0704 0.2632 0.0061 0.1362 0.0061
143      143   (0)     12  : 0.0145 0.0000 0.0400 0.0000 0.0000 0.7772 0.0000 0.0000 0.0000 0.0000 0.0000 0.0023 0.0000 0.0546 0.0000 0.0000 0.0000 0.0000 0.0437 0.0289 0.0000 0.0388 0.0000
144      144   (0)     12  : 0.1743 0.0000 0.1056 0.0000 0.0000 0.0487 0.0024 0.0245 0.0000 0.0000 0.0957 0.0001 0.0063 0.0000 0.0004 0.0318 0.0000 0.0029 0.1885 0.2130 0.0080 0.0946 0.0031
145      145   (0)     12  : 0.0587 0.0000 0.0000 0.0000 0.0017 0.0000 0.1340 0.2405 0.0000 0.0000 0.0112 0.0000 0.0198 0.0074 0.0000 0.0635 0.0000 0.0099 0.0090 0.0244 0.0550 0.3649 0.0000
146      146   (0)     13  : 0.0000 0.0833 0.0000 0.0833 0.0000 0.0000 0.0000 0.0000 0.7078 0.0000 0.0000 0.0000 0.0000 0.0000 0.0000 0.0000 0.1256 0.0000 0.0000 0.0000 0.0000 0.0000 0.0000
147      147   (0)     13  : 0.0000 0.1294 0.0000 0.1317 0.0000 0.0000 0.0000 0.0176 0.0657 0.0000 0.0000 0.0000 0.0000 0.0000 0.0864 0.0000 0.4827 0.0000 0.0000 0.0296 0.0000 0.0000 0.0569
148      148   (0)     13  : 0.0000 0.0000 0.0000 0.1667 0.0000 0.0000 0.0000 0.0000 0.1217 0.0000 0.0000 0.0000 0.0000 0.0000 0.4533 0.0000 0.1750 0.0000 0.0000 0.0000 0.0000 0.0000 0.0833
149      149   (0)     13  : 0.0000 0.0463 0.0000 0.1667 0.0000 0.0000 0.0000 0.0833 0.1667 0.0000 0.0000 0.0000 0.0000 0.0000 0.1667 0.0000 0.2739 0.0000 0.0000 0.0000 0.0000 0.0000 0.0964
150      150   (0)     13  : 0.0000 0.1216 0.0000 0.0000 0.0000 0.0000 0.0000 0.0000 0.6820 0.0000 0.0000 0.0000 0.0000 0.0000 0.0297 0.0000 0.0833 0.0000 0.0000 0.0000 0.0000 0.0000 0.0833
151      151   (0)     14  : 0.0000 0.3248 0.0000 0.0146 0.0000 0.0000 0.0000 0.0000 0.2998 0.0000 0.0000 0.0000 0.0000 0.0000 0.0868 0.0000 0.2740 0.0000 0.0000 0.0000 0.0000 0.0000 0.0000
152      152   (0)     14  : 0.1088 0.0000 0.0000 0.0000 0.0065 0.0000 0.0001 0.0019 0.0000 0.0029 0.1498 0.0045 0.0000 0.0296 0.0000 0.0000 0.0000 0.0000 0.5284 0.0840 0.0002 0.0833 0.0000
153      153   (0)     15  : 0.0000 0.0000 0.0000 0.0000 0.0000 1.0000 0.0000 0.0000 0.0000 0.0000 0.0000 0.0000 0.0000 0.0000 0.0000 0.0000 0.0000 0.0000 0.0000 0.0000 0.0000 0.0000 0.0000
154      154   (0)     15  : 0.0000 0.3858 0.0000 0.1383 0.0000 0.0000 0.0000 0.0000 0.2200 0.0000 0.0000 0.0000 0.0000 0.0000 0.1073 0.0000 0.0923 0.0000 0.0000 0.0000 0.0000 0.0025 0.0538
155      155   (0)     16  : 0.2764 0.0000 0.0292 0.0000 0.0069 0.0158 0.0000 0.0000 0.0000 0.0000 0.2402 0.0260 0.0005 0.0000 0.0000 0.0287 0.0000 0.0000 0.0952 0.1690 0.0140 0.0944 0.0036
156      156   (0)     16  : 0.3226 0.0000 0.0013 0.0000 0.0058 0.0000 0.0356 0.0000 0.0000 0.0000 0.0244 0.0309 0.0658 0.0000 0.0000 0.1202 0.0000 0.0128 0.1200 0.2301 0.0000 0.0201 0.0106
157      157   (0)     17  : 0.0000 0.0000 0.0476 0.0000 0.0000 0.8660 0.0000 0.0000 0.0000 0.0000 0.0000 0.0000 0.0031 0.0000 0.0000 0.0000 0.0000 0.0000 0.0000 0.0000 0.0000 0.0000 0.0833
158      158   (0)     17  : 0.0000 0.0000 0.0000 0.0000 0.0000 0.0000 1.0000 0.0000 0.0000 0.0000 0.0000 0.0000 0.0000 0.0000 0.0000 0.0000 0.0000 0.0000 0.0000 0.0000 0.0000 0.0000 0.0000
159      159   (0)     18  : 0.2370 0.0000 0.0066 0.0000 0.0003 0.0000 0.0000 0.0081 0.0000 0.0000 0.2792 0.0001 0.0000 0.0453 0.0000 0.0889 0.0000 0.0265 0.1373 0.0586 0.0000 0.0977 0.0145
160      160   (0)     18  : 0.0513 0.0000 0.0000 0.0000 0.0022 0.0000 0.0000 0.0086 0.0000 0.0009 0.3699 0.0056 0.0393 0.0000 0.0000 0.0249 0.0000 0.0338 0.3575 0.0833 0.0000 0.0226 0.0000
161      161   (0)     18  : 0.1101 0.0000 0.0000 0.0000 0.0014 0.0000 0.0000 0.0189 0.0000 0.0216 0.0710 0.0000 0.0124 0.0077 0.0000 0.2027 0.0000 0.0146 0.3350 0.1493 0.0000 0.0294 0.0258
162      162   (0)     19  : 0.2203 0.0000 0.0179 0.0000 0.0115 0.0362 0.0000 0.0047 0.0000 0.0000 0.0743 0.1052 0.0000 0.0883 0.0000 0.0413 0.0000 0.0691 0.1786 0.0721 0.0001 0.0454 0.0349
163      163   (0)     19  : 0.0000 0.0354 0.1597 0.0267 0.0029 0.1036 0.0000 0.0000 0.0000 0.0000 0.0000 0.0026 0.0000 0.0000 0.0286 0.4215 0.0108 0.0000 0.0000 0.0000 0.0000 0.0000 0.2082
164      164   (0)     19  : 0.0000 0.0000 0.0000 0.0000 0.0740 0.0000 0.0000 0.0000 0.0000 0.0000 0.0000 0.0000 0.0000 0.0000 0.0000 0.9214 0.0000 0.0000 0.0000 0.0000 0.0046 0.0000 0.0000
