1        1   (0)      1  : 0.0196 0.0000 0.0000 0.0000 0.0000 0.0000 0.0836 0.6673 0.0000 0.0005 0.0000 0.0000 0.0000 0.0252 0.0000 0.0000 0.0000 0.0258 0.0271 0.0855 0.0043 0.0250 0.0363
2        2   (0)      1  : 0.0000 0.0000 0.0014 0.0000 0.0711 0.0000 0.8302 0.0149 0.0000 0.0000 0.0000 0.0096 0.0678 0.0000 0.0000 0.0000 0.0000 0.0000 0.0000 0.0000 0.0000 0.0042 0.0008
3        3   (0)      1  : 0.0000 0.0000 0.0000 0.0000 0.0000 0.0000 0.0000 1.0000 0.0000 0.0000 0.0000 0.0000 0.0000 0.0000 0.0000 0.0000 0.0000 0.0000 0.0000 0.0000 0.0000 0.0000 0.0000
4        4   (0)      1  : 0.0000 0.0000 0.0000 0.0000 0.0000 0.0000 1.0000 0.0000 0.0000 0.0000 0.0000 0.0000 0.0000 0.0000 0.0000 0.0000 0.0000 0.0000 0.0000 0.0000 0.0000 0.0000 0.0000
5        5   (0)      1  : 0.0000 0.0000 0.1258 0.0000 0.0062 0.0873 0.1740 0.0009 0.0000 0.0000 0.3533 0.0000 0.0004 0.0000 0.0000 0.0000 0.0000 0.0481 0.1794 0.0060 0.0008 0.0000 0.0179
6        6   (0)      1  : 0.1675 0.0000 0.0960 0.0000 0.0088 0.0402 0.0820 0.0006 0.0000 0.0000 0.2297 0.0059 0.0000 0.0000 0.0000 0.0000 0.0000 0.0355 0.1172 0.0942 0.0000 0.0928 0.0296
7        7   (0)      1  : 0.0000 0.0000 0.0000 0.0000 0.0000 0.0000 0.0000 0.0000 0.0000 0.0000 0.7877 0.0000 0.0203 0.0000 0.0000 0.0000 0.0000 0.0244 0.1077 0.0598 0.0000 0.0000 0.0000
8        8   (0)      1  : 0.0000 0.0000 0.0926 0.0000 0.0000 0.0316 0.2494 0.0000 0.0000 0.0000 0.4448 0.0000 0.0000 0.0000 0.0000 0.0000 0.0000 0.0675 0.0882 0.0197 0.0000 0.0000 0.0062
9        9   (0)      1  : 0.0000 0.0000 0.0000 0.0000 0.0000 0.0000 1.0000 0.0000 0.0000 0.0000 0.0000 0.0000 0.0000 0.0000 0.0000 0.0000 0.0000 0.0000 0.0000 0.0000 0.0000 0.0000 0.0000
10       10   (0)      1  : 0.0000 0.0000 0.0000 0.0000 0.0000 0.0000 0.0000 0.0000 0.0000 0.0000 0.8571 0.0000 0.0000 0.0000 0.0000 0.0000 0.0000 0.0000 0.0000 0.0000 0.0000 0.1429 0.0000
11       11   (0)      1  : 0.0000 0.0000 0.0000 0.0000 0.0000 0.0000 0.0000 0.0000 0.0000 0.0000 0.0000 0.0000 0.0000 0.0000 0.0000 0.0000 0.0000 0.0000 0.0000 0.0000 0.0000 1.0000 0.0000
12       12   (0)      1  : 0.0000 0.0000 0.0000 0.0000 0.0000 0.0000 0.0000 0.0000 0.0000 0.0000 0.0000 0.0000 1.0000 0.0000 0.0000 0.0000 0.0000 0.0000 0.0000 0.0000 0.0000 0.0000 0.0000
13       13   (0)      1  : 0.1003 0.0000 0.0000 0.0000 0.0000 0.0000 0.0000 0.0000 0.0000 0.0225 0.6184 0.0140 0.0018 0.0188 0.0000 0.0438 0.0000 0.0074 0.0629 0.0307 0.0000 0.0795 0.0000
14       14   (0)      1  : 0.0000 0.0114 0.0924 0.0046 0.0000 0.1035 0.0001 0.1717 0.0000 0.0000 0.3477 0.0109 0.0626 0.0000 0.0099 0.0000 0.0000 0.0000 0.0072 0.0000 0.0000 0.1651 0.0130
15       15   (0)      1  : 0.0000 0.0000 1.0000 0.0000 0.0000 0.0000 0.0000 0.0000 0.0000 0.0000 0.0000 0.0000 0.0000 0.0000 0.0000 0.0000 0.0000 0.0000 0.0000 0.0000 0.0000 0.0000 0.0000
16       16   (0)      1  : 0.0000 0.0000 0.0000 0.0000 0.0000 0.0000 0.1429 0.0000 0.0000 0.0000 0.0000 0.0000 0.0000 0.0000 0.0000 0.0000 0.0000 0.0000 0.0000 0.0000 0.7143 0.0000 0.1429
17       17   (0)      1  : 0.0000 0.0000 0.0000 0.0000 0.0000 0.0000 0.1429 0.0000 0.0000 0.0000 0.0000 0.0000 0.0000 0.0000 0.0000 0.0000 0.0000 0.0000 0.0000 0.0000 0.7143 0.0000 0.1429
18       18   (0)      1  : 0.0000 0.0000 0.0000 0.0000 0.0000 0.0000 0.0000 0.0000 0.0000 1.0000 0.0000 0.0000 0.0000 0.0000 0.0000 0.0000 0.0000 0.0000 0.0000 0.0000 0.0000 0.0000 0.0000
19       19   (0)      1  : 0.0772 0.0000 0.0000 0.0000 0.0050 0.0000 0.0000 0.0000 0.0000 0.0010 0.0000 0.0083 0.0018 0.0045 0.0000 0.0000 0.0000 0.1463 0.1615 0.4418 0.0000 0.1526 0.0000
20       20   (0)      1  : 0.0000 0.0000 0.0000 0.0000 0.0000 0.0000 0.0000 0.0000 0.0000 0.0000 0.0000 0.0042 0.0000 0.0000 0.0000 0.0000 0.0000 0.1429 0.8529 0.0000 0.0000 0.0000 0.0000
21       21   (0)      1  : 0.0000 0.0000 0.0000 0.0000 0.0000 0.0000 0.0000 1.0000 0.0000 0.0000 0.0000 0.0000 0.0000 0.0000 0.0000 0.0000 0.0000 0.0000 0.0000 0.0000 0.0000 0.0000 0.0000
22       22   (0)      1  : 0.0000 0.0000 1.0000 0.0000 0.0000 0.0000 0.0000 0.0000 0.0000 0.0000 0.0000 0.0000 0.0000 0.0000 0.0000 0.0000 0.0000 0.0000 0.0000 0.0000 0.0000 0.0000 0.0000
23       23   (0)      1  : 0.0391 0.0000 0.0000 0.0000 0.0037 0.0000 0.0006 0.0000 0.0000 0.0000 0.0584 0.0002 0.0083 0.0000 0.0000 0.0235 0.0000 0.0000 0.0247 0.6109 0.0000 0.2301 0.0006
24       24   (0)      2  : 0.0000 0.0000 0.0000 0.0000 0.0000 0.0000 0.0000 0.7759 0.0000 0.0000 0.0000 0.0000 0.0000 0.0000 0.0000 0.0000 0.0000 0.0000 0.0000 0.0000 0.0812 0.0000 0.1429
25       25   (0)      2  : 0.1378 0.0000 0.0000 0.0000 0.0000 0.0000 0.0000 0.0000 0.0000 0.0000 0.1429 0.0000 0.0000 0.0047 0.0000 0.0665 0.0000 0.0000 0.2491 0.0757 0.0000 0.3235 0.0000
26       26   (0)      2  : 0.0000 0.0000 0.0000 0.0000 0.0000 0.0000 0.0495 0.3611 0.0000 0.0008 0.1156 0.0000 0.0000 0.0000 0.0000 0.0000 0.0000 0.0444 0.0000 0.0000 0.0000 0.0000 0.4286
27       27   (0)      2  : 0.1671 0.0000 0.0000 0.0000 0.0229 0.0000 0.0000 0.0393 0.0000 0.0874 0.2019 0.0016 0.0077 0.0001 0.0000 0.0110 0.0000 0.0085 0.1776 0.1306 0.0004 0.1241 0.0198
28       28   (0)      2  : 0.5565 0.0000 0.0178 0.0000 0.0000 0.0000 0.0000 0.0161 0.0000 0.0000 0.0514 0.0075 0.0000 0.0017 0.0000 0.0000 0.0000 0.0000 0.0512 0.0511 0.0062 0.1847 0.0559
29       29   (0)      2  : 0.0981 0.0000 0.0000 0.0000 0.0322 0.0000 0.0067 0.0000 0.0000 0.0414 0.1126 0.0072 0.0002 0.0030 0.0000 0.0743 0.0000 0.0041 0.2415 0.2552 0.0165 0.0565 0.0504
30       30   (0)      2  : 0.0000 0.1429 0.0000 0.1429 0.0000 0.0000 0.0000 0.0000 0.2857 0.0000 0.0000 0.0000 0.0000 0.0000 0.4286 0.0000 0.0000 0.0000 0.0000 0.0000 0.0000 0.0000 0.0000
31       31   (0)      2  : 0.2982 0.0000 0.0032 0.0000 0.0000 0.0019 0.0034 0.0012 0.0000 0.0493 0.2047 0.0064 0.0023 0.0091 0.0000 0.0671 0.0000 0.0182 0.1253 0.1240 0.0132 0.0572 0.0154
32       32   (0)      2  : 0.0000 0.0000 0.0000 0.0000 0.0000 0.0000 0.0000 1.0000 0.0000 0.0000 0.0000 0.0000 0.0000 0.0000 0.0000 0.0000 0.0000 0.0000 0.0000 0.0000 0.0000 0.0000 0.0000
33       33   (0)      2  : 0.0000 0.0000 0.0000 0.0000 0.0000 0.0000 0.0000 0.0000 0.0000 1.0000 0.0000 0.0000 0.0000 0.0000 0.0000 0.0000 0.0000 0.0000 0.0000 0.0000 0.0000 0.0000 0.0000
34       34   (0)      2  : 0.0000 0.0000 0.0000 0.0000 0.0000 0.0000 0.0000 0.0000 0.0000 0.0000 0.0000 0.0000 0.0000 0.0000 0.0000 0.0000 0.0000 0.0000 0.0000 0.0000 0.0000 1.0000 0.0000
35       35   (0)      2  : 0.3554 0.0000 0.0184 0.0000 0.0126 0.0000 0.0000 0.0324 0.0000 0.0165 0.0589 0.0318 0.0331 0.0115 0.0000 0.0726 0.0000 0.0179 0.1231 0.0665 0.0000 0.1440 0.0053
36       36   (0)      2  : 0.0000 0.0000 0.0000 0.0000 0.0000 0.0000 1.0000 0.0000 0.0000 0.0000 0.0000 0.0000 0.0000 0.0000 0.0000 0.0000 0.0000 0.0000 0.0000 0.0000 0.0000 0.0000 0.0000
37       37   (0)      3  : 0.1089 0.0000 0.0000 0.0000 0.0110 0.0000 0.0000 0.0052 0.0000 0.0000 0.2275 0.0053 0.0079 0.0282 0.0000 0.0542 0.0000 0.0000 0.3553 0.0800 0.0000 0.1156 0.0009
38       38   (0)      3  : 0.0000 0.0000 0.0000 0.0000 0.0204 0.0000 0.0000 0.0000 0.0000 0.0000 0.0000 0.0000 0.0000 0.0000 0.0000 0.9796 0.0000 0.0000 0.0000 0.0000 0.0000 0.0000 0.0000
39       39   (0)      3  : 0.2270 0.0000 0.0000 0.0000 0.0083 0.0000 0.0000 0.0000 0.0000 0.0000 0.2160 0.0000 0.0000 0.0100 0.0000 0.0000 0.0000 0.0000 0.1429 0.3153 0.0000 0.0758 0.0048
40       40   (0)      3  : 0.0000 0.0000 0.0000 0.0000 0.0000 0.0000 0.0000 0.0000 0.0000 0.0000 0.0000 0.0000 0.0000 0.0000 0.0000 0.0000 0.0000 0.1429 0.8571 0.0000 0.0000 0.0000 0.0000
41       41   (0)      3  : 0.4123 0.0000 0.0000 0.0000 0.0273 0.0000 0.0000 0.0000 0.0000 0.0066 0.0479 0.0000 0.0000 0.0000 0.0000 0.0000 0.0000 0.0032 0.1429 0.1429 0.0020 0.2149 0.0001
42       42   (0)      4  : 0.0000 0.2470 0.0000 0.2155 0.0000 0.0000 0.0000 0.0000 0.0000 0.0000 0.0000 0.0000 0.0000 0.0000 0.2566 0.0000 0.2809 0.0000 0.0000 0.0000 0.0000 0.0000 0.0000
43       43   (0)      4  : 0.2480 0.0000 0.0000 0.0000 0.0084 0.0000 0.0000 0.0000 0.0000 0.0000 0.0426 0.0041 0.0143 0.0084 0.0000 0.0000 0.0000 0.0369 0.4846 0.0509 0.0000 0.0945 0.0073
44       44   (0)      4  : 0.0000 1.0000 0.0000 0.0000 0.0000 0.0000 0.0000 0.0000 0.0000 0.0000 0.0000 0.0000 0.0000 0.0000 0.0000 0.0000 0.0000 0.0000 0.0000 0.0000 0.0000 0.0000 0.0000
45       45   (0)      4  : 0.0000 0.4180 0.0000 0.2857 0.0000 0.0000 0.0000 0.0000 0.0287 0.0000 0.0000 0.0000 0.0000 0.0000 0.0658 0.0000 0.2018 0.0000 0.0000 0.0000 0.0000 0.0000 0.0000
46       46   (0)      4  : 0.3531 0.0017 0.0016 0.0000 0.0000 0.0000 0.0076 0.0322 0.0019 0.0000 0.3034 0.0060 0.0000 0.0012 0.0000 0.0000 0.0049 0.0445 0.1212 0.0634 0.0011 0.0562 0.0000
47       47   (0)      4  : 0.8514 0.0000 0.0000 0.0000 0.0000 0.0000 0.0000 0.0000 0.0000 0.0000 0.1429 0.0044 0.0000 0.0013 0.0000 0.0000 0.0000 0.0000 0.0000 0.0000 0.0000 0.0000 0.0000
48       48   (0)      4  : 0.1303 0.0000 0.0000 0.0000 0.0000 0.0000 0.0000 0.0000 0.0000 0.0055 0.5398 0.0054 0.0056 0.0013 0.0000 0.0264 0.0000 0.0000 0.1429 0.1429 0.0000 0.0000 0.0000
49       49   (0)      4  : 0.0000 0.0000 0.0000 0.0000 0.0000 0.0000 0.0000 0.0000 0.0000 0.0000 0.7472 0.0000 0.0005 0.0000 0.0000 0.0220 0.0000 0.0000 0.1769 0.0000 0.0000 0.0533 0.0000
50       50   (0)      4  : 0.0000 0.0000 0.0000 0.0000 0.0000 0.0000 0.0000 0.0000 0.0000 0.0000 0.0000 0.0000 0.0000 1.0000 0.0000 0.0000 0.0000 0.0000 0.0000 0.0000 0.0000 0.0000 0.0000
51       51   (0)      4  : 0.0275 0.1453 0.0073 0.1216 0.0000 0.2928 0.0000 0.0000 0.0540 0.0000 0.0590 0.0000 0.0000 0.1019 0.0000 0.0000 0.0111 0.0228 0.0291 0.0356 0.0000 0.0317 0.0603
52       52   (0)      4  : 0.5307 0.0000 0.0000 0.0000 0.0000 0.0089 0.0000 0.0000 0.0000 0.0145 0.1696 0.0444 0.0000 0.0022 0.0027 0.0000 0.0000 0.0057 0.0000 0.1505 0.0000 0.0617 0.0090
53       53   (0)      4  : 0.4695 0.0000 0.0000 0.0000 0.0004 0.0000 0.0000 0.0000 0.0000 0.0013 0.0000 0.0000 0.0053 0.0000 0.0000 0.0548 0.0000 0.0000 0.1131 0.0138 0.0000 0.3417 0.0000
54       54   (0)      4  : 0.4605 0.0032 0.0025 0.0032 0.0122 0.0080 0.0000 0.0000 0.0000 0.0000 0.2210 0.0108 0.0000 0.0200 0.0119 0.0968 0.0000 0.0101 0.0065 0.1112 0.0053 0.0147 0.0020
55       55   (0)      4  : 0.0000 0.0000 0.0000 0.0000 0.0000 0.0000 0.0000 0.0000 0.0000 0.0000 0.0000 0.0000 0.0000 1.0000 0.0000 0.0000 0.0000 0.0000 0.0000 0.0000 0.0000 0.0000 0.0000
56       56   (0)      4  : 0.0000 0.0818 0.0000 0.0000 0.0000 0.0000 0.0000 0.0000 0.0000 0.0000 0.0000 0.0000 0.0000 0.0000 0.4286 0.0000 0.3468 0.0000 0.0000 0.0000 0.1429 0.0000 0.0000
57       57   (0)      5  : 0.3713 0.0000 0.0000 0.0000 0.0000 0.0000 0.0000 0.0000 0.0000 0.0007 0.0000 0.0014 0.0033 0.0000 0.0000 0.0503 0.0000 0.0025 0.0729 0.0648 0.0000 0.4328 0.0000
58       58   (0)      5  : 0.3486 0.0000 0.0000 0.0000 0.0000 0.0000 0.0000 0.0000 0.0000 0.0282 0.1619 0.0055 0.0000 0.0000 0.0000 0.0517 0.0000 0.0171 0.0000 0.1814 0.0000 0.2056 0.0000
59       59   (0)      5  : 0.0000 0.8027 0.0000 0.0000 0.0000 0.0000 0.0000 0.0000 0.0000 0.0000 0.0000 0.0000 0.0000 0.0000 0.0446 0.0000 0.1527 0.0000 0.0000 0.0000 0.0000 0.0000 0.0000
60       60   (0)      5  : 0.2992 0.0000 0.0000 0.0000 0.0000 0.0000 0.0000 0.0000 0.0000 0.0000 0.0494 0.0220 0.0181 0.0000 0.0000 0.0000 0.0000 0.0063 0.0057 0.1429 0.0000 0.4564 0.0000
61       61   (0)      5  : 0.0685 0.0572 0.0932 0.0149 0.0748 0.0550 0.0000 0.0000 0.0489 0.0000 0.0235 0.0000 0.0000 0.0000 0.2750 0.0000 0.0696 0.0088 0.0000 0.0483 0.0000 0.1623 0.0000
62       62   (0)      5  : 0.0000 0.1429 0.0000 0.0000 0.0000 0.0000 0.0000 0.0000 0.0000 0.0000 0.0000 0.0000 0.0000 0.0000 0.7143 0.0000 0.1429 0.0000 0.0000 0.0000 0.0000 0.0000 0.0000
63       63   (0)      5  : 0.2769 0.0190 0.0020 0.0088 0.0089 0.0744 0.0177 0.0000 0.0146 0.0003 0.0995 0.0026 0.0059 0.0132 0.0968 0.0495 0.0160 0.0180 0.0562 0.0550 0.0206 0.1409 0.0030
64       64   (0)      5  : 0.2827 0.0000 0.0000 0.0000 0.0000 0.0000 0.0000 0.0000 0.0000 0.0000 0.0000 0.0000 0.0030 0.0000 0.0000 0.0000 0.0000 0.0000 0.0000 0.1429 0.0000 0.5714 0.0000
65       65   (0)      5  : 0.4856 0.0000 0.0000 0.0000 0.0000 0.0000 0.0000 0.0000 0.0000 0.0000 0.2857 0.0000 0.0000 0.0000 0.0000 0.0000 0.0000 0.1429 0.0000 0.0859 0.0000 0.0000 0.0000
66       66   (0)      5  : 0.0430 0.0000 0.0000 0.0000 0.0040 0.0000 0.0000 0.0000 0.0000 0.0000 0.0657 0.0000 0.0000 0.0003 0.0000 0.2857 0.0000 0.1429 0.1429 0.1528 0.0024 0.1541 0.0064
67       67   (0)      5  : 0.0000 0.0000 0.0250 0.1101 0.0000 0.0000 0.0000 0.0000 0.3715 0.0000 0.0000 0.0000 0.0000 0.0000 0.1429 0.0260 0.0000 0.0189 0.0221 0.0251 0.2349 0.0237 0.0000
68       68   (0)      5  : 0.0000 0.0359 0.0000 0.2023 0.0000 0.0000 0.0000 0.0000 0.2097 0.0000 0.0000 0.0000 0.0000 0.0000 0.0473 0.0000 0.4628 0.0000 0.0000 0.0000 0.0421 0.0000 0.0000
69       69   (0)      5  : 0.2202 0.0000 0.0000 0.0597 0.0187 0.0140 0.0118 0.0000 0.0720 0.0002 0.0156 0.0006 0.0029 0.0238 0.0345 0.2163 0.0000 0.0251 0.0989 0.0932 0.0621 0.0213 0.0091
70       70   (0)      5  : 0.0000 0.0000 0.0000 0.2857 0.0000 0.0000 0.0000 0.0000 0.2857 0.0000 0.0000 0.0000 0.0000 0.0000 0.1429 0.0000 0.0000 0.0000 0.0000 0.0000 0.2857 0.0000 0.0000
71       71   (0)      5  : 0.0000 0.0000 0.0000 0.5035 0.0000 0.0000 0.0000 0.0000 0.0000 0.0000 0.0000 0.0000 0.0000 0.0000 0.1429 0.0000 0.3536 0.0000 0.0000 0.0000 0.0000 0.0000 0.0000
72       72   (0)      5  : 0.4582 0.0108 0.0000 0.0119 0.0000 0.0000 0.0000 0.0047 0.0432 0.0003 0.0620 0.0000 0.0225 0.0000 0.0100 0.1174 0.0239 0.0320 0.0794 0.0699 0.0073 0.0261 0.0205
73       73   (0)      5  : 0.0000 0.0000 0.0000 0.0000 0.0000 0.0000 0.0000 0.0000 0.0000 0.0000 0.2837 0.0110 0.0003 0.0000 0.0000 0.0749 0.0000 0.0002 0.0412 0.5374 0.0055 0.0459 0.0000
74       74   (0)      5  : 0.0000 0.1438 0.0000 0.0622 0.0000 0.0000 0.0000 0.0000 0.0249 0.0000 0.0000 0.0000 0.0000 0.0000 0.0000 0.0000 0.7692 0.0000 0.0000 0.0000 0.0000 0.0000 0.0000
75       75   (0)      6  : 0.0000 0.2146 0.0000 0.0237 0.0000 0.0000 0.0000 0.0000 0.4951 0.0000 0.0000 0.0000 0.0000 0.0000 0.0000 0.0000 0.2667 0.0000 0.0000 0.0000 0.0000 0.0000 0.0000
76       76   (0)      6  : 0.3062 0.0120 0.0018 0.0000 0.0000 0.0032 0.0000 0.0044 0.0023 0.0065 0.3264 0.0021 0.0027 0.0000 0.0000 0.0000 0.0000 0.0005 0.1758 0.0921 0.0065 0.0378 0.0198
77       77   (0)      6  : 0.0000 0.3132 0.0000 0.0447 0.0000 0.0000 0.0000 0.0000 0.3410 0.0000 0.0000 0.0000 0.0000 0.0000 0.0000 0.0000 0.3010 0.0000 0.0000 0.0000 0.0000 0.0000 0.0000
78       78   (0)      6  : 0.0000 0.0000 0.0000 0.1429 0.0000 0.0000 0.0000 0.0000 0.0000 0.0000 0.0000 0.0000 0.0000 0.0000 0.0000 0.0000 0.8571 0.0000 0.0000 0.0000 0.0000 0.0000 0.0000
79       79   (0)      6  : 0.0000 0.0411 0.0000 0.0834 0.0000 0.0000 0.0000 0.0000 0.1017 0.0000 0.0000 0.0000 0.0000 0.0000 0.4880 0.0000 0.2857 0.0000 0.0000 0.0000 0.0000 0.0000 0.0000
80       80   (0)      6  : 0.0000 0.0000 0.0000 0.0000 0.0000 0.0000 0.0000 0.9819 0.0000 0.0000 0.0000 0.0000 0.0000 0.0000 0.0000 0.0000 0.0000 0.0000 0.0000 0.0000 0.0000 0.0000 0.0181
81       81   (0)      6  : 0.0000 0.1452 0.0000 0.4995 0.0000 0.0000 0.0000 0.0000 0.0644 0.0000 0.0000 0.0000 0.0000 0.0000 0.0972 0.0000 0.1936 0.0000 0.0000 0.0000 0.0000 0.0000 0.0000
82       82   (0)      6  : 0.0000 0.2102 0.0000 0.2795 0.0000 0.0000 0.0000 0.0000 0.2857 0.0000 0.0000 0.0000 0.0000 0.0000 0.1724 0.0000 0.0522 0.0000 0.0000 0.0000 0.0000 0.0000 0.0000
83       83   (0)      6  : 0.0000 0.0351 0.0000 0.5080 0.0000 0.0000 0.0000 0.0000 0.2376 0.0000 0.0000 0.0000 0.0000 0.0000 0.2192 0.0000 0.0000 0.0000 0.0000 0.0000 0.0000 0.0000 0.0000
84       84   (0)      6  : 0.0000 0.4286 0.0000 0.2857 0.0000 0.0000 0.0000 0.0000 0.2857 0.0000 0.0000 0.0000 0.0000 0.0000 0.0000 0.0000 0.0000 0.0000 0.0000 0.0000 0.0000 0.0000 0.0000
85       85   (0)      6  : 0.0000 0.0634 0.0000 0.4367 0.0000 0.0000 0.0000 0.0000 0.4999 0.0000 0.0000 0.0000 0.0000 0.0000 0.0000 0.0000 0.0000 0.0000 0.0000 0.0000 0.0000 0.0000 0.0000
86       86   (0)      6  : 0.0000 0.0362 0.0000 0.3923 0.0000 0.0000 0.0000 0.0000 0.2857 0.0000 0.0000 0.0000 0.0000 0.0000 0.2857 0.0000 0.0000 0.0000 0.0000 0.0000 0.0000 0.0000 0.0000
87       87   (0)      6  : 0.0000 0.3420 0.0000 0.0000 0.0000 0.0000 0.0000 0.0000 0.1732 0.0000 0.0000 0.0000 0.0000 0.0000 0.0000 0.0000 0.4180 0.0000 0.0000 0.0000 0.0669 0.0000 0.0000
88       88   (0)      6  : 0.0000 0.3100 0.0000 0.1104 0.0000 0.0000 0.0000 0.0000 0.0352 0.0000 0.0000 0.0000 0.0000 0.0000 0.1206 0.0000 0.3511 0.0000 0.0000 0.0000 0.0727 0.0000 0.0000
89       89   (0)      6  : 0.0000 0.4286 0.0000 0.2857 0.0000 0.0000 0.0000 0.0000 0.0000 0.0000 0.0000 0.0000 0.0000 0.0000 0.1429 0.0000 0.0000 0.0000 0.0000 0.0000 0.1429 0.0000 0.0000
90       90   (0)      6  : 0.0000 0.0271 0.0000 0.0384 0.0000 0.0000 0.9003 0.0000 0.0000 0.0000 0.0000 0.0000 0.0000 0.0000 0.0150 0.0000 0.0000 0.0000 0.0000 0.0000 0.0192 0.0000 0.0000
91       91   (0)      6  : 0.0000 0.1429 0.0000 0.1429 0.0000 0.0000 0.0000 0.0000 0.2857 0.0000 0.0000 0.0000 0.0000 0.0000 0.0000 0.0000 0.2857 0.0000 0.0000 0.0000 0.1429 0.0000 0.0000
92       92   (0)      6  : 0.0000 0.0000 0.0000 0.0000 0.0000 0.0000 0.0000 0.0000 0.0000 0.0000 0.0000 0.0000 0.0000 0.0000 0.0000 0.8571 0.0000 0.0000 0.0000 0.1429 0.0000 0.0000 0.0000
93       93   (0)      6  : 0.0000 0.0000 0.0000 0.0000 0.0000 0.5714 0.0000 0.0000 0.0000 0.0000 0.0000 0.0000 0.0000 0.0000 0.0000 0.0000 0.0000 0.0000 0.0000 0.0000 0.0000 0.0000 0.4286
94       94   (0)      6  : 0.0774 0.0000 0.0000 0.0000 0.0055 0.0079 0.0000 0.0000 0.0000 0.0000 0.1368 0.0018 0.0005 0.0304 0.0000 0.1442 0.0000 0.0000 0.0000 0.5206 0.0000 0.0000 0.0750
95       95   (0)      6  : 0.0000 0.0000 0.0000 0.0000 0.0000 0.5105 0.0000 0.0000 0.0101 0.0000 0.0000 0.0000 0.0000 0.0000 0.0000 0.0000 0.0000 0.0000 0.0000 0.0508 0.0000 0.0000 0.4286
96       96   (0)      6  : 0.0000 0.0000 0.0000 0.0000 0.0000 0.5350 0.0000 0.0000 0.0356 0.0000 0.0000 0.0000 0.0000 0.0000 0.0000 0.0000 0.0000 0.0000 0.0000 0.1300 0.0136 0.0000 0.2857
97       97   (0)      6  : 0.0541 0.0000 0.0000 0.0000 0.0135 0.0427 0.0000 0.0000 0.0000 0.0013 0.0749 0.0000 0.0140 0.0232 0.0000 0.1585 0.0000 0.0099 0.0321 0.4324 0.0000 0.0831 0.0601
98       98   (0)      6  : 0.0000 0.0000 0.0814 0.0000 0.0000 0.7757 0.0000 0.0000 0.0000 0.0000 0.0000 0.0000 0.0000 0.0000 0.0000 0.0000 0.0000 0.0000 0.0000 0.0000 0.0000 0.0000 0.1429
99       99   (0)      7  : 0.0000 0.0000 0.0000 0.2857 0.0000 0.0000 0.0000 0.0000 0.1429 0.0000 0.0000 0.0000 0.0000 0.0000 0.0000 0.0000 0.2857 0.0000 0.0000 0.0000 0.2857 0.0000 0.0000
100      100   (0)      7  : 0.0999 0.0000 0.0052 0.0173 0.0000 0.3406 0.0000 0.0010 0.0190 0.0000 0.0736 0.0006 0.0050 0.0000 0.0000 0.0486 0.0352 0.0105 0.0430 0.0885 0.0000 0.2108 0.0012
101      101   (0)      7  : 0.0000 0.0000 1.0000 0.0000 0.0000 0.0000 0.0000 0.0000 0.0000 0.0000 0.0000 0.0000 0.0000 0.0000 0.0000 0.0000 0.0000 0.0000 0.0000 0.0000 0.0000 0.0000 0.0000
102      102   (0)      7  : 0.0000 0.0000 1.0000 0.0000 0.0000 0.0000 0.0000 0.0000 0.0000 0.0000 0.0000 0.0000 0.0000 0.0000 0.0000 0.0000 0.0000 0.0000 0.0000 0.0000 0.0000 0.0000 0.0000
103      103   (0)      7  : 0.2187 0.0000 0.0000 0.0000 0.0040 0.0000 0.0000 0.0000 0.0000 0.0025 0.0456 0.0238 0.0777 0.0827 0.0000 0.1037 0.0000 0.0026 0.2548 0.1300 0.0000 0.0538 0.0000
104      104   (0)      7  : 0.1934 0.0000 0.0000 0.0000 0.0101 0.0000 0.0113 0.0000 0.0000 0.0014 0.0000 0.0256 0.0162 0.0023 0.0000 0.3134 0.0000 0.0444 0.1329 0.2018 0.0019 0.0453 0.0000
105      105   (0)      7  : 0.0000 0.0000 0.0000 0.0000 0.0000 0.0000 0.0000 0.0000 0.0000 0.0000 0.0000 0.0000 0.0000 0.0000 0.0000 0.0000 0.0000 1.0000 0.0000 0.0000 0.0000 0.0000 0.0000
106      106   (0)      7  : 0.0858 0.0000 0.0000 0.0000 0.0027 0.0000 0.0000 0.0034 0.0000 0.0000 0.1807 0.0045 0.0000 0.0167 0.0000 0.0000 0.0000 0.0300 0.3396 0.1937 0.0000 0.1429 0.0000
107      107   (0)      7  : 0.5824 0.0000 0.0000 0.0000 0.0000 0.0000 0.0012 0.0000 0.0000 0.0168 0.1690 0.0105 0.0012 0.0113 0.0000 0.0363 0.0000 0.0000 0.0620 0.1086 0.0000 0.0000 0.0007
108      108   (0)      8  : 0.0000 0.0000 0.0000 0.0000 1.0000 0.0000 0.0000 0.0000 0.0000 0.0000 0.0000 0.0000 0.0000 0.0000 0.0000 0.0000 0.0000 0.0000 0.0000 0.0000 0.0000 0.0000 0.0000
109      109   (0)      8  : 0.0000 0.0000 0.0000 0.0000 0.0251 0.0000 0.0000 0.0000 0.0000 0.0060 0.3727 0.0055 0.0098 0.0016 0.0000 0.0000 0.0000 0.2301 0.1749 0.1154 0.0000 0.0589 0.0000
110      110   (0)      8  : 0.0000 0.0000 0.0000 0.0000 0.0000 0.0000 0.0000 0.0000 0.0000 0.0000 0.0000 0.0000 1.0000 0.0000 0.0000 0.0000 0.0000 0.0000 0.0000 0.0000 0.0000 0.0000 0.0000
111      111   (0)      8  : 0.0000 0.0000 0.0000 0.0000 0.0000 0.0000 0.0000 0.0000 0.0000 0.0000 0.0000 1.0000 0.0000 0.0000 0.0000 0.0000 0.0000 0.0000 0.0000 0.0000 0.0000 0.0000 0.0000
112      112   (0)      8  : 0.0000 0.0000 1.0000 0.0000 0.0000 0.0000 0.0000 0.0000 0.0000 0.0000 0.0000 0.0000 0.0000 0.0000 0.0000 0.0000 0.0000 0.0000 0.0000 0.0000 0.0000 0.0000 0.0000
113      113   (0)      8  : 0.0000 0.0000 0.0000 0.0000 0.0000 0.0000 0.0000 0.0000 0.0000 0.0000 0.6136 0.0000 0.0000 0.0000 0.0000 0.0000 0.0000 0.1483 0.1897 0.0485 0.0000 0.0000 0.0000
114      114   (0)      8  : 0.1453 0.0000 0.0000 0.0000 0.0000 0.0000 0.0000 0.0000 0.0000 0.0000 0.3772 0.0000 0.0256 0.0174 0.0000 0.0039 0.0000 0.0185 0.1077 0.1232 0.0014 0.1797 0.0000
115      115   (0)      8  : 0.0000 0.0000 0.0000 0.0000 1.0000 0.0000 0.0000 0.0000 0.0000 0.0000 0.0000 0.0000 0.0000 0.0000 0.0000 0.0000 0.0000 0.0000 0.0000 0.0000 0.0000 0.0000 0.0000
116      116   (0)      8  : 0.0000 0.0000 0.0000 0.0000 0.0000 0.0000 0.0000 0.0000 0.0000 0.0000 0.0000 1.0000 0.0000 0.0000 0.0000 0.0000 0.0000 0.0000 0.0000 0.0000 0.0000 0.0000 0.0000
117      117   (0)      8  : 0.0000 0.0000 0.0000 0.0000 0.0000 0.0000 0.0000 0.0000 0.0000 0.0000 0.0000 0.0000 0.0000 0.0000 0.0000 0.0000 0.0000 1.0000 0.0000 0.0000 0.0000 0.0000 0.0000
118      118   (0)      8  : 0.0000 0.0000 0.0000 0.0000 0.0007 0.0000 0.0000 0.0038 0.0000 0.0000 0.1306 0.0000 0.0035 0.0000 0.0000 0.0000 0.0000 0.0534 0.6992 0.0262 0.0000 0.0685 0.0142
119      119   (0)      9  : 0.0000 0.0195 0.0000 0.8671 0.0000 0.0000 0.0000 0.0000 0.0022 0.0000 0.0000 0.0000 0.0000 0.0000 0.0699 0.0000 0.0413 0.0000 0.0000 0.0000 0.0000 0.0000 0.0000
120      120   (0)     10  : 0.3427 0.0000 0.0356 0.0000 0.0331 0.0000 0.0000 0.0000 0.0000 0.0037 0.1855 0.0137 0.0000 0.0116 0.0000 0.0000 0.0000 0.0000 0.0470 0.2470 0.0000 0.0686 0.0115
121      121   (0)     10  : 0.0318 0.0000 0.0000 0.0000 0.0000 0.0000 0.0000 0.0000 0.0000 0.0000 0.0308 0.0264 0.0000 0.0006 0.0000 0.0145 0.0000 0.0028 0.2475 0.4739 0.0000 0.1717 0.0000
122      122   (0)     10  : 0.5560 0.0000 0.0000 0.0000 0.0045 0.0000 0.0000 0.0000 0.0000 0.0032 0.0000 0.0000 0.0041 0.0063 0.0000 0.2163 0.0000 0.0000 0.1634 0.0000 0.0000 0.0462 0.0000
123      123   (0)     10  : 0.1849 0.0091 0.0027 0.0077 0.0293 0.0000 0.0154 0.0000 0.0083 0.0000 0.0156 0.0147 0.0184 0.0144 0.0000 0.3586 0.0262 0.0324 0.1320 0.0202 0.0083 0.0978 0.0042
124      124   (0)     10  : 0.3266 0.0000 0.0477 0.0000 0.0015 0.0000 0.0014 0.0000 0.0000 0.0266 0.1388 0.0006 0.0000 0.0000 0.0000 0.1202 0.0000 0.0359 0.1983 0.0561 0.0000 0.0464 0.0000
125      125   (0)     10  : 0.2892 0.0000 0.0274 0.0000 0.0000 0.1313 0.0030 0.0011 0.0000 0.0182 0.1433 0.0020 0.0000 0.0554 0.0000 0.0013 0.0000 0.0071 0.1086 0.0969 0.0000 0.0877 0.0277
126      126   (0)     10  : 0.2616 0.0000 0.0054 0.0000 0.0058 0.0000 0.0000 0.0000 0.0000 0.0231 0.1316 0.0000 0.0000 0.0092 0.0000 0.0104 0.0000 0.0769 0.2422 0.1630 0.0000 0.0628 0.0079
127      127   (0)     10  : 0.2007 0.0000 0.0000 0.0000 0.0126 0.0000 0.0000 0.0000 0.0000 0.0000 0.0638 0.0118 0.0000 0.0061 0.0000 0.0079 0.0000 0.0014 0.1971 0.0813 0.0000 0.4106 0.0065
128      128   (0)     10  : 0.2636 0.0000 0.0101 0.0000 0.0013 0.0000 0.0000 0.0123 0.0000 0.0063 0.1097 0.0239 0.0000 0.0009 0.0000 0.0000 0.0000 0.0927 0.2227 0.1285 0.0000 0.1279 0.0000
129      129   (0)     10  : 1.0000 0.0000 0.0000 0.0000 0.0000 0.0000 0.0000 0.0000 0.0000 0.0000 0.0000 0.0000 0.0000 0.0000 0.0000 0.0000 0.0000 0.0000 0.0000 0.0000 0.0000 0.0000 0.0000
130      130   (0)     10  : 0.6191 0.0000 0.0000 0.0000 0.0000 0.0000 0.0000 0.0009 0.0000 0.0000 0.0977 0.0000 0.0024 0.0000 0.0000 0.0000 0.0000 0.1429 0.0000 0.0855 0.0000 0.0515 0.0000
131      131   (0)     10  : 0.4284 0.0000 0.0281 0.0000 0.0137 0.0000 0.0186 0.0000 0.0000 0.0000 0.0585 0.0308 0.0000 0.0468 0.0000 0.0273 0.0000 0.0738 0.0809 0.1681 0.0054 0.0152 0.0044
132      132   (0)     10  : 0.2865 0.0000 0.0438 0.0000 0.0072 0.0361 0.0108 0.0041 0.0000 0.0000 0.1433 0.0020 0.0000 0.0000 0.0000 0.0727 0.0000 0.0160 0.0868 0.1072 0.0046 0.1269 0.0520
133      133   (0)     10  : 0.4578 0.0000 0.0233 0.0000 0.0254 0.0002 0.0021 0.0000 0.0018 0.0095 0.1062 0.0096 0.0000 0.0333 0.0000 0.0036 0.0026 0.0039 0.0870 0.1048 0.0132 0.1043 0.0113
134      134   (0)     10  : 0.5991 0.0000 0.0434 0.0000 0.0239 0.0000 0.0000 0.0000 0.0000 0.0000 0.0600 0.0000 0.0081 0.0000 0.0000 0.0051 0.0000 0.0224 0.1020 0.0931 0.0005 0.0330 0.0093
135      135   (0)     10  : 0.3346 0.0000 0.0318 0.0000 0.0615 0.0000 0.0087 0.0000 0.0000 0.0000 0.2387 0.0042 0.0162 0.0009 0.0000 0.0069 0.0000 0.0225 0.0134 0.0715 0.0064 0.1793 0.0034
136      136   (0)     10  : 0.1759 0.0000 0.0011 0.0000 0.0017 0.0000 0.0000 0.0000 0.0000 0.0000 0.3241 0.0018 0.0056 0.0038 0.0000 0.0315 0.0000 0.0000 0.1429 0.2857 0.0000 0.0259 0.0000
137      137   (0)     11  : 0.0000 0.1934 0.0858 0.1013 0.0000 0.0000 0.0000 0.0000 0.1514 0.0000 0.0000 0.0000 0.0000 0.0000 0.0580 0.0000 0.2954 0.0000 0.0000 0.0000 0.1147 0.0000 0.0000
138      138   (0)     12  : 0.1485 0.0000 0.0425 0.0000 0.0164 0.0854 0.0000 0.1037 0.0000 0.0405 0.0533 0.0000 0.0000 0.0486 0.0000 0.0208 0.0000 0.0223 0.1537 0.1650 0.0000 0.0377 0.0617
139      139   (0)     12  : 0.0000 0.0000 0.0356 0.0439 0.0000 0.6387 0.0000 0.0000 0.0304 0.0000 0.1277 0.0000 0.0000 0.0000 0.0540 0.0000 0.0000 0.0202 0.0000 0.0000 0.0000 0.0495 0.0000
140      140   (0)     12  : 0.0000 0.0000 0.0007 0.0000 0.0000 0.0000 0.0000 0.9993 0.0000 0.0000 0.0000 0.0000 0.0000 0.0000 0.0000 0.0000 0.0000 0.0000 0.0000 0.0000 0.0000 0.0000 0.0000
141      141   (0)     12  : 0.0000 0.0000 0.0000 0.0000 0.0000 0.8698 0.0000 0.0000 0.0000 0.0000 0.0000 0.0000 0.1302 0.0000 0.0000 0.0000 0.0000 0.0000 0.0000 0.0000 0.0000 0.0000 0.0000
142      142   (0)     12  : 0.2835 0.0000 0.0469 0.0000 0.0002 0.0116 0.0000 0.0449 0.0000 0.0019 0.2315 0.0208 0.0104 0.0332 0.0000 0.0575 0.0000 0.0083 0.0326 0.1646 0.0000 0.0411 0.0109
143      143   (0)     12  : 0.0078 0.0000 0.0330 0.0000 0.0000 0.7945 0.0000 0.0000 0.0000 0.0000 0.0716 0.0012 0.0000 0.0472 0.0000 0.0000 0.0000 0.0000 0.0423 0.0000 0.0000 0.0000 0.0023
144      144   (0)     12  : 0.2341 0.0000 0.1055 0.0000 0.0000 0.0671 0.0000 0.0311 0.0000 0.0000 0.1184 0.0000 0.0089 0.0000 0.0000 0.0208 0.0000 0.0185 0.0832 0.1184 0.0000 0.1467 0.0473
145      145   (0)     12  : 0.0000 0.0000 0.0000 0.0000 0.0003 0.0000 0.1081 0.2534 0.0000 0.0000 0.1111 0.0000 0.0147 0.0075 0.0000 0.0308 0.0000 0.0230 0.0225 0.0000 0.0000 0.0000 0.4286
146      146   (0)     13  : 0.0000 0.1429 0.0000 0.0000 0.0000 0.0000 0.0000 0.0000 0.0000 0.0000 0.0000 0.0000 0.0000 0.0000 0.0000 0.0000 0.8571 0.0000 0.0000 0.0000 0.0000 0.0000 0.0000
147      147   (0)     13  : 0.0000 0.0778 0.0000 0.1678 0.0000 0.0000 0.0000 0.0000 0.0115 0.0000 0.0000 0.0000 0.0000 0.0000 0.1269 0.0000 0.5630 0.0000 0.0000 0.0000 0.0530 0.0000 0.0000
148      148   (0)     13  : 0.0000 0.2110 0.0000 0.0000 0.0000 0.0000 0.0000 0.0000 0.0000 0.0000 0.0000 0.0000 0.0000 0.0000 0.4286 0.0000 0.2176 0.0000 0.0000 0.0000 0.1429 0.0000 0.0000
149      149   (0)     13  : 0.0000 0.2409 0.0000 0.2857 0.0000 0.0000 0.0000 0.0000 0.0621 0.0000 0.0000 0.0000 0.0000 0.0000 0.1429 0.0000 0.2685 0.0000 0.0000 0.0000 0.0000 0.0000 0.0000
150      150   (0)     13  : 0.0000 0.4286 0.0000 0.0000 0.0000 0.0000 0.0000 0.0000 0.0000 0.0000 0.0000 0.0000 0.0000 0.0000 0.0000 0.0000 0.5714 0.0000 0.0000 0.0000 0.0000 0.0000 0.0000
151      151   (0)     14  : 0.0000 0.8213 0.0000 0.0000 0.0000 0.0000 0.0000 0.0000 0.0546 0.0000 0.0000 0.0000 0.0000 0.0000 0.0000 0.0000 0.1242 0.0000 0.0000 0.0000 0.0000 0.0000 0.0000
152      152   (0)     14  : 0.2564 0.0000 0.0000 0.0000 0.0089 0.0000 0.0010 0.0000 0.0000 0.0025 0.0000 0.0036 0.0000 0.0350 0.0000 0.0000 0.0000 0.0009 0.2254 0.0391 0.0000 0.4272 0.0000
153      153   (0)     15  : 0.0000 0.0000 0.0000 0.0000 0.0000 1.0000 0.0000 0.0000 0.0000 0.0000 0.0000 0.0000 0.0000 0.0000 0.0000 0.0000 0.0000 0.0000 0.0000 0.0000 0.0000 0.0000 0.0000
154      154   (0)     15  : 0.0000 0.1941 0.0000 0.4289 0.0000 0.0000 0.0000 0.0000 0.1292 0.0000 0.0000 0.0000 0.0000 0.0000 0.0000 0.0000 0.2479 0.0000 0.0000 0.0000 0.0000 0.0000 0.0000
155      155   (0)     16  : 0.3888 0.0000 0.0289 0.0000 0.0076 0.0220 0.0000 0.0000 0.0000 0.0000 0.1998 0.0254 0.0005 0.0000 0.0000 0.0085 0.0000 0.0013 0.1820 0.0771 0.0150 0.0311 0.0121
156      156   (0)     16  : 0.4366 0.0000 0.0012 0.0000 0.0031 0.0000 0.0401 0.0000 0.0000 0.0000 0.0887 0.0346 0.0615 0.0000 0.0000 0.0869 0.0000 0.0073 0.0051 0.0797 0.0000 0.1552 0.0000
157      157   (0)     17  : 0.0000 0.0000 0.0133 0.0000 0.0000 0.9867 0.0000 0.0000 0.0000 0.0000 0.0000 0.0000 0.0000 0.0000 0.0000 0.0000 0.0000 0.0000 0.0000 0.0000 0.0000 0.0000 0.0000
158      158   (0)     17  : 0.0000 0.0000 0.0000 0.0000 0.0000 0.0000 1.0000 0.0000 0.0000 0.0000 0.0000 0.0000 0.0000 0.0000 0.0000 0.0000 0.0000 0.0000 0.0000 0.0000 0.0000 0.0000 0.0000
159      159   (0)     18  : 0.2240 0.0000 0.0049 0.0000 0.0008 0.0023 0.0000 0.0000 0.0000 0.0000 0.2580 0.0000 0.0000 0.0450 0.0000 0.0186 0.0000 0.0340 0.2099 0.1545 0.0000 0.0480 0.0000
160      160   (0)     18  : 0.0469 0.0000 0.0000 0.0000 0.0014 0.0000 0.0000 0.0000 0.0000 0.0004 0.2117 0.0015 0.0347 0.0003 0.0000 0.0000 0.0000 0.0409 0.2151 0.0839 0.0000 0.3632 0.0000
161      161   (0)     18  : 0.0603 0.0000 0.0000 0.0000 0.0000 0.0000 0.0000 0.0000 0.0000 0.0208 0.4345 0.0000 0.0078 0.0078 0.0000 0.0877 0.0000 0.0000 0.0437 0.2903 0.0000 0.0470 0.0000
162      162   (0)     19  : 0.2150 0.0000 0.0168 0.0000 0.0163 0.0360 0.0000 0.0000 0.0000 0.0000 0.0220 0.1067 0.0000 0.0911 0.0000 0.0000 0.0000 0.0585 0.0514 0.1408 0.0000 0.2042 0.0413
163      163   (0)     19  : 0.0000 0.0383 0.1960 0.0000 0.0000 0.0954 0.0000 0.0000 0.0749 0.0000 0.0000 0.0000 0.0000 0.0000 0.0210 0.5243 0.0000 0.0000 0.0000 0.0000 0.0000 0.0000 0.0501
164      164   (0)     19  : 0.0000 0.0000 0.0000 0.0000 0.0147 0.0000 0.0000 0.0000 0.0000 0.0000 0.0000 0.0000 0.0000 0.0000 0.0000 0.9853 0.0000 0.0000 0.0000 0.0000 0.0000 0.0000 0.0000
