  1        1   (0)      1 :  0.0106 0.0000 0.0000 0.0000 0.0000 0.0000 0.0008 0.0200 0.0000 0.0007 0.3254 0.0000 0.0000 0.0000 0.6425 0.0000 0.0000 
  2        2   (0)      2 :  0.0000 0.7699 0.0301 0.0000 0.0000 0.0000 0.1744 0.0013 0.0000 0.0000 0.0000 0.0243 0.0000 0.0000 0.0000 0.0000 0.0000 
  3        3   (0)      2 :  0.1175 0.0000 0.0000 0.0000 0.0686 0.0040 0.0278 0.0145 0.0000 0.0000 0.0179 0.0000 0.0000 0.0000 0.0000 0.0000 0.7497 
  4        4   (0)      3 :  0.1170 0.0066 0.0449 0.0066 0.0312 0.7133 0.0281 0.0247 0.0000 0.0000 0.0200 0.0000 0.0000 0.0000 0.0000 0.0000 0.0076 
  5        5   (0)      3 :  0.2764 0.0000 0.0000 0.0011 0.0425 0.6548 0.0019 0.0200 0.0000 0.0000 0.0000 0.0000 0.0000 0.0003 0.0000 0.0000 0.0029 
  6        6   (0)      3 :  0.3378 0.0000 0.0000 0.0000 0.0698 0.4611 0.0000 0.0027 0.0173 0.0013 0.0193 0.0000 0.0000 0.0000 0.0000 0.0000 0.0906 
  7        7   (0)      3 :  0.0000 0.1103 0.0455 0.0026 0.0000 0.0000 0.0164 0.0000 0.0000 0.1966 0.0000 0.0149 0.6138 0.0000 0.0000 0.0000 0.0000 
  8        8   (0)      3 :  0.1005 0.0112 0.0036 0.0000 0.1881 0.4760 0.0226 0.0990 0.0008 0.0000 0.0536 0.0000 0.0000 0.0000 0.0000 0.0000 0.0446 
  9        9   (0)      3 :  0.2758 0.0000 0.0000 0.0000 0.0301 0.1318 0.0051 0.0071 0.0000 0.0048 0.0324 0.0000 0.0000 0.0000 0.0000 0.0000 0.5129 
 10       10   (0)      4 :  0.2779 0.0000 0.0000 0.0000 0.0853 0.4626 0.0110 0.0151 0.0000 0.0000 0.0282 0.0007 0.0000 0.0000 0.0000 0.0000 0.1192 
 11       11   (0)      4 :  0.0500 0.0000 0.0000 0.0000 0.0806 0.0028 0.0113 0.0506 0.0000 0.2208 0.0436 0.0000 0.0000 0.3883 0.0000 0.0000 0.1520 
 12       12   (0)      4 :  0.0976 0.0000 0.0000 0.0000 0.0571 0.0428 0.0561 0.0600 0.0000 0.0002 0.0909 0.0000 0.0000 0.0000 0.0000 0.0000 0.5952 
 13       13   (0)      4 :  0.1606 0.0000 0.0000 0.0000 0.3176 0.0876 0.0000 0.0478 0.0000 0.0200 0.1632 0.0000 0.0000 0.0004 0.0000 0.0000 0.2029 
 14       14   (0)      5 :  0.0200 0.0000 0.1684 0.7235 0.0000 0.0000 0.0200 0.0000 0.0000 0.0681 0.0000 0.0000 0.0000 0.0000 0.0000 0.0000 0.0000 
 15       15   (0)      5 :  0.0000 0.0000 0.0000 0.0000 0.0000 0.0000 0.0000 0.0000 0.0000 0.0000 0.0000 0.0000 1.0000 0.0000 0.0000 0.0000 0.0000 
 16       16   (0)      5 :  0.0000 0.9800 0.0000 0.0000 0.0000 0.0000 0.0200 0.0000 0.0000 0.0000 0.0000 0.0000 0.0000 0.0000 0.0000 0.0000 0.0000 
 17       17   (0)      5 :  0.0000 0.0000 0.0000 0.0000 0.0000 0.0000 0.0200 0.0200 0.0000 0.0600 0.0000 0.0000 0.0000 0.9000 0.0000 0.0000 0.0000 
 18       18   (0)      5 :  0.0815 0.0000 0.0000 0.0000 0.7548 0.0045 0.0059 0.0200 0.0000 0.0006 0.1072 0.0000 0.0000 0.0000 0.0000 0.0000 0.0256 
 19       19   (0)      5 :  0.0000 0.0000 0.0000 0.0000 0.0000 0.0000 0.0200 0.0400 0.0000 0.0716 0.0000 0.0000 0.0000 0.8684 0.0000 0.0000 0.0000 
 20       20   (0)      5 :  0.0424 0.0000 0.0000 0.0000 0.0831 0.0533 0.0000 0.0440 0.0000 0.0016 0.0423 0.0000 0.0000 0.0000 0.0000 0.0000 0.7333 
 21       21   (0)      5 :  0.1483 0.0000 0.0000 0.0000 0.4991 0.0200 0.0000 0.0400 0.0000 0.0000 0.0996 0.0000 0.0000 0.0000 0.0000 0.0000 0.1930 
 22       22   (0)      5 :  0.0000 0.0000 0.0000 0.0000 0.0000 0.0000 0.0000 0.0200 0.0000 0.0713 0.0000 0.0000 0.0000 0.9087 0.0000 0.0000 0.0000 
 23       23   (0)      5 :  0.0662 0.0000 0.0000 0.0000 0.0249 0.0000 0.0400 0.0400 0.0000 0.0116 0.0200 0.0000 0.0000 0.0005 0.0000 0.0000 0.7968 
 24       24   (0)      5 :  0.0000 0.0000 0.0000 0.0000 0.0000 0.0000 0.0000 0.0000 0.0000 0.0000 0.0000 0.0000 1.0000 0.0000 0.0000 0.0000 0.0000 
 25       25   (0)      5 :  0.0000 0.0000 0.5141 0.4297 0.0000 0.0000 0.0264 0.0200 0.0000 0.0099 0.0000 0.0000 0.0000 0.0000 0.0000 0.0000 0.0000 
 26       26   (0)      5 :  0.1007 0.0000 0.0000 0.0000 0.6065 0.1172 0.0000 0.0008 0.0000 0.0005 0.1021 0.0000 0.0000 0.0000 0.0000 0.0000 0.0721 
 27       27   (0)      5 :  0.0000 0.0000 0.0000 0.0000 0.0000 0.0000 0.0000 0.0000 0.0000 0.0000 0.0000 0.0000 1.0000 0.0000 0.0000 0.0000 0.0000 
 28       28   (0)      5 :  0.0000 0.0029 0.0000 0.0000 0.0000 0.0000 0.0400 0.0400 0.0000 0.1199 0.0000 0.2060 0.5912 0.0000 0.0000 0.0000 0.0000 
 29       29   (0)      6 :  0.0000 0.0000 0.0000 0.0000 0.0000 0.0000 0.0000 0.0000 0.0000 0.0000 0.1173 0.0000 0.0000 0.0000 0.8827 0.0000 0.0000 
 30       30   (0)      6 :  0.0200 0.0017 0.0040 0.0000 0.0000 0.0400 0.0838 0.1211 0.7067 0.0000 0.0200 0.0027 0.0000 0.0000 0.0000 0.0000 0.0000 
 31       31   (0)      6 :  0.2056 0.0000 0.0000 0.0000 0.0000 0.1004 0.0025 0.0600 0.0000 0.0000 0.0400 0.0000 0.0000 0.0000 0.0000 0.0000 0.5915 
 32       32   (0)      6 :  0.2145 0.0000 0.0000 0.0000 0.0164 0.5344 0.0047 0.0000 0.0000 0.0214 0.0400 0.0008 0.0000 0.1040 0.0000 0.0000 0.0636 
 33       33   (0)      6 :  0.0000 0.0000 0.0000 0.0000 0.0000 0.0000 0.0000 0.0600 0.0000 0.0000 0.0000 0.0000 0.0000 0.0000 0.0000 0.9400 0.0000 
 34       34   (0)      6 :  0.0071 0.0000 0.2049 0.7390 0.0000 0.0000 0.0324 0.0090 0.0000 0.0075 0.0000 0.0000 0.0000 0.0000 0.0000 0.0000 0.0000 
 35       35   (0)      6 :  0.0000 0.0000 0.0000 0.0000 0.0000 0.0000 0.0000 0.0000 0.0000 0.0000 0.0000 0.0000 0.0000 0.0000 1.0000 0.0000 0.0000 
 36       36   (0)      6 :  0.0000 0.0000 0.0000 0.0000 0.0000 0.0000 0.0000 0.0400 0.0000 0.0000 0.0000 0.0000 0.0000 0.0000 0.9600 0.0000 0.0000 
 37       37   (0)      7 :  0.0200 0.0000 0.0000 0.0000 0.0000 0.0400 0.0000 0.0600 0.8736 0.0064 0.0000 0.0000 0.0000 0.0000 0.0000 0.0000 0.0000 
 38       38   (0)      7 :  0.0000 0.0000 0.0000 0.0000 0.0000 0.0000 0.0000 0.0600 0.0000 0.0200 0.0000 0.0000 0.0000 0.9200 0.0000 0.0000 0.0000 
 39       39   (0)      7 :  0.0000 0.0000 0.3841 0.5908 0.0000 0.0000 0.0051 0.0000 0.0000 0.0200 0.0000 0.0000 0.0000 0.0000 0.0000 0.0000 0.0000 
 40       40   (0)      7 :  0.0000 0.0000 0.1864 0.7736 0.0000 0.0000 0.0000 0.0200 0.0000 0.0200 0.0000 0.0000 0.0000 0.0000 0.0000 0.0000 0.0000 
 41       41   (0)      7 :  0.0000 0.0000 0.0000 0.0000 0.0000 0.0000 0.0000 0.0292 0.0000 0.0400 0.0000 0.0000 0.0000 0.9308 0.0000 0.0000 0.0000 
 42       42   (0)      7 :  0.0000 0.0000 0.0439 0.9061 0.0000 0.0000 0.0000 0.0300 0.0000 0.0200 0.0000 0.0000 0.0000 0.0000 0.0000 0.0000 0.0000 
 43       43   (0)      7 :  0.0000 0.0000 0.0000 0.0000 0.0000 0.0000 0.0000 0.0249 0.0000 0.0727 0.0000 0.0000 0.0000 0.9024 0.0000 0.0000 0.0000 
 44       44   (0)      7 :  0.0000 0.8800 0.0200 0.0000 0.0000 0.0000 0.0600 0.0400 0.0000 0.0000 0.0000 0.0000 0.0000 0.0000 0.0000 0.0000 0.0000 
 45       45   (0)      7 :  0.2343 0.0000 0.0000 0.0000 0.0600 0.1000 0.0400 0.0800 0.0000 0.0000 0.0481 0.0000 0.0000 0.0000 0.0000 0.0000 0.4376 
 46       46   (0)      7 :  0.0000 0.0000 0.0000 0.0000 0.0000 0.0000 0.0000 0.0436 0.0000 0.0058 0.1709 0.0000 0.0000 0.0000 0.7753 0.0044 0.0000 
 47       47   (0)      7 :  0.1127 0.0000 0.0000 0.0000 0.7350 0.0200 0.0000 0.0333 0.0000 0.0200 0.0639 0.0000 0.0000 0.0000 0.0000 0.0000 0.0151 
 48       48   (0)      7 :  0.0000 0.0000 0.0000 0.0000 0.0000 0.0000 0.0041 0.0794 0.0000 0.0157 0.1547 0.0006 0.0000 0.0000 0.7203 0.0252 0.0000 
 49       49   (0)      7 :  0.0000 0.0000 0.0000 0.0000 0.0000 0.0517 0.0000 0.1000 0.7883 0.0400 0.0200 0.0000 0.0000 0.0000 0.0000 0.0000 0.0000 
 50       50   (0)      7 :  0.0057 0.9743 0.0000 0.0000 0.0000 0.0000 0.0200 0.0000 0.0000 0.0000 0.0000 0.0000 0.0000 0.0000 0.0000 0.0000 0.0000 
 51       51   (0)      7 :  0.0200 0.0000 0.0000 0.0000 0.0000 0.0200 0.0000 0.0132 0.9050 0.0381 0.0037 0.0000 0.0000 0.0000 0.0000 0.0000 0.0000 
 52       52   (0)      7 :  0.0000 0.0000 0.0282 0.0000 0.0000 0.0000 0.0000 0.0000 0.0000 0.0784 0.0000 0.0000 0.8934 0.0000 0.0000 0.0000 0.0000 
 53       53   (0)      7 :  0.1504 0.0000 0.0000 0.0000 0.4332 0.0000 0.0041 0.0465 0.0000 0.0045 0.0816 0.0000 0.0000 0.0000 0.0000 0.0000 0.2797 
 54       54   (0)      7 :  0.1966 0.0000 0.0000 0.0000 0.4975 0.0437 0.0000 0.0310 0.0000 0.0041 0.0717 0.0000 0.0000 0.0000 0.0000 0.0000 0.1556 
 55       55   (0)      7 :  0.1540 0.0000 0.0000 0.0000 0.2408 0.0498 0.0400 0.0114 0.0000 0.0009 0.0557 0.0000 0.0000 0.0055 0.0000 0.0000 0.4421 
 56       56   (0)      7 :  0.1354 0.0000 0.0000 0.0000 0.1614 0.0505 0.0102 0.0729 0.0000 0.0040 0.0600 0.0000 0.0000 0.0000 0.0000 0.0000 0.5057 
 57       57   (0)      8 :  0.0200 0.0000 0.3837 0.4663 0.0000 0.0000 0.0800 0.0353 0.0000 0.0147 0.0000 0.0000 0.0000 0.0000 0.0000 0.0000 0.0000 
 58       58   (0)      8 :  0.0000 0.0000 0.0295 0.0000 0.0000 0.0000 0.0000 0.0025 0.0000 0.1546 0.0000 0.0000 0.8134 0.0000 0.0000 0.0000 0.0000 
 59       59   (0)      8 :  0.1563 0.0000 0.0000 0.0000 0.6008 0.0000 0.0000 0.0467 0.0000 0.0200 0.0946 0.0000 0.0000 0.0000 0.0000 0.0000 0.0817 
 60       60   (0)      8 :  0.0000 0.0000 0.4680 0.5249 0.0000 0.0000 0.0000 0.0000 0.0000 0.0071 0.0000 0.0000 0.0000 0.0000 0.0000 0.0000 0.0000 
 61       61   (0)      8 :  0.0200 0.0000 0.3545 0.5655 0.0000 0.0000 0.0400 0.0200 0.0000 0.0000 0.0000 0.0000 0.0000 0.0000 0.0000 0.0000 0.0000 
 62       62   (0)      8 :  0.0000 0.0000 0.0000 0.0000 0.0000 0.0200 0.0055 0.0800 0.8435 0.0510 0.0000 0.0000 0.0000 0.0000 0.0000 0.0000 0.0000 
 63       63   (0)      8 :  0.0087 0.0000 0.3078 0.6635 0.0000 0.0000 0.0000 0.0200 0.0000 0.0000 0.0000 0.0000 0.0000 0.0000 0.0000 0.0000 0.0000 
 64       64   (0)      8 :  0.0843 0.0000 0.0000 0.0000 0.3563 0.2031 0.0057 0.0800 0.0000 0.0000 0.1075 0.0000 0.0000 0.0000 0.0000 0.0000 0.1630 
 65       65   (0)      8 :  0.0200 0.0000 0.0000 0.0000 0.0000 0.0000 0.0000 0.0343 0.0000 0.0200 0.4885 0.0000 0.0000 0.0000 0.4372 0.0000 0.0000 
 66       66   (0)      8 :  0.1527 0.0000 0.0000 0.0000 0.3616 0.1734 0.0200 0.0275 0.0000 0.0000 0.0470 0.0000 0.0000 0.0000 0.0000 0.0000 0.2178 
 67       67   (0)      8 :  0.3337 0.0000 0.0000 0.0000 0.1207 0.3007 0.0000 0.0000 0.0000 0.0000 0.0720 0.0000 0.0000 0.0000 0.0000 0.0000 0.1728 
 68       68   (0)      8 :  0.1181 0.0000 0.0000 0.0000 0.5592 0.0000 0.0000 0.0218 0.0000 0.0217 0.1118 0.0000 0.0000 0.0000 0.0000 0.0000 0.1674 
 69       69   (0)      8 :  0.0000 0.0000 0.0000 0.0000 0.0000 0.0000 0.0000 0.0355 0.0000 0.0076 0.2899 0.0000 0.0000 0.0000 0.6670 0.0000 0.0000 
 70       70   (0)      8 :  0.0000 0.0000 0.2792 0.6208 0.0000 0.0000 0.0400 0.0400 0.0000 0.0200 0.0000 0.0000 0.0000 0.0000 0.0000 0.0000 0.0000 
 71       71   (0)      8 :  0.0200 0.0000 0.0000 0.0000 0.0000 0.0000 0.0000 0.0000 0.0000 0.0000 0.5000 0.0000 0.0000 0.0000 0.4800 0.0000 0.0000 
 72       72   (0)      8 :  0.0000 0.0000 0.0000 0.0000 0.0000 0.0314 0.0000 0.0671 0.8615 0.0400 0.0000 0.0000 0.0000 0.0000 0.0000 0.0000 0.0000 
 73       73   (0)      8 :  0.0178 0.0000 0.0000 0.0000 0.0986 0.0085 0.0000 0.0527 0.0000 0.1183 0.0130 0.0000 0.0000 0.6828 0.0000 0.0000 0.0082 
 74       74   (0)      8 :  0.1955 0.0000 0.0000 0.0000 0.3815 0.0870 0.0400 0.0491 0.0000 0.0001 0.0791 0.0000 0.0000 0.0000 0.0000 0.0000 0.1677 
 75       75   (0)      8 :  0.0730 0.0000 0.0000 0.0000 0.7327 0.0200 0.0000 0.0368 0.0000 0.0200 0.0909 0.0000 0.0000 0.0000 0.0000 0.0000 0.0267 
 76       76   (0)      8 :  0.0000 0.0000 0.0000 0.0000 0.0000 0.0000 0.0000 0.0416 0.0000 0.0094 0.4790 0.0000 0.0000 0.0000 0.4386 0.0314 0.0000 
 77       77   (0)      8 :  0.2838 0.0000 0.0000 0.0000 0.1553 0.3071 0.0487 0.0400 0.0000 0.0000 0.0705 0.0000 0.0000 0.0000 0.0000 0.0000 0.0946 
 78       78   (0)      9 :  0.0400 0.0000 0.2516 0.5284 0.0000 0.0000 0.1000 0.0400 0.0000 0.0400 0.0000 0.0000 0.0000 0.0000 0.0000 0.0000 0.0000 
 79       79   (0)      9 :  0.0200 0.0000 0.3478 0.5646 0.0000 0.0000 0.0255 0.0263 0.0000 0.0158 0.0000 0.0000 0.0000 0.0000 0.0000 0.0000 0.0000 
 80       80   (0)      9 :  0.0000 0.0000 0.0000 0.0000 0.0000 0.0200 0.0000 0.0666 0.8334 0.0600 0.0200 0.0000 0.0000 0.0000 0.0000 0.0000 0.0000 
 81       81   (0)      9 :  0.0400 0.0000 0.3214 0.4610 0.0000 0.0000 0.0680 0.0496 0.0000 0.0600 0.0000 0.0000 0.0000 0.0000 0.0000 0.0000 0.0000 
 82       82   (0)      9 :  0.0000 0.0000 0.0000 0.0000 0.0000 0.0000 0.0010 0.0496 0.0000 0.0023 0.4570 0.0000 0.0000 0.0000 0.4901 0.0000 0.0000 
 83       83   (0)      9 :  0.1775 0.0026 0.0000 0.0000 0.1340 0.4751 0.0054 0.0293 0.0000 0.0050 0.1238 0.0041 0.0000 0.0004 0.0000 0.0000 0.0430 
 84       84   (0)      9 :  0.0000 0.0400 0.0000 0.0000 0.0000 0.0000 0.1600 0.0000 0.0000 0.1400 0.0000 0.6600 0.0000 0.0000 0.0000 0.0000 0.0000 
 85       85   (0)      9 :  0.0630 0.0000 0.0000 0.0000 0.5577 0.0400 0.0000 0.0400 0.0000 0.0000 0.1414 0.0000 0.0000 0.0000 0.0000 0.0000 0.1580 
 86       86   (0)      9 :  0.1798 0.0000 0.0000 0.0000 0.1409 0.0200 0.0000 0.0401 0.0000 0.0000 0.1048 0.0000 0.0000 0.0000 0.0000 0.0000 0.5143 
 87       87   (0)      9 :  0.0918 0.0000 0.0000 0.0000 0.3021 0.0319 0.0016 0.0369 0.0000 0.0096 0.1172 0.0000 0.0000 0.0000 0.0000 0.0000 0.4089 
 88       88   (0)      9 :  0.0124 0.0000 0.0846 0.8574 0.0000 0.0000 0.0200 0.0257 0.0000 0.0000 0.0000 0.0000 0.0000 0.0000 0.0000 0.0000 0.0000 
 89       89   (0)      9 :  0.0000 0.0000 0.3328 0.6082 0.0000 0.0000 0.0200 0.0296 0.0000 0.0094 0.0000 0.0000 0.0000 0.0000 0.0000 0.0000 0.0000 
 90       90   (0)      9 :  0.0806 0.0000 0.0000 0.0000 0.0636 0.0136 0.0135 0.0846 0.0000 0.0716 0.0141 0.0000 0.0000 0.2519 0.0000 0.0000 0.4065 
 91       91   (0)      9 :  0.0200 0.0000 0.0000 0.0000 0.0000 0.0000 0.0000 0.0600 0.8400 0.0400 0.0400 0.0000 0.0000 0.0000 0.0000 0.0000 0.0000 
 92       92   (0)     10 :  0.0040 0.3522 0.1506 0.1211 0.0000 0.0019 0.2568 0.0598 0.0000 0.0127 0.0020 0.0242 0.0000 0.0000 0.0000 0.0000 0.0146 
 93       93   (0)     11 :  0.0000 0.4534 0.0418 0.0000 0.0000 0.0000 0.3438 0.0423 0.0000 0.0600 0.0221 0.0203 0.0024 0.0000 0.0046 0.0000 0.0093 
 94       94   (0)     11 :  0.0000 0.0000 0.0000 0.0000 0.0000 0.0000 0.0413 0.0400 0.0000 0.1268 0.0000 0.1341 0.6578 0.0000 0.0000 0.0000 0.0000 
 95       95   (0)     11 :  0.0000 0.0200 0.0000 0.0000 0.0000 0.0000 0.0400 0.0000 0.0000 0.0000 0.0000 0.9400 0.0000 0.0000 0.0000 0.0000 0.0000 
 96       96   (0)     12 :  0.0000 0.0000 0.0000 0.0000 0.0000 0.0000 0.0000 0.0000 0.0000 0.0000 0.0000 0.0000 1.0000 0.0000 0.0000 0.0000 0.0000 
 97       97   (0)     12 :  0.0000 0.0000 0.0000 0.0000 0.0000 0.0000 0.0000 0.0000 0.0000 0.0200 0.0000 0.0000 0.9800 0.0000 0.0000 0.0000 0.0000 
 98       98   (0)     12 :  0.0000 0.0000 0.0000 0.0000 0.0000 0.0000 0.0000 0.0000 0.0000 0.0000 0.0000 0.0000 1.0000 0.0000 0.0000 0.0000 0.0000 
 99       99   (0)     12 :  0.0000 0.0000 0.0000 0.0000 0.0000 0.0000 0.0039 0.0062 0.0000 0.0253 0.0000 0.0000 0.9646 0.0000 0.0000 0.0000 0.0000 
100      100   (0)     12 :  0.0000 0.0000 0.0000 0.0000 0.0000 0.0000 0.0000 0.0000 0.0000 0.0000 0.0000 0.0000 0.0000 0.0000 1.0000 0.0000 0.0000 
101      101   (0)     13 :  0.0200 0.0000 0.0000 0.0000 0.0000 0.0000 0.0000 0.0041 0.0000 0.0000 0.4588 0.0000 0.0000 0.0000 0.5171 0.0000 0.0000 
102      102   (0)     13 :  0.0000 0.0000 0.0400 0.0000 0.0000 0.0000 0.0000 0.0000 0.0000 0.1793 0.0000 0.0000 0.7807 0.0000 0.0000 0.0000 0.0000 
103      103   (0)     14 :  0.0000 0.0194 0.4444 0.2354 0.0000 0.0000 0.2488 0.0293 0.0015 0.0012 0.0000 0.0200 0.0000 0.0000 0.0000 0.0000 0.0000 
104      104   (0)     14 :  0.0000 0.0000 0.0000 0.0000 0.0000 0.0000 0.0000 0.0167 0.0000 0.0000 0.3128 0.0000 0.0000 0.0000 0.6704 0.0000 0.0000 
105      105   (0)     14 :  0.0200 0.1505 0.0121 0.0000 0.0000 0.0000 0.0416 0.0637 0.0049 0.0208 0.3566 0.0078 0.0000 0.0000 0.3206 0.0014 0.0000 
106      106   (0)     14 :  0.0000 0.0000 0.0000 0.0000 0.0000 0.0000 0.0000 0.0000 0.0000 0.0000 0.0000 0.0000 0.0000 0.0000 0.0000 1.0000 0.0000 
107      107   (0)     14 :  0.0073 0.0000 0.0000 0.0000 0.0000 0.0000 0.0000 0.0200 0.8927 0.0400 0.0400 0.0000 0.0000 0.0000 0.0000 0.0000 0.0000 
108      108   (0)     15 :  0.0000 0.8800 0.0200 0.0000 0.0000 0.0000 0.0600 0.0400 0.0000 0.0000 0.0000 0.0000 0.0000 0.0000 0.0000 0.0000 0.0000 
109      109   (0)     15 :  0.0000 0.0000 0.0000 0.0000 0.0000 0.0000 0.0000 0.0200 0.0000 0.0200 0.0000 0.0000 0.0000 0.0000 0.4978 0.4622 0.0000 
110      110   (0)     15 :  0.0000 0.0000 0.0000 0.0000 0.0000 0.0000 0.0000 0.0207 0.0000 0.0000 0.0632 0.0000 0.0000 0.0000 0.9161 0.0000 0.0000 
111      111   (0)     15 :  0.1948 0.0000 0.0000 0.0000 0.2113 0.0639 0.0000 0.0614 0.0000 0.0250 0.0635 0.0000 0.0000 0.0000 0.0000 0.0000 0.3800 
112      112   (0)     15 :  0.0000 0.0376 0.2763 0.1715 0.0000 0.0000 0.3716 0.0294 0.0000 0.0232 0.0000 0.0291 0.0613 0.0000 0.0000 0.0000 0.0000 
113      113   (0)     15 :  0.0000 0.0000 0.0000 0.0000 0.0000 0.0000 0.0007 0.0466 0.0000 0.0081 0.0200 0.0000 0.0041 0.0000 0.9191 0.0013 0.0000 
114      114   (0)     15 :  0.0000 0.0000 0.0000 0.0000 0.0000 0.0000 0.0000 0.0200 0.0000 0.0200 0.0000 0.0000 0.0000 0.0000 0.0000 0.9600 0.0000 
