1        1   (0)      1  : 0.2742 0.1153 0.0852 0.0005 0.1986 0.0513 0.1872 0.0878
2        2   (0)      1  : 0.0924 0.0000 0.0648 0.0122 0.0955 0.5624 0.0951 0.0776
3        3   (0)      1  : 0.6299 0.0000 0.0389 0.0057 0.0000 0.0031 0.1635 0.1591
4        4   (0)      1  : 0.2175 0.0390 0.2891 0.0304 0.1914 0.0714 0.0548 0.1064
5        5   (0)      1  : 0.2857 0.0111 0.1789 0.0001 0.0826 0.0066 0.1603 0.2748
6        6   (0)      1  : 0.3320 0.0388 0.1288 0.0220 0.0803 0.0308 0.0720 0.2953
7        7   (0)      1  : 0.1542 0.0000 0.3245 0.0154 0.1058 0.0160 0.0000 0.3840
8        8   (0)      2  : 0.0678 0.0000 0.3091 0.0000 0.3048 0.0322 0.0648 0.2213
9        9   (0)      2  : 0.0000 0.0049 0.0000 0.0030 0.9130 0.0062 0.0025 0.0704
10       10   (0)      2  : 0.0000 0.0075 0.0000 0.0000 0.9237 0.0000 0.0000 0.0688
11       11   (0)      2  : 0.0000 0.1309 0.0000 0.0000 0.8215 0.0000 0.0000 0.0476
12       12   (0)      2  : 0.4611 0.0000 0.4269 0.0161 0.0265 0.0000 0.0342 0.0351
13       13   (0)      2  : 0.0352 0.0000 0.0000 0.0000 0.0188 0.3088 0.0141 0.6232
14       14   (0)      3  : 0.2544 0.0007 0.2640 0.0007 0.0225 0.0000 0.0530 0.4047
15       15   (0)      3  : 0.4644 0.0139 0.1093 0.0040 0.0902 0.0093 0.3089 0.0000
16       16   (0)      3  : 0.9255 0.0000 0.0000 0.0000 0.0000 0.0123 0.0378 0.0244
17       17   (0)      3  : 0.0823 0.0000 0.4232 0.0145 0.0000 0.0489 0.2883 0.1429
18       18   (0)      4  : 0.2130 0.0050 0.0496 0.0229 0.0990 0.2837 0.0000 0.3268
19       19   (0)      4  : 0.1077 0.0076 0.0287 0.0000 0.5048 0.0000 0.0852 0.2660
20       20   (0)      4  : 0.2898 0.0047 0.2545 0.0000 0.0000 0.0039 0.2597 0.1875
21       21   (0)      4  : 0.0727 0.0079 0.2349 0.0027 0.2572 0.3033 0.0347 0.0866
22       22   (0)      4  : 0.1704 0.0004 0.1112 0.0050 0.0570 0.0199 0.1169 0.5193
23       23   (0)      4  : 0.3107 0.0000 0.0792 0.0000 0.3048 0.0000 0.3054 0.0000
24       24   (0)      4  : 0.1260 0.0000 0.2384 0.0000 0.0357 0.1429 0.0000 0.4571
25       25   (0)      4  : 0.1492 0.0000 0.1916 0.0000 0.1824 0.0000 0.0000 0.4768
26       26   (0)      4  : 0.0000 0.0222 0.2575 0.0000 0.3793 0.2242 0.0345 0.0824
27       27   (0)      4  : 0.1504 0.0006 0.6498 0.0029 0.0631 0.0437 0.0507 0.0388
28       28   (0)      4  : 0.1183 0.0112 0.1540 0.0232 0.0000 0.3040 0.0553 0.3341
29       29   (0)      4  : 0.0409 0.0190 0.2337 0.0099 0.1795 0.0861 0.0169 0.4139
30       30   (0)      4  : 0.1566 0.0000 0.0485 0.0096 0.1449 0.0000 0.0000 0.6404
31       31   (0)      4  : 0.9771 0.0000 0.0000 0.0000 0.0000 0.0000 0.0229 0.0000
32       32   (0)      4  : 0.0398 0.0000 0.8862 0.0000 0.0331 0.0000 0.0000 0.0410
33       33   (0)      4  : 0.1925 0.0000 0.2756 0.0239 0.1271 0.1716 0.0254 0.1841
34       34   (0)      5  : 0.0927 0.0103 0.2210 0.0000 0.0774 0.0259 0.0451 0.5275
35       35   (0)      6  : 0.5472 0.0114 0.0418 0.0001 0.0347 0.1172 0.0337 0.2139
36       36   (0)      6  : 0.0529 0.0000 0.0283 0.0000 0.5959 0.0935 0.1267 0.1026
37       37   (0)      6  : 0.0000 0.0000 0.0000 0.0000 0.0000 1.0000 0.0000 0.0000
38       38   (0)      6  : 0.0152 0.0000 0.3806 0.0000 0.4133 0.0000 0.0000 0.1909
39       39   (0)      6  : 0.0000 0.0048 0.2584 0.0000 0.2355 0.1373 0.1983 0.1657
40       40   (0)      6  : 0.0737 0.0216 0.2234 0.0005 0.1910 0.1196 0.0466 0.3236
41       41   (0)      6  : 0.0000 1.0000 0.0000 0.0000 0.0000 0.0000 0.0000 0.0000
42       42   (0)      6  : 0.2228 0.0082 0.2886 0.0000 0.2431 0.0616 0.0733 0.1023
43       43   (0)      6  : 0.7689 0.0016 0.0538 0.0050 0.1429 0.0000 0.0279 0.0000
44       44   (0)      6  : 0.1637 0.0237 0.3333 0.0015 0.1705 0.0068 0.0912 0.2093
45       45   (0)      6  : 0.3616 0.0000 0.0321 0.0208 0.1269 0.0107 0.2492 0.1987
46       46   (0)      6  : 0.0000 0.0000 0.0000 1.0000 0.0000 0.0000 0.0000 0.0000
47       47   (0)      6  : 0.2239 0.0068 0.0000 0.0058 0.2485 0.0000 0.5150 0.0000
48       48   (0)      6  : 0.2049 0.0000 0.2510 0.0258 0.0716 0.2724 0.0922 0.0820
49       49   (0)      6  : 0.0000 1.0000 0.0000 0.0000 0.0000 0.0000 0.0000 0.0000
50       50   (0)      6  : 0.0681 0.0000 0.2680 0.0000 0.0359 0.2465 0.2993 0.0822
51       51   (0)      6  : 0.1302 0.0601 0.1360 0.0120 0.1391 0.0369 0.0838 0.4018
52       52   (0)      6  : 0.0000 0.0000 0.0000 1.0000 0.0000 0.0000 0.0000 0.0000
53       53   (0)      6  : 0.0623 0.0000 0.7401 0.0000 0.0000 0.1429 0.0000 0.0547
54       54   (0)      6  : 0.0200 0.0000 0.2121 0.0068 0.1777 0.0000 0.0360 0.5474
55       55   (0)      6  : 0.2689 0.0008 0.2424 0.0083 0.1165 0.2313 0.1318 0.0000
56       56   (0)      6  : 0.0339 0.0083 0.0000 0.0000 0.3042 0.0008 0.0299 0.6228
57       57   (0)      6  : 0.0000 0.0000 0.7793 0.0000 0.0000 0.0000 0.0000 0.2207
58       58   (0)      7  : 0.0000 0.0000 0.0792 0.0000 0.1429 0.0405 0.5926 0.1448
59       59   (0)      7  : 0.4542 0.0000 0.0424 0.0000 0.2521 0.0480 0.1826 0.0207
60       60   (0)      7  : 0.2270 0.0037 0.0000 0.0000 0.0001 0.0036 0.3559 0.4096
61       61   (0)      7  : 0.0000 0.0000 0.1657 0.0000 0.4416 0.0610 0.0063 0.3253
62       62   (0)      7  : 0.0000 0.0000 0.0000 0.0000 0.0000 1.0000 0.0000 0.0000
63       63   (0)      7  : 0.3453 0.0127 0.1122 0.0000 0.2936 0.0000 0.1370 0.0992
64       64   (0)      8  : 0.0980 0.0044 0.2459 0.0070 0.1429 0.0350 0.0000 0.4667
65       65   (0)      8  : 0.0415 0.0038 0.0752 0.0293 0.3565 0.0343 0.1952 0.2642
66       66   (0)      9  : 0.2857 0.0000 0.3002 0.0000 0.0379 0.0344 0.0003 0.3415
67       67   (0)     10  : 0.7494 0.0047 0.0000 0.0000 0.0999 0.0542 0.0392 0.0525
68       68   (0)     10  : 0.4431 0.0000 0.0676 0.0054 0.0799 0.0019 0.1686 0.2336
69       69   (0)     10  : 0.0774 0.0000 0.1209 0.0283 0.0000 0.0791 0.2763 0.4180
70       70   (0)     10  : 0.0575 0.0000 0.3933 0.0063 0.0427 0.0982 0.1640 0.2380
71       71   (0)     10  : 0.2193 0.0000 0.4087 0.0000 0.1641 0.0205 0.0121 0.1754
72       72   (0)     10  : 0.1015 0.0000 0.4346 0.0000 0.2106 0.0197 0.0000 0.2336
73       73   (0)     10  : 0.1408 0.0104 0.3467 0.0087 0.2953 0.0072 0.0520 0.1389
74       74   (0)     10  : 0.0000 0.0000 0.0000 0.0000 0.0000 0.0000 1.0000 0.0000
75       75   (0)     10  : 0.3040 0.0000 0.2173 0.0078 0.0454 0.2540 0.0624 0.1091
76       76   (0)     10  : 0.0487 0.0049 0.0000 0.0000 0.0000 0.0000 0.9464 0.0000
