 1        1   (0)      1 :  0.0082 0.2106 0.0000 0.0853 0.0000 0.5443 0.0000 0.0000 0.0926 0.0000 0.0000 0.0000 0.0000 0.0028 0.0047 0.0514 
 2        2   (0)      1 :  0.1085 0.1679 0.0000 0.0230 0.0240 0.2517 0.0000 0.0000 0.2006 0.0000 0.0000 0.0000 0.0000 0.0628 0.0596 0.1018 
 3        3   (0)      1 :  0.0400 0.0000 0.0000 0.0000 0.0000 0.0000 0.0000 0.0000 0.0000 0.0000 0.0000 0.0000 0.0000 0.8800 0.0800 0.0000 
 4        4   (0)      1 :  0.0214 0.0646 0.0000 0.0255 0.0000 0.1055 0.0000 0.0000 0.0371 0.0000 0.0000 0.0000 0.0000 0.4870 0.2227 0.0363 
 5        5   (0)      1 :  0.0000 0.4378 0.0000 0.0378 0.0000 0.3516 0.0000 0.0000 0.0443 0.0000 0.0000 0.0000 0.0000 0.0005 0.0303 0.0977 
 6        6   (0)      1 :  0.0100 0.0000 0.0000 0.0200 0.0000 0.0000 0.0000 0.0000 0.0000 0.0000 0.0000 0.0000 0.0000 0.9300 0.0400 0.0000 
 7        7   (0)      2 :  0.0200 0.0875 0.0000 0.1400 0.0000 0.5400 0.0000 0.0000 0.0504 0.0000 0.0000 0.0000 0.0000 0.0000 0.0421 0.1200 
 8        8   (0)      2 :  0.0000 0.0000 0.0000 0.0000 0.0000 0.0000 0.0000 0.0000 0.0000 0.0000 0.0000 0.0000 0.0000 0.8800 0.1200 0.0000 
 9        9   (0)      2 :  0.0057 0.2344 0.0027 0.0422 0.0013 0.2288 0.0044 0.0014 0.2801 0.0033 0.0014 0.0029 0.0245 0.0142 0.0130 0.1396 
10       10   (0)      2 :  0.0000 0.0701 0.0000 0.0613 0.0000 0.7134 0.0000 0.0000 0.0379 0.0000 0.0000 0.0000 0.0000 0.0000 0.0017 0.1156 
11       11   (0)      2 :  0.0000 0.0000 0.0000 0.0000 0.0000 0.0000 0.0000 0.0000 0.0000 0.0000 0.0000 0.0000 0.0000 0.9200 0.0800 0.0000 
12       12   (0)      2 :  0.0229 0.0126 0.0000 0.0384 0.0000 0.1965 0.0000 0.0000 0.0391 0.0000 0.0000 0.0000 0.0000 0.3936 0.2362 0.0608 
13       13   (0)      2 :  0.0828 0.0000 0.0000 0.0000 0.0175 0.0000 0.0000 0.0000 0.0000 0.0000 0.0000 0.0000 0.0000 0.7025 0.1931 0.0042 
14       14   (0)      3 :  0.0000 0.0000 0.0985 0.1310 0.0000 0.0000 0.0172 0.1093 0.0000 0.4471 0.0278 0.1001 0.0288 0.0000 0.0400 0.0000 
15       15   (0)      3 :  0.0000 0.0000 0.1254 0.0288 0.0000 0.0000 0.1746 0.0600 0.0000 0.1393 0.0819 0.0703 0.2926 0.0000 0.0248 0.0024 
16       16   (0)      3 :  0.0000 0.0000 0.2313 0.1185 0.0000 0.0000 0.0969 0.1021 0.0000 0.0862 0.0701 0.0223 0.2126 0.0000 0.0400 0.0200 
17       17   (0)      3 :  0.0046 0.0000 0.1285 0.0663 0.0000 0.0000 0.1605 0.1080 0.0000 0.1022 0.1108 0.1082 0.1872 0.0000 0.0228 0.0008 
18       18   (0)      3 :  0.0000 0.0000 0.1471 0.0400 0.0000 0.0000 0.5569 0.0334 0.0000 0.0600 0.1000 0.0400 0.0226 0.0000 0.0000 0.0000 
19       19   (0)      3 :  0.0000 0.0000 0.1065 0.0400 0.0000 0.0000 0.6473 0.0200 0.0000 0.0328 0.1031 0.0200 0.0241 0.0000 0.0061 0.0000 
20       20   (0)      3 :  0.0024 0.0000 0.0876 0.0800 0.0114 0.0000 0.0884 0.0800 0.0000 0.1571 0.1728 0.0479 0.0873 0.0000 0.1251 0.0600 
21       21   (0)      3 :  0.0000 0.0000 0.2032 0.0484 0.0000 0.0000 0.0635 0.0318 0.0000 0.1500 0.1068 0.0644 0.2494 0.0000 0.0533 0.0294 
22       22   (0)      3 :  0.0000 0.0000 0.0200 0.0200 0.0000 0.0000 0.1066 0.0600 0.0000 0.0200 0.2942 0.2534 0.1858 0.0000 0.0400 0.0000 
23       23   (0)      3 :  0.0200 0.0000 0.1599 0.0653 0.0000 0.0000 0.1000 0.0000 0.0000 0.0343 0.0652 0.1006 0.4348 0.0000 0.0200 0.0000 
24       24   (0)      3 :  0.0000 0.0000 0.0504 0.0702 0.0000 0.0000 0.2238 0.0030 0.0000 0.1370 0.2251 0.2303 0.0358 0.0000 0.0243 0.0000 
25       25   (0)      3 :  0.8000 0.0000 0.0000 0.0000 0.2000 0.0000 0.0000 0.0000 0.0000 0.0000 0.0000 0.0000 0.0000 0.0000 0.0000 0.0000 
26       26   (0)      4 :  0.0000 0.6276 0.0000 0.0046 0.0000 0.2236 0.0000 0.0000 0.0399 0.0000 0.0000 0.0000 0.0000 0.0000 0.0244 0.0800 
27       27   (0)      4 :  0.0000 0.0000 0.1871 0.0400 0.0000 0.0000 0.1675 0.0200 0.0000 0.1376 0.1254 0.2715 0.0260 0.0000 0.0248 0.0000 
28       28   (0)      4 :  0.0000 0.0000 0.1200 0.0400 0.0000 0.0000 0.4957 0.0400 0.0000 0.0573 0.0401 0.1043 0.0736 0.0000 0.0290 0.0000 
29       29   (0)      4 :  0.0200 0.3649 0.0000 0.0000 0.0000 0.4256 0.0000 0.0000 0.0274 0.0000 0.0000 0.0000 0.0000 0.0000 0.0200 0.1421 
30       30   (0)      4 :  0.0000 0.0000 0.0502 0.0871 0.0000 0.0000 0.0400 0.1200 0.0000 0.2207 0.2511 0.1072 0.0914 0.0000 0.0225 0.0098 
31       31   (0)      4 :  0.0000 0.0000 0.0505 0.0600 0.0000 0.0000 0.1690 0.0400 0.0000 0.0543 0.1348 0.2343 0.1971 0.0000 0.0600 0.0000 
32       32   (0)      4 :  0.0036 0.1019 0.0396 0.0531 0.0002 0.1559 0.0751 0.0721 0.1336 0.0551 0.0493 0.0778 0.0651 0.0209 0.0292 0.0677 
33       33   (0)      4 :  0.0200 0.0000 0.1791 0.1400 0.0000 0.0000 0.0666 0.0400 0.0000 0.0600 0.1688 0.1356 0.0700 0.0000 0.0600 0.0600 
34       34   (0)      4 :  0.0000 0.0000 0.0200 0.0400 0.0000 0.0000 0.1315 0.0800 0.0000 0.0427 0.2108 0.2506 0.0844 0.0000 0.1400 0.0000 
35       35   (0)      4 :  0.0000 0.0000 0.1113 0.0200 0.0000 0.0000 0.0200 0.1200 0.0000 0.2600 0.2600 0.0687 0.0600 0.0000 0.0600 0.0200 
36       36   (0)      4 :  0.0000 0.0000 0.1490 0.0260 0.0000 0.0000 0.0839 0.0000 0.0000 0.3441 0.0421 0.2050 0.0654 0.0000 0.0644 0.0200 
37       37   (0)      4 :  0.0000 0.0000 0.0246 0.0200 0.0000 0.0000 0.1476 0.0452 0.0000 0.2297 0.0200 0.0964 0.4141 0.0000 0.0024 0.0000 
38       38   (0)      4 :  0.0000 0.0000 0.0797 0.0237 0.0000 0.0000 0.0898 0.0482 0.0000 0.2275 0.1000 0.1013 0.3299 0.0000 0.0000 0.0000 
39       39   (0)      4 :  0.0000 0.0700 0.0000 0.0000 0.0000 0.7289 0.0000 0.0000 0.0800 0.0000 0.0000 0.0000 0.0000 0.0000 0.0061 0.1150 
40       40   (0)      5 :  0.0000 0.0000 0.0771 0.0448 0.0000 0.0000 0.1169 0.0548 0.0000 0.4457 0.0280 0.1747 0.0500 0.0000 0.0045 0.0034 
41       41   (0)      5 :  0.0000 0.0000 0.9784 0.0000 0.0000 0.0000 0.0096 0.0076 0.0000 0.0000 0.0000 0.0000 0.0043 0.0000 0.0000 0.0000 
42       42   (0)      5 :  0.0000 0.0000 0.1040 0.0617 0.0000 0.0000 0.1879 0.0200 0.0000 0.2440 0.0238 0.1088 0.2245 0.0000 0.0224 0.0027 
43       43   (0)      5 :  0.0000 0.3417 0.0000 0.0446 0.0000 0.4243 0.0000 0.0000 0.0733 0.0000 0.0000 0.0000 0.0000 0.0000 0.0000 0.1160 
44       44   (0)      5 :  0.0000 0.0000 0.2097 0.0439 0.0000 0.0000 0.0720 0.0000 0.0000 0.0463 0.3055 0.1884 0.1143 0.0000 0.0000 0.0200 
45       45   (0)      5 :  0.0000 0.0000 0.0755 0.0670 0.0000 0.0000 0.2408 0.1766 0.0000 0.1158 0.0717 0.1235 0.1091 0.0000 0.0000 0.0200 
46       46   (0)      5 :  0.0000 0.0000 0.0225 0.0400 0.0000 0.0000 0.1328 0.0000 0.0000 0.1400 0.4443 0.0867 0.1086 0.0000 0.0252 0.0000 
47       47   (0)      5 :  0.0000 0.0000 0.1973 0.0291 0.0000 0.0000 0.0856 0.0600 0.0000 0.0476 0.2154 0.0000 0.2450 0.0000 0.1200 0.0000 
48       48   (0)      5 :  0.0000 0.0000 0.0800 0.1200 0.0000 0.0000 0.0800 0.4800 0.0000 0.0400 0.0600 0.0400 0.0400 0.0000 0.0600 0.0000 
49       49   (0)      5 :  0.0000 0.3613 0.0000 0.0000 0.0000 0.3541 0.0000 0.0000 0.1150 0.0000 0.0000 0.0000 0.0000 0.0000 0.0200 0.1496 
50       50   (0)      5 :  0.0000 0.0000 0.1173 0.0828 0.0000 0.0000 0.2450 0.0407 0.0000 0.0832 0.1164 0.1856 0.0932 0.0000 0.0357 0.0000 
51       51   (0)      5 :  0.0000 0.0866 0.0000 0.0636 0.0000 0.1424 0.0000 0.0000 0.5052 0.0000 0.0000 0.0000 0.0000 0.0000 0.0000 0.2022 
52       52   (0)      5 :  0.0000 0.1403 0.0000 0.1128 0.0000 0.1562 0.0000 0.0000 0.3839 0.0000 0.0000 0.0000 0.0000 0.0003 0.0200 0.1866 
53       53   (0)      6 :  0.0000 0.0600 0.0000 0.0800 0.0000 0.1000 0.0000 0.0000 0.6400 0.0000 0.0000 0.0000 0.0000 0.0000 0.0000 0.1200 
54       54   (0)      6 :  0.0200 0.0000 0.1667 0.0800 0.0000 0.0000 0.0726 0.0400 0.0000 0.0290 0.1784 0.0710 0.3423 0.0000 0.0000 0.0000 
55       55   (0)      6 :  0.0288 0.0977 0.0000 0.0074 0.0045 0.0969 0.0000 0.0000 0.4876 0.0000 0.0000 0.0000 0.0000 0.0268 0.0227 0.2275 
56       56   (0)      6 :  0.0000 0.0000 0.0000 0.0000 1.0000 0.0000 0.0000 0.0000 0.0000 0.0000 0.0000 0.0000 0.0000 0.0000 0.0000 0.0000 
57       57   (0)      6 :  0.4000 0.0000 0.0000 0.0400 0.5200 0.0000 0.0000 0.0000 0.0000 0.0000 0.0000 0.0000 0.0000 0.0000 0.0000 0.0400 
58       58   (0)      6 :  0.0000 0.0000 0.0000 0.0000 1.0000 0.0000 0.0000 0.0000 0.0000 0.0000 0.0000 0.0000 0.0000 0.0000 0.0000 0.0000 
59       59   (0)      6 :  0.0000 0.0000 0.0664 0.0425 0.0085 0.0000 0.0280 0.7360 0.0000 0.0505 0.0183 0.0134 0.0126 0.0000 0.0238 0.0000 
60       60   (0)      6 :  0.0000 0.0000 0.0859 0.0445 0.0000 0.0000 0.0132 0.1230 0.0000 0.2129 0.1494 0.2375 0.0931 0.0000 0.0405 0.0000 
61       61   (0)      6 :  0.0000 0.0000 0.3241 0.0469 0.0000 0.0000 0.1090 0.0147 0.0000 0.1023 0.1795 0.0769 0.1033 0.0000 0.0433 0.0000 
62       62   (0)      6 :  0.0000 0.0000 0.0905 0.0600 0.0000 0.0000 0.3625 0.0000 0.0000 0.0049 0.0503 0.2058 0.1843 0.0000 0.0417 0.0000 
63       63   (0)      6 :  0.0172 0.2238 0.0010 0.0291 0.1095 0.1731 0.0000 0.0005 0.2701 0.0000 0.0000 0.0000 0.0000 0.0017 0.0169 0.1573 
64       64   (0)      7 :  0.0028 0.0847 0.0000 0.0118 0.0000 0.2949 0.0000 0.0000 0.4650 0.0000 0.0000 0.0000 0.0000 0.0000 0.0020 0.1388 
65       65   (0)      7 :  0.0000 0.0200 0.0000 0.0200 0.0000 0.0800 0.0000 0.0000 0.8200 0.0000 0.0000 0.0000 0.0000 0.0000 0.0000 0.0600 
66       66   (0)      7 :  0.0011 0.0988 0.0000 0.0030 0.0000 0.1165 0.0000 0.0000 0.6234 0.0000 0.0000 0.0000 0.0000 0.0000 0.0020 0.1552 
67       67   (0)      7 :  0.0036 0.0682 0.0000 0.0206 0.0017 0.0724 0.0000 0.0000 0.7300 0.0000 0.0000 0.0000 0.0000 0.0169 0.0077 0.0789 
68       68   (0)      8 :  0.0274 0.0000 0.0225 0.0828 0.0183 0.0000 0.0262 0.1600 0.0000 0.1941 0.1326 0.0320 0.1156 0.0000 0.1248 0.0639 
69       69   (0)      8 :  0.0419 0.0000 0.2317 0.0434 0.0856 0.0016 0.0774 0.2017 0.0000 0.0829 0.0580 0.0393 0.0840 0.0000 0.0442 0.0084 
70       70   (0)      8 :  0.0000 0.0000 0.0800 0.1400 0.0000 0.0000 0.0800 0.3487 0.0000 0.1000 0.0200 0.1272 0.0200 0.0000 0.0600 0.0241 
71       71   (0)      8 :  0.0008 0.0000 0.2408 0.0979 0.0032 0.0000 0.0146 0.2587 0.0000 0.0894 0.0725 0.1542 0.0410 0.0000 0.0270 0.0000 
72       72   (0)      8 :  0.0060 0.0000 0.0782 0.0893 0.0395 0.0000 0.0232 0.3697 0.0000 0.0652 0.0460 0.1602 0.0173 0.0000 0.0778 0.0275 
73       73   (0)      8 :  0.0644 0.0000 0.0000 0.0200 0.9127 0.0000 0.0000 0.0000 0.0000 0.0000 0.0000 0.0000 0.0000 0.0000 0.0029 0.0000 
74       74   (0)      9 :  0.0189 0.1138 0.0011 0.0203 0.1069 0.2024 0.0010 0.0000 0.2534 0.0000 0.0000 0.0000 0.0000 0.0154 0.0063 0.2605 
75       75   (0)      9 :  0.0314 0.3105 0.0000 0.0142 0.0335 0.1936 0.0000 0.0000 0.2223 0.0000 0.0000 0.0000 0.0000 0.0000 0.0091 0.1854 
76       76   (0)     10 :  0.0000 0.1400 0.0000 0.0200 0.0000 0.0277 0.0000 0.0000 0.7323 0.0000 0.0000 0.0000 0.0000 0.0000 0.0000 0.0800 
77       77   (0)     11 :  0.0000 0.2813 0.0000 0.0600 0.0000 0.3882 0.0000 0.0000 0.2093 0.0000 0.0000 0.0000 0.0000 0.0000 0.0232 0.0380 
78       78   (0)     12 :  0.0099 0.0278 0.0000 0.0106 0.0000 0.6305 0.0000 0.0000 0.1621 0.0000 0.0000 0.0000 0.0000 0.0000 0.0061 0.1530 
79       79   (0)     13 :  0.4760 0.0000 0.1209 0.0304 0.2599 0.0000 0.0087 0.0378 0.0000 0.0071 0.0123 0.0100 0.0158 0.0000 0.0161 0.0049 
80       80   (0)     13 :  0.0000 0.0000 0.0000 0.0000 0.0000 0.0000 0.0000 0.0000 0.0000 0.0400 0.0051 0.9149 0.0200 0.0000 0.0200 0.0000 
