1        1   (0)      1  : 0.1324 0.0000 0.0000 0.0000 0.0000 0.0000 0.0000 0.0001 0.2472 0.0000 0.6202 0.0000 0.0000
2        2   (0)      1  : 0.0000 0.0000 0.0497 0.0000 0.0842 0.0000 0.0000 0.8661 0.0000 0.0000 0.0000 0.0000 0.0000
3        3   (0)      1  : 0.0490 0.0000 0.0000 0.4572 0.0000 0.0000 0.0000 0.0065 0.0000 0.0000 0.4873 0.0000 0.0000
4        4   (0)      1  : 0.0000 0.0000 0.0000 0.0000 0.0000 1.0000 0.0000 0.0000 0.0000 0.0000 0.0000 0.0000 0.0000
5        5   (0)      1  : 0.0000 0.0000 0.0000 0.6957 0.0000 0.0869 0.0000 0.0000 0.0000 0.0000 0.2174 0.0000 0.0000
6        6   (0)      1  : 0.0000 0.0000 0.0000 0.5071 0.0000 0.0000 0.0000 0.0000 0.1247 0.0000 0.2511 0.1170 0.0000
7        7   (0)      1  : 0.0000 0.0000 0.0000 0.5000 0.0000 0.0000 0.0000 0.0000 0.0000 0.0000 0.5000 0.0000 0.0000
8        8   (0)      1  : 0.0000 0.0000 0.0000 0.2840 0.0000 0.1011 0.0000 0.0000 0.0000 0.0000 0.6149 0.0000 0.0000
9        9   (0)      1  : 0.0000 0.0000 0.0000 0.1454 0.0000 0.0000 0.0000 0.0000 0.1103 0.0000 0.7443 0.0000 0.0000
10       10   (0)      1  : 0.0000 0.0000 0.0000 0.1349 0.0000 0.1048 0.0000 0.0000 0.4845 0.0000 0.2037 0.0721 0.0000
11       11   (0)      1  : 0.0000 0.0000 0.0000 0.0000 0.0000 0.0000 0.0000 0.0000 0.0000 0.0000 0.0000 1.0000 0.0000
12       12   (0)      1  : 0.0000 0.0000 0.0000 0.0000 0.0000 0.0000 0.0000 1.0000 0.0000 0.0000 0.0000 0.0000 0.0000
13       13   (0)      1  : 0.0000 0.0000 0.0000 0.0000 0.0000 0.5000 0.0000 0.0000 0.5000 0.0000 0.0000 0.0000 0.0000
14       14   (0)      2  : 0.0000 0.0000 0.0000 0.7641 0.0000 0.0000 0.0000 0.0000 0.0000 0.0000 0.2359 0.0000 0.0000
15       15   (0)      2  : 0.0000 0.0000 0.0000 0.0000 0.0000 0.0000 1.0000 0.0000 0.0000 0.0000 0.0000 0.0000 0.0000
16       16   (0)      2  : 0.0000 0.0000 0.0000 0.5000 0.0000 0.0000 0.0000 0.0000 0.0000 0.0000 0.5000 0.0000 0.0000
17       17   (0)      2  : 0.0000 0.0000 0.0000 0.0000 0.0000 0.0000 0.0000 0.0000 0.2272 0.0000 0.7728 0.0000 0.0000
18       18   (0)      2  : 0.0000 0.0000 0.0000 0.0000 0.0000 0.0000 0.0000 0.0000 0.8103 0.0000 0.0000 0.1897 0.0000
19       19   (0)      2  : 0.0000 0.0000 0.0000 0.3665 0.0000 0.0000 0.0000 0.0000 0.0000 0.0000 0.6335 0.0000 0.0000
20       20   (0)      2  : 0.2415 0.0000 0.0188 0.0680 0.0000 0.0000 0.0000 0.0612 0.4055 0.0000 0.1088 0.0962 0.0000
21       21   (0)      2  : 0.0000 0.0000 0.0000 0.0773 0.0000 0.1638 0.0000 0.5000 0.0752 0.0000 0.1837 0.0000 0.0000
22       22   (0)      2  : 0.0617 0.0000 0.0838 0.0000 0.0000 0.0667 0.0000 0.0362 0.2596 0.0000 0.3491 0.1429 0.0000
23       23   (0)      2  : 0.0000 0.0000 0.4448 0.0000 0.0000 0.0000 0.0000 0.2797 0.0000 0.0000 0.2754 0.0000 0.0000
24       24   (0)      2  : 0.0000 0.0000 0.0000 0.0000 0.0000 0.0000 0.0000 0.0000 0.0000 0.0000 1.0000 0.0000 0.0000
25       25   (0)      2  : 0.0000 0.0000 0.0000 0.0000 0.0000 0.2127 0.0000 0.5000 0.0000 0.0000 0.2873 0.0000 0.0000
26       26   (0)      2  : 0.0000 0.0000 0.4127 0.2689 0.0000 0.0000 0.0000 0.0016 0.2925 0.0000 0.0000 0.0243 0.0000
27       27   (0)      2  : 0.0000 0.0000 0.0000 0.5000 0.0000 0.0000 0.0000 0.0000 0.0000 0.0000 0.5000 0.0000 0.0000
28       28   (0)      3  : 0.0000 1.0000 0.0000 0.0000 0.0000 0.0000 0.0000 0.0000 0.0000 0.0000 0.0000 0.0000 0.0000
29       29   (0)      3  : 0.5000 0.0000 0.0000 0.0000 0.0000 0.0000 0.0000 0.0000 0.5000 0.0000 0.0000 0.0000 0.0000
30       30   (0)      3  : 0.0000 0.0000 1.0000 0.0000 0.0000 0.0000 0.0000 0.0000 0.0000 0.0000 0.0000 0.0000 0.0000
31       31   (0)      3  : 0.4783 0.0000 0.5217 0.0000 0.0000 0.0000 0.0000 0.0000 0.0000 0.0000 0.0000 0.0000 0.0000
32       32   (0)      3  : 0.0000 0.0000 0.0000 0.0000 0.0000 0.0000 1.0000 0.0000 0.0000 0.0000 0.0000 0.0000 0.0000
33       33   (0)      3  : 0.0000 0.0000 0.0000 0.0000 0.0000 0.0000 0.0000 0.0000 0.0000 0.0000 1.0000 0.0000 0.0000
34       34   (0)      3  : 0.0000 0.0000 0.0000 0.0000 0.8488 0.0000 0.0000 0.0000 0.0000 0.1512 0.0000 0.0000 0.0000
35       35   (0)      3  : 0.0000 0.1287 0.0000 0.0000 0.3415 0.0000 0.0000 0.0000 0.0000 0.5298 0.0000 0.0000 0.0000
36       36   (0)      3  : 0.0000 0.0000 0.0000 0.0000 1.0000 0.0000 0.0000 0.0000 0.0000 0.0000 0.0000 0.0000 0.0000
37       37   (0)      3  : 0.0000 0.0000 0.0000 1.0000 0.0000 0.0000 0.0000 0.0000 0.0000 0.0000 0.0000 0.0000 0.0000
38       38   (0)      3  : 0.0000 0.0000 1.0000 0.0000 0.0000 0.0000 0.0000 0.0000 0.0000 0.0000 0.0000 0.0000 0.0000
39       39   (0)      3  : 0.0000 0.0000 1.0000 0.0000 0.0000 0.0000 0.0000 0.0000 0.0000 0.0000 0.0000 0.0000 0.0000
40       40   (0)      3  : 0.0000 0.0000 0.0000 0.0000 0.0000 0.7998 0.0000 0.0000 0.2002 0.0000 0.0000 0.0000 0.0000
41       41   (0)      3  : 0.0000 0.0000 0.0000 0.0000 0.0000 0.0000 0.0000 0.0000 0.7777 0.0000 0.2223 0.0000 0.0000
42       42   (0)      3  : 0.0000 0.0000 0.0000 0.0000 0.0000 0.0000 1.0000 0.0000 0.0000 0.0000 0.0000 0.0000 0.0000
43       43   (0)      3  : 0.0000 0.0000 0.0000 0.0000 0.0000 0.0000 0.0000 0.0000 0.0000 1.0000 0.0000 0.0000 0.0000
44       44   (0)      3  : 0.0000 0.0000 0.0000 0.5000 0.0000 0.5000 0.0000 0.0000 0.0000 0.0000 0.0000 0.0000 0.0000
45       45   (0)      3  : 0.0000 0.0000 0.0000 0.5000 0.0000 0.0000 0.0000 0.0000 0.0000 0.0000 0.5000 0.0000 0.0000
46       46   (0)      4  : 0.0000 1.0000 0.0000 0.0000 0.0000 0.0000 0.0000 0.0000 0.0000 0.0000 0.0000 0.0000 0.0000
47       47   (0)      4  : 0.0000 0.2918 0.0000 0.0000 0.0000 0.0000 0.0000 0.0000 0.0000 0.0000 0.0000 0.0000 0.7082
48       48   (0)      4  : 0.5000 0.0000 0.0000 0.5000 0.0000 0.0000 0.0000 0.0000 0.0000 0.0000 0.0000 0.0000 0.0000
49       49   (0)      4  : 0.0000 0.0000 0.0000 0.0000 0.0000 1.0000 0.0000 0.0000 0.0000 0.0000 0.0000 0.0000 0.0000
50       50   (0)      4  : 1.0000 0.0000 0.0000 0.0000 0.0000 0.0000 0.0000 0.0000 0.0000 0.0000 0.0000 0.0000 0.0000
51       51   (0)      4  : 0.1127 0.0000 0.0271 0.0000 0.0000 0.0000 0.0000 0.0000 0.1825 0.0000 0.1777 0.5000 0.0000
52       52   (0)      4  : 0.0413 0.0000 0.0000 0.0895 0.0000 0.0000 0.0000 0.0000 0.7153 0.0000 0.0000 0.1539 0.0000
53       53   (0)      4  : 0.0000 0.0000 0.0000 0.0000 0.0000 1.0000 0.0000 0.0000 0.0000 0.0000 0.0000 0.0000 0.0000
54       54   (0)      4  : 0.0000 0.0000 0.0000 0.2000 0.0000 0.1293 0.0000 0.0000 0.1707 0.0000 0.0000 0.5000 0.0000
55       55   (0)      4  : 0.3602 0.0000 0.6398 0.0000 0.0000 0.0000 0.0000 0.0000 0.0000 0.0000 0.0000 0.0000 0.0000
56       56   (0)      4  : 1.0000 0.0000 0.0000 0.0000 0.0000 0.0000 0.0000 0.0000 0.0000 0.0000 0.0000 0.0000 0.0000
57       57   (0)      5  : 0.0000 0.0000 0.0000 0.0000 0.0000 0.0000 0.0000 0.0000 1.0000 0.0000 0.0000 0.0000 0.0000
58       58   (0)      5  : 0.0935 0.0179 0.0000 0.0000 0.0000 0.0000 0.0000 0.0102 0.5250 0.0113 0.1946 0.1475 0.0000
59       59   (0)      5  : 0.0000 0.0000 0.0000 0.0000 0.0000 0.0000 0.0000 0.0000 1.0000 0.0000 0.0000 0.0000 0.0000
60       60   (0)      5  : 0.0000 1.0000 0.0000 0.0000 0.0000 0.0000 0.0000 0.0000 0.0000 0.0000 0.0000 0.0000 0.0000
61       61   (0)      5  : 0.0000 1.0000 0.0000 0.0000 0.0000 0.0000 0.0000 0.0000 0.0000 0.0000 0.0000 0.0000 0.0000
62       62   (0)      5  : 0.0000 0.0000 0.0000 0.0000 0.0000 0.0000 1.0000 0.0000 0.0000 0.0000 0.0000 0.0000 0.0000
63       63   (0)      6  : 0.0000 0.0000 0.0000 0.0000 1.0000 0.0000 0.0000 0.0000 0.0000 0.0000 0.0000 0.0000 0.0000
64       64   (0)      6  : 0.0000 1.0000 0.0000 0.0000 0.0000 0.0000 0.0000 0.0000 0.0000 0.0000 0.0000 0.0000 0.0000
65       65   (0)      6  : 0.0000 0.0000 0.0000 0.0000 1.0000 0.0000 0.0000 0.0000 0.0000 0.0000 0.0000 0.0000 0.0000
66       66   (0)      6  : 0.0000 0.5807 0.0000 0.0683 0.0112 0.0000 0.0301 0.0000 0.1193 0.0366 0.0540 0.0000 0.0998
67       67   (0)      6  : 0.0000 0.0000 0.0000 0.0000 0.0000 0.0000 0.0000 0.0000 0.0000 0.0000 0.0000 0.0000 1.0000
68       68   (0)      6  : 0.0000 0.6212 0.1231 0.0000 0.1113 0.0000 0.0000 0.0000 0.0000 0.0051 0.0000 0.0000 0.1393
69       69   (0)      6  : 0.1277 0.0563 0.0248 0.1708 0.0701 0.0002 0.0044 0.0342 0.1959 0.0000 0.2858 0.0180 0.0118
70       70   (0)      6  : 0.0000 0.5000 0.0000 0.0000 0.0000 0.0000 0.0000 0.0000 0.0000 0.0000 0.0000 0.0000 0.5000
71       71   (0)      6  : 0.0000 0.0000 0.0000 0.0000 0.0000 0.0000 0.0000 0.0000 0.0000 0.0000 1.0000 0.0000 0.0000
72       72   (0)      6  : 0.0000 1.0000 0.0000 0.0000 0.0000 0.0000 0.0000 0.0000 0.0000 0.0000 0.0000 0.0000 0.0000
73       73   (0)      6  : 0.0000 0.0000 0.0000 0.0000 1.0000 0.0000 0.0000 0.0000 0.0000 0.0000 0.0000 0.0000 0.0000
74       74   (0)      6  : 0.0000 0.8706 0.1294 0.0000 0.0000 0.0000 0.0000 0.0000 0.0000 0.0000 0.0000 0.0000 0.0000
75       75   (0)      6  : 0.0000 0.0000 0.0321 0.0000 0.9679 0.0000 0.0000 0.0000 0.0000 0.0000 0.0000 0.0000 0.0000
76       76   (0)      6  : 0.0000 0.5042 0.1592 0.0000 0.0000 0.0000 0.0000 0.0000 0.0000 0.0000 0.0000 0.0000 0.3366
77       77   (0)      6  : 0.0000 0.5519 0.1792 0.0000 0.0053 0.0000 0.0000 0.0000 0.0000 0.0000 0.0000 0.0000 0.2636
78       78   (0)      6  : 0.0000 0.0000 0.2120 0.0000 0.7880 0.0000 0.0000 0.0000 0.0000 0.0000 0.0000 0.0000 0.0000
79       79   (0)      6  : 0.0000 0.0000 0.0000 0.0000 1.0000 0.0000 0.0000 0.0000 0.0000 0.0000 0.0000 0.0000 0.0000
80       80   (0)      7  : 0.0000 0.0000 0.0000 0.0000 0.0000 0.0000 0.0000 0.0000 0.5000 0.0000 0.0000 0.5000 0.0000
81       81   (0)      8  : 0.0000 0.0000 0.0000 0.0000 0.0000 0.0000 0.0000 0.0000 0.0000 0.0000 0.0000 1.0000 0.0000
82       82   (0)      9  : 0.0000 0.0000 1.0000 0.0000 0.0000 0.0000 0.0000 0.0000 0.0000 0.0000 0.0000 0.0000 0.0000
83       83   (0)     10  : 0.0986 0.0000 0.1206 0.0909 0.0000 0.0367 0.0000 0.0508 0.2771 0.0000 0.1828 0.1425 0.0000
84       84   (0)     11  : 0.0000 0.0000 0.0000 0.2336 0.0000 0.0000 0.0000 0.0000 0.7664 0.0000 0.0000 0.0000 0.0000
85       85   (0)     11  : 0.0000 0.0000 0.4522 0.0000 0.0000 0.0000 0.0000 0.0000 0.5478 0.0000 0.0000 0.0000 0.0000
86       86   (0)     12  : 0.0000 0.0000 0.3769 0.0000 0.0000 0.0000 0.0000 0.0000 0.0000 0.0000 0.0000 0.6231 0.0000
87       87   (0)     12  : 0.0000 0.0000 0.0860 0.0670 0.0000 0.0000 0.0000 0.0967 0.0003 0.0000 0.1676 0.5825 0.0000
88       88   (0)     12  : 0.2821 0.0000 0.0000 0.1578 0.0000 0.1050 0.0000 0.0000 0.2235 0.0000 0.2316 0.0000 0.0000
89       89   (0)     12  : 0.0001 0.0000 0.0836 0.0002 0.0000 0.0359 0.0000 0.0317 0.1884 0.0000 0.1194 0.5407 0.0000
90       90   (0)     12  : 0.0000 0.0000 0.0000 0.0000 1.0000 0.0000 0.0000 0.0000 0.0000 0.0000 0.0000 0.0000 0.0000
91       91   (0)     12  : 0.0000 0.0000 0.0000 1.0000 0.0000 0.0000 0.0000 0.0000 0.0000 0.0000 0.0000 0.0000 0.0000
92       92   (0)     12  : 0.0000 0.0000 0.0000 0.1090 0.0000 0.1469 0.0000 0.0000 0.6002 0.0000 0.1440 0.0000 0.0000
93       93   (0)     12  : 0.0000 0.0000 0.0000 0.1235 0.0000 0.0000 0.0000 0.0000 0.5037 0.0000 0.3728 0.0000 0.0000
94       94   (0)     13  : 0.0000 0.0000 0.0000 0.5000 0.0000 0.1215 0.0000 0.0000 0.3785 0.0000 0.0000 0.0000 0.0000
