1        1   (0)      1  : 0.2499 0.1233 0.0550 0.0009 0.0932 0.0325 0.1576 0.0000 0.2875
2        2   (0)      1  : 0.4806 0.0000 0.0000 0.0080 0.1761 0.0949 0.0765 0.0000 0.1639
3        3   (0)      1  : 0.1742 0.0000 0.0457 0.0290 0.0000 0.0650 0.0465 0.3678 0.2718
4        4   (0)      1  : 0.3526 0.0258 0.0615 0.0215 0.0012 0.0422 0.0000 0.3996 0.0956
5        5   (0)      1  : 0.1065 0.0369 0.0732 0.0000 0.0000 0.0531 0.1593 0.5709 0.0000
6        6   (0)      1  : 0.2093 0.0380 0.2313 0.0203 0.0305 0.0089 0.0090 0.2430 0.2096
7        7   (0)      1  : 0.6000 0.0000 0.0000 0.0000 0.0785 0.0000 0.0000 0.3215 0.0000
8        8   (0)      2  : 0.1509 0.0000 0.2452 0.0000 0.2235 0.0358 0.0319 0.2952 0.0175
9        9   (0)      2  : 0.0000 0.0000 0.0000 0.0000 1.0000 0.0000 0.0000 0.0000 0.0000
10       10   (0)      2  : 0.0000 0.0000 0.0000 0.0000 1.0000 0.0000 0.0000 0.0000 0.0000
11       11   (0)      2  : 0.0000 0.1005 0.0000 0.0000 0.8995 0.0000 0.0000 0.0000 0.0000
12       12   (0)      2  : 0.1302 0.0000 0.0000 0.0157 0.2000 0.0313 0.0000 0.4477 0.1751
13       13   (0)      2  : 0.1569 0.0000 0.3930 0.0000 0.0334 0.0501 0.2523 0.0000 0.1143
14       14   (0)      3  : 0.4863 0.0017 0.1519 0.0000 0.2000 0.0000 0.0000 0.1182 0.0420
15       15   (0)      3  : 0.1488 0.0061 0.0000 0.0019 0.2000 0.0000 0.1215 0.0690 0.4527
16       16   (0)      3  : 0.0000 0.0000 0.0000 0.0000 0.0000 0.2000 0.0000 0.2000 0.6000
17       17   (0)      3  : 0.2754 0.0000 0.4791 0.0106 0.0000 0.2000 0.0349 0.0000 0.0000
18       18   (0)      4  : 0.4000 0.0030 0.1332 0.0201 0.0305 0.0820 0.0320 0.1777 0.1215
19       19   (0)      4  : 0.0770 0.0093 0.5420 0.0000 0.0440 0.0000 0.0000 0.0000 0.3277
20       20   (0)      4  : 0.0000 0.0000 0.0000 0.0000 0.0000 0.0000 0.0000 1.0000 0.0000
21       21   (0)      4  : 0.8763 0.0000 0.0236 0.0011 0.0166 0.0500 0.0000 0.0324 0.0000
22       22   (0)      4  : 0.2100 0.0007 0.3537 0.0065 0.0175 0.0202 0.1252 0.0608 0.2054
23       23   (0)      4  : 0.3186 0.0000 0.0000 0.0061 0.1194 0.0000 0.0480 0.2580 0.2500
24       24   (0)      4  : 0.2043 0.0000 0.3028 0.0000 0.0954 0.0022 0.0334 0.2931 0.0690
25       25   (0)      4  : 0.0000 0.0000 0.0992 0.0000 0.0000 0.0000 0.0000 0.9008 0.0000
26       26   (0)      4  : 0.1493 0.0208 0.3873 0.0000 0.2546 0.0504 0.0189 0.0864 0.0322
27       27   (0)      4  : 0.5956 0.0000 0.1168 0.0019 0.0332 0.0019 0.0000 0.0659 0.1847
28       28   (0)      4  : 0.1636 0.0067 0.0617 0.0405 0.0599 0.3303 0.0816 0.1470 0.1086
29       29   (0)      4  : 0.2192 0.0116 0.3598 0.0029 0.0520 0.0154 0.0315 0.3072 0.0004
30       30   (0)      4  : 0.0000 0.0000 0.1491 0.0162 0.2557 0.0313 0.0342 0.1369 0.3766
31       31   (0)      4  : 0.2008 0.0000 0.0000 0.0000 0.0000 0.0000 0.0000 0.0000 0.7992
32       32   (0)      4  : 0.2000 0.0000 0.5232 0.0000 0.2000 0.0000 0.0000 0.0768 0.0000
33       33   (0)      4  : 0.0000 0.0000 0.2935 0.0388 0.3546 0.0216 0.0000 0.0484 0.2431
34       34   (0)      5  : 0.1069 0.0091 0.4558 0.0000 0.0860 0.0143 0.0689 0.1513 0.1076
35       35   (0)      6  : 0.2154 0.0118 0.0000 0.0000 0.1538 0.0665 0.0367 0.3476 0.1681
36       36   (0)      6  : 0.7038 0.0000 0.0653 0.0001 0.0558 0.0301 0.0638 0.0402 0.0410
37       37   (0)      6  : 0.0000 0.0000 0.0000 0.0000 0.0000 1.0000 0.0000 0.0000 0.0000
38       38   (0)      6  : 0.2000 0.0000 0.0000 0.0000 0.4000 0.0000 0.3067 0.0933 0.0000
39       39   (0)      6  : 0.2627 0.0000 0.5602 0.0000 0.0002 0.0085 0.0471 0.1214 0.0000
40       40   (0)      6  : 0.4291 0.0196 0.4172 0.0000 0.0893 0.0448 0.0000 0.0000 0.0000
41       41   (0)      6  : 0.0000 1.0000 0.0000 0.0000 0.0000 0.0000 0.0000 0.0000 0.0000
42       42   (0)      6  : 0.4913 0.0089 0.1177 0.0000 0.0999 0.0287 0.0369 0.0990 0.1176
43       43   (0)      6  : 0.0000 0.0000 0.0000 0.0040 0.0000 0.0000 0.0000 0.0866 0.9094
44       44   (0)      6  : 0.1630 0.0288 0.1855 0.0007 0.0446 0.0230 0.0733 0.3580 0.1230
45       45   (0)      6  : 0.1612 0.0000 0.0346 0.0101 0.0000 0.0047 0.0000 0.7451 0.0443
46       46   (0)      6  : 0.0000 0.0000 0.0000 1.0000 0.0000 0.0000 0.0000 0.0000 0.0000
47       47   (0)      6  : 0.5034 0.0000 0.0000 0.0000 0.0000 0.0000 0.2966 0.0000 0.2000
48       48   (0)      6  : 0.1200 0.0000 0.2653 0.0251 0.0314 0.2747 0.0401 0.1047 0.1387
49       49   (0)      6  : 0.0000 1.0000 0.0000 0.0000 0.0000 0.0000 0.0000 0.0000 0.0000
50       50   (0)      6  : 0.0936 0.0000 0.3505 0.0000 0.0172 0.0921 0.1452 0.0536 0.2477
51       51   (0)      6  : 0.0614 0.0635 0.1333 0.0083 0.1201 0.0680 0.0873 0.4007 0.0575
52       52   (0)      6  : 0.0000 0.0000 0.0000 1.0000 0.0000 0.0000 0.0000 0.0000 0.0000
53       53   (0)      6  : 0.0000 0.0000 0.6000 0.0000 0.0000 0.2000 0.0000 0.0975 0.1025
54       54   (0)      6  : 0.0000 0.0000 0.7843 0.0000 0.0000 0.0000 0.2157 0.0000 0.0000
55       55   (0)      6  : 0.2456 0.0000 0.0000 0.0040 0.0816 0.1837 0.2039 0.1061 0.1750
56       56   (0)      6  : 0.2006 0.0096 0.0825 0.0011 0.0952 0.2201 0.3123 0.0589 0.0197
57       57   (0)      6  : 0.0885 0.0000 0.6432 0.0000 0.0000 0.0000 0.0000 0.2682 0.0000
58       58   (0)      7  : 0.0000 0.0000 0.0000 0.0000 0.0000 0.0000 1.0000 0.0000 0.0000
59       59   (0)      7  : 0.2397 0.0000 0.0347 0.0000 0.0138 0.0430 0.0249 0.0000 0.6440
60       60   (0)      7  : 0.2000 0.0000 0.0000 0.0000 0.0000 0.0000 0.2961 0.5039 0.0000
61       61   (0)      7  : 0.0000 0.0000 0.1205 0.0000 0.5846 0.0089 0.0337 0.2523 0.0000
62       62   (0)      7  : 0.0000 0.0000 0.0000 0.0000 0.0000 1.0000 0.0000 0.0000 0.0000
63       63   (0)      7  : 0.0000 0.0063 0.0961 0.0000 0.3582 0.0000 0.1097 0.0000 0.4297
64       64   (0)      8  : 0.4055 0.0041 0.2756 0.0280 0.0574 0.0795 0.0000 0.0000 0.1498
65       65   (0)      8  : 0.3491 0.0003 0.0000 0.0111 0.0644 0.0223 0.1765 0.3530 0.0233
66       66   (0)      9  : 0.1382 0.0000 0.1557 0.0012 0.1930 0.0323 0.0778 0.1017 0.3001
67       67   (0)     10  : 0.0390 0.0064 0.0416 0.0000 0.0000 0.1085 0.0671 0.0000 0.7373
68       68   (0)     10  : 0.1594 0.0000 0.0533 0.0080 0.0738 0.0318 0.0535 0.3546 0.2657
69       69   (0)     10  : 0.0000 0.0000 0.4272 0.0533 0.0000 0.0455 0.3306 0.0000 0.1434
70       70   (0)     10  : 0.1848 0.0000 0.2000 0.0093 0.0868 0.2510 0.1830 0.0714 0.0137
71       71   (0)     10  : 0.0582 0.0000 0.4459 0.0000 0.4015 0.0000 0.0308 0.0216 0.0419
72       72   (0)     10  : 0.0821 0.0000 0.6805 0.0000 0.1131 0.0028 0.0000 0.0000 0.1215
73       73   (0)     10  : 0.0947 0.0105 0.4874 0.0065 0.0960 0.0009 0.1093 0.0850 0.1098
74       74   (0)     10  : 0.0000 0.0000 0.0000 0.0000 0.0000 0.0000 0.8000 0.0000 0.2000
75       75   (0)     10  : 0.0000 0.0000 0.4330 0.0060 0.0567 0.0163 0.0490 0.0652 0.3737
76       76   (0)     10  : 0.0000 0.0000 0.0000 0.0000 0.0000 0.0000 0.8000 0.0000 0.2000
