  1        1   (0)      1 :  0.0851 0.4151 0.0264 0.0000 0.1737 0.0000 0.0000 0.0075 0.0907 0.0000 0.0704 0.0352 0.0000 0.0924 0.0000 0.0000 0.0035 
  2        2   (0)      1 :  0.0027 0.0035 0.0004 0.1679 0.0017 0.3212 0.0000 0.0426 0.0033 0.0951 0.0014 0.0270 0.2179 0.0000 0.0091 0.0446 0.0616 
  3        3   (0)      1 :  0.0355 0.0800 0.7546 0.0000 0.0000 0.0000 0.0000 0.0103 0.0200 0.0000 0.0396 0.0600 0.0000 0.0000 0.0000 0.0000 0.0000 
  4        4   (0)      1 :  0.1400 0.0581 0.2180 0.0000 0.4130 0.0000 0.0025 0.0200 0.0000 0.0000 0.1351 0.0133 0.0000 0.0000 0.0000 0.0000 0.0000 
  5        5   (0)      1 :  0.1200 0.0400 0.1800 0.0000 0.1873 0.0000 0.0000 0.0000 0.1727 0.0000 0.2800 0.0200 0.0000 0.0000 0.0000 0.0000 0.0000 
  6        6   (0)      1 :  0.0000 0.0000 0.0000 0.0299 0.0000 0.2338 0.0000 0.0650 0.0000 0.2561 0.0000 0.0607 0.0000 0.0000 0.0000 0.2083 0.1462 
  7        7   (0)      1 :  0.2330 0.1580 0.1769 0.0008 0.1651 0.0000 0.0027 0.0409 0.0571 0.0000 0.0946 0.0703 0.0007 0.0000 0.0000 0.0000 0.0000 
  8        8   (0)      1 :  0.0352 0.0006 0.0010 0.0266 0.0009 0.2107 0.0000 0.0409 0.0004 0.1082 0.0000 0.0420 0.2464 0.0000 0.0000 0.1617 0.1253 
  9        9   (0)      1 :  0.1067 0.2097 0.2678 0.0000 0.2237 0.0000 0.0000 0.0200 0.1026 0.0000 0.0600 0.0096 0.0000 0.0000 0.0000 0.0000 0.0000 
 10       10   (0)      2 :  0.0200 0.0800 0.0400 0.0000 0.6800 0.0000 0.0400 0.0000 0.1200 0.0000 0.0200 0.0000 0.0000 0.0000 0.0000 0.0000 0.0000 
 11       11   (0)      2 :  0.1117 0.0236 0.1639 0.0000 0.4179 0.0000 0.0012 0.0400 0.1302 0.0000 0.0900 0.0215 0.0000 0.0000 0.0000 0.0000 0.0000 
 12       12   (0)      2 :  0.0000 0.0000 0.0000 0.0000 0.0000 0.0296 0.0000 0.1000 0.0000 0.0000 0.0000 0.0411 0.3856 0.0000 0.0000 0.1638 0.2799 
 13       13   (0)      3 :  0.1600 0.1627 0.0964 0.0000 0.2821 0.0000 0.0013 0.0200 0.0885 0.0000 0.1690 0.0200 0.0000 0.0000 0.0000 0.0000 0.0000 
 14       14   (0)      3 :  0.0000 0.0000 0.0000 0.0000 0.0000 0.0000 0.0000 0.0000 0.0000 0.0000 0.0000 0.0200 0.0000 0.0000 0.9800 0.0000 0.0000 
 15       15   (0)      3 :  0.0400 0.0000 0.0000 0.0532 0.0000 0.0068 0.0000 0.1003 0.0000 0.0200 0.0000 0.0000 0.3232 0.0000 0.0000 0.2323 0.2242 
 16       16   (0)      3 :  0.0000 0.0000 0.0000 0.0000 0.0000 0.0000 0.0000 0.0000 0.0000 0.0000 0.0000 0.0400 0.0000 0.9600 0.0000 0.0000 0.0000 
 17       17   (0)      4 :  0.0371 0.0000 0.0000 0.0194 0.0000 0.0334 0.0000 0.0165 0.0000 0.0334 0.0000 0.0702 0.0000 0.4767 0.2570 0.0391 0.0171 
 18       18   (0)      4 :  0.0236 0.0008 0.0000 0.1912 0.0006 0.0185 0.0032 0.2953 0.0000 0.2041 0.0000 0.0453 0.0684 0.0000 0.0042 0.1048 0.0398 
 19       19   (0)      5 :  0.0213 0.0000 0.0000 0.3753 0.0000 0.1926 0.0000 0.0659 0.0000 0.0916 0.0000 0.0200 0.0238 0.0000 0.0000 0.1642 0.0452 
 20       20   (0)      5 :  0.0000 0.0000 0.0000 0.0000 0.0000 0.0000 0.9940 0.0000 0.0000 0.0000 0.0000 0.0000 0.0000 0.0000 0.0060 0.0000 0.0000 
 21       21   (0)      5 :  0.0600 0.0600 0.3881 0.0000 0.1200 0.0000 0.0000 0.0200 0.1400 0.0000 0.1519 0.0600 0.0000 0.0000 0.0000 0.0000 0.0000 
 22       22   (0)      5 :  0.0449 0.0646 0.2203 0.0000 0.4689 0.0023 0.0011 0.0213 0.1202 0.0024 0.0454 0.0088 0.0000 0.0000 0.0000 0.0000 0.0000 
 23       23   (0)      5 :  0.1678 0.2076 0.1698 0.0000 0.0400 0.0000 0.0000 0.0200 0.1522 0.0000 0.1626 0.0800 0.0000 0.0000 0.0000 0.0000 0.0000 
 24       24   (0)      5 :  0.0241 0.1350 0.1969 0.0000 0.1476 0.0000 0.0200 0.0022 0.1312 0.0000 0.2961 0.0458 0.0008 0.0000 0.0004 0.0000 0.0000 
 25       25   (0)      5 :  0.0595 0.3712 0.1315 0.0000 0.0636 0.0000 0.0190 0.0016 0.1699 0.0000 0.1509 0.0206 0.0000 0.0122 0.0000 0.0000 0.0000 
 26       26   (0)      5 :  0.0841 0.0998 0.0611 0.0975 0.0629 0.0232 0.0000 0.0655 0.0713 0.0632 0.1138 0.0633 0.0731 0.0000 0.0000 0.0849 0.0363 
 27       27   (0)      5 :  0.0004 0.0000 0.0000 0.0005 0.0000 0.0006 0.0000 0.0008 0.0000 0.0011 0.0000 0.0404 0.0004 0.9318 0.0000 0.0006 0.0233 
 28       28   (0)      5 :  0.0000 0.0000 0.0000 0.0000 0.0000 0.0000 0.0000 0.0000 0.0000 0.0000 0.0000 0.0600 0.0000 0.9400 0.0000 0.0000 0.0000 
 29       29   (0)      5 :  0.0200 0.0000 0.0000 0.2772 0.0000 0.1028 0.0000 0.1119 0.0000 0.0741 0.0000 0.0394 0.1141 0.0019 0.0064 0.1095 0.1428 
 30       30   (0)      5 :  0.0000 0.0000 0.0000 0.2086 0.0000 0.1132 0.0000 0.1581 0.0000 0.0881 0.0000 0.0906 0.0786 0.0000 0.0001 0.0911 0.1717 
 31       31   (0)      5 :  0.0948 0.0662 0.0124 0.1160 0.0706 0.0451 0.0147 0.0818 0.1523 0.1121 0.0474 0.0954 0.0499 0.0000 0.0003 0.0116 0.0294 
 32       32   (0)      5 :  0.0200 0.0411 0.1287 0.0000 0.0694 0.0000 0.0667 0.0600 0.4837 0.0000 0.0735 0.0570 0.0000 0.0000 0.0000 0.0000 0.0000 
 33       33   (0)      5 :  0.0015 0.0000 0.0000 0.1506 0.0000 0.3773 0.0000 0.0395 0.0000 0.0354 0.0000 0.0418 0.2577 0.0000 0.0000 0.0750 0.0211 
 34       34   (0)      5 :  0.0000 0.0000 0.0000 0.1318 0.0000 0.2717 0.0000 0.0400 0.0000 0.3800 0.0000 0.0000 0.0800 0.0000 0.0000 0.0283 0.0682 
 35       35   (0)      5 :  0.0000 0.0000 0.0000 0.0253 0.0000 0.3481 0.0000 0.2053 0.0000 0.1115 0.0000 0.0012 0.2229 0.0000 0.0004 0.0364 0.0490 
 36       36   (0)      6 :  0.0051 0.0000 0.0000 0.0440 0.0000 0.0907 0.0001 0.0835 0.0000 0.1762 0.0000 0.0430 0.0558 0.0147 0.0000 0.1637 0.3233 
 37       37   (0)      6 :  0.0200 0.0000 0.0000 0.0000 0.0000 0.0000 0.0000 0.0000 0.0000 0.0000 0.0200 0.0200 0.0000 0.9400 0.0000 0.0000 0.0000 
 38       38   (0)      6 :  0.0469 0.0000 0.0000 0.4142 0.0000 0.0948 0.0000 0.0476 0.0000 0.0915 0.0000 0.0000 0.0254 0.0000 0.0000 0.2596 0.0200 
 39       39   (0)      6 :  0.0875 0.0040 0.0785 0.0056 0.1239 0.0073 0.0000 0.1064 0.0678 0.1017 0.0392 0.1335 0.1106 0.0000 0.0000 0.0969 0.0371 
 40       40   (0)      6 :  0.0033 0.0000 0.0000 0.0232 0.0000 0.0649 0.0000 0.0255 0.0000 0.6551 0.0000 0.0559 0.0139 0.0000 0.0000 0.1012 0.0570 
 41       41   (0)      6 :  0.0600 0.0000 0.0000 0.0000 0.0000 0.0000 0.0000 0.1000 0.0000 0.2016 0.0000 0.0600 0.1161 0.0000 0.0002 0.2421 0.2200 
 42       42   (0)      6 :  0.0027 0.0000 0.0000 0.0669 0.0000 0.0437 0.0000 0.0079 0.0000 0.7594 0.0012 0.0108 0.0074 0.0000 0.0000 0.0537 0.0464 
 43       43   (0)      6 :  0.0200 0.0000 0.0000 0.0600 0.0000 0.0700 0.0000 0.2318 0.0000 0.3646 0.0000 0.0400 0.0053 0.0000 0.0000 0.1083 0.1000 
 44       44   (0)      6 :  0.0007 0.0000 0.0000 0.0709 0.0000 0.0438 0.0000 0.0394 0.0000 0.4607 0.0000 0.1008 0.0519 0.0000 0.0008 0.1128 0.1182 
 45       45   (0)      6 :  0.0000 0.0000 0.0000 0.0448 0.0000 0.0131 0.0000 0.0800 0.0000 0.1220 0.0000 0.0322 0.5834 0.0000 0.0000 0.0346 0.0899 
 46       46   (0)      6 :  0.0000 0.0000 0.0000 0.0000 0.0000 0.0000 0.9943 0.0000 0.0000 0.0000 0.0000 0.0000 0.0000 0.0000 0.0057 0.0000 0.0000 
 47       47   (0)      6 :  0.0400 0.0000 0.0000 0.4154 0.0000 0.1680 0.0000 0.0800 0.0000 0.0763 0.0000 0.0000 0.1172 0.0000 0.0000 0.0400 0.0631 
 48       48   (0)      7 :  0.0000 0.0000 0.0000 0.0916 0.0000 0.1156 0.0000 0.1613 0.0000 0.0824 0.0000 0.0503 0.0255 0.0000 0.0001 0.4201 0.0532 
 49       49   (0)      7 :  0.0732 0.0466 0.0769 0.1271 0.0692 0.0501 0.0156 0.0295 0.1752 0.0914 0.0906 0.0970 0.0201 0.0000 0.0000 0.0177 0.0198 
 50       50   (0)      7 :  0.0072 0.0004 0.0000 0.0093 0.0002 0.0333 0.0000 0.0145 0.0000 0.0200 0.0000 0.0000 0.0042 0.0000 0.0000 0.9051 0.0058 
 51       51   (0)      8 :  0.0040 0.0000 0.0000 0.0478 0.0000 0.0179 0.0004 0.0564 0.0000 0.0078 0.0000 0.0067 0.3486 0.0236 0.0000 0.0602 0.4264 
 52       52   (0)      8 :  0.0021 0.0000 0.0000 0.0751 0.0000 0.0660 0.0000 0.0287 0.0000 0.1030 0.0026 0.0272 0.1102 0.1039 0.0000 0.0701 0.4109 
 53       53   (0)      9 :  0.0400 0.0000 0.0000 0.0822 0.0000 0.1031 0.0000 0.1607 0.0000 0.0629 0.0000 0.0400 0.1126 0.0000 0.0005 0.1509 0.2471 
 54       54   (0)     10 :  0.0000 0.0000 0.0000 0.0061 0.0000 0.2000 0.0000 0.0400 0.0000 0.1400 0.0000 0.0800 0.0000 0.0000 0.0000 0.5139 0.0200 
 55       55   (0)     10 :  0.2949 0.0600 0.0400 0.0000 0.3251 0.0000 0.0200 0.0400 0.0600 0.0000 0.1400 0.0200 0.0000 0.0000 0.0000 0.0000 0.0000 
 56       56   (0)     10 :  0.0000 0.0000 0.0000 0.0000 0.0000 0.0000 0.0000 0.0000 0.0000 0.0000 0.0200 0.0000 0.0000 0.9600 0.0000 0.0000 0.0200 
 57       57   (0)     10 :  0.0400 0.0000 0.0000 0.1268 0.0000 0.1200 0.0000 0.3207 0.0000 0.0400 0.0000 0.0000 0.2000 0.0000 0.0000 0.1326 0.0200 
 58       58   (0)     11 :  0.0083 0.0003 0.0054 0.1173 0.0001 0.0708 0.0000 0.0387 0.0000 0.1867 0.0015 0.0307 0.1214 0.0702 0.0000 0.0773 0.2716 
 59       59   (0)     11 :  0.0507 0.4294 0.1070 0.0006 0.1082 0.0006 0.0041 0.0091 0.1148 0.0000 0.0849 0.0370 0.0077 0.0350 0.0000 0.0034 0.0074 
 60       60   (0)     11 :  0.0025 0.0000 0.0000 0.0130 0.0000 0.0029 0.0000 0.0137 0.0000 0.0041 0.0186 0.0045 0.0172 0.8781 0.0000 0.0135 0.0319 
 61       61   (0)     11 :  0.0200 0.0000 0.0000 0.1928 0.0000 0.0528 0.0000 0.1000 0.0000 0.0544 0.0000 0.0200 0.1000 0.0000 0.0000 0.1000 0.3600 
 62       62   (0)     11 :  0.0063 0.0000 0.0000 0.0470 0.0000 0.0352 0.0000 0.0644 0.0000 0.0320 0.0000 0.0200 0.7485 0.0059 0.0000 0.0043 0.0364 
 63       63   (0)     11 :  0.0023 0.0000 0.0000 0.0418 0.0000 0.0289 0.0000 0.1018 0.0000 0.0388 0.0000 0.0216 0.1677 0.2508 0.0000 0.0077 0.3384 
 64       64   (0)     11 :  0.0000 0.0000 0.0000 0.0722 0.0000 0.0873 0.0000 0.1474 0.0000 0.0280 0.0000 0.0800 0.2730 0.0000 0.0002 0.0681 0.2438 
 65       65   (0)     11 :  0.0000 0.0000 0.0000 0.0000 0.0000 0.0000 0.0000 0.0000 0.0000 0.0000 0.0000 0.0000 0.0000 0.9800 0.0000 0.0000 0.0200 
 66       66   (0)     11 :  0.0000 0.0000 0.0000 0.1472 0.0000 0.0870 0.0000 0.2072 0.0000 0.0838 0.0000 0.0411 0.1349 0.0010 0.0000 0.0492 0.2485 
 67       67   (0)     11 :  0.0200 0.3200 0.3000 0.0000 0.1200 0.0000 0.0200 0.0400 0.1000 0.0000 0.0600 0.0200 0.0000 0.0000 0.0000 0.0000 0.0000 
 68       68   (0)     11 :  0.0530 0.1777 0.1697 0.0017 0.0492 0.0000 0.0000 0.0000 0.0214 0.0000 0.0529 0.0926 0.0000 0.3818 0.0000 0.0000 0.0000 
 69       69   (0)     11 :  0.0196 0.0000 0.0000 0.1544 0.0000 0.0645 0.0000 0.0390 0.0002 0.0421 0.0086 0.0362 0.1127 0.4585 0.0000 0.0103 0.0540 
 70       70   (0)     11 :  0.0200 0.0000 0.0000 0.4557 0.0000 0.0323 0.0000 0.1200 0.0000 0.0889 0.0000 0.0400 0.1200 0.0000 0.0000 0.0180 0.1050 
 71       71   (0)     11 :  0.0176 0.5054 0.0538 0.0000 0.0412 0.0000 0.0000 0.0000 0.1094 0.0000 0.1211 0.0804 0.0000 0.0680 0.0000 0.0000 0.0032 
 72       72   (0)     12 :  0.0670 0.0400 0.1385 0.0000 0.0840 0.0000 0.0000 0.0000 0.2845 0.0000 0.3200 0.0660 0.0000 0.0000 0.0000 0.0000 0.0000 
 73       73   (0)     12 :  0.0600 0.0200 0.2690 0.0000 0.0200 0.0000 0.0000 0.0000 0.2400 0.0000 0.3910 0.0000 0.0000 0.0000 0.0000 0.0000 0.0000 
 74       74   (0)     12 :  0.0000 0.0883 0.0751 0.0000 0.0600 0.0000 0.0200 0.0000 0.2356 0.0000 0.5125 0.0084 0.0000 0.0000 0.0000 0.0000 0.0000 
 75       75   (0)     12 :  0.0245 0.1015 0.0391 0.0316 0.0322 0.0772 0.0212 0.0336 0.1574 0.0739 0.0878 0.0334 0.0586 0.0997 0.0000 0.0162 0.1117 
 76       76   (0)     12 :  0.0198 0.3357 0.0919 0.0000 0.0232 0.0000 0.0124 0.0026 0.1518 0.0000 0.3350 0.0275 0.0000 0.0000 0.0000 0.0000 0.0000 
 77       77   (0)     12 :  0.0000 0.0000 0.0000 0.0228 0.0000 0.3293 0.0000 0.1269 0.0000 0.0284 0.0000 0.0717 0.2669 0.0000 0.0000 0.0739 0.0800 
 78       78   (0)     12 :  0.0130 0.0029 0.0023 0.0653 0.0017 0.0684 0.0000 0.0544 0.0008 0.1295 0.0176 0.0182 0.1157 0.0094 0.0000 0.0820 0.4188 
 79       79   (0)     12 :  0.0600 0.1140 0.5660 0.0000 0.1200 0.0000 0.0000 0.0200 0.0400 0.0000 0.0600 0.0200 0.0000 0.0000 0.0000 0.0000 0.0000 
 80       80   (0)     12 :  0.0026 0.0096 0.0027 0.0394 0.0039 0.1414 0.0000 0.0920 0.0038 0.0886 0.0046 0.0186 0.1660 0.0719 0.0000 0.0576 0.2971 
 81       81   (0)     13 :  0.0200 0.0000 0.0000 0.0000 0.0000 0.0000 0.0000 0.0000 0.0000 0.0000 0.0200 0.0200 0.0000 0.9400 0.0000 0.0000 0.0000 
 82       82   (0)     13 :  0.0200 0.1613 0.0200 0.0000 0.0096 0.0000 0.0000 0.0200 0.6891 0.0000 0.0400 0.0400 0.0000 0.0000 0.0000 0.0000 0.0000 
 83       83   (0)     13 :  0.1113 0.8095 0.0200 0.0000 0.0000 0.0000 0.0000 0.0054 0.0284 0.0000 0.0200 0.0033 0.0000 0.0021 0.0000 0.0000 0.0000 
 84       84   (0)     13 :  0.0400 0.2047 0.1281 0.0000 0.0200 0.0000 0.0000 0.0200 0.2617 0.0000 0.2656 0.0600 0.0000 0.0000 0.0000 0.0000 0.0000 
 85       85   (0)     13 :  0.0668 0.0963 0.0057 0.0000 0.1047 0.0000 0.0200 0.0200 0.6030 0.0000 0.0829 0.0008 0.0000 0.0000 0.0000 0.0000 0.0000 
 86       86   (0)     13 :  0.1434 0.0935 0.0600 0.0000 0.0799 0.0000 0.0011 0.0200 0.4147 0.0000 0.1867 0.0000 0.0000 0.0006 0.0000 0.0000 0.0000 
 87       87   (0)     13 :  0.0106 0.0031 0.0001 0.4089 0.0000 0.1870 0.0000 0.0642 0.0034 0.0676 0.0000 0.0059 0.0509 0.0000 0.0000 0.0644 0.1340 
 88       88   (0)     13 :  0.1279 0.1669 0.0595 0.0000 0.0508 0.0000 0.0217 0.0523 0.3094 0.0000 0.1408 0.0707 0.0000 0.0000 0.0000 0.0000 0.0000 
 89       89   (0)     13 :  0.1200 0.0809 0.3412 0.0000 0.0800 0.0000 0.0000 0.0400 0.2250 0.0000 0.0726 0.0403 0.0000 0.0000 0.0000 0.0000 0.0000 
 90       90   (0)     13 :  0.1200 0.0179 0.1625 0.0000 0.3292 0.0000 0.0227 0.0000 0.0890 0.0000 0.2186 0.0400 0.0000 0.0000 0.0000 0.0001 0.0000 
 91       91   (0)     13 :  0.0660 0.0486 0.0298 0.0000 0.0777 0.0000 0.0117 0.0036 0.1653 0.0000 0.1213 0.1317 0.0000 0.3444 0.0000 0.0000 0.0000 
 92       92   (0)     13 :  0.1002 0.1204 0.1839 0.0000 0.2448 0.0000 0.0200 0.0200 0.1687 0.0000 0.0844 0.0546 0.0032 0.0000 0.0000 0.0000 0.0000 
 93       93   (0)     13 :  0.0226 0.0000 0.0000 0.1534 0.0000 0.4982 0.0000 0.1055 0.0000 0.0481 0.0000 0.0000 0.1000 0.0000 0.0000 0.0321 0.0400 
 94       94   (0)     13 :  0.0846 0.0715 0.1506 0.0000 0.0679 0.0000 0.0000 0.0600 0.3033 0.0000 0.2021 0.0600 0.0000 0.0000 0.0000 0.0000 0.0000 
 95       95   (0)     14 :  0.0124 0.0000 0.0000 0.0530 0.0000 0.1400 0.0000 0.0600 0.0000 0.0000 0.0000 0.0200 0.3722 0.0000 0.0000 0.2146 0.1278 
 96       96   (0)     14 :  0.1724 0.0615 0.0682 0.0000 0.1655 0.0000 0.0200 0.0433 0.3313 0.0000 0.0978 0.0400 0.0000 0.0000 0.0000 0.0000 0.0000 
 97       97   (0)     15 :  0.0000 0.0000 0.0000 0.0000 0.0000 0.0000 0.0000 0.0000 0.0000 0.0000 0.0200 0.0600 0.0000 0.9200 0.0000 0.0000 0.0000 
 98       98   (0)     15 :  0.0400 0.0000 0.0000 0.1237 0.0000 0.1400 0.0000 0.0800 0.0000 0.4496 0.0000 0.0200 0.0200 0.0000 0.0000 0.0867 0.0400 
 99       99   (0)     15 :  0.1048 0.0090 0.0693 0.0000 0.0724 0.0000 0.0000 0.0111 0.0992 0.0000 0.0856 0.0826 0.0000 0.0000 0.4659 0.0000 0.0000 
100      100   (0)     15 :  0.0201 0.0000 0.0000 0.0708 0.0000 0.1828 0.0000 0.1448 0.0000 0.0720 0.0000 0.0000 0.0863 0.0000 0.0001 0.4030 0.0200 
101      101   (0)     15 :  0.0200 0.0000 0.0000 0.0000 0.0000 0.0000 0.0000 0.0000 0.0000 0.0000 0.0000 0.0200 0.0000 0.0000 0.9600 0.0000 0.0000 
102      102   (0)     15 :  0.0000 0.0000 0.0000 0.6140 0.0000 0.0453 0.0000 0.0441 0.0000 0.1440 0.0000 0.0400 0.0677 0.0000 0.0009 0.0240 0.0200 
103      103   (0)     15 :  0.1400 0.0000 0.0000 0.3029 0.0000 0.0833 0.0000 0.0800 0.0000 0.1919 0.0017 0.0000 0.0754 0.0000 0.0003 0.0444 0.0800 
104      104   (0)     15 :  0.0400 0.0000 0.0000 0.0000 0.0000 0.0000 0.0000 0.0000 0.0000 0.0000 0.0000 0.0800 0.0000 0.0000 0.8800 0.0000 0.0000 
105      105   (0)     15 :  0.0000 0.0000 0.0000 0.0000 0.0000 0.0000 0.0000 0.0000 0.0000 0.0000 0.0000 0.0000 0.0000 0.0000 1.0000 0.0000 0.0000 
