1        1   (0)      1  : 0.6452 0.3548 0.0000 0.0000 0.0000 0.0000 0.0000 0.0000 0.0000 0.0000 0.0000 0.0000 0.0000 0.0000 0.0000
2        2   (0)      1  : 0.3802 0.1349 0.1371 0.1060 0.0000 0.0000 0.0000 0.0000 0.0000 0.0149 0.0000 0.0000 0.1295 0.0973 0.0000
3        3   (0)      1  : 0.0000 0.0000 0.0000 1.0000 0.0000 0.0000 0.0000 0.0000 0.0000 0.0000 0.0000 0.0000 0.0000 0.0000 0.0000
4        4   (0)      1  : 0.2907 0.0000 0.0000 0.6201 0.0000 0.0000 0.0000 0.0000 0.0000 0.0000 0.0000 0.0000 0.0892 0.0000 0.0000
5        5   (0)      1  : 0.0000 0.0000 0.0000 0.0000 0.0000 0.0000 0.0000 0.0000 0.0000 0.0000 0.0000 0.0000 0.0000 1.0000 0.0000
6        6   (0)      1  : 0.0000 0.0000 0.0000 1.0000 0.0000 0.0000 0.0000 0.0000 0.0000 0.0000 0.0000 0.0000 0.0000 0.0000 0.0000
7        7   (0)      2  : 1.0000 0.0000 0.0000 0.0000 0.0000 0.0000 0.0000 0.0000 0.0000 0.0000 0.0000 0.0000 0.0000 0.0000 0.0000
8        8   (0)      2  : 0.0000 0.0000 0.0000 1.0000 0.0000 0.0000 0.0000 0.0000 0.0000 0.0000 0.0000 0.0000 0.0000 0.0000 0.0000
9        9   (0)      2  : 0.3360 0.1487 0.0000 0.0017 0.0000 0.0000 0.0000 0.0088 0.0000 0.0000 0.0000 0.0000 0.1062 0.3986 0.0000
10       10   (0)      2  : 0.8156 0.0000 0.0000 0.0000 0.0000 0.0000 0.0000 0.0000 0.0000 0.0000 0.0000 0.0000 0.1844 0.0000 0.0000
11       11   (0)      2  : 0.0000 0.0000 0.0000 1.0000 0.0000 0.0000 0.0000 0.0000 0.0000 0.0000 0.0000 0.0000 0.0000 0.0000 0.0000
12       12   (0)      2  : 0.0000 0.0000 0.0000 0.5727 0.0000 0.0000 0.0000 0.0000 0.0000 0.0000 0.0000 0.0000 0.4273 0.0000 0.0000
13       13   (0)      2  : 0.0000 0.0000 0.1451 0.8549 0.0000 0.0000 0.0000 0.0000 0.0000 0.0000 0.0000 0.0000 0.0000 0.0000 0.0000
14       14   (0)      3  : 0.0000 0.0000 0.0000 0.0000 0.0000 0.0000 0.6823 0.3177 0.0000 0.0000 0.0000 0.0000 0.0000 0.0000 0.0000
15       15   (0)      3  : 0.0000 0.0000 0.0000 0.0000 0.0000 0.0000 0.0000 0.0000 0.0000 0.0000 1.0000 0.0000 0.0000 0.0000 0.0000
16       16   (0)      3  : 0.0000 0.0000 0.0000 0.0000 0.0000 0.0000 0.0000 0.0000 0.0000 0.0000 1.0000 0.0000 0.0000 0.0000 0.0000
17       17   (0)      3  : 0.0000 0.0000 0.0000 0.0000 0.0000 0.0000 0.5359 0.0000 0.4641 0.0000 0.0000 0.0000 0.0000 0.0000 0.0000
18       18   (0)      3  : 0.0000 0.0000 0.0000 0.0000 0.0000 0.0000 0.0000 0.0000 1.0000 0.0000 0.0000 0.0000 0.0000 0.0000 0.0000
19       19   (0)      3  : 0.0000 0.0000 0.0000 0.0000 0.0000 0.0000 0.0000 0.0000 1.0000 0.0000 0.0000 0.0000 0.0000 0.0000 0.0000
20       20   (0)      3  : 0.0000 0.0000 0.0000 0.0000 1.0000 0.0000 0.0000 0.0000 0.0000 0.0000 0.0000 0.0000 0.0000 0.0000 0.0000
21       21   (0)      3  : 0.0000 0.0000 0.0000 0.0000 0.0000 0.0692 0.3748 0.2939 0.1465 0.0000 0.1155 0.0000 0.0000 0.0000 0.0000
22       22   (0)      3  : 0.0000 0.0000 0.0000 0.0000 0.0000 0.0000 0.0000 0.0000 0.0000 0.0000 1.0000 0.0000 0.0000 0.0000 0.0000
23       23   (0)      3  : 0.0000 0.0000 0.0000 0.0000 0.0000 0.0000 1.0000 0.0000 0.0000 0.0000 0.0000 0.0000 0.0000 0.0000 0.0000
24       24   (0)      3  : 0.0000 0.0000 0.0000 0.0000 1.0000 0.0000 0.0000 0.0000 0.0000 0.0000 0.0000 0.0000 0.0000 0.0000 0.0000
25       25   (0)      3  : 0.0000 0.0000 1.0000 0.0000 0.0000 0.0000 0.0000 0.0000 0.0000 0.0000 0.0000 0.0000 0.0000 0.0000 0.0000
26       26   (0)      4  : 0.0000 0.0000 0.0000 0.0000 0.0000 0.0000 0.0000 0.0000 0.0000 0.0000 0.0000 0.0000 0.0000 1.0000 0.0000
27       27   (0)      4  : 0.0000 0.0000 0.0000 0.0000 0.0000 0.0000 1.0000 0.0000 0.0000 0.0000 0.0000 0.0000 0.0000 0.0000 0.0000
28       28   (0)      4  : 0.0000 0.0000 0.0000 0.0000 0.0000 0.0000 0.0000 1.0000 0.0000 0.0000 0.0000 0.0000 0.0000 0.0000 0.0000
29       29   (0)      4  : 1.0000 0.0000 0.0000 0.0000 0.0000 0.0000 0.0000 0.0000 0.0000 0.0000 0.0000 0.0000 0.0000 0.0000 0.0000
30       30   (0)      4  : 0.0000 0.0000 0.0000 0.0000 0.0000 0.0000 0.0000 0.0000 0.0000 0.0000 1.0000 0.0000 0.0000 0.0000 0.0000
31       31   (0)      4  : 0.0000 0.0000 0.0000 0.0000 0.0000 0.0000 1.0000 0.0000 0.0000 0.0000 0.0000 0.0000 0.0000 0.0000 0.0000
32       32   (0)      4  : 0.1906 0.0860 0.0000 0.0157 0.0335 0.0000 0.1566 0.0924 0.0703 0.1046 0.0511 0.0791 0.0134 0.1067 0.0000
33       33   (0)      4  : 0.0000 0.0000 0.0000 0.0000 0.0000 0.0000 1.0000 0.0000 0.0000 0.0000 0.0000 0.0000 0.0000 0.0000 0.0000
34       34   (0)      4  : 0.0000 0.0000 0.0000 0.0000 0.0000 0.0000 0.0000 0.0000 0.0000 0.0000 0.0000 1.0000 0.0000 0.0000 0.0000
35       35   (0)      4  : 0.0000 0.0000 0.0000 0.0000 0.0000 1.0000 0.0000 0.0000 0.0000 0.0000 0.0000 0.0000 0.0000 0.0000 0.0000
36       36   (0)      4  : 0.0000 0.0000 0.0000 0.0000 1.0000 0.0000 0.0000 0.0000 0.0000 0.0000 0.0000 0.0000 0.0000 0.0000 0.0000
37       37   (0)      4  : 0.0000 0.0000 0.0000 0.0000 0.0000 0.0000 0.0000 1.0000 0.0000 0.0000 0.0000 0.0000 0.0000 0.0000 0.0000
38       38   (0)      4  : 0.0000 0.0000 0.0000 0.0000 0.0000 0.0000 0.0000 1.0000 0.0000 0.0000 0.0000 0.0000 0.0000 0.0000 0.0000
39       39   (0)      4  : 1.0000 0.0000 0.0000 0.0000 0.0000 0.0000 0.0000 0.0000 0.0000 0.0000 0.0000 0.0000 0.0000 0.0000 0.0000
40       40   (0)      5  : 0.0000 0.0000 0.0000 0.0000 0.0000 0.0000 0.0000 0.0000 1.0000 0.0000 0.0000 0.0000 0.0000 0.0000 0.0000
41       41   (0)      5  : 0.0000 0.0000 0.0000 0.0000 0.0000 1.0000 0.0000 0.0000 0.0000 0.0000 0.0000 0.0000 0.0000 0.0000 0.0000
42       42   (0)      5  : 0.0000 0.0000 0.0000 0.0000 0.0000 0.0000 0.3511 0.1913 0.4576 0.0000 0.0000 0.0000 0.0000 0.0000 0.0000
43       43   (0)      5  : 1.0000 0.0000 0.0000 0.0000 0.0000 0.0000 0.0000 0.0000 0.0000 0.0000 0.0000 0.0000 0.0000 0.0000 0.0000
44       44   (0)      5  : 0.0000 0.0000 0.0000 0.0000 0.0000 0.1292 0.6607 0.0000 0.0000 0.0000 0.0000 0.2101 0.0000 0.0000 0.0000
45       45   (0)      5  : 0.0000 0.0000 0.0000 0.0000 0.0000 0.0000 0.0000 0.4607 0.3224 0.0000 0.2168 0.0000 0.0000 0.0000 0.0000
46       46   (0)      5  : 0.0000 0.0000 0.0000 0.0000 0.0000 0.0000 1.0000 0.0000 0.0000 0.0000 0.0000 0.0000 0.0000 0.0000 0.0000
47       47   (0)      5  : 0.0000 0.0000 0.0000 0.0000 0.0000 1.0000 0.0000 0.0000 0.0000 0.0000 0.0000 0.0000 0.0000 0.0000 0.0000
48       48   (0)      5  : 0.0000 0.0000 0.0000 0.0000 0.0000 0.0000 0.0000 0.0000 0.0000 0.0000 0.0000 1.0000 0.0000 0.0000 0.0000
49       49   (0)      5  : 1.0000 0.0000 0.0000 0.0000 0.0000 0.0000 0.0000 0.0000 0.0000 0.0000 0.0000 0.0000 0.0000 0.0000 0.0000
50       50   (0)      5  : 0.0000 0.0000 0.0000 0.0000 0.0000 0.0000 0.0000 0.0000 0.0000 0.0000 0.0000 1.0000 0.0000 0.0000 0.0000
51       51   (0)      5  : 0.0000 0.0000 0.0000 0.0000 0.0000 0.0000 0.0000 0.0000 0.0000 0.0000 0.0000 0.0000 1.0000 0.0000 0.0000
52       52   (0)      5  : 0.0000 0.0000 0.0000 0.0000 0.0000 0.0000 0.0000 0.0000 0.0000 0.0000 0.0000 0.0000 1.0000 0.0000 0.0000
53       53   (0)      6  : 0.0000 1.0000 0.0000 0.0000 0.0000 0.0000 0.0000 0.0000 0.0000 0.0000 0.0000 0.0000 0.0000 0.0000 0.0000
54       54   (0)      6  : 0.0000 0.0000 0.0000 0.0000 0.0000 0.0000 1.0000 0.0000 0.0000 0.0000 0.0000 0.0000 0.0000 0.0000 0.0000
55       55   (0)      6  : 0.0000 0.0000 0.0000 0.0000 0.0000 0.0000 0.0000 0.0000 0.0000 1.0000 0.0000 0.0000 0.0000 0.0000 0.0000
56       56   (0)      6  : 0.0000 0.0000 1.0000 0.0000 0.0000 0.0000 0.0000 0.0000 0.0000 0.0000 0.0000 0.0000 0.0000 0.0000 0.0000
57       57   (0)      6  : 0.0000 0.0000 0.0000 0.0000 0.0000 0.0000 0.0000 0.0000 0.0000 0.0000 0.0000 0.0000 0.0000 0.0000 1.0000
58       58   (0)      6  : 0.0000 0.0000 1.0000 0.0000 0.0000 0.0000 0.0000 0.0000 0.0000 0.0000 0.0000 0.0000 0.0000 0.0000 0.0000
59       59   (0)      6  : 0.0000 0.0000 0.0000 0.0000 0.0000 0.0020 0.0000 0.5779 0.0000 0.0000 0.0000 0.3206 0.0000 0.0000 0.0995
60       60   (0)      6  : 0.0000 0.0000 0.0000 0.0000 0.0000 0.0000 0.0000 1.0000 0.0000 0.0000 0.0000 0.0000 0.0000 0.0000 0.0000
61       61   (0)      6  : 0.0000 0.0000 0.0000 0.0000 0.0000 0.3929 0.3346 0.0000 0.0000 0.0000 0.0000 0.2724 0.0000 0.0000 0.0000
62       62   (0)      6  : 0.0000 0.0000 0.0000 0.0000 0.0000 0.0000 0.0000 0.0000 1.0000 0.0000 0.0000 0.0000 0.0000 0.0000 0.0000
63       63   (0)      6  : 0.3953 0.1195 0.0823 0.0040 0.0000 0.0000 0.0000 0.0000 0.0000 0.0545 0.0000 0.0000 0.0152 0.3292 0.0000
64       64   (0)      7  : 1.0000 0.0000 0.0000 0.0000 0.0000 0.0000 0.0000 0.0000 0.0000 0.0000 0.0000 0.0000 0.0000 0.0000 0.0000
65       65   (0)      7  : 1.0000 0.0000 0.0000 0.0000 0.0000 0.0000 0.0000 0.0000 0.0000 0.0000 0.0000 0.0000 0.0000 0.0000 0.0000
66       66   (0)      7  : 0.5615 0.0000 0.0000 0.0000 0.0000 0.0000 0.0000 0.0000 0.0000 0.4385 0.0000 0.0000 0.0000 0.0000 0.0000
67       67   (0)      7  : 0.3979 0.4370 0.0000 0.0543 0.0000 0.0000 0.0000 0.0000 0.0000 0.0968 0.0000 0.0000 0.0141 0.0000 0.0000
68       68   (0)      8  : 0.0000 0.0000 0.0000 0.0000 0.0000 0.0000 0.8702 0.0000 0.0000 0.0000 0.0000 0.0000 0.0000 0.0000 0.1298
69       69   (0)      8  : 0.0000 0.0000 0.0000 0.0000 0.0325 0.0677 0.1927 0.3003 0.1548 0.0000 0.0000 0.0000 0.0000 0.0000 0.2520
70       70   (0)      8  : 0.0000 0.0000 0.0000 0.0000 0.0000 0.0000 0.0000 0.0000 0.0000 0.0000 0.0000 1.0000 0.0000 0.0000 0.0000
71       71   (0)      8  : 0.0000 0.0000 0.0000 0.0000 0.3559 0.0486 0.2456 0.0000 0.0000 0.0000 0.0603 0.2894 0.0000 0.0000 0.0002
72       72   (0)      8  : 0.0000 0.0000 0.0000 0.0000 0.0812 0.0000 0.2156 0.0000 0.0000 0.0000 0.1425 0.4119 0.0000 0.0000 0.1488
73       73   (0)      8  : 0.0000 0.0000 0.0000 0.0000 0.0000 0.0000 0.0000 0.0000 0.0000 0.0000 0.0000 0.0000 0.0000 0.0000 1.0000
74       74   (0)      9  : 0.0000 0.0000 0.0000 0.0000 0.0000 0.0000 0.0000 0.0000 0.0000 1.0000 0.0000 0.0000 0.0000 0.0000 0.0000
75       75   (0)      9  : 0.0000 0.0000 0.0000 0.0000 0.0000 0.0000 0.0000 0.0000 0.0000 1.0000 0.0000 0.0000 0.0000 0.0000 0.0000
76       76   (0)     10  : 0.0000 1.0000 0.0000 0.0000 0.0000 0.0000 0.0000 0.0000 0.0000 0.0000 0.0000 0.0000 0.0000 0.0000 0.0000
77       77   (0)     11  : 0.0000 1.0000 0.0000 0.0000 0.0000 0.0000 0.0000 0.0000 0.0000 0.0000 0.0000 0.0000 0.0000 0.0000 0.0000
78       78   (0)     12  : 0.0000 0.0000 0.0000 0.0000 0.0000 0.0000 0.0000 0.0000 0.0000 0.0000 0.0000 0.0000 1.0000 0.0000 0.0000
79       79   (0)     13  : 0.0000 0.0000 0.0000 0.0000 0.0000 0.0000 0.0000 0.0000 0.0000 0.0000 0.0000 0.0000 0.0000 0.0000 1.0000
80       80   (0)     13  : 0.0000 0.0000 0.0000 0.0000 0.0000 0.0000 0.0000 0.0000 0.0000 0.0000 0.0000 1.0000 0.0000 0.0000 0.0000
