1        1   (0)      1  : 0.0201 0.0000 0.0000 0.0000 0.0000 0.0000 0.1678 0.5788 0.0000 0.0027 0.0329 0.0000 0.0002 0.0537 0.0117 0.0076 0.0478 0.0447 0.0319
2        2   (0)      1  : 0.0000 0.0000 0.0021 0.0000 0.0669 0.0000 0.8344 0.0057 0.0000 0.0000 0.0000 0.0167 0.0649 0.0000 0.0000 0.0005 0.0083 0.0000 0.0005
3        3   (0)      1  : 0.0000 0.0000 0.0000 0.0000 0.0000 0.0000 0.0852 0.8585 0.0000 0.0000 0.0000 0.0000 0.0000 0.0000 0.0000 0.0000 0.0488 0.0000 0.0075
4        4   (0)      1  : 0.0000 0.0000 0.0000 0.0000 0.0000 0.0000 1.0000 0.0000 0.0000 0.0000 0.0000 0.0000 0.0000 0.0000 0.0000 0.0000 0.0000 0.0000 0.0000
5        5   (0)      1  : 0.1386 0.0000 0.1301 0.0000 0.0082 0.0935 0.1683 0.0080 0.0000 0.0000 0.2374 0.0000 0.0018 0.0020 0.0020 0.0387 0.0760 0.0904 0.0048
6        6   (0)      1  : 0.3221 0.0000 0.1003 0.0000 0.0113 0.0550 0.0821 0.0033 0.0000 0.0008 0.1872 0.0120 0.0009 0.0012 0.0038 0.0660 0.0704 0.0743 0.0092
7        7   (0)      1  : 0.2822 0.0000 0.0000 0.0000 0.0004 0.0000 0.0000 0.0077 0.0000 0.0000 0.3895 0.0073 0.0395 0.0000 0.0042 0.0524 0.1305 0.0842 0.0021
8        8   (0)      1  : 0.1717 0.0000 0.0922 0.0000 0.0080 0.0401 0.2561 0.0000 0.0000 0.0000 0.2274 0.0000 0.0000 0.0000 0.0000 0.0359 0.0992 0.0694 0.0000
9        9   (0)      1  : 0.0000 0.0000 0.0000 0.0000 0.0000 0.0000 0.9756 0.0000 0.0000 0.0000 0.0000 0.0000 0.0000 0.0000 0.0000 0.0000 0.0244 0.0000 0.0000
10       10   (0)      1  : 0.1476 0.0000 0.0000 0.0000 0.0042 0.0000 0.0000 0.0244 0.0000 0.0326 0.5556 0.0046 0.0023 0.0145 0.0003 0.0772 0.0899 0.0336 0.0131
11       11   (0)      1  : 0.1990 0.0000 0.0000 0.0000 0.0086 0.0000 0.0003 0.0244 0.0000 0.0211 0.5820 0.0045 0.0241 0.0022 0.0000 0.0394 0.0085 0.0805 0.0054
12       12   (0)      1  : 0.0000 0.0000 0.0000 0.0000 0.0000 0.0000 0.0000 0.0000 0.0000 0.0000 0.0000 0.0244 0.9756 0.0000 0.0000 0.0000 0.0000 0.0000 0.0000
13       13   (0)      1  : 0.2482 0.0000 0.0000 0.0000 0.0005 0.0000 0.0000 0.0077 0.0000 0.0268 0.5265 0.0198 0.0025 0.0257 0.0266 0.0349 0.0520 0.0163 0.0126
14       14   (0)      1  : 0.0721 0.0071 0.0936 0.0000 0.0002 0.0964 0.0289 0.1406 0.0119 0.0000 0.3479 0.0204 0.0696 0.0000 0.0129 0.0315 0.0456 0.0177 0.0036
15       15   (0)      1  : 0.0000 0.0000 1.0000 0.0000 0.0000 0.0000 0.0000 0.0000 0.0000 0.0000 0.0000 0.0000 0.0000 0.0000 0.0000 0.0000 0.0000 0.0000 0.0000
16       16   (0)      1  : 0.0000 0.0000 0.0000 0.0000 0.0488 0.0000 0.0488 0.2927 0.0000 0.0000 0.0000 0.0000 0.0244 0.0000 0.0000 0.0000 0.0000 0.0000 0.5854
17       17   (0)      1  : 0.0000 0.0000 0.0000 0.0000 0.0488 0.0000 0.0488 0.2927 0.0000 0.0000 0.0000 0.0000 0.0244 0.0000 0.0000 0.0000 0.0000 0.0000 0.5854
18       18   (0)      1  : 0.0000 0.0000 0.0000 0.0000 0.0000 0.0000 0.0000 0.0000 0.0000 1.0000 0.0000 0.0000 0.0000 0.0000 0.0000 0.0000 0.0000 0.0000 0.0000
19       19   (0)      1  : 0.1339 0.0000 0.0000 0.0000 0.0167 0.0000 0.0042 0.0254 0.0000 0.0025 0.2713 0.0243 0.0023 0.0284 0.0000 0.0508 0.0951 0.2547 0.0904
20       20   (0)      1  : 0.0392 0.0000 0.0000 0.0000 0.0002 0.0000 0.0000 0.0000 0.0000 0.0007 0.4055 0.0155 0.0012 0.0011 0.0008 0.2929 0.0969 0.1458 0.0000
21       21   (0)      1  : 0.0000 0.0000 0.0000 0.0000 0.0000 0.0000 0.0817 0.8452 0.0000 0.0000 0.0000 0.0000 0.0000 0.0000 0.0000 0.0000 0.0488 0.0000 0.0244
22       22   (0)      1  : 0.0000 0.0000 1.0000 0.0000 0.0000 0.0000 0.0000 0.0000 0.0000 0.0000 0.0000 0.0000 0.0000 0.0000 0.0000 0.0000 0.0000 0.0000 0.0000
23       23   (0)      1  : 0.1739 0.0000 0.0003 0.0000 0.0096 0.0000 0.0040 0.0244 0.0000 0.0000 0.3827 0.0070 0.0225 0.0000 0.0072 0.1729 0.0711 0.0986 0.0256
24       24   (0)      2  : 0.0000 0.0000 0.0000 0.0000 0.0057 0.0000 0.0680 0.7907 0.0000 0.0000 0.0000 0.0000 0.0029 0.0000 0.0000 0.0000 0.0488 0.0000 0.0840
25       25   (0)      2  : 0.3320 0.0000 0.0000 0.0000 0.0000 0.0000 0.0000 0.0000 0.0000 0.0000 0.0773 0.0001 0.0000 0.0220 0.0000 0.3928 0.0580 0.1112 0.0066
26       26   (0)      2  : 0.0562 0.0000 0.0000 0.0000 0.0000 0.0000 0.1187 0.4263 0.0000 0.0075 0.0282 0.0000 0.0000 0.0000 0.0816 0.0294 0.1187 0.0604 0.0732
27       27   (0)      2  : 0.3062 0.0000 0.0000 0.0000 0.0224 0.0000 0.0014 0.0516 0.0000 0.0911 0.2637 0.0048 0.0119 0.0043 0.0095 0.1023 0.0664 0.0531 0.0112
28       28   (0)      2  : 0.5928 0.0000 0.0205 0.0000 0.0015 0.0003 0.0020 0.0280 0.0000 0.0004 0.1200 0.0125 0.0009 0.0059 0.0190 0.0491 0.0981 0.0283 0.0206
29       29   (0)      2  : 0.2080 0.0000 0.0000 0.0000 0.0355 0.0000 0.0002 0.0181 0.0000 0.0379 0.1842 0.0128 0.0030 0.0125 0.0091 0.1985 0.0833 0.0901 0.1068
30       30   (0)      2  : 0.0000 0.1463 0.0000 0.2439 0.0000 0.0000 0.0000 0.0000 0.0732 0.0000 0.0000 0.0000 0.0000 0.0000 0.3769 0.0000 0.0621 0.0732 0.0244
31       31   (0)      2  : 0.3581 0.0000 0.0086 0.0000 0.0010 0.0041 0.0028 0.0120 0.0000 0.0517 0.1919 0.0076 0.0053 0.0114 0.0063 0.1522 0.0904 0.0642 0.0325
32       32   (0)      2  : 0.0000 0.0000 0.0000 0.0000 0.0000 0.0000 0.0889 0.8799 0.0000 0.0000 0.0000 0.0000 0.0000 0.0000 0.0244 0.0000 0.0000 0.0000 0.0068
33       33   (0)      2  : 0.0000 0.0000 0.0000 0.0000 0.0000 0.0000 0.0000 0.0000 0.0000 1.0000 0.0000 0.0000 0.0000 0.0000 0.0000 0.0000 0.0000 0.0000 0.0000
34       34   (0)      2  : 0.2836 0.0000 0.0000 0.0000 0.0001 0.0000 0.0000 0.0161 0.0000 0.0020 0.4623 0.0005 0.0000 0.0014 0.0260 0.0918 0.0009 0.1087 0.0065
35       35   (0)      2  : 0.4039 0.0000 0.0215 0.0000 0.0190 0.0000 0.0054 0.0257 0.0000 0.0182 0.1774 0.0384 0.0353 0.0211 0.0185 0.0734 0.0586 0.0579 0.0257
36       36   (0)      2  : 0.0000 0.0000 0.0000 0.0000 0.0000 0.0000 1.0000 0.0000 0.0000 0.0000 0.0000 0.0000 0.0000 0.0000 0.0000 0.0000 0.0000 0.0000 0.0000
37       37   (0)      3  : 0.1928 0.0000 0.0000 0.0000 0.0161 0.0000 0.0001 0.0207 0.0000 0.0027 0.5172 0.0127 0.0133 0.0274 0.0046 0.1059 0.0498 0.0239 0.0127
38       38   (0)      3  : 0.0215 0.0000 0.0000 0.0000 0.0992 0.0000 0.0038 0.0000 0.0000 0.0007 0.0241 0.0096 0.0000 0.0000 0.0080 0.8054 0.0035 0.0000 0.0241
39       39   (0)      3  : 0.3911 0.0000 0.0000 0.0000 0.0207 0.0000 0.0000 0.0110 0.0000 0.0020 0.0870 0.0000 0.0090 0.0359 0.0038 0.1158 0.0987 0.1485 0.0763
40       40   (0)      3  : 0.0385 0.0000 0.0000 0.0000 0.0000 0.0000 0.0000 0.0000 0.0000 0.0000 0.4098 0.0075 0.0062 0.0000 0.0027 0.2929 0.0962 0.1460 0.0001
41       41   (0)      3  : 0.5216 0.0000 0.0000 0.0000 0.0325 0.0000 0.0021 0.0006 0.0000 0.0188 0.1802 0.0000 0.0049 0.0041 0.0326 0.0209 0.0448 0.1292 0.0076
42       42   (0)      4  : 0.0000 0.2318 0.0000 0.2506 0.0000 0.0000 0.0000 0.0000 0.0961 0.0000 0.0000 0.0000 0.0000 0.0000 0.2414 0.0000 0.1477 0.0000 0.0324
43       43   (0)      4  : 0.4194 0.0000 0.0000 0.0000 0.0113 0.0018 0.0000 0.0001 0.0000 0.0001 0.2983 0.0081 0.0204 0.0126 0.0185 0.0291 0.0937 0.0621 0.0245
44       44   (0)      4  : 0.0000 0.8783 0.0000 0.0000 0.0000 0.0000 0.0000 0.0000 0.0210 0.0000 0.0000 0.0000 0.0000 0.0000 0.0519 0.0000 0.0000 0.0244 0.0244
45       45   (0)      4  : 0.0000 0.6325 0.0000 0.1140 0.0000 0.0000 0.0000 0.0000 0.1232 0.0000 0.0000 0.0000 0.0000 0.0000 0.1046 0.0000 0.0041 0.0085 0.0131
46       46   (0)      4  : 0.4072 0.0051 0.0048 0.0033 0.0000 0.0000 0.0192 0.0181 0.0004 0.0000 0.2490 0.0102 0.0003 0.0060 0.0046 0.0153 0.2028 0.0458 0.0081
47       47   (0)      4  : 0.7879 0.0000 0.0000 0.0000 0.0000 0.0000 0.0000 0.0003 0.0000 0.0000 0.0403 0.0168 0.0000 0.0600 0.0064 0.0429 0.0246 0.0207 0.0000
48       48   (0)      4  : 0.3186 0.0000 0.0000 0.0000 0.0000 0.0000 0.0001 0.0048 0.0000 0.0222 0.2747 0.0206 0.0215 0.0180 0.0038 0.1941 0.0783 0.0282 0.0152
49       49   (0)      4  : 0.3442 0.0000 0.0000 0.0000 0.0000 0.0000 0.0004 0.0002 0.0000 0.0002 0.5247 0.0001 0.0030 0.0000 0.0006 0.0647 0.0371 0.0207 0.0039
50       50   (0)      4  : 0.0000 0.0000 0.0000 0.0000 0.0000 0.0000 0.0000 0.0000 0.0000 0.0000 0.0000 0.0000 0.0000 1.0000 0.0000 0.0000 0.0000 0.0000 0.0000
51       51   (0)      4  : 0.0691 0.0554 0.0184 0.0253 0.0000 0.3050 0.0000 0.0057 0.2002 0.0000 0.0886 0.0000 0.0000 0.1062 0.0310 0.0000 0.0541 0.0255 0.0152
52       52   (0)      4  : 0.5784 0.0002 0.0000 0.0029 0.0002 0.0093 0.0014 0.0035 0.0006 0.0134 0.0679 0.0425 0.0001 0.0029 0.0069 0.0420 0.1589 0.0669 0.0022
53       53   (0)      4  : 0.5791 0.0000 0.0000 0.0000 0.0029 0.0000 0.0002 0.0000 0.0000 0.0047 0.0542 0.0000 0.0101 0.0046 0.0000 0.1920 0.0460 0.1009 0.0052
54       54   (0)      4  : 0.4664 0.0015 0.0058 0.0059 0.0185 0.0003 0.0008 0.0055 0.0056 0.0000 0.1603 0.0162 0.0000 0.0275 0.0158 0.1260 0.0963 0.0285 0.0190
55       55   (0)      4  : 0.0000 0.0000 0.0000 0.0000 0.0000 0.0000 0.0000 0.0000 0.0000 0.0000 0.0000 0.0000 0.0000 1.0000 0.0000 0.0000 0.0000 0.0000 0.0000
56       56   (0)      4  : 0.0000 0.2730 0.0000 0.3585 0.0000 0.0000 0.0000 0.0000 0.0898 0.0000 0.0000 0.0000 0.0000 0.0000 0.1786 0.0000 0.0701 0.0000 0.0300
57       57   (0)      5  : 0.3647 0.0000 0.0000 0.0000 0.0003 0.0000 0.0009 0.0039 0.0000 0.0034 0.2859 0.0043 0.0061 0.0000 0.0132 0.1355 0.0896 0.0873 0.0049
58       58   (0)      5  : 0.3838 0.0000 0.0000 0.0000 0.0009 0.0000 0.0002 0.0045 0.0000 0.0559 0.1224 0.0119 0.0000 0.0035 0.0084 0.1731 0.1279 0.0952 0.0124
59       59   (0)      5  : 0.0000 0.5180 0.0000 0.2272 0.0000 0.0000 0.0000 0.0000 0.0069 0.0000 0.0000 0.0000 0.0000 0.0000 0.1460 0.0000 0.0732 0.0244 0.0042
60       60   (0)      5  : 0.5391 0.0000 0.0000 0.0000 0.0000 0.0000 0.0000 0.0059 0.0000 0.0002 0.2072 0.0360 0.0251 0.0000 0.0006 0.0320 0.0802 0.0737 0.0000
61       61   (0)      5  : 0.1571 0.1067 0.0971 0.0217 0.0773 0.0349 0.0000 0.0000 0.2092 0.0000 0.0637 0.0008 0.0004 0.0000 0.0975 0.0141 0.0393 0.0602 0.0201
62       62   (0)      5  : 0.0000 0.2179 0.0000 0.0582 0.0000 0.0000 0.0000 0.0000 0.4068 0.0000 0.0000 0.0000 0.0000 0.0000 0.2439 0.0000 0.0244 0.0000 0.0488
63       63   (0)      5  : 0.3559 0.0237 0.0048 0.0040 0.0151 0.0382 0.0206 0.0061 0.0911 0.0001 0.1531 0.0065 0.0113 0.0161 0.0462 0.0669 0.0689 0.0488 0.0226
64       64   (0)      5  : 0.3810 0.0000 0.0000 0.0000 0.0229 0.0000 0.0000 0.0000 0.0000 0.0002 0.1578 0.0304 0.0300 0.0000 0.0080 0.0574 0.0762 0.2359 0.0000
65       65   (0)      5  : 0.5259 0.0000 0.0000 0.0000 0.0000 0.0000 0.0000 0.0000 0.0000 0.0014 0.2846 0.0000 0.0083 0.0106 0.0262 0.0307 0.0704 0.0415 0.0005
66       66   (0)      5  : 0.3236 0.0000 0.0000 0.0000 0.0076 0.0000 0.0000 0.0022 0.0000 0.0001 0.3790 0.0010 0.0000 0.0079 0.0522 0.0560 0.1056 0.0306 0.0340
67       67   (0)      5  : 0.0231 0.0438 0.0171 0.0724 0.0000 0.0381 0.0000 0.0000 0.4634 0.0000 0.0300 0.0000 0.0000 0.0000 0.0826 0.0040 0.0682 0.0861 0.0711
68       68   (0)      5  : 0.0000 0.4337 0.0000 0.4027 0.0000 0.0000 0.0000 0.0000 0.0194 0.0000 0.0000 0.0000 0.0000 0.0000 0.0452 0.0000 0.0284 0.0706 0.0000
69       69   (0)      5  : 0.2256 0.0112 0.0000 0.0221 0.0343 0.0035 0.0134 0.0027 0.1330 0.0004 0.0695 0.0069 0.0051 0.0330 0.0262 0.2339 0.0903 0.0566 0.0323
70       70   (0)      5  : 0.0000 0.0488 0.0000 0.0976 0.0000 0.0000 0.0000 0.0000 0.5610 0.0000 0.0000 0.0000 0.0000 0.0000 0.0732 0.0000 0.0488 0.0976 0.0732
71       71   (0)      5  : 0.0000 0.0936 0.0000 0.5240 0.0000 0.0000 0.0000 0.0000 0.1178 0.0000 0.0000 0.0000 0.0000 0.0000 0.1496 0.0000 0.0519 0.0000 0.0630
72       72   (0)      5  : 0.4407 0.0087 0.0003 0.0258 0.0000 0.0003 0.0006 0.0081 0.0546 0.0034 0.0816 0.0000 0.0242 0.0030 0.0185 0.1694 0.1045 0.0465 0.0099
73       73   (0)      5  : 0.3491 0.0000 0.0000 0.0000 0.0008 0.0000 0.0018 0.0126 0.0000 0.0000 0.2275 0.0320 0.0050 0.0000 0.0000 0.1923 0.0358 0.0728 0.0704
74       74   (0)      5  : 0.0000 0.3698 0.0000 0.5186 0.0000 0.0000 0.0000 0.0000 0.0075 0.0000 0.0000 0.0000 0.0000 0.0000 0.0795 0.0000 0.0084 0.0164 0.0000
75       75   (0)      6  : 0.0000 0.2149 0.0000 0.1986 0.0000 0.0000 0.0000 0.0000 0.1610 0.0000 0.0000 0.0000 0.0000 0.0000 0.3530 0.0000 0.0474 0.0044 0.0208
76       76   (0)      6  : 0.5053 0.0090 0.0074 0.0043 0.0000 0.0090 0.0000 0.0094 0.0066 0.0073 0.2556 0.0048 0.0072 0.0002 0.0206 0.0252 0.1133 0.0129 0.0017
77       77   (0)      6  : 0.0000 0.3635 0.0000 0.2979 0.0000 0.0000 0.0000 0.0000 0.0434 0.0000 0.0000 0.0000 0.0000 0.0000 0.2319 0.0000 0.0241 0.0368 0.0023
78       78   (0)      6  : 0.0000 0.1541 0.0000 0.7408 0.0000 0.0000 0.0000 0.0000 0.0332 0.0000 0.0000 0.0000 0.0000 0.0000 0.0590 0.0000 0.0130 0.0000 0.0000
79       79   (0)      6  : 0.0000 0.1752 0.0000 0.1966 0.0000 0.0000 0.0000 0.0000 0.1415 0.0000 0.0000 0.0000 0.0000 0.0000 0.4536 0.0000 0.0087 0.0000 0.0244
80       80   (0)      6  : 0.0000 0.0000 0.0004 0.0000 0.0000 0.0000 0.1172 0.8227 0.0000 0.0000 0.0000 0.0001 0.0000 0.0000 0.0000 0.0000 0.0488 0.0000 0.0108
81       81   (0)      6  : 0.0000 0.0742 0.0000 0.3179 0.0000 0.0000 0.0000 0.0000 0.3306 0.0000 0.0000 0.0000 0.0000 0.0000 0.1574 0.0000 0.0641 0.0095 0.0462
82       82   (0)      6  : 0.0000 0.2294 0.0000 0.1351 0.0000 0.0000 0.0000 0.0000 0.2053 0.0000 0.0000 0.0000 0.0000 0.0000 0.3142 0.0000 0.0561 0.0249 0.0350
83       83   (0)      6  : 0.0000 0.0131 0.0011 0.1666 0.0000 0.0000 0.0000 0.0000 0.5304 0.0000 0.0000 0.0000 0.0000 0.0000 0.1879 0.0000 0.0619 0.0130 0.0260
84       84   (0)      6  : 0.0000 0.0244 0.0000 0.0488 0.0000 0.0000 0.0000 0.0000 0.7561 0.0000 0.0000 0.0000 0.0000 0.0000 0.0976 0.0000 0.0732 0.0000 0.0000
85       85   (0)      6  : 0.0000 0.2558 0.0000 0.1718 0.0000 0.0000 0.0000 0.0000 0.1743 0.0000 0.0000 0.0000 0.0000 0.0000 0.2476 0.0000 0.0719 0.0415 0.0371
86       86   (0)      6  : 0.0000 0.0296 0.0000 0.2290 0.0000 0.0000 0.0000 0.0000 0.3407 0.0000 0.0000 0.0000 0.0000 0.0000 0.2257 0.0000 0.0740 0.0429 0.0581
87       87   (0)      6  : 0.0000 0.6261 0.0000 0.1505 0.0000 0.0000 0.0000 0.0000 0.0000 0.0000 0.0000 0.0000 0.0000 0.0000 0.1571 0.0000 0.0374 0.0290 0.0000
88       88   (0)      6  : 0.0000 0.5603 0.0000 0.1394 0.0000 0.0000 0.0000 0.0000 0.0395 0.0000 0.0000 0.0000 0.0000 0.0000 0.1770 0.0000 0.0466 0.0073 0.0299
89       89   (0)      6  : 0.0000 0.5130 0.0000 0.0352 0.0000 0.0000 0.0000 0.0000 0.0523 0.0000 0.0000 0.0000 0.0000 0.0000 0.2288 0.0000 0.1220 0.0000 0.0488
90       90   (0)      6  : 0.0000 0.0501 0.0000 0.0069 0.0000 0.0000 0.8976 0.0000 0.0023 0.0000 0.0000 0.0000 0.0000 0.0000 0.0263 0.0000 0.0111 0.0000 0.0057
91       91   (0)      6  : 0.0000 0.4717 0.0000 0.2357 0.0000 0.0000 0.0000 0.0000 0.0244 0.0000 0.0000 0.0000 0.0000 0.0000 0.1463 0.0000 0.0488 0.0244 0.0488
92       92   (0)      6  : 0.0000 0.0000 0.0000 0.0000 0.0269 0.0000 0.0000 0.0000 0.0000 0.0000 0.0000 0.0000 0.0000 0.0000 0.0000 0.9706 0.0000 0.0000 0.0025
93       93   (0)      6  : 0.0000 0.0000 0.0000 0.0000 0.0000 0.9268 0.0000 0.0000 0.0000 0.0000 0.0000 0.0000 0.0000 0.0000 0.0244 0.0000 0.0244 0.0000 0.0244
94       94   (0)      6  : 0.3523 0.0000 0.0000 0.0000 0.0138 0.0353 0.0000 0.0000 0.0000 0.0017 0.0183 0.0107 0.0017 0.0812 0.0071 0.2189 0.0838 0.1135 0.0617
95       95   (0)      6  : 0.0000 0.0000 0.0000 0.0000 0.0000 0.9512 0.0000 0.0000 0.0000 0.0000 0.0000 0.0000 0.0000 0.0000 0.0000 0.0000 0.0244 0.0000 0.0244
96       96   (0)      6  : 0.0000 0.0000 0.0000 0.0000 0.0000 0.9233 0.0000 0.0000 0.0000 0.0000 0.0000 0.0000 0.0000 0.0054 0.0000 0.0126 0.0344 0.0000 0.0244
97       97   (0)      6  : 0.3384 0.0000 0.0000 0.0000 0.0265 0.1364 0.0000 0.0024 0.0000 0.0049 0.0900 0.0005 0.0274 0.0463 0.0034 0.1395 0.1116 0.0624 0.0101
98       98   (0)      6  : 0.0000 0.0000 0.1278 0.0000 0.0000 0.8522 0.0000 0.0000 0.0000 0.0000 0.0000 0.0000 0.0000 0.0000 0.0000 0.0000 0.0200 0.0000 0.0000
99       99   (0)      7  : 0.0000 0.2389 0.0000 0.3225 0.0000 0.0000 0.0000 0.0000 0.1196 0.0000 0.0000 0.0000 0.0000 0.0000 0.1148 0.0000 0.0403 0.0782 0.0858
100      100   (0)      7  : 0.2270 0.0159 0.0183 0.0613 0.0003 0.1744 0.0002 0.0114 0.0060 0.0000 0.1724 0.0016 0.0103 0.0065 0.0277 0.0951 0.0894 0.0692 0.0130
101      101   (0)      7  : 0.0000 0.0000 1.0000 0.0000 0.0000 0.0000 0.0000 0.0000 0.0000 0.0000 0.0000 0.0000 0.0000 0.0000 0.0000 0.0000 0.0000 0.0000 0.0000
102      102   (0)      7  : 0.0000 0.0000 1.0000 0.0000 0.0000 0.0000 0.0000 0.0000 0.0000 0.0000 0.0000 0.0000 0.0000 0.0000 0.0000 0.0000 0.0000 0.0000 0.0000
103      103   (0)      7  : 0.1907 0.0000 0.0000 0.0000 0.0090 0.0000 0.0000 0.0048 0.0000 0.0044 0.1716 0.0268 0.0736 0.1050 0.0055 0.1948 0.0957 0.0793 0.0389
104      104   (0)      7  : 0.2535 0.0000 0.0000 0.0000 0.0201 0.0000 0.0204 0.0000 0.0000 0.0017 0.0656 0.0251 0.0184 0.0086 0.0038 0.5060 0.0303 0.0201 0.0263
105      105   (0)      7  : 0.0732 0.0000 0.0000 0.0000 0.0000 0.0000 0.0000 0.0000 0.0000 0.0000 0.1463 0.0000 0.0000 0.0488 0.0244 0.0244 0.0000 0.6585 0.0244
106      106   (0)      7  : 0.2491 0.0000 0.0000 0.0000 0.0057 0.0000 0.0000 0.0029 0.0000 0.0000 0.1625 0.0102 0.0009 0.0612 0.0009 0.1341 0.1472 0.1987 0.0266
107      107   (0)      7  : 0.5199 0.0000 0.0000 0.0000 0.0000 0.0000 0.0063 0.0023 0.0000 0.0288 0.0613 0.0139 0.0074 0.0253 0.0056 0.1529 0.0893 0.0807 0.0063
108      108   (0)      8  : 0.0000 0.0000 0.0000 0.0000 0.9512 0.0000 0.0000 0.0000 0.0000 0.0000 0.0000 0.0488 0.0000 0.0000 0.0000 0.0000 0.0000 0.0000 0.0000
109      109   (0)      8  : 0.1601 0.0000 0.0000 0.0000 0.0207 0.0000 0.0003 0.0095 0.0000 0.0041 0.5356 0.0096 0.0117 0.0033 0.0000 0.0669 0.0379 0.1160 0.0244
110      110   (0)      8  : 0.0000 0.0000 0.0000 0.0000 0.0000 0.0000 0.0000 0.0000 0.0000 0.0000 0.0000 0.0244 0.9756 0.0000 0.0000 0.0000 0.0000 0.0000 0.0000
111      111   (0)      8  : 0.0000 0.0000 0.0000 0.0000 0.0000 0.0000 0.0000 0.0000 0.0000 0.0000 0.0000 1.0000 0.0000 0.0000 0.0000 0.0000 0.0000 0.0000 0.0000
112      112   (0)      8  : 0.0000 0.0000 1.0000 0.0000 0.0000 0.0000 0.0000 0.0000 0.0000 0.0000 0.0000 0.0000 0.0000 0.0000 0.0000 0.0000 0.0000 0.0000 0.0000
113      113   (0)      8  : 0.2841 0.0000 0.0000 0.0000 0.0008 0.0000 0.0000 0.0000 0.0000 0.0000 0.4476 0.0056 0.0006 0.0000 0.0009 0.0689 0.0502 0.1412 0.0001
114      114   (0)      8  : 0.3391 0.0000 0.0000 0.0000 0.0002 0.0000 0.0000 0.0002 0.0000 0.0000 0.4654 0.0007 0.0340 0.0119 0.0031 0.0246 0.1029 0.0166 0.0012
115      115   (0)      8  : 0.0000 0.0000 0.0000 0.0000 0.9512 0.0000 0.0000 0.0000 0.0000 0.0000 0.0000 0.0488 0.0000 0.0000 0.0000 0.0000 0.0000 0.0000 0.0000
116      116   (0)      8  : 0.0000 0.0000 0.0000 0.0000 0.0000 0.0000 0.0000 0.0000 0.0000 0.0000 0.0000 1.0000 0.0000 0.0000 0.0000 0.0000 0.0000 0.0000 0.0000
117      117   (0)      8  : 0.0630 0.0000 0.0000 0.0015 0.0119 0.0124 0.0000 0.0000 0.0000 0.0000 0.1335 0.0004 0.0000 0.0482 0.0250 0.0244 0.0017 0.6536 0.0244
118      118   (0)      8  : 0.1392 0.0000 0.0000 0.0000 0.0020 0.0000 0.0000 0.0205 0.0000 0.0002 0.3888 0.0000 0.0122 0.0000 0.0091 0.1396 0.0899 0.1825 0.0160
119      119   (0)      9  : 0.0000 0.0309 0.0000 0.2459 0.0000 0.0000 0.0000 0.0000 0.3129 0.0000 0.0000 0.0000 0.0000 0.0000 0.1878 0.0000 0.1157 0.0093 0.0976
120      120   (0)     10  : 0.4946 0.0000 0.0431 0.0000 0.0395 0.0000 0.0003 0.0018 0.0000 0.0113 0.1537 0.0229 0.0002 0.0237 0.0072 0.0344 0.1034 0.0486 0.0155
121      121   (0)     10  : 0.2230 0.0000 0.0000 0.0000 0.0000 0.0006 0.0000 0.0243 0.0000 0.0011 0.2891 0.0457 0.0002 0.0052 0.0000 0.0877 0.1529 0.1259 0.0444
122      122   (0)     10  : 0.3584 0.0000 0.0000 0.0000 0.0093 0.0000 0.0000 0.0000 0.0000 0.0071 0.1016 0.0000 0.0056 0.0182 0.0244 0.2852 0.0867 0.0770 0.0265
123      123   (0)     10  : 0.2165 0.0123 0.0060 0.0259 0.0461 0.0000 0.0200 0.0032 0.0000 0.0008 0.0614 0.0201 0.0237 0.0258 0.0186 0.3500 0.0843 0.0688 0.0165
124      124   (0)     10  : 0.3573 0.0000 0.0497 0.0000 0.0035 0.0000 0.0043 0.0022 0.0000 0.0259 0.2062 0.0027 0.0000 0.0000 0.0110 0.2101 0.0530 0.0633 0.0108
125      125   (0)     10  : 0.3630 0.0000 0.0305 0.0000 0.0000 0.1435 0.0037 0.0065 0.0000 0.0221 0.1716 0.0086 0.0000 0.0638 0.0063 0.0194 0.1098 0.0443 0.0070
126      126   (0)     10  : 0.3312 0.0000 0.0112 0.0000 0.0061 0.0000 0.0003 0.0060 0.0000 0.0232 0.2175 0.0000 0.0000 0.0153 0.0086 0.1204 0.0857 0.1454 0.0292
127      127   (0)     10  : 0.3660 0.0000 0.0000 0.0000 0.0183 0.0000 0.0000 0.0244 0.0000 0.0006 0.2875 0.0152 0.0001 0.0063 0.0080 0.0413 0.0954 0.1111 0.0260
128      128   (0)     10  : 0.3604 0.0000 0.0166 0.0000 0.0042 0.0000 0.0067 0.0143 0.0000 0.0160 0.2072 0.0311 0.0001 0.0110 0.0045 0.0667 0.0935 0.1504 0.0173
129      129   (0)     10  : 0.7313 0.0000 0.0000 0.0000 0.0000 0.0000 0.0000 0.0004 0.0000 0.0066 0.0449 0.0000 0.0006 0.0061 0.0331 0.0891 0.0501 0.0374 0.0006
130      130   (0)     10  : 0.5529 0.0000 0.0000 0.0000 0.0000 0.0000 0.0000 0.0042 0.0000 0.0000 0.1601 0.0000 0.0106 0.0052 0.0157 0.0974 0.0696 0.0786 0.0055
131      131   (0)     10  : 0.4283 0.0000 0.0302 0.0000 0.0165 0.0000 0.0261 0.0044 0.0000 0.0003 0.1152 0.0324 0.0000 0.0604 0.0094 0.0700 0.1157 0.0754 0.0156
132      132   (0)     10  : 0.3714 0.0000 0.0512 0.0000 0.0110 0.0352 0.0170 0.0083 0.0000 0.0007 0.1765 0.0025 0.0004 0.0010 0.0117 0.1276 0.1073 0.0520 0.0261
133      133   (0)     10  : 0.4496 0.0011 0.0222 0.0020 0.0255 0.0110 0.0052 0.0061 0.0038 0.0158 0.1792 0.0195 0.0001 0.0458 0.0177 0.0233 0.1274 0.0241 0.0207
134      134   (0)     10  : 0.5556 0.0000 0.0454 0.0008 0.0283 0.0116 0.0001 0.0006 0.0000 0.0011 0.1123 0.0019 0.0169 0.0019 0.0127 0.0572 0.1079 0.0391 0.0065
135      135   (0)     10  : 0.4513 0.0000 0.0315 0.0000 0.0598 0.0000 0.0095 0.0050 0.0000 0.0000 0.1991 0.0118 0.0204 0.0064 0.0059 0.0593 0.0666 0.0586 0.0147
136      136   (0)     10  : 0.4768 0.0000 0.0040 0.0000 0.0049 0.0000 0.0000 0.0043 0.0000 0.0000 0.1345 0.0050 0.0177 0.0083 0.0007 0.1411 0.0920 0.0628 0.0479
137      137   (0)     11  : 0.0000 0.4941 0.0872 0.1838 0.0000 0.0000 0.0000 0.0000 0.0575 0.0000 0.0000 0.0000 0.0000 0.0000 0.0953 0.0000 0.0392 0.0272 0.0158
138      138   (0)     12  : 0.2343 0.0000 0.0450 0.0000 0.0178 0.1331 0.0094 0.0934 0.0000 0.0427 0.1304 0.0000 0.0008 0.0585 0.0063 0.0633 0.0817 0.0602 0.0230
139      139   (0)     12  : 0.0380 0.0041 0.0642 0.0666 0.0000 0.3790 0.0000 0.0082 0.0435 0.0000 0.1937 0.0000 0.0000 0.0000 0.0600 0.0232 0.0694 0.0247 0.0254
140      140   (0)     12  : 0.0000 0.0000 0.0153 0.0000 0.0000 0.0000 0.1145 0.8302 0.0000 0.0000 0.0000 0.0000 0.0000 0.0000 0.0022 0.0000 0.0244 0.0000 0.0133
141      141   (0)     12  : 0.0000 0.0000 0.0000 0.0000 0.0000 0.7556 0.0000 0.0000 0.0000 0.0000 0.0244 0.0051 0.1905 0.0000 0.0000 0.0000 0.0244 0.0000 0.0000
142      142   (0)     12  : 0.3900 0.0000 0.0507 0.0000 0.0035 0.0039 0.0024 0.0416 0.0000 0.0051 0.1474 0.0240 0.0153 0.0381 0.0059 0.1222 0.0979 0.0429 0.0089
143      143   (0)     12  : 0.0144 0.0000 0.0565 0.0000 0.0000 0.6707 0.0000 0.0000 0.0000 0.0000 0.1022 0.0042 0.0000 0.0939 0.0105 0.0000 0.0370 0.0048 0.0058
144      144   (0)     12  : 0.3637 0.0000 0.1151 0.0000 0.0001 0.0354 0.0059 0.0428 0.0023 0.0000 0.2183 0.0018 0.0097 0.0000 0.0158 0.0588 0.0866 0.0311 0.0126
145      145   (0)     12  : 0.0336 0.0000 0.0000 0.0000 0.0026 0.0000 0.1638 0.3253 0.0000 0.0000 0.0757 0.0000 0.0214 0.0105 0.0834 0.0579 0.1222 0.0277 0.0760
146      146   (0)     13  : 0.0000 0.3745 0.0000 0.4832 0.0000 0.0000 0.0000 0.0000 0.0000 0.0000 0.0000 0.0000 0.0000 0.0000 0.1349 0.0000 0.0075 0.0000 0.0000
147      147   (0)     13  : 0.0000 0.1780 0.0000 0.5400 0.0000 0.0000 0.0000 0.0000 0.0604 0.0000 0.0000 0.0000 0.0000 0.0000 0.1499 0.0000 0.0449 0.0181 0.0086
148      148   (0)     13  : 0.0000 0.3625 0.0000 0.1581 0.0000 0.0000 0.0000 0.0000 0.1254 0.0000 0.0000 0.0000 0.0000 0.0000 0.2589 0.0000 0.0380 0.0083 0.0488
149      149   (0)     13  : 0.0000 0.1257 0.0000 0.3949 0.0000 0.0000 0.0000 0.0000 0.0346 0.0000 0.0000 0.0000 0.0000 0.0000 0.2740 0.0000 0.0976 0.0000 0.0732
150      150   (0)     13  : 0.0000 0.2482 0.0000 0.5810 0.0000 0.0000 0.0000 0.0000 0.0000 0.0000 0.0000 0.0000 0.0000 0.0000 0.1463 0.0000 0.0244 0.0000 0.0000
151      151   (0)     14  : 0.0000 0.7596 0.0000 0.0961 0.0000 0.0000 0.0000 0.0000 0.0000 0.0000 0.0000 0.0000 0.0000 0.0000 0.0983 0.0000 0.0335 0.0125 0.0000
152      152   (0)     14  : 0.3847 0.0000 0.0000 0.0000 0.0132 0.0000 0.0053 0.0036 0.0000 0.0086 0.3560 0.0117 0.0000 0.0410 0.0143 0.0358 0.1020 0.0231 0.0006
153      153   (0)     15  : 0.0000 0.0000 0.0000 0.0000 0.0000 0.9756 0.0000 0.0000 0.0000 0.0000 0.0244 0.0000 0.0000 0.0000 0.0000 0.0000 0.0000 0.0000 0.0000
154      154   (0)     15  : 0.0000 0.1651 0.0000 0.3373 0.0000 0.0000 0.0000 0.0000 0.1331 0.0000 0.0000 0.0000 0.0000 0.0000 0.2341 0.0000 0.1030 0.0030 0.0244
155      155   (0)     16  : 0.4160 0.0000 0.0330 0.0000 0.0109 0.0231 0.0003 0.0066 0.0000 0.0000 0.2280 0.0276 0.0030 0.0000 0.0074 0.0632 0.1246 0.0377 0.0187
156      156   (0)     16  : 0.4756 0.0000 0.0021 0.0000 0.0077 0.0000 0.0398 0.0000 0.0000 0.0000 0.0671 0.0383 0.0659 0.0010 0.0046 0.1524 0.0914 0.0540 0.0001
157      157   (0)     17  : 0.0000 0.0000 0.0694 0.0000 0.0000 0.8775 0.0000 0.0000 0.0000 0.0000 0.0244 0.0000 0.0010 0.0000 0.0244 0.0000 0.0034 0.0000 0.0000
158      158   (0)     17  : 0.0000 0.0000 0.0000 0.0000 0.0000 0.0000 1.0000 0.0000 0.0000 0.0000 0.0000 0.0000 0.0000 0.0000 0.0000 0.0000 0.0000 0.0000 0.0000
159      159   (0)     18  : 0.3970 0.0000 0.0105 0.0000 0.0011 0.0002 0.0013 0.0000 0.0000 0.0003 0.2016 0.0023 0.0009 0.0638 0.0051 0.1299 0.1040 0.0621 0.0198
160      160   (0)     18  : 0.2493 0.0000 0.0000 0.0000 0.0049 0.0000 0.0000 0.0090 0.0000 0.0061 0.4342 0.0084 0.0383 0.0011 0.0032 0.0583 0.0571 0.1160 0.0142
161      161   (0)     18  : 0.3180 0.0000 0.0000 0.0000 0.0041 0.0000 0.0000 0.0000 0.0000 0.0323 0.2309 0.0009 0.0151 0.0165 0.0000 0.1757 0.0987 0.0751 0.0326
162      162   (0)     19  : 0.2670 0.0000 0.0251 0.0000 0.0162 0.0575 0.0000 0.0057 0.0000 0.0000 0.1879 0.1112 0.0000 0.1006 0.0038 0.0515 0.0500 0.1103 0.0132
163      163   (0)     19  : 0.0056 0.0304 0.1885 0.0286 0.0123 0.1678 0.0000 0.0000 0.0191 0.0000 0.0177 0.0086 0.0001 0.0000 0.0485 0.4369 0.0134 0.0033 0.0192
164      164   (0)     19  : 0.0000 0.0000 0.0000 0.0000 0.0874 0.0000 0.0000 0.0005 0.0000 0.0006 0.0353 0.0041 0.0000 0.0003 0.0000 0.8457 0.0000 0.0000 0.0261
