1        1   (0)      1  : 0.0000 1.0000 0.0000 0.0000 0.0000
2        2   (0)      1  : 0.0000 0.8502 0.1498 0.0000 0.0000
3        3   (0)      1  : 0.0000 0.8850 0.1150 0.0000 0.0000
4        4   (0)      1  : 0.0000 0.9117 0.0883 0.0000 0.0000
5        5   (0)      1  : 0.0000 1.0000 0.0000 0.0000 0.0000
6        6   (0)      1  : 0.0000 0.8655 0.1345 0.0000 0.0000
7        7   (0)      2  : 0.0000 1.0000 0.0000 0.0000 0.0000
8        8   (0)      2  : 0.0000 0.8421 0.1579 0.0000 0.0000
9        9   (0)      2  : 0.0105 0.9105 0.0153 0.0215 0.0423
10       10   (0)      2  : 0.0000 1.0000 0.0000 0.0000 0.0000
11       11   (0)      2  : 0.0000 0.9840 0.0160 0.0000 0.0000
12       12   (0)      2  : 0.0000 1.0000 0.0000 0.0000 0.0000
13       13   (0)      2  : 0.0000 0.7073 0.2927 0.0000 0.0000
14       14   (0)      3  : 0.8909 0.0000 0.0000 0.0000 0.1091
15       15   (0)      3  : 0.1779 0.0000 0.0000 0.3497 0.4723
16       16   (0)      3  : 0.4066 0.0000 0.0000 0.2749 0.3185
17       17   (0)      3  : 0.4348 0.0000 0.0000 0.2529 0.3122
18       18   (0)      3  : 0.2069 0.0000 0.0000 0.7931 0.0000
19       19   (0)      3  : 0.2532 0.0000 0.0000 0.6636 0.0832
20       20   (0)      3  : 0.0750 0.0000 0.0460 0.7297 0.1493
21       21   (0)      3  : 0.2785 0.0000 0.0000 0.2395 0.4820
22       22   (0)      3  : 0.2734 0.0000 0.0000 0.1771 0.5496
23       23   (0)      3  : 0.0000 0.0000 0.0000 0.2798 0.7202
24       24   (0)      3  : 0.1990 0.0000 0.0000 0.7584 0.0427
25       25   (0)      3  : 0.0000 0.0000 1.0000 0.0000 0.0000
26       26   (0)      4  : 0.0000 1.0000 0.0000 0.0000 0.0000
27       27   (0)      4  : 0.2665 0.0000 0.0000 0.4931 0.2404
28       28   (0)      4  : 0.2007 0.0000 0.0000 0.2221 0.5772
29       29   (0)      4  : 0.0000 1.0000 0.0000 0.0000 0.0000
30       30   (0)      4  : 0.5359 0.0000 0.0000 0.2036 0.2606
31       31   (0)      4  : 0.2128 0.0000 0.0000 0.1867 0.6005
32       32   (0)      4  : 0.2311 0.5050 0.0000 0.1279 0.1360
33       33   (0)      4  : 0.1898 0.0000 0.0000 0.6588 0.1515
34       34   (0)      4  : 0.3542 0.0000 0.0000 0.4560 0.1898
35       35   (0)      4  : 0.4752 0.0000 0.0000 0.3509 0.1739
36       36   (0)      4  : 0.5088 0.0000 0.0000 0.2716 0.2196
37       37   (0)      4  : 0.3241 0.0000 0.0000 0.1422 0.5337
38       38   (0)      4  : 0.3675 0.0000 0.0000 0.0281 0.6044
39       39   (0)      4  : 0.0000 1.0000 0.0000 0.0000 0.0000
40       40   (0)      5  : 0.9281 0.0000 0.0000 0.0206 0.0513
41       41   (0)      5  : 0.1081 0.0000 0.0000 0.4880 0.4040
42       42   (0)      5  : 0.5305 0.0000 0.0000 0.2806 0.1889
43       43   (0)      5  : 0.0000 1.0000 0.0000 0.0000 0.0000
44       44   (0)      5  : 0.0766 0.0000 0.0000 0.6892 0.2342
45       45   (0)      5  : 0.7133 0.0000 0.0000 0.2301 0.0566
46       46   (0)      5  : 0.1062 0.0000 0.0000 0.3991 0.4947
47       47   (0)      5  : 0.1429 0.0000 0.0000 0.1043 0.7529
48       48   (0)      5  : 0.6637 0.0000 0.0000 0.0506 0.2857
49       49   (0)      5  : 0.0000 1.0000 0.0000 0.0000 0.0000
50       50   (0)      5  : 0.4698 0.0000 0.0000 0.1604 0.3698
51       51   (0)      5  : 0.0000 1.0000 0.0000 0.0000 0.0000
52       52   (0)      5  : 0.0000 1.0000 0.0000 0.0000 0.0000
53       53   (0)      6  : 0.0000 1.0000 0.0000 0.0000 0.0000
54       54   (0)      6  : 0.1429 0.0000 0.0000 0.2857 0.5714
55       55   (0)      6  : 0.0000 0.9229 0.0771 0.0000 0.0000
56       56   (0)      6  : 0.0000 0.0000 1.0000 0.0000 0.0000
57       57   (0)      6  : 0.0000 0.0000 1.0000 0.0000 0.0000
58       58   (0)      6  : 0.0000 0.0000 1.0000 0.0000 0.0000
59       59   (0)      6  : 0.7312 0.0053 0.0619 0.0444 0.1572
60       60   (0)      6  : 0.7464 0.0000 0.0000 0.0000 0.2536
61       61   (0)      6  : 0.1397 0.0000 0.0000 0.5211 0.3392
62       62   (0)      6  : 0.1908 0.0000 0.0000 0.4401 0.3691
63       63   (0)      6  : 0.0074 0.8608 0.0886 0.0284 0.0148
64       64   (0)      7  : 0.0000 1.0000 0.0000 0.0000 0.0000
65       65   (0)      7  : 0.0000 1.0000 0.0000 0.0000 0.0000
66       66   (0)      7  : 0.0000 0.9723 0.0277 0.0000 0.0000
67       67   (0)      7  : 0.0000 0.9617 0.0383 0.0000 0.0000
68       68   (0)      8  : 0.3504 0.0000 0.0847 0.3028 0.2621
69       69   (0)      8  : 0.2779 0.0520 0.1357 0.2630 0.2713
70       70   (0)      8  : 0.8863 0.0000 0.0000 0.1137 0.0000
71       71   (0)      8  : 0.4665 0.0263 0.0197 0.3731 0.1144
72       72   (0)      8  : 0.7170 0.0000 0.1060 0.1584 0.0186
73       73   (0)      8  : 0.0000 0.0000 1.0000 0.0000 0.0000
74       74   (0)      9  : 0.0245 0.8222 0.1220 0.0159 0.0153
75       75   (0)      9  : 0.0298 0.8895 0.0699 0.0107 0.0000
76       76   (0)     10  : 0.0000 1.0000 0.0000 0.0000 0.0000
77       77   (0)     11  : 0.0000 1.0000 0.0000 0.0000 0.0000
78       78   (0)     12  : 0.0000 1.0000 0.0000 0.0000 0.0000
79       79   (0)     13  : 0.0405 0.0000 0.5888 0.1985 0.1723
80       80   (0)     13  : 0.6648 0.0000 0.0000 0.1748 0.1603
