1        1   (0)      1  : 0.0000 0.3198 0.0000 0.0000 0.0000 0.0000 0.0000 0.0000 0.0000 0.0000 0.0000 0.0000 0.6802 0.0000 0.0000 0.0000 0.0000
2        2   (0)      2  : 0.0000 0.0000 0.0000 0.0000 0.0000 0.9580 0.0000 0.0000 0.0000 0.0000 0.0000 0.0000 0.0000 0.0000 0.0000 0.0420 0.0000
3        3   (0)      2  : 0.3662 0.0000 0.0000 0.0000 0.0000 0.0000 0.0000 0.0000 0.0000 0.0000 0.0000 0.0624 0.0000 0.5714 0.0000 0.0000 0.0000
4        4   (0)      3  : 0.0000 0.0000 0.0154 0.0000 0.0000 0.0000 0.0000 0.0000 0.6490 0.0000 0.0841 0.1019 0.0000 0.0000 0.0000 0.1496 0.0000
5        5   (0)      3  : 0.0201 0.0000 0.0000 0.0000 0.0000 0.0000 0.0000 0.0000 0.7410 0.0000 0.0139 0.2135 0.0000 0.0114 0.0000 0.0000 0.0000
6        6   (0)      3  : 0.1438 0.0000 0.0000 0.0000 0.0168 0.0000 0.0000 0.0000 0.7485 0.0000 0.0000 0.0399 0.0000 0.0508 0.0001 0.0000 0.0000
7        7   (0)      3  : 0.0000 0.0000 0.0000 0.6777 0.0000 0.1443 0.0000 0.0000 0.0000 0.0000 0.0000 0.0000 0.0000 0.0000 0.0000 0.1781 0.0000
8        8   (0)      3  : 0.0000 0.0000 0.0000 0.0000 0.0000 0.0278 0.0000 0.0000 0.4286 0.0000 0.0287 0.4659 0.0000 0.0000 0.0000 0.0490 0.0000
9        9   (0)      3  : 0.4717 0.0000 0.0000 0.0000 0.0000 0.0000 0.0000 0.0000 0.3240 0.0000 0.0284 0.0000 0.0000 0.1741 0.0016 0.0000 0.0002
10       10   (0)      4  : 0.1512 0.0000 0.0000 0.0000 0.0000 0.0000 0.0000 0.0000 0.6553 0.0000 0.0187 0.0304 0.0000 0.1162 0.0000 0.0282 0.0000
11       11   (0)      4  : 0.1666 0.0000 0.0000 0.0000 0.0000 0.0000 0.3233 0.0000 0.0000 0.0000 0.0000 0.0597 0.0000 0.1063 0.3440 0.0000 0.0000
12       12   (0)      4  : 0.7743 0.0000 0.0000 0.0000 0.0000 0.0000 0.0000 0.0000 0.0378 0.0000 0.0000 0.1862 0.0000 0.0000 0.0016 0.0000 0.0000
13       13   (0)      4  : 0.1963 0.0000 0.0000 0.0000 0.0000 0.0000 0.0000 0.0000 0.1429 0.0000 0.0000 0.0000 0.0000 0.5180 0.0000 0.0000 0.1429
14       14   (0)      5  : 0.0000 0.0000 0.9044 0.0000 0.0000 0.0000 0.0000 0.0000 0.0000 0.0000 0.0956 0.0000 0.0000 0.0000 0.0000 0.0000 0.0000
15       15   (0)      5  : 0.0000 0.0000 0.0000 1.0000 0.0000 0.0000 0.0000 0.0000 0.0000 0.0000 0.0000 0.0000 0.0000 0.0000 0.0000 0.0000 0.0000
16       16   (0)      5  : 0.0000 0.0000 0.0000 0.0000 0.0000 0.5714 0.0000 0.0000 0.0000 0.0000 0.0000 0.0000 0.0000 0.0000 0.0000 0.4286 0.0000
17       17   (0)      5  : 0.0000 0.0000 0.0000 0.0000 0.0000 0.0000 0.5714 0.0000 0.0000 0.0000 0.0000 0.0000 0.0000 0.0000 0.4286 0.0000 0.0000
18       18   (0)      5  : 0.0770 0.0000 0.0000 0.0000 0.0000 0.0000 0.0000 0.0000 0.0000 0.0000 0.0000 0.5783 0.0000 0.3407 0.0040 0.0000 0.0000
19       19   (0)      5  : 0.0000 0.0000 0.0000 0.0000 0.0000 0.0000 0.4886 0.0000 0.0000 0.0000 0.0000 0.0000 0.0000 0.0000 0.5114 0.0000 0.0000
20       20   (0)      5  : 0.3429 0.0000 0.0000 0.0000 0.0000 0.0000 0.0000 0.0000 0.1429 0.0000 0.0000 0.2197 0.0000 0.2507 0.0117 0.0000 0.0321
21       21   (0)      5  : 0.1682 0.0000 0.0000 0.0000 0.0000 0.0000 0.0000 0.0000 0.0000 0.0000 0.0000 0.1669 0.0000 0.6649 0.0000 0.0000 0.0000
22       22   (0)      5  : 0.0000 0.0000 0.0000 0.0000 0.0000 0.0000 0.7767 0.0000 0.0000 0.0000 0.0000 0.0000 0.0000 0.0000 0.2233 0.0000 0.0000
23       23   (0)      5  : 0.6448 0.0000 0.0000 0.0000 0.0000 0.0000 0.0006 0.0000 0.0000 0.0000 0.0000 0.0000 0.0000 0.1875 0.0243 0.0000 0.1429
24       24   (0)      5  : 0.0000 0.0000 0.0000 1.0000 0.0000 0.0000 0.0000 0.0000 0.0000 0.0000 0.0000 0.0000 0.0000 0.0000 0.0000 0.0000 0.0000
25       25   (0)      5  : 0.0000 0.0000 0.5714 0.0000 0.0000 0.0000 0.0000 0.0000 0.0000 0.0000 0.4286 0.0000 0.0000 0.0000 0.0000 0.0000 0.0000
26       26   (0)      5  : 0.0000 0.0000 0.0000 0.0000 0.0000 0.0000 0.0000 0.0000 0.0574 0.0000 0.0000 0.6073 0.0000 0.3354 0.0000 0.0000 0.0000
27       27   (0)      5  : 0.0000 0.0000 0.0000 1.0000 0.0000 0.0000 0.0000 0.0000 0.0000 0.0000 0.0000 0.0000 0.0000 0.0000 0.0000 0.0000 0.0000
28       28   (0)      5  : 0.0000 0.0000 0.0000 0.6306 0.0000 0.0000 0.0000 0.0000 0.0000 0.2265 0.0000 0.0000 0.0000 0.0000 0.0000 0.0000 0.1429
29       29   (0)      6  : 0.0000 0.8571 0.0000 0.0000 0.0000 0.0000 0.0000 0.0000 0.0000 0.0000 0.0000 0.0000 0.1429 0.0000 0.0000 0.0000 0.0000
30       30   (0)      6  : 0.0000 0.0000 0.0000 0.0000 0.5555 0.0159 0.0000 0.0000 0.0000 0.0000 0.2857 0.0000 0.0000 0.0000 0.0000 0.0000 0.1429
31       31   (0)      6  : 1.0000 0.0000 0.0000 0.0000 0.0000 0.0000 0.0000 0.0000 0.0000 0.0000 0.0000 0.0000 0.0000 0.0000 0.0000 0.0000 0.0000
32       32   (0)      6  : 0.2873 0.0000 0.0000 0.0000 0.0000 0.0000 0.1235 0.0000 0.5733 0.0060 0.0000 0.0000 0.0000 0.0001 0.0099 0.0000 0.0000
33       33   (0)      6  : 0.0000 0.0000 0.0000 0.0000 0.0000 0.0000 0.0000 0.8571 0.0000 0.0000 0.0000 0.0000 0.0000 0.0000 0.0000 0.0000 0.1429
34       34   (0)      6  : 0.0000 0.0000 1.0000 0.0000 0.0000 0.0000 0.0000 0.0000 0.0000 0.0000 0.0000 0.0000 0.0000 0.0000 0.0000 0.0000 0.0000
35       35   (0)      6  : 0.0000 1.0000 0.0000 0.0000 0.0000 0.0000 0.0000 0.0000 0.0000 0.0000 0.0000 0.0000 0.0000 0.0000 0.0000 0.0000 0.0000
36       36   (0)      6  : 0.0000 1.0000 0.0000 0.0000 0.0000 0.0000 0.0000 0.0000 0.0000 0.0000 0.0000 0.0000 0.0000 0.0000 0.0000 0.0000 0.0000
37       37   (0)      7  : 0.0000 0.0000 0.0000 0.0000 1.0000 0.0000 0.0000 0.0000 0.0000 0.0000 0.0000 0.0000 0.0000 0.0000 0.0000 0.0000 0.0000
38       38   (0)      7  : 0.0000 0.0000 0.0000 0.0000 0.0000 0.0000 0.8571 0.0000 0.0000 0.0000 0.0000 0.0000 0.0000 0.0000 0.1429 0.0000 0.0000
39       39   (0)      7  : 0.0000 0.0000 0.7143 0.0000 0.0000 0.0000 0.0000 0.0000 0.0000 0.0000 0.2857 0.0000 0.0000 0.0000 0.0000 0.0000 0.0000
40       40   (0)      7  : 0.0000 0.0000 0.8603 0.0000 0.0000 0.0000 0.0000 0.0000 0.0000 0.0000 0.1397 0.0000 0.0000 0.0000 0.0000 0.0000 0.0000
41       41   (0)      7  : 0.0000 0.0000 0.0000 0.0000 0.0000 0.0000 1.0000 0.0000 0.0000 0.0000 0.0000 0.0000 0.0000 0.0000 0.0000 0.0000 0.0000
42       42   (0)      7  : 0.0000 0.0000 1.0000 0.0000 0.0000 0.0000 0.0000 0.0000 0.0000 0.0000 0.0000 0.0000 0.0000 0.0000 0.0000 0.0000 0.0000
43       43   (0)      7  : 0.0000 0.0000 0.0000 0.0000 0.0000 0.0000 1.0000 0.0000 0.0000 0.0000 0.0000 0.0000 0.0000 0.0000 0.0000 0.0000 0.0000
44       44   (0)      7  : 0.0000 0.0000 0.0000 0.0000 0.0000 0.5714 0.0000 0.0000 0.0000 0.0000 0.0000 0.0000 0.0000 0.0000 0.0000 0.4286 0.0000
45       45   (0)      7  : 0.5714 0.0000 0.0000 0.0000 0.0000 0.0000 0.0000 0.0000 0.0000 0.0000 0.0000 0.2857 0.0000 0.1429 0.0000 0.0000 0.0000
46       46   (0)      7  : 0.0000 0.3471 0.0000 0.0000 0.0000 0.0000 0.0000 0.0107 0.0000 0.0000 0.0000 0.0000 0.4734 0.0000 0.0000 0.0000 0.1688
47       47   (0)      7  : 0.0000 0.0000 0.0000 0.0000 0.0000 0.0000 0.0000 0.0000 0.1429 0.0000 0.0000 0.5714 0.0000 0.2857 0.0000 0.0000 0.0000
48       48   (0)      7  : 0.0000 0.5405 0.0000 0.0000 0.0000 0.0000 0.0000 0.0309 0.0000 0.0000 0.0000 0.0000 0.1970 0.0000 0.0000 0.0000 0.2316
49       49   (0)      7  : 0.0000 0.0000 0.0000 0.0000 0.7143 0.0000 0.0000 0.0000 0.0000 0.0000 0.0000 0.0000 0.0000 0.0000 0.1429 0.0000 0.1429
50       50   (0)      7  : 0.0000 0.0000 0.0000 0.0000 0.0000 0.5714 0.0000 0.0000 0.0000 0.0000 0.0000 0.0000 0.0000 0.0000 0.0000 0.4286 0.0000
51       51   (0)      7  : 0.0000 0.0000 0.0000 0.0000 0.9088 0.0000 0.0000 0.0000 0.0000 0.0000 0.0000 0.0000 0.0000 0.0000 0.0912 0.0000 0.0000
52       52   (0)      7  : 0.0000 0.0000 0.0000 0.8571 0.0000 0.0000 0.0000 0.0000 0.0000 0.0000 0.0000 0.0000 0.0000 0.0000 0.0000 0.1429 0.0000
53       53   (0)      7  : 0.2257 0.0000 0.0000 0.0000 0.0000 0.0000 0.0000 0.0000 0.0000 0.0000 0.0211 0.4377 0.0000 0.3155 0.0000 0.0000 0.0000
54       54   (0)      7  : 0.1797 0.0000 0.0000 0.0000 0.0000 0.0000 0.0000 0.0000 0.0000 0.0000 0.0000 0.4524 0.0000 0.3679 0.0000 0.0000 0.0000
55       55   (0)      7  : 0.7812 0.0000 0.0000 0.0000 0.0000 0.0000 0.0094 0.0000 0.0000 0.0000 0.0000 0.0957 0.0000 0.1137 0.0000 0.0000 0.0000
56       56   (0)      7  : 0.5467 0.0000 0.0000 0.0000 0.0000 0.0000 0.0000 0.0000 0.0427 0.0000 0.0000 0.2677 0.0000 0.1429 0.0000 0.0000 0.0000
57       57   (0)      8  : 0.0000 0.0000 1.0000 0.0000 0.0000 0.0000 0.0000 0.0000 0.0000 0.0000 0.0000 0.0000 0.0000 0.0000 0.0000 0.0000 0.0000
58       58   (0)      8  : 0.0000 0.0000 0.0000 0.8571 0.0000 0.0000 0.0000 0.0000 0.0000 0.0000 0.0000 0.0000 0.0000 0.0000 0.0000 0.1429 0.0000
59       59   (0)      8  : 0.1650 0.0000 0.0000 0.0000 0.0000 0.0000 0.0000 0.0000 0.0000 0.0000 0.0000 0.3146 0.0000 0.5204 0.0000 0.0000 0.0000
60       60   (0)      8  : 0.0000 0.0000 0.5714 0.0000 0.0000 0.0000 0.0000 0.0000 0.0000 0.0000 0.4286 0.0000 0.0000 0.0000 0.0000 0.0000 0.0000
61       61   (0)      8  : 0.0000 0.0000 1.0000 0.0000 0.0000 0.0000 0.0000 0.0000 0.0000 0.0000 0.0000 0.0000 0.0000 0.0000 0.0000 0.0000 0.0000
62       62   (0)      8  : 0.0000 0.0000 0.0000 0.0000 0.7143 0.0000 0.0000 0.0000 0.0000 0.0000 0.0000 0.0000 0.0000 0.0000 0.1429 0.0000 0.1429
63       63   (0)      8  : 0.0000 0.0000 1.0000 0.0000 0.0000 0.0000 0.0000 0.0000 0.0000 0.0000 0.0000 0.0000 0.0000 0.0000 0.0000 0.0000 0.0000
64       64   (0)      8  : 0.0719 0.0000 0.0000 0.0000 0.0000 0.0000 0.0000 0.0000 0.0470 0.0000 0.0000 0.8361 0.0000 0.0450 0.0000 0.0000 0.0000
65       65   (0)      8  : 0.0000 0.0000 0.0000 0.0000 0.0000 0.0000 0.0000 0.0000 0.0000 0.0000 0.0000 0.0000 0.8571 0.0000 0.0000 0.0000 0.1429
66       66   (0)      8  : 0.2699 0.0000 0.0000 0.0000 0.0000 0.0000 0.0000 0.0000 0.0000 0.0000 0.0000 0.6219 0.0000 0.1082 0.0000 0.0000 0.0000
67       67   (0)      8  : 0.2214 0.0000 0.0000 0.0000 0.0000 0.0000 0.0000 0.0000 0.4282 0.0000 0.0000 0.1613 0.0000 0.1892 0.0000 0.0000 0.0000
68       68   (0)      8  : 0.1909 0.0000 0.0000 0.0000 0.0000 0.0000 0.0000 0.0000 0.0000 0.0000 0.0000 0.2263 0.0000 0.5576 0.0124 0.0000 0.0129
69       69   (0)      8  : 0.0000 0.3238 0.0000 0.0000 0.0000 0.0000 0.0000 0.0000 0.0000 0.0000 0.0000 0.0000 0.6218 0.0000 0.0000 0.0000 0.0545
70       70   (0)      8  : 0.0000 0.0000 0.9430 0.0000 0.0000 0.0094 0.0000 0.0000 0.0000 0.0000 0.0476 0.0000 0.0000 0.0000 0.0000 0.0000 0.0000
71       71   (0)      8  : 0.0000 0.0000 0.0000 0.0000 0.0000 0.0000 0.0000 0.0000 0.0000 0.0000 0.0000 0.0000 1.0000 0.0000 0.0000 0.0000 0.0000
72       72   (0)      8  : 0.0000 0.0000 0.0000 0.0000 0.8571 0.0000 0.0000 0.0000 0.0000 0.0000 0.0000 0.0000 0.0000 0.0000 0.1429 0.0000 0.0000
73       73   (0)      8  : 0.0000 0.0000 0.0000 0.0000 0.0000 0.0000 0.7172 0.0000 0.0000 0.0000 0.0000 0.0269 0.0000 0.0305 0.2255 0.0000 0.0000
74       74   (0)      8  : 0.1600 0.0000 0.0000 0.0000 0.0000 0.0000 0.0000 0.0000 0.1429 0.0000 0.0000 0.6452 0.0000 0.0520 0.0000 0.0000 0.0000
75       75   (0)      8  : 0.0000 0.0000 0.0000 0.0000 0.0000 0.0000 0.0000 0.0000 0.0000 0.0000 0.0000 0.8023 0.0000 0.1977 0.0000 0.0000 0.0000
76       76   (0)      8  : 0.0000 0.0755 0.0000 0.0000 0.0000 0.0000 0.0000 0.0000 0.0000 0.0000 0.0000 0.0000 0.7028 0.0000 0.0000 0.0000 0.2216
77       77   (0)      8  : 0.0000 0.0000 0.0000 0.0000 0.0000 0.0000 0.0000 0.0000 0.5263 0.0000 0.0000 0.4737 0.0000 0.0000 0.0000 0.0000 0.0000
78       78   (0)      9  : 0.0000 0.0000 1.0000 0.0000 0.0000 0.0000 0.0000 0.0000 0.0000 0.0000 0.0000 0.0000 0.0000 0.0000 0.0000 0.0000 0.0000
79       79   (0)      9  : 0.0000 0.0000 0.9050 0.0000 0.0000 0.0000 0.0000 0.0000 0.0000 0.0000 0.0950 0.0000 0.0000 0.0000 0.0000 0.0000 0.0000
80       80   (0)      9  : 0.0000 0.0000 0.0000 0.0000 0.7143 0.0000 0.0000 0.0000 0.0000 0.0000 0.0000 0.0000 0.0000 0.0000 0.1429 0.0000 0.1429
81       81   (0)      9  : 0.0000 0.0000 0.7143 0.0000 0.0000 0.0000 0.0000 0.0000 0.0000 0.0000 0.2857 0.0000 0.0000 0.0000 0.0000 0.0000 0.0000
82       82   (0)      9  : 0.0000 0.0000 0.0000 0.0000 0.0000 0.0000 0.0000 0.0000 0.0000 0.0000 0.0000 0.0000 0.8571 0.0000 0.0000 0.0000 0.1429
83       83   (0)      9  : 0.0338 0.0000 0.0000 0.0000 0.0000 0.0000 0.0000 0.0000 0.6632 0.0000 0.0000 0.0385 0.0000 0.2336 0.0000 0.0308 0.0000
84       84   (0)      9  : 0.0000 0.0000 0.0000 0.0000 0.0000 0.0000 0.0000 0.0000 0.0000 1.0000 0.0000 0.0000 0.0000 0.0000 0.0000 0.0000 0.0000
85       85   (0)      9  : 0.0000 0.0000 0.0000 0.0000 0.0000 0.0000 0.0000 0.0000 0.0000 0.0000 0.0000 1.0000 0.0000 0.0000 0.0000 0.0000 0.0000
86       86   (0)      9  : 0.5091 0.0000 0.0000 0.0000 0.0000 0.0000 0.0000 0.0000 0.1429 0.0000 0.0000 0.0000 0.0000 0.3480 0.0000 0.0000 0.0000
87       87   (0)      9  : 0.4370 0.0000 0.0000 0.0000 0.0000 0.0000 0.0000 0.0000 0.0851 0.0000 0.0000 0.1948 0.0000 0.2494 0.0000 0.0000 0.0337
88       88   (0)      9  : 0.0000 0.0000 1.0000 0.0000 0.0000 0.0000 0.0000 0.0000 0.0000 0.0000 0.0000 0.0000 0.0000 0.0000 0.0000 0.0000 0.0000
89       89   (0)      9  : 0.0000 0.0000 0.7143 0.0000 0.0000 0.0000 0.0000 0.0000 0.0000 0.0000 0.2857 0.0000 0.0000 0.0000 0.0000 0.0000 0.0000
90       90   (0)      9  : 0.4601 0.0000 0.0000 0.0000 0.0000 0.0000 0.1601 0.0000 0.0000 0.0000 0.1429 0.0532 0.0000 0.0411 0.1056 0.0000 0.0371
91       91   (0)      9  : 0.0000 0.0000 0.0000 0.0000 1.0000 0.0000 0.0000 0.0000 0.0000 0.0000 0.0000 0.0000 0.0000 0.0000 0.0000 0.0000 0.0000
92       92   (0)     10  : 0.0002 0.0000 0.0950 0.0000 0.0000 0.6057 0.0000 0.0000 0.0000 0.0000 0.0652 0.0000 0.0000 0.0108 0.0131 0.2098 0.0000
93       93   (0)     11  : 0.0000 0.0000 0.0000 0.0000 0.0000 0.6928 0.0000 0.0000 0.0000 0.0006 0.0000 0.0000 0.0625 0.0000 0.0000 0.2441 0.0000
94       94   (0)     11  : 0.0000 0.0000 0.0000 0.7076 0.0000 0.0000 0.0000 0.0000 0.0000 0.1495 0.0000 0.0000 0.0000 0.0000 0.0000 0.0000 0.1429
95       95   (0)     11  : 0.0000 0.0000 0.0000 0.0000 0.0000 0.0000 0.0000 0.0000 0.0000 0.8571 0.0000 0.0000 0.0000 0.0000 0.0000 0.1429 0.0000
96       96   (0)     12  : 0.0000 0.0000 0.0000 1.0000 0.0000 0.0000 0.0000 0.0000 0.0000 0.0000 0.0000 0.0000 0.0000 0.0000 0.0000 0.0000 0.0000
97       97   (0)     12  : 0.0000 0.0000 0.0000 1.0000 0.0000 0.0000 0.0000 0.0000 0.0000 0.0000 0.0000 0.0000 0.0000 0.0000 0.0000 0.0000 0.0000
98       98   (0)     12  : 0.0000 0.0000 0.0000 1.0000 0.0000 0.0000 0.0000 0.0000 0.0000 0.0000 0.0000 0.0000 0.0000 0.0000 0.0000 0.0000 0.0000
99       99   (0)     12  : 0.0000 0.0000 0.0000 0.9806 0.0000 0.0000 0.0000 0.0000 0.0000 0.0000 0.0000 0.0000 0.0000 0.0000 0.0000 0.0000 0.0194
100      100   (0)     12  : 0.0000 1.0000 0.0000 0.0000 0.0000 0.0000 0.0000 0.0000 0.0000 0.0000 0.0000 0.0000 0.0000 0.0000 0.0000 0.0000 0.0000
101      101   (0)     13  : 0.0000 0.1429 0.0000 0.0000 0.0000 0.0000 0.0000 0.0000 0.0000 0.0000 0.0000 0.0000 0.8482 0.0000 0.0000 0.0000 0.0089
102      102   (0)     13  : 0.0000 0.0000 0.0000 0.8171 0.0000 0.0000 0.0000 0.0000 0.0000 0.0000 0.0000 0.0000 0.0000 0.0000 0.0000 0.1429 0.0400
103      103   (0)     14  : 0.0000 0.0000 0.3191 0.0000 0.0000 0.0218 0.0000 0.0000 0.0000 0.0000 0.5162 0.0000 0.0000 0.0000 0.0000 0.1429 0.0000
104      104   (0)     14  : 0.0000 0.4810 0.0000 0.0000 0.0000 0.0000 0.0000 0.0000 0.0000 0.0000 0.0000 0.0000 0.5190 0.0000 0.0000 0.0000 0.0000
105      105   (0)     14  : 0.0000 0.0155 0.0000 0.0000 0.0000 0.0827 0.0000 0.0068 0.0000 0.0000 0.0566 0.0000 0.5952 0.0000 0.0000 0.0887 0.1544
106      106   (0)     14  : 0.0000 0.0000 0.0000 0.0000 0.0000 0.0000 0.0000 1.0000 0.0000 0.0000 0.0000 0.0000 0.0000 0.0000 0.0000 0.0000 0.0000
107      107   (0)     14  : 0.0000 0.0000 0.0000 0.0000 1.0000 0.0000 0.0000 0.0000 0.0000 0.0000 0.0000 0.0000 0.0000 0.0000 0.0000 0.0000 0.0000
108      108   (0)     15  : 0.0000 0.0000 0.0000 0.0000 0.0000 0.5714 0.0000 0.0000 0.0000 0.0000 0.0000 0.0000 0.0000 0.0000 0.0000 0.4286 0.0000
109      109   (0)     15  : 0.0000 0.4492 0.0000 0.0000 0.0000 0.0000 0.0000 0.4080 0.0000 0.0000 0.0000 0.0000 0.0000 0.0000 0.0000 0.0000 0.1429
110      110   (0)     15  : 0.0000 0.7761 0.0000 0.0000 0.0000 0.0000 0.0000 0.0000 0.0000 0.0000 0.0000 0.0000 0.2190 0.0000 0.0000 0.0000 0.0049
111      111   (0)     15  : 0.5875 0.0000 0.0000 0.0000 0.0000 0.0000 0.0000 0.0000 0.0000 0.0000 0.0000 0.2323 0.0000 0.1802 0.0000 0.0000 0.0000
112      112   (0)     15  : 0.0000 0.0000 0.1996 0.0772 0.0000 0.1073 0.0000 0.0000 0.0000 0.0000 0.4191 0.0000 0.0000 0.0000 0.0000 0.1902 0.0066
113      113   (0)     15  : 0.0000 0.8376 0.0000 0.0000 0.0000 0.0000 0.0000 0.0000 0.0000 0.0000 0.0000 0.0000 0.0000 0.0000 0.0000 0.0000 0.1624
114      114   (0)     15  : 0.0000 0.0000 0.0000 0.0000 0.0000 0.0000 0.0000 0.8571 0.0000 0.0000 0.0000 0.0000 0.0000 0.0000 0.0000 0.0000 0.1429
