 1        1   (0)      1 :  0.1417 0.3003 0.1492 0.0000 0.0000 0.0000 0.0519 0.1589 0.1980 
 2        2   (0)      1 :  0.8097 0.0000 0.0047 0.0187 0.0855 0.0692 0.0122 0.0000 0.0000 
 3        3   (0)      1 :  0.0450 0.0806 0.0805 0.0000 0.0000 0.0000 0.0200 0.2140 0.5600 
 4        4   (0)      1 :  0.1143 0.4361 0.0505 0.0000 0.0000 0.0000 0.0000 0.3189 0.0801 
 5        5   (0)      1 :  0.1425 0.5074 0.0617 0.0000 0.0000 0.0000 0.0000 0.0750 0.2134 
 6        6   (0)      1 :  0.0522 0.4075 0.1627 0.0000 0.0000 0.0000 0.0200 0.1236 0.2341 
 7        7   (0)      1 :  0.0050 0.3756 0.0836 0.0000 0.0000 0.0000 0.0200 0.2550 0.2608 
 8        8   (0)      1 :  0.0195 0.2825 0.0959 0.0000 0.0000 0.0000 0.0053 0.2372 0.3597 
 9        9   (0)      1 :  0.0144 0.3715 0.1317 0.0000 0.0000 0.0000 0.0042 0.1005 0.3777 
10       10   (0)      1 :  0.0275 0.4116 0.1787 0.0000 0.0000 0.0000 0.0254 0.2244 0.1324 
11       11   (0)      1 :  0.1225 0.3096 0.2028 0.0000 0.0000 0.0367 0.0064 0.0958 0.2262 
12       12   (0)      1 :  1.0000 0.0000 0.0000 0.0000 0.0000 0.0000 0.0000 0.0000 0.0000 
13       13   (0)      1 :  0.0844 0.2579 0.1611 0.0000 0.0000 0.0000 0.0200 0.1774 0.2991 
14       14   (0)      2 :  0.0300 0.1357 0.2006 0.0000 0.0000 0.0000 0.0031 0.2301 0.4004 
15       15   (0)      2 :  0.0000 0.0000 0.0000 0.0000 0.1200 0.0000 0.8800 0.0000 0.0000 
16       16   (0)      2 :  0.0400 0.1331 0.1350 0.0000 0.0000 0.0000 0.0000 0.1973 0.4946 
17       17   (0)      2 :  0.0652 0.2687 0.2600 0.0000 0.0000 0.0000 0.0400 0.2400 0.1261 
18       18   (0)      2 :  0.1003 0.6386 0.1334 0.0000 0.0000 0.0000 0.0000 0.0157 0.1120 
19       19   (0)      2 :  0.0665 0.2644 0.0700 0.0000 0.0000 0.0000 0.0030 0.0787 0.5173 
20       20   (0)      2 :  0.0807 0.3952 0.1752 0.0000 0.0000 0.0365 0.0096 0.1016 0.2011 
21       21   (0)      2 :  0.1781 0.3277 0.1756 0.0000 0.0000 0.0000 0.0200 0.1274 0.1712 
22       22   (0)      2 :  0.0593 0.3830 0.1295 0.0000 0.0000 0.0935 0.0078 0.0991 0.2277 
23       23   (0)      2 :  0.0787 0.1771 0.1140 0.0000 0.0000 0.4413 0.0111 0.0667 0.1110 
24       24   (0)      2 :  0.0726 0.3409 0.1437 0.0000 0.0000 0.0000 0.0000 0.0902 0.3526 
25       25   (0)      2 :  0.0930 0.3672 0.1761 0.0000 0.0000 0.0000 0.0000 0.1080 0.2558 
26       26   (0)      2 :  0.0174 0.1219 0.1224 0.0000 0.0000 0.4087 0.0000 0.0008 0.3288 
27       27   (0)      2 :  0.0549 0.1264 0.0749 0.0000 0.0000 0.0000 0.0140 0.1599 0.5698 
28       28   (0)      3 :  0.0000 0.0000 0.0400 0.9600 0.0000 0.0000 0.0000 0.0000 0.0000 
29       29   (0)      3 :  0.0905 0.0380 0.2086 0.0000 0.0000 0.0000 0.0000 0.3514 0.3115 
30       30   (0)      3 :  0.0000 0.0000 0.0000 0.0000 0.0000 1.0000 0.0000 0.0000 0.0000 
31       31   (0)      3 :  0.0233 0.0185 0.0848 0.0000 0.0000 0.5307 0.0000 0.2966 0.0461 
32       32   (0)      3 :  0.0000 0.0000 0.0000 0.0000 0.1200 0.0000 0.8800 0.0000 0.0000 
33       33   (0)      3 :  0.0258 0.0905 0.1576 0.0000 0.0000 0.0000 0.0200 0.0939 0.6123 
34       34   (0)      3 :  0.0000 0.0000 0.0000 0.0185 0.9815 0.0000 0.0000 0.0000 0.0000 
35       35   (0)      3 :  0.0000 0.0000 0.0285 0.2478 0.7237 0.0000 0.0000 0.0000 0.0000 
36       36   (0)      3 :  0.0000 0.0000 0.0000 0.0200 0.9800 0.0000 0.0000 0.0000 0.0000 
37       37   (0)      3 :  0.1584 0.4708 0.0200 0.0000 0.0000 0.0000 0.0000 0.1143 0.2366 
38       38   (0)      3 :  0.0000 0.0000 0.0000 0.0000 0.0000 1.0000 0.0000 0.0000 0.0000 
39       39   (0)      3 :  0.0000 0.0000 0.0000 0.0000 0.0000 1.0000 0.0000 0.0000 0.0000 
40       40   (0)      3 :  0.1028 0.2564 0.1800 0.0000 0.0000 0.0000 0.0000 0.2593 0.2015 
41       41   (0)      3 :  0.0600 0.3392 0.2091 0.0000 0.0000 0.0000 0.0200 0.1699 0.2018 
42       42   (0)      3 :  0.0000 0.0000 0.0000 0.0000 0.1200 0.0000 0.8800 0.0000 0.0000 
43       43   (0)      3 :  0.0000 0.0000 0.0843 0.1689 0.6520 0.0000 0.0948 0.0000 0.0000 
44       44   (0)      3 :  0.0524 0.1247 0.0726 0.0000 0.0000 0.0000 0.0200 0.6975 0.0328 
45       45   (0)      3 :  0.0101 0.1165 0.1586 0.0000 0.0000 0.0000 0.0200 0.1586 0.5361 
46       46   (0)      4 :  0.0000 0.0000 0.0200 0.9800 0.0000 0.0000 0.0000 0.0000 0.0000 
47       47   (0)      4 :  0.0000 0.0000 0.0200 0.9800 0.0000 0.0000 0.0000 0.0000 0.0000 
48       48   (0)      4 :  0.0284 0.1090 0.1406 0.0000 0.0000 0.0000 0.0200 0.5694 0.1325 
49       49   (0)      4 :  0.1116 0.1611 0.1373 0.0007 0.0000 0.0047 0.0036 0.4642 0.1169 
50       50   (0)      4 :  0.1403 0.2264 0.2228 0.0000 0.0000 0.0236 0.0256 0.3289 0.0323 
51       51   (0)      4 :  0.0589 0.2061 0.2412 0.0000 0.0000 0.0458 0.0223 0.1887 0.2371 
52       52   (0)      4 :  0.0360 0.3681 0.2542 0.0000 0.0000 0.0004 0.0400 0.1696 0.1317 
53       53   (0)      4 :  0.0831 0.0556 0.0405 0.0000 0.0000 0.0000 0.0000 0.7937 0.0272 
54       54   (0)      4 :  0.0048 0.3454 0.1754 0.0000 0.0000 0.0000 0.0047 0.2893 0.1805 
55       55   (0)      4 :  0.0137 0.0132 0.1027 0.0000 0.0000 0.6606 0.0132 0.1427 0.0539 
56       56   (0)      4 :  0.0430 0.1255 0.2146 0.0000 0.0000 0.0000 0.0400 0.3212 0.2556 
57       57   (0)      5 :  0.1083 0.2639 0.2352 0.0000 0.0000 0.0000 0.0114 0.1931 0.1881 
58       58   (0)      5 :  0.0582 0.3062 0.2516 0.0296 0.0001 0.0005 0.0380 0.1253 0.1905 
59       59   (0)      5 :  0.0097 0.2611 0.2601 0.0000 0.0000 0.0000 0.0474 0.0828 0.3388 
60       60   (0)      5 :  0.0000 0.0000 0.0516 0.9484 0.0000 0.0000 0.0000 0.0000 0.0000 
61       61   (0)      5 :  0.0004 0.0000 0.0056 0.9841 0.0000 0.0007 0.0092 0.0000 0.0000 
62       62   (0)      5 :  0.0071 0.0000 0.0000 0.0000 0.1013 0.0102 0.8815 0.0000 0.0000 
63       63   (0)      6 :  0.0000 0.0000 0.0000 0.0200 0.9800 0.0000 0.0000 0.0000 0.0000 
64       64   (0)      6 :  0.0000 0.0000 0.0400 0.9600 0.0000 0.0000 0.0000 0.0000 0.0000 
65       65   (0)      6 :  0.0000 0.0000 0.0200 0.0186 0.9614 0.0000 0.0000 0.0000 0.0000 
66       66   (0)      6 :  0.0056 0.1165 0.0550 0.6622 0.0395 0.0000 0.0310 0.0022 0.0880 
67       67   (0)      6 :  0.0000 0.0000 0.0000 1.0000 0.0000 0.0000 0.0000 0.0000 0.0000 
68       68   (0)      6 :  0.0000 0.0000 0.0271 0.7314 0.1032 0.1183 0.0200 0.0000 0.0000 
69       69   (0)      6 :  0.0388 0.1926 0.1536 0.0635 0.0674 0.0251 0.0308 0.1927 0.2355 
70       70   (0)      6 :  0.0000 0.0000 0.0000 1.0000 0.0000 0.0000 0.0000 0.0000 0.0000 
71       71   (0)      6 :  0.0200 0.1508 0.1761 0.0000 0.0000 0.0000 0.0000 0.1178 0.5354 
72       72   (0)      6 :  0.0000 0.0000 0.0357 0.9643 0.0000 0.0000 0.0000 0.0000 0.0000 
73       73   (0)      6 :  0.0000 0.0000 0.0640 0.0183 0.9046 0.0064 0.0067 0.0000 0.0000 
74       74   (0)      6 :  0.0000 0.0000 0.0347 0.8156 0.0000 0.1297 0.0200 0.0000 0.0000 
75       75   (0)      6 :  0.0000 0.0000 0.0400 0.0173 0.8729 0.0666 0.0032 0.0000 0.0000 
76       76   (0)      6 :  0.0000 0.0000 0.0180 0.7993 0.0000 0.1627 0.0200 0.0000 0.0000 
77       77   (0)      6 :  0.0000 0.0000 0.0091 0.7935 0.0000 0.1774 0.0200 0.0000 0.0000 
78       78   (0)      6 :  0.0000 0.0000 0.0389 0.0148 0.7307 0.2122 0.0034 0.0000 0.0000 
79       79   (0)      6 :  0.0000 0.0000 0.0400 0.0173 0.9388 0.0010 0.0029 0.0000 0.0000 
80       80   (0)      7 :  0.0760 0.7137 0.0550 0.0000 0.0000 0.0000 0.0200 0.0868 0.0485 
81       81   (0)      8 :  0.0619 0.4645 0.1961 0.0000 0.0000 0.0284 0.0000 0.2272 0.0219 
82       82   (0)      9 :  0.0000 0.0000 0.0000 0.0000 0.0000 1.0000 0.0000 0.0000 0.0000 
83       83   (0)     10 :  0.0796 0.3056 0.1626 0.0000 0.0000 0.1232 0.0239 0.1854 0.1196 
84       84   (0)     11 :  0.1668 0.3715 0.0961 0.0000 0.0000 0.0000 0.0098 0.0853 0.2705 
85       85   (0)     11 :  0.0056 0.2294 0.0924 0.0000 0.0000 0.4498 0.0225 0.1251 0.0752 
86       86   (0)     12 :  0.0466 0.0556 0.1675 0.0000 0.0000 0.4300 0.0000 0.0888 0.2116 
87       87   (0)     12 :  0.0564 0.2931 0.1317 0.0000 0.0000 0.1771 0.0153 0.0835 0.2429 
88       88   (0)     12 :  0.0315 0.1354 0.1315 0.0000 0.0000 0.0000 0.0081 0.1342 0.5593 
89       89   (0)     12 :  0.0498 0.2851 0.1619 0.0000 0.0000 0.1672 0.0205 0.2007 0.1147 
90       90   (0)     12 :  0.0016 0.0000 0.0210 0.0174 0.9557 0.0007 0.0036 0.0000 0.0000 
91       91   (0)     12 :  0.0430 0.3761 0.1512 0.0000 0.0000 0.0000 0.0587 0.2664 0.1046 
92       92   (0)     12 :  0.1048 0.3417 0.1068 0.0000 0.0000 0.0000 0.0200 0.2722 0.1545 
93       93   (0)     12 :  0.0484 0.2029 0.1608 0.0000 0.0000 0.0000 0.0504 0.0613 0.4762 
94       94   (0)     13 :  0.0525 0.3184 0.1161 0.0000 0.0000 0.0000 0.0086 0.3646 0.1398 
