 1        1   (0)      1 :  0.1162 0.0895 0.0728 0.1468 0.1278 0.0710 0.0241 0.0428 0.0001 0.0095 0.0427 0.0382 0.0481 0.1704 
 2        2   (0)      1 :  0.5344 0.0007 0.3124 0.0427 0.0000 0.0358 0.0069 0.0008 0.0032 0.0209 0.0078 0.0067 0.0207 0.0071 
 3        3   (0)      1 :  0.0447 0.0000 0.0627 0.0457 0.0000 0.4772 0.0514 0.0699 0.0025 0.0000 0.0695 0.0293 0.1200 0.0271 
 4        4   (0)      1 :  0.2128 0.0134 0.0754 0.0441 0.0067 0.1617 0.0643 0.0019 0.0054 0.0118 0.1175 0.1431 0.0445 0.0975 
 5        5   (0)      1 :  0.0827 0.0400 0.0200 0.0269 0.0046 0.0000 0.2829 0.0135 0.0001 0.0428 0.1057 0.1441 0.0489 0.1877 
 6        6   (0)      1 :  0.1837 0.0019 0.0882 0.1359 0.0331 0.1424 0.1512 0.0274 0.0198 0.0005 0.0604 0.0583 0.0265 0.0707 
 7        7   (0)      1 :  0.2253 0.0142 0.0884 0.0244 0.0000 0.0647 0.2257 0.0456 0.0029 0.0000 0.0833 0.0476 0.1333 0.0447 
 8        8   (0)      2 :  0.0577 0.1022 0.0646 0.1528 0.0000 0.0391 0.1360 0.0249 0.0000 0.0429 0.0990 0.0413 0.1106 0.1290 
 9        9   (0)      2 :  0.0000 1.0000 0.0000 0.0000 0.0000 0.0000 0.0000 0.0000 0.0000 0.0000 0.0000 0.0000 0.0000 0.0000 
10       10   (0)      2 :  0.0000 1.0000 0.0000 0.0000 0.0000 0.0000 0.0000 0.0000 0.0000 0.0000 0.0000 0.0000 0.0000 0.0000 
11       11   (0)      2 :  0.0000 0.9314 0.0000 0.0000 0.0686 0.0000 0.0000 0.0000 0.0000 0.0000 0.0000 0.0000 0.0000 0.0000 
12       12   (0)      2 :  0.0000 0.0063 0.5849 0.0347 0.0000 0.0922 0.0513 0.0202 0.0044 0.0005 0.0061 0.0600 0.0860 0.0532 
13       13   (0)      2 :  0.3551 0.0215 0.0268 0.0753 0.0000 0.1121 0.0527 0.0222 0.0000 0.0211 0.0979 0.0753 0.0418 0.0982 
14       14   (0)      3 :  0.0664 0.0000 0.2785 0.0190 0.0000 0.1300 0.1968 0.0021 0.0000 0.0200 0.0034 0.0567 0.1581 0.0689 
15       15   (0)      3 :  0.0501 0.0044 0.8456 0.0100 0.0028 0.0201 0.0059 0.0084 0.0005 0.0000 0.0016 0.0267 0.0152 0.0086 
16       16   (0)      3 :  0.0097 0.0000 0.1537 0.0200 0.0000 0.5829 0.0000 0.0000 0.0000 0.0200 0.0200 0.0271 0.0866 0.0799 
17       17   (0)      3 :  0.0600 0.0200 0.0400 0.0200 0.0000 0.1000 0.0200 0.0000 0.0000 0.0000 0.0200 0.1000 0.3600 0.2600 
18       18   (0)      4 :  0.5531 0.0002 0.0968 0.0379 0.0003 0.0212 0.0705 0.0038 0.0067 0.0432 0.0878 0.0479 0.0050 0.0257 
19       19   (0)      4 :  0.0369 0.0640 0.0493 0.5110 0.0016 0.0082 0.0365 0.0000 0.0000 0.0000 0.0239 0.1036 0.0242 0.1407 
20       20   (0)      4 :  0.0837 0.0000 0.1696 0.0365 0.0005 0.0464 0.3410 0.0932 0.0000 0.0042 0.0794 0.0434 0.0600 0.0421 
21       21   (0)      4 :  0.4327 0.0175 0.0502 0.0294 0.0001 0.0882 0.0825 0.0000 0.0000 0.0106 0.1097 0.0426 0.0128 0.1239 
22       22   (0)      4 :  0.0840 0.0042 0.0344 0.5080 0.0000 0.0381 0.0644 0.0757 0.0031 0.0000 0.0673 0.0808 0.0071 0.0331 
23       23   (0)      4 :  0.0506 0.0380 0.0680 0.0220 0.0002 0.0733 0.0385 0.0600 0.0009 0.0400 0.1440 0.0419 0.0305 0.3921 
24       24   (0)      4 :  0.1429 0.0093 0.0063 0.1126 0.0000 0.1712 0.0638 0.0029 0.0000 0.0000 0.0870 0.0182 0.2028 0.1829 
25       25   (0)      4 :  0.0282 0.0042 0.2193 0.0590 0.0000 0.0223 0.3954 0.0337 0.0000 0.0207 0.0902 0.0749 0.0484 0.0038 
26       26   (0)      4 :  0.0959 0.0554 0.0123 0.0295 0.0093 0.0193 0.3606 0.0044 0.0000 0.0321 0.1627 0.0992 0.0427 0.0766 
27       27   (0)      4 :  0.0914 0.0010 0.0890 0.1697 0.0000 0.0699 0.0497 0.0200 0.0002 0.0003 0.1721 0.0732 0.2137 0.0499 
28       28   (0)      4 :  0.0872 0.0021 0.1081 0.3176 0.0031 0.1176 0.0028 0.0416 0.0098 0.0205 0.1189 0.1067 0.0642 0.0000 
29       29   (0)      4 :  0.2378 0.0638 0.0262 0.0850 0.0082 0.0104 0.2002 0.0085 0.0025 0.0050 0.2140 0.0110 0.0775 0.0498 
30       30   (0)      4 :  0.0301 0.0000 0.1217 0.5247 0.0000 0.0800 0.0511 0.0030 0.0008 0.0200 0.0151 0.0636 0.0898 0.0000 
31       31   (0)      4 :  0.0600 0.0000 0.1242 0.0400 0.0000 0.3456 0.0400 0.0400 0.0000 0.0000 0.0119 0.0800 0.1102 0.1481 
32       32   (0)      4 :  0.0000 0.0000 0.0498 0.0333 0.0000 0.0000 0.0089 0.0000 0.0000 0.0000 0.0000 0.0000 0.9081 0.0000 
33       33   (0)      4 :  0.0219 0.0789 0.1499 0.1507 0.0000 0.1354 0.0325 0.0547 0.0161 0.0001 0.0564 0.1106 0.1915 0.0013 
34       34   (0)      5 :  0.0582 0.0299 0.0724 0.1154 0.0035 0.0367 0.3727 0.0244 0.0000 0.0087 0.0669 0.0947 0.0873 0.0291 
35       35   (0)      6 :  0.1455 0.0571 0.2482 0.0579 0.0118 0.1170 0.1286 0.0000 0.0001 0.0637 0.0517 0.0588 0.0196 0.0400 
36       36   (0)      6 :  0.1496 0.0895 0.0867 0.0665 0.0000 0.0228 0.0552 0.0227 0.0000 0.0110 0.0133 0.0065 0.0033 0.4730 
37       37   (0)      6 :  0.0000 0.0000 0.0000 0.0000 0.0000 0.0000 0.0000 0.0000 0.0000 1.0000 0.0000 0.0000 0.0000 0.0000 
38       38   (0)      6 :  0.0200 0.1036 0.3277 0.0400 0.0000 0.0101 0.1240 0.0831 0.0000 0.0000 0.0838 0.1743 0.0335 0.0000 
39       39   (0)      6 :  0.2121 0.0220 0.0016 0.0824 0.0000 0.0400 0.2840 0.0200 0.0000 0.0006 0.2626 0.0529 0.0000 0.0218 
40       40   (0)      6 :  0.1476 0.0145 0.1208 0.0195 0.0137 0.1008 0.0724 0.0055 0.0000 0.0115 0.1675 0.1402 0.1429 0.0431 
41       41   (0)      6 :  0.0000 0.0000 0.0000 0.0000 1.0000 0.0000 0.0000 0.0000 0.0000 0.0000 0.0000 0.0000 0.0000 0.0000 
42       42   (0)      6 :  0.1048 0.0375 0.1322 0.0635 0.0038 0.0822 0.1664 0.0643 0.0000 0.0133 0.0426 0.1379 0.1177 0.0336 
43       43   (0)      6 :  0.1449 0.0427 0.1625 0.1860 0.0000 0.1536 0.0234 0.0206 0.0012 0.0000 0.0315 0.0800 0.0400 0.1136 
44       44   (0)      6 :  0.0611 0.0247 0.0919 0.1521 0.0225 0.0615 0.1924 0.0600 0.0021 0.0000 0.1184 0.0638 0.0473 0.1019 
45       45   (0)      6 :  0.0780 0.0062 0.0224 0.0864 0.0000 0.2360 0.2333 0.0175 0.0029 0.0206 0.0336 0.1156 0.0000 0.1475 
46       46   (0)      6 :  0.0000 0.0000 0.0000 0.0000 0.0000 0.0000 0.0000 0.0000 1.0000 0.0000 0.0000 0.0000 0.0000 0.0000 
47       47   (0)      6 :  0.0800 0.1094 0.0838 0.1047 0.0003 0.0973 0.0000 0.0490 0.0010 0.0200 0.0067 0.0800 0.0250 0.3427 
48       48   (0)      6 :  0.0458 0.0800 0.0488 0.0082 0.0000 0.1359 0.1287 0.0400 0.0017 0.0264 0.1572 0.1806 0.0899 0.0568 
49       49   (0)      6 :  0.0000 0.0000 0.0000 0.0000 1.0000 0.0000 0.0000 0.0000 0.0000 0.0000 0.0000 0.0000 0.0000 0.0000 
50       50   (0)      6 :  0.1501 0.0200 0.0109 0.0348 0.0000 0.0498 0.0927 0.1422 0.0000 0.0119 0.1341 0.0539 0.2125 0.0872 
51       51   (0)      6 :  0.0393 0.0600 0.0885 0.1172 0.0650 0.0404 0.2060 0.0515 0.0120 0.0276 0.0809 0.0788 0.0739 0.0587 
52       52   (0)      6 :  0.0000 0.0000 0.0000 0.0000 0.0000 0.0000 0.0000 0.0000 1.0000 0.0000 0.0000 0.0000 0.0000 0.0000 
53       53   (0)      6 :  0.0200 0.0000 0.0935 0.1048 0.0000 0.0800 0.1548 0.0272 0.0000 0.0000 0.1165 0.1000 0.2232 0.0800 
54       54   (0)      6 :  0.0256 0.0200 0.0400 0.0288 0.0000 0.0400 0.4457 0.0400 0.0000 0.0000 0.2000 0.0600 0.1000 0.0000 
55       55   (0)      6 :  0.1205 0.0146 0.1444 0.0600 0.0000 0.2682 0.0077 0.0366 0.0004 0.0234 0.1764 0.0800 0.0226 0.0451 
56       56   (0)      6 :  0.1309 0.0429 0.0851 0.1539 0.0006 0.0000 0.1521 0.0600 0.0002 0.0005 0.0844 0.2514 0.0200 0.0180 
57       57   (0)      6 :  0.0544 0.0200 0.0000 0.1000 0.0000 0.0400 0.2192 0.0200 0.0000 0.0000 0.3124 0.0909 0.1000 0.0431 
58       58   (0)      7 :  0.0594 0.0345 0.0048 0.0066 0.0000 0.0081 0.0714 0.1464 0.0000 0.0023 0.3482 0.0133 0.1690 0.1360 
59       59   (0)      7 :  0.0958 0.0763 0.1020 0.1089 0.0000 0.0450 0.0104 0.0062 0.0000 0.0040 0.1051 0.1045 0.0121 0.3295 
60       60   (0)      7 :  0.0749 0.0400 0.1705 0.0510 0.0004 0.0882 0.0559 0.0419 0.0006 0.0005 0.1033 0.0611 0.0054 0.3062 
61       61   (0)      7 :  0.1568 0.2274 0.0220 0.0303 0.0000 0.0532 0.1552 0.0000 0.0000 0.0066 0.1318 0.0501 0.0800 0.0867 
62       62   (0)      7 :  0.0000 0.0000 0.0000 0.0000 0.0000 0.0000 0.0000 0.0000 0.0000 1.0000 0.0000 0.0000 0.0000 0.0000 
63       63   (0)      7 :  0.0924 0.1093 0.0766 0.2117 0.0019 0.0492 0.0422 0.0814 0.0000 0.0000 0.0724 0.0866 0.1078 0.0684 
64       64   (0)      8 :  0.0656 0.0023 0.0831 0.2700 0.0014 0.0893 0.1199 0.0200 0.0068 0.0126 0.1012 0.1022 0.1209 0.0047 
65       65   (0)      8 :  0.2103 0.0765 0.1335 0.0506 0.0006 0.0244 0.0760 0.0702 0.0061 0.0008 0.0320 0.1479 0.0622 0.1088 
66       66   (0)      9 :  0.0419 0.0273 0.1479 0.2771 0.0000 0.0821 0.1085 0.0300 0.0000 0.0205 0.0752 0.0929 0.0508 0.0458 
67       67   (0)     10 :  0.0679 0.0122 0.1490 0.1762 0.0067 0.1671 0.0188 0.0158 0.0000 0.0242 0.0854 0.0801 0.1456 0.0509 
68       68   (0)     10 :  0.0888 0.0172 0.1173 0.1242 0.0000 0.2602 0.0916 0.0423 0.0058 0.0000 0.0831 0.0554 0.0645 0.0494 
69       69   (0)     10 :  0.0297 0.0040 0.0666 0.1931 0.0000 0.1066 0.0714 0.2029 0.0183 0.0096 0.0895 0.0979 0.0904 0.0200 
70       70   (0)     10 :  0.1009 0.0306 0.0879 0.2358 0.0000 0.0607 0.1174 0.0933 0.0055 0.0128 0.0927 0.0479 0.0663 0.0482 
71       71   (0)     10 :  0.0235 0.1409 0.0295 0.0914 0.0000 0.0503 0.1226 0.0035 0.0000 0.0021 0.1757 0.0814 0.2132 0.0659 
72       72   (0)     10 :  0.0618 0.0422 0.0161 0.4622 0.0001 0.0141 0.1163 0.0000 0.0000 0.0208 0.0298 0.0615 0.0923 0.0827 
73       73   (0)     10 :  0.0549 0.0394 0.0777 0.0433 0.0012 0.0755 0.2265 0.0499 0.0003 0.0201 0.1715 0.0625 0.1100 0.0672 
74       74   (0)     10 :  0.0000 0.0000 0.0000 0.0000 0.0000 0.0000 0.0000 1.0000 0.0000 0.0000 0.0000 0.0000 0.0000 0.0000 
75       75   (0)     10 :  0.1640 0.0060 0.0420 0.1278 0.0000 0.1221 0.1612 0.0582 0.0037 0.0089 0.0750 0.0520 0.1461 0.0329 
76       76   (0)     10 :  0.0000 0.0000 0.0000 0.0000 0.0000 0.0200 0.0000 0.9800 0.0000 0.0000 0.0000 0.0000 0.0000 0.0000 
