1        1   (0)      1  : 0.0000 0.1171 0.1410 0.0000 0.4548 0.0000 0.0000 0.1288 0.1583
2        2   (0)      1  : 0.2269 0.0000 0.0000 0.0252 0.0232 0.2487 0.4684 0.0000 0.0076
3        3   (0)      1  : 0.0000 0.8455 0.0000 0.0000 0.0000 0.0000 0.0000 0.0000 0.1545
4        4   (0)      1  : 0.0000 0.3284 0.0000 0.0000 0.0000 0.0000 0.0000 0.0980 0.5735
5        5   (0)      1  : 0.0000 0.2000 0.0000 0.0000 0.0000 0.0000 0.0000 0.0000 0.8000
6        6   (0)      1  : 0.3843 0.0000 0.0000 0.0035 0.0000 0.2671 0.3300 0.0099 0.0052
7        7   (0)      1  : 0.0000 0.5274 0.0000 0.0000 0.0000 0.0000 0.0000 0.2735 0.1990
8        8   (0)      1  : 0.7399 0.0040 0.0000 0.0000 0.0000 0.0000 0.2560 0.0000 0.0000
9        9   (0)      1  : 0.0000 0.7219 0.0000 0.0000 0.0428 0.0000 0.0000 0.1126 0.1227
10       10   (0)      2  : 0.0000 0.1019 0.0000 0.0000 0.2000 0.0000 0.0000 0.4000 0.2981
11       11   (0)      2  : 0.0000 0.4554 0.0000 0.0000 0.3360 0.0000 0.0000 0.0907 0.1179
12       12   (0)      2  : 1.0000 0.0000 0.0000 0.0000 0.0000 0.0000 0.0000 0.0000 0.0000
13       13   (0)      3  : 0.0000 0.1207 0.0000 0.0000 0.2000 0.0000 0.0000 0.4000 0.2793
14       14   (0)      3  : 0.0000 0.0000 0.0000 1.0000 0.0000 0.0000 0.0000 0.0000 0.0000
15       15   (0)      3  : 0.3648 0.0030 0.0110 0.0062 0.0000 0.2777 0.3374 0.0000 0.0000
16       16   (0)      3  : 0.0000 0.0000 1.0000 0.0000 0.0000 0.0000 0.0000 0.0000 0.0000
17       17   (0)      4  : 0.0000 0.0000 0.5764 0.3902 0.0000 0.0334 0.0000 0.0000 0.0000
18       18   (0)      4  : 0.4649 0.0000 0.0000 0.0140 0.0000 0.0000 0.4613 0.0599 0.0000
19       19   (0)      5  : 0.0000 0.0000 0.0000 0.0000 0.0000 0.1544 0.7548 0.0908 0.0000
20       20   (0)      5  : 0.0000 0.0000 0.0000 0.1755 0.1303 0.0000 0.0000 0.6941 0.0000
21       21   (0)      5  : 0.0000 0.9541 0.0000 0.0000 0.0000 0.0000 0.0000 0.0000 0.0459
22       22   (0)      5  : 0.0000 0.3737 0.0000 0.0000 0.1731 0.0033 0.0006 0.1418 0.3074
23       23   (0)      5  : 0.0000 0.4000 0.0000 0.0000 0.0000 0.0000 0.0000 0.0000 0.6000
24       24   (0)      5  : 0.0000 0.0933 0.0000 0.0038 0.5869 0.0000 0.0000 0.2000 0.1160
25       25   (0)      5  : 0.0000 0.2818 0.0453 0.0017 0.5591 0.0000 0.0000 0.0545 0.0576
26       26   (0)      5  : 0.1475 0.1828 0.0000 0.0000 0.1785 0.0326 0.3174 0.0075 0.1337
27       27   (0)      5  : 0.0004 0.0000 0.9987 0.0000 0.0000 0.0000 0.0009 0.0000 0.0000
28       28   (0)      5  : 0.0000 0.0000 1.0000 0.0000 0.0000 0.0000 0.0000 0.0000 0.0000
29       29   (0)      5  : 0.1311 0.0000 0.0087 0.0076 0.0000 0.2000 0.6526 0.0000 0.0000
30       30   (0)      5  : 0.3775 0.0000 0.0000 0.0000 0.0000 0.3146 0.3079 0.0000 0.0000
31       31   (0)      5  : 0.1692 0.0000 0.0000 0.0000 0.4077 0.1639 0.1637 0.0790 0.0164
32       32   (0)      5  : 0.0000 0.4722 0.0000 0.0000 0.4815 0.0001 0.0000 0.0095 0.0367
33       33   (0)      5  : 0.2169 0.0000 0.0000 0.0000 0.0000 0.4448 0.2664 0.0719 0.0000
34       34   (0)      5  : 0.0979 0.0000 0.0000 0.0000 0.0000 0.8459 0.0526 0.0036 0.0000
35       35   (0)      5  : 0.2875 0.0000 0.0000 0.0032 0.0000 0.3781 0.3311 0.0000 0.0000
36       36   (0)      6  : 0.6476 0.0000 0.0297 0.0000 0.0000 0.2154 0.0611 0.0462 0.0000
37       37   (0)      6  : 0.0000 0.0000 1.0000 0.0000 0.0000 0.0000 0.0000 0.0000 0.0000
38       38   (0)      6  : 0.0000 0.0000 0.0000 0.0000 0.0000 0.0828 0.7172 0.2000 0.0000
39       39   (0)      6  : 0.4610 0.1854 0.0000 0.0000 0.2475 0.0418 0.0236 0.0280 0.0127
40       40   (0)      6  : 0.7325 0.0000 0.0000 0.0000 0.0009 0.1088 0.1361 0.0218 0.0000
41       41   (0)      6  : 1.0000 0.0000 0.0000 0.0000 0.0000 0.0000 0.0000 0.0000 0.0000
42       42   (0)      6  : 0.3643 0.0277 0.0000 0.0017 0.0000 0.4494 0.1569 0.0000 0.0000
43       43   (0)      6  : 0.5143 0.0000 0.0000 0.0064 0.0000 0.0000 0.4651 0.0000 0.0142
44       44   (0)      6  : 0.4614 0.0000 0.0000 0.0054 0.0000 0.0756 0.2576 0.2000 0.0000
45       45   (0)      6  : 0.8538 0.0000 0.0000 0.0000 0.0000 0.0510 0.0952 0.0000 0.0000
46       46   (0)      6  : 0.0000 0.0000 0.0000 0.1912 0.1213 0.0000 0.0000 0.6874 0.0000
47       47   (0)      6  : 0.0000 0.0000 0.0000 0.0000 0.0000 0.0457 0.8931 0.0612 0.0000
48       48   (0)      7  : 0.3395 0.0000 0.0000 0.0005 0.0000 0.5164 0.1436 0.0000 0.0000
49       49   (0)      7  : 0.0702 0.2492 0.0000 0.0000 0.2431 0.0160 0.3009 0.0220 0.0986
50       50   (0)      7  : 0.2108 0.0004 0.0000 0.0000 0.0000 0.4942 0.0834 0.2061 0.0050
51       51   (0)      8  : 0.6819 0.0000 0.0521 0.0000 0.0000 0.1210 0.1407 0.0043 0.0000
52       52   (0)      8  : 0.6112 0.0000 0.1684 0.0000 0.0000 0.0601 0.1604 0.0000 0.0000
53       53   (0)      9  : 0.2000 0.0000 0.0000 0.0000 0.0000 0.4000 0.2000 0.2000 0.0000
54       54   (0)     10  : 0.1331 0.0000 0.0000 0.0000 0.0000 0.6000 0.0669 0.2000 0.0000
55       55   (0)     10  : 0.0000 0.3930 0.0000 0.0000 0.0000 0.0000 0.0000 0.4070 0.2000
56       56   (0)     10  : 0.0000 0.0000 1.0000 0.0000 0.0000 0.0000 0.0000 0.0000 0.0000
57       57   (0)     10  : 0.0000 0.0000 0.0000 0.0000 0.0000 0.0000 0.9413 0.0587 0.0000
58       58   (0)     11  : 0.4657 0.0000 0.1015 0.0000 0.0000 0.1805 0.2456 0.0008 0.0059
59       59   (0)     11  : 0.0127 0.2633 0.0742 0.0000 0.3801 0.0000 0.0000 0.0757 0.1939
60       60   (0)     11  : 0.0770 0.0000 0.9048 0.0000 0.0000 0.0000 0.0180 0.0001 0.0000
61       61   (0)     11  : 0.5359 0.0000 0.0000 0.0000 0.0000 0.0000 0.4641 0.0000 0.0000
62       62   (0)     11  : 0.3549 0.0000 0.0165 0.0000 0.0000 0.2050 0.4236 0.0000 0.0000
63       63   (0)     11  : 0.3963 0.0000 0.2960 0.0000 0.0000 0.2675 0.0402 0.0000 0.0000
64       64   (0)     11  : 0.2710 0.0000 0.0040 0.0026 0.0000 0.3290 0.3433 0.0502 0.0000
65       65   (0)     11  : 0.0000 0.0000 1.0000 0.0000 0.0000 0.0000 0.0000 0.0000 0.0000
66       66   (0)     11  : 0.0000 0.0000 0.0000 0.0000 0.0000 1.0000 0.0000 0.0000 0.0000
67       67   (0)     11  : 0.0000 0.6245 0.0000 0.0000 0.1755 0.0000 0.0000 0.0000 0.2000
68       68   (0)     11  : 0.0000 0.3371 0.4406 0.0000 0.0000 0.0000 0.0000 0.0000 0.2222
69       69   (0)     11  : 0.1048 0.0000 0.5072 0.0000 0.0000 0.0973 0.2906 0.0000 0.0000
70       70   (0)     11  : 0.1377 0.0000 0.0000 0.0000 0.0000 0.2000 0.6623 0.0000 0.0000
71       71   (0)     11  : 0.0000 0.1486 0.1596 0.0000 0.5099 0.0000 0.0000 0.0393 0.1426
72       72   (0)     12  : 0.0000 0.3040 0.0000 0.0000 0.1823 0.0000 0.0000 0.0000 0.5137
73       73   (0)     12  : 0.0000 0.0000 0.0000 0.0000 0.2000 0.0000 0.0000 0.0000 0.8000
74       74   (0)     12  : 0.0000 0.0000 0.0000 0.0000 0.3038 0.0000 0.0000 0.0000 0.6962
75       75   (0)     12  : 0.1557 0.0759 0.1186 0.0000 0.2202 0.0821 0.1660 0.0185 0.1629
76       76   (0)     12  : 0.0000 0.0657 0.0060 0.0000 0.4166 0.0000 0.0000 0.0511 0.4607
77       77   (0)     12  : 0.4781 0.0000 0.0000 0.0005 0.0051 0.0281 0.4833 0.0000 0.0048
78       78   (0)     12  : 0.6271 0.0106 0.0218 0.0000 0.0000 0.0288 0.2493 0.0223 0.0400
79       79   (0)     12  : 0.0000 0.7303 0.0000 0.0000 0.0364 0.0000 0.0000 0.0000 0.2333
80       80   (0)     12  : 0.3719 0.0000 0.1115 0.0000 0.0136 0.2786 0.2094 0.0094 0.0056
81       81   (0)     13  : 0.0000 0.0000 1.0000 0.0000 0.0000 0.0000 0.0000 0.0000 0.0000
82       82   (0)     13  : 0.0000 0.0706 0.0000 0.0030 0.9264 0.0000 0.0000 0.0000 0.0000
83       83   (0)     13  : 0.0000 0.3088 0.0489 0.0000 0.4423 0.0000 0.0000 0.0000 0.2000
84       84   (0)     13  : 0.0000 0.5376 0.0000 0.0000 0.4440 0.0000 0.0000 0.0184 0.0000
85       85   (0)     13  : 0.0000 0.0817 0.0000 0.0000 0.8941 0.0000 0.0000 0.0000 0.0242
86       86   (0)     13  : 0.0000 0.0981 0.0005 0.0000 0.9006 0.0000 0.0000 0.0008 0.0000
87       87   (0)     13  : 0.2631 0.0110 0.0000 0.0000 0.0145 0.0832 0.5814 0.0342 0.0126
88       88   (0)     13  : 0.0000 0.4568 0.0000 0.0000 0.3792 0.0000 0.0000 0.0927 0.0713
89       89   (0)     13  : 0.0000 0.9396 0.0000 0.0000 0.0000 0.0000 0.0000 0.0000 0.0604
90       90   (0)     13  : 0.0000 0.3153 0.0000 0.0000 0.3457 0.0000 0.0000 0.0847 0.2543
91       91   (0)     13  : 0.0000 0.2405 0.3858 0.0000 0.3738 0.0000 0.0000 0.0000 0.0000
92       92   (0)     13  : 0.0274 0.5508 0.0000 0.0000 0.2219 0.0000 0.0000 0.0000 0.2000
93       93   (0)     13  : 0.1043 0.0155 0.0000 0.0000 0.0091 0.2782 0.5759 0.0000 0.0170
94       94   (0)     13  : 0.0000 0.2932 0.0000 0.0000 0.6081 0.0000 0.0000 0.0000 0.0987
95       95   (0)     14  : 0.4418 0.0000 0.0000 0.0078 0.0000 0.0591 0.4852 0.0062 0.0000
96       96   (0)     14  : 0.0000 0.4376 0.0000 0.0000 0.3723 0.0000 0.0000 0.1284 0.0617
97       97   (0)     15  : 0.0000 0.0000 1.0000 0.0000 0.0000 0.0000 0.0000 0.0000 0.0000
98       98   (0)     15  : 0.0756 0.0000 0.0000 0.0000 0.0000 0.7211 0.2008 0.0024 0.0000
99       99   (0)     15  : 0.0000 0.1919 0.0000 0.5239 0.0983 0.0000 0.0000 0.0000 0.1859
100      100   (0)     15  : 0.2594 0.0000 0.0000 0.0037 0.0000 0.5509 0.1628 0.0232 0.0000
101      101   (0)     15  : 0.0000 0.0000 0.0000 1.0000 0.0000 0.0000 0.0000 0.0000 0.0000
102      102   (0)     15  : 0.0827 0.0000 0.0000 0.0067 0.0000 0.0000 0.9106 0.0000 0.0000
103      103   (0)     15  : 0.0703 0.0000 0.0000 0.0012 0.0068 0.0000 0.7069 0.2000 0.0149
104      104   (0)     15  : 0.0000 0.0000 0.0000 1.0000 0.0000 0.0000 0.0000 0.0000 0.0000
105      105   (0)     15  : 0.0000 0.0000 0.0000 1.0000 0.0000 0.0000 0.0000 0.0000 0.0000
