1        1   (0)      1  : 0.1667 0.0000 0.0000 0.5000 0.0000 0.0000 0.0000 0.0000 0.3333 0.0000
2        2   (0)      1  : 0.0000 0.0000 0.0581 0.0000 0.0862 0.0000 0.0000 0.8556 0.0000 0.0000
3        3   (0)      1  : 0.1401 0.0000 0.0000 0.2305 0.0000 0.4099 0.0000 0.1443 0.0752 0.0000
4        4   (0)      1  : 0.5000 0.0000 0.0000 0.2911 0.0000 0.0000 0.0000 0.0000 0.0423 0.1667
5        5   (0)      1  : 0.8513 0.0000 0.0000 0.0000 0.0000 0.0000 0.0000 0.0000 0.1487 0.0000
6        6   (0)      1  : 0.4213 0.0000 0.0000 0.4120 0.0000 0.0000 0.0000 0.1667 0.0000 0.0000
7        7   (0)      1  : 0.3898 0.0000 0.0000 0.1157 0.0000 0.4945 0.0000 0.0000 0.0000 0.0000
8        8   (0)      1  : 0.3176 0.0000 0.0000 0.2376 0.0000 0.3494 0.0000 0.0087 0.0867 0.0000
9        9   (0)      1  : 0.3564 0.0000 0.0000 0.2462 0.0000 0.1017 0.0000 0.0000 0.2685 0.0271
10       10   (0)      1  : 0.1070 0.0000 0.0000 0.2825 0.0000 0.1424 0.0000 0.0102 0.4581 0.0000
11       11   (0)      1  : 0.1435 0.0000 0.0325 0.1704 0.0000 0.1688 0.0000 0.0742 0.3572 0.0533
12       12   (0)      1  : 0.0000 0.0000 0.0000 0.0000 0.0000 0.0000 0.0000 1.0000 0.0000 0.0000
13       13   (0)      1  : 0.0000 0.0000 0.0000 0.8333 0.0000 0.0000 0.0000 0.0000 0.1667 0.0000
14       14   (0)      2  : 0.6427 0.0000 0.0000 0.2315 0.0000 0.0522 0.0000 0.0000 0.0735 0.0000
15       15   (0)      2  : 0.0000 0.0000 0.0000 0.0000 0.0000 0.0000 0.8333 0.0000 0.0000 0.1667
16       16   (0)      2  : 0.0898 0.0000 0.0000 0.4175 0.0000 0.2199 0.0000 0.0000 0.1061 0.1667
17       17   (0)      2  : 0.0000 0.0000 0.0000 0.8333 0.0000 0.0000 0.0000 0.0000 0.1667 0.0000
18       18   (0)      2  : 0.1726 0.0000 0.0000 0.0000 0.0000 0.0000 0.0000 0.0000 0.8274 0.0000
19       19   (0)      2  : 0.7797 0.0000 0.0000 0.1667 0.0000 0.0537 0.0000 0.0000 0.0000 0.0000
20       20   (0)      2  : 0.1413 0.0000 0.0347 0.3400 0.0000 0.0302 0.0000 0.0072 0.3340 0.1126
21       21   (0)      2  : 0.0596 0.0000 0.0000 0.8234 0.0000 0.0000 0.0000 0.0860 0.0310 0.0000
22       22   (0)      2  : 0.1994 0.0000 0.0944 0.4081 0.0000 0.0590 0.0000 0.0125 0.1767 0.0499
23       23   (0)      2  : 0.0905 0.0000 0.4417 0.4678 0.0000 0.0000 0.0000 0.0000 0.0000 0.0000
24       24   (0)      2  : 0.2152 0.0000 0.0000 0.6967 0.0000 0.0377 0.0000 0.0000 0.0504 0.0000
25       25   (0)      2  : 0.0000 0.0000 0.0000 0.6152 0.0000 0.0000 0.0000 0.0000 0.3848 0.0000
26       26   (0)      2  : 0.2440 0.0000 0.4127 0.0971 0.0000 0.0979 0.0000 0.0004 0.1480 0.0000
27       27   (0)      2  : 0.2738 0.0000 0.0000 0.0508 0.0000 0.1631 0.0000 0.0715 0.4407 0.0000
28       28   (0)      3  : 0.0000 1.0000 0.0000 0.0000 0.0000 0.0000 0.0000 0.0000 0.0000 0.0000
29       29   (0)      3  : 0.1667 0.0000 0.0000 0.0000 0.0000 0.5000 0.0000 0.0000 0.0000 0.3333
30       30   (0)      3  : 0.0000 0.0000 1.0000 0.0000 0.0000 0.0000 0.0000 0.0000 0.0000 0.0000
31       31   (0)      3  : 0.0000 0.0000 0.5275 0.0000 0.0000 0.2343 0.0000 0.0000 0.0000 0.2382
32       32   (0)      3  : 0.0000 0.0000 0.0000 0.0000 0.0000 0.0000 1.0000 0.0000 0.0000 0.0000
33       33   (0)      3  : 0.1970 0.0000 0.0000 0.3135 0.0000 0.2720 0.0000 0.2175 0.0000 0.0000
34       34   (0)      3  : 0.0000 0.0000 0.0000 0.0000 1.0000 0.0000 0.0000 0.0000 0.0000 0.0000
35       35   (0)      3  : 0.0000 0.2543 0.0000 0.0000 0.7355 0.0000 0.0000 0.0000 0.0000 0.0101
36       36   (0)      3  : 0.0000 0.0000 0.0000 0.0000 1.0000 0.0000 0.0000 0.0000 0.0000 0.0000
37       37   (0)      3  : 0.6667 0.0000 0.0000 0.0000 0.0000 0.1667 0.0000 0.0000 0.1667 0.0000
38       38   (0)      3  : 0.0000 0.0000 1.0000 0.0000 0.0000 0.0000 0.0000 0.0000 0.0000 0.0000
39       39   (0)      3  : 0.0000 0.0000 1.0000 0.0000 0.0000 0.0000 0.0000 0.0000 0.0000 0.0000
40       40   (0)      3  : 0.3333 0.0000 0.0000 0.0000 0.0000 0.5000 0.0000 0.1667 0.0000 0.0000
41       41   (0)      3  : 0.2128 0.0000 0.0000 0.0405 0.0000 0.4134 0.0000 0.0000 0.1667 0.1667
42       42   (0)      3  : 0.0000 0.0000 0.0000 0.0000 0.0000 0.0000 0.8333 0.0000 0.0000 0.1667
43       43   (0)      3  : 0.0000 0.1514 0.0000 0.0000 0.5577 0.0000 0.0843 0.0000 0.0000 0.2066
44       44   (0)      3  : 0.0000 0.0000 0.0000 0.1667 0.0000 0.3333 0.0000 0.0000 0.1667 0.3333
45       45   (0)      3  : 0.0692 0.0000 0.0000 0.2510 0.0000 0.2072 0.0000 0.0000 0.4726 0.0000
46       46   (0)      4  : 0.0000 1.0000 0.0000 0.0000 0.0000 0.0000 0.0000 0.0000 0.0000 0.0000
47       47   (0)      4  : 0.0000 1.0000 0.0000 0.0000 0.0000 0.0000 0.0000 0.0000 0.0000 0.0000
48       48   (0)      4  : 0.0000 0.0000 0.0000 0.0000 0.0000 0.6667 0.0000 0.0000 0.1667 0.1667
49       49   (0)      4  : 0.0000 0.0000 0.0000 0.0000 0.0000 0.2144 0.0000 0.1667 0.0000 0.6189
50       50   (0)      4  : 0.0000 0.0000 0.0000 0.0000 0.0000 0.1667 0.0000 0.0642 0.2691 0.5000
51       51   (0)      4  : 0.1297 0.0000 0.0459 0.1362 0.0000 0.1487 0.0000 0.0040 0.3116 0.2238
52       52   (0)      4  : 0.0583 0.0000 0.0000 0.0000 0.0000 0.0500 0.0000 0.0000 0.7250 0.1667
53       53   (0)      4  : 0.0000 0.0000 0.0000 0.1667 0.0000 0.2363 0.0000 0.0000 0.0970 0.5000
54       54   (0)      4  : 0.0000 0.0000 0.0000 0.0948 0.0000 0.7926 0.0000 0.0000 0.1126 0.0000
55       55   (0)      4  : 0.0000 0.0000 0.6593 0.0000 0.0000 0.1693 0.0000 0.0000 0.0561 0.1153
56       56   (0)      4  : 0.0000 0.0000 0.0000 0.3333 0.0000 0.1667 0.0000 0.1667 0.3333 0.0000
57       57   (0)      5  : 0.2212 0.0000 0.0000 0.0479 0.0000 0.1504 0.0000 0.0814 0.4303 0.0688
58       58   (0)      5  : 0.1234 0.0245 0.0000 0.2323 0.0000 0.0335 0.0000 0.0086 0.5279 0.0498
59       59   (0)      5  : 0.0525 0.0000 0.0000 0.1667 0.0000 0.5302 0.0000 0.1667 0.0840 0.0000
60       60   (0)      5  : 0.0000 1.0000 0.0000 0.0000 0.0000 0.0000 0.0000 0.0000 0.0000 0.0000
61       61   (0)      5  : 0.0000 1.0000 0.0000 0.0000 0.0000 0.0000 0.0000 0.0000 0.0000 0.0000
62       62   (0)      5  : 0.0000 0.0000 0.0000 0.0000 0.0000 0.0000 1.0000 0.0000 0.0000 0.0000
63       63   (0)      6  : 0.0000 0.0000 0.0000 0.0000 1.0000 0.0000 0.0000 0.0000 0.0000 0.0000
64       64   (0)      6  : 0.0000 1.0000 0.0000 0.0000 0.0000 0.0000 0.0000 0.0000 0.0000 0.0000
65       65   (0)      6  : 0.0000 0.0000 0.0000 0.0000 1.0000 0.0000 0.0000 0.0000 0.0000 0.0000
66       66   (0)      6  : 0.1720 0.6862 0.0000 0.0199 0.0259 0.0018 0.0354 0.0000 0.0520 0.0067
67       67   (0)      6  : 0.0000 1.0000 0.0000 0.0000 0.0000 0.0000 0.0000 0.0000 0.0000 0.0000
68       68   (0)      6  : 0.0000 0.7613 0.1234 0.0000 0.1153 0.0000 0.0000 0.0000 0.0000 0.0000
69       69   (0)      6  : 0.1462 0.0644 0.0264 0.2346 0.0731 0.1766 0.0041 0.0169 0.1818 0.0758
70       70   (0)      6  : 0.0000 1.0000 0.0000 0.0000 0.0000 0.0000 0.0000 0.0000 0.0000 0.0000
71       71   (0)      6  : 0.3795 0.0000 0.0000 0.4538 0.0000 0.0000 0.0000 0.0000 0.1667 0.0000
72       72   (0)      6  : 0.0000 1.0000 0.0000 0.0000 0.0000 0.0000 0.0000 0.0000 0.0000 0.0000
73       73   (0)      6  : 0.0000 0.0000 0.0000 0.0000 1.0000 0.0000 0.0000 0.0000 0.0000 0.0000
74       74   (0)      6  : 0.0000 0.8662 0.1338 0.0000 0.0000 0.0000 0.0000 0.0000 0.0000 0.0000
75       75   (0)      6  : 0.0000 0.0000 0.0668 0.0000 0.9332 0.0000 0.0000 0.0000 0.0000 0.0000
76       76   (0)      6  : 0.0000 0.8326 0.1674 0.0000 0.0000 0.0000 0.0000 0.0000 0.0000 0.0000
77       77   (0)      6  : 0.0000 0.8187 0.1813 0.0000 0.0000 0.0000 0.0000 0.0000 0.0000 0.0000
78       78   (0)      6  : 0.0000 0.0000 0.2142 0.0000 0.7858 0.0000 0.0000 0.0000 0.0000 0.0000
79       79   (0)      6  : 0.0000 0.0000 0.0000 0.0000 1.0000 0.0000 0.0000 0.0000 0.0000 0.0000
80       80   (0)      7  : 0.4265 0.0000 0.0000 0.1667 0.0000 0.0000 0.0000 0.0000 0.4069 0.0000
81       81   (0)      8  : 0.0841 0.0000 0.0292 0.1237 0.0000 0.1468 0.0000 0.0000 0.3964 0.2198
82       82   (0)      9  : 0.0000 0.0000 1.0000 0.0000 0.0000 0.0000 0.0000 0.0000 0.0000 0.0000
83       83   (0)     10  : 0.0543 0.0000 0.1267 0.3424 0.0000 0.0471 0.0000 0.0397 0.2832 0.1065
84       84   (0)     11  : 0.3333 0.0000 0.0000 0.1667 0.0000 0.0000 0.0000 0.1667 0.3333 0.0000
85       85   (0)     11  : 0.0000 0.0000 0.4500 0.2682 0.0000 0.0000 0.0000 0.0000 0.2818 0.0000
86       86   (0)     12  : 0.2814 0.0000 0.4297 0.1874 0.0000 0.0000 0.0000 0.1014 0.0000 0.0000
87       87   (0)     12  : 0.1461 0.0000 0.1772 0.5184 0.0000 0.0527 0.0000 0.0582 0.0454 0.0019
88       88   (0)     12  : 0.0602 0.0000 0.0000 0.4556 0.0000 0.0230 0.0000 0.0408 0.0870 0.3333
89       89   (0)     12  : 0.0868 0.0000 0.1674 0.5633 0.0000 0.0190 0.0000 0.0199 0.0949 0.0487
90       90   (0)     12  : 0.0000 0.0000 0.0000 0.0000 0.9933 0.0000 0.0000 0.0000 0.0000 0.0067
91       91   (0)     12  : 0.1667 0.0000 0.0000 0.0790 0.0000 0.5877 0.0000 0.0000 0.0727 0.0940
92       92   (0)     12  : 0.0000 0.0000 0.0000 0.6667 0.0000 0.1667 0.0000 0.1667 0.0000 0.0000
93       93   (0)     12  : 0.2510 0.0000 0.0000 0.4157 0.0000 0.0000 0.0000 0.0000 0.3333 0.0000
94       94   (0)     13  : 0.1604 0.0000 0.0000 0.0419 0.0000 0.0416 0.0000 0.0000 0.6176 0.1385
