1        1   (0)      1  : 0.2069 0.0000 0.0004 0.7609 0.0009 0.0049 0.0261
2        2   (0)      1  : 0.0098 0.0000 0.0212 0.7465 0.0984 0.0073 0.1168
3        3   (0)      1  : 0.0000 0.0000 0.0000 1.0000 0.0000 0.0000 0.0000
4        4   (0)      1  : 0.0000 0.0000 0.0000 0.9167 0.0000 0.0000 0.0833
5        5   (0)      1  : 0.5327 0.0000 0.1391 0.1868 0.0307 0.0918 0.0188
6        6   (0)      1  : 0.6996 0.0000 0.1081 0.0806 0.0280 0.0556 0.0281
7        7   (0)      1  : 0.8957 0.0000 0.0000 0.0122 0.0291 0.0085 0.0546
8        8   (0)      1  : 0.5730 0.0000 0.1028 0.2102 0.0256 0.0567 0.0317
9        9   (0)      1  : 0.0000 0.0000 0.0000 0.9167 0.0000 0.0000 0.0833
10       10   (0)      1  : 0.8877 0.0000 0.0000 0.0000 0.0355 0.0078 0.0689
11       11   (0)      1  : 0.8408 0.0000 0.0000 0.0010 0.0633 0.0091 0.0859
12       12   (0)      1  : 0.1938 0.0000 0.0000 0.0000 0.2222 0.1111 0.4729
13       13   (0)      1  : 0.8884 0.0000 0.0000 0.0000 0.0295 0.0089 0.0731
14       14   (0)      1  : 0.4681 0.0303 0.1014 0.1659 0.0293 0.1280 0.0771
15       15   (0)      1  : 0.0000 0.0000 0.9996 0.0000 0.0000 0.0000 0.0004
16       16   (0)      1  : 0.0000 0.0000 0.0000 1.0000 0.0000 0.0000 0.0000
17       17   (0)      1  : 0.0000 0.0000 0.0000 1.0000 0.0000 0.0000 0.0000
18       18   (0)      1  : 0.2998 0.0000 0.0000 0.0000 0.1667 0.0000 0.5335
19       19   (0)      1  : 0.8413 0.0000 0.0000 0.0131 0.0717 0.0104 0.0636
20       20   (0)      1  : 0.8827 0.0000 0.0000 0.0024 0.0408 0.0099 0.0643
21       21   (0)      1  : 0.0000 0.0000 0.0000 1.0000 0.0000 0.0000 0.0000
22       22   (0)      1  : 0.0000 0.0000 1.0000 0.0000 0.0000 0.0000 0.0000
23       23   (0)      1  : 0.8668 0.0000 0.0063 0.0165 0.0564 0.0093 0.0447
24       24   (0)      2  : 0.0000 0.0000 0.0000 1.0000 0.0000 0.0000 0.0000
25       25   (0)      2  : 0.9757 0.0000 0.0000 0.0001 0.0017 0.0108 0.0118
26       26   (0)      2  : 0.2944 0.0000 0.0000 0.6676 0.0105 0.0003 0.0273
27       27   (0)      2  : 0.8046 0.0000 0.0000 0.0486 0.0589 0.0066 0.0812
28       28   (0)      2  : 0.8692 0.0000 0.0227 0.0548 0.0074 0.0211 0.0247
29       29   (0)      2  : 0.7833 0.0000 0.0000 0.0602 0.0820 0.0113 0.0632
30       30   (0)      2  : 0.0000 1.0000 0.0000 0.0000 0.0000 0.0000 0.0000
31       31   (0)      2  : 0.8490 0.0000 0.0102 0.0320 0.0281 0.0219 0.0587
32       32   (0)      2  : 0.0000 0.0000 0.0000 1.0000 0.0000 0.0000 0.0000
33       33   (0)      2  : 0.3003 0.0000 0.0000 0.0000 0.1667 0.0000 0.5330
34       34   (0)      2  : 0.9383 0.0000 0.0000 0.0023 0.0203 0.0064 0.0328
35       35   (0)      2  : 0.7968 0.0000 0.0259 0.0320 0.0591 0.0122 0.0741
36       36   (0)      2  : 0.0000 0.0000 0.0000 0.9167 0.0000 0.0000 0.0833
37       37   (0)      3  : 0.8598 0.0000 0.0035 0.0217 0.0554 0.0091 0.0505
38       38   (0)      3  : 0.6221 0.0000 0.0000 0.0497 0.2647 0.0219 0.0416
39       39   (0)      3  : 0.9035 0.0000 0.0000 0.0130 0.0477 0.0132 0.0227
40       40   (0)      3  : 0.8696 0.0000 0.0003 0.0305 0.0310 0.0107 0.0579
41       41   (0)      3  : 0.8951 0.0000 0.0000 0.0146 0.0594 0.0069 0.0240
42       42   (0)      4  : 0.0000 1.0000 0.0000 0.0000 0.0000 0.0000 0.0000
43       43   (0)      4  : 0.8940 0.0017 0.0000 0.0001 0.0323 0.0367 0.0353
44       44   (0)      4  : 0.0000 1.0000 0.0000 0.0000 0.0000 0.0000 0.0000
45       45   (0)      4  : 0.0000 1.0000 0.0000 0.0000 0.0000 0.0000 0.0000
46       46   (0)      4  : 0.8681 0.0248 0.0132 0.0456 0.0082 0.0055 0.0345
47       47   (0)      4  : 0.9563 0.0000 0.0000 0.0006 0.0015 0.0089 0.0328
48       48   (0)      4  : 0.8683 0.0000 0.0000 0.0000 0.0393 0.0133 0.0791
49       49   (0)      4  : 0.9496 0.0000 0.0000 0.0092 0.0066 0.0044 0.0303
50       50   (0)      4  : 0.8121 0.0000 0.0000 0.0000 0.0117 0.0559 0.1204
51       51   (0)      4  : 0.3311 0.3562 0.0550 0.0023 0.0007 0.2398 0.0148
52       52   (0)      4  : 0.8673 0.0136 0.0000 0.0022 0.0138 0.0472 0.0559
53       53   (0)      4  : 0.9124 0.0063 0.0000 0.0000 0.0337 0.0092 0.0384
54       54   (0)      4  : 0.8654 0.0317 0.0125 0.0113 0.0485 0.0095 0.0212
55       55   (0)      4  : 0.7963 0.0000 0.0000 0.0011 0.0186 0.0566 0.1273
56       56   (0)      4  : 0.0000 1.0000 0.0000 0.0000 0.0000 0.0000 0.0000
57       57   (0)      5  : 0.9206 0.0000 0.0000 0.0140 0.0165 0.0075 0.0415
58       58   (0)      5  : 0.8848 0.0000 0.0000 0.0039 0.0416 0.0085 0.0612
59       59   (0)      5  : 0.0000 1.0000 0.0000 0.0000 0.0000 0.0000 0.0000
60       60   (0)      5  : 0.9160 0.0000 0.0000 0.0000 0.0163 0.0061 0.0616
61       61   (0)      5  : 0.2884 0.4617 0.0977 0.0037 0.0810 0.0633 0.0042
62       62   (0)      5  : 0.0000 1.0000 0.0000 0.0000 0.0000 0.0000 0.0000
63       63   (0)      5  : 0.6698 0.1719 0.0095 0.0411 0.0318 0.0492 0.0268
64       64   (0)      5  : 0.8536 0.0000 0.0000 0.0004 0.0767 0.0089 0.0603
65       65   (0)      5  : 0.9581 0.0000 0.0000 0.0000 0.0075 0.0049 0.0295
66       66   (0)      5  : 0.9210 0.0000 0.0000 0.0301 0.0231 0.0075 0.0182
67       67   (0)      5  : 0.1318 0.7313 0.0337 0.0000 0.0016 0.1016 0.0000
68       68   (0)      5  : 0.0000 1.0000 0.0000 0.0000 0.0000 0.0000 0.0000
69       69   (0)      5  : 0.6047 0.2301 0.0040 0.0270 0.0819 0.0242 0.0279
70       70   (0)      5  : 0.0000 1.0000 0.0000 0.0000 0.0000 0.0000 0.0000
71       71   (0)      5  : 0.0000 1.0000 0.0000 0.0000 0.0000 0.0000 0.0000
72       72   (0)      5  : 0.8024 0.1150 0.0036 0.0135 0.0142 0.0140 0.0374
73       73   (0)      5  : 0.8720 0.0000 0.0000 0.0370 0.0379 0.0078 0.0452
74       74   (0)      5  : 0.0000 1.0000 0.0000 0.0000 0.0000 0.0000 0.0000
75       75   (0)      6  : 0.0000 1.0000 0.0000 0.0000 0.0000 0.0000 0.0000
76       76   (0)      6  : 0.8460 0.0458 0.0132 0.0139 0.0097 0.0288 0.0426
77       77   (0)      6  : 0.0000 1.0000 0.0000 0.0000 0.0000 0.0000 0.0000
78       78   (0)      6  : 0.0000 1.0000 0.0000 0.0000 0.0000 0.0000 0.0000
79       79   (0)      6  : 0.0000 1.0000 0.0000 0.0000 0.0000 0.0000 0.0000
80       80   (0)      6  : 0.0000 0.0000 0.0014 0.9826 0.0000 0.0000 0.0160
81       81   (0)      6  : 0.0000 1.0000 0.0000 0.0000 0.0000 0.0000 0.0000
82       82   (0)      6  : 0.0000 1.0000 0.0000 0.0000 0.0000 0.0000 0.0000
83       83   (0)      6  : 0.0000 0.9576 0.0183 0.0000 0.0000 0.0241 0.0000
84       84   (0)      6  : 0.0000 1.0000 0.0000 0.0000 0.0000 0.0000 0.0000
85       85   (0)      6  : 0.0000 1.0000 0.0000 0.0000 0.0000 0.0000 0.0000
86       86   (0)      6  : 0.0000 1.0000 0.0000 0.0000 0.0000 0.0000 0.0000
87       87   (0)      6  : 0.0000 1.0000 0.0000 0.0000 0.0000 0.0000 0.0000
88       88   (0)      6  : 0.0000 1.0000 0.0000 0.0000 0.0000 0.0000 0.0000
89       89   (0)      6  : 0.0000 1.0000 0.0000 0.0000 0.0000 0.0000 0.0000
90       90   (0)      6  : 0.0000 0.1319 0.0000 0.7922 0.0000 0.0000 0.0759
91       91   (0)      6  : 0.0000 1.0000 0.0000 0.0000 0.0000 0.0000 0.0000
92       92   (0)      6  : 0.7264 0.0000 0.0000 0.0256 0.1583 0.0612 0.0286
93       93   (0)      6  : 0.0031 0.0332 0.1043 0.0196 0.0000 0.8387 0.0010
94       94   (0)      6  : 0.8309 0.0000 0.0000 0.0000 0.0476 0.0857 0.0358
95       95   (0)      6  : 0.0567 0.0338 0.0502 0.0000 0.0075 0.8488 0.0030
96       96   (0)      6  : 0.0638 0.0478 0.0328 0.0000 0.0052 0.8493 0.0012
97       97   (0)      6  : 0.7360 0.0089 0.0019 0.0000 0.0486 0.1659 0.0388
98       98   (0)      6  : 0.0434 0.0307 0.2083 0.0051 0.0000 0.7124 0.0000
99       99   (0)      7  : 0.0000 1.0000 0.0000 0.0000 0.0000 0.0000 0.0000
100      100   (0)      7  : 0.6279 0.1355 0.0414 0.0131 0.0214 0.1414 0.0192
101      101   (0)      7  : 0.0000 0.0000 1.0000 0.0000 0.0000 0.0000 0.0000
102      102   (0)      7  : 0.0000 0.0000 1.0000 0.0000 0.0000 0.0000 0.0000
103      103   (0)      7  : 0.8061 0.0000 0.0000 0.0000 0.0715 0.0310 0.0914
104      104   (0)      7  : 0.7726 0.0000 0.0016 0.0493 0.1025 0.0152 0.0588
105      105   (0)      7  : 0.8898 0.0000 0.0001 0.0476 0.0498 0.0047 0.0081
106      106   (0)      7  : 0.9153 0.0000 0.0000 0.0035 0.0400 0.0109 0.0303
107      107   (0)      7  : 0.9106 0.0000 0.0000 0.0019 0.0123 0.0126 0.0627
108      108   (0)      8  : 0.0265 0.0000 0.0000 0.0000 0.9722 0.0000 0.0013
109      109   (0)      8  : 0.8852 0.0000 0.0000 0.0069 0.0548 0.0060 0.0472
110      110   (0)      8  : 0.1936 0.0000 0.0000 0.0000 0.2222 0.1111 0.4731
111      111   (0)      8  : 0.2778 0.0000 0.0000 0.0000 0.2222 0.0278 0.4722
112      112   (0)      8  : 0.0000 0.0000 1.0000 0.0000 0.0000 0.0000 0.0000
113      113   (0)      8  : 0.9430 0.0000 0.0000 0.0010 0.0219 0.0034 0.0307
114      114   (0)      8  : 0.9295 0.0000 0.0000 0.0002 0.0167 0.0108 0.0429
115      115   (0)      8  : 0.0264 0.0000 0.0000 0.0000 0.9722 0.0000 0.0013
116      116   (0)      8  : 0.2778 0.0000 0.0000 0.0000 0.2222 0.0278 0.4722
117      117   (0)      8  : 0.7252 0.0277 0.0038 0.0306 0.1052 0.0916 0.0161
118      118   (0)      8  : 0.9041 0.0000 0.0000 0.0469 0.0269 0.0048 0.0174
119      119   (0)      9  : 0.0000 1.0000 0.0000 0.0000 0.0000 0.0000 0.0000
120      120   (0)     10  : 0.8342 0.0000 0.0478 0.0009 0.0650 0.0063 0.0458
121      121   (0)     10  : 0.9145 0.0000 0.0000 0.0000 0.0198 0.0084 0.0574
122      122   (0)     10  : 0.8849 0.0000 0.0000 0.0007 0.0657 0.0129 0.0358
123      123   (0)     10  : 0.6906 0.0700 0.0126 0.0458 0.1175 0.0133 0.0502
124      124   (0)     10  : 0.8655 0.0000 0.0552 0.0000 0.0406 0.0039 0.0348
125      125   (0)     10  : 0.7561 0.0022 0.0468 0.0112 0.0066 0.1339 0.0433
126      126   (0)     10  : 0.9159 0.0000 0.0174 0.0001 0.0299 0.0081 0.0285
127      127   (0)     10  : 0.9039 0.0000 0.0000 0.0050 0.0516 0.0036 0.0359
128      128   (0)     10  : 0.8814 0.0000 0.0231 0.0114 0.0293 0.0057 0.0490
129      129   (0)     10  : 0.9250 0.0000 0.0000 0.0142 0.0196 0.0097 0.0314
130      130   (0)     10  : 0.9707 0.0000 0.0000 0.0018 0.0103 0.0084 0.0088
131      131   (0)     10  : 0.8476 0.0000 0.0352 0.0293 0.0371 0.0144 0.0363
132      132   (0)     10  : 0.8061 0.0000 0.0561 0.0431 0.0314 0.0476 0.0155
133      133   (0)     10  : 0.8247 0.0153 0.0223 0.0069 0.0485 0.0358 0.0464
134      134   (0)     10  : 0.8247 0.0109 0.0431 0.0000 0.0457 0.0449 0.0307
135      135   (0)     10  : 0.8281 0.0000 0.0369 0.0125 0.0846 0.0077 0.0302
136      136   (0)     10  : 0.9004 0.0000 0.0136 0.0012 0.0352 0.0123 0.0375
137      137   (0)     11  : 0.0000 0.9108 0.0892 0.0000 0.0000 0.0000 0.0000
138      138   (0)     12  : 0.6262 0.0029 0.0590 0.1044 0.0376 0.1325 0.0373
139      139   (0)     12  : 0.2952 0.2292 0.0940 0.0030 0.0005 0.3666 0.0115
140      140   (0)     12  : 0.0000 0.0000 0.0484 0.9353 0.0000 0.0000 0.0162
141      141   (0)     12  : 0.0188 0.0000 0.0708 0.0074 0.0057 0.7984 0.0989
142      142   (0)     12  : 0.8064 0.0000 0.0543 0.0336 0.0346 0.0245 0.0465
143      143   (0)     12  : 0.2419 0.0246 0.1226 0.0086 0.0000 0.5786 0.0237
144      144   (0)     12  : 0.7447 0.0005 0.1240 0.0635 0.0032 0.0467 0.0174
145      145   (0)     12  : 0.3376 0.0000 0.0000 0.5956 0.0201 0.0084 0.0382
146      146   (0)     13  : 0.0000 1.0000 0.0000 0.0000 0.0000 0.0000 0.0000
147      147   (0)     13  : 0.0000 1.0000 0.0000 0.0000 0.0000 0.0000 0.0000
148      148   (0)     13  : 0.0000 1.0000 0.0000 0.0000 0.0000 0.0000 0.0000
149      149   (0)     13  : 0.0000 1.0000 0.0000 0.0000 0.0000 0.0000 0.0000
150      150   (0)     13  : 0.0000 1.0000 0.0000 0.0000 0.0000 0.0000 0.0000
151      151   (0)     14  : 0.0000 1.0000 0.0000 0.0000 0.0000 0.0000 0.0000
152      152   (0)     14  : 0.8863 0.0000 0.0000 0.0215 0.0370 0.0079 0.0474
153      153   (0)     15  : 0.0607 0.0504 0.0483 0.0000 0.0036 0.8366 0.0003
154      154   (0)     15  : 0.0000 0.9830 0.0024 0.0000 0.0000 0.0146 0.0000
155      155   (0)     16  : 0.8530 0.0000 0.0375 0.0024 0.0368 0.0391 0.0313
156      156   (0)     16  : 0.8077 0.0000 0.0132 0.0358 0.0553 0.0127 0.0754
157      157   (0)     17  : 0.0339 0.0367 0.1562 0.0200 0.0028 0.7462 0.0042
158      158   (0)     17  : 0.0000 0.0000 0.0044 0.9123 0.0000 0.0000 0.0833
159      159   (0)     18  : 0.9096 0.0000 0.0130 0.0000 0.0195 0.0295 0.0284
160      160   (0)     18  : 0.9032 0.0000 0.0000 0.0006 0.0337 0.0075 0.0551
161      161   (0)     18  : 0.8835 0.0000 0.0000 0.0006 0.0410 0.0136 0.0614
162      162   (0)     19  : 0.7647 0.0000 0.0366 0.0000 0.0561 0.0687 0.0739
163      163   (0)     19  : 0.3161 0.1434 0.1988 0.0098 0.0918 0.2069 0.0332
164      164   (0)     19  : 0.6230 0.0000 0.0000 0.0529 0.2636 0.0239 0.0365
