  1        1   (0)      1 :  0.0071 0.3791 0.0000 0.0000 0.0155 0.0000 0.2563 0.1299 0.0000 0.0721 0.1401 
  2        2   (0)      1 :  0.1473 0.0075 0.2277 0.2871 0.0111 0.1923 0.0020 0.0000 0.0175 0.0811 0.0266 
  3        3   (0)      1 :  0.0329 0.3284 0.0200 0.0121 0.0600 0.0000 0.2561 0.0000 0.0000 0.1200 0.1704 
  4        4   (0)      1 :  0.0094 0.2662 0.0000 0.0000 0.0227 0.0000 0.2939 0.0000 0.0000 0.0379 0.3699 
  5        5   (0)      1 :  0.0400 0.1153 0.0060 0.0019 0.0000 0.0007 0.1406 0.0000 0.0008 0.0213 0.6733 
  6        6   (0)      1 :  0.3240 0.0010 0.1858 0.1810 0.0035 0.1653 0.0023 0.0000 0.0010 0.1361 0.0000 
  7        7   (0)      1 :  0.0080 0.3139 0.0011 0.0011 0.0153 0.0000 0.4667 0.0000 0.0000 0.1314 0.0626 
  8        8   (0)      1 :  0.1648 0.0000 0.2251 0.1150 0.0101 0.3675 0.0040 0.0000 0.0000 0.1104 0.0031 
  9        9   (0)      1 :  0.0004 0.3899 0.0186 0.0200 0.0235 0.0000 0.3800 0.0000 0.0000 0.1101 0.0574 
 10       10   (0)      2 :  0.0000 0.1723 0.0000 0.0000 0.0431 0.0000 0.3341 0.0000 0.0000 0.0600 0.3904 
 11       11   (0)      2 :  0.0047 0.2161 0.0000 0.0000 0.0089 0.0000 0.6025 0.0000 0.0002 0.0883 0.0793 
 12       12   (0)      2 :  0.1908 0.0000 0.0490 0.0600 0.0600 0.6201 0.0000 0.0000 0.0000 0.0200 0.0000 
 13       13   (0)      3 :  0.0204 0.1029 0.0000 0.0009 0.0602 0.0000 0.5475 0.0000 0.0000 0.1521 0.1159 
 14       14   (0)      3 :  0.0000 0.0000 0.0000 0.0000 0.0000 0.0000 0.0000 0.0000 1.0000 0.0000 0.0000 
 15       15   (0)      3 :  0.0729 0.0000 0.2852 0.0728 0.0418 0.4078 0.0000 0.0003 0.0000 0.1077 0.0115 
 16       16   (0)      3 :  0.0200 0.0000 0.0000 0.0000 0.0000 0.0000 0.0000 0.9800 0.0000 0.0000 0.0000 
 17       17   (0)      4 :  0.0210 0.0000 0.0038 0.0427 0.0007 0.0040 0.0000 0.5566 0.3520 0.0191 0.0000 
 18       18   (0)      4 :  0.1386 0.0025 0.3760 0.1898 0.0218 0.0995 0.0004 0.0000 0.0097 0.1606 0.0010 
 19       19   (0)      5 :  0.1849 0.0001 0.5113 0.2405 0.0001 0.0244 0.0001 0.0000 0.0000 0.0386 0.0000 
 20       20   (0)      5 :  0.0000 0.0247 0.0000 0.0000 0.7899 0.0000 0.0128 0.0000 0.0529 0.0000 0.1197 
 21       21   (0)      5 :  0.0814 0.3217 0.0400 0.0019 0.0228 0.0000 0.1888 0.0000 0.0000 0.1376 0.2058 
 22       22   (0)      5 :  0.0078 0.1351 0.0012 0.0092 0.0162 0.0000 0.3271 0.0000 0.0000 0.0589 0.4446 
 23       23   (0)      5 :  0.0400 0.3952 0.0200 0.0000 0.0408 0.0000 0.1524 0.0000 0.0000 0.0519 0.2997 
 24       24   (0)      5 :  0.0011 0.3325 0.0004 0.0000 0.0654 0.0007 0.3615 0.0000 0.0069 0.0397 0.1918 
 25       25   (0)      5 :  0.0224 0.5565 0.0035 0.0000 0.0441 0.0000 0.1636 0.0371 0.0003 0.0542 0.1184 
 26       26   (0)      5 :  0.0824 0.1908 0.1416 0.1455 0.0105 0.0795 0.1144 0.0000 0.0000 0.1090 0.1265 
 27       27   (0)      5 :  0.0002 0.0000 0.0003 0.0005 0.0000 0.0002 0.0000 0.9977 0.0000 0.0011 0.0000 
 28       28   (0)      5 :  0.0200 0.0000 0.0000 0.0000 0.0000 0.0000 0.0000 0.9800 0.0000 0.0000 0.0000 
 29       29   (0)      5 :  0.1248 0.0000 0.3127 0.1959 0.0243 0.1454 0.0000 0.0153 0.0213 0.1404 0.0200 
 30       30   (0)      5 :  0.1656 0.0000 0.1986 0.1972 0.0400 0.2951 0.0000 0.0000 0.0000 0.1035 0.0000 
 31       31   (0)      5 :  0.0720 0.0806 0.0910 0.2225 0.0432 0.0492 0.2032 0.0000 0.0005 0.1672 0.0705 
 32       32   (0)      5 :  0.0000 0.2513 0.0087 0.0205 0.0771 0.0004 0.1092 0.0000 0.0000 0.0687 0.4640 
 33       33   (0)      5 :  0.2065 0.0014 0.1557 0.2421 0.0630 0.2943 0.0000 0.0000 0.0007 0.0222 0.0141 
 34       34   (0)      5 :  0.0762 0.0000 0.0983 0.6898 0.0040 0.0863 0.0000 0.0000 0.0000 0.0254 0.0200 
 35       35   (0)      5 :  0.0846 0.0000 0.3182 0.2820 0.0006 0.2591 0.0000 0.0000 0.0011 0.0344 0.0200 
 36       36   (0)      6 :  0.1583 0.0010 0.1586 0.1677 0.0145 0.3680 0.0000 0.0220 0.0000 0.1085 0.0013 
 37       37   (0)      6 :  0.0000 0.0000 0.0000 0.0000 0.0000 0.0000 0.0000 1.0000 0.0000 0.0000 0.0000 
 38       38   (0)      6 :  0.3048 0.0000 0.4237 0.2256 0.0000 0.0202 0.0000 0.0000 0.0001 0.0256 0.0000 
 39       39   (0)      6 :  0.0886 0.1189 0.0820 0.1465 0.0116 0.1725 0.2176 0.0000 0.0000 0.1174 0.0449 
 40       40   (0)      6 :  0.0754 0.0002 0.0880 0.5907 0.0000 0.1039 0.0000 0.0000 0.0000 0.1413 0.0004 
 41       41   (0)      6 :  0.0787 0.0002 0.0995 0.1991 0.0000 0.4263 0.0010 0.0000 0.0059 0.1886 0.0007 
 42       42   (0)      6 :  0.1172 0.0027 0.0543 0.6739 0.0037 0.0884 0.0048 0.0000 0.0006 0.0497 0.0046 
 43       43   (0)      6 :  0.0673 0.0052 0.3240 0.3486 0.0000 0.0646 0.0000 0.0004 0.0080 0.1762 0.0056 
 44       44   (0)      6 :  0.2050 0.0000 0.0806 0.4275 0.0049 0.1800 0.0000 0.0000 0.0069 0.0950 0.0000 
 45       45   (0)      6 :  0.0660 0.0000 0.2034 0.1789 0.0339 0.4680 0.0000 0.0000 0.0000 0.0498 0.0000 
 46       46   (0)      6 :  0.0000 0.0233 0.0000 0.0000 0.7871 0.0000 0.0237 0.0000 0.0594 0.0000 0.1065 
 47       47   (0)      6 :  0.1085 0.0000 0.3545 0.2609 0.0325 0.1617 0.0000 0.0000 0.0000 0.0757 0.0062 
 48       48   (0)      7 :  0.4363 0.0000 0.0807 0.1461 0.0028 0.2657 0.0000 0.0000 0.0008 0.0676 0.0000 
 49       49   (0)      7 :  0.0737 0.1996 0.1083 0.1660 0.0280 0.0321 0.1237 0.0003 0.0000 0.0941 0.1743 
 50       50   (0)      7 :  0.4641 0.0006 0.1787 0.1087 0.0210 0.1654 0.0036 0.0000 0.0000 0.0570 0.0008 
 51       51   (0)      8 :  0.0807 0.0000 0.1186 0.0697 0.0534 0.5949 0.0000 0.0414 0.0000 0.0413 0.0000 
 52       52   (0)      8 :  0.1369 0.0000 0.0286 0.1735 0.0418 0.3950 0.0000 0.1413 0.0000 0.0829 0.0001 
 53       53   (0)      9 :  0.3000 0.0000 0.1434 0.1317 0.0001 0.3434 0.0000 0.0000 0.0014 0.0800 0.0000 
 54       54   (0)     10 :  0.4834 0.0000 0.1429 0.1878 0.0400 0.0859 0.0000 0.0000 0.0000 0.0600 0.0000 
 55       55   (0)     10 :  0.0400 0.0600 0.0053 0.0000 0.0216 0.0000 0.7593 0.0000 0.0000 0.0764 0.0373 
 56       56   (0)     10 :  0.0200 0.0000 0.0000 0.0000 0.0200 0.0000 0.0000 0.9600 0.0000 0.0000 0.0000 
 57       57   (0)     10 :  0.0397 0.0000 0.8823 0.0190 0.0000 0.0336 0.0000 0.0000 0.0001 0.0253 0.0000 
 58       58   (0)     11 :  0.2095 0.0000 0.1074 0.2488 0.0267 0.2473 0.0020 0.1011 0.0000 0.0540 0.0033 
 59       59   (0)     11 :  0.0130 0.4924 0.0038 0.0003 0.0156 0.0099 0.1814 0.0574 0.0000 0.0592 0.1671 
 60       60   (0)     11 :  0.0298 0.0000 0.0081 0.0055 0.0070 0.0452 0.0000 0.8977 0.0000 0.0067 0.0000 
 61       61   (0)     11 :  0.2287 0.0000 0.1157 0.1708 0.0400 0.3848 0.0000 0.0000 0.0000 0.0600 0.0000 
 62       62   (0)     11 :  0.0822 0.0000 0.3952 0.1150 0.0200 0.3114 0.0000 0.0035 0.0000 0.0726 0.0000 
 63       63   (0)     11 :  0.0906 0.0000 0.1038 0.0462 0.0256 0.3972 0.0000 0.2630 0.0000 0.0737 0.0000 
 64       64   (0)     11 :  0.1298 0.0000 0.3139 0.0887 0.0004 0.3825 0.0000 0.0000 0.0007 0.0706 0.0133 
 65       65   (0)     11 :  0.0000 0.0000 0.0000 0.0000 0.0200 0.0000 0.0000 0.9800 0.0000 0.0000 0.0000 
 66       66   (0)     11 :  0.2705 0.0000 0.1184 0.0788 0.0060 0.4366 0.0000 0.0129 0.0000 0.0768 0.0000 
 67       67   (0)     11 :  0.0087 0.8896 0.0000 0.0000 0.0000 0.0000 0.0343 0.0009 0.0000 0.0313 0.0352 
 68       68   (0)     11 :  0.0109 0.3989 0.0110 0.0000 0.0000 0.0000 0.0584 0.4369 0.0000 0.0200 0.0639 
 69       69   (0)     11 :  0.0841 0.0000 0.0832 0.0831 0.0689 0.1519 0.0000 0.4880 0.0000 0.0408 0.0000 
 70       70   (0)     11 :  0.1764 0.0000 0.2579 0.1940 0.0200 0.1969 0.0000 0.0000 0.0000 0.1548 0.0000 
 71       71   (0)     11 :  0.0052 0.5418 0.0083 0.0000 0.0042 0.0000 0.0863 0.1503 0.0000 0.0577 0.1462 
 72       72   (0)     12 :  0.0201 0.3793 0.0405 0.0008 0.0107 0.0000 0.1793 0.0000 0.0000 0.1154 0.2540 
 73       73   (0)     12 :  0.0000 0.1347 0.0000 0.0000 0.0000 0.0000 0.3176 0.0000 0.0000 0.1167 0.4310 
 74       74   (0)     12 :  0.0001 0.3008 0.0000 0.0200 0.0070 0.0000 0.2259 0.0000 0.0000 0.0836 0.3626 
 75       75   (0)     12 :  0.0393 0.1541 0.0737 0.1301 0.0351 0.1114 0.0946 0.1064 0.0000 0.1164 0.1390 
 76       76   (0)     12 :  0.0000 0.3436 0.0031 0.0069 0.0373 0.0000 0.1638 0.0060 0.0000 0.0732 0.3661 
 77       77   (0)     12 :  0.1429 0.0000 0.2876 0.1191 0.0000 0.3695 0.0000 0.0000 0.0000 0.0810 0.0000 
 78       78   (0)     12 :  0.0958 0.0059 0.0981 0.2096 0.0345 0.4162 0.0134 0.0130 0.0000 0.1040 0.0094 
 79       79   (0)     12 :  0.0445 0.3026 0.0200 0.0000 0.0000 0.0000 0.2380 0.0000 0.0000 0.1000 0.2949 
 80       80   (0)     12 :  0.1236 0.0089 0.1929 0.1258 0.0312 0.3277 0.0072 0.0963 0.0000 0.0785 0.0079 
 81       81   (0)     13 :  0.0000 0.0000 0.0000 0.0000 0.0000 0.0000 0.0000 1.0000 0.0000 0.0000 0.0000 
 82       82   (0)     13 :  0.0076 0.4012 0.0000 0.0000 0.0601 0.0000 0.1631 0.0000 0.0073 0.1518 0.2089 
 83       83   (0)     13 :  0.0031 0.6883 0.0000 0.0000 0.0059 0.0000 0.0721 0.0382 0.0000 0.0980 0.0945 
 84       84   (0)     13 :  0.0200 0.4717 0.0200 0.0000 0.0759 0.0000 0.1426 0.0000 0.0000 0.1103 0.1595 
 85       85   (0)     13 :  0.0214 0.2832 0.0000 0.0000 0.0234 0.0000 0.3070 0.0000 0.0020 0.1434 0.2196 
 86       86   (0)     13 :  0.0230 0.6160 0.0000 0.0000 0.0088 0.0000 0.1666 0.0093 0.0000 0.1095 0.0666 
 87       87   (0)     13 :  0.1026 0.0095 0.2391 0.2978 0.0583 0.2014 0.0036 0.0000 0.0000 0.0646 0.0232 
 88       88   (0)     13 :  0.0000 0.2542 0.0200 0.0000 0.0433 0.0000 0.3667 0.0000 0.0000 0.1843 0.1316 
 89       89   (0)     13 :  0.0200 0.2153 0.0000 0.0200 0.0441 0.0000 0.4086 0.0000 0.0000 0.1218 0.1703 
 90       90   (0)     13 :  0.0337 0.1973 0.0200 0.0000 0.0040 0.0000 0.3815 0.0000 0.0000 0.0720 0.2916 
 91       91   (0)     13 :  0.0000 0.1809 0.0000 0.0000 0.0123 0.0000 0.2606 0.3942 0.0000 0.0921 0.0600 
 92       92   (0)     13 :  0.0008 0.1641 0.0034 0.0209 0.0102 0.0060 0.5873 0.0000 0.0000 0.0864 0.1210 
 93       93   (0)     13 :  0.2329 0.0000 0.4489 0.1038 0.0200 0.0839 0.0036 0.0000 0.0000 0.0936 0.0132 
 94       94   (0)     13 :  0.0226 0.4365 0.0111 0.0008 0.0107 0.0000 0.2806 0.0000 0.0000 0.1132 0.1246 
 95       95   (0)     14 :  0.0540 0.0000 0.5118 0.0818 0.0046 0.2753 0.0000 0.0000 0.0015 0.0710 0.0000 
 96       96   (0)     14 :  0.0077 0.2307 0.0230 0.0000 0.0113 0.0006 0.5303 0.0000 0.0000 0.1394 0.0569 
 97       97   (0)     15 :  0.0200 0.0000 0.0000 0.0000 0.0000 0.0000 0.0000 0.9800 0.0000 0.0000 0.0000 
 98       98   (0)     15 :  0.0517 0.0000 0.1143 0.7678 0.0200 0.0000 0.0000 0.0000 0.0000 0.0463 0.0000 
 99       99   (0)     15 :  0.0113 0.1413 0.0000 0.0000 0.0000 0.0000 0.1219 0.0000 0.5241 0.0094 0.1920 
100      100   (0)     15 :  0.3729 0.0000 0.1768 0.1409 0.0000 0.2084 0.0003 0.0000 0.0023 0.0984 0.0000 
101      101   (0)     15 :  0.0000 0.0000 0.0000 0.0000 0.0000 0.0000 0.0000 0.0000 1.0000 0.0000 0.0000 
102      102   (0)     15 :  0.1195 0.0000 0.2074 0.4528 0.0326 0.0941 0.0000 0.0000 0.0048 0.0887 0.0000 
103      103   (0)     15 :  0.1084 0.0000 0.3076 0.3539 0.0200 0.0933 0.0036 0.0000 0.0037 0.1034 0.0060 
104      104   (0)     15 :  0.0000 0.0000 0.0000 0.0000 0.0000 0.0000 0.0000 0.0000 1.0000 0.0000 0.0000 
105      105   (0)     15 :  0.0000 0.0000 0.0000 0.0000 0.0000 0.0000 0.0000 0.0000 1.0000 0.0000 0.0000 
