  1        1   (0)      1 :  0.0000 0.0000 0.0000 0.0000 0.0000 0.0000 0.0000 0.0000 0.0000 0.0000 0.0000 0.0200 0.1822 0.0000 0.7978 
  2        2   (0)      2 :  0.0000 0.7800 0.0000 0.0000 0.0000 0.0000 0.0000 0.0200 0.0000 0.0000 0.1600 0.0200 0.0200 0.0000 0.0000 
  3        3   (0)      2 :  0.0000 0.0000 0.0200 0.7284 0.0000 0.1960 0.0000 0.0000 0.0000 0.0556 0.0000 0.0000 0.0000 0.0000 0.0000 
  4        4   (0)      3 :  0.0000 0.0008 0.6661 0.0766 0.0186 0.0190 0.0000 0.0000 0.0000 0.0497 0.0745 0.0404 0.0542 0.0000 0.0000 
  5        5   (0)      3 :  0.0000 0.0000 0.7137 0.0527 0.0000 0.0504 0.0000 0.0000 0.0000 0.0833 0.0800 0.0200 0.0000 0.0000 0.0000 
  6        6   (0)      3 :  0.0203 0.0000 0.5203 0.2204 0.0000 0.0857 0.0000 0.0000 0.0000 0.0683 0.0127 0.0148 0.0575 0.0000 0.0000 
  7        7   (0)      3 :  0.0000 0.1097 0.0000 0.0000 0.0024 0.0000 0.6647 0.0004 0.0000 0.0138 0.1957 0.0052 0.0080 0.0000 0.0000 
  8        8   (0)      3 :  0.0013 0.0046 0.6947 0.0357 0.0000 0.0925 0.0000 0.0000 0.0200 0.0395 0.0685 0.0107 0.0325 0.0000 0.0000 
  9        9   (0)      3 :  0.0000 0.0000 0.1949 0.4656 0.0000 0.1133 0.0000 0.0000 0.0085 0.1835 0.0050 0.0201 0.0089 0.0002 0.0000 
 10       10   (0)      4 :  0.0000 0.0011 0.4529 0.1503 0.0000 0.1359 0.0000 0.0000 0.0200 0.1826 0.0207 0.0000 0.0365 0.0000 0.0000 
 11       11   (0)      4 :  0.0000 0.0000 0.0519 0.2066 0.0000 0.0704 0.0000 0.0000 0.0000 0.1817 0.0258 0.0000 0.0308 0.4328 0.0000 
 12       12   (0)      4 :  0.0000 0.0000 0.1132 0.6451 0.0000 0.0705 0.0000 0.0000 0.0000 0.1513 0.0000 0.0000 0.0200 0.0000 0.0000 
 13       13   (0)      4 :  0.0000 0.0000 0.0866 0.2133 0.0000 0.4358 0.0000 0.0000 0.0000 0.2450 0.0059 0.0000 0.0127 0.0008 0.0000 
 14       14   (0)      5 :  0.0000 0.0000 0.0000 0.0000 0.5932 0.0000 0.0000 0.0000 0.0200 0.0417 0.0069 0.3183 0.0200 0.0000 0.0000 
 15       15   (0)      5 :  0.0000 0.0000 0.0000 0.0000 0.0000 0.0000 1.0000 0.0000 0.0000 0.0000 0.0000 0.0000 0.0000 0.0000 0.0000 
 16       16   (0)      5 :  0.0000 0.9200 0.0000 0.0000 0.0000 0.0000 0.0000 0.0000 0.0000 0.0400 0.0000 0.0200 0.0200 0.0000 0.0000 
 17       17   (0)      5 :  0.0000 0.0000 0.0000 0.0000 0.0000 0.0000 0.0000 0.0000 0.0000 0.0200 0.0200 0.0600 0.0445 0.8555 0.0000 
 18       18   (0)      5 :  0.0000 0.0000 0.0580 0.0275 0.0000 0.7794 0.0000 0.0000 0.0000 0.0859 0.0091 0.0200 0.0200 0.0000 0.0000 
 19       19   (0)      5 :  0.0000 0.0000 0.0000 0.0000 0.0000 0.0000 0.0000 0.0000 0.0000 0.0200 0.0000 0.0293 0.0400 0.9107 0.0000 
 20       20   (0)      5 :  0.0000 0.0000 0.1170 0.5226 0.0000 0.1903 0.0000 0.0000 0.0000 0.1674 0.0004 0.0000 0.0009 0.0013 0.0000 
 21       21   (0)      5 :  0.0000 0.0000 0.0590 0.1719 0.0000 0.6500 0.0000 0.0000 0.0000 0.1150 0.0000 0.0000 0.0042 0.0000 0.0000 
 22       22   (0)      5 :  0.0000 0.0000 0.0000 0.0000 0.0000 0.0000 0.0000 0.0000 0.0000 0.0000 0.0200 0.0400 0.0262 0.9138 0.0000 
 23       23   (0)      5 :  0.0000 0.0000 0.0582 0.7985 0.0000 0.0499 0.0000 0.0000 0.0000 0.0780 0.0032 0.0000 0.0055 0.0068 0.0000 
 24       24   (0)      5 :  0.0000 0.0000 0.0000 0.0000 0.0000 0.0000 1.0000 0.0000 0.0000 0.0000 0.0000 0.0000 0.0000 0.0000 0.0000 
 25       25   (0)      5 :  0.0000 0.0000 0.0000 0.0000 0.5824 0.0000 0.0000 0.0000 0.0000 0.0200 0.0200 0.3776 0.0000 0.0000 0.0000 
 26       26   (0)      5 :  0.0000 0.0000 0.1106 0.1333 0.0000 0.6030 0.0000 0.0000 0.0000 0.1192 0.0000 0.0200 0.0127 0.0012 0.0000 
 27       27   (0)      5 :  0.0000 0.0000 0.0000 0.0000 0.0000 0.0000 1.0000 0.0000 0.0000 0.0000 0.0000 0.0000 0.0000 0.0000 0.0000 
 28       28   (0)      5 :  0.0000 0.0044 0.0000 0.0000 0.0000 0.0000 0.5691 0.1573 0.0000 0.0000 0.2692 0.0000 0.0000 0.0000 0.0000 
 29       29   (0)      6 :  0.0000 0.0000 0.0000 0.0000 0.0000 0.0000 0.0000 0.0000 0.0000 0.0000 0.0000 0.0000 0.0828 0.0000 0.9172 
 30       30   (0)      6 :  0.7980 0.0058 0.0000 0.0000 0.0000 0.0000 0.0000 0.0000 0.0000 0.0000 0.0093 0.0022 0.1847 0.0000 0.0000 
 31       31   (0)      6 :  0.0000 0.0000 0.1194 0.7805 0.0000 0.0089 0.0000 0.0000 0.0000 0.0800 0.0000 0.0000 0.0112 0.0000 0.0000 
 32       32   (0)      6 :  0.0000 0.0000 0.3974 0.1459 0.0000 0.0386 0.0000 0.0043 0.0200 0.1128 0.0089 0.0228 0.1156 0.1336 0.0000 
 33       33   (0)      6 :  0.0000 0.0000 0.0000 0.0000 0.0000 0.0000 0.0000 0.0600 0.9000 0.0000 0.0400 0.0000 0.0000 0.0000 0.0000 
 34       34   (0)      6 :  0.0000 0.0000 0.0000 0.0000 0.7196 0.0000 0.0000 0.0000 0.0000 0.0134 0.0113 0.2157 0.0400 0.0000 0.0000 
 35       35   (0)      6 :  0.0000 0.0000 0.0000 0.0000 0.0000 0.0000 0.0000 0.0000 0.0000 0.0000 0.0000 0.0000 0.0000 0.0000 1.0000 
 36       36   (0)      6 :  0.0000 0.0000 0.0000 0.0000 0.0000 0.0000 0.0000 0.0000 0.0000 0.0000 0.0000 0.0000 0.0000 0.0000 1.0000 
 37       37   (0)      7 :  0.9699 0.0000 0.0000 0.0000 0.0000 0.0000 0.0000 0.0000 0.0000 0.0000 0.0080 0.0000 0.0221 0.0000 0.0000 
 38       38   (0)      7 :  0.0000 0.0000 0.0000 0.0000 0.0000 0.0000 0.0000 0.0000 0.0000 0.0000 0.0200 0.0400 0.0800 0.8600 0.0000 
 39       39   (0)      7 :  0.0000 0.0000 0.0000 0.0000 0.8141 0.0000 0.0000 0.0000 0.0000 0.0419 0.0000 0.1440 0.0000 0.0000 0.0000 
 40       40   (0)      7 :  0.0000 0.0000 0.0000 0.0000 0.6963 0.0000 0.0000 0.0000 0.0000 0.0507 0.0200 0.2130 0.0200 0.0000 0.0000 
 41       41   (0)      7 :  0.0000 0.0000 0.0000 0.0000 0.0000 0.0000 0.0000 0.0000 0.0000 0.0000 0.0000 0.0000 0.0256 0.9744 0.0000 
 42       42   (0)      7 :  0.0000 0.0000 0.0000 0.0000 0.7871 0.0000 0.0000 0.0000 0.0000 0.0200 0.0000 0.1729 0.0200 0.0000 0.0000 
 43       43   (0)      7 :  0.0000 0.0000 0.0000 0.0000 0.0000 0.0000 0.0000 0.0000 0.0000 0.0400 0.0094 0.0200 0.0200 0.9106 0.0000 
 44       44   (0)      7 :  0.0000 0.9800 0.0000 0.0000 0.0000 0.0000 0.0000 0.0000 0.0000 0.0200 0.0000 0.0000 0.0000 0.0000 0.0000 
 45       45   (0)      7 :  0.0000 0.0000 0.0553 0.7259 0.0000 0.0697 0.0000 0.0000 0.0000 0.1200 0.0091 0.0000 0.0200 0.0000 0.0000 
 46       46   (0)      7 :  0.0000 0.0000 0.0000 0.0000 0.0000 0.0000 0.0000 0.0000 0.0042 0.0000 0.0000 0.0000 0.1003 0.0000 0.8955 
 47       47   (0)      7 :  0.0000 0.0000 0.0400 0.0000 0.0000 0.8391 0.0000 0.0000 0.0000 0.0826 0.0000 0.0086 0.0297 0.0000 0.0000 
 48       48   (0)      7 :  0.0000 0.0000 0.0000 0.0000 0.0000 0.0000 0.0000 0.0199 0.0223 0.0000 0.0063 0.0000 0.1349 0.0000 0.8166 
 49       49   (0)      7 :  0.8332 0.0000 0.0000 0.0000 0.0000 0.0000 0.0000 0.0000 0.0000 0.0000 0.0200 0.0200 0.1268 0.0000 0.0000 
 50       50   (0)      7 :  0.0000 0.9143 0.0057 0.0000 0.0000 0.0000 0.0000 0.0000 0.0000 0.0400 0.0000 0.0200 0.0200 0.0000 0.0000 
 51       51   (0)      7 :  0.9462 0.0000 0.0000 0.0000 0.0000 0.0000 0.0000 0.0000 0.0000 0.0000 0.0442 0.0000 0.0097 0.0000 0.0000 
 52       52   (0)      7 :  0.0000 0.0000 0.0000 0.0000 0.0000 0.0000 0.8880 0.0000 0.0000 0.0000 0.1120 0.0000 0.0000 0.0000 0.0000 
 53       53   (0)      7 :  0.0000 0.0000 0.0534 0.3060 0.0000 0.4303 0.0000 0.0000 0.0000 0.1838 0.0000 0.0000 0.0265 0.0000 0.0000 
 54       54   (0)      7 :  0.0000 0.0000 0.1547 0.1976 0.0000 0.4906 0.0000 0.0000 0.0000 0.1171 0.0400 0.0000 0.0000 0.0000 0.0000 
 55       55   (0)      7 :  0.0000 0.0000 0.1375 0.3562 0.0000 0.3002 0.0000 0.0000 0.0000 0.1504 0.0000 0.0203 0.0256 0.0098 0.0000 
 56       56   (0)      7 :  0.0000 0.0000 0.2244 0.3202 0.0000 0.2548 0.0000 0.0000 0.0000 0.1606 0.0000 0.0200 0.0200 0.0000 0.0000 
 57       57   (0)      8 :  0.0000 0.0000 0.0000 0.0000 0.5949 0.0000 0.0000 0.0000 0.0062 0.0080 0.0200 0.3710 0.0000 0.0000 0.0000 
 58       58   (0)      8 :  0.0000 0.0000 0.0000 0.0000 0.0000 0.0000 0.8698 0.0000 0.0000 0.0000 0.1302 0.0000 0.0000 0.0000 0.0000 
 59       59   (0)      8 :  0.0000 0.0000 0.0450 0.0988 0.0000 0.6964 0.0000 0.0000 0.0000 0.1404 0.0000 0.0079 0.0115 0.0000 0.0000 
 60       60   (0)      8 :  0.0000 0.0000 0.0000 0.0000 0.7889 0.0000 0.0000 0.0000 0.0000 0.0146 0.0000 0.1965 0.0000 0.0000 0.0000 
 61       61   (0)      8 :  0.0000 0.0000 0.0000 0.0000 0.6995 0.0000 0.0000 0.0000 0.0000 0.0400 0.0000 0.2405 0.0200 0.0000 0.0000 
 62       62   (0)      8 :  0.8831 0.0000 0.0000 0.0000 0.0000 0.0000 0.0000 0.0000 0.0000 0.0000 0.0400 0.0200 0.0569 0.0000 0.0000 
 63       63   (0)      8 :  0.0000 0.0000 0.0000 0.0000 0.6916 0.0000 0.0000 0.0000 0.0000 0.0330 0.0200 0.2437 0.0117 0.0000 0.0000 
 64       64   (0)      8 :  0.0000 0.0000 0.4041 0.1411 0.0000 0.2858 0.0000 0.0000 0.0067 0.1385 0.0038 0.0000 0.0200 0.0000 0.0000 
 65       65   (0)      8 :  0.0000 0.0000 0.0000 0.0000 0.0000 0.0000 0.0000 0.0000 0.0000 0.0000 0.0027 0.0200 0.3600 0.0000 0.6173 
 66       66   (0)      8 :  0.0000 0.0000 0.1807 0.2225 0.0000 0.4016 0.0000 0.0000 0.0000 0.1446 0.0200 0.0000 0.0306 0.0000 0.0000 
 67       67   (0)      8 :  0.0000 0.0000 0.2942 0.3006 0.0000 0.1663 0.0000 0.0000 0.0000 0.1817 0.0001 0.0000 0.0571 0.0000 0.0000 
 68       68   (0)      8 :  0.0000 0.0000 0.0661 0.1307 0.0000 0.6659 0.0000 0.0000 0.0000 0.1372 0.0000 0.0000 0.0000 0.0000 0.0000 
 69       69   (0)      8 :  0.0000 0.0000 0.0000 0.0000 0.0000 0.0000 0.0000 0.0000 0.0000 0.0000 0.0000 0.0200 0.1886 0.0000 0.7914 
 70       70   (0)      8 :  0.0000 0.0000 0.0000 0.0000 0.5994 0.0000 0.0000 0.0000 0.0000 0.0078 0.0000 0.3728 0.0200 0.0000 0.0000 
 71       71   (0)      8 :  0.0000 0.0000 0.0000 0.0000 0.0000 0.0000 0.0000 0.0000 0.0000 0.0000 0.0000 0.0000 0.3800 0.0000 0.6200 
 72       72   (0)      8 :  0.9025 0.0000 0.0000 0.0000 0.0000 0.0000 0.0000 0.0000 0.0000 0.0000 0.0084 0.0000 0.0890 0.0000 0.0000 
 73       73   (0)      8 :  0.0000 0.0000 0.0221 0.0091 0.0000 0.1094 0.0000 0.0000 0.0000 0.0722 0.0312 0.0056 0.0686 0.6817 0.0000 
 74       74   (0)      8 :  0.0000 0.0000 0.1333 0.2304 0.0000 0.4235 0.0000 0.0000 0.0000 0.1928 0.0000 0.0000 0.0200 0.0000 0.0000 
 75       75   (0)      8 :  0.0000 0.0000 0.0707 0.0000 0.0000 0.7455 0.0000 0.0000 0.0000 0.1638 0.0200 0.0000 0.0000 0.0000 0.0000 
 76       76   (0)      8 :  0.0000 0.0000 0.0000 0.0000 0.0000 0.0000 0.0000 0.0008 0.0419 0.0000 0.0000 0.0000 0.3307 0.0000 0.6266 
 77       77   (0)      8 :  0.0000 0.0000 0.3409 0.1879 0.0000 0.2262 0.0000 0.0000 0.0000 0.2021 0.0036 0.0000 0.0391 0.0003 0.0000 
 78       78   (0)      9 :  0.0000 0.0000 0.0000 0.0000 0.5075 0.0000 0.0000 0.0000 0.0200 0.0200 0.0200 0.4262 0.0063 0.0000 0.0000 
 79       79   (0)      9 :  0.0000 0.0000 0.0000 0.0000 0.7490 0.0000 0.0000 0.0000 0.0000 0.0503 0.0000 0.2007 0.0000 0.0000 0.0000 
 80       80   (0)      9 :  0.8800 0.0000 0.0000 0.0000 0.0000 0.0000 0.0000 0.0000 0.0000 0.0000 0.0000 0.0200 0.1000 0.0000 0.0000 
 81       81   (0)      9 :  0.0000 0.0000 0.0000 0.0000 0.6712 0.0000 0.0000 0.0000 0.0200 0.1000 0.0000 0.2088 0.0000 0.0000 0.0000 
 82       82   (0)      9 :  0.0000 0.0000 0.0000 0.0000 0.0000 0.0000 0.0000 0.0000 0.0000 0.0000 0.0000 0.0000 0.3391 0.0000 0.6609 
 83       83   (0)      9 :  0.0000 0.0082 0.3939 0.1279 0.0000 0.2488 0.0000 0.0045 0.0000 0.1128 0.0240 0.0200 0.0584 0.0015 0.0000 
 84       84   (0)      9 :  0.0000 0.0508 0.0000 0.0000 0.0000 0.0000 0.0019 0.9473 0.0000 0.0000 0.0000 0.0000 0.0000 0.0000 0.0000 
 85       85   (0)      9 :  0.0000 0.0000 0.0600 0.1196 0.0000 0.6620 0.0000 0.0000 0.0000 0.1585 0.0000 0.0000 0.0000 0.0000 0.0000 
 86       86   (0)      9 :  0.0000 0.0000 0.0538 0.3726 0.0000 0.3123 0.0000 0.0000 0.0000 0.2413 0.0000 0.0000 0.0200 0.0000 0.0000 
 87       87   (0)      9 :  0.0000 0.0000 0.0612 0.3299 0.0000 0.4083 0.0000 0.0000 0.0000 0.1739 0.0000 0.0000 0.0267 0.0000 0.0000 
 88       88   (0)      9 :  0.0000 0.0000 0.0000 0.0000 0.7542 0.0000 0.0000 0.0000 0.0000 0.0200 0.0200 0.1917 0.0141 0.0000 0.0000 
 89       89   (0)      9 :  0.0000 0.0000 0.0000 0.0000 0.7806 0.0000 0.0000 0.0000 0.0000 0.0475 0.0000 0.1644 0.0075 0.0000 0.0000 
 90       90   (0)      9 :  0.0000 0.0000 0.0313 0.4832 0.0000 0.1017 0.0000 0.0000 0.0000 0.0410 0.0286 0.0091 0.0379 0.2672 0.0000 
 91       91   (0)      9 :  0.8800 0.0000 0.0000 0.0000 0.0000 0.0000 0.0000 0.0000 0.0000 0.0000 0.0800 0.0000 0.0400 0.0000 0.0000 
 92       92   (0)     10 :  0.0000 0.4299 0.0048 0.0267 0.1382 0.0000 0.0000 0.0141 0.0000 0.0024 0.1721 0.1831 0.0287 0.0000 0.0000 
 93       93   (0)     11 :  0.0000 0.5723 0.0000 0.0197 0.0000 0.0000 0.0000 0.1098 0.0000 0.0046 0.1857 0.0437 0.0406 0.0000 0.0237 
 94       94   (0)     11 :  0.0000 0.0000 0.0000 0.0000 0.0000 0.0000 0.6352 0.1030 0.0000 0.0000 0.2618 0.0000 0.0000 0.0000 0.0000 
 95       95   (0)     11 :  0.0000 0.0340 0.0000 0.0000 0.0000 0.0000 0.0060 0.7600 0.0000 0.0400 0.1600 0.0000 0.0000 0.0000 0.0000 
 96       96   (0)     12 :  0.0000 0.0000 0.0000 0.0000 0.0000 0.0000 1.0000 0.0000 0.0000 0.0000 0.0000 0.0000 0.0000 0.0000 0.0000 
 97       97   (0)     12 :  0.0000 0.0000 0.0000 0.0000 0.0000 0.0000 1.0000 0.0000 0.0000 0.0000 0.0000 0.0000 0.0000 0.0000 0.0000 
 98       98   (0)     12 :  0.0000 0.0000 0.0000 0.0000 0.0000 0.0000 1.0000 0.0000 0.0000 0.0000 0.0000 0.0000 0.0000 0.0000 0.0000 
 99       99   (0)     12 :  0.0000 0.0000 0.0000 0.0000 0.0000 0.0000 0.9915 0.0000 0.0000 0.0000 0.0085 0.0000 0.0000 0.0000 0.0000 
100      100   (0)     12 :  0.0000 0.0000 0.0000 0.0000 0.0000 0.0000 0.0000 0.0000 0.0000 0.0000 0.0000 0.0000 0.0000 0.0000 1.0000 
101      101   (0)     13 :  0.0000 0.0000 0.0000 0.0000 0.0000 0.0000 0.0000 0.0000 0.0000 0.0000 0.0029 0.0000 0.3600 0.0000 0.6371 
102      102   (0)     13 :  0.0000 0.0000 0.0000 0.0000 0.0000 0.0000 0.8260 0.0000 0.0000 0.0000 0.1740 0.0000 0.0000 0.0000 0.0000 
103      103   (0)     14 :  0.0038 0.0248 0.0000 0.0000 0.3435 0.0000 0.0000 0.0000 0.0200 0.0632 0.0841 0.4066 0.0541 0.0000 0.0000 
104      104   (0)     14 :  0.0000 0.0000 0.0000 0.0000 0.0000 0.0000 0.0000 0.0000 0.0000 0.0000 0.0000 0.0000 0.2469 0.0000 0.7531 
105      105   (0)     14 :  0.0061 0.1971 0.0000 0.0000 0.0000 0.0000 0.0006 0.0004 0.0019 0.0133 0.0374 0.0000 0.3037 0.0000 0.4396 
106      106   (0)     14 :  0.0000 0.0000 0.0000 0.0000 0.0000 0.0000 0.0000 0.0400 0.9600 0.0000 0.0000 0.0000 0.0000 0.0000 0.0000 
107      107   (0)     14 :  0.9200 0.0000 0.0000 0.0000 0.0000 0.0000 0.0000 0.0000 0.0000 0.0000 0.0400 0.0000 0.0400 0.0000 0.0000 
108      108   (0)     15 :  0.0000 0.9800 0.0000 0.0000 0.0000 0.0000 0.0000 0.0000 0.0000 0.0200 0.0000 0.0000 0.0000 0.0000 0.0000 
109      109   (0)     15 :  0.0000 0.0000 0.0000 0.0000 0.0000 0.0000 0.0000 0.0191 0.4664 0.0000 0.0000 0.0000 0.0000 0.0000 0.5145 
110      110   (0)     15 :  0.0000 0.0000 0.0000 0.0000 0.0000 0.0000 0.0000 0.0000 0.0000 0.0000 0.0000 0.0000 0.0337 0.0000 0.9663 
111      111   (0)     15 :  0.0000 0.0000 0.2057 0.4337 0.0000 0.1868 0.0000 0.0000 0.0000 0.1138 0.0400 0.0000 0.0200 0.0000 0.0000 
112      112   (0)     15 :  0.0000 0.0456 0.0000 0.0000 0.2688 0.0000 0.0814 0.0000 0.0085 0.0731 0.2028 0.2474 0.0724 0.0000 0.0000 
113      113   (0)     15 :  0.0000 0.0000 0.0000 0.0000 0.0000 0.0000 0.0078 0.0085 0.0019 0.0000 0.0007 0.0000 0.0000 0.0000 0.9811 
114      114   (0)     15 :  0.0000 0.0000 0.0000 0.0000 0.0000 0.0000 0.0000 0.0400 0.9600 0.0000 0.0000 0.0000 0.0000 0.0000 0.0000 
