1        1   (0)      1  : 0.1103 0.0000 0.0000 0.3897 0.0000 0.0000 0.0000 0.0000 0.0000 0.2500 0.2500
2        2   (0)      1  : 0.0000 0.0000 0.0253 0.0000 0.0471 0.0000 0.0000 0.9276 0.0000 0.0000 0.0000
3        3   (0)      1  : 0.0000 0.0000 0.0000 0.0000 0.0000 0.3682 0.0000 0.0000 0.5000 0.1318 0.0000
4        4   (0)      1  : 0.0000 0.0000 0.0000 0.5000 0.0000 0.2500 0.0000 0.0000 0.0000 0.0000 0.2500
5        5   (0)      1  : 0.6075 0.0000 0.0000 0.3925 0.0000 0.0000 0.0000 0.0000 0.0000 0.0000 0.0000
6        6   (0)      1  : 0.0000 0.0000 0.0000 0.7500 0.0000 0.0000 0.0000 0.0000 0.2500 0.0000 0.0000
7        7   (0)      1  : 0.0000 0.0000 0.0000 0.0000 0.0000 1.0000 0.0000 0.0000 0.0000 0.0000 0.0000
8        8   (0)      1  : 0.0000 0.0000 0.0000 0.2500 0.0000 0.3237 0.0000 0.0000 0.3634 0.0000 0.0629
9        9   (0)      1  : 0.3408 0.0000 0.0000 0.1278 0.0000 0.1991 0.0000 0.0000 0.0912 0.0276 0.2135
10       10   (0)      1  : 0.0000 0.0000 0.0000 0.0000 0.0000 0.5000 0.0000 0.0000 0.0000 0.0000 0.5000
11       11   (0)      1  : 0.4686 0.0000 0.0323 0.2315 0.0000 0.0864 0.0000 0.1040 0.0489 0.0000 0.0283
12       12   (0)      1  : 0.0000 0.0000 0.0000 0.0000 0.0000 0.0000 0.0000 1.0000 0.0000 0.0000 0.0000
13       13   (0)      1  : 0.0868 0.0000 0.0000 0.0000 0.0000 0.9132 0.0000 0.0000 0.0000 0.0000 0.0000
14       14   (0)      2  : 0.2700 0.0000 0.0000 0.0000 0.0000 0.0000 0.0000 0.0000 0.4800 0.2500 0.0000
15       15   (0)      2  : 0.0000 0.0000 0.0000 0.0000 0.0000 0.0000 1.0000 0.0000 0.0000 0.0000 0.0000
16       16   (0)      2  : 0.8599 0.0000 0.0000 0.0000 0.0000 0.1401 0.0000 0.0000 0.0000 0.0000 0.0000
17       17   (0)      2  : 0.1303 0.0000 0.0000 0.6197 0.0000 0.0000 0.0000 0.0000 0.2500 0.0000 0.0000
18       18   (0)      2  : 0.2500 0.0000 0.0000 0.7500 0.0000 0.0000 0.0000 0.0000 0.0000 0.0000 0.0000
19       19   (0)      2  : 0.2500 0.0000 0.0000 0.0000 0.0000 0.0000 0.0000 0.0000 0.3915 0.1085 0.2500
20       20   (0)      2  : 0.2378 0.0000 0.0392 0.0909 0.0000 0.4141 0.0000 0.0051 0.1103 0.0317 0.0709
21       21   (0)      2  : 0.3173 0.0000 0.0000 0.4598 0.0000 0.1236 0.0000 0.0131 0.0405 0.0000 0.0457
22       22   (0)      2  : 0.1460 0.0000 0.0912 0.1691 0.0000 0.3781 0.0000 0.0000 0.0889 0.0343 0.0924
23       23   (0)      2  : 0.2808 0.0000 0.4390 0.2803 0.0000 0.0000 0.0000 0.0000 0.0000 0.0000 0.0000
24       24   (0)      2  : 0.6038 0.0000 0.0000 0.2926 0.0000 0.0587 0.0000 0.0000 0.0449 0.0000 0.0000
25       25   (0)      2  : 0.4435 0.0000 0.0000 0.3100 0.0000 0.1749 0.0000 0.0000 0.0000 0.0000 0.0715
26       26   (0)      2  : 0.5910 0.0000 0.4090 0.0000 0.0000 0.0000 0.0000 0.0000 0.0000 0.0000 0.0000
27       27   (0)      2  : 0.9296 0.0000 0.0000 0.0704 0.0000 0.0000 0.0000 0.0000 0.0000 0.0000 0.0000
28       28   (0)      3  : 0.0000 1.0000 0.0000 0.0000 0.0000 0.0000 0.0000 0.0000 0.0000 0.0000 0.0000
29       29   (0)      3  : 0.0000 0.0000 0.0000 0.0000 0.0000 0.0000 0.0000 0.0000 1.0000 0.0000 0.0000
30       30   (0)      3  : 0.0000 0.0000 1.0000 0.0000 0.0000 0.0000 0.0000 0.0000 0.0000 0.0000 0.0000
31       31   (0)      3  : 0.0000 0.0000 0.5250 0.0000 0.0000 0.3581 0.0000 0.1169 0.0000 0.0000 0.0000
32       32   (0)      3  : 0.0000 0.0000 0.0000 0.0000 0.0000 0.0000 1.0000 0.0000 0.0000 0.0000 0.0000
33       33   (0)      3  : 0.1768 0.0000 0.0000 0.0000 0.0000 0.0000 0.0000 0.2500 0.0732 0.0000 0.5000
34       34   (0)      3  : 0.0000 0.0000 0.0000 0.0000 0.7500 0.0000 0.0000 0.0000 0.0000 0.2500 0.0000
35       35   (0)      3  : 0.0000 0.1929 0.0000 0.0000 0.5350 0.0000 0.0000 0.0000 0.0000 0.2721 0.0000
36       36   (0)      3  : 0.0000 0.0000 0.0000 0.0000 1.0000 0.0000 0.0000 0.0000 0.0000 0.0000 0.0000
37       37   (0)      3  : 0.5000 0.0000 0.0000 0.0000 0.0000 0.0000 0.0000 0.0000 0.5000 0.0000 0.0000
38       38   (0)      3  : 0.0000 0.0000 1.0000 0.0000 0.0000 0.0000 0.0000 0.0000 0.0000 0.0000 0.0000
39       39   (0)      3  : 0.0000 0.0000 1.0000 0.0000 0.0000 0.0000 0.0000 0.0000 0.0000 0.0000 0.0000
40       40   (0)      3  : 0.0000 0.0000 0.0000 0.0000 0.0000 0.0000 0.0000 0.0000 0.0000 0.0000 1.0000
41       41   (0)      3  : 0.0000 0.0000 0.0000 0.2500 0.0000 0.0000 0.0000 0.0000 0.0000 0.0000 0.7500
42       42   (0)      3  : 0.0000 0.0000 0.0000 0.0000 0.0000 0.0000 1.0000 0.0000 0.0000 0.0000 0.0000
43       43   (0)      3  : 0.0000 0.0459 0.0000 0.0000 0.1726 0.0000 0.0314 0.0000 0.0000 0.7500 0.0000
44       44   (0)      3  : 0.0000 0.0000 0.0000 0.6373 0.0000 0.2915 0.0000 0.0000 0.0000 0.0000 0.0712
45       45   (0)      3  : 1.0000 0.0000 0.0000 0.0000 0.0000 0.0000 0.0000 0.0000 0.0000 0.0000 0.0000
46       46   (0)      4  : 0.0000 1.0000 0.0000 0.0000 0.0000 0.0000 0.0000 0.0000 0.0000 0.0000 0.0000
47       47   (0)      4  : 0.0000 1.0000 0.0000 0.0000 0.0000 0.0000 0.0000 0.0000 0.0000 0.0000 0.0000
48       48   (0)      4  : 0.0000 0.0000 0.0000 0.2365 0.0000 0.6505 0.0000 0.0000 0.1130 0.0000 0.0000
49       49   (0)      4  : 0.0000 0.0000 0.0000 0.0000 0.0000 0.8656 0.0000 0.0860 0.0484 0.0000 0.0000
50       50   (0)      4  : 0.0000 0.0000 0.0099 0.6595 0.0000 0.2500 0.0000 0.0000 0.0000 0.0807 0.0000
51       51   (0)      4  : 0.1151 0.0000 0.0419 0.2116 0.0000 0.2977 0.0000 0.0000 0.2237 0.0709 0.0392
52       52   (0)      4  : 0.5000 0.0000 0.0000 0.3499 0.0000 0.0000 0.0000 0.0000 0.0000 0.0000 0.1501
53       53   (0)      4  : 0.0000 0.0000 0.0000 0.0000 0.0000 0.7500 0.0000 0.2500 0.0000 0.0000 0.0000
54       54   (0)      4  : 0.1041 0.0000 0.0000 0.0000 0.0000 0.8959 0.0000 0.0000 0.0000 0.0000 0.0000
55       55   (0)      4  : 0.0000 0.0000 0.6564 0.0000 0.0000 0.2555 0.0000 0.0881 0.0000 0.0000 0.0000
56       56   (0)      4  : 0.0000 0.0000 0.0000 0.0000 0.0000 0.5866 0.0000 0.2500 0.0000 0.1634 0.0000
57       57   (0)      5  : 0.1112 0.0000 0.0000 0.1942 0.0000 0.0000 0.0000 0.0286 0.1178 0.2500 0.2982
58       58   (0)      5  : 0.2581 0.0132 0.0000 0.1904 0.0000 0.0755 0.0000 0.0115 0.0727 0.2667 0.1119
59       59   (0)      5  : 0.5000 0.0000 0.0000 0.0000 0.0000 0.0000 0.0000 0.0000 0.5000 0.0000 0.0000
60       60   (0)      5  : 0.0000 1.0000 0.0000 0.0000 0.0000 0.0000 0.0000 0.0000 0.0000 0.0000 0.0000
61       61   (0)      5  : 0.0000 0.9525 0.0000 0.0000 0.0000 0.0000 0.0000 0.0000 0.0000 0.0475 0.0000
62       62   (0)      5  : 0.0000 0.0000 0.0000 0.0000 0.0000 0.0000 1.0000 0.0000 0.0000 0.0000 0.0000
63       63   (0)      6  : 0.0000 0.0000 0.0000 0.0000 0.8608 0.0000 0.0000 0.0000 0.0000 0.1392 0.0000
64       64   (0)      6  : 0.0000 1.0000 0.0000 0.0000 0.0000 0.0000 0.0000 0.0000 0.0000 0.0000 0.0000
65       65   (0)      6  : 0.0000 0.0000 0.0000 0.0000 1.0000 0.0000 0.0000 0.0000 0.0000 0.0000 0.0000
66       66   (0)      6  : 0.1706 0.6822 0.0000 0.0000 0.0203 0.0118 0.0284 0.0000 0.0020 0.0230 0.0617
67       67   (0)      6  : 0.0000 1.0000 0.0000 0.0000 0.0000 0.0000 0.0000 0.0000 0.0000 0.0000 0.0000
68       68   (0)      6  : 0.0000 0.7592 0.1238 0.0000 0.0892 0.0000 0.0000 0.0000 0.0000 0.0278 0.0000
69       69   (0)      6  : 0.1172 0.0632 0.0269 0.1274 0.0685 0.1696 0.0049 0.0183 0.2814 0.0194 0.1030
70       70   (0)      6  : 0.0000 1.0000 0.0000 0.0000 0.0000 0.0000 0.0000 0.0000 0.0000 0.0000 0.0000
71       71   (0)      6  : 0.0000 0.0000 0.0000 0.0000 0.0000 0.0000 0.0000 0.0000 0.5000 0.0000 0.5000
72       72   (0)      6  : 0.0000 1.0000 0.0000 0.0000 0.0000 0.0000 0.0000 0.0000 0.0000 0.0000 0.0000
73       73   (0)      6  : 0.0000 0.0000 0.0000 0.0000 0.7500 0.0000 0.0000 0.0000 0.0000 0.2500 0.0000
74       74   (0)      6  : 0.0000 0.8661 0.1339 0.0000 0.0000 0.0000 0.0000 0.0000 0.0000 0.0000 0.0000
75       75   (0)      6  : 0.0000 0.0000 0.0486 0.0000 0.9514 0.0000 0.0000 0.0000 0.0000 0.0000 0.0000
76       76   (0)      6  : 0.0000 0.8322 0.1678 0.0000 0.0000 0.0000 0.0000 0.0000 0.0000 0.0000 0.0000
77       77   (0)      6  : 0.0000 0.8175 0.1825 0.0000 0.0000 0.0000 0.0000 0.0000 0.0000 0.0000 0.0000
78       78   (0)      6  : 0.0000 0.0000 0.2116 0.0000 0.7119 0.0000 0.0000 0.0000 0.0000 0.0766 0.0000
79       79   (0)      6  : 0.0000 0.0000 0.0000 0.0000 1.0000 0.0000 0.0000 0.0000 0.0000 0.0000 0.0000
80       80   (0)      7  : 0.1835 0.0000 0.0000 0.5000 0.0000 0.0000 0.0000 0.0000 0.0000 0.0000 0.3165
81       81   (0)      8  : 0.0000 0.0000 0.0427 0.3700 0.0000 0.2481 0.0000 0.0000 0.0338 0.0722 0.2332
82       82   (0)      9  : 0.0000 0.0000 1.0000 0.0000 0.0000 0.0000 0.0000 0.0000 0.0000 0.0000 0.0000
83       83   (0)     10  : 0.1146 0.0000 0.1279 0.3054 0.0000 0.2912 0.0000 0.0300 0.0360 0.0622 0.0326
84       84   (0)     11  : 0.1098 0.0000 0.0000 0.1055 0.0000 0.0000 0.0000 0.2500 0.0387 0.1402 0.3558
85       85   (0)     11  : 0.0000 0.0000 0.4525 0.0973 0.0000 0.2497 0.0000 0.0000 0.0000 0.0000 0.2006
86       86   (0)     12  : 0.1406 0.0000 0.4394 0.0000 0.0000 0.0000 0.0000 0.0000 0.2780 0.1420 0.0000
87       87   (0)     12  : 0.2094 0.0000 0.1762 0.2660 0.0000 0.0518 0.0002 0.0259 0.1463 0.0286 0.0956
88       88   (0)     12  : 0.5000 0.0000 0.0000 0.0000 0.0000 0.0728 0.0000 0.0000 0.0970 0.0443 0.2859
89       89   (0)     12  : 0.0437 0.0000 0.1693 0.5461 0.0000 0.0527 0.0000 0.0115 0.1768 0.0000 0.0000
90       90   (0)     12  : 0.0000 0.0000 0.0000 0.0000 1.0000 0.0000 0.0000 0.0000 0.0000 0.0000 0.0000
91       91   (0)     12  : 0.0909 0.0000 0.0000 0.3566 0.0000 0.3025 0.0000 0.0000 0.2500 0.0000 0.0000
92       92   (0)     12  : 0.1295 0.0000 0.0000 0.2089 0.0000 0.3108 0.0000 0.0003 0.1573 0.1039 0.0892
93       93   (0)     12  : 0.2500 0.0000 0.0000 0.0000 0.0000 0.0000 0.0000 0.0000 0.7500 0.0000 0.0000
94       94   (0)     13  : 0.1082 0.0000 0.0000 0.3918 0.0000 0.1327 0.0000 0.0000 0.0000 0.0000 0.3673
