  1        1   (0)      1 :  0.0794 0.1810 0.0586 0.0659 0.0000 0.0200 0.0104 0.0000 0.0000 0.3397 0.0000 0.0000 0.0951 0.0000 0.1498 
  2        2   (0)      1 :  0.1003 0.0056 0.0260 0.0017 0.1198 0.0009 0.0793 0.0851 0.2649 0.0033 0.1238 0.0101 0.0000 0.1791 0.0000 
  3        3   (0)      1 :  0.0462 0.0453 0.2325 0.1982 0.0000 0.0000 0.0000 0.0000 0.0000 0.2787 0.0000 0.0000 0.0000 0.0000 0.1991 
  4        4   (0)      1 :  0.0253 0.0949 0.0989 0.4264 0.0000 0.0047 0.0000 0.0000 0.0000 0.1023 0.0000 0.0000 0.0000 0.0000 0.2475 
  5        5   (0)      1 :  0.0278 0.0800 0.0226 0.8461 0.0008 0.0000 0.0000 0.0000 0.0000 0.0224 0.0000 0.0003 0.0000 0.0000 0.0000 
  6        6   (0)      1 :  0.1115 0.0000 0.0000 0.0000 0.1356 0.0000 0.1472 0.3107 0.0857 0.0000 0.1645 0.0000 0.0000 0.0439 0.0008 
  7        7   (0)      1 :  0.0597 0.1033 0.0666 0.0371 0.0000 0.0099 0.0018 0.0000 0.0000 0.1991 0.0008 0.0000 0.0000 0.0000 0.5218 
  8        8   (0)      1 :  0.0186 0.0000 0.0448 0.0001 0.0882 0.0000 0.1553 0.3443 0.1113 0.0000 0.1130 0.0000 0.0000 0.1237 0.0007 
  9        9   (0)      1 :  0.0600 0.2232 0.1442 0.0278 0.0000 0.0200 0.0000 0.0000 0.0000 0.2275 0.0000 0.0000 0.0000 0.0000 0.2973 
 10       10   (0)      2 :  0.0800 0.1698 0.1000 0.2800 0.0000 0.0400 0.0200 0.0000 0.0000 0.0600 0.0000 0.0000 0.0000 0.0000 0.2502 
 11       11   (0)      2 :  0.0000 0.1800 0.0686 0.0800 0.0000 0.0000 0.0200 0.0000 0.0000 0.1400 0.0000 0.0000 0.0000 0.0000 0.5114 
 12       12   (0)      2 :  0.0600 0.0000 0.0000 0.0000 0.0472 0.0000 0.0600 0.0200 0.1445 0.0000 0.0200 0.0000 0.0000 0.6483 0.0000 
 13       13   (0)      3 :  0.1000 0.1800 0.0400 0.1371 0.0000 0.0216 0.0000 0.0000 0.0000 0.1351 0.0000 0.0000 0.0000 0.0000 0.3863 
 14       14   (0)      3 :  0.0000 0.0000 0.0000 0.0000 0.0000 0.0200 0.0200 0.0000 0.0000 0.0000 0.0000 0.9600 0.0000 0.0000 0.0000 
 15       15   (0)      3 :  0.0732 0.0000 0.0600 0.0000 0.0000 0.0209 0.1215 0.2515 0.1196 0.0000 0.2839 0.0000 0.0000 0.0694 0.0000 
 16       16   (0)      3 :  0.0000 0.0000 0.0000 0.0000 0.0000 0.0000 0.0000 0.0000 0.0000 0.0000 0.0000 0.0000 1.0000 0.0000 0.0000 
 17       17   (0)      4 :  0.0679 0.0000 0.0082 0.0000 0.0487 0.0065 0.0541 0.0451 0.0000 0.0000 0.0044 0.2560 0.5042 0.0049 0.0000 
 18       18   (0)      4 :  0.0630 0.0006 0.0074 0.0000 0.1612 0.0082 0.0766 0.1075 0.1019 0.0000 0.3850 0.0056 0.0000 0.0825 0.0004 
 19       19   (0)      5 :  0.0850 0.0000 0.0203 0.0000 0.0868 0.0007 0.0867 0.1065 0.2027 0.0000 0.3996 0.0000 0.0000 0.0116 0.0000 
 20       20   (0)      5 :  0.0000 0.0350 0.0000 0.0136 0.0000 0.9315 0.0000 0.0000 0.0000 0.0000 0.0000 0.0199 0.0000 0.0000 0.0000 
 21       21   (0)      5 :  0.0000 0.0800 0.3800 0.1800 0.0000 0.0000 0.0000 0.0000 0.0000 0.2000 0.0000 0.0000 0.0000 0.0000 0.1600 
 22       22   (0)      5 :  0.0476 0.1537 0.0985 0.3571 0.0075 0.0006 0.0216 0.0000 0.0004 0.0668 0.0000 0.0000 0.0000 0.0010 0.2451 
 23       23   (0)      5 :  0.0200 0.0482 0.2997 0.3472 0.0000 0.0000 0.0000 0.0000 0.0000 0.1162 0.0000 0.0000 0.0000 0.0000 0.1686 
 24       24   (0)      5 :  0.0497 0.2600 0.1588 0.1098 0.0000 0.0037 0.0207 0.0000 0.0000 0.1527 0.0000 0.0029 0.0000 0.0000 0.2416 
 25       25   (0)      5 :  0.0021 0.1850 0.1680 0.0490 0.0000 0.0137 0.0000 0.0000 0.0000 0.4944 0.0000 0.0000 0.0106 0.0000 0.0772 
 26       26   (0)      5 :  0.0416 0.1425 0.1398 0.0374 0.1014 0.0013 0.0215 0.0942 0.0963 0.0964 0.1112 0.0000 0.0000 0.0346 0.0820 
 27       27   (0)      5 :  0.0201 0.0000 0.0007 0.0000 0.0005 0.0000 0.0007 0.0007 0.0003 0.0000 0.0002 0.0000 0.9759 0.0011 0.0000 
 28       28   (0)      5 :  0.0000 0.0000 0.0000 0.0000 0.0000 0.0000 0.0000 0.0000 0.0000 0.0000 0.0000 0.0000 1.0000 0.0000 0.0000 
 29       29   (0)      5 :  0.0411 0.0000 0.0200 0.0000 0.2033 0.0000 0.2592 0.0813 0.0923 0.0000 0.2140 0.0103 0.0081 0.0705 0.0000 
 30       30   (0)      5 :  0.0648 0.0000 0.0000 0.0000 0.0825 0.0002 0.1603 0.0000 0.2067 0.0000 0.1357 0.0000 0.0000 0.3497 0.0000 
 31       31   (0)      5 :  0.1090 0.2048 0.0129 0.0329 0.1507 0.0502 0.0910 0.0288 0.0783 0.0129 0.0496 0.0005 0.0000 0.0387 0.1398 
 32       32   (0)      5 :  0.0213 0.5250 0.1094 0.2172 0.0000 0.0532 0.0000 0.0001 0.0000 0.0313 0.0000 0.0000 0.0000 0.0004 0.0421 
 33       33   (0)      5 :  0.1663 0.0000 0.0000 0.0000 0.1400 0.0006 0.0548 0.1939 0.2109 0.0000 0.1096 0.0000 0.0000 0.1239 0.0000 
 34       34   (0)      5 :  0.0323 0.0000 0.0000 0.0000 0.5421 0.0000 0.0205 0.0267 0.2143 0.0000 0.0630 0.0000 0.0000 0.1012 0.0000 
 35       35   (0)      5 :  0.0400 0.0000 0.0000 0.0000 0.1421 0.0000 0.0248 0.1450 0.2252 0.0000 0.2091 0.0001 0.0000 0.2136 0.0000 
 36       36   (0)      6 :  0.0197 0.0000 0.0268 0.0000 0.2052 0.0000 0.1139 0.1475 0.0632 0.0009 0.0524 0.0000 0.0074 0.3630 0.0000 
 37       37   (0)      6 :  0.0000 0.0000 0.0000 0.0000 0.0000 0.0000 0.0000 0.0000 0.0000 0.0000 0.0000 0.0000 1.0000 0.0000 0.0000 
 38       38   (0)      6 :  0.0894 0.0000 0.0000 0.0000 0.1754 0.0000 0.0328 0.0817 0.3049 0.0000 0.3047 0.0000 0.0000 0.0112 0.0000 
 39       39   (0)      6 :  0.0551 0.0739 0.0878 0.0751 0.1262 0.0018 0.0994 0.0695 0.0359 0.0596 0.0762 0.0000 0.0000 0.1007 0.1387 
 40       40   (0)      6 :  0.0329 0.0000 0.0110 0.0000 0.6590 0.0000 0.1049 0.0402 0.0473 0.0008 0.0343 0.0000 0.0000 0.0697 0.0000 
 41       41   (0)      6 :  0.0245 0.0000 0.0200 0.0000 0.1889 0.0071 0.1538 0.3388 0.0600 0.0000 0.0648 0.0025 0.0000 0.1395 0.0000 
 42       42   (0)      6 :  0.0200 0.0000 0.0200 0.0012 0.8556 0.0000 0.0482 0.0000 0.0368 0.0021 0.0028 0.0000 0.0000 0.0132 0.0001 
 43       43   (0)      6 :  0.0540 0.0000 0.0276 0.0012 0.3361 0.0000 0.0443 0.1127 0.0334 0.0000 0.3092 0.0028 0.0000 0.0774 0.0011 
 44       44   (0)      6 :  0.0888 0.0000 0.0400 0.0000 0.3671 0.0000 0.1761 0.0994 0.0421 0.0000 0.0224 0.0002 0.0000 0.1639 0.0000 
 45       45   (0)      6 :  0.0093 0.0000 0.0200 0.0000 0.1313 0.0000 0.0866 0.0547 0.2251 0.0000 0.1164 0.0000 0.0000 0.3566 0.0000 
 46       46   (0)      6 :  0.0000 0.0337 0.0200 0.0132 0.0000 0.9115 0.0000 0.0000 0.0000 0.0000 0.0000 0.0217 0.0000 0.0000 0.0000 
 47       47   (0)      6 :  0.0200 0.0000 0.0025 0.0000 0.1205 0.0000 0.0072 0.0327 0.6137 0.0000 0.1634 0.0000 0.0000 0.0400 0.0000 
 48       48   (0)      7 :  0.0791 0.0000 0.0254 0.0000 0.1205 0.0003 0.1594 0.3560 0.0585 0.0000 0.0664 0.0000 0.0000 0.1344 0.0000 
 49       49   (0)      7 :  0.0911 0.1820 0.1218 0.1072 0.1109 0.0192 0.0272 0.0068 0.1311 0.0708 0.0401 0.0000 0.0000 0.0199 0.0718 
 50       50   (0)      7 :  0.0991 0.0000 0.0409 0.0000 0.1162 0.0000 0.0895 0.3538 0.0304 0.0000 0.1734 0.0000 0.0000 0.0951 0.0015 
 51       51   (0)      8 :  0.0410 0.0001 0.0008 0.0000 0.0266 0.0023 0.0405 0.1544 0.0884 0.0000 0.0507 0.0000 0.0282 0.5670 0.0000 
 52       52   (0)      8 :  0.0157 0.0002 0.0032 0.0000 0.1659 0.0000 0.0534 0.1992 0.0955 0.0001 0.0336 0.0000 0.1366 0.2966 0.0000 
 53       53   (0)      9 :  0.0538 0.0000 0.0800 0.0000 0.0136 0.0000 0.2800 0.1195 0.1252 0.0000 0.0453 0.0000 0.0000 0.2825 0.0000 
 54       54   (0)     10 :  0.2000 0.0000 0.0000 0.0000 0.1800 0.0000 0.1293 0.3107 0.0400 0.0000 0.0600 0.0000 0.0000 0.0800 0.0000 
 55       55   (0)     10 :  0.0400 0.1072 0.0818 0.2671 0.0000 0.0224 0.0200 0.0000 0.0000 0.1000 0.0000 0.0000 0.0000 0.0000 0.3615 
 56       56   (0)     10 :  0.0200 0.0000 0.0000 0.0000 0.0000 0.0000 0.0000 0.0000 0.0000 0.0000 0.0000 0.0000 0.9800 0.0000 0.0000 
 57       57   (0)     10 :  0.0000 0.0000 0.0000 0.0000 0.0000 0.0000 0.0000 0.0094 0.0086 0.0000 0.9820 0.0000 0.0000 0.0000 0.0000 
 58       58   (0)     11 :  0.0438 0.0005 0.0052 0.0019 0.2334 0.0000 0.0734 0.1515 0.1360 0.0007 0.0443 0.0000 0.0867 0.2216 0.0007 
 59       59   (0)     11 :  0.0346 0.1527 0.1042 0.0985 0.0000 0.0024 0.0043 0.0023 0.0006 0.4445 0.0003 0.0000 0.0380 0.0052 0.1124 
 60       60   (0)     11 :  0.0025 0.0000 0.0000 0.0000 0.0141 0.0022 0.0042 0.0359 0.0171 0.0000 0.0064 0.0000 0.8955 0.0220 0.0000 
 61       61   (0)     11 :  0.0200 0.0000 0.0000 0.0000 0.1276 0.0000 0.0400 0.4146 0.2054 0.0000 0.0724 0.0000 0.0000 0.1200 0.0000 
 62       62   (0)     11 :  0.0600 0.0000 0.0600 0.0000 0.0733 0.0000 0.1366 0.0697 0.1534 0.0000 0.2876 0.0000 0.0005 0.1590 0.0000 
 63       63   (0)     11 :  0.0424 0.0000 0.0162 0.0000 0.0293 0.0000 0.0718 0.0546 0.0717 0.0000 0.0444 0.0000 0.2619 0.4077 0.0000 
 64       64   (0)     11 :  0.0800 0.0000 0.0200 0.0000 0.0394 0.0000 0.2511 0.0731 0.1489 0.0000 0.2011 0.0001 0.0000 0.1863 0.0000 
 65       65   (0)     11 :  0.0200 0.0000 0.0000 0.0000 0.0000 0.0000 0.0000 0.0000 0.0000 0.0000 0.0000 0.0000 0.9800 0.0000 0.0000 
 66       66   (0)     11 :  0.1200 0.0000 0.0200 0.0000 0.0700 0.0000 0.0912 0.0443 0.1656 0.0000 0.0544 0.0000 0.0007 0.4337 0.0000 
 67       67   (0)     11 :  0.0400 0.1200 0.0800 0.0415 0.0000 0.0000 0.0000 0.0000 0.0000 0.6985 0.0000 0.0000 0.0000 0.0000 0.0200 
 68       68   (0)     11 :  0.0608 0.0418 0.0882 0.0784 0.0000 0.0024 0.0000 0.0000 0.0000 0.2698 0.0000 0.0000 0.3945 0.0000 0.0641 
 69       69   (0)     11 :  0.1047 0.0000 0.0100 0.0000 0.0279 0.0116 0.0564 0.0603 0.1025 0.0000 0.0938 0.0000 0.4812 0.0515 0.0000 
 70       70   (0)     11 :  0.1431 0.0000 0.0400 0.0000 0.0959 0.0200 0.1800 0.1196 0.1154 0.0000 0.2200 0.0000 0.0000 0.0659 0.0000 
 71       71   (0)     11 :  0.0512 0.1394 0.1025 0.0834 0.0000 0.0228 0.0075 0.0000 0.0000 0.4442 0.0000 0.0000 0.0932 0.0000 0.0557 
 72       72   (0)     12 :  0.0328 0.2301 0.0785 0.3421 0.0003 0.0000 0.0042 0.0000 0.0000 0.1259 0.0000 0.0000 0.0000 0.0006 0.1856 
 73       73   (0)     12 :  0.0800 0.1030 0.0693 0.4704 0.0000 0.0000 0.0000 0.0000 0.0000 0.0554 0.0000 0.0000 0.0000 0.0000 0.2219 
 74       74   (0)     12 :  0.1000 0.1248 0.1821 0.2671 0.0000 0.0000 0.0200 0.0000 0.0000 0.1512 0.0000 0.0000 0.0000 0.0000 0.1548 
 75       75   (0)     12 :  0.0469 0.1761 0.0473 0.0884 0.0910 0.0014 0.0515 0.0565 0.0800 0.0901 0.0145 0.0000 0.1013 0.0926 0.0625 
 76       76   (0)     12 :  0.0620 0.2438 0.2119 0.1790 0.0000 0.0156 0.0000 0.0000 0.0000 0.1800 0.0000 0.0000 0.0007 0.0000 0.1070 
 77       77   (0)     12 :  0.0600 0.0000 0.0000 0.0000 0.0724 0.0000 0.1400 0.3451 0.1476 0.0000 0.0461 0.0000 0.0000 0.1888 0.0000 
 78       78   (0)     12 :  0.0260 0.0024 0.0015 0.0109 0.1738 0.0000 0.1043 0.2986 0.0827 0.0039 0.0539 0.0000 0.0079 0.2290 0.0052 
 79       79   (0)     12 :  0.0800 0.0818 0.2000 0.1127 0.0000 0.0000 0.0000 0.0000 0.0000 0.3373 0.0000 0.0000 0.0000 0.0000 0.1883 
 80       80   (0)     12 :  0.0379 0.0045 0.0118 0.0029 0.0792 0.0002 0.1026 0.1616 0.0880 0.0102 0.0950 0.0000 0.0801 0.3238 0.0023 
 81       81   (0)     13 :  0.0000 0.0000 0.0000 0.0000 0.0000 0.0000 0.0000 0.0000 0.0000 0.0000 0.0000 0.0000 1.0000 0.0000 0.0000 
 82       82   (0)     13 :  0.0400 0.7927 0.0200 0.0507 0.0000 0.0000 0.0000 0.0000 0.0000 0.0694 0.0000 0.0024 0.0000 0.0000 0.0248 
 83       83   (0)     13 :  0.0032 0.1934 0.1006 0.0252 0.0000 0.0000 0.0400 0.0000 0.0000 0.5749 0.0000 0.0000 0.0046 0.0000 0.0581 
 84       84   (0)     13 :  0.1072 0.3161 0.1579 0.0732 0.0000 0.0413 0.0200 0.0000 0.0000 0.1633 0.0000 0.0000 0.0000 0.0000 0.1211 
 85       85   (0)     13 :  0.0074 0.6045 0.0955 0.0629 0.0000 0.0003 0.0212 0.0000 0.0000 0.0177 0.0000 0.0000 0.0000 0.0000 0.1905 
 86       86   (0)     13 :  0.0265 0.4976 0.0922 0.0799 0.0000 0.0000 0.0098 0.0000 0.0000 0.2081 0.0000 0.0000 0.0000 0.0000 0.0859 
 87       87   (0)     13 :  0.0353 0.0007 0.0010 0.0010 0.2328 0.0004 0.0250 0.1761 0.3496 0.0060 0.0969 0.0000 0.0000 0.0723 0.0028 
 88       88   (0)     13 :  0.0800 0.3498 0.0901 0.1681 0.0000 0.0258 0.0058 0.0000 0.0000 0.0660 0.0000 0.0000 0.0000 0.0000 0.2145 
 89       89   (0)     13 :  0.0200 0.1651 0.1858 0.2034 0.0000 0.0000 0.0038 0.0000 0.0000 0.1021 0.0000 0.0000 0.0000 0.0000 0.3198 
 90       90   (0)     13 :  0.0200 0.1108 0.1966 0.3256 0.0000 0.0032 0.0000 0.0000 0.0000 0.0860 0.0000 0.0000 0.0000 0.0000 0.2577 
 91       91   (0)     13 :  0.0853 0.2830 0.0246 0.0464 0.0000 0.0046 0.0000 0.0000 0.0000 0.0652 0.0000 0.0000 0.3705 0.0000 0.1205 
 92       92   (0)     13 :  0.0212 0.1927 0.1487 0.0522 0.0000 0.0000 0.0200 0.0028 0.0015 0.1387 0.0011 0.0000 0.0000 0.0026 0.4184 
 93       93   (0)     13 :  0.0683 0.0023 0.0000 0.0006 0.0393 0.0000 0.1152 0.1239 0.2866 0.0000 0.2542 0.0000 0.0000 0.1098 0.0000 
 94       94   (0)     13 :  0.0090 0.3015 0.0992 0.1310 0.0000 0.0000 0.0200 0.0000 0.0000 0.1393 0.0000 0.0000 0.0000 0.0000 0.3000 
 95       95   (0)     14 :  0.0628 0.0000 0.0115 0.0000 0.0067 0.0000 0.1502 0.1581 0.1646 0.0000 0.3142 0.0007 0.0000 0.1311 0.0000 
 96       96   (0)     14 :  0.0086 0.3263 0.0944 0.1139 0.0000 0.0200 0.0003 0.0000 0.0000 0.0702 0.0000 0.0000 0.0000 0.0000 0.3663 
 97       97   (0)     15 :  0.0000 0.0000 0.0000 0.0000 0.0000 0.0000 0.0000 0.0000 0.0000 0.0000 0.0000 0.0000 1.0000 0.0000 0.0000 
 98       98   (0)     15 :  0.0200 0.0000 0.0000 0.0000 0.5361 0.0000 0.1000 0.0922 0.1018 0.0000 0.1019 0.0000 0.0000 0.0479 0.0000 
 99       99   (0)     15 :  0.0555 0.0654 0.1200 0.1232 0.0000 0.0200 0.0401 0.0000 0.0000 0.0335 0.0000 0.4667 0.0000 0.0000 0.0756 
100      100   (0)     15 :  0.1332 0.0000 0.0000 0.0000 0.1298 0.0000 0.1575 0.3676 0.0344 0.0000 0.1309 0.0003 0.0000 0.0462 0.0000 
101      101   (0)     15 :  0.0200 0.0000 0.0000 0.0000 0.0000 0.0200 0.0400 0.0000 0.0000 0.0000 0.0000 0.9200 0.0000 0.0000 0.0000 
102      102   (0)     15 :  0.0009 0.0000 0.0000 0.0000 0.3224 0.0001 0.1030 0.0243 0.4183 0.0000 0.1041 0.0018 0.0000 0.0251 0.0000 
103      103   (0)     15 :  0.0821 0.0000 0.0027 0.0011 0.1366 0.0020 0.1055 0.0541 0.5243 0.0000 0.0908 0.0009 0.0000 0.0000 0.0000 
104      104   (0)     15 :  0.0000 0.0000 0.0000 0.0000 0.0000 0.0000 0.0000 0.0000 0.0000 0.0000 0.0000 1.0000 0.0000 0.0000 0.0000 
105      105   (0)     15 :  0.0000 0.0000 0.0000 0.0000 0.0000 0.0000 0.0000 0.0000 0.0000 0.0000 0.0000 1.0000 0.0000 0.0000 0.0000 
