  1        1   (0)      1 :  0.0000 0.0000 0.0000 0.7324 0.0000 0.0000 0.0000 0.0000 0.0000 0.0000 0.2676 0.0000 0.0000 0.0000 0.0000 0.0000 
  2        2   (0)      2 :  0.8400 0.0000 0.0000 0.0000 0.0000 0.0000 0.0000 0.0000 0.0000 0.0400 0.0400 0.0000 0.0144 0.0256 0.0000 0.0400 
  3        3   (0)      2 :  0.0000 0.0000 0.0000 0.0000 0.0000 0.0767 0.0000 0.0000 0.8278 0.0179 0.0000 0.0000 0.0000 0.0000 0.0777 0.0000 
  4        4   (0)      3 :  0.0000 0.0000 0.0000 0.0000 0.0000 0.0201 0.0000 0.7115 0.0445 0.0000 0.0379 0.0291 0.0000 0.0836 0.0620 0.0113 
  5        5   (0)      3 :  0.0000 0.0007 0.0000 0.0000 0.0000 0.0710 0.0000 0.6821 0.0537 0.0219 0.0550 0.0000 0.0000 0.0189 0.0923 0.0044 
  6        6   (0)      3 :  0.0000 0.0000 0.0190 0.0000 0.0000 0.0492 0.0000 0.6239 0.0769 0.0066 0.0264 0.0000 0.0000 0.0200 0.1567 0.0212 
  7        7   (0)      3 :  0.0705 0.0000 0.0000 0.0000 0.0000 0.0000 0.4806 0.0000 0.0000 0.0479 0.0200 0.0010 0.0123 0.0249 0.0000 0.3429 
  8        8   (0)      3 :  0.0109 0.0000 0.0012 0.0000 0.0000 0.1643 0.0000 0.6268 0.0737 0.0000 0.0950 0.0000 0.0000 0.0000 0.0113 0.0168 
  9        9   (0)      3 :  0.0000 0.0003 0.0000 0.0000 0.0000 0.0747 0.0000 0.2217 0.3876 0.0881 0.0323 0.0000 0.0000 0.0173 0.1742 0.0037 
 10       10   (0)      4 :  0.0000 0.0000 0.0000 0.0000 0.0000 0.0656 0.0000 0.5579 0.0761 0.0542 0.0400 0.0000 0.0000 0.0443 0.1599 0.0020 
 11       11   (0)      4 :  0.0000 0.4491 0.0000 0.0000 0.0000 0.0755 0.0000 0.0262 0.2265 0.0573 0.0445 0.0000 0.0000 0.0000 0.1191 0.0018 
 12       12   (0)      4 :  0.0000 0.0000 0.0000 0.0000 0.0000 0.1380 0.0000 0.0732 0.5351 0.0231 0.0109 0.0000 0.0000 0.0200 0.1997 0.0000 
 13       13   (0)      4 :  0.0000 0.0000 0.0000 0.0000 0.0000 0.3012 0.0000 0.1574 0.1789 0.0610 0.0037 0.0000 0.0000 0.0506 0.2272 0.0200 
 14       14   (0)      5 :  0.0000 0.0000 0.0000 0.0000 0.0000 0.0000 0.0000 0.0000 0.0000 0.0800 0.0113 0.5882 0.0000 0.3205 0.0000 0.0000 
 15       15   (0)      5 :  0.0000 0.0000 0.0000 0.0000 0.0000 0.0000 1.0000 0.0000 0.0000 0.0000 0.0000 0.0000 0.0000 0.0000 0.0000 0.0000 
 16       16   (0)      5 :  0.9400 0.0000 0.0000 0.0000 0.0000 0.0000 0.0000 0.0000 0.0000 0.0200 0.0000 0.0000 0.0200 0.0200 0.0000 0.0000 
 17       17   (0)      5 :  0.0000 0.8000 0.0000 0.0000 0.0000 0.0000 0.0000 0.0000 0.0000 0.1000 0.0000 0.0000 0.0000 0.0000 0.0800 0.0200 
 18       18   (0)      5 :  0.0000 0.0000 0.0000 0.0000 0.0000 0.7909 0.0000 0.0316 0.0465 0.0007 0.0357 0.0000 0.0000 0.0120 0.0825 0.0000 
 19       19   (0)      5 :  0.0000 0.7698 0.0000 0.0000 0.0000 0.0000 0.0000 0.0000 0.0000 0.0800 0.0200 0.0000 0.0000 0.0000 0.1102 0.0200 
 20       20   (0)      5 :  0.0000 0.0023 0.0000 0.0000 0.0000 0.1663 0.0000 0.0237 0.7213 0.0229 0.0140 0.0000 0.0000 0.0000 0.0496 0.0000 
 21       21   (0)      5 :  0.0000 0.0000 0.0000 0.0000 0.0000 0.5608 0.0000 0.0339 0.2257 0.0282 0.0000 0.0000 0.0000 0.0074 0.1440 0.0000 
 22       22   (0)      5 :  0.0000 0.9096 0.0000 0.0000 0.0000 0.0000 0.0000 0.0000 0.0000 0.0800 0.0000 0.0000 0.0000 0.0000 0.0104 0.0000 
 23       23   (0)      5 :  0.0000 0.0056 0.0000 0.0000 0.0000 0.0819 0.0000 0.0482 0.7229 0.0261 0.0204 0.0000 0.0000 0.0300 0.0649 0.0000 
 24       24   (0)      5 :  0.0000 0.0000 0.0000 0.0000 0.0000 0.0000 1.0000 0.0000 0.0000 0.0000 0.0000 0.0000 0.0000 0.0000 0.0000 0.0000 
 25       25   (0)      5 :  0.0000 0.0000 0.0000 0.0000 0.0000 0.0000 0.0000 0.0000 0.0000 0.0228 0.0000 0.5532 0.0000 0.4241 0.0000 0.0000 
 26       26   (0)      5 :  0.0000 0.0012 0.0000 0.0000 0.0000 0.5454 0.0000 0.1615 0.1369 0.0039 0.0015 0.0000 0.0000 0.0521 0.0975 0.0000 
 27       27   (0)      5 :  0.0000 0.0000 0.0000 0.0000 0.0000 0.0000 1.0000 0.0000 0.0000 0.0000 0.0000 0.0000 0.0000 0.0000 0.0000 0.0000 
 28       28   (0)      5 :  0.0000 0.0000 0.0000 0.0000 0.0000 0.0000 0.5213 0.0000 0.0000 0.0095 0.0000 0.0000 0.1117 0.0000 0.0000 0.3575 
 29       29   (0)      6 :  0.0000 0.0000 0.0000 0.8507 0.0000 0.0000 0.0000 0.0000 0.0000 0.0000 0.1293 0.0000 0.0000 0.0000 0.0200 0.0000 
 30       30   (0)      6 :  0.0000 0.0000 0.7989 0.0000 0.0000 0.0000 0.0000 0.0000 0.0000 0.1268 0.0200 0.0000 0.0000 0.0027 0.0400 0.0117 
 31       31   (0)      6 :  0.0000 0.0000 0.0000 0.0000 0.0000 0.0000 0.0000 0.1592 0.6089 0.0400 0.0600 0.0000 0.0000 0.0000 0.1320 0.0000 
 32       32   (0)      6 :  0.0000 0.1296 0.0000 0.0000 0.0000 0.0283 0.0000 0.4337 0.0761 0.0914 0.0266 0.0000 0.0037 0.0198 0.1909 0.0000 
 33       33   (0)      6 :  0.0000 0.0000 0.0000 0.0000 0.9400 0.0000 0.0000 0.0000 0.0000 0.0000 0.0600 0.0000 0.0000 0.0000 0.0000 0.0000 
 34       34   (0)      6 :  0.0000 0.0000 0.0000 0.0000 0.0000 0.0200 0.0000 0.0000 0.0000 0.0022 0.0200 0.7739 0.0000 0.1839 0.0000 0.0000 
 35       35   (0)      6 :  0.0000 0.0000 0.0000 0.9800 0.0000 0.0000 0.0000 0.0000 0.0000 0.0000 0.0200 0.0000 0.0000 0.0000 0.0000 0.0000 
 36       36   (0)      6 :  0.0000 0.0000 0.0000 0.9800 0.0000 0.0000 0.0000 0.0000 0.0000 0.0000 0.0200 0.0000 0.0000 0.0000 0.0000 0.0000 
 37       37   (0)      7 :  0.0000 0.0000 0.9362 0.0000 0.0000 0.0000 0.0000 0.0000 0.0000 0.0638 0.0000 0.0000 0.0000 0.0000 0.0000 0.0000 
 38       38   (0)      7 :  0.0000 0.9269 0.0000 0.0000 0.0000 0.0000 0.0000 0.0000 0.0000 0.0048 0.0083 0.0000 0.0000 0.0000 0.0600 0.0000 
 39       39   (0)      7 :  0.0000 0.0000 0.0000 0.0000 0.0000 0.0000 0.0000 0.0000 0.0000 0.0000 0.0000 0.6606 0.0000 0.3394 0.0000 0.0000 
 40       40   (0)      7 :  0.0000 0.0000 0.0000 0.0000 0.0000 0.0200 0.0000 0.0000 0.0000 0.0000 0.0000 0.8522 0.0000 0.1278 0.0000 0.0000 
 41       41   (0)      7 :  0.0000 0.8924 0.0000 0.0000 0.0000 0.0000 0.0000 0.0000 0.0000 0.0276 0.0200 0.0000 0.0000 0.0000 0.0600 0.0000 
 42       42   (0)      7 :  0.0000 0.0000 0.0000 0.0000 0.0000 0.0200 0.0000 0.0000 0.0000 0.0600 0.0000 0.7558 0.0000 0.1642 0.0000 0.0000 
 43       43   (0)      7 :  0.0000 0.9107 0.0000 0.0000 0.0000 0.0000 0.0000 0.0000 0.0000 0.0200 0.0000 0.0000 0.0000 0.0000 0.0693 0.0000 
 44       44   (0)      7 :  0.9200 0.0000 0.0000 0.0000 0.0000 0.0000 0.0000 0.0000 0.0000 0.0200 0.0000 0.0000 0.0400 0.0000 0.0000 0.0200 
 45       45   (0)      7 :  0.0000 0.0000 0.0000 0.0000 0.0000 0.0959 0.0000 0.0470 0.5441 0.0080 0.0691 0.0000 0.0000 0.0000 0.2359 0.0000 
 46       46   (0)      7 :  0.0000 0.0000 0.0000 0.7903 0.0057 0.0000 0.0000 0.0000 0.0000 0.0051 0.1882 0.0000 0.0000 0.0000 0.0107 0.0000 
 47       47   (0)      7 :  0.0000 0.0000 0.0000 0.0000 0.0000 0.7480 0.0000 0.0267 0.1008 0.0000 0.0000 0.0000 0.0000 0.0000 0.1245 0.0000 
 48       48   (0)      7 :  0.0000 0.0000 0.0000 0.7234 0.0233 0.0000 0.0000 0.0000 0.0000 0.0015 0.2279 0.0000 0.0129 0.0000 0.0110 0.0000 
 49       49   (0)      7 :  0.0000 0.0000 0.8774 0.0000 0.0000 0.0000 0.0000 0.0000 0.0000 0.0826 0.0200 0.0000 0.0000 0.0000 0.0000 0.0200 
 50       50   (0)      7 :  0.9800 0.0000 0.0000 0.0000 0.0000 0.0000 0.0000 0.0000 0.0000 0.0000 0.0000 0.0000 0.0000 0.0200 0.0000 0.0000 
 51       51   (0)      7 :  0.0000 0.0000 0.8716 0.0000 0.0000 0.0000 0.0000 0.0000 0.0000 0.0684 0.0200 0.0000 0.0000 0.0000 0.0000 0.0400 
 52       52   (0)      7 :  0.0000 0.0000 0.0000 0.0000 0.0000 0.0000 0.8376 0.0000 0.0000 0.0166 0.0081 0.0000 0.0011 0.0085 0.0000 0.1281 
 53       53   (0)      7 :  0.0000 0.0000 0.0000 0.0000 0.0000 0.3588 0.0000 0.0205 0.3302 0.0400 0.0000 0.0000 0.0000 0.0000 0.2505 0.0000 
 54       54   (0)      7 :  0.0000 0.0000 0.0000 0.0000 0.0000 0.4513 0.0000 0.0600 0.2463 0.0271 0.1000 0.0000 0.0000 0.0000 0.1129 0.0025 
 55       55   (0)      7 :  0.0000 0.0071 0.0000 0.0000 0.0000 0.2640 0.0000 0.0753 0.3139 0.0947 0.0200 0.0000 0.0000 0.0400 0.1850 0.0000 
 56       56   (0)      7 :  0.0000 0.0000 0.0000 0.0000 0.0000 0.1609 0.0000 0.1130 0.4198 0.0626 0.0300 0.0000 0.0000 0.0084 0.2053 0.0000 
 57       57   (0)      8 :  0.0000 0.0000 0.0000 0.0000 0.0000 0.0082 0.0000 0.0000 0.0000 0.0000 0.0000 0.5173 0.0200 0.4145 0.0199 0.0200 
 58       58   (0)      8 :  0.0000 0.0000 0.0000 0.0000 0.0000 0.0000 0.7840 0.0000 0.0000 0.0297 0.0200 0.0000 0.0000 0.0200 0.0000 0.1463 
 59       59   (0)      8 :  0.0000 0.0000 0.0000 0.0000 0.0000 0.5806 0.0000 0.0400 0.1862 0.0514 0.0086 0.0000 0.0000 0.0000 0.1332 0.0000 
 60       60   (0)      8 :  0.0000 0.0000 0.0000 0.0000 0.0000 0.0000 0.0000 0.0000 0.0000 0.0000 0.0000 0.6370 0.0000 0.3630 0.0000 0.0000 
 61       61   (0)      8 :  0.0000 0.0000 0.0000 0.0000 0.0000 0.0200 0.0000 0.0000 0.0000 0.0071 0.0200 0.6454 0.0200 0.2875 0.0000 0.0000 
 62       62   (0)      8 :  0.0000 0.0000 0.8309 0.0000 0.0000 0.0000 0.0000 0.0000 0.0000 0.1054 0.0200 0.0000 0.0000 0.0000 0.0200 0.0237 
 63       63   (0)      8 :  0.0000 0.0000 0.0000 0.0000 0.0000 0.0200 0.0000 0.0000 0.0000 0.0000 0.0000 0.8165 0.0000 0.1635 0.0000 0.0000 
 64       64   (0)      8 :  0.0000 0.0000 0.0000 0.0000 0.0000 0.3435 0.0000 0.2887 0.2488 0.0000 0.0400 0.0000 0.0000 0.0000 0.0790 0.0000 
 65       65   (0)      8 :  0.0000 0.0000 0.0000 0.4195 0.0000 0.0000 0.0000 0.0000 0.0000 0.0000 0.5805 0.0000 0.0000 0.0000 0.0000 0.0000 
 66       66   (0)      8 :  0.0000 0.0000 0.0000 0.0000 0.0000 0.4971 0.0000 0.1085 0.2676 0.0089 0.0046 0.0000 0.0000 0.0400 0.0732 0.0000 
 67       67   (0)      8 :  0.0000 0.0000 0.0000 0.0000 0.0000 0.0586 0.0000 0.4079 0.2290 0.0265 0.0058 0.0000 0.0000 0.0201 0.2322 0.0200 
 68       68   (0)      8 :  0.0000 0.0000 0.0000 0.0000 0.0000 0.5268 0.0000 0.0362 0.1544 0.0645 0.0200 0.0000 0.0000 0.0400 0.1581 0.0000 
 69       69   (0)      8 :  0.0000 0.0000 0.0000 0.7275 0.0000 0.0000 0.0000 0.0000 0.0000 0.0000 0.2525 0.0000 0.0000 0.0000 0.0200 0.0000 
 70       70   (0)      8 :  0.0000 0.0000 0.0000 0.0000 0.0000 0.0000 0.0000 0.0000 0.0000 0.0386 0.0200 0.6909 0.0000 0.2305 0.0200 0.0000 
 71       71   (0)      8 :  0.0000 0.0000 0.0000 0.4573 0.0013 0.0000 0.0000 0.0000 0.0000 0.0063 0.5352 0.0000 0.0000 0.0000 0.0000 0.0000 
 72       72   (0)      8 :  0.0000 0.0000 0.9040 0.0000 0.0000 0.0000 0.0000 0.0000 0.0000 0.0875 0.0000 0.0000 0.0000 0.0000 0.0085 0.0000 
 73       73   (0)      8 :  0.0000 0.7194 0.0000 0.0000 0.0000 0.0984 0.0000 0.0173 0.0089 0.0800 0.0236 0.0000 0.0000 0.0000 0.0522 0.0000 
 74       74   (0)      8 :  0.0000 0.0000 0.0000 0.0000 0.0000 0.3309 0.0000 0.0845 0.2283 0.0065 0.0111 0.0000 0.0000 0.0200 0.3186 0.0000 
 75       75   (0)      8 :  0.0000 0.0000 0.0000 0.0000 0.0000 0.6036 0.0000 0.1200 0.0810 0.0200 0.0484 0.0000 0.0000 0.0000 0.1270 0.0000 
 76       76   (0)      8 :  0.0000 0.0000 0.0000 0.5046 0.0317 0.0000 0.0000 0.0000 0.0000 0.0000 0.4437 0.0000 0.0000 0.0000 0.0200 0.0000 
 77       77   (0)      8 :  0.0000 0.0003 0.0000 0.0000 0.0000 0.2560 0.0000 0.2474 0.1641 0.0053 0.0000 0.0000 0.0000 0.0200 0.3069 0.0000 
 78       78   (0)      9 :  0.0000 0.0000 0.0000 0.0000 0.0000 0.0000 0.0000 0.0000 0.0000 0.0400 0.0000 0.6257 0.0000 0.3143 0.0000 0.0200 
 79       79   (0)      9 :  0.0000 0.0000 0.0000 0.0000 0.0000 0.0200 0.0000 0.0000 0.0000 0.0000 0.0124 0.6431 0.0079 0.3165 0.0000 0.0000 
 80       80   (0)      9 :  0.0000 0.0000 0.9543 0.0000 0.0000 0.0000 0.0000 0.0000 0.0000 0.0457 0.0000 0.0000 0.0000 0.0000 0.0000 0.0000 
 81       81   (0)      9 :  0.0000 0.0000 0.0000 0.0000 0.0000 0.0200 0.0000 0.0000 0.0000 0.0299 0.0200 0.5742 0.0000 0.3558 0.0000 0.0000 
 82       82   (0)      9 :  0.0000 0.0000 0.0000 0.5313 0.0000 0.0000 0.0000 0.0000 0.0000 0.0000 0.4487 0.0000 0.0000 0.0000 0.0200 0.0000 
 83       83   (0)      9 :  0.0028 0.0004 0.0000 0.0000 0.0000 0.1382 0.0000 0.4979 0.0806 0.0249 0.0200 0.0000 0.0066 0.0078 0.1988 0.0219 
 84       84   (0)      9 :  0.0000 0.0000 0.0000 0.0000 0.0000 0.0000 0.0000 0.0000 0.0000 0.0200 0.0000 0.0000 0.9400 0.0200 0.0000 0.0200 
 85       85   (0)      9 :  0.0000 0.0000 0.0000 0.0000 0.0000 0.5448 0.0000 0.0400 0.2544 0.0287 0.0052 0.0000 0.0000 0.0000 0.1270 0.0000 
 86       86   (0)      9 :  0.0000 0.0000 0.0000 0.0000 0.0000 0.1957 0.0000 0.0838 0.3688 0.0800 0.0069 0.0000 0.0000 0.0238 0.2210 0.0200 
 87       87   (0)      9 :  0.0000 0.0000 0.0000 0.0000 0.0000 0.2604 0.0000 0.0494 0.3860 0.0431 0.0200 0.0000 0.0000 0.0200 0.2210 0.0000 
 88       88   (0)      9 :  0.0000 0.0000 0.0000 0.0000 0.0000 0.0200 0.0000 0.0000 0.0000 0.0400 0.0000 0.7628 0.0022 0.1750 0.0000 0.0000 
 89       89   (0)      9 :  0.0000 0.0000 0.0000 0.0000 0.0000 0.0000 0.0000 0.0000 0.0000 0.0060 0.0000 0.6528 0.0000 0.3412 0.0000 0.0000 
 90       90   (0)      9 :  0.0000 0.2670 0.0000 0.0000 0.0000 0.0565 0.0000 0.0000 0.4899 0.0565 0.0270 0.0000 0.0000 0.0000 0.0832 0.0200 
 91       91   (0)      9 :  0.0000 0.0000 0.8539 0.0000 0.0000 0.0000 0.0000 0.0000 0.0000 0.1261 0.0000 0.0000 0.0000 0.0000 0.0000 0.0200 
 92       92   (0)     10 :  0.4084 0.0000 0.0000 0.0000 0.0000 0.0000 0.0000 0.0220 0.0217 0.0735 0.0521 0.1834 0.0082 0.1382 0.0226 0.0699 
 93       93   (0)     11 :  0.5947 0.0000 0.0000 0.0000 0.0000 0.0000 0.0000 0.0200 0.0040 0.0431 0.0672 0.0000 0.1429 0.0441 0.0041 0.0800 
 94       94   (0)     11 :  0.0000 0.0000 0.0000 0.0000 0.0000 0.0000 0.5760 0.0000 0.0000 0.0073 0.0000 0.0000 0.0757 0.0000 0.0000 0.3410 
 95       95   (0)     11 :  0.0400 0.0000 0.0000 0.0000 0.0000 0.0000 0.0000 0.0000 0.0000 0.0400 0.0200 0.0000 0.6600 0.0000 0.0000 0.2400 
 96       96   (0)     12 :  0.0000 0.0000 0.0000 0.0000 0.0000 0.0000 1.0000 0.0000 0.0000 0.0000 0.0000 0.0000 0.0000 0.0000 0.0000 0.0000 
 97       97   (0)     12 :  0.0000 0.0000 0.0000 0.0000 0.0000 0.0000 1.0000 0.0000 0.0000 0.0000 0.0000 0.0000 0.0000 0.0000 0.0000 0.0000 
 98       98   (0)     12 :  0.0000 0.0000 0.0000 0.0000 0.0000 0.0000 1.0000 0.0000 0.0000 0.0000 0.0000 0.0000 0.0000 0.0000 0.0000 0.0000 
 99       99   (0)     12 :  0.0000 0.0000 0.0000 0.0000 0.0000 0.0000 0.9719 0.0000 0.0000 0.0000 0.0000 0.0000 0.0000 0.0000 0.0000 0.0281 
100      100   (0)     12 :  0.0000 0.0000 0.0000 1.0000 0.0000 0.0000 0.0000 0.0000 0.0000 0.0000 0.0000 0.0000 0.0000 0.0000 0.0000 0.0000 
101      101   (0)     13 :  0.0000 0.0000 0.0000 0.4865 0.0000 0.0000 0.0000 0.0000 0.0000 0.0200 0.4935 0.0000 0.0000 0.0000 0.0000 0.0000 
102      102   (0)     13 :  0.0000 0.0000 0.0000 0.0000 0.0000 0.0000 0.6563 0.0000 0.0000 0.0400 0.0200 0.0000 0.0031 0.0200 0.0000 0.2606 
103      103   (0)     14 :  0.0218 0.0000 0.0030 0.0000 0.0000 0.0000 0.0000 0.0000 0.0000 0.0622 0.0000 0.4885 0.0000 0.3410 0.0248 0.0588 
104      104   (0)     14 :  0.0000 0.0000 0.0000 0.7268 0.0000 0.0000 0.0000 0.0000 0.0000 0.0000 0.2732 0.0000 0.0000 0.0000 0.0000 0.0000 
105      105   (0)     14 :  0.1550 0.0000 0.0010 0.2982 0.0007 0.0000 0.0000 0.0000 0.0000 0.0392 0.4819 0.0000 0.0000 0.0052 0.0043 0.0147 
106      106   (0)     14 :  0.0000 0.0000 0.0000 0.0000 1.0000 0.0000 0.0000 0.0000 0.0000 0.0000 0.0000 0.0000 0.0000 0.0000 0.0000 0.0000 
107      107   (0)     14 :  0.0000 0.0000 0.8699 0.0000 0.0000 0.0000 0.0000 0.0000 0.0000 0.1227 0.0000 0.0000 0.0000 0.0000 0.0074 0.0000 
108      108   (0)     15 :  0.9200 0.0000 0.0000 0.0000 0.0000 0.0000 0.0000 0.0000 0.0000 0.0200 0.0000 0.0000 0.0400 0.0000 0.0000 0.0200 
109      109   (0)     15 :  0.0000 0.0000 0.0000 0.4881 0.4824 0.0000 0.0000 0.0000 0.0000 0.0200 0.0095 0.0000 0.0000 0.0000 0.0000 0.0000 
110      110   (0)     15 :  0.0000 0.0000 0.0000 0.9100 0.0000 0.0000 0.0000 0.0000 0.0000 0.0000 0.0900 0.0000 0.0000 0.0000 0.0000 0.0000 
111      111   (0)     15 :  0.0000 0.0000 0.0000 0.0000 0.0000 0.1353 0.0000 0.0622 0.4978 0.0400 0.1200 0.0000 0.0000 0.0000 0.1247 0.0200 
112      112   (0)     15 :  0.0379 0.0000 0.0000 0.0000 0.0000 0.0000 0.0537 0.0000 0.0000 0.0769 0.0138 0.3603 0.0000 0.2086 0.0200 0.2289 
113      113   (0)     15 :  0.0000 0.0000 0.0000 0.9783 0.0032 0.0000 0.0055 0.0000 0.0000 0.0056 0.0000 0.0000 0.0069 0.0000 0.0000 0.0005 
114      114   (0)     15 :  0.0000 0.0000 0.0000 0.0000 0.9800 0.0000 0.0000 0.0000 0.0000 0.0200 0.0000 0.0000 0.0000 0.0000 0.0000 0.0000 
