1        1   (0)      1  : 0.0000 0.3374 0.1465 0.0000 0.4946 0.0000 0.0215
2        2   (0)      1  : 0.4034 0.0105 0.0000 0.0287 0.0087 0.4553 0.0934
3        3   (0)      1  : 0.0000 0.5513 0.0000 0.0000 0.3346 0.0000 0.1141
4        4   (0)      1  : 0.0000 0.3448 0.0000 0.0000 0.5848 0.0000 0.0703
5        5   (0)      1  : 0.0070 0.5600 0.0000 0.0024 0.3531 0.0001 0.0774
6        6   (0)      1  : 0.3231 0.0034 0.0000 0.0039 0.0086 0.4551 0.2059
7        7   (0)      1  : 0.0058 0.3715 0.0000 0.0000 0.5284 0.0075 0.0868
8        8   (0)      1  : 0.5728 0.0030 0.0000 0.0000 0.0103 0.2769 0.1370
9        9   (0)      1  : 0.0002 0.3318 0.0000 0.0000 0.5720 0.0001 0.0958
10       10   (0)      2  : 0.0000 0.1115 0.0000 0.0000 0.8073 0.0000 0.0812
11       11   (0)      2  : 0.0000 0.2622 0.0000 0.0023 0.7012 0.0006 0.0338
12       12   (0)      2  : 0.6948 0.0000 0.0000 0.0016 0.0011 0.1223 0.1801
13       13   (0)      3  : 0.0000 0.2667 0.0000 0.0000 0.6996 0.0040 0.0297
14       14   (0)      3  : 0.0000 0.0000 0.0000 1.0000 0.0000 0.0000 0.0000
15       15   (0)      3  : 0.7074 0.0015 0.0093 0.0014 0.0000 0.2066 0.0737
16       16   (0)      3  : 0.0000 0.0000 1.0000 0.0000 0.0000 0.0000 0.0000
17       17   (0)      4  : 0.0000 0.0000 0.5849 0.4025 0.0000 0.0108 0.0017
18       18   (0)      4  : 0.2836 0.0010 0.0005 0.0235 0.0065 0.5245 0.1605
19       19   (0)      5  : 0.2736 0.0005 0.0000 0.0000 0.0001 0.6737 0.0521
20       20   (0)      5  : 0.0000 0.1130 0.0000 0.2308 0.2095 0.0000 0.4468
21       21   (0)      5  : 0.0023 0.5943 0.0000 0.0001 0.2953 0.0095 0.0985
22       22   (0)      5  : 0.0014 0.3673 0.0000 0.0000 0.5631 0.0184 0.0498
23       23   (0)      5  : 0.0000 0.5608 0.0000 0.0000 0.3422 0.0000 0.0970
24       24   (0)      5  : 0.0007 0.5559 0.0000 0.0157 0.3802 0.0000 0.0475
25       25   (0)      5  : 0.0000 0.4810 0.0582 0.0035 0.3871 0.0000 0.0703
26       26   (0)      5  : 0.2060 0.2962 0.0000 0.0000 0.1757 0.2442 0.0779
27       27   (0)      5  : 0.0000 0.0000 0.9999 0.0000 0.0000 0.0000 0.0001
28       28   (0)      5  : 0.0000 0.0000 1.0000 0.0000 0.0000 0.0000 0.0000
29       29   (0)      5  : 0.4776 0.0000 0.0319 0.0345 0.0000 0.3393 0.1166
30       30   (0)      5  : 0.4080 0.0000 0.0000 0.0007 0.0001 0.3820 0.2092
31       31   (0)      5  : 0.1520 0.2027 0.0000 0.0039 0.2548 0.2794 0.1072
32       32   (0)      5  : 0.0028 0.6785 0.0000 0.0033 0.2083 0.0005 0.1066
33       33   (0)      5  : 0.5096 0.0112 0.0000 0.0073 0.0019 0.3667 0.1033
34       34   (0)      5  : 0.3038 0.0000 0.0000 0.0015 0.0000 0.6419 0.0528
35       35   (0)      5  : 0.4190 0.0005 0.0000 0.0054 0.0000 0.4781 0.0970
36       36   (0)      6  : 0.4047 0.0000 0.0414 0.0000 0.0025 0.3892 0.1622
37       37   (0)      6  : 0.0000 0.0000 1.0000 0.0000 0.0000 0.0000 0.0000
38       38   (0)      6  : 0.3346 0.0000 0.0000 0.0038 0.0000 0.5871 0.0745
39       39   (0)      6  : 0.2500 0.1538 0.0000 0.0000 0.2802 0.2064 0.1097
40       40   (0)      6  : 0.2859 0.0000 0.0000 0.0000 0.0010 0.5525 0.1606
41       41   (0)      6  : 0.5595 0.0061 0.0000 0.0135 0.0024 0.2586 0.1600
42       42   (0)      6  : 0.2408 0.0069 0.0000 0.0014 0.0303 0.6091 0.1114
43       43   (0)      6  : 0.2246 0.0245 0.0000 0.0229 0.0080 0.5890 0.1309
44       44   (0)      6  : 0.3250 0.0000 0.0000 0.0141 0.0000 0.5053 0.1556
45       45   (0)      6  : 0.6146 0.0000 0.0000 0.0000 0.0000 0.2415 0.1439
46       46   (0)      6  : 0.0000 0.1065 0.0000 0.2440 0.2060 0.0000 0.4435
47       47   (0)      6  : 0.4637 0.0020 0.0000 0.0000 0.0001 0.4346 0.0996
48       48   (0)      7  : 0.4731 0.0000 0.0000 0.0045 0.0000 0.3755 0.1470
49       49   (0)      7  : 0.1175 0.3833 0.0000 0.0000 0.1634 0.2455 0.0902
50       50   (0)      7  : 0.3842 0.0052 0.0000 0.0000 0.0142 0.4861 0.1104
51       51   (0)      8  : 0.7318 0.0000 0.0616 0.0000 0.0000 0.0744 0.1322
52       52   (0)      8  : 0.5598 0.0000 0.1674 0.0000 0.0000 0.1597 0.1130
53       53   (0)      9  : 0.5397 0.0000 0.0000 0.0070 0.0000 0.3320 0.1213
54       54   (0)     10  : 0.2018 0.0000 0.0000 0.0000 0.0000 0.6618 0.1364
55       55   (0)     10  : 0.0000 0.1639 0.0000 0.0000 0.7743 0.0000 0.0618
56       56   (0)     10  : 0.0000 0.0000 1.0000 0.0000 0.0000 0.0000 0.0000
57       57   (0)     10  : 0.3210 0.0000 0.0000 0.0036 0.0000 0.6008 0.0746
58       58   (0)     11  : 0.4575 0.0051 0.1047 0.0000 0.0019 0.3073 0.1234
59       59   (0)     11  : 0.0058 0.4412 0.0812 0.0000 0.3998 0.0007 0.0713
60       60   (0)     11  : 0.0660 0.0000 0.9044 0.0000 0.0000 0.0088 0.0208
61       61   (0)     11  : 0.7358 0.0000 0.0000 0.0000 0.0000 0.1269 0.1374
62       62   (0)     11  : 0.6254 0.0000 0.0120 0.0000 0.0000 0.2863 0.0764
63       63   (0)     11  : 0.5317 0.0000 0.2878 0.0000 0.0000 0.0844 0.0960
64       64   (0)     11  : 0.5727 0.0000 0.0056 0.0065 0.0000 0.2385 0.1768
65       65   (0)     11  : 0.0000 0.0000 1.0000 0.0000 0.0000 0.0000 0.0000
66       66   (0)     11  : 0.4744 0.0000 0.0338 0.0000 0.0000 0.3480 0.1439
67       67   (0)     11  : 0.0000 0.5868 0.0097 0.0000 0.3300 0.0000 0.0735
68       68   (0)     11  : 0.0000 0.2809 0.4376 0.0000 0.2233 0.0000 0.0582
69       69   (0)     11  : 0.3346 0.0000 0.5110 0.0000 0.0000 0.1097 0.0447
70       70   (0)     11  : 0.5787 0.0025 0.0000 0.0000 0.0012 0.3153 0.1023
71       71   (0)     11  : 0.0000 0.4621 0.1621 0.0000 0.2947 0.0000 0.0811
72       72   (0)     12  : 0.0011 0.5906 0.0000 0.0000 0.2943 0.0022 0.1118
73       73   (0)     12  : 0.0000 0.6266 0.0000 0.0000 0.3053 0.0000 0.0682
74       74   (0)     12  : 0.0005 0.7745 0.0000 0.0000 0.1916 0.0000 0.0335
75       75   (0)     12  : 0.2175 0.2785 0.1246 0.0000 0.1644 0.1478 0.0672
76       76   (0)     12  : 0.0000 0.6667 0.0139 0.0000 0.2436 0.0000 0.0758
77       77   (0)     12  : 0.5151 0.0060 0.0000 0.0004 0.0031 0.3027 0.1727
78       78   (0)     12  : 0.5891 0.0334 0.0302 0.0000 0.0159 0.2112 0.1202
79       79   (0)     12  : 0.0000 0.5244 0.0000 0.0000 0.3902 0.0000 0.0854
80       80   (0)     12  : 0.4687 0.0108 0.1149 0.0000 0.0149 0.2987 0.0920
81       81   (0)     13  : 0.0000 0.0000 1.0000 0.0000 0.0000 0.0000 0.0000
82       82   (0)     13  : 0.0000 0.5292 0.0000 0.0247 0.3701 0.0003 0.0757
83       83   (0)     13  : 0.0000 0.4237 0.0753 0.0000 0.4128 0.0000 0.0883
84       84   (0)     13  : 0.0000 0.6664 0.0000 0.0000 0.2452 0.0000 0.0884
85       85   (0)     13  : 0.0000 0.5215 0.0000 0.0054 0.4121 0.0000 0.0609
86       86   (0)     13  : 0.0000 0.5246 0.0277 0.0000 0.3886 0.0000 0.0590
87       87   (0)     13  : 0.5123 0.0221 0.0000 0.0000 0.0071 0.3560 0.1025
88       88   (0)     13  : 0.0000 0.4736 0.0000 0.0000 0.4242 0.0000 0.1022
89       89   (0)     13  : 0.0000 0.5765 0.0000 0.0002 0.3704 0.0000 0.0530
90       90   (0)     13  : 0.0000 0.3620 0.0000 0.0000 0.5344 0.0000 0.1036
91       91   (0)     13  : 0.0000 0.3469 0.3851 0.0000 0.2128 0.0000 0.0552
92       92   (0)     13  : 0.0102 0.3967 0.0000 0.0000 0.5363 0.0128 0.0440
93       93   (0)     13  : 0.3025 0.0109 0.0000 0.0000 0.0173 0.5456 0.1237
94       94   (0)     13  : 0.0000 0.5761 0.0000 0.0000 0.3775 0.0000 0.0464
95       95   (0)     14  : 0.6823 0.0006 0.0000 0.0094 0.0010 0.2493 0.0574
96       96   (0)     14  : 0.0007 0.3662 0.0000 0.0001 0.5849 0.0000 0.0481
97       97   (0)     15  : 0.0000 0.0000 1.0000 0.0000 0.0000 0.0000 0.0000
98       98   (0)     15  : 0.1751 0.0000 0.0000 0.0000 0.0000 0.7904 0.0344
99       99   (0)     15  : 0.0000 0.3619 0.0000 0.5186 0.0871 0.0000 0.0324
100      100   (0)     15  : 0.4729 0.0000 0.0000 0.0075 0.0000 0.4064 0.1132
101      101   (0)     15  : 0.0000 0.0000 0.0000 1.0000 0.0000 0.0000 0.0000
102      102   (0)     15  : 0.4331 0.0000 0.0000 0.0199 0.0000 0.4288 0.1183
103      103   (0)     15  : 0.3399 0.0175 0.0000 0.0179 0.0188 0.5110 0.0949
104      104   (0)     15  : 0.0000 0.0000 0.0000 1.0000 0.0000 0.0000 0.0000
105      105   (0)     15  : 0.0000 0.0000 0.0000 1.0000 0.0000 0.0000 0.0000
