 1        1   (0)      1 :  0.0413 0.0000 0.0200 0.0000 0.2232 0.0743 0.0000 0.0000 0.0000 0.1040 0.0786 0.0000 0.0000 0.0000 0.0005 0.4380 0.0200 
 2        2   (0)      1 :  0.1181 0.0315 0.1035 0.0000 0.1878 0.0161 0.0000 0.0000 0.0000 0.1539 0.0769 0.0000 0.0000 0.0000 0.0735 0.2205 0.0181 
 3        3   (0)      1 :  0.0000 0.0000 0.0000 0.0000 0.0000 0.0200 0.0000 0.0000 0.0000 0.0000 0.0600 0.0000 0.0000 0.0000 0.9000 0.0000 0.0200 
 4        4   (0)      1 :  0.0221 0.0000 0.0000 0.0000 0.0903 0.0107 0.0000 0.0000 0.0000 0.0341 0.1936 0.0000 0.0000 0.0000 0.4974 0.1297 0.0222 
 5        5   (0)      1 :  0.0075 0.0000 0.0000 0.0000 0.1865 0.0400 0.0000 0.0000 0.0000 0.2013 0.0506 0.0000 0.0000 0.0000 0.0000 0.4940 0.0200 
 6        6   (0)      1 :  0.0000 0.0000 0.0000 0.0000 0.0000 0.0400 0.0000 0.0000 0.0000 0.0000 0.0000 0.0000 0.0000 0.0000 0.9600 0.0000 0.0000 
 7        7   (0)      2 :  0.0400 0.0000 0.0200 0.0000 0.2408 0.0200 0.0000 0.0000 0.0000 0.2238 0.1833 0.0000 0.0000 0.0000 0.0000 0.2322 0.0400 
 8        8   (0)      2 :  0.0000 0.0000 0.0200 0.0000 0.0000 0.0400 0.0000 0.0000 0.0000 0.0200 0.1200 0.0000 0.0000 0.0000 0.8000 0.0000 0.0000 
 9        9   (0)      2 :  0.1637 0.0032 0.0051 0.0027 0.2053 0.0300 0.0053 0.0033 0.0000 0.2749 0.0470 0.0039 0.0013 0.0000 0.0082 0.2366 0.0096 
10       10   (0)      2 :  0.0063 0.0000 0.0000 0.0000 0.6707 0.0200 0.0000 0.0000 0.0000 0.0862 0.0022 0.0000 0.0000 0.0000 0.0000 0.1946 0.0200 
11       11   (0)      2 :  0.0000 0.0000 0.0000 0.0000 0.0000 0.0600 0.0000 0.0000 0.0000 0.0000 0.0600 0.0000 0.0000 0.0000 0.8600 0.0000 0.0200 
12       12   (0)      2 :  0.0194 0.0000 0.0000 0.0000 0.2015 0.0434 0.0000 0.0000 0.0000 0.0340 0.2025 0.0000 0.0000 0.0000 0.4498 0.0474 0.0019 
13       13   (0)      2 :  0.0000 0.0275 0.0865 0.0000 0.0000 0.0477 0.0000 0.0000 0.0000 0.0200 0.1269 0.0000 0.0000 0.0000 0.6914 0.0000 0.0000 
14       14   (0)      3 :  0.0000 0.0000 0.0000 0.0697 0.0000 0.1326 0.0095 0.1036 0.2098 0.0000 0.0021 0.0385 0.1548 0.1961 0.0000 0.0000 0.0833 
15       15   (0)      3 :  0.0000 0.0000 0.0000 0.0560 0.0000 0.0609 0.3957 0.0589 0.0316 0.0000 0.0013 0.1363 0.0590 0.1182 0.0000 0.0000 0.0821 
16       16   (0)      3 :  0.0000 0.0000 0.0000 0.0200 0.0000 0.0484 0.1645 0.0104 0.0400 0.0000 0.0000 0.1140 0.5477 0.0275 0.0000 0.0000 0.0274 
17       17   (0)      3 :  0.0000 0.0000 0.0168 0.1305 0.0000 0.0503 0.2134 0.1791 0.0677 0.0000 0.0012 0.1056 0.0847 0.0505 0.0000 0.0000 0.1001 
18       18   (0)      3 :  0.0000 0.0000 0.0000 0.0289 0.0000 0.0052 0.1115 0.0049 0.0200 0.0000 0.0000 0.2934 0.3041 0.0600 0.0000 0.0000 0.1719 
19       19   (0)      3 :  0.0000 0.0000 0.0200 0.0872 0.0000 0.0000 0.1259 0.0690 0.0296 0.0000 0.0200 0.3224 0.0593 0.1292 0.0000 0.0000 0.1374 
20       20   (0)      3 :  0.0000 0.0084 0.0400 0.2302 0.0000 0.0488 0.0303 0.0780 0.0848 0.0000 0.0400 0.0142 0.2212 0.0494 0.0000 0.0000 0.1547 
21       21   (0)      3 :  0.0000 0.0000 0.0000 0.0282 0.0000 0.0718 0.2816 0.0550 0.0813 0.0000 0.0000 0.1335 0.2736 0.0268 0.0000 0.0000 0.0482 
22       22   (0)      3 :  0.0000 0.0000 0.0000 0.0467 0.0000 0.2200 0.3883 0.0000 0.1200 0.0000 0.0000 0.0321 0.1000 0.0529 0.0000 0.0000 0.0400 
23       23   (0)      3 :  0.0000 0.0000 0.0000 0.0067 0.0000 0.0054 0.7753 0.0072 0.0200 0.0000 0.0000 0.1072 0.0109 0.0577 0.0000 0.0000 0.0097 
24       24   (0)      3 :  0.0000 0.0000 0.0000 0.4233 0.0000 0.0059 0.0695 0.0489 0.0807 0.0000 0.0005 0.0653 0.1005 0.1090 0.0000 0.0000 0.0963 
25       25   (0)      3 :  0.0000 0.2200 0.7800 0.0000 0.0000 0.0000 0.0000 0.0000 0.0000 0.0000 0.0000 0.0000 0.0000 0.0000 0.0000 0.0000 0.0000 
26       26   (0)      4 :  0.1019 0.0000 0.0000 0.0000 0.1012 0.0200 0.0000 0.0000 0.0000 0.4280 0.1298 0.0000 0.0000 0.0000 0.0000 0.1991 0.0200 
27       27   (0)      4 :  0.0000 0.0000 0.0000 0.0868 0.0000 0.0440 0.0112 0.1533 0.1128 0.0000 0.0000 0.2884 0.0768 0.0668 0.0000 0.0000 0.1600 
28       28   (0)      4 :  0.0000 0.0000 0.0000 0.0045 0.0000 0.0011 0.0130 0.0055 0.0065 0.0000 0.0000 0.9168 0.0097 0.0402 0.0000 0.0000 0.0027 
29       29   (0)      4 :  0.0238 0.0000 0.0000 0.0000 0.1218 0.0000 0.0000 0.0000 0.0000 0.0248 0.0200 0.0000 0.0000 0.0000 0.0000 0.8096 0.0000 
30       30   (0)      4 :  0.0000 0.0000 0.0073 0.0640 0.0000 0.1127 0.2984 0.0915 0.0704 0.0000 0.0000 0.0843 0.2114 0.0200 0.0000 0.0000 0.0400 
31       31   (0)      4 :  0.0000 0.0000 0.0000 0.1087 0.0000 0.0400 0.0529 0.0981 0.1258 0.0200 0.0000 0.3208 0.1083 0.0054 0.0000 0.0000 0.1200 
32       32   (0)      4 :  0.1090 0.0003 0.0093 0.0527 0.1108 0.0391 0.0772 0.0252 0.0668 0.1005 0.0351 0.0644 0.0624 0.0668 0.0225 0.1155 0.0424 
33       33   (0)      4 :  0.0000 0.0000 0.0000 0.2200 0.0000 0.0400 0.1261 0.0699 0.1800 0.0000 0.0000 0.0400 0.1252 0.0400 0.0000 0.0000 0.1588 
34       34   (0)      4 :  0.0000 0.0000 0.0200 0.5640 0.0000 0.0687 0.0400 0.0519 0.0400 0.0000 0.0000 0.0100 0.0394 0.1459 0.0000 0.0000 0.0200 
35       35   (0)      4 :  0.0000 0.0000 0.0000 0.0000 0.0000 0.0000 0.0800 0.8600 0.0000 0.0000 0.0000 0.0200 0.0000 0.0400 0.0000 0.0000 0.0000 
36       36   (0)      4 :  0.0000 0.0000 0.0000 0.2298 0.0000 0.0412 0.0247 0.0616 0.0547 0.0000 0.0200 0.1016 0.3860 0.0315 0.0000 0.0000 0.0490 
37       37   (0)      4 :  0.0000 0.0000 0.0000 0.0920 0.0000 0.1377 0.1145 0.0858 0.0337 0.0000 0.0030 0.2179 0.1046 0.0891 0.0000 0.0000 0.1217 
38       38   (0)      4 :  0.0000 0.0000 0.0000 0.0065 0.0000 0.0908 0.1110 0.0405 0.1000 0.0000 0.0019 0.1646 0.4017 0.0411 0.0000 0.0000 0.0420 
39       39   (0)      4 :  0.0200 0.0000 0.0000 0.0000 0.7633 0.0400 0.0000 0.0000 0.0000 0.0706 0.0494 0.0000 0.0000 0.0000 0.0000 0.0491 0.0076 
40       40   (0)      5 :  0.0000 0.0000 0.0000 0.0351 0.0000 0.0586 0.0034 0.3210 0.1655 0.0000 0.0400 0.0423 0.1216 0.0991 0.0000 0.0000 0.1133 
41       41   (0)      5 :  0.0000 0.0000 0.0000 0.0200 0.0000 0.0409 0.2336 0.1197 0.1325 0.0000 0.0000 0.1532 0.1484 0.0082 0.0000 0.0000 0.1434 
42       42   (0)      5 :  0.0000 0.0000 0.0200 0.1164 0.0000 0.0800 0.0318 0.1699 0.0848 0.0000 0.0210 0.0294 0.1972 0.0400 0.0000 0.0000 0.2096 
43       43   (0)      5 :  0.0772 0.0000 0.0000 0.0000 0.3932 0.0025 0.0000 0.0000 0.0000 0.2657 0.0819 0.0000 0.0000 0.0000 0.0000 0.1595 0.0200 
44       44   (0)      5 :  0.0000 0.0000 0.0000 0.1800 0.0000 0.0000 0.2383 0.0400 0.2800 0.0000 0.0000 0.0800 0.0305 0.0495 0.0000 0.0000 0.1017 
45       45   (0)      5 :  0.0000 0.0000 0.0000 0.0200 0.0000 0.0469 0.0000 0.1600 0.0600 0.0000 0.0000 0.1269 0.3604 0.1750 0.0000 0.0000 0.0509 
46       46   (0)      5 :  0.0000 0.0000 0.0000 0.1242 0.0000 0.0200 0.0306 0.2497 0.0717 0.0200 0.0000 0.0955 0.2083 0.0000 0.0000 0.0000 0.1800 
47       47   (0)      5 :  0.0000 0.0000 0.0000 0.0800 0.0000 0.0400 0.0807 0.1897 0.0400 0.0000 0.0600 0.2464 0.1070 0.0200 0.0000 0.0000 0.1362 
48       48   (0)      5 :  0.0000 0.0000 0.0000 0.0000 0.0000 0.0000 0.0000 0.0000 0.0000 0.0000 0.0000 0.0000 0.0000 1.0000 0.0000 0.0000 0.0000 
49       49   (0)      5 :  0.0764 0.0000 0.0200 0.0000 0.1169 0.0000 0.0000 0.0000 0.0000 0.1833 0.0400 0.0000 0.0000 0.0000 0.0000 0.5634 0.0000 
50       50   (0)      5 :  0.0000 0.0000 0.0000 0.0231 0.0000 0.0796 0.1085 0.0909 0.0739 0.0028 0.0000 0.1642 0.2359 0.1430 0.0000 0.0000 0.0781 
51       51   (0)      5 :  0.4405 0.0000 0.0000 0.0000 0.1391 0.0211 0.0000 0.0000 0.0000 0.0447 0.0746 0.0000 0.0000 0.0000 0.0000 0.2319 0.0481 
52       52   (0)      5 :  0.2326 0.0000 0.0000 0.0000 0.2007 0.0000 0.0000 0.0000 0.0000 0.1931 0.1600 0.0000 0.0000 0.0000 0.0000 0.1336 0.0800 
53       53   (0)      6 :  0.5400 0.0000 0.0000 0.0000 0.0662 0.0800 0.0000 0.0000 0.0000 0.0400 0.0800 0.0000 0.0000 0.0000 0.0000 0.1938 0.0000 
54       54   (0)      6 :  0.0000 0.0000 0.0200 0.0800 0.0000 0.0800 0.4000 0.1000 0.0200 0.0000 0.0200 0.0800 0.1000 0.0400 0.0000 0.0000 0.0600 
55       55   (0)      6 :  0.4434 0.0069 0.0299 0.0000 0.0607 0.0000 0.0000 0.0000 0.0000 0.2261 0.0210 0.0000 0.0000 0.0000 0.0203 0.1897 0.0020 
56       56   (0)      6 :  0.0000 0.9800 0.0200 0.0000 0.0000 0.0000 0.0000 0.0000 0.0000 0.0000 0.0000 0.0000 0.0000 0.0000 0.0000 0.0000 0.0000 
57       57   (0)      6 :  0.0000 0.5400 0.3000 0.0000 0.0000 0.1200 0.0000 0.0000 0.0000 0.0000 0.0200 0.0000 0.0000 0.0000 0.0000 0.0000 0.0200 
58       58   (0)      6 :  0.0000 0.9800 0.0200 0.0000 0.0000 0.0000 0.0000 0.0000 0.0000 0.0000 0.0000 0.0000 0.0000 0.0000 0.0000 0.0000 0.0000 
59       59   (0)      6 :  0.0000 0.0086 0.1000 0.1052 0.0000 0.0866 0.0046 0.0015 0.1078 0.0000 0.0259 0.0367 0.0077 0.4747 0.0000 0.0000 0.0406 
60       60   (0)      6 :  0.0000 0.0000 0.0200 0.1354 0.0000 0.0697 0.2285 0.0732 0.0474 0.0000 0.0052 0.1581 0.1595 0.0579 0.0000 0.0000 0.0451 
61       61   (0)      6 :  0.0000 0.0000 0.0000 0.0897 0.0000 0.0285 0.1859 0.1447 0.0672 0.0000 0.0000 0.1358 0.0600 0.1263 0.0000 0.0000 0.1619 
62       62   (0)      6 :  0.0000 0.0000 0.0000 0.1885 0.0000 0.0231 0.1587 0.0394 0.0508 0.0000 0.0000 0.1883 0.1429 0.0594 0.0000 0.0000 0.1490 
63       63   (0)      6 :  0.1870 0.0892 0.0068 0.0000 0.0985 0.0211 0.0008 0.0024 0.0000 0.2921 0.0714 0.0007 0.0000 0.0000 0.0049 0.1938 0.0313 
64       64   (0)      7 :  0.4232 0.0000 0.0000 0.0000 0.1152 0.0032 0.0000 0.0000 0.0000 0.0763 0.0000 0.0000 0.0000 0.0000 0.0000 0.3600 0.0221 
65       65   (0)      7 :  0.7150 0.0000 0.0000 0.0000 0.0088 0.0000 0.0000 0.0000 0.0000 0.1000 0.0200 0.0000 0.0000 0.0000 0.0000 0.1112 0.0450 
66       66   (0)      7 :  0.4770 0.0000 0.0035 0.0000 0.0300 0.0000 0.0000 0.0000 0.0000 0.2606 0.0569 0.0000 0.0000 0.0000 0.0000 0.1720 0.0000 
67       67   (0)      7 :  0.6217 0.0011 0.0008 0.0000 0.0324 0.0218 0.0000 0.0000 0.0000 0.0831 0.0427 0.0000 0.0000 0.0000 0.0163 0.1706 0.0095 
68       68   (0)      8 :  0.0000 0.0168 0.0428 0.0667 0.0000 0.0326 0.1639 0.1842 0.2500 0.0000 0.0000 0.0791 0.0907 0.0180 0.0000 0.0000 0.0552 
69       69   (0)      8 :  0.0012 0.0938 0.1024 0.0789 0.0000 0.0912 0.0999 0.0364 0.1347 0.0008 0.0296 0.1064 0.0873 0.0401 0.0000 0.0013 0.0961 
70       70   (0)      8 :  0.0000 0.0000 0.0000 0.1341 0.0000 0.0048 0.0400 0.1929 0.2752 0.0200 0.0000 0.0600 0.0754 0.1775 0.0000 0.0000 0.0200 
71       71   (0)      8 :  0.0000 0.0016 0.0000 0.0660 0.0000 0.0177 0.0245 0.0324 0.6926 0.0053 0.0071 0.0017 0.0354 0.0345 0.0000 0.0000 0.0812 
72       72   (0)      8 :  0.0000 0.0411 0.0171 0.0842 0.0000 0.0316 0.0258 0.1003 0.5356 0.0200 0.0008 0.0170 0.0549 0.0347 0.0000 0.0000 0.0369 
73       73   (0)      8 :  0.0000 0.8391 0.0400 0.0000 0.0000 0.0400 0.0000 0.0044 0.0243 0.0000 0.0200 0.0000 0.0000 0.0000 0.0081 0.0000 0.0242 
74       74   (0)      9 :  0.2755 0.0923 0.0119 0.0000 0.1278 0.0071 0.0000 0.0035 0.0000 0.2485 0.0218 0.0000 0.0000 0.0000 0.0147 0.1937 0.0032 
75       75   (0)      9 :  0.2115 0.0152 0.0159 0.0000 0.1412 0.0041 0.0000 0.0000 0.0000 0.4043 0.0203 0.0000 0.0000 0.0007 0.0005 0.1861 0.0000 
76       76   (0)     10 :  0.4200 0.0000 0.0000 0.0000 0.1400 0.0200 0.0000 0.0000 0.0000 0.1400 0.1000 0.0000 0.0000 0.0000 0.0000 0.1600 0.0200 
77       77   (0)     11 :  0.1457 0.0000 0.0000 0.0000 0.2421 0.0000 0.0000 0.0000 0.0000 0.1369 0.1600 0.0000 0.0000 0.0000 0.0000 0.3147 0.0006 
78       78   (0)     12 :  0.0702 0.0000 0.0000 0.0000 0.7204 0.0000 0.0000 0.0000 0.0000 0.0508 0.0219 0.0000 0.0000 0.0000 0.0000 0.0766 0.0600 
79       79   (0)     13 :  0.0000 0.3291 0.3911 0.0169 0.0000 0.0591 0.0396 0.0073 0.0638 0.0000 0.0122 0.0070 0.0210 0.0000 0.0000 0.0000 0.0529 
80       80   (0)     13 :  0.0000 0.0000 0.0000 0.2600 0.0000 0.0600 0.1800 0.1200 0.1000 0.0000 0.0000 0.1600 0.0200 0.0530 0.0000 0.0000 0.0470 
