1        1   (0)      1  : 1.0000 0.0000
2        2   (0)      1  : 0.6274 0.3726
3        3   (0)      1  : 1.0000 0.0000
4        4   (0)      1  : 1.0000 0.0000
5        5   (0)      1  : 1.0000 0.0000
6        6   (0)      1  : 1.0000 0.0000
7        7   (0)      1  : 1.0000 0.0000
8        8   (0)      1  : 1.0000 0.0000
9        9   (0)      1  : 1.0000 0.0000
10       10   (0)      1  : 1.0000 0.0000
11       11   (0)      1  : 0.9626 0.0374
12       12   (0)      1  : 1.0000 0.0000
13       13   (0)      1  : 1.0000 0.0000
14       14   (0)      2  : 1.0000 0.0000
15       15   (0)      2  : 0.0082 0.9918
16       16   (0)      2  : 1.0000 0.0000
17       17   (0)      2  : 1.0000 0.0000
18       18   (0)      2  : 1.0000 0.0000
19       19   (0)      2  : 1.0000 0.0000
20       20   (0)      2  : 0.9953 0.0047
21       21   (0)      2  : 1.0000 0.0000
22       22   (0)      2  : 0.9378 0.0622
23       23   (0)      2  : 0.5399 0.4601
24       24   (0)      2  : 1.0000 0.0000
25       25   (0)      2  : 1.0000 0.0000
26       26   (0)      2  : 0.5968 0.4032
27       27   (0)      2  : 1.0000 0.0000
28       28   (0)      3  : 0.0000 1.0000
29       29   (0)      3  : 1.0000 0.0000
30       30   (0)      3  : 0.0374 0.9626
31       31   (0)      3  : 0.4902 0.5098
32       32   (0)      3  : 0.0000 1.0000
33       33   (0)      3  : 1.0000 0.0000
34       34   (0)      3  : 0.0000 1.0000
35       35   (0)      3  : 0.0000 1.0000
36       36   (0)      3  : 0.0000 1.0000
37       37   (0)      3  : 1.0000 0.0000
38       38   (0)      3  : 0.0000 1.0000
39       39   (0)      3  : 0.1034 0.8966
40       40   (0)      3  : 1.0000 0.0000
41       41   (0)      3  : 1.0000 0.0000
42       42   (0)      3  : 0.0166 0.9834
43       43   (0)      3  : 0.0000 1.0000
44       44   (0)      3  : 1.0000 0.0000
45       45   (0)      3  : 1.0000 0.0000
46       46   (0)      4  : 0.0000 1.0000
47       47   (0)      4  : 0.0000 1.0000
48       48   (0)      4  : 1.0000 0.0000
49       49   (0)      4  : 0.9693 0.0307
50       50   (0)      4  : 0.9423 0.0577
51       51   (0)      4  : 0.9474 0.0526
52       52   (0)      4  : 0.9898 0.0102
53       53   (0)      4  : 1.0000 0.0000
54       54   (0)      4  : 1.0000 0.0000
55       55   (0)      4  : 0.2211 0.7789
56       56   (0)      4  : 1.0000 0.0000
57       57   (0)      5  : 1.0000 0.0000
58       58   (0)      5  : 0.9477 0.0523
59       59   (0)      5  : 1.0000 0.0000
60       60   (0)      5  : 0.0000 1.0000
61       61   (0)      5  : 0.0328 0.9672
62       62   (0)      5  : 0.1464 0.8536
63       63   (0)      6  : 0.0000 1.0000
64       64   (0)      6  : 0.0000 1.0000
65       65   (0)      6  : 0.0000 1.0000
66       66   (0)      6  : 0.2586 0.7414
67       67   (0)      6  : 0.0000 1.0000
68       68   (0)      6  : 0.0057 0.9943
69       69   (0)      6  : 0.8376 0.1624
70       70   (0)      6  : 0.0000 1.0000
71       71   (0)      6  : 1.0000 0.0000
72       72   (0)      6  : 0.0000 1.0000
73       73   (0)      6  : 0.0000 1.0000
74       74   (0)      6  : 0.0000 1.0000
75       75   (0)      6  : 0.0000 1.0000
76       76   (0)      6  : 0.0095 0.9905
77       77   (0)      6  : 0.0449 0.9551
78       78   (0)      6  : 0.0000 1.0000
79       79   (0)      6  : 0.0000 1.0000
80       80   (0)      7  : 1.0000 0.0000
81       81   (0)      8  : 0.9861 0.0139
82       82   (0)      9  : 0.0793 0.9207
83       83   (0)     10  : 0.8713 0.1287
84       84   (0)     11  : 1.0000 0.0000
85       85   (0)     11  : 0.6403 0.3597
86       86   (0)     12  : 0.4398 0.5602
87       87   (0)     12  : 0.8467 0.1533
88       88   (0)     12  : 1.0000 0.0000
89       89   (0)     12  : 0.8710 0.1290
90       90   (0)     12  : 0.0553 0.9447
91       91   (0)     12  : 1.0000 0.0000
92       92   (0)     12  : 1.0000 0.0000
93       93   (0)     12  : 1.0000 0.0000
94       94   (0)     13  : 1.0000 0.0000
