  1        1   (0)      1 :  0.9520 0.0480 
  2        2   (0)      1 :  0.0837 0.9163 
  3        3   (0)      1 :  0.9599 0.0401 
  4        4   (0)      1 :  0.9501 0.0499 
  5        5   (0)      1 :  0.8946 0.1054 
  6        6   (0)      1 :  0.0910 0.9090 
  7        7   (0)      1 :  0.9322 0.0678 
  8        8   (0)      1 :  0.0857 0.9143 
  9        9   (0)      1 :  0.9487 0.0513 
 10       10   (0)      2 :  0.9526 0.0474 
 11       11   (0)      2 :  0.9327 0.0673 
 12       12   (0)      2 :  0.0834 0.9166 
 13       13   (0)      3 :  0.9306 0.0694 
 14       14   (0)      3 :  0.1395 0.8605 
 15       15   (0)      3 :  0.0921 0.9079 
 16       16   (0)      3 :  0.6200 0.3800 
 17       17   (0)      4 :  0.3706 0.6294 
 18       18   (0)      4 :  0.0930 0.9070 
 19       19   (0)      5 :  0.0762 0.9238 
 20       20   (0)      5 :  0.6927 0.3073 
 21       21   (0)      5 :  0.9088 0.0912 
 22       22   (0)      5 :  0.9306 0.0694 
 23       23   (0)      5 :  0.9482 0.0518 
 24       24   (0)      5 :  0.9253 0.0747 
 25       25   (0)      5 :  0.9376 0.0624 
 26       26   (0)      5 :  0.5083 0.4917 
 27       27   (0)      5 :  0.6200 0.3800 
 28       28   (0)      5 :  0.6200 0.3800 
 29       29   (0)      5 :  0.0559 0.9441 
 30       30   (0)      5 :  0.0652 0.9348 
 31       31   (0)      5 :  0.4923 0.5077 
 32       32   (0)      5 :  0.9153 0.0847 
 33       33   (0)      5 :  0.0938 0.9062 
 34       34   (0)      5 :  0.0735 0.9265 
 35       35   (0)      5 :  0.0815 0.9185 
 36       36   (0)      6 :  0.1050 0.8950 
 37       37   (0)      6 :  0.6200 0.3800 
 38       38   (0)      6 :  0.0690 0.9310 
 39       39   (0)      6 :  0.4623 0.5377 
 40       40   (0)      6 :  0.0689 0.9311 
 41       41   (0)      6 :  0.0844 0.9156 
 42       42   (0)      6 :  0.1193 0.8807 
 43       43   (0)      6 :  0.1213 0.8787 
 44       44   (0)      6 :  0.0610 0.9390 
 45       45   (0)      6 :  0.0649 0.9351 
 46       46   (0)      6 :  0.6644 0.3356 
 47       47   (0)      6 :  0.0830 0.9170 
 48       48   (0)      7 :  0.0746 0.9254 
 49       49   (0)      7 :  0.5959 0.4041 
 50       50   (0)      7 :  0.0947 0.9053 
 51       51   (0)      8 :  0.1099 0.8901 
 52       52   (0)      8 :  0.1536 0.8464 
 53       53   (0)      9 :  0.0752 0.9248 
 54       54   (0)     10 :  0.0730 0.9270 
 55       55   (0)     10 :  0.9722 0.0278 
 56       56   (0)     10 :  0.5808 0.4192 
 57       57   (0)     10 :  0.0686 0.9314 
 58       58   (0)     11 :  0.1470 0.8530 
 59       59   (0)     11 :  0.8984 0.1016 
 60       60   (0)     11 :  0.5633 0.4367 
 61       61   (0)     11 :  0.0640 0.9360 
 62       62   (0)     11 :  0.0572 0.9428 
 63       63   (0)     11 :  0.1786 0.8214 
 64       64   (0)     11 :  0.0586 0.9414 
 65       65   (0)     11 :  0.6200 0.3800 
 66       66   (0)     11 :  0.0433 0.9567 
 67       67   (0)     11 :  0.9833 0.0167 
 68       68   (0)     11 :  0.7764 0.2236 
 69       69   (0)     11 :  0.3755 0.6245 
 70       70   (0)     11 :  0.0698 0.9302 
 71       71   (0)     11 :  0.9136 0.0864 
 72       72   (0)     12 :  0.9304 0.0696 
 73       73   (0)     12 :  0.9553 0.0447 
 74       74   (0)     12 :  0.9460 0.0540 
 75       75   (0)     12 :  0.5392 0.4608 
 76       76   (0)     12 :  0.9854 0.0146 
 77       77   (0)     12 :  0.0835 0.9165 
 78       78   (0)     12 :  0.1399 0.8601 
 79       79   (0)     12 :  0.9715 0.0285 
 80       80   (0)     12 :  0.1703 0.8297 
 81       81   (0)     13 :  0.6200 0.3800 
 82       82   (0)     13 :  0.9110 0.0890 
 83       83   (0)     13 :  0.9644 0.0356 
 84       84   (0)     13 :  0.9736 0.0264 
 85       85   (0)     13 :  0.9562 0.0438 
 86       86   (0)     13 :  0.9880 0.0120 
 87       87   (0)     13 :  0.1090 0.8910 
 88       88   (0)     13 :  0.9466 0.0534 
 89       89   (0)     13 :  0.9791 0.0209 
 90       90   (0)     13 :  0.9478 0.0522 
 91       91   (0)     13 :  0.8872 0.1128 
 92       92   (0)     13 :  0.9108 0.0892 
 93       93   (0)     13 :  0.0989 0.9011 
 94       94   (0)     13 :  0.9443 0.0557 
 95       95   (0)     14 :  0.0800 0.9200 
 96       96   (0)     14 :  0.9316 0.0684 
 97       97   (0)     15 :  0.6200 0.3800 
 98       98   (0)     15 :  0.0619 0.9381 
 99       99   (0)     15 :  0.5461 0.4539 
100      100   (0)     15 :  0.0685 0.9315 
101      101   (0)     15 :  0.1388 0.8612 
102      102   (0)     15 :  0.0674 0.9326 
103      103   (0)     15 :  0.1002 0.8998 
104      104   (0)     15 :  0.1351 0.8649 
105      105   (0)     15 :  0.1383 0.8617 
