1        1   (0)      1  : 0.0000 0.2356 0.0674 0.0000 0.0000 0.0000 0.0000 0.0000 0.1971 0.0000 0.0000 0.5000
2        2   (0)      1  : 0.0000 0.0152 0.0000 0.0100 0.0000 0.7089 0.0765 0.0000 0.0000 0.0000 0.1893 0.0000
3        3   (0)      1  : 0.0000 0.0000 0.0000 0.0000 1.0000 0.0000 0.0000 0.0000 0.0000 0.0000 0.0000 0.0000
4        4   (0)      1  : 0.0000 0.0000 0.0000 0.0000 0.0000 0.0000 0.0000 0.0000 0.0000 1.0000 0.0000 0.0000
5        5   (0)      1  : 0.0000 0.0000 0.0000 0.0000 0.5000 0.0000 0.0000 0.0000 0.0000 0.5000 0.0000 0.0000
6        6   (0)      1  : 0.0000 0.0000 0.0000 0.0000 0.0000 0.0000 1.0000 0.0000 0.0000 0.0000 0.0000 0.0000
7        7   (0)      1  : 0.0000 0.5000 0.0000 0.0000 0.0000 0.0000 0.0000 0.0000 0.5000 0.0000 0.0000 0.0000
8        8   (0)      1  : 0.1154 0.0000 0.0000 0.0000 0.0000 0.0965 0.1496 0.0000 0.0212 0.0000 0.6173 0.0000
9        9   (0)      1  : 0.0000 0.0000 0.0000 0.0000 0.1579 0.0000 0.0000 0.0000 0.8421 0.0000 0.0000 0.0000
10       10   (0)      2  : 0.0000 0.0000 0.0000 0.0000 0.5000 0.0000 0.0000 0.0000 0.0000 0.5000 0.0000 0.0000
11       11   (0)      2  : 0.0000 0.0000 0.0000 0.0000 0.0000 0.0000 0.0000 0.0000 1.0000 0.0000 0.0000 0.0000
12       12   (0)      2  : 1.0000 0.0000 0.0000 0.0000 0.0000 0.0000 0.0000 0.0000 0.0000 0.0000 0.0000 0.0000
13       13   (0)      3  : 0.0000 0.0723 0.0000 0.0000 0.1082 0.0060 0.0000 0.0410 0.7087 0.0345 0.0000 0.0293
14       14   (0)      3  : 0.0000 0.0000 0.0000 1.0000 0.0000 0.0000 0.0000 0.0000 0.0000 0.0000 0.0000 0.0000
15       15   (0)      3  : 0.2004 0.0000 0.0000 0.0000 0.0000 0.0000 0.6083 0.0000 0.0000 0.0000 0.1913 0.0000
16       16   (0)      3  : 0.0000 0.0000 1.0000 0.0000 0.0000 0.0000 0.0000 0.0000 0.0000 0.0000 0.0000 0.0000
17       17   (0)      4  : 0.0000 0.0000 0.5526 0.3212 0.0000 0.0000 0.0000 0.0000 0.0000 0.0000 0.0000 0.1262
18       18   (0)      4  : 0.2688 0.0000 0.0000 0.0104 0.0000 0.1237 0.5065 0.0258 0.0000 0.0000 0.0647 0.0000
19       19   (0)      5  : 0.0000 0.0000 0.0000 0.0000 0.0000 0.3906 0.4222 0.0000 0.0000 0.0000 0.1872 0.0000
20       20   (0)      5  : 0.0000 0.0000 0.0000 0.0000 0.0000 0.0000 0.0000 1.0000 0.0000 0.0000 0.0000 0.0000
21       21   (0)      5  : 0.0000 0.0000 0.0000 0.0000 1.0000 0.0000 0.0000 0.0000 0.0000 0.0000 0.0000 0.0000
22       22   (0)      5  : 0.0000 0.0000 0.0000 0.0000 0.6471 0.0000 0.0000 0.0000 0.2278 0.1251 0.0000 0.0000
23       23   (0)      5  : 0.0000 0.0000 0.0000 0.0000 0.0000 0.0000 0.0000 0.0000 1.0000 0.0000 0.0000 0.0000
24       24   (0)      5  : 0.0000 0.4669 0.0000 0.0118 0.2711 0.0000 0.0000 0.0000 0.1677 0.0824 0.0000 0.0000
25       25   (0)      5  : 0.0000 0.7069 0.0000 0.0000 0.1337 0.0000 0.0000 0.0381 0.0000 0.0000 0.0000 0.1213
26       26   (0)      5  : 0.0747 0.2345 0.0000 0.0000 0.1428 0.0856 0.2774 0.0000 0.0888 0.0251 0.0592 0.0119
27       27   (0)      5  : 0.0000 0.0000 1.0000 0.0000 0.0000 0.0000 0.0000 0.0000 0.0000 0.0000 0.0000 0.0000
28       28   (0)      5  : 0.0000 0.0000 1.0000 0.0000 0.0000 0.0000 0.0000 0.0000 0.0000 0.0000 0.0000 0.0000
29       29   (0)      5  : 0.0755 0.0000 0.0206 0.0177 0.0000 0.6124 0.1135 0.0000 0.0000 0.0000 0.1602 0.0000
30       30   (0)      5  : 0.6317 0.0000 0.0000 0.0000 0.0000 0.0000 0.1577 0.0000 0.0000 0.0000 0.2106 0.0000
31       31   (0)      5  : 0.0612 0.0890 0.0000 0.0000 0.0000 0.0982 0.0000 0.0253 0.1347 0.2438 0.0916 0.2562
32       32   (0)      5  : 0.0000 0.6762 0.0000 0.0000 0.1276 0.0000 0.0000 0.0603 0.0000 0.1358 0.0000 0.0000
33       33   (0)      5  : 0.0000 0.0000 0.0000 0.0000 0.0000 0.0000 0.0000 0.0000 0.0000 0.0000 0.5000 0.5000
34       34   (0)      5  : 0.0000 0.0000 0.0000 0.0000 0.0000 0.5000 0.0000 0.0000 0.0000 0.0000 0.0000 0.5000
35       35   (0)      5  : 0.0000 0.0000 0.0000 0.0000 0.0000 0.5000 0.0000 0.0000 0.0000 0.0000 0.0000 0.5000
36       36   (0)      6  : 0.5327 0.0000 0.0208 0.0000 0.0013 0.0598 0.3854 0.0000 0.0000 0.0000 0.0000 0.0000
37       37   (0)      6  : 0.0000 0.0000 1.0000 0.0000 0.0000 0.0000 0.0000 0.0000 0.0000 0.0000 0.0000 0.0000
38       38   (0)      6  : 0.0000 0.0000 0.0000 0.0000 0.0000 0.0000 0.0000 0.0000 0.0000 0.0000 1.0000 0.0000
39       39   (0)      6  : 0.1898 0.0000 0.0000 0.0000 0.0636 0.0724 0.1592 0.0155 0.3795 0.0000 0.0000 0.1200
40       40   (0)      6  : 0.1964 0.0000 0.0000 0.0000 0.0000 0.5000 0.0000 0.0000 0.0000 0.0000 0.0000 0.3036
41       41   (0)      6  : 0.1970 0.0000 0.0000 0.0126 0.0000 0.0000 0.7904 0.0000 0.0000 0.0000 0.0000 0.0000
42       42   (0)      6  : 0.0000 0.0000 0.0000 0.0000 0.0000 0.5000 0.0000 0.0000 0.0000 0.0000 0.0000 0.5000
43       43   (0)      6  : 0.0000 0.0000 0.0000 0.0000 0.0000 0.5000 0.5000 0.0000 0.0000 0.0000 0.0000 0.0000
44       44   (0)      6  : 0.6612 0.0000 0.0000 0.0115 0.0000 0.0905 0.0922 0.0076 0.0000 0.0000 0.1369 0.0000
45       45   (0)      6  : 0.7826 0.0000 0.0000 0.0000 0.0000 0.0000 0.0000 0.0000 0.0000 0.0000 0.0000 0.2174
46       46   (0)      6  : 0.0000 0.0000 0.0000 0.0000 0.0000 0.0000 0.0000 1.0000 0.0000 0.0000 0.0000 0.0000
47       47   (0)      6  : 0.0000 0.0000 0.0000 0.0000 0.0000 0.0000 0.0000 0.0000 0.0000 0.0000 1.0000 0.0000
48       48   (0)      7  : 0.6465 0.0000 0.0000 0.0013 0.0000 0.0719 0.0697 0.0000 0.0000 0.0000 0.1435 0.0672
49       49   (0)      7  : 0.0000 0.2140 0.0000 0.0000 0.1243 0.1747 0.0000 0.0489 0.0411 0.1535 0.1223 0.1211
50       50   (0)      7  : 0.1580 0.0000 0.0000 0.0000 0.0000 0.0000 0.8309 0.0000 0.0111 0.0000 0.0000 0.0000
51       51   (0)      8  : 0.6506 0.0000 0.0298 0.0000 0.0000 0.1221 0.0000 0.0035 0.0000 0.0000 0.1925 0.0016
52       52   (0)      8  : 0.5382 0.0000 0.1597 0.0000 0.0000 0.0939 0.0000 0.0000 0.0000 0.0000 0.2082 0.0000
53       53   (0)      9  : 0.0000 0.0000 0.0000 0.0000 0.0000 0.0000 1.0000 0.0000 0.0000 0.0000 0.0000 0.0000
54       54   (0)     10  : 0.5822 0.0000 0.0000 0.0000 0.0000 0.1243 0.1898 0.0000 0.0000 0.0000 0.1037 0.0000
55       55   (0)     10  : 0.0000 0.0000 0.0000 0.0000 0.0000 0.0000 0.0000 0.0000 1.0000 0.0000 0.0000 0.0000
56       56   (0)     10  : 0.0000 0.0000 1.0000 0.0000 0.0000 0.0000 0.0000 0.0000 0.0000 0.0000 0.0000 0.0000
57       57   (0)     10  : 0.0000 0.0000 0.0000 0.0000 0.0000 0.0000 1.0000 0.0000 0.0000 0.0000 0.0000 0.0000
58       58   (0)     11  : 0.4547 0.0000 0.1042 0.0000 0.0145 0.2484 0.0000 0.0000 0.0000 0.0000 0.1397 0.0385
59       59   (0)     11  : 0.0185 0.3473 0.0692 0.0000 0.1814 0.0000 0.0000 0.0000 0.2916 0.0671 0.0000 0.0250
60       60   (0)     11  : 0.0488 0.0000 0.9026 0.0000 0.0000 0.0000 0.0000 0.0000 0.0000 0.0000 0.0486 0.0000
61       61   (0)     11  : 0.5000 0.0000 0.0000 0.0000 0.0000 0.0000 0.0000 0.0000 0.0000 0.0000 0.5000 0.0000
62       62   (0)     11  : 0.0000 0.0000 0.0000 0.0000 0.0000 1.0000 0.0000 0.0000 0.0000 0.0000 0.0000 0.0000
63       63   (0)     11  : 0.4426 0.0000 0.2727 0.0000 0.0000 0.1464 0.1382 0.0000 0.0000 0.0000 0.0000 0.0000
64       64   (0)     11  : 0.0000 0.0000 0.0000 0.0000 0.0000 0.5000 0.5000 0.0000 0.0000 0.0000 0.0000 0.0000
65       65   (0)     11  : 0.0000 0.0000 1.0000 0.0000 0.0000 0.0000 0.0000 0.0000 0.0000 0.0000 0.0000 0.0000
66       66   (0)     11  : 1.0000 0.0000 0.0000 0.0000 0.0000 0.0000 0.0000 0.0000 0.0000 0.0000 0.0000 0.0000
67       67   (0)     11  : 0.0000 1.0000 0.0000 0.0000 0.0000 0.0000 0.0000 0.0000 0.0000 0.0000 0.0000 0.0000
68       68   (0)     11  : 0.0000 0.1617 0.2258 0.0000 0.1125 0.0000 0.0000 0.0000 0.0000 0.0000 0.0000 0.5000
69       69   (0)     11  : 0.0000 0.0000 0.5235 0.0000 0.0000 0.0000 0.0000 0.0000 0.0000 0.0000 0.2327 0.2438
70       70   (0)     11  : 0.1620 0.0000 0.0000 0.0000 0.0000 0.0000 0.2196 0.0000 0.0000 0.0000 0.5000 0.1184
71       71   (0)     11  : 0.0000 0.3012 0.0748 0.0000 0.1240 0.0000 0.0000 0.0000 0.0000 0.0000 0.0000 0.5000
72       72   (0)     12  : 0.0000 0.0000 0.0000 0.0000 0.0000 0.0000 0.0000 0.0000 0.0000 1.0000 0.0000 0.0000
73       73   (0)     12  : 0.0000 0.0000 0.0000 0.0000 0.0000 0.0000 0.0000 0.0000 0.0000 1.0000 0.0000 0.0000
74       74   (0)     12  : 0.0000 0.2578 0.0000 0.0000 0.0000 0.0000 0.0000 0.0000 0.0000 0.7422 0.0000 0.0000
75       75   (0)     12  : 0.0000 0.2388 0.1132 0.0000 0.0000 0.2515 0.0000 0.0000 0.0000 0.2171 0.1518 0.0276
76       76   (0)     12  : 0.0000 0.3955 0.0000 0.0000 0.1358 0.0000 0.0000 0.0572 0.0000 0.3613 0.0000 0.0503
77       77   (0)     12  : 0.0000 0.0000 0.0000 0.0000 0.0000 0.1630 0.0000 0.0000 0.0000 0.0000 0.8370 0.0000
78       78   (0)     12  : 0.2743 0.0000 0.0084 0.0000 0.0000 0.0000 0.1617 0.0000 0.0000 0.0556 0.5000 0.0000
79       79   (0)     12  : 0.0000 0.0000 0.0000 0.0000 1.0000 0.0000 0.0000 0.0000 0.0000 0.0000 0.0000 0.0000
80       80   (0)     12  : 0.3324 0.0224 0.1131 0.0000 0.0000 0.3543 0.0565 0.0132 0.0000 0.0000 0.1079 0.0000
81       81   (0)     13  : 0.0000 0.0000 1.0000 0.0000 0.0000 0.0000 0.0000 0.0000 0.0000 0.0000 0.0000 0.0000
82       82   (0)     13  : 0.0000 1.0000 0.0000 0.0000 0.0000 0.0000 0.0000 0.0000 0.0000 0.0000 0.0000 0.0000
83       83   (0)     13  : 0.0000 1.0000 0.0000 0.0000 0.0000 0.0000 0.0000 0.0000 0.0000 0.0000 0.0000 0.0000
84       84   (0)     13  : 0.0000 0.5000 0.0000 0.0000 0.0000 0.0000 0.0000 0.5000 0.0000 0.0000 0.0000 0.0000
85       85   (0)     13  : 0.0000 0.4955 0.0000 0.0000 0.0000 0.0000 0.0000 0.0000 0.5045 0.0000 0.0000 0.0000
86       86   (0)     13  : 0.0000 1.0000 0.0000 0.0000 0.0000 0.0000 0.0000 0.0000 0.0000 0.0000 0.0000 0.0000
87       87   (0)     13  : 0.1722 0.0000 0.0000 0.0000 0.0000 0.0832 0.0000 0.0000 0.0241 0.0000 0.5438 0.1767
88       88   (0)     13  : 0.0000 0.5675 0.0000 0.0000 0.0000 0.0000 0.0000 0.0519 0.3806 0.0000 0.0000 0.0000
89       89   (0)     13  : 0.0000 0.0000 0.0000 0.0000 0.2301 0.0000 0.0000 0.0000 0.7699 0.0000 0.0000 0.0000
90       90   (0)     13  : 0.0000 0.0000 0.0000 0.0000 0.5100 0.0000 0.0000 0.0174 0.4726 0.0000 0.0000 0.0000
91       91   (0)     13  : 0.0000 0.3131 0.1869 0.0000 0.0000 0.0000 0.0000 0.0000 0.0000 0.0000 0.0000 0.5000
92       92   (0)     13  : 0.0000 0.0000 0.0000 0.0000 0.0000 0.0000 0.0000 0.0000 1.0000 0.0000 0.0000 0.0000
93       93   (0)     13  : 0.0825 0.0000 0.0000 0.0000 0.0000 0.5884 0.1467 0.0000 0.0000 0.0397 0.1426 0.0000
94       94   (0)     13  : 0.0000 0.6496 0.0000 0.0000 0.0000 0.0000 0.0000 0.0000 0.1977 0.1527 0.0000 0.0000
95       95   (0)     14  : 0.0000 0.0000 0.0000 0.0000 0.0000 0.0000 0.5000 0.0000 0.0000 0.0000 0.5000 0.0000
96       96   (0)     14  : 0.0000 0.0000 0.0000 0.0000 0.0000 0.0000 0.0000 0.0000 1.0000 0.0000 0.0000 0.0000
97       97   (0)     15  : 0.0000 0.0000 1.0000 0.0000 0.0000 0.0000 0.0000 0.0000 0.0000 0.0000 0.0000 0.0000
98       98   (0)     15  : 0.0000 0.0000 0.0000 0.0000 0.0000 0.5000 0.0000 0.0000 0.0000 0.0000 0.0000 0.5000
99       99   (0)     15  : 0.0000 0.0000 0.0000 0.5333 0.2303 0.0000 0.0000 0.0000 0.2364 0.0000 0.0000 0.0000
100      100   (0)     15  : 0.3101 0.0000 0.0000 0.0048 0.0000 0.0000 0.1851 0.0000 0.0000 0.0000 0.0000 0.5000
101      101   (0)     15  : 0.0000 0.0000 0.0000 1.0000 0.0000 0.0000 0.0000 0.0000 0.0000 0.0000 0.0000 0.0000
102      102   (0)     15  : 0.0000 0.0000 0.0000 0.0000 0.0000 0.0000 0.0000 0.0000 0.0000 0.0000 0.8189 0.1811
103      103   (0)     15  : 0.0000 0.0000 0.0000 0.0000 0.0000 0.0000 0.0000 0.0000 0.0000 0.0000 0.8041 0.1959
104      104   (0)     15  : 0.0000 0.0000 0.0000 1.0000 0.0000 0.0000 0.0000 0.0000 0.0000 0.0000 0.0000 0.0000
105      105   (0)     15  : 0.0000 0.0000 0.0000 1.0000 0.0000 0.0000 0.0000 0.0000 0.0000 0.0000 0.0000 0.0000
