  1        1   (0)      1 :  0.0480 0.1140 0.0000 0.0000 0.0000 0.0476 0.2219 0.1084 0.0000 0.0000 0.0000 0.1317 0.0000 0.2313 0.0971 0.0000 
  2        2   (0)      1 :  0.0007 0.0141 0.2613 0.0793 0.1489 0.0787 0.0022 0.0013 0.1715 0.0006 0.0899 0.0048 0.0075 0.0003 0.0000 0.1390 
  3        3   (0)      1 :  0.5399 0.0265 0.0000 0.0000 0.0000 0.0000 0.1783 0.0547 0.0000 0.0292 0.0000 0.0566 0.0000 0.1148 0.0000 0.0000 
  4        4   (0)      1 :  0.0756 0.4277 0.0000 0.0000 0.0000 0.0000 0.1226 0.0358 0.0000 0.0016 0.0000 0.0906 0.0000 0.2461 0.0000 0.0000 
  5        5   (0)      1 :  0.0800 0.4000 0.0000 0.0000 0.0000 0.0200 0.1000 0.2299 0.0000 0.0200 0.0000 0.0301 0.0000 0.1200 0.0000 0.0000 
  6        6   (0)      1 :  0.0000 0.0200 0.2257 0.0660 0.0954 0.1049 0.0000 0.0000 0.1877 0.0000 0.0716 0.0062 0.0002 0.0008 0.0000 0.2215 
  7        7   (0)      1 :  0.1262 0.1210 0.0000 0.0000 0.0004 0.0010 0.1796 0.1559 0.0000 0.0333 0.0000 0.0889 0.0000 0.2714 0.0000 0.0223 
  8        8   (0)      1 :  0.0013 0.0042 0.3975 0.0455 0.1879 0.0419 0.0003 0.0000 0.1022 0.0000 0.1307 0.0053 0.0000 0.0000 0.0000 0.0831 
  9        9   (0)      1 :  0.3557 0.0684 0.0000 0.0000 0.0000 0.0000 0.1923 0.0637 0.0000 0.0200 0.0000 0.0600 0.0000 0.2399 0.0000 0.0000 
 10       10   (0)      2 :  0.0600 0.4284 0.0000 0.0000 0.0000 0.0200 0.1162 0.0000 0.0000 0.0238 0.0000 0.0200 0.0000 0.3116 0.0000 0.0200 
 11       11   (0)      2 :  0.1800 0.1164 0.0000 0.0000 0.0000 0.0000 0.0511 0.0462 0.0000 0.0000 0.0000 0.0671 0.0000 0.5193 0.0000 0.0200 
 12       12   (0)      2 :  0.0014 0.0000 0.0332 0.0039 0.0064 0.0000 0.0000 0.0000 0.0056 0.0000 0.9432 0.0000 0.0000 0.0000 0.0000 0.0063 
 13       13   (0)      3 :  0.0200 0.1188 0.0000 0.0000 0.0000 0.0000 0.0200 0.0902 0.0000 0.0038 0.0000 0.0841 0.0000 0.6430 0.0000 0.0200 
 14       14   (0)      3 :  0.0000 0.0000 0.0000 0.0000 0.0000 0.0000 0.0000 0.0000 0.0000 0.0000 0.0000 0.0400 0.9600 0.0000 0.0000 0.0000 
 15       15   (0)      3 :  0.0000 0.0000 0.0670 0.0979 0.6751 0.0297 0.0000 0.0000 0.0200 0.0000 0.0927 0.0000 0.0000 0.0000 0.0009 0.0168 
 16       16   (0)      3 :  0.0000 0.0000 0.0000 0.0000 0.0000 0.0000 0.0000 0.0000 0.0000 0.0000 0.0000 0.0400 0.0000 0.0000 0.9600 0.0000 
 17       17   (0)      4 :  0.0000 0.0000 0.0138 0.0155 0.0000 0.0677 0.0000 0.0000 0.0488 0.0000 0.0114 0.0506 0.2815 0.0000 0.4830 0.0279 
 18       18   (0)      4 :  0.0009 0.0000 0.0302 0.1738 0.1302 0.1856 0.0005 0.0005 0.2409 0.0042 0.0590 0.0398 0.0024 0.0000 0.0000 0.1320 
 19       19   (0)      5 :  0.0000 0.0000 0.1796 0.3738 0.0660 0.0617 0.0000 0.0000 0.1475 0.0002 0.0066 0.0200 0.0000 0.0000 0.0000 0.1446 
 20       20   (0)      5 :  0.0000 0.0000 0.0000 0.0000 0.0000 0.0000 0.0000 0.0000 0.0000 0.9943 0.0000 0.0000 0.0057 0.0000 0.0000 0.0000 
 21       21   (0)      5 :  0.5600 0.0477 0.0000 0.0000 0.0000 0.0200 0.0523 0.1800 0.0000 0.0000 0.0000 0.1000 0.0000 0.0400 0.0000 0.0000 
 22       22   (0)      5 :  0.1773 0.3045 0.0000 0.0008 0.0000 0.0012 0.0825 0.0843 0.0006 0.0000 0.0000 0.0324 0.0000 0.2734 0.0000 0.0429 
 23       23   (0)      5 :  0.2200 0.1434 0.0000 0.0000 0.0000 0.0000 0.1800 0.2743 0.0000 0.0000 0.0000 0.1400 0.0000 0.0423 0.0000 0.0000 
 24       24   (0)      5 :  0.1855 0.0312 0.0000 0.0000 0.0000 0.0311 0.0587 0.4282 0.0000 0.0200 0.0000 0.0826 0.0015 0.1611 0.0000 0.0000 
 25       25   (0)      5 :  0.1330 0.1035 0.0000 0.0000 0.0000 0.0240 0.3268 0.2035 0.0000 0.0446 0.0000 0.0939 0.0000 0.0562 0.0145 0.0000 
 26       26   (0)      5 :  0.1720 0.0608 0.0243 0.1014 0.1126 0.0945 0.0493 0.1502 0.0925 0.0000 0.0167 0.0375 0.0000 0.0422 0.0000 0.0460 
 27       27   (0)      5 :  0.0000 0.0004 0.0017 0.0000 0.0000 0.0214 0.0000 0.0000 0.0005 0.0000 0.0001 0.0603 0.0000 0.0000 0.9156 0.0000 
 28       28   (0)      5 :  0.0000 0.0000 0.0000 0.0000 0.0000 0.0000 0.0000 0.0000 0.0000 0.0000 0.0000 0.0000 0.0000 0.0000 1.0000 0.0000 
 29       29   (0)      5 :  0.0000 0.0200 0.3669 0.1251 0.0460 0.0687 0.0000 0.0000 0.1863 0.0000 0.0659 0.0333 0.0088 0.0000 0.0086 0.0704 
 30       30   (0)      5 :  0.0000 0.0029 0.1864 0.0606 0.0473 0.1447 0.0000 0.0000 0.1098 0.0000 0.3449 0.0200 0.0000 0.0000 0.0000 0.0835 
 31       31   (0)      5 :  0.0635 0.0861 0.0795 0.0395 0.0438 0.0854 0.0679 0.1048 0.1163 0.0164 0.0417 0.0783 0.0000 0.1326 0.0000 0.0442 
 32       32   (0)      5 :  0.1289 0.2090 0.0000 0.0000 0.0000 0.0233 0.0793 0.4385 0.0000 0.0132 0.0000 0.0727 0.0000 0.0346 0.0000 0.0006 
 33       33   (0)      5 :  0.0009 0.0000 0.2406 0.0753 0.1287 0.0470 0.0000 0.0000 0.0856 0.0007 0.2360 0.0214 0.0005 0.0005 0.0000 0.1629 
 34       34   (0)      5 :  0.0000 0.0200 0.0749 0.0449 0.1740 0.0359 0.0000 0.0000 0.4526 0.0000 0.0518 0.0000 0.0000 0.0000 0.0000 0.1458 
 35       35   (0)      5 :  0.0000 0.0200 0.3510 0.1035 0.0112 0.0965 0.0000 0.0000 0.1080 0.0000 0.1186 0.0200 0.0000 0.0000 0.0000 0.1712 
 36       36   (0)      6 :  0.0000 0.0096 0.0587 0.0123 0.1972 0.2707 0.0000 0.0000 0.2681 0.0000 0.1189 0.0054 0.0000 0.0000 0.0079 0.0511 
 37       37   (0)      6 :  0.0000 0.0000 0.0000 0.0000 0.0000 0.0200 0.0000 0.0000 0.0000 0.0000 0.0000 0.0400 0.0000 0.0000 0.9400 0.0000 
 38       38   (0)      6 :  0.0000 0.0000 0.0444 0.6063 0.0464 0.0200 0.0000 0.0000 0.1402 0.0000 0.0200 0.0000 0.0000 0.0000 0.0000 0.1227 
 39       39   (0)      6 :  0.0715 0.0904 0.0289 0.0124 0.1352 0.0904 0.0593 0.0389 0.1490 0.0019 0.1227 0.0529 0.0000 0.0875 0.0000 0.0590 
 40       40   (0)      6 :  0.0000 0.0000 0.0606 0.0016 0.0715 0.0309 0.0000 0.0000 0.7021 0.0000 0.0695 0.0000 0.0000 0.0000 0.0000 0.0638 
 41       41   (0)      6 :  0.0000 0.0000 0.0400 0.0062 0.3961 0.0924 0.0000 0.0000 0.2366 0.0000 0.1278 0.0000 0.0009 0.0000 0.0000 0.1000 
 42       42   (0)      6 :  0.0000 0.0019 0.0471 0.0261 0.0555 0.0706 0.0000 0.0012 0.6943 0.0000 0.0615 0.0200 0.0001 0.0042 0.0000 0.0175 
 43       43   (0)      6 :  0.0000 0.0200 0.1803 0.0876 0.1074 0.0818 0.0000 0.0023 0.3255 0.0000 0.0203 0.0400 0.0007 0.0000 0.0000 0.1341 
 44       44   (0)      6 :  0.0000 0.0000 0.0631 0.0785 0.0736 0.0453 0.0000 0.0000 0.4178 0.0000 0.0957 0.0400 0.0013 0.0000 0.0000 0.1848 
 45       45   (0)      6 :  0.0000 0.0000 0.0929 0.0343 0.1828 0.0691 0.0000 0.0000 0.1646 0.0000 0.3512 0.0400 0.0000 0.0000 0.0000 0.0652 
 46       46   (0)      6 :  0.0000 0.0000 0.0000 0.0000 0.0000 0.0000 0.0000 0.0000 0.0000 0.9741 0.0000 0.0200 0.0059 0.0000 0.0000 0.0000 
 47       47   (0)      6 :  0.0000 0.0000 0.1064 0.4746 0.0635 0.0921 0.0000 0.0000 0.0788 0.0000 0.0563 0.0400 0.0000 0.0000 0.0000 0.0883 
 48       48   (0)      7 :  0.0000 0.0200 0.2788 0.0994 0.0789 0.0822 0.0000 0.0000 0.0559 0.0000 0.2086 0.0090 0.0003 0.0000 0.0000 0.1669 
 49       49   (0)      7 :  0.1287 0.0944 0.0391 0.1230 0.0128 0.0313 0.0827 0.1989 0.1016 0.0215 0.0298 0.0805 0.0000 0.0212 0.0000 0.0344 
 50       50   (0)      7 :  0.0016 0.0000 0.0471 0.2445 0.1780 0.0388 0.0011 0.0000 0.0877 0.0000 0.0540 0.0227 0.0000 0.0000 0.0000 0.3244 
 51       51   (0)      8 :  0.0000 0.0000 0.0642 0.0192 0.1324 0.1364 0.0000 0.0000 0.0253 0.0002 0.5710 0.0152 0.0000 0.0000 0.0243 0.0118 
 52       52   (0)      8 :  0.0000 0.0000 0.0761 0.0282 0.1554 0.1956 0.0000 0.0005 0.1091 0.0000 0.2946 0.0121 0.0000 0.0000 0.1177 0.0108 
 53       53   (0)      9 :  0.0000 0.0200 0.0278 0.1666 0.1437 0.0657 0.0000 0.0000 0.0400 0.0000 0.2854 0.0400 0.0000 0.0000 0.0000 0.2108 
 54       54   (0)     10 :  0.0000 0.0000 0.1000 0.0987 0.0200 0.0000 0.0000 0.0000 0.2305 0.0000 0.0898 0.0000 0.0000 0.0000 0.0000 0.4610 
 55       55   (0)     10 :  0.0600 0.0400 0.0000 0.0000 0.0000 0.0000 0.0400 0.0109 0.0000 0.0400 0.0000 0.0713 0.0000 0.7378 0.0000 0.0000 
 56       56   (0)     10 :  0.0000 0.0000 0.0000 0.0000 0.0000 0.0600 0.0000 0.0000 0.0000 0.0000 0.0000 0.0400 0.0000 0.0000 0.9000 0.0000 
 57       57   (0)     10 :  0.0000 0.0000 0.1481 0.4011 0.1862 0.0400 0.0000 0.0000 0.0000 0.0000 0.0200 0.0400 0.0000 0.0000 0.0000 0.1646 
 58       58   (0)     11 :  0.0035 0.0031 0.0709 0.0894 0.1031 0.1165 0.0000 0.0015 0.2201 0.0002 0.2394 0.0323 0.0000 0.0004 0.0794 0.0402 
 59       59   (0)     11 :  0.1368 0.1154 0.0016 0.0000 0.0021 0.0218 0.3153 0.1659 0.0002 0.0047 0.0166 0.0541 0.0000 0.1172 0.0463 0.0020 
 60       60   (0)     11 :  0.0016 0.0000 0.0108 0.0064 0.0130 0.0131 0.0000 0.0000 0.0062 0.0013 0.0410 0.0452 0.0000 0.0000 0.8615 0.0000 
 61       61   (0)     11 :  0.0000 0.0000 0.1800 0.1200 0.2200 0.1600 0.0000 0.0000 0.0800 0.0000 0.2000 0.0400 0.0000 0.0000 0.0000 0.0000 
 62       62   (0)     11 :  0.0000 0.0038 0.2850 0.0774 0.1188 0.1405 0.0000 0.0000 0.0628 0.0000 0.1868 0.0600 0.0000 0.0000 0.0014 0.0637 
 63       63   (0)     11 :  0.0000 0.0000 0.0497 0.0222 0.1720 0.1193 0.0000 0.0000 0.0381 0.0000 0.2801 0.0195 0.0000 0.0000 0.2753 0.0239 
 64       64   (0)     11 :  0.0000 0.0000 0.1235 0.0610 0.1959 0.1511 0.0000 0.0000 0.0276 0.0000 0.2591 0.0829 0.0002 0.0000 0.0001 0.0987 
 65       65   (0)     11 :  0.0000 0.0000 0.0000 0.0000 0.0000 0.0200 0.0000 0.0000 0.0000 0.0000 0.0000 0.0200 0.0000 0.0000 0.9600 0.0000 
 66       66   (0)     11 :  0.0000 0.0000 0.0393 0.0600 0.2319 0.1540 0.0000 0.0000 0.0697 0.0000 0.3747 0.0200 0.0000 0.0000 0.0000 0.0503 
 67       67   (0)     11 :  0.0374 0.0869 0.0000 0.0000 0.0000 0.0000 0.6461 0.1126 0.0000 0.0132 0.0000 0.0638 0.0000 0.0400 0.0000 0.0000 
 68       68   (0)     11 :  0.0776 0.0190 0.0000 0.0000 0.0000 0.0834 0.2844 0.0279 0.0000 0.0000 0.0000 0.1465 0.0000 0.0224 0.3315 0.0072 
 69       69   (0)     11 :  0.0000 0.0000 0.0500 0.0801 0.1752 0.0470 0.0025 0.0000 0.0200 0.0000 0.0603 0.0470 0.0000 0.0000 0.4481 0.0699 
 70       70   (0)     11 :  0.0000 0.0000 0.1234 0.2555 0.2727 0.0439 0.0000 0.0000 0.0301 0.0000 0.1429 0.0000 0.0000 0.0000 0.0000 0.1314 
 71       71   (0)     11 :  0.1115 0.1144 0.0000 0.0000 0.0000 0.0982 0.3550 0.1106 0.0000 0.0000 0.0000 0.1302 0.0000 0.0114 0.0667 0.0019 
 72       72   (0)     12 :  0.1196 0.1709 0.0000 0.0000 0.0000 0.0000 0.1452 0.3862 0.0000 0.0000 0.0002 0.1278 0.0000 0.0100 0.0000 0.0400 
 73       73   (0)     12 :  0.0200 0.1994 0.0000 0.0000 0.0000 0.0200 0.0798 0.4045 0.0000 0.0000 0.0000 0.1000 0.0000 0.1163 0.0000 0.0600 
 74       74   (0)     12 :  0.0458 0.0403 0.0000 0.0000 0.0000 0.0307 0.0000 0.8632 0.0000 0.0000 0.0000 0.0000 0.0000 0.0200 0.0000 0.0000 
 75       75   (0)     12 :  0.0299 0.0770 0.1289 0.0259 0.0483 0.0842 0.0978 0.1436 0.0715 0.0014 0.0211 0.0454 0.0000 0.0636 0.1040 0.0575 
 76       76   (0)     12 :  0.1090 0.1655 0.0000 0.0000 0.0000 0.0498 0.0873 0.5392 0.0000 0.0111 0.0000 0.0246 0.0000 0.0131 0.0004 0.0000 
 77       77   (0)     12 :  0.0000 0.0000 0.7978 0.0200 0.0000 0.0000 0.0000 0.0000 0.0309 0.0000 0.1477 0.0000 0.0000 0.0000 0.0000 0.0036 
 78       78   (0)     12 :  0.0000 0.0029 0.1494 0.0509 0.2870 0.1940 0.0010 0.0134 0.1488 0.0000 0.1170 0.0080 0.0000 0.0000 0.0086 0.0189 
 79       79   (0)     12 :  0.5133 0.0458 0.0000 0.0000 0.0000 0.0200 0.2460 0.0376 0.0000 0.0126 0.0000 0.0246 0.0000 0.1000 0.0000 0.0000 
 80       80   (0)     12 :  0.0026 0.0018 0.1659 0.0536 0.1488 0.2098 0.0040 0.0014 0.1183 0.0009 0.1460 0.0130 0.0000 0.0080 0.0841 0.0418 
 81       81   (0)     13 :  0.0000 0.0000 0.0000 0.0000 0.0000 0.0000 0.0000 0.0000 0.0000 0.0000 0.0000 0.0600 0.0000 0.0000 0.9400 0.0000 
 82       82   (0)     13 :  0.0687 0.1800 0.0000 0.0000 0.0000 0.0000 0.2666 0.2242 0.0000 0.0204 0.0000 0.0600 0.0010 0.1789 0.0000 0.0001 
 83       83   (0)     13 :  0.0166 0.0535 0.0000 0.0000 0.0000 0.0455 0.6925 0.0660 0.0000 0.0000 0.0000 0.0455 0.0000 0.0674 0.0130 0.0000 
 84       84   (0)     13 :  0.2275 0.2246 0.0000 0.0000 0.0000 0.0200 0.1242 0.2756 0.0000 0.0206 0.0000 0.0800 0.0000 0.0274 0.0000 0.0000 
 85       85   (0)     13 :  0.2414 0.0964 0.0000 0.0000 0.0000 0.0031 0.1532 0.2446 0.0000 0.0000 0.0000 0.1141 0.0000 0.1473 0.0000 0.0000 
 86       86   (0)     13 :  0.0529 0.1475 0.0000 0.0000 0.0000 0.0200 0.3595 0.2176 0.0000 0.0221 0.0000 0.1046 0.0000 0.0751 0.0006 0.0000 
 87       87   (0)     13 :  0.0016 0.0008 0.1344 0.3153 0.1572 0.1116 0.0025 0.0026 0.1250 0.0000 0.0447 0.0359 0.0000 0.0000 0.0000 0.0684 
 88       88   (0)     13 :  0.0544 0.2340 0.0000 0.0000 0.0000 0.0000 0.1082 0.1872 0.0000 0.0170 0.0000 0.1190 0.0000 0.2802 0.0000 0.0000 
 89       89   (0)     13 :  0.3909 0.1769 0.0000 0.0000 0.0000 0.0000 0.0667 0.0837 0.0000 0.0000 0.0000 0.0809 0.0000 0.2009 0.0000 0.0000 
 90       90   (0)     13 :  0.2742 0.2220 0.0000 0.0000 0.0000 0.0104 0.1377 0.0438 0.0000 0.0221 0.0000 0.0845 0.0000 0.1854 0.0000 0.0200 
 91       91   (0)     13 :  0.0649 0.0839 0.0000 0.0000 0.0000 0.0961 0.0603 0.1582 0.0000 0.0000 0.0000 0.1307 0.0000 0.0932 0.3127 0.0000 
 92       92   (0)     13 :  0.2909 0.1298 0.0027 0.0010 0.0000 0.0096 0.1347 0.1501 0.0000 0.0000 0.0032 0.0672 0.0000 0.2103 0.0000 0.0006 
 93       93   (0)     13 :  0.0014 0.0427 0.1518 0.3251 0.0367 0.2161 0.0000 0.0000 0.1217 0.0000 0.0093 0.0200 0.0000 0.0011 0.0000 0.0739 
 94       94   (0)     13 :  0.0976 0.0813 0.0000 0.0000 0.0000 0.0047 0.1102 0.4937 0.0000 0.0000 0.0000 0.0507 0.0000 0.1419 0.0000 0.0200 
 95       95   (0)     14 :  0.0000 0.0077 0.1522 0.3115 0.1251 0.0914 0.0000 0.0000 0.0394 0.0000 0.1625 0.0200 0.0007 0.0000 0.0000 0.0895 
 96       96   (0)     14 :  0.0727 0.1141 0.0000 0.0000 0.0000 0.0000 0.1267 0.0959 0.0008 0.0000 0.0004 0.0385 0.0000 0.5509 0.0000 0.0000 
 97       97   (0)     15 :  0.0000 0.0000 0.0000 0.0000 0.0000 0.0400 0.0000 0.0000 0.0000 0.0000 0.0000 0.0200 0.0000 0.0000 0.9400 0.0000 
 98       98   (0)     15 :  0.0000 0.0000 0.0434 0.0854 0.0000 0.0601 0.0000 0.0000 0.5919 0.0001 0.0247 0.0400 0.0000 0.0000 0.0000 0.1544 
 99       99   (0)     15 :  0.0614 0.0542 0.0000 0.0000 0.0000 0.0200 0.0000 0.2233 0.0000 0.0000 0.0000 0.0704 0.5216 0.0398 0.0000 0.0092 
100      100   (0)     15 :  0.0000 0.0000 0.1305 0.1875 0.0392 0.1200 0.0000 0.0000 0.1292 0.0000 0.1452 0.0000 0.0000 0.0000 0.0000 0.2484 
101      101   (0)     15 :  0.0000 0.0000 0.0000 0.0000 0.0000 0.0000 0.0000 0.0000 0.0000 0.0000 0.0000 0.0600 0.9400 0.0000 0.0000 0.0000 
102      102   (0)     15 :  0.0000 0.0000 0.1615 0.3859 0.0400 0.0404 0.0000 0.0000 0.2495 0.0000 0.0485 0.0200 0.0010 0.0000 0.0000 0.0531 
103      103   (0)     15 :  0.0000 0.0000 0.1065 0.3764 0.1867 0.0660 0.0000 0.0000 0.1196 0.0000 0.0093 0.0083 0.0004 0.0011 0.0000 0.1257 
104      104   (0)     15 :  0.0000 0.0000 0.0000 0.0000 0.0000 0.0000 0.0000 0.0000 0.0000 0.0000 0.0000 0.0200 0.9800 0.0000 0.0000 0.0000 
105      105   (0)     15 :  0.0000 0.0000 0.0000 0.0000 0.0000 0.0000 0.0000 0.0000 0.0000 0.0000 0.0000 0.0200 0.9800 0.0000 0.0000 0.0000 
