  1        1   (0)      1 :  0.0226 0.0074 0.0156 0.6487 0.0004 0.0883 0.0316 0.0002 0.0000 0.0000 0.0226 0.0000 0.0589 0.0000 0.0114 0.0000 0.0208 0.0067 0.0000 0.0000 0.0000 0.0649 
  2        2   (0)      1 :  0.0000 0.0000 0.0003 0.1598 0.0000 0.6625 0.0000 0.0650 0.0000 0.0106 0.0294 0.0034 0.0000 0.0681 0.0000 0.0000 0.0000 0.0000 0.0000 0.0003 0.0000 0.0006 
  3        3   (0)      1 :  0.0146 0.0000 0.0000 0.9827 0.0000 0.0000 0.0000 0.0000 0.0000 0.0000 0.0000 0.0000 0.0000 0.0000 0.0000 0.0000 0.0000 0.0027 0.0000 0.0000 0.0000 0.0000 
  4        4   (0)      1 :  0.0000 0.0000 0.0000 0.1800 0.0000 0.8000 0.0000 0.0000 0.0000 0.0000 0.0200 0.0000 0.0000 0.0000 0.0000 0.0000 0.0000 0.0000 0.0000 0.0000 0.0000 0.0000 
  5        5   (0)      1 :  0.0014 0.0213 0.0789 0.0290 0.0001 0.1540 0.0009 0.0007 0.0000 0.0000 0.0326 0.1336 0.1229 0.0031 0.0083 0.0000 0.2120 0.0269 0.0000 0.0693 0.0000 0.1049 
  6        6   (0)      1 :  0.0028 0.1896 0.0398 0.0150 0.0003 0.0719 0.0000 0.0002 0.0000 0.0070 0.0431 0.0984 0.1055 0.0073 0.0348 0.0000 0.1902 0.0132 0.0000 0.0479 0.0000 0.1330 
  7        7   (0)      1 :  0.0000 0.0846 0.0418 0.0000 0.0000 0.0200 0.0000 0.0166 0.0000 0.0001 0.0601 0.0000 0.1611 0.0000 0.0319 0.0000 0.4788 0.0200 0.0000 0.0000 0.0000 0.0849 
  8        8   (0)      1 :  0.0000 0.0411 0.0580 0.0376 0.0000 0.2188 0.0000 0.0000 0.0000 0.0000 0.0461 0.0926 0.0736 0.0029 0.0049 0.0000 0.2720 0.0212 0.0000 0.0245 0.0000 0.1067 
  9        9   (0)      1 :  0.0000 0.0000 0.0000 0.1800 0.0000 0.8000 0.0000 0.0000 0.0000 0.0000 0.0200 0.0000 0.0000 0.0000 0.0000 0.0000 0.0000 0.0000 0.0000 0.0000 0.0000 0.0000 
 10       10   (0)      1 :  0.0002 0.0182 0.0460 0.0000 0.0173 0.0000 0.0064 0.0006 0.0000 0.0015 0.0477 0.0000 0.1024 0.0015 0.0173 0.0000 0.6410 0.0200 0.0000 0.0000 0.0000 0.0799 
 11       11   (0)      1 :  0.0000 0.0572 0.0569 0.0000 0.0051 0.0000 0.0406 0.0082 0.0000 0.0011 0.0400 0.0000 0.4342 0.0020 0.0689 0.0000 0.2068 0.0260 0.0000 0.0000 0.0000 0.0530 
 12       12   (0)      1 :  0.0000 0.0000 0.0000 0.0000 0.0000 0.0000 0.0000 1.0000 0.0000 0.0000 0.0000 0.0000 0.0000 0.0000 0.0000 0.0000 0.0000 0.0000 0.0000 0.0000 0.0000 0.0000 
 13       13   (0)      1 :  0.0003 0.0628 0.0498 0.0001 0.0162 0.0000 0.0169 0.0004 0.0000 0.0087 0.0719 0.0000 0.1931 0.0000 0.0805 0.0000 0.3696 0.0200 0.0000 0.0000 0.0000 0.1095 
 14       14   (0)      1 :  0.0026 0.0020 0.0318 0.1486 0.0000 0.0266 0.0043 0.0675 0.0012 0.0129 0.0425 0.0926 0.1091 0.0000 0.0176 0.0060 0.2717 0.0260 0.0128 0.0777 0.0000 0.0465 
 15       15   (0)      1 :  0.0000 0.0000 0.0000 0.0000 0.0000 0.0000 0.0000 0.0000 0.0000 0.0000 0.0000 1.0000 0.0000 0.0000 0.0000 0.0000 0.0000 0.0000 0.0000 0.0000 0.0000 0.0000 
 16       16   (0)      1 :  0.6600 0.0000 0.0000 0.2400 0.0000 0.0400 0.0000 0.0000 0.0000 0.0000 0.0200 0.0000 0.0000 0.0000 0.0000 0.0000 0.0000 0.0400 0.0000 0.0000 0.0000 0.0000 
 17       17   (0)      1 :  0.6600 0.0000 0.0000 0.2400 0.0000 0.0400 0.0000 0.0000 0.0000 0.0000 0.0200 0.0000 0.0000 0.0000 0.0000 0.0000 0.0000 0.0400 0.0000 0.0000 0.0000 0.0000 
 18       18   (0)      1 :  0.0000 0.0000 0.0000 0.0000 0.9600 0.0000 0.0000 0.0400 0.0000 0.0000 0.0000 0.0000 0.0000 0.0000 0.0000 0.0000 0.0000 0.0000 0.0000 0.0000 0.0000 0.0000 
 19       19   (0)      1 :  0.0000 0.0297 0.0646 0.0000 0.0004 0.0001 0.0042 0.0000 0.0000 0.0049 0.0407 0.0000 0.3255 0.0040 0.0633 0.0000 0.1295 0.0200 0.0000 0.0000 0.0000 0.3131 
 20       20   (0)      1 :  0.0200 0.0865 0.1045 0.0000 0.0001 0.0200 0.0007 0.0006 0.0000 0.0093 0.0000 0.0000 0.4110 0.0000 0.1362 0.0000 0.1514 0.0200 0.0000 0.0000 0.0000 0.0395 
 21       21   (0)      1 :  0.0191 0.0000 0.0000 0.9375 0.0000 0.0000 0.0000 0.0000 0.0000 0.0000 0.0400 0.0000 0.0000 0.0000 0.0000 0.0000 0.0000 0.0034 0.0000 0.0000 0.0000 0.0000 
 22       22   (0)      1 :  0.0000 0.0000 0.0000 0.0000 0.0000 0.0000 0.0000 0.0000 0.0000 0.0000 0.0000 1.0000 0.0000 0.0000 0.0000 0.0000 0.0000 0.0000 0.0000 0.0000 0.0000 0.0000 
 23       23   (0)      1 :  0.0031 0.0516 0.0130 0.0000 0.0000 0.0010 0.0000 0.0111 0.0000 0.0007 0.0500 0.0000 0.2171 0.0040 0.1573 0.0000 0.2584 0.0214 0.0000 0.0000 0.0000 0.2113 
 24       24   (0)      2 :  0.1274 0.0000 0.0000 0.8239 0.0000 0.0000 0.0000 0.0000 0.0000 0.0000 0.0200 0.0000 0.0000 0.0000 0.0000 0.0000 0.0000 0.0088 0.0000 0.0000 0.0000 0.0200 
 25       25   (0)      2 :  0.0000 0.2043 0.0459 0.0000 0.0000 0.0000 0.0085 0.0000 0.0000 0.0000 0.0624 0.0000 0.1298 0.0000 0.2886 0.0000 0.1415 0.0200 0.0000 0.0000 0.0000 0.0989 
 26       26   (0)      2 :  0.1012 0.0263 0.0883 0.4529 0.0039 0.0772 0.0000 0.0000 0.0000 0.0000 0.1097 0.0000 0.0269 0.0001 0.0217 0.0000 0.0051 0.0000 0.0000 0.0000 0.0000 0.0867 
 27       27   (0)      2 :  0.0084 0.1878 0.0253 0.0386 0.0862 0.0039 0.0025 0.0123 0.0000 0.0015 0.0518 0.0000 0.1456 0.0205 0.0842 0.0000 0.2206 0.0116 0.0000 0.0000 0.0000 0.0990 
 28       28   (0)      2 :  0.0206 0.4832 0.0215 0.0170 0.0000 0.0004 0.0012 0.0000 0.0000 0.0065 0.0391 0.0149 0.0779 0.0000 0.0395 0.0000 0.1380 0.0057 0.0000 0.0001 0.0000 0.1344 
 29       29   (0)      2 :  0.0298 0.1345 0.0134 0.0044 0.0304 0.0000 0.0026 0.0022 0.0000 0.0053 0.0554 0.0000 0.1552 0.0270 0.1966 0.0000 0.0880 0.0082 0.0000 0.0000 0.0000 0.2471 
 30       30   (0)      2 :  0.0200 0.0000 0.0000 0.0000 0.0000 0.0000 0.0000 0.0000 0.1487 0.0000 0.0000 0.0000 0.0000 0.0000 0.0000 0.7400 0.0000 0.0200 0.0313 0.0000 0.0200 0.0200 
 31       31   (0)      2 :  0.0133 0.1950 0.0168 0.0067 0.0470 0.0032 0.0055 0.0041 0.0000 0.0048 0.0474 0.0036 0.1326 0.0001 0.0992 0.0000 0.2336 0.0132 0.0000 0.0061 0.0000 0.1679 
 32       32   (0)      2 :  0.0117 0.0000 0.0000 0.9849 0.0000 0.0000 0.0000 0.0000 0.0000 0.0000 0.0021 0.0000 0.0000 0.0000 0.0000 0.0000 0.0000 0.0013 0.0000 0.0000 0.0000 0.0000 
 33       33   (0)      2 :  0.0000 0.0000 0.0000 0.0000 0.9600 0.0000 0.0000 0.0400 0.0000 0.0000 0.0000 0.0000 0.0000 0.0000 0.0000 0.0000 0.0000 0.0000 0.0000 0.0000 0.0000 0.0000 
 34       34   (0)      2 :  0.0000 0.1001 0.0856 0.0000 0.0003 0.0000 0.0252 0.0000 0.0000 0.0000 0.0477 0.0000 0.3602 0.0000 0.0951 0.0000 0.2036 0.0400 0.0000 0.0000 0.0000 0.0422 
 35       35   (0)      2 :  0.0019 0.3666 0.0281 0.0238 0.0144 0.0013 0.0135 0.0347 0.0000 0.0334 0.0527 0.0176 0.1056 0.0156 0.0886 0.0000 0.0945 0.0070 0.0000 0.0000 0.0000 0.1006 
 36       36   (0)      2 :  0.0000 0.0000 0.0000 0.1792 0.0000 0.8000 0.0008 0.0000 0.0000 0.0000 0.0200 0.0000 0.0000 0.0000 0.0000 0.0000 0.0000 0.0000 0.0000 0.0000 0.0000 0.0000 
 37       37   (0)      3 :  0.0202 0.0774 0.0290 0.0038 0.0007 0.0050 0.0233 0.0085 0.0000 0.0048 0.0566 0.0000 0.2228 0.0118 0.0587 0.0000 0.3573 0.0060 0.0000 0.0000 0.0000 0.1143 
 38       38   (0)      3 :  0.0000 0.0233 0.0373 0.0010 0.0002 0.0014 0.0000 0.0001 0.0000 0.0032 0.0297 0.0000 0.0080 0.1019 0.7898 0.0000 0.0000 0.0000 0.0000 0.0000 0.0000 0.0040 
 39       39   (0)      3 :  0.0020 0.3688 0.0021 0.0008 0.0004 0.0000 0.0143 0.0041 0.0000 0.0000 0.1453 0.0000 0.0927 0.0105 0.0737 0.0000 0.0784 0.0077 0.0000 0.0000 0.0000 0.1992 
 40       40   (0)      3 :  0.0211 0.0691 0.1200 0.0000 0.0000 0.0200 0.0000 0.0036 0.0000 0.0032 0.0000 0.0000 0.3990 0.0000 0.1468 0.0000 0.1572 0.0200 0.0000 0.0000 0.0000 0.0400 
 41       41   (0)      3 :  0.0026 0.3574 0.0495 0.0000 0.0108 0.0022 0.0007 0.0019 0.0000 0.0000 0.1401 0.0000 0.2544 0.0226 0.0524 0.0000 0.0303 0.0000 0.0000 0.0000 0.0000 0.0751 
 42       42   (0)      4 :  0.0330 0.0000 0.0000 0.0000 0.0000 0.0326 0.0000 0.0000 0.1548 0.0000 0.0511 0.0000 0.0000 0.0000 0.0000 0.0612 0.0000 0.3273 0.0810 0.0000 0.2563 0.0027 
 43       43   (0)      4 :  0.0029 0.1935 0.0650 0.0004 0.0000 0.0040 0.0088 0.0150 0.0001 0.0044 0.0955 0.0000 0.1772 0.0037 0.0094 0.0000 0.2038 0.0145 0.0000 0.0005 0.0000 0.2013 
 44       44   (0)      4 :  0.0200 0.0000 0.0000 0.0000 0.0000 0.0000 0.0000 0.0000 0.7875 0.0000 0.0200 0.0000 0.0000 0.0000 0.0000 0.0101 0.0000 0.0400 0.0600 0.0000 0.0624 0.0000 
 45       45   (0)      4 :  0.0034 0.0000 0.0000 0.0000 0.0000 0.0068 0.0000 0.0000 0.5573 0.0000 0.0709 0.0000 0.0000 0.0000 0.0000 0.1166 0.0000 0.0747 0.0492 0.0000 0.1161 0.0050 
 46       46   (0)      4 :  0.0014 0.2839 0.0139 0.0117 0.0000 0.0071 0.0017 0.0000 0.0008 0.0041 0.0499 0.0016 0.1449 0.0000 0.0278 0.0000 0.2300 0.0036 0.0006 0.0000 0.0021 0.2148 
 47       47   (0)      4 :  0.0000 0.7258 0.0000 0.0000 0.0000 0.0000 0.0063 0.0000 0.0000 0.0070 0.0200 0.0000 0.0109 0.0000 0.0693 0.0000 0.1207 0.0200 0.0000 0.0000 0.0000 0.0200 
 48       48   (0)      4 :  0.0000 0.1092 0.0258 0.0000 0.0104 0.0000 0.0051 0.0089 0.0000 0.0079 0.0200 0.0000 0.1391 0.0000 0.1988 0.0000 0.3792 0.0200 0.0000 0.0000 0.0000 0.0757 
 49       49   (0)      4 :  0.0000 0.0891 0.0298 0.0000 0.0000 0.0000 0.0000 0.0005 0.0000 0.0000 0.0114 0.0000 0.1047 0.0000 0.0312 0.0000 0.6975 0.0000 0.0000 0.0000 0.0000 0.0358 
 50       50   (0)      4 :  0.0000 0.0000 0.0000 0.0000 0.0000 0.0000 1.0000 0.0000 0.0000 0.0000 0.0000 0.0000 0.0000 0.0000 0.0000 0.0000 0.0000 0.0000 0.0000 0.0000 0.0000 0.0000 
 51       51   (0)      4 :  0.0033 0.0295 0.0093 0.0000 0.0000 0.0328 0.0948 0.0000 0.0955 0.0000 0.0279 0.0159 0.0589 0.0000 0.0038 0.1254 0.0785 0.0476 0.0366 0.2612 0.0329 0.0460 
 52       52   (0)      4 :  0.0000 0.3584 0.0201 0.0000 0.0067 0.0003 0.0012 0.0000 0.0000 0.0362 0.0808 0.0000 0.0876 0.0000 0.0063 0.0000 0.1660 0.0075 0.0004 0.0040 0.0000 0.2246 
 53       53   (0)      4 :  0.0000 0.6120 0.0029 0.0000 0.0014 0.0000 0.0000 0.0052 0.0000 0.0000 0.0152 0.0000 0.1459 0.0019 0.0999 0.0000 0.0460 0.0061 0.0000 0.0000 0.0000 0.0634 
 54       54   (0)      4 :  0.0085 0.3619 0.0228 0.0002 0.0000 0.0007 0.0190 0.0000 0.0027 0.0112 0.0683 0.0030 0.0560 0.0164 0.0887 0.0005 0.1904 0.0120 0.0016 0.0031 0.0016 0.1316 
 55       55   (0)      4 :  0.0000 0.0000 0.0000 0.0000 0.0000 0.0000 1.0000 0.0000 0.0000 0.0000 0.0000 0.0000 0.0000 0.0000 0.0000 0.0000 0.0000 0.0000 0.0000 0.0000 0.0000 0.0000 
 56       56   (0)      4 :  0.0200 0.0000 0.0000 0.0000 0.0000 0.0075 0.0000 0.0000 0.1258 0.0000 0.0647 0.0000 0.0000 0.0000 0.0000 0.0101 0.0000 0.3686 0.2065 0.0000 0.1969 0.0000 
 57       57   (0)      5 :  0.0000 0.2358 0.0160 0.0001 0.0009 0.0000 0.0009 0.0013 0.0000 0.0007 0.0740 0.0000 0.3444 0.0000 0.0798 0.0000 0.0882 0.0060 0.0000 0.0000 0.0000 0.1521 
 58       58   (0)      5 :  0.0008 0.2935 0.0405 0.0000 0.0357 0.0000 0.0002 0.0000 0.0000 0.0059 0.0317 0.0000 0.1991 0.0010 0.1008 0.0000 0.0517 0.0000 0.0000 0.0000 0.0000 0.2391 
 59       59   (0)      5 :  0.0000 0.0000 0.0000 0.0000 0.0000 0.0000 0.0000 0.0000 0.4651 0.0000 0.0000 0.0000 0.0000 0.0000 0.0000 0.0934 0.0000 0.0613 0.0641 0.0000 0.2909 0.0251 
 60       60   (0)      5 :  0.0001 0.3101 0.0168 0.0000 0.0000 0.0000 0.0000 0.0131 0.0000 0.0189 0.0479 0.0000 0.2222 0.0000 0.0251 0.0000 0.1664 0.0090 0.0000 0.0000 0.0000 0.1703 
 61       61   (0)      5 :  0.0249 0.0968 0.0248 0.0000 0.0000 0.0156 0.0000 0.0001 0.1501 0.0000 0.0698 0.0944 0.0744 0.0745 0.0017 0.0644 0.0467 0.1192 0.0503 0.0271 0.0134 0.0518 
 62       62   (0)      5 :  0.0400 0.0000 0.0000 0.0000 0.0000 0.0132 0.0000 0.0000 0.3712 0.0000 0.0800 0.0000 0.0000 0.0000 0.0000 0.1200 0.0000 0.2868 0.0400 0.0000 0.0288 0.0200 
 63       63   (0)      5 :  0.0216 0.2528 0.0160 0.0045 0.0002 0.0239 0.0146 0.0061 0.0547 0.0026 0.0667 0.0021 0.1111 0.0121 0.0472 0.0310 0.1055 0.0452 0.0221 0.0360 0.0029 0.1213 
 64       64   (0)      5 :  0.0004 0.3127 0.1291 0.0000 0.0001 0.0000 0.0000 0.0158 0.0000 0.0160 0.0482 0.0000 0.2210 0.0131 0.0202 0.0000 0.1294 0.0000 0.0000 0.0000 0.0000 0.0941 
 65       65   (0)      5 :  0.0004 0.3683 0.0233 0.0000 0.0003 0.0000 0.0022 0.0034 0.0000 0.0000 0.1312 0.0000 0.1291 0.0000 0.0032 0.0000 0.1565 0.0200 0.0000 0.0000 0.0000 0.1620 
 66       66   (0)      5 :  0.0035 0.1151 0.0504 0.0001 0.0000 0.0000 0.0017 0.0000 0.0000 0.0000 0.1254 0.0000 0.1684 0.0006 0.0355 0.0000 0.2951 0.0203 0.0000 0.0000 0.0000 0.1838 
 67       67   (0)      5 :  0.0000 0.0029 0.0000 0.0000 0.0000 0.0056 0.0000 0.0000 0.0498 0.0000 0.0144 0.0199 0.0149 0.0000 0.0031 0.1773 0.0309 0.0099 0.6227 0.0098 0.0159 0.0230 
 68       68   (0)      5 :  0.0000 0.0000 0.0000 0.0000 0.0000 0.0200 0.0000 0.0000 0.2657 0.0000 0.0200 0.0000 0.0000 0.0000 0.0000 0.0593 0.0000 0.0695 0.3780 0.0000 0.1874 0.0000 
 69       69   (0)      5 :  0.0042 0.1649 0.0208 0.0007 0.0005 0.0104 0.0244 0.0041 0.0126 0.0014 0.0468 0.0000 0.0576 0.0332 0.2103 0.0553 0.0532 0.0073 0.1636 0.0025 0.0046 0.1217 
 70       70   (0)      5 :  0.0000 0.0000 0.0000 0.0000 0.0000 0.0000 0.0000 0.0000 0.0532 0.0000 0.0000 0.0000 0.0000 0.0000 0.0000 0.2468 0.0000 0.0000 0.6800 0.0000 0.0200 0.0000 
 71       71   (0)      5 :  0.0200 0.0000 0.0000 0.0000 0.0000 0.0000 0.0000 0.0000 0.0156 0.0000 0.0200 0.0000 0.0000 0.0000 0.0000 0.1744 0.0000 0.1041 0.0821 0.0000 0.5838 0.0000 
 72       72   (0)      5 :  0.0099 0.3742 0.0339 0.0037 0.0025 0.0012 0.0003 0.0224 0.0082 0.0000 0.0290 0.0000 0.0660 0.0004 0.1502 0.0115 0.0607 0.0091 0.0355 0.0004 0.0379 0.1428 
 73       73   (0)      5 :  0.0082 0.1084 0.0086 0.0005 0.0000 0.0001 0.0000 0.0006 0.0000 0.0213 0.0834 0.0000 0.1546 0.0000 0.2091 0.0000 0.2834 0.0026 0.0000 0.0000 0.0000 0.1192 
 74       74   (0)      5 :  0.0274 0.0000 0.0000 0.0000 0.0000 0.0255 0.0000 0.0000 0.1456 0.0000 0.0283 0.0000 0.0000 0.0000 0.0000 0.0082 0.0000 0.0307 0.1027 0.0000 0.6315 0.0000 
 75       75   (0)      6 :  0.0990 0.0000 0.0000 0.0000 0.0000 0.0000 0.0000 0.0000 0.2085 0.0000 0.0318 0.0000 0.0000 0.0000 0.0000 0.2471 0.0000 0.0662 0.1115 0.0000 0.2358 0.0000 
 76       76   (0)      6 :  0.0031 0.2591 0.0200 0.0043 0.0070 0.0039 0.0000 0.0038 0.0086 0.0017 0.0532 0.0053 0.1216 0.0000 0.0154 0.0065 0.2739 0.0106 0.0082 0.0106 0.0017 0.1815 
 77       77   (0)      6 :  0.0200 0.0000 0.0000 0.0000 0.0000 0.0030 0.0000 0.0000 0.3290 0.0000 0.0125 0.0000 0.0000 0.0000 0.0000 0.1925 0.0000 0.0403 0.1863 0.0000 0.2035 0.0129 
 78       78   (0)      6 :  0.0600 0.0000 0.0000 0.0000 0.0000 0.0000 0.0000 0.0000 0.0303 0.0000 0.0000 0.0000 0.0000 0.0000 0.0000 0.1110 0.0000 0.0200 0.0600 0.0000 0.7188 0.0000 
 79       79   (0)      6 :  0.0330 0.0000 0.0000 0.0000 0.0000 0.0000 0.0000 0.0000 0.1328 0.0000 0.0719 0.0000 0.0000 0.0000 0.0000 0.1908 0.0000 0.3158 0.1214 0.0000 0.1234 0.0109 
 80       80   (0)      6 :  0.0244 0.0000 0.0000 0.9124 0.0000 0.0357 0.0000 0.0000 0.0000 0.0004 0.0032 0.0008 0.0000 0.0000 0.0000 0.0000 0.0000 0.0030 0.0000 0.0000 0.0000 0.0200 
 81       81   (0)      6 :  0.0166 0.0000 0.0000 0.0000 0.0000 0.0110 0.0000 0.0000 0.1773 0.0000 0.0313 0.0000 0.0000 0.0000 0.0000 0.2591 0.0000 0.1298 0.0724 0.0000 0.3026 0.0000 
 82       82   (0)      6 :  0.0072 0.0000 0.0000 0.0000 0.0000 0.0000 0.0000 0.0000 0.3303 0.0000 0.0078 0.0000 0.0000 0.0000 0.0000 0.4434 0.0000 0.0817 0.0208 0.0000 0.1089 0.0000 
 83       83   (0)      6 :  0.0146 0.0000 0.0000 0.0000 0.0000 0.0026 0.0000 0.0000 0.1340 0.0000 0.0571 0.0002 0.0000 0.0000 0.0000 0.4423 0.0000 0.1076 0.1205 0.0000 0.1196 0.0016 
 84       84   (0)      6 :  0.0000 0.0000 0.0000 0.0000 0.0000 0.0000 0.0000 0.0000 0.2800 0.0000 0.0000 0.0000 0.0000 0.0000 0.0000 0.4400 0.0000 0.1000 0.1000 0.0000 0.0600 0.0200 
 85       85   (0)      6 :  0.0039 0.0000 0.0000 0.0000 0.0000 0.0000 0.0000 0.0000 0.2924 0.0000 0.1000 0.0000 0.0000 0.0000 0.0000 0.1363 0.0000 0.0756 0.3491 0.0000 0.0426 0.0000 
 86       86   (0)      6 :  0.0000 0.0000 0.0000 0.0000 0.0000 0.0000 0.0000 0.0000 0.0506 0.0000 0.0913 0.0000 0.0000 0.0000 0.0000 0.5013 0.0000 0.0400 0.2506 0.0000 0.0662 0.0000 
 87       87   (0)      6 :  0.0200 0.0000 0.0000 0.0000 0.0000 0.0102 0.0000 0.0000 0.3787 0.0000 0.0116 0.0000 0.0000 0.0000 0.0000 0.0000 0.0000 0.0507 0.3196 0.0000 0.2092 0.0000 
 88       88   (0)      6 :  0.0210 0.0000 0.0000 0.0000 0.0000 0.0269 0.0000 0.0000 0.3739 0.0000 0.0587 0.0000 0.0000 0.0000 0.0000 0.0594 0.0000 0.1708 0.0383 0.0000 0.2499 0.0011 
 89       89   (0)      6 :  0.0200 0.0000 0.0000 0.0000 0.0000 0.0200 0.0000 0.0000 0.4762 0.0000 0.0929 0.0000 0.0000 0.0000 0.0000 0.0362 0.0000 0.1562 0.0704 0.0000 0.1280 0.0000 
 90       90   (0)      6 :  0.0030 0.0000 0.0000 0.1553 0.0000 0.7265 0.0000 0.0000 0.0408 0.0000 0.0358 0.0000 0.0000 0.0000 0.0000 0.0046 0.0000 0.0209 0.0042 0.0000 0.0089 0.0000 
 91       91   (0)      6 :  0.0400 0.0000 0.0000 0.0000 0.0000 0.0400 0.0000 0.0000 0.2196 0.0000 0.0400 0.0000 0.0000 0.0000 0.0000 0.0400 0.0000 0.1675 0.1114 0.0000 0.3414 0.0000 
 92       92   (0)      6 :  0.0000 0.0176 0.0000 0.0000 0.0000 0.0000 0.0000 0.0000 0.0000 0.0000 0.0127 0.0000 0.0181 0.0238 0.8353 0.0000 0.0339 0.0200 0.0000 0.0037 0.0000 0.0348 
 93       93   (0)      6 :  0.0200 0.0000 0.0000 0.0000 0.0000 0.0200 0.0000 0.0000 0.0000 0.0000 0.0200 0.0000 0.0000 0.0000 0.0000 0.0000 0.0000 0.0200 0.0000 0.9200 0.0000 0.0000 
 94       94   (0)      6 :  0.0000 0.0918 0.0467 0.0000 0.0002 0.0000 0.0281 0.0004 0.0000 0.0024 0.1200 0.0000 0.1779 0.0032 0.1602 0.0000 0.0934 0.0457 0.0000 0.0392 0.0000 0.1908 
 95       95   (0)      6 :  0.0200 0.0000 0.0000 0.0000 0.0000 0.0000 0.0000 0.0000 0.0000 0.0000 0.0319 0.0015 0.0000 0.0000 0.0000 0.0000 0.0000 0.0325 0.0000 0.8941 0.0000 0.0200 
 96       96   (0)      6 :  0.0229 0.0000 0.0056 0.0000 0.0000 0.0031 0.0000 0.0000 0.0000 0.0000 0.0447 0.0000 0.0000 0.0000 0.0187 0.0000 0.0000 0.0472 0.0037 0.8453 0.0029 0.0059 
 97       97   (0)      6 :  0.0033 0.2156 0.0225 0.0000 0.0026 0.0031 0.0294 0.0222 0.0000 0.0000 0.1058 0.0000 0.0731 0.0193 0.1017 0.0000 0.0893 0.0203 0.0000 0.1179 0.0000 0.1740 
 98       98   (0)      6 :  0.0000 0.0000 0.0000 0.0000 0.0000 0.0542 0.0000 0.0000 0.0000 0.0000 0.0200 0.0938 0.0000 0.0000 0.0000 0.0000 0.0000 0.0000 0.0000 0.8320 0.0000 0.0000 
 99       99   (0)      7 :  0.0216 0.0000 0.0000 0.0000 0.0000 0.0000 0.0000 0.0000 0.1460 0.0000 0.0183 0.0000 0.0000 0.0000 0.0000 0.0930 0.0000 0.0380 0.2887 0.0000 0.3945 0.0000 
100      100   (0)      7 :  0.0043 0.1438 0.0184 0.0017 0.0005 0.0392 0.0011 0.0064 0.0142 0.0003 0.0769 0.0132 0.0793 0.0002 0.0913 0.0095 0.1010 0.0232 0.0310 0.1462 0.0325 0.1656 
101      101   (0)      7 :  0.0000 0.0000 0.0000 0.0000 0.0000 0.0000 0.0000 0.0000 0.0000 0.0000 0.0000 1.0000 0.0000 0.0000 0.0000 0.0000 0.0000 0.0000 0.0000 0.0000 0.0000 0.0000 
102      102   (0)      7 :  0.0000 0.0000 0.0000 0.0000 0.0000 0.0000 0.0000 0.0000 0.0000 0.0000 0.0000 1.0000 0.0000 0.0000 0.0000 0.0000 0.0000 0.0000 0.0000 0.0000 0.0000 0.0000 
103      103   (0)      7 :  0.0000 0.1866 0.0165 0.0000 0.0029 0.0024 0.0831 0.0734 0.0000 0.0212 0.0735 0.0000 0.1099 0.0056 0.1495 0.0000 0.1174 0.0189 0.0000 0.0000 0.0000 0.1393 
104      104   (0)      7 :  0.0025 0.1632 0.0244 0.0015 0.0013 0.0130 0.0033 0.0173 0.0000 0.0237 0.0235 0.0000 0.0610 0.0219 0.4941 0.0000 0.0794 0.0023 0.0000 0.0004 0.0000 0.0673 
105      105   (0)      7 :  0.0200 0.0000 0.8200 0.0000 0.0400 0.0000 0.0000 0.0000 0.0000 0.0000 0.0000 0.0000 0.0000 0.0200 0.0800 0.0000 0.0000 0.0200 0.0000 0.0000 0.0000 0.0000 
106      106   (0)      7 :  0.0011 0.1288 0.0490 0.0004 0.0009 0.0000 0.0191 0.0001 0.0000 0.0043 0.1283 0.0000 0.0518 0.0017 0.1565 0.0000 0.1763 0.0296 0.0000 0.0000 0.0000 0.2522 
107      107   (0)      7 :  0.0029 0.4431 0.0062 0.0000 0.0188 0.0015 0.0112 0.0025 0.0000 0.0083 0.0837 0.0000 0.0916 0.0000 0.0932 0.0000 0.0568 0.0034 0.0000 0.0000 0.0000 0.1767 
108      108   (0)      8 :  0.0000 0.0000 0.0000 0.0000 0.0000 0.0000 0.0000 0.0200 0.0000 0.0000 0.0000 0.0000 0.0000 0.9800 0.0000 0.0000 0.0000 0.0000 0.0000 0.0000 0.0000 0.0000 
109      109   (0)      8 :  0.0077 0.0320 0.1223 0.0002 0.0046 0.0039 0.0010 0.0084 0.0000 0.0045 0.0235 0.0000 0.1612 0.0205 0.0246 0.0000 0.5188 0.0170 0.0000 0.0000 0.0000 0.0500 
110      110   (0)      8 :  0.0000 0.0000 0.0000 0.0000 0.0000 0.0000 0.0000 1.0000 0.0000 0.0000 0.0000 0.0000 0.0000 0.0000 0.0000 0.0000 0.0000 0.0000 0.0000 0.0000 0.0000 0.0000 
111      111   (0)      8 :  0.0000 0.0000 0.0000 0.0000 0.0000 0.0000 0.0000 0.0000 0.0000 1.0000 0.0000 0.0000 0.0000 0.0000 0.0000 0.0000 0.0000 0.0000 0.0000 0.0000 0.0000 0.0000 
112      112   (0)      8 :  0.0000 0.0000 0.0000 0.0000 0.0000 0.0000 0.0000 0.0000 0.0000 0.0000 0.0000 1.0000 0.0000 0.0000 0.0000 0.0000 0.0000 0.0000 0.0000 0.0000 0.0000 0.0000 
113      113   (0)      8 :  0.0000 0.0473 0.1480 0.0000 0.0004 0.0200 0.0000 0.0001 0.0000 0.0008 0.0213 0.0000 0.1200 0.0000 0.0000 0.0000 0.4719 0.0400 0.0000 0.0000 0.0000 0.1302 
114      114   (0)      8 :  0.0002 0.1274 0.0233 0.0000 0.0000 0.0039 0.0141 0.0244 0.0000 0.0001 0.0488 0.0000 0.1004 0.0000 0.0318 0.0000 0.4735 0.0401 0.0000 0.0000 0.0000 0.1121 
115      115   (0)      8 :  0.0000 0.0000 0.0000 0.0000 0.0000 0.0000 0.0000 0.0200 0.0000 0.0000 0.0000 0.0000 0.0000 0.9800 0.0000 0.0000 0.0000 0.0000 0.0000 0.0000 0.0000 0.0000 
116      116   (0)      8 :  0.0000 0.0000 0.0000 0.0000 0.0000 0.0000 0.0000 0.0000 0.0000 1.0000 0.0000 0.0000 0.0000 0.0000 0.0000 0.0000 0.0000 0.0000 0.0000 0.0000 0.0000 0.0000 
117      117   (0)      8 :  0.0200 0.0000 0.8200 0.0000 0.0400 0.0000 0.0000 0.0000 0.0000 0.0000 0.0000 0.0000 0.0000 0.0200 0.0800 0.0000 0.0000 0.0200 0.0000 0.0000 0.0000 0.0000 
118      118   (0)      8 :  0.0216 0.0268 0.1516 0.0072 0.0000 0.0200 0.0000 0.0047 0.0000 0.0000 0.0134 0.0000 0.3579 0.0010 0.0578 0.0000 0.1971 0.0233 0.0000 0.0000 0.0000 0.1176 
119      119   (0)      9 :  0.0000 0.0000 0.0000 0.0000 0.0000 0.0000 0.0000 0.0000 0.1115 0.0000 0.0486 0.0000 0.0000 0.0000 0.0000 0.1623 0.0000 0.1577 0.1499 0.0000 0.3699 0.0000 
120      120   (0)     10 :  0.0027 0.3506 0.0306 0.0004 0.0071 0.0000 0.0138 0.0000 0.0000 0.0133 0.0462 0.0376 0.1137 0.0338 0.0447 0.0000 0.1550 0.0052 0.0000 0.0000 0.0000 0.1454 
121      121   (0)     10 :  0.0000 0.1247 0.0184 0.0000 0.0006 0.0000 0.0026 0.0000 0.0000 0.0366 0.0678 0.0000 0.2746 0.0000 0.0545 0.0000 0.1493 0.0224 0.0000 0.0002 0.0000 0.2483 
122      122   (0)     10 :  0.0001 0.2445 0.0405 0.0000 0.0028 0.0000 0.0080 0.0027 0.0000 0.0000 0.0856 0.0000 0.1827 0.0044 0.2320 0.0000 0.0392 0.0000 0.0000 0.0000 0.0000 0.1576 
123      123   (0)     10 :  0.0105 0.1731 0.0510 0.0026 0.0024 0.0180 0.0165 0.0218 0.0092 0.0148 0.0668 0.0038 0.1067 0.0450 0.2957 0.0026 0.0315 0.0118 0.0029 0.0011 0.0312 0.0811 
124      124   (0)     10 :  0.0037 0.2788 0.0421 0.0000 0.0242 0.0067 0.0000 0.0000 0.0000 0.0015 0.0244 0.0466 0.1583 0.0034 0.1606 0.0000 0.1469 0.0080 0.0000 0.0000 0.0000 0.0949 
125      125   (0)     10 :  0.0016 0.2994 0.0250 0.0004 0.0167 0.0210 0.0505 0.0000 0.0000 0.0047 0.0433 0.0278 0.0928 0.0000 0.0140 0.0000 0.1440 0.0115 0.0000 0.1102 0.0000 0.1370 
126      126   (0)     10 :  0.0004 0.1888 0.0771 0.0000 0.0195 0.0053 0.0058 0.0000 0.0000 0.0000 0.0786 0.0066 0.2390 0.0028 0.0557 0.0000 0.1603 0.0128 0.0000 0.0012 0.0000 0.1461 
127      127   (0)     10 :  0.0006 0.2453 0.0212 0.0000 0.0000 0.0000 0.0097 0.0003 0.0000 0.0072 0.0552 0.0000 0.3723 0.0099 0.0385 0.0000 0.1673 0.0000 0.0000 0.0000 0.0000 0.0725 
128      128   (0)     10 :  0.0012 0.2948 0.0771 0.0087 0.0137 0.0065 0.0039 0.0002 0.0000 0.0283 0.0534 0.0110 0.1539 0.0022 0.0448 0.0000 0.1510 0.0073 0.0000 0.0003 0.0000 0.1417 
129      129   (0)     10 :  0.0000 0.7376 0.0200 0.0000 0.0008 0.0000 0.0004 0.0000 0.0000 0.0000 0.0330 0.0000 0.0117 0.0000 0.1101 0.0000 0.0200 0.0000 0.0000 0.0000 0.0000 0.0665 
130      130   (0)     10 :  0.0000 0.3764 0.0117 0.0004 0.0000 0.0000 0.0003 0.0060 0.0000 0.0000 0.1465 0.0000 0.1019 0.0000 0.0471 0.0000 0.1318 0.0099 0.0000 0.0000 0.0000 0.1681 
131      131   (0)     10 :  0.0049 0.3628 0.0400 0.0021 0.0020 0.0182 0.0423 0.0000 0.0000 0.0271 0.0526 0.0243 0.1100 0.0147 0.0457 0.0000 0.0604 0.0038 0.0000 0.0000 0.0000 0.1892 
132      132   (0)     10 :  0.0160 0.2546 0.0178 0.0063 0.0001 0.0195 0.0000 0.0000 0.0000 0.0007 0.0446 0.0465 0.1333 0.0102 0.0879 0.0000 0.1415 0.0072 0.0000 0.0295 0.0000 0.1842 
133      133   (0)     10 :  0.0139 0.3905 0.0111 0.0000 0.0094 0.0036 0.0320 0.0008 0.0002 0.0108 0.0187 0.0183 0.1230 0.0203 0.0207 0.0012 0.1160 0.0059 0.0005 0.0115 0.0004 0.1914 
134      134   (0)     10 :  0.0003 0.4319 0.0175 0.0000 0.0004 0.0051 0.0000 0.0121 0.0000 0.0000 0.0436 0.0403 0.1020 0.0210 0.0268 0.0000 0.0744 0.0085 0.0000 0.0102 0.0000 0.2059 
135      135   (0)     10 :  0.0050 0.3139 0.0380 0.0000 0.0003 0.0071 0.0025 0.0187 0.0000 0.0042 0.0253 0.0282 0.1034 0.0584 0.0489 0.0000 0.2270 0.0038 0.0000 0.0000 0.0000 0.1154 
136      136   (0)     10 :  0.0009 0.3882 0.0108 0.0000 0.0000 0.0000 0.0041 0.0069 0.0000 0.0019 0.0756 0.0020 0.0868 0.0022 0.1311 0.0000 0.1780 0.0014 0.0000 0.0000 0.0000 0.1100 
137      137   (0)     11 :  0.0459 0.0000 0.0000 0.0000 0.0000 0.0111 0.0000 0.0000 0.3142 0.0000 0.0525 0.0827 0.0000 0.0000 0.0000 0.0561 0.0000 0.0590 0.1504 0.0000 0.2281 0.0000 
138      138   (0)     12 :  0.0081 0.1701 0.0258 0.0925 0.0400 0.0089 0.0501 0.0018 0.0000 0.0000 0.0437 0.0421 0.0871 0.0147 0.0479 0.0000 0.0853 0.0087 0.0000 0.1226 0.0000 0.1505 
139      139   (0)     12 :  0.0046 0.0063 0.0218 0.0000 0.0000 0.0688 0.0000 0.0000 0.0000 0.0000 0.0786 0.0553 0.0335 0.0000 0.0000 0.0469 0.1637 0.0474 0.0579 0.3171 0.0475 0.0507 
140      140   (0)     12 :  0.0190 0.0000 0.0000 0.9008 0.0000 0.0388 0.0000 0.0000 0.0000 0.0000 0.0009 0.0182 0.0000 0.0000 0.0000 0.0000 0.0000 0.0023 0.0000 0.0000 0.0000 0.0200 
141      141   (0)     12 :  0.0000 0.0000 0.0000 0.0000 0.0000 0.0600 0.0000 0.1674 0.0000 0.0000 0.0400 0.0000 0.0000 0.0000 0.0000 0.0000 0.0000 0.0200 0.0000 0.6726 0.0000 0.0400 
142      142   (0)     12 :  0.0023 0.2752 0.0199 0.0332 0.0032 0.0030 0.0279 0.0102 0.0000 0.0188 0.0424 0.0431 0.0699 0.0024 0.0900 0.0000 0.1898 0.0034 0.0000 0.0035 0.0000 0.1617 
143      143   (0)     12 :  0.0019 0.0048 0.0188 0.0000 0.0000 0.0600 0.0531 0.0000 0.0000 0.0006 0.0516 0.0553 0.0404 0.0000 0.0089 0.0000 0.0321 0.0407 0.0000 0.5583 0.0000 0.0735 
144      144   (0)     12 :  0.0095 0.2498 0.0220 0.0422 0.0001 0.0128 0.0000 0.0057 0.0000 0.0001 0.0449 0.1096 0.1179 0.0000 0.0418 0.0000 0.1549 0.0130 0.0013 0.0292 0.0000 0.1451 
145      145   (0)     12 :  0.1040 0.0186 0.0653 0.3484 0.0000 0.1207 0.0065 0.0223 0.0000 0.0000 0.1076 0.0000 0.0262 0.0005 0.0698 0.0000 0.0334 0.0012 0.0000 0.0000 0.0000 0.0755 
146      146   (0)     13 :  0.0000 0.0000 0.0000 0.0000 0.0000 0.0632 0.0000 0.0000 0.0994 0.0000 0.0256 0.0000 0.0000 0.0000 0.0000 0.0290 0.0000 0.2260 0.0335 0.0000 0.5232 0.0000 
147      147   (0)     13 :  0.0000 0.0000 0.0000 0.0000 0.0000 0.0466 0.0000 0.0000 0.0660 0.0000 0.0302 0.0000 0.0000 0.0000 0.0000 0.1102 0.0000 0.2911 0.1069 0.0000 0.3462 0.0029 
148      148   (0)     13 :  0.0000 0.0000 0.0000 0.0000 0.0000 0.0800 0.0000 0.0000 0.1590 0.0000 0.1400 0.0000 0.0000 0.0000 0.0000 0.0657 0.0000 0.3602 0.0747 0.0000 0.1004 0.0200 
149      149   (0)     13 :  0.0200 0.0000 0.0000 0.0000 0.0000 0.0600 0.0000 0.0000 0.0153 0.0000 0.0608 0.0000 0.0000 0.0000 0.0000 0.0605 0.0000 0.2736 0.0695 0.0000 0.4403 0.0000 
150      150   (0)     13 :  0.0000 0.0000 0.0000 0.0000 0.0000 0.0000 0.0000 0.0000 0.1864 0.0000 0.0000 0.0000 0.0000 0.0000 0.0000 0.0371 0.0000 0.1110 0.0811 0.0000 0.5643 0.0200 
151      151   (0)     14 :  0.0024 0.0000 0.0000 0.0000 0.0000 0.0000 0.0000 0.0000 0.6120 0.0000 0.0000 0.0000 0.0000 0.0000 0.0000 0.1088 0.0000 0.0259 0.0397 0.0000 0.1962 0.0150 
152      152   (0)     14 :  0.0004 0.2412 0.0429 0.0007 0.0031 0.0011 0.0301 0.0001 0.0000 0.0054 0.0234 0.0000 0.1896 0.0061 0.0287 0.0000 0.1906 0.0128 0.0000 0.0000 0.0000 0.2238 
153      153   (0)     15 :  0.0000 0.0000 0.0000 0.0000 0.0000 0.0200 0.0000 0.0000 0.0000 0.0000 0.0600 0.0000 0.0000 0.0000 0.0000 0.0000 0.0000 0.0200 0.0000 0.9000 0.0000 0.0000 
154      154   (0)     15 :  0.0292 0.0000 0.0000 0.0000 0.0000 0.0187 0.0000 0.0000 0.1447 0.0000 0.0269 0.0000 0.0000 0.0000 0.0000 0.2814 0.0000 0.1746 0.0896 0.0000 0.2350 0.0000 
155      155   (0)     16 :  0.0145 0.3139 0.0239 0.0004 0.0000 0.0053 0.0000 0.0005 0.0000 0.0230 0.0352 0.0293 0.1198 0.0054 0.0273 0.0000 0.1879 0.0122 0.0000 0.0156 0.0000 0.1857 
156      156   (0)     16 :  0.0000 0.3658 0.0398 0.0036 0.0000 0.0299 0.0000 0.0604 0.0000 0.0306 0.0509 0.0005 0.0641 0.0066 0.1150 0.0000 0.1230 0.0038 0.0000 0.0000 0.0000 0.1060 
157      157   (0)     17 :  0.0000 0.0000 0.0000 0.0000 0.0000 0.0600 0.0000 0.0010 0.0000 0.0000 0.0428 0.0451 0.0000 0.0000 0.0000 0.0000 0.0000 0.0200 0.0000 0.7918 0.0000 0.0394 
158      158   (0)     17 :  0.0000 0.0000 0.0000 0.1798 0.0000 0.8000 0.0000 0.0000 0.0000 0.0000 0.0200 0.0002 0.0000 0.0000 0.0000 0.0000 0.0000 0.0000 0.0000 0.0000 0.0000 0.0000 
159      159   (0)     18 :  0.0025 0.2786 0.0320 0.0000 0.0001 0.0046 0.0467 0.0002 0.0000 0.0002 0.0490 0.0060 0.1516 0.0011 0.0924 0.0000 0.2015 0.0150 0.0000 0.0000 0.0000 0.1185 
160      160   (0)     18 :  0.0006 0.1514 0.0678 0.0000 0.0039 0.0035 0.0001 0.0313 0.0000 0.0033 0.0287 0.0000 0.2295 0.0029 0.0202 0.0000 0.3456 0.0089 0.0000 0.0000 0.0000 0.1021 
161      161   (0)     18 :  0.0000 0.1151 0.0222 0.0000 0.0242 0.0000 0.0078 0.0106 0.0000 0.0006 0.0983 0.0000 0.0963 0.0019 0.1497 0.0000 0.3305 0.0090 0.0000 0.0000 0.0000 0.1339 
162      162   (0)     19 :  0.0051 0.2310 0.0722 0.0000 0.0020 0.0023 0.0935 0.0000 0.0000 0.1071 0.0181 0.0206 0.1290 0.0138 0.0427 0.0000 0.0676 0.0145 0.0000 0.0545 0.0000 0.1260 
163      163   (0)     19 :  0.0052 0.0000 0.0002 0.0000 0.0000 0.0297 0.0000 0.0000 0.0366 0.0036 0.0157 0.1796 0.0096 0.0073 0.4398 0.0617 0.0000 0.0110 0.0000 0.1797 0.0101 0.0102 
164      164   (0)     19 :  0.0012 0.0000 0.0000 0.0000 0.0000 0.0000 0.0000 0.0000 0.0000 0.0000 0.0095 0.0000 0.0155 0.0910 0.8664 0.0000 0.0000 0.0000 0.0000 0.0000 0.0000 0.0163 
