  1        1   (0)      1 :  0.0091 0.0091 0.0538 0.0003 0.0113 0.1055 0.6849 0.0000 0.0010 0.0000 0.1250 
  2        2   (0)      1 :  0.0000 0.0633 0.0217 0.0123 0.0084 0.3426 0.4789 0.0023 0.0705 0.0000 0.0000 
  3        3   (0)      1 :  0.0000 0.0000 0.0000 0.0000 0.0000 0.0168 0.9832 0.0000 0.0000 0.0000 0.0000 
  4        4   (0)      1 :  0.0000 0.0000 0.0200 0.0000 0.0000 0.4000 0.5800 0.0000 0.0000 0.0000 0.0000 
  5        5   (0)      1 :  0.0241 0.0094 0.0803 0.1341 0.0005 0.0735 0.1197 0.0961 0.0201 0.0000 0.4423 
  6        6   (0)      1 :  0.0160 0.0083 0.0828 0.1056 0.0115 0.0442 0.0511 0.0537 0.0218 0.0000 0.6051 
  7        7   (0)      1 :  0.0362 0.0600 0.0905 0.0000 0.0118 0.0071 0.0101 0.0022 0.0058 0.0000 0.7764 
  8        8   (0)      1 :  0.0231 0.0001 0.0623 0.0973 0.0030 0.1135 0.1334 0.0553 0.0174 0.0000 0.4946 
  9        9   (0)      1 :  0.0000 0.0000 0.0200 0.0000 0.0000 0.4000 0.5800 0.0000 0.0000 0.0000 0.0000 
 10       10   (0)      1 :  0.0355 0.0318 0.0896 0.0000 0.0657 0.0193 0.0000 0.0005 0.0150 0.0000 0.7426 
 11       11   (0)      1 :  0.0234 0.0655 0.0576 0.0000 0.0548 0.0123 0.0012 0.0017 0.0332 0.0000 0.7502 
 12       12   (0)      1 :  0.0000 0.9600 0.0000 0.0000 0.0000 0.0000 0.0000 0.0400 0.0000 0.0000 0.0000 
 13       13   (0)      1 :  0.0145 0.0298 0.0903 0.0000 0.0623 0.0246 0.0000 0.0004 0.0096 0.0000 0.7685 
 14       14   (0)      1 :  0.0390 0.0892 0.0471 0.0988 0.0120 0.0342 0.1469 0.1160 0.0060 0.0087 0.4021 
 15       15   (0)      1 :  0.0000 0.0000 0.0000 1.0000 0.0000 0.0000 0.0000 0.0000 0.0000 0.0000 0.0000 
 16       16   (0)      1 :  0.0000 0.0000 0.0000 0.0000 0.0000 0.1600 0.8400 0.0000 0.0000 0.0000 0.0000 
 17       17   (0)      1 :  0.0000 0.0000 0.0000 0.0000 0.0000 0.1600 0.8400 0.0000 0.0000 0.0000 0.0000 
 18       18   (0)      1 :  0.0000 0.1008 0.0000 0.0000 0.8800 0.0000 0.0000 0.0000 0.0000 0.0000 0.0192 
 19       19   (0)      1 :  0.0346 0.0287 0.1672 0.0000 0.0368 0.0379 0.0065 0.0006 0.0490 0.0000 0.6387 
 20       20   (0)      1 :  0.0354 0.0280 0.1741 0.0000 0.0350 0.0167 0.0020 0.0006 0.0200 0.0000 0.6881 
 21       21   (0)      1 :  0.0000 0.0000 0.0000 0.0000 0.0000 0.0215 0.9785 0.0000 0.0000 0.0000 0.0000 
 22       22   (0)      1 :  0.0000 0.0000 0.0000 1.0000 0.0000 0.0000 0.0000 0.0000 0.0000 0.0000 0.0000 
 23       23   (0)      1 :  0.0354 0.0520 0.1096 0.0032 0.0096 0.0145 0.0071 0.0019 0.0318 0.0000 0.7348 
 24       24   (0)      2 :  0.0000 0.0000 0.0000 0.0000 0.0000 0.0409 0.9591 0.0000 0.0000 0.0000 0.0000 
 25       25   (0)      2 :  0.0398 0.0001 0.1956 0.0000 0.0050 0.0101 0.0000 0.0000 0.0017 0.0000 0.7477 
 26       26   (0)      2 :  0.0125 0.0024 0.0644 0.0000 0.0108 0.0947 0.5863 0.0000 0.0036 0.0000 0.2253 
 27       27   (0)      2 :  0.0158 0.0377 0.0878 0.0000 0.0939 0.0088 0.0462 0.0009 0.0285 0.0000 0.6804 
 28       28   (0)      2 :  0.0032 0.0027 0.0839 0.0241 0.0123 0.0162 0.0500 0.0111 0.0044 0.0000 0.7921 
 29       29   (0)      2 :  0.0260 0.0255 0.1407 0.0000 0.0649 0.0252 0.0474 0.0005 0.0555 0.0000 0.6143 
 30       30   (0)      2 :  0.5028 0.0000 0.0800 0.0000 0.0000 0.0400 0.0000 0.0000 0.0000 0.3772 0.0000 
 31       31   (0)      2 :  0.0139 0.0212 0.1055 0.0106 0.0626 0.0175 0.0234 0.0108 0.0086 0.0000 0.7259 
 32       32   (0)      2 :  0.0000 0.0000 0.0000 0.0000 0.0000 0.0061 0.9939 0.0000 0.0000 0.0000 0.0000 
 33       33   (0)      2 :  0.0000 0.1007 0.0000 0.0000 0.8800 0.0000 0.0000 0.0000 0.0000 0.0000 0.0193 
 34       34   (0)      2 :  0.0198 0.0112 0.1073 0.0000 0.0199 0.0083 0.0015 0.0001 0.0095 0.0000 0.8223 
 35       35   (0)      2 :  0.0082 0.0550 0.0972 0.0252 0.0407 0.0280 0.0252 0.0019 0.0336 0.0000 0.6850 
 36       36   (0)      2 :  0.0000 0.0000 0.0200 0.0000 0.0000 0.4037 0.5763 0.0000 0.0000 0.0000 0.0000 
 37       37   (0)      3 :  0.0137 0.0330 0.0737 0.0004 0.0267 0.0208 0.0217 0.0012 0.0362 0.0000 0.7724 
 38       38   (0)      3 :  0.0257 0.0232 0.1855 0.0000 0.0341 0.0294 0.0219 0.0002 0.2203 0.0000 0.4599 
 39       39   (0)      3 :  0.0191 0.0271 0.1474 0.0000 0.0167 0.0200 0.0113 0.0009 0.0300 0.0000 0.7275 
 40       40   (0)      3 :  0.0372 0.0428 0.2049 0.0000 0.0169 0.0136 0.0188 0.0017 0.0098 0.0000 0.6543 
 41       41   (0)      3 :  0.0000 0.0214 0.0844 0.0000 0.0254 0.0129 0.0015 0.0004 0.0420 0.0000 0.8120 
 42       42   (0)      4 :  0.1819 0.0000 0.0837 0.0000 0.0000 0.0142 0.0000 0.0229 0.0000 0.6972 0.0000 
 43       43   (0)      4 :  0.0084 0.0332 0.0903 0.0000 0.0104 0.0114 0.0001 0.0260 0.0204 0.0009 0.7989 
 44       44   (0)      4 :  0.2340 0.0000 0.0887 0.0000 0.0000 0.0076 0.0000 0.0100 0.0000 0.6597 0.0000 
 45       45   (0)      4 :  0.3458 0.0000 0.0381 0.0000 0.0000 0.0089 0.0000 0.0070 0.0000 0.6002 0.0000 
 46       46   (0)      4 :  0.0082 0.0131 0.0896 0.0120 0.0098 0.0244 0.0351 0.0009 0.0041 0.0127 0.7901 
 47       47   (0)      4 :  0.0000 0.0038 0.1017 0.0000 0.0198 0.0254 0.0001 0.0000 0.0054 0.0000 0.8438 
 48       48   (0)      4 :  0.0170 0.0473 0.1326 0.0000 0.0501 0.0193 0.0001 0.0014 0.0117 0.0000 0.7205 
 49       49   (0)      4 :  0.0033 0.0230 0.0632 0.0000 0.0031 0.0062 0.0029 0.0008 0.0006 0.0000 0.8970 
 50       50   (0)      4 :  0.0400 0.0613 0.2607 0.0000 0.1021 0.2203 0.0000 0.0000 0.0232 0.0000 0.2923 
 51       51   (0)      4 :  0.1529 0.0055 0.1068 0.0414 0.0112 0.0381 0.0010 0.2741 0.0032 0.1362 0.2297 
 52       52   (0)      4 :  0.0109 0.0081 0.0745 0.0000 0.0427 0.0228 0.0017 0.0324 0.0087 0.0027 0.7956 
 53       53   (0)      4 :  0.0059 0.0277 0.1212 0.0000 0.0209 0.0064 0.0000 0.0013 0.0119 0.0001 0.8046 
 54       54   (0)      4 :  0.0195 0.0040 0.1110 0.0112 0.0105 0.0227 0.0050 0.0014 0.0369 0.0179 0.7599 
 55       55   (0)      4 :  0.0400 0.0645 0.2617 0.0000 0.1034 0.2207 0.0012 0.0000 0.0242 0.0000 0.2843 
 56       56   (0)      4 :  0.2342 0.0000 0.0863 0.0000 0.0000 0.0200 0.0000 0.0281 0.0000 0.6314 0.0000 
 57       57   (0)      5 :  0.0037 0.0266 0.0714 0.0000 0.0188 0.0103 0.0043 0.0010 0.0028 0.0000 0.8612 
 58       58   (0)      5 :  0.0073 0.0059 0.1098 0.0000 0.0783 0.0155 0.0000 0.0000 0.0208 0.0000 0.7624 
 59       59   (0)      5 :  0.1137 0.0000 0.0791 0.0000 0.0000 0.0000 0.0000 0.0000 0.0000 0.8072 0.0000 
 60       60   (0)      5 :  0.0000 0.0400 0.0588 0.0000 0.0214 0.0135 0.0000 0.0013 0.0068 0.0000 0.8582 
 61       61   (0)      5 :  0.1569 0.0108 0.0558 0.0947 0.0037 0.0254 0.0030 0.0754 0.0729 0.2217 0.2797 
 62       62   (0)      5 :  0.2761 0.0000 0.1157 0.0000 0.0000 0.0600 0.0000 0.0400 0.0000 0.5082 0.0000 
 63       63   (0)      5 :  0.0783 0.0213 0.0768 0.0084 0.0082 0.0373 0.0236 0.0471 0.0213 0.0632 0.6145 
 64       64   (0)      5 :  0.0000 0.0572 0.0682 0.0000 0.0223 0.0124 0.0002 0.0021 0.0475 0.0000 0.7901 
 65       65   (0)      5 :  0.0000 0.0243 0.0511 0.0000 0.0125 0.0062 0.0000 0.0010 0.0005 0.0000 0.9044 
 66       66   (0)      5 :  0.0043 0.0064 0.0762 0.0000 0.0094 0.0330 0.0232 0.0001 0.0126 0.0000 0.8347 
 67       67   (0)      5 :  0.5409 0.0000 0.0232 0.0326 0.0000 0.0198 0.0000 0.0916 0.0005 0.1663 0.1251 
 68       68   (0)      5 :  0.4515 0.0000 0.0183 0.0000 0.0000 0.0000 0.0000 0.0000 0.0000 0.5302 0.0000 
 69       69   (0)      5 :  0.1918 0.0174 0.1058 0.0026 0.0165 0.0355 0.0128 0.0089 0.0648 0.0417 0.5021 
 70       70   (0)      5 :  0.7600 0.0000 0.0200 0.0000 0.0000 0.0200 0.0000 0.0000 0.0000 0.2000 0.0000 
 71       71   (0)      5 :  0.6311 0.0000 0.0377 0.0000 0.0000 0.0000 0.0000 0.0079 0.0000 0.3234 0.0000 
 72       72   (0)      5 :  0.0823 0.0343 0.1138 0.0027 0.0133 0.0130 0.0070 0.0038 0.0010 0.0296 0.6994 
 73       73   (0)      5 :  0.0053 0.0218 0.1268 0.0000 0.0189 0.0185 0.0240 0.0007 0.0158 0.0000 0.7682 
 74       74   (0)      5 :  0.2566 0.0000 0.0264 0.0000 0.0000 0.0000 0.0000 0.0261 0.0000 0.6910 0.0000 
 75       75   (0)      6 :  0.5202 0.0000 0.0827 0.0000 0.0000 0.0264 0.0000 0.0084 0.0000 0.3624 0.0000 
 76       76   (0)      6 :  0.0289 0.0239 0.0696 0.0133 0.0219 0.0081 0.0130 0.0195 0.0026 0.0146 0.7846 
 77       77   (0)      6 :  0.4113 0.0000 0.0563 0.0000 0.0000 0.0057 0.0000 0.0015 0.0000 0.5252 0.0000 
 78       78   (0)      6 :  0.4155 0.0000 0.0651 0.0000 0.0000 0.0000 0.0000 0.0200 0.0000 0.4994 0.0000 
 79       79   (0)      6 :  0.3793 0.0000 0.0356 0.0000 0.0000 0.0276 0.0000 0.0075 0.0000 0.5499 0.0000 
 80       80   (0)      6 :  0.0000 0.0000 0.0037 0.0021 0.0000 0.0909 0.9031 0.0000 0.0001 0.0000 0.0000 
 81       81   (0)      6 :  0.5472 0.0000 0.0875 0.0000 0.0000 0.0132 0.0000 0.0099 0.0000 0.3421 0.0000 
 82       82   (0)      6 :  0.4582 0.0000 0.1254 0.0000 0.0000 0.0458 0.0000 0.0142 0.0000 0.3564 0.0000 
 83       83   (0)      6 :  0.7014 0.0000 0.0785 0.0074 0.0000 0.0334 0.0000 0.0161 0.0000 0.1632 0.0000 
 84       84   (0)      6 :  0.5269 0.0000 0.1400 0.0000 0.0000 0.0400 0.0000 0.0200 0.0000 0.2731 0.0000 
 85       85   (0)      6 :  0.5675 0.0000 0.0362 0.0000 0.0000 0.0000 0.0000 0.0000 0.0000 0.3963 0.0000 
 86       86   (0)      6 :  0.7079 0.0000 0.0252 0.0000 0.0000 0.0311 0.0000 0.0000 0.0000 0.2359 0.0000 
 87       87   (0)      6 :  0.2699 0.0000 0.0467 0.0000 0.0000 0.0000 0.0000 0.0024 0.0000 0.6810 0.0000 
 88       88   (0)      6 :  0.1769 0.0000 0.0452 0.0000 0.0000 0.0087 0.0000 0.0103 0.0000 0.7590 0.0000 
 89       89   (0)      6 :  0.2637 0.0000 0.0292 0.0000 0.0000 0.0082 0.0000 0.0000 0.0000 0.6989 0.0000 
 90       90   (0)      6 :  0.0301 0.0000 0.0273 0.0000 0.0000 0.3646 0.5012 0.0000 0.0000 0.0768 0.0000 
 91       91   (0)      6 :  0.2498 0.0000 0.0296 0.0000 0.0000 0.0084 0.0000 0.0400 0.0000 0.6722 0.0000 
 92       92   (0)      6 :  0.0329 0.0200 0.2471 0.0000 0.0164 0.0057 0.0158 0.0209 0.1185 0.0000 0.5226 
 93       93   (0)      6 :  0.0000 0.0006 0.0014 0.0608 0.0022 0.0068 0.0044 0.9154 0.0000 0.0084 0.0000 
 94       94   (0)      6 :  0.0077 0.0159 0.1993 0.0000 0.0237 0.0267 0.0000 0.0507 0.0304 0.0000 0.6456 
 95       95   (0)      6 :  0.0000 0.0008 0.0105 0.0285 0.0023 0.0001 0.0000 0.9143 0.0037 0.0083 0.0315 
 96       96   (0)      6 :  0.0056 0.0000 0.0120 0.0178 0.0005 0.0000 0.0000 0.9200 0.0027 0.0060 0.0356 
 97       97   (0)      6 :  0.0064 0.0406 0.1100 0.0006 0.0191 0.0157 0.0000 0.1590 0.0329 0.0015 0.6142 
 98       98   (0)      6 :  0.0036 0.0000 0.0070 0.1780 0.0000 0.0007 0.0020 0.7780 0.0000 0.0058 0.0249 
 99       99   (0)      7 :  0.5896 0.0000 0.0400 0.0000 0.0000 0.0000 0.0000 0.0077 0.0000 0.3628 0.0000 
100      100   (0)      7 :  0.0764 0.0179 0.0772 0.0343 0.0038 0.0088 0.0116 0.1489 0.0113 0.0621 0.5477 
101      101   (0)      7 :  0.0000 0.0000 0.0000 1.0000 0.0000 0.0000 0.0000 0.0000 0.0000 0.0000 0.0000 
102      102   (0)      7 :  0.0000 0.0000 0.0000 1.0000 0.0000 0.0000 0.0000 0.0000 0.0000 0.0000 0.0000 
103      103   (0)      7 :  0.0339 0.1022 0.1626 0.0000 0.0346 0.0373 0.0000 0.0040 0.0405 0.0000 0.5849 
104      104   (0)      7 :  0.0162 0.0388 0.1648 0.0001 0.0269 0.0386 0.0224 0.0012 0.0742 0.0000 0.6168 
105      105   (0)      7 :  0.0400 0.0058 0.2426 0.0000 0.0056 0.0223 0.0272 0.0002 0.0267 0.0000 0.6296 
106      106   (0)      7 :  0.0383 0.0158 0.2021 0.0000 0.0154 0.0264 0.0069 0.0004 0.0251 0.0000 0.6696 
107      107   (0)      7 :  0.0000 0.0267 0.1101 0.0000 0.0481 0.0276 0.0000 0.0007 0.0039 0.0000 0.7829 
108      108   (0)      8 :  0.0000 0.0400 0.0000 0.0000 0.0400 0.0000 0.0000 0.0000 0.9200 0.0000 0.0000 
109      109   (0)      8 :  0.0277 0.0325 0.1320 0.0000 0.0235 0.0109 0.0042 0.0010 0.0367 0.0000 0.7315 
110      110   (0)      8 :  0.0000 0.9600 0.0000 0.0000 0.0000 0.0000 0.0000 0.0400 0.0000 0.0000 0.0000 
111      111   (0)      8 :  0.0000 0.0800 0.2800 0.0000 0.3000 0.1800 0.0000 0.0000 0.1600 0.0000 0.0000 
112      112   (0)      8 :  0.0000 0.0000 0.0000 1.0000 0.0000 0.0000 0.0000 0.0000 0.0000 0.0000 0.0000 
113      113   (0)      8 :  0.0381 0.0153 0.1215 0.0000 0.0078 0.0091 0.0009 0.0003 0.0089 0.0000 0.7982 
114      114   (0)      8 :  0.0135 0.0564 0.0777 0.0000 0.0031 0.0109 0.0000 0.0021 0.0025 0.0000 0.8338 
115      115   (0)      8 :  0.0000 0.0400 0.0000 0.0000 0.0400 0.0000 0.0000 0.0000 0.9200 0.0000 0.0000 
116      116   (0)      8 :  0.0000 0.0800 0.2800 0.0000 0.3000 0.1800 0.0000 0.0000 0.1600 0.0000 0.0000 
117      117   (0)      8 :  0.0367 0.0024 0.2217 0.0020 0.0149 0.0304 0.0099 0.0800 0.0810 0.0136 0.5072 
118      118   (0)      8 :  0.0373 0.0293 0.1648 0.0000 0.0048 0.0032 0.0370 0.0012 0.0119 0.0000 0.7105 
119      119   (0)      9 :  0.4316 0.0000 0.0639 0.0000 0.0000 0.0022 0.0000 0.0200 0.0000 0.4823 0.0000 
120      120   (0)     10 :  0.0035 0.0149 0.0803 0.0465 0.0344 0.0231 0.0019 0.0002 0.0495 0.0000 0.7456 
121      121   (0)     10 :  0.0240 0.0151 0.1309 0.0000 0.0347 0.0200 0.0000 0.0002 0.0118 0.0000 0.7633 
122      122   (0)     10 :  0.0024 0.0235 0.1271 0.0000 0.0272 0.0140 0.0005 0.0005 0.0406 0.0000 0.7643 
123      123   (0)     10 :  0.0231 0.0375 0.1328 0.0119 0.0262 0.0330 0.0271 0.0020 0.0889 0.0583 0.5593 
124      124   (0)     10 :  0.0127 0.0034 0.1090 0.0536 0.0367 0.0106 0.0000 0.0000 0.0217 0.0000 0.7522 
125      125   (0)     10 :  0.0148 0.0101 0.0879 0.0398 0.0408 0.0298 0.0052 0.1391 0.0038 0.0006 0.6282 
126      126   (0)     10 :  0.0186 0.0072 0.1240 0.0162 0.0295 0.0105 0.0000 0.0001 0.0155 0.0000 0.7783 
127      127   (0)     10 :  0.0123 0.0135 0.0659 0.0000 0.0210 0.0152 0.0002 0.0002 0.0380 0.0000 0.8336 
128      128   (0)     10 :  0.0171 0.0078 0.1231 0.0219 0.0372 0.0233 0.0077 0.0000 0.0178 0.0000 0.7442 
129      129   (0)     10 :  0.0000 0.0159 0.0989 0.0000 0.0232 0.0116 0.0082 0.0003 0.0027 0.0000 0.8393 
130      130   (0)     10 :  0.0134 0.0195 0.0913 0.0000 0.0006 0.0052 0.0046 0.0008 0.0001 0.0000 0.8644 
131      131   (0)     10 :  0.0071 0.0031 0.1222 0.0353 0.0215 0.0498 0.0144 0.0020 0.0297 0.0000 0.7148 
132      132   (0)     10 :  0.0119 0.0008 0.0907 0.0553 0.0115 0.0242 0.0235 0.0407 0.0212 0.0000 0.7201 
133      133   (0)     10 :  0.0128 0.0125 0.0870 0.0216 0.0422 0.0375 0.0013 0.0290 0.0335 0.0058 0.7168 
134      134   (0)     10 :  0.0066 0.0277 0.0784 0.0445 0.0138 0.0065 0.0000 0.0286 0.0311 0.0048 0.7579 
135      135   (0)     10 :  0.0076 0.0326 0.0852 0.0359 0.0063 0.0209 0.0030 0.0009 0.0649 0.0000 0.7428 
136      136   (0)     10 :  0.0051 0.0371 0.1166 0.0119 0.0105 0.0138 0.0023 0.0013 0.0164 0.0000 0.7850 
137      137   (0)     11 :  0.3175 0.0000 0.0468 0.0883 0.0000 0.0128 0.0000 0.0124 0.0000 0.5223 0.0000 
138      138   (0)     12 :  0.0221 0.0153 0.0904 0.0531 0.0496 0.0205 0.0994 0.1354 0.0243 0.0011 0.4889 
139      139   (0)     12 :  0.1805 0.0004 0.0332 0.0792 0.0101 0.0124 0.0022 0.4081 0.0012 0.0390 0.2338 
140      140   (0)     12 :  0.0000 0.0000 0.0039 0.0479 0.0000 0.0887 0.8596 0.0000 0.0000 0.0000 0.0000 
141      141   (0)     12 :  0.0000 0.2115 0.0024 0.0423 0.0013 0.0040 0.0000 0.7342 0.0000 0.0000 0.0043 
142      142   (0)     12 :  0.0100 0.0315 0.1073 0.0534 0.0242 0.0164 0.0353 0.0137 0.0199 0.0000 0.6882 
143      143   (0)     12 :  0.0164 0.0073 0.0541 0.0945 0.0116 0.0409 0.0053 0.6416 0.0054 0.0030 0.1200 
144      144   (0)     12 :  0.0015 0.0170 0.0612 0.1232 0.0020 0.0114 0.0541 0.0415 0.0009 0.0003 0.6870 
145      145   (0)     12 :  0.0142 0.0371 0.0712 0.0000 0.0006 0.1202 0.4959 0.0017 0.0065 0.0000 0.2525 
146      146   (0)     13 :  0.0433 0.0000 0.0536 0.0000 0.0000 0.0000 0.0000 0.0084 0.0000 0.8947 0.0000 
147      147   (0)     13 :  0.2648 0.0000 0.0594 0.0000 0.0000 0.0046 0.0000 0.0126 0.0000 0.6586 0.0000 
148      148   (0)     13 :  0.1696 0.0000 0.0868 0.0000 0.0000 0.0200 0.0000 0.0200 0.0000 0.7035 0.0000 
149      149   (0)     13 :  0.3205 0.0000 0.0746 0.0000 0.0000 0.0000 0.0000 0.0047 0.0000 0.6001 0.0000 
150      150   (0)     13 :  0.0894 0.0000 0.0438 0.0000 0.0000 0.0000 0.0000 0.0000 0.0000 0.8668 0.0000 
151      151   (0)     14 :  0.2516 0.0000 0.0826 0.0000 0.0000 0.0046 0.0000 0.0000 0.0000 0.6612 0.0000 
152      152   (0)     14 :  0.0119 0.0107 0.1094 0.0000 0.0386 0.0380 0.0097 0.0001 0.0230 0.0000 0.7587 
153      153   (0)     15 :  0.0033 0.0002 0.0041 0.0277 0.0004 0.0006 0.0000 0.9126 0.0021 0.0159 0.0332 
154      154   (0)     15 :  0.2729 0.0000 0.1111 0.0000 0.0000 0.0128 0.0000 0.0180 0.0000 0.5853 0.0000 
155      155   (0)     16 :  0.0000 0.0143 0.0819 0.0381 0.0111 0.0130 0.0040 0.0289 0.0233 0.0000 0.7854 
156      156   (0)     16 :  0.0000 0.0771 0.0924 0.0106 0.0157 0.0306 0.0211 0.0029 0.0278 0.0000 0.7217 
157      157   (0)     17 :  0.0073 0.0104 0.0000 0.1325 0.0000 0.0030 0.0090 0.8075 0.0024 0.0088 0.0191 
158      158   (0)     17 :  0.0000 0.0000 0.0200 0.0022 0.0000 0.4000 0.5778 0.0000 0.0000 0.0000 0.0000 
159      159   (0)     18 :  0.0122 0.0160 0.1394 0.0147 0.0108 0.0299 0.0000 0.0071 0.0087 0.0000 0.7612 
160      160   (0)     18 :  0.0191 0.0519 0.0909 0.0000 0.0270 0.0067 0.0002 0.0018 0.0128 0.0000 0.7895 
161      161   (0)     18 :  0.0118 0.0403 0.1257 0.0000 0.0491 0.0114 0.0001 0.0013 0.0171 0.0000 0.7433 
162      162   (0)     19 :  0.0190 0.0130 0.1463 0.0334 0.0441 0.0463 0.0000 0.0579 0.0465 0.0000 0.5934 
163      163   (0)     19 :  0.0890 0.0130 0.1244 0.1919 0.0173 0.0146 0.0048 0.2069 0.0682 0.0480 0.2219 
164      164   (0)     19 :  0.0270 0.0221 0.1961 0.0000 0.0341 0.0153 0.0328 0.0002 0.2107 0.0000 0.4619 
