 1        1   (0)      1 :  0.0594 0.0749 0.0753 0.1403 0.0798 0.0944 0.0525 0.0002 0.0311 0.0087 0.1804 0.1270 0.0761 
 2        2   (0)      1 :  0.0647 0.0200 0.0997 0.3190 0.1157 0.0385 0.0195 0.0039 0.0305 0.0501 0.1912 0.0000 0.0471 
 3        3   (0)      1 :  0.0860 0.0000 0.0626 0.0231 0.3689 0.1808 0.0424 0.0065 0.0648 0.0400 0.0404 0.0000 0.0845 
 4        4   (0)      1 :  0.0221 0.0186 0.2051 0.1245 0.2705 0.0697 0.1129 0.0076 0.0731 0.0344 0.0529 0.0086 0.0000 
 5        5   (0)      1 :  0.0827 0.0230 0.2111 0.0625 0.0501 0.0125 0.0704 0.0002 0.1491 0.0336 0.1448 0.0182 0.1418 
 6        6   (0)      1 :  0.0756 0.0010 0.1240 0.1923 0.1657 0.0231 0.0416 0.0177 0.1209 0.0037 0.0829 0.0346 0.1170 
 7        7   (0)      1 :  0.0186 0.0212 0.1824 0.2846 0.1134 0.0719 0.1503 0.0059 0.0748 0.0019 0.0374 0.0000 0.0376 
 8        8   (0)      2 :  0.0216 0.1250 0.1036 0.1515 0.0862 0.0213 0.1012 0.0000 0.1730 0.0406 0.1133 0.0000 0.0626 
 9        9   (0)      2 :  0.0000 1.0000 0.0000 0.0000 0.0000 0.0000 0.0000 0.0000 0.0000 0.0000 0.0000 0.0000 0.0000 
10       10   (0)      2 :  0.0000 1.0000 0.0000 0.0000 0.0000 0.0000 0.0000 0.0000 0.0000 0.0000 0.0000 0.0000 0.0000 
11       11   (0)      2 :  0.0000 0.9339 0.0000 0.0000 0.0000 0.0000 0.0000 0.0000 0.0000 0.0000 0.0000 0.0661 0.0000 
12       12   (0)      2 :  0.0125 0.0055 0.1664 0.0795 0.2506 0.1031 0.1098 0.0054 0.0388 0.0000 0.2084 0.0000 0.0200 
13       13   (0)      2 :  0.0400 0.0400 0.1000 0.3200 0.0400 0.0800 0.0800 0.0000 0.0800 0.0400 0.0400 0.0000 0.1400 
14       14   (0)      3 :  0.0642 0.0076 0.0468 0.1531 0.5753 0.0200 0.0649 0.0000 0.0537 0.0000 0.0105 0.0000 0.0038 
15       15   (0)      3 :  0.0567 0.0019 0.1132 0.1182 0.2992 0.0795 0.1386 0.0009 0.0009 0.0009 0.1805 0.0033 0.0064 
16       16   (0)      3 :  0.0691 0.0000 0.0200 0.0000 0.6056 0.1731 0.0000 0.0000 0.0200 0.0046 0.1075 0.0000 0.0000 
17       17   (0)      3 :  0.0400 0.0600 0.1200 0.0800 0.0937 0.0400 0.3927 0.0004 0.0932 0.0000 0.0000 0.0000 0.0800 
18       18   (0)      4 :  0.0092 0.0096 0.1881 0.2158 0.0900 0.1321 0.1110 0.0113 0.0422 0.0355 0.0572 0.0012 0.0969 
19       19   (0)      4 :  0.0400 0.0020 0.3431 0.1340 0.0000 0.0235 0.0269 0.0000 0.0847 0.0000 0.1645 0.0004 0.1809 
20       20   (0)      4 :  0.0872 0.0215 0.1990 0.0200 0.0526 0.1103 0.0423 0.0000 0.2270 0.0163 0.1816 0.0004 0.0417 
21       21   (0)      4 :  0.0085 0.0616 0.0290 0.5063 0.0135 0.0584 0.0366 0.0008 0.1301 0.0131 0.0469 0.0001 0.0951 
22       22   (0)      4 :  0.0659 0.0005 0.1963 0.0870 0.0558 0.0315 0.0201 0.0015 0.0850 0.0000 0.0822 0.0000 0.3741 
23       23   (0)      4 :  0.0191 0.1331 0.0531 0.1476 0.0303 0.3557 0.0800 0.0010 0.0825 0.0000 0.0709 0.0000 0.0267 
24       24   (0)      4 :  0.0115 0.0283 0.1622 0.1472 0.1919 0.0467 0.1414 0.0000 0.0932 0.0200 0.0327 0.0000 0.1250 
25       25   (0)      4 :  0.0520 0.0000 0.2183 0.0604 0.1366 0.0664 0.0433 0.0000 0.2599 0.0065 0.0249 0.0000 0.1316 
26       26   (0)      4 :  0.0261 0.0437 0.0827 0.2791 0.0197 0.1160 0.0707 0.0000 0.1513 0.0368 0.0315 0.0155 0.1269 
27       27   (0)      4 :  0.0035 0.0024 0.0578 0.0869 0.1541 0.1904 0.1317 0.0001 0.1886 0.0238 0.0725 0.0001 0.0883 
28       28   (0)      4 :  0.0742 0.0314 0.0814 0.0634 0.1713 0.1056 0.0454 0.0116 0.0633 0.0477 0.1649 0.0024 0.1375 
29       29   (0)      4 :  0.0075 0.0386 0.1214 0.2804 0.0634 0.0473 0.1207 0.0017 0.2419 0.0063 0.0213 0.0075 0.0421 
30       30   (0)      4 :  0.0217 0.0000 0.2228 0.0876 0.0456 0.0200 0.0692 0.0014 0.0750 0.0000 0.2335 0.0000 0.2233 
31       31   (0)      4 :  0.1200 0.0000 0.1200 0.0400 0.4516 0.0321 0.0800 0.0000 0.0499 0.0200 0.0464 0.0000 0.0400 
32       32   (0)      4 :  0.0000 0.0258 0.0000 0.0600 0.2207 0.0600 0.3302 0.0000 0.2065 0.0000 0.0289 0.0000 0.0679 
33       33   (0)      4 :  0.0295 0.1410 0.0741 0.0218 0.2738 0.0494 0.1417 0.0170 0.0546 0.0061 0.1120 0.0000 0.0790 
34       34   (0)      5 :  0.0542 0.0340 0.1540 0.0970 0.1209 0.0108 0.0910 0.0000 0.1240 0.0280 0.0543 0.0047 0.2269 
35       35   (0)      6 :  0.0008 0.0349 0.0915 0.0823 0.1049 0.0672 0.0208 0.0018 0.0937 0.0697 0.3675 0.0143 0.0506 
36       36   (0)      6 :  0.0038 0.0621 0.0234 0.5408 0.0424 0.0696 0.0476 0.0001 0.0288 0.0270 0.1476 0.0000 0.0067 
37       37   (0)      6 :  0.0000 0.0000 0.0000 0.0000 0.0000 0.0000 0.0000 0.0200 0.0000 0.9800 0.0000 0.0000 0.0000 
38       38   (0)      6 :  0.0689 0.0903 0.2361 0.0129 0.0142 0.2157 0.0547 0.0000 0.1037 0.0411 0.1039 0.0000 0.0584 
39       39   (0)      6 :  0.0400 0.0200 0.0574 0.3294 0.0000 0.0848 0.0422 0.0000 0.1977 0.0031 0.0301 0.0000 0.1951 
40       40   (0)      6 :  0.0130 0.0274 0.1043 0.1455 0.2290 0.1182 0.1585 0.0001 0.0638 0.0156 0.0077 0.0131 0.1037 
41       41   (0)      6 :  0.0000 0.0000 0.0000 0.0000 0.0000 0.0000 0.0000 0.0000 0.0000 0.0000 0.0000 1.0000 0.0000 
42       42   (0)      6 :  0.0885 0.0176 0.1852 0.1678 0.1150 0.0270 0.2131 0.0000 0.0943 0.0139 0.0470 0.0031 0.0274 
43       43   (0)      6 :  0.0403 0.0423 0.0110 0.0420 0.0594 0.0469 0.0000 0.0021 0.0028 0.0005 0.7419 0.0004 0.0104 
44       44   (0)      6 :  0.0592 0.0333 0.1209 0.0701 0.0647 0.1075 0.0564 0.0024 0.2604 0.0043 0.1299 0.0248 0.0661 
45       45   (0)      6 :  0.0245 0.0379 0.2247 0.1464 0.0360 0.1216 0.0441 0.0051 0.1193 0.0019 0.0448 0.0000 0.1937 
46       46   (0)      6 :  0.0000 0.0000 0.0000 0.0000 0.0000 0.0000 0.0000 1.0000 0.0000 0.0000 0.0000 0.0000 0.0000 
47       47   (0)      6 :  0.1000 0.0600 0.0800 0.4000 0.0600 0.0600 0.0432 0.0000 0.0000 0.0000 0.1497 0.0000 0.0471 
48       48   (0)      6 :  0.0029 0.0246 0.0271 0.0799 0.0850 0.4854 0.0691 0.0039 0.0651 0.0468 0.0319 0.0000 0.0783 
49       49   (0)      6 :  0.0000 0.0000 0.0000 0.0000 0.0000 0.0000 0.0000 0.0000 0.0000 0.0000 0.0000 1.0000 0.0000 
50       50   (0)      6 :  0.0815 0.0041 0.0484 0.0812 0.0098 0.0438 0.2172 0.0000 0.3697 0.0151 0.0051 0.0000 0.1241 
51       51   (0)      6 :  0.0456 0.0574 0.1289 0.0717 0.0635 0.0512 0.0475 0.0127 0.1830 0.0358 0.1343 0.0604 0.1078 
52       52   (0)      6 :  0.0000 0.0000 0.0000 0.0000 0.0000 0.0000 0.0000 1.0000 0.0000 0.0000 0.0000 0.0000 0.0000 
53       53   (0)      6 :  0.0400 0.0400 0.0506 0.0200 0.0777 0.1400 0.1343 0.0000 0.3689 0.0200 0.0670 0.0000 0.0414 
54       54   (0)      6 :  0.0743 0.0248 0.0476 0.0294 0.0466 0.0504 0.1200 0.0009 0.0999 0.0000 0.0000 0.0000 0.5062 
55       55   (0)      6 :  0.0000 0.0000 0.0000 0.0000 0.0000 0.9824 0.0000 0.0000 0.0000 0.0015 0.0074 0.0000 0.0086 
56       56   (0)      6 :  0.0421 0.0791 0.2705 0.0832 0.0670 0.0279 0.0227 0.0000 0.0465 0.0553 0.0935 0.0011 0.2112 
57       57   (0)      6 :  0.0000 0.0200 0.0258 0.0279 0.0906 0.0413 0.0004 0.0000 0.7704 0.0003 0.0045 0.0000 0.0188 
58       58   (0)      7 :  0.1127 0.0015 0.0062 0.0200 0.0000 0.2603 0.0692 0.0000 0.0533 0.0025 0.0730 0.0000 0.4013 
59       59   (0)      7 :  0.0281 0.0310 0.1291 0.0897 0.1510 0.2051 0.1114 0.0000 0.0214 0.0259 0.1744 0.0000 0.0328 
60       60   (0)      7 :  0.0038 0.0200 0.3205 0.1770 0.0372 0.0703 0.0465 0.0012 0.0870 0.0021 0.1734 0.0005 0.0605 
61       61   (0)      7 :  0.0000 0.3193 0.1156 0.1262 0.0319 0.0532 0.1230 0.0000 0.1463 0.0110 0.0059 0.0000 0.0676 
62       62   (0)      7 :  0.0000 0.0000 0.0000 0.0000 0.0000 0.0000 0.0000 0.0200 0.0000 0.9800 0.0000 0.0000 0.0000 
63       63   (0)      7 :  0.0952 0.1202 0.0465 0.0584 0.0199 0.0406 0.0343 0.0000 0.0396 0.0000 0.4239 0.0009 0.1206 
64       64   (0)      8 :  0.0000 0.0427 0.0090 0.0640 0.2783 0.0116 0.1326 0.0071 0.1072 0.0526 0.1177 0.0017 0.1754 
65       65   (0)      8 :  0.0424 0.0842 0.2565 0.1132 0.0320 0.1084 0.0942 0.0097 0.0230 0.0279 0.0644 0.0005 0.1437 
66       66   (0)      9 :  0.0369 0.0101 0.1096 0.0661 0.0509 0.0906 0.0670 0.0004 0.0976 0.0035 0.1372 0.0000 0.3301 
67       67   (0)     10 :  0.0296 0.0032 0.0770 0.0220 0.1323 0.0823 0.0740 0.0000 0.0592 0.0190 0.3869 0.0059 0.1086 
68       68   (0)     10 :  0.0812 0.0248 0.1572 0.0845 0.2389 0.0791 0.0386 0.0067 0.1157 0.0075 0.0887 0.0000 0.0772 
69       69   (0)     10 :  0.1833 0.0000 0.0506 0.0345 0.0830 0.1080 0.1365 0.0244 0.1695 0.0104 0.0364 0.0000 0.1635 
70       70   (0)     10 :  0.1039 0.0468 0.0624 0.0442 0.1207 0.1205 0.0691 0.0065 0.0850 0.0310 0.0528 0.0000 0.2571 
71       71   (0)     10 :  0.0000 0.1151 0.1006 0.0071 0.0177 0.2122 0.0890 0.0000 0.1072 0.0000 0.1187 0.0000 0.2323 
72       72   (0)     10 :  0.0000 0.0495 0.0580 0.0513 0.0606 0.0600 0.0767 0.0000 0.0912 0.0058 0.1722 0.0003 0.3745 
73       73   (0)     10 :  0.0337 0.0330 0.1009 0.0600 0.0806 0.0952 0.1216 0.0006 0.2058 0.0211 0.1917 0.0024 0.0536 
74       74   (0)     10 :  0.9935 0.0000 0.0000 0.0000 0.0000 0.0000 0.0065 0.0000 0.0000 0.0000 0.0000 0.0000 0.0000 
75       75   (0)     10 :  0.0391 0.0018 0.0777 0.1455 0.0303 0.0390 0.1753 0.0053 0.1748 0.0489 0.1718 0.0000 0.0906 
76       76   (0)     10 :  0.9800 0.0000 0.0000 0.0000 0.0000 0.0200 0.0000 0.0000 0.0000 0.0000 0.0000 0.0000 0.0000 
