 1        1   (0)      1 :  0.0000 0.0080 0.1009 0.0000 0.0000 0.0000 0.8911 
 2        2   (0)      1 :  0.0000 0.0933 0.1725 0.0000 0.1076 0.0057 0.6209 
 3        3   (0)      1 :  0.0000 1.0000 0.0000 0.0000 0.0000 0.0000 0.0000 
 4        4   (0)      1 :  0.0000 0.5894 0.0626 0.0000 0.0000 0.0000 0.3480 
 5        5   (0)      1 :  0.0000 0.0041 0.0620 0.0000 0.0000 0.0000 0.9339 
 6        6   (0)      1 :  0.0000 1.0000 0.0000 0.0000 0.0000 0.0000 0.0000 
 7        7   (0)      2 :  0.0000 0.0000 0.0800 0.0000 0.0000 0.0000 0.9200 
 8        8   (0)      2 :  0.0000 0.9600 0.0400 0.0000 0.0000 0.0000 0.0000 
 9        9   (0)      2 :  0.0111 0.0282 0.2341 0.0421 0.0134 0.0064 0.6647 
10       10   (0)      2 :  0.0000 0.0000 0.0561 0.0000 0.0000 0.0000 0.9439 
11       11   (0)      2 :  0.0000 1.0000 0.0000 0.0000 0.0000 0.0000 0.0000 
12       12   (0)      2 :  0.0000 0.5387 0.0451 0.0000 0.0000 0.0000 0.4162 
13       13   (0)      2 :  0.0000 0.8095 0.0664 0.0000 0.1184 0.0056 0.0000 
14       14   (0)      3 :  0.1160 0.0000 0.0400 0.4203 0.0000 0.4237 0.0000 
15       15   (0)      3 :  0.3915 0.0000 0.0402 0.3742 0.0000 0.1940 0.0000 
16       16   (0)      3 :  0.3501 0.0000 0.0200 0.4827 0.0000 0.1472 0.0000 
17       17   (0)      3 :  0.3567 0.0000 0.0354 0.4208 0.0000 0.1871 0.0000 
18       18   (0)      3 :  0.9247 0.0000 0.0000 0.0480 0.0000 0.0273 0.0000 
19       19   (0)      3 :  0.7279 0.0000 0.0071 0.1794 0.0000 0.0856 0.0000 
20       20   (0)      3 :  0.3956 0.0000 0.0765 0.3205 0.0481 0.1593 0.0000 
21       21   (0)      3 :  0.3610 0.0000 0.0619 0.4290 0.0000 0.1481 0.0000 
22       22   (0)      3 :  0.2691 0.0000 0.0400 0.4400 0.0000 0.2508 0.0000 
23       23   (0)      3 :  0.2674 0.0000 0.0543 0.5817 0.0000 0.0967 0.0000 
24       24   (0)      3 :  0.5539 0.0000 0.0179 0.2710 0.0000 0.1572 0.0000 
25       25   (0)      3 :  0.0000 0.0000 0.1800 0.0000 0.7800 0.0400 0.0000 
26       26   (0)      4 :  0.0000 0.0016 0.3089 0.0000 0.0000 0.0000 0.6895 
27       27   (0)      4 :  0.3767 0.0000 0.0575 0.3473 0.0000 0.2186 0.0000 
28       28   (0)      4 :  0.3829 0.0000 0.0400 0.3898 0.0000 0.1873 0.0000 
29       29   (0)      4 :  0.0000 0.0000 0.0527 0.0000 0.0000 0.0000 0.9473 
30       30   (0)      4 :  0.1100 0.0000 0.0178 0.7348 0.0000 0.1375 0.0000 
31       31   (0)      4 :  0.3433 0.0000 0.0406 0.3001 0.0000 0.3160 0.0000 
32       32   (0)      4 :  0.1696 0.0211 0.1215 0.1833 0.0003 0.1206 0.3837 
33       33   (0)      4 :  0.2010 0.0000 0.0263 0.6060 0.0000 0.1667 0.0000 
34       34   (0)      4 :  0.4637 0.0000 0.0505 0.2793 0.0000 0.2064 0.0000 
35       35   (0)      4 :  0.1951 0.0000 0.0306 0.2981 0.0000 0.4762 0.0000 
36       36   (0)      4 :  0.1573 0.0000 0.0036 0.5021 0.0000 0.3370 0.0000 
37       37   (0)      4 :  0.1973 0.0000 0.0433 0.5908 0.0000 0.1685 0.0000 
38       38   (0)      4 :  0.2436 0.0000 0.0663 0.4545 0.0000 0.2356 0.0000 
39       39   (0)      4 :  0.0000 0.0001 0.0663 0.0000 0.0000 0.0000 0.9336 
40       40   (0)      5 :  0.2778 0.0000 0.0073 0.2269 0.0000 0.4880 0.0000 
41       41   (0)      5 :  0.4068 0.0000 0.0669 0.3793 0.0000 0.1470 0.0000 
42       42   (0)      5 :  0.3636 0.0000 0.0789 0.3607 0.0000 0.1967 0.0000 
43       43   (0)      5 :  0.0000 0.0000 0.0944 0.0000 0.0000 0.0000 0.9056 
44       44   (0)      5 :  0.2962 0.0000 0.0672 0.5309 0.0000 0.1057 0.0000 
45       45   (0)      5 :  0.4277 0.0000 0.0317 0.2292 0.0000 0.3114 0.0000 
46       46   (0)      5 :  0.3354 0.0000 0.0426 0.3517 0.0000 0.2702 0.0000 
47       47   (0)      5 :  0.3400 0.0000 0.0600 0.4047 0.0000 0.1953 0.0000 
48       48   (0)      5 :  0.4443 0.0000 0.0696 0.1111 0.0000 0.3751 0.0000 
49       49   (0)      5 :  0.0000 0.0000 0.0843 0.0000 0.0000 0.0000 0.9157 
50       50   (0)      5 :  0.4920 0.0000 0.0318 0.2377 0.0000 0.2384 0.0000 
51       51   (0)      5 :  0.0000 0.0000 0.2124 0.0000 0.0000 0.0000 0.7876 
52       52   (0)      5 :  0.0000 0.0013 0.1965 0.0000 0.0000 0.0000 0.8021 
53       53   (0)      6 :  0.0000 0.0000 0.3200 0.0000 0.0000 0.0000 0.6800 
54       54   (0)      6 :  0.1902 0.0000 0.0800 0.7084 0.0000 0.0214 0.0000 
55       55   (0)      6 :  0.0000 0.0612 0.2852 0.0000 0.0465 0.0026 0.6045 
56       56   (0)      6 :  0.0000 0.0000 0.0000 0.0000 1.0000 0.0000 0.0000 
57       57   (0)      6 :  0.0000 0.0000 0.0600 0.0000 0.9400 0.0000 0.0000 
58       58   (0)      6 :  0.0000 0.0000 0.0000 0.0000 1.0000 0.0000 0.0000 
59       59   (0)      6 :  0.3012 0.0000 0.1038 0.1986 0.0384 0.3551 0.0029 
60       60   (0)      6 :  0.1497 0.0000 0.0184 0.5749 0.0000 0.2570 0.0000 
61       61   (0)      6 :  0.4099 0.0000 0.0828 0.2421 0.0000 0.2652 0.0000 
62       62   (0)      6 :  0.7826 0.0000 0.0084 0.1760 0.0000 0.0329 0.0000 
63       63   (0)      6 :  0.0246 0.0223 0.2617 0.0017 0.0920 0.0054 0.5922 
64       64   (0)      7 :  0.0000 0.0000 0.1194 0.0000 0.0000 0.0000 0.8806 
65       65   (0)      7 :  0.0000 0.0000 0.2800 0.0000 0.0000 0.0000 0.7200 
66       66   (0)      7 :  0.0000 0.0000 0.2937 0.0000 0.0127 0.0000 0.6936 
67       67   (0)      7 :  0.0000 0.0447 0.3425 0.0000 0.0128 0.0000 0.6000 
68       68   (0)      8 :  0.2102 0.0000 0.0959 0.2741 0.0644 0.3555 0.0000 
69       69   (0)      8 :  0.3024 0.0000 0.0983 0.2643 0.1246 0.1830 0.0275 
70       70   (0)      8 :  0.1923 0.0000 0.0515 0.3221 0.0000 0.4340 0.0000 
71       71   (0)      8 :  0.2004 0.0000 0.1259 0.2896 0.0127 0.3654 0.0060 
72       72   (0)      8 :  0.1378 0.0000 0.1035 0.2394 0.0864 0.4329 0.0000 
73       73   (0)      8 :  0.0000 0.0000 0.0000 0.0000 1.0000 0.0000 0.0000 
74       74   (0)      9 :  0.0054 0.0455 0.2390 0.0084 0.1081 0.0181 0.5756 
75       75   (0)      9 :  0.0028 0.0012 0.2787 0.0042 0.0662 0.0177 0.6292 
76       76   (0)     10 :  0.0000 0.0009 0.3260 0.0000 0.0000 0.0000 0.6731 
77       77   (0)     11 :  0.0000 0.0000 0.2281 0.0000 0.0000 0.0000 0.7719 
78       78   (0)     12 :  0.0000 0.0000 0.1044 0.0000 0.0000 0.0000 0.8956 
79       79   (0)     13 :  0.1380 0.0000 0.1878 0.0877 0.4932 0.0933 0.0000 
80       80   (0)     13 :  0.2767 0.0000 0.0299 0.3351 0.0000 0.3583 0.0000 
