 1        1   (0)      1 :  0.1715 0.0945 0.1168 0.0240 0.0703 0.2697 0.0003 0.1313 0.1214 
 2        2   (0)      1 :  0.1906 0.1114 0.1394 0.1693 0.0642 0.2861 0.0074 0.0314 0.0001 
 3        3   (0)      1 :  0.1715 0.2183 0.1246 0.0515 0.1077 0.2955 0.0109 0.0200 0.0000 
 4        4   (0)      1 :  0.2162 0.0978 0.1905 0.0710 0.1921 0.1427 0.0142 0.0558 0.0196 
 5        5   (0)      1 :  0.1515 0.1551 0.3139 0.0169 0.2274 0.0629 0.0015 0.0383 0.0325 
 6        6   (0)      1 :  0.1594 0.0982 0.1789 0.0112 0.2154 0.2411 0.0212 0.0373 0.0373 
 7        7   (0)      1 :  0.2584 0.0758 0.2002 0.0274 0.2243 0.0904 0.0105 0.1128 0.0000 
 8        8   (0)      2 :  0.1059 0.0811 0.1866 0.0652 0.2445 0.0910 0.0000 0.2256 0.0000 
 9        9   (0)      2 :  0.0000 0.0007 0.0000 0.0002 0.0000 0.0084 0.0004 0.9894 0.0010 
10       10   (0)      2 :  0.0000 0.0000 0.0000 0.0000 0.0000 0.0083 0.0000 0.9903 0.0014 
11       11   (0)      2 :  0.0000 0.0000 0.0000 0.0000 0.0000 0.0074 0.0000 0.8799 0.1127 
12       12   (0)      2 :  0.2087 0.1010 0.1830 0.0854 0.0338 0.3257 0.0084 0.0539 0.0000 
13       13   (0)      2 :  0.4172 0.0950 0.0570 0.0422 0.2354 0.1073 0.0200 0.0259 0.0000 
14       14   (0)      3 :  0.2558 0.0858 0.1962 0.0037 0.2299 0.1936 0.0002 0.0344 0.0005 
15       15   (0)      3 :  0.1398 0.1352 0.1675 0.0236 0.0208 0.4313 0.0022 0.0707 0.0089 
16       16   (0)      3 :  0.0844 0.0642 0.0404 0.0472 0.0290 0.6891 0.0000 0.0457 0.0000 
17       17   (0)      3 :  0.5961 0.0706 0.0379 0.0200 0.2312 0.0200 0.0041 0.0200 0.0000 
18       18   (0)      4 :  0.2965 0.0242 0.1807 0.0873 0.1685 0.1903 0.0187 0.0312 0.0027 
19       19   (0)      4 :  0.0849 0.0900 0.2197 0.0213 0.1755 0.2526 0.0000 0.1450 0.0110 
20       20   (0)      4 :  0.0699 0.2917 0.2850 0.0555 0.1326 0.1403 0.0000 0.0218 0.0032 
21       21   (0)      4 :  0.3960 0.0087 0.1651 0.0465 0.1918 0.0874 0.0026 0.1010 0.0010 
22       22   (0)      4 :  0.1310 0.1483 0.2507 0.0075 0.2336 0.1898 0.0074 0.0316 0.0001 
23       23   (0)      4 :  0.2199 0.0449 0.1311 0.0000 0.1563 0.2452 0.0026 0.1994 0.0006 
24       24   (0)      4 :  0.3460 0.0838 0.1855 0.0002 0.2637 0.0721 0.0000 0.0487 0.0000 
25       25   (0)      4 :  0.0910 0.1725 0.2994 0.0139 0.3173 0.0663 0.0000 0.0396 0.0000 
26       26   (0)      4 :  0.1147 0.0474 0.1574 0.0893 0.2910 0.0255 0.0010 0.2520 0.0218 
27       27   (0)      4 :  0.2200 0.0335 0.1667 0.0067 0.3349 0.1774 0.0012 0.0588 0.0008 
28       28   (0)      4 :  0.1695 0.1671 0.1762 0.1450 0.1565 0.1120 0.0273 0.0387 0.0077 
29       29   (0)      4 :  0.1183 0.1052 0.1613 0.0498 0.2965 0.0730 0.0072 0.1670 0.0216 
30       30   (0)      4 :  0.0811 0.1248 0.2136 0.0566 0.2568 0.1902 0.0088 0.0680 0.0001 
31       31   (0)      4 :  0.2518 0.0167 0.1630 0.0400 0.1112 0.4173 0.0000 0.0000 0.0000 
32       32   (0)      4 :  0.1412 0.0642 0.2106 0.0600 0.4047 0.0989 0.0000 0.0200 0.0004 
33       33   (0)      4 :  0.1798 0.0772 0.1629 0.0174 0.1801 0.1435 0.0332 0.2060 0.0000 
34       34   (0)      5 :  0.1453 0.1214 0.2239 0.0231 0.3061 0.1066 0.0000 0.0626 0.0110 
35       35   (0)      6 :  0.1174 0.0225 0.2434 0.1124 0.0528 0.3058 0.0021 0.1308 0.0127 
36       36   (0)      6 :  0.2985 0.0261 0.1386 0.0305 0.0442 0.2072 0.0001 0.2549 0.0000 
37       37   (0)      6 :  0.0000 0.0000 0.0000 1.0000 0.0000 0.0000 0.0000 0.0000 0.0000 
38       38   (0)      6 :  0.0987 0.1220 0.3063 0.0024 0.1484 0.0432 0.0000 0.2789 0.0000 
39       39   (0)      6 :  0.1488 0.1383 0.1719 0.0215 0.3781 0.0256 0.0000 0.1147 0.0012 
40       40   (0)      6 :  0.3983 0.0362 0.1362 0.0391 0.2811 0.0280 0.0001 0.0614 0.0195 
41       41   (0)      6 :  0.0000 0.0000 0.0000 0.0000 0.0000 0.0000 0.0000 0.0000 1.0000 
42       42   (0)      6 :  0.1839 0.1112 0.1576 0.0351 0.1762 0.2444 0.0000 0.0853 0.0063 
43       43   (0)      6 :  0.0200 0.0471 0.1153 0.0140 0.0239 0.6572 0.0054 0.1167 0.0004 
44       44   (0)      6 :  0.0966 0.1385 0.1786 0.0129 0.2399 0.2036 0.0027 0.1027 0.0246 
45       45   (0)      6 :  0.1857 0.1772 0.2019 0.0100 0.0884 0.2440 0.0118 0.0809 0.0000 
46       46   (0)      6 :  0.0000 0.0000 0.0000 0.0000 0.0000 0.0000 1.0000 0.0000 0.0000 
47       47   (0)      6 :  0.1824 0.1685 0.1479 0.0200 0.0203 0.3281 0.0023 0.1288 0.0016 
48       48   (0)      6 :  0.2816 0.0562 0.1161 0.0796 0.1982 0.2193 0.0153 0.0337 0.0000 
49       49   (0)      6 :  0.0000 0.0000 0.0000 0.0000 0.0000 0.0000 0.0000 0.0000 1.0000 
50       50   (0)      6 :  0.2219 0.0921 0.1132 0.0333 0.4386 0.0912 0.0000 0.0097 0.0000 
51       51   (0)      6 :  0.0665 0.1227 0.2161 0.0548 0.2126 0.1234 0.0124 0.1307 0.0607 
52       52   (0)      6 :  0.0000 0.0000 0.0000 0.0000 0.0000 0.0000 1.0000 0.0000 0.0000 
53       53   (0)      6 :  0.0033 0.0316 0.1516 0.0276 0.4897 0.2759 0.0000 0.0203 0.0000 
54       54   (0)      6 :  0.1123 0.1081 0.2170 0.0200 0.4237 0.0246 0.0040 0.0904 0.0000 
55       55   (0)      6 :  0.2985 0.1563 0.0927 0.0796 0.0495 0.2561 0.0028 0.0645 0.0000 
56       56   (0)      6 :  0.1715 0.1431 0.2778 0.0683 0.0981 0.1088 0.0012 0.1233 0.0079 
57       57   (0)      6 :  0.0361 0.0946 0.0621 0.0222 0.7532 0.0268 0.0002 0.0048 0.0000 
58       58   (0)      7 :  0.2064 0.2992 0.2208 0.0018 0.1473 0.0504 0.0000 0.0740 0.0000 
59       59   (0)      7 :  0.2822 0.0675 0.0580 0.0290 0.0754 0.3609 0.0000 0.1269 0.0000 
60       60   (0)      7 :  0.1964 0.2132 0.2605 0.0063 0.0681 0.1900 0.0031 0.0614 0.0010 
61       61   (0)      7 :  0.1920 0.0452 0.0943 0.0419 0.1792 0.0268 0.0000 0.4205 0.0000 
62       62   (0)      7 :  0.0000 0.0000 0.0000 1.0000 0.0000 0.0000 0.0000 0.0000 0.0000 
63       63   (0)      7 :  0.0676 0.1450 0.1427 0.0038 0.1111 0.2581 0.0000 0.2647 0.0071 
64       64   (0)      8 :  0.1200 0.0090 0.1590 0.0798 0.3566 0.2274 0.0218 0.0220 0.0044 
65       65   (0)      8 :  0.2179 0.2228 0.2123 0.0240 0.0450 0.1055 0.0167 0.1536 0.0023 
66       66   (0)      9 :  0.1594 0.1149 0.3253 0.0218 0.2058 0.1117 0.0002 0.0608 0.0000 
67       67   (0)     10 :  0.0916 0.0531 0.1630 0.0790 0.0691 0.5007 0.0000 0.0365 0.0069 
68       68   (0)     10 :  0.1129 0.1700 0.1747 0.0122 0.1489 0.2902 0.0080 0.0831 0.0000 
69       69   (0)     10 :  0.1482 0.3310 0.1258 0.0577 0.2078 0.0688 0.0332 0.0274 0.0000 
70       70   (0)     10 :  0.2067 0.1919 0.1541 0.0769 0.1865 0.0921 0.0104 0.0814 0.0000 
71       71   (0)     10 :  0.1983 0.0104 0.1925 0.0110 0.3055 0.0928 0.0000 0.1895 0.0000 
72       72   (0)     10 :  0.1561 0.0349 0.2253 0.0175 0.3167 0.1543 0.0000 0.0938 0.0015 
73       73   (0)     10 :  0.0808 0.0871 0.1921 0.0241 0.2783 0.1521 0.0047 0.1710 0.0097 
74       74   (0)     10 :  0.0000 0.8736 0.0000 0.0000 0.0000 0.0200 0.0000 0.1064 0.0000 
75       75   (0)     10 :  0.1982 0.0840 0.1601 0.0647 0.3049 0.1385 0.0088 0.0408 0.0000 
76       76   (0)     10 :  0.0200 0.8532 0.0000 0.0000 0.0000 0.0261 0.0000 0.1000 0.0006 
