1        1   (0)      1  : 0.0000 0.9084 0.0000 0.0000 0.0000 0.0000 0.0000 0.0000 0.0000 0.0000 0.0000 0.0000 0.0916
2        2   (0)      2  : 0.0000 0.0000 0.0050 0.0000 0.0000 0.9112 0.0000 0.0000 0.0000 0.0190 0.0208 0.0000 0.0440
3        3   (0)      2  : 0.8055 0.0000 0.0000 0.0000 0.0000 0.0000 0.0000 0.0000 0.0368 0.0000 0.0000 0.1305 0.0272
4        4   (0)      3  : 0.0523 0.0000 0.0151 0.0002 0.0000 0.0031 0.0000 0.0000 0.7181 0.0016 0.0876 0.1006 0.0213
5        5   (0)      3  : 0.1045 0.0000 0.0010 0.0000 0.0000 0.0006 0.0008 0.0000 0.7370 0.0000 0.0263 0.1297 0.0000
6        6   (0)      3  : 0.2343 0.0000 0.0000 0.0000 0.0315 0.0000 0.0000 0.0000 0.4136 0.0032 0.0088 0.1792 0.1295
7        7   (0)      3  : 0.0000 0.0000 0.0159 0.7985 0.0000 0.1287 0.0000 0.0000 0.0000 0.0265 0.0108 0.0000 0.0197
8        8   (0)      3  : 0.0563 0.0000 0.0000 0.0000 0.0074 0.0158 0.0000 0.0000 0.6357 0.0000 0.0133 0.2468 0.0246
9        9   (0)      3  : 0.5197 0.0000 0.0000 0.0000 0.0000 0.0000 0.0002 0.0000 0.1518 0.0000 0.0073 0.2487 0.0724
10       10   (0)      4  : 0.2213 0.0000 0.0000 0.0000 0.0000 0.0023 0.0000 0.0000 0.3946 0.0029 0.0241 0.2780 0.0768
11       11   (0)      4  : 0.3073 0.0000 0.0000 0.0000 0.0000 0.0000 0.4808 0.0000 0.0213 0.0208 0.0000 0.1082 0.0617
12       12   (0)      4  : 0.6884 0.0000 0.0000 0.0000 0.0000 0.0000 0.0000 0.0000 0.1020 0.0000 0.0000 0.1203 0.0893
13       13   (0)      4  : 0.3333 0.0000 0.0000 0.0000 0.0000 0.0000 0.0003 0.0000 0.0073 0.0000 0.0000 0.5865 0.0727
14       14   (0)      5  : 0.0000 0.0000 0.6478 0.0000 0.0000 0.0000 0.0000 0.0000 0.0000 0.0000 0.3335 0.0000 0.0187
15       15   (0)      5  : 0.0000 0.0000 0.0000 1.0000 0.0000 0.0000 0.0000 0.0000 0.0000 0.0000 0.0000 0.0000 0.0000
16       16   (0)      5  : 0.0000 0.0000 0.0000 0.0000 0.0000 0.9583 0.0000 0.0000 0.0000 0.0417 0.0000 0.0000 0.0000
17       17   (0)      5  : 0.0000 0.0000 0.0000 0.0000 0.0000 0.0000 0.9583 0.0000 0.0417 0.0000 0.0000 0.0000 0.0000
18       18   (0)      5  : 0.2263 0.0000 0.0000 0.0000 0.0000 0.0000 0.0000 0.0000 0.0209 0.0000 0.0000 0.7303 0.0225
19       19   (0)      5  : 0.0000 0.0000 0.0000 0.0000 0.0000 0.0000 0.9688 0.0000 0.0312 0.0000 0.0000 0.0000 0.0000
20       20   (0)      5  : 0.6247 0.0000 0.0000 0.0000 0.0000 0.0000 0.0027 0.0000 0.0704 0.0000 0.0000 0.2649 0.0373
21       21   (0)      5  : 0.3504 0.0000 0.0000 0.0000 0.0000 0.0000 0.0000 0.0000 0.0035 0.0000 0.0000 0.6174 0.0287
22       22   (0)      5  : 0.0000 0.0000 0.0000 0.0000 0.0000 0.0000 0.9310 0.0000 0.0417 0.0000 0.0000 0.0000 0.0273
23       23   (0)      5  : 0.8424 0.0000 0.0000 0.0000 0.0000 0.0000 0.0128 0.0000 0.0413 0.0000 0.0000 0.0551 0.0483
24       24   (0)      5  : 0.0000 0.0000 0.0000 1.0000 0.0000 0.0000 0.0000 0.0000 0.0000 0.0000 0.0000 0.0000 0.0000
25       25   (0)      5  : 0.0000 0.0000 0.4763 0.0000 0.0000 0.0000 0.0000 0.0000 0.0044 0.0083 0.5109 0.0000 0.0000
26       26   (0)      5  : 0.3476 0.0000 0.0000 0.0000 0.0000 0.0000 0.0005 0.0000 0.1479 0.0000 0.0000 0.4533 0.0507
27       27   (0)      5  : 0.0000 0.0000 0.0000 1.0000 0.0000 0.0000 0.0000 0.0000 0.0000 0.0000 0.0000 0.0000 0.0000
28       28   (0)      5  : 0.0000 0.0000 0.0000 0.7067 0.0000 0.0077 0.0000 0.0168 0.0000 0.1980 0.0000 0.0000 0.0708
29       29   (0)      6  : 0.0000 0.9871 0.0000 0.0000 0.0000 0.0000 0.0000 0.0000 0.0000 0.0000 0.0000 0.0000 0.0129
30       30   (0)      6  : 0.0000 0.0000 0.0000 0.0000 0.8398 0.0037 0.0000 0.0000 0.0208 0.0304 0.0333 0.0000 0.0719
31       31   (0)      6  : 0.8273 0.0000 0.0000 0.0000 0.0000 0.0000 0.0000 0.0000 0.0901 0.0000 0.0000 0.0625 0.0201
32       32   (0)      6  : 0.2056 0.0000 0.0000 0.0000 0.0000 0.0006 0.1414 0.0000 0.4543 0.0072 0.0240 0.1338 0.0330
33       33   (0)      6  : 0.0000 0.0481 0.0000 0.0000 0.0000 0.0000 0.0000 0.9311 0.0000 0.0000 0.0000 0.0000 0.0208
34       34   (0)      6  : 0.0000 0.0000 0.8275 0.0000 0.0000 0.0000 0.0000 0.0000 0.0000 0.0000 0.1364 0.0000 0.0360
35       35   (0)      6  : 0.0000 1.0000 0.0000 0.0000 0.0000 0.0000 0.0000 0.0000 0.0000 0.0000 0.0000 0.0000 0.0000
36       36   (0)      6  : 0.0000 1.0000 0.0000 0.0000 0.0000 0.0000 0.0000 0.0000 0.0000 0.0000 0.0000 0.0000 0.0000
37       37   (0)      7  : 0.0000 0.0000 0.0000 0.0000 0.9268 0.0000 0.0000 0.0000 0.0000 0.0107 0.0208 0.0000 0.0417
38       38   (0)      7  : 0.0000 0.0000 0.0000 0.0000 0.0000 0.0000 0.9329 0.0000 0.0417 0.0000 0.0000 0.0000 0.0255
39       39   (0)      7  : 0.0000 0.0000 0.6275 0.0000 0.0000 0.0000 0.0000 0.0000 0.0000 0.0000 0.3725 0.0000 0.0000
40       40   (0)      7  : 0.0000 0.0000 0.8414 0.0000 0.0000 0.0000 0.0000 0.0000 0.0000 0.0000 0.1378 0.0000 0.0208
41       41   (0)      7  : 0.0000 0.0000 0.0000 0.0000 0.0000 0.0000 0.9583 0.0000 0.0208 0.0000 0.0000 0.0000 0.0208
42       42   (0)      7  : 0.0000 0.0000 0.8991 0.0000 0.0000 0.0000 0.0000 0.0000 0.0000 0.0000 0.0831 0.0000 0.0178
43       43   (0)      7  : 0.0000 0.0000 0.0000 0.0000 0.0000 0.0000 0.9583 0.0000 0.0208 0.0208 0.0000 0.0000 0.0000
44       44   (0)      7  : 0.0000 0.0000 0.0000 0.0000 0.0000 1.0000 0.0000 0.0000 0.0000 0.0000 0.0000 0.0000 0.0000
45       45   (0)      7  : 0.6761 0.0000 0.0000 0.0000 0.0000 0.0000 0.0000 0.0000 0.1544 0.0000 0.0000 0.1062 0.0634
46       46   (0)      7  : 0.0000 0.9631 0.0000 0.0000 0.0000 0.0000 0.0000 0.0014 0.0000 0.0000 0.0000 0.0000 0.0354
47       47   (0)      7  : 0.1619 0.0000 0.0000 0.0000 0.0000 0.0000 0.0000 0.0000 0.0208 0.0000 0.0000 0.7965 0.0208
48       48   (0)      7  : 0.0000 0.9436 0.0000 0.0000 0.0000 0.0000 0.0000 0.0190 0.0000 0.0092 0.0000 0.0000 0.0283
49       49   (0)      7  : 0.0000 0.0000 0.0000 0.0000 0.9583 0.0000 0.0000 0.0000 0.0208 0.0000 0.0000 0.0000 0.0208
50       50   (0)      7  : 0.0000 0.0000 0.0000 0.0000 0.0000 0.9751 0.0000 0.0000 0.0000 0.0208 0.0000 0.0041 0.0000
51       51   (0)      7  : 0.0000 0.0000 0.0000 0.0000 0.9379 0.0000 0.0000 0.0000 0.0000 0.0000 0.0208 0.0000 0.0413
52       52   (0)      7  : 0.0000 0.0000 0.0000 0.9583 0.0000 0.0000 0.0000 0.0000 0.0000 0.0208 0.0000 0.0000 0.0208
53       53   (0)      7  : 0.3449 0.0000 0.0000 0.0000 0.0000 0.0000 0.0000 0.0000 0.0323 0.0000 0.0000 0.5670 0.0558
54       54   (0)      7  : 0.3971 0.0000 0.0000 0.0000 0.0000 0.0000 0.0000 0.0000 0.0316 0.0000 0.0000 0.5410 0.0303
55       55   (0)      7  : 0.5271 0.0000 0.0000 0.0000 0.0000 0.0000 0.0193 0.0000 0.0444 0.0000 0.0000 0.3877 0.0216
56       56   (0)      7  : 0.5052 0.0000 0.0000 0.0000 0.0000 0.0000 0.0000 0.0000 0.1143 0.0000 0.0000 0.3022 0.0783
57       57   (0)      8  : 0.0000 0.0000 0.4961 0.0000 0.0000 0.0000 0.0000 0.0000 0.0208 0.0208 0.4345 0.0000 0.0278
58       58   (0)      8  : 0.0000 0.0000 0.0000 0.9882 0.0000 0.0000 0.0000 0.0000 0.0000 0.0118 0.0000 0.0000 0.0000
59       59   (0)      8  : 0.2398 0.0000 0.0000 0.0000 0.0000 0.0000 0.0004 0.0000 0.0000 0.0000 0.0000 0.7405 0.0193
60       60   (0)      8  : 0.0000 0.0000 0.5864 0.0000 0.0000 0.0000 0.0000 0.0000 0.0000 0.0000 0.4136 0.0000 0.0000
61       61   (0)      8  : 0.0000 0.0000 0.7191 0.0000 0.0000 0.0000 0.0000 0.0000 0.0000 0.0000 0.2617 0.0000 0.0192
62       62   (0)      8  : 0.0000 0.0000 0.0000 0.0000 0.8958 0.0000 0.0000 0.0000 0.0208 0.0417 0.0000 0.0000 0.0417
63       63   (0)      8  : 0.0000 0.0000 0.8375 0.0000 0.0000 0.0000 0.0000 0.0000 0.0000 0.0208 0.1209 0.0000 0.0208
64       64   (0)      8  : 0.1913 0.0000 0.0000 0.0000 0.0000 0.0000 0.0000 0.0000 0.2603 0.0000 0.0000 0.4872 0.0612
65       65   (0)      8  : 0.0000 0.8333 0.0000 0.0000 0.0000 0.0000 0.0000 0.0000 0.0000 0.0208 0.0000 0.0000 0.1458
66       66   (0)      8  : 0.3922 0.0000 0.0000 0.0000 0.0000 0.0000 0.0000 0.0000 0.1316 0.0000 0.0000 0.4540 0.0222
67       67   (0)      8  : 0.3260 0.0000 0.0000 0.0000 0.0000 0.0000 0.0000 0.0000 0.2719 0.0000 0.0000 0.3150 0.0871
68       68   (0)      8  : 0.3443 0.0000 0.0000 0.0000 0.0000 0.0000 0.0000 0.0000 0.0238 0.0000 0.0000 0.5985 0.0334
69       69   (0)      8  : 0.0000 0.9308 0.0000 0.0000 0.0000 0.0000 0.0000 0.0000 0.0000 0.0000 0.0000 0.0000 0.0692
70       70   (0)      8  : 0.0000 0.0000 0.6341 0.0000 0.0000 0.0000 0.0000 0.0000 0.0000 0.0000 0.3320 0.0000 0.0339
71       71   (0)      8  : 0.0000 0.8333 0.0000 0.0000 0.0000 0.0000 0.0000 0.0000 0.0000 0.0208 0.0000 0.0000 0.1458
72       72   (0)      8  : 0.0000 0.0000 0.0000 0.0000 0.9288 0.0000 0.0000 0.0000 0.0000 0.0000 0.0000 0.0000 0.0712
73       73   (0)      8  : 0.0226 0.0000 0.0000 0.0000 0.0000 0.0000 0.7068 0.0000 0.0252 0.0000 0.0000 0.1530 0.0924
74       74   (0)      8  : 0.4142 0.0000 0.0000 0.0000 0.0000 0.0000 0.0000 0.0000 0.1651 0.0000 0.0000 0.3399 0.0809
75       75   (0)      8  : 0.1800 0.0000 0.0000 0.0000 0.0000 0.0000 0.0000 0.0000 0.0208 0.0000 0.0000 0.7518 0.0474
76       76   (0)      8  : 0.0000 0.8048 0.0000 0.0000 0.0000 0.0000 0.0000 0.0494 0.0000 0.0110 0.0000 0.0000 0.1348
77       77   (0)      8  : 0.2954 0.0000 0.0000 0.0000 0.0000 0.0000 0.0018 0.0000 0.3006 0.0000 0.0000 0.3287 0.0735
78       78   (0)      9  : 0.0000 0.0000 0.5555 0.0000 0.0000 0.0000 0.0000 0.0000 0.0208 0.0000 0.3612 0.0000 0.0625
79       79   (0)      9  : 0.0000 0.0000 0.7123 0.0000 0.0000 0.0000 0.0000 0.0000 0.0000 0.0030 0.2847 0.0000 0.0000
80       80   (0)      9  : 0.0000 0.0000 0.0000 0.0000 0.9012 0.0000 0.0000 0.0000 0.0208 0.0000 0.0146 0.0000 0.0634
81       81   (0)      9  : 0.0000 0.0000 0.5464 0.0000 0.0000 0.0000 0.0000 0.0000 0.0208 0.0093 0.3931 0.0000 0.0304
82       82   (0)      9  : 0.0000 0.8698 0.0000 0.0000 0.0000 0.0000 0.0000 0.0000 0.0000 0.0113 0.0000 0.0000 0.1189
83       83   (0)      9  : 0.1784 0.0000 0.0000 0.0000 0.0000 0.0144 0.0019 0.0000 0.3642 0.0122 0.0208 0.3001 0.1080
84       84   (0)      9  : 0.0000 0.0000 0.0000 0.0062 0.0000 0.0701 0.0000 0.0904 0.0000 0.7917 0.0000 0.0000 0.0417
85       85   (0)      9  : 0.2846 0.0000 0.0000 0.0000 0.0000 0.0000 0.0000 0.0000 0.0489 0.0000 0.0000 0.6310 0.0355
86       86   (0)      9  : 0.4778 0.0000 0.0000 0.0000 0.0000 0.0000 0.0000 0.0000 0.0208 0.0000 0.0000 0.4528 0.0486
87       87   (0)      9  : 0.5062 0.0000 0.0000 0.0000 0.0000 0.0000 0.0000 0.0000 0.0131 0.0000 0.0000 0.4472 0.0335
88       88   (0)      9  : 0.0000 0.0000 0.9028 0.0000 0.0000 0.0000 0.0000 0.0000 0.0000 0.0000 0.0914 0.0000 0.0058
89       89   (0)      9  : 0.0000 0.0000 0.5845 0.0000 0.0000 0.0000 0.0000 0.0000 0.0000 0.0000 0.4082 0.0000 0.0073
90       90   (0)      9  : 0.5402 0.0000 0.0000 0.0000 0.0000 0.0000 0.2868 0.0000 0.0184 0.0000 0.0000 0.1114 0.0431
91       91   (0)      9  : 0.0000 0.0000 0.0000 0.0000 0.8675 0.0000 0.0000 0.0000 0.0283 0.0000 0.0208 0.0000 0.0833
92       92   (0)     10  : 0.0216 0.0000 0.1650 0.0000 0.0000 0.4822 0.0000 0.0000 0.0230 0.0199 0.1975 0.0000 0.0907
93       93   (0)     11  : 0.0223 0.0253 0.0000 0.0036 0.0000 0.7554 0.0000 0.0000 0.0000 0.0364 0.0208 0.0000 0.1363
94       94   (0)     11  : 0.0000 0.0000 0.0000 0.7958 0.0000 0.0000 0.0000 0.0095 0.0000 0.1247 0.0000 0.0000 0.0700
95       95   (0)     11  : 0.0000 0.0000 0.0000 0.0190 0.0000 0.0643 0.0000 0.0625 0.0000 0.8125 0.0000 0.0000 0.0417
96       96   (0)     12  : 0.0000 0.0000 0.0000 1.0000 0.0000 0.0000 0.0000 0.0000 0.0000 0.0000 0.0000 0.0000 0.0000
97       97   (0)     12  : 0.0000 0.0000 0.0000 0.9792 0.0000 0.0000 0.0000 0.0000 0.0000 0.0000 0.0000 0.0000 0.0208
98       98   (0)     12  : 0.0000 0.0000 0.0000 0.9956 0.0000 0.0000 0.0000 0.0000 0.0000 0.0000 0.0000 0.0000 0.0044
99       99   (0)     12  : 0.0000 0.0000 0.0000 0.9751 0.0000 0.0000 0.0000 0.0000 0.0000 0.0000 0.0000 0.0000 0.0249
100      100   (0)     12  : 0.0000 1.0000 0.0000 0.0000 0.0000 0.0000 0.0000 0.0000 0.0000 0.0000 0.0000 0.0000 0.0000
101      101   (0)     13  : 0.0000 0.8542 0.0000 0.0000 0.0000 0.0000 0.0000 0.0000 0.0000 0.0208 0.0000 0.0000 0.1250
102      102   (0)     13  : 0.0000 0.0000 0.0000 0.9737 0.0000 0.0000 0.0000 0.0000 0.0000 0.0208 0.0000 0.0000 0.0055
103      103   (0)     14  : 0.0000 0.0000 0.3559 0.0000 0.0086 0.0270 0.0000 0.0000 0.0208 0.0208 0.4879 0.0000 0.0790
104      104   (0)     14  : 0.0000 0.9344 0.0000 0.0000 0.0000 0.0000 0.0000 0.0000 0.0000 0.0000 0.0000 0.0000 0.0656
105      105   (0)     14  : 0.0000 0.6041 0.0000 0.0008 0.0064 0.1870 0.0000 0.0026 0.0011 0.0251 0.0188 0.0000 0.1540
106      106   (0)     14  : 0.0000 0.0590 0.0000 0.0000 0.0000 0.0000 0.0000 0.9410 0.0000 0.0000 0.0000 0.0000 0.0000
107      107   (0)     14  : 0.0000 0.0000 0.0000 0.0000 0.8497 0.0000 0.0000 0.0000 0.0208 0.0045 0.0208 0.0000 0.1042
108      108   (0)     15  : 0.0000 0.0000 0.0000 0.0000 0.0000 1.0000 0.0000 0.0000 0.0000 0.0000 0.0000 0.0000 0.0000
109      109   (0)     15  : 0.0000 0.5384 0.0000 0.0000 0.0000 0.0000 0.0000 0.4616 0.0000 0.0000 0.0000 0.0000 0.0000
110      110   (0)     15  : 0.0000 0.9942 0.0000 0.0000 0.0000 0.0000 0.0000 0.0000 0.0000 0.0000 0.0000 0.0000 0.0058
111      111   (0)     15  : 0.6136 0.0000 0.0000 0.0000 0.0000 0.0000 0.0000 0.0000 0.0587 0.0000 0.0000 0.2693 0.0585
112      112   (0)     15  : 0.0000 0.0000 0.2885 0.1228 0.0000 0.0496 0.0000 0.0000 0.0208 0.0484 0.3361 0.0000 0.1339
113      113   (0)     15  : 0.0000 0.9922 0.0000 0.0063 0.0000 0.0000 0.0000 0.0009 0.0000 0.0000 0.0000 0.0000 0.0006
114      114   (0)     15  : 0.0000 0.0528 0.0000 0.0035 0.0000 0.0000 0.0000 0.9436 0.0000 0.0000 0.0000 0.0000 0.0000
