1        1   (0)      1  : 0.0000 1.0000 0.0000 0.0000 0.0000 0.0000 0.0000 0.0000 0.0000 0.0000 0.0000 0.0000 0.0000 0.0000 0.0000 0.0000
2        2   (0)      2  : 0.0000 0.0000 0.0000 0.0000 0.0000 1.0000 0.0000 0.0000 0.0000 0.0000 0.0000 0.0000 0.0000 0.0000 0.0000 0.0000
3        3   (0)      2  : 0.8115 0.0000 0.0000 0.0000 0.0000 0.0000 0.0000 0.0000 0.0000 0.0000 0.0000 0.0579 0.0000 0.0306 0.0000 0.1000
4        4   (0)      3  : 0.0000 0.0000 0.0174 0.0000 0.0000 0.0000 0.0000 0.0000 0.4753 0.0000 0.0316 0.0000 0.0000 0.0000 0.1000 0.3757
5        5   (0)      3  : 0.0000 0.0000 0.0000 0.0000 0.0000 0.0000 0.0000 0.0000 0.4000 0.0000 0.0000 0.0249 0.0000 0.2000 0.0000 0.3751
6        6   (0)      3  : 0.0206 0.0000 0.0000 0.0000 0.0112 0.0000 0.0000 0.0000 0.8589 0.0000 0.0000 0.0633 0.0000 0.0000 0.0000 0.0461
7        7   (0)      3  : 0.0000 0.0000 0.0000 0.3614 0.0000 0.0325 0.0000 0.0000 0.0000 0.0039 0.1194 0.0000 0.4828 0.0000 0.0000 0.0000
8        8   (0)      3  : 0.0000 0.0000 0.0000 0.0000 0.0000 0.0000 0.0000 0.0000 0.5000 0.0000 0.0000 0.0000 0.0000 0.1000 0.0531 0.3469
9        9   (0)      3  : 0.3823 0.0000 0.0000 0.0000 0.0000 0.0000 0.0000 0.0000 0.2198 0.0000 0.0000 0.0000 0.0000 0.2656 0.0000 0.1323
10       10   (0)      4  : 0.0375 0.0000 0.0000 0.0000 0.0000 0.0000 0.0000 0.0000 0.7594 0.0000 0.0000 0.1000 0.0000 0.0031 0.0000 0.1000
11       11   (0)      4  : 0.2779 0.0000 0.0000 0.0000 0.0000 0.0000 0.4248 0.0000 0.0000 0.0000 0.0000 0.0453 0.0000 0.0315 0.1598 0.0608
12       12   (0)      4  : 0.6419 0.0000 0.0000 0.0000 0.0000 0.0000 0.0000 0.0000 0.0000 0.0000 0.0000 0.3321 0.0000 0.0260 0.0000 0.0000
13       13   (0)      4  : 0.4816 0.0000 0.0000 0.0000 0.0000 0.0000 0.0000 0.0000 0.1000 0.0000 0.0000 0.1000 0.0000 0.2000 0.0184 0.1000
14       14   (0)      5  : 0.0000 0.0000 0.7071 0.0000 0.0000 0.0000 0.0000 0.0000 0.0000 0.0000 0.1929 0.0000 0.0000 0.1000 0.0000 0.0000
15       15   (0)      5  : 0.0000 0.0000 0.0000 1.0000 0.0000 0.0000 0.0000 0.0000 0.0000 0.0000 0.0000 0.0000 0.0000 0.0000 0.0000 0.0000
16       16   (0)      5  : 0.0000 0.0000 0.0000 0.0000 0.0000 1.0000 0.0000 0.0000 0.0000 0.0000 0.0000 0.0000 0.0000 0.0000 0.0000 0.0000
17       17   (0)      5  : 0.0000 0.0000 0.0000 0.0000 0.0000 0.0000 0.8000 0.0000 0.0000 0.0000 0.0000 0.0000 0.0000 0.0000 0.2000 0.0000
18       18   (0)      5  : 0.0000 0.0000 0.0000 0.0000 0.0000 0.0000 0.0000 0.0000 0.0230 0.0000 0.0000 0.6335 0.0000 0.0000 0.0562 0.2872
19       19   (0)      5  : 0.0000 0.0000 0.0000 0.0000 0.0000 0.0000 0.6000 0.0000 0.0000 0.0000 0.0000 0.0000 0.0000 0.1000 0.3000 0.0000
20       20   (0)      5  : 0.7623 0.0000 0.0000 0.0000 0.0000 0.0000 0.0000 0.0000 0.0000 0.0000 0.0000 0.0000 0.0000 0.0000 0.0000 0.2377
21       21   (0)      5  : 0.2128 0.0000 0.0000 0.0000 0.0000 0.0000 0.0000 0.0000 0.0000 0.0000 0.0000 0.5390 0.0000 0.1895 0.0000 0.0587
22       22   (0)      5  : 0.0000 0.0000 0.0000 0.0000 0.0000 0.0000 0.9000 0.0000 0.0000 0.0000 0.0000 0.0000 0.0000 0.0000 0.1000 0.0000
23       23   (0)      5  : 0.7374 0.0000 0.0000 0.0000 0.0000 0.0000 0.0038 0.0000 0.0000 0.0000 0.0000 0.0000 0.0000 0.0022 0.0000 0.2566
24       24   (0)      5  : 0.0000 0.0000 0.0000 1.0000 0.0000 0.0000 0.0000 0.0000 0.0000 0.0000 0.0000 0.0000 0.0000 0.0000 0.0000 0.0000
25       25   (0)      5  : 0.0000 0.0000 0.6000 0.0000 0.0000 0.0000 0.0000 0.0000 0.0000 0.0000 0.4000 0.0000 0.0000 0.0000 0.0000 0.0000
26       26   (0)      5  : 0.0296 0.0000 0.0000 0.0000 0.0000 0.0000 0.0025 0.0000 0.2792 0.0000 0.0000 0.2056 0.0000 0.0217 0.0000 0.4614
27       27   (0)      5  : 0.0000 0.0000 0.0000 1.0000 0.0000 0.0000 0.0000 0.0000 0.0000 0.0000 0.0000 0.0000 0.0000 0.0000 0.0000 0.0000
28       28   (0)      5  : 0.0000 0.0000 0.0000 0.4455 0.0000 0.0000 0.0000 0.0000 0.0000 0.1076 0.0000 0.0000 0.4267 0.0202 0.0000 0.0000
29       29   (0)      6  : 0.0000 1.0000 0.0000 0.0000 0.0000 0.0000 0.0000 0.0000 0.0000 0.0000 0.0000 0.0000 0.0000 0.0000 0.0000 0.0000
30       30   (0)      6  : 0.0000 0.0000 0.0000 0.0000 0.7784 0.0000 0.0000 0.0000 0.0000 0.0000 0.1216 0.0000 0.0000 0.0000 0.1000 0.0000
31       31   (0)      6  : 0.9000 0.0000 0.0000 0.0000 0.0000 0.0000 0.0000 0.0000 0.1000 0.0000 0.0000 0.0000 0.0000 0.0000 0.0000 0.0000
32       32   (0)      6  : 0.0857 0.0000 0.0000 0.0000 0.0000 0.0000 0.0931 0.0000 0.4757 0.0000 0.0000 0.0000 0.0036 0.1179 0.0613 0.1627
33       33   (0)      6  : 0.0000 0.0000 0.0000 0.0000 0.0000 0.0000 0.0000 0.8000 0.0000 0.0000 0.0000 0.0000 0.0000 0.0000 0.2000 0.0000
34       34   (0)      6  : 0.0000 0.0000 0.8330 0.0000 0.0000 0.0000 0.0000 0.0000 0.0000 0.0000 0.1563 0.0000 0.0000 0.0108 0.0000 0.0000
35       35   (0)      6  : 0.0000 1.0000 0.0000 0.0000 0.0000 0.0000 0.0000 0.0000 0.0000 0.0000 0.0000 0.0000 0.0000 0.0000 0.0000 0.0000
36       36   (0)      6  : 0.0000 1.0000 0.0000 0.0000 0.0000 0.0000 0.0000 0.0000 0.0000 0.0000 0.0000 0.0000 0.0000 0.0000 0.0000 0.0000
37       37   (0)      7  : 0.0000 0.0000 0.0000 0.0000 1.0000 0.0000 0.0000 0.0000 0.0000 0.0000 0.0000 0.0000 0.0000 0.0000 0.0000 0.0000
38       38   (0)      7  : 0.0000 0.0000 0.0000 0.0000 0.0000 0.0000 0.9586 0.0000 0.0000 0.0000 0.0000 0.0000 0.0000 0.0414 0.0000 0.0000
39       39   (0)      7  : 0.0000 0.0000 0.7502 0.0000 0.0000 0.0000 0.0000 0.0000 0.0000 0.0000 0.2498 0.0000 0.0000 0.0000 0.0000 0.0000
40       40   (0)      7  : 0.0000 0.0000 0.8504 0.0000 0.0000 0.0000 0.0000 0.0000 0.0000 0.0000 0.1496 0.0000 0.0000 0.0000 0.0000 0.0000
41       41   (0)      7  : 0.0000 0.0000 0.0000 0.0000 0.0000 0.0000 0.7429 0.0000 0.0000 0.0000 0.0000 0.0000 0.0000 0.1000 0.1571 0.0000
42       42   (0)      7  : 0.0000 0.0000 0.9000 0.0000 0.0000 0.0000 0.0000 0.0000 0.0000 0.0000 0.0000 0.0000 0.0000 0.1000 0.0000 0.0000
43       43   (0)      7  : 0.0000 0.0000 0.0000 0.0000 0.0000 0.0000 0.8000 0.0000 0.0000 0.0000 0.0000 0.0000 0.0000 0.0000 0.2000 0.0000
44       44   (0)      7  : 0.0000 0.0000 0.0000 0.0000 0.0000 1.0000 0.0000 0.0000 0.0000 0.0000 0.0000 0.0000 0.0000 0.0000 0.0000 0.0000
45       45   (0)      7  : 0.3860 0.0000 0.0000 0.0000 0.0000 0.0000 0.0000 0.0000 0.0000 0.0000 0.0000 0.4140 0.0000 0.0000 0.0000 0.2000
46       46   (0)      7  : 0.0000 0.9834 0.0000 0.0000 0.0000 0.0000 0.0000 0.0166 0.0000 0.0000 0.0000 0.0000 0.0000 0.0000 0.0000 0.0000
47       47   (0)      7  : 0.0000 0.0000 0.0000 0.0000 0.0000 0.0000 0.0000 0.0000 0.0000 0.0000 0.0000 0.9000 0.0000 0.1000 0.0000 0.0000
48       48   (0)      7  : 0.0000 0.9598 0.0000 0.0000 0.0000 0.0000 0.0000 0.0093 0.0000 0.0154 0.0000 0.0000 0.0155 0.0000 0.0000 0.0000
49       49   (0)      7  : 0.0000 0.0000 0.0000 0.0000 0.9000 0.0000 0.0000 0.0000 0.0000 0.0000 0.0000 0.0000 0.0000 0.1000 0.0000 0.0000
50       50   (0)      7  : 0.0000 0.0000 0.0000 0.0000 0.0000 1.0000 0.0000 0.0000 0.0000 0.0000 0.0000 0.0000 0.0000 0.0000 0.0000 0.0000
51       51   (0)      7  : 0.0000 0.0000 0.0000 0.0000 0.9000 0.0000 0.0000 0.0000 0.0000 0.0000 0.0000 0.0000 0.0000 0.1000 0.0000 0.0000
52       52   (0)      7  : 0.0000 0.0000 0.0000 0.7839 0.0000 0.0000 0.0000 0.0000 0.0000 0.0000 0.0419 0.0000 0.1742 0.0000 0.0000 0.0000
53       53   (0)      7  : 0.3596 0.0000 0.0000 0.0000 0.0000 0.0000 0.0000 0.0000 0.0322 0.0000 0.0000 0.3237 0.0000 0.2348 0.0000 0.0496
54       54   (0)      7  : 0.1636 0.0000 0.0000 0.0000 0.0000 0.0000 0.0000 0.0000 0.0000 0.0000 0.0000 0.3364 0.0000 0.1000 0.0000 0.4000
55       55   (0)      7  : 0.2790 0.0000 0.0000 0.0000 0.0000 0.0000 0.0041 0.0000 0.0352 0.0000 0.0000 0.3202 0.0000 0.3588 0.0026 0.0000
56       56   (0)      7  : 0.5126 0.0000 0.0000 0.0000 0.0000 0.0000 0.0000 0.0000 0.1000 0.0000 0.0000 0.0795 0.0000 0.1580 0.0000 0.1499
57       57   (0)      8  : 0.0000 0.0000 0.7000 0.0000 0.0000 0.0000 0.0000 0.0000 0.0000 0.1000 0.2000 0.0000 0.0000 0.0000 0.0000 0.0000
58       58   (0)      8  : 0.0000 0.0000 0.0000 0.8300 0.0000 0.0000 0.0000 0.0000 0.0000 0.0000 0.0490 0.0000 0.1209 0.0000 0.0000 0.0000
59       59   (0)      8  : 0.1895 0.0000 0.0000 0.0000 0.0000 0.0000 0.0000 0.0000 0.0000 0.0000 0.0000 0.4622 0.0000 0.3289 0.0000 0.0194
60       60   (0)      8  : 0.0000 0.0000 0.6000 0.0000 0.0000 0.0000 0.0000 0.0000 0.0000 0.0000 0.4000 0.0000 0.0000 0.0000 0.0000 0.0000
61       61   (0)      8  : 0.0000 0.0000 0.7000 0.0000 0.0000 0.0000 0.0000 0.0000 0.0000 0.1000 0.2000 0.0000 0.0000 0.0000 0.0000 0.0000
62       62   (0)      8  : 0.0000 0.0000 0.0000 0.0000 0.9000 0.0000 0.0000 0.0000 0.0000 0.0000 0.0000 0.0000 0.0000 0.1000 0.0000 0.0000
63       63   (0)      8  : 0.0000 0.0000 0.7603 0.0000 0.0000 0.0000 0.0000 0.0000 0.0000 0.0000 0.2397 0.0000 0.0000 0.0000 0.0000 0.0000
64       64   (0)      8  : 0.2822 0.0000 0.0000 0.0000 0.0000 0.0000 0.0000 0.0000 0.1980 0.0000 0.0000 0.0001 0.0000 0.1000 0.0000 0.4197
65       65   (0)      8  : 0.0000 1.0000 0.0000 0.0000 0.0000 0.0000 0.0000 0.0000 0.0000 0.0000 0.0000 0.0000 0.0000 0.0000 0.0000 0.0000
66       66   (0)      8  : 0.2225 0.0000 0.0000 0.0000 0.0000 0.0000 0.0000 0.0000 0.1000 0.0000 0.0000 0.2543 0.0000 0.0000 0.0000 0.4232
67       67   (0)      8  : 0.4065 0.0000 0.0000 0.0000 0.0000 0.0000 0.0000 0.0000 0.4143 0.0000 0.0000 0.0459 0.0000 0.0000 0.0000 0.1332
68       68   (0)      8  : 0.2394 0.0000 0.0000 0.0000 0.0000 0.0000 0.0000 0.0000 0.0000 0.0000 0.0000 0.2606 0.0000 0.2000 0.1000 0.2000
69       69   (0)      8  : 0.0000 1.0000 0.0000 0.0000 0.0000 0.0000 0.0000 0.0000 0.0000 0.0000 0.0000 0.0000 0.0000 0.0000 0.0000 0.0000
70       70   (0)      8  : 0.0000 0.0000 0.7422 0.0000 0.0000 0.0000 0.0000 0.0000 0.0000 0.0000 0.1578 0.0000 0.0000 0.0000 0.1000 0.0000
71       71   (0)      8  : 0.0000 1.0000 0.0000 0.0000 0.0000 0.0000 0.0000 0.0000 0.0000 0.0000 0.0000 0.0000 0.0000 0.0000 0.0000 0.0000
72       72   (0)      8  : 0.0000 0.0000 0.0000 0.0000 0.9000 0.0000 0.0000 0.0000 0.0000 0.0000 0.0000 0.0000 0.0000 0.0000 0.1000 0.0000
73       73   (0)      8  : 0.0000 0.0000 0.0000 0.0000 0.0000 0.0000 0.7903 0.0000 0.0233 0.0000 0.0000 0.0223 0.0000 0.0000 0.1182 0.0459
74       74   (0)      8  : 0.1000 0.0000 0.0000 0.0000 0.0000 0.0000 0.0000 0.0000 0.0000 0.0000 0.0000 0.8446 0.0000 0.0000 0.0000 0.0554
75       75   (0)      8  : 0.0529 0.0000 0.0000 0.0000 0.0000 0.0000 0.0000 0.0000 0.2000 0.0000 0.0000 0.3318 0.0000 0.2578 0.1000 0.0575
76       76   (0)      8  : 0.0000 0.9299 0.0000 0.0000 0.0000 0.0000 0.0000 0.0512 0.0000 0.0000 0.0000 0.0000 0.0000 0.0000 0.0189 0.0000
77       77   (0)      8  : 0.0725 0.0000 0.0000 0.0000 0.0000 0.0000 0.0000 0.0000 0.0275 0.0000 0.0000 0.8000 0.0000 0.1000 0.0000 0.0000
78       78   (0)      9  : 0.0000 0.0000 0.9473 0.0000 0.0000 0.0000 0.0000 0.0000 0.0000 0.0000 0.0527 0.0000 0.0000 0.0000 0.0000 0.0000
79       79   (0)      9  : 0.0000 0.0000 0.7360 0.0000 0.0000 0.0000 0.0000 0.0000 0.0000 0.0396 0.2244 0.0000 0.0000 0.0000 0.0000 0.0000
80       80   (0)      9  : 0.0000 0.0000 0.0000 0.0000 0.9717 0.0000 0.0000 0.0000 0.0000 0.0000 0.0000 0.0000 0.0000 0.0000 0.0283 0.0000
81       81   (0)      9  : 0.0000 0.0000 0.7254 0.0000 0.0000 0.0000 0.0000 0.0000 0.0000 0.0000 0.2746 0.0000 0.0000 0.0000 0.0000 0.0000
82       82   (0)      9  : 0.0000 1.0000 0.0000 0.0000 0.0000 0.0000 0.0000 0.0000 0.0000 0.0000 0.0000 0.0000 0.0000 0.0000 0.0000 0.0000
83       83   (0)      9  : 0.0322 0.0000 0.0000 0.0000 0.0000 0.0000 0.0000 0.0000 0.7037 0.0000 0.0000 0.2364 0.0000 0.0000 0.0146 0.0131
84       84   (0)      9  : 0.0000 0.0000 0.0000 0.0000 0.0000 0.0000 0.0000 0.0000 0.0000 0.6000 0.0000 0.0000 0.4000 0.0000 0.0000 0.0000
85       85   (0)      9  : 0.2607 0.0000 0.0000 0.0000 0.0000 0.0000 0.0000 0.0000 0.1000 0.0000 0.0000 0.3317 0.0000 0.2076 0.0000 0.1000
86       86   (0)      9  : 0.5563 0.0000 0.0000 0.0000 0.0000 0.0000 0.0000 0.0000 0.0585 0.0000 0.0000 0.0313 0.0000 0.3000 0.0000 0.0539
87       87   (0)      9  : 0.4286 0.0000 0.0000 0.0000 0.0000 0.0000 0.0000 0.0000 0.0000 0.0000 0.0000 0.0643 0.0000 0.2486 0.0000 0.2585
88       88   (0)      9  : 0.0000 0.0000 0.8891 0.0000 0.0000 0.0000 0.0000 0.0000 0.0000 0.0109 0.1000 0.0000 0.0000 0.0000 0.0000 0.0000
89       89   (0)      9  : 0.0000 0.0000 0.7739 0.0000 0.0000 0.0000 0.0000 0.0000 0.0000 0.0000 0.2178 0.0000 0.0000 0.0083 0.0000 0.0000
90       90   (0)      9  : 0.6374 0.0000 0.0000 0.0000 0.0000 0.0000 0.3017 0.0000 0.0000 0.0000 0.0000 0.0000 0.0000 0.0000 0.0215 0.0394
91       91   (0)      9  : 0.0000 0.0000 0.0000 0.0000 0.8000 0.0000 0.0000 0.0000 0.0000 0.0000 0.0000 0.0000 0.0000 0.1000 0.1000 0.0000
92       92   (0)     10  : 0.0180 0.0000 0.2219 0.0000 0.0000 0.4904 0.0000 0.0000 0.0000 0.0000 0.1101 0.0000 0.0000 0.0508 0.1000 0.0089
93       93   (0)     11  : 0.0000 0.0000 0.0000 0.0000 0.0000 0.7000 0.0000 0.0000 0.0000 0.0000 0.0000 0.0000 0.2000 0.1000 0.0000 0.0000
94       94   (0)     11  : 0.0000 0.0000 0.0000 0.4862 0.0000 0.0000 0.0000 0.0000 0.0000 0.0768 0.0000 0.0000 0.4206 0.0163 0.0000 0.0000
95       95   (0)     11  : 0.0000 0.0000 0.0000 0.0000 0.0000 0.0000 0.0000 0.0000 0.0000 0.8000 0.0000 0.0000 0.1000 0.1000 0.0000 0.0000
96       96   (0)     12  : 0.0000 0.0000 0.0000 1.0000 0.0000 0.0000 0.0000 0.0000 0.0000 0.0000 0.0000 0.0000 0.0000 0.0000 0.0000 0.0000
97       97   (0)     12  : 0.0000 0.0000 0.0000 1.0000 0.0000 0.0000 0.0000 0.0000 0.0000 0.0000 0.0000 0.0000 0.0000 0.0000 0.0000 0.0000
98       98   (0)     12  : 0.0000 0.0000 0.0000 1.0000 0.0000 0.0000 0.0000 0.0000 0.0000 0.0000 0.0000 0.0000 0.0000 0.0000 0.0000 0.0000
99       99   (0)     12  : 0.0000 0.0000 0.0000 0.9928 0.0000 0.0000 0.0000 0.0000 0.0000 0.0000 0.0000 0.0000 0.0072 0.0000 0.0000 0.0000
100      100   (0)     12  : 0.0000 1.0000 0.0000 0.0000 0.0000 0.0000 0.0000 0.0000 0.0000 0.0000 0.0000 0.0000 0.0000 0.0000 0.0000 0.0000
101      101   (0)     13  : 0.0000 0.9676 0.0000 0.0000 0.0000 0.0000 0.0000 0.0000 0.0000 0.0000 0.0000 0.0000 0.0000 0.0000 0.0324 0.0000
102      102   (0)     13  : 0.0000 0.0000 0.0000 0.5926 0.0000 0.0000 0.0000 0.0000 0.0000 0.0000 0.1000 0.0000 0.3074 0.0000 0.0000 0.0000
103      103   (0)     14  : 0.0000 0.0000 0.4661 0.0000 0.0021 0.0163 0.0000 0.0000 0.0000 0.0000 0.4852 0.0000 0.0000 0.0064 0.0238 0.0000
104      104   (0)     14  : 0.0000 1.0000 0.0000 0.0000 0.0000 0.0000 0.0000 0.0000 0.0000 0.0000 0.0000 0.0000 0.0000 0.0000 0.0000 0.0000
105      105   (0)     14  : 0.0000 0.7010 0.0000 0.0000 0.0000 0.1425 0.0000 0.0020 0.0000 0.0000 0.0424 0.0000 0.0000 0.0000 0.1120 0.0000
106      106   (0)     14  : 0.0000 0.0000 0.0000 0.0000 0.0000 0.0000 0.0000 1.0000 0.0000 0.0000 0.0000 0.0000 0.0000 0.0000 0.0000 0.0000
107      107   (0)     14  : 0.0000 0.0000 0.0000 0.0000 0.9000 0.0000 0.0000 0.0000 0.0000 0.0000 0.0000 0.0000 0.0000 0.0000 0.1000 0.0000
108      108   (0)     15  : 0.0000 0.0000 0.0000 0.0000 0.0000 1.0000 0.0000 0.0000 0.0000 0.0000 0.0000 0.0000 0.0000 0.0000 0.0000 0.0000
109      109   (0)     15  : 0.0000 0.4518 0.0000 0.0000 0.0000 0.0000 0.0000 0.5482 0.0000 0.0000 0.0000 0.0000 0.0000 0.0000 0.0000 0.0000
110      110   (0)     15  : 0.0000 1.0000 0.0000 0.0000 0.0000 0.0000 0.0000 0.0000 0.0000 0.0000 0.0000 0.0000 0.0000 0.0000 0.0000 0.0000
111      111   (0)     15  : 0.5676 0.0000 0.0000 0.0000 0.0000 0.0000 0.0000 0.0000 0.0000 0.0000 0.0000 0.0324 0.0000 0.0000 0.1000 0.3000
112      112   (0)     15  : 0.0000 0.0000 0.3279 0.0495 0.0000 0.0238 0.0000 0.0000 0.0000 0.0000 0.4644 0.0000 0.1344 0.0000 0.0000 0.0000
113      113   (0)     15  : 0.0000 0.9501 0.0000 0.0118 0.0000 0.0000 0.0000 0.0123 0.0000 0.0131 0.0000 0.0000 0.0127 0.0000 0.0000 0.0000
114      114   (0)     15  : 0.0000 0.0000 0.0000 0.0000 0.0000 0.0000 0.0000 1.0000 0.0000 0.0000 0.0000 0.0000 0.0000 0.0000 0.0000 0.0000
