  1        1   (0)      1 :  0.0000 0.0000 0.0000 0.0000 0.0000 0.0000 0.0000 0.0000 0.0001 0.0214 0.0000 0.0045 0.0000 0.0000 0.0000 0.0000 0.3358 0.6382 0.0000 
  2        2   (0)      2 :  0.1200 0.0000 0.0000 0.0000 0.0000 0.0000 0.0400 0.0000 0.0200 0.0000 0.0000 0.0000 0.0000 0.0200 0.0000 0.0000 0.0200 0.0000 0.7800 
  3        3   (0)      2 :  0.0000 0.0000 0.0200 0.4008 0.0000 0.0000 0.0479 0.0962 0.0003 0.0126 0.3929 0.0000 0.0000 0.0294 0.0000 0.0000 0.0000 0.0000 0.0000 
  4        4   (0)      3 :  0.0687 0.0000 0.5675 0.0451 0.0000 0.0000 0.0462 0.0263 0.0000 0.1026 0.0656 0.0000 0.0000 0.0617 0.0000 0.0162 0.0000 0.0000 0.0000 
  5        5   (0)      3 :  0.0057 0.0000 0.5494 0.1149 0.0000 0.0000 0.0009 0.0335 0.0324 0.0961 0.0859 0.0200 0.0000 0.0600 0.0000 0.0012 0.0000 0.0000 0.0000 
  6        6   (0)      3 :  0.0025 0.0000 0.4161 0.0912 0.0152 0.0000 0.0200 0.0810 0.0561 0.0678 0.1508 0.0115 0.0000 0.0679 0.0000 0.0000 0.0200 0.0000 0.0000 
  7        7   (0)      3 :  0.0281 0.6341 0.0000 0.0000 0.0000 0.0082 0.0020 0.0000 0.0375 0.0400 0.0000 0.0839 0.0000 0.0000 0.0000 0.0033 0.0690 0.0000 0.0939 
  8        8   (0)      3 :  0.0334 0.0000 0.4828 0.1045 0.0002 0.0000 0.0401 0.1080 0.0267 0.0681 0.0426 0.0049 0.0000 0.0875 0.0000 0.0000 0.0000 0.0000 0.0011 
  9        9   (0)      3 :  0.0000 0.0000 0.2427 0.4720 0.0000 0.0000 0.0171 0.0391 0.0138 0.0508 0.1430 0.0000 0.0000 0.0207 0.0007 0.0000 0.0000 0.0000 0.0000 
 10       10   (0)      4 :  0.0019 0.0000 0.5318 0.0963 0.0000 0.0006 0.0200 0.0573 0.0200 0.0559 0.1993 0.0000 0.0000 0.0170 0.0000 0.0000 0.0000 0.0000 0.0000 
 11       11   (0)      4 :  0.0200 0.0000 0.0456 0.1215 0.0000 0.0000 0.0000 0.0342 0.0291 0.1356 0.1216 0.0037 0.0000 0.0973 0.3815 0.0000 0.0099 0.0000 0.0000 
 12       12   (0)      4 :  0.0000 0.0000 0.0703 0.1813 0.0000 0.0000 0.0000 0.1200 0.0050 0.0366 0.5181 0.0000 0.0000 0.0583 0.0000 0.0000 0.0102 0.0000 0.0000 
 13       13   (0)      4 :  0.0000 0.0000 0.1020 0.2304 0.0000 0.0000 0.0000 0.2094 0.0000 0.1010 0.1163 0.0000 0.0000 0.2202 0.0007 0.0000 0.0200 0.0000 0.0000 
 14       14   (0)      5 :  0.1031 0.0000 0.0000 0.0000 0.0000 0.0000 0.3677 0.0000 0.0687 0.0400 0.0000 0.0000 0.0000 0.0000 0.0000 0.4181 0.0024 0.0000 0.0000 
 15       15   (0)      5 :  0.0000 0.9600 0.0000 0.0000 0.0000 0.0000 0.0000 0.0000 0.0000 0.0200 0.0000 0.0000 0.0000 0.0000 0.0000 0.0000 0.0200 0.0000 0.0000 
 16       16   (0)      5 :  0.0400 0.0000 0.0000 0.0000 0.0000 0.0000 0.0000 0.0000 0.0200 0.0000 0.0000 0.0000 0.0000 0.0000 0.0000 0.0000 0.0200 0.0000 0.9200 
 17       17   (0)      5 :  0.0000 0.0000 0.0000 0.0000 0.0000 0.0000 0.0000 0.0000 0.0000 0.0000 0.0000 0.0000 0.0000 0.2110 0.7890 0.0000 0.0000 0.0000 0.0000 
 18       18   (0)      5 :  0.0000 0.0000 0.0163 0.0578 0.0000 0.0000 0.0000 0.6528 0.0000 0.0683 0.0354 0.0000 0.0000 0.1564 0.0000 0.0000 0.0131 0.0000 0.0000 
 19       19   (0)      5 :  0.0000 0.0000 0.0000 0.0000 0.0000 0.0000 0.0000 0.0000 0.0000 0.0000 0.0000 0.0000 0.0000 0.1122 0.8878 0.0000 0.0000 0.0000 0.0000 
 20       20   (0)      5 :  0.0000 0.0000 0.0394 0.4770 0.0000 0.0000 0.0400 0.0552 0.0037 0.0335 0.2771 0.0000 0.0000 0.0740 0.0000 0.0000 0.0000 0.0000 0.0000 
 21       21   (0)      5 :  0.0000 0.0000 0.0474 0.1527 0.0000 0.0000 0.0000 0.5678 0.0159 0.0084 0.1221 0.0000 0.0000 0.0858 0.0000 0.0000 0.0000 0.0000 0.0000 
 22       22   (0)      5 :  0.0000 0.0000 0.0000 0.0000 0.0000 0.0000 0.0000 0.0000 0.0000 0.0000 0.0000 0.0000 0.0000 0.1747 0.8253 0.0000 0.0000 0.0000 0.0000 
 23       23   (0)      5 :  0.0000 0.0000 0.0243 0.3638 0.0000 0.0000 0.0073 0.0200 0.0000 0.0275 0.4660 0.0000 0.0000 0.0877 0.0035 0.0000 0.0000 0.0000 0.0000 
 24       24   (0)      5 :  0.0000 0.9800 0.0000 0.0000 0.0000 0.0000 0.0000 0.0000 0.0000 0.0000 0.0000 0.0000 0.0000 0.0000 0.0000 0.0000 0.0200 0.0000 0.0000 
 25       25   (0)      5 :  0.1738 0.0000 0.0000 0.0000 0.0000 0.0000 0.4018 0.0000 0.0540 0.0400 0.0000 0.0200 0.0000 0.0000 0.0000 0.3013 0.0091 0.0000 0.0000 
 26       26   (0)      5 :  0.0000 0.0000 0.1141 0.2062 0.0000 0.0000 0.0123 0.4553 0.0000 0.0739 0.0203 0.0000 0.0000 0.1178 0.0000 0.0000 0.0000 0.0000 0.0000 
 27       27   (0)      5 :  0.0000 0.9800 0.0000 0.0000 0.0000 0.0000 0.0000 0.0000 0.0000 0.0200 0.0000 0.0000 0.0000 0.0000 0.0000 0.0000 0.0000 0.0000 0.0000 
 28       28   (0)      5 :  0.0200 0.3319 0.0000 0.0000 0.0000 0.1363 0.0000 0.0000 0.0000 0.0000 0.0000 0.4966 0.0000 0.0000 0.0000 0.0000 0.0152 0.0000 0.0000 
 29       29   (0)      6 :  0.0000 0.0000 0.0000 0.0000 0.0000 0.0000 0.0000 0.0000 0.0000 0.0600 0.0000 0.0000 0.0000 0.0000 0.0000 0.0000 0.2188 0.7212 0.0000 
 30       30   (0)      6 :  0.0694 0.0000 0.0000 0.0000 0.6217 0.0035 0.0000 0.0000 0.1622 0.0200 0.0000 0.1200 0.0000 0.0000 0.0000 0.0000 0.0000 0.0000 0.0032 
 31       31   (0)      6 :  0.0000 0.0000 0.0200 0.0336 0.0000 0.0000 0.0000 0.0111 0.0000 0.0000 0.9298 0.0055 0.0000 0.0000 0.0000 0.0000 0.0000 0.0000 0.0000 
 32       32   (0)      6 :  0.0019 0.0000 0.3868 0.0486 0.0000 0.0006 0.0200 0.0292 0.0000 0.0436 0.3415 0.0117 0.0000 0.0340 0.0821 0.0000 0.0000 0.0000 0.0000 
 33       33   (0)      6 :  0.0000 0.0000 0.0000 0.0000 0.0000 0.0000 0.0000 0.0000 0.0000 0.0600 0.0000 0.0200 0.9200 0.0000 0.0000 0.0000 0.0000 0.0000 0.0000 
 34       34   (0)      6 :  0.0200 0.0000 0.0000 0.0000 0.0000 0.0000 0.1960 0.0000 0.0075 0.0330 0.0000 0.0000 0.0000 0.0000 0.0000 0.7435 0.0000 0.0000 0.0000 
 35       35   (0)      6 :  0.0000 0.0000 0.0000 0.0000 0.0000 0.0000 0.0000 0.0000 0.0000 0.0000 0.0000 0.0000 0.0000 0.0000 0.0000 0.0000 0.0400 0.9600 0.0000 
 36       36   (0)      6 :  0.0000 0.0000 0.0000 0.0000 0.0000 0.0000 0.0000 0.0000 0.0000 0.0026 0.0000 0.0000 0.0000 0.0000 0.0000 0.0000 0.0000 0.9974 0.0000 
 37       37   (0)      7 :  0.0000 0.0000 0.0200 0.0000 0.7393 0.0000 0.0000 0.0000 0.2304 0.0000 0.0000 0.0000 0.0000 0.0103 0.0000 0.0000 0.0000 0.0000 0.0000 
 38       38   (0)      7 :  0.0000 0.0000 0.0000 0.0000 0.0000 0.0000 0.0000 0.0000 0.0000 0.0000 0.0000 0.0200 0.0000 0.1400 0.8400 0.0000 0.0000 0.0000 0.0000 
 39       39   (0)      7 :  0.0847 0.0000 0.0000 0.0000 0.0000 0.0000 0.4249 0.0000 0.0000 0.0400 0.0000 0.0000 0.0000 0.0000 0.0000 0.4504 0.0000 0.0000 0.0000 
 40       40   (0)      7 :  0.0400 0.0000 0.0000 0.0000 0.0000 0.0000 0.2302 0.0000 0.0200 0.0324 0.0000 0.0000 0.0000 0.0000 0.0000 0.6774 0.0000 0.0000 0.0000 
 41       41   (0)      7 :  0.0000 0.0000 0.0000 0.0000 0.0000 0.0000 0.0000 0.0000 0.0045 0.0200 0.0000 0.0200 0.0000 0.0690 0.8865 0.0000 0.0000 0.0000 0.0000 
 42       42   (0)      7 :  0.0000 0.0000 0.0000 0.0000 0.0000 0.0000 0.1422 0.0000 0.0200 0.0488 0.0000 0.0000 0.0000 0.0000 0.0000 0.7890 0.0000 0.0000 0.0000 
 43       43   (0)      7 :  0.0000 0.0000 0.0000 0.0000 0.0000 0.0000 0.0000 0.0000 0.0000 0.0250 0.0000 0.0000 0.0000 0.1000 0.8750 0.0000 0.0000 0.0000 0.0000 
 44       44   (0)      7 :  0.0000 0.0000 0.0000 0.0000 0.0000 0.0000 0.0000 0.0000 0.0600 0.0000 0.0000 0.0200 0.0000 0.0000 0.0000 0.0000 0.0000 0.0000 0.9200 
 45       45   (0)      7 :  0.0000 0.0000 0.0800 0.0789 0.0000 0.0000 0.0000 0.0600 0.0400 0.1000 0.5611 0.0000 0.0000 0.0600 0.0000 0.0000 0.0200 0.0000 0.0000 
 46       46   (0)      7 :  0.0000 0.0000 0.0000 0.0000 0.0000 0.0000 0.0000 0.0000 0.0000 0.0370 0.0000 0.0000 0.0068 0.0000 0.0000 0.0000 0.1477 0.8084 0.0000 
 47       47   (0)      7 :  0.0000 0.0000 0.0600 0.0049 0.0000 0.0000 0.0000 0.9033 0.0200 0.0000 0.0119 0.0000 0.0000 0.0000 0.0000 0.0000 0.0000 0.0000 0.0000 
 48       48   (0)      7 :  0.0000 0.0000 0.0000 0.0000 0.0000 0.0031 0.0000 0.0000 0.0000 0.0663 0.0000 0.0200 0.0236 0.0000 0.0000 0.0000 0.2354 0.6516 0.0000 
 49       49   (0)      7 :  0.0060 0.0000 0.0000 0.0000 0.7120 0.0000 0.0000 0.0000 0.1600 0.0000 0.0000 0.0497 0.0000 0.0400 0.0000 0.0000 0.0322 0.0000 0.0000 
 50       50   (0)      7 :  0.0400 0.0000 0.0000 0.0000 0.0000 0.0000 0.0000 0.0000 0.0200 0.0000 0.0000 0.0000 0.0000 0.0000 0.0000 0.0000 0.0000 0.0000 0.9400 
 51       51   (0)      7 :  0.0000 0.0000 0.0078 0.0000 0.8681 0.0000 0.0000 0.0000 0.1242 0.0000 0.0000 0.0000 0.0000 0.0000 0.0000 0.0000 0.0000 0.0000 0.0000 
 52       52   (0)      7 :  0.0000 0.8550 0.0000 0.0000 0.0000 0.0000 0.0000 0.0000 0.0087 0.0291 0.0000 0.0472 0.0000 0.0000 0.0000 0.0000 0.0600 0.0000 0.0000 
 53       53   (0)      7 :  0.0000 0.0000 0.0051 0.3343 0.0000 0.0000 0.0270 0.2579 0.0123 0.0939 0.1663 0.0000 0.0000 0.1032 0.0000 0.0000 0.0000 0.0000 0.0000 
 54       54   (0)      7 :  0.0000 0.0000 0.0737 0.1591 0.0000 0.0000 0.0200 0.3092 0.0237 0.0426 0.1952 0.0000 0.0000 0.1765 0.0000 0.0000 0.0000 0.0000 0.0000 
 55       55   (0)      7 :  0.0000 0.0000 0.0604 0.3157 0.0000 0.0000 0.0000 0.1930 0.0303 0.1003 0.1768 0.0000 0.0000 0.1218 0.0017 0.0000 0.0000 0.0000 0.0000 
 56       56   (0)      7 :  0.0000 0.0000 0.1283 0.2772 0.0000 0.0000 0.0000 0.3013 0.0400 0.0767 0.0933 0.0000 0.0000 0.0831 0.0000 0.0000 0.0000 0.0000 0.0000 
 57       57   (0)      8 :  0.1266 0.0000 0.0000 0.0000 0.0000 0.0000 0.3475 0.0000 0.0416 0.0200 0.0000 0.0200 0.0000 0.0000 0.0000 0.4145 0.0298 0.0000 0.0000 
 58       58   (0)      8 :  0.0000 0.8558 0.0000 0.0000 0.0000 0.0000 0.0000 0.0000 0.0200 0.0200 0.0000 0.0442 0.0000 0.0000 0.0000 0.0000 0.0600 0.0000 0.0000 
 59       59   (0)      8 :  0.0000 0.0000 0.0085 0.1790 0.0000 0.0000 0.0039 0.5516 0.0203 0.0584 0.1003 0.0000 0.0000 0.0739 0.0000 0.0000 0.0039 0.0000 0.0000 
 60       60   (0)      8 :  0.1092 0.0000 0.0000 0.0000 0.0000 0.0000 0.4288 0.0000 0.0000 0.0309 0.0000 0.0000 0.0000 0.0000 0.0000 0.4311 0.0000 0.0000 0.0000 
 61       61   (0)      8 :  0.0300 0.0000 0.0000 0.0000 0.0000 0.0000 0.2562 0.0000 0.0000 0.0156 0.0000 0.0033 0.0000 0.0000 0.0000 0.6748 0.0200 0.0000 0.0000 
 62       62   (0)      8 :  0.0000 0.0000 0.0000 0.0000 0.7845 0.0000 0.0000 0.0000 0.1155 0.0000 0.0000 0.0600 0.0000 0.0400 0.0000 0.0000 0.0000 0.0000 0.0000 
 63       63   (0)      8 :  0.0493 0.0000 0.0000 0.0000 0.0000 0.0000 0.1130 0.0000 0.0400 0.0508 0.0000 0.0000 0.0000 0.0000 0.0000 0.7469 0.0000 0.0000 0.0000 
 64       64   (0)      8 :  0.0000 0.0000 0.2422 0.1941 0.0000 0.0000 0.0200 0.2861 0.0293 0.1162 0.0583 0.0000 0.0000 0.0537 0.0000 0.0000 0.0000 0.0000 0.0000 
 65       65   (0)      8 :  0.0000 0.0000 0.0000 0.0000 0.0000 0.0000 0.0000 0.0000 0.0200 0.0835 0.0000 0.0000 0.0015 0.0000 0.0000 0.0000 0.5913 0.3037 0.0000 
 66       66   (0)      8 :  0.0000 0.0000 0.1021 0.1592 0.0000 0.0000 0.0000 0.3401 0.0000 0.0910 0.1718 0.0000 0.0000 0.1358 0.0000 0.0000 0.0000 0.0000 0.0000 
 67       67   (0)      8 :  0.0000 0.0000 0.1591 0.2686 0.0000 0.0000 0.0026 0.1136 0.0249 0.0654 0.2741 0.0200 0.0000 0.0635 0.0000 0.0000 0.0082 0.0000 0.0000 
 68       68   (0)      8 :  0.0000 0.0000 0.0600 0.2181 0.0000 0.0000 0.0000 0.3615 0.0080 0.0796 0.0645 0.0000 0.0000 0.1882 0.0000 0.0000 0.0200 0.0000 0.0000 
 69       69   (0)      8 :  0.0000 0.0000 0.0000 0.0000 0.0000 0.0000 0.0000 0.0000 0.0000 0.0489 0.0000 0.0000 0.0000 0.0000 0.0000 0.0000 0.3836 0.5675 0.0000 
 70       70   (0)      8 :  0.0539 0.0000 0.0000 0.0000 0.0000 0.0000 0.3842 0.0000 0.0260 0.0449 0.0000 0.0000 0.0000 0.0000 0.0000 0.4795 0.0114 0.0000 0.0000 
 71       71   (0)      8 :  0.0000 0.0000 0.0000 0.0000 0.0000 0.0000 0.0000 0.0000 0.0000 0.0400 0.0000 0.0000 0.0008 0.0000 0.0000 0.0000 0.6885 0.2707 0.0000 
 72       72   (0)      8 :  0.0000 0.0000 0.0200 0.0000 0.7329 0.0000 0.0000 0.0000 0.1958 0.0000 0.0000 0.0000 0.0000 0.0313 0.0000 0.0000 0.0200 0.0000 0.0000 
 73       73   (0)      8 :  0.0000 0.0000 0.0040 0.0137 0.0000 0.0000 0.0043 0.0669 0.0200 0.0110 0.0000 0.0600 0.0000 0.2827 0.5373 0.0000 0.0000 0.0000 0.0000 
 74       74   (0)      8 :  0.0000 0.0000 0.1200 0.0690 0.0000 0.0000 0.0000 0.3859 0.0119 0.1268 0.1742 0.0000 0.0000 0.0921 0.0000 0.0000 0.0200 0.0000 0.0000 
 75       75   (0)      8 :  0.0000 0.0000 0.0600 0.1262 0.0000 0.0000 0.0000 0.6197 0.0080 0.0200 0.0200 0.0000 0.0000 0.1260 0.0000 0.0000 0.0200 0.0000 0.0000 
 76       76   (0)      8 :  0.0000 0.0000 0.0000 0.0000 0.0000 0.0000 0.0000 0.0000 0.0000 0.0615 0.0000 0.0000 0.0225 0.0000 0.0000 0.0000 0.5877 0.3283 0.0000 
 77       77   (0)      8 :  0.0000 0.0000 0.1910 0.0871 0.0000 0.0000 0.0000 0.2975 0.0599 0.1549 0.0657 0.0000 0.0000 0.1238 0.0000 0.0000 0.0200 0.0000 0.0000 
 78       78   (0)      9 :  0.0908 0.0000 0.0000 0.0000 0.0000 0.0000 0.2744 0.0000 0.0800 0.0288 0.0000 0.0200 0.0000 0.0000 0.0000 0.4739 0.0321 0.0000 0.0000 
 79       79   (0)      9 :  0.0317 0.0000 0.0000 0.0000 0.0000 0.0000 0.2469 0.0000 0.0056 0.0241 0.0000 0.0000 0.0000 0.0000 0.0000 0.6518 0.0400 0.0000 0.0000 
 80       80   (0)      9 :  0.0000 0.0000 0.0200 0.0000 0.7283 0.0000 0.0000 0.0000 0.1917 0.0000 0.0000 0.0200 0.0000 0.0000 0.0000 0.0000 0.0400 0.0000 0.0000 
 81       81   (0)      9 :  0.0784 0.0000 0.0000 0.0000 0.0000 0.0000 0.3157 0.0000 0.0542 0.0714 0.0000 0.0000 0.0000 0.0000 0.0000 0.4604 0.0200 0.0000 0.0000 
 82       82   (0)      9 :  0.0000 0.0000 0.0000 0.0000 0.0000 0.0000 0.0000 0.0000 0.0000 0.0600 0.0000 0.0000 0.0000 0.0000 0.0000 0.0000 0.5792 0.3608 0.0000 
 83       83   (0)      9 :  0.0000 0.0000 0.4120 0.0568 0.0000 0.0039 0.0439 0.2789 0.0253 0.0571 0.1014 0.0000 0.0000 0.0094 0.0000 0.0000 0.0071 0.0000 0.0043 
 84       84   (0)      9 :  0.0000 0.0000 0.0000 0.0000 0.0000 0.6600 0.0200 0.0000 0.0800 0.0200 0.0000 0.2000 0.0000 0.0200 0.0000 0.0000 0.0000 0.0000 0.0000 
 85       85   (0)      9 :  0.0000 0.0000 0.0200 0.2206 0.0000 0.0000 0.0000 0.5976 0.0091 0.0600 0.0454 0.0000 0.0000 0.0473 0.0000 0.0000 0.0000 0.0000 0.0000 
 86       86   (0)      9 :  0.0000 0.0000 0.0630 0.4963 0.0000 0.0000 0.0057 0.1743 0.0000 0.0402 0.1644 0.0000 0.0000 0.0562 0.0000 0.0000 0.0000 0.0000 0.0000 
 87       87   (0)      9 :  0.0000 0.0000 0.0281 0.3016 0.0000 0.0000 0.0024 0.3769 0.0078 0.0485 0.1824 0.0000 0.0000 0.0522 0.0000 0.0000 0.0000 0.0000 0.0000 
 88       88   (0)      9 :  0.0000 0.0000 0.0000 0.0000 0.0000 0.0000 0.1049 0.0000 0.0000 0.0296 0.0000 0.0000 0.0000 0.0000 0.0000 0.8564 0.0091 0.0000 0.0000 
 89       89   (0)      9 :  0.0849 0.0000 0.0000 0.0000 0.0000 0.0000 0.4720 0.0000 0.0000 0.0258 0.0000 0.0000 0.0000 0.0000 0.0000 0.4173 0.0000 0.0000 0.0000 
 90       90   (0)      9 :  0.0000 0.0000 0.0000 0.1485 0.0000 0.0000 0.0189 0.0167 0.0138 0.0752 0.3846 0.0034 0.0000 0.1011 0.2300 0.0000 0.0080 0.0000 0.0000 
 91       91   (0)      9 :  0.0000 0.0000 0.0000 0.0000 0.8600 0.0000 0.0000 0.0000 0.1000 0.0000 0.0000 0.0200 0.0000 0.0000 0.0000 0.0000 0.0200 0.0000 0.0000 
 92       92   (0)     10 :  0.2670 0.0000 0.0020 0.0037 0.0000 0.0051 0.1465 0.0000 0.0576 0.0145 0.0048 0.0000 0.0000 0.0200 0.0000 0.0837 0.0152 0.0000 0.3797 
 93       93   (0)     11 :  0.1200 0.0000 0.0000 0.0000 0.0000 0.0210 0.0400 0.0000 0.1070 0.0200 0.0044 0.0281 0.0000 0.0400 0.0000 0.0000 0.0406 0.0051 0.5737 
 94       94   (0)     11 :  0.0200 0.3585 0.0000 0.0000 0.0000 0.0953 0.0000 0.0000 0.0000 0.0000 0.0000 0.5079 0.0000 0.0000 0.0000 0.0000 0.0183 0.0000 0.0000 
 95       95   (0)     11 :  0.0200 0.0000 0.0000 0.0000 0.0000 0.9600 0.0000 0.0000 0.0000 0.0000 0.0000 0.0000 0.0000 0.0000 0.0000 0.0000 0.0200 0.0000 0.0000 
 96       96   (0)     12 :  0.0000 1.0000 0.0000 0.0000 0.0000 0.0000 0.0000 0.0000 0.0000 0.0000 0.0000 0.0000 0.0000 0.0000 0.0000 0.0000 0.0000 0.0000 0.0000 
 97       97   (0)     12 :  0.0000 0.9400 0.0000 0.0000 0.0000 0.0000 0.0000 0.0000 0.0000 0.0000 0.0000 0.0400 0.0000 0.0000 0.0000 0.0000 0.0200 0.0000 0.0000 
 98       98   (0)     12 :  0.0000 0.9967 0.0000 0.0000 0.0000 0.0000 0.0000 0.0000 0.0000 0.0000 0.0000 0.0033 0.0000 0.0000 0.0000 0.0000 0.0000 0.0000 0.0000 
 99       99   (0)     12 :  0.0014 0.9172 0.0000 0.0000 0.0000 0.0000 0.0000 0.0000 0.0000 0.0000 0.0000 0.0614 0.0000 0.0000 0.0000 0.0000 0.0200 0.0000 0.0000 
100      100   (0)     12 :  0.0000 0.0000 0.0000 0.0000 0.0000 0.0000 0.0000 0.0000 0.0000 0.0000 0.0000 0.0000 0.0000 0.0000 0.0000 0.0000 0.0000 1.0000 0.0000 
101      101   (0)     13 :  0.0000 0.0000 0.0000 0.0000 0.0000 0.0000 0.0000 0.0000 0.0071 0.0272 0.0000 0.0000 0.0018 0.0000 0.0000 0.0000 0.6259 0.3380 0.0000 
102      102   (0)     13 :  0.0000 0.7676 0.0000 0.0000 0.0000 0.0000 0.0000 0.0000 0.0200 0.0400 0.0000 0.0924 0.0000 0.0000 0.0000 0.0000 0.0800 0.0000 0.0000 
103      103   (0)     14 :  0.6301 0.0000 0.0000 0.0000 0.0020 0.0000 0.1350 0.0000 0.0405 0.0029 0.0000 0.0000 0.0000 0.0000 0.0000 0.1593 0.0200 0.0000 0.0102 
104      104   (0)     14 :  0.0000 0.0000 0.0000 0.0000 0.0000 0.0000 0.0000 0.0000 0.0200 0.0643 0.0000 0.0000 0.0000 0.0000 0.0000 0.0000 0.3331 0.5826 0.0000 
105      105   (0)     14 :  0.0172 0.0000 0.0000 0.0000 0.0000 0.0058 0.0000 0.0000 0.0582 0.0219 0.0000 0.0010 0.0008 0.0000 0.0000 0.0000 0.5770 0.1637 0.1543 
106      106   (0)     14 :  0.0000 0.0000 0.0000 0.0000 0.0000 0.0000 0.0000 0.0000 0.0000 0.0000 0.0000 0.0000 1.0000 0.0000 0.0000 0.0000 0.0000 0.0000 0.0000 
107      107   (0)     14 :  0.0000 0.0000 0.0200 0.0000 0.8698 0.0000 0.0000 0.0000 0.0502 0.0000 0.0000 0.0400 0.0000 0.0000 0.0000 0.0000 0.0200 0.0000 0.0000 
108      108   (0)     15 :  0.0000 0.0000 0.0000 0.0000 0.0000 0.0000 0.0000 0.0000 0.0600 0.0000 0.0000 0.0200 0.0000 0.0000 0.0000 0.0000 0.0000 0.0000 0.9200 
109      109   (0)     15 :  0.0000 0.0000 0.0000 0.0000 0.0000 0.0000 0.0000 0.0000 0.0000 0.0200 0.0000 0.0000 0.4647 0.0000 0.0000 0.0000 0.0000 0.5153 0.0000 
110      110   (0)     15 :  0.0000 0.0000 0.0000 0.0000 0.0000 0.0000 0.0000 0.0000 0.0020 0.0154 0.0000 0.0000 0.0000 0.0000 0.0000 0.0000 0.0703 0.9123 0.0000 
111      111   (0)     15 :  0.0000 0.0000 0.0886 0.1528 0.0000 0.0000 0.0082 0.0470 0.0200 0.0652 0.4495 0.0000 0.0000 0.1486 0.0000 0.0000 0.0200 0.0000 0.0000 
112      112   (0)     15 :  0.6192 0.0416 0.0000 0.0000 0.0000 0.0031 0.0887 0.0000 0.0172 0.0070 0.0000 0.0467 0.0000 0.0000 0.0000 0.1378 0.0108 0.0000 0.0278 
113      113   (0)     15 :  0.0000 0.0020 0.0000 0.0000 0.0000 0.0026 0.0000 0.0000 0.0000 0.0084 0.0000 0.0148 0.0025 0.0000 0.0000 0.0000 0.0089 0.9607 0.0000 
114      114   (0)     15 :  0.0000 0.0000 0.0000 0.0000 0.0000 0.0000 0.0000 0.0000 0.0000 0.0200 0.0000 0.0000 0.9800 0.0000 0.0000 0.0000 0.0000 0.0000 0.0000 
