  1        1   (0)      1 :  0.0073 0.0000 0.2892 0.0235 0.0000 0.5331 0.1470 
  2        2   (0)      1 :  0.3678 0.0288 0.0081 0.1240 0.4598 0.0116 0.0000 
  3        3   (0)      1 :  0.0200 0.0000 0.3834 0.0944 0.0000 0.5022 0.0000 
  4        4   (0)      1 :  0.0056 0.0000 0.5014 0.0654 0.0000 0.4276 0.0000 
  5        5   (0)      1 :  0.0244 0.0035 0.4523 0.0712 0.0050 0.4437 0.0000 
  6        6   (0)      1 :  0.2741 0.0042 0.0112 0.1818 0.5271 0.0017 0.0000 
  7        7   (0)      1 :  0.0300 0.0000 0.4547 0.0466 0.0066 0.4621 0.0000 
  8        8   (0)      1 :  0.4960 0.0000 0.0199 0.1439 0.3374 0.0028 0.0000 
  9        9   (0)      1 :  0.0063 0.0000 0.3951 0.0482 0.0008 0.5496 0.0000 
 10       10   (0)      2 :  0.0000 0.0000 0.5890 0.0959 0.0000 0.3151 0.0000 
 11       11   (0)      2 :  0.0000 0.0032 0.5589 0.0227 0.0011 0.4141 0.0000 
 12       12   (0)      2 :  0.6347 0.0017 0.0004 0.1789 0.1821 0.0022 0.0000 
 13       13   (0)      3 :  0.0400 0.0000 0.5401 0.0358 0.0053 0.3788 0.0000 
 14       14   (0)      3 :  0.0000 1.0000 0.0000 0.0000 0.0000 0.0000 0.0000 
 15       15   (0)      3 :  0.6710 0.0016 0.0114 0.0642 0.2403 0.0019 0.0095 
 16       16   (0)      3 :  0.0000 0.0000 0.0000 0.0000 0.0000 0.0000 1.0000 
 17       17   (0)      4 :  0.0015 0.3985 0.0004 0.0029 0.0137 0.0000 0.5830 
 18       18   (0)      4 :  0.2173 0.0233 0.0055 0.1824 0.5691 0.0017 0.0007 
 19       19   (0)      5 :  0.2544 0.0000 0.0011 0.1113 0.6320 0.0012 0.0000 
 20       20   (0)      5 :  0.0000 0.2166 0.2448 0.4150 0.0000 0.1236 0.0000 
 21       21   (0)      5 :  0.0222 0.0001 0.4105 0.1105 0.0103 0.4464 0.0000 
 22       22   (0)      5 :  0.0166 0.0000 0.4984 0.0520 0.0198 0.4132 0.0000 
 23       23   (0)      5 :  0.0200 0.0000 0.5441 0.1021 0.0000 0.3338 0.0000 
 24       24   (0)      5 :  0.0262 0.0171 0.2168 0.0193 0.0000 0.7206 0.0000 
 25       25   (0)      5 :  0.0051 0.0034 0.2084 0.0629 0.0000 0.6614 0.0587 
 26       26   (0)      5 :  0.1976 0.0000 0.1339 0.0766 0.2566 0.3353 0.0000 
 27       27   (0)      5 :  0.0000 0.0000 0.0000 0.0001 0.0000 0.0000 0.9999 
 28       28   (0)      5 :  0.0000 0.0000 0.0000 0.0000 0.0000 0.0000 1.0000 
 29       29   (0)      5 :  0.4168 0.0350 0.0200 0.1269 0.3696 0.0000 0.0317 
 30       30   (0)      5 :  0.3177 0.0011 0.0001 0.2296 0.4508 0.0007 0.0000 
 31       31   (0)      5 :  0.1033 0.0040 0.1958 0.1208 0.3185 0.2576 0.0000 
 32       32   (0)      5 :  0.0038 0.0038 0.2884 0.1122 0.0008 0.5910 0.0000 
 33       33   (0)      5 :  0.4447 0.0073 0.0025 0.1209 0.4163 0.0083 0.0000 
 34       34   (0)      5 :  0.2592 0.0019 0.0000 0.0724 0.6666 0.0000 0.0000 
 35       35   (0)      5 :  0.3703 0.0057 0.0005 0.1452 0.4782 0.0001 0.0000 
 36       36   (0)      6 :  0.3357 0.0000 0.0050 0.1644 0.4524 0.0015 0.0410 
 37       37   (0)      6 :  0.0000 0.0000 0.0000 0.0000 0.0000 0.0000 1.0000 
 38       38   (0)      6 :  0.2935 0.0047 0.0000 0.1213 0.5806 0.0000 0.0000 
 39       39   (0)      6 :  0.2123 0.0000 0.2488 0.1004 0.2455 0.1930 0.0000 
 40       40   (0)      6 :  0.2023 0.0000 0.0011 0.1542 0.6413 0.0011 0.0000 
 41       41   (0)      6 :  0.4549 0.0145 0.0227 0.1416 0.3610 0.0053 0.0000 
 42       42   (0)      6 :  0.1453 0.0017 0.0205 0.1065 0.7140 0.0119 0.0000 
 43       43   (0)      6 :  0.1894 0.0220 0.0192 0.1618 0.5983 0.0094 0.0000 
 44       44   (0)      6 :  0.2212 0.0145 0.0046 0.1473 0.6124 0.0000 0.0000 
 45       45   (0)      6 :  0.5086 0.0000 0.0000 0.1433 0.3477 0.0004 0.0000 
 46       46   (0)      6 :  0.0000 0.2292 0.2408 0.4123 0.0000 0.1176 0.0000 
 47       47   (0)      6 :  0.4236 0.0000 0.0014 0.1214 0.4531 0.0005 0.0000 
 48       48   (0)      7 :  0.4150 0.0045 0.0207 0.1298 0.4300 0.0000 0.0000 
 49       49   (0)      7 :  0.0947 0.0000 0.1598 0.1169 0.2495 0.3790 0.0000 
 50       50   (0)      7 :  0.3577 0.0000 0.0273 0.1141 0.4992 0.0016 0.0000 
 51       51   (0)      8 :  0.6802 0.0000 0.0000 0.1193 0.1409 0.0000 0.0596 
 52       52   (0)      8 :  0.5360 0.0000 0.0072 0.0982 0.1910 0.0000 0.1676 
 53       53   (0)      9 :  0.4674 0.0077 0.0204 0.1284 0.3762 0.0000 0.0000 
 54       54   (0)     10 :  0.1855 0.0000 0.0007 0.1521 0.6617 0.0000 0.0000 
 55       55   (0)     10 :  0.0124 0.0000 0.6815 0.0460 0.0000 0.2601 0.0000 
 56       56   (0)     10 :  0.0000 0.0000 0.0000 0.0000 0.0000 0.0000 1.0000 
 57       57   (0)     10 :  0.3165 0.0046 0.0000 0.1257 0.5533 0.0000 0.0000 
 58       58   (0)     11 :  0.4328 0.0000 0.0015 0.1132 0.3445 0.0037 0.1043 
 59       59   (0)     11 :  0.0118 0.0000 0.3489 0.0584 0.0008 0.4994 0.0808 
 60       60   (0)     11 :  0.0728 0.0000 0.0000 0.0165 0.0070 0.0000 0.9037 
 61       61   (0)     11 :  0.7303 0.0000 0.0000 0.0811 0.1887 0.0000 0.0000 
 62       62   (0)     11 :  0.5691 0.0002 0.0000 0.0940 0.3245 0.0000 0.0122 
 63       63   (0)     11 :  0.4998 0.0000 0.0000 0.0904 0.1215 0.0000 0.2882 
 64       64   (0)     11 :  0.5888 0.0069 0.0000 0.1763 0.2220 0.0000 0.0060 
 65       65   (0)     11 :  0.0000 0.0000 0.0000 0.0000 0.0000 0.0000 1.0000 
 66       66   (0)     11 :  0.4550 0.0000 0.0000 0.1448 0.3652 0.0000 0.0350 
 67       67   (0)     11 :  0.0000 0.0000 0.2071 0.0431 0.0000 0.7391 0.0107 
 68       68   (0)     11 :  0.0000 0.0000 0.1713 0.0286 0.0000 0.3626 0.4375 
 69       69   (0)     11 :  0.2570 0.0000 0.0000 0.0490 0.1826 0.0000 0.5114 
 70       70   (0)     11 :  0.4312 0.0000 0.0200 0.1126 0.4311 0.0051 0.0000 
 71       71   (0)     11 :  0.0027 0.0000 0.1541 0.0622 0.0000 0.6187 0.1623 
 72       72   (0)     12 :  0.0099 0.0000 0.4055 0.1065 0.0036 0.4744 0.0000 
 73       73   (0)     12 :  0.0246 0.0000 0.3544 0.0800 0.0000 0.5410 0.0000 
 74       74   (0)     12 :  0.0210 0.0000 0.2084 0.0895 0.0002 0.6809 0.0000 
 75       75   (0)     12 :  0.1994 0.0000 0.1520 0.0740 0.1603 0.2896 0.1247 
 76       76   (0)     12 :  0.0178 0.0000 0.1927 0.0935 0.0000 0.6809 0.0152 
 77       77   (0)     12 :  0.4173 0.0006 0.0130 0.1945 0.3715 0.0031 0.0000 
 78       78   (0)     12 :  0.5079 0.0000 0.0294 0.1113 0.2966 0.0246 0.0302 
 79       79   (0)     12 :  0.0000 0.0000 0.3010 0.0820 0.0000 0.6170 0.0000 
 80       80   (0)     12 :  0.4418 0.0000 0.0102 0.1039 0.3120 0.0173 0.1147 
 81       81   (0)     13 :  0.0000 0.0000 0.0000 0.0000 0.0000 0.0000 1.0000 
 82       82   (0)     13 :  0.0003 0.0262 0.2802 0.0691 0.0003 0.6238 0.0000 
 83       83   (0)     13 :  0.0063 0.0000 0.2711 0.0567 0.0000 0.5901 0.0758 
 84       84   (0)     13 :  0.0200 0.0000 0.1873 0.0778 0.0000 0.7149 0.0000 
 85       85   (0)     13 :  0.0000 0.0074 0.4141 0.0430 0.0000 0.5356 0.0000 
 86       86   (0)     13 :  0.0000 0.0000 0.3071 0.0583 0.0000 0.6069 0.0277 
 87       87   (0)     13 :  0.4847 0.0000 0.0110 0.1242 0.3626 0.0175 0.0000 
 88       88   (0)     13 :  0.0106 0.0000 0.3906 0.0985 0.0000 0.5003 0.0000 
 89       89   (0)     13 :  0.0200 0.0008 0.4954 0.0433 0.0000 0.4405 0.0000 
 90       90   (0)     13 :  0.0000 0.0002 0.4853 0.1175 0.0000 0.3969 0.0000 
 91       91   (0)     13 :  0.0000 0.0000 0.1607 0.0370 0.0000 0.4174 0.3849 
 92       92   (0)     13 :  0.0103 0.0000 0.4444 0.0455 0.0176 0.4823 0.0000 
 93       93   (0)     13 :  0.3300 0.0000 0.0208 0.1597 0.4829 0.0066 0.0000 
 94       94   (0)     13 :  0.0058 0.0006 0.3168 0.0447 0.0001 0.6320 0.0000 
 95       95   (0)     14 :  0.6352 0.0095 0.0023 0.0776 0.2746 0.0008 0.0000 
 96       96   (0)     14 :  0.0007 0.0004 0.5425 0.0278 0.0011 0.4276 0.0000 
 97       97   (0)     15 :  0.0000 0.0000 0.0000 0.0000 0.0000 0.0000 1.0000 
 98       98   (0)     15 :  0.1081 0.0000 0.0000 0.0412 0.8507 0.0000 0.0000 
 99       99   (0)     15 :  0.0093 0.5194 0.1639 0.0292 0.0000 0.2782 0.0000 
100      100   (0)     15 :  0.3991 0.0075 0.0200 0.1155 0.4580 0.0000 0.0000 
101      101   (0)     15 :  0.0000 1.0000 0.0000 0.0000 0.0000 0.0000 0.0000 
102      102   (0)     15 :  0.3222 0.0203 0.0091 0.1368 0.5116 0.0000 0.0000 
103      103   (0)     15 :  0.3057 0.0174 0.0227 0.1460 0.5002 0.0080 0.0000 
104      104   (0)     15 :  0.0000 1.0000 0.0000 0.0000 0.0000 0.0000 0.0000 
105      105   (0)     15 :  0.0000 1.0000 0.0000 0.0000 0.0000 0.0000 0.0000 
