1        1   (0)      1  : 0.0000 1.0000 0.0000 0.0000 0.0000 0.0000 0.0000 0.0000 0.0000 0.0000 0.0000
2        2   (0)      2  : 0.0000 0.0000 0.0298 0.0000 0.0000 0.8123 0.0000 0.0526 0.0000 0.1053 0.0000
3        3   (0)      2  : 0.1450 0.0000 0.0000 0.0000 0.0000 0.0000 0.0000 0.0000 0.0003 0.0526 0.8021
4        4   (0)      3  : 0.0366 0.0000 0.0654 0.0000 0.0000 0.0027 0.0000 0.0000 0.7302 0.0178 0.1473
5        5   (0)      3  : 0.0581 0.0000 0.0022 0.0000 0.0000 0.0000 0.0000 0.0000 0.6866 0.0660 0.1870
6        6   (0)      3  : 0.1146 0.0000 0.0000 0.0000 0.0268 0.0000 0.0000 0.0000 0.5138 0.0040 0.3408
7        7   (0)      3  : 0.0000 0.0000 0.0182 0.8189 0.0000 0.0990 0.0000 0.0094 0.0237 0.0308 0.0000
8        8   (0)      3  : 0.0916 0.0000 0.0000 0.0000 0.0037 0.0076 0.0000 0.0000 0.7088 0.0526 0.1356
9        9   (0)      3  : 0.1433 0.0000 0.0000 0.0000 0.0000 0.0000 0.0000 0.0000 0.3121 0.0521 0.4925
10       10   (0)      4  : 0.1361 0.0000 0.0000 0.0000 0.0000 0.0000 0.0000 0.0000 0.5396 0.0563 0.2680
11       11   (0)      4  : 0.0826 0.0000 0.0000 0.0000 0.0000 0.0000 0.5037 0.0000 0.0000 0.1013 0.3124
12       12   (0)      4  : 0.0683 0.0000 0.0000 0.0000 0.0000 0.0000 0.0000 0.0000 0.0790 0.0000 0.8528
13       13   (0)      4  : 0.7045 0.0000 0.0000 0.0000 0.0000 0.0000 0.0007 0.0000 0.0619 0.1053 0.1276
14       14   (0)      5  : 0.0000 0.0000 0.8973 0.0000 0.0000 0.0000 0.0000 0.0000 0.0000 0.1027 0.0000
15       15   (0)      5  : 0.0000 0.0000 0.0000 1.0000 0.0000 0.0000 0.0000 0.0000 0.0000 0.0000 0.0000
16       16   (0)      5  : 0.0000 0.0000 0.0000 0.0000 0.0000 0.9474 0.0000 0.0000 0.0526 0.0000 0.0000
17       17   (0)      5  : 0.0000 0.0000 0.0000 0.0000 0.0000 0.0000 1.0000 0.0000 0.0000 0.0000 0.0000
18       18   (0)      5  : 1.0000 0.0000 0.0000 0.0000 0.0000 0.0000 0.0000 0.0000 0.0000 0.0000 0.0000
19       19   (0)      5  : 0.0000 0.0000 0.0000 0.0000 0.0000 0.0000 1.0000 0.0000 0.0000 0.0000 0.0000
20       20   (0)      5  : 0.2618 0.0000 0.0000 0.0000 0.0000 0.0000 0.0014 0.0000 0.1441 0.0529 0.5398
21       21   (0)      5  : 0.8407 0.0000 0.0000 0.0000 0.0000 0.0000 0.0000 0.0000 0.0000 0.0000 0.1593
22       22   (0)      5  : 0.0000 0.0000 0.0000 0.0000 0.0000 0.0000 0.9711 0.0000 0.0000 0.0289 0.0000
23       23   (0)      5  : 0.0578 0.0000 0.0000 0.0000 0.0000 0.0000 0.0105 0.0000 0.0526 0.0398 0.8392
24       24   (0)      5  : 0.0000 0.0000 0.0000 1.0000 0.0000 0.0000 0.0000 0.0000 0.0000 0.0000 0.0000
25       25   (0)      5  : 0.0000 0.0000 0.8465 0.0000 0.0000 0.0000 0.0000 0.0000 0.0000 0.1535 0.0000
26       26   (0)      5  : 0.8577 0.0000 0.0000 0.0000 0.0000 0.0000 0.0000 0.0000 0.0863 0.0012 0.0548
27       27   (0)      5  : 0.0000 0.0000 0.0000 1.0000 0.0000 0.0000 0.0000 0.0000 0.0000 0.0000 0.0000
28       28   (0)      5  : 0.0000 0.0000 0.0000 0.7992 0.0000 0.0490 0.0000 0.1378 0.0000 0.0140 0.0000
29       29   (0)      6  : 0.0000 1.0000 0.0000 0.0000 0.0000 0.0000 0.0000 0.0000 0.0000 0.0000 0.0000
30       30   (0)      6  : 0.0000 0.0000 0.0000 0.0000 0.9650 0.0000 0.0000 0.0055 0.0055 0.0240 0.0000
31       31   (0)      6  : 0.0000 0.0000 0.0000 0.0000 0.0000 0.0000 0.0000 0.0000 0.0526 0.0000 0.9474
32       32   (0)      6  : 0.0284 0.0000 0.0000 0.0000 0.0000 0.0000 0.1668 0.0029 0.5591 0.0143 0.2285
33       33   (0)      6  : 0.0000 0.4541 0.0000 0.0000 0.0000 0.0155 0.0000 0.5305 0.0000 0.0000 0.0000
34       34   (0)      6  : 0.0000 0.0000 0.9316 0.0000 0.0000 0.0000 0.0000 0.0000 0.0000 0.0684 0.0000
35       35   (0)      6  : 0.0000 1.0000 0.0000 0.0000 0.0000 0.0000 0.0000 0.0000 0.0000 0.0000 0.0000
36       36   (0)      6  : 0.0000 1.0000 0.0000 0.0000 0.0000 0.0000 0.0000 0.0000 0.0000 0.0000 0.0000
37       37   (0)      7  : 0.0000 0.0000 0.0000 0.0000 0.9672 0.0000 0.0000 0.0000 0.0000 0.0328 0.0000
38       38   (0)      7  : 0.0000 0.0000 0.0000 0.0000 0.0000 0.0000 0.9474 0.0000 0.0000 0.0526 0.0000
39       39   (0)      7  : 0.0000 0.0000 0.8823 0.0000 0.0000 0.0000 0.0000 0.0000 0.0000 0.1177 0.0000
40       40   (0)      7  : 0.0000 0.0000 0.9474 0.0000 0.0000 0.0000 0.0000 0.0000 0.0526 0.0000 0.0000
41       41   (0)      7  : 0.0000 0.0000 0.0000 0.0000 0.0000 0.0000 0.9713 0.0000 0.0000 0.0287 0.0000
42       42   (0)      7  : 0.0000 0.0000 1.0000 0.0000 0.0000 0.0000 0.0000 0.0000 0.0000 0.0000 0.0000
43       43   (0)      7  : 0.0000 0.0000 0.0000 0.0000 0.0000 0.0000 1.0000 0.0000 0.0000 0.0000 0.0000
44       44   (0)      7  : 0.0000 0.0000 0.0000 0.0000 0.0000 1.0000 0.0000 0.0000 0.0000 0.0000 0.0000
45       45   (0)      7  : 0.0000 0.0000 0.0000 0.0000 0.0000 0.0000 0.0000 0.0000 0.0526 0.0000 0.9474
46       46   (0)      7  : 0.0000 1.0000 0.0000 0.0000 0.0000 0.0000 0.0000 0.0000 0.0000 0.0000 0.0000
47       47   (0)      7  : 1.0000 0.0000 0.0000 0.0000 0.0000 0.0000 0.0000 0.0000 0.0000 0.0000 0.0000
48       48   (0)      7  : 0.0000 0.9938 0.0000 0.0000 0.0000 0.0000 0.0000 0.0062 0.0000 0.0000 0.0000
49       49   (0)      7  : 0.0000 0.0000 0.0000 0.0000 1.0000 0.0000 0.0000 0.0000 0.0000 0.0000 0.0000
50       50   (0)      7  : 0.0224 0.0000 0.0000 0.0000 0.0000 0.8828 0.0000 0.0000 0.0846 0.0000 0.0101
51       51   (0)      7  : 0.0000 0.0000 0.0000 0.0000 0.9474 0.0000 0.0000 0.0000 0.0000 0.0526 0.0000
52       52   (0)      7  : 0.0000 0.0000 0.0000 1.0000 0.0000 0.0000 0.0000 0.0000 0.0000 0.0000 0.0000
53       53   (0)      7  : 0.6907 0.0000 0.0000 0.0000 0.0000 0.0000 0.0000 0.0000 0.0000 0.1579 0.1514
54       54   (0)      7  : 0.5480 0.0000 0.0000 0.0000 0.0000 0.0000 0.0000 0.0000 0.0000 0.1955 0.2565
55       55   (0)      7  : 0.4389 0.0000 0.0000 0.0000 0.0000 0.0000 0.0153 0.0000 0.1717 0.0159 0.3583
56       56   (0)      7  : 0.3724 0.0000 0.0000 0.0000 0.0000 0.0000 0.0000 0.0000 0.1338 0.0000 0.4938
57       57   (0)      8  : 0.0000 0.0000 0.7368 0.0000 0.0000 0.0000 0.0000 0.0000 0.0000 0.2632 0.0000
58       58   (0)      8  : 0.0000 0.0000 0.0000 1.0000 0.0000 0.0000 0.0000 0.0000 0.0000 0.0000 0.0000
59       59   (0)      8  : 0.8866 0.0000 0.0000 0.0000 0.0000 0.0000 0.0000 0.0000 0.0000 0.0807 0.0327
60       60   (0)      8  : 0.0000 0.0000 0.8709 0.0000 0.0000 0.0000 0.0000 0.0000 0.0000 0.1291 0.0000
61       61   (0)      8  : 0.0000 0.0000 0.7368 0.0000 0.0000 0.0000 0.0000 0.0000 0.0000 0.2632 0.0000
62       62   (0)      8  : 0.0000 0.0000 0.0000 0.0000 0.9474 0.0000 0.0000 0.0000 0.0000 0.0526 0.0000
63       63   (0)      8  : 0.0000 0.0000 0.8681 0.0000 0.0000 0.0000 0.0000 0.0000 0.0526 0.0792 0.0000
64       64   (0)      8  : 0.5768 0.0000 0.0000 0.0000 0.0000 0.0000 0.0000 0.0000 0.2402 0.0000 0.1830
65       65   (0)      8  : 0.0000 1.0000 0.0000 0.0000 0.0000 0.0000 0.0000 0.0000 0.0000 0.0000 0.0000
66       66   (0)      8  : 0.5953 0.0000 0.0000 0.0000 0.0000 0.0000 0.0000 0.0000 0.1534 0.0526 0.1986
67       67   (0)      8  : 0.2365 0.0000 0.0000 0.0000 0.0000 0.0000 0.0000 0.0000 0.4057 0.0861 0.2716
68       68   (0)      8  : 0.8444 0.0000 0.0000 0.0000 0.0000 0.0000 0.0000 0.0000 0.0145 0.0465 0.0946
69       69   (0)      8  : 0.0000 1.0000 0.0000 0.0000 0.0000 0.0000 0.0000 0.0000 0.0000 0.0000 0.0000
70       70   (0)      8  : 0.0000 0.0000 0.9813 0.0000 0.0000 0.0000 0.0000 0.0000 0.0000 0.0187 0.0000
71       71   (0)      8  : 0.0000 1.0000 0.0000 0.0000 0.0000 0.0000 0.0000 0.0000 0.0000 0.0000 0.0000
72       72   (0)      8  : 0.0000 0.0000 0.0000 0.0000 1.0000 0.0000 0.0000 0.0000 0.0000 0.0000 0.0000
73       73   (0)      8  : 0.1804 0.0000 0.0000 0.0000 0.0000 0.0000 0.7344 0.0000 0.0325 0.0526 0.0000
74       74   (0)      8  : 0.5473 0.0000 0.0000 0.0000 0.0000 0.0000 0.0000 0.0000 0.0672 0.0526 0.3328
75       75   (0)      8  : 0.8811 0.0000 0.0000 0.0000 0.0000 0.0000 0.0000 0.0000 0.0137 0.1053 0.0000
76       76   (0)      8  : 0.0000 0.9810 0.0000 0.0000 0.0000 0.0000 0.0000 0.0190 0.0000 0.0000 0.0000
77       77   (0)      8  : 0.3644 0.0000 0.0000 0.0000 0.0000 0.0000 0.0014 0.0000 0.3286 0.0000 0.3057
78       78   (0)      9  : 0.0000 0.0000 0.7745 0.0000 0.0000 0.0000 0.0000 0.0000 0.0000 0.2255 0.0000
79       79   (0)      9  : 0.0000 0.0000 0.7614 0.0000 0.0000 0.0000 0.0000 0.0000 0.0000 0.2386 0.0000
80       80   (0)      9  : 0.0000 0.0000 0.0000 0.0000 1.0000 0.0000 0.0000 0.0000 0.0000 0.0000 0.0000
81       81   (0)      9  : 0.0000 0.0000 0.6592 0.0000 0.0000 0.0000 0.0000 0.0000 0.0066 0.3342 0.0000
82       82   (0)      9  : 0.0000 1.0000 0.0000 0.0000 0.0000 0.0000 0.0000 0.0000 0.0000 0.0000 0.0000
83       83   (0)      9  : 0.2147 0.0000 0.0000 0.0000 0.0000 0.0158 0.0028 0.0049 0.5494 0.0022 0.2102
84       84   (0)      9  : 0.0000 0.0000 0.0000 0.0105 0.0000 0.3468 0.0000 0.5374 0.0000 0.1053 0.0000
85       85   (0)      9  : 0.7874 0.0000 0.0000 0.0000 0.0000 0.0000 0.0000 0.0000 0.0526 0.0888 0.0711
86       86   (0)      9  : 0.4333 0.0000 0.0000 0.0000 0.0000 0.0000 0.0000 0.0000 0.1094 0.1149 0.3424
87       87   (0)      9  : 0.5711 0.0000 0.0000 0.0000 0.0000 0.0000 0.0000 0.0000 0.0278 0.0785 0.3227
88       88   (0)      9  : 0.0000 0.0000 0.9735 0.0000 0.0000 0.0000 0.0000 0.0000 0.0000 0.0265 0.0000
89       89   (0)      9  : 0.0000 0.0000 0.9474 0.0000 0.0000 0.0000 0.0000 0.0000 0.0000 0.0526 0.0000
90       90   (0)      9  : 0.0455 0.0000 0.0000 0.0000 0.0000 0.0000 0.3058 0.0000 0.0000 0.0836 0.5651
91       91   (0)      9  : 0.0000 0.0000 0.0000 0.0000 1.0000 0.0000 0.0000 0.0000 0.0000 0.0000 0.0000
92       92   (0)     10  : 0.0000 0.0000 0.2569 0.0000 0.0000 0.3883 0.0000 0.0781 0.0645 0.1527 0.0595
93       93   (0)     11  : 0.0000 0.0827 0.0000 0.0181 0.0000 0.6091 0.0000 0.1053 0.0157 0.1241 0.0450
94       94   (0)     11  : 0.0000 0.0000 0.0000 0.9127 0.0000 0.0000 0.0000 0.0783 0.0000 0.0089 0.0000
95       95   (0)     11  : 0.0000 0.0000 0.0000 0.0457 0.0000 0.3753 0.0000 0.5263 0.0000 0.0526 0.0000
96       96   (0)     12  : 0.0000 0.0000 0.0000 1.0000 0.0000 0.0000 0.0000 0.0000 0.0000 0.0000 0.0000
97       97   (0)     12  : 0.0000 0.0000 0.0000 1.0000 0.0000 0.0000 0.0000 0.0000 0.0000 0.0000 0.0000
98       98   (0)     12  : 0.0000 0.0000 0.0000 1.0000 0.0000 0.0000 0.0000 0.0000 0.0000 0.0000 0.0000
99       99   (0)     12  : 0.0000 0.0000 0.0000 1.0000 0.0000 0.0000 0.0000 0.0000 0.0000 0.0000 0.0000
100      100   (0)     12  : 0.0000 1.0000 0.0000 0.0000 0.0000 0.0000 0.0000 0.0000 0.0000 0.0000 0.0000
101      101   (0)     13  : 0.0000 1.0000 0.0000 0.0000 0.0000 0.0000 0.0000 0.0000 0.0000 0.0000 0.0000
102      102   (0)     13  : 0.0000 0.0000 0.0000 1.0000 0.0000 0.0000 0.0000 0.0000 0.0000 0.0000 0.0000
103      103   (0)     14  : 0.0000 0.0000 0.5996 0.0000 0.0193 0.0375 0.0000 0.0092 0.1300 0.2045 0.0000
104      104   (0)     14  : 0.0000 1.0000 0.0000 0.0000 0.0000 0.0000 0.0000 0.0000 0.0000 0.0000 0.0000
105      105   (0)     14  : 0.0000 0.7321 0.0069 0.0097 0.0251 0.1684 0.0000 0.0143 0.0000 0.0436 0.0000
106      106   (0)     14  : 0.0000 0.5525 0.0000 0.0000 0.0000 0.0000 0.0000 0.4475 0.0000 0.0000 0.0000
107      107   (0)     14  : 0.0000 0.0000 0.0000 0.0000 0.9474 0.0000 0.0000 0.0000 0.0000 0.0526 0.0000
108      108   (0)     15  : 0.0000 0.0000 0.0000 0.0000 0.0000 1.0000 0.0000 0.0000 0.0000 0.0000 0.0000
109      109   (0)     15  : 0.0000 0.7904 0.0000 0.0000 0.0000 0.0000 0.0000 0.2096 0.0000 0.0000 0.0000
110      110   (0)     15  : 0.0000 1.0000 0.0000 0.0000 0.0000 0.0000 0.0000 0.0000 0.0000 0.0000 0.0000
111      111   (0)     15  : 0.1604 0.0000 0.0000 0.0000 0.0000 0.0000 0.0000 0.0000 0.0267 0.1579 0.6549
112      112   (0)     15  : 0.0000 0.0000 0.4261 0.1390 0.0000 0.0401 0.0000 0.0316 0.1212 0.2420 0.0000
113      113   (0)     15  : 0.0000 0.9899 0.0000 0.0101 0.0000 0.0000 0.0000 0.0000 0.0000 0.0000 0.0000
114      114   (0)     15  : 0.0000 0.4969 0.0000 0.0354 0.0000 0.0000 0.0000 0.4678 0.0000 0.0000 0.0000
