 1        1   (0)      1 :  0.0000 0.1436 0.0000 0.0000 0.0524 0.1349 0.1923 0.0000 0.2995 0.1200 0.0574 
 2        2   (0)      1 :  0.0097 0.0125 0.0569 0.0054 0.0000 0.0038 0.0000 0.0617 0.0125 0.0142 0.8234 
 3        3   (0)      1 :  0.0000 0.2020 0.0000 0.0000 0.3016 0.1007 0.1884 0.0000 0.1145 0.0298 0.0629 
 4        4   (0)      1 :  0.0000 0.1730 0.0000 0.0000 0.2451 0.1524 0.3195 0.0000 0.0408 0.0400 0.0293 
 5        5   (0)      1 :  0.0000 0.0822 0.0000 0.0000 0.3278 0.0088 0.3884 0.0000 0.1427 0.0002 0.0499 
 6        6   (0)      1 :  0.0000 0.1290 0.0000 0.0000 0.4091 0.0534 0.2705 0.0000 0.0987 0.0393 0.0000 
 7        7   (0)      1 :  0.0000 0.3578 0.0000 0.0000 0.2091 0.0290 0.1809 0.0000 0.1631 0.0400 0.0200 
 8        8   (0)      1 :  0.0000 0.1094 0.0000 0.0000 0.3718 0.0660 0.2338 0.0000 0.1777 0.0109 0.0303 
 9        9   (0)      1 :  0.0000 0.0714 0.0000 0.0000 0.1818 0.0976 0.2946 0.0000 0.3203 0.0324 0.0020 
10       10   (0)      1 :  0.0000 0.1968 0.0000 0.0000 0.1709 0.2823 0.1859 0.0000 0.0749 0.0601 0.0292 
11       11   (0)      1 :  0.0000 0.1487 0.0199 0.0000 0.0860 0.2607 0.1578 0.0042 0.1774 0.0291 0.1162 
12       12   (0)      1 :  0.0000 0.0200 0.0000 0.0000 0.0000 0.0000 0.0000 0.0000 0.0200 0.0000 0.9600 
13       13   (0)      1 :  0.0000 0.3757 0.0000 0.0000 0.0896 0.0851 0.2028 0.0000 0.1789 0.0200 0.0479 
14       14   (0)      2 :  0.0000 0.0679 0.0000 0.0000 0.6408 0.0425 0.0131 0.0000 0.1756 0.0600 0.0000 
15       15   (0)      2 :  0.0000 0.0000 0.0000 1.0000 0.0000 0.0000 0.0000 0.0000 0.0000 0.0000 0.0000 
16       16   (0)      2 :  0.0000 0.0947 0.0000 0.0000 0.0698 0.0280 0.0514 0.0000 0.7045 0.0089 0.0426 
17       17   (0)      2 :  0.0000 0.1051 0.0000 0.0000 0.3124 0.0800 0.2766 0.0000 0.0983 0.0800 0.0476 
18       18   (0)      2 :  0.0000 0.0584 0.0000 0.0000 0.0761 0.1002 0.6327 0.0000 0.0985 0.0000 0.0341 
19       19   (0)      2 :  0.0000 0.0480 0.0000 0.0000 0.4764 0.0200 0.1517 0.0000 0.1591 0.0487 0.0961 
20       20   (0)      2 :  0.0000 0.2037 0.0277 0.0000 0.0924 0.1957 0.2841 0.0035 0.1365 0.0309 0.0256 
21       21   (0)      2 :  0.0000 0.0811 0.0000 0.0000 0.0840 0.1425 0.4022 0.0200 0.1712 0.0112 0.0878 
22       22   (0)      2 :  0.0000 0.1623 0.0846 0.0000 0.1245 0.1540 0.2610 0.0000 0.1447 0.0211 0.0478 
23       23   (0)      2 :  0.0000 0.0607 0.4252 0.0000 0.0337 0.0818 0.2018 0.0112 0.1179 0.0209 0.0467 
24       24   (0)      2 :  0.0000 0.0619 0.0000 0.0000 0.0600 0.0422 0.3718 0.0000 0.4081 0.0139 0.0423 
25       25   (0)      2 :  0.0000 0.0829 0.0000 0.0000 0.1382 0.0286 0.2353 0.0000 0.4010 0.0200 0.0940 
26       26   (0)      2 :  0.0000 0.0491 0.4088 0.0000 0.1884 0.0876 0.1053 0.0119 0.1204 0.0042 0.0244 
27       27   (0)      2 :  0.0000 0.1157 0.0000 0.0000 0.2252 0.0314 0.1659 0.0200 0.4111 0.0000 0.0306 
28       28   (0)      3 :  0.9000 0.0000 0.0000 0.0000 0.0000 0.0200 0.0000 0.0000 0.0000 0.0800 0.0000 
29       29   (0)      3 :  0.0000 0.0771 0.0000 0.0000 0.6728 0.0600 0.0455 0.0000 0.1246 0.0200 0.0000 
30       30   (0)      3 :  0.0000 0.0000 1.0000 0.0000 0.0000 0.0000 0.0000 0.0000 0.0000 0.0000 0.0000 
31       31   (0)      3 :  0.0000 0.2729 0.5212 0.0000 0.0835 0.0452 0.0188 0.0000 0.0371 0.0120 0.0094 
32       32   (0)      3 :  0.0000 0.0000 0.0000 1.0000 0.0000 0.0000 0.0000 0.0000 0.0000 0.0000 0.0000 
33       33   (0)      3 :  0.0000 0.0628 0.0000 0.0000 0.1476 0.1553 0.2643 0.0000 0.2807 0.0292 0.0600 
34       34   (0)      3 :  0.0185 0.0000 0.0000 0.0015 0.0000 0.0200 0.0000 0.8400 0.0000 0.1200 0.0000 
35       35   (0)      3 :  0.2036 0.0000 0.0000 0.0000 0.0000 0.0400 0.0000 0.5719 0.0000 0.1834 0.0011 
36       36   (0)      3 :  0.0200 0.0000 0.0000 0.0000 0.0000 0.0200 0.0000 0.8696 0.0000 0.0904 0.0000 
37       37   (0)      3 :  0.0000 0.1357 0.0000 0.0000 0.4032 0.0400 0.2270 0.0000 0.1127 0.0200 0.0613 
38       38   (0)      3 :  0.0000 0.0000 1.0000 0.0000 0.0000 0.0000 0.0000 0.0000 0.0000 0.0000 0.0000 
39       39   (0)      3 :  0.0000 0.0000 0.9800 0.0000 0.0000 0.0000 0.0000 0.0000 0.0000 0.0200 0.0000 
40       40   (0)      3 :  0.0000 0.0754 0.0000 0.0000 0.2196 0.2644 0.1287 0.0000 0.2128 0.0400 0.0591 
41       41   (0)      3 :  0.0000 0.0881 0.0000 0.0000 0.0376 0.2951 0.2519 0.0000 0.1565 0.0708 0.1000 
42       42   (0)      3 :  0.0000 0.0000 0.0000 1.0000 0.0000 0.0000 0.0000 0.0000 0.0000 0.0000 0.0000 
43       43   (0)      3 :  0.1087 0.0000 0.0000 0.0712 0.0000 0.0400 0.0000 0.4083 0.0000 0.3518 0.0200 
44       44   (0)      3 :  0.0000 0.2774 0.0000 0.0000 0.1467 0.2727 0.1173 0.0200 0.1059 0.0400 0.0200 
45       45   (0)      3 :  0.0000 0.0227 0.0000 0.0000 0.0870 0.0000 0.0822 0.0200 0.7482 0.0400 0.0000 
46       46   (0)      4 :  0.8887 0.0000 0.0000 0.0000 0.0000 0.0000 0.0000 0.0000 0.0000 0.1113 0.0000 
47       47   (0)      4 :  0.9200 0.0000 0.0000 0.0000 0.0000 0.0400 0.0000 0.0000 0.0000 0.0400 0.0000 
48       48   (0)      4 :  0.0000 0.4266 0.0000 0.0000 0.0841 0.1904 0.0589 0.0000 0.2000 0.0200 0.0200 
49       49   (0)      4 :  0.0004 0.5090 0.0024 0.0000 0.0939 0.1449 0.0722 0.0000 0.1094 0.0485 0.0194 
50       50   (0)      4 :  0.0000 0.3785 0.0174 0.0000 0.0403 0.2410 0.1794 0.0000 0.0612 0.0403 0.0419 
51       51   (0)      4 :  0.0000 0.2306 0.0360 0.0000 0.1829 0.1616 0.1350 0.0000 0.1480 0.0683 0.0377 
52       52   (0)      4 :  0.0000 0.1950 0.0000 0.0000 0.0047 0.1710 0.2630 0.0200 0.2550 0.0437 0.0475 
53       53   (0)      4 :  0.0000 0.4611 0.0000 0.0000 0.2098 0.1401 0.0489 0.0000 0.1000 0.0200 0.0200 
54       54   (0)      4 :  0.0000 0.4631 0.0000 0.0000 0.0368 0.1105 0.1627 0.0000 0.2057 0.0000 0.0213 
55       55   (0)      4 :  0.0000 0.1945 0.6579 0.0000 0.0472 0.0318 0.0134 0.0000 0.0273 0.0141 0.0138 
56       56   (0)      4 :  0.0000 0.6195 0.0000 0.0000 0.1028 0.0084 0.0671 0.0000 0.0892 0.0731 0.0400 
57       57   (0)      5 :  0.0000 0.1048 0.0000 0.0000 0.2644 0.1833 0.1969 0.0000 0.1091 0.0725 0.0690 
58       58   (0)      5 :  0.0166 0.1326 0.0000 0.0000 0.1712 0.1725 0.1582 0.0001 0.2115 0.0956 0.0418 
59       59   (0)      5 :  0.0000 0.1254 0.0000 0.0000 0.2164 0.1328 0.3077 0.0000 0.1485 0.0200 0.0492 
60       60   (0)      5 :  0.9200 0.0000 0.0000 0.0000 0.0000 0.0200 0.0000 0.0000 0.0000 0.0600 0.0000 
61       61   (0)      5 :  0.8130 0.0000 0.0006 0.0000 0.0000 0.0251 0.0000 0.0000 0.0000 0.1528 0.0084 
62       62   (0)      5 :  0.0000 0.0000 0.0000 1.0000 0.0000 0.0000 0.0000 0.0000 0.0000 0.0000 0.0000 
63       63   (0)      6 :  0.0200 0.0000 0.0000 0.0000 0.0000 0.0400 0.0000 0.8689 0.0000 0.0711 0.0000 
64       64   (0)      6 :  0.9600 0.0000 0.0000 0.0000 0.0000 0.0200 0.0000 0.0000 0.0000 0.0200 0.0000 
65       65   (0)      6 :  0.0186 0.0000 0.0000 0.0014 0.0000 0.0200 0.0000 0.8800 0.0000 0.0800 0.0000 
66       66   (0)      6 :  0.6164 0.0173 0.0000 0.0317 0.0281 0.0322 0.1027 0.0224 0.0727 0.0734 0.0031 
67       67   (0)      6 :  0.8689 0.0000 0.0000 0.0000 0.0000 0.0000 0.0000 0.0000 0.0000 0.1311 0.0000 
68       68   (0)      6 :  0.6381 0.0000 0.1133 0.0000 0.0000 0.0252 0.0000 0.0844 0.0000 0.1190 0.0200 
69       69   (0)      6 :  0.0471 0.1483 0.0205 0.0029 0.1966 0.1152 0.1173 0.0650 0.1809 0.0747 0.0314 
70       70   (0)      6 :  0.9000 0.0000 0.0000 0.0000 0.0000 0.0200 0.0000 0.0000 0.0000 0.0800 0.0000 
71       71   (0)      6 :  0.0000 0.0200 0.0000 0.0000 0.2352 0.0800 0.0600 0.0000 0.4848 0.1200 0.0000 
72       72   (0)      6 :  0.8600 0.0000 0.0000 0.0000 0.0000 0.0400 0.0000 0.0000 0.0000 0.1000 0.0000 
73       73   (0)      6 :  0.0184 0.0000 0.0016 0.0000 0.0000 0.0075 0.0000 0.9325 0.0000 0.0400 0.0000 
74       74   (0)      6 :  0.7383 0.0000 0.1182 0.0000 0.0000 0.0298 0.0000 0.0014 0.0000 0.0923 0.0200 
75       75   (0)      6 :  0.0173 0.0000 0.0489 0.0006 0.0000 0.0064 0.0000 0.9054 0.0000 0.0214 0.0000 
76       76   (0)      6 :  0.6860 0.0000 0.1509 0.0000 0.0000 0.0237 0.0000 0.0000 0.0000 0.1194 0.0200 
77       77   (0)      6 :  0.7088 0.0000 0.1751 0.0000 0.0000 0.0152 0.0000 0.0023 0.0000 0.0986 0.0000 
78       78   (0)      6 :  0.0148 0.0000 0.2039 0.0003 0.0000 0.0200 0.0000 0.7380 0.0000 0.0230 0.0000 
79       79   (0)      6 :  0.0173 0.0000 0.0010 0.0017 0.0000 0.0000 0.0000 0.9600 0.0000 0.0200 0.0000 
80       80   (0)      7 :  0.0000 0.0859 0.0000 0.0000 0.0382 0.3810 0.3690 0.0137 0.0659 0.0063 0.0400 
81       81   (0)      8 :  0.0000 0.1546 0.0116 0.0000 0.0298 0.5832 0.1453 0.0000 0.0443 0.0070 0.0242 
82       82   (0)      9 :  0.0000 0.0000 0.9800 0.0000 0.0000 0.0000 0.0000 0.0000 0.0000 0.0200 0.0000 
83       83   (0)     10 :  0.0000 0.2369 0.1141 0.0000 0.0490 0.1746 0.1844 0.0088 0.1121 0.0688 0.0513 
84       84   (0)     11 :  0.0000 0.0400 0.0000 0.0000 0.0602 0.1736 0.4253 0.0000 0.1428 0.0512 0.1069 
85       85   (0)     11 :  0.0000 0.1156 0.4524 0.0000 0.0653 0.1397 0.1703 0.0000 0.0217 0.0134 0.0217 
86       86   (0)     12 :  0.0000 0.0681 0.4116 0.0000 0.2702 0.1057 0.0113 0.0000 0.0561 0.0653 0.0117 
87       87   (0)     12 :  0.0000 0.0907 0.1687 0.0000 0.1494 0.1104 0.2630 0.0005 0.1549 0.0333 0.0292 
88       88   (0)     12 :  0.0000 0.1785 0.0000 0.0000 0.2535 0.0566 0.1851 0.0000 0.2746 0.0272 0.0245 
89       89   (0)     12 :  0.0000 0.1317 0.1613 0.0000 0.2571 0.1108 0.2068 0.0000 0.0654 0.0493 0.0176 
90       90   (0)     12 :  0.0174 0.0000 0.0007 0.0009 0.0000 0.0200 0.0000 0.9537 0.0000 0.0063 0.0011 
91       91   (0)     12 :  0.0000 0.3922 0.0000 0.0000 0.1698 0.0822 0.1964 0.0000 0.0969 0.0083 0.0542 
92       92   (0)     12 :  0.0000 0.1960 0.0000 0.0000 0.2168 0.1470 0.2116 0.0000 0.0957 0.0572 0.0758 
93       93   (0)     12 :  0.0000 0.0739 0.0000 0.0000 0.2694 0.0108 0.3146 0.0000 0.2513 0.0400 0.0400 
94       94   (0)     13 :  0.0000 0.1481 0.0000 0.0000 0.1999 0.2603 0.2494 0.0000 0.0823 0.0200 0.0400 
