1        1   (0)      1  : 0.0000 0.9733 0.0000 0.0086 0.0000 0.0182
2        2   (0)      1  : 0.0000 0.7281 0.1174 0.0944 0.0000 0.0601
3        3   (0)      1  : 0.0000 0.0180 0.0024 0.9796 0.0000 0.0000
4        4   (0)      1  : 0.0000 0.3816 0.0018 0.6018 0.0000 0.0147
5        5   (0)      1  : 0.0000 0.9509 0.0000 0.0069 0.0000 0.0422
6        6   (0)      1  : 0.0000 0.0176 0.0028 0.9796 0.0000 0.0000
7        7   (0)      2  : 0.0000 0.9796 0.0000 0.0000 0.0000 0.0204
8        8   (0)      2  : 0.0000 0.0172 0.0033 0.9796 0.0000 0.0000
9        9   (0)      2  : 0.0283 0.8229 0.0176 0.0327 0.0214 0.0772
10       10   (0)      2  : 0.0000 0.9796 0.0000 0.0000 0.0000 0.0204
11       11   (0)      2  : 0.0000 0.0199 0.0005 0.9796 0.0000 0.0000
12       12   (0)      2  : 0.0000 0.4623 0.0000 0.5284 0.0000 0.0093
13       13   (0)      2  : 0.0000 0.0144 0.1339 0.8247 0.0000 0.0270
14       14   (0)      3  : 0.2088 0.0000 0.0000 0.0044 0.6481 0.1387
15       15   (0)      3  : 0.4388 0.0000 0.0000 0.0000 0.3992 0.1620
16       16   (0)      3  : 0.3880 0.0000 0.0000 0.0000 0.4366 0.1754
17       17   (0)      3  : 0.2896 0.0000 0.0000 0.0018 0.4776 0.2310
18       18   (0)      3  : 0.5173 0.0000 0.0000 0.0000 0.1792 0.3035
19       19   (0)      3  : 0.4278 0.0000 0.0000 0.0000 0.2345 0.3378
20       20   (0)      3  : 0.4531 0.0000 0.0593 0.0047 0.3136 0.1693
21       21   (0)      3  : 0.5985 0.0000 0.0000 0.0032 0.2857 0.1127
22       22   (0)      3  : 0.4463 0.0000 0.0000 0.0000 0.4251 0.1286
23       23   (0)      3  : 0.6216 0.0000 0.0000 0.0000 0.2068 0.1716
24       24   (0)      3  : 0.5919 0.0000 0.0000 0.0000 0.1942 0.2139
25       25   (0)      3  : 0.0000 0.0000 0.8163 0.0000 0.0000 0.1837
26       26   (0)      4  : 0.0000 0.9293 0.0000 0.0000 0.0000 0.0707
27       27   (0)      4  : 0.4396 0.0000 0.0000 0.0204 0.3649 0.1751
28       28   (0)      4  : 0.5323 0.0000 0.0000 0.0051 0.2893 0.1734
29       29   (0)      4  : 0.0000 0.9745 0.0000 0.0000 0.0000 0.0255
30       30   (0)      4  : 0.2158 0.0000 0.0000 0.0000 0.6538 0.1304
31       31   (0)      4  : 0.6105 0.0000 0.0000 0.0000 0.2725 0.1170
32       32   (0)      4  : 0.1717 0.4618 0.0002 0.0201 0.2288 0.1174
33       33   (0)      4  : 0.3840 0.0000 0.0000 0.0000 0.4491 0.1670
34       34   (0)      4  : 0.2599 0.0000 0.0000 0.0001 0.5285 0.2115
35       35   (0)      4  : 0.4534 0.0000 0.0000 0.0204 0.3928 0.1334
36       36   (0)      4  : 0.2874 0.0000 0.0000 0.0000 0.6576 0.0550
37       37   (0)      4  : 0.3712 0.0000 0.0000 0.0000 0.4299 0.1990
38       38   (0)      4  : 0.5410 0.0000 0.0000 0.0043 0.3389 0.1158
39       39   (0)      4  : 0.0000 0.9796 0.0000 0.0000 0.0000 0.0204
40       40   (0)      5  : 0.2511 0.0000 0.0000 0.0025 0.5756 0.1707
41       41   (0)      5  : 0.6878 0.0000 0.0000 0.0204 0.1697 0.1221
42       42   (0)      5  : 0.4281 0.0000 0.0000 0.0000 0.3462 0.2256
43       43   (0)      5  : 0.0000 0.9771 0.0000 0.0000 0.0000 0.0229
44       44   (0)      5  : 0.5774 0.0000 0.0000 0.0000 0.2683 0.1542
45       45   (0)      5  : 0.2184 0.0000 0.0000 0.0034 0.5350 0.2432
46       46   (0)      5  : 0.7727 0.0000 0.0000 0.0047 0.1094 0.1132
47       47   (0)      5  : 0.8267 0.0000 0.0000 0.0204 0.0611 0.0919
48       48   (0)      5  : 0.2140 0.0000 0.0000 0.0000 0.5411 0.2449
49       49   (0)      5  : 0.0000 0.9592 0.0000 0.0000 0.0000 0.0408
50       50   (0)      5  : 0.5054 0.0000 0.0000 0.0000 0.3535 0.1411
51       51   (0)      5  : 0.0000 0.9604 0.0000 0.0000 0.0000 0.0396
52       52   (0)      5  : 0.0000 0.9388 0.0000 0.0000 0.0000 0.0612
53       53   (0)      6  : 0.0000 0.9592 0.0000 0.0000 0.0000 0.0408
54       54   (0)      6  : 0.4822 0.0000 0.0000 0.0046 0.2994 0.2138
55       55   (0)      6  : 0.0000 0.8051 0.0565 0.0676 0.0000 0.0709
56       56   (0)      6  : 0.0000 0.0000 1.0000 0.0000 0.0000 0.0000
57       57   (0)      6  : 0.0000 0.0000 0.9796 0.0000 0.0000 0.0204
58       58   (0)      6  : 0.0000 0.0000 1.0000 0.0000 0.0000 0.0000
59       59   (0)      6  : 0.1115 0.0053 0.0473 0.0000 0.5426 0.2934
60       60   (0)      6  : 0.2642 0.0000 0.0000 0.0000 0.6390 0.0967
61       61   (0)      6  : 0.6727 0.0000 0.0000 0.0066 0.1915 0.1292
62       62   (0)      6  : 0.4499 0.0000 0.0000 0.0000 0.2177 0.3324
63       63   (0)      6  : 0.0113 0.7655 0.0995 0.0266 0.0070 0.0901
64       64   (0)      7  : 0.0000 0.9962 0.0000 0.0000 0.0000 0.0038
65       65   (0)      7  : 0.0000 0.9796 0.0000 0.0000 0.0000 0.0204
66       66   (0)      7  : 0.0000 0.9233 0.0228 0.0000 0.0000 0.0540
67       67   (0)      7  : 0.0000 0.8498 0.0285 0.0602 0.0000 0.0616
68       68   (0)      8  : 0.4188 0.0000 0.0814 0.0011 0.2742 0.2244
69       69   (0)      8  : 0.3587 0.0351 0.1415 0.0034 0.2645 0.1969
70       70   (0)      8  : 0.0446 0.0000 0.0000 0.0000 0.8526 0.1027
71       71   (0)      8  : 0.3155 0.0183 0.0228 0.0024 0.4548 0.1862
72       72   (0)      8  : 0.0777 0.0000 0.0998 0.0000 0.6534 0.1691
73       73   (0)      8  : 0.0000 0.0000 1.0000 0.0000 0.0000 0.0000
74       74   (0)      9  : 0.0118 0.7239 0.1193 0.0506 0.0119 0.0825
75       75   (0)      9  : 0.0000 0.8121 0.0707 0.0000 0.0217 0.0955
76       76   (0)     10  : 0.0000 0.9591 0.0000 0.0000 0.0000 0.0408
77       77   (0)     11  : 0.0000 0.9592 0.0000 0.0000 0.0000 0.0408
78       78   (0)     12  : 0.0000 0.9796 0.0000 0.0000 0.0000 0.0204
79       79   (0)     13  : 0.1535 0.0000 0.5056 0.0035 0.0936 0.2437
80       80   (0)     13  : 0.0831 0.0000 0.0000 0.0000 0.7332 0.1837
