  1        1   (0)      1 :  0.0000 0.0000 0.0000 1.0000 0.0000 0.0000 0.0000 0.0000 
  2        2   (0)      2 :  0.0173 0.8838 0.0000 0.0000 0.0015 0.0000 0.0903 0.0072 
  3        3   (0)      2 :  0.2074 0.0000 0.7926 0.0000 0.0000 0.0000 0.0000 0.0000 
  4        4   (0)      3 :  0.2531 0.0392 0.5423 0.0000 0.0000 0.0000 0.1477 0.0178 
  5        5   (0)      3 :  0.2522 0.0122 0.6791 0.0000 0.0000 0.0142 0.0423 0.0000 
  6        6   (0)      3 :  0.2214 0.0000 0.7106 0.0000 0.0681 0.0000 0.0000 0.0000 
  7        7   (0)      3 :  0.0039 0.1232 0.0000 0.0000 0.0000 0.0000 0.0489 0.8240 
  8        8   (0)      3 :  0.1887 0.0593 0.6933 0.0000 0.0514 0.0000 0.0032 0.0041 
  9        9   (0)      3 :  0.2369 0.0000 0.7619 0.0000 0.0000 0.0013 0.0000 0.0000 
 10       10   (0)      4 :  0.2578 0.0343 0.7068 0.0000 0.0000 0.0009 0.0000 0.0002 
 11       11   (0)      4 :  0.0948 0.0000 0.3949 0.0000 0.0047 0.5056 0.0000 0.0000 
 12       12   (0)      4 :  0.2560 0.0000 0.7440 0.0000 0.0000 0.0000 0.0000 0.0000 
 13       13   (0)      4 :  0.0934 0.0000 0.9057 0.0000 0.0000 0.0009 0.0000 0.0000 
 14       14   (0)      5 :  0.0349 0.0000 0.0000 0.0000 0.0000 0.0000 0.9651 0.0000 
 15       15   (0)      5 :  0.0000 0.0000 0.0000 0.0000 0.0000 0.0000 0.0000 1.0000 
 16       16   (0)      5 :  0.0000 0.9826 0.0000 0.0017 0.0000 0.0000 0.0052 0.0105 
 17       17   (0)      5 :  0.0200 0.0000 0.0105 0.0000 0.0090 0.9600 0.0005 0.0000 
 18       18   (0)      5 :  0.0497 0.0000 0.9452 0.0000 0.0000 0.0050 0.0000 0.0000 
 19       19   (0)      5 :  0.0200 0.0000 0.0106 0.0000 0.0088 0.9600 0.0006 0.0000 
 20       20   (0)      5 :  0.1666 0.0000 0.8187 0.0000 0.0000 0.0146 0.0000 0.0000 
 21       21   (0)      5 :  0.1071 0.0000 0.8929 0.0000 0.0000 0.0000 0.0000 0.0000 
 22       22   (0)      5 :  0.0000 0.0000 0.0106 0.0000 0.0094 0.9800 0.0000 0.0000 
 23       23   (0)      5 :  0.2238 0.0000 0.7362 0.0000 0.0000 0.0400 0.0000 0.0000 
 24       24   (0)      5 :  0.0000 0.0000 0.0000 0.0000 0.0000 0.0000 0.0000 1.0000 
 25       25   (0)      5 :  0.0395 0.0000 0.0000 0.0000 0.0000 0.0000 0.9605 0.0000 
 26       26   (0)      5 :  0.0780 0.0000 0.9171 0.0000 0.0000 0.0050 0.0000 0.0000 
 27       27   (0)      5 :  0.0000 0.0000 0.0000 0.0000 0.0000 0.0000 0.0000 1.0000 
 28       28   (0)      5 :  0.0590 0.0797 0.0000 0.0000 0.0000 0.0053 0.0000 0.8560 
 29       29   (0)      6 :  0.0000 0.0000 0.0000 1.0000 0.0000 0.0000 0.0000 0.0000 
 30       30   (0)      6 :  0.0000 0.0016 0.0000 0.0000 0.9984 0.0000 0.0000 0.0000 
 31       31   (0)      6 :  0.2813 0.0000 0.7187 0.0000 0.0000 0.0000 0.0000 0.0000 
 32       32   (0)      6 :  0.2452 0.0298 0.5232 0.0000 0.0017 0.2001 0.0000 0.0000 
 33       33   (0)      6 :  0.3111 0.0881 0.0000 0.6008 0.0000 0.0000 0.0000 0.0000 
 34       34   (0)      6 :  0.0097 0.0000 0.0000 0.0000 0.0000 0.0000 0.9903 0.0000 
 35       35   (0)      6 :  0.0000 0.0000 0.0000 1.0000 0.0000 0.0000 0.0000 0.0000 
 36       36   (0)      6 :  0.0000 0.0000 0.0000 1.0000 0.0000 0.0000 0.0000 0.0000 
 37       37   (0)      7 :  0.0000 0.0000 0.0000 0.0000 1.0000 0.0000 0.0000 0.0000 
 38       38   (0)      7 :  0.0000 0.0000 0.0102 0.0000 0.0088 0.9800 0.0010 0.0000 
 39       39   (0)      7 :  0.0000 0.0000 0.0000 0.0000 0.0000 0.0000 1.0000 0.0000 
 40       40   (0)      7 :  0.0089 0.0000 0.0000 0.0000 0.0000 0.0000 0.9911 0.0000 
 41       41   (0)      7 :  0.0200 0.0000 0.0117 0.0000 0.0083 0.9600 0.0000 0.0000 
 42       42   (0)      7 :  0.0253 0.0000 0.0000 0.0000 0.0000 0.0000 0.9747 0.0000 
 43       43   (0)      7 :  0.0200 0.0000 0.0105 0.0000 0.0095 0.9600 0.0000 0.0000 
 44       44   (0)      7 :  0.0000 0.9800 0.0049 0.0050 0.0029 0.0000 0.0000 0.0072 
 45       45   (0)      7 :  0.2754 0.0000 0.7246 0.0000 0.0000 0.0000 0.0000 0.0000 
 46       46   (0)      7 :  0.0000 0.0000 0.0000 1.0000 0.0000 0.0000 0.0000 0.0000 
 47       47   (0)      7 :  0.0470 0.0000 0.9530 0.0000 0.0000 0.0000 0.0000 0.0000 
 48       48   (0)      7 :  0.0037 0.0004 0.0000 0.9959 0.0000 0.0000 0.0000 0.0000 
 49       49   (0)      7 :  0.0000 0.0000 0.0000 0.0000 1.0000 0.0000 0.0000 0.0000 
 50       50   (0)      7 :  0.0323 0.8805 0.0752 0.0000 0.0005 0.0007 0.0028 0.0081 
 51       51   (0)      7 :  0.0000 0.0000 0.0000 0.0000 1.0000 0.0000 0.0000 0.0000 
 52       52   (0)      7 :  0.0000 0.0000 0.0000 0.0000 0.0000 0.0000 0.0000 1.0000 
 53       53   (0)      7 :  0.0453 0.0000 0.9547 0.0000 0.0000 0.0000 0.0000 0.0000 
 54       54   (0)      7 :  0.0592 0.0000 0.9408 0.0000 0.0000 0.0000 0.0000 0.0000 
 55       55   (0)      7 :  0.1462 0.0000 0.8192 0.0000 0.0000 0.0346 0.0000 0.0000 
 56       56   (0)      7 :  0.2019 0.0000 0.7981 0.0000 0.0000 0.0000 0.0000 0.0000 
 57       57   (0)      8 :  0.0400 0.0000 0.0000 0.0000 0.0000 0.0000 0.9600 0.0000 
 58       58   (0)      8 :  0.0000 0.0000 0.0000 0.0000 0.0000 0.0000 0.0000 1.0000 
 59       59   (0)      8 :  0.0443 0.0000 0.9554 0.0000 0.0000 0.0003 0.0000 0.0000 
 60       60   (0)      8 :  0.0109 0.0000 0.0000 0.0000 0.0000 0.0000 0.9891 0.0000 
 61       61   (0)      8 :  0.0200 0.0000 0.0000 0.0000 0.0000 0.0000 0.9800 0.0000 
 62       62   (0)      8 :  0.0000 0.0000 0.0000 0.0000 1.0000 0.0000 0.0000 0.0000 
 63       63   (0)      8 :  0.0076 0.0000 0.0000 0.0000 0.0000 0.0000 0.9924 0.0000 
 64       64   (0)      8 :  0.1174 0.0000 0.8826 0.0000 0.0000 0.0000 0.0000 0.0000 
 65       65   (0)      8 :  0.0000 0.0000 0.0000 1.0000 0.0000 0.0000 0.0000 0.0000 
 66       66   (0)      8 :  0.0969 0.0000 0.9031 0.0000 0.0000 0.0000 0.0000 0.0000 
 67       67   (0)      8 :  0.1614 0.0000 0.8386 0.0000 0.0000 0.0000 0.0000 0.0000 
 68       68   (0)      8 :  0.0367 0.0000 0.9633 0.0000 0.0000 0.0000 0.0000 0.0000 
 69       69   (0)      8 :  0.0000 0.0000 0.0000 1.0000 0.0000 0.0000 0.0000 0.0000 
 70       70   (0)      8 :  0.0297 0.0000 0.0000 0.0000 0.0000 0.0000 0.9703 0.0000 
 71       71   (0)      8 :  0.0000 0.0000 0.0000 1.0000 0.0000 0.0000 0.0000 0.0000 
 72       72   (0)      8 :  0.0000 0.0000 0.0000 0.0000 1.0000 0.0000 0.0000 0.0000 
 73       73   (0)      8 :  0.0568 0.0000 0.1960 0.0000 0.0065 0.7407 0.0000 0.0000 
 74       74   (0)      8 :  0.1325 0.0000 0.8674 0.0000 0.0000 0.0000 0.0000 0.0000 
 75       75   (0)      8 :  0.0400 0.0000 0.9600 0.0000 0.0000 0.0000 0.0000 0.0000 
 76       76   (0)      8 :  0.0064 0.0000 0.0000 0.9936 0.0000 0.0000 0.0000 0.0000 
 77       77   (0)      8 :  0.1574 0.0000 0.8242 0.0000 0.0000 0.0184 0.0000 0.0000 
 78       78   (0)      9 :  0.0447 0.0000 0.0000 0.0000 0.0000 0.0000 0.9553 0.0000 
 79       79   (0)      9 :  0.0106 0.0000 0.0000 0.0000 0.0000 0.0000 0.9894 0.0000 
 80       80   (0)      9 :  0.0000 0.0000 0.0000 0.0000 1.0000 0.0000 0.0000 0.0000 
 81       81   (0)      9 :  0.0400 0.0000 0.0000 0.0000 0.0000 0.0000 0.9600 0.0000 
 82       82   (0)      9 :  0.0000 0.0000 0.0000 1.0000 0.0000 0.0000 0.0000 0.0000 
 83       83   (0)      9 :  0.1749 0.0600 0.7562 0.0000 0.0000 0.0084 0.0000 0.0004 
 84       84   (0)      9 :  0.3135 0.6302 0.0000 0.0000 0.0000 0.0200 0.0000 0.0363 
 85       85   (0)      9 :  0.0108 0.0000 0.9892 0.0000 0.0000 0.0000 0.0000 0.0000 
 86       86   (0)      9 :  0.1240 0.0000 0.8760 0.0000 0.0000 0.0000 0.0000 0.0000 
 87       87   (0)      9 :  0.1207 0.0000 0.8793 0.0000 0.0000 0.0000 0.0000 0.0000 
 88       88   (0)      9 :  0.0200 0.0000 0.0000 0.0000 0.0000 0.0000 0.9800 0.0000 
 89       89   (0)      9 :  0.0047 0.0000 0.0000 0.0000 0.0000 0.0000 0.9953 0.0000 
 90       90   (0)      9 :  0.1433 0.0000 0.5443 0.0000 0.0026 0.3098 0.0000 0.0000 
 91       91   (0)      9 :  0.0000 0.0000 0.0000 0.0000 1.0000 0.0000 0.0000 0.0000 
 92       92   (0)     10 :  0.0702 0.5095 0.0689 0.0000 0.0000 0.0027 0.3436 0.0050 
 93       93   (0)     11 :  0.0775 0.5315 0.1180 0.2197 0.0000 0.0042 0.0000 0.0490 
 94       94   (0)     11 :  0.0329 0.0000 0.0000 0.0000 0.0000 0.0033 0.0000 0.9638 
 95       95   (0)     11 :  0.2201 0.6177 0.0000 0.0000 0.0018 0.0200 0.0000 0.1405 
 96       96   (0)     12 :  0.0000 0.0000 0.0000 0.0000 0.0000 0.0000 0.0000 1.0000 
 97       97   (0)     12 :  0.0000 0.0000 0.0000 0.0000 0.0000 0.0000 0.0000 1.0000 
 98       98   (0)     12 :  0.0000 0.0000 0.0000 0.0000 0.0000 0.0000 0.0000 1.0000 
 99       99   (0)     12 :  0.0000 0.0000 0.0000 0.0000 0.0000 0.0000 0.0000 1.0000 
100      100   (0)     12 :  0.0000 0.0000 0.0000 1.0000 0.0000 0.0000 0.0000 0.0000 
101      101   (0)     13 :  0.0000 0.0000 0.0000 1.0000 0.0000 0.0000 0.0000 0.0000 
102      102   (0)     13 :  0.0000 0.0000 0.0000 0.0000 0.0000 0.0000 0.0000 1.0000 
103      103   (0)     14 :  0.0400 0.0682 0.0000 0.0000 0.0439 0.0000 0.8479 0.0000 
104      104   (0)     14 :  0.0000 0.0000 0.0000 1.0000 0.0000 0.0000 0.0000 0.0000 
105      105   (0)     14 :  0.0022 0.1439 0.0000 0.7495 0.0609 0.0000 0.0234 0.0201 
106      106   (0)     14 :  0.2727 0.0200 0.0000 0.7073 0.0000 0.0000 0.0000 0.0000 
107      107   (0)     14 :  0.0000 0.0000 0.0000 0.0000 1.0000 0.0000 0.0000 0.0000 
108      108   (0)     15 :  0.0000 0.9800 0.0000 0.0058 0.0027 0.0004 0.0033 0.0077 
109      109   (0)     15 :  0.1282 0.0091 0.0000 0.8627 0.0000 0.0000 0.0000 0.0000 
110      110   (0)     15 :  0.0000 0.0000 0.0000 1.0000 0.0000 0.0000 0.0000 0.0000 
111      111   (0)     15 :  0.1889 0.0000 0.8111 0.0000 0.0000 0.0000 0.0000 0.0000 
112      112   (0)     15 :  0.0345 0.0787 0.0000 0.0000 0.0000 0.0000 0.6895 0.1972 
113      113   (0)     15 :  0.0000 0.0000 0.0000 0.9917 0.0000 0.0000 0.0000 0.0083 
114      114   (0)     15 :  0.2812 0.0200 0.0000 0.6422 0.0000 0.0000 0.0000 0.0566 
