  1        1   (0)      1 :  0.0000 0.0000 0.0000 0.0000 0.0000 0.0000 0.0000 0.0000 0.0800 0.0000 0.9200 0.0000 0.0000 
  2        2   (0)      2 :  0.0000 0.0048 0.9148 0.0000 0.0423 0.0000 0.0000 0.0000 0.0200 0.0182 0.0000 0.0000 0.0000 
  3        3   (0)      2 :  0.0000 0.0000 0.0000 0.0619 0.0000 0.0000 0.6413 0.0000 0.0061 0.0000 0.0000 0.0000 0.2908 
  4        4   (0)      3 :  0.0000 0.0131 0.0030 0.7432 0.0602 0.0000 0.1372 0.0002 0.0101 0.0065 0.0000 0.0000 0.0265 
  5        5   (0)      3 :  0.0000 0.0010 0.0006 0.7478 0.0050 0.0000 0.2001 0.0000 0.0000 0.0000 0.0000 0.0008 0.0448 
  6        6   (0)      3 :  0.0000 0.0000 0.0000 0.4628 0.0054 0.0278 0.2663 0.0000 0.1182 0.0043 0.0000 0.0000 0.1151 
  7        7   (0)      3 :  0.0001 0.0144 0.1264 0.0000 0.0130 0.0000 0.0000 0.7998 0.0127 0.0335 0.0000 0.0000 0.0000 
  8        8   (0)      3 :  0.0000 0.0000 0.0152 0.5955 0.0328 0.0071 0.0932 0.0000 0.0436 0.0035 0.0000 0.0000 0.2090 
  9        9   (0)      3 :  0.0000 0.0000 0.0000 0.1470 0.0000 0.0000 0.5045 0.0000 0.0747 0.0000 0.0000 0.0003 0.2735 
 10       10   (0)      4 :  0.0000 0.0000 0.0022 0.4227 0.0047 0.0000 0.3120 0.0000 0.0921 0.0039 0.0000 0.0000 0.1625 
 11       11   (0)      4 :  0.0000 0.0000 0.0000 0.0336 0.0000 0.0000 0.2266 0.0000 0.0625 0.0200 0.0000 0.4719 0.1854 
 12       12   (0)      4 :  0.0000 0.0000 0.0000 0.1536 0.0000 0.0000 0.5477 0.0000 0.0657 0.0000 0.0000 0.0000 0.2330 
 13       13   (0)      4 :  0.0000 0.0000 0.0000 0.0070 0.0000 0.0000 0.2745 0.0000 0.0498 0.0000 0.0000 0.0002 0.6684 
 14       14   (0)      5 :  0.0000 0.6201 0.0000 0.0200 0.3076 0.0000 0.0000 0.0000 0.0523 0.0000 0.0000 0.0000 0.0000 
 15       15   (0)      5 :  0.0000 0.0000 0.0000 0.0000 0.0000 0.0000 0.0000 1.0000 0.0000 0.0000 0.0000 0.0000 0.0000 
 16       16   (0)      5 :  0.0000 0.0000 0.9600 0.0000 0.0000 0.0000 0.0000 0.0000 0.0000 0.0400 0.0000 0.0000 0.0000 
 17       17   (0)      5 :  0.0000 0.0000 0.0000 0.0200 0.0000 0.0000 0.0000 0.0000 0.0200 0.0000 0.0000 0.9600 0.0000 
 18       18   (0)      5 :  0.0000 0.0000 0.0000 0.0319 0.0000 0.0000 0.1202 0.0000 0.0016 0.0000 0.0000 0.0000 0.8463 
 19       19   (0)      5 :  0.0000 0.0000 0.0000 0.0300 0.0000 0.0000 0.0000 0.0000 0.0200 0.0000 0.0000 0.9500 0.0000 
 20       20   (0)      5 :  0.0000 0.0000 0.0000 0.0571 0.0000 0.0000 0.4959 0.0000 0.0644 0.0000 0.0000 0.0028 0.3798 
 21       21   (0)      5 :  0.0000 0.0000 0.0000 0.0079 0.0000 0.0000 0.2222 0.0000 0.0252 0.0000 0.0000 0.0000 0.7448 
 22       22   (0)      5 :  0.0000 0.0000 0.0000 0.0200 0.0000 0.0000 0.0000 0.0000 0.0462 0.0000 0.0000 0.9338 0.0000 
 23       23   (0)      5 :  0.0000 0.0000 0.0000 0.0846 0.0000 0.0000 0.6689 0.0000 0.0277 0.0000 0.0000 0.0123 0.2065 
 24       24   (0)      5 :  0.0000 0.0000 0.0000 0.0000 0.0000 0.0000 0.0000 1.0000 0.0000 0.0000 0.0000 0.0000 0.0000 
 25       25   (0)      5 :  0.0000 0.4773 0.0000 0.0158 0.4547 0.0000 0.0000 0.0000 0.0442 0.0080 0.0000 0.0000 0.0000 
 26       26   (0)      5 :  0.0000 0.0000 0.0000 0.1413 0.0000 0.0000 0.2324 0.0000 0.0493 0.0000 0.0000 0.0004 0.5765 
 27       27   (0)      5 :  0.0000 0.0000 0.0000 0.0000 0.0000 0.0000 0.0000 1.0000 0.0000 0.0000 0.0000 0.0000 0.0000 
 28       28   (0)      5 :  0.0268 0.0000 0.0074 0.0000 0.0000 0.0000 0.0000 0.7078 0.0375 0.2205 0.0000 0.0000 0.0000 
 29       29   (0)      6 :  0.0000 0.0000 0.0000 0.0000 0.0000 0.0000 0.0000 0.0000 0.0076 0.0000 0.9924 0.0000 0.0000 
 30       30   (0)      6 :  0.0000 0.0000 0.0036 0.0200 0.0142 0.8062 0.0000 0.0000 0.1068 0.0492 0.0000 0.0000 0.0000 
 31       31   (0)      6 :  0.0000 0.0000 0.0000 0.1065 0.0000 0.0000 0.7342 0.0000 0.0193 0.0000 0.0000 0.0000 0.1400 
 32       32   (0)      6 :  0.0005 0.0000 0.0006 0.4561 0.0031 0.0000 0.2937 0.0000 0.0418 0.0048 0.0000 0.1435 0.0560 
 33       33   (0)      6 :  0.9031 0.0000 0.0000 0.0000 0.0000 0.0000 0.0000 0.0000 0.0200 0.0000 0.0769 0.0000 0.0000 
 34       34   (0)      6 :  0.0000 0.8002 0.0000 0.0063 0.1593 0.0000 0.0000 0.0000 0.0342 0.0000 0.0000 0.0000 0.0000 
 35       35   (0)      6 :  0.0000 0.0000 0.0000 0.0000 0.0000 0.0000 0.0000 0.0000 0.0200 0.0000 0.9800 0.0000 0.0000 
 36       36   (0)      6 :  0.0000 0.0000 0.0000 0.0000 0.0000 0.0000 0.0000 0.0000 0.0200 0.0000 0.9800 0.0000 0.0000 
 37       37   (0)      7 :  0.0000 0.0000 0.0000 0.0000 0.0000 0.9497 0.0000 0.0000 0.0400 0.0103 0.0000 0.0000 0.0000 
 38       38   (0)      7 :  0.0000 0.0000 0.0000 0.0400 0.0000 0.0000 0.0000 0.0000 0.0244 0.0000 0.0000 0.9356 0.0000 
 39       39   (0)      7 :  0.0000 0.6224 0.0000 0.0400 0.3176 0.0000 0.0000 0.0000 0.0200 0.0000 0.0000 0.0000 0.0000 
 40       40   (0)      7 :  0.0000 0.7877 0.0000 0.0200 0.1723 0.0000 0.0000 0.0000 0.0200 0.0000 0.0000 0.0000 0.0000 
 41       41   (0)      7 :  0.0000 0.0000 0.0000 0.0200 0.0000 0.0000 0.0000 0.0000 0.0400 0.0000 0.0000 0.9400 0.0000 
 42       42   (0)      7 :  0.0000 0.9031 0.0000 0.0000 0.0969 0.0000 0.0000 0.0000 0.0000 0.0000 0.0000 0.0000 0.0000 
 43       43   (0)      7 :  0.0000 0.0000 0.0000 0.0200 0.0000 0.0000 0.0000 0.0000 0.0200 0.0200 0.0000 0.9400 0.0000 
 44       44   (0)      7 :  0.0000 0.0000 1.0000 0.0000 0.0000 0.0000 0.0000 0.0000 0.0000 0.0000 0.0000 0.0000 0.0000 
 45       45   (0)      7 :  0.0000 0.0000 0.0000 0.1813 0.0200 0.0000 0.5595 0.0000 0.0409 0.0000 0.0000 0.0000 0.1984 
 46       46   (0)      7 :  0.0014 0.0000 0.0000 0.0000 0.0000 0.0000 0.0000 0.0000 0.0271 0.0000 0.9715 0.0000 0.0000 
 47       47   (0)      7 :  0.0000 0.0000 0.0000 0.0400 0.0000 0.0000 0.0446 0.0000 0.0400 0.0000 0.0000 0.0000 0.8754 
 48       48   (0)      7 :  0.0182 0.0000 0.0000 0.0000 0.0000 0.0000 0.0000 0.0000 0.0434 0.0000 0.9384 0.0000 0.0000 
 49       49   (0)      7 :  0.0000 0.0000 0.0000 0.0200 0.0400 0.9200 0.0000 0.0000 0.0200 0.0000 0.0000 0.0000 0.0000 
 50       50   (0)      7 :  0.0000 0.0000 0.9761 0.0000 0.0000 0.0000 0.0000 0.0000 0.0000 0.0200 0.0000 0.0000 0.0039 
 51       51   (0)      7 :  0.0000 0.0000 0.0000 0.0000 0.0000 0.9370 0.0000 0.0000 0.0630 0.0000 0.0000 0.0000 0.0000 
 52       52   (0)      7 :  0.0000 0.0000 0.0000 0.0000 0.0000 0.0000 0.0000 0.9600 0.0200 0.0200 0.0000 0.0000 0.0000 
 53       53   (0)      7 :  0.0000 0.0000 0.0000 0.0176 0.0000 0.0000 0.2971 0.0000 0.0935 0.0000 0.0000 0.0000 0.5918 
 54       54   (0)      7 :  0.0000 0.0000 0.0000 0.0233 0.0000 0.0000 0.3674 0.0000 0.0330 0.0000 0.0000 0.0000 0.5763 
 55       55   (0)      7 :  0.0000 0.0000 0.0000 0.0493 0.0000 0.0000 0.4258 0.0000 0.0133 0.0000 0.0000 0.0193 0.4923 
 56       56   (0)      7 :  0.0000 0.0000 0.0000 0.1297 0.0000 0.0000 0.4033 0.0000 0.0690 0.0000 0.0000 0.0000 0.3980 
 57       57   (0)      8 :  0.0000 0.5436 0.0000 0.0000 0.3697 0.0000 0.0000 0.0000 0.0667 0.0200 0.0000 0.0000 0.0000 
 58       58   (0)      8 :  0.0000 0.0000 0.0000 0.0000 0.0000 0.0000 0.0000 0.9886 0.0000 0.0114 0.0000 0.0000 0.0000 
 59       59   (0)      8 :  0.0000 0.0000 0.0000 0.0000 0.0000 0.0000 0.1329 0.0000 0.0385 0.0000 0.0000 0.0004 0.8282 
 60       60   (0)      8 :  0.0000 0.5630 0.0000 0.0400 0.3657 0.0000 0.0000 0.0000 0.0313 0.0000 0.0000 0.0000 0.0000 
 61       61   (0)      8 :  0.0000 0.7703 0.0000 0.0070 0.2171 0.0000 0.0000 0.0000 0.0055 0.0000 0.0000 0.0000 0.0000 
 62       62   (0)      8 :  0.0000 0.0000 0.0000 0.0200 0.0400 0.8305 0.0000 0.0000 0.0495 0.0600 0.0000 0.0000 0.0000 
 63       63   (0)      8 :  0.0000 0.8184 0.0000 0.0000 0.1416 0.0000 0.0000 0.0000 0.0200 0.0200 0.0000 0.0000 0.0000 
 64       64   (0)      8 :  0.0000 0.0000 0.0000 0.2417 0.0082 0.0000 0.1486 0.0000 0.0788 0.0000 0.0000 0.0000 0.5227 
 65       65   (0)      8 :  0.0000 0.0000 0.0000 0.0000 0.0000 0.0000 0.0000 0.0000 0.1400 0.0000 0.8600 0.0000 0.0000 
 66       66   (0)      8 :  0.0000 0.0000 0.0000 0.1436 0.0000 0.0000 0.2878 0.0000 0.0180 0.0000 0.0000 0.0000 0.5506 
 67       67   (0)      8 :  0.0000 0.0000 0.0000 0.2813 0.0000 0.0000 0.3391 0.0000 0.1091 0.0000 0.0000 0.0000 0.2705 
 68       68   (0)      8 :  0.0000 0.0000 0.0000 0.0281 0.0000 0.0000 0.1996 0.0000 0.0120 0.0000 0.0000 0.0000 0.7603 
 69       69   (0)      8 :  0.0000 0.0000 0.0000 0.0000 0.0000 0.0000 0.0000 0.0000 0.0572 0.0000 0.9428 0.0000 0.0000 
 70       70   (0)      8 :  0.0000 0.6032 0.0000 0.0000 0.3589 0.0000 0.0000 0.0000 0.0379 0.0000 0.0000 0.0000 0.0000 
 71       71   (0)      8 :  0.0000 0.0000 0.0000 0.0000 0.0000 0.0000 0.0000 0.0000 0.1400 0.0000 0.8600 0.0000 0.0000 
 72       72   (0)      8 :  0.0000 0.0000 0.0000 0.0000 0.0284 0.9316 0.0000 0.0000 0.0400 0.0000 0.0000 0.0000 0.0000 
 73       73   (0)      8 :  0.0000 0.0000 0.0000 0.0085 0.0000 0.0000 0.0080 0.0000 0.1042 0.0000 0.0000 0.7139 0.1654 
 74       74   (0)      8 :  0.0000 0.0000 0.0000 0.2086 0.0115 0.0000 0.3083 0.0000 0.0620 0.0000 0.0000 0.0000 0.4097 
 75       75   (0)      8 :  0.0000 0.0000 0.0000 0.0200 0.0000 0.0000 0.0723 0.0000 0.0255 0.0000 0.0000 0.0000 0.8822 
 76       76   (0)      8 :  0.0474 0.0000 0.0000 0.0000 0.0000 0.0000 0.0000 0.0000 0.1200 0.0000 0.8326 0.0000 0.0000 
 77       77   (0)      8 :  0.0000 0.0000 0.0000 0.2949 0.0200 0.0000 0.3008 0.0000 0.0643 0.0000 0.0000 0.0017 0.3184 
 78       78   (0)      9 :  0.0000 0.5880 0.0000 0.0000 0.3193 0.0000 0.0000 0.0000 0.0927 0.0000 0.0000 0.0000 0.0000 
 79       79   (0)      9 :  0.0000 0.7559 0.0000 0.0200 0.2212 0.0000 0.0000 0.0000 0.0000 0.0029 0.0000 0.0000 0.0000 
 80       80   (0)      9 :  0.0000 0.0000 0.0000 0.0200 0.0060 0.8932 0.0000 0.0000 0.0809 0.0000 0.0000 0.0000 0.0000 
 81       81   (0)      9 :  0.0000 0.5846 0.0000 0.0061 0.3405 0.0000 0.0000 0.0000 0.0600 0.0089 0.0000 0.0000 0.0000 
 82       82   (0)      9 :  0.0000 0.0000 0.0000 0.0000 0.0000 0.0000 0.0000 0.0000 0.1050 0.0000 0.8950 0.0000 0.0000 
 83       83   (0)      9 :  0.0008 0.0000 0.0162 0.4206 0.0009 0.0000 0.2101 0.0000 0.1021 0.0128 0.0000 0.0018 0.2348 
 84       84   (0)      9 :  0.1268 0.0000 0.0673 0.0000 0.0200 0.0000 0.0000 0.0059 0.0400 0.7400 0.0000 0.0000 0.0000 
 85       85   (0)      9 :  0.0000 0.0000 0.0000 0.0379 0.0000 0.0000 0.1704 0.0000 0.0741 0.0000 0.0000 0.0000 0.7176 
 86       86   (0)      9 :  0.0000 0.0000 0.0000 0.0200 0.0000 0.0000 0.3819 0.0000 0.0667 0.0000 0.0000 0.0000 0.5314 
 87       87   (0)      9 :  0.0000 0.0000 0.0000 0.0197 0.0000 0.0000 0.3692 0.0000 0.0522 0.0000 0.0000 0.0000 0.5589 
 88       88   (0)      9 :  0.0000 0.8831 0.0000 0.0031 0.1020 0.0000 0.0000 0.0000 0.0118 0.0000 0.0000 0.0000 0.0000 
 89       89   (0)      9 :  0.0000 0.6007 0.0000 0.0400 0.3367 0.0000 0.0000 0.0000 0.0227 0.0000 0.0000 0.0000 0.0000 
 90       90   (0)      9 :  0.0000 0.0000 0.0000 0.0109 0.0000 0.0000 0.4870 0.0000 0.0540 0.0000 0.0000 0.2880 0.1600 
 91       91   (0)      9 :  0.0000 0.0000 0.0000 0.0272 0.0000 0.9128 0.0000 0.0000 0.0600 0.0000 0.0000 0.0000 0.0000 
 92       92   (0)     10 :  0.0000 0.1434 0.4750 0.0240 0.2339 0.0000 0.0207 0.0000 0.0638 0.0391 0.0000 0.0000 0.0001 
 93       93   (0)     11 :  0.0000 0.0000 0.7652 0.0000 0.0405 0.0000 0.0214 0.0035 0.1037 0.0368 0.0289 0.0000 0.0000 
 94       94   (0)     11 :  0.0150 0.0000 0.0000 0.0000 0.0000 0.0000 0.0000 0.7980 0.0400 0.1469 0.0000 0.0000 0.0000 
 95       95   (0)     11 :  0.1000 0.0000 0.0617 0.0000 0.0200 0.0000 0.0000 0.0183 0.0000 0.8000 0.0000 0.0000 0.0000 
 96       96   (0)     12 :  0.0000 0.0000 0.0000 0.0000 0.0000 0.0000 0.0000 1.0000 0.0000 0.0000 0.0000 0.0000 0.0000 
 97       97   (0)     12 :  0.0000 0.0000 0.0000 0.0000 0.0000 0.0000 0.0000 0.9800 0.0200 0.0000 0.0000 0.0000 0.0000 
 98       98   (0)     12 :  0.0000 0.0000 0.0000 0.0000 0.0000 0.0000 0.0000 0.9958 0.0042 0.0000 0.0000 0.0000 0.0000 
 99       99   (0)     12 :  0.0000 0.0000 0.0000 0.0000 0.0000 0.0000 0.0000 0.9761 0.0215 0.0024 0.0000 0.0000 0.0000 
100      100   (0)     12 :  0.0000 0.0000 0.0000 0.0000 0.0000 0.0000 0.0000 0.0000 0.0200 0.0000 0.9800 0.0000 0.0000 
101      101   (0)     13 :  0.0000 0.0000 0.0000 0.0000 0.0000 0.0000 0.0000 0.0000 0.1200 0.0000 0.8800 0.0000 0.0000 
102      102   (0)     13 :  0.0000 0.0000 0.0000 0.0000 0.0000 0.0000 0.0000 0.9748 0.0000 0.0252 0.0000 0.0000 0.0000 
103      103   (0)     14 :  0.0000 0.3417 0.0259 0.0400 0.4231 0.0073 0.0000 0.0000 0.1358 0.0263 0.0000 0.0000 0.0000 
104      104   (0)     14 :  0.0000 0.0000 0.0000 0.0000 0.0000 0.0000 0.0000 0.0000 0.0830 0.0000 0.9170 0.0000 0.0000 
105      105   (0)     14 :  0.0025 0.0000 0.1852 0.0018 0.0174 0.0073 0.0000 0.0007 0.1512 0.0082 0.6257 0.0000 0.0000 
106      106   (0)     14 :  0.9056 0.0000 0.0000 0.0000 0.0000 0.0000 0.0000 0.0000 0.0000 0.0000 0.0944 0.0000 0.0000 
107      107   (0)     14 :  0.0000 0.0000 0.0000 0.0200 0.0000 0.8957 0.0000 0.0000 0.0800 0.0043 0.0000 0.0000 0.0000 
108      108   (0)     15 :  0.0000 0.0000 1.0000 0.0000 0.0000 0.0000 0.0000 0.0000 0.0000 0.0000 0.0000 0.0000 0.0000 
109      109   (0)     15 :  0.4431 0.0000 0.0000 0.0000 0.0000 0.0000 0.0000 0.0000 0.0105 0.0000 0.5464 0.0000 0.0000 
110      110   (0)     15 :  0.0000 0.0000 0.0000 0.0000 0.0000 0.0000 0.0000 0.0000 0.0145 0.0000 0.9855 0.0000 0.0000 
111      111   (0)     15 :  0.0000 0.0000 0.0000 0.0563 0.0000 0.0000 0.5994 0.0000 0.0430 0.0000 0.0000 0.0000 0.3013 
112      112   (0)     15 :  0.0000 0.2593 0.0476 0.0319 0.3414 0.0000 0.0000 0.1221 0.1295 0.0683 0.0000 0.0000 0.0000 
113      113   (0)     15 :  0.0009 0.0000 0.0000 0.0000 0.0000 0.0000 0.0000 0.0065 0.0205 0.0000 0.9720 0.0000 0.0000 
114      114   (0)     15 :  0.9098 0.0000 0.0000 0.0000 0.0000 0.0000 0.0000 0.0056 0.0000 0.0000 0.0846 0.0000 0.0000 
