 1        1   (0)      1 :  0.1300 0.0956 0.0930 0.0842 0.1084 0.0000 0.0000 0.0000 0.0200 0.0000 0.0000 0.0915 0.2132 0.0000 0.1641 
 2        2   (0)      1 :  0.0000 0.0000 0.0000 0.0000 0.0000 0.0179 0.0156 0.0214 0.8936 0.0034 0.0000 0.0000 0.0481 0.0000 0.0000 
 3        3   (0)      1 :  0.1000 0.0522 0.1334 0.2680 0.0495 0.0000 0.0000 0.0000 0.0400 0.0200 0.0000 0.0995 0.1638 0.0000 0.0738 
 4        4   (0)      1 :  0.1506 0.3800 0.0400 0.1000 0.0600 0.0000 0.0000 0.0000 0.0400 0.0000 0.0000 0.0294 0.1600 0.0000 0.0400 
 5        5   (0)      1 :  0.0217 0.6464 0.0000 0.0600 0.0671 0.0000 0.0000 0.0000 0.0000 0.0000 0.0000 0.0651 0.0320 0.0000 0.1077 
 6        6   (0)      1 :  0.0469 0.1512 0.2600 0.0531 0.0632 0.0000 0.0000 0.0000 0.0236 0.0200 0.0000 0.0843 0.1200 0.0000 0.1777 
 7        7   (0)      1 :  0.0699 0.3043 0.2378 0.0977 0.1000 0.0000 0.0000 0.0000 0.0200 0.0000 0.0000 0.0623 0.0400 0.0000 0.0681 
 8        8   (0)      1 :  0.1168 0.3631 0.0236 0.0511 0.1107 0.0000 0.0000 0.0000 0.0025 0.0200 0.0000 0.0754 0.1113 0.0000 0.1254 
 9        9   (0)      1 :  0.0473 0.1886 0.0736 0.1244 0.0609 0.0000 0.0000 0.0000 0.0019 0.0022 0.0000 0.2151 0.1335 0.0000 0.1526 
10       10   (0)      1 :  0.0000 0.0034 0.0340 0.0000 0.0086 0.0000 0.0000 0.0000 0.0000 0.0018 0.0000 0.0069 0.0013 0.0000 0.9440 
11       11   (0)      1 :  0.2119 0.0419 0.2012 0.1308 0.0845 0.0000 0.0078 0.0010 0.0399 0.0640 0.0000 0.0825 0.0287 0.0000 0.1058 
12       12   (0)      1 :  0.0000 0.0000 0.0000 0.0000 0.0000 0.0000 0.0000 0.0200 0.9200 0.0000 0.0000 0.0000 0.0600 0.0000 0.0000 
13       13   (0)      1 :  0.1400 0.0200 0.0200 0.1344 0.1000 0.0000 0.0000 0.0000 0.0200 0.0200 0.0000 0.0931 0.2517 0.0000 0.2007 
14       14   (0)      2 :  0.2215 0.0457 0.0632 0.1233 0.1683 0.0000 0.0000 0.0000 0.0000 0.0035 0.0000 0.2319 0.0200 0.0000 0.1226 
15       15   (0)      2 :  0.0000 0.0000 0.0000 0.0000 0.0800 0.0000 0.0000 0.0000 0.0000 0.0000 0.9200 0.0000 0.0000 0.0000 0.0000 
16       16   (0)      2 :  0.0400 0.0000 0.0228 0.1273 0.0342 0.0000 0.0000 0.0000 0.0000 0.0000 0.0000 0.7361 0.0395 0.0000 0.0000 
17       17   (0)      2 :  0.1400 0.0600 0.0200 0.0000 0.1200 0.0000 0.0000 0.0000 0.0000 0.0400 0.0000 0.0800 0.1800 0.0000 0.3600 
18       18   (0)      2 :  0.0191 0.4270 0.0328 0.2530 0.0000 0.0000 0.0000 0.0000 0.0000 0.0000 0.0000 0.0600 0.1600 0.0000 0.0481 
19       19   (0)      2 :  0.1337 0.1622 0.0958 0.1614 0.0882 0.0000 0.0000 0.0000 0.0226 0.0000 0.0000 0.1364 0.0287 0.0000 0.1709 
20       20   (0)      2 :  0.1891 0.0819 0.0462 0.0531 0.0565 0.0000 0.0133 0.0000 0.0047 0.0319 0.0000 0.0166 0.3091 0.0000 0.1975 
21       21   (0)      2 :  0.0000 0.0062 0.0000 0.0024 0.0026 0.0000 0.0000 0.0000 0.0005 0.0000 0.0000 0.0000 0.8591 0.0000 0.1293 
22       22   (0)      2 :  0.1412 0.0966 0.1030 0.0748 0.0674 0.0000 0.0656 0.0000 0.0038 0.0565 0.0000 0.0249 0.2129 0.0000 0.1533 
23       23   (0)      2 :  0.0586 0.0109 0.0142 0.0112 0.0355 0.0000 0.3921 0.0000 0.0113 0.0274 0.0000 0.0110 0.3817 0.0000 0.0462 
24       24   (0)      2 :  0.0646 0.1097 0.0400 0.0999 0.0490 0.0000 0.0000 0.0000 0.0200 0.0000 0.0000 0.1036 0.4731 0.0000 0.0402 
25       25   (0)      2 :  0.0400 0.1357 0.0295 0.1702 0.0267 0.0000 0.0000 0.0000 0.0200 0.0000 0.0000 0.2123 0.1720 0.0000 0.1935 
26       26   (0)      2 :  0.0493 0.0716 0.0244 0.1509 0.0094 0.0000 0.3836 0.0000 0.0103 0.0266 0.0000 0.1702 0.0509 0.0000 0.0528 
27       27   (0)      2 :  0.0443 0.1082 0.0310 0.1977 0.0290 0.0000 0.0000 0.0000 0.0053 0.0400 0.0000 0.4075 0.1052 0.0000 0.0318 
28       28   (0)      3 :  0.0000 0.0000 0.0000 0.0000 0.0000 0.0000 0.0000 0.0400 0.0200 0.2200 0.0000 0.0000 0.0000 0.7200 0.0000 
29       29   (0)      3 :  0.4870 0.0200 0.1000 0.1000 0.0600 0.0000 0.0000 0.0000 0.0400 0.0000 0.0000 0.0600 0.0730 0.0000 0.0600 
30       30   (0)      3 :  0.0000 0.0000 0.0000 0.0000 0.0000 0.0000 1.0000 0.0000 0.0000 0.0000 0.0000 0.0000 0.0000 0.0000 0.0000 
31       31   (0)      3 :  0.0931 0.0000 0.1017 0.0644 0.0726 0.0000 0.5340 0.0187 0.0017 0.0092 0.0000 0.0145 0.0628 0.0000 0.0274 
32       32   (0)      3 :  0.0000 0.0000 0.0000 0.0000 0.0400 0.0000 0.0000 0.0000 0.0000 0.0000 0.9600 0.0000 0.0000 0.0000 0.0000 
33       33   (0)      3 :  0.0400 0.0600 0.1000 0.3067 0.1240 0.0000 0.0000 0.0000 0.0400 0.0200 0.0000 0.1400 0.0600 0.0000 0.1093 
34       34   (0)      3 :  0.0000 0.0000 0.0000 0.0000 0.0000 0.8458 0.0000 0.1285 0.0000 0.0257 0.0000 0.0000 0.0000 0.0000 0.0000 
35       35   (0)      3 :  0.0000 0.0000 0.0000 0.0000 0.0453 0.5008 0.0000 0.2772 0.0000 0.0755 0.0000 0.0000 0.0000 0.1012 0.0000 
36       36   (0)      3 :  0.0000 0.0000 0.0000 0.0000 0.0200 0.8143 0.0000 0.1257 0.0000 0.0400 0.0000 0.0000 0.0000 0.0000 0.0000 
37       37   (0)      3 :  0.0663 0.4385 0.0789 0.0800 0.1000 0.0000 0.0000 0.0000 0.0000 0.0000 0.0000 0.0781 0.0482 0.0000 0.1100 
38       38   (0)      3 :  0.0000 0.0000 0.0000 0.0000 0.0400 0.0000 0.9200 0.0000 0.0200 0.0200 0.0000 0.0000 0.0000 0.0000 0.0000 
39       39   (0)      3 :  0.0000 0.0000 0.0000 0.0000 0.0200 0.0000 0.9800 0.0000 0.0000 0.0000 0.0000 0.0000 0.0000 0.0000 0.0000 
40       40   (0)      3 :  0.0827 0.1200 0.1680 0.0600 0.1200 0.0000 0.0000 0.0000 0.0200 0.0200 0.0000 0.2821 0.0600 0.0000 0.0672 
41       41   (0)      3 :  0.0600 0.1000 0.1000 0.1400 0.1000 0.0000 0.0000 0.0000 0.0200 0.0200 0.0000 0.2600 0.1400 0.0000 0.0600 
42       42   (0)      3 :  0.0000 0.0000 0.0000 0.0000 0.0000 0.0000 0.0000 0.0200 0.0000 0.0000 0.9800 0.0000 0.0000 0.0000 0.0000 
43       43   (0)      3 :  0.0000 0.0000 0.0000 0.0000 0.0000 0.2082 0.0000 0.7105 0.0000 0.0287 0.0267 0.0000 0.0000 0.0259 0.0000 
44       44   (0)      3 :  0.0852 0.0543 0.1547 0.0200 0.1000 0.0000 0.0000 0.0400 0.0200 0.0400 0.0000 0.1825 0.0752 0.0000 0.2280 
45       45   (0)      3 :  0.0200 0.0000 0.0200 0.0108 0.0904 0.0000 0.0000 0.0000 0.0200 0.0200 0.0000 0.7372 0.0215 0.0000 0.0600 
46       46   (0)      4 :  0.0000 0.0000 0.0000 0.0000 0.0400 0.0000 0.0000 0.0400 0.0200 0.1800 0.0000 0.0000 0.0000 0.7200 0.0000 
47       47   (0)      4 :  0.0000 0.0000 0.0000 0.0000 0.0000 0.0000 0.0000 0.1000 0.0000 0.2400 0.0000 0.0000 0.0000 0.6600 0.0000 
48       48   (0)      4 :  0.0400 0.0200 0.5257 0.0000 0.0528 0.0000 0.0000 0.0000 0.0000 0.0000 0.0000 0.2586 0.0200 0.0000 0.0828 
49       49   (0)      4 :  0.3998 0.0288 0.2617 0.0111 0.0600 0.0000 0.0000 0.0000 0.0000 0.0106 0.0000 0.0073 0.1226 0.0000 0.0981 
50       50   (0)      4 :  0.1660 0.0362 0.4251 0.1404 0.0661 0.0000 0.0046 0.0020 0.0002 0.0200 0.0000 0.0126 0.1122 0.0000 0.0147 
51       51   (0)      4 :  0.3415 0.0216 0.2467 0.1570 0.0622 0.0000 0.0132 0.0000 0.0037 0.0155 0.0000 0.0136 0.0197 0.0000 0.1053 
52       52   (0)      4 :  0.0635 0.0758 0.0864 0.3488 0.0325 0.0000 0.0000 0.0000 0.0000 0.0000 0.0000 0.1717 0.1762 0.0000 0.0451 
53       53   (0)      4 :  0.1400 0.0200 0.1665 0.0929 0.1400 0.0000 0.0000 0.0400 0.0260 0.0000 0.0000 0.1295 0.1851 0.0000 0.0600 
54       54   (0)      4 :  0.0800 0.0800 0.2609 0.0781 0.1032 0.0000 0.0000 0.0000 0.0200 0.0200 0.0000 0.0448 0.1445 0.0000 0.1685 
55       55   (0)      4 :  0.1050 0.0130 0.0536 0.0269 0.0313 0.0000 0.6222 0.0137 0.0270 0.0392 0.0000 0.0133 0.0290 0.0000 0.0259 
56       56   (0)      4 :  0.1400 0.1275 0.1000 0.1125 0.1071 0.0000 0.0000 0.0000 0.0400 0.0400 0.0000 0.0729 0.1400 0.0000 0.1200 
57       57   (0)      5 :  0.0947 0.0748 0.0254 0.3028 0.0937 0.0000 0.0000 0.0000 0.0263 0.0058 0.0000 0.1086 0.0993 0.0000 0.1684 
58       58   (0)      5 :  0.0984 0.0943 0.1021 0.1832 0.0464 0.0005 0.0000 0.0063 0.0061 0.0100 0.0000 0.0981 0.0939 0.0084 0.2524 
59       59   (0)      5 :  0.0567 0.0393 0.0458 0.4093 0.1018 0.0000 0.0000 0.0000 0.0400 0.0000 0.0000 0.0355 0.2019 0.0000 0.0696 
60       60   (0)      5 :  0.0000 0.0000 0.0000 0.0000 0.0200 0.0000 0.0000 0.0600 0.0000 0.0967 0.0000 0.0000 0.0000 0.8233 0.0000 
61       61   (0)      5 :  0.0000 0.0000 0.0000 0.0004 0.0000 0.0013 0.0000 0.0514 0.0000 0.2570 0.0000 0.0000 0.0001 0.6896 0.0002 
62       62   (0)      5 :  0.0000 0.0000 0.0000 0.0000 0.0000 0.0000 0.0000 0.0000 0.0000 0.0200 0.9800 0.0000 0.0000 0.0000 0.0000 
63       63   (0)      6 :  0.0000 0.0000 0.0000 0.0000 0.0400 0.7733 0.0000 0.1467 0.0000 0.0400 0.0000 0.0000 0.0000 0.0000 0.0000 
64       64   (0)      6 :  0.0000 0.0000 0.0000 0.0000 0.0200 0.0000 0.0000 0.1000 0.0000 0.1600 0.0000 0.0000 0.0000 0.7200 0.0000 
65       65   (0)      6 :  0.0000 0.0000 0.0000 0.0000 0.0000 0.8755 0.0000 0.0845 0.0000 0.0400 0.0000 0.0000 0.0000 0.0000 0.0000 
66       66   (0)      6 :  0.0068 0.0853 0.0028 0.0439 0.0319 0.0165 0.0000 0.0763 0.0013 0.1071 0.0273 0.0510 0.0183 0.5150 0.0165 
67       67   (0)      6 :  0.0000 0.0000 0.0000 0.0000 0.0000 0.0000 0.0000 0.0200 0.0000 0.1356 0.0000 0.0000 0.0000 0.8444 0.0000 
68       68   (0)      6 :  0.0000 0.0000 0.0000 0.0000 0.0255 0.0730 0.0928 0.0318 0.0049 0.2152 0.0000 0.0000 0.0000 0.5568 0.0000 
69       69   (0)      6 :  0.1407 0.0816 0.1010 0.1012 0.0658 0.0506 0.0095 0.0113 0.0212 0.0550 0.0032 0.0954 0.1106 0.0358 0.1171 
70       70   (0)      6 :  0.0000 0.0000 0.0000 0.0000 0.0200 0.0000 0.0000 0.0508 0.0000 0.1600 0.0000 0.0000 0.0000 0.7692 0.0000 
71       71   (0)      6 :  0.2465 0.1000 0.0200 0.0470 0.0400 0.0000 0.0000 0.0000 0.0400 0.0400 0.0000 0.2535 0.0600 0.0000 0.1530 
72       72   (0)      6 :  0.0000 0.0000 0.0000 0.0000 0.0000 0.0000 0.0000 0.0800 0.0000 0.1488 0.0000 0.0000 0.0000 0.7712 0.0000 
73       73   (0)      6 :  0.0000 0.0000 0.0000 0.0000 0.0107 0.9235 0.0000 0.0000 0.0017 0.0641 0.0000 0.0000 0.0000 0.0000 0.0000 
74       74   (0)      6 :  0.0000 0.0000 0.0000 0.0000 0.0197 0.0008 0.0904 0.0244 0.0038 0.2212 0.0002 0.0000 0.0000 0.6394 0.0000 
75       75   (0)      6 :  0.0000 0.0000 0.0000 0.0000 0.0320 0.8511 0.0290 0.0400 0.0024 0.0455 0.0000 0.0000 0.0000 0.0000 0.0000 
76       76   (0)      6 :  0.0000 0.0000 0.0000 0.0000 0.0225 0.0000 0.1292 0.0033 0.0000 0.2345 0.0000 0.0000 0.0000 0.6105 0.0000 
77       77   (0)      6 :  0.0000 0.0000 0.0000 0.0000 0.0226 0.0030 0.1384 0.0038 0.0059 0.1838 0.0000 0.0000 0.0000 0.6425 0.0000 
78       78   (0)      6 :  0.0000 0.0000 0.0000 0.0000 0.0349 0.6727 0.1711 0.0084 0.0062 0.1068 0.0000 0.0000 0.0000 0.0000 0.0000 
79       79   (0)      6 :  0.0000 0.0000 0.0000 0.0000 0.0200 0.8511 0.0000 0.0689 0.0000 0.0600 0.0000 0.0000 0.0000 0.0000 0.0000 
80       80   (0)      7 :  0.0400 0.5322 0.1294 0.0706 0.0200 0.0000 0.0000 0.0000 0.0200 0.0070 0.0000 0.0539 0.0469 0.0000 0.0800 
81       81   (0)      8 :  0.1466 0.0126 0.3406 0.0157 0.0400 0.0000 0.0051 0.0000 0.0000 0.1400 0.0000 0.0323 0.0321 0.0000 0.2349 
82       82   (0)      9 :  0.0000 0.0000 0.0000 0.0000 0.0200 0.0000 0.9600 0.0000 0.0000 0.0200 0.0000 0.0000 0.0000 0.0000 0.0000 
83       83   (0)     10 :  0.1639 0.0427 0.1846 0.0972 0.0709 0.0000 0.0923 0.0004 0.0098 0.0474 0.0000 0.0292 0.1698 0.0000 0.0918 
84       84   (0)     11 :  0.0117 0.1321 0.0600 0.4974 0.0109 0.0000 0.0000 0.0000 0.0200 0.0000 0.0000 0.0479 0.1600 0.0000 0.0600 
85       85   (0)     11 :  0.0059 0.0239 0.0388 0.0344 0.0239 0.0000 0.4597 0.0000 0.0000 0.0000 0.0000 0.0126 0.0495 0.0000 0.3512 
86       86   (0)     12 :  0.1288 0.0338 0.0677 0.0346 0.0873 0.0000 0.3313 0.0000 0.0448 0.1162 0.0000 0.0454 0.0111 0.0000 0.0990 
87       87   (0)     12 :  0.0770 0.0828 0.0679 0.0741 0.0690 0.0000 0.1319 0.0000 0.0167 0.1131 0.0000 0.0400 0.2296 0.0000 0.0978 
88       88   (0)     12 :  0.1001 0.0477 0.1205 0.0920 0.0271 0.0000 0.0000 0.0000 0.0027 0.0048 0.0000 0.2727 0.0568 0.0000 0.2757 
89       89   (0)     12 :  0.1012 0.0752 0.0806 0.0256 0.0760 0.0000 0.1451 0.0007 0.0025 0.0963 0.0000 0.0279 0.1646 0.0000 0.2044 
90       90   (0)     12 :  0.0000 0.0000 0.0000 0.0000 0.0600 0.7152 0.0000 0.1789 0.0000 0.0459 0.0000 0.0000 0.0000 0.0000 0.0000 
91       91   (0)     12 :  0.0456 0.1317 0.2839 0.1093 0.0865 0.0000 0.0000 0.0000 0.0039 0.0000 0.0000 0.0662 0.1298 0.0000 0.1432 
92       92   (0)     12 :  0.1163 0.0507 0.0637 0.1034 0.0676 0.0000 0.0000 0.0029 0.0011 0.0000 0.0000 0.0221 0.2252 0.0000 0.3470 
93       93   (0)     12 :  0.1889 0.0797 0.0000 0.1348 0.0773 0.0000 0.0000 0.0000 0.0400 0.0000 0.0000 0.0873 0.1236 0.0000 0.2683 
94       94   (0)     13 :  0.0650 0.1327 0.0800 0.0525 0.1515 0.0000 0.0000 0.0000 0.0400 0.0000 0.0000 0.1384 0.1200 0.0000 0.2200 
