1        1   (0)      1  : 0.0000 1.0000 0.0000 0.0000 0.0000 0.0000 0.0000 0.0000 0.0000 0.0000
2        2   (0)      2  : 0.0000 0.0000 0.0105 0.0000 0.0000 0.9062 0.0000 0.0278 0.0278 0.0278
3        3   (0)      2  : 0.8361 0.0000 0.0000 0.0000 0.0000 0.0000 0.0000 0.0000 0.1639 0.0000
4        4   (0)      3  : 0.1301 0.0000 0.1038 0.0026 0.0000 0.0255 0.0000 0.0023 0.7110 0.0248
5        5   (0)      3  : 0.2150 0.0000 0.0133 0.0000 0.0000 0.0008 0.0040 0.0000 0.7572 0.0097
6        6   (0)      3  : 0.3265 0.0000 0.0000 0.0000 0.0546 0.0000 0.0000 0.0000 0.6190 0.0000
7        7   (0)      3  : 0.0000 0.0000 0.0209 0.8194 0.0000 0.1454 0.0000 0.0002 0.0009 0.0132
8        8   (0)      3  : 0.2179 0.0000 0.0000 0.0000 0.0228 0.0274 0.0000 0.0037 0.7189 0.0092
9        9   (0)      3  : 0.5665 0.0000 0.0000 0.0000 0.0000 0.0000 0.0004 0.0000 0.4331 0.0000
10       10   (0)      4  : 0.4314 0.0000 0.0000 0.0000 0.0000 0.0123 0.0000 0.0033 0.5400 0.0129
11       11   (0)      4  : 0.4114 0.0000 0.0000 0.0000 0.0000 0.0000 0.5253 0.0000 0.0633 0.0000
12       12   (0)      4  : 0.6671 0.0000 0.0000 0.0000 0.0000 0.0000 0.0000 0.0000 0.3329 0.0000
13       13   (0)      4  : 0.8164 0.0000 0.0000 0.0000 0.0000 0.0000 0.0007 0.0000 0.1829 0.0000
14       14   (0)      5  : 0.0000 0.0000 0.8021 0.0000 0.0000 0.0000 0.0000 0.0000 0.0278 0.1701
15       15   (0)      5  : 0.0000 0.0000 0.0000 1.0000 0.0000 0.0000 0.0000 0.0000 0.0000 0.0000
16       16   (0)      5  : 0.0000 0.0000 0.0000 0.0000 0.0000 1.0000 0.0000 0.0000 0.0000 0.0000
17       17   (0)      5  : 0.0000 0.0000 0.0000 0.0000 0.0000 0.0000 1.0000 0.0000 0.0000 0.0000
18       18   (0)      5  : 0.7679 0.0000 0.0000 0.0000 0.0000 0.0000 0.0025 0.0000 0.2296 0.0000
19       19   (0)      5  : 0.0000 0.0000 0.0000 0.0000 0.0000 0.0000 1.0000 0.0000 0.0000 0.0000
20       20   (0)      5  : 0.8098 0.0000 0.0000 0.0000 0.0000 0.0000 0.0090 0.0000 0.1812 0.0000
21       21   (0)      5  : 0.7635 0.0000 0.0000 0.0000 0.0000 0.0000 0.0000 0.0000 0.2365 0.0000
22       22   (0)      5  : 0.0000 0.0000 0.0000 0.0000 0.0000 0.0000 1.0000 0.0000 0.0000 0.0000
23       23   (0)      5  : 0.7072 0.0000 0.0000 0.0000 0.0000 0.0000 0.0270 0.0000 0.2658 0.0000
24       24   (0)      5  : 0.0000 0.0000 0.0000 1.0000 0.0000 0.0000 0.0000 0.0000 0.0000 0.0000
25       25   (0)      5  : 0.0000 0.0000 0.8672 0.0000 0.0000 0.0000 0.0000 0.0000 0.0278 0.1050
26       26   (0)      5  : 0.6894 0.0000 0.0000 0.0000 0.0000 0.0000 0.0023 0.0000 0.3083 0.0000
27       27   (0)      5  : 0.0000 0.0000 0.0000 1.0000 0.0000 0.0000 0.0000 0.0000 0.0000 0.0000
28       28   (0)      5  : 0.0000 0.0000 0.0000 0.7802 0.0000 0.0276 0.0000 0.0519 0.0000 0.1403
29       29   (0)      6  : 0.0000 1.0000 0.0000 0.0000 0.0000 0.0000 0.0000 0.0000 0.0000 0.0000
30       30   (0)      6  : 0.0000 0.0000 0.0000 0.0000 0.9874 0.0000 0.0000 0.0028 0.0000 0.0097
31       31   (0)      6  : 0.5444 0.0000 0.0000 0.0000 0.0000 0.0000 0.0000 0.0000 0.4556 0.0000
32       32   (0)      6  : 0.2082 0.0000 0.0000 0.0000 0.0000 0.0065 0.1795 0.0038 0.5868 0.0152
33       33   (0)      6  : 0.0000 0.1731 0.0000 0.0000 0.0000 0.0043 0.0000 0.8226 0.0000 0.0000
34       34   (0)      6  : 0.0000 0.0000 0.8762 0.0000 0.0000 0.0000 0.0000 0.0000 0.0303 0.0935
35       35   (0)      6  : 0.0000 1.0000 0.0000 0.0000 0.0000 0.0000 0.0000 0.0000 0.0000 0.0000
36       36   (0)      6  : 0.0000 1.0000 0.0000 0.0000 0.0000 0.0000 0.0000 0.0000 0.0000 0.0000
37       37   (0)      7  : 0.0000 0.0000 0.0000 0.0000 0.9722 0.0000 0.0000 0.0000 0.0000 0.0278
38       38   (0)      7  : 0.0000 0.0000 0.0000 0.0000 0.0000 0.0000 1.0000 0.0000 0.0000 0.0000
39       39   (0)      7  : 0.0000 0.0000 0.9093 0.0000 0.0000 0.0000 0.0000 0.0000 0.0185 0.0722
40       40   (0)      7  : 0.0000 0.0000 0.9364 0.0000 0.0000 0.0000 0.0000 0.0000 0.0000 0.0636
41       41   (0)      7  : 0.0000 0.0000 0.0000 0.0000 0.0000 0.0000 1.0000 0.0000 0.0000 0.0000
42       42   (0)      7  : 0.0000 0.0000 0.8868 0.0000 0.0000 0.0000 0.0000 0.0000 0.0278 0.0854
43       43   (0)      7  : 0.0000 0.0000 0.0000 0.0000 0.0000 0.0000 1.0000 0.0000 0.0000 0.0000
44       44   (0)      7  : 0.0000 0.0000 0.0000 0.0000 0.0000 1.0000 0.0000 0.0000 0.0000 0.0000
45       45   (0)      7  : 0.7073 0.0000 0.0000 0.0000 0.0000 0.0000 0.0000 0.0000 0.2927 0.0000
46       46   (0)      7  : 0.0000 1.0000 0.0000 0.0000 0.0000 0.0000 0.0000 0.0000 0.0000 0.0000
47       47   (0)      7  : 0.7564 0.0000 0.0000 0.0000 0.0000 0.0000 0.0000 0.0000 0.2436 0.0000
48       48   (0)      7  : 0.0000 0.9898 0.0000 0.0000 0.0000 0.0000 0.0000 0.0102 0.0000 0.0000
49       49   (0)      7  : 0.0000 0.0000 0.0000 0.0000 0.9444 0.0000 0.0000 0.0000 0.0000 0.0556
50       50   (0)      7  : 0.0116 0.0000 0.0000 0.0000 0.0000 0.9753 0.0000 0.0000 0.0131 0.0000
51       51   (0)      7  : 0.0000 0.0000 0.0000 0.0000 0.9601 0.0000 0.0000 0.0000 0.0000 0.0399
52       52   (0)      7  : 0.0000 0.0000 0.0000 1.0000 0.0000 0.0000 0.0000 0.0000 0.0000 0.0000
53       53   (0)      7  : 0.9121 0.0000 0.0000 0.0000 0.0000 0.0000 0.0000 0.0000 0.0879 0.0000
54       54   (0)      7  : 0.8599 0.0000 0.0000 0.0000 0.0000 0.0000 0.0000 0.0000 0.1401 0.0000
55       55   (0)      7  : 0.6569 0.0000 0.0000 0.0000 0.0000 0.0000 0.0287 0.0000 0.3143 0.0000
56       56   (0)      7  : 0.5989 0.0000 0.0000 0.0000 0.0000 0.0000 0.0000 0.0000 0.4011 0.0000
57       57   (0)      8  : 0.0000 0.0000 0.8204 0.0000 0.0000 0.0000 0.0000 0.0000 0.0310 0.1486
58       58   (0)      8  : 0.0000 0.0000 0.0000 1.0000 0.0000 0.0000 0.0000 0.0000 0.0000 0.0000
59       59   (0)      8  : 0.8499 0.0000 0.0000 0.0000 0.0000 0.0000 0.0001 0.0000 0.1500 0.0000
60       60   (0)      8  : 0.0000 0.0000 0.8898 0.0000 0.0000 0.0000 0.0000 0.0000 0.0278 0.0824
61       61   (0)      8  : 0.0000 0.0000 0.8249 0.0000 0.0000 0.0000 0.0000 0.0000 0.0363 0.1389
62       62   (0)      8  : 0.0000 0.0000 0.0000 0.0000 1.0000 0.0000 0.0000 0.0000 0.0000 0.0000
63       63   (0)      8  : 0.0000 0.0000 0.8854 0.0000 0.0000 0.0000 0.0000 0.0000 0.0278 0.0868
64       64   (0)      8  : 0.5162 0.0000 0.0000 0.0000 0.0000 0.0000 0.0000 0.0000 0.4838 0.0000
65       65   (0)      8  : 0.0000 1.0000 0.0000 0.0000 0.0000 0.0000 0.0000 0.0000 0.0000 0.0000
66       66   (0)      8  : 0.6176 0.0000 0.0000 0.0000 0.0000 0.0000 0.0000 0.0000 0.3824 0.0000
67       67   (0)      8  : 0.5585 0.0000 0.0000 0.0000 0.0000 0.0000 0.0000 0.0000 0.4414 0.0001
68       68   (0)      8  : 0.8441 0.0000 0.0000 0.0000 0.0000 0.0000 0.0000 0.0000 0.1559 0.0000
69       69   (0)      8  : 0.0000 1.0000 0.0000 0.0000 0.0000 0.0000 0.0000 0.0000 0.0000 0.0000
70       70   (0)      8  : 0.0000 0.0000 0.8527 0.0000 0.0000 0.0000 0.0000 0.0000 0.0278 0.1195
71       71   (0)      8  : 0.0000 1.0000 0.0000 0.0000 0.0000 0.0000 0.0000 0.0000 0.0000 0.0000
72       72   (0)      8  : 0.0000 0.0000 0.0000 0.0000 0.9722 0.0000 0.0000 0.0000 0.0000 0.0278
73       73   (0)      8  : 0.1350 0.0000 0.0000 0.0000 0.0000 0.0000 0.7374 0.0000 0.1276 0.0000
74       74   (0)      8  : 0.6803 0.0000 0.0000 0.0000 0.0000 0.0000 0.0000 0.0000 0.3197 0.0000
75       75   (0)      8  : 0.7770 0.0000 0.0000 0.0000 0.0000 0.0000 0.0000 0.0000 0.2230 0.0000
76       76   (0)      8  : 0.0000 0.9585 0.0000 0.0000 0.0000 0.0000 0.0000 0.0415 0.0000 0.0000
77       77   (0)      8  : 0.4942 0.0000 0.0000 0.0000 0.0000 0.0000 0.0087 0.0000 0.4971 0.0000
78       78   (0)      9  : 0.0000 0.0000 0.8254 0.0000 0.0000 0.0000 0.0000 0.0000 0.0278 0.1468
79       79   (0)      9  : 0.0000 0.0000 0.8433 0.0000 0.0000 0.0000 0.0000 0.0000 0.0278 0.1289
80       80   (0)      9  : 0.0000 0.0000 0.0000 0.0000 0.9167 0.0000 0.0000 0.0000 0.0000 0.0833
81       81   (0)      9  : 0.0000 0.0000 0.7746 0.0000 0.0000 0.0000 0.0000 0.0000 0.0278 0.1976
82       82   (0)      9  : 0.0000 1.0000 0.0000 0.0000 0.0000 0.0000 0.0000 0.0000 0.0000 0.0000
83       83   (0)      9  : 0.5007 0.0000 0.0000 0.0000 0.0000 0.0310 0.0078 0.0082 0.4362 0.0162
84       84   (0)      9  : 0.0000 0.0000 0.0000 0.0191 0.0000 0.1885 0.0000 0.2645 0.0000 0.5278
85       85   (0)      9  : 0.8655 0.0000 0.0000 0.0000 0.0000 0.0000 0.0000 0.0000 0.1345 0.0000
86       86   (0)      9  : 0.8545 0.0000 0.0000 0.0000 0.0000 0.0000 0.0000 0.0000 0.1455 0.0000
87       87   (0)      9  : 0.8419 0.0000 0.0000 0.0000 0.0000 0.0000 0.0000 0.0000 0.1581 0.0000
88       88   (0)      9  : 0.0000 0.0000 0.8640 0.0000 0.0000 0.0000 0.0000 0.0000 0.0249 0.1111
89       89   (0)      9  : 0.0000 0.0000 0.8927 0.0000 0.0000 0.0000 0.0000 0.0000 0.0102 0.0971
90       90   (0)      9  : 0.5799 0.0000 0.0000 0.0000 0.0000 0.0000 0.3156 0.0000 0.1045 0.0000
91       91   (0)      9  : 0.0000 0.0000 0.0000 0.0000 0.9879 0.0000 0.0000 0.0000 0.0000 0.0121
92       92   (0)     10  : 0.0267 0.0000 0.2534 0.0000 0.0000 0.5358 0.0000 0.0278 0.0783 0.0779
93       93   (0)     11  : 0.0277 0.0974 0.0000 0.0074 0.0000 0.7669 0.0000 0.0278 0.0522 0.0206
94       94   (0)     11  : 0.0000 0.0000 0.0000 0.8817 0.0000 0.0000 0.0000 0.0289 0.0000 0.0894
95       95   (0)     11  : 0.0000 0.0000 0.0000 0.0526 0.0000 0.2251 0.0000 0.1944 0.0000 0.5278
96       96   (0)     12  : 0.0000 0.0000 0.0000 1.0000 0.0000 0.0000 0.0000 0.0000 0.0000 0.0000
97       97   (0)     12  : 0.0000 0.0000 0.0000 1.0000 0.0000 0.0000 0.0000 0.0000 0.0000 0.0000
98       98   (0)     12  : 0.0000 0.0000 0.0000 1.0000 0.0000 0.0000 0.0000 0.0000 0.0000 0.0000
99       99   (0)     12  : 0.0000 0.0000 0.0000 1.0000 0.0000 0.0000 0.0000 0.0000 0.0000 0.0000
100      100   (0)     12  : 0.0000 1.0000 0.0000 0.0000 0.0000 0.0000 0.0000 0.0000 0.0000 0.0000
101      101   (0)     13  : 0.0000 1.0000 0.0000 0.0000 0.0000 0.0000 0.0000 0.0000 0.0000 0.0000
102      102   (0)     13  : 0.0000 0.0000 0.0000 1.0000 0.0000 0.0000 0.0000 0.0000 0.0000 0.0000
103      103   (0)     14  : 0.0000 0.0000 0.6892 0.0000 0.0217 0.0585 0.0000 0.0000 0.0510 0.1796
104      104   (0)     14  : 0.0000 1.0000 0.0000 0.0000 0.0000 0.0000 0.0000 0.0000 0.0000 0.0000
105      105   (0)     14  : 0.0000 0.7299 0.0044 0.0051 0.0158 0.2181 0.0000 0.0078 0.0066 0.0124
106      106   (0)     14  : 0.0000 0.2113 0.0000 0.0000 0.0000 0.0000 0.0000 0.7887 0.0000 0.0000
107      107   (0)     14  : 0.0000 0.0000 0.0000 0.0000 0.9722 0.0000 0.0000 0.0000 0.0000 0.0278
108      108   (0)     15  : 0.0000 0.0000 0.0000 0.0000 0.0000 1.0000 0.0000 0.0000 0.0000 0.0000
109      109   (0)     15  : 0.0000 0.6129 0.0000 0.0000 0.0000 0.0000 0.0000 0.3871 0.0000 0.0000
110      110   (0)     15  : 0.0000 1.0000 0.0000 0.0000 0.0000 0.0000 0.0000 0.0000 0.0000 0.0000
111      111   (0)     15  : 0.7111 0.0000 0.0000 0.0000 0.0000 0.0000 0.0000 0.0000 0.2889 0.0000
112      112   (0)     15  : 0.0000 0.0000 0.5159 0.1631 0.0000 0.0782 0.0000 0.0151 0.0532 0.1745
113      113   (0)     15  : 0.0000 0.9914 0.0000 0.0086 0.0000 0.0000 0.0000 0.0000 0.0000 0.0000
114      114   (0)     15  : 0.0000 0.1902 0.0000 0.0133 0.0000 0.0000 0.0000 0.7965 0.0000 0.0000
