  1        1   (0)      1 :  0.1204 0.1537 0.0406 0.0945 0.0000 0.0000 0.0000 0.0168 0.1257 0.0610 0.3787 0.0086 0.0000 0.0000 
  2        2   (0)      1 :  0.0004 0.0005 0.0707 0.0000 0.0084 0.1404 0.1814 0.0007 0.0036 0.0558 0.0011 0.1353 0.2800 0.1217 
  3        3   (0)      1 :  0.4006 0.1819 0.0200 0.0000 0.0000 0.0000 0.0000 0.0000 0.1414 0.0510 0.2051 0.0000 0.0000 0.0000 
  4        4   (0)      1 :  0.3366 0.3164 0.0000 0.0000 0.0000 0.0000 0.0000 0.0002 0.1031 0.1304 0.0734 0.0400 0.0000 0.0000 
  5        5   (0)      1 :  0.4000 0.1171 0.0400 0.0000 0.0001 0.0000 0.0000 0.0200 0.1716 0.1000 0.1304 0.0200 0.0008 0.0000 
  6        6   (0)      1 :  0.0000 0.0004 0.1176 0.0000 0.0001 0.3088 0.1260 0.0000 0.0002 0.0779 0.0000 0.0178 0.0547 0.2965 
  7        7   (0)      1 :  0.0520 0.5000 0.1244 0.0000 0.0000 0.0008 0.0000 0.0034 0.0708 0.0573 0.1902 0.0011 0.0000 0.0000 
  8        8   (0)      1 :  0.0012 0.0034 0.0187 0.0000 0.0000 0.1894 0.3500 0.0000 0.0013 0.0809 0.0000 0.1406 0.0605 0.1541 
  9        9   (0)      1 :  0.0605 0.3174 0.0000 0.0000 0.0000 0.0000 0.0000 0.0049 0.2883 0.0400 0.2488 0.0400 0.0000 0.0000 
 10       10   (0)      2 :  0.3312 0.3800 0.0400 0.0000 0.0000 0.0000 0.0000 0.0000 0.0400 0.1400 0.0488 0.0200 0.0000 0.0000 
 11       11   (0)      2 :  0.1552 0.4894 0.0400 0.0000 0.0000 0.0005 0.0000 0.0072 0.2277 0.0266 0.0449 0.0086 0.0000 0.0000 
 12       12   (0)      2 :  0.0000 0.0000 0.0200 0.0000 0.0000 0.1548 0.3975 0.0000 0.0000 0.0520 0.0000 0.0916 0.0122 0.2719 
 13       13   (0)      3 :  0.1258 0.3209 0.0600 0.0000 0.0000 0.0000 0.0000 0.0656 0.1600 0.0800 0.1877 0.0000 0.0000 0.0000 
 14       14   (0)      3 :  0.0000 0.0000 0.0000 0.0000 1.0000 0.0000 0.0000 0.0000 0.0000 0.0000 0.0000 0.0000 0.0000 0.0000 
 15       15   (0)      3 :  0.0000 0.0000 0.0602 0.0013 0.0000 0.0473 0.3597 0.0009 0.0000 0.1091 0.0000 0.3712 0.0384 0.0119 
 16       16   (0)      3 :  0.0000 0.0000 0.0400 0.9600 0.0000 0.0000 0.0000 0.0000 0.0000 0.0000 0.0000 0.0000 0.0000 0.0000 
 17       17   (0)      4 :  0.0000 0.0000 0.0684 0.5070 0.3154 0.0402 0.0023 0.0000 0.0000 0.0068 0.0000 0.0296 0.0068 0.0234 
 18       18   (0)      4 :  0.0002 0.0008 0.0385 0.0000 0.0038 0.2618 0.0371 0.0062 0.0006 0.0617 0.0009 0.1551 0.2372 0.1962 
 19       19   (0)      5 :  0.0000 0.0000 0.1156 0.0000 0.0000 0.1211 0.0628 0.0000 0.0000 0.0330 0.0000 0.1487 0.2120 0.3067 
 20       20   (0)      5 :  0.0000 0.0000 0.0000 0.0000 0.0163 0.0000 0.0000 0.9837 0.0000 0.0000 0.0000 0.0000 0.0000 0.0000 
 21       21   (0)      5 :  0.2077 0.0400 0.0800 0.0000 0.0000 0.0000 0.0000 0.0200 0.4000 0.1200 0.1323 0.0000 0.0000 0.0000 
 22       22   (0)      5 :  0.3428 0.2472 0.0315 0.0000 0.0000 0.0020 0.0000 0.0054 0.2198 0.0951 0.0458 0.0035 0.0067 0.0002 
 23       23   (0)      5 :  0.3000 0.2074 0.0600 0.0000 0.0000 0.0000 0.0000 0.0002 0.1911 0.1088 0.1324 0.0000 0.0000 0.0000 
 24       24   (0)      5 :  0.0617 0.1605 0.0547 0.0000 0.0017 0.0000 0.0000 0.0604 0.4151 0.0200 0.2260 0.0000 0.0000 0.0000 
 25       25   (0)      5 :  0.1208 0.0888 0.0073 0.0201 0.0000 0.0000 0.0000 0.0671 0.1627 0.0573 0.4723 0.0035 0.0000 0.0000 
 26       26   (0)      5 :  0.0595 0.0641 0.0582 0.0000 0.0000 0.0962 0.0535 0.0060 0.1974 0.0614 0.1026 0.1042 0.1330 0.0639 
 27       27   (0)      5 :  0.0000 0.0000 0.0606 0.9369 0.0000 0.0013 0.0009 0.0000 0.0000 0.0002 0.0000 0.0001 0.0000 0.0000 
 28       28   (0)      5 :  0.0000 0.0000 0.0200 0.9800 0.0000 0.0000 0.0000 0.0000 0.0000 0.0000 0.0000 0.0000 0.0000 0.0000 
 29       29   (0)      5 :  0.0000 0.0000 0.0544 0.0118 0.0146 0.1199 0.1809 0.0000 0.0000 0.1196 0.0000 0.1671 0.2425 0.0891 
 30       30   (0)      5 :  0.0000 0.0000 0.0295 0.0000 0.0000 0.2935 0.1405 0.0000 0.0000 0.1649 0.0000 0.0865 0.1789 0.1063 
 31       31   (0)      5 :  0.0471 0.0975 0.0661 0.0000 0.0001 0.1231 0.0181 0.0220 0.1629 0.0822 0.0955 0.0644 0.1574 0.0636 
 32       32   (0)      5 :  0.1478 0.0118 0.0545 0.0000 0.0000 0.0000 0.0004 0.0527 0.4072 0.1325 0.1324 0.0608 0.0000 0.0000 
 33       33   (0)      5 :  0.0200 0.0000 0.1172 0.0000 0.0011 0.1472 0.2704 0.0009 0.0000 0.0213 0.0000 0.1994 0.1496 0.0729 
 34       34   (0)      5 :  0.0000 0.0000 0.0845 0.0000 0.0001 0.2822 0.0584 0.0003 0.0000 0.0600 0.0000 0.0245 0.4244 0.0655 
 35       35   (0)      5 :  0.0000 0.0003 0.1000 0.0000 0.0008 0.1870 0.1665 0.0000 0.0000 0.0265 0.0000 0.1319 0.3021 0.0848 
 36       36   (0)      6 :  0.0004 0.0008 0.0265 0.0164 0.0000 0.3107 0.2682 0.0002 0.0000 0.1033 0.0000 0.0543 0.0549 0.1643 
 37       37   (0)      6 :  0.0000 0.0000 0.0400 0.9600 0.0000 0.0000 0.0000 0.0000 0.0000 0.0000 0.0000 0.0000 0.0000 0.0000 
 38       38   (0)      6 :  0.0000 0.0000 0.1148 0.0000 0.0000 0.0267 0.0497 0.0000 0.0000 0.0260 0.0000 0.1530 0.3795 0.2503 
 39       39   (0)      6 :  0.0964 0.1499 0.0525 0.0000 0.0000 0.2270 0.0823 0.0006 0.1031 0.0733 0.0453 0.0770 0.0473 0.0452 
 40       40   (0)      6 :  0.0000 0.0000 0.0194 0.0000 0.0000 0.5657 0.0748 0.0001 0.0000 0.0140 0.0000 0.0173 0.1601 0.1488 
 41       41   (0)      6 :  0.0000 0.0000 0.0000 0.0000 0.0007 0.3714 0.2153 0.0000 0.0000 0.0800 0.0000 0.1687 0.0600 0.1039 
 42       42   (0)      6 :  0.0031 0.0016 0.0015 0.0000 0.0001 0.5444 0.0498 0.0000 0.0000 0.0000 0.0015 0.0000 0.3049 0.0932 
 43       43   (0)      6 :  0.0014 0.0005 0.0817 0.0000 0.0018 0.4140 0.0393 0.0008 0.0000 0.0296 0.0000 0.1187 0.1071 0.2051 
 44       44   (0)      6 :  0.0000 0.0000 0.0269 0.0000 0.0035 0.4656 0.0586 0.0000 0.0000 0.0206 0.0000 0.1023 0.1242 0.1982 
 45       45   (0)      6 :  0.0000 0.0000 0.0118 0.0000 0.0000 0.2583 0.2037 0.0000 0.0000 0.0656 0.0000 0.1889 0.2429 0.0286 
 46       46   (0)      6 :  0.0000 0.0000 0.0000 0.0000 0.0191 0.0000 0.0000 0.9809 0.0000 0.0000 0.0000 0.0000 0.0000 0.0000 
 47       47   (0)      6 :  0.0000 0.0000 0.0426 0.0000 0.0000 0.0467 0.0324 0.0000 0.0010 0.0088 0.0000 0.0783 0.7619 0.0283 
 48       48   (0)      7 :  0.0000 0.0004 0.0140 0.0000 0.0002 0.0696 0.2196 0.0000 0.0000 0.0456 0.0000 0.0520 0.0612 0.5373 
 49       49   (0)      7 :  0.0677 0.0710 0.1198 0.0000 0.0000 0.0516 0.0110 0.0265 0.2005 0.0755 0.1134 0.0510 0.1984 0.0135 
 50       50   (0)      7 :  0.0009 0.0003 0.0643 0.0000 0.0000 0.0779 0.0864 0.0000 0.0015 0.0680 0.0000 0.1919 0.0211 0.4878 
 51       51   (0)      8 :  0.0000 0.0000 0.0183 0.0327 0.0000 0.1028 0.5800 0.0011 0.0000 0.0612 0.0000 0.0790 0.0548 0.0700 
 52       52   (0)      8 :  0.0000 0.0000 0.0139 0.1375 0.0000 0.1084 0.4457 0.0000 0.0000 0.0298 0.0000 0.0305 0.1068 0.1275 
 53       53   (0)      9 :  0.0200 0.0000 0.1036 0.0000 0.0000 0.1000 0.2502 0.0000 0.0000 0.1089 0.0000 0.1200 0.0800 0.2174 
 54       54   (0)     10 :  0.0000 0.0000 0.0200 0.0000 0.0000 0.0800 0.0064 0.0000 0.0000 0.0000 0.0000 0.0063 0.0000 0.8873 
 55       55   (0)     10 :  0.0600 0.7581 0.0489 0.0000 0.0000 0.0000 0.0000 0.0410 0.0843 0.0077 0.0000 0.0000 0.0000 0.0000 
 56       56   (0)     10 :  0.0000 0.0000 0.0200 0.9800 0.0000 0.0000 0.0000 0.0000 0.0000 0.0000 0.0000 0.0000 0.0000 0.0000 
 57       57   (0)     10 :  0.0000 0.0000 0.1400 0.0000 0.0000 0.0600 0.0312 0.0000 0.0000 0.0600 0.0000 0.3583 0.1705 0.1800 
 58       58   (0)     11 :  0.0040 0.0003 0.0722 0.0914 0.0000 0.2145 0.2773 0.0000 0.0011 0.0359 0.0002 0.0450 0.1135 0.1445 
 59       59   (0)     11 :  0.1079 0.1709 0.0432 0.0511 0.0000 0.0004 0.0114 0.0133 0.1583 0.1253 0.3007 0.0107 0.0000 0.0067 
 60       60   (0)     11 :  0.0000 0.0000 0.0073 0.9003 0.0000 0.0100 0.0399 0.0026 0.0000 0.0040 0.0000 0.0022 0.0188 0.0151 
 61       61   (0)     11 :  0.0000 0.0000 0.0731 0.0000 0.0000 0.0800 0.4649 0.0000 0.0000 0.0400 0.0000 0.0200 0.1936 0.1285 
 62       62   (0)     11 :  0.0200 0.0000 0.0468 0.0005 0.0000 0.1063 0.2995 0.0000 0.0000 0.0965 0.0000 0.2422 0.1563 0.0318 
 63       63   (0)     11 :  0.0082 0.0000 0.0551 0.2536 0.0000 0.1354 0.3093 0.0000 0.0000 0.1000 0.0000 0.0515 0.0342 0.0528 
 64       64   (0)     11 :  0.0000 0.0000 0.0437 0.0005 0.0004 0.0995 0.2719 0.0003 0.0000 0.2700 0.0000 0.1370 0.1535 0.0232 
 65       65   (0)     11 :  0.0000 0.0000 0.0200 0.9800 0.0000 0.0000 0.0000 0.0000 0.0000 0.0000 0.0000 0.0000 0.0000 0.0000 
 66       66   (0)     11 :  0.0200 0.0000 0.0690 0.0029 0.0000 0.1771 0.2322 0.0000 0.0000 0.1000 0.0000 0.0735 0.1319 0.1933 
 67       67   (0)     11 :  0.0823 0.0405 0.0006 0.0000 0.0000 0.0000 0.0000 0.0317 0.0523 0.1314 0.6412 0.0200 0.0000 0.0000 
 68       68   (0)     11 :  0.1026 0.0537 0.0423 0.4113 0.0000 0.0000 0.0000 0.0000 0.0076 0.0309 0.3488 0.0028 0.0000 0.0000 
 69       69   (0)     11 :  0.0105 0.0000 0.0750 0.4648 0.0000 0.0143 0.1375 0.0000 0.0000 0.0255 0.0000 0.2233 0.0304 0.0187 
 70       70   (0)     11 :  0.0000 0.0000 0.0800 0.0000 0.0000 0.0863 0.0986 0.0000 0.0000 0.0400 0.0000 0.4803 0.1427 0.0721 
 71       71   (0)     11 :  0.1396 0.0696 0.0560 0.1080 0.0000 0.0000 0.0000 0.0197 0.1004 0.0308 0.4715 0.0045 0.0000 0.0000 
 72       72   (0)     12 :  0.1302 0.1268 0.1000 0.0000 0.0000 0.0000 0.0002 0.0000 0.2986 0.1611 0.1765 0.0066 0.0000 0.0000 
 73       73   (0)     12 :  0.2109 0.2386 0.0600 0.0000 0.0000 0.0000 0.0000 0.0000 0.1905 0.1400 0.1600 0.0000 0.0000 0.0000 
 74       74   (0)     12 :  0.1078 0.1423 0.0000 0.0000 0.0000 0.0000 0.0000 0.0000 0.3655 0.2113 0.1730 0.0000 0.0000 0.0000 
 75       75   (0)     12 :  0.0563 0.0418 0.0502 0.1067 0.0000 0.0684 0.0995 0.0043 0.1258 0.0794 0.1618 0.0403 0.1279 0.0375 
 76       76   (0)     12 :  0.1587 0.0283 0.0535 0.0021 0.0000 0.0000 0.0000 0.0557 0.2795 0.1316 0.2906 0.0000 0.0000 0.0000 
 77       77   (0)     12 :  0.0000 0.0000 0.0200 0.0000 0.0000 0.1926 0.2384 0.0000 0.0000 0.0600 0.0000 0.1517 0.0600 0.2772 
 78       78   (0)     12 :  0.0073 0.0054 0.0413 0.0121 0.0000 0.2138 0.3407 0.0009 0.0089 0.0570 0.0025 0.0572 0.1891 0.0638 
 79       79   (0)     12 :  0.4600 0.2029 0.0000 0.0000 0.0000 0.0000 0.0000 0.0000 0.1377 0.0200 0.1793 0.0000 0.0000 0.0000 
 80       80   (0)     12 :  0.0069 0.0030 0.0401 0.0836 0.0000 0.1253 0.3534 0.0019 0.0030 0.0732 0.0127 0.1040 0.0595 0.1334 
 81       81   (0)     13 :  0.0000 0.0000 0.0400 0.9600 0.0000 0.0000 0.0000 0.0000 0.0000 0.0000 0.0000 0.0000 0.0000 0.0000 
 82       82   (0)     13 :  0.0341 0.0230 0.0400 0.0000 0.0014 0.0000 0.0000 0.0405 0.4223 0.0918 0.3265 0.0205 0.0000 0.0000 
 83       83   (0)     13 :  0.0741 0.0659 0.0361 0.0177 0.0000 0.0000 0.0000 0.0000 0.0398 0.0034 0.7430 0.0200 0.0000 0.0000 
 84       84   (0)     13 :  0.0730 0.0200 0.0800 0.0000 0.0000 0.0000 0.0000 0.0561 0.3006 0.0909 0.3793 0.0000 0.0000 0.0000 
 85       85   (0)     13 :  0.0781 0.0789 0.0356 0.0000 0.0005 0.0000 0.0000 0.0052 0.5986 0.0435 0.1336 0.0260 0.0000 0.0000 
 86       86   (0)     13 :  0.0818 0.1221 0.0216 0.0010 0.0000 0.0000 0.0000 0.0073 0.2655 0.1649 0.3159 0.0200 0.0000 0.0000 
 87       87   (0)     13 :  0.0033 0.0047 0.0714 0.0000 0.0000 0.0964 0.1876 0.0000 0.0010 0.0451 0.0021 0.0597 0.5148 0.0140 
 88       88   (0)     13 :  0.0230 0.2148 0.0520 0.0000 0.0000 0.0000 0.0000 0.0232 0.3046 0.0400 0.3224 0.0200 0.0000 0.0000 
 89       89   (0)     13 :  0.4237 0.2334 0.0545 0.0000 0.0000 0.0000 0.0000 0.0000 0.2219 0.0307 0.0278 0.0079 0.0000 0.0000 
 90       90   (0)     13 :  0.3925 0.2791 0.0600 0.0000 0.0000 0.0000 0.0000 0.0320 0.0965 0.0200 0.1198 0.0000 0.0000 0.0000 
 91       91   (0)     13 :  0.0200 0.1596 0.0675 0.3663 0.0000 0.0000 0.0000 0.0222 0.2522 0.0243 0.0819 0.0061 0.0000 0.0000 
 92       92   (0)     13 :  0.1952 0.5167 0.0230 0.0000 0.0000 0.0054 0.0015 0.0000 0.1650 0.0677 0.0234 0.0000 0.0011 0.0010 
 93       93   (0)     13 :  0.0036 0.0000 0.0891 0.0000 0.0000 0.0647 0.0618 0.0000 0.0013 0.1285 0.0000 0.0969 0.1822 0.3718 
 94       94   (0)     13 :  0.0711 0.1643 0.0849 0.0000 0.0000 0.0000 0.0000 0.0280 0.2239 0.1298 0.2980 0.0000 0.0000 0.0000 
 95       95   (0)     14 :  0.0000 0.0006 0.0769 0.0000 0.0005 0.0437 0.2289 0.0000 0.0000 0.1050 0.0000 0.2456 0.2086 0.0902 
 96       96   (0)     14 :  0.0734 0.3603 0.0731 0.0000 0.0000 0.0000 0.0018 0.0066 0.2610 0.0245 0.1585 0.0408 0.0000 0.0000 
 97       97   (0)     15 :  0.0000 0.0000 0.0200 0.9800 0.0000 0.0000 0.0000 0.0000 0.0000 0.0000 0.0000 0.0000 0.0000 0.0000 
 98       98   (0)     15 :  0.0000 0.0000 0.1200 0.0000 0.0000 0.4341 0.0459 0.0000 0.0000 0.0400 0.0000 0.0400 0.1576 0.1625 
 99       99   (0)     15 :  0.0842 0.0462 0.1074 0.0000 0.5079 0.0000 0.0000 0.0096 0.1755 0.0341 0.0352 0.0000 0.0000 0.0000 
100      100   (0)     15 :  0.0000 0.0000 0.0697 0.0000 0.0003 0.1630 0.0799 0.0000 0.0000 0.0400 0.0000 0.3130 0.0403 0.2938 
101      101   (0)     15 :  0.0000 0.0000 0.0200 0.0000 0.9800 0.0000 0.0000 0.0000 0.0000 0.0000 0.0000 0.0000 0.0000 0.0000 
102      102   (0)     15 :  0.0000 0.0000 0.0534 0.0000 0.0035 0.1387 0.0579 0.0004 0.0000 0.0200 0.0000 0.0674 0.6345 0.0243 
103      103   (0)     15 :  0.0000 0.0000 0.0323 0.0000 0.0005 0.0679 0.0093 0.0000 0.0013 0.0466 0.0012 0.0762 0.7499 0.0148 
104      104   (0)     15 :  0.0000 0.0000 0.0200 0.0000 0.9800 0.0000 0.0000 0.0000 0.0000 0.0000 0.0000 0.0000 0.0000 0.0000 
105      105   (0)     15 :  0.0000 0.0000 0.0200 0.0000 0.9800 0.0000 0.0000 0.0000 0.0000 0.0000 0.0000 0.0000 0.0000 0.0000 
