 1        1   (0)      1 :  0.5462 0.0043 0.0057 0.0000 0.0000 0.3165 0.0000 0.1056 0.0000 0.0000 0.0216 
 2        2   (0)      1 :  0.2978 0.0890 0.0061 0.0000 0.0000 0.3366 0.0000 0.1152 0.0531 0.0000 0.1023 
 3        3   (0)      1 :  0.0200 0.9800 0.0000 0.0000 0.0000 0.0000 0.0000 0.0000 0.0000 0.0000 0.0000 
 4        4   (0)      1 :  0.1814 0.5767 0.0085 0.0000 0.0000 0.1274 0.0000 0.0623 0.0000 0.0000 0.0437 
 5        5   (0)      1 :  0.5693 0.0018 0.0200 0.0000 0.0000 0.1974 0.0000 0.1860 0.0000 0.0000 0.0255 
 6        6   (0)      1 :  0.0000 1.0000 0.0000 0.0000 0.0000 0.0000 0.0000 0.0000 0.0000 0.0000 0.0000 
 7        7   (0)      2 :  0.6792 0.0000 0.0200 0.0000 0.0000 0.2329 0.0000 0.0479 0.0000 0.0000 0.0200 
 8        8   (0)      2 :  0.0200 0.9400 0.0200 0.0000 0.0000 0.0000 0.0000 0.0000 0.0000 0.0000 0.0200 
 9        9   (0)      2 :  0.2923 0.0202 0.0150 0.0025 0.0216 0.4288 0.0085 0.1661 0.0025 0.0066 0.0360 
10       10   (0)      2 :  0.6722 0.0000 0.0069 0.0000 0.0000 0.2428 0.0000 0.0710 0.0000 0.0000 0.0071 
11       11   (0)      2 :  0.0200 0.9600 0.0000 0.0000 0.0000 0.0000 0.0000 0.0200 0.0000 0.0000 0.0000 
12       12   (0)      2 :  0.3227 0.4944 0.0099 0.0000 0.0000 0.0642 0.0000 0.0888 0.0000 0.0000 0.0200 
13       13   (0)      2 :  0.0200 0.7931 0.0200 0.0000 0.0000 0.0000 0.0000 0.0029 0.0657 0.0000 0.0984 
14       14   (0)      3 :  0.0000 0.0000 0.1816 0.0862 0.1477 0.0000 0.1872 0.0030 0.0000 0.3543 0.0400 
15       15   (0)      3 :  0.0000 0.0000 0.0716 0.1617 0.4602 0.0000 0.0379 0.0580 0.0000 0.1993 0.0113 
16       16   (0)      3 :  0.0000 0.0000 0.1903 0.3513 0.2434 0.0000 0.0963 0.0400 0.0000 0.0734 0.0052 
17       17   (0)      3 :  0.0000 0.0000 0.0768 0.2876 0.3086 0.0000 0.0664 0.0351 0.0000 0.2021 0.0234 
18       18   (0)      3 :  0.0000 0.0000 0.0142 0.7698 0.0684 0.0000 0.1200 0.0257 0.0000 0.0019 0.0000 
19       19   (0)      3 :  0.0000 0.0000 0.0587 0.5303 0.2049 0.0000 0.0761 0.0333 0.0000 0.0703 0.0264 
20       20   (0)      3 :  0.0000 0.0000 0.1420 0.1891 0.1303 0.0000 0.1877 0.0330 0.0350 0.2046 0.0783 
21       21   (0)      3 :  0.0000 0.0000 0.1237 0.2808 0.3355 0.0000 0.1017 0.0028 0.0000 0.1279 0.0276 
22       22   (0)      3 :  0.0000 0.0000 0.0495 0.0905 0.4988 0.0000 0.1258 0.0469 0.0000 0.1885 0.0000 
23       23   (0)      3 :  0.0000 0.0000 0.0984 0.0698 0.7586 0.0000 0.0169 0.0060 0.0000 0.0433 0.0070 
24       24   (0)      3 :  0.0000 0.0000 0.2340 0.3439 0.0980 0.0000 0.0586 0.0299 0.0000 0.2327 0.0028 
25       25   (0)      3 :  0.0000 0.0000 0.0000 0.0000 0.0000 0.0000 0.0000 0.0000 0.4200 0.0000 0.5800 
26       26   (0)      4 :  0.3952 0.0000 0.0000 0.0000 0.0000 0.2648 0.0000 0.2800 0.0000 0.0000 0.0600 
27       27   (0)      4 :  0.0000 0.0000 0.1685 0.2740 0.2419 0.0000 0.0837 0.0218 0.0000 0.1853 0.0248 
28       28   (0)      4 :  0.0000 0.0000 0.1689 0.3146 0.1395 0.0000 0.0859 0.0809 0.0000 0.1902 0.0200 
29       29   (0)      4 :  0.5855 0.0000 0.0200 0.0000 0.0000 0.2883 0.0000 0.1062 0.0000 0.0000 0.0000 
30       30   (0)      4 :  0.0000 0.0000 0.1816 0.0505 0.3242 0.0000 0.0677 0.0307 0.0000 0.3420 0.0032 
31       31   (0)      4 :  0.0000 0.0000 0.2059 0.3415 0.1305 0.0000 0.0147 0.0159 0.0000 0.2515 0.0400 
32       32   (0)      4 :  0.1752 0.0228 0.0716 0.1043 0.1076 0.2162 0.0944 0.0923 0.0003 0.0965 0.0189 
33       33   (0)      4 :  0.0000 0.0000 0.3002 0.1544 0.2198 0.0000 0.0400 0.0407 0.0000 0.2049 0.0400 
34       34   (0)      4 :  0.0000 0.0000 0.0801 0.2130 0.1395 0.0000 0.2873 0.0200 0.0000 0.2289 0.0312 
35       35   (0)      4 :  0.0000 0.0000 0.1400 0.0647 0.1155 0.0000 0.0470 0.0875 0.0000 0.5453 0.0000 
36       36   (0)      4 :  0.0000 0.0000 0.1379 0.0771 0.1079 0.0000 0.1000 0.0518 0.0000 0.5225 0.0027 
37       37   (0)      4 :  0.0000 0.0000 0.1502 0.0782 0.3181 0.0000 0.1299 0.0962 0.0000 0.1987 0.0288 
38       38   (0)      4 :  0.0000 0.0000 0.2134 0.2382 0.2074 0.0000 0.1613 0.0356 0.0000 0.1442 0.0000 
39       39   (0)      4 :  0.5276 0.0000 0.0000 0.0000 0.0000 0.2797 0.0000 0.1645 0.0000 0.0000 0.0282 
40       40   (0)      5 :  0.0000 0.0000 0.1498 0.1597 0.0189 0.0000 0.0778 0.0292 0.0000 0.5146 0.0500 
41       41   (0)      5 :  0.0000 0.0000 0.1297 0.3453 0.3395 0.0000 0.0572 0.0200 0.0000 0.0683 0.0400 
42       42   (0)      5 :  0.0000 0.0000 0.2086 0.3059 0.1062 0.0000 0.0554 0.0695 0.0000 0.1677 0.0868 
43       43   (0)      5 :  0.4816 0.0000 0.0200 0.0000 0.0000 0.3514 0.0000 0.1269 0.0000 0.0000 0.0200 
44       44   (0)      5 :  0.0000 0.0000 0.1773 0.2240 0.4608 0.0000 0.0200 0.0000 0.0000 0.1179 0.0000 
45       45   (0)      5 :  0.0000 0.0000 0.1266 0.3376 0.0852 0.0000 0.3031 0.0419 0.0000 0.1011 0.0045 
46       46   (0)      5 :  0.0000 0.0000 0.2904 0.2459 0.0975 0.0000 0.0106 0.0594 0.0000 0.2962 0.0000 
47       47   (0)      5 :  0.0000 0.0000 0.2260 0.0673 0.3000 0.0000 0.1267 0.1200 0.0000 0.1200 0.0400 
48       48   (0)      5 :  0.0000 0.0000 0.1400 0.0800 0.0335 0.0000 0.5700 0.0600 0.0000 0.1100 0.0065 
49       49   (0)      5 :  0.5328 0.0000 0.0000 0.0000 0.0000 0.3533 0.0000 0.1139 0.0000 0.0000 0.0000 
50       50   (0)      5 :  0.0000 0.0000 0.2172 0.4000 0.1013 0.0000 0.1302 0.0237 0.0000 0.1155 0.0121 
51       51   (0)      5 :  0.1665 0.0000 0.0098 0.0000 0.0000 0.7510 0.0000 0.0727 0.0000 0.0000 0.0000 
52       52   (0)      5 :  0.3046 0.0002 0.0131 0.0000 0.0000 0.5192 0.0000 0.1629 0.0000 0.0000 0.0000 
53       53   (0)      6 :  0.0203 0.0000 0.0200 0.0000 0.0000 0.8188 0.0000 0.1409 0.0000 0.0000 0.0000 
54       54   (0)      6 :  0.0000 0.0000 0.0840 0.0400 0.7066 0.0000 0.0200 0.0693 0.0000 0.0200 0.0600 
55       55   (0)      6 :  0.1544 0.0511 0.0058 0.0000 0.0000 0.5716 0.0000 0.1554 0.0240 0.0000 0.0376 
56       56   (0)      6 :  0.0000 0.0000 0.0000 0.0000 0.0000 0.0000 0.0000 0.0000 1.0000 0.0000 0.0000 
57       57   (0)      6 :  0.0000 0.0000 0.0000 0.0000 0.0000 0.0000 0.0000 0.0200 0.7000 0.0000 0.2800 
58       58   (0)      6 :  0.0000 0.0000 0.0000 0.0000 0.0000 0.0000 0.0000 0.0000 1.0000 0.0000 0.0000 
59       59   (0)      6 :  0.0000 0.0000 0.0270 0.0256 0.0804 0.0000 0.7583 0.0232 0.0128 0.0486 0.0242 
60       60   (0)      6 :  0.0000 0.0000 0.1119 0.0706 0.2180 0.0000 0.1420 0.0270 0.0000 0.4202 0.0103 
61       61   (0)      6 :  0.0000 0.0000 0.3041 0.2284 0.1275 0.0000 0.0629 0.0565 0.0000 0.1778 0.0429 
62       62   (0)      6 :  0.0000 0.0000 0.0487 0.5900 0.1922 0.0000 0.0725 0.0138 0.0000 0.0746 0.0082 
63       63   (0)      6 :  0.2590 0.0132 0.0040 0.0052 0.0018 0.3757 0.0029 0.1841 0.1045 0.0009 0.0488 
64       64   (0)      7 :  0.3513 0.0000 0.0000 0.0000 0.0000 0.6044 0.0000 0.0387 0.0000 0.0000 0.0055 
65       65   (0)      7 :  0.0600 0.0000 0.0000 0.0000 0.0000 0.8561 0.0000 0.0839 0.0000 0.0000 0.0000 
66       66   (0)      7 :  0.1380 0.0000 0.0000 0.0000 0.0000 0.7556 0.0000 0.0951 0.0043 0.0000 0.0070 
67       67   (0)      7 :  0.0355 0.0263 0.0034 0.0000 0.0000 0.8486 0.0000 0.0787 0.0004 0.0000 0.0071 
68       68   (0)      8 :  0.0000 0.0000 0.2206 0.1440 0.1727 0.0000 0.1483 0.0274 0.0468 0.1926 0.0476 
69       69   (0)      8 :  0.0035 0.0000 0.1445 0.1473 0.1423 0.0028 0.2801 0.0294 0.1031 0.0919 0.0551 
70       70   (0)      8 :  0.0000 0.0000 0.0925 0.1865 0.0582 0.0000 0.2550 0.0600 0.0000 0.3478 0.0000 
71       71   (0)      8 :  0.0004 0.0000 0.2547 0.1480 0.1182 0.0000 0.2301 0.0299 0.0096 0.1783 0.0308 
72       72   (0)      8 :  0.0000 0.0000 0.1474 0.0886 0.0604 0.0000 0.2966 0.0501 0.0773 0.2671 0.0125 
73       73   (0)      8 :  0.0000 0.0021 0.0000 0.0000 0.0000 0.0000 0.0000 0.0040 0.9339 0.0000 0.0600 
74       74   (0)      9 :  0.2436 0.0314 0.0078 0.0000 0.0010 0.3731 0.0011 0.1745 0.1255 0.0011 0.0409 
75       75   (0)      9 :  0.2854 0.0007 0.0026 0.0007 0.0000 0.3405 0.0020 0.2516 0.0603 0.0012 0.0550 
76       76   (0)     10 :  0.0320 0.0000 0.0200 0.0000 0.0000 0.7848 0.0000 0.1610 0.0000 0.0000 0.0022 
77       77   (0)     11 :  0.3566 0.0000 0.0255 0.0000 0.0000 0.3506 0.0000 0.2402 0.0000 0.0000 0.0271 
78       78   (0)     12 :  0.5594 0.0000 0.0200 0.0000 0.0000 0.2981 0.0000 0.1225 0.0000 0.0000 0.0000 
79       79   (0)     13 :  0.0000 0.0000 0.0339 0.0090 0.1043 0.0000 0.0830 0.0304 0.3761 0.0117 0.3517 
80       80   (0)     13 :  0.0000 0.0000 0.1200 0.1104 0.1431 0.0000 0.0681 0.0000 0.0000 0.5384 0.0200 
