  1        1   (0)      1 :  0.0033 0.0068 0.0381 0.0310 0.3558 0.0008 0.4230 0.0000 0.0012 0.0143 0.0700 0.0536 0.0022 0.0000 0.0000 
  2        2   (0)      1 :  0.0618 0.0000 0.0000 0.0000 0.8401 0.0149 0.0036 0.0000 0.0729 0.0000 0.0000 0.0000 0.0000 0.0000 0.0068 
  3        3   (0)      1 :  0.0000 0.0000 0.0000 0.0000 0.3232 0.0000 0.6768 0.0000 0.0000 0.0000 0.0000 0.0000 0.0000 0.0000 0.0000 
  4        4   (0)      1 :  0.0000 0.0000 0.0000 0.0000 1.0000 0.0000 0.0000 0.0000 0.0000 0.0000 0.0000 0.0000 0.0000 0.0000 0.0000 
  5        5   (0)      1 :  0.0039 0.0167 0.1211 0.0469 0.1800 0.0001 0.0398 0.0000 0.0145 0.0009 0.0048 0.3427 0.0976 0.0000 0.1311 
  6        6   (0)      1 :  0.0040 0.0098 0.1094 0.1117 0.0882 0.0191 0.0164 0.0000 0.0170 0.0053 0.0068 0.4522 0.0584 0.0000 0.1018 
  7        7   (0)      1 :  0.0488 0.0203 0.1381 0.0664 0.0005 0.0195 0.0350 0.0000 0.0011 0.0000 0.0000 0.6703 0.0000 0.0000 0.0000 
  8        8   (0)      1 :  0.0000 0.0127 0.1112 0.0436 0.2574 0.0005 0.0331 0.0000 0.0122 0.0016 0.0019 0.3806 0.0510 0.0000 0.0941 
  9        9   (0)      1 :  0.0000 0.0000 0.0000 0.0000 1.0000 0.0000 0.0000 0.0000 0.0000 0.0000 0.0000 0.0000 0.0000 0.0000 0.0000 
 10       10   (0)      1 :  0.0130 0.0424 0.1484 0.1147 0.0000 0.0169 0.0053 0.0000 0.0095 0.0004 0.0358 0.6136 0.0000 0.0000 0.0000 
 11       11   (0)      1 :  0.0419 0.0549 0.1148 0.1118 0.0003 0.0122 0.0211 0.0000 0.0233 0.0000 0.0065 0.6131 0.0000 0.0000 0.0000 
 12       12   (0)      1 :  1.0000 0.0000 0.0000 0.0000 0.0000 0.0000 0.0000 0.0000 0.0000 0.0000 0.0000 0.0000 0.0000 0.0000 0.0000 
 13       13   (0)      1 :  0.0095 0.0380 0.1268 0.1143 0.0000 0.0353 0.0078 0.0000 0.0027 0.0089 0.0679 0.5881 0.0006 0.0000 0.0000 
 14       14   (0)      1 :  0.0780 0.0019 0.0873 0.0627 0.0872 0.0261 0.0865 0.0023 0.0009 0.0040 0.0038 0.3269 0.1157 0.0233 0.0933 
 15       15   (0)      1 :  0.0000 0.0000 0.0000 0.0000 0.0000 0.0000 0.0000 0.0000 0.0000 0.0000 0.0000 0.0000 0.0000 0.0000 1.0000 
 16       16   (0)      1 :  0.0000 0.0200 0.0800 0.0000 0.2200 0.0200 0.6200 0.0000 0.0000 0.0400 0.0000 0.0000 0.0000 0.0000 0.0000 
 17       17   (0)      1 :  0.0000 0.0200 0.0800 0.0000 0.2200 0.0200 0.6200 0.0000 0.0000 0.0400 0.0000 0.0000 0.0000 0.0000 0.0000 
 18       18   (0)      1 :  0.0600 0.9000 0.0000 0.0000 0.0000 0.0000 0.0000 0.0000 0.0000 0.0000 0.0400 0.0000 0.0000 0.0000 0.0000 
 19       19   (0)      1 :  0.0104 0.0074 0.1477 0.1664 0.0083 0.0540 0.0046 0.0000 0.0380 0.0348 0.0642 0.4612 0.0030 0.0000 0.0000 
 20       20   (0)      1 :  0.0066 0.0053 0.1630 0.4112 0.0000 0.0414 0.0014 0.0000 0.0031 0.0036 0.0082 0.3561 0.0000 0.0000 0.0000 
 21       21   (0)      1 :  0.0000 0.0000 0.0000 0.0000 0.3181 0.0000 0.6819 0.0000 0.0000 0.0000 0.0000 0.0000 0.0000 0.0000 0.0000 
 22       22   (0)      1 :  0.0000 0.0000 0.0000 0.0000 0.0000 0.0000 0.0000 0.0000 0.0000 0.0000 0.0000 0.0000 0.0000 0.0000 1.0000 
 23       23   (0)      1 :  0.0388 0.0002 0.1073 0.2427 0.0121 0.0143 0.0031 0.0000 0.0238 0.0377 0.0041 0.5150 0.0000 0.0000 0.0009 
 24       24   (0)      2 :  0.0000 0.0024 0.0071 0.0000 0.2989 0.0023 0.6847 0.0000 0.0000 0.0046 0.0000 0.0000 0.0000 0.0000 0.0000 
 25       25   (0)      2 :  0.0000 0.0000 0.1086 0.4028 0.0000 0.0019 0.0000 0.0000 0.0000 0.0168 0.0370 0.4313 0.0014 0.0000 0.0000 
 26       26   (0)      2 :  0.0003 0.0154 0.1138 0.0774 0.3163 0.0000 0.3340 0.0000 0.0009 0.0398 0.0133 0.0888 0.0000 0.0000 0.0000 
 27       27   (0)      2 :  0.0233 0.0847 0.1093 0.1543 0.0099 0.0082 0.0434 0.0000 0.0272 0.0101 0.0158 0.5138 0.0000 0.0000 0.0000 
 28       28   (0)      2 :  0.0001 0.0027 0.1289 0.1584 0.0093 0.0193 0.0427 0.0000 0.0007 0.0229 0.0187 0.5691 0.0038 0.0000 0.0234 
 29       29   (0)      2 :  0.0098 0.0388 0.1111 0.2993 0.0084 0.0190 0.0309 0.0000 0.0424 0.0503 0.0370 0.3517 0.0014 0.0000 0.0000 
 30       30   (0)      2 :  0.0000 0.0200 0.0800 0.0200 0.0000 0.0000 0.0200 0.0899 0.0000 0.3044 0.0000 0.0000 0.0000 0.4657 0.0000 
 31       31   (0)      2 :  0.0119 0.0486 0.1246 0.1933 0.0072 0.0153 0.0219 0.0000 0.0021 0.0175 0.0330 0.5057 0.0090 0.0000 0.0100 
 32       32   (0)      2 :  0.0000 0.0000 0.0031 0.0000 0.3254 0.0000 0.6715 0.0000 0.0000 0.0000 0.0000 0.0000 0.0000 0.0000 0.0000 
 33       33   (0)      2 :  0.0600 0.9000 0.0000 0.0000 0.0000 0.0000 0.0000 0.0000 0.0000 0.0000 0.0400 0.0000 0.0000 0.0000 0.0000 
 34       34   (0)      2 :  0.0018 0.0272 0.1261 0.1788 0.0000 0.0041 0.0229 0.0000 0.0018 0.0093 0.0180 0.6100 0.0000 0.0000 0.0000 
 35       35   (0)      2 :  0.0412 0.0198 0.0997 0.1575 0.0169 0.0401 0.0213 0.0000 0.0261 0.0143 0.0440 0.4950 0.0004 0.0000 0.0237 
 36       36   (0)      2 :  0.0000 0.0000 0.0000 0.0000 0.9971 0.0000 0.0000 0.0000 0.0000 0.0000 0.0029 0.0000 0.0000 0.0000 0.0000 
 37       37   (0)      3 :  0.0193 0.0065 0.1236 0.1281 0.0026 0.0230 0.0165 0.0000 0.0297 0.0116 0.0401 0.5989 0.0000 0.0000 0.0000 
 38       38   (0)      3 :  0.0019 0.0059 0.0029 0.6344 0.0169 0.0147 0.0003 0.0000 0.1688 0.0150 0.0053 0.1340 0.0000 0.0000 0.0000 
 39       39   (0)      3 :  0.0168 0.0062 0.1150 0.2266 0.0000 0.0004 0.0128 0.0000 0.0292 0.0397 0.0692 0.4810 0.0030 0.0000 0.0000 
 40       40   (0)      3 :  0.0195 0.0015 0.1880 0.4350 0.0000 0.0213 0.0093 0.0000 0.0014 0.0053 0.0040 0.3146 0.0000 0.0000 0.0000 
 41       41   (0)      3 :  0.0119 0.0337 0.0967 0.1364 0.0066 0.0003 0.0089 0.0000 0.0409 0.0018 0.0297 0.6331 0.0000 0.0000 0.0000 
 42       42   (0)      4 :  0.0000 0.0000 0.0955 0.0246 0.0000 0.0000 0.0000 0.5444 0.0000 0.2690 0.0000 0.0000 0.0000 0.0664 0.0000 
 43       43   (0)      4 :  0.0261 0.0022 0.1721 0.1337 0.0000 0.0143 0.0143 0.0001 0.0149 0.0103 0.0496 0.5510 0.0116 0.0000 0.0000 
 44       44   (0)      4 :  0.0000 0.0000 0.0861 0.0226 0.0000 0.0000 0.0000 0.4777 0.0000 0.3166 0.0000 0.0000 0.0000 0.0971 0.0000 
 45       45   (0)      4 :  0.0000 0.0000 0.1045 0.0394 0.0000 0.0000 0.0000 0.3734 0.0000 0.3167 0.0000 0.0000 0.0000 0.1660 0.0000 
 46       46   (0)      4 :  0.0027 0.0013 0.1587 0.0999 0.0287 0.0226 0.0213 0.0067 0.0006 0.0262 0.0262 0.5953 0.0002 0.0014 0.0083 
 47       47   (0)      4 :  0.0000 0.0016 0.1828 0.1441 0.0004 0.0287 0.0019 0.0000 0.0005 0.0001 0.0941 0.5430 0.0028 0.0000 0.0000 
 48       48   (0)      4 :  0.0290 0.0237 0.1255 0.2576 0.0009 0.0272 0.0070 0.0000 0.0021 0.0012 0.0389 0.4854 0.0014 0.0000 0.0000 
 49       49   (0)      4 :  0.0117 0.0001 0.2272 0.1043 0.0033 0.0019 0.0400 0.0000 0.0000 0.0000 0.0024 0.6091 0.0000 0.0000 0.0000 
 50       50   (0)      4 :  0.0000 0.0000 0.0000 0.0000 0.0000 0.0200 0.0000 0.0000 0.0203 0.0000 0.9200 0.0197 0.0200 0.0000 0.0000 
 51       51   (0)      4 :  0.0000 0.0000 0.0749 0.0319 0.0000 0.0041 0.0011 0.0735 0.0018 0.0992 0.1137 0.1216 0.2997 0.1545 0.0240 
 52       52   (0)      4 :  0.0006 0.0177 0.1249 0.1050 0.0047 0.0530 0.0024 0.0030 0.0011 0.0230 0.0179 0.6228 0.0234 0.0006 0.0000 
 53       53   (0)      4 :  0.0177 0.0118 0.1085 0.3140 0.0009 0.0011 0.0014 0.0000 0.0063 0.0034 0.0143 0.5205 0.0000 0.0001 0.0000 
 54       54   (0)      4 :  0.0000 0.0011 0.1431 0.1603 0.0012 0.0227 0.0097 0.0115 0.0262 0.0137 0.0471 0.5449 0.0013 0.0083 0.0090 
 55       55   (0)      4 :  0.0002 0.0000 0.0000 0.0000 0.0000 0.0200 0.0000 0.0000 0.0205 0.0000 0.9200 0.0193 0.0200 0.0000 0.0000 
 56       56   (0)      4 :  0.0000 0.0000 0.0800 0.0000 0.0000 0.0000 0.0000 0.5659 0.0000 0.1880 0.0000 0.0000 0.0000 0.1662 0.0000 
 57       57   (0)      5 :  0.0144 0.0087 0.0926 0.2274 0.0048 0.0112 0.0018 0.0000 0.0000 0.0000 0.0048 0.6342 0.0000 0.0000 0.0000 
 58       58   (0)      5 :  0.0022 0.0579 0.0642 0.2627 0.0013 0.0226 0.0043 0.0000 0.0070 0.0128 0.0265 0.5377 0.0010 0.0000 0.0000 
 59       59   (0)      5 :  0.0000 0.0000 0.0311 0.0061 0.0000 0.0000 0.0085 0.6978 0.0000 0.2029 0.0000 0.0000 0.0000 0.0536 0.0000 
 60       60   (0)      5 :  0.0326 0.0076 0.0949 0.0866 0.0000 0.0445 0.0107 0.0000 0.0004 0.0040 0.0050 0.7136 0.0000 0.0000 0.0000 
 61       61   (0)      5 :  0.0020 0.0056 0.0605 0.0348 0.0000 0.0003 0.0145 0.1499 0.0794 0.1190 0.0092 0.2364 0.0614 0.1345 0.0925 
 62       62   (0)      5 :  0.0000 0.0000 0.1000 0.0200 0.0000 0.0000 0.0200 0.3467 0.0000 0.2800 0.0000 0.0000 0.0000 0.2333 0.0000 
 63       63   (0)      5 :  0.0144 0.0038 0.0949 0.1034 0.0272 0.0126 0.0202 0.0357 0.0188 0.0504 0.0251 0.4782 0.0441 0.0657 0.0057 
 64       64   (0)      5 :  0.0424 0.0267 0.0691 0.1016 0.0006 0.0367 0.0324 0.0000 0.0361 0.0010 0.0273 0.6259 0.0002 0.0000 0.0000 
 65       65   (0)      5 :  0.0179 0.0051 0.0718 0.0698 0.0000 0.0013 0.0028 0.0000 0.0000 0.0000 0.0391 0.7920 0.0000 0.0000 0.0000 
 66       66   (0)      5 :  0.0005 0.0016 0.1104 0.1287 0.0014 0.0061 0.0385 0.0000 0.0064 0.0235 0.0770 0.6044 0.0014 0.0000 0.0000 
 67       67   (0)      5 :  0.0000 0.0000 0.0361 0.0139 0.0000 0.0000 0.0031 0.0262 0.0002 0.0750 0.0071 0.0746 0.0717 0.6689 0.0231 
 68       68   (0)      5 :  0.0000 0.0000 0.0429 0.0200 0.0000 0.0000 0.0000 0.4359 0.0000 0.2367 0.0000 0.0000 0.0000 0.2645 0.0000 
 69       69   (0)      5 :  0.0072 0.0025 0.0686 0.2189 0.0217 0.0122 0.0068 0.0046 0.0518 0.0313 0.0463 0.3155 0.0039 0.2083 0.0004 
 70       70   (0)      5 :  0.0000 0.0000 0.0200 0.0000 0.0000 0.0000 0.0000 0.0200 0.0000 0.0600 0.0000 0.0000 0.0000 0.9000 0.0000 
 71       71   (0)      5 :  0.0000 0.0200 0.1000 0.0279 0.0000 0.0000 0.0000 0.2935 0.0000 0.2768 0.0000 0.0000 0.0000 0.2818 0.0000 
 72       72   (0)      5 :  0.0285 0.0085 0.1194 0.2486 0.0062 0.0005 0.0113 0.0262 0.0000 0.0393 0.0218 0.4354 0.0008 0.0518 0.0017 
 73       73   (0)      5 :  0.0103 0.0016 0.1380 0.2772 0.0041 0.0438 0.0146 0.0000 0.0017 0.0157 0.0014 0.4915 0.0000 0.0000 0.0000 
 74       74   (0)      5 :  0.0000 0.0032 0.0708 0.0200 0.0000 0.0000 0.0000 0.6173 0.0000 0.1770 0.0000 0.0000 0.0000 0.1117 0.0000 
 75       75   (0)      6 :  0.0000 0.0000 0.1135 0.0324 0.0000 0.0000 0.0200 0.2293 0.0000 0.3233 0.0000 0.0000 0.0000 0.2815 0.0000 
 76       76   (0)      6 :  0.0152 0.0140 0.1567 0.1015 0.0018 0.0122 0.0213 0.0052 0.0000 0.0196 0.0104 0.6005 0.0161 0.0140 0.0116 
 77       77   (0)      6 :  0.0000 0.0000 0.0425 0.0081 0.0000 0.0000 0.0106 0.4135 0.0000 0.2808 0.0000 0.0000 0.0000 0.2446 0.0000 
 78       78   (0)      6 :  0.0000 0.0200 0.1200 0.0000 0.0000 0.0000 0.0000 0.5697 0.0000 0.1261 0.0000 0.0000 0.0000 0.1642 0.0000 
 79       79   (0)      6 :  0.0000 0.0000 0.0997 0.0200 0.0000 0.0000 0.0200 0.2253 0.0000 0.3831 0.0000 0.0000 0.0000 0.2519 0.0000 
 80       80   (0)      6 :  0.0000 0.0000 0.0005 0.0000 0.4040 0.0003 0.5935 0.0000 0.0000 0.0000 0.0000 0.0000 0.0000 0.0000 0.0017 
 81       81   (0)      6 :  0.0000 0.0104 0.0949 0.0305 0.0000 0.0000 0.0000 0.2816 0.0000 0.2720 0.0000 0.0000 0.0000 0.3106 0.0000 
 82       82   (0)      6 :  0.0000 0.0000 0.0921 0.0258 0.0000 0.0000 0.0200 0.1698 0.0000 0.3269 0.0000 0.0000 0.0000 0.3653 0.0000 
 83       83   (0)      6 :  0.0000 0.0200 0.1024 0.0246 0.0000 0.0000 0.0036 0.0637 0.0000 0.1811 0.0000 0.0000 0.0004 0.6019 0.0023 
 84       84   (0)      6 :  0.0000 0.0000 0.0400 0.0200 0.0000 0.0000 0.0000 0.1304 0.0000 0.2400 0.0000 0.0000 0.0000 0.5696 0.0000 
 85       85   (0)      6 :  0.0000 0.0000 0.0510 0.0227 0.0000 0.0000 0.0000 0.2047 0.0000 0.3650 0.0000 0.0000 0.0000 0.3567 0.0000 
 86       86   (0)      6 :  0.0000 0.0106 0.0400 0.0091 0.0000 0.0000 0.0000 0.0321 0.0000 0.2259 0.0000 0.0000 0.0000 0.6823 0.0000 
 87       87   (0)      6 :  0.0000 0.0000 0.0397 0.0200 0.0000 0.0000 0.0000 0.5484 0.0000 0.2107 0.0000 0.0000 0.0000 0.1812 0.0000 
 88       88   (0)      6 :  0.0000 0.0000 0.0563 0.0343 0.0000 0.0000 0.0053 0.5944 0.0000 0.2337 0.0000 0.0000 0.0000 0.0759 0.0000 
 89       89   (0)      6 :  0.0000 0.0000 0.0400 0.0400 0.0000 0.0000 0.0000 0.4736 0.0000 0.3237 0.0000 0.0000 0.0000 0.1227 0.0000 
 90       90   (0)      6 :  0.0000 0.0000 0.0072 0.0041 0.8891 0.0000 0.0000 0.0545 0.0000 0.0399 0.0000 0.0000 0.0000 0.0051 0.0000 
 91       91   (0)      6 :  0.0000 0.0000 0.0906 0.0400 0.0000 0.0000 0.0000 0.4867 0.0000 0.2586 0.0000 0.0000 0.0000 0.1242 0.0000 
 92       92   (0)      6 :  0.0021 0.0019 0.0009 0.7173 0.0000 0.0016 0.0064 0.0000 0.0651 0.0185 0.0182 0.1623 0.0055 0.0000 0.0000 
 93       93   (0)      6 :  0.0000 0.0000 0.0000 0.0000 0.0000 0.0000 0.0000 0.0000 0.0000 0.0042 0.0000 0.0000 0.9840 0.0000 0.0117 
 94       94   (0)      6 :  0.0031 0.0035 0.0852 0.3493 0.0000 0.0145 0.0000 0.0000 0.0145 0.0177 0.1830 0.2710 0.0583 0.0000 0.0000 
 95       95   (0)      6 :  0.0000 0.0000 0.0000 0.0049 0.0000 0.0000 0.0000 0.0000 0.0000 0.0042 0.0042 0.0000 0.9814 0.0000 0.0053 
 96       96   (0)      6 :  0.0000 0.0000 0.0030 0.0286 0.0000 0.0000 0.0000 0.0025 0.0000 0.0115 0.0216 0.0000 0.9301 0.0000 0.0028 
 97       97   (0)      6 :  0.0323 0.0110 0.0864 0.2078 0.0000 0.0019 0.0044 0.0000 0.0311 0.0112 0.0676 0.3851 0.1611 0.0000 0.0000 
 98       98   (0)      6 :  0.0000 0.0000 0.0000 0.0000 0.0010 0.0000 0.0000 0.0000 0.0000 0.0039 0.0000 0.0000 0.8609 0.0000 0.1341 
 99       99   (0)      7 :  0.0000 0.0000 0.1193 0.0200 0.0000 0.0000 0.0000 0.2579 0.0000 0.2785 0.0000 0.0000 0.0000 0.3243 0.0000 
100      100   (0)      7 :  0.0139 0.0061 0.0811 0.1192 0.0016 0.0053 0.0143 0.0540 0.0039 0.0457 0.0169 0.4126 0.1680 0.0341 0.0234 
101      101   (0)      7 :  0.0000 0.0000 0.0000 0.0000 0.0000 0.0000 0.0000 0.0000 0.0000 0.0000 0.0000 0.0000 0.0000 0.0000 1.0000 
102      102   (0)      7 :  0.0000 0.0000 0.0000 0.0000 0.0000 0.0000 0.0000 0.0000 0.0000 0.0000 0.0000 0.0000 0.0000 0.0000 1.0000 
103      103   (0)      7 :  0.0821 0.0096 0.1058 0.2306 0.0001 0.0362 0.0059 0.0000 0.0274 0.0081 0.1267 0.3645 0.0030 0.0000 0.0000 
104      104   (0)      7 :  0.0239 0.0042 0.0573 0.4611 0.0316 0.0293 0.0033 0.0000 0.0440 0.0182 0.0223 0.3046 0.0002 0.0000 0.0000 
105      105   (0)      7 :  0.0008 0.0605 0.2263 0.2225 0.0000 0.0001 0.1432 0.0000 0.0040 0.0400 0.1213 0.1814 0.0000 0.0000 0.0000 
106      106   (0)      7 :  0.0043 0.0039 0.2083 0.2088 0.0003 0.0230 0.0147 0.0000 0.0144 0.0377 0.0891 0.3947 0.0007 0.0000 0.0000 
107      107   (0)      7 :  0.0149 0.0294 0.0952 0.2311 0.0077 0.0209 0.0005 0.0000 0.0000 0.0236 0.0554 0.5194 0.0017 0.0000 0.0000 
108      108   (0)      8 :  0.0000 0.0000 0.0000 0.0000 0.0000 0.0000 0.0000 0.0000 1.0000 0.0000 0.0000 0.0000 0.0000 0.0000 0.0000 
109      109   (0)      8 :  0.0218 0.0138 0.1926 0.1567 0.0011 0.0212 0.0382 0.0000 0.0315 0.0057 0.0163 0.5011 0.0000 0.0000 0.0000 
110      110   (0)      8 :  1.0000 0.0000 0.0000 0.0000 0.0000 0.0000 0.0000 0.0000 0.0000 0.0000 0.0000 0.0000 0.0000 0.0000 0.0000 
111      111   (0)      8 :  0.0000 0.0000 0.0000 0.0000 0.0000 0.9800 0.0000 0.0000 0.0200 0.0000 0.0000 0.0000 0.0000 0.0000 0.0000 
112      112   (0)      8 :  0.0000 0.0000 0.0000 0.0000 0.0000 0.0000 0.0000 0.0000 0.0000 0.0000 0.0000 0.0000 0.0000 0.0000 1.0000 
113      113   (0)      8 :  0.0032 0.0213 0.1906 0.0942 0.0000 0.0164 0.0628 0.0000 0.0015 0.0061 0.0074 0.5966 0.0000 0.0000 0.0000 
114      114   (0)      8 :  0.0468 0.0001 0.1363 0.1015 0.0000 0.0039 0.0077 0.0000 0.0010 0.0004 0.0224 0.6799 0.0000 0.0000 0.0000 
115      115   (0)      8 :  0.0000 0.0000 0.0000 0.0000 0.0000 0.0000 0.0000 0.0000 1.0000 0.0000 0.0000 0.0000 0.0000 0.0000 0.0000 
116      116   (0)      8 :  0.0000 0.0000 0.0000 0.0000 0.0000 0.9800 0.0000 0.0000 0.0200 0.0000 0.0000 0.0000 0.0000 0.0000 0.0000 
117      117   (0)      8 :  0.0000 0.0618 0.2154 0.2024 0.0007 0.0052 0.1400 0.0039 0.0339 0.0386 0.1168 0.1475 0.0331 0.0006 0.0000 
118      118   (0)      8 :  0.0209 0.0128 0.2185 0.2306 0.0034 0.0000 0.0442 0.0000 0.0069 0.0101 0.0063 0.4462 0.0000 0.0000 0.0000 
119      119   (0)      9 :  0.0000 0.0000 0.0375 0.0240 0.0000 0.0000 0.0000 0.4650 0.0000 0.2469 0.0000 0.0000 0.0000 0.2265 0.0000 
120      120   (0)     10 :  0.0027 0.0158 0.1100 0.0981 0.0055 0.0287 0.0026 0.0000 0.0480 0.0047 0.0445 0.5926 0.0019 0.0000 0.0449 
121      121   (0)     10 :  0.0029 0.0042 0.0871 0.1993 0.0000 0.0638 0.0004 0.0000 0.0009 0.0160 0.0212 0.6027 0.0014 0.0000 0.0000 
122      122   (0)     10 :  0.0123 0.0133 0.0765 0.3248 0.0000 0.0020 0.0005 0.0000 0.0269 0.0078 0.0406 0.4941 0.0013 0.0000 0.0000 
123      123   (0)     10 :  0.0264 0.0091 0.0680 0.3079 0.0319 0.0246 0.0123 0.0454 0.0689 0.0218 0.0353 0.3348 0.0007 0.0032 0.0098 
124      124   (0)     10 :  0.0004 0.0274 0.1093 0.2562 0.0069 0.0083 0.0103 0.0000 0.0103 0.0058 0.0073 0.5063 0.0000 0.0000 0.0515 
125      125   (0)     10 :  0.0012 0.0258 0.1007 0.0759 0.0065 0.0170 0.0079 0.0000 0.0010 0.0051 0.0774 0.4951 0.1555 0.0000 0.0309 
126      126   (0)     10 :  0.0015 0.0258 0.1470 0.2062 0.0006 0.0003 0.0142 0.0000 0.0110 0.0142 0.0416 0.5214 0.0023 0.0000 0.0138 
127      127   (0)     10 :  0.0022 0.0049 0.0954 0.0945 0.0004 0.0251 0.0047 0.0000 0.0289 0.0006 0.0190 0.7244 0.0000 0.0000 0.0000 
128      128   (0)     10 :  0.0007 0.0268 0.1316 0.1558 0.0113 0.0386 0.0268 0.0000 0.0074 0.0181 0.0336 0.5290 0.0008 0.0000 0.0195 
129      129   (0)     10 :  0.0046 0.0116 0.1367 0.2247 0.0004 0.0003 0.0041 0.0000 0.0003 0.0074 0.0568 0.5515 0.0015 0.0000 0.0000 
130      130   (0)     10 :  0.0169 0.0000 0.1138 0.1689 0.0001 0.0000 0.0084 0.0000 0.0005 0.0149 0.0255 0.6500 0.0011 0.0000 0.0000 
131      131   (0)     10 :  0.0000 0.0035 0.1136 0.1584 0.0286 0.0380 0.0106 0.0000 0.0215 0.0269 0.0887 0.4745 0.0023 0.0000 0.0333 
132      132   (0)     10 :  0.0000 0.0042 0.1039 0.1809 0.0307 0.0075 0.0139 0.0000 0.0159 0.0099 0.0067 0.5330 0.0408 0.0000 0.0526 
133      133   (0)     10 :  0.0022 0.0205 0.1171 0.0986 0.0099 0.0273 0.0039 0.0015 0.0316 0.0281 0.0730 0.5376 0.0190 0.0060 0.0237 
134      134   (0)     10 :  0.0222 0.0038 0.1209 0.1560 0.0001 0.0066 0.0001 0.0016 0.0300 0.0107 0.0176 0.5596 0.0257 0.0013 0.0437 
135      135   (0)     10 :  0.0235 0.0058 0.1410 0.1214 0.0098 0.0153 0.0163 0.0000 0.0660 0.0074 0.0190 0.5407 0.0002 0.0000 0.0338 
136      136   (0)     10 :  0.0269 0.0002 0.1344 0.2333 0.0000 0.0128 0.0012 0.0000 0.0072 0.0093 0.0348 0.5293 0.0013 0.0000 0.0093 
137      137   (0)     11 :  0.0000 0.0000 0.0693 0.0241 0.0000 0.0000 0.0053 0.4050 0.0000 0.2294 0.0000 0.0000 0.0000 0.1789 0.0881 
138      138   (0)     12 :  0.0063 0.0417 0.0889 0.1283 0.0352 0.0005 0.0678 0.0003 0.0234 0.0172 0.0696 0.3267 0.1496 0.0000 0.0445 
139      139   (0)     12 :  0.0000 0.0060 0.0608 0.0369 0.0000 0.0013 0.0062 0.0176 0.0000 0.0447 0.0127 0.1975 0.4253 0.1286 0.0624 
140      140   (0)     12 :  0.0000 0.0000 0.0018 0.0000 0.3938 0.0000 0.5638 0.0000 0.0000 0.0000 0.0000 0.0000 0.0000 0.0000 0.0406 
141      141   (0)     12 :  0.2230 0.0000 0.0004 0.0000 0.0000 0.0007 0.0000 0.0000 0.0000 0.0000 0.0039 0.0000 0.7641 0.0000 0.0077 
142      142   (0)     12 :  0.0208 0.0085 0.1110 0.1755 0.0082 0.0293 0.0373 0.0000 0.0090 0.0124 0.0470 0.4788 0.0092 0.0000 0.0530 
143      143   (0)     12 :  0.0002 0.0000 0.0211 0.0034 0.0000 0.0104 0.0028 0.0000 0.0000 0.0027 0.1452 0.0390 0.7131 0.0029 0.0592 
144      144   (0)     12 :  0.0136 0.0020 0.1047 0.1344 0.0232 0.0060 0.0414 0.0000 0.0000 0.0131 0.0070 0.4920 0.0406 0.0027 0.1192 
145      145   (0)     12 :  0.0302 0.0044 0.0947 0.1000 0.3261 0.0000 0.2682 0.0000 0.0035 0.0352 0.0245 0.1132 0.0000 0.0000 0.0000 
146      146   (0)     13 :  0.0000 0.0000 0.0468 0.0265 0.0000 0.0000 0.0000 0.8479 0.0000 0.0485 0.0000 0.0000 0.0000 0.0302 0.0000 
147      147   (0)     13 :  0.0000 0.0101 0.0928 0.0173 0.0000 0.0000 0.0000 0.5575 0.0000 0.1947 0.0000 0.0000 0.0000 0.1276 0.0000 
148      148   (0)     13 :  0.0000 0.0000 0.1160 0.0077 0.0000 0.0000 0.0000 0.5143 0.0000 0.1950 0.0000 0.0000 0.0000 0.1671 0.0000 
149      149   (0)     13 :  0.0000 0.0000 0.1040 0.0716 0.0000 0.0000 0.0000 0.4323 0.0000 0.2684 0.0000 0.0000 0.0000 0.1236 0.0000 
150      150   (0)     13 :  0.0000 0.0000 0.0200 0.0200 0.0000 0.0000 0.0000 0.7776 0.0000 0.1207 0.0000 0.0000 0.0000 0.0617 0.0000 
151      151   (0)     14 :  0.0000 0.0020 0.0458 0.0264 0.0000 0.0000 0.0000 0.5326 0.0000 0.2856 0.0000 0.0000 0.0000 0.1076 0.0000 
152      152   (0)     14 :  0.0010 0.0174 0.1530 0.1534 0.0127 0.0225 0.0087 0.0000 0.0209 0.0089 0.0680 0.5313 0.0020 0.0000 0.0000 
153      153   (0)     15 :  0.0000 0.0000 0.0000 0.0000 0.0000 0.0000 0.0000 0.0000 0.0000 0.0061 0.0085 0.0000 0.9800 0.0000 0.0054 
154      154   (0)     15 :  0.0000 0.0000 0.0488 0.0400 0.0000 0.0000 0.0000 0.4788 0.0000 0.2438 0.0000 0.0000 0.0000 0.1886 0.0000 
155      155   (0)     16 :  0.0064 0.0010 0.1266 0.1294 0.0003 0.0359 0.0111 0.0000 0.0162 0.0073 0.0050 0.5951 0.0304 0.0000 0.0352 
156      156   (0)     16 :  0.0689 0.0032 0.1139 0.1709 0.0399 0.0419 0.0085 0.0000 0.0157 0.0122 0.0097 0.5092 0.0000 0.0000 0.0061 
157      157   (0)     17 :  0.0052 0.0000 0.0002 0.0026 0.0002 0.0000 0.0020 0.0007 0.0001 0.0021 0.0020 0.0000 0.8972 0.0016 0.0861 
158      158   (0)     17 :  0.0000 0.0000 0.0000 0.0000 0.9991 0.0000 0.0000 0.0000 0.0000 0.0000 0.0000 0.0000 0.0000 0.0000 0.0009 
159      159   (0)     18 :  0.0039 0.0004 0.1380 0.2185 0.0014 0.0084 0.0044 0.0000 0.0034 0.0102 0.0955 0.4978 0.0038 0.0000 0.0143 
160      160   (0)     18 :  0.0445 0.0219 0.1404 0.1256 0.0000 0.0148 0.0145 0.0000 0.0081 0.0086 0.0120 0.6095 0.0000 0.0000 0.0000 
161      161   (0)     18 :  0.0264 0.0360 0.1077 0.2063 0.0000 0.0061 0.0094 0.0000 0.0089 0.0377 0.0430 0.5183 0.0000 0.0000 0.0000 
162      162   (0)     19 :  0.0000 0.0098 0.0923 0.1295 0.0002 0.1150 0.0180 0.0000 0.0259 0.0099 0.1132 0.3941 0.0630 0.0000 0.0292 
163      163   (0)     19 :  0.0016 0.0022 0.0206 0.3591 0.0000 0.0202 0.0028 0.0154 0.0333 0.0475 0.0011 0.0589 0.1965 0.0537 0.1871 
164      164   (0)     19 :  0.0016 0.0041 0.0021 0.6697 0.0006 0.0047 0.0085 0.0000 0.1500 0.0170 0.0107 0.1312 0.0000 0.0000 0.0000 
