  1        1   (0)      1 :  0.0031 0.0459 0.0007 0.0000 0.0002 0.0000 0.6743 0.0199 0.0726 0.0721 0.0940 0.0092 0.0080 
  2        2   (0)      1 :  0.0000 0.0249 0.0801 0.0000 0.0095 0.0000 0.3997 0.0141 0.0000 0.0000 0.4472 0.0177 0.0068 
  3        3   (0)      1 :  0.0000 0.0097 0.0000 0.0000 0.0000 0.0000 0.9760 0.0073 0.0000 0.0000 0.0070 0.0000 0.0000 
  4        4   (0)      1 :  0.0000 0.0000 0.0000 0.0000 0.0000 0.0000 0.4800 0.0200 0.0000 0.0000 0.5000 0.0000 0.0000 
  5        5   (0)      1 :  0.0941 0.0323 0.0166 0.0000 0.1339 0.0000 0.0969 0.0513 0.3825 0.0995 0.0905 0.0022 0.0002 
  6        6   (0)      1 :  0.0573 0.0189 0.0175 0.0000 0.1041 0.0000 0.0410 0.0281 0.5124 0.1457 0.0477 0.0227 0.0044 
  7        7   (0)      1 :  0.0000 0.0395 0.0030 0.0000 0.0000 0.0000 0.0075 0.0469 0.7253 0.1195 0.0222 0.0281 0.0078 
  8        8   (0)      1 :  0.0508 0.0205 0.0144 0.0000 0.0963 0.0000 0.1086 0.0517 0.4275 0.0867 0.1389 0.0040 0.0007 
  9        9   (0)      1 :  0.0000 0.0000 0.0000 0.0000 0.0000 0.0000 0.4800 0.0200 0.0000 0.0000 0.5000 0.0000 0.0000 
 10       10   (0)      1 :  0.0000 0.0205 0.0093 0.0000 0.0000 0.0000 0.0000 0.0341 0.7351 0.1069 0.0070 0.0309 0.0562 
 11       11   (0)      1 :  0.0000 0.0452 0.0305 0.0000 0.0000 0.0000 0.0010 0.0089 0.7379 0.0795 0.0208 0.0262 0.0500 
 12       12   (0)      1 :  0.0000 0.3600 0.0600 0.0000 0.0000 0.0000 0.0000 0.0000 0.0000 0.0000 0.4200 0.0400 0.1200 
 13       13   (0)      1 :  0.0012 0.0402 0.0026 0.0000 0.0000 0.0000 0.0011 0.0204 0.6102 0.2276 0.0065 0.0450 0.0452 
 14       14   (0)      1 :  0.1151 0.0363 0.0052 0.0071 0.0957 0.0160 0.1478 0.0206 0.3912 0.0584 0.0613 0.0330 0.0123 
 15       15   (0)      1 :  0.0000 0.0000 0.0000 0.0000 0.9993 0.0000 0.0000 0.0000 0.0000 0.0000 0.0000 0.0000 0.0007 
 16       16   (0)      1 :  0.0000 0.1200 0.0000 0.0000 0.0000 0.0000 0.6800 0.1400 0.0000 0.0000 0.0600 0.0000 0.0000 
 17       17   (0)      1 :  0.0000 0.1200 0.0000 0.0000 0.0000 0.0000 0.6800 0.1400 0.0000 0.0000 0.0600 0.0000 0.0000 
 18       18   (0)      1 :  0.0000 0.0000 0.0000 0.0000 0.0000 0.0000 0.0000 0.0000 0.0000 0.0000 0.0000 0.0000 1.0000 
 19       19   (0)      1 :  0.0027 0.0973 0.0412 0.0000 0.0000 0.0000 0.0060 0.0300 0.5658 0.1658 0.0144 0.0601 0.0168 
 20       20   (0)      1 :  0.0043 0.0591 0.0067 0.0000 0.0000 0.0000 0.0016 0.0230 0.5939 0.2368 0.0053 0.0517 0.0176 
 21       21   (0)      1 :  0.0000 0.0125 0.0000 0.0000 0.0000 0.0000 0.9689 0.0094 0.0000 0.0000 0.0091 0.0000 0.0000 
 22       22   (0)      1 :  0.0000 0.0000 0.0000 0.0000 1.0000 0.0000 0.0000 0.0000 0.0000 0.0000 0.0000 0.0000 0.0000 
 23       23   (0)      1 :  0.0030 0.0236 0.0315 0.0000 0.0015 0.0000 0.0039 0.0191 0.6768 0.1844 0.0291 0.0208 0.0062 
 24       24   (0)      2 :  0.0000 0.0281 0.0000 0.0000 0.0000 0.0000 0.9298 0.0248 0.0000 0.0000 0.0174 0.0000 0.0000 
 25       25   (0)      2 :  0.0141 0.0242 0.0000 0.0000 0.0000 0.0000 0.0000 0.0199 0.5761 0.3529 0.0032 0.0091 0.0005 
 26       26   (0)      2 :  0.0000 0.0158 0.0029 0.0000 0.0000 0.0000 0.5793 0.0226 0.1794 0.0809 0.1037 0.0012 0.0142 
 27       27   (0)      2 :  0.0012 0.0199 0.0290 0.0000 0.0000 0.0000 0.0464 0.0279 0.6069 0.1437 0.0103 0.0141 0.1007 
 28       28   (0)      2 :  0.0093 0.0086 0.0007 0.0000 0.0244 0.0000 0.0447 0.0124 0.6386 0.2321 0.0026 0.0240 0.0026 
 29       29   (0)      2 :  0.0058 0.0485 0.0497 0.0000 0.0000 0.0000 0.0348 0.0265 0.5019 0.2431 0.0097 0.0272 0.0528 
 30       30   (0)      2 :  0.0000 0.0000 0.0000 0.1981 0.0000 0.6945 0.0000 0.1000 0.0000 0.0074 0.0000 0.0000 0.0000 
 31       31   (0)      2 :  0.0171 0.0256 0.0041 0.0000 0.0105 0.0000 0.0176 0.0246 0.6069 0.2048 0.0089 0.0213 0.0585 
 32       32   (0)      2 :  0.0000 0.0039 0.0000 0.0000 0.0000 0.0000 0.9905 0.0030 0.0000 0.0000 0.0026 0.0000 0.0000 
 33       33   (0)      2 :  0.0000 0.0000 0.0000 0.0000 0.0000 0.0000 0.0000 0.0000 0.0000 0.0000 0.0000 0.0000 1.0000 
 34       34   (0)      2 :  0.0037 0.0369 0.0040 0.0000 0.0000 0.0000 0.0011 0.0077 0.7287 0.1935 0.0035 0.0120 0.0088 
 35       35   (0)      2 :  0.0005 0.0357 0.0314 0.0000 0.0245 0.0000 0.0256 0.0119 0.5533 0.2125 0.0266 0.0467 0.0313 
 36       36   (0)      2 :  0.0000 0.0011 0.0000 0.0000 0.0000 0.0000 0.4786 0.0200 0.0000 0.0000 0.5000 0.0004 0.0000 
 37       37   (0)      3 :  0.0004 0.0228 0.0312 0.0000 0.0000 0.0000 0.0186 0.0158 0.7371 0.1170 0.0100 0.0335 0.0136 
 38       38   (0)      3 :  0.0338 0.0424 0.2127 0.0000 0.0000 0.0000 0.0083 0.0272 0.2791 0.3225 0.0432 0.0181 0.0128 
 39       39   (0)      3 :  0.0080 0.0386 0.0307 0.0000 0.0000 0.0000 0.0091 0.0364 0.5748 0.2758 0.0084 0.0061 0.0120 
 40       40   (0)      3 :  0.0054 0.0667 0.0029 0.0000 0.0000 0.0000 0.0142 0.0277 0.5591 0.2666 0.0141 0.0349 0.0084 
 41       41   (0)      3 :  0.0041 0.0354 0.0451 0.0000 0.0000 0.0000 0.0010 0.0168 0.6828 0.1697 0.0144 0.0016 0.0291 
 42       42   (0)      4 :  0.0000 0.0120 0.0000 0.5644 0.0000 0.1682 0.0000 0.2270 0.0000 0.0284 0.0000 0.0000 0.0000 
 43       43   (0)      4 :  0.0248 0.0357 0.0168 0.0005 0.0000 0.0000 0.0010 0.0165 0.7004 0.1666 0.0121 0.0218 0.0037 
 44       44   (0)      4 :  0.0000 0.0000 0.0000 0.7007 0.0000 0.1315 0.0000 0.1395 0.0000 0.0283 0.0000 0.0000 0.0000 
 45       45   (0)      4 :  0.0000 0.0069 0.0000 0.5470 0.0000 0.3576 0.0000 0.0730 0.0000 0.0155 0.0000 0.0000 0.0000 
 46       46   (0)      4 :  0.0003 0.0261 0.0003 0.0098 0.0101 0.0031 0.0273 0.0403 0.6432 0.1939 0.0151 0.0299 0.0007 
 47       47   (0)      4 :  0.0053 0.0170 0.0000 0.0000 0.0000 0.0000 0.0001 0.0195 0.5993 0.3102 0.0002 0.0432 0.0052 
 48       48   (0)      4 :  0.0081 0.0287 0.0044 0.0000 0.0000 0.0000 0.0001 0.0249 0.5788 0.2632 0.0172 0.0378 0.0369 
 49       49   (0)      4 :  0.0000 0.0119 0.0000 0.0000 0.0000 0.0000 0.0008 0.0400 0.7878 0.1433 0.0094 0.0048 0.0020 
 50       50   (0)      4 :  0.0200 0.2800 0.0200 0.0000 0.0000 0.0000 0.0000 0.0800 0.0200 0.3800 0.0000 0.1600 0.0400 
 51       51   (0)      4 :  0.2915 0.0550 0.0010 0.1116 0.0305 0.1521 0.0004 0.0939 0.1238 0.1143 0.0004 0.0229 0.0026 
 52       52   (0)      4 :  0.0317 0.0084 0.0011 0.0048 0.0000 0.0067 0.0011 0.0250 0.6465 0.1899 0.0054 0.0538 0.0257 
 53       53   (0)      4 :  0.0090 0.0172 0.0097 0.0000 0.0000 0.0004 0.0000 0.0191 0.6125 0.2969 0.0134 0.0061 0.0157 
 54       54   (0)      4 :  0.0083 0.0228 0.0290 0.0151 0.0098 0.0050 0.0030 0.0346 0.6061 0.2322 0.0034 0.0303 0.0005 
 55       55   (0)      4 :  0.0200 0.2800 0.0200 0.0000 0.0000 0.0000 0.0000 0.0800 0.0200 0.3800 0.0000 0.1600 0.0400 
 56       56   (0)      4 :  0.0000 0.0200 0.0000 0.6247 0.0000 0.1293 0.0000 0.1959 0.0000 0.0301 0.0000 0.0000 0.0000 
 57       57   (0)      5 :  0.0048 0.0131 0.0005 0.0000 0.0000 0.0000 0.0019 0.0024 0.7641 0.1663 0.0165 0.0165 0.0139 
 58       58   (0)      5 :  0.0127 0.0167 0.0117 0.0000 0.0000 0.0000 0.0000 0.0068 0.6235 0.2305 0.0061 0.0250 0.0669 
 59       59   (0)      5 :  0.0000 0.0000 0.0000 0.7712 0.0000 0.0841 0.0000 0.1321 0.0000 0.0126 0.0000 0.0000 0.0000 
 60       60   (0)      5 :  0.0000 0.0191 0.0008 0.0000 0.0000 0.0000 0.0000 0.0016 0.7872 0.1120 0.0148 0.0563 0.0081 
 61       61   (0)      5 :  0.0617 0.0085 0.0796 0.1813 0.0937 0.1690 0.0013 0.0965 0.2585 0.0473 0.0019 0.0006 0.0001 
 62       62   (0)      5 :  0.0000 0.0000 0.0000 0.4105 0.0000 0.3558 0.0000 0.2011 0.0000 0.0326 0.0000 0.0000 0.0000 
 63       63   (0)      5 :  0.0456 0.0210 0.0201 0.0531 0.0068 0.0880 0.0169 0.0412 0.5233 0.1391 0.0247 0.0175 0.0027 
 64       64   (0)      5 :  0.0008 0.0361 0.0445 0.0000 0.0000 0.0000 0.0001 0.0032 0.7062 0.1244 0.0224 0.0476 0.0146 
 65       65   (0)      5 :  0.0000 0.0142 0.0001 0.0000 0.0000 0.0000 0.0000 0.0410 0.8363 0.0833 0.0092 0.0073 0.0085 
 66       66   (0)      5 :  0.0010 0.0191 0.0076 0.0000 0.0000 0.0000 0.0143 0.0065 0.7417 0.1924 0.0026 0.0127 0.0022 
 67       67   (0)      5 :  0.0877 0.0364 0.0008 0.0705 0.0299 0.4809 0.0000 0.1483 0.1112 0.0342 0.0000 0.0000 0.0000 
 68       68   (0)      5 :  0.0000 0.0120 0.0000 0.5026 0.0000 0.3161 0.0000 0.1694 0.0000 0.0000 0.0000 0.0000 0.0000 
 69       69   (0)      5 :  0.0152 0.0407 0.0618 0.0161 0.0013 0.1610 0.0075 0.0629 0.3814 0.2038 0.0236 0.0184 0.0064 
 70       70   (0)      5 :  0.0000 0.0400 0.0000 0.0702 0.0000 0.6843 0.0000 0.1855 0.0000 0.0200 0.0000 0.0000 0.0000 
 71       71   (0)      5 :  0.0000 0.0131 0.0000 0.2022 0.0000 0.5668 0.0000 0.2174 0.0000 0.0004 0.0000 0.0000 0.0000 
 72       72   (0)      5 :  0.0082 0.0330 0.0004 0.0238 0.0018 0.0530 0.0068 0.0494 0.5102 0.2747 0.0202 0.0049 0.0135 
 73       73   (0)      5 :  0.0103 0.0179 0.0051 0.0000 0.0000 0.0000 0.0143 0.0174 0.6077 0.2699 0.0106 0.0433 0.0036 
 74       74   (0)      5 :  0.0000 0.0200 0.0000 0.5959 0.0000 0.1694 0.0000 0.2147 0.0000 0.0000 0.0000 0.0000 0.0000 
 75       75   (0)      6 :  0.0000 0.0000 0.0000 0.2735 0.0000 0.5380 0.0000 0.1800 0.0000 0.0084 0.0000 0.0000 0.0000 
 76       76   (0)      6 :  0.0211 0.0121 0.0000 0.0090 0.0121 0.0273 0.0115 0.0354 0.6632 0.1667 0.0073 0.0178 0.0164 
 77       77   (0)      6 :  0.0000 0.0031 0.0000 0.4914 0.0000 0.3206 0.0000 0.1819 0.0000 0.0030 0.0000 0.0000 0.0000 
 78       78   (0)      6 :  0.0000 0.0200 0.0000 0.4534 0.0000 0.2508 0.0000 0.2651 0.0000 0.0107 0.0000 0.0000 0.0000 
 79       79   (0)      6 :  0.0000 0.0038 0.0000 0.3356 0.0000 0.4968 0.0000 0.1351 0.0000 0.0287 0.0000 0.0000 0.0000 
 80       80   (0)      6 :  0.0000 0.0114 0.0000 0.0000 0.0017 0.0000 0.8960 0.0086 0.0000 0.0000 0.0816 0.0007 0.0000 
 81       81   (0)      6 :  0.0000 0.0108 0.0000 0.2516 0.0000 0.5563 0.0000 0.1747 0.0000 0.0065 0.0000 0.0000 0.0000 
 82       82   (0)      6 :  0.0000 0.0000 0.0000 0.2045 0.0000 0.5798 0.0000 0.2020 0.0000 0.0136 0.0000 0.0000 0.0000 
 83       83   (0)      6 :  0.0014 0.0149 0.0000 0.0688 0.0052 0.7848 0.0000 0.1152 0.0000 0.0097 0.0000 0.0000 0.0000 
 84       84   (0)      6 :  0.0000 0.0200 0.0000 0.1668 0.0000 0.5986 0.0000 0.2146 0.0000 0.0000 0.0000 0.0000 0.0000 
 85       85   (0)      6 :  0.0000 0.0311 0.0000 0.2483 0.0000 0.5964 0.0000 0.1241 0.0000 0.0000 0.0000 0.0000 0.0000 
 86       86   (0)      6 :  0.0000 0.0200 0.0000 0.0594 0.0000 0.8643 0.0000 0.0563 0.0000 0.0000 0.0000 0.0000 0.0000 
 87       87   (0)      6 :  0.0000 0.0393 0.0000 0.6627 0.0000 0.1168 0.0000 0.1740 0.0000 0.0073 0.0000 0.0000 0.0000 
 88       88   (0)      6 :  0.0000 0.0000 0.0000 0.6555 0.0000 0.0980 0.0000 0.2199 0.0000 0.0267 0.0000 0.0000 0.0000 
 89       89   (0)      6 :  0.0000 0.0130 0.0000 0.5066 0.0000 0.2147 0.0000 0.2381 0.0000 0.0277 0.0000 0.0000 0.0000 
 90       90   (0)      6 :  0.0000 0.0000 0.0000 0.0621 0.0000 0.0152 0.4146 0.0529 0.0000 0.0043 0.4510 0.0000 0.0000 
 91       91   (0)      6 :  0.0000 0.0200 0.0000 0.6215 0.0000 0.1753 0.0000 0.1633 0.0000 0.0200 0.0000 0.0000 0.0000 
 92       92   (0)      6 :  0.0536 0.0436 0.1007 0.0000 0.0000 0.0000 0.0080 0.0375 0.3150 0.4113 0.0213 0.0050 0.0040 
 93       93   (0)      6 :  0.9535 0.0000 0.0000 0.0037 0.0345 0.0000 0.0000 0.0042 0.0000 0.0041 0.0000 0.0000 0.0000 
 94       94   (0)      6 :  0.1021 0.0718 0.0191 0.0000 0.0000 0.0000 0.0000 0.0256 0.3917 0.3502 0.0042 0.0277 0.0076 
 95       95   (0)      6 :  0.9737 0.0000 0.0000 0.0000 0.0145 0.0000 0.0000 0.0078 0.0000 0.0040 0.0000 0.0000 0.0000 
 96       96   (0)      6 :  0.9532 0.0000 0.0000 0.0118 0.0079 0.0041 0.0000 0.0059 0.0000 0.0172 0.0000 0.0000 0.0000 
 97       97   (0)      6 :  0.1777 0.0389 0.0333 0.0015 0.0000 0.0000 0.0000 0.0205 0.4609 0.2228 0.0159 0.0139 0.0147 
 98       98   (0)      6 :  0.8318 0.0000 0.0000 0.0071 0.1569 0.0000 0.0000 0.0037 0.0000 0.0000 0.0005 0.0000 0.0000 
 99       99   (0)      7 :  0.0000 0.0079 0.0000 0.3220 0.0000 0.4672 0.0000 0.1829 0.0000 0.0200 0.0000 0.0000 0.0000 
100      100   (0)      7 :  0.1661 0.0234 0.0065 0.0635 0.0279 0.0346 0.0091 0.0394 0.4698 0.1386 0.0089 0.0116 0.0006 
101      101   (0)      7 :  0.0000 0.0000 0.0000 0.0000 1.0000 0.0000 0.0000 0.0000 0.0000 0.0000 0.0000 0.0000 0.0000 
102      102   (0)      7 :  0.0000 0.0000 0.0000 0.0000 1.0000 0.0000 0.0000 0.0000 0.0000 0.0000 0.0000 0.0000 0.0000 
103      103   (0)      7 :  0.0083 0.0809 0.0377 0.0000 0.0000 0.0000 0.0000 0.0376 0.4421 0.2762 0.0368 0.0554 0.0250 
104      104   (0)      7 :  0.0143 0.0453 0.0612 0.0000 0.0000 0.0000 0.0101 0.0224 0.4020 0.3559 0.0409 0.0351 0.0127 
105      105   (0)      7 :  0.0238 0.2025 0.0102 0.0000 0.0000 0.0000 0.0099 0.0602 0.3081 0.3634 0.0003 0.0201 0.0014 
106      106   (0)      7 :  0.0032 0.0722 0.0174 0.0000 0.0000 0.0000 0.0057 0.0561 0.5074 0.2983 0.0029 0.0349 0.0019 
107      107   (0)      7 :  0.0097 0.0221 0.0000 0.0000 0.0000 0.0000 0.0000 0.0103 0.5594 0.3154 0.0156 0.0285 0.0389 
108      108   (0)      8 :  0.0000 0.0000 1.0000 0.0000 0.0000 0.0000 0.0000 0.0000 0.0000 0.0000 0.0000 0.0000 0.0000 
109      109   (0)      8 :  0.0015 0.0502 0.0331 0.0000 0.0000 0.0000 0.0027 0.0441 0.6840 0.1287 0.0111 0.0306 0.0140 
110      110   (0)      8 :  0.0000 0.3600 0.0600 0.0000 0.0000 0.0000 0.0000 0.0000 0.0000 0.0000 0.4200 0.0400 0.1200 
111      111   (0)      8 :  0.0000 0.0000 0.0400 0.0000 0.0000 0.0000 0.0000 0.0000 0.0000 0.0000 0.0000 0.8800 0.0800 
112      112   (0)      8 :  0.0000 0.0000 0.0000 0.0000 1.0000 0.0000 0.0000 0.0000 0.0000 0.0000 0.0000 0.0000 0.0000 
113      113   (0)      8 :  0.0000 0.0431 0.0024 0.0000 0.0000 0.0000 0.0001 0.0766 0.7159 0.1303 0.0025 0.0279 0.0012 
114      114   (0)      8 :  0.0000 0.0263 0.0032 0.0000 0.0000 0.0000 0.0000 0.0373 0.7820 0.1107 0.0215 0.0150 0.0040 
115      115   (0)      8 :  0.0000 0.0000 1.0000 0.0000 0.0000 0.0000 0.0000 0.0000 0.0000 0.0000 0.0000 0.0000 0.0000 
116      116   (0)      8 :  0.0000 0.0000 0.0400 0.0000 0.0000 0.0000 0.0000 0.0000 0.0000 0.0000 0.0000 0.8800 0.0800 
117      117   (0)      8 :  0.0681 0.1993 0.0489 0.0065 0.0004 0.0010 0.0017 0.0632 0.2509 0.3272 0.0020 0.0277 0.0031 
118      118   (0)      8 :  0.0000 0.0755 0.0125 0.0000 0.0000 0.0000 0.0328 0.0391 0.6293 0.1897 0.0126 0.0021 0.0064 
119      119   (0)      9 :  0.0000 0.0284 0.0000 0.2689 0.0000 0.3929 0.0000 0.2898 0.0000 0.0200 0.0000 0.0000 0.0000 
120      120   (0)     10 :  0.0015 0.0178 0.0471 0.0000 0.0457 0.0000 0.0019 0.0288 0.6193 0.1738 0.0082 0.0359 0.0199 
121      121   (0)     10 :  0.0053 0.0125 0.0009 0.0000 0.0000 0.0000 0.0000 0.0203 0.7168 0.1614 0.0023 0.0662 0.0143 
122      122   (0)     10 :  0.0106 0.0270 0.0365 0.0000 0.0000 0.0000 0.0000 0.0084 0.5549 0.3259 0.0102 0.0079 0.0186 
123      123   (0)     10 :  0.0127 0.0473 0.0850 0.0487 0.0109 0.0036 0.0183 0.0321 0.4116 0.2491 0.0356 0.0313 0.0139 
124      124   (0)     10 :  0.0071 0.0188 0.0145 0.0000 0.0524 0.0000 0.0000 0.0194 0.6189 0.2178 0.0097 0.0114 0.0299 
125      125   (0)     10 :  0.1476 0.0288 0.0003 0.0000 0.0354 0.0006 0.0039 0.0242 0.5204 0.1723 0.0058 0.0300 0.0308 
126      126   (0)     10 :  0.0087 0.0353 0.0128 0.0000 0.0145 0.0000 0.0000 0.0200 0.6472 0.2275 0.0016 0.0054 0.0269 
127      127   (0)     10 :  0.0000 0.0138 0.0313 0.0000 0.0000 0.0000 0.0001 0.0113 0.7806 0.1224 0.0035 0.0304 0.0067 
128      128   (0)     10 :  0.0055 0.0386 0.0090 0.0000 0.0205 0.0000 0.0076 0.0327 0.6184 0.1920 0.0087 0.0435 0.0236 
129      129   (0)     10 :  0.0066 0.0123 0.0006 0.0000 0.0000 0.0000 0.0047 0.0055 0.6008 0.3411 0.0048 0.0047 0.0191 
130      130   (0)     10 :  0.0062 0.0170 0.0012 0.0000 0.0000 0.0000 0.0037 0.0158 0.7432 0.2037 0.0078 0.0013 0.0000 
131      131   (0)     10 :  0.0068 0.0435 0.0217 0.0000 0.0347 0.0000 0.0092 0.0240 0.5306 0.2563 0.0206 0.0480 0.0048 
132      132   (0)     10 :  0.0502 0.0097 0.0170 0.0000 0.0528 0.0000 0.0159 0.0237 0.6092 0.1835 0.0229 0.0108 0.0042 
133      133   (0)     10 :  0.0264 0.0318 0.0295 0.0022 0.0217 0.0069 0.0004 0.0257 0.5775 0.2014 0.0117 0.0376 0.0272 
134      134   (0)     10 :  0.0321 0.0156 0.0299 0.0020 0.0437 0.0036 0.0000 0.0156 0.6043 0.2234 0.0108 0.0122 0.0068 
135      135   (0)     10 :  0.0020 0.0280 0.0676 0.0000 0.0346 0.0000 0.0010 0.0232 0.6066 0.1948 0.0216 0.0192 0.0014 
136      136   (0)     10 :  0.0073 0.0223 0.0107 0.0000 0.0095 0.0000 0.0008 0.0143 0.5765 0.3228 0.0139 0.0197 0.0024 
137      137   (0)     11 :  0.0000 0.0098 0.0000 0.4913 0.0885 0.1933 0.0000 0.2023 0.0000 0.0147 0.0000 0.0000 0.0000 
138      138   (0)     12 :  0.1462 0.0325 0.0245 0.0000 0.0490 0.0000 0.0974 0.0220 0.3890 0.1775 0.0058 0.0087 0.0474 
139      139   (0)     12 :  0.4280 0.0113 0.0000 0.0132 0.0683 0.1472 0.0008 0.0565 0.2408 0.0230 0.0006 0.0064 0.0038 
140      140   (0)     12 :  0.0000 0.0088 0.0000 0.0000 0.0432 0.0000 0.8582 0.0066 0.0000 0.0000 0.0832 0.0000 0.0000 
141      141   (0)     12 :  0.7590 0.0909 0.0000 0.0000 0.0215 0.0000 0.0000 0.0006 0.0000 0.0000 0.0950 0.0088 0.0242 
142      142   (0)     12 :  0.0177 0.0300 0.0131 0.0000 0.0527 0.0000 0.0361 0.0265 0.5430 0.2187 0.0112 0.0361 0.0148 
143      143   (0)     12 :  0.6828 0.0635 0.0000 0.0029 0.0767 0.0000 0.0029 0.0217 0.0292 0.0854 0.0004 0.0345 0.0000 
144      144   (0)     12 :  0.0435 0.0119 0.0000 0.0000 0.1210 0.0005 0.0509 0.0157 0.5644 0.1687 0.0141 0.0094 0.0001 
145      145   (0)     12 :  0.0031 0.0336 0.0081 0.0000 0.0000 0.0000 0.4775 0.0255 0.2141 0.0874 0.1454 0.0024 0.0029 
146      146   (0)     13 :  0.0000 0.0400 0.0000 0.7752 0.0000 0.0200 0.0000 0.1448 0.0000 0.0200 0.0000 0.0000 0.0000 
147      147   (0)     13 :  0.0000 0.0331 0.0000 0.5252 0.0000 0.2302 0.0000 0.1885 0.0000 0.0230 0.0000 0.0000 0.0000 
148      148   (0)     13 :  0.0000 0.0400 0.0000 0.5820 0.0000 0.1391 0.0000 0.1914 0.0000 0.0475 0.0000 0.0000 0.0000 
149      149   (0)     13 :  0.0000 0.0400 0.0000 0.3840 0.0000 0.3718 0.0000 0.1975 0.0000 0.0067 0.0000 0.0000 0.0000 
150      150   (0)     13 :  0.0000 0.0058 0.0000 0.7684 0.0000 0.0549 0.0000 0.1508 0.0000 0.0200 0.0000 0.0000 0.0000 
151      151   (0)     14 :  0.0000 0.0212 0.0000 0.6155 0.0000 0.1820 0.0000 0.1733 0.0000 0.0080 0.0000 0.0000 0.0000 
152      152   (0)     14 :  0.0011 0.0349 0.0191 0.0000 0.0000 0.0000 0.0068 0.0282 0.6092 0.2310 0.0112 0.0367 0.0220 
153      153   (0)     15 :  0.9570 0.0091 0.0002 0.0000 0.0153 0.0038 0.0000 0.0083 0.0000 0.0063 0.0000 0.0000 0.0000 
154      154   (0)     15 :  0.0002 0.0242 0.0000 0.4401 0.0000 0.2784 0.0000 0.2416 0.0000 0.0155 0.0000 0.0000 0.0000 
155      155   (0)     16 :  0.0306 0.0116 0.0170 0.0000 0.0366 0.0000 0.0021 0.0322 0.6436 0.1826 0.0055 0.0364 0.0017 
156      156   (0)     16 :  0.0035 0.0354 0.0252 0.0000 0.0094 0.0000 0.0166 0.0129 0.5662 0.2166 0.0556 0.0486 0.0100 
157      157   (0)     17 :  0.8524 0.0124 0.0008 0.0043 0.1100 0.0028 0.0035 0.0020 0.0031 0.0049 0.0038 0.0000 0.0000 
158      158   (0)     17 :  0.0000 0.0000 0.0000 0.0000 0.0014 0.0000 0.4786 0.0200 0.0000 0.0000 0.5000 0.0000 0.0000 
159      159   (0)     18 :  0.0109 0.0435 0.0040 0.0000 0.0144 0.0000 0.0000 0.0290 0.5822 0.2856 0.0054 0.0234 0.0015 
160      160   (0)     18 :  0.0000 0.0448 0.0110 0.0000 0.0000 0.0000 0.0000 0.0259 0.7398 0.1119 0.0196 0.0227 0.0244 
161      161   (0)     18 :  0.0094 0.0315 0.0147 0.0000 0.0000 0.0000 0.0006 0.0289 0.6462 0.1916 0.0135 0.0150 0.0486 
162      162   (0)     19 :  0.0671 0.0530 0.0285 0.0000 0.0311 0.0000 0.0000 0.0294 0.4458 0.2109 0.0004 0.1229 0.0109 
163      163   (0)     19 :  0.2251 0.0231 0.0520 0.0282 0.1898 0.0892 0.0013 0.0316 0.1133 0.2030 0.0115 0.0291 0.0028 
164      164   (0)     19 :  0.0365 0.0461 0.1981 0.0000 0.0000 0.0000 0.0118 0.0308 0.2589 0.3770 0.0223 0.0093 0.0091 
