  1        1   (0)      1 :  0.0000 0.0000 0.0000 0.0507 0.0000 0.0000 0.0250 0.0000 0.0028 0.5112 0.0316 0.0000 0.0309 0.0347 0.0018 0.0025 0.2485 0.0603 
  2        2   (0)      1 :  0.0004 0.0000 0.0000 0.0002 0.0002 0.0000 0.0000 0.0700 0.0024 0.0034 0.0000 0.0035 0.0054 0.0000 0.0112 0.0634 0.8399 0.0000 
  3        3   (0)      1 :  0.0000 0.0000 0.0000 0.0000 0.0000 0.0000 0.0000 0.0000 0.0000 0.8196 0.0000 0.0000 0.0000 0.0000 0.0000 0.0000 0.1804 0.0000 
  4        4   (0)      1 :  0.0000 0.0000 0.0000 0.0000 0.0000 0.0000 0.0000 0.0000 0.0000 0.0000 0.0000 0.0000 0.0000 0.0000 0.0000 0.0000 1.0000 0.0000 
  5        5   (0)      1 :  0.0000 0.0000 0.0000 0.0015 0.0966 0.0000 0.1372 0.0080 0.0001 0.0044 0.0753 0.1290 0.1136 0.1896 0.0001 0.0015 0.1752 0.0678 
  6        6   (0)      1 :  0.0070 0.0000 0.0000 0.0015 0.0561 0.0000 0.3040 0.0118 0.0010 0.0013 0.0725 0.1007 0.0666 0.1872 0.0135 0.0025 0.0854 0.0890 
  7        7   (0)      1 :  0.0005 0.0000 0.0000 0.0006 0.0000 0.0000 0.2585 0.0011 0.0010 0.0013 0.1483 0.0000 0.0302 0.3772 0.0077 0.0323 0.0000 0.1412 
  8        8   (0)      1 :  0.0000 0.0000 0.0000 0.0000 0.0428 0.0000 0.1735 0.0082 0.0000 0.0000 0.0874 0.0923 0.0894 0.1882 0.0000 0.0000 0.2549 0.0634 
  9        9   (0)      1 :  0.0000 0.0000 0.0000 0.0000 0.0000 0.0000 0.0000 0.0000 0.0000 0.0000 0.0000 0.0000 0.0200 0.0000 0.0000 0.0000 0.9800 0.0000 
 10       10   (0)      1 :  0.0000 0.0000 0.0000 0.0338 0.0000 0.0000 0.1396 0.0028 0.0336 0.0001 0.0427 0.0000 0.0047 0.6145 0.0043 0.0026 0.0000 0.1214 
 11       11   (0)      1 :  0.0001 0.0000 0.0000 0.0024 0.0000 0.0000 0.1330 0.0087 0.0249 0.0004 0.1175 0.0000 0.0483 0.5371 0.0034 0.0252 0.0000 0.0991 
 12       12   (0)      1 :  0.0000 0.0000 0.0000 0.0000 0.0000 0.0000 0.0000 0.0200 0.0400 0.0000 0.0000 0.0000 0.0000 0.0000 0.0000 0.9400 0.0000 0.0000 
 13       13   (0)      1 :  0.0006 0.0000 0.0000 0.0279 0.0000 0.0000 0.1940 0.0005 0.0273 0.0007 0.0840 0.0000 0.0277 0.5021 0.0184 0.0028 0.0000 0.1140 
 14       14   (0)      1 :  0.0054 0.0167 0.0083 0.0042 0.0995 0.0029 0.0557 0.0022 0.0024 0.1036 0.0563 0.0951 0.0027 0.3433 0.0184 0.0682 0.0559 0.0591 
 15       15   (0)      1 :  0.0000 0.0000 0.0000 0.0000 0.0000 0.0000 0.0000 0.0000 0.0001 0.0000 0.0000 0.9999 0.0000 0.0000 0.0000 0.0000 0.0000 0.0000 
 16       16   (0)      1 :  0.0000 0.0000 0.0000 0.0000 0.0000 0.0000 0.0000 0.0000 0.0000 0.5800 0.3200 0.0000 0.0000 0.0000 0.0400 0.0000 0.0600 0.0000 
 17       17   (0)      1 :  0.0000 0.0000 0.0000 0.0000 0.0000 0.0000 0.0000 0.0000 0.0000 0.5800 0.3200 0.0000 0.0000 0.0000 0.0400 0.0000 0.0600 0.0000 
 18       18   (0)      1 :  0.0000 0.0000 0.0000 0.0000 0.0000 0.0000 0.0000 0.0000 1.0000 0.0000 0.0000 0.0000 0.0000 0.0000 0.0000 0.0000 0.0000 0.0000 
 19       19   (0)      1 :  0.0019 0.0000 0.0000 0.0496 0.0000 0.0000 0.1642 0.0180 0.0023 0.0218 0.0634 0.0000 0.1377 0.2691 0.0243 0.0038 0.0034 0.2406 
 20       20   (0)      1 :  0.0008 0.0000 0.0000 0.0015 0.0000 0.0000 0.1524 0.0004 0.0020 0.0005 0.0019 0.0000 0.2011 0.4242 0.0233 0.0024 0.0000 0.1896 
 21       21   (0)      1 :  0.0000 0.0000 0.0000 0.0000 0.0000 0.0000 0.0000 0.0000 0.0000 0.8054 0.0000 0.0000 0.0000 0.0000 0.0000 0.0000 0.1746 0.0200 
 22       22   (0)      1 :  0.0000 0.0000 0.0000 0.0000 0.0000 0.0000 0.0000 0.0000 0.0000 0.0000 0.0000 1.0000 0.0000 0.0000 0.0000 0.0000 0.0000 0.0000 
 23       23   (0)      1 :  0.0075 0.0000 0.0000 0.0005 0.0000 0.0000 0.2618 0.0172 0.0000 0.0021 0.0294 0.0002 0.0227 0.4935 0.0065 0.0258 0.0039 0.1290 
 24       24   (0)      2 :  0.0000 0.0000 0.0000 0.0000 0.0000 0.0000 0.0000 0.0000 0.0000 0.7887 0.0343 0.0000 0.0000 0.0000 0.0047 0.0000 0.1522 0.0200 
 25       25   (0)      2 :  0.0716 0.0000 0.0000 0.0124 0.0000 0.0000 0.3457 0.0000 0.0000 0.0000 0.0200 0.0000 0.1005 0.1432 0.0002 0.0001 0.0000 0.3062 
 26       26   (0)      2 :  0.0066 0.0000 0.0000 0.0000 0.0000 0.0000 0.0470 0.0004 0.0065 0.3330 0.1311 0.0000 0.0677 0.0404 0.0200 0.0201 0.1913 0.1359 
 27       27   (0)      2 :  0.0126 0.0000 0.0000 0.0039 0.0000 0.0000 0.3167 0.0239 0.0918 0.0424 0.0426 0.0000 0.0344 0.3026 0.0047 0.0126 0.0039 0.1079 
 28       28   (0)      2 :  0.0074 0.0000 0.0000 0.0031 0.0005 0.0000 0.5892 0.0001 0.0003 0.0249 0.0712 0.0213 0.0236 0.1397 0.0150 0.0025 0.0040 0.0971 
 29       29   (0)      2 :  0.0326 0.0000 0.0000 0.0319 0.0000 0.0000 0.2470 0.0365 0.0385 0.0193 0.0431 0.0000 0.0292 0.2439 0.0163 0.0063 0.0021 0.2531 
 30       30   (0)      2 :  0.2600 0.3391 0.2809 0.0000 0.0000 0.0600 0.0000 0.0000 0.0000 0.0000 0.0400 0.0000 0.0000 0.0000 0.0000 0.0000 0.0000 0.0200 
 31       31   (0)      2 :  0.0228 0.0000 0.0000 0.0140 0.0045 0.0000 0.3861 0.0007 0.0515 0.0150 0.0485 0.0087 0.0495 0.2492 0.0094 0.0048 0.0033 0.1317 
 32       32   (0)      2 :  0.0000 0.0000 0.0000 0.0000 0.0000 0.0000 0.0000 0.0000 0.0000 0.7994 0.0082 0.0000 0.0034 0.0000 0.0000 0.0000 0.1858 0.0032 
 33       33   (0)      2 :  0.0000 0.0000 0.0000 0.0000 0.0000 0.0000 0.0000 0.0000 1.0000 0.0000 0.0000 0.0000 0.0000 0.0000 0.0000 0.0000 0.0000 0.0000 
 34       34   (0)      2 :  0.0009 0.0000 0.0000 0.0023 0.0000 0.0000 0.1718 0.0001 0.0013 0.0000 0.1000 0.0000 0.0969 0.4846 0.0004 0.0001 0.0000 0.1416 
 35       35   (0)      2 :  0.0094 0.0000 0.0000 0.0232 0.0000 0.0000 0.4458 0.0216 0.0201 0.0186 0.0376 0.0212 0.0438 0.1770 0.0350 0.0376 0.0091 0.1000 
 36       36   (0)      2 :  0.0000 0.0000 0.0000 0.0003 0.0000 0.0000 0.0000 0.0000 0.0000 0.0000 0.0000 0.0000 0.0000 0.0000 0.0000 0.0000 0.9997 0.0000 
 37       37   (0)      3 :  0.0040 0.0000 0.0000 0.0340 0.0000 0.0000 0.2031 0.0215 0.0037 0.0066 0.0717 0.0000 0.0113 0.5231 0.0121 0.0137 0.0004 0.0948 
 38       38   (0)      3 :  0.0771 0.0000 0.0000 0.0000 0.0000 0.0000 0.1355 0.1477 0.0017 0.0015 0.0318 0.0000 0.1825 0.1341 0.0354 0.0027 0.0077 0.2423 
 39       39   (0)      3 :  0.0381 0.0000 0.0000 0.0345 0.0000 0.0000 0.4334 0.0185 0.0026 0.0036 0.0287 0.0000 0.0371 0.1551 0.0008 0.0092 0.0000 0.2385 
 40       40   (0)      3 :  0.0000 0.0000 0.0000 0.0002 0.0000 0.0000 0.1274 0.0000 0.0003 0.0026 0.0029 0.0000 0.2166 0.4340 0.0118 0.0084 0.0001 0.1958 
 41       41   (0)      3 :  0.0022 0.0000 0.0000 0.0029 0.0000 0.0000 0.5035 0.0304 0.0153 0.0020 0.0547 0.0000 0.1276 0.1441 0.0016 0.0049 0.0030 0.1078 
 42       42   (0)      4 :  0.1710 0.0626 0.3178 0.0000 0.0000 0.3443 0.0000 0.0000 0.0000 0.0000 0.0133 0.0000 0.0000 0.0000 0.0000 0.0000 0.0000 0.0910 
 43       43   (0)      4 :  0.0166 0.0000 0.0000 0.0165 0.0029 0.0000 0.3940 0.0089 0.0003 0.0011 0.0540 0.0000 0.1067 0.2564 0.0103 0.0220 0.0000 0.1104 
 44       44   (0)      4 :  0.0794 0.0198 0.8406 0.0000 0.0000 0.0443 0.0000 0.0000 0.0000 0.0000 0.0000 0.0000 0.0000 0.0000 0.0000 0.0000 0.0000 0.0159 
 45       45   (0)      4 :  0.0339 0.1392 0.5962 0.0000 0.0000 0.1608 0.0000 0.0000 0.0000 0.0000 0.0674 0.0000 0.0000 0.0000 0.0000 0.0000 0.0000 0.0026 
 46       46   (0)      4 :  0.0017 0.0007 0.0046 0.0082 0.0000 0.0043 0.3576 0.0005 0.0000 0.0146 0.0727 0.0049 0.0394 0.3270 0.0106 0.0009 0.0202 0.1322 
 47       47   (0)      4 :  0.0029 0.0000 0.0000 0.0308 0.0000 0.0000 0.7697 0.0000 0.0004 0.0002 0.0390 0.0000 0.0082 0.0515 0.0189 0.0007 0.0006 0.0771 
 48       48   (0)      4 :  0.0118 0.0000 0.0000 0.0171 0.0000 0.0000 0.3238 0.0010 0.0227 0.0000 0.0279 0.0000 0.0434 0.3745 0.0185 0.0201 0.0002 0.1389 
 49       49   (0)      4 :  0.0017 0.0000 0.0000 0.0000 0.0000 0.0000 0.2293 0.0006 0.0000 0.0000 0.0546 0.0000 0.0208 0.6201 0.0005 0.0037 0.0009 0.0677 
 50       50   (0)      4 :  0.0000 0.0000 0.0000 0.9800 0.0000 0.0000 0.0000 0.0000 0.0000 0.0000 0.0000 0.0000 0.0000 0.0200 0.0000 0.0000 0.0000 0.0000 
 51       51   (0)      4 :  0.0558 0.1451 0.0972 0.1037 0.2925 0.0231 0.0463 0.0000 0.0000 0.0038 0.0454 0.0239 0.0135 0.1118 0.0005 0.0000 0.0000 0.0376 
 52       52   (0)      4 :  0.0192 0.0015 0.0003 0.0038 0.0119 0.0053 0.6062 0.0000 0.0151 0.0000 0.0965 0.0000 0.0187 0.0981 0.0430 0.0026 0.0026 0.0751 
 53       53   (0)      4 :  0.0115 0.0000 0.0000 0.0011 0.0000 0.0000 0.6063 0.0037 0.0050 0.0000 0.0228 0.0000 0.0516 0.0954 0.0010 0.0098 0.0008 0.1910 
 54       54   (0)      4 :  0.0232 0.0025 0.0049 0.0283 0.0004 0.0045 0.4584 0.0206 0.0000 0.0036 0.0728 0.0062 0.0247 0.2007 0.0187 0.0005 0.0007 0.1294 
 55       55   (0)      4 :  0.0000 0.0000 0.0000 0.9800 0.0000 0.0000 0.0000 0.0000 0.0000 0.0000 0.0000 0.0000 0.0000 0.0200 0.0000 0.0000 0.0000 0.0000 
 56       56   (0)      4 :  0.2469 0.0668 0.2285 0.0000 0.0000 0.3794 0.0000 0.0000 0.0000 0.0000 0.0184 0.0000 0.0000 0.0000 0.0000 0.0000 0.0000 0.0600 
 57       57   (0)      5 :  0.0001 0.0000 0.0000 0.0001 0.0000 0.0000 0.4513 0.0003 0.0042 0.0010 0.1002 0.0000 0.0718 0.2039 0.0041 0.0062 0.0015 0.1553 
 58       58   (0)      5 :  0.0212 0.0000 0.0000 0.0061 0.0000 0.0000 0.4224 0.0026 0.0536 0.0001 0.0485 0.0000 0.0749 0.1619 0.0152 0.0010 0.0006 0.1921 
 59       59   (0)      5 :  0.2648 0.0242 0.5339 0.0000 0.0000 0.1467 0.0000 0.0000 0.0000 0.0000 0.0029 0.0000 0.0000 0.0000 0.0000 0.0000 0.0000 0.0275 
 60       60   (0)      5 :  0.0006 0.0000 0.0000 0.0013 0.0000 0.0000 0.4042 0.0001 0.0011 0.0002 0.1292 0.0000 0.0561 0.2588 0.0284 0.0248 0.0000 0.0952 
 61       61   (0)      5 :  0.0727 0.1227 0.1078 0.0000 0.0459 0.0826 0.1370 0.0749 0.0000 0.0003 0.0809 0.0949 0.0515 0.0648 0.0015 0.0026 0.0000 0.0600 
 62       62   (0)      5 :  0.1800 0.2200 0.2520 0.0000 0.0000 0.1880 0.0000 0.0000 0.0000 0.0000 0.0800 0.0000 0.0000 0.0000 0.0000 0.0000 0.0000 0.0800 
 63       63   (0)      5 :  0.0308 0.0673 0.0293 0.0149 0.0402 0.0220 0.3553 0.0148 0.0002 0.0109 0.0821 0.0050 0.0434 0.1607 0.0082 0.0110 0.0213 0.0826 
 64       64   (0)      5 :  0.0009 0.0000 0.0000 0.0009 0.0000 0.0000 0.3664 0.0192 0.0007 0.0000 0.0656 0.0000 0.2158 0.1888 0.0239 0.0315 0.0001 0.0862 
 65       65   (0)      5 :  0.0000 0.0000 0.0000 0.0048 0.0000 0.0000 0.5818 0.0003 0.0014 0.0000 0.0737 0.0000 0.0357 0.2251 0.0002 0.0078 0.0000 0.0693 
 66       66   (0)      5 :  0.0263 0.0000 0.0000 0.0085 0.0000 0.0000 0.2676 0.0040 0.0002 0.0060 0.0181 0.0000 0.0492 0.5358 0.0019 0.0010 0.0000 0.0814 
 67       67   (0)      5 :  0.0263 0.6008 0.0379 0.0015 0.0459 0.1397 0.0250 0.0007 0.0000 0.0000 0.0406 0.0199 0.0063 0.0491 0.0000 0.0000 0.0000 0.0063 
 68       68   (0)      5 :  0.0547 0.1481 0.3288 0.0000 0.0000 0.3997 0.0000 0.0000 0.0000 0.0000 0.0200 0.0000 0.0000 0.0000 0.0000 0.0000 0.0000 0.0487 
 69       69   (0)      5 :  0.0332 0.1757 0.0113 0.0326 0.0023 0.0336 0.2799 0.0436 0.0009 0.0034 0.0476 0.0000 0.0630 0.1183 0.0120 0.0064 0.0144 0.1215 
 70       70   (0)      5 :  0.0200 0.7539 0.0400 0.0000 0.0000 0.1461 0.0000 0.0000 0.0000 0.0000 0.0400 0.0000 0.0000 0.0000 0.0000 0.0000 0.0000 0.0000 
 71       71   (0)      5 :  0.1530 0.1346 0.0847 0.0000 0.0000 0.5763 0.0000 0.0000 0.0000 0.0000 0.0314 0.0000 0.0000 0.0000 0.0000 0.0000 0.0000 0.0200 
 72       72   (0)      5 :  0.0249 0.0436 0.0091 0.0027 0.0002 0.0424 0.4685 0.0005 0.0048 0.0061 0.0419 0.0002 0.0738 0.1242 0.0042 0.0233 0.0017 0.1279 
 73       73   (0)      5 :  0.0281 0.0000 0.0000 0.0009 0.0000 0.0000 0.1832 0.0003 0.0000 0.0058 0.0495 0.0000 0.0332 0.4226 0.0323 0.0063 0.0031 0.2348 
 74       74   (0)      5 :  0.0402 0.0325 0.2574 0.0000 0.0000 0.6558 0.0000 0.0000 0.0000 0.0000 0.0068 0.0000 0.0000 0.0000 0.0000 0.0000 0.0000 0.0072 
 75       75   (0)      6 :  0.1833 0.2449 0.2085 0.0000 0.0000 0.2842 0.0000 0.0000 0.0000 0.0000 0.0448 0.0000 0.0000 0.0000 0.0000 0.0000 0.0000 0.0342 
 76       76   (0)      6 :  0.0126 0.0108 0.0085 0.0002 0.0129 0.0054 0.4041 0.0013 0.0096 0.0072 0.0898 0.0086 0.0302 0.2869 0.0055 0.0072 0.0009 0.0982 
 77       77   (0)      6 :  0.1704 0.1353 0.4287 0.0000 0.0000 0.2486 0.0000 0.0000 0.0000 0.0000 0.0099 0.0000 0.0000 0.0000 0.0000 0.0000 0.0000 0.0071 
 78       78   (0)      6 :  0.1217 0.0200 0.0951 0.0000 0.0000 0.7048 0.0000 0.0000 0.0000 0.0000 0.0287 0.0000 0.0000 0.0000 0.0000 0.0000 0.0000 0.0296 
 79       79   (0)      6 :  0.2843 0.2022 0.2295 0.0000 0.0000 0.1819 0.0000 0.0000 0.0000 0.0000 0.0615 0.0000 0.0000 0.0000 0.0000 0.0000 0.0000 0.0406 
 80       80   (0)      6 :  0.0000 0.0000 0.0000 0.0000 0.0000 0.0000 0.0000 0.0000 0.0000 0.7389 0.0027 0.0012 0.0006 0.0000 0.0004 0.0000 0.2514 0.0048 
 81       81   (0)      6 :  0.1977 0.2373 0.1518 0.0000 0.0000 0.3283 0.0000 0.0000 0.0000 0.0000 0.0363 0.0000 0.0000 0.0000 0.0000 0.0000 0.0000 0.0487 
 82       82   (0)      6 :  0.2078 0.2774 0.3085 0.0000 0.0000 0.1008 0.0000 0.0000 0.0000 0.0000 0.0362 0.0000 0.0000 0.0000 0.0000 0.0000 0.0000 0.0692 
 83       83   (0)      6 :  0.1707 0.5154 0.0719 0.0000 0.0000 0.1637 0.0000 0.0000 0.0000 0.0000 0.0480 0.0009 0.0000 0.0000 0.0000 0.0000 0.0000 0.0294 
 84       84   (0)      6 :  0.1600 0.6000 0.1400 0.0000 0.0000 0.0400 0.0000 0.0000 0.0000 0.0000 0.0200 0.0000 0.0000 0.0000 0.0000 0.0000 0.0000 0.0400 
 85       85   (0)      6 :  0.2043 0.3567 0.2962 0.0000 0.0000 0.1227 0.0000 0.0000 0.0000 0.0000 0.0200 0.0000 0.0000 0.0000 0.0000 0.0000 0.0000 0.0000 
 86       86   (0)      6 :  0.1168 0.6454 0.0985 0.0000 0.0000 0.0793 0.0000 0.0000 0.0000 0.0000 0.0200 0.0000 0.0000 0.0000 0.0000 0.0000 0.0000 0.0400 
 87       87   (0)      6 :  0.0596 0.0471 0.5341 0.0000 0.0000 0.3192 0.0000 0.0000 0.0000 0.0000 0.0000 0.0000 0.0000 0.0000 0.0000 0.0000 0.0000 0.0400 
 88       88   (0)      6 :  0.1703 0.0488 0.4403 0.0000 0.0000 0.2790 0.0000 0.0045 0.0000 0.0000 0.0247 0.0000 0.0000 0.0000 0.0000 0.0000 0.0000 0.0324 
 89       89   (0)      6 :  0.1606 0.0489 0.4860 0.0000 0.0000 0.2246 0.0000 0.0200 0.0000 0.0000 0.0600 0.0000 0.0000 0.0000 0.0000 0.0000 0.0000 0.0000 
 90       90   (0)      6 :  0.0219 0.0017 0.0441 0.0000 0.0000 0.0246 0.0000 0.0027 0.0000 0.0000 0.0093 0.0000 0.0000 0.0000 0.0000 0.0000 0.8956 0.0000 
 91       91   (0)      6 :  0.0533 0.0824 0.3310 0.0000 0.0000 0.5134 0.0000 0.0000 0.0000 0.0000 0.0200 0.0000 0.0000 0.0000 0.0000 0.0000 0.0000 0.0000 
 92       92   (0)      6 :  0.1180 0.0000 0.0000 0.0000 0.0016 0.0000 0.1128 0.0506 0.0001 0.0007 0.0309 0.0000 0.1759 0.1251 0.0233 0.0001 0.0000 0.3609 
 93       93   (0)      6 :  0.0016 0.0000 0.0000 0.0000 0.9695 0.0000 0.0000 0.0000 0.0000 0.0000 0.0000 0.0090 0.0000 0.0000 0.0200 0.0000 0.0000 0.0000 
 94       94   (0)      6 :  0.0816 0.0000 0.0000 0.0746 0.0446 0.0000 0.2526 0.0106 0.0025 0.0000 0.0230 0.0000 0.0852 0.1233 0.0129 0.0014 0.0000 0.2877 
 95       95   (0)      6 :  0.0057 0.0000 0.0000 0.0000 0.9620 0.0021 0.0000 0.0000 0.0000 0.0000 0.0000 0.0043 0.0000 0.0000 0.0200 0.0000 0.0000 0.0060 
 96       96   (0)      6 :  0.0188 0.0028 0.0025 0.0043 0.9202 0.0053 0.0000 0.0000 0.0000 0.0000 0.0000 0.0017 0.0064 0.0000 0.0200 0.0000 0.0000 0.0180 
 97       97   (0)      6 :  0.0586 0.0000 0.0000 0.0403 0.1440 0.0000 0.2916 0.0249 0.0065 0.0000 0.0303 0.0000 0.0585 0.1739 0.0068 0.0262 0.0000 0.1382 
 98       98   (0)      6 :  0.0000 0.0000 0.0026 0.0000 0.8717 0.0000 0.0000 0.0000 0.0000 0.0000 0.0000 0.1257 0.0000 0.0000 0.0000 0.0000 0.0000 0.0000 
 99       99   (0)      7 :  0.0545 0.1872 0.1695 0.0000 0.0000 0.5395 0.0000 0.0000 0.0000 0.0000 0.0293 0.0000 0.0000 0.0000 0.0000 0.0000 0.0000 0.0200 
100      100   (0)      7 :  0.0275 0.0168 0.0252 0.0074 0.1651 0.0576 0.2644 0.0019 0.0000 0.0033 0.0734 0.0231 0.0529 0.1725 0.0040 0.0108 0.0009 0.0935 
101      101   (0)      7 :  0.0000 0.0000 0.0000 0.0000 0.0000 0.0000 0.0000 0.0000 0.0000 0.0000 0.0000 1.0000 0.0000 0.0000 0.0000 0.0000 0.0000 0.0000 
102      102   (0)      7 :  0.0000 0.0000 0.0000 0.0000 0.0000 0.0000 0.0000 0.0000 0.0000 0.0000 0.0000 1.0000 0.0000 0.0000 0.0000 0.0000 0.0000 0.0000 
103      103   (0)      7 :  0.0148 0.0000 0.0000 0.1071 0.0000 0.0000 0.3019 0.0177 0.0083 0.0014 0.0186 0.0000 0.0497 0.2062 0.0254 0.0763 0.0000 0.1725 
104      104   (0)      7 :  0.0490 0.0000 0.0000 0.0079 0.0000 0.0000 0.2914 0.0338 0.0031 0.0010 0.0188 0.0000 0.1290 0.1456 0.0319 0.0210 0.0264 0.2411 
105      105   (0)      7 :  0.0000 0.0000 0.0000 0.0600 0.0200 0.0000 0.0000 0.0000 0.0000 0.0200 0.0000 0.0000 0.8200 0.0600 0.0200 0.0000 0.0000 0.0000 
106      106   (0)      7 :  0.0473 0.0000 0.0000 0.0556 0.0000 0.0000 0.3647 0.0057 0.0000 0.0049 0.0425 0.0000 0.1245 0.1935 0.0129 0.0020 0.0000 0.1466 
107      107   (0)      7 :  0.0146 0.0000 0.0000 0.0246 0.0000 0.0000 0.5436 0.0001 0.0302 0.0000 0.0267 0.0000 0.0233 0.1165 0.0139 0.0070 0.0034 0.1961 
108      108   (0)      8 :  0.0000 0.0000 0.0000 0.0000 0.0000 0.0000 0.0000 0.9600 0.0000 0.0000 0.0000 0.0000 0.0000 0.0000 0.0200 0.0200 0.0000 0.0000 
109      109   (0)      8 :  0.0020 0.0000 0.0000 0.0060 0.0000 0.0000 0.1478 0.0225 0.0046 0.0054 0.0352 0.0000 0.1078 0.5541 0.0097 0.0135 0.0003 0.0911 
110      110   (0)      8 :  0.0000 0.0000 0.0000 0.0000 0.0000 0.0000 0.0000 0.0200 0.0400 0.0000 0.0000 0.0000 0.0000 0.0000 0.0000 0.9400 0.0000 0.0000 
111      111   (0)      8 :  0.0400 0.0000 0.0000 0.0200 0.0000 0.0000 0.0000 0.0000 0.0000 0.0000 0.0000 0.0000 0.0000 0.0000 0.8800 0.0600 0.0000 0.0000 
112      112   (0)      8 :  0.0000 0.0000 0.0000 0.0000 0.0000 0.0000 0.0000 0.0000 0.0000 0.0000 0.0000 1.0000 0.0000 0.0000 0.0000 0.0000 0.0000 0.0000 
113      113   (0)      8 :  0.0000 0.0000 0.0000 0.0008 0.0000 0.0000 0.2660 0.0001 0.0000 0.0000 0.1004 0.0000 0.1647 0.3616 0.0056 0.0009 0.0000 0.1000 
114      114   (0)      8 :  0.0000 0.0000 0.0000 0.0125 0.0000 0.0000 0.3038 0.0009 0.0002 0.0000 0.0535 0.0000 0.0096 0.5315 0.0003 0.0338 0.0000 0.0539 
115      115   (0)      8 :  0.0000 0.0000 0.0000 0.0000 0.0000 0.0000 0.0000 0.9600 0.0000 0.0000 0.0000 0.0000 0.0000 0.0000 0.0200 0.0200 0.0000 0.0000 
116      116   (0)      8 :  0.0400 0.0000 0.0000 0.0200 0.0000 0.0000 0.0000 0.0000 0.0000 0.0000 0.0000 0.0000 0.0000 0.0000 0.8800 0.0600 0.0000 0.0000 
117      117   (0)      8 :  0.0000 0.0000 0.0000 0.0600 0.0250 0.0000 0.0000 0.0044 0.0000 0.0200 0.0000 0.0000 0.8138 0.0567 0.0200 0.0000 0.0000 0.0000 
118      118   (0)      8 :  0.0075 0.0000 0.0000 0.0000 0.0000 0.0000 0.1398 0.0034 0.0004 0.0153 0.0172 0.0000 0.2284 0.4141 0.0008 0.0113 0.0005 0.1614 
119      119   (0)      9 :  0.3108 0.2466 0.1231 0.0000 0.0000 0.2620 0.0000 0.0000 0.0000 0.0000 0.0200 0.0000 0.0000 0.0000 0.0000 0.0000 0.0000 0.0374 
120      120   (0)     10 :  0.0065 0.0000 0.0000 0.0253 0.0000 0.0000 0.4892 0.0393 0.0112 0.0018 0.0568 0.0423 0.0305 0.1747 0.0192 0.0031 0.0007 0.0996 
121      121   (0)     10 :  0.0229 0.0000 0.0000 0.0097 0.0000 0.0000 0.2693 0.0000 0.0022 0.0002 0.0315 0.0000 0.0328 0.3772 0.0460 0.0032 0.0001 0.2049 
122      122   (0)     10 :  0.0183 0.0000 0.0000 0.0192 0.0000 0.0000 0.5182 0.0207 0.0087 0.0006 0.0291 0.0000 0.0567 0.0782 0.0011 0.0063 0.0000 0.2428 
123      123   (0)     10 :  0.0509 0.0024 0.0199 0.0220 0.0000 0.0219 0.2913 0.0579 0.0022 0.0058 0.0425 0.0074 0.1191 0.0984 0.0254 0.0248 0.0233 0.1847 
124      124   (0)     10 :  0.0174 0.0000 0.0000 0.0000 0.0000 0.0000 0.3907 0.0066 0.0249 0.0000 0.0250 0.0497 0.0894 0.2400 0.0062 0.0000 0.0048 0.1451 
125      125   (0)     10 :  0.0055 0.0000 0.0000 0.0627 0.1451 0.0000 0.3871 0.0000 0.0208 0.0009 0.0536 0.0306 0.0418 0.1852 0.0095 0.0006 0.0041 0.0526 
126      126   (0)     10 :  0.0196 0.0000 0.0000 0.0117 0.0012 0.0000 0.3623 0.0054 0.0220 0.0014 0.0289 0.0105 0.1160 0.2411 0.0004 0.0002 0.0009 0.1786 
127      127   (0)     10 :  0.0007 0.0000 0.0000 0.0086 0.0000 0.0000 0.3666 0.0186 0.0010 0.0001 0.0652 0.0000 0.0635 0.3483 0.0136 0.0019 0.0001 0.1117 
128      128   (0)     10 :  0.0170 0.0000 0.0000 0.0103 0.0006 0.0000 0.3712 0.0030 0.0148 0.0090 0.0678 0.0166 0.1308 0.2052 0.0311 0.0014 0.0098 0.1115 
129      129   (0)     10 :  0.0200 0.0000 0.0000 0.0027 0.0000 0.0000 0.8611 0.0000 0.0048 0.0000 0.0006 0.0000 0.0526 0.0037 0.0005 0.0004 0.0002 0.0534 
130      130   (0)     10 :  0.0225 0.0000 0.0000 0.0029 0.0000 0.0000 0.6681 0.0005 0.0000 0.0026 0.0454 0.0000 0.0412 0.1228 0.0004 0.0104 0.0000 0.0832 
131      131   (0)     10 :  0.0069 0.0000 0.0000 0.0598 0.0000 0.0000 0.4296 0.0164 0.0004 0.0051 0.0644 0.0313 0.0736 0.1553 0.0309 0.0014 0.0251 0.0999 
132      132   (0)     10 :  0.0144 0.0000 0.0000 0.0010 0.0372 0.0000 0.3990 0.0129 0.0004 0.0054 0.0829 0.0502 0.0479 0.2008 0.0074 0.0022 0.0192 0.1190 
133      133   (0)     10 :  0.0040 0.0046 0.0018 0.0495 0.0096 0.0014 0.4621 0.0243 0.0172 0.0039 0.0801 0.0241 0.0143 0.2025 0.0181 0.0014 0.0068 0.0743 
134      134   (0)     10 :  0.0062 0.0004 0.0001 0.0019 0.0193 0.0004 0.5667 0.0257 0.0021 0.0006 0.0618 0.0435 0.0198 0.1275 0.0022 0.0167 0.0005 0.1047 
135      135   (0)     10 :  0.0060 0.0000 0.0000 0.0065 0.0000 0.0000 0.4030 0.0593 0.0000 0.0041 0.0679 0.0319 0.0514 0.2411 0.0103 0.0210 0.0079 0.0896 
136      136   (0)     10 :  0.0206 0.0000 0.0000 0.0133 0.0000 0.0000 0.3927 0.0042 0.0000 0.0002 0.0266 0.0048 0.0087 0.2152 0.0053 0.0166 0.0001 0.2918 
137      137   (0)     11 :  0.0807 0.0840 0.3570 0.0000 0.0000 0.3367 0.0000 0.0041 0.0000 0.0000 0.0221 0.0874 0.0000 0.0000 0.0000 0.0000 0.0000 0.0280 
138      138   (0)     12 :  0.0112 0.0000 0.0000 0.0566 0.1424 0.0000 0.2587 0.0189 0.0430 0.0746 0.0258 0.0437 0.0428 0.1765 0.0037 0.0019 0.0206 0.0796 
139      139   (0)     12 :  0.0272 0.0807 0.0014 0.0074 0.3847 0.0884 0.0524 0.0000 0.0001 0.0000 0.0473 0.0694 0.0061 0.1945 0.0005 0.0000 0.0000 0.0398 
140      140   (0)     12 :  0.0000 0.0000 0.0000 0.0000 0.0000 0.0000 0.0000 0.0000 0.0000 0.7085 0.0109 0.0307 0.0021 0.0000 0.0017 0.0000 0.2438 0.0022 
141      141   (0)     12 :  0.0000 0.0000 0.0000 0.0000 0.7670 0.0000 0.0000 0.0044 0.0045 0.0000 0.0200 0.0054 0.0000 0.0000 0.0000 0.1988 0.0000 0.0000 
142      142   (0)     12 :  0.0170 0.0000 0.0000 0.0361 0.0056 0.0000 0.3669 0.0064 0.0062 0.0318 0.0646 0.0506 0.0369 0.2124 0.0230 0.0174 0.0047 0.1203 
143      143   (0)     12 :  0.0015 0.0000 0.0000 0.1174 0.6774 0.0000 0.0180 0.0000 0.0000 0.0007 0.0454 0.0638 0.0124 0.0420 0.0038 0.0007 0.0000 0.0168 
144      144   (0)     12 :  0.0089 0.0021 0.0000 0.0001 0.0353 0.0000 0.3402 0.0003 0.0000 0.0322 0.0765 0.1170 0.0328 0.2457 0.0046 0.0120 0.0122 0.0801 
145      145   (0)     12 :  0.0147 0.0000 0.0000 0.0099 0.0002 0.0000 0.0313 0.0016 0.0007 0.2559 0.1358 0.0000 0.0468 0.0865 0.0213 0.0401 0.2144 0.1410 
146      146   (0)     13 :  0.2733 0.0000 0.2618 0.0000 0.0000 0.4249 0.0000 0.0000 0.0000 0.0000 0.0200 0.0000 0.0000 0.0000 0.0000 0.0000 0.0000 0.0200 
147      147   (0)     13 :  0.2123 0.0675 0.1573 0.0000 0.0000 0.4732 0.0000 0.0000 0.0000 0.0000 0.0303 0.0000 0.0000 0.0000 0.0000 0.0000 0.0000 0.0594 
148      148   (0)     13 :  0.2228 0.0600 0.2996 0.0000 0.0000 0.2904 0.0000 0.0000 0.0000 0.0000 0.0872 0.0000 0.0000 0.0000 0.0000 0.0000 0.0000 0.0400 
149      149   (0)     13 :  0.0860 0.0970 0.2256 0.0000 0.0000 0.5114 0.0000 0.0000 0.0000 0.0000 0.0600 0.0000 0.0000 0.0000 0.0000 0.0000 0.0000 0.0200 
150      150   (0)     13 :  0.2616 0.0276 0.3593 0.0000 0.0000 0.3514 0.0000 0.0000 0.0000 0.0000 0.0000 0.0000 0.0000 0.0000 0.0000 0.0000 0.0000 0.0000 
151      151   (0)     14 :  0.0604 0.0381 0.7471 0.0000 0.0000 0.1115 0.0000 0.0000 0.0000 0.0000 0.0280 0.0000 0.0000 0.0000 0.0000 0.0000 0.0000 0.0148 
152      152   (0)     14 :  0.0021 0.0000 0.0000 0.0474 0.0000 0.0000 0.3343 0.0135 0.0109 0.0233 0.0545 0.0000 0.0308 0.3269 0.0134 0.0012 0.0063 0.1353 
153      153   (0)     15 :  0.0053 0.0000 0.0000 0.0000 0.9706 0.0000 0.0000 0.0000 0.0000 0.0000 0.0200 0.0041 0.0000 0.0000 0.0000 0.0000 0.0000 0.0000 
154      154   (0)     15 :  0.2968 0.1384 0.2314 0.0000 0.0000 0.2458 0.0000 0.0035 0.0000 0.0000 0.0544 0.0000 0.0000 0.0000 0.0000 0.0000 0.0000 0.0298 
155      155   (0)     16 :  0.0046 0.0000 0.0000 0.0009 0.0245 0.0000 0.4455 0.0103 0.0000 0.0061 0.0506 0.0341 0.0286 0.2611 0.0268 0.0044 0.0001 0.1024 
156      156   (0)     16 :  0.0192 0.0000 0.0000 0.0009 0.0000 0.0000 0.4925 0.0121 0.0020 0.0000 0.0586 0.0033 0.0751 0.1075 0.0356 0.0666 0.0422 0.0844 
157      157   (0)     17 :  0.0032 0.0009 0.0000 0.0000 0.8904 0.0000 0.0000 0.0000 0.0000 0.0019 0.0200 0.0788 0.0000 0.0000 0.0000 0.0032 0.0000 0.0016 
158      158   (0)     17 :  0.0000 0.0000 0.0000 0.0000 0.0000 0.0000 0.0000 0.0000 0.0000 0.0000 0.0000 0.0001 0.0000 0.0000 0.0000 0.0000 0.9999 0.0000 
159      159   (0)     18 :  0.0248 0.0000 0.0000 0.0617 0.0001 0.0000 0.3419 0.0017 0.0000 0.0000 0.0314 0.0106 0.0580 0.2875 0.0019 0.0011 0.0017 0.1776 
160      160   (0)     18 :  0.0097 0.0000 0.0000 0.0043 0.0000 0.0000 0.2043 0.0048 0.0083 0.0015 0.0476 0.0000 0.1558 0.4114 0.0070 0.0360 0.0000 0.1095 
161      161   (0)     18 :  0.0637 0.0000 0.0000 0.0168 0.0000 0.0000 0.2495 0.0057 0.0334 0.0009 0.0409 0.0000 0.0929 0.3302 0.0025 0.0163 0.0000 0.1474 
162      162   (0)     19 :  0.0055 0.0000 0.0000 0.1020 0.0618 0.0000 0.2864 0.0153 0.0000 0.0036 0.0389 0.0261 0.0854 0.1922 0.1012 0.0063 0.0000 0.0753 
163      163   (0)     19 :  0.0756 0.0239 0.0468 0.0000 0.1848 0.0107 0.0666 0.0244 0.0000 0.0001 0.0306 0.1882 0.1012 0.0644 0.0257 0.0006 0.0000 0.1565 
164      164   (0)     19 :  0.0760 0.0000 0.0000 0.0002 0.0000 0.0000 0.1440 0.1291 0.0013 0.0015 0.0393 0.0000 0.1806 0.1258 0.0252 0.0000 0.0002 0.2768 
