1        1   (0)      1  : 0.0000 0.0000 0.0000 0.0000 0.0000 0.0000 0.1002 0.5993 0.0000 0.0004 0.0000 0.0000 0.0000 0.0285 0.0000 0.0000 0.0000 0.0330 0.0798 0.0000 0.0855 0.0378 0.0354
2        2   (0)      1  : 0.0000 0.0000 0.0000 0.0000 0.0709 0.0000 0.8505 0.0000 0.0000 0.0000 0.0000 0.0082 0.0705 0.0000 0.0000 0.0000 0.0000 0.0000 0.0000 0.0000 0.0000 0.0000 0.0000
3        3   (0)      1  : 0.0000 0.0000 0.0000 0.0000 0.0000 0.0000 0.0000 0.8333 0.0000 0.0000 0.0000 0.0000 0.0000 0.0000 0.0000 0.0000 0.0000 0.0000 0.0000 0.0000 0.1667 0.0000 0.0000
4        4   (0)      1  : 0.0000 0.0000 0.0000 0.0000 0.0000 0.0000 1.0000 0.0000 0.0000 0.0000 0.0000 0.0000 0.0000 0.0000 0.0000 0.0000 0.0000 0.0000 0.0000 0.0000 0.0000 0.0000 0.0000
5        5   (0)      1  : 0.0000 0.0000 0.1288 0.0000 0.0023 0.0861 0.1753 0.0000 0.0000 0.0000 0.4443 0.0000 0.0000 0.0000 0.0000 0.0337 0.0000 0.0400 0.0351 0.0221 0.0007 0.0000 0.0315
6        6   (0)      1  : 0.1607 0.0000 0.0956 0.0000 0.0067 0.0591 0.0875 0.0012 0.0000 0.0004 0.3127 0.0080 0.0000 0.0000 0.0000 0.0197 0.0000 0.0056 0.1914 0.0088 0.0000 0.0064 0.0362
7        7   (0)      1  : 0.0703 0.0000 0.0000 0.0000 0.0000 0.0000 0.0000 0.0000 0.0000 0.0000 0.7479 0.0000 0.0207 0.0000 0.0000 0.0000 0.0000 0.0000 0.1612 0.0000 0.0000 0.0000 0.0000
8        8   (0)      1  : 0.0000 0.0000 0.0978 0.0000 0.0036 0.0255 0.2604 0.0000 0.0000 0.0000 0.5459 0.0000 0.0000 0.0000 0.0000 0.0000 0.0000 0.0000 0.0531 0.0000 0.0000 0.0000 0.0136
9        9   (0)      1  : 0.0000 0.0000 0.0000 0.0000 0.0000 0.0000 1.0000 0.0000 0.0000 0.0000 0.0000 0.0000 0.0000 0.0000 0.0000 0.0000 0.0000 0.0000 0.0000 0.0000 0.0000 0.0000 0.0000
10       10   (0)      1  : 0.0000 0.0000 0.0000 0.0000 0.0000 0.0000 0.0000 0.0000 0.0000 0.0020 0.6103 0.0000 0.0000 0.0037 0.0000 0.0507 0.0000 0.0000 0.0000 0.1667 0.0000 0.1667 0.0000
11       11   (0)      1  : 0.0000 0.0000 0.0000 0.0000 0.0034 0.0000 0.0000 0.0000 0.0000 0.0058 0.3333 0.0000 0.0036 0.0000 0.0000 0.0000 0.0000 0.1667 0.3205 0.1667 0.0000 0.0000 0.0000
12       12   (0)      1  : 0.0000 0.0000 0.0000 0.0000 0.0000 0.0000 0.0000 0.0000 0.0000 0.0000 0.0000 0.0000 1.0000 0.0000 0.0000 0.0000 0.0000 0.0000 0.0000 0.0000 0.0000 0.0000 0.0000
13       13   (0)      1  : 0.0872 0.0000 0.0000 0.0000 0.0000 0.0000 0.0000 0.0000 0.0000 0.0220 0.1205 0.0102 0.0000 0.0133 0.0000 0.0000 0.0000 0.0000 0.0661 0.6807 0.0000 0.0000 0.0000
14       14   (0)      1  : 0.0000 0.0068 0.0973 0.0000 0.0000 0.0851 0.0091 0.1391 0.0198 0.0000 0.3001 0.0108 0.0658 0.0000 0.0128 0.0000 0.0000 0.0106 0.0505 0.1266 0.0149 0.0319 0.0190
15       15   (0)      1  : 0.0000 0.0000 1.0000 0.0000 0.0000 0.0000 0.0000 0.0000 0.0000 0.0000 0.0000 0.0000 0.0000 0.0000 0.0000 0.0000 0.0000 0.0000 0.0000 0.0000 0.0000 0.0000 0.0000
16       16   (0)      1  : 0.0000 0.0000 0.0000 0.0000 0.0000 0.0000 0.0000 0.0000 0.0000 0.0000 0.0000 0.0000 0.0000 0.0000 0.0000 0.0000 0.0000 0.0000 0.0000 0.0000 1.0000 0.0000 0.0000
17       17   (0)      1  : 0.0000 0.0000 0.0000 0.0000 0.0000 0.0000 0.0000 0.0000 0.0000 0.0000 0.0000 0.0000 0.0000 0.0000 0.0000 0.0000 0.0000 0.0000 0.0000 0.0000 1.0000 0.0000 0.0000
18       18   (0)      1  : 0.0000 0.0000 0.0000 0.0000 0.0000 0.0000 0.0000 0.0000 0.0000 1.0000 0.0000 0.0000 0.0000 0.0000 0.0000 0.0000 0.0000 0.0000 0.0000 0.0000 0.0000 0.0000 0.0000
19       19   (0)      1  : 0.0000 0.0000 0.0000 0.0000 0.0025 0.0000 0.0000 0.0000 0.0000 0.0000 0.0000 0.0181 0.0000 0.0000 0.0000 0.0000 0.0000 0.1667 0.4794 0.0000 0.0000 0.1667 0.1667
20       20   (0)      1  : 0.0000 0.0000 0.0000 0.0000 0.0000 0.0000 0.0000 0.0000 0.0000 0.0000 0.3333 0.0000 0.0000 0.0000 0.0000 0.3333 0.0000 0.0000 0.1667 0.1667 0.0000 0.0000 0.0000
21       21   (0)      1  : 0.0000 0.0000 0.0000 0.0000 0.0000 0.0000 0.0000 0.8333 0.0000 0.0000 0.0000 0.0000 0.0000 0.0000 0.0000 0.0000 0.0000 0.0000 0.0000 0.0000 0.1667 0.0000 0.0000
22       22   (0)      1  : 0.0000 0.0000 1.0000 0.0000 0.0000 0.0000 0.0000 0.0000 0.0000 0.0000 0.0000 0.0000 0.0000 0.0000 0.0000 0.0000 0.0000 0.0000 0.0000 0.0000 0.0000 0.0000 0.0000
23       23   (0)      1  : 0.0322 0.0000 0.0000 0.0000 0.0061 0.0000 0.0016 0.0000 0.0000 0.0000 0.4157 0.0000 0.0108 0.0000 0.0000 0.0376 0.0000 0.0040 0.0509 0.4411 0.0000 0.0000 0.0000
24       24   (0)      2  : 0.0000 0.0000 0.0000 0.0000 0.0000 0.0000 0.0000 0.7356 0.0000 0.0000 0.0000 0.0000 0.0000 0.0000 0.0000 0.0000 0.0000 0.0000 0.0000 0.0000 0.2644 0.0000 0.0000
25       25   (0)      2  : 0.1079 0.0000 0.0000 0.0000 0.0000 0.0000 0.0000 0.0000 0.0000 0.0000 0.0000 0.0000 0.0000 0.0073 0.0000 0.2813 0.0000 0.0000 0.6035 0.0000 0.0000 0.0000 0.0000
26       26   (0)      2  : 0.0724 0.0000 0.0000 0.0000 0.0000 0.0000 0.0842 0.6547 0.0000 0.0050 0.0000 0.0000 0.0000 0.0000 0.0000 0.0000 0.0000 0.0355 0.0432 0.1051 0.0000 0.0000 0.0000
27       27   (0)      2  : 0.0671 0.0000 0.0000 0.0000 0.0196 0.0000 0.0000 0.0460 0.0000 0.0899 0.2412 0.0036 0.0025 0.0014 0.0000 0.0866 0.0000 0.0027 0.2246 0.1994 0.0054 0.0100 0.0000
28       28   (0)      2  : 0.4801 0.0000 0.0169 0.0000 0.0003 0.0009 0.0000 0.0411 0.0000 0.0000 0.0703 0.0063 0.0000 0.0010 0.0000 0.0241 0.0000 0.0000 0.2126 0.0698 0.0219 0.0000 0.0548
29       29   (0)      2  : 0.1134 0.0000 0.0000 0.0000 0.0317 0.0000 0.0000 0.0131 0.0000 0.0403 0.0552 0.0052 0.0005 0.0052 0.0000 0.0966 0.0000 0.0000 0.2677 0.1934 0.0296 0.0627 0.0852
30       30   (0)      2  : 0.0000 0.0517 0.0000 0.8333 0.0000 0.0000 0.0000 0.0000 0.0839 0.0000 0.0000 0.0000 0.0000 0.0000 0.0311 0.0000 0.0000 0.0000 0.0000 0.0000 0.0000 0.0000 0.0000
31       31   (0)      2  : 0.2515 0.0000 0.0053 0.0000 0.0000 0.0063 0.0000 0.0000 0.0000 0.0502 0.1830 0.0041 0.0008 0.0069 0.0000 0.0964 0.0000 0.0074 0.2064 0.0758 0.0183 0.0416 0.0461
32       32   (0)      2  : 0.0000 0.0000 0.0000 0.0000 0.0000 0.0000 0.0000 0.8585 0.0000 0.0000 0.0000 0.0000 0.0000 0.0000 0.0000 0.0000 0.0000 0.0000 0.0000 0.0000 0.1415 0.0000 0.0000
33       33   (0)      2  : 0.0000 0.0000 0.0000 0.0000 0.0000 0.0000 0.0000 0.0000 0.0000 1.0000 0.0000 0.0000 0.0000 0.0000 0.0000 0.0000 0.0000 0.0000 0.0000 0.0000 0.0000 0.0000 0.0000
34       34   (0)      2  : 0.0319 0.0000 0.0000 0.0000 0.0000 0.0000 0.0000 0.0000 0.0000 0.0000 0.2952 0.0000 0.0000 0.0000 0.0000 0.0351 0.0000 0.1729 0.2982 0.1667 0.0000 0.0000 0.0000
35       35   (0)      2  : 0.4112 0.0000 0.0163 0.0000 0.0115 0.0000 0.0001 0.0251 0.0000 0.0141 0.0483 0.0254 0.0290 0.0121 0.0000 0.0124 0.0000 0.0003 0.2029 0.1582 0.0000 0.0179 0.0150
36       36   (0)      2  : 0.0000 0.0000 0.0000 0.0000 0.0000 0.0000 1.0000 0.0000 0.0000 0.0000 0.0000 0.0000 0.0000 0.0000 0.0000 0.0000 0.0000 0.0000 0.0000 0.0000 0.0000 0.0000 0.0000
37       37   (0)      3  : 0.0000 0.0000 0.0000 0.0000 0.0108 0.0000 0.0000 0.0024 0.0000 0.0000 0.3802 0.0018 0.0040 0.0243 0.0000 0.1103 0.0000 0.0000 0.0273 0.4389 0.0000 0.0000 0.0000
38       38   (0)      3  : 0.0000 0.0000 0.0000 0.0000 0.1010 0.0000 0.0000 0.0000 0.0000 0.0000 0.0000 0.0000 0.0000 0.0000 0.0000 0.6029 0.0000 0.0000 0.0000 0.2961 0.0000 0.0000 0.0000
39       39   (0)      3  : 0.1667 0.0000 0.0000 0.0000 0.0099 0.0000 0.0000 0.0000 0.0000 0.0000 0.0000 0.0000 0.0000 0.0071 0.0000 0.0000 0.0000 0.0000 0.6496 0.0000 0.0000 0.1667 0.0000
40       40   (0)      3  : 0.0000 0.0000 0.0000 0.0000 0.0000 0.0000 0.0000 0.0000 0.0000 0.0000 0.3333 0.0000 0.0000 0.0000 0.0000 0.3333 0.0000 0.0000 0.1667 0.1667 0.0000 0.0000 0.0000
41       41   (0)      3  : 0.3337 0.0000 0.0000 0.0000 0.0174 0.0000 0.0000 0.0000 0.0000 0.0065 0.0533 0.0000 0.0002 0.0000 0.0000 0.0000 0.0000 0.0346 0.2236 0.3286 0.0020 0.0000 0.0000
42       42   (0)      4  : 0.0000 0.0315 0.0000 0.0879 0.0000 0.0000 0.0000 0.0000 0.0000 0.0000 0.0000 0.0000 0.0000 0.0000 0.3211 0.0000 0.4126 0.0000 0.0000 0.0000 0.0000 0.0896 0.0574
43       43   (0)      4  : 0.1433 0.0000 0.0000 0.0000 0.0028 0.0000 0.0000 0.0000 0.0000 0.0000 0.1726 0.0026 0.0133 0.0079 0.0000 0.0117 0.0000 0.0002 0.5006 0.1294 0.0000 0.0000 0.0158
44       44   (0)      4  : 0.0000 0.5000 0.0000 0.1667 0.0000 0.0000 0.0000 0.0000 0.0000 0.0000 0.0000 0.0000 0.0000 0.0000 0.0000 0.0000 0.0000 0.0000 0.0000 0.0000 0.0000 0.3333 0.0000
45       45   (0)      4  : 0.0000 0.2756 0.0000 0.0375 0.0000 0.0000 0.0000 0.0000 0.0186 0.0000 0.0000 0.0000 0.0000 0.0000 0.1364 0.0000 0.1986 0.0000 0.0000 0.0000 0.0000 0.3333 0.0000
46       46   (0)      4  : 0.3558 0.0000 0.0027 0.0000 0.0000 0.0000 0.0017 0.0119 0.0000 0.0000 0.1140 0.0031 0.0000 0.0027 0.0014 0.0000 0.0000 0.0196 0.0631 0.0198 0.0060 0.0164 0.3818
47       47   (0)      4  : 0.8282 0.0000 0.0000 0.0000 0.0000 0.0000 0.0000 0.0000 0.0000 0.0000 0.0311 0.0064 0.0000 0.0247 0.0000 0.0000 0.0000 0.0000 0.1097 0.0000 0.0000 0.0000 0.0000
48       48   (0)      4  : 0.1999 0.0000 0.0000 0.0000 0.0000 0.0000 0.0000 0.0000 0.0000 0.0215 0.3604 0.0175 0.0184 0.0179 0.0000 0.1397 0.0000 0.0000 0.0284 0.1584 0.0000 0.0379 0.0000
49       49   (0)      4  : 0.0000 0.0000 0.0000 0.0000 0.0000 0.0000 0.0000 0.0000 0.0000 0.0000 0.5889 0.0000 0.0000 0.0000 0.0000 0.0000 0.0000 0.0000 0.1153 0.2958 0.0000 0.0000 0.0000
50       50   (0)      4  : 0.0000 0.0000 0.0000 0.0000 0.0000 0.0000 0.0000 0.0000 0.0000 0.0000 0.0000 0.0000 0.0000 1.0000 0.0000 0.0000 0.0000 0.0000 0.0000 0.0000 0.0000 0.0000 0.0000
51       51   (0)      4  : 0.0000 0.0000 0.0145 0.0558 0.0000 0.2495 0.0000 0.0000 0.0447 0.0000 0.0391 0.0000 0.0000 0.0813 0.0565 0.0000 0.0233 0.0359 0.0387 0.0000 0.0000 0.1972 0.1637
52       52   (0)      4  : 0.3550 0.0000 0.0000 0.0051 0.0000 0.0102 0.0000 0.0000 0.0000 0.0091 0.1549 0.0392 0.0000 0.0000 0.0000 0.0287 0.0000 0.0000 0.3327 0.0000 0.0000 0.0457 0.0193
53       53   (0)      4  : 0.3827 0.0000 0.0000 0.0000 0.0026 0.0000 0.0000 0.0000 0.0000 0.0000 0.0000 0.0000 0.0011 0.0000 0.0000 0.0000 0.0000 0.0000 0.6136 0.0000 0.0000 0.0000 0.0000
54       54   (0)      4  : 0.2594 0.0000 0.0024 0.0056 0.0113 0.0000 0.0000 0.0000 0.0062 0.0000 0.1134 0.0113 0.0000 0.0182 0.0148 0.2424 0.0000 0.0044 0.1415 0.1117 0.0101 0.0280 0.0194
55       55   (0)      4  : 0.0000 0.0000 0.0000 0.0000 0.0000 0.0000 0.0000 0.0000 0.0000 0.0000 0.0000 0.0000 0.0000 1.0000 0.0000 0.0000 0.0000 0.0000 0.0000 0.0000 0.0000 0.0000 0.0000
56       56   (0)      4  : 0.0000 0.0000 0.0000 0.3333 0.0000 0.0000 0.0000 0.0000 0.1667 0.0000 0.0000 0.0000 0.0000 0.0000 0.5000 0.0000 0.0000 0.0000 0.0000 0.0000 0.0000 0.0000 0.0000
57       57   (0)      5  : 0.0401 0.0000 0.0000 0.0000 0.0000 0.0000 0.0000 0.0000 0.0000 0.0003 0.0000 0.0000 0.0000 0.0000 0.0000 0.0628 0.0000 0.0000 0.6714 0.2255 0.0000 0.0000 0.0000
58       58   (0)      5  : 0.4149 0.0000 0.0000 0.0000 0.0000 0.0000 0.0000 0.0000 0.0000 0.0414 0.0388 0.0004 0.0000 0.0000 0.0000 0.0409 0.0000 0.0093 0.0806 0.0000 0.0002 0.0000 0.3734
59       59   (0)      5  : 0.0000 0.3333 0.0000 0.1670 0.0000 0.0000 0.0000 0.0000 0.0000 0.0000 0.0000 0.0000 0.0000 0.0000 0.0000 0.0000 0.4514 0.0000 0.0000 0.0000 0.0000 0.0482 0.0000
60       60   (0)      5  : 0.2116 0.0000 0.0000 0.0000 0.0000 0.0000 0.0000 0.0000 0.0000 0.0000 0.2047 0.0125 0.0070 0.0000 0.0000 0.0000 0.0000 0.0271 0.4960 0.0184 0.0000 0.0000 0.0227
61       61   (0)      5  : 0.0808 0.0087 0.1013 0.0108 0.0877 0.0103 0.0000 0.0000 0.1503 0.0000 0.0553 0.0000 0.0000 0.0000 0.0642 0.0000 0.0000 0.0000 0.1053 0.0452 0.0000 0.1738 0.1064
62       62   (0)      5  : 0.0000 0.0000 0.0000 0.0000 0.0000 0.0000 0.0000 0.0000 0.3333 0.0000 0.0000 0.0000 0.0000 0.0000 0.1667 0.0000 0.0000 0.0000 0.0000 0.0000 0.0000 0.3333 0.1667
63       63   (0)      5  : 0.2772 0.0112 0.0021 0.0000 0.0133 0.0293 0.0199 0.0000 0.0752 0.0000 0.1174 0.0013 0.0064 0.0150 0.0131 0.0157 0.0000 0.0000 0.1527 0.1046 0.0220 0.0456 0.0782
64       64   (0)      5  : 0.6986 0.0000 0.0000 0.0000 0.0206 0.0000 0.0000 0.0000 0.0000 0.0000 0.0662 0.0139 0.0183 0.0000 0.0000 0.0000 0.0000 0.0157 0.1667 0.0000 0.0000 0.0000 0.0000
65       65   (0)      5  : 0.1493 0.0000 0.0000 0.0000 0.0000 0.0000 0.0000 0.0000 0.0000 0.0002 0.2754 0.0000 0.0067 0.0061 0.0000 0.0000 0.0000 0.0000 0.2739 0.2862 0.0000 0.0000 0.0022
66       66   (0)      5  : 0.0000 0.0000 0.0000 0.0000 0.0000 0.0000 0.0000 0.0000 0.0000 0.0000 0.0000 0.0000 0.0000 0.0000 0.0000 0.0000 0.0000 0.0000 0.0000 1.0000 0.0000 0.0000 0.0000
67       67   (0)      5  : 0.0000 0.0000 0.0067 0.0000 0.0000 0.0000 0.0000 0.0000 0.9321 0.0000 0.0000 0.0000 0.0000 0.0000 0.0000 0.0000 0.0000 0.0000 0.0000 0.0296 0.0000 0.0000 0.0317
68       68   (0)      5  : 0.0000 0.1253 0.0000 0.1942 0.0000 0.0000 0.0000 0.0000 0.2705 0.0000 0.0000 0.0000 0.0000 0.0000 0.3158 0.0000 0.0941 0.0000 0.0000 0.0000 0.0000 0.0000 0.0000
69       69   (0)      5  : 0.1637 0.0000 0.0000 0.0000 0.0316 0.0000 0.0051 0.0037 0.2389 0.0000 0.0081 0.0035 0.0037 0.0285 0.0000 0.2115 0.0000 0.0024 0.0810 0.1015 0.0018 0.0121 0.1028
70       70   (0)      5  : 0.0000 0.0000 0.0000 0.0000 0.0000 0.0000 0.0000 0.0000 1.0000 0.0000 0.0000 0.0000 0.0000 0.0000 0.0000 0.0000 0.0000 0.0000 0.0000 0.0000 0.0000 0.0000 0.0000
71       71   (0)      5  : 0.0000 0.0000 0.0000 0.0000 0.0000 0.0000 0.0000 0.0000 0.0000 0.0000 0.0000 0.0000 0.0000 0.0000 0.8333 0.0000 0.0000 0.0000 0.0000 0.0000 0.0000 0.0000 0.1667
72       72   (0)      5  : 0.4810 0.0000 0.0000 0.0045 0.0000 0.0000 0.0000 0.0123 0.0356 0.0009 0.0144 0.0000 0.0198 0.0000 0.0237 0.1315 0.0209 0.0200 0.0098 0.0535 0.0000 0.0000 0.1720
73       73   (0)      5  : 0.0334 0.0000 0.0000 0.0000 0.0000 0.0000 0.0000 0.0000 0.0000 0.0000 0.1468 0.0283 0.0012 0.0000 0.0000 0.2143 0.0000 0.0056 0.1227 0.3474 0.0173 0.0487 0.0344
74       74   (0)      5  : 0.0000 0.0727 0.0000 0.0819 0.0000 0.0000 0.0000 0.0000 0.0524 0.0000 0.0000 0.0000 0.0000 0.0000 0.1491 0.0000 0.5848 0.0000 0.0000 0.0000 0.0000 0.0000 0.0592
75       75   (0)      6  : 0.0000 0.6667 0.0000 0.1029 0.0000 0.0000 0.0000 0.0000 0.0351 0.0000 0.0000 0.0000 0.0000 0.0000 0.0673 0.0000 0.0638 0.0000 0.0000 0.0000 0.0000 0.0643 0.0000
76       76   (0)      6  : 0.2387 0.0311 0.0047 0.0000 0.0000 0.0029 0.0000 0.0026 0.0000 0.0090 0.3092 0.0006 0.0033 0.0000 0.0000 0.0002 0.0000 0.0000 0.0120 0.0804 0.0000 0.0000 0.3054
77       77   (0)      6  : 0.0000 0.3922 0.0000 0.1876 0.0000 0.0000 0.0000 0.0000 0.1398 0.0000 0.0000 0.0000 0.0000 0.0000 0.0000 0.0000 0.2803 0.0000 0.0000 0.0000 0.0000 0.0000 0.0000
78       78   (0)      6  : 0.0000 0.0000 0.0000 0.0000 0.0000 0.0000 0.0000 0.0000 0.0000 0.0000 0.0000 0.0000 0.0000 0.0000 0.8333 0.0000 0.0000 0.0000 0.0000 0.0000 0.0000 0.0000 0.1667
79       79   (0)      6  : 0.0000 0.2508 0.0000 0.2782 0.0000 0.0000 0.0000 0.0000 0.0000 0.0000 0.0000 0.0000 0.0000 0.0000 0.2528 0.0000 0.0000 0.0000 0.0000 0.0000 0.0000 0.2182 0.0000
80       80   (0)      6  : 0.0000 0.0000 0.0007 0.0000 0.0000 0.0000 0.0314 0.8367 0.0000 0.0000 0.0000 0.0000 0.0000 0.0000 0.0000 0.0000 0.0000 0.0000 0.0000 0.0000 0.1312 0.0000 0.0000
81       81   (0)      6  : 0.0000 0.0507 0.0000 0.0744 0.0000 0.0000 0.0000 0.0000 0.0374 0.0000 0.0000 0.0000 0.0000 0.0000 0.5188 0.0000 0.0192 0.0000 0.0000 0.0000 0.0000 0.1376 0.1619
82       82   (0)      6  : 0.0000 0.1415 0.0000 0.4712 0.0000 0.0000 0.0000 0.0000 0.0319 0.0000 0.0000 0.0000 0.0000 0.0000 0.1494 0.0000 0.1667 0.0000 0.0000 0.0000 0.0000 0.0394 0.0000
83       83   (0)      6  : 0.0000 0.0000 0.0000 0.1129 0.0000 0.0000 0.0000 0.0000 0.3050 0.0000 0.0000 0.0000 0.0000 0.0000 0.3156 0.0000 0.0000 0.0000 0.0000 0.0000 0.0000 0.0673 0.1992
84       84   (0)      6  : 0.0000 0.0000 0.0000 0.1667 0.0000 0.0000 0.0000 0.0000 0.1667 0.0000 0.0000 0.0000 0.0000 0.0000 0.1667 0.0000 0.0000 0.0000 0.0000 0.0000 0.0000 0.3333 0.1667
85       85   (0)      6  : 0.0000 0.8333 0.0000 0.0000 0.0000 0.0000 0.0000 0.0000 0.1667 0.0000 0.0000 0.0000 0.0000 0.0000 0.0000 0.0000 0.0000 0.0000 0.0000 0.0000 0.0000 0.0000 0.0000
86       86   (0)      6  : 0.0000 0.0383 0.0000 0.4151 0.0000 0.0000 0.0000 0.0000 0.1667 0.0000 0.0000 0.0000 0.0000 0.0000 0.0849 0.0000 0.0000 0.0000 0.0000 0.0000 0.0000 0.1284 0.1667
87       87   (0)      6  : 0.0000 0.3541 0.0000 0.2596 0.0000 0.0000 0.0000 0.0000 0.0000 0.0000 0.0000 0.0000 0.0000 0.0000 0.0067 0.0000 0.3435 0.0000 0.0000 0.0000 0.0000 0.0362 0.0000
88       88   (0)      6  : 0.0000 0.2123 0.0000 0.0121 0.0000 0.0000 0.0000 0.0000 0.0306 0.0000 0.0000 0.0000 0.0000 0.0000 0.0463 0.0000 0.5149 0.0000 0.0000 0.0000 0.0000 0.1838 0.0000
89       89   (0)      6  : 0.0000 0.6667 0.0000 0.0000 0.0000 0.0000 0.0000 0.0000 0.0000 0.0000 0.0000 0.0000 0.0000 0.0000 0.0000 0.0000 0.0000 0.0000 0.0000 0.0000 0.0000 0.3333 0.0000
90       90   (0)      6  : 0.0000 0.0685 0.0000 0.0000 0.0000 0.0000 0.8943 0.0000 0.0000 0.0000 0.0000 0.0000 0.0000 0.0000 0.0000 0.0000 0.0000 0.0000 0.0000 0.0000 0.0000 0.0372 0.0000
91       91   (0)      6  : 0.0000 0.0000 0.0000 0.1667 0.0000 0.0000 0.0000 0.0000 0.0000 0.0000 0.0000 0.0000 0.0000 0.0000 0.1667 0.0000 0.6667 0.0000 0.0000 0.0000 0.0000 0.0000 0.0000
92       92   (0)      6  : 0.0000 0.0000 0.0000 0.0000 0.0160 0.0000 0.0000 0.0000 0.0000 0.0000 0.0000 0.0000 0.0000 0.0000 0.0000 0.9840 0.0000 0.0000 0.0000 0.0000 0.0000 0.0000 0.0000
93       93   (0)      6  : 0.0000 0.0000 0.0000 0.0000 0.0000 1.0000 0.0000 0.0000 0.0000 0.0000 0.0000 0.0000 0.0000 0.0000 0.0000 0.0000 0.0000 0.0000 0.0000 0.0000 0.0000 0.0000 0.0000
94       94   (0)      6  : 0.5306 0.0000 0.0000 0.0000 0.0096 0.0106 0.0000 0.0000 0.0000 0.0026 0.0000 0.0036 0.0010 0.0393 0.0000 0.1606 0.0000 0.0000 0.0754 0.0000 0.0000 0.0000 0.1667
95       95   (0)      6  : 0.0000 0.0000 0.0000 0.0000 0.0000 1.0000 0.0000 0.0000 0.0000 0.0000 0.0000 0.0000 0.0000 0.0000 0.0000 0.0000 0.0000 0.0000 0.0000 0.0000 0.0000 0.0000 0.0000
96       96   (0)      6  : 0.0000 0.0000 0.0000 0.0000 0.0000 1.0000 0.0000 0.0000 0.0000 0.0000 0.0000 0.0000 0.0000 0.0000 0.0000 0.0000 0.0000 0.0000 0.0000 0.0000 0.0000 0.0000 0.0000
97       97   (0)      6  : 0.1862 0.0000 0.0000 0.0000 0.0168 0.0994 0.0000 0.0000 0.0000 0.0008 0.0162 0.0000 0.0184 0.0279 0.0000 0.2306 0.0000 0.0043 0.1186 0.0734 0.0000 0.0000 0.2074
98       98   (0)      6  : 0.0000 0.0000 0.1201 0.0000 0.0000 0.8799 0.0000 0.0000 0.0000 0.0000 0.0000 0.0000 0.0000 0.0000 0.0000 0.0000 0.0000 0.0000 0.0000 0.0000 0.0000 0.0000 0.0000
99       99   (0)      7  : 0.0000 0.5000 0.0000 0.0000 0.0000 0.0000 0.0000 0.0000 0.5000 0.0000 0.0000 0.0000 0.0000 0.0000 0.0000 0.0000 0.0000 0.0000 0.0000 0.0000 0.0000 0.0000 0.0000
100      100   (0)      7  : 0.0761 0.0200 0.0138 0.0153 0.0000 0.1901 0.0000 0.0030 0.0210 0.0000 0.1177 0.0001 0.0111 0.0000 0.0384 0.0607 0.0142 0.0225 0.2648 0.0643 0.0000 0.0388 0.0283
101      101   (0)      7  : 0.0000 0.0000 1.0000 0.0000 0.0000 0.0000 0.0000 0.0000 0.0000 0.0000 0.0000 0.0000 0.0000 0.0000 0.0000 0.0000 0.0000 0.0000 0.0000 0.0000 0.0000 0.0000 0.0000
102      102   (0)      7  : 0.0000 0.0000 1.0000 0.0000 0.0000 0.0000 0.0000 0.0000 0.0000 0.0000 0.0000 0.0000 0.0000 0.0000 0.0000 0.0000 0.0000 0.0000 0.0000 0.0000 0.0000 0.0000 0.0000
103      103   (0)      7  : 0.2285 0.0000 0.0000 0.0000 0.0044 0.0000 0.0000 0.0000 0.0000 0.0000 0.1246 0.0173 0.0760 0.0860 0.0000 0.0717 0.0000 0.0000 0.3642 0.0000 0.0000 0.0000 0.0273
104      104   (0)      7  : 0.0630 0.0000 0.0000 0.0000 0.0119 0.0000 0.0007 0.0000 0.0000 0.0002 0.0000 0.0154 0.0097 0.0020 0.0000 0.5135 0.0000 0.0000 0.0447 0.2261 0.0002 0.0000 0.1126
105      105   (0)      7  : 0.0000 0.0000 0.0000 0.0000 0.0000 0.0000 0.0000 0.0000 0.0000 0.0000 0.0000 0.0000 0.0000 0.0000 0.0000 0.0000 0.0000 1.0000 0.0000 0.0000 0.0000 0.0000 0.0000
106      106   (0)      7  : 0.0000 0.0000 0.0000 0.0000 0.0000 0.0000 0.0000 0.0000 0.0000 0.0000 0.1515 0.0035 0.0000 0.0138 0.0000 0.0499 0.0000 0.0194 0.7620 0.0000 0.0000 0.0000 0.0000
107      107   (0)      7  : 0.7137 0.0000 0.0000 0.0000 0.0000 0.0000 0.0000 0.0000 0.0000 0.0160 0.0000 0.0052 0.0001 0.0077 0.0000 0.0573 0.0000 0.0000 0.0649 0.0226 0.0000 0.0208 0.0915
108      108   (0)      8  : 0.0000 0.0000 0.0000 0.0000 1.0000 0.0000 0.0000 0.0000 0.0000 0.0000 0.0000 0.0000 0.0000 0.0000 0.0000 0.0000 0.0000 0.0000 0.0000 0.0000 0.0000 0.0000 0.0000
109      109   (0)      8  : 0.0000 0.0000 0.0000 0.0000 0.0227 0.0000 0.0000 0.0000 0.0000 0.0047 0.4948 0.0018 0.0063 0.0016 0.0000 0.0712 0.0000 0.0676 0.0217 0.2679 0.0000 0.0396 0.0001
110      110   (0)      8  : 0.0000 0.0000 0.0000 0.0000 0.0000 0.0000 0.0000 0.0000 0.0000 0.0000 0.0000 0.0000 1.0000 0.0000 0.0000 0.0000 0.0000 0.0000 0.0000 0.0000 0.0000 0.0000 0.0000
111      111   (0)      8  : 0.0000 0.0000 0.0000 0.0000 0.0000 0.0000 0.0000 0.0000 0.0000 0.0000 0.0000 1.0000 0.0000 0.0000 0.0000 0.0000 0.0000 0.0000 0.0000 0.0000 0.0000 0.0000 0.0000
112      112   (0)      8  : 0.0000 0.0000 1.0000 0.0000 0.0000 0.0000 0.0000 0.0000 0.0000 0.0000 0.0000 0.0000 0.0000 0.0000 0.0000 0.0000 0.0000 0.0000 0.0000 0.0000 0.0000 0.0000 0.0000
113      113   (0)      8  : 0.0000 0.0000 0.0000 0.0000 0.0000 0.0000 0.0000 0.0000 0.0000 0.0000 1.0000 0.0000 0.0000 0.0000 0.0000 0.0000 0.0000 0.0000 0.0000 0.0000 0.0000 0.0000 0.0000
114      114   (0)      8  : 0.0000 0.0000 0.0000 0.0000 0.0000 0.0000 0.0000 0.0000 0.0000 0.0000 0.5127 0.0000 0.0121 0.0039 0.0000 0.0327 0.0000 0.0000 0.1652 0.2732 0.0000 0.0000 0.0000
115      115   (0)      8  : 0.0000 0.0000 0.0000 0.0000 1.0000 0.0000 0.0000 0.0000 0.0000 0.0000 0.0000 0.0000 0.0000 0.0000 0.0000 0.0000 0.0000 0.0000 0.0000 0.0000 0.0000 0.0000 0.0000
116      116   (0)      8  : 0.0000 0.0000 0.0000 0.0000 0.0000 0.0000 0.0000 0.0000 0.0000 0.0000 0.0000 1.0000 0.0000 0.0000 0.0000 0.0000 0.0000 0.0000 0.0000 0.0000 0.0000 0.0000 0.0000
117      117   (0)      8  : 0.0000 0.0000 0.0000 0.0000 0.0000 0.0000 0.0000 0.0000 0.0000 0.0000 0.0000 0.0000 0.0000 0.0000 0.0000 0.0000 0.0000 1.0000 0.0000 0.0000 0.0000 0.0000 0.0000
118      118   (0)      8  : 0.0000 0.0000 0.0000 0.0000 0.0000 0.0000 0.0000 0.0035 0.0000 0.0000 0.0802 0.0000 0.0000 0.0000 0.0000 0.2304 0.0000 0.2528 0.0998 0.3333 0.0000 0.0000 0.0000
119      119   (0)      9  : 0.0000 0.0811 0.0000 0.0000 0.0000 0.0000 0.0000 0.0000 0.0000 0.0000 0.0000 0.0000 0.0000 0.0000 0.1544 0.0000 0.4139 0.0000 0.0000 0.0000 0.0000 0.2645 0.0861
120      120   (0)     10  : 0.5788 0.0000 0.0338 0.0000 0.0298 0.0000 0.0000 0.0070 0.0000 0.0051 0.1390 0.0094 0.0000 0.0106 0.0000 0.0221 0.0000 0.0000 0.0577 0.0140 0.0000 0.0112 0.0815
121      121   (0)     10  : 0.0205 0.0000 0.0000 0.0000 0.0000 0.0000 0.0000 0.0000 0.0000 0.0000 0.1257 0.0227 0.0000 0.0006 0.0000 0.1667 0.0000 0.0000 0.1268 0.1658 0.0000 0.0000 0.3714
122      122   (0)     10  : 0.3287 0.0000 0.0000 0.0000 0.0000 0.0000 0.0000 0.0000 0.0000 0.0028 0.0000 0.0000 0.0025 0.0056 0.0000 0.0968 0.0000 0.0000 0.2297 0.0000 0.0007 0.0000 0.3333
123      123   (0)     10  : 0.1828 0.0000 0.0008 0.0000 0.0447 0.0000 0.0222 0.0000 0.0000 0.0000 0.0072 0.0118 0.0225 0.0206 0.0000 0.2971 0.0618 0.0389 0.1488 0.0333 0.0064 0.0000 0.1012
124      124   (0)     10  : 0.3512 0.0000 0.0405 0.0000 0.0008 0.0000 0.0008 0.0000 0.0000 0.0236 0.1709 0.0002 0.0000 0.0000 0.0000 0.1568 0.0000 0.0171 0.0640 0.1376 0.0000 0.0039 0.0326
125      125   (0)     10  : 0.3041 0.0000 0.0254 0.0000 0.0000 0.1197 0.0027 0.0048 0.0000 0.0157 0.1727 0.0013 0.0000 0.0471 0.0000 0.0000 0.0000 0.0001 0.0449 0.0859 0.0000 0.0089 0.1667
126      126   (0)     10  : 0.3257 0.0000 0.0081 0.0000 0.0042 0.0000 0.0000 0.0015 0.0000 0.0231 0.1694 0.0000 0.0000 0.0081 0.0000 0.0587 0.0000 0.0636 0.1305 0.1559 0.0000 0.0221 0.0292
127      127   (0)     10  : 0.1403 0.0000 0.0000 0.0000 0.0107 0.0000 0.0000 0.0000 0.0000 0.0000 0.1329 0.0067 0.0000 0.0037 0.0000 0.0000 0.0000 0.0151 0.2122 0.4783 0.0001 0.0000 0.0000
128      128   (0)     10  : 0.3065 0.0000 0.0134 0.0000 0.0014 0.0000 0.0022 0.0111 0.0000 0.0094 0.1863 0.0295 0.0000 0.0006 0.0000 0.0206 0.0000 0.0873 0.2258 0.0000 0.0000 0.0202 0.0857
129      129   (0)     10  : 1.0000 0.0000 0.0000 0.0000 0.0000 0.0000 0.0000 0.0000 0.0000 0.0000 0.0000 0.0000 0.0000 0.0000 0.0000 0.0000 0.0000 0.0000 0.0000 0.0000 0.0000 0.0000 0.0000
130      130   (0)     10  : 0.2937 0.0000 0.0000 0.0000 0.0000 0.0000 0.0000 0.0015 0.0000 0.0000 0.1638 0.0000 0.0056 0.0000 0.0000 0.0118 0.0000 0.0000 0.4348 0.0648 0.0000 0.0239 0.0000
131      131   (0)     10  : 0.4124 0.0000 0.0213 0.0000 0.0153 0.0000 0.0167 0.0000 0.0000 0.0000 0.0460 0.0264 0.0000 0.0461 0.0000 0.0030 0.0000 0.0471 0.0765 0.0940 0.0056 0.0018 0.1880
132      132   (0)     10  : 0.2969 0.0000 0.0452 0.0000 0.0099 0.0262 0.0193 0.0176 0.0000 0.0000 0.1757 0.0000 0.0000 0.0000 0.0000 0.0691 0.0000 0.0000 0.1044 0.0323 0.0105 0.0000 0.1927
133      133   (0)     10  : 0.3338 0.0000 0.0208 0.0038 0.0154 0.0010 0.0002 0.0000 0.0000 0.0083 0.0783 0.0110 0.0000 0.0329 0.0000 0.0000 0.0000 0.0115 0.0713 0.1163 0.0167 0.0317 0.2468
134      134   (0)     10  : 0.4409 0.0000 0.0383 0.0000 0.0245 0.0000 0.0000 0.0000 0.0000 0.0000 0.0588 0.0000 0.0114 0.0000 0.0000 0.0000 0.0000 0.0000 0.1719 0.0000 0.0000 0.0000 0.2542
135      135   (0)     10  : 0.2854 0.0000 0.0251 0.0000 0.0559 0.0000 0.0052 0.0000 0.0000 0.0000 0.1640 0.0053 0.0164 0.0020 0.0000 0.0470 0.0000 0.0322 0.1706 0.0695 0.0085 0.0225 0.0904
136      136   (0)     10  : 0.5643 0.0000 0.0006 0.0000 0.0000 0.0000 0.0000 0.0000 0.0000 0.0000 0.1903 0.0001 0.0071 0.0054 0.0000 0.0533 0.0000 0.0000 0.0860 0.0000 0.0000 0.0929 0.0000
137      137   (0)     11  : 0.0000 0.1980 0.0869 0.1282 0.0000 0.0000 0.0000 0.0000 0.0744 0.0000 0.0000 0.0000 0.0000 0.0000 0.1769 0.0000 0.2191 0.0000 0.0000 0.0000 0.0000 0.1110 0.0055
138      138   (0)     12  : 0.1516 0.0000 0.0415 0.0000 0.0139 0.1429 0.0021 0.0941 0.0000 0.0425 0.1217 0.0000 0.0000 0.0523 0.0000 0.0245 0.0000 0.0026 0.1114 0.1358 0.0114 0.0229 0.0288
139      139   (0)     12  : 0.0000 0.0000 0.0781 0.0000 0.0000 0.3379 0.0000 0.0000 0.0851 0.0000 0.2284 0.0000 0.0000 0.0000 0.1254 0.0000 0.0000 0.0000 0.0000 0.0566 0.0000 0.0638 0.0246
140      140   (0)     12  : 0.0000 0.0000 0.0087 0.0000 0.0000 0.0000 0.0266 0.8496 0.0000 0.0000 0.0000 0.0000 0.0000 0.0000 0.0000 0.0000 0.0000 0.0000 0.0000 0.0000 0.1150 0.0000 0.0000
141      141   (0)     12  : 0.0000 0.0000 0.0086 0.0000 0.0000 0.6493 0.0000 0.0000 0.0000 0.0000 0.0000 0.0000 0.1841 0.0000 0.0000 0.0000 0.0000 0.0000 0.0000 0.0000 0.0000 0.0000 0.1580
142      142   (0)     12  : 0.3081 0.0000 0.0437 0.0000 0.0009 0.0003 0.0000 0.0435 0.0000 0.0018 0.1871 0.0182 0.0121 0.0297 0.0000 0.0872 0.0000 0.0000 0.0298 0.0470 0.0029 0.0176 0.1699
143      143   (0)     12  : 0.0000 0.0000 0.0885 0.0000 0.0000 0.5197 0.0000 0.0000 0.0000 0.0000 0.0000 0.0005 0.0000 0.0489 0.0000 0.0000 0.0000 0.0000 0.0257 0.1732 0.0000 0.0000 0.1435
144      144   (0)     12  : 0.1888 0.0000 0.0975 0.0003 0.0000 0.0232 0.0006 0.0469 0.0016 0.0000 0.1119 0.0000 0.0054 0.0000 0.0019 0.0139 0.0000 0.0000 0.0744 0.1977 0.0034 0.0000 0.2325
145      145   (0)     12  : 0.0095 0.0000 0.0000 0.0000 0.0011 0.0000 0.1498 0.5191 0.0000 0.0000 0.0137 0.0000 0.0177 0.0038 0.0000 0.0156 0.0000 0.0045 0.0000 0.2631 0.0021 0.0000 0.0000
146      146   (0)     13  : 0.0000 0.0000 0.0000 0.0000 0.0000 0.0000 0.0000 0.0000 0.0000 0.0000 0.0000 0.0000 0.0000 0.0000 0.0000 0.0000 1.0000 0.0000 0.0000 0.0000 0.0000 0.0000 0.0000
147      147   (0)     13  : 0.0000 0.0000 0.0000 0.2352 0.0000 0.0000 0.0000 0.0000 0.0000 0.0000 0.0000 0.0000 0.0000 0.0000 0.5233 0.0000 0.2415 0.0000 0.0000 0.0000 0.0000 0.0000 0.0000
148      148   (0)     13  : 0.0000 0.0378 0.0000 0.3333 0.0000 0.0000 0.0000 0.0000 0.0000 0.0000 0.0000 0.0000 0.0000 0.0000 0.2541 0.0000 0.2081 0.0000 0.0000 0.0000 0.0000 0.1667 0.0000
149      149   (0)     13  : 0.0000 0.0000 0.0000 0.0000 0.0000 0.0000 0.0000 0.0000 0.0000 0.0000 0.0000 0.0000 0.0000 0.0000 0.5000 0.0000 0.1667 0.0000 0.0000 0.0000 0.0000 0.1667 0.1667
150      150   (0)     13  : 0.0000 0.0000 0.0000 0.0000 0.0000 0.0000 0.0000 0.0000 0.0000 0.0000 0.0000 0.0000 0.0000 0.0000 0.0000 0.0000 0.8333 0.0000 0.0000 0.0000 0.0000 0.1667 0.0000
151      151   (0)     14  : 0.0000 0.4115 0.0000 0.2122 0.0000 0.0000 0.0000 0.0000 0.0000 0.0000 0.0000 0.0000 0.0000 0.0000 0.0000 0.0000 0.2096 0.0000 0.0000 0.0000 0.0000 0.1667 0.0000
152      152   (0)     14  : 0.2242 0.0000 0.0000 0.0000 0.0122 0.0000 0.0005 0.0073 0.0000 0.0077 0.1186 0.0078 0.0000 0.0308 0.0000 0.0000 0.0000 0.0182 0.0993 0.1221 0.0010 0.0000 0.3503
153      153   (0)     15  : 0.0000 0.0000 0.0000 0.0000 0.0000 1.0000 0.0000 0.0000 0.0000 0.0000 0.0000 0.0000 0.0000 0.0000 0.0000 0.0000 0.0000 0.0000 0.0000 0.0000 0.0000 0.0000 0.0000
154      154   (0)     15  : 0.0000 0.1391 0.0000 0.2099 0.0000 0.0000 0.0000 0.0000 0.0000 0.0000 0.0000 0.0000 0.0000 0.0000 0.2639 0.0000 0.2573 0.0000 0.0000 0.0000 0.0000 0.1297 0.0000
155      155   (0)     16  : 0.3171 0.0000 0.0253 0.0000 0.0037 0.0075 0.0000 0.0000 0.0000 0.0000 0.1241 0.0170 0.0011 0.0000 0.0000 0.0422 0.0000 0.0107 0.0616 0.0558 0.0109 0.0000 0.3229
156      156   (0)     16  : 0.3153 0.0000 0.0010 0.0000 0.0053 0.0000 0.0320 0.0000 0.0000 0.0000 0.0491 0.0278 0.0558 0.0000 0.0000 0.2324 0.0000 0.0304 0.2093 0.0000 0.0000 0.0000 0.0416
157      157   (0)     17  : 0.0000 0.0000 0.0593 0.0000 0.0000 0.9407 0.0000 0.0000 0.0000 0.0000 0.0000 0.0000 0.0000 0.0000 0.0000 0.0000 0.0000 0.0000 0.0000 0.0000 0.0000 0.0000 0.0000
158      158   (0)     17  : 0.0000 0.0000 0.0000 0.0000 0.0000 0.0000 1.0000 0.0000 0.0000 0.0000 0.0000 0.0000 0.0000 0.0000 0.0000 0.0000 0.0000 0.0000 0.0000 0.0000 0.0000 0.0000 0.0000
159      159   (0)     18  : 0.2806 0.0000 0.0091 0.0000 0.0018 0.0000 0.0000 0.0000 0.0000 0.0000 0.0742 0.0010 0.0006 0.0562 0.0000 0.1088 0.0000 0.0100 0.1358 0.1921 0.0000 0.0000 0.1298
160      160   (0)     18  : 0.0333 0.0000 0.0000 0.0000 0.0015 0.0000 0.0000 0.0002 0.0000 0.0010 0.3888 0.0035 0.0264 0.0000 0.0000 0.0836 0.0000 0.0439 0.2911 0.1034 0.0000 0.0233 0.0000
161      161   (0)     18  : 0.0554 0.0000 0.0000 0.0000 0.0014 0.0000 0.0000 0.0000 0.0000 0.0345 0.2480 0.0000 0.0079 0.0065 0.0000 0.2484 0.0000 0.0022 0.1997 0.1368 0.0000 0.0591 0.0002
162      162   (0)     19  : 0.2864 0.0000 0.0218 0.0000 0.0162 0.0604 0.0000 0.0000 0.0000 0.0000 0.1262 0.1040 0.0000 0.0900 0.0000 0.0055 0.0000 0.0766 0.0583 0.1008 0.0000 0.0000 0.0539
163      163   (0)     19  : 0.0000 0.0415 0.1819 0.0641 0.0014 0.1881 0.0000 0.0000 0.0000 0.0000 0.0000 0.0000 0.0000 0.0000 0.0000 0.4200 0.0000 0.0000 0.0000 0.0774 0.0000 0.0006 0.0250
164      164   (0)     19  : 0.0000 0.0000 0.0000 0.0000 0.0857 0.0000 0.0000 0.0000 0.0000 0.0000 0.0000 0.0000 0.0000 0.0000 0.0000 0.7817 0.0000 0.0000 0.0000 0.1325 0.0000 0.0000 0.0000
