1 1 (0) 1 : 1.00000000000000000000
2 2 (0) 1 : 1.00000000000000000000
3 3 (0) 1 : 1.00000000000000000000
4 4 (0) 1 : 1.00000000000000000000
5 5 (0) 1 : 1.00000000000000000000
6 6 (0) 1 : 1.00000000000000000000
7 7 (0) 1 : 1.00000000000000000000
8 8 (0) 1 : 1.00000000000000000000
9 9 (0) 1 : 1.00000000000000000000
10 10 (0) 2 : 1.00000000000000000000
11 11 (0) 2 : 1.00000000000000000000
12 12 (0) 2 : 1.00000000000000000000
13 13 (0) 3 : 1.00000000000000000000
14 14 (0) 3 : 1.00000000000000000000
15 15 (0) 3 : 1.00000000000000000000
16 16 (0) 3 : 1.00000000000000000000
17 17 (0) 4 : 1.00000000000000000000
18 18 (0) 4 : 1.00000000000000000000
19 19 (0) 5 : 1.00000000000000000000
20 20 (0) 5 : 1.00000000000000000000
21 21 (0) 5 : 1.00000000000000000000
22 22 (0) 5 : 1.00000000000000000000
23 23 (0) 5 : 1.00000000000000000000
24 24 (0) 5 : 1.00000000000000000000
25 25 (0) 5 : 1.00000000000000000000
26 26 (0) 5 : 1.00000000000000000000
27 27 (0) 5 : 1.00000000000000000000
28 28 (0) 5 : 1.00000000000000000000
29 29 (0) 5 : 1.00000000000000000000
30 30 (0) 5 : 1.00000000000000000000
31 31 (0) 5 : 1.00000000000000000000
32 32 (0) 5 : 1.00000000000000000000
33 33 (0) 5 : 1.00000000000000000000
34 34 (0) 5 : 1.00000000000000000000
35 35 (0) 5 : 1.00000000000000000000
36 36 (0) 6 : 1.00000000000000000000
37 37 (0) 6 : 1.00000000000000000000
38 38 (0) 6 : 1.00000000000000000000
39 39 (0) 6 : 1.00000000000000000000
40 40 (0) 6 : 1.00000000000000000000
41 41 (0) 6 : 1.00000000000000000000
42 42 (0) 6 : 1.00000000000000000000
43 43 (0) 6 : 1.00000000000000000000
44 44 (0) 6 : 1.00000000000000000000
45 45 (0) 6 : 1.00000000000000000000
46 46 (0) 6 : 1.00000000000000000000
47 47 (0) 6 : 1.00000000000000000000
48 48 (0) 7 : 1.00000000000000000000
49 49 (0) 7 : 1.00000000000000000000
50 50 (0) 7 : 1.00000000000000000000
51 51 (0) 8 : 1.00000000000000000000
52 52 (0) 8 : 1.00000000000000000000
53 53 (0) 9 : 1.00000000000000000000
54 54 (0) 10 : 1.00000000000000000000
55 55 (0) 10 : 1.00000000000000000000
56 56 (0) 10 : 1.00000000000000000000
57 57 (0) 10 : 1.00000000000000000000
58 58 (0) 11 : 1.00000000000000000000
59 59 (0) 11 : 1.00000000000000000000
60 60 (0) 11 : 1.00000000000000000000
61 61 (0) 11 : 1.00000000000000000000
62 62 (0) 11 : 1.00000000000000000000
63 63 (0) 11 : 1.00000000000000000000
64 64 (0) 11 : 1.00000000000000000000
65 65 (0) 11 : 1.00000000000000000000
66 66 (0) 11 : 1.00000000000000000000
67 67 (0) 11 : 1.00000000000000000000
68 68 (0) 11 : 1.00000000000000000000
69 69 (0) 11 : 1.00000000000000000000
70 70 (0) 11 : 1.00000000000000000000
71 71 (0) 11 : 1.00000000000000000000
72 72 (0) 12 : 1.00000000000000000000
73 73 (0) 12 : 1.00000000000000000000
74 74 (0) 12 : 1.00000000000000000000
75 75 (0) 12 : 1.00000000000000000000
76 76 (0) 12 : 1.00000000000000000000
77 77 (0) 12 : 1.00000000000000000000
78 78 (0) 12 : 1.00000000000000000000
79 79 (0) 12 : 1.00000000000000000000
80 80 (0) 12 : 1.00000000000000000000
81 81 (0) 13 : 1.00000000000000000000
82 82 (0) 13 : 1.00000000000000000000
83 83 (0) 13 : 1.00000000000000000000
84 84 (0) 13 : 1.00000000000000000000
85 85 (0) 13 : 1.00000000000000000000
86 86 (0) 13 : 1.00000000000000000000
87 87 (0) 13 : 1.00000000000000000000
88 88 (0) 13 : 1.00000000000000000000
89 89 (0) 13 : 1.00000000000000000000
90 90 (0) 13 : 1.00000000000000000000
91 91 (0) 13 : 1.00000000000000000000
92 92 (0) 13 : 1.00000000000000000000
93 93 (0) 13 : 1.00000000000000000000
94 94 (0) 13 : 1.00000000000000000000
95 95 (0) 14 : 1.00000000000000000000
96 96 (0) 14 : 1.00000000000000000000
97 97 (0) 15 : 1.00000000000000000000
98 98 (0) 15 : 1.00000000000000000000
99 99 (0) 15 : 1.00000000000000000000
100 100 (0) 15 : 1.00000000000000000000
101 101 (0) 15 : 1.00000000000000000000
102 102 (0) 15 : 1.00000000000000000000
103 103 (0) 15 : 1.00000000000000000000
104 104 (0) 15 : 1.00000000000000000000
105 105 (0) 15 : 1.00000000000000000000
