1        1   (0)      1  : 0.0000 0.0000 0.0000 0.0000 0.0000 0.0000 0.0983 0.6425 0.0000 0.0000 0.0095 0.0000 0.0000 0.0281 0.0000 0.0274 0.0000 0.0023 0.0167 0.1486 0.0053 0.0213
2        2   (0)      1  : 0.0000 0.0000 0.0006 0.0000 0.0655 0.0000 0.8233 0.0141 0.0000 0.0000 0.0000 0.0084 0.0636 0.0000 0.0000 0.0000 0.0000 0.0000 0.0000 0.0000 0.0000 0.0244
3        3   (0)      1  : 0.0000 0.0000 0.0000 0.0000 0.0000 0.0000 0.0000 1.0000 0.0000 0.0000 0.0000 0.0000 0.0000 0.0000 0.0000 0.0000 0.0000 0.0000 0.0000 0.0000 0.0000 0.0000
4        4   (0)      1  : 0.0000 0.0000 0.0000 0.0000 0.0000 0.0000 0.8947 0.0000 0.0000 0.0000 0.0000 0.0000 0.0000 0.0000 0.0000 0.0000 0.0000 0.0000 0.0000 0.0000 0.0000 0.1053
5        5   (0)      1  : 0.0344 0.0000 0.1310 0.0000 0.0024 0.0875 0.1566 0.0002 0.0000 0.0000 0.3916 0.0000 0.0017 0.0013 0.0000 0.0058 0.0000 0.0311 0.0685 0.0147 0.0031 0.0700
6        6   (0)      1  : 0.2180 0.0000 0.0990 0.0000 0.0086 0.0507 0.0730 0.0016 0.0000 0.0002 0.2725 0.0068 0.0002 0.0000 0.0000 0.0110 0.0000 0.0195 0.1186 0.0683 0.0048 0.0471
7        7   (0)      1  : 0.1010 0.0000 0.0000 0.0000 0.0000 0.0000 0.0000 0.0000 0.0000 0.0000 0.7860 0.0000 0.0196 0.0000 0.0000 0.0546 0.0000 0.0000 0.0130 0.0220 0.0000 0.0038
8        8   (0)      1  : 0.0488 0.0000 0.0910 0.0000 0.0017 0.0298 0.2273 0.0000 0.0000 0.0000 0.4246 0.0000 0.0000 0.0000 0.0000 0.0128 0.0000 0.0159 0.0455 0.0000 0.0000 0.1026
9        9   (0)      1  : 0.0000 0.0000 0.0000 0.0000 0.0000 0.0000 0.8947 0.0000 0.0000 0.0000 0.0000 0.0000 0.0000 0.0000 0.0000 0.0000 0.0000 0.0000 0.0000 0.0000 0.0000 0.1053
10       10   (0)      1  : 0.0337 0.0000 0.0000 0.0000 0.0021 0.0000 0.0000 0.0000 0.0000 0.0233 0.5932 0.0022 0.0002 0.0069 0.0000 0.0001 0.0000 0.0000 0.2019 0.1361 0.0002 0.0000
11       11   (0)      1  : 0.0070 0.0000 0.0000 0.0000 0.0019 0.0000 0.0000 0.0000 0.0000 0.0057 0.0741 0.0001 0.0056 0.0002 0.0000 0.0526 0.0000 0.0000 0.4539 0.3988 0.0000 0.0000
12       12   (0)      1  : 0.0000 0.0000 0.0000 0.0000 0.0000 0.0000 0.0000 0.0000 0.0000 0.0000 0.0000 0.0000 1.0000 0.0000 0.0000 0.0000 0.0000 0.0000 0.0000 0.0000 0.0000 0.0000
13       13   (0)      1  : 0.1160 0.0000 0.0000 0.0000 0.0000 0.0000 0.0000 0.0003 0.0000 0.0191 0.4222 0.0109 0.0008 0.0158 0.0000 0.0126 0.0000 0.0000 0.1084 0.2760 0.0000 0.0180
14       14   (0)      1  : 0.0001 0.0020 0.0962 0.0123 0.0000 0.0846 0.0127 0.1498 0.0081 0.0000 0.2727 0.0129 0.0696 0.0000 0.0064 0.0053 0.0000 0.0000 0.1340 0.1025 0.0041 0.0268
15       15   (0)      1  : 0.0000 0.0000 1.0000 0.0000 0.0000 0.0000 0.0000 0.0000 0.0000 0.0000 0.0000 0.0000 0.0000 0.0000 0.0000 0.0000 0.0000 0.0000 0.0000 0.0000 0.0000 0.0000
16       16   (0)      1  : 0.0000 0.0000 0.0000 0.0000 0.0000 0.0000 0.0526 0.1579 0.0000 0.0000 0.0000 0.0000 0.0000 0.0000 0.0000 0.0000 0.0000 0.0000 0.0000 0.0000 0.7895 0.0000
17       17   (0)      1  : 0.0000 0.0000 0.0000 0.0000 0.0000 0.0000 0.0526 0.1579 0.0000 0.0000 0.0000 0.0000 0.0000 0.0000 0.0000 0.0000 0.0000 0.0000 0.0000 0.0000 0.7895 0.0000
18       18   (0)      1  : 0.0000 0.0000 0.0000 0.0000 0.0000 0.0000 0.0000 0.0000 0.0000 1.0000 0.0000 0.0000 0.0000 0.0000 0.0000 0.0000 0.0000 0.0000 0.0000 0.0000 0.0000 0.0000
19       19   (0)      1  : 0.0000 0.0000 0.0000 0.0000 0.0029 0.0000 0.0000 0.0000 0.0000 0.0001 0.0526 0.0033 0.0000 0.0030 0.0000 0.0522 0.0000 0.0000 0.1317 0.7540 0.0000 0.0000
20       20   (0)      1  : 0.0852 0.0000 0.0000 0.0000 0.0000 0.0000 0.0000 0.0000 0.0000 0.0001 0.1963 0.0122 0.0008 0.0010 0.0000 0.0674 0.0000 0.0481 0.5889 0.0000 0.0000 0.0000
21       21   (0)      1  : 0.0000 0.0000 0.0000 0.0000 0.0000 0.0000 0.0000 0.9474 0.0000 0.0000 0.0000 0.0000 0.0000 0.0000 0.0000 0.0000 0.0000 0.0000 0.0000 0.0000 0.0000 0.0526
22       22   (0)      1  : 0.0000 0.0000 1.0000 0.0000 0.0000 0.0000 0.0000 0.0000 0.0000 0.0000 0.0000 0.0000 0.0000 0.0000 0.0000 0.0000 0.0000 0.0000 0.0000 0.0000 0.0000 0.0000
23       23   (0)      1  : 0.0731 0.0000 0.0000 0.0000 0.0043 0.0000 0.0022 0.0000 0.0000 0.0000 0.1950 0.0014 0.0135 0.0000 0.0000 0.0302 0.0000 0.0042 0.1901 0.4323 0.0000 0.0536
24       24   (0)      2  : 0.0000 0.0000 0.0000 0.0000 0.0000 0.0000 0.0000 0.8210 0.0000 0.0000 0.0000 0.0000 0.0000 0.0000 0.0000 0.0526 0.0000 0.0000 0.0000 0.0000 0.1263 0.0000
25       25   (0)      2  : 0.2397 0.0000 0.0000 0.0000 0.0000 0.0000 0.0000 0.0000 0.0000 0.0000 0.0836 0.0000 0.0000 0.0101 0.0000 0.1932 0.0000 0.0748 0.2400 0.0677 0.0000 0.0908
26       26   (0)      2  : 0.0266 0.0000 0.0000 0.0000 0.0000 0.0000 0.0896 0.4743 0.0000 0.0049 0.0119 0.0000 0.0000 0.0000 0.0000 0.1053 0.0000 0.0435 0.0000 0.1228 0.0000 0.1211
27       27   (0)      2  : 0.1805 0.0000 0.0000 0.0000 0.0217 0.0000 0.0000 0.0461 0.0000 0.0901 0.2661 0.0012 0.0088 0.0020 0.0000 0.0396 0.0000 0.0110 0.1844 0.1101 0.0027 0.0358
28       28   (0)      2  : 0.5188 0.0000 0.0163 0.0000 0.0000 0.0000 0.0012 0.0227 0.0000 0.0000 0.0738 0.0070 0.0000 0.0002 0.0000 0.0798 0.0000 0.0010 0.1599 0.0851 0.0108 0.0234
29       29   (0)      2  : 0.1207 0.0000 0.0000 0.0000 0.0233 0.0000 0.0000 0.0044 0.0000 0.0294 0.0370 0.0049 0.0007 0.0035 0.0000 0.1071 0.0000 0.0000 0.1910 0.4127 0.0183 0.0472
30       30   (0)      2  : 0.0000 0.0526 0.0000 0.7368 0.0000 0.0000 0.0000 0.0000 0.1579 0.0000 0.0000 0.0000 0.0000 0.0000 0.0000 0.0000 0.0526 0.0000 0.0000 0.0000 0.0000 0.0000
31       31   (0)      2  : 0.2303 0.0000 0.0062 0.0000 0.0000 0.0030 0.0018 0.0052 0.0000 0.0496 0.2334 0.0050 0.0031 0.0056 0.0000 0.0776 0.0000 0.0129 0.1550 0.1480 0.0146 0.0487
32       32   (0)      2  : 0.0000 0.0000 0.0000 0.0000 0.0000 0.0000 0.0000 1.0000 0.0000 0.0000 0.0000 0.0000 0.0000 0.0000 0.0000 0.0000 0.0000 0.0000 0.0000 0.0000 0.0000 0.0000
33       33   (0)      2  : 0.0000 0.0000 0.0000 0.0000 0.0000 0.0000 0.0000 0.0000 0.0000 1.0000 0.0000 0.0000 0.0000 0.0000 0.0000 0.0000 0.0000 0.0000 0.0000 0.0000 0.0000 0.0000
34       34   (0)      2  : 0.0731 0.0000 0.0000 0.0000 0.0000 0.0000 0.0000 0.0000 0.0000 0.0005 0.0775 0.0000 0.0000 0.0000 0.0000 0.0871 0.0000 0.0115 0.3784 0.3720 0.0000 0.0000
35       35   (0)      2  : 0.4009 0.0000 0.0181 0.0000 0.0167 0.0000 0.0015 0.0276 0.0000 0.0147 0.0790 0.0337 0.0355 0.0138 0.0000 0.0365 0.0000 0.0258 0.0793 0.1981 0.0000 0.0187
36       36   (0)      2  : 0.0000 0.0000 0.0000 0.0000 0.0000 0.0000 1.0000 0.0000 0.0000 0.0000 0.0000 0.0000 0.0000 0.0000 0.0000 0.0000 0.0000 0.0000 0.0000 0.0000 0.0000 0.0000
37       37   (0)      3  : 0.0618 0.0000 0.0000 0.0000 0.0134 0.0000 0.0000 0.0058 0.0000 0.0011 0.3466 0.0069 0.0089 0.0228 0.0000 0.0241 0.0000 0.0000 0.3400 0.1664 0.0000 0.0021
38       38   (0)      3  : 0.0528 0.0000 0.0000 0.0000 0.0680 0.0000 0.0000 0.0013 0.0000 0.0002 0.0000 0.0042 0.0000 0.0000 0.0000 0.7070 0.0000 0.1294 0.0371 0.0000 0.0000 0.0000
39       39   (0)      3  : 0.2484 0.0000 0.0000 0.0000 0.0130 0.0000 0.0000 0.0006 0.0000 0.0006 0.0758 0.0000 0.0058 0.0170 0.0000 0.0070 0.0000 0.0017 0.1998 0.2970 0.0002 0.1331
40       40   (0)      3  : 0.0504 0.0000 0.0000 0.0000 0.0000 0.0000 0.0000 0.0000 0.0000 0.0000 0.2215 0.0059 0.0062 0.0000 0.0000 0.0674 0.0000 0.0730 0.5747 0.0000 0.0008 0.0000
41       41   (0)      3  : 0.4046 0.0000 0.0000 0.0000 0.0306 0.0000 0.0000 0.0000 0.0000 0.0125 0.0619 0.0000 0.0015 0.0000 0.0000 0.0740 0.0000 0.0398 0.1565 0.1627 0.0031 0.0526
42       42   (0)      4  : 0.0000 0.2120 0.0000 0.0526 0.0000 0.0000 0.0000 0.0000 0.0576 0.0000 0.0000 0.0000 0.0000 0.0000 0.4299 0.0000 0.1879 0.0000 0.0000 0.0000 0.0128 0.0472
43       43   (0)      4  : 0.1731 0.0002 0.0000 0.0000 0.0064 0.0000 0.0000 0.0009 0.0000 0.0000 0.2287 0.0045 0.0168 0.0086 0.0000 0.0388 0.0000 0.0247 0.2604 0.1593 0.0000 0.0776
44       44   (0)      4  : 0.0000 0.7368 0.0000 0.0000 0.0000 0.0000 0.0000 0.0000 0.1053 0.0000 0.0000 0.0000 0.0000 0.0000 0.1053 0.0000 0.0526 0.0000 0.0000 0.0000 0.0000 0.0000
45       45   (0)      4  : 0.0000 0.7000 0.0000 0.0000 0.0000 0.0000 0.0000 0.0000 0.0253 0.0000 0.0000 0.0000 0.0000 0.0000 0.0470 0.0000 0.1052 0.0000 0.0000 0.0000 0.0526 0.0698
46       46   (0)      4  : 0.3740 0.0020 0.0012 0.0000 0.0000 0.0000 0.0146 0.0169 0.0000 0.0000 0.1842 0.0043 0.0000 0.0017 0.0012 0.0261 0.0018 0.0143 0.1957 0.1077 0.0013 0.0532
47       47   (0)      4  : 0.8832 0.0000 0.0000 0.0000 0.0000 0.0000 0.0000 0.0000 0.0000 0.0000 0.0526 0.0088 0.0000 0.0065 0.0000 0.0000 0.0000 0.0000 0.0488 0.0000 0.0000 0.0000
48       48   (0)      4  : 0.2098 0.0000 0.0000 0.0000 0.0000 0.0000 0.0000 0.0000 0.0000 0.0176 0.4646 0.0131 0.0142 0.0089 0.0000 0.0970 0.0000 0.0035 0.0542 0.1171 0.0000 0.0000
49       49   (0)      4  : 0.1288 0.0000 0.0000 0.0000 0.0000 0.0000 0.0000 0.0000 0.0000 0.0000 0.6022 0.0000 0.0012 0.0000 0.0000 0.0071 0.0000 0.0000 0.1791 0.0817 0.0000 0.0000
50       50   (0)      4  : 0.0000 0.0000 0.0000 0.0000 0.0000 0.0000 0.0000 0.0000 0.0000 0.0000 0.0000 0.0000 0.0000 1.0000 0.0000 0.0000 0.0000 0.0000 0.0000 0.0000 0.0000 0.0000
51       51   (0)      4  : 0.0462 0.1561 0.0171 0.0321 0.0000 0.3065 0.0000 0.0000 0.0808 0.0000 0.0293 0.0000 0.0000 0.0988 0.0395 0.0000 0.0161 0.0000 0.0314 0.1235 0.0044 0.0184
52       52   (0)      4  : 0.3116 0.0000 0.0000 0.0000 0.0000 0.0018 0.0000 0.0000 0.0000 0.0059 0.2919 0.0299 0.0000 0.0007 0.0029 0.0526 0.0000 0.0000 0.1280 0.1413 0.0000 0.0333
53       53   (0)      4  : 0.5994 0.0000 0.0000 0.0000 0.0024 0.0000 0.0000 0.0000 0.0000 0.0013 0.0107 0.0000 0.0032 0.0000 0.0000 0.0124 0.0000 0.0000 0.3020 0.0685 0.0000 0.0000
54       54   (0)      4  : 0.3986 0.0000 0.0030 0.0013 0.0168 0.0000 0.0003 0.0005 0.0012 0.0000 0.2189 0.0135 0.0000 0.0247 0.0176 0.0833 0.0027 0.0126 0.0679 0.0933 0.0140 0.0298
55       55   (0)      4  : 0.0000 0.0000 0.0000 0.0000 0.0000 0.0000 0.0000 0.0000 0.0000 0.0000 0.0000 0.0000 0.0000 1.0000 0.0000 0.0000 0.0000 0.0000 0.0000 0.0000 0.0000 0.0000
56       56   (0)      4  : 0.0000 0.0624 0.0000 0.0000 0.0000 0.0000 0.0000 0.0000 0.1053 0.0000 0.0000 0.0000 0.0000 0.0000 0.6377 0.0000 0.1420 0.0000 0.0000 0.0000 0.0000 0.0526
57       57   (0)      5  : 0.1477 0.0000 0.0000 0.0000 0.0000 0.0000 0.0000 0.0000 0.0000 0.0016 0.1265 0.0006 0.0012 0.0000 0.0000 0.0799 0.0000 0.0000 0.3656 0.2242 0.0000 0.0526
58       58   (0)      5  : 0.3231 0.0000 0.0000 0.0000 0.0000 0.0000 0.0000 0.0000 0.0000 0.0414 0.1005 0.0064 0.0000 0.0004 0.0000 0.0953 0.0000 0.0893 0.0993 0.2439 0.0003 0.0000
59       59   (0)      5  : 0.0000 0.2493 0.0000 0.1280 0.0000 0.0000 0.0000 0.0000 0.1579 0.0000 0.0000 0.0000 0.0000 0.0000 0.0741 0.0000 0.3907 0.0000 0.0000 0.0000 0.0000 0.0000
60       60   (0)      5  : 0.2532 0.0000 0.0000 0.0000 0.0000 0.0000 0.0000 0.0000 0.0000 0.0001 0.2653 0.0163 0.0099 0.0000 0.0000 0.0526 0.0000 0.0014 0.2577 0.1435 0.0000 0.0000
61       61   (0)      5  : 0.0746 0.1730 0.0993 0.0147 0.0781 0.0311 0.0000 0.0000 0.0369 0.0000 0.0699 0.0000 0.0000 0.0000 0.2074 0.0000 0.0058 0.0412 0.0620 0.0660 0.0000 0.0398
62       62   (0)      5  : 0.0000 0.4211 0.0000 0.0000 0.0000 0.0000 0.0000 0.0000 0.0000 0.0000 0.0000 0.0000 0.0000 0.0000 0.5263 0.0000 0.0000 0.0000 0.0000 0.0000 0.0000 0.0526
63       63   (0)      5  : 0.2661 0.0617 0.0041 0.0096 0.0122 0.0429 0.0187 0.0025 0.0250 0.0001 0.1511 0.0023 0.0075 0.0158 0.0639 0.0376 0.0000 0.0177 0.1097 0.0906 0.0169 0.0438
64       64   (0)      5  : 0.2741 0.0000 0.0000 0.0000 0.0135 0.0000 0.0000 0.0000 0.0000 0.0003 0.0958 0.0141 0.0143 0.0000 0.0000 0.0063 0.0000 0.1826 0.2105 0.1885 0.0000 0.0000
65       65   (0)      5  : 0.3234 0.0000 0.0000 0.0000 0.0000 0.0000 0.0000 0.0000 0.0000 0.0003 0.3303 0.0000 0.0056 0.0032 0.0000 0.0000 0.0000 0.0614 0.0406 0.1300 0.0000 0.1053
66       66   (0)      5  : 0.0759 0.0000 0.0000 0.0000 0.0005 0.0000 0.0000 0.0003 0.0000 0.0000 0.3250 0.0000 0.0000 0.0017 0.0000 0.0053 0.0000 0.0637 0.1426 0.3167 0.0035 0.0647
67       67   (0)      5  : 0.0000 0.0747 0.0153 0.3392 0.0000 0.0089 0.0000 0.0000 0.4783 0.0000 0.0354 0.0000 0.0000 0.0000 0.0120 0.0000 0.0000 0.0000 0.0100 0.0185 0.0000 0.0076
68       68   (0)      5  : 0.0000 0.1579 0.0000 0.0622 0.0000 0.0000 0.0000 0.0000 0.2263 0.0000 0.0000 0.0000 0.0000 0.0000 0.0241 0.0000 0.4242 0.0000 0.0000 0.0000 0.0000 0.1053
69       69   (0)      5  : 0.2038 0.0215 0.0000 0.0898 0.0295 0.0032 0.0124 0.0000 0.1270 0.0006 0.0732 0.0014 0.0051 0.0256 0.0000 0.1666 0.0000 0.0406 0.0836 0.0856 0.0021 0.0282
70       70   (0)      5  : 0.0000 0.0873 0.0000 0.3864 0.0000 0.0000 0.0000 0.0000 0.5263 0.0000 0.0000 0.0000 0.0000 0.0000 0.0000 0.0000 0.0000 0.0000 0.0000 0.0000 0.0000 0.0000
71       71   (0)      5  : 0.0000 0.0526 0.0000 0.1157 0.0000 0.0000 0.0000 0.0000 0.1021 0.0000 0.0000 0.0000 0.0000 0.0000 0.0526 0.0000 0.5191 0.0000 0.0000 0.0000 0.0526 0.1053
72       72   (0)      5  : 0.4991 0.0023 0.0000 0.0057 0.0000 0.0000 0.0005 0.0032 0.0432 0.0012 0.0333 0.0000 0.0240 0.0001 0.0000 0.1108 0.0449 0.0558 0.0734 0.0693 0.0021 0.0312
73       73   (0)      5  : 0.1201 0.0000 0.0000 0.0000 0.0000 0.0000 0.0003 0.0000 0.0000 0.0000 0.1576 0.0236 0.0010 0.0000 0.0000 0.1658 0.0000 0.0000 0.1683 0.2988 0.0117 0.0526
74       74   (0)      5  : 0.0000 0.0227 0.0000 0.0000 0.0000 0.0000 0.0000 0.0000 0.0371 0.0000 0.0000 0.0000 0.0000 0.0000 0.0305 0.0000 0.8169 0.0000 0.0000 0.0000 0.0196 0.0731
75       75   (0)      6  : 0.0000 0.3363 0.0000 0.1477 0.0000 0.0000 0.0000 0.0000 0.1609 0.0000 0.0000 0.0000 0.0000 0.0000 0.0492 0.0000 0.1982 0.0000 0.0000 0.0000 0.1077 0.0000
76       76   (0)      6  : 0.3334 0.0157 0.0062 0.0055 0.0000 0.0103 0.0000 0.0060 0.0112 0.0086 0.3288 0.0019 0.0040 0.0000 0.0000 0.0351 0.0025 0.0025 0.1208 0.0914 0.0057 0.0105
77       77   (0)      6  : 0.0000 0.2228 0.0000 0.1566 0.0000 0.0000 0.0000 0.0000 0.1648 0.0000 0.0000 0.0000 0.0000 0.0000 0.0046 0.0000 0.3977 0.0000 0.0000 0.0000 0.0166 0.0369
78       78   (0)      6  : 0.0000 0.0526 0.0000 0.1053 0.0000 0.0000 0.0000 0.0000 0.0000 0.0000 0.0000 0.0000 0.0000 0.0000 0.0000 0.0000 0.7895 0.0000 0.0000 0.0000 0.0526 0.0000
79       79   (0)      6  : 0.0000 0.1388 0.0000 0.1069 0.0000 0.0000 0.0000 0.0000 0.1846 0.0000 0.0000 0.0000 0.0000 0.0000 0.3515 0.0000 0.0727 0.0000 0.0000 0.0000 0.0246 0.1209
80       80   (0)      6  : 0.0000 0.0000 0.0006 0.0000 0.0000 0.0000 0.0284 0.9099 0.0000 0.0000 0.0000 0.0001 0.0000 0.0000 0.0000 0.0526 0.0000 0.0000 0.0000 0.0000 0.0084 0.0000
81       81   (0)      6  : 0.0000 0.2966 0.0000 0.1289 0.0000 0.0000 0.0000 0.0000 0.1120 0.0000 0.0000 0.0000 0.0000 0.0000 0.1415 0.0000 0.2219 0.0000 0.0000 0.0000 0.0310 0.0679
82       82   (0)      6  : 0.0000 0.5053 0.0000 0.2743 0.0000 0.0000 0.0000 0.0000 0.0955 0.0000 0.0000 0.0000 0.0000 0.0000 0.0764 0.0000 0.0233 0.0000 0.0000 0.0000 0.0000 0.0252
83       83   (0)      6  : 0.0000 0.2186 0.0006 0.2989 0.0000 0.0000 0.0000 0.0000 0.2077 0.0000 0.0000 0.0000 0.0000 0.0000 0.1466 0.0000 0.0690 0.0000 0.0000 0.0000 0.0151 0.0437
84       84   (0)      6  : 0.0000 0.4737 0.0000 0.1053 0.0000 0.0000 0.0000 0.0000 0.2632 0.0000 0.0000 0.0000 0.0000 0.0000 0.1053 0.0000 0.0000 0.0000 0.0000 0.0000 0.0000 0.0526
85       85   (0)      6  : 0.0000 0.4737 0.0000 0.1486 0.0000 0.0000 0.0000 0.0000 0.1435 0.0000 0.0000 0.0000 0.0000 0.0000 0.0237 0.0000 0.0526 0.0000 0.0000 0.0000 0.0526 0.1053
86       86   (0)      6  : 0.0000 0.1034 0.0000 0.7173 0.0000 0.0000 0.0000 0.0000 0.0723 0.0000 0.0000 0.0000 0.0000 0.0000 0.0609 0.0000 0.0163 0.0000 0.0000 0.0000 0.0298 0.0000
87       87   (0)      6  : 0.0000 0.2021 0.0000 0.0000 0.0000 0.0000 0.0000 0.0000 0.1698 0.0000 0.0000 0.0000 0.0000 0.0000 0.1306 0.0000 0.4338 0.0000 0.0000 0.0000 0.0000 0.0637
88       88   (0)      6  : 0.0000 0.4011 0.0000 0.0007 0.0000 0.0000 0.0000 0.0000 0.0369 0.0000 0.0000 0.0000 0.0000 0.0000 0.2355 0.0000 0.2652 0.0000 0.0000 0.0000 0.0093 0.0513
89       89   (0)      6  : 0.0000 0.5866 0.0000 0.0122 0.0000 0.0000 0.0000 0.0000 0.0000 0.0000 0.0000 0.0000 0.0000 0.0000 0.1887 0.0000 0.1072 0.0000 0.0000 0.0000 0.0526 0.0526
90       90   (0)      6  : 0.0000 0.0213 0.0000 0.0000 0.0000 0.0000 0.9125 0.0000 0.0000 0.0000 0.0000 0.0000 0.0000 0.0000 0.0337 0.0000 0.0097 0.0000 0.0000 0.0000 0.0060 0.0169
91       91   (0)      6  : 0.0000 0.2632 0.0000 0.0000 0.0000 0.0000 0.0000 0.0000 0.1053 0.0000 0.0000 0.0000 0.0000 0.0000 0.2105 0.0000 0.3684 0.0000 0.0000 0.0000 0.0526 0.0000
92       92   (0)      6  : 0.0486 0.0000 0.0000 0.0000 0.0108 0.0000 0.0000 0.0000 0.0000 0.0000 0.0000 0.0000 0.0000 0.0000 0.0000 0.7368 0.0000 0.1169 0.0868 0.0000 0.0000 0.0000
93       93   (0)      6  : 0.0000 0.0000 0.0000 0.0000 0.0000 0.8947 0.0000 0.0000 0.0000 0.0000 0.0000 0.0000 0.0000 0.0000 0.0000 0.0000 0.0000 0.0000 0.0000 0.0000 0.0526 0.0526
94       94   (0)      6  : 0.1739 0.0000 0.0000 0.0000 0.0045 0.0190 0.0000 0.0000 0.0000 0.0005 0.0651 0.0033 0.0003 0.0254 0.0000 0.2226 0.0000 0.0702 0.1108 0.1991 0.0000 0.1053
95       95   (0)      6  : 0.0000 0.0000 0.0000 0.0000 0.0000 0.8947 0.0000 0.0000 0.0000 0.0000 0.0000 0.0000 0.0000 0.0000 0.0000 0.0000 0.0000 0.0000 0.0000 0.0000 0.0526 0.0526
96       96   (0)      6  : 0.0000 0.0000 0.0000 0.0000 0.0000 0.8007 0.0000 0.0000 0.0000 0.0000 0.0000 0.0000 0.0000 0.0000 0.0221 0.0350 0.0076 0.0147 0.0000 0.0000 0.0526 0.0672
97       97   (0)      6  : 0.2886 0.0000 0.0000 0.0000 0.0216 0.1200 0.0000 0.0000 0.0000 0.0027 0.0443 0.0000 0.0215 0.0306 0.0000 0.0762 0.0000 0.0300 0.1685 0.1143 0.0086 0.0731
98       98   (0)      6  : 0.0000 0.0000 0.1114 0.0000 0.0000 0.8886 0.0000 0.0000 0.0000 0.0000 0.0000 0.0000 0.0000 0.0000 0.0000 0.0000 0.0000 0.0000 0.0000 0.0000 0.0000 0.0000
99       99   (0)      7  : 0.0000 0.1349 0.0000 0.0929 0.0000 0.0000 0.0000 0.0000 0.3221 0.0000 0.0000 0.0000 0.0000 0.0000 0.0474 0.0000 0.2977 0.0000 0.0000 0.0000 0.0042 0.1007
100      100   (0)      7  : 0.1357 0.0000 0.0167 0.0136 0.0000 0.1772 0.0003 0.0026 0.0367 0.0000 0.1338 0.0003 0.0087 0.0016 0.0018 0.0706 0.0481 0.0254 0.1230 0.1354 0.0067 0.0617
101      101   (0)      7  : 0.0000 0.0000 1.0000 0.0000 0.0000 0.0000 0.0000 0.0000 0.0000 0.0000 0.0000 0.0000 0.0000 0.0000 0.0000 0.0000 0.0000 0.0000 0.0000 0.0000 0.0000 0.0000
102      102   (0)      7  : 0.0000 0.0000 1.0000 0.0000 0.0000 0.0000 0.0000 0.0000 0.0000 0.0000 0.0000 0.0000 0.0000 0.0000 0.0000 0.0000 0.0000 0.0000 0.0000 0.0000 0.0000 0.0000
103      103   (0)      7  : 0.1787 0.0000 0.0000 0.0000 0.0051 0.0000 0.0000 0.0000 0.0000 0.0040 0.1387 0.0209 0.0723 0.0819 0.0000 0.0842 0.0000 0.0168 0.1381 0.1847 0.0000 0.0746
104      104   (0)      7  : 0.2771 0.0000 0.0000 0.0000 0.0177 0.0000 0.0169 0.0000 0.0000 0.0019 0.0602 0.0275 0.0225 0.0052 0.0000 0.3344 0.0000 0.0637 0.1017 0.0547 0.0044 0.0121
105      105   (0)      7  : 0.0000 0.0000 0.0000 0.0000 0.0000 0.0000 0.0000 0.0000 0.0000 0.0000 0.0000 0.0000 0.0000 0.0000 0.0000 0.0000 0.0000 1.0000 0.0000 0.0000 0.0000 0.0000
106      106   (0)      7  : 0.0745 0.0000 0.0000 0.0000 0.0007 0.0000 0.0000 0.0000 0.0000 0.0000 0.1258 0.0044 0.0001 0.0150 0.0000 0.0779 0.0000 0.0165 0.2788 0.2791 0.0000 0.1271
107      107   (0)      7  : 0.5600 0.0000 0.0000 0.0000 0.0000 0.0000 0.0012 0.0000 0.0000 0.0160 0.0328 0.0073 0.0019 0.0076 0.0000 0.0694 0.0000 0.0089 0.1252 0.1162 0.0000 0.0535
108      108   (0)      8  : 0.0000 0.0000 0.0000 0.0000 1.0000 0.0000 0.0000 0.0000 0.0000 0.0000 0.0000 0.0000 0.0000 0.0000 0.0000 0.0000 0.0000 0.0000 0.0000 0.0000 0.0000 0.0000
109      109   (0)      8  : 0.0469 0.0000 0.0000 0.0000 0.0200 0.0000 0.0000 0.0006 0.0000 0.0024 0.4244 0.0051 0.0079 0.0018 0.0000 0.0020 0.0000 0.0787 0.2940 0.1045 0.0000 0.0117
110      110   (0)      8  : 0.0000 0.0000 0.0000 0.0000 0.0000 0.0000 0.0000 0.0000 0.0000 0.0000 0.0000 0.0000 1.0000 0.0000 0.0000 0.0000 0.0000 0.0000 0.0000 0.0000 0.0000 0.0000
111      111   (0)      8  : 0.0000 0.0000 0.0000 0.0000 0.0000 0.0000 0.0000 0.0000 0.0000 0.0000 0.0000 1.0000 0.0000 0.0000 0.0000 0.0000 0.0000 0.0000 0.0000 0.0000 0.0000 0.0000
112      112   (0)      8  : 0.0000 0.0000 1.0000 0.0000 0.0000 0.0000 0.0000 0.0000 0.0000 0.0000 0.0000 0.0000 0.0000 0.0000 0.0000 0.0000 0.0000 0.0000 0.0000 0.0000 0.0000 0.0000
113      113   (0)      8  : 0.0253 0.0000 0.0000 0.0000 0.0000 0.0000 0.0000 0.0000 0.0000 0.0000 0.7537 0.0003 0.0002 0.0000 0.0000 0.0000 0.0000 0.0592 0.1053 0.0000 0.0000 0.0560
114      114   (0)      8  : 0.1340 0.0000 0.0000 0.0000 0.0000 0.0000 0.0000 0.0000 0.0000 0.0000 0.4903 0.0003 0.0311 0.0151 0.0000 0.0189 0.0000 0.0060 0.1654 0.1221 0.0000 0.0168
115      115   (0)      8  : 0.0000 0.0000 0.0000 0.0000 1.0000 0.0000 0.0000 0.0000 0.0000 0.0000 0.0000 0.0000 0.0000 0.0000 0.0000 0.0000 0.0000 0.0000 0.0000 0.0000 0.0000 0.0000
116      116   (0)      8  : 0.0000 0.0000 0.0000 0.0000 0.0000 0.0000 0.0000 0.0000 0.0000 0.0000 0.0000 1.0000 0.0000 0.0000 0.0000 0.0000 0.0000 0.0000 0.0000 0.0000 0.0000 0.0000
117      117   (0)      8  : 0.0000 0.0000 0.0000 0.0000 0.0000 0.0000 0.0000 0.0000 0.0000 0.0000 0.0000 0.0000 0.0000 0.0000 0.0000 0.0000 0.0000 1.0000 0.0000 0.0000 0.0000 0.0000
118      118   (0)      8  : 0.0362 0.0000 0.0000 0.0000 0.0019 0.0000 0.0000 0.0142 0.0000 0.0000 0.2668 0.0000 0.0091 0.0000 0.0000 0.0115 0.0000 0.1034 0.3542 0.1259 0.0000 0.0767
119      119   (0)      9  : 0.0000 0.1734 0.0000 0.0796 0.0000 0.0000 0.0000 0.0000 0.1778 0.0000 0.0000 0.0000 0.0000 0.0000 0.1947 0.0000 0.2166 0.0000 0.0000 0.0000 0.0000 0.1579
120      120   (0)     10  : 0.4609 0.0000 0.0390 0.0000 0.0374 0.0000 0.0000 0.0001 0.0000 0.0088 0.1598 0.0149 0.0000 0.0124 0.0000 0.0167 0.0000 0.0036 0.0602 0.1712 0.0000 0.0151
121      121   (0)     10  : 0.1046 0.0000 0.0000 0.0000 0.0000 0.0000 0.0000 0.0000 0.0000 0.0006 0.1137 0.0373 0.0000 0.0019 0.0000 0.0227 0.0000 0.0000 0.3069 0.3640 0.0000 0.0484
122      122   (0)     10  : 0.1925 0.0000 0.0000 0.0000 0.0030 0.0000 0.0000 0.0000 0.0000 0.0032 0.0260 0.0000 0.0033 0.0085 0.0000 0.3334 0.0000 0.0000 0.0708 0.2538 0.0003 0.1053
123      123   (0)     10  : 0.2034 0.0063 0.0035 0.0000 0.0399 0.0019 0.0171 0.0003 0.0099 0.0000 0.0407 0.0168 0.0226 0.0198 0.0058 0.2493 0.0359 0.0839 0.1545 0.0425 0.0090 0.0370
124      124   (0)     10  : 0.3381 0.0000 0.0473 0.0000 0.0026 0.0000 0.0034 0.0000 0.0000 0.0249 0.1594 0.0020 0.0000 0.0000 0.0000 0.1005 0.0000 0.0463 0.1700 0.0850 0.0000 0.0204
125      125   (0)     10  : 0.3467 0.0000 0.0291 0.0000 0.0000 0.1428 0.0025 0.0005 0.0000 0.0189 0.1861 0.0046 0.0000 0.0533 0.0000 0.0024 0.0000 0.0147 0.1064 0.0658 0.0013 0.0249
126      126   (0)     10  : 0.1786 0.0000 0.0080 0.0000 0.0045 0.0000 0.0001 0.0000 0.0000 0.0209 0.2015 0.0000 0.0000 0.0059 0.0000 0.0294 0.0000 0.0694 0.2206 0.1562 0.0000 0.1048
127      127   (0)     10  : 0.1254 0.0000 0.0000 0.0000 0.0104 0.0000 0.0000 0.0000 0.0000 0.0000 0.2425 0.0047 0.0000 0.0024 0.0000 0.0000 0.0000 0.0001 0.3885 0.2237 0.0000 0.0024
128      128   (0)     10  : 0.3223 0.0000 0.0132 0.0000 0.0014 0.0000 0.0044 0.0091 0.0000 0.0127 0.1580 0.0277 0.0000 0.0020 0.0000 0.0151 0.0000 0.0731 0.1821 0.1531 0.0008 0.0251
129      129   (0)     10  : 0.8241 0.0000 0.0000 0.0000 0.0000 0.0000 0.0000 0.0000 0.0000 0.0006 0.0526 0.0000 0.0000 0.0004 0.0000 0.0000 0.0000 0.0526 0.0361 0.0155 0.0000 0.0179
130      130   (0)     10  : 0.3547 0.0000 0.0000 0.0000 0.0000 0.0000 0.0000 0.0001 0.0000 0.0000 0.1754 0.0000 0.0061 0.0009 0.0000 0.0148 0.0000 0.0065 0.2102 0.0955 0.0000 0.1358
131      131   (0)     10  : 0.4626 0.0000 0.0268 0.0000 0.0173 0.0000 0.0224 0.0000 0.0000 0.0002 0.0385 0.0289 0.0000 0.0469 0.0000 0.0277 0.0000 0.0448 0.1038 0.1400 0.0036 0.0366
132      132   (0)     10  : 0.3087 0.0000 0.0476 0.0000 0.0083 0.0397 0.0163 0.0029 0.0000 0.0002 0.1548 0.0009 0.0000 0.0000 0.0000 0.0867 0.0000 0.0131 0.1332 0.1376 0.0099 0.0403
133      133   (0)     10  : 0.5017 0.0005 0.0217 0.0025 0.0239 0.0027 0.0037 0.0000 0.0024 0.0106 0.0974 0.0119 0.0000 0.0326 0.0000 0.0129 0.0001 0.0016 0.0745 0.1714 0.0211 0.0069
134      134   (0)     10  : 0.4905 0.0000 0.0425 0.0000 0.0247 0.0145 0.0000 0.0000 0.0000 0.0000 0.1092 0.0000 0.0141 0.0000 0.0000 0.0374 0.0000 0.0042 0.1009 0.1158 0.0003 0.0459
135      135   (0)     10  : 0.3948 0.0000 0.0291 0.0000 0.0613 0.0000 0.0088 0.0000 0.0000 0.0000 0.1818 0.0055 0.0194 0.0017 0.0000 0.0265 0.0000 0.0259 0.0885 0.1471 0.0052 0.0046
136      136   (0)     10  : 0.4466 0.0000 0.0018 0.0000 0.0027 0.0000 0.0000 0.0000 0.0000 0.0000 0.1326 0.0013 0.0070 0.0023 0.0000 0.0695 0.0000 0.0000 0.0922 0.1905 0.0002 0.0532
137      137   (0)     11  : 0.0000 0.2707 0.0811 0.0414 0.0000 0.0000 0.0000 0.0000 0.1062 0.0000 0.0000 0.0000 0.0000 0.0000 0.0798 0.0000 0.3258 0.0000 0.0000 0.0000 0.0123 0.0828
138      138   (0)     12  : 0.1734 0.0000 0.0420 0.0000 0.0148 0.1264 0.0024 0.0982 0.0000 0.0428 0.1018 0.0000 0.0000 0.0518 0.0000 0.0144 0.0000 0.0105 0.1367 0.1276 0.0066 0.0507
139      139   (0)     12  : 0.0165 0.0000 0.0614 0.0736 0.0000 0.3835 0.0000 0.0000 0.0408 0.0000 0.1599 0.0000 0.0000 0.0000 0.0202 0.0000 0.0375 0.0031 0.0720 0.0479 0.0103 0.0734
140      140   (0)     12  : 0.0000 0.0000 0.0090 0.0000 0.0000 0.0000 0.0300 0.9083 0.0000 0.0000 0.0000 0.0000 0.0000 0.0000 0.0000 0.0526 0.0000 0.0000 0.0000 0.0000 0.0000 0.0000
141      141   (0)     12  : 0.0000 0.0000 0.0000 0.0000 0.0000 0.8010 0.0000 0.0000 0.0000 0.0000 0.0000 0.0000 0.1990 0.0000 0.0000 0.0000 0.0000 0.0000 0.0000 0.0000 0.0000 0.0000
142      142   (0)     12  : 0.3571 0.0000 0.0468 0.0000 0.0013 0.0050 0.0000 0.0414 0.0000 0.0036 0.1778 0.0196 0.0129 0.0330 0.0000 0.0796 0.0000 0.0176 0.1088 0.0711 0.0000 0.0244
143      143   (0)     12  : 0.0000 0.0000 0.0609 0.0000 0.0000 0.6826 0.0000 0.0000 0.0000 0.0000 0.0504 0.0009 0.0000 0.0709 0.0000 0.0156 0.0000 0.0000 0.0142 0.1028 0.0000 0.0018
144      144   (0)     12  : 0.3243 0.0000 0.1127 0.0009 0.0000 0.0415 0.0025 0.0445 0.0017 0.0000 0.1546 0.0002 0.0079 0.0000 0.0000 0.0323 0.0000 0.0081 0.1315 0.1062 0.0002 0.0310
145      145   (0)     12  : 0.0232 0.0000 0.0000 0.0000 0.0006 0.0000 0.1395 0.3535 0.0000 0.0000 0.0259 0.0000 0.0230 0.0063 0.0000 0.1354 0.0000 0.0285 0.0299 0.1075 0.0000 0.1267
146      146   (0)     13  : 0.0000 0.0254 0.0000 0.0000 0.0000 0.0000 0.0000 0.0000 0.0526 0.0000 0.0000 0.0000 0.0000 0.0000 0.3080 0.0000 0.6000 0.0000 0.0000 0.0000 0.0000 0.0140
147      147   (0)     13  : 0.0000 0.0410 0.0000 0.1230 0.0000 0.0000 0.0000 0.0000 0.0521 0.0000 0.0000 0.0000 0.0000 0.0000 0.3650 0.0000 0.3465 0.0000 0.0000 0.0000 0.0000 0.0724
148      148   (0)     13  : 0.0000 0.0192 0.0000 0.0149 0.0000 0.0000 0.0000 0.0000 0.0135 0.0000 0.0000 0.0000 0.0000 0.0000 0.8209 0.0000 0.0263 0.0000 0.0000 0.0000 0.0000 0.1053
149      149   (0)     13  : 0.0000 0.0781 0.0000 0.0691 0.0000 0.0000 0.0000 0.0000 0.1143 0.0000 0.0000 0.0000 0.0000 0.0000 0.2781 0.0000 0.3532 0.0000 0.0000 0.0000 0.0526 0.0546
150      150   (0)     13  : 0.0000 0.0735 0.0000 0.0236 0.0000 0.0000 0.0000 0.0000 0.1856 0.0000 0.0000 0.0000 0.0000 0.0000 0.0817 0.0000 0.6356 0.0000 0.0000 0.0000 0.0000 0.0000
151      151   (0)     14  : 0.0000 0.5638 0.0000 0.0503 0.0000 0.0000 0.0000 0.0000 0.0386 0.0000 0.0000 0.0000 0.0000 0.0000 0.0129 0.0000 0.3280 0.0000 0.0000 0.0000 0.0064 0.0000
152      152   (0)     14  : 0.3060 0.0000 0.0000 0.0000 0.0076 0.0000 0.0013 0.0011 0.0000 0.0035 0.1013 0.0070 0.0000 0.0290 0.0000 0.0526 0.0000 0.0000 0.1415 0.3485 0.0000 0.0006
153      153   (0)     15  : 0.0000 0.0000 0.0000 0.0000 0.0000 1.0000 0.0000 0.0000 0.0000 0.0000 0.0000 0.0000 0.0000 0.0000 0.0000 0.0000 0.0000 0.0000 0.0000 0.0000 0.0000 0.0000
154      154   (0)     15  : 0.0000 0.2329 0.0000 0.1713 0.0000 0.0000 0.0000 0.0000 0.1508 0.0000 0.0000 0.0000 0.0000 0.0000 0.1622 0.0000 0.2167 0.0000 0.0000 0.0000 0.0077 0.0583
155      155   (0)     16  : 0.3805 0.0000 0.0308 0.0000 0.0072 0.0222 0.0000 0.0010 0.0000 0.0000 0.1943 0.0236 0.0009 0.0000 0.0000 0.0331 0.0000 0.0077 0.1332 0.1098 0.0150 0.0408
156      156   (0)     16  : 0.3948 0.0000 0.0004 0.0000 0.0070 0.0000 0.0356 0.0000 0.0000 0.0000 0.0770 0.0338 0.0642 0.0000 0.0000 0.1246 0.0000 0.0214 0.1567 0.0618 0.0000 0.0227
157      157   (0)     17  : 0.0000 0.0000 0.0578 0.0000 0.0000 0.9323 0.0000 0.0000 0.0000 0.0000 0.0000 0.0000 0.0027 0.0000 0.0000 0.0000 0.0000 0.0000 0.0000 0.0000 0.0000 0.0072
158      158   (0)     17  : 0.0000 0.0000 0.0000 0.0000 0.0000 0.0000 0.8947 0.0000 0.0000 0.0000 0.0000 0.0000 0.0000 0.0000 0.0000 0.0000 0.0000 0.0000 0.0000 0.0000 0.0000 0.1053
159      159   (0)     18  : 0.3299 0.0000 0.0061 0.0000 0.0014 0.0000 0.0015 0.0000 0.0000 0.0001 0.1896 0.0000 0.0003 0.0471 0.0000 0.0432 0.0000 0.0306 0.2099 0.0961 0.0000 0.0442
160      160   (0)     18  : 0.1186 0.0000 0.0000 0.0000 0.0034 0.0000 0.0000 0.0000 0.0000 0.0037 0.2591 0.0049 0.0370 0.0000 0.0000 0.0105 0.0000 0.0368 0.3519 0.1671 0.0002 0.0068
161      161   (0)     18  : 0.1185 0.0000 0.0000 0.0000 0.0024 0.0000 0.0000 0.0000 0.0000 0.0281 0.3212 0.0002 0.0116 0.0080 0.0000 0.0683 0.0000 0.0217 0.2270 0.1446 0.0000 0.0484
162      162   (0)     19  : 0.2730 0.0000 0.0232 0.0000 0.0147 0.0495 0.0000 0.0000 0.0000 0.0000 0.0664 0.1059 0.0000 0.0902 0.0000 0.0093 0.0000 0.0770 0.1044 0.1684 0.0060 0.0119
163      163   (0)     19  : 0.0213 0.0285 0.1796 0.0721 0.0054 0.2087 0.0000 0.0000 0.0068 0.0000 0.0000 0.0045 0.0000 0.0000 0.0000 0.3472 0.0072 0.0780 0.0190 0.0000 0.0138 0.0078
164      164   (0)     19  : 0.0435 0.0000 0.0000 0.0000 0.0565 0.0000 0.0000 0.0000 0.0000 0.0000 0.0000 0.0001 0.0000 0.0000 0.0000 0.7094 0.0000 0.1498 0.0397 0.0000 0.0008 0.0002
