  1        1   (0)      1 :  0.0000 0.0000 0.0000 0.0000 1.0000 
  2        2   (0)      2 :  0.1144 0.3549 0.3590 0.0166 0.1550 
  3        3   (0)      2 :  0.0000 0.0000 0.0000 1.0000 0.0000 
  4        4   (0)      3 :  0.0022 0.0442 0.1667 0.7841 0.0028 
  5        5   (0)      3 :  0.0012 0.0074 0.0616 0.9299 0.0000 
  6        6   (0)      3 :  0.0627 0.0000 0.0016 0.9357 0.0000 
  7        7   (0)      3 :  0.0067 0.8304 0.0907 0.0000 0.0722 
  8        8   (0)      3 :  0.0601 0.0393 0.0286 0.8711 0.0008 
  9        9   (0)      3 :  0.0000 0.0006 0.0000 0.9994 0.0000 
 10       10   (0)      4 :  0.0032 0.0191 0.0000 0.9777 0.0000 
 11       11   (0)      4 :  0.1949 0.0420 0.0099 0.7532 0.0000 
 12       12   (0)      4 :  0.0000 0.0000 0.0000 1.0000 0.0000 
 13       13   (0)      4 :  0.0000 0.0002 0.0000 0.9998 0.0000 
 14       14   (0)      5 :  0.0000 0.0000 1.0000 0.0000 0.0000 
 15       15   (0)      5 :  0.0000 0.9200 0.0000 0.0000 0.0800 
 16       16   (0)      5 :  0.0714 0.4967 0.2202 0.0169 0.1949 
 17       17   (0)      5 :  0.3708 0.0800 0.0465 0.5027 0.0000 
 18       18   (0)      5 :  0.0000 0.0008 0.0000 0.9992 0.0000 
 19       19   (0)      5 :  0.3653 0.0800 0.0497 0.5049 0.0000 
 20       20   (0)      5 :  0.0000 0.0017 0.0000 0.9983 0.0000 
 21       21   (0)      5 :  0.0000 0.0000 0.0000 1.0000 0.0000 
 22       22   (0)      5 :  0.3908 0.0800 0.0199 0.5093 0.0000 
 23       23   (0)      5 :  0.0009 0.0042 0.0000 0.9949 0.0000 
 24       24   (0)      5 :  0.0000 0.9200 0.0000 0.0000 0.0800 
 25       25   (0)      5 :  0.0000 0.0000 1.0000 0.0000 0.0000 
 26       26   (0)      5 :  0.0000 0.0009 0.0000 0.9991 0.0000 
 27       27   (0)      5 :  0.0000 0.9200 0.0000 0.0000 0.0800 
 28       28   (0)      5 :  0.0071 0.9129 0.0000 0.0000 0.0800 
 29       29   (0)      6 :  0.0000 0.0000 0.0000 0.0000 1.0000 
 30       30   (0)      6 :  0.9268 0.0000 0.0530 0.0202 0.0000 
 31       31   (0)      6 :  0.0000 0.0000 0.0000 1.0000 0.0000 
 32       32   (0)      6 :  0.0826 0.0277 0.0015 0.8775 0.0108 
 33       33   (0)      6 :  0.0277 0.0427 0.0000 0.0000 0.9296 
 34       34   (0)      6 :  0.0000 0.0000 1.0000 0.0000 0.0000 
 35       35   (0)      6 :  0.0000 0.0000 0.0000 0.0000 1.0000 
 36       36   (0)      6 :  0.0000 0.0000 0.0000 0.0000 1.0000 
 37       37   (0)      7 :  0.9200 0.0000 0.0616 0.0184 0.0000 
 38       38   (0)      7 :  0.3630 0.0800 0.0691 0.4879 0.0000 
 39       39   (0)      7 :  0.0000 0.0000 1.0000 0.0000 0.0000 
 40       40   (0)      7 :  0.0000 0.0000 1.0000 0.0000 0.0000 
 41       41   (0)      7 :  0.3459 0.0800 0.0175 0.5565 0.0000 
 42       42   (0)      7 :  0.0000 0.0000 1.0000 0.0000 0.0000 
 43       43   (0)      7 :  0.3938 0.0800 0.0230 0.5032 0.0000 
 44       44   (0)      7 :  0.2018 0.3256 0.0019 0.2145 0.2562 
 45       45   (0)      7 :  0.0000 0.0000 0.0000 1.0000 0.0000 
 46       46   (0)      7 :  0.0000 0.0000 0.0000 0.0000 1.0000 
 47       47   (0)      7 :  0.0000 0.0000 0.0000 1.0000 0.0000 
 48       48   (0)      7 :  0.0005 0.0000 0.0000 0.0000 0.9995 
 49       49   (0)      7 :  0.9200 0.0000 0.0581 0.0219 0.0000 
 50       50   (0)      7 :  0.1135 0.3845 0.0931 0.3773 0.0315 
 51       51   (0)      7 :  0.9200 0.0000 0.0595 0.0205 0.0000 
 52       52   (0)      7 :  0.0000 0.9200 0.0000 0.0000 0.0800 
 53       53   (0)      7 :  0.0000 0.0000 0.0000 1.0000 0.0000 
 54       54   (0)      7 :  0.0000 0.0000 0.0000 1.0000 0.0000 
 55       55   (0)      7 :  0.0000 0.0030 0.0000 0.9970 0.0000 
 56       56   (0)      7 :  0.0000 0.0000 0.0000 1.0000 0.0000 
 57       57   (0)      8 :  0.0000 0.0000 1.0000 0.0000 0.0000 
 58       58   (0)      8 :  0.0000 0.9200 0.0000 0.0000 0.0800 
 59       59   (0)      8 :  0.0000 0.0000 0.0000 1.0000 0.0000 
 60       60   (0)      8 :  0.0000 0.0000 1.0000 0.0000 0.0000 
 61       61   (0)      8 :  0.0000 0.0000 1.0000 0.0000 0.0000 
 62       62   (0)      8 :  0.9200 0.0000 0.0588 0.0212 0.0000 
 63       63   (0)      8 :  0.0000 0.0000 1.0000 0.0000 0.0000 
 64       64   (0)      8 :  0.0000 0.0000 0.0000 1.0000 0.0000 
 65       65   (0)      8 :  0.0000 0.0000 0.0000 0.0000 1.0000 
 66       66   (0)      8 :  0.0000 0.0000 0.0000 1.0000 0.0000 
 67       67   (0)      8 :  0.0000 0.0000 0.0000 1.0000 0.0000 
 68       68   (0)      8 :  0.0000 0.0000 0.0000 1.0000 0.0000 
 69       69   (0)      8 :  0.0000 0.0000 0.0000 0.0000 1.0000 
 70       70   (0)      8 :  0.0000 0.0000 1.0000 0.0000 0.0000 
 71       71   (0)      8 :  0.0000 0.0000 0.0000 0.0000 1.0000 
 72       72   (0)      8 :  0.9200 0.0000 0.0587 0.0213 0.0000 
 73       73   (0)      8 :  0.2690 0.0632 0.0147 0.6532 0.0000 
 74       74   (0)      8 :  0.0000 0.0000 0.0000 1.0000 0.0000 
 75       75   (0)      8 :  0.0000 0.0000 0.0000 1.0000 0.0000 
 76       76   (0)      8 :  0.0000 0.0000 0.0000 0.0000 1.0000 
 77       77   (0)      8 :  0.0000 0.0025 0.0000 0.9975 0.0000 
 78       78   (0)      9 :  0.0000 0.0000 1.0000 0.0000 0.0000 
 79       79   (0)      9 :  0.0000 0.0000 1.0000 0.0000 0.0000 
 80       80   (0)      9 :  0.9200 0.0000 0.0621 0.0179 0.0000 
 81       81   (0)      9 :  0.0000 0.0000 1.0000 0.0000 0.0000 
 82       82   (0)      9 :  0.0000 0.0000 0.0000 0.0000 1.0000 
 83       83   (0)      9 :  0.0045 0.0265 0.0000 0.9690 0.0000 
 84       84   (0)      9 :  0.0833 0.4562 0.0000 0.0330 0.4275 
 85       85   (0)      9 :  0.0000 0.0000 0.0000 1.0000 0.0000 
 86       86   (0)      9 :  0.0000 0.0000 0.0000 1.0000 0.0000 
 87       87   (0)      9 :  0.0000 0.0000 0.0000 1.0000 0.0000 
 88       88   (0)      9 :  0.0000 0.0000 1.0000 0.0000 0.0000 
 89       89   (0)      9 :  0.0000 0.0000 1.0000 0.0000 0.0000 
 90       90   (0)      9 :  0.1056 0.0258 0.0050 0.8637 0.0000 
 91       91   (0)      9 :  0.9200 0.0000 0.0604 0.0196 0.0000 
 92       92   (0)     10 :  0.0530 0.2290 0.4348 0.2518 0.0314 
 93       93   (0)     11 :  0.0249 0.2421 0.0114 0.3734 0.3483 
 94       94   (0)     11 :  0.0000 0.9200 0.0000 0.0000 0.0800 
 95       95   (0)     11 :  0.1786 0.5939 0.0005 0.0022 0.2248 
 96       96   (0)     12 :  0.0000 0.9200 0.0000 0.0000 0.0800 
 97       97   (0)     12 :  0.0000 0.9200 0.0000 0.0000 0.0800 
 98       98   (0)     12 :  0.0000 0.9200 0.0000 0.0000 0.0800 
 99       99   (0)     12 :  0.0000 0.9200 0.0000 0.0000 0.0800 
100      100   (0)     12 :  0.0000 0.0000 0.0000 0.0000 1.0000 
101      101   (0)     13 :  0.0000 0.0000 0.0000 0.0000 1.0000 
102      102   (0)     13 :  0.0000 0.9200 0.0000 0.0000 0.0800 
103      103   (0)     14 :  0.0575 0.0206 0.9219 0.0000 0.0000 
104      104   (0)     14 :  0.0000 0.0000 0.0000 0.0000 1.0000 
105      105   (0)     14 :  0.0927 0.0541 0.0547 0.0001 0.7983 
106      106   (0)     14 :  0.0200 0.0000 0.0000 0.0000 0.9800 
107      107   (0)     14 :  0.9200 0.0000 0.0591 0.0209 0.0000 
108      108   (0)     15 :  0.2196 0.3489 0.1358 0.0003 0.2955 
109      109   (0)     15 :  0.0088 0.0000 0.0000 0.0000 0.9912 
110      110   (0)     15 :  0.0000 0.0000 0.0000 0.0000 1.0000 
111      111   (0)     15 :  0.0000 0.0000 0.0000 1.0000 0.0000 
112      112   (0)     15 :  0.0042 0.2261 0.7501 0.0002 0.0193 
113      113   (0)     15 :  0.0000 0.0011 0.0000 0.0000 0.9989 
114      114   (0)     15 :  0.0200 0.0786 0.0000 0.0000 0.9014 
