  1        1   (0)      1 :  0.7775 0.0011 0.0000 0.2213 
  2        2   (0)      1 :  0.8059 0.0283 0.0000 0.1658 
  3        3   (0)      1 :  1.0000 0.0000 0.0000 0.0000 
  4        4   (0)      1 :  1.0000 0.0000 0.0000 0.0000 
  5        5   (0)      1 :  0.2169 0.1895 0.0000 0.5935 
  6        6   (0)      1 :  0.0964 0.1364 0.0000 0.7672 
  7        7   (0)      1 :  0.0159 0.0000 0.0000 0.9841 
  8        8   (0)      1 :  0.2426 0.1378 0.0000 0.6197 
  9        9   (0)      1 :  1.0000 0.0000 0.0000 0.0000 
 10       10   (0)      1 :  0.0000 0.0000 0.0000 1.0000 
 11       11   (0)      1 :  0.0063 0.0000 0.0000 0.9937 
 12       12   (0)      1 :  0.0000 0.0000 0.0000 1.0000 
 13       13   (0)      1 :  0.0000 0.0000 0.0000 1.0000 
 14       14   (0)      1 :  0.1787 0.1413 0.0604 0.6195 
 15       15   (0)      1 :  0.0000 1.0000 0.0000 0.0000 
 16       16   (0)      1 :  1.0000 0.0000 0.0000 0.0000 
 17       17   (0)      1 :  1.0000 0.0000 0.0000 0.0000 
 18       18   (0)      1 :  0.0000 0.0000 0.0000 1.0000 
 19       19   (0)      1 :  0.0234 0.0000 0.0000 0.9766 
 20       20   (0)      1 :  0.0095 0.0000 0.0000 0.9905 
 21       21   (0)      1 :  1.0000 0.0000 0.0000 0.0000 
 22       22   (0)      1 :  0.0000 1.0000 0.0000 0.0000 
 23       23   (0)      1 :  0.0260 0.0079 0.0000 0.9662 
 24       24   (0)      2 :  1.0000 0.0000 0.0000 0.0000 
 25       25   (0)      2 :  0.0003 0.0000 0.0000 0.9997 
 26       26   (0)      2 :  0.6888 0.0000 0.0000 0.3112 
 27       27   (0)      2 :  0.0524 0.0000 0.0000 0.9476 
 28       28   (0)      2 :  0.0598 0.0285 0.0055 0.9062 
 29       29   (0)      2 :  0.0682 0.0000 0.0000 0.9318 
 30       30   (0)      2 :  0.0000 0.0000 1.0000 0.0000 
 31       31   (0)      2 :  0.0378 0.0189 0.0000 0.9433 
 32       32   (0)      2 :  1.0000 0.0000 0.0000 0.0000 
 33       33   (0)      2 :  0.0000 0.0000 0.0000 1.0000 
 34       34   (0)      2 :  0.0082 0.0000 0.0000 0.9918 
 35       35   (0)      2 :  0.0415 0.0242 0.0000 0.9343 
 36       36   (0)      2 :  1.0000 0.0000 0.0000 0.0000 
 37       37   (0)      3 :  0.0245 0.0072 0.0000 0.9683 
 38       38   (0)      3 :  0.0825 0.0000 0.0000 0.9175 
 39       39   (0)      3 :  0.0222 0.0000 0.0000 0.9778 
 40       40   (0)      3 :  0.0331 0.0000 0.0000 0.9668 
 41       41   (0)      3 :  0.0290 0.0000 0.0000 0.9710 
 42       42   (0)      4 :  0.0000 0.0000 1.0000 0.0000 
 43       43   (0)      4 :  0.0005 0.0000 0.0166 0.9829 
 44       44   (0)      4 :  0.0000 0.0000 1.0000 0.0000 
 45       45   (0)      4 :  0.0000 0.0000 1.0000 0.0000 
 46       46   (0)      4 :  0.0539 0.0132 0.0254 0.9076 
 47       47   (0)      4 :  0.0096 0.0000 0.0000 0.9904 
 48       48   (0)      4 :  0.0000 0.0000 0.0000 1.0000 
 49       49   (0)      4 :  0.0235 0.0000 0.0000 0.9765 
 50       50   (0)      4 :  0.0000 0.0000 0.0000 1.0000 
 51       51   (0)      4 :  0.0246 0.1418 0.4023 0.4313 
 52       52   (0)      4 :  0.0190 0.0000 0.0320 0.9490 
 53       53   (0)      4 :  0.0000 0.0000 0.0131 0.9869 
 54       54   (0)      4 :  0.0181 0.0120 0.0335 0.9364 
 55       55   (0)      4 :  0.0038 0.0000 0.0000 0.9962 
 56       56   (0)      4 :  0.0000 0.0000 1.0000 0.0000 
 57       57   (0)      5 :  0.0231 0.0000 0.0000 0.9769 
 58       58   (0)      5 :  0.0122 0.0000 0.0000 0.9878 
 59       59   (0)      5 :  0.0000 0.0000 1.0000 0.0000 
 60       60   (0)      5 :  0.0000 0.0000 0.0000 1.0000 
 61       61   (0)      5 :  0.0109 0.1233 0.4739 0.3919 
 62       62   (0)      5 :  0.0000 0.0000 1.0000 0.0000 
 63       63   (0)      5 :  0.0503 0.0246 0.1811 0.7441 
 64       64   (0)      5 :  0.0022 0.0000 0.0000 0.9978 
 65       65   (0)      5 :  0.0000 0.0000 0.0000 1.0000 
 66       66   (0)      5 :  0.0380 0.0000 0.0000 0.9620 
 67       67   (0)      5 :  0.0037 0.0663 0.7517 0.1783 
 68       68   (0)      5 :  0.0000 0.0000 1.0000 0.0000 
 69       69   (0)      5 :  0.0380 0.0084 0.2340 0.7196 
 70       70   (0)      5 :  0.0000 0.0000 1.0000 0.0000 
 71       71   (0)      5 :  0.0000 0.0000 1.0000 0.0000 
 72       72   (0)      5 :  0.0215 0.0061 0.1162 0.8562 
 73       73   (0)      5 :  0.0416 0.0000 0.0000 0.9584 
 74       74   (0)      5 :  0.0000 0.0000 1.0000 0.0000 
 75       75   (0)      6 :  0.0000 0.0000 1.0000 0.0000 
 76       76   (0)      6 :  0.0190 0.0208 0.0511 0.9091 
 77       77   (0)      6 :  0.0000 0.0000 1.0000 0.0000 
 78       78   (0)      6 :  0.0000 0.0000 1.0000 0.0000 
 79       79   (0)      6 :  0.0000 0.0000 1.0000 0.0000 
 80       80   (0)      6 :  0.9955 0.0045 0.0000 0.0000 
 81       81   (0)      6 :  0.0000 0.0000 1.0000 0.0000 
 82       82   (0)      6 :  0.0000 0.0000 1.0000 0.0000 
 83       83   (0)      6 :  0.0000 0.0331 0.9669 0.0000 
 84       84   (0)      6 :  0.0000 0.0000 1.0000 0.0000 
 85       85   (0)      6 :  0.0000 0.0000 1.0000 0.0000 
 86       86   (0)      6 :  0.0000 0.0000 1.0000 0.0000 
 87       87   (0)      6 :  0.0000 0.0000 1.0000 0.0000 
 88       88   (0)      6 :  0.0000 0.0000 1.0000 0.0000 
 89       89   (0)      6 :  0.0000 0.0000 1.0000 0.0000 
 90       90   (0)      6 :  0.8638 0.0000 0.1362 0.0000 
 91       91   (0)      6 :  0.0000 0.0000 1.0000 0.0000 
 92       92   (0)      6 :  0.0499 0.0069 0.0000 0.9432 
 93       93   (0)      6 :  0.1619 0.6325 0.2012 0.0043 
 94       94   (0)      6 :  0.0000 0.0000 0.0000 1.0000 
 95       95   (0)      6 :  0.0001 0.3078 0.2049 0.4871 
 96       96   (0)      6 :  0.0000 0.2072 0.2884 0.5043 
 97       97   (0)      6 :  0.0054 0.0153 0.0545 0.9248 
 98       98   (0)      6 :  0.0517 0.4674 0.1842 0.2967 
 99       99   (0)      7 :  0.0000 0.0000 1.0000 0.0000 
100      100   (0)      7 :  0.0256 0.0925 0.1614 0.7204 
101      101   (0)      7 :  0.0000 1.0000 0.0000 0.0000 
102      102   (0)      7 :  0.0000 1.0000 0.0000 0.0000 
103      103   (0)      7 :  0.0000 0.0000 0.0000 1.0000 
104      104   (0)      7 :  0.0617 0.0036 0.0000 0.9347 
105      105   (0)      7 :  0.0609 0.0001 0.0000 0.9390 
106      106   (0)      7 :  0.0087 0.0000 0.0000 0.9913 
107      107   (0)      7 :  0.0103 0.0003 0.0000 0.9894 
108      108   (0)      8 :  0.0630 0.0000 0.0000 0.9370 
109      109   (0)      8 :  0.0173 0.0000 0.0000 0.9827 
110      110   (0)      8 :  0.0000 0.0000 0.0000 1.0000 
111      111   (0)      8 :  0.0000 0.0000 0.0000 1.0000 
112      112   (0)      8 :  0.0000 1.0000 0.0000 0.0000 
113      113   (0)      8 :  0.0018 0.0000 0.0000 0.9982 
114      114   (0)      8 :  0.0000 0.0000 0.0000 1.0000 
115      115   (0)      8 :  0.0609 0.0000 0.0000 0.9391 
116      116   (0)      8 :  0.0000 0.0000 0.0000 1.0000 
117      117   (0)      8 :  0.0511 0.0234 0.0553 0.8702 
118      118   (0)      8 :  0.0539 0.0000 0.0000 0.9461 
119      119   (0)      9 :  0.0000 0.0000 1.0000 0.0000 
120      120   (0)     10 :  0.0058 0.0474 0.0000 0.9468 
121      121   (0)     10 :  0.0000 0.0000 0.0000 1.0000 
122      122   (0)     10 :  0.0038 0.0000 0.0000 0.9962 
123      123   (0)     10 :  0.0572 0.0119 0.0705 0.8604 
124      124   (0)     10 :  0.0008 0.0577 0.0000 0.9415 
125      125   (0)     10 :  0.0367 0.1009 0.0144 0.8479 
126      126   (0)     10 :  0.0042 0.0202 0.0000 0.9756 
127      127   (0)     10 :  0.0179 0.0000 0.0000 0.9821 
128      128   (0)     10 :  0.0202 0.0237 0.0000 0.9562 
129      129   (0)     10 :  0.0183 0.0000 0.0000 0.9817 
130      130   (0)     10 :  0.0007 0.0024 0.0000 0.9969 
131      131   (0)     10 :  0.0389 0.0408 0.0000 0.9203 
132      132   (0)     10 :  0.0570 0.0779 0.0000 0.8651 
133      133   (0)     10 :  0.0192 0.0308 0.0237 0.9263 
134      134   (0)     10 :  0.0000 0.0571 0.0191 0.9238 
135      135   (0)     10 :  0.0209 0.0373 0.0000 0.9418 
136      136   (0)     10 :  0.0029 0.0139 0.0000 0.9833 
137      137   (0)     11 :  0.0000 0.0910 0.9090 0.0000 
138      138   (0)     12 :  0.1246 0.1140 0.0184 0.7429 
139      139   (0)     12 :  0.0265 0.2231 0.3131 0.4374 
140      140   (0)     12 :  0.9493 0.0507 0.0000 0.0000 
141      141   (0)     12 :  0.0849 0.3963 0.0000 0.5188 
142      142   (0)     12 :  0.0356 0.0626 0.0000 0.9018 
143      143   (0)     12 :  0.0581 0.3152 0.1480 0.4788 
144      144   (0)     12 :  0.0714 0.1427 0.0052 0.7808 
145      145   (0)     12 :  0.6217 0.0000 0.0000 0.3783 
146      146   (0)     13 :  0.0000 0.0000 1.0000 0.0000 
147      147   (0)     13 :  0.0000 0.0000 1.0000 0.0000 
148      148   (0)     13 :  0.0000 0.0000 1.0000 0.0000 
149      149   (0)     13 :  0.0000 0.0000 1.0000 0.0000 
150      150   (0)     13 :  0.0000 0.0000 1.0000 0.0000 
151      151   (0)     14 :  0.0000 0.0000 1.0000 0.0000 
152      152   (0)     14 :  0.0293 0.0000 0.0000 0.9707 
153      153   (0)     15 :  0.0076 0.2929 0.3028 0.3966 
154      154   (0)     15 :  0.0000 0.0145 0.9855 0.0000 
155      155   (0)     16 :  0.0152 0.0554 0.0000 0.9294 
156      156   (0)     16 :  0.0432 0.0141 0.0000 0.9428 
157      157   (0)     17 :  0.1180 0.3523 0.2211 0.3087 
158      158   (0)     17 :  0.9942 0.0058 0.0000 0.0000 
159      159   (0)     18 :  0.0002 0.0234 0.0000 0.9765 
160      160   (0)     18 :  0.0000 0.0000 0.0000 1.0000 
161      161   (0)     18 :  0.0008 0.0000 0.0000 0.9992 
162      162   (0)     19 :  0.0056 0.0713 0.0000 0.9231 
163      163   (0)     19 :  0.0351 0.2622 0.1857 0.5170 
164      164   (0)     19 :  0.0873 0.0000 0.0000 0.9127 
