 1        1   (0)      1 :  0.0000 0.0000 0.0000 0.4851 0.0000 0.0000 0.2111 0.0000 0.1081 0.0000 0.0017 0.0000 0.0478 0.0244 0.1218 
 2        2   (0)      1 :  0.0000 0.0175 0.0000 0.2628 0.1102 0.0000 0.2004 0.0000 0.1920 0.0003 0.0761 0.0000 0.0789 0.0246 0.0373 
 3        3   (0)      1 :  0.0000 0.0000 0.0000 0.0000 0.0000 0.0000 0.0000 0.0000 0.0000 0.0000 0.9087 0.0000 0.0713 0.0000 0.0200 
 4        4   (0)      1 :  0.0000 0.0000 0.0000 0.1765 0.0000 0.0000 0.0381 0.0000 0.0311 0.0000 0.5930 0.0000 0.1109 0.0126 0.0378 
 5        5   (0)      1 :  0.0000 0.0000 0.0000 0.2769 0.0000 0.0000 0.0733 0.0000 0.3267 0.0000 0.0003 0.0000 0.1204 0.1000 0.1024 
 6        6   (0)      1 :  0.0000 0.0000 0.0000 0.0000 0.0000 0.0000 0.0000 0.0000 0.0000 0.0000 0.9200 0.0000 0.0200 0.0000 0.0600 
 7        7   (0)      2 :  0.0000 0.0000 0.0000 0.5218 0.0000 0.0000 0.1618 0.0000 0.0868 0.0000 0.0000 0.0000 0.2000 0.0000 0.0297 
 8        8   (0)      2 :  0.0000 0.0000 0.0000 0.0000 0.0000 0.0000 0.0000 0.0000 0.0000 0.0000 0.8600 0.0000 0.0800 0.0400 0.0200 
 9        9   (0)      2 :  0.0000 0.0003 0.0141 0.2124 0.0091 0.0013 0.3050 0.0000 0.2799 0.0037 0.0107 0.0030 0.0732 0.0399 0.0475 
10       10   (0)      2 :  0.0000 0.0000 0.0000 0.8063 0.0000 0.0000 0.0370 0.0000 0.0489 0.0000 0.0000 0.0000 0.0677 0.0000 0.0400 
11       11   (0)      2 :  0.0000 0.0000 0.0000 0.0000 0.0000 0.0000 0.0000 0.0000 0.0000 0.0000 0.9200 0.0000 0.0400 0.0000 0.0400 
12       12   (0)      2 :  0.0000 0.0000 0.0000 0.2790 0.0000 0.0000 0.0353 0.0000 0.0075 0.0000 0.4327 0.0000 0.1984 0.0200 0.0272 
13       13   (0)      2 :  0.0000 0.0240 0.0000 0.0000 0.0830 0.0000 0.0000 0.0000 0.0000 0.0000 0.7405 0.0000 0.0865 0.0420 0.0240 
14       14   (0)      3 :  0.0400 0.0000 0.1121 0.0000 0.0600 0.1297 0.0000 0.2142 0.0000 0.0400 0.0000 0.2132 0.0600 0.1309 0.0000 
15       15   (0)      3 :  0.1467 0.0000 0.1388 0.0000 0.0019 0.1072 0.0000 0.3590 0.0000 0.0706 0.0000 0.1076 0.0000 0.0334 0.0349 
16       16   (0)      3 :  0.3433 0.0000 0.2029 0.0000 0.0000 0.0400 0.0000 0.1033 0.0000 0.1530 0.0000 0.0695 0.0000 0.0280 0.0600 
17       17   (0)      3 :  0.2117 0.0000 0.1243 0.0000 0.0032 0.0714 0.0000 0.1560 0.0000 0.1797 0.0000 0.0884 0.0124 0.0655 0.0875 
18       18   (0)      3 :  0.8558 0.0000 0.0200 0.0000 0.0000 0.0526 0.0000 0.0150 0.0000 0.0000 0.0000 0.0200 0.0000 0.0261 0.0106 
19       19   (0)      3 :  0.5510 0.0000 0.0883 0.0000 0.0000 0.0784 0.0000 0.0403 0.0000 0.1318 0.0000 0.0425 0.0076 0.0401 0.0200 
20       20   (0)      3 :  0.2822 0.0189 0.0913 0.0000 0.0109 0.0550 0.0000 0.1078 0.0000 0.0876 0.0000 0.2439 0.0217 0.0487 0.0321 
21       21   (0)      3 :  0.1157 0.0000 0.3731 0.0000 0.0000 0.0758 0.0000 0.2134 0.0000 0.0761 0.0000 0.0252 0.0034 0.0799 0.0374 
22       22   (0)      3 :  0.0827 0.0000 0.1620 0.0000 0.0000 0.0375 0.0000 0.1842 0.0000 0.3452 0.0000 0.0376 0.0270 0.0600 0.0638 
23       23   (0)      3 :  0.0678 0.0000 0.1699 0.0000 0.0000 0.0113 0.0000 0.6152 0.0000 0.0266 0.0000 0.0292 0.0400 0.0000 0.0400 
24       24   (0)      3 :  0.2655 0.0000 0.0000 0.0000 0.0000 0.0482 0.0000 0.2688 0.0000 0.1241 0.0000 0.2038 0.0000 0.0400 0.0495 
25       25   (0)      3 :  0.0000 0.2200 0.0000 0.0000 0.7800 0.0000 0.0000 0.0000 0.0000 0.0000 0.0000 0.0000 0.0000 0.0000 0.0000 
26       26   (0)      4 :  0.0000 0.0000 0.0000 0.1200 0.0000 0.0000 0.0843 0.0000 0.6400 0.0000 0.0000 0.0000 0.0957 0.0400 0.0200 
27       27   (0)      4 :  0.1168 0.0000 0.0856 0.0000 0.0200 0.0746 0.0000 0.2485 0.0000 0.1848 0.0000 0.1241 0.0000 0.0323 0.1135 
28       28   (0)      4 :  0.1822 0.0000 0.4719 0.0000 0.0000 0.1075 0.0000 0.0424 0.0000 0.0745 0.0000 0.0476 0.0471 0.0200 0.0067 
29       29   (0)      4 :  0.0000 0.0000 0.0000 0.3636 0.0000 0.0000 0.2252 0.0000 0.1829 0.0000 0.0000 0.0000 0.1038 0.0000 0.1245 
30       30   (0)      4 :  0.0181 0.0000 0.2861 0.0000 0.0000 0.0045 0.0000 0.0742 0.0000 0.4235 0.0000 0.0687 0.0000 0.0650 0.0600 
31       31   (0)      4 :  0.1846 0.0000 0.2795 0.0000 0.0200 0.0310 0.0000 0.1050 0.0000 0.0768 0.0000 0.0800 0.0450 0.0983 0.0800 
32       32   (0)      4 :  0.0825 0.0001 0.0831 0.1448 0.0058 0.0660 0.1402 0.0652 0.1157 0.0742 0.0231 0.0423 0.0368 0.0585 0.0615 
33       33   (0)      4 :  0.1066 0.0000 0.1909 0.0000 0.0000 0.0158 0.0000 0.1715 0.0000 0.1713 0.0000 0.2252 0.0000 0.1097 0.0090 
34       34   (0)      4 :  0.1509 0.0000 0.0130 0.0000 0.0000 0.3687 0.0000 0.0379 0.0000 0.3007 0.0000 0.0688 0.0000 0.0000 0.0600 
35       35   (0)      4 :  0.0073 0.0000 0.0928 0.0000 0.0400 0.2200 0.0000 0.1436 0.0000 0.0629 0.0000 0.3934 0.0200 0.0000 0.0200 
36       36   (0)      4 :  0.0049 0.0000 0.3593 0.0000 0.0000 0.0253 0.0000 0.0591 0.0000 0.1215 0.0000 0.3208 0.0000 0.0492 0.0600 
37       37   (0)      4 :  0.0444 0.0000 0.5827 0.0000 0.0000 0.0400 0.0000 0.0534 0.0000 0.0868 0.0000 0.0670 0.0071 0.0600 0.0584 
38       38   (0)      4 :  0.1018 0.0000 0.6109 0.0000 0.0000 0.0289 0.0000 0.0268 0.0000 0.0751 0.0000 0.0442 0.0032 0.0650 0.0441 
39       39   (0)      4 :  0.0000 0.0000 0.0000 0.8502 0.0000 0.0000 0.0400 0.0000 0.0558 0.0000 0.0000 0.0000 0.0000 0.0000 0.0540 
40       40   (0)      5 :  0.1726 0.0000 0.1632 0.0000 0.0042 0.1177 0.0000 0.0336 0.0000 0.0825 0.0000 0.3533 0.0032 0.0237 0.0459 
41       41   (0)      5 :  0.1537 0.0000 0.1102 0.0000 0.0400 0.0847 0.0000 0.2402 0.0000 0.0400 0.0000 0.0692 0.0200 0.1800 0.0620 
42       42   (0)      5 :  0.3490 0.0000 0.1165 0.0000 0.0025 0.0336 0.0000 0.0743 0.0000 0.0633 0.0000 0.2452 0.0200 0.0000 0.0956 
43       43   (0)      5 :  0.0000 0.0000 0.0000 0.4380 0.0000 0.0000 0.1048 0.0000 0.1914 0.0000 0.0000 0.0000 0.1941 0.0000 0.0717 
44       44   (0)      5 :  0.0942 0.0000 0.0560 0.0000 0.0000 0.0242 0.0000 0.2923 0.0000 0.2022 0.0000 0.1263 0.0026 0.1386 0.0636 
45       45   (0)      5 :  0.2615 0.0000 0.1645 0.0000 0.0000 0.1642 0.0000 0.0790 0.0000 0.0970 0.0000 0.1262 0.0000 0.0537 0.0539 
46       46   (0)      5 :  0.1385 0.0000 0.1718 0.0000 0.0600 0.0315 0.0000 0.3488 0.0000 0.0187 0.0000 0.0997 0.0013 0.0299 0.1000 
47       47   (0)      5 :  0.0926 0.0000 0.1942 0.0000 0.0000 0.1537 0.0000 0.1228 0.0000 0.0269 0.0000 0.2000 0.1400 0.0000 0.0697 
48       48   (0)      5 :  0.0106 0.0000 0.0000 0.0000 0.0000 0.9294 0.0000 0.0200 0.0000 0.0000 0.0000 0.0000 0.0000 0.0200 0.0200 
49       49   (0)      5 :  0.0000 0.0000 0.0000 0.2915 0.0000 0.0000 0.3528 0.0000 0.1409 0.0000 0.0000 0.0000 0.0948 0.0600 0.0600 
50       50   (0)      5 :  0.2103 0.0000 0.1843 0.0000 0.0000 0.2096 0.0000 0.1409 0.0000 0.1070 0.0000 0.0727 0.0048 0.0385 0.0321 
51       51   (0)      5 :  0.0000 0.0000 0.0000 0.1752 0.0000 0.0000 0.5622 0.0000 0.0301 0.0000 0.0000 0.0000 0.1455 0.0079 0.0791 
52       52   (0)      5 :  0.0000 0.0000 0.0000 0.2616 0.0000 0.0000 0.2814 0.0000 0.1705 0.0000 0.0000 0.0000 0.1800 0.0466 0.0600 
53       53   (0)      6 :  0.0000 0.0000 0.0000 0.0993 0.0000 0.0000 0.6007 0.0000 0.0578 0.0000 0.0000 0.0000 0.0301 0.0000 0.2121 
54       54   (0)      6 :  0.1000 0.0000 0.1200 0.0000 0.0000 0.0696 0.0000 0.3161 0.0000 0.2697 0.0000 0.0034 0.0613 0.0400 0.0200 
55       55   (0)      6 :  0.0000 0.0075 0.0000 0.0884 0.0300 0.0000 0.5389 0.0000 0.1830 0.0200 0.0228 0.0000 0.0131 0.0012 0.0949 
56       56   (0)      6 :  0.0000 1.0000 0.0000 0.0000 0.0000 0.0000 0.0000 0.0000 0.0000 0.0000 0.0000 0.0000 0.0000 0.0000 0.0000 
57       57   (0)      6 :  0.0000 0.4800 0.0000 0.0000 0.4200 0.0000 0.0000 0.0000 0.0000 0.0000 0.0000 0.0000 0.0200 0.0400 0.0400 
58       58   (0)      6 :  0.0000 1.0000 0.0000 0.0000 0.0000 0.0000 0.0000 0.0000 0.0000 0.0000 0.0000 0.0000 0.0000 0.0000 0.0000 
59       59   (0)      6 :  0.0508 0.0097 0.0566 0.0000 0.0220 0.5683 0.0000 0.0000 0.0000 0.0826 0.0000 0.0260 0.0000 0.1019 0.0821 
60       60   (0)      6 :  0.0197 0.0000 0.3538 0.0000 0.0111 0.0529 0.0000 0.1681 0.0000 0.2331 0.0000 0.0388 0.0214 0.0957 0.0053 
61       61   (0)      6 :  0.0904 0.0000 0.1505 0.0000 0.0000 0.1914 0.0000 0.2352 0.0000 0.0712 0.0000 0.0838 0.0296 0.0945 0.0536 
62       62   (0)      6 :  0.5809 0.0000 0.0222 0.0000 0.0000 0.0178 0.0000 0.1335 0.0000 0.1213 0.0000 0.0093 0.0217 0.0507 0.0426 
63       63   (0)      6 :  0.0019 0.1016 0.0000 0.1612 0.0048 0.0000 0.2410 0.0000 0.3430 0.0011 0.0037 0.0009 0.0461 0.0571 0.0376 
64       64   (0)      7 :  0.0000 0.0000 0.0000 0.3257 0.0000 0.0000 0.5615 0.0000 0.0247 0.0000 0.0000 0.0000 0.0330 0.0000 0.0551 
65       65   (0)      7 :  0.0000 0.0000 0.0000 0.1000 0.0000 0.0000 0.6800 0.0000 0.0600 0.0000 0.0000 0.0000 0.0200 0.0200 0.1200 
66       66   (0)      7 :  0.0000 0.0000 0.0000 0.0693 0.0000 0.0000 0.6237 0.0000 0.1516 0.0088 0.0000 0.0000 0.0297 0.0165 0.1004 
67       67   (0)      7 :  0.0000 0.0007 0.0000 0.0716 0.0029 0.0000 0.7366 0.0000 0.0733 0.0019 0.0184 0.0000 0.0204 0.0215 0.0529 
68       68   (0)      8 :  0.0220 0.0252 0.0853 0.0000 0.1426 0.0655 0.0000 0.3382 0.0000 0.0121 0.0000 0.0791 0.0209 0.1691 0.0400 
69       69   (0)      8 :  0.1036 0.0752 0.1377 0.0000 0.1249 0.0522 0.0000 0.1005 0.0030 0.0895 0.0000 0.0194 0.0095 0.2127 0.0717 
70       70   (0)      8 :  0.0643 0.0000 0.1792 0.0000 0.0200 0.1400 0.0000 0.0642 0.0000 0.2037 0.0000 0.0686 0.0000 0.2400 0.0200 
71       71   (0)      8 :  0.0801 0.0103 0.0363 0.0000 0.0471 0.0958 0.0000 0.0797 0.0004 0.1516 0.0000 0.1662 0.0010 0.2932 0.0385 
72       72   (0)      8 :  0.0387 0.0529 0.0600 0.0000 0.0301 0.1036 0.0000 0.0744 0.0000 0.1531 0.0000 0.1295 0.0000 0.3271 0.0306 
73       73   (0)      8 :  0.0000 0.9452 0.0000 0.0000 0.0252 0.0000 0.0000 0.0023 0.0000 0.0000 0.0075 0.0000 0.0000 0.0138 0.0060 
74       74   (0)      9 :  0.0000 0.0917 0.0000 0.1868 0.0065 0.0012 0.2753 0.0000 0.2453 0.0200 0.0166 0.0021 0.0336 0.0263 0.0946 
75       75   (0)      9 :  0.0000 0.0280 0.0000 0.0932 0.0125 0.0007 0.2176 0.0000 0.5041 0.0200 0.0007 0.0000 0.0370 0.0031 0.0831 
76       76   (0)     10 :  0.0000 0.0000 0.0000 0.1321 0.0000 0.0000 0.5666 0.0000 0.1600 0.0000 0.0000 0.0000 0.1000 0.0200 0.0213 
77       77   (0)     11 :  0.0000 0.0000 0.0000 0.3808 0.0000 0.0000 0.1320 0.0000 0.3069 0.0000 0.0000 0.0000 0.0509 0.0400 0.0893 
78       78   (0)     12 :  0.0000 0.0000 0.0000 0.7302 0.0000 0.0000 0.0684 0.0000 0.0870 0.0000 0.0000 0.0000 0.0343 0.0000 0.0800 
79       79   (0)     13 :  0.0297 0.3118 0.0000 0.0000 0.4091 0.0221 0.0000 0.0260 0.0000 0.0300 0.0000 0.0191 0.0200 0.0858 0.0462 
80       80   (0)     13 :  0.0921 0.0000 0.1279 0.0000 0.0000 0.0800 0.0000 0.1000 0.0000 0.4255 0.0000 0.1745 0.0000 0.0000 0.0000 
