1        1   (0)      1  : 0.3594 0.0000 0.0000 0.2257 0.0000 0.4148
2        2   (0)      1  : 0.0811 0.1797 0.1197 0.1284 0.0837 0.4073
3        3   (0)      1  : 0.1948 0.0000 0.0000 0.4835 0.0000 0.3217
4        4   (0)      1  : 0.3667 0.0000 0.0000 0.4535 0.0000 0.1797
5        5   (0)      1  : 0.6350 0.0000 0.0000 0.0982 0.0000 0.2668
6        6   (0)      1  : 0.4167 0.0000 0.0000 0.2216 0.0000 0.3618
7        7   (0)      1  : 0.3344 0.0000 0.0000 0.3989 0.0000 0.2667
8        8   (0)      1  : 0.2802 0.0000 0.0000 0.4385 0.0000 0.2812
9        9   (0)      1  : 0.5962 0.0000 0.0000 0.1166 0.0000 0.2873
10       10   (0)      1  : 0.4702 0.0000 0.0000 0.3752 0.0000 0.1545
11       11   (0)      1  : 0.5024 0.0000 0.0501 0.1624 0.0075 0.2777
12       12   (0)      1  : 0.1333 0.0000 0.0000 0.2000 0.0667 0.6000
13       13   (0)      1  : 0.2799 0.0000 0.0000 0.5972 0.0000 0.1229
14       14   (0)      2  : 0.3824 0.0000 0.0000 0.1578 0.0145 0.4454
15       15   (0)      2  : 0.0000 0.0667 0.0000 0.0000 0.9333 0.0000
16       16   (0)      2  : 0.3392 0.0000 0.0000 0.1480 0.0000 0.5128
17       17   (0)      2  : 0.2560 0.0000 0.0000 0.4807 0.0000 0.2633
18       18   (0)      2  : 0.8490 0.0000 0.0000 0.1204 0.0000 0.0307
19       19   (0)      2  : 0.4276 0.0000 0.0000 0.0522 0.0000 0.5202
20       20   (0)      2  : 0.5331 0.0000 0.0455 0.2152 0.0000 0.2062
21       21   (0)      2  : 0.5255 0.0000 0.0000 0.2509 0.0000 0.2236
22       22   (0)      2  : 0.4730 0.0000 0.0961 0.2141 0.0047 0.2121
23       23   (0)      2  : 0.2195 0.0000 0.4496 0.1464 0.0000 0.1845
24       24   (0)      2  : 0.5074 0.0000 0.0000 0.1185 0.0000 0.3741
25       25   (0)      2  : 0.6175 0.0000 0.0000 0.1600 0.0000 0.2225
26       26   (0)      2  : 0.2854 0.0000 0.4050 0.0845 0.0000 0.2251
27       27   (0)      2  : 0.3064 0.0000 0.0000 0.3300 0.0000 0.3636
28       28   (0)      3  : 0.0000 1.0000 0.0000 0.0000 0.0000 0.0000
29       29   (0)      3  : 0.0541 0.0000 0.0000 0.4542 0.0667 0.4251
30       30   (0)      3  : 0.0000 0.0000 1.0000 0.0000 0.0000 0.0000
31       31   (0)      3  : 0.0225 0.0000 0.5294 0.4085 0.0311 0.0085
32       32   (0)      3  : 0.0000 0.0667 0.0000 0.0000 0.9333 0.0000
33       33   (0)      3  : 0.4264 0.0000 0.0000 0.1592 0.0000 0.4145
34       34   (0)      3  : 0.0000 0.9299 0.0000 0.0000 0.0701 0.0000
35       35   (0)      3  : 0.0000 1.0000 0.0000 0.0000 0.0000 0.0000
36       36   (0)      3  : 0.0000 1.0000 0.0000 0.0000 0.0000 0.0000
37       37   (0)      3  : 0.5028 0.0000 0.0000 0.1794 0.0000 0.3178
38       38   (0)      3  : 0.0000 0.0000 1.0000 0.0000 0.0000 0.0000
39       39   (0)      3  : 0.0000 0.0000 1.0000 0.0000 0.0000 0.0000
40       40   (0)      3  : 0.5341 0.0000 0.0000 0.2319 0.0202 0.2138
41       41   (0)      3  : 0.6461 0.0000 0.0000 0.0818 0.0000 0.2721
42       42   (0)      3  : 0.0000 0.0664 0.0000 0.0003 0.9333 0.0000
43       43   (0)      3  : 0.0000 0.7892 0.0000 0.0000 0.2108 0.0000
44       44   (0)      3  : 0.2227 0.0000 0.0000 0.5857 0.0000 0.1916
45       45   (0)      3  : 0.4845 0.0000 0.0000 0.0842 0.0000 0.4314
46       46   (0)      4  : 0.0000 1.0000 0.0000 0.0000 0.0000 0.0000
47       47   (0)      4  : 0.0000 1.0000 0.0000 0.0000 0.0000 0.0000
48       48   (0)      4  : 0.0736 0.0000 0.0000 0.7911 0.0107 0.1247
49       49   (0)      4  : 0.1794 0.0004 0.0206 0.5359 0.0667 0.1970
50       50   (0)      4  : 0.3727 0.0002 0.0496 0.5002 0.0238 0.0535
51       51   (0)      4  : 0.3499 0.0000 0.0600 0.3031 0.0165 0.2704
52       52   (0)      4  : 0.6803 0.0000 0.0073 0.1402 0.0000 0.1722
53       53   (0)      4  : 0.0298 0.0000 0.0000 0.8910 0.0218 0.0574
54       54   (0)      4  : 0.3934 0.0000 0.0000 0.5478 0.0000 0.0588
55       55   (0)      4  : 0.0000 0.0000 0.6595 0.2713 0.0232 0.0460
56       56   (0)      4  : 0.1698 0.0000 0.0000 0.6585 0.0000 0.1717
57       57   (0)      5  : 0.6170 0.0000 0.0000 0.1525 0.0159 0.2146
58       58   (0)      5  : 0.4736 0.0451 0.0052 0.2283 0.0000 0.2477
59       59   (0)      5  : 0.4931 0.0000 0.0000 0.3309 0.0000 0.1759
60       60   (0)      5  : 0.0000 1.0000 0.0000 0.0000 0.0000 0.0000
61       61   (0)      5  : 0.0144 0.9403 0.0364 0.0043 0.0000 0.0046
62       62   (0)      5  : 0.0000 0.0536 0.0076 0.0000 0.9388 0.0000
63       63   (0)      6  : 0.0000 1.0000 0.0000 0.0000 0.0000 0.0000
64       64   (0)      6  : 0.0000 1.0000 0.0000 0.0000 0.0000 0.0000
65       65   (0)      6  : 0.0000 0.9351 0.0000 0.0000 0.0649 0.0000
66       66   (0)      6  : 0.1929 0.7355 0.0000 0.0159 0.0170 0.0387
67       67   (0)      6  : 0.0000 1.0000 0.0000 0.0000 0.0000 0.0000
68       68   (0)      6  : 0.0000 0.8736 0.1264 0.0000 0.0000 0.0000
69       69   (0)      6  : 0.2756 0.1331 0.0315 0.3062 0.0107 0.2429
70       70   (0)      6  : 0.0000 1.0000 0.0000 0.0000 0.0000 0.0000
71       71   (0)      6  : 0.3082 0.0000 0.0000 0.1333 0.0000 0.5585
72       72   (0)      6  : 0.0000 1.0000 0.0000 0.0000 0.0000 0.0000
73       73   (0)      6  : 0.0000 0.9159 0.0813 0.0000 0.0028 0.0000
74       74   (0)      6  : 0.0000 0.8646 0.1354 0.0000 0.0000 0.0000
75       75   (0)      6  : 0.0000 0.8653 0.1040 0.0000 0.0307 0.0000
76       76   (0)      6  : 0.0000 0.8297 0.1703 0.0000 0.0000 0.0000
77       77   (0)      6  : 0.0000 0.8182 0.1818 0.0000 0.0000 0.0000
78       78   (0)      6  : 0.0000 0.7367 0.2431 0.0000 0.0202 0.0000
79       79   (0)      6  : 0.0000 0.8683 0.0514 0.0000 0.0803 0.0000
80       80   (0)      7  : 0.8156 0.0000 0.0000 0.1616 0.0000 0.0227
81       81   (0)      8  : 0.4870 0.0000 0.0461 0.3257 0.0000 0.1412
82       82   (0)      9  : 0.0000 0.0000 1.0000 0.0000 0.0000 0.0000
83       83   (0)     10  : 0.3935 0.0000 0.1324 0.3097 0.0014 0.1630
84       84   (0)     11  : 0.8062 0.0000 0.0000 0.1271 0.0000 0.0667
85       85   (0)     11  : 0.2343 0.0000 0.4452 0.2840 0.0000 0.0365
86       86   (0)     12  : 0.1457 0.0000 0.4463 0.0367 0.0376 0.3337
87       87   (0)     12  : 0.3888 0.0000 0.1763 0.2012 0.0019 0.2318
88       88   (0)     12  : 0.3264 0.0000 0.0000 0.3364 0.0000 0.3372
89       89   (0)     12  : 0.2493 0.0000 0.1672 0.4060 0.0065 0.1710
90       90   (0)     12  : 0.0051 0.8713 0.0379 0.0089 0.0495 0.0272
91       91   (0)     12  : 0.3642 0.0000 0.0000 0.5557 0.0000 0.0801
92       92   (0)     12  : 0.3088 0.0000 0.0000 0.4634 0.0000 0.2278
93       93   (0)     12  : 0.4957 0.0000 0.0000 0.1174 0.0000 0.3869
94       94   (0)     13  : 0.5295 0.0000 0.0000 0.3413 0.0000 0.1292
