 1        1   (0)      1 :  0.0252 0.0000 0.0000 0.0403 0.0133 0.0030 0.2354 0.0000 0.0000 0.0000 0.0000 0.3000 0.3828 
 2        2   (0)      1 :  0.1116 0.0362 0.0000 0.0626 0.0201 0.0852 0.2095 0.0000 0.0000 0.0031 0.0000 0.2636 0.2081 
 3        3   (0)      1 :  0.0000 0.0000 0.0000 0.0400 0.0000 0.9600 0.0000 0.0000 0.0000 0.0000 0.0000 0.0000 0.0000 
 4        4   (0)      1 :  0.0033 0.0000 0.0000 0.0270 0.0468 0.5930 0.0973 0.0000 0.0000 0.0200 0.0000 0.0910 0.1217 
 5        5   (0)      1 :  0.0200 0.0000 0.0000 0.0828 0.0430 0.0001 0.4906 0.0000 0.0000 0.0000 0.0000 0.1195 0.2440 
 6        6   (0)      1 :  0.0000 0.0000 0.0000 0.0000 0.0000 1.0000 0.0000 0.0000 0.0000 0.0000 0.0000 0.0000 0.0000 
 7        7   (0)      2 :  0.0215 0.0000 0.0000 0.0800 0.0600 0.0000 0.1600 0.0000 0.0000 0.0000 0.0000 0.1760 0.5025 
 8        8   (0)      2 :  0.0200 0.0000 0.0000 0.0000 0.0400 0.9000 0.0200 0.0000 0.0000 0.0200 0.0000 0.0000 0.0000 
 9        9   (0)      2 :  0.0164 0.0010 0.0275 0.1192 0.0681 0.0169 0.2406 0.0039 0.0010 0.0071 0.0000 0.2716 0.2268 
10       10   (0)      2 :  0.0000 0.0000 0.0000 0.0254 0.0012 0.0000 0.0864 0.0000 0.0000 0.0000 0.0000 0.1208 0.7661 
11       11   (0)      2 :  0.0000 0.0000 0.0000 0.0200 0.0000 0.9800 0.0000 0.0000 0.0000 0.0000 0.0000 0.0000 0.0000 
12       12   (0)      2 :  0.0438 0.0000 0.0000 0.0587 0.0302 0.4682 0.0595 0.0000 0.0000 0.0000 0.0000 0.0655 0.2741 
13       13   (0)      2 :  0.1152 0.0383 0.0000 0.0044 0.0426 0.7795 0.0000 0.0000 0.0000 0.0200 0.0000 0.0000 0.0000 
14       14   (0)      3 :  0.0400 0.0000 0.1054 0.1000 0.0810 0.0000 0.0000 0.3490 0.0316 0.0951 0.1979 0.0000 0.0000 
15       15   (0)      3 :  0.0057 0.0000 0.2895 0.0797 0.1309 0.0000 0.0200 0.0652 0.1704 0.1240 0.1145 0.0000 0.0000 
16       16   (0)      3 :  0.0000 0.0000 0.1730 0.0744 0.0099 0.0000 0.0000 0.1664 0.4922 0.0237 0.0605 0.0000 0.0000 
17       17   (0)      3 :  0.0019 0.0000 0.4046 0.0638 0.0505 0.0000 0.0037 0.1352 0.1568 0.0560 0.1275 0.0000 0.0000 
18       18   (0)      3 :  0.0000 0.0000 0.0000 0.0000 0.0270 0.0000 0.0000 0.0169 0.9381 0.0180 0.0000 0.0000 0.0000 
19       19   (0)      3 :  0.0000 0.0000 0.2006 0.0200 0.1854 0.0000 0.0000 0.1393 0.3324 0.1072 0.0151 0.0000 0.0000 
20       20   (0)      3 :  0.0200 0.0183 0.2420 0.0000 0.0746 0.0000 0.0000 0.0271 0.2372 0.2348 0.1460 0.0000 0.0000 
21       21   (0)      3 :  0.0013 0.0000 0.1848 0.1033 0.0920 0.0000 0.0000 0.1196 0.2268 0.1137 0.1585 0.0000 0.0000 
22       22   (0)      3 :  0.0000 0.0000 0.2359 0.0693 0.1600 0.0000 0.0000 0.1408 0.0782 0.2348 0.0810 0.0000 0.0000 
23       23   (0)      3 :  0.0000 0.0000 0.4257 0.0661 0.1081 0.0000 0.0000 0.0665 0.0367 0.1108 0.1861 0.0000 0.0000 
24       24   (0)      3 :  0.0000 0.0000 0.0489 0.0200 0.1514 0.0000 0.0000 0.0280 0.2508 0.3274 0.1734 0.0000 0.0000 
25       25   (0)      3 :  0.7000 0.3000 0.0000 0.0000 0.0000 0.0000 0.0000 0.0000 0.0000 0.0000 0.0000 0.0000 0.0000 
26       26   (0)      4 :  0.0200 0.0000 0.0000 0.0600 0.0400 0.0000 0.4969 0.0000 0.0000 0.0000 0.0000 0.1631 0.2200 
27       27   (0)      4 :  0.0000 0.0000 0.1926 0.0482 0.2588 0.0000 0.0000 0.1312 0.1572 0.0541 0.1579 0.0000 0.0000 
28       28   (0)      4 :  0.0000 0.0000 0.0902 0.0091 0.2269 0.0000 0.0400 0.2778 0.1333 0.1095 0.1131 0.0000 0.0000 
29       29   (0)      4 :  0.0000 0.0000 0.0000 0.1000 0.0200 0.0000 0.4815 0.0000 0.0000 0.0000 0.0000 0.1990 0.1995 
30       30   (0)      4 :  0.0000 0.0000 0.2286 0.0776 0.0429 0.0000 0.0078 0.2401 0.0811 0.1968 0.1250 0.0000 0.0000 
31       31   (0)      4 :  0.0000 0.0000 0.1131 0.0468 0.1244 0.0000 0.0200 0.1950 0.1396 0.1025 0.2587 0.0000 0.0000 
32       32   (0)      4 :  0.0102 0.0004 0.0814 0.0799 0.0604 0.0238 0.1217 0.0902 0.0885 0.0668 0.0714 0.1665 0.1389 
33       33   (0)      4 :  0.0073 0.0000 0.0739 0.0257 0.1195 0.0000 0.0000 0.0587 0.2039 0.1292 0.3818 0.0000 0.0000 
34       34   (0)      4 :  0.0000 0.0000 0.2120 0.0469 0.0487 0.0000 0.0000 0.2119 0.1743 0.2939 0.0123 0.0000 0.0000 
35       35   (0)      4 :  0.0200 0.0000 0.1242 0.0600 0.1102 0.0000 0.0000 0.2337 0.0298 0.1400 0.2820 0.0000 0.0000 
36       36   (0)      4 :  0.0033 0.0000 0.2141 0.0873 0.0513 0.0000 0.0000 0.2423 0.0570 0.2396 0.1052 0.0000 0.0000 
37       37   (0)      4 :  0.0000 0.0000 0.2372 0.1207 0.1032 0.0000 0.0400 0.1504 0.0955 0.1953 0.0577 0.0000 0.0000 
38       38   (0)      4 :  0.0000 0.0000 0.1783 0.1669 0.0677 0.0000 0.0000 0.1600 0.1690 0.1755 0.0826 0.0000 0.0000 
39       39   (0)      4 :  0.0239 0.0000 0.0000 0.0093 0.0000 0.0000 0.0600 0.0000 0.0000 0.0000 0.0000 0.1456 0.7612 
40       40   (0)      5 :  0.0600 0.0000 0.1572 0.1058 0.0685 0.0000 0.0106 0.1921 0.1094 0.1952 0.1012 0.0000 0.0000 
41       41   (0)      5 :  0.0000 0.0000 0.2124 0.0600 0.1985 0.0000 0.0000 0.0357 0.3436 0.0575 0.0923 0.0000 0.0000 
42       42   (0)      5 :  0.0400 0.0000 0.1082 0.1684 0.0348 0.0000 0.0000 0.0601 0.3178 0.2217 0.0491 0.0000 0.0000 
43       43   (0)      5 :  0.0200 0.0000 0.0000 0.0656 0.0279 0.0000 0.3352 0.0000 0.0000 0.0000 0.0000 0.2175 0.3338 
44       44   (0)      5 :  0.0000 0.0000 0.1296 0.0197 0.2295 0.0000 0.0000 0.0537 0.1471 0.2106 0.2099 0.0000 0.0000 
45       45   (0)      5 :  0.0200 0.0000 0.0367 0.0964 0.1310 0.0000 0.0048 0.3006 0.3604 0.0405 0.0096 0.0000 0.0000 
46       46   (0)      5 :  0.0000 0.0000 0.0656 0.0634 0.1234 0.0000 0.0000 0.0614 0.1069 0.2589 0.3204 0.0000 0.0000 
47       47   (0)      5 :  0.0000 0.0000 0.3717 0.0449 0.1217 0.0000 0.0000 0.0489 0.1463 0.1301 0.1365 0.0000 0.0000 
48       48   (0)      5 :  0.0200 0.0000 0.0200 0.1400 0.1400 0.0000 0.0000 0.4689 0.1000 0.0800 0.0311 0.0000 0.0000 
49       49   (0)      5 :  0.0089 0.0000 0.0000 0.1400 0.0400 0.0000 0.3424 0.0000 0.0000 0.0000 0.0000 0.2691 0.1996 
50       50   (0)      5 :  0.0000 0.0000 0.0223 0.1200 0.1744 0.0000 0.0036 0.1847 0.3454 0.0671 0.0825 0.0000 0.0000 
51       51   (0)      5 :  0.0073 0.0000 0.0000 0.0457 0.0333 0.0000 0.1043 0.0000 0.0000 0.0000 0.0000 0.6795 0.1299 
52       52   (0)      5 :  0.0400 0.0000 0.0000 0.0812 0.0200 0.0000 0.1432 0.0000 0.0000 0.0000 0.0000 0.4705 0.2451 
53       53   (0)      6 :  0.0600 0.0000 0.0000 0.0600 0.0200 0.0000 0.0600 0.0000 0.0000 0.0000 0.0000 0.7600 0.0400 
54       54   (0)      6 :  0.0000 0.0000 0.8732 0.0000 0.0000 0.0000 0.0000 0.0334 0.0487 0.0047 0.0400 0.0000 0.0000 
55       55   (0)      6 :  0.0403 0.0104 0.0000 0.1624 0.0012 0.0315 0.2037 0.0000 0.0000 0.0017 0.0000 0.4687 0.0801 
56       56   (0)      6 :  0.0000 1.0000 0.0000 0.0000 0.0000 0.0000 0.0000 0.0000 0.0000 0.0000 0.0000 0.0000 0.0000 
57       57   (0)      6 :  0.2400 0.7000 0.0000 0.0400 0.0200 0.0000 0.0000 0.0000 0.0000 0.0000 0.0000 0.0000 0.0000 
58       58   (0)      6 :  0.0000 1.0000 0.0000 0.0000 0.0000 0.0000 0.0000 0.0000 0.0000 0.0000 0.0000 0.0000 0.0000 
59       59   (0)      6 :  0.0400 0.0230 0.0991 0.1613 0.1267 0.0000 0.0000 0.2745 0.0549 0.1530 0.0676 0.0000 0.0000 
60       60   (0)      6 :  0.0000 0.0000 0.2657 0.0710 0.0460 0.0000 0.0140 0.2318 0.0335 0.2031 0.1350 0.0000 0.0000 
61       61   (0)      6 :  0.0000 0.0000 0.0518 0.0628 0.2556 0.0000 0.0093 0.0577 0.2089 0.1094 0.2445 0.0000 0.0000 
62       62   (0)      6 :  0.0000 0.0000 0.1904 0.0319 0.1089 0.0000 0.0000 0.0390 0.4707 0.1129 0.0461 0.0000 0.0000 
63       63   (0)      6 :  0.0243 0.1102 0.0017 0.0869 0.0371 0.0061 0.3124 0.0000 0.0029 0.0006 0.0009 0.2795 0.1374 
64       64   (0)      7 :  0.0000 0.0000 0.0000 0.1013 0.0200 0.0000 0.0792 0.0000 0.0000 0.0000 0.0000 0.5451 0.2544 
65       65   (0)      7 :  0.0000 0.0000 0.0000 0.0600 0.0000 0.0000 0.0600 0.0000 0.0000 0.0000 0.0000 0.7400 0.1400 
66       66   (0)      7 :  0.0094 0.0000 0.0000 0.1319 0.0056 0.0000 0.1707 0.0000 0.0000 0.0000 0.0000 0.6223 0.0601 
67       67   (0)      7 :  0.0146 0.0004 0.0000 0.1073 0.0046 0.0213 0.1008 0.0000 0.0000 0.0000 0.0000 0.7269 0.0240 
68       68   (0)      8 :  0.0000 0.0317 0.0449 0.0250 0.0191 0.0000 0.0000 0.0587 0.0160 0.0365 0.7681 0.0000 0.0000 
69       69   (0)      8 :  0.0300 0.1140 0.1768 0.0978 0.0772 0.0000 0.0051 0.0540 0.1273 0.0980 0.2167 0.0010 0.0020 
70       70   (0)      8 :  0.0000 0.0000 0.0307 0.0293 0.0000 0.0000 0.0000 0.7329 0.1190 0.0000 0.0881 0.0000 0.0000 
71       71   (0)      8 :  0.0204 0.0088 0.0487 0.1429 0.1111 0.0000 0.0007 0.2441 0.1039 0.0736 0.2450 0.0007 0.0000 
72       72   (0)      8 :  0.0161 0.0579 0.0220 0.1110 0.0574 0.0000 0.0000 0.2941 0.0882 0.0949 0.2584 0.0000 0.0000 
73       73   (0)      8 :  0.0200 0.9732 0.0000 0.0000 0.0000 0.0025 0.0000 0.0043 0.0000 0.0000 0.0000 0.0000 0.0000 
74       74   (0)      9 :  0.0306 0.0982 0.0000 0.1594 0.0061 0.0232 0.2194 0.0000 0.0013 0.0023 0.0012 0.2771 0.1812 
75       75   (0)      9 :  0.0285 0.0355 0.0000 0.0881 0.0114 0.0005 0.4633 0.0023 0.0000 0.0000 0.0007 0.2024 0.1672 
76       76   (0)     10 :  0.0200 0.0000 0.0000 0.0863 0.0400 0.0000 0.1066 0.0000 0.0000 0.0000 0.0000 0.6772 0.0699 
77       77   (0)     11 :  0.0200 0.0000 0.0000 0.0833 0.0063 0.0000 0.2341 0.0000 0.0000 0.0000 0.0000 0.3669 0.2895 
78       78   (0)     12 :  0.0000 0.0000 0.0000 0.0000 0.0000 0.0000 0.0000 0.0000 0.0000 0.0000 0.0000 0.1196 0.8804 
79       79   (0)     13 :  0.4139 0.3117 0.0588 0.0401 0.0703 0.0000 0.0000 0.0032 0.0469 0.0131 0.0418 0.0000 0.0000 
80       80   (0)     13 :  0.0000 0.0000 0.0400 0.0000 0.1088 0.0000 0.0200 0.1400 0.0600 0.5712 0.0600 0.0000 0.0000 
