  1        1   (0)      1 :  0.1409 0.8591 0.0000 
  2        2   (0)      1 :  0.0000 0.0304 0.9696 
  3        3   (0)      1 :  0.0000 1.0000 0.0000 
  4        4   (0)      1 :  0.0000 1.0000 0.0000 
  5        5   (0)      1 :  0.0000 0.9260 0.0740 
  6        6   (0)      1 :  0.0000 0.0293 0.9707 
  7        7   (0)      1 :  0.0000 0.9718 0.0282 
  8        8   (0)      1 :  0.0000 0.0244 0.9756 
  9        9   (0)      1 :  0.0000 1.0000 0.0000 
 10       10   (0)      2 :  0.0000 1.0000 0.0000 
 11       11   (0)      2 :  0.0000 1.0000 0.0000 
 12       12   (0)      2 :  0.0000 0.0035 0.9965 
 13       13   (0)      3 :  0.0000 0.9995 0.0005 
 14       14   (0)      3 :  0.1605 0.0730 0.7665 
 15       15   (0)      3 :  0.0309 0.0014 0.9677 
 16       16   (0)      3 :  1.0000 0.0000 0.0000 
 17       17   (0)      4 :  0.6029 0.0000 0.3971 
 18       18   (0)      4 :  0.0129 0.0275 0.9597 
 19       19   (0)      5 :  0.0000 0.0157 0.9843 
 20       20   (0)      5 :  0.0228 0.7214 0.2558 
 21       21   (0)      5 :  0.0000 0.9557 0.0443 
 22       22   (0)      5 :  0.0000 0.9848 0.0152 
 23       23   (0)      5 :  0.0000 1.0000 0.0000 
 24       24   (0)      5 :  0.0000 0.9915 0.0085 
 25       25   (0)      5 :  0.0662 0.9338 0.0000 
 26       26   (0)      5 :  0.0008 0.5063 0.4929 
 27       27   (0)      5 :  1.0000 0.0000 0.0000 
 28       28   (0)      5 :  1.0000 0.0000 0.0000 
 29       29   (0)      5 :  0.0393 0.0000 0.9607 
 30       30   (0)      5 :  0.0000 0.0000 1.0000 
 31       31   (0)      5 :  0.0000 0.4998 0.5002 
 32       32   (0)      5 :  0.0000 0.9781 0.0219 
 33       33   (0)      5 :  0.0000 0.0329 0.9671 
 34       34   (0)      5 :  0.0000 0.0000 1.0000 
 35       35   (0)      5 :  0.0000 0.0000 1.0000 
 36       36   (0)      6 :  0.0556 0.0008 0.9436 
 37       37   (0)      6 :  1.0000 0.0000 0.0000 
 38       38   (0)      6 :  0.0000 0.0000 1.0000 
 39       39   (0)      6 :  0.0000 0.4611 0.5389 
 40       40   (0)      6 :  0.0007 0.0002 0.9990 
 41       41   (0)      6 :  0.0000 0.0302 0.9698 
 42       42   (0)      6 :  0.0000 0.0718 0.9282 
 43       43   (0)      6 :  0.0007 0.0797 0.9196 
 44       44   (0)      6 :  0.0000 0.0000 1.0000 
 45       45   (0)      6 :  0.0002 0.0000 0.9998 
 46       46   (0)      6 :  0.0265 0.6913 0.2822 
 47       47   (0)      6 :  0.0000 0.0031 0.9969 
 48       48   (0)      7 :  0.0000 0.0000 1.0000 
 49       49   (0)      7 :  0.0026 0.6037 0.3938 
 50       50   (0)      7 :  0.0000 0.0299 0.9701 
 51       51   (0)      8 :  0.0761 0.0000 0.9239 
 52       52   (0)      8 :  0.1482 0.0002 0.8517 
 53       53   (0)      9 :  0.0000 0.0000 1.0000 
 54       54   (0)     10 :  0.0000 0.0000 1.0000 
 55       55   (0)     10 :  0.0000 1.0000 0.0000 
 56       56   (0)     10 :  1.0000 0.0000 0.0000 
 57       57   (0)     10 :  0.0000 0.0000 1.0000 
 58       58   (0)     11 :  0.0993 0.0066 0.8941 
 59       59   (0)     11 :  0.0846 0.9122 0.0031 
 60       60   (0)     11 :  0.9147 0.0001 0.0852 
 61       61   (0)     11 :  0.0000 0.0000 1.0000 
 62       62   (0)     11 :  0.0307 0.0000 0.9693 
 63       63   (0)     11 :  0.2661 0.0000 0.7339 
 64       64   (0)     11 :  0.0224 0.0000 0.9776 
 65       65   (0)     11 :  1.0000 0.0000 0.0000 
 66       66   (0)     11 :  0.0483 0.0000 0.9517 
 67       67   (0)     11 :  0.0217 0.9783 0.0000 
 68       68   (0)     11 :  0.4035 0.5965 0.0000 
 69       69   (0)     11 :  0.5028 0.0073 0.4899 
 70       70   (0)     11 :  0.0000 0.0002 0.9998 
 71       71   (0)     11 :  0.1571 0.8429 0.0000 
 72       72   (0)     12 :  0.0000 0.9993 0.0007 
 73       73   (0)     12 :  0.0000 1.0000 0.0000 
 74       74   (0)     12 :  0.0000 1.0000 0.0000 
 75       75   (0)     12 :  0.1164 0.4828 0.4008 
 76       76   (0)     12 :  0.0289 0.9711 0.0000 
 77       77   (0)     12 :  0.0000 0.0244 0.9756 
 78       78   (0)     12 :  0.0389 0.0628 0.8983 
 79       79   (0)     12 :  0.0000 1.0000 0.0000 
 80       80   (0)     12 :  0.1054 0.0336 0.8610 
 81       81   (0)     13 :  1.0000 0.0000 0.0000 
 82       82   (0)     13 :  0.0000 0.9497 0.0503 
 83       83   (0)     13 :  0.0864 0.9136 0.0000 
 84       84   (0)     13 :  0.0000 1.0000 0.0000 
 85       85   (0)     13 :  0.0000 1.0000 0.0000 
 86       86   (0)     13 :  0.0379 0.9621 0.0000 
 87       87   (0)     13 :  0.0000 0.0512 0.9488 
 88       88   (0)     13 :  0.0000 1.0000 0.0000 
 89       89   (0)     13 :  0.0000 1.0000 0.0000 
 90       90   (0)     13 :  0.0000 1.0000 0.0000 
 91       91   (0)     13 :  0.3472 0.6528 0.0000 
 92       92   (0)     13 :  0.0000 0.9469 0.0531 
 93       93   (0)     13 :  0.0000 0.0624 0.9376 
 94       94   (0)     13 :  0.0000 1.0000 0.0000 
 95       95   (0)     14 :  0.0000 0.0029 0.9971 
 96       96   (0)     14 :  0.0000 0.9999 0.0001 
 97       97   (0)     15 :  1.0000 0.0000 0.0000 
 98       98   (0)     15 :  0.0000 0.0000 1.0000 
 99       99   (0)     15 :  0.0527 0.5556 0.3916 
100      100   (0)     15 :  0.0000 0.0000 1.0000 
101      101   (0)     15 :  0.1303 0.0718 0.7979 
102      102   (0)     15 :  0.0000 0.0000 1.0000 
103      103   (0)     15 :  0.0000 0.0589 0.9411 
104      104   (0)     15 :  0.1064 0.0732 0.8204 
105      105   (0)     15 :  0.1269 0.0709 0.8022 
