1        1   (0)      1  : 0.0000 1.0000 0.0000 0.0000 0.0000 0.0000 0.0000
2        2   (0)      2  : 0.0000 0.0000 0.0046 0.0000 0.0000 0.9954 0.0000
3        3   (0)      2  : 1.0000 0.0000 0.0000 0.0000 0.0000 0.0000 0.0000
4        4   (0)      3  : 0.7668 0.0000 0.1633 0.0270 0.0000 0.0429 0.0000
5        5   (0)      3  : 0.9046 0.0000 0.0583 0.0000 0.0000 0.0141 0.0230
6        6   (0)      3  : 0.9279 0.0000 0.0000 0.0000 0.0721 0.0000 0.0000
7        7   (0)      3  : 0.0000 0.0000 0.0638 0.8304 0.0000 0.1058 0.0000
8        8   (0)      3  : 0.8474 0.0000 0.0178 0.0165 0.0631 0.0552 0.0000
9        9   (0)      3  : 0.9983 0.0000 0.0000 0.0000 0.0000 0.0000 0.0017
10       10   (0)      4  : 0.9461 0.0000 0.0000 0.0000 0.0000 0.0539 0.0000
11       11   (0)      4  : 0.4753 0.0000 0.0000 0.0000 0.0000 0.0000 0.5247
12       12   (0)      4  : 1.0000 0.0000 0.0000 0.0000 0.0000 0.0000 0.0000
13       13   (0)      4  : 0.9980 0.0000 0.0000 0.0000 0.0000 0.0000 0.0020
14       14   (0)      5  : 0.0000 0.0000 1.0000 0.0000 0.0000 0.0000 0.0000
15       15   (0)      5  : 0.0000 0.0000 0.0000 1.0000 0.0000 0.0000 0.0000
16       16   (0)      5  : 0.0000 0.0000 0.0000 0.0000 0.0000 1.0000 0.0000
17       17   (0)      5  : 0.0000 0.0000 0.0000 0.0000 0.0000 0.0000 1.0000
18       18   (0)      5  : 0.9910 0.0000 0.0000 0.0000 0.0000 0.0000 0.0090
19       19   (0)      5  : 0.0000 0.0000 0.0000 0.0000 0.0000 0.0000 1.0000
20       20   (0)      5  : 0.9815 0.0000 0.0000 0.0000 0.0000 0.0000 0.0185
21       21   (0)      5  : 1.0000 0.0000 0.0000 0.0000 0.0000 0.0000 0.0000
22       22   (0)      5  : 0.0000 0.0000 0.0000 0.0000 0.0000 0.0000 1.0000
23       23   (0)      5  : 0.9487 0.0000 0.0000 0.0000 0.0000 0.0000 0.0513
24       24   (0)      5  : 0.0000 0.0000 0.0000 1.0000 0.0000 0.0000 0.0000
25       25   (0)      5  : 0.0000 0.0000 1.0000 0.0000 0.0000 0.0000 0.0000
26       26   (0)      5  : 0.9920 0.0000 0.0000 0.0000 0.0000 0.0000 0.0080
27       27   (0)      5  : 0.0000 0.0000 0.0000 1.0000 0.0000 0.0000 0.0000
28       28   (0)      5  : 0.0000 0.0000 0.0000 0.9110 0.0000 0.0890 0.0000
29       29   (0)      6  : 0.0000 1.0000 0.0000 0.0000 0.0000 0.0000 0.0000
30       30   (0)      6  : 0.0000 0.0000 0.0000 0.0000 1.0000 0.0000 0.0000
31       31   (0)      6  : 1.0000 0.0000 0.0000 0.0000 0.0000 0.0000 0.0000
32       32   (0)      6  : 0.7318 0.0000 0.0000 0.0000 0.0000 0.0534 0.2149
33       33   (0)      6  : 0.0000 0.8860 0.0000 0.0000 0.0000 0.1140 0.0000
34       34   (0)      6  : 0.0000 0.0000 1.0000 0.0000 0.0000 0.0000 0.0000
35       35   (0)      6  : 0.0000 1.0000 0.0000 0.0000 0.0000 0.0000 0.0000
36       36   (0)      6  : 0.0000 1.0000 0.0000 0.0000 0.0000 0.0000 0.0000
37       37   (0)      7  : 0.0000 0.0000 0.0000 0.0000 1.0000 0.0000 0.0000
38       38   (0)      7  : 0.0000 0.0000 0.0000 0.0000 0.0000 0.0000 1.0000
39       39   (0)      7  : 0.0000 0.0000 1.0000 0.0000 0.0000 0.0000 0.0000
40       40   (0)      7  : 0.0000 0.0000 1.0000 0.0000 0.0000 0.0000 0.0000
41       41   (0)      7  : 0.0000 0.0000 0.0000 0.0000 0.0000 0.0000 1.0000
42       42   (0)      7  : 0.0000 0.0000 1.0000 0.0000 0.0000 0.0000 0.0000
43       43   (0)      7  : 0.0000 0.0000 0.0000 0.0000 0.0000 0.0000 1.0000
44       44   (0)      7  : 0.0000 0.0000 0.0000 0.0000 0.0000 1.0000 0.0000
45       45   (0)      7  : 1.0000 0.0000 0.0000 0.0000 0.0000 0.0000 0.0000
46       46   (0)      7  : 0.0000 1.0000 0.0000 0.0000 0.0000 0.0000 0.0000
47       47   (0)      7  : 1.0000 0.0000 0.0000 0.0000 0.0000 0.0000 0.0000
48       48   (0)      7  : 0.0000 1.0000 0.0000 0.0000 0.0000 0.0000 0.0000
49       49   (0)      7  : 0.0000 0.0000 0.0000 0.0000 1.0000 0.0000 0.0000
50       50   (0)      7  : 0.0000 0.0000 0.0000 0.0000 0.0000 1.0000 0.0000
51       51   (0)      7  : 0.0000 0.0000 0.0000 0.0000 1.0000 0.0000 0.0000
52       52   (0)      7  : 0.0000 0.0000 0.0000 1.0000 0.0000 0.0000 0.0000
53       53   (0)      7  : 1.0000 0.0000 0.0000 0.0000 0.0000 0.0000 0.0000
54       54   (0)      7  : 1.0000 0.0000 0.0000 0.0000 0.0000 0.0000 0.0000
55       55   (0)      7  : 0.9620 0.0000 0.0000 0.0000 0.0000 0.0000 0.0380
56       56   (0)      7  : 1.0000 0.0000 0.0000 0.0000 0.0000 0.0000 0.0000
57       57   (0)      8  : 0.0000 0.0000 1.0000 0.0000 0.0000 0.0000 0.0000
58       58   (0)      8  : 0.0000 0.0000 0.0000 1.0000 0.0000 0.0000 0.0000
59       59   (0)      8  : 1.0000 0.0000 0.0000 0.0000 0.0000 0.0000 0.0000
60       60   (0)      8  : 0.0000 0.0000 1.0000 0.0000 0.0000 0.0000 0.0000
61       61   (0)      8  : 0.0000 0.0000 1.0000 0.0000 0.0000 0.0000 0.0000
62       62   (0)      8  : 0.0000 0.0000 0.0000 0.0000 1.0000 0.0000 0.0000
63       63   (0)      8  : 0.0000 0.0000 1.0000 0.0000 0.0000 0.0000 0.0000
64       64   (0)      8  : 1.0000 0.0000 0.0000 0.0000 0.0000 0.0000 0.0000
65       65   (0)      8  : 0.0000 1.0000 0.0000 0.0000 0.0000 0.0000 0.0000
66       66   (0)      8  : 1.0000 0.0000 0.0000 0.0000 0.0000 0.0000 0.0000
67       67   (0)      8  : 1.0000 0.0000 0.0000 0.0000 0.0000 0.0000 0.0000
68       68   (0)      8  : 1.0000 0.0000 0.0000 0.0000 0.0000 0.0000 0.0000
69       69   (0)      8  : 0.0000 1.0000 0.0000 0.0000 0.0000 0.0000 0.0000
70       70   (0)      8  : 0.0000 0.0000 1.0000 0.0000 0.0000 0.0000 0.0000
71       71   (0)      8  : 0.0000 1.0000 0.0000 0.0000 0.0000 0.0000 0.0000
72       72   (0)      8  : 0.0000 0.0000 0.0000 0.0000 1.0000 0.0000 0.0000
73       73   (0)      8  : 0.2128 0.0000 0.0000 0.0000 0.0000 0.0000 0.7872
74       74   (0)      8  : 1.0000 0.0000 0.0000 0.0000 0.0000 0.0000 0.0000
75       75   (0)      8  : 1.0000 0.0000 0.0000 0.0000 0.0000 0.0000 0.0000
76       76   (0)      8  : 0.0000 1.0000 0.0000 0.0000 0.0000 0.0000 0.0000
77       77   (0)      8  : 0.9732 0.0000 0.0000 0.0000 0.0000 0.0000 0.0268
78       78   (0)      9  : 0.0000 0.0000 1.0000 0.0000 0.0000 0.0000 0.0000
79       79   (0)      9  : 0.0000 0.0000 1.0000 0.0000 0.0000 0.0000 0.0000
80       80   (0)      9  : 0.0000 0.0000 0.0000 0.0000 1.0000 0.0000 0.0000
81       81   (0)      9  : 0.0000 0.0000 1.0000 0.0000 0.0000 0.0000 0.0000
82       82   (0)      9  : 0.0000 1.0000 0.0000 0.0000 0.0000 0.0000 0.0000
83       83   (0)      9  : 0.9163 0.0000 0.0000 0.0000 0.0000 0.0799 0.0038
84       84   (0)      9  : 0.0000 0.1180 0.0000 0.1625 0.0000 0.7195 0.0000
85       85   (0)      9  : 1.0000 0.0000 0.0000 0.0000 0.0000 0.0000 0.0000
86       86   (0)      9  : 1.0000 0.0000 0.0000 0.0000 0.0000 0.0000 0.0000
87       87   (0)      9  : 1.0000 0.0000 0.0000 0.0000 0.0000 0.0000 0.0000
88       88   (0)      9  : 0.0000 0.0000 1.0000 0.0000 0.0000 0.0000 0.0000
89       89   (0)      9  : 0.0000 0.0000 1.0000 0.0000 0.0000 0.0000 0.0000
90       90   (0)      9  : 0.6787 0.0000 0.0000 0.0000 0.0000 0.0000 0.3213
91       91   (0)      9  : 0.0000 0.0000 0.0000 0.0000 1.0000 0.0000 0.0000
92       92   (0)     10  : 0.1275 0.0000 0.3528 0.0000 0.0000 0.5114 0.0083
93       93   (0)     11  : 0.2382 0.2427 0.0000 0.0593 0.0000 0.4577 0.0020
94       94   (0)     11  : 0.0000 0.0000 0.0000 1.0000 0.0000 0.0000 0.0000
95       95   (0)     11  : 0.0000 0.0000 0.0000 0.3033 0.0000 0.6967 0.0000
96       96   (0)     12  : 0.0000 0.0000 0.0000 1.0000 0.0000 0.0000 0.0000
97       97   (0)     12  : 0.0000 0.0000 0.0000 1.0000 0.0000 0.0000 0.0000
98       98   (0)     12  : 0.0000 0.0000 0.0000 1.0000 0.0000 0.0000 0.0000
99       99   (0)     12  : 0.0000 0.0000 0.0000 1.0000 0.0000 0.0000 0.0000
100      100   (0)     12  : 0.0000 1.0000 0.0000 0.0000 0.0000 0.0000 0.0000
101      101   (0)     13  : 0.0000 1.0000 0.0000 0.0000 0.0000 0.0000 0.0000
102      102   (0)     13  : 0.0000 0.0000 0.0000 1.0000 0.0000 0.0000 0.0000
103      103   (0)     14  : 0.0000 0.0000 0.8814 0.0000 0.0485 0.0701 0.0000
104      104   (0)     14  : 0.0000 1.0000 0.0000 0.0000 0.0000 0.0000 0.0000
105      105   (0)     14  : 0.0000 0.7566 0.0332 0.0272 0.0747 0.1083 0.0000
106      106   (0)     14  : 0.0000 1.0000 0.0000 0.0000 0.0000 0.0000 0.0000
107      107   (0)     14  : 0.0000 0.0000 0.0000 0.0000 1.0000 0.0000 0.0000
108      108   (0)     15  : 0.0000 0.0000 0.0000 0.0000 0.0000 1.0000 0.0000
109      109   (0)     15  : 0.0000 1.0000 0.0000 0.0000 0.0000 0.0000 0.0000
110      110   (0)     15  : 0.0000 1.0000 0.0000 0.0000 0.0000 0.0000 0.0000
111      111   (0)     15  : 1.0000 0.0000 0.0000 0.0000 0.0000 0.0000 0.0000
112      112   (0)     15  : 0.0000 0.0000 0.7194 0.2021 0.0000 0.0785 0.0000
113      113   (0)     15  : 0.0000 0.9946 0.0000 0.0054 0.0000 0.0000 0.0000
114      114   (0)     15  : 0.0000 0.9109 0.0000 0.0891 0.0000 0.0000 0.0000
