 1        1   (0)      1 :  0.1298 0.1941 0.6761 
 2        2   (0)      1 :  0.0164 0.3008 0.6828 
 3        3   (0)      1 :  0.0007 0.3003 0.6990 
 4        4   (0)      1 :  0.0569 0.3112 0.6320 
 5        5   (0)      1 :  0.0523 0.2517 0.6959 
 6        6   (0)      1 :  0.0541 0.2295 0.7164 
 7        7   (0)      1 :  0.0138 0.2684 0.7178 
 8        8   (0)      2 :  0.0068 0.2190 0.7742 
 9        9   (0)      2 :  0.0410 0.3641 0.5949 
10       10   (0)      2 :  0.0553 0.3381 0.6067 
11       11   (0)      2 :  0.1673 0.2748 0.5579 
12       12   (0)      2 :  0.0089 0.3542 0.6370 
13       13   (0)      2 :  0.0006 0.1982 0.8012 
14       14   (0)      3 :  0.0130 0.2319 0.7552 
15       15   (0)      3 :  0.0342 0.2875 0.6782 
16       16   (0)      3 :  0.0015 0.2419 0.7566 
17       17   (0)      3 :  0.0136 0.3062 0.6802 
18       18   (0)      4 :  0.0269 0.2876 0.6855 
19       19   (0)      4 :  0.0285 0.1862 0.7853 
20       20   (0)      4 :  0.0255 0.2353 0.7392 
21       21   (0)      4 :  0.0217 0.2839 0.6944 
22       22   (0)      4 :  0.0143 0.1958 0.7898 
23       23   (0)      4 :  0.0174 0.2509 0.7317 
24       24   (0)      4 :  0.0021 0.1991 0.7988 
25       25   (0)      4 :  0.0034 0.2231 0.7736 
26       26   (0)      4 :  0.0413 0.2078 0.7509 
27       27   (0)      4 :  0.0128 0.2356 0.7517 
28       28   (0)      4 :  0.0348 0.3438 0.6214 
29       29   (0)      4 :  0.0392 0.2527 0.7081 
30       30   (0)      4 :  0.0189 0.2599 0.7213 
31       31   (0)      4 :  0.0043 0.2087 0.7870 
32       32   (0)      4 :  0.0083 0.2235 0.7682 
33       33   (0)      4 :  0.0061 0.3266 0.6673 
34       34   (0)      5 :  0.0288 0.1640 0.8072 
35       35   (0)      6 :  0.0296 0.2650 0.7054 
36       36   (0)      6 :  0.0012 0.2930 0.7058 
37       37   (0)      6 :  0.0303 0.4250 0.5447 
38       38   (0)      6 :  0.0000 0.1750 0.8250 
39       39   (0)      6 :  0.0196 0.1607 0.8197 
40       40   (0)      6 :  0.0291 0.2242 0.7468 
41       41   (0)      6 :  1.0000 0.0000 0.0000 
42       42   (0)      6 :  0.0231 0.1876 0.7893 
43       43   (0)      6 :  0.0356 0.2829 0.6815 
44       44   (0)      6 :  0.0440 0.2105 0.7455 
45       45   (0)      6 :  0.0122 0.3476 0.6402 
46       46   (0)      6 :  0.2400 0.7600 0.0000 
47       47   (0)      6 :  0.0311 0.3132 0.6557 
48       48   (0)      6 :  0.0140 0.2557 0.7303 
49       49   (0)      6 :  1.0000 0.0000 0.0000 
50       50   (0)      6 :  0.0014 0.1930 0.8056 
51       51   (0)      6 :  0.0730 0.2284 0.6986 
52       52   (0)      6 :  0.2400 0.7600 0.0000 
53       53   (0)      6 :  0.0000 0.1524 0.8476 
54       54   (0)      6 :  0.0024 0.2285 0.7692 
55       55   (0)      6 :  0.0099 0.3116 0.6784 
56       56   (0)      6 :  0.0306 0.2582 0.7112 
57       57   (0)      6 :  0.0064 0.2091 0.7845 
58       58   (0)      7 :  0.0003 0.1945 0.8052 
59       59   (0)      7 :  0.0033 0.1765 0.8203 
60       60   (0)      7 :  0.0277 0.2990 0.6734 
61       61   (0)      7 :  0.0074 0.2499 0.7427 
62       62   (0)      7 :  0.0204 0.4164 0.5631 
63       63   (0)      7 :  0.0334 0.2092 0.7574 
64       64   (0)      8 :  0.0316 0.2612 0.7072 
65       65   (0)      8 :  0.0252 0.3357 0.6391 
66       66   (0)      9 :  0.0000 0.2291 0.7708 
67       67   (0)     10 :  0.0264 0.1811 0.7925 
68       68   (0)     10 :  0.0042 0.2547 0.7411 
69       69   (0)     10 :  0.0041 0.2759 0.7199 
70       70   (0)     10 :  0.0019 0.2450 0.7532 
71       71   (0)     10 :  0.0053 0.1987 0.7960 
72       72   (0)     10 :  0.0122 0.1933 0.7945 
73       73   (0)     10 :  0.0286 0.1758 0.7956 
74       74   (0)     10 :  0.0171 0.2314 0.7515 
75       75   (0)     10 :  0.0046 0.2219 0.7735 
76       76   (0)     10 :  0.0413 0.3001 0.6585 
