1        1   (0)      1  : 0.0548 0.0000 0.0000 0.0071 0.0003 0.0022 0.3718 0.3939 0.0000 0.0056 0.0648 0.0178 0.0034 0.0784
2        2   (0)      1  : 0.0000 0.0000 0.0068 0.0018 0.0712 0.0000 0.8381 0.0053 0.0000 0.0014 0.0000 0.0095 0.0647 0.0012
3        3   (0)      1  : 0.0000 0.0000 0.0000 0.0000 0.0000 0.0000 0.3200 0.6596 0.0000 0.0000 0.0204 0.0000 0.0000 0.0000
4        4   (0)      1  : 0.0000 0.0000 0.0000 0.0000 0.0000 0.0000 1.0000 0.0000 0.0000 0.0000 0.0000 0.0000 0.0000 0.0000
5        5   (0)      1  : 0.3185 0.0000 0.1324 0.0136 0.0131 0.0966 0.1829 0.0066 0.0000 0.0002 0.1221 0.0904 0.0052 0.0185
6        6   (0)      1  : 0.4530 0.0000 0.1036 0.0103 0.0150 0.0560 0.0899 0.0013 0.0000 0.0053 0.1800 0.0662 0.0050 0.0144
7        7   (0)      1  : 0.6593 0.0000 0.0000 0.0037 0.0004 0.0000 0.0011 0.0020 0.0000 0.0030 0.1452 0.1336 0.0501 0.0018
8        8   (0)      1  : 0.3685 0.0000 0.0954 0.0101 0.0110 0.0499 0.2586 0.0006 0.0000 0.0009 0.1216 0.0736 0.0000 0.0097
9        9   (0)      1  : 0.0000 0.0000 0.0000 0.0000 0.0000 0.0000 1.0000 0.0000 0.0000 0.0000 0.0000 0.0000 0.0000 0.0000
10       10   (0)      1  : 0.5719 0.0000 0.0000 0.0000 0.0086 0.0000 0.0000 0.0005 0.0000 0.0470 0.1873 0.1174 0.0110 0.0562
11       11   (0)      1  : 0.5495 0.0000 0.0000 0.0210 0.0226 0.0000 0.0006 0.0000 0.0000 0.0373 0.1950 0.1227 0.0418 0.0094
12       12   (0)      1  : 0.0000 0.0000 0.0000 0.0000 0.0000 0.0000 0.0000 0.0000 0.0000 0.0000 0.0000 0.0000 1.0000 0.0000
13       13   (0)      1  : 0.5282 0.0000 0.0000 0.0055 0.0026 0.0000 0.0000 0.0000 0.0000 0.0438 0.2200 0.1183 0.0084 0.0732
14       14   (0)      1  : 0.2960 0.0082 0.0967 0.0116 0.0002 0.1082 0.0968 0.0705 0.0134 0.0039 0.1163 0.0887 0.0799 0.0096
15       15   (0)      1  : 0.0000 0.0000 1.0000 0.0000 0.0000 0.0000 0.0000 0.0000 0.0000 0.0000 0.0000 0.0000 0.0000 0.0000
16       16   (0)      1  : 0.0000 0.0000 0.0000 0.0000 0.0000 0.0000 0.1633 0.7959 0.0000 0.0000 0.0204 0.0204 0.0000 0.0000
17       17   (0)      1  : 0.0000 0.0000 0.0000 0.0000 0.0000 0.0000 0.1633 0.7959 0.0000 0.0000 0.0204 0.0204 0.0000 0.0000
18       18   (0)      1  : 0.0000 0.0000 0.0000 0.0000 0.0612 0.0000 0.0000 0.0000 0.0000 0.9184 0.0000 0.0000 0.0000 0.0204
19       19   (0)      1  : 0.4395 0.0000 0.0000 0.0321 0.0328 0.0000 0.0108 0.0029 0.0000 0.0152 0.2245 0.1264 0.0117 0.1042
20       20   (0)      1  : 0.4233 0.0000 0.0000 0.0284 0.0024 0.0000 0.0000 0.0003 0.0000 0.0135 0.3915 0.0898 0.0094 0.0414
21       21   (0)      1  : 0.0000 0.0000 0.0000 0.0000 0.0000 0.0000 0.3119 0.6677 0.0000 0.0000 0.0204 0.0000 0.0000 0.0000
22       22   (0)      1  : 0.0000 0.0000 1.0000 0.0000 0.0000 0.0000 0.0000 0.0000 0.0000 0.0000 0.0000 0.0000 0.0000 0.0000
23       23   (0)      1  : 0.5144 0.0000 0.0012 0.0030 0.0251 0.0000 0.0130 0.0001 0.0000 0.0022 0.2702 0.1082 0.0392 0.0233
24       24   (0)      2  : 0.0000 0.0000 0.0000 0.0000 0.0000 0.0000 0.2813 0.6959 0.0000 0.0000 0.0204 0.0024 0.0000 0.0000
25       25   (0)      2  : 0.4970 0.0000 0.0000 0.0015 0.0000 0.0000 0.0000 0.0014 0.0000 0.0003 0.4631 0.0046 0.0000 0.0322
26       26   (0)      2  : 0.1181 0.0000 0.0000 0.0123 0.0021 0.0204 0.3709 0.2908 0.0000 0.0109 0.1302 0.0368 0.0002 0.0073
27       27   (0)      2  : 0.5169 0.0000 0.0000 0.0021 0.0318 0.0005 0.0096 0.0377 0.0000 0.0881 0.2059 0.0667 0.0187 0.0220
28       28   (0)      2  : 0.6048 0.0001 0.0244 0.0024 0.0004 0.0082 0.0107 0.0384 0.0001 0.0043 0.2509 0.0379 0.0002 0.0172
29       29   (0)      2  : 0.3986 0.0000 0.0000 0.0028 0.0494 0.0000 0.0090 0.0373 0.0000 0.0481 0.3257 0.0792 0.0094 0.0404
30       30   (0)      2  : 0.0000 0.1875 0.0000 0.1633 0.0000 0.0000 0.0000 0.0204 0.6187 0.0000 0.0000 0.0102 0.0000 0.0000
31       31   (0)      2  : 0.5394 0.0000 0.0103 0.0046 0.0050 0.0088 0.0039 0.0219 0.0000 0.0526 0.2618 0.0488 0.0087 0.0342
32       32   (0)      2  : 0.0000 0.0000 0.0000 0.0000 0.0000 0.0000 0.3361 0.6434 0.0000 0.0000 0.0204 0.0000 0.0000 0.0000
33       33   (0)      2  : 0.0000 0.0000 0.0000 0.0000 0.0612 0.0000 0.0000 0.0000 0.0000 0.9184 0.0000 0.0000 0.0000 0.0204
34       34   (0)      2  : 0.5629 0.0000 0.0000 0.0248 0.0020 0.0000 0.0000 0.0034 0.0000 0.0050 0.2522 0.1351 0.0014 0.0133
35       35   (0)      2  : 0.5131 0.0000 0.0244 0.0099 0.0269 0.0000 0.0210 0.0108 0.0000 0.0264 0.2100 0.0624 0.0429 0.0520
36       36   (0)      2  : 0.0000 0.0000 0.0000 0.0000 0.0000 0.0000 0.9974 0.0000 0.0000 0.0000 0.0000 0.0000 0.0000 0.0026
37       37   (0)      3  : 0.5854 0.0000 0.0000 0.0019 0.0275 0.0000 0.0032 0.0109 0.0000 0.0106 0.1858 0.1110 0.0188 0.0448
38       38   (0)      3  : 0.1606 0.0000 0.0000 0.0215 0.2119 0.0004 0.0236 0.0006 0.0000 0.0085 0.5050 0.0521 0.0064 0.0093
39       39   (0)      3  : 0.4947 0.0000 0.0000 0.0022 0.0269 0.0000 0.0001 0.0109 0.0000 0.0047 0.3252 0.0334 0.0147 0.0872
40       40   (0)      3  : 0.3771 0.0000 0.0000 0.0285 0.0010 0.0000 0.0005 0.0096 0.0000 0.0053 0.4337 0.0795 0.0216 0.0432
41       41   (0)      3  : 0.6549 0.0000 0.0000 0.0206 0.0435 0.0000 0.0054 0.0083 0.0000 0.0270 0.1537 0.0350 0.0117 0.0398
42       42   (0)      4  : 0.0000 0.5297 0.0000 0.2424 0.0000 0.0000 0.0000 0.0204 0.2040 0.0000 0.0000 0.0035 0.0000 0.0000
43       43   (0)      4  : 0.6240 0.0001 0.0000 0.0105 0.0128 0.0143 0.0000 0.0057 0.0002 0.0026 0.2157 0.0585 0.0264 0.0292
44       44   (0)      4  : 0.0000 0.4670 0.0000 0.2619 0.0000 0.0000 0.0000 0.0000 0.2507 0.0000 0.0000 0.0204 0.0000 0.0000
45       45   (0)      4  : 0.0000 0.4690 0.0000 0.2180 0.0000 0.0080 0.0000 0.0000 0.2846 0.0000 0.0000 0.0204 0.0000 0.0000
46       46   (0)      4  : 0.6165 0.0086 0.0096 0.0356 0.0000 0.0004 0.0316 0.0143 0.0028 0.0021 0.1667 0.0746 0.0038 0.0334
47       47   (0)      4  : 0.5829 0.0000 0.0000 0.0030 0.0001 0.0000 0.0000 0.0000 0.0000 0.0057 0.2522 0.0197 0.0000 0.1365
48       48   (0)      4  : 0.4714 0.0000 0.0000 0.0023 0.0037 0.0000 0.0002 0.0000 0.0000 0.0328 0.3283 0.0871 0.0298 0.0444
49       49   (0)      4  : 0.6018 0.0000 0.0000 0.0025 0.0000 0.0000 0.0024 0.0000 0.0000 0.0004 0.2758 0.1050 0.0114 0.0007
50       50   (0)      4  : 0.0000 0.0000 0.0000 0.0000 0.0000 0.0000 0.0000 0.0000 0.0000 0.0000 0.1020 0.0000 0.0000 0.8980
51       51   (0)      4  : 0.1012 0.0725 0.0299 0.0301 0.0000 0.2798 0.0002 0.0122 0.2316 0.0000 0.0742 0.0418 0.0000 0.1265
52       52   (0)      4  : 0.6489 0.0040 0.0000 0.0103 0.0007 0.0261 0.0028 0.0000 0.0030 0.0276 0.1767 0.0731 0.0032 0.0237
53       53   (0)      4  : 0.5881 0.0000 0.0000 0.0019 0.0085 0.0000 0.0001 0.0004 0.0000 0.0090 0.3494 0.0094 0.0174 0.0159
54       54   (0)      4  : 0.5725 0.0113 0.0095 0.0097 0.0272 0.0022 0.0014 0.0065 0.0098 0.0027 0.2330 0.0605 0.0008 0.0529
55       55   (0)      4  : 0.0000 0.0000 0.0000 0.0000 0.0000 0.0000 0.0000 0.0000 0.0000 0.0000 0.1020 0.0000 0.0000 0.8980
56       56   (0)      4  : 0.0000 0.4936 0.0000 0.1431 0.0000 0.0000 0.0000 0.0000 0.3224 0.0000 0.0000 0.0408 0.0000 0.0000
57       57   (0)      5  : 0.6648 0.0000 0.0000 0.0005 0.0003 0.0000 0.0037 0.0008 0.0000 0.0120 0.2543 0.0442 0.0161 0.0033
58       58   (0)      5  : 0.5918 0.0000 0.0000 0.0104 0.0111 0.0000 0.0018 0.0053 0.0000 0.0631 0.2702 0.0261 0.0000 0.0203
59       59   (0)      5  : 0.0000 0.5670 0.0000 0.1585 0.0000 0.0023 0.0000 0.0204 0.2314 0.0000 0.0000 0.0204 0.0000 0.0000
60       60   (0)      5  : 0.6991 0.0000 0.0000 0.0199 0.0001 0.0000 0.0000 0.0021 0.0000 0.0074 0.1234 0.1087 0.0354 0.0039
61       61   (0)      5  : 0.2197 0.1387 0.0938 0.1127 0.0777 0.0580 0.0000 0.0058 0.2155 0.0000 0.0291 0.0446 0.0043 0.0000
62       62   (0)      5  : 0.0000 0.2866 0.0000 0.2041 0.0000 0.0000 0.0000 0.0000 0.4889 0.0000 0.0000 0.0204 0.0000 0.0000
63       63   (0)      5  : 0.4751 0.0351 0.0069 0.0458 0.0170 0.0434 0.0238 0.0172 0.0911 0.0022 0.1531 0.0521 0.0150 0.0223
64       64   (0)      5  : 0.6062 0.0000 0.0000 0.0625 0.0282 0.0000 0.0000 0.0086 0.0000 0.0087 0.1355 0.0976 0.0462 0.0066
65       65   (0)      5  : 0.7514 0.0000 0.0000 0.0023 0.0003 0.0000 0.0000 0.0000 0.0000 0.0057 0.1387 0.0594 0.0179 0.0245
66       66   (0)      5  : 0.6181 0.0000 0.0000 0.0020 0.0043 0.0000 0.0011 0.0195 0.0000 0.0019 0.2045 0.0872 0.0005 0.0608
67       67   (0)      5  : 0.0833 0.1907 0.0261 0.1619 0.0002 0.1006 0.0000 0.0408 0.3197 0.0000 0.0171 0.0512 0.0000 0.0082
68       68   (0)      5  : 0.0000 0.6702 0.0000 0.1517 0.0000 0.0000 0.0000 0.0000 0.1700 0.0000 0.0000 0.0081 0.0000 0.0000
69       69   (0)      5  : 0.3329 0.0487 0.0007 0.0584 0.0576 0.0131 0.0235 0.0136 0.1098 0.0037 0.2288 0.0475 0.0084 0.0534
70       70   (0)      5  : 0.0000 0.2245 0.0000 0.2041 0.0000 0.0204 0.0000 0.0408 0.4694 0.0000 0.0000 0.0408 0.0000 0.0000
71       71   (0)      5  : 0.0000 0.3228 0.0000 0.2854 0.0000 0.0204 0.0000 0.0000 0.3714 0.0000 0.0000 0.0000 0.0000 0.0000
72       72   (0)      5  : 0.4704 0.0318 0.0016 0.0433 0.0002 0.0041 0.0088 0.0076 0.0431 0.0080 0.3128 0.0191 0.0270 0.0220
73       73   (0)      5  : 0.4823 0.0000 0.0000 0.0034 0.0021 0.0000 0.0047 0.0190 0.0000 0.0065 0.3704 0.0949 0.0111 0.0056
74       74   (0)      5  : 0.0000 0.8002 0.0000 0.1319 0.0000 0.0062 0.0000 0.0000 0.0617 0.0000 0.0000 0.0000 0.0000 0.0000
75       75   (0)      6  : 0.0000 0.2424 0.0000 0.2422 0.0000 0.0042 0.0000 0.0000 0.5111 0.0000 0.0000 0.0000 0.0000 0.0000
76       76   (0)      6  : 0.6159 0.0079 0.0121 0.0140 0.0005 0.0182 0.0024 0.0089 0.0253 0.0152 0.1931 0.0649 0.0154 0.0062
77       77   (0)      6  : 0.0000 0.4418 0.0000 0.1561 0.0000 0.0000 0.0000 0.0099 0.3796 0.0000 0.0000 0.0127 0.0000 0.0000
78       78   (0)      6  : 0.0000 0.6015 0.0000 0.1802 0.0000 0.0000 0.0000 0.0000 0.2115 0.0000 0.0000 0.0069 0.0000 0.0000
79       79   (0)      6  : 0.0000 0.2756 0.0000 0.1760 0.0000 0.0109 0.0000 0.0000 0.5229 0.0000 0.0000 0.0147 0.0000 0.0000
80       80   (0)      6  : 0.0000 0.0000 0.0020 0.0001 0.0000 0.0000 0.4225 0.5585 0.0000 0.0000 0.0166 0.0002 0.0000 0.0000
81       81   (0)      6  : 0.0000 0.2070 0.0000 0.2226 0.0000 0.0100 0.0000 0.0038 0.5566 0.0000 0.0000 0.0000 0.0000 0.0000
82       82   (0)      6  : 0.0000 0.1595 0.0000 0.1282 0.0000 0.0000 0.0000 0.0074 0.7044 0.0000 0.0000 0.0005 0.0000 0.0000
83       83   (0)      6  : 0.0000 0.0506 0.0031 0.2679 0.0000 0.0091 0.0000 0.0131 0.6470 0.0000 0.0000 0.0092 0.0000 0.0000
84       84   (0)      6  : 0.0000 0.0525 0.0000 0.0404 0.0000 0.0000 0.0000 0.0408 0.8663 0.0000 0.0000 0.0000 0.0000 0.0000
85       85   (0)      6  : 0.0000 0.3930 0.0000 0.2097 0.0000 0.0303 0.0000 0.0000 0.3466 0.0000 0.0000 0.0204 0.0000 0.0000
86       86   (0)      6  : 0.0000 0.0825 0.0000 0.1981 0.0000 0.0408 0.0000 0.0070 0.6512 0.0000 0.0000 0.0204 0.0000 0.0000
87       87   (0)      6  : 0.0000 0.7599 0.0000 0.1156 0.0000 0.0000 0.0000 0.0000 0.1128 0.0000 0.0000 0.0116 0.0000 0.0000
88       88   (0)      6  : 0.0000 0.6071 0.0000 0.2050 0.0000 0.0045 0.0000 0.0035 0.1625 0.0000 0.0000 0.0174 0.0000 0.0000
89       89   (0)      6  : 0.0000 0.4770 0.0000 0.2931 0.0000 0.0204 0.0000 0.0000 0.1891 0.0000 0.0000 0.0204 0.0000 0.0000
90       90   (0)      6  : 0.0000 0.0591 0.0000 0.0302 0.0000 0.0029 0.8896 0.0000 0.0130 0.0000 0.0000 0.0051 0.0000 0.0000
91       91   (0)      6  : 0.0000 0.6697 0.0000 0.2791 0.0000 0.0000 0.0000 0.0136 0.0376 0.0000 0.0000 0.0000 0.0000 0.0000
92       92   (0)      6  : 0.1994 0.0000 0.0000 0.0072 0.0874 0.0079 0.0000 0.0067 0.0000 0.0015 0.6419 0.0221 0.0023 0.0236
93       93   (0)      6  : 0.0000 0.0088 0.0336 0.0030 0.0000 0.9471 0.0015 0.0000 0.0000 0.0000 0.0060 0.0000 0.0000 0.0000
94       94   (0)      6  : 0.3662 0.0000 0.0000 0.0009 0.0176 0.0446 0.0000 0.0204 0.0000 0.0077 0.4226 0.0152 0.0054 0.0994
95       95   (0)      6  : 0.0000 0.0083 0.0154 0.0045 0.0000 0.9437 0.0000 0.0000 0.0000 0.0000 0.0281 0.0000 0.0000 0.0000
96       96   (0)      6  : 0.0000 0.0118 0.0088 0.0061 0.0000 0.9395 0.0000 0.0042 0.0000 0.0000 0.0296 0.0000 0.0000 0.0000
97       97   (0)      6  : 0.4225 0.0018 0.0000 0.0069 0.0294 0.1562 0.0000 0.0050 0.0000 0.0079 0.2539 0.0247 0.0326 0.0591
98       98   (0)      6  : 0.0000 0.0076 0.1529 0.0036 0.0000 0.8213 0.0000 0.0000 0.0000 0.0000 0.0146 0.0000 0.0000 0.0000
99       99   (0)      7  : 0.0000 0.4807 0.0000 0.2242 0.0000 0.0050 0.0000 0.0000 0.2902 0.0000 0.0000 0.0000 0.0000 0.0000
100      100   (0)      7  : 0.4066 0.0707 0.0290 0.0344 0.0048 0.1521 0.0034 0.0066 0.0313 0.0003 0.1611 0.0627 0.0133 0.0236
101      101   (0)      7  : 0.0000 0.0000 1.0000 0.0000 0.0000 0.0000 0.0000 0.0000 0.0000 0.0000 0.0000 0.0000 0.0000 0.0000
102      102   (0)      7  : 0.0000 0.0000 1.0000 0.0000 0.0000 0.0000 0.0000 0.0000 0.0000 0.0000 0.0000 0.0000 0.0000 0.0000
103      103   (0)      7  : 0.3854 0.0000 0.0000 0.0082 0.0283 0.0000 0.0000 0.0000 0.0000 0.0131 0.2737 0.0630 0.0830 0.1452
104      104   (0)      7  : 0.3423 0.0000 0.0000 0.0107 0.0542 0.0000 0.0379 0.0042 0.0000 0.0105 0.4308 0.0435 0.0296 0.0363
105      105   (0)      7  : 0.1603 0.0000 0.0000 0.1633 0.0022 0.0056 0.0000 0.0825 0.0000 0.0000 0.3004 0.1020 0.0001 0.1837
106      106   (0)      7  : 0.4589 0.0000 0.0000 0.0130 0.0133 0.0000 0.0000 0.0086 0.0000 0.0020 0.2952 0.0610 0.0051 0.1429
107      107   (0)      7  : 0.5562 0.0000 0.0000 0.0049 0.0011 0.0005 0.0073 0.0028 0.0000 0.0372 0.2998 0.0211 0.0140 0.0550
108      108   (0)      8  : 0.0000 0.0000 0.0000 0.0000 0.9796 0.0000 0.0000 0.0000 0.0000 0.0000 0.0000 0.0000 0.0204 0.0000
109      109   (0)      8  : 0.4909 0.0000 0.0000 0.0289 0.0271 0.0000 0.0011 0.0051 0.0000 0.0110 0.2503 0.1427 0.0206 0.0222
110      110   (0)      8  : 0.0000 0.0000 0.0000 0.0000 0.0000 0.0000 0.0000 0.0000 0.0000 0.0000 0.0000 0.0000 1.0000 0.0000
111      111   (0)      8  : 0.0000 0.0000 0.0000 0.1020 0.0000 0.0000 0.0000 0.0000 0.0000 0.1633 0.0000 0.6122 0.0612 0.0612
112      112   (0)      8  : 0.0000 0.0000 1.0000 0.0000 0.0000 0.0000 0.0000 0.0000 0.0000 0.0000 0.0000 0.0000 0.0000 0.0000
113      113   (0)      8  : 0.5297 0.0000 0.0000 0.0280 0.0005 0.0000 0.0000 0.0038 0.0000 0.0022 0.2615 0.1435 0.0040 0.0268
114      114   (0)      8  : 0.6493 0.0000 0.0000 0.0000 0.0000 0.0000 0.0000 0.0008 0.0000 0.0006 0.1848 0.0967 0.0461 0.0217
115      115   (0)      8  : 0.0000 0.0000 0.0000 0.0000 0.9796 0.0000 0.0000 0.0000 0.0000 0.0000 0.0000 0.0000 0.0204 0.0000
116      116   (0)      8  : 0.0000 0.0000 0.0000 0.1020 0.0000 0.0000 0.0000 0.0000 0.0000 0.1633 0.0000 0.6122 0.0612 0.0612
117      117   (0)      8  : 0.1332 0.0037 0.0004 0.1651 0.0239 0.0304 0.0000 0.0818 0.0005 0.0009 0.2736 0.1057 0.0000 0.1807
118      118   (0)      8  : 0.4563 0.0000 0.0000 0.0275 0.0071 0.0000 0.0059 0.0280 0.0000 0.0019 0.2811 0.1379 0.0202 0.0341
119      119   (0)      9  : 0.0000 0.2540 0.0000 0.2460 0.0000 0.0204 0.0000 0.0131 0.4665 0.0000 0.0000 0.0000 0.0000 0.0000
120      120   (0)     10  : 0.6010 0.0000 0.0454 0.0033 0.0446 0.0005 0.0065 0.0000 0.0000 0.0197 0.1717 0.0597 0.0038 0.0440
121      121   (0)     10  : 0.6076 0.0000 0.0000 0.0074 0.0002 0.0004 0.0000 0.0000 0.0000 0.0151 0.2289 0.1114 0.0054 0.0236
122      122   (0)     10  : 0.5364 0.0000 0.0000 0.0002 0.0333 0.0000 0.0000 0.0006 0.0000 0.0132 0.3316 0.0141 0.0113 0.0592
123      123   (0)     10  : 0.3679 0.0456 0.0110 0.0296 0.0770 0.0000 0.0326 0.0142 0.0038 0.0087 0.2965 0.0375 0.0287 0.0467
124      124   (0)     10  : 0.5281 0.0000 0.0522 0.0115 0.0143 0.0000 0.0063 0.0016 0.0000 0.0293 0.2930 0.0544 0.0000 0.0094
125      125   (0)     10  : 0.4934 0.0000 0.0345 0.0049 0.0007 0.1467 0.0083 0.0002 0.0000 0.0262 0.1356 0.0618 0.0002 0.0876
126      126   (0)     10  : 0.5467 0.0000 0.0139 0.0150 0.0099 0.0010 0.0003 0.0049 0.0000 0.0223 0.2928 0.0487 0.0004 0.0440
127      127   (0)     10  : 0.6883 0.0000 0.0000 0.0118 0.0295 0.0000 0.0008 0.0003 0.0000 0.0067 0.1360 0.0808 0.0033 0.0425
128      128   (0)     10  : 0.5433 0.0000 0.0200 0.0270 0.0069 0.0000 0.0139 0.0080 0.0000 0.0241 0.2263 0.0837 0.0022 0.0446
129      129   (0)     10  : 0.6053 0.0000 0.0000 0.0000 0.0016 0.0005 0.0008 0.0017 0.0000 0.0117 0.3168 0.0141 0.0032 0.0443
130      130   (0)     10  : 0.7097 0.0000 0.0000 0.0004 0.0003 0.0010 0.0005 0.0006 0.0000 0.0000 0.2306 0.0151 0.0170 0.0249
131      131   (0)     10  : 0.5101 0.0000 0.0348 0.0202 0.0190 0.0000 0.0293 0.0067 0.0000 0.0064 0.2207 0.0546 0.0003 0.0980
132      132   (0)     10  : 0.5587 0.0000 0.0540 0.0042 0.0173 0.0422 0.0343 0.0045 0.0000 0.0036 0.2271 0.0463 0.0000 0.0078
133      133   (0)     10  : 0.5474 0.0041 0.0226 0.0082 0.0284 0.0234 0.0114 0.0054 0.0071 0.0257 0.1783 0.0570 0.0017 0.0790
134      134   (0)     10  : 0.5968 0.0016 0.0445 0.0056 0.0282 0.0253 0.0002 0.0014 0.0018 0.0040 0.2261 0.0284 0.0225 0.0136
135      135   (0)     10  : 0.5579 0.0000 0.0347 0.0115 0.0623 0.0004 0.0121 0.0045 0.0000 0.0014 0.2042 0.0639 0.0260 0.0210
136      136   (0)     10  : 0.5337 0.0000 0.0094 0.0008 0.0079 0.0000 0.0001 0.0024 0.0000 0.0017 0.3423 0.0427 0.0278 0.0312
137      137   (0)     11  : 0.0000 0.5475 0.0884 0.1984 0.0000 0.0015 0.0000 0.0000 0.1551 0.0000 0.0000 0.0091 0.0000 0.0000
138      138   (0)     12  : 0.3393 0.0000 0.0488 0.0046 0.0255 0.1447 0.0379 0.0586 0.0000 0.0412 0.1721 0.0394 0.0041 0.0836
139      139   (0)     12  : 0.1770 0.0400 0.0749 0.0737 0.0000 0.3948 0.0004 0.0000 0.0995 0.0012 0.0684 0.0601 0.0000 0.0099
140      140   (0)     12  : 0.0000 0.0000 0.0462 0.0000 0.0000 0.0000 0.4191 0.5192 0.0000 0.0000 0.0155 0.0000 0.0000 0.0000
141      141   (0)     12  : 0.0000 0.0000 0.0226 0.0010 0.0000 0.7271 0.0000 0.0026 0.0000 0.0000 0.0000 0.0211 0.2256 0.0000
142      142   (0)     12  : 0.4959 0.0000 0.0537 0.0099 0.0110 0.0097 0.0104 0.0263 0.0000 0.0122 0.2401 0.0582 0.0219 0.0508
143      143   (0)     12  : 0.0472 0.0063 0.0767 0.0010 0.0000 0.6573 0.0008 0.0010 0.0000 0.0010 0.0286 0.0457 0.0009 0.1333
144      144   (0)     12  : 0.5091 0.0000 0.1201 0.0050 0.0000 0.0436 0.0283 0.0297 0.0006 0.0007 0.1929 0.0528 0.0135 0.0036
145      145   (0)     12  : 0.1372 0.0000 0.0000 0.0058 0.0052 0.0204 0.3700 0.2254 0.0000 0.0000 0.1389 0.0420 0.0319 0.0232
146      146   (0)     13  : 0.0000 0.7761 0.0000 0.1070 0.0000 0.0000 0.0000 0.0204 0.0761 0.0000 0.0000 0.0204 0.0000 0.0000
147      147   (0)     13  : 0.0000 0.5769 0.0000 0.1551 0.0000 0.0000 0.0000 0.0089 0.2420 0.0000 0.0000 0.0170 0.0000 0.0000
148      148   (0)     13  : 0.0000 0.4622 0.0000 0.2244 0.0000 0.0000 0.0000 0.0204 0.2379 0.0000 0.0000 0.0551 0.0000 0.0000
149      149   (0)     13  : 0.0000 0.4971 0.0000 0.2805 0.0000 0.0204 0.0000 0.0000 0.2019 0.0000 0.0000 0.0000 0.0000 0.0000
150      150   (0)     13  : 0.0000 0.6880 0.0000 0.1283 0.0000 0.0000 0.0000 0.0204 0.1429 0.0000 0.0000 0.0204 0.0000 0.0000
151      151   (0)     14  : 0.0000 0.5512 0.0000 0.1377 0.0000 0.0000 0.0000 0.0054 0.2864 0.0000 0.0000 0.0194 0.0000 0.0000
152      152   (0)     14  : 0.5472 0.0000 0.0000 0.0085 0.0172 0.0000 0.0129 0.0046 0.0000 0.0212 0.2494 0.0720 0.0010 0.0659
153      153   (0)     15  : 0.0083 0.0000 0.0157 0.0066 0.0004 0.9290 0.0003 0.0015 0.0113 0.0000 0.0065 0.0204 0.0000 0.0000
154      154   (0)     15  : 0.0000 0.4085 0.0000 0.1571 0.0000 0.0005 0.0000 0.0236 0.3961 0.0000 0.0000 0.0142 0.0000 0.0000
155      155   (0)     16  : 0.6162 0.0000 0.0365 0.0066 0.0141 0.0280 0.0005 0.0073 0.0000 0.0050 0.1946 0.0752 0.0086 0.0073
156      156   (0)     16  : 0.5468 0.0000 0.0074 0.0126 0.0161 0.0000 0.0430 0.0010 0.0000 0.0061 0.2180 0.0656 0.0738 0.0097
157      157   (0)     17  : 0.0038 0.0029 0.1088 0.0000 0.0006 0.8370 0.0031 0.0031 0.0035 0.0000 0.0002 0.0275 0.0094 0.0000
158      158   (0)     17  : 0.0000 0.0000 0.0007 0.0000 0.0000 0.0000 0.9993 0.0000 0.0000 0.0000 0.0000 0.0000 0.0000 0.0000
159      159   (0)     18  : 0.5219 0.0000 0.0152 0.0089 0.0023 0.0001 0.0004 0.0041 0.0000 0.0009 0.2913 0.0477 0.0043 0.1029
160      160   (0)     18  : 0.6113 0.0000 0.0000 0.0210 0.0072 0.0000 0.0000 0.0033 0.0000 0.0168 0.1747 0.1024 0.0443 0.0191
161      161   (0)     18  : 0.5556 0.0000 0.0000 0.0057 0.0134 0.0000 0.0000 0.0020 0.0000 0.0395 0.2686 0.0492 0.0268 0.0392
162      162   (0)     19  : 0.3900 0.0000 0.0308 0.0294 0.0190 0.0580 0.0000 0.0063 0.0000 0.0186 0.1952 0.1201 0.0058 0.1267
163      163   (0)     19  : 0.0584 0.0187 0.1886 0.0513 0.0406 0.2086 0.0000 0.0012 0.0731 0.0028 0.3037 0.0383 0.0022 0.0127
164      164   (0)     19  : 0.1313 0.0000 0.0000 0.0205 0.1961 0.0000 0.0019 0.0124 0.0000 0.0053 0.5680 0.0388 0.0048 0.0209
