1        1   (0)      1  : 0.1127 0.0000 0.0001 0.4507 0.0006 0.0227 0.0059 0.3387 0.0000 0.0122 0.0467 0.0097
2        2   (0)      1  : 0.0005 0.0000 0.0103 0.8318 0.0665 0.0002 0.0683 0.0050 0.0000 0.0017 0.0000 0.0156
3        3   (0)      1  : 0.0000 0.0000 0.0000 0.4631 0.0000 0.0200 0.0000 0.5169 0.0000 0.0000 0.0000 0.0000
4        4   (0)      1  : 0.0000 0.0000 0.0000 1.0000 0.0000 0.0000 0.0000 0.0000 0.0000 0.0000 0.0000 0.0000
5        5   (0)      1  : 0.4771 0.0000 0.1353 0.1858 0.0221 0.0962 0.0109 0.0132 0.0000 0.0018 0.0574 0.0003
6        6   (0)      1  : 0.6060 0.0000 0.1063 0.0910 0.0196 0.0539 0.0073 0.0026 0.0000 0.0059 0.0809 0.0265
7        7   (0)      1  : 0.8323 0.0000 0.0000 0.0028 0.0033 0.0007 0.0581 0.0100 0.0000 0.0018 0.0583 0.0328
8        8   (0)      1  : 0.5290 0.0000 0.0976 0.2563 0.0168 0.0536 0.0000 0.0001 0.0000 0.0021 0.0389 0.0055
9        9   (0)      1  : 0.0000 0.0000 0.0000 1.0000 0.0000 0.0000 0.0000 0.0000 0.0000 0.0000 0.0000 0.0000
10       10   (0)      1  : 0.7625 0.0000 0.0000 0.0000 0.0160 0.0009 0.0280 0.0183 0.0000 0.0386 0.0898 0.0457
11       11   (0)      1  : 0.7655 0.0000 0.0000 0.0014 0.0341 0.0003 0.0625 0.0109 0.0000 0.0315 0.0559 0.0379
12       12   (0)      1  : 0.0000 0.0000 0.0000 0.0000 0.0000 0.0000 1.0000 0.0000 0.0000 0.0000 0.0000 0.0000
13       13   (0)      1  : 0.7643 0.0000 0.0000 0.0000 0.0071 0.0004 0.0241 0.0182 0.0000 0.0329 0.0922 0.0608
14       14   (0)      1  : 0.4144 0.0069 0.0993 0.1108 0.0028 0.1121 0.0879 0.0626 0.0139 0.0046 0.0491 0.0354
15       15   (0)      1  : 0.0000 0.0000 1.0000 0.0000 0.0000 0.0000 0.0000 0.0000 0.0000 0.0000 0.0000 0.0000
16       16   (0)      1  : 0.0000 0.0000 0.0000 0.3800 0.0000 0.0000 0.0000 0.5400 0.0000 0.0200 0.0600 0.0000
17       17   (0)      1  : 0.0000 0.0000 0.0000 0.3800 0.0000 0.0000 0.0000 0.5400 0.0000 0.0200 0.0600 0.0000
18       18   (0)      1  : 0.0000 0.0000 0.0000 0.0000 0.0800 0.0000 0.1200 0.1000 0.0000 0.6000 0.0000 0.1000
19       19   (0)      1  : 0.6562 0.0000 0.0000 0.0143 0.0402 0.0073 0.0234 0.0439 0.0000 0.0170 0.1247 0.0731
20       20   (0)      1  : 0.6491 0.0000 0.0000 0.0003 0.0104 0.0004 0.0200 0.0096 0.0000 0.0107 0.2380 0.0617
21       21   (0)      1  : 0.0000 0.0000 0.0000 0.4581 0.0000 0.0200 0.0000 0.5219 0.0000 0.0000 0.0000 0.0000
22       22   (0)      1  : 0.0000 0.0000 1.0000 0.0000 0.0000 0.0000 0.0000 0.0000 0.0000 0.0000 0.0000 0.0000
23       23   (0)      1  : 0.7254 0.0000 0.0028 0.0174 0.0281 0.0000 0.0528 0.0016 0.0000 0.0018 0.1468 0.0232
24       24   (0)      2  : 0.0000 0.0000 0.0000 0.4392 0.0000 0.0177 0.0000 0.5363 0.0000 0.0023 0.0046 0.0000
25       25   (0)      2  : 0.7150 0.0000 0.0000 0.0002 0.0000 0.0024 0.0000 0.0150 0.0000 0.0037 0.2466 0.0171
26       26   (0)      2  : 0.2029 0.0000 0.0000 0.4228 0.0049 0.0324 0.0019 0.2337 0.0000 0.0140 0.0873 0.0000
27       27   (0)      2  : 0.6756 0.0000 0.0000 0.0179 0.0337 0.0027 0.0389 0.0466 0.0000 0.0615 0.0961 0.0271
28       28   (0)      2  : 0.7768 0.0000 0.0245 0.0208 0.0017 0.0128 0.0004 0.0370 0.0004 0.0042 0.0901 0.0312
29       29   (0)      2  : 0.5967 0.0000 0.0000 0.0229 0.0527 0.0023 0.0247 0.0460 0.0000 0.0378 0.1743 0.0426
30       30   (0)      2  : 0.0000 0.1785 0.0000 0.0000 0.0000 0.0000 0.0000 0.0000 0.7340 0.0200 0.0675 0.0000
31       31   (0)      2  : 0.7069 0.0000 0.0108 0.0116 0.0100 0.0139 0.0200 0.0309 0.0000 0.0387 0.1237 0.0336
32       32   (0)      2  : 0.0000 0.0000 0.0000 0.4734 0.0000 0.0200 0.0000 0.5066 0.0000 0.0000 0.0000 0.0000
33       33   (0)      2  : 0.0000 0.0000 0.0000 0.0000 0.0800 0.0000 0.1200 0.1000 0.0000 0.6000 0.0000 0.1000
34       34   (0)      2  : 0.8261 0.0000 0.0000 0.0000 0.0084 0.0021 0.0078 0.0119 0.0000 0.0146 0.1083 0.0208
35       35   (0)      2  : 0.6731 0.0000 0.0251 0.0232 0.0292 0.0026 0.0525 0.0234 0.0000 0.0195 0.0977 0.0537
36       36   (0)      2  : 0.0000 0.0000 0.0000 0.9958 0.0000 0.0000 0.0000 0.0042 0.0000 0.0000 0.0000 0.0000
37       37   (0)      3  : 0.7633 0.0000 0.0003 0.0086 0.0324 0.0007 0.0307 0.0283 0.0000 0.0113 0.0807 0.0436
38       38   (0)      3  : 0.3677 0.0000 0.0000 0.0368 0.1986 0.0014 0.0255 0.0061 0.0000 0.0172 0.3227 0.0241
39       39   (0)      3  : 0.7207 0.0000 0.0000 0.0012 0.0310 0.0075 0.0291 0.0351 0.0000 0.0141 0.1514 0.0099
40       40   (0)      3  : 0.5864 0.0000 0.0000 0.0044 0.0054 0.0018 0.0380 0.0187 0.0000 0.0070 0.2984 0.0397
41       41   (0)      3  : 0.8126 0.0000 0.0000 0.0114 0.0444 0.0018 0.0237 0.0079 0.0000 0.0257 0.0709 0.0018
42       42   (0)      4  : 0.0000 0.6271 0.0000 0.0000 0.0000 0.0309 0.0000 0.0000 0.1842 0.0778 0.0800 0.0000
43       43   (0)      4  : 0.7886 0.0002 0.0000 0.0000 0.0168 0.0274 0.0312 0.0065 0.0012 0.0070 0.0955 0.0255
44       44   (0)      4  : 0.0000 0.5436 0.0000 0.0000 0.0000 0.0200 0.0000 0.0000 0.2515 0.0412 0.1437 0.0000
45       45   (0)      4  : 0.0000 0.4461 0.0000 0.0000 0.0000 0.0226 0.0000 0.0000 0.3536 0.0426 0.1350 0.0000
46       46   (0)      4  : 0.8033 0.0118 0.0117 0.0322 0.0023 0.0020 0.0086 0.0227 0.0071 0.0054 0.0554 0.0375
47       47   (0)      4  : 0.8276 0.0000 0.0000 0.0007 0.0010 0.0040 0.0001 0.0190 0.0000 0.0085 0.0846 0.0544
48       48   (0)      4  : 0.7148 0.0000 0.0000 0.0026 0.0086 0.0022 0.0441 0.0145 0.0000 0.0242 0.1350 0.0540
49       49   (0)      4  : 0.8675 0.0000 0.0000 0.0077 0.0003 0.0000 0.0209 0.0006 0.0000 0.0006 0.0941 0.0084
50       50   (0)      4  : 0.1964 0.0000 0.0000 0.0001 0.0019 0.0400 0.0204 0.2200 0.0000 0.0809 0.2600 0.1803
51       51   (0)      4  : 0.2116 0.1199 0.0431 0.0007 0.0000 0.2685 0.0015 0.0336 0.1796 0.0294 0.0831 0.0290
52       52   (0)      4  : 0.7985 0.0045 0.0000 0.0072 0.0047 0.0370 0.0033 0.0098 0.0051 0.0178 0.0464 0.0657
53       53   (0)      4  : 0.7743 0.0005 0.0000 0.0010 0.0130 0.0000 0.0287 0.0053 0.0007 0.0142 0.1505 0.0118
54       54   (0)      4  : 0.7496 0.0193 0.0110 0.0029 0.0304 0.0054 0.0020 0.0184 0.0058 0.0068 0.1121 0.0364
55       55   (0)      4  : 0.1916 0.0000 0.0000 0.0000 0.0026 0.0400 0.0219 0.2214 0.0000 0.0812 0.2600 0.1812
56       56   (0)      4  : 0.0000 0.7962 0.0000 0.0000 0.0000 0.0200 0.0000 0.0000 0.0766 0.0286 0.0785 0.0000
57       57   (0)      5  : 0.8137 0.0000 0.0000 0.0094 0.0012 0.0001 0.0249 0.0029 0.0000 0.0084 0.1182 0.0212
58       58   (0)      5  : 0.7214 0.0000 0.0000 0.0040 0.0207 0.0017 0.0056 0.0131 0.0000 0.0501 0.1452 0.0382
59       59   (0)      5  : 0.0000 0.7954 0.0000 0.0000 0.0000 0.0000 0.0000 0.0000 0.1170 0.0477 0.0400 0.0000
60       60   (0)      5  : 0.8758 0.0000 0.0000 0.0000 0.0031 0.0000 0.0356 0.0012 0.0000 0.0044 0.0183 0.0615
61       61   (0)      5  : 0.2829 0.1897 0.0951 0.0000 0.0730 0.0722 0.0134 0.0032 0.1753 0.0231 0.0722 0.0000
62       62   (0)      5  : 0.0000 0.4433 0.0000 0.0000 0.0000 0.0400 0.0000 0.0000 0.3455 0.0400 0.1312 0.0000
63       63   (0)      5  : 0.6066 0.0438 0.0083 0.0310 0.0190 0.0440 0.0200 0.0158 0.0945 0.0120 0.0842 0.0207
64       64   (0)      5  : 0.7704 0.0000 0.0000 0.0007 0.0437 0.0000 0.0565 0.0021 0.0000 0.0106 0.0692 0.0468
65       65   (0)      5  : 0.9332 0.0000 0.0000 0.0000 0.0009 0.0000 0.0255 0.0061 0.0000 0.0090 0.0153 0.0100
66       66   (0)      5  : 0.8075 0.0000 0.0000 0.0065 0.0106 0.0018 0.0044 0.0278 0.0000 0.0063 0.1176 0.0174
67       67   (0)      5  : 0.1147 0.1240 0.0311 0.0000 0.0008 0.1127 0.0000 0.0000 0.4210 0.0664 0.1293 0.0000
68       68   (0)      5  : 0.0000 0.5265 0.0000 0.0000 0.0000 0.0106 0.0000 0.0000 0.2868 0.0667 0.1094 0.0000
69       69   (0)      5  : 0.4760 0.0313 0.0019 0.0248 0.0586 0.0185 0.0176 0.0153 0.1428 0.0300 0.1608 0.0223
70       70   (0)      5  : 0.0000 0.1400 0.0000 0.0000 0.0000 0.0400 0.0000 0.0000 0.6000 0.0800 0.1400 0.0000
71       71   (0)      5  : 0.0000 0.4031 0.0000 0.0000 0.0000 0.0056 0.0000 0.0000 0.4258 0.0984 0.0670 0.0000
72       72   (0)      5  : 0.6564 0.0341 0.0030 0.0120 0.0018 0.0057 0.0340 0.0093 0.0535 0.0272 0.1548 0.0081
73       73   (0)      5  : 0.7328 0.0000 0.0000 0.0123 0.0084 0.0002 0.0163 0.0208 0.0000 0.0022 0.1557 0.0514
74       74   (0)      5  : 0.0000 0.7031 0.0000 0.0000 0.0000 0.0075 0.0000 0.0000 0.1834 0.0346 0.0714 0.0000
75       75   (0)      6  : 0.0000 0.2267 0.0000 0.0000 0.0000 0.0115 0.0000 0.0000 0.6666 0.0446 0.0506 0.0000
76       76   (0)      6  : 0.7864 0.0080 0.0134 0.0052 0.0019 0.0199 0.0217 0.0114 0.0285 0.0143 0.0648 0.0245
77       77   (0)      6  : 0.0000 0.4869 0.0000 0.0000 0.0000 0.0095 0.0000 0.0000 0.4111 0.0214 0.0711 0.0000
78       78   (0)      6  : 0.0000 0.7018 0.0000 0.0000 0.0000 0.0099 0.0000 0.0000 0.1627 0.0600 0.0656 0.0000
79       79   (0)      6  : 0.0000 0.4087 0.0000 0.0000 0.0000 0.0037 0.0000 0.0000 0.4999 0.0386 0.0492 0.0000
80       80   (0)      6  : 0.0000 0.0000 0.0017 0.5295 0.0000 0.0200 0.0000 0.4481 0.0000 0.0000 0.0000 0.0006
81       81   (0)      6  : 0.0000 0.3255 0.0000 0.0000 0.0000 0.0132 0.0000 0.0000 0.4678 0.0983 0.0951 0.0000
82       82   (0)      6  : 0.0000 0.2344 0.0000 0.0000 0.0000 0.0167 0.0000 0.0000 0.6054 0.0454 0.0981 0.0000
83       83   (0)      6  : 0.0000 0.0849 0.0049 0.0000 0.0000 0.0147 0.0000 0.0000 0.7029 0.1051 0.0875 0.0000
84       84   (0)      6  : 0.0000 0.1800 0.0000 0.0000 0.0000 0.0200 0.0000 0.0000 0.6914 0.0600 0.0485 0.0000
85       85   (0)      6  : 0.0000 0.2267 0.0000 0.0000 0.0000 0.0200 0.0000 0.0000 0.5915 0.0627 0.0991 0.0000
86       86   (0)      6  : 0.0000 0.0917 0.0000 0.0000 0.0000 0.0065 0.0000 0.0000 0.7702 0.0427 0.0889 0.0000
87       87   (0)      6  : 0.0000 0.7257 0.0000 0.0000 0.0000 0.0078 0.0000 0.0000 0.1760 0.0098 0.0807 0.0000
88       88   (0)      6  : 0.0000 0.6612 0.0000 0.0000 0.0000 0.0159 0.0000 0.0000 0.1562 0.0619 0.1049 0.0000
89       89   (0)      6  : 0.0000 0.5303 0.0000 0.0000 0.0000 0.0108 0.0000 0.0000 0.2516 0.0816 0.1257 0.0000
90       90   (0)      6  : 0.0000 0.0563 0.0000 0.8840 0.0000 0.0000 0.0000 0.0000 0.0269 0.0168 0.0160 0.0000
91       91   (0)      6  : 0.0000 0.5889 0.0000 0.0000 0.0000 0.0600 0.0000 0.0000 0.2062 0.0519 0.0930 0.0000
92       92   (0)      6  : 0.4402 0.0000 0.0000 0.0018 0.0994 0.0220 0.0164 0.0323 0.0000 0.0090 0.3685 0.0104
93       93   (0)      6  : 0.0000 0.0122 0.0818 0.0146 0.0000 0.8813 0.0000 0.0000 0.0072 0.0015 0.0014 0.0000
94       94   (0)      6  : 0.5692 0.0000 0.0000 0.0000 0.0238 0.0760 0.0119 0.0376 0.0000 0.0158 0.2292 0.0366
95       95   (0)      6  : 0.0317 0.0086 0.0384 0.0000 0.0038 0.8917 0.0001 0.0000 0.0037 0.0065 0.0149 0.0006
96       96   (0)      6  : 0.0365 0.0145 0.0231 0.0000 0.0027 0.8881 0.0000 0.0046 0.0056 0.0058 0.0179 0.0013
97       97   (0)      6  : 0.5659 0.0024 0.0010 0.0000 0.0304 0.1625 0.0395 0.0173 0.0000 0.0173 0.1473 0.0165
98       98   (0)      6  : 0.0234 0.0074 0.1833 0.0048 0.0000 0.7670 0.0000 0.0000 0.0030 0.0040 0.0071 0.0000
99       99   (0)      7  : 0.0000 0.3157 0.0000 0.0000 0.0000 0.0283 0.0000 0.0000 0.4245 0.0800 0.1515 0.0000
100      100   (0)      7  : 0.5397 0.0658 0.0350 0.0064 0.0088 0.1457 0.0160 0.0129 0.0352 0.0175 0.1034 0.0135
101      101   (0)      7  : 0.0000 0.0000 1.0000 0.0000 0.0000 0.0000 0.0000 0.0000 0.0000 0.0000 0.0000 0.0000
102      102   (0)      7  : 0.0000 0.0000 1.0000 0.0000 0.0000 0.0000 0.0000 0.0000 0.0000 0.0000 0.0000 0.0000
103      103   (0)      7  : 0.5598 0.0000 0.0000 0.0000 0.0333 0.0072 0.0942 0.0324 0.0000 0.0185 0.1938 0.0608
104      104   (0)      7  : 0.5495 0.0000 0.0000 0.0438 0.0607 0.0018 0.0357 0.0116 0.0000 0.0122 0.2437 0.0409
105      105   (0)      7  : 0.4762 0.0000 0.0000 0.0079 0.0394 0.0254 0.0052 0.0346 0.0000 0.1041 0.3059 0.0014
106      106   (0)      7  : 0.6075 0.0000 0.0000 0.0009 0.0198 0.0208 0.0105 0.0346 0.0000 0.0115 0.2534 0.0411
107      107   (0)      7  : 0.7501 0.0000 0.0000 0.0121 0.0031 0.0021 0.0236 0.0187 0.0000 0.0280 0.1204 0.0419
108      108   (0)      8  : 0.0000 0.0000 0.0000 0.0000 0.9000 0.0000 0.0800 0.0000 0.0000 0.0200 0.0000 0.0000
109      109   (0)      8  : 0.7316 0.0000 0.0000 0.0020 0.0352 0.0024 0.0314 0.0098 0.0000 0.0143 0.1353 0.0380
110      110   (0)      8  : 0.0000 0.0000 0.0000 0.0000 0.0000 0.0000 1.0000 0.0000 0.0000 0.0000 0.0000 0.0000
111      111   (0)      8  : 0.0200 0.0000 0.0000 0.0000 0.0600 0.0000 0.0000 0.0000 0.0000 0.0000 0.0000 0.9200
112      112   (0)      8  : 0.0000 0.0000 1.0000 0.0000 0.0000 0.0000 0.0000 0.0000 0.0000 0.0000 0.0000 0.0000
113      113   (0)      8  : 0.8318 0.0000 0.0000 0.0000 0.0072 0.0020 0.0106 0.0026 0.0000 0.0042 0.1106 0.0310
114      114   (0)      8  : 0.8319 0.0000 0.0000 0.0000 0.0008 0.0008 0.0534 0.0094 0.0000 0.0025 0.0826 0.0186
115      115   (0)      8  : 0.0000 0.0000 0.0000 0.0000 0.9000 0.0000 0.0800 0.0000 0.0000 0.0200 0.0000 0.0000
116      116   (0)      8  : 0.0200 0.0000 0.0000 0.0000 0.0600 0.0000 0.0000 0.0000 0.0000 0.0000 0.0000 0.9200
117      117   (0)      8  : 0.3890 0.0138 0.0016 0.0083 0.0897 0.0842 0.0025 0.0236 0.0029 0.0952 0.2736 0.0155
118      118   (0)      8  : 0.7221 0.0000 0.0000 0.0135 0.0139 0.0028 0.0321 0.0309 0.0000 0.0088 0.1757 0.0002
119      119   (0)      9  : 0.0000 0.4238 0.0000 0.0000 0.0000 0.0000 0.0000 0.0000 0.3433 0.1230 0.1099 0.0000
120      120   (0)     10  : 0.7471 0.0000 0.0467 0.0092 0.0455 0.0041 0.0129 0.0132 0.0000 0.0164 0.0600 0.0448
121      121   (0)     10  : 0.7615 0.0000 0.0000 0.0000 0.0045 0.0022 0.0076 0.0075 0.0000 0.0066 0.1320 0.0781
122      122   (0)     10  : 0.7216 0.0000 0.0000 0.0000 0.0379 0.0005 0.0239 0.0162 0.0000 0.0156 0.1690 0.0153
123      123   (0)     10  : 0.5213 0.0586 0.0115 0.0376 0.0795 0.0030 0.0377 0.0171 0.0032 0.0208 0.1746 0.0352
124      124   (0)     10  : 0.7320 0.0000 0.0536 0.0080 0.0207 0.0000 0.0030 0.0051 0.0000 0.0221 0.1363 0.0191
125      125   (0)     10  : 0.6326 0.0000 0.0409 0.0116 0.0027 0.1407 0.0067 0.0210 0.0005 0.0241 0.0807 0.0385
126      126   (0)     10  : 0.7609 0.0000 0.0159 0.0026 0.0175 0.0049 0.0071 0.0127 0.0000 0.0244 0.1441 0.0099
127      127   (0)     10  : 0.8588 0.0000 0.0000 0.0026 0.0322 0.0000 0.0106 0.0058 0.0000 0.0066 0.0464 0.0369
128      128   (0)     10  : 0.7289 0.0000 0.0216 0.0137 0.0149 0.0045 0.0032 0.0150 0.0000 0.0218 0.1254 0.0509
129      129   (0)     10  : 0.8156 0.0000 0.0000 0.0034 0.0029 0.0018 0.0163 0.0151 0.0000 0.0170 0.1172 0.0108
130      130   (0)     10  : 0.8454 0.0000 0.0000 0.0008 0.0008 0.0047 0.0188 0.0101 0.0000 0.0020 0.1155 0.0019
131      131   (0)     10  : 0.6873 0.0000 0.0355 0.0329 0.0236 0.0051 0.0007 0.0253 0.0000 0.0121 0.1214 0.0560
132      132   (0)     10  : 0.7111 0.0000 0.0554 0.0375 0.0186 0.0425 0.0004 0.0055 0.0000 0.0051 0.1079 0.0159
133      133   (0)     10  : 0.7164 0.0025 0.0223 0.0119 0.0307 0.0300 0.0101 0.0241 0.0102 0.0248 0.0693 0.0479
134      134   (0)     10  : 0.7501 0.0037 0.0445 0.0003 0.0299 0.0282 0.0287 0.0041 0.0048 0.0086 0.0792 0.0179
135      135   (0)     10  : 0.7378 0.0000 0.0359 0.0132 0.0621 0.0019 0.0338 0.0087 0.0000 0.0044 0.0801 0.0220
136      136   (0)     10  : 0.7682 0.0000 0.0122 0.0002 0.0132 0.0009 0.0363 0.0150 0.0000 0.0034 0.1230 0.0276
137      137   (0)     11  : 0.0000 0.4911 0.0884 0.0000 0.0000 0.0158 0.0000 0.0000 0.2397 0.0496 0.1154 0.0000
138      138   (0)     12  : 0.4801 0.0006 0.0547 0.0521 0.0268 0.1401 0.0150 0.0698 0.0012 0.0362 0.1093 0.0141
139      139   (0)     12  : 0.2415 0.0333 0.0797 0.0028 0.0011 0.3952 0.0000 0.0057 0.1364 0.0330 0.0605 0.0107
140      140   (0)     12  : 0.0000 0.0000 0.0425 0.5147 0.0000 0.0200 0.0000 0.4228 0.0000 0.0000 0.0000 0.0000
141      141   (0)     12  : 0.0000 0.0000 0.0574 0.0000 0.0000 0.6864 0.2320 0.0008 0.0000 0.0000 0.0183 0.0051
142      142   (0)     12  : 0.6694 0.0000 0.0535 0.0146 0.0153 0.0182 0.0288 0.0343 0.0000 0.0111 0.1119 0.0429
143      143   (0)     12  : 0.0990 0.0113 0.0986 0.0018 0.0006 0.6204 0.0057 0.0299 0.0030 0.0150 0.0745 0.0402
144      144   (0)     12  : 0.6613 0.0002 0.1225 0.0331 0.0004 0.0423 0.0158 0.0259 0.0006 0.0011 0.0854 0.0113
145      145   (0)     12  : 0.2329 0.0000 0.0000 0.4146 0.0064 0.0298 0.0397 0.1839 0.0000 0.0032 0.0885 0.0010
146      146   (0)     13  : 0.0000 0.8969 0.0000 0.0000 0.0000 0.0062 0.0000 0.0000 0.0148 0.0510 0.0311 0.0000
147      147   (0)     13  : 0.0000 0.7169 0.0000 0.0000 0.0000 0.0131 0.0000 0.0000 0.1556 0.0511 0.0633 0.0000
148      148   (0)     13  : 0.0000 0.6662 0.0000 0.0000 0.0000 0.0303 0.0000 0.0000 0.1756 0.0400 0.0880 0.0000
149      149   (0)     13  : 0.0000 0.5318 0.0000 0.0000 0.0000 0.0242 0.0000 0.0000 0.2119 0.1181 0.1139 0.0000
150      150   (0)     13  : 0.0000 0.8958 0.0000 0.0000 0.0000 0.0000 0.0000 0.0000 0.0508 0.0270 0.0264 0.0000
151      151   (0)     14  : 0.0000 0.5767 0.0000 0.0000 0.0000 0.0055 0.0000 0.0000 0.3123 0.0184 0.0871 0.0000
152      152   (0)     14  : 0.7305 0.0000 0.0000 0.0194 0.0205 0.0029 0.0066 0.0241 0.0000 0.0208 0.1291 0.0459
153      153   (0)     15  : 0.0341 0.0035 0.0374 0.0013 0.0029 0.8620 0.0001 0.0001 0.0317 0.0003 0.0265 0.0001
154      154   (0)     15  : 0.0000 0.5516 0.0002 0.0000 0.0000 0.0133 0.0000 0.0000 0.3032 0.0832 0.0485 0.0000
155      155   (0)     16  : 0.7761 0.0000 0.0381 0.0009 0.0181 0.0278 0.0116 0.0078 0.0000 0.0011 0.0767 0.0417
156      156   (0)     16  : 0.7009 0.0000 0.0108 0.0430 0.0219 0.0014 0.0748 0.0021 0.0000 0.0013 0.0931 0.0508
157      157   (0)     17  : 0.0191 0.0053 0.1362 0.0077 0.0027 0.7652 0.0172 0.0057 0.0141 0.0000 0.0268 0.0000
158      158   (0)     17  : 0.0000 0.0000 0.0018 0.9982 0.0000 0.0000 0.0000 0.0000 0.0000 0.0000 0.0000 0.0000
159      159   (0)     18  : 0.7321 0.0000 0.0156 0.0029 0.0053 0.0099 0.0109 0.0247 0.0000 0.0105 0.1578 0.0302
160      160   (0)     18  : 0.7871 0.0000 0.0000 0.0000 0.0141 0.0020 0.0505 0.0051 0.0000 0.0175 0.0975 0.0261
161      161   (0)     18  : 0.7113 0.0000 0.0000 0.0000 0.0176 0.0046 0.0389 0.0193 0.0000 0.0327 0.1494 0.0262
162      162   (0)     19  : 0.5752 0.0000 0.0341 0.0002 0.0316 0.0640 0.0017 0.0256 0.0000 0.0126 0.1214 0.1335
163      163   (0)     19  : 0.1739 0.0288 0.1927 0.0013 0.0507 0.1838 0.0098 0.0122 0.0881 0.0104 0.2138 0.0345
164      164   (0)     19  : 0.3643 0.0000 0.0000 0.0085 0.1867 0.0000 0.0253 0.0404 0.0000 0.0168 0.3394 0.0185
