1        1   (0)      1  : 0.0000 1.0000 0.0000 0.0000 0.0000 0.0000 0.0000 0.0000
2        2   (0)      1  : 0.0000 0.4905 0.1390 0.0968 0.0000 0.0000 0.2217 0.0519
3        3   (0)      1  : 0.0000 0.0000 0.0000 1.0000 0.0000 0.0000 0.0000 0.0000
4        4   (0)      1  : 0.0000 0.3869 0.0000 0.6131 0.0000 0.0000 0.0000 0.0000
5        5   (0)      1  : 0.0000 0.8096 0.0000 0.0000 0.0000 0.0000 0.0000 0.1904
6        6   (0)      1  : 0.0000 0.0000 0.0000 1.0000 0.0000 0.0000 0.0000 0.0000
7        7   (0)      2  : 0.0000 1.0000 0.0000 0.0000 0.0000 0.0000 0.0000 0.0000
8        8   (0)      2  : 0.0000 0.0000 0.0000 1.0000 0.0000 0.0000 0.0000 0.0000
9        9   (0)      2  : 0.0206 0.4556 0.0138 0.0200 0.0000 0.0177 0.4042 0.0682
10       10   (0)      2  : 0.0000 0.9356 0.0000 0.0000 0.0000 0.0000 0.0644 0.0000
11       11   (0)      2  : 0.0000 0.0000 0.0000 1.0000 0.0000 0.0000 0.0000 0.0000
12       12   (0)      2  : 0.0000 0.4647 0.0000 0.5353 0.0000 0.0000 0.0000 0.0000
13       13   (0)      2  : 0.0000 0.0000 0.1599 0.8401 0.0000 0.0000 0.0000 0.0000
14       14   (0)      3  : 0.0413 0.0000 0.0000 0.0000 0.9348 0.0000 0.0000 0.0239
15       15   (0)      3  : 0.2457 0.0000 0.0000 0.0000 0.2770 0.3426 0.0000 0.1347
16       16   (0)      3  : 0.0675 0.0000 0.0000 0.0000 0.2775 0.6275 0.0000 0.0274
17       17   (0)      3  : 0.1859 0.0000 0.0000 0.0000 0.3183 0.4593 0.0000 0.0365
18       18   (0)      3  : 0.1429 0.0000 0.0000 0.0000 0.0000 0.8571 0.0000 0.0000
19       19   (0)      3  : 0.0289 0.0000 0.0000 0.0000 0.1860 0.7851 0.0000 0.0000
20       20   (0)      3  : 0.6011 0.0000 0.0292 0.0000 0.1733 0.1766 0.0000 0.0197
21       21   (0)      3  : 0.1494 0.0000 0.0000 0.0000 0.3393 0.4512 0.0000 0.0601
22       22   (0)      3  : 0.1892 0.0000 0.0000 0.0000 0.3822 0.1429 0.0000 0.2857
23       23   (0)      3  : 0.3171 0.0000 0.0000 0.0000 0.2553 0.1419 0.0000 0.2857
24       24   (0)      3  : 0.3797 0.0000 0.0000 0.0000 0.1429 0.4774 0.0000 0.0000
25       25   (0)      3  : 0.0000 0.0000 1.0000 0.0000 0.0000 0.0000 0.0000 0.0000
26       26   (0)      4  : 0.0000 0.4230 0.0000 0.0000 0.0000 0.0000 0.2913 0.2857
27       27   (0)      4  : 0.3509 0.0000 0.0000 0.0000 0.2871 0.1557 0.0000 0.2063
28       28   (0)      4  : 0.1775 0.0000 0.0000 0.0000 0.1664 0.5633 0.0000 0.0928
29       29   (0)      4  : 0.0000 1.0000 0.0000 0.0000 0.0000 0.0000 0.0000 0.0000
30       30   (0)      4  : 0.0000 0.0000 0.0000 0.0000 0.7143 0.2857 0.0000 0.0000
31       31   (0)      4  : 0.2857 0.0000 0.0000 0.0000 0.1429 0.5714 0.0000 0.0000
32       32   (0)      4  : 0.0648 0.2993 0.0000 0.0198 0.2030 0.1769 0.1526 0.0836
33       33   (0)      4  : 0.0589 0.0000 0.0000 0.0000 0.4168 0.5243 0.0000 0.0000
34       34   (0)      4  : 0.6402 0.0000 0.0000 0.0000 0.2530 0.1069 0.0000 0.0000
35       35   (0)      4  : 0.6193 0.0000 0.0000 0.0000 0.3395 0.0000 0.0000 0.0411
36       36   (0)      4  : 0.0826 0.0000 0.0000 0.0000 0.5738 0.3436 0.0000 0.0000
37       37   (0)      4  : 0.2486 0.0000 0.0000 0.0000 0.3152 0.4361 0.0000 0.0000
38       38   (0)      4  : 0.2123 0.0000 0.0000 0.0000 0.2247 0.5396 0.0000 0.0234
39       39   (0)      4  : 0.0000 0.8216 0.0000 0.0000 0.0000 0.0000 0.1429 0.0356
40       40   (0)      5  : 0.0000 0.0000 0.0000 0.0000 0.4533 0.5286 0.0000 0.0181
41       41   (0)      5  : 0.2888 0.0000 0.0000 0.0000 0.0000 0.5684 0.0000 0.1429
42       42   (0)      5  : 0.2351 0.0000 0.0000 0.0000 0.0723 0.6926 0.0000 0.0000
43       43   (0)      5  : 0.0000 0.4020 0.0000 0.0000 0.0000 0.0000 0.3123 0.2857
44       44   (0)      5  : 0.2488 0.0000 0.0000 0.0000 0.1798 0.4286 0.0000 0.1429
45       45   (0)      5  : 0.0000 0.0000 0.0000 0.0000 0.5370 0.4630 0.0000 0.0000
46       46   (0)      5  : 0.5050 0.0000 0.0000 0.0000 0.0383 0.3885 0.0000 0.0682
47       47   (0)      5  : 0.9438 0.0000 0.0000 0.0000 0.0000 0.0562 0.0000 0.0000
48       48   (0)      5  : 0.1324 0.0000 0.0000 0.0000 0.6724 0.0000 0.0000 0.1952
49       49   (0)      5  : 0.0000 0.6124 0.0000 0.0000 0.0000 0.0000 0.3876 0.0000
50       50   (0)      5  : 0.1427 0.0000 0.0000 0.0000 0.2947 0.5126 0.0000 0.0501
51       51   (0)      5  : 0.0000 0.6424 0.0000 0.0000 0.0000 0.0000 0.3576 0.0000
52       52   (0)      5  : 0.0000 0.5796 0.0000 0.0000 0.0000 0.0000 0.3677 0.0527
53       53   (0)      6  : 0.0000 0.5714 0.0000 0.0000 0.0000 0.0000 0.4286 0.0000
54       54   (0)      6  : 0.4908 0.0000 0.0000 0.0000 0.1429 0.2234 0.0000 0.1429
55       55   (0)      6  : 0.0000 0.2530 0.0460 0.0466 0.0000 0.0000 0.6544 0.0000
56       56   (0)      6  : 0.0000 0.0000 1.0000 0.0000 0.0000 0.0000 0.0000 0.0000
57       57   (0)      6  : 0.0000 0.0000 1.0000 0.0000 0.0000 0.0000 0.0000 0.0000
58       58   (0)      6  : 0.0000 0.0000 1.0000 0.0000 0.0000 0.0000 0.0000 0.0000
59       59   (0)      6  : 0.0713 0.0003 0.0271 0.0000 0.4333 0.1501 0.0000 0.3179
60       60   (0)      6  : 0.2204 0.0000 0.0000 0.0000 0.4520 0.3277 0.0000 0.0000
61       61   (0)      6  : 0.3321 0.0000 0.0000 0.0000 0.0870 0.4926 0.0000 0.0883
62       62   (0)      6  : 0.0705 0.0000 0.0000 0.0000 0.1461 0.7424 0.0000 0.0410
63       63   (0)      6  : 0.0102 0.4212 0.0763 0.0225 0.0000 0.0063 0.3383 0.1252
64       64   (0)      7  : 0.0000 0.5600 0.0000 0.0000 0.0000 0.0000 0.4400 0.0000
65       65   (0)      7  : 0.0000 0.0000 0.0000 0.0000 0.0000 0.0000 1.0000 0.0000
66       66   (0)      7  : 0.0000 0.1064 0.0000 0.0000 0.0000 0.0000 0.8936 0.0000
67       67   (0)      7  : 0.0000 0.1384 0.0033 0.0155 0.0000 0.0000 0.8428 0.0000
68       68   (0)      8  : 0.2734 0.0000 0.0422 0.0000 0.3826 0.0861 0.0000 0.2158
69       69   (0)      8  : 0.2166 0.0073 0.0942 0.0000 0.1649 0.2226 0.0142 0.2802
70       70   (0)      8  : 0.0000 0.0000 0.0000 0.0000 0.9395 0.0605 0.0000 0.0000
71       71   (0)      8  : 0.0986 0.0033 0.0111 0.0000 0.5081 0.2620 0.0043 0.1126
72       72   (0)      8  : 0.0003 0.0000 0.0690 0.0000 0.6265 0.0877 0.0000 0.2165
73       73   (0)      8  : 0.0000 0.0000 0.8571 0.0000 0.0000 0.0000 0.0000 0.1429
74       74   (0)      9  : 0.0073 0.3717 0.0793 0.0455 0.0081 0.0078 0.4468 0.0336
75       75   (0)      9  : 0.0000 0.4378 0.0609 0.0000 0.0102 0.0000 0.3460 0.1451
76       76   (0)     10  : 0.0000 0.2485 0.0000 0.0000 0.0000 0.0000 0.7515 0.0000
77       77   (0)     11  : 0.0000 0.9139 0.0000 0.0000 0.0000 0.0000 0.0861 0.0000
78       78   (0)     12  : 0.0000 0.9315 0.0000 0.0000 0.0000 0.0000 0.0685 0.0000
79       79   (0)     13  : 0.2407 0.0000 0.5797 0.0000 0.0595 0.0044 0.0000 0.1158
80       80   (0)     13  : 0.0000 0.0000 0.0000 0.0000 0.5714 0.2857 0.0000 0.1429
