  1        1   (0)      1 :  0.0000 0.0000 1.0000 0.0000 0.0000 0.0000 
  2        2   (0)      2 :  0.1392 0.0024 0.0456 0.0310 0.6096 0.1722 
  3        3   (0)      2 :  0.0000 1.0000 0.0000 0.0000 0.0000 0.0000 
  4        4   (0)      3 :  0.0344 0.7736 0.0000 0.0000 0.0277 0.1643 
  5        5   (0)      3 :  0.0001 0.9183 0.0000 0.0000 0.0218 0.0598 
  6        6   (0)      3 :  0.0000 0.9308 0.0000 0.0692 0.0000 0.0000 
  7        7   (0)      3 :  0.8539 0.0000 0.0000 0.0000 0.0724 0.0737 
  8        8   (0)      3 :  0.0272 0.8554 0.0000 0.0608 0.0355 0.0211 
  9        9   (0)      3 :  0.0000 0.9993 0.0000 0.0000 0.0007 0.0000 
 10       10   (0)      4 :  0.0048 0.9586 0.0000 0.0000 0.0366 0.0000 
 11       11   (0)      4 :  0.0000 0.6658 0.0000 0.1554 0.1787 0.0000 
 12       12   (0)      4 :  0.0000 1.0000 0.0000 0.0000 0.0000 0.0000 
 13       13   (0)      4 :  0.0000 0.9995 0.0000 0.0000 0.0005 0.0000 
 14       14   (0)      5 :  0.0000 0.0000 0.0000 0.0000 0.0000 1.0000 
 15       15   (0)      5 :  1.0000 0.0000 0.0000 0.0000 0.0000 0.0000 
 16       16   (0)      5 :  0.1945 0.0050 0.0564 0.0007 0.6604 0.0830 
 17       17   (0)      5 :  0.0000 0.3455 0.0000 0.2980 0.3400 0.0165 
 18       18   (0)      5 :  0.0000 0.9967 0.0000 0.0000 0.0033 0.0000 
 19       19   (0)      5 :  0.0000 0.3481 0.0000 0.2925 0.3400 0.0194 
 20       20   (0)      5 :  0.0000 0.9928 0.0000 0.0000 0.0072 0.0000 
 21       21   (0)      5 :  0.0000 1.0000 0.0000 0.0000 0.0000 0.0000 
 22       22   (0)      5 :  0.0000 0.3491 0.0000 0.3109 0.3400 0.0000 
 23       23   (0)      5 :  0.0000 0.9809 0.0000 0.0012 0.0179 0.0000 
 24       24   (0)      5 :  1.0000 0.0000 0.0000 0.0000 0.0000 0.0000 
 25       25   (0)      5 :  0.0000 0.0000 0.0000 0.0000 0.0000 1.0000 
 26       26   (0)      5 :  0.0000 0.9967 0.0000 0.0000 0.0033 0.0000 
 27       27   (0)      5 :  1.0000 0.0000 0.0000 0.0000 0.0000 0.0000 
 28       28   (0)      5 :  0.9335 0.0000 0.0000 0.0000 0.0665 0.0000 
 29       29   (0)      6 :  0.0000 0.0000 1.0000 0.0000 0.0000 0.0000 
 30       30   (0)      6 :  0.0000 0.0000 0.0000 0.9614 0.0386 0.0000 
 31       31   (0)      6 :  0.0000 1.0000 0.0000 0.0000 0.0000 0.0000 
 32       32   (0)      6 :  0.0038 0.8223 0.0017 0.0561 0.1160 0.0000 
 33       33   (0)      6 :  0.0173 0.0000 0.9019 0.0000 0.0808 0.0000 
 34       34   (0)      6 :  0.0000 0.0000 0.0000 0.0000 0.0000 1.0000 
 35       35   (0)      6 :  0.0000 0.0000 1.0000 0.0000 0.0000 0.0000 
 36       36   (0)      6 :  0.0000 0.0000 1.0000 0.0000 0.0000 0.0000 
 37       37   (0)      7 :  0.0000 0.0000 0.0000 1.0000 0.0000 0.0000 
 38       38   (0)      7 :  0.0000 0.3368 0.0000 0.2911 0.3400 0.0320 
 39       39   (0)      7 :  0.0000 0.0000 0.0000 0.0000 0.0000 1.0000 
 40       40   (0)      7 :  0.0000 0.0000 0.0000 0.0000 0.0000 1.0000 
 41       41   (0)      7 :  0.0000 0.3851 0.0000 0.2749 0.3400 0.0000 
 42       42   (0)      7 :  0.0000 0.0000 0.0000 0.0000 0.0000 1.0000 
 43       43   (0)      7 :  0.0000 0.3451 0.0000 0.3148 0.3400 0.0000 
 44       44   (0)      7 :  0.1256 0.0809 0.0831 0.0504 0.6600 0.0000 
 45       45   (0)      7 :  0.0000 1.0000 0.0000 0.0000 0.0000 0.0000 
 46       46   (0)      7 :  0.0000 0.0000 1.0000 0.0000 0.0000 0.0000 
 47       47   (0)      7 :  0.0000 1.0000 0.0000 0.0000 0.0000 0.0000 
 48       48   (0)      7 :  0.0000 0.0000 1.0000 0.0000 0.0000 0.0000 
 49       49   (0)      7 :  0.0000 0.0000 0.0000 1.0000 0.0000 0.0000 
 50       50   (0)      7 :  0.1484 0.1782 0.0000 0.0119 0.6268 0.0348 
 51       51   (0)      7 :  0.0000 0.0000 0.0000 1.0000 0.0000 0.0000 
 52       52   (0)      7 :  1.0000 0.0000 0.0000 0.0000 0.0000 0.0000 
 53       53   (0)      7 :  0.0000 1.0000 0.0000 0.0000 0.0000 0.0000 
 54       54   (0)      7 :  0.0000 1.0000 0.0000 0.0000 0.0000 0.0000 
 55       55   (0)      7 :  0.0000 0.9870 0.0000 0.0000 0.0130 0.0000 
 56       56   (0)      7 :  0.0000 1.0000 0.0000 0.0000 0.0000 0.0000 
 57       57   (0)      8 :  0.0000 0.0000 0.0000 0.0000 0.0000 1.0000 
 58       58   (0)      8 :  1.0000 0.0000 0.0000 0.0000 0.0000 0.0000 
 59       59   (0)      8 :  0.0000 1.0000 0.0000 0.0000 0.0000 0.0000 
 60       60   (0)      8 :  0.0000 0.0000 0.0000 0.0000 0.0000 1.0000 
 61       61   (0)      8 :  0.0000 0.0000 0.0000 0.0000 0.0000 1.0000 
 62       62   (0)      8 :  0.0000 0.0000 0.0000 1.0000 0.0000 0.0000 
 63       63   (0)      8 :  0.0000 0.0000 0.0000 0.0000 0.0000 1.0000 
 64       64   (0)      8 :  0.0000 1.0000 0.0000 0.0000 0.0000 0.0000 
 65       65   (0)      8 :  0.0000 0.0000 1.0000 0.0000 0.0000 0.0000 
 66       66   (0)      8 :  0.0000 1.0000 0.0000 0.0000 0.0000 0.0000 
 67       67   (0)      8 :  0.0000 1.0000 0.0000 0.0000 0.0000 0.0000 
 68       68   (0)      8 :  0.0000 1.0000 0.0000 0.0000 0.0000 0.0000 
 69       69   (0)      8 :  0.0000 0.0000 1.0000 0.0000 0.0000 0.0000 
 70       70   (0)      8 :  0.0000 0.0000 0.0000 0.0000 0.0000 1.0000 
 71       71   (0)      8 :  0.0000 0.0000 1.0000 0.0000 0.0000 0.0000 
 72       72   (0)      8 :  0.0000 0.0000 0.0000 1.0000 0.0000 0.0000 
 73       73   (0)      8 :  0.0000 0.5172 0.0000 0.2150 0.2678 0.0000 
 74       74   (0)      8 :  0.0000 1.0000 0.0000 0.0000 0.0000 0.0000 
 75       75   (0)      8 :  0.0000 1.0000 0.0000 0.0000 0.0000 0.0000 
 76       76   (0)      8 :  0.0000 0.0000 1.0000 0.0000 0.0000 0.0000 
 77       77   (0)      8 :  0.0000 0.9905 0.0000 0.0000 0.0095 0.0000 
 78       78   (0)      9 :  0.0000 0.0000 0.0000 0.0000 0.0000 1.0000 
 79       79   (0)      9 :  0.0000 0.0000 0.0000 0.0000 0.0000 1.0000 
 80       80   (0)      9 :  0.0000 0.0000 0.0000 1.0000 0.0000 0.0000 
 81       81   (0)      9 :  0.0000 0.0000 0.0000 0.0000 0.0000 1.0000 
 82       82   (0)      9 :  0.0000 0.0000 1.0000 0.0000 0.0000 0.0000 
 83       83   (0)      9 :  0.0079 0.9271 0.0000 0.0000 0.0650 0.0000 
 84       84   (0)      9 :  0.2487 0.0107 0.1961 0.0077 0.5368 0.0000 
 85       85   (0)      9 :  0.0000 1.0000 0.0000 0.0000 0.0000 0.0000 
 86       86   (0)      9 :  0.0000 1.0000 0.0000 0.0000 0.0000 0.0000 
 87       87   (0)      9 :  0.0000 1.0000 0.0000 0.0000 0.0000 0.0000 
 88       88   (0)      9 :  0.0000 0.0000 0.0000 0.0000 0.0000 1.0000 
 89       89   (0)      9 :  0.0000 0.0000 0.0000 0.0000 0.0000 1.0000 
 90       90   (0)      9 :  0.0000 0.8057 0.0000 0.0846 0.1097 0.0000 
 91       91   (0)      9 :  0.0000 0.0000 0.0000 1.0000 0.0000 0.0000 
 92       92   (0)     10 :  0.0890 0.1842 0.0043 0.0084 0.3293 0.3847 
 93       93   (0)     11 :  0.1393 0.2838 0.2754 0.0000 0.3014 0.0001 
 94       94   (0)     11 :  1.0000 0.0000 0.0000 0.0000 0.0000 0.0000 
 95       95   (0)     11 :  0.3913 0.0000 0.0628 0.0444 0.5014 0.0000 
 96       96   (0)     12 :  1.0000 0.0000 0.0000 0.0000 0.0000 0.0000 
 97       97   (0)     12 :  1.0000 0.0000 0.0000 0.0000 0.0000 0.0000 
 98       98   (0)     12 :  1.0000 0.0000 0.0000 0.0000 0.0000 0.0000 
 99       99   (0)     12 :  1.0000 0.0000 0.0000 0.0000 0.0000 0.0000 
100      100   (0)     12 :  0.0000 0.0000 1.0000 0.0000 0.0000 0.0000 
101      101   (0)     13 :  0.0000 0.0000 1.0000 0.0000 0.0000 0.0000 
102      102   (0)     13 :  1.0000 0.0000 0.0000 0.0000 0.0000 0.0000 
103      103   (0)     14 :  0.0076 0.0000 0.0000 0.0511 0.0452 0.8961 
104      104   (0)     14 :  0.0000 0.0000 1.0000 0.0000 0.0000 0.0000 
105      105   (0)     14 :  0.0387 0.0000 0.7700 0.0811 0.0705 0.0396 
106      106   (0)     14 :  0.0000 0.0000 1.0000 0.0000 0.0000 0.0000 
107      107   (0)     14 :  0.0000 0.0000 0.0000 1.0000 0.0000 0.0000 
108      108   (0)     15 :  0.1354 0.0000 0.0967 0.0508 0.6669 0.0501 
109      109   (0)     15 :  0.0000 0.0000 1.0000 0.0000 0.0000 0.0000 
110      110   (0)     15 :  0.0000 0.0000 1.0000 0.0000 0.0000 0.0000 
111      111   (0)     15 :  0.0000 1.0000 0.0000 0.0000 0.0000 0.0000 
112      112   (0)     15 :  0.2178 0.0000 0.0000 0.0000 0.0506 0.7316 
113      113   (0)     15 :  0.0036 0.0000 0.9964 0.0000 0.0000 0.0000 
114      114   (0)     15 :  0.0884 0.0000 0.9116 0.0000 0.0000 0.0000 
