1        1   (0)      1  : 0.0000 0.0000 0.0000 0.0000 0.0000 0.3333 0.0000 0.0000 0.3333 0.3333
2        2   (0)      1  : 0.0000 0.0112 0.0420 0.0000 0.0530 0.0000 0.0049 0.8889 0.0000 0.0000
3        3   (0)      1  : 0.5371 0.0000 0.0000 0.0572 0.0000 0.2999 0.0000 0.0090 0.0967 0.0000
4        4   (0)      1  : 0.0732 0.0000 0.0000 0.1667 0.0000 0.0000 0.0000 0.0000 0.7602 0.0000
5        5   (0)      1  : 0.0000 0.0000 0.0000 0.1500 0.0000 0.4402 0.0000 0.1845 0.2252 0.0000
6        6   (0)      1  : 0.0000 0.0000 0.0000 0.2508 0.0000 0.5174 0.0000 0.1667 0.0652 0.0000
7        7   (0)      1  : 0.0488 0.0000 0.0000 0.0521 0.0000 0.6571 0.0000 0.0000 0.2421 0.0000
8        8   (0)      1  : 0.1661 0.0000 0.0000 0.2320 0.0000 0.0998 0.0000 0.1667 0.3355 0.0000
9        9   (0)      1  : 0.2737 0.0000 0.0000 0.1887 0.0000 0.2177 0.0000 0.0129 0.1872 0.1198
10       10   (0)      1  : 0.0876 0.0000 0.0000 0.5555 0.0000 0.2733 0.0000 0.0000 0.0836 0.0000
11       11   (0)      1  : 0.1026 0.0000 0.0179 0.0781 0.0000 0.0202 0.0000 0.0350 0.0044 0.7419
12       12   (0)      1  : 0.0000 0.0000 0.0000 0.0000 0.0000 0.0000 0.0000 1.0000 0.0000 0.0000
13       13   (0)      1  : 0.2582 0.0000 0.0000 0.4008 0.0000 0.1743 0.0000 0.0000 0.0000 0.1667
14       14   (0)      2  : 0.3734 0.0000 0.0000 0.2631 0.0000 0.0000 0.0000 0.0344 0.1657 0.1634
15       15   (0)      2  : 0.0000 0.0000 0.0000 0.0000 0.0000 0.0000 1.0000 0.0000 0.0000 0.0000
16       16   (0)      2  : 0.4189 0.0000 0.0000 0.1189 0.0000 0.0251 0.0000 0.1667 0.1786 0.0919
17       17   (0)      2  : 0.0000 0.0000 0.0000 1.0000 0.0000 0.0000 0.0000 0.0000 0.0000 0.0000
18       18   (0)      2  : 0.0000 0.0000 0.0000 0.1741 0.0000 0.5218 0.0000 0.0000 0.1374 0.1667
19       19   (0)      2  : 0.2063 0.0000 0.0000 0.5481 0.0000 0.0341 0.0000 0.0448 0.1667 0.0000
20       20   (0)      2  : 0.0865 0.0000 0.0255 0.3045 0.0000 0.1723 0.0000 0.0197 0.0000 0.3915
21       21   (0)      2  : 0.1799 0.0000 0.0000 0.4654 0.0000 0.0721 0.0000 0.0296 0.0000 0.2530
22       22   (0)      2  : 0.1160 0.0000 0.0886 0.2985 0.0000 0.2334 0.0000 0.0000 0.0590 0.2045
23       23   (0)      2  : 0.1862 0.0000 0.4334 0.2826 0.0000 0.0000 0.0000 0.0000 0.0000 0.0979
24       24   (0)      2  : 0.3971 0.0000 0.0000 0.3861 0.0000 0.0910 0.0000 0.0000 0.0407 0.0851
25       25   (0)      2  : 0.2187 0.0000 0.0000 0.2108 0.0000 0.3591 0.0000 0.0000 0.0448 0.1667
26       26   (0)      2  : 0.3952 0.0000 0.4065 0.0986 0.0000 0.0000 0.0000 0.0000 0.0000 0.0997
27       27   (0)      2  : 0.7123 0.0000 0.0000 0.0000 0.0000 0.1513 0.0000 0.1363 0.0000 0.0000
28       28   (0)      3  : 0.0000 1.0000 0.0000 0.0000 0.0000 0.0000 0.0000 0.0000 0.0000 0.0000
29       29   (0)      3  : 0.5000 0.0000 0.0000 0.3333 0.0000 0.0000 0.0000 0.0000 0.1667 0.0000
30       30   (0)      3  : 0.0000 0.0000 1.0000 0.0000 0.0000 0.0000 0.0000 0.0000 0.0000 0.0000
31       31   (0)      3  : 0.2010 0.0000 0.5364 0.0000 0.0000 0.1858 0.0000 0.0000 0.0768 0.0000
32       32   (0)      3  : 0.0000 0.0000 0.0000 0.0000 0.0000 0.0000 1.0000 0.0000 0.0000 0.0000
33       33   (0)      3  : 0.4056 0.0000 0.0000 0.2040 0.0000 0.0337 0.0000 0.0000 0.1901 0.1667
34       34   (0)      3  : 0.0000 0.0000 0.0000 0.0000 1.0000 0.0000 0.0000 0.0000 0.0000 0.0000
35       35   (0)      3  : 0.0000 0.2536 0.0000 0.0000 0.7464 0.0000 0.0000 0.0000 0.0000 0.0000
36       36   (0)      3  : 0.0000 0.0000 0.0000 0.0000 1.0000 0.0000 0.0000 0.0000 0.0000 0.0000
37       37   (0)      3  : 0.0000 0.0000 0.0000 0.1667 0.0000 0.5762 0.0000 0.1667 0.0905 0.0000
38       38   (0)      3  : 0.0000 0.0000 1.0000 0.0000 0.0000 0.0000 0.0000 0.0000 0.0000 0.0000
39       39   (0)      3  : 0.0000 0.0000 1.0000 0.0000 0.0000 0.0000 0.0000 0.0000 0.0000 0.0000
40       40   (0)      3  : 0.0673 0.0000 0.0000 0.1667 0.0000 0.0000 0.0000 0.0000 0.7660 0.0000
41       41   (0)      3  : 0.1667 0.0000 0.0000 0.1667 0.0000 0.0628 0.0000 0.0000 0.6038 0.0000
42       42   (0)      3  : 0.0000 0.0000 0.0000 0.0000 0.0000 0.0000 1.0000 0.0000 0.0000 0.0000
43       43   (0)      3  : 0.0000 0.1846 0.0000 0.0000 0.6893 0.0000 0.1261 0.0000 0.0000 0.0000
44       44   (0)      3  : 0.2762 0.0000 0.0000 0.0000 0.0000 0.1667 0.0000 0.0000 0.4385 0.1186
45       45   (0)      3  : 0.3333 0.0000 0.0000 0.0000 0.0000 0.0000 0.0000 0.1667 0.0000 0.5000
46       46   (0)      4  : 0.0000 1.0000 0.0000 0.0000 0.0000 0.0000 0.0000 0.0000 0.0000 0.0000
47       47   (0)      4  : 0.0000 1.0000 0.0000 0.0000 0.0000 0.0000 0.0000 0.0000 0.0000 0.0000
48       48   (0)      4  : 0.1150 0.0000 0.0000 0.0000 0.0000 0.4825 0.0000 0.0000 0.2358 0.1667
49       49   (0)      4  : 0.0343 0.0000 0.0033 0.0168 0.0000 0.0000 0.0000 0.0012 0.2492 0.6951
50       50   (0)      4  : 0.0000 0.0000 0.0143 0.0000 0.0000 0.1187 0.0000 0.0000 0.0628 0.8043
51       51   (0)      4  : 0.0000 0.0000 0.0220 0.1631 0.0000 0.0260 0.0000 0.0000 0.0000 0.7890
52       52   (0)      4  : 0.0000 0.0000 0.0000 0.0000 0.0000 0.0000 0.0000 0.0000 0.0484 0.9516
53       53   (0)      4  : 0.2456 0.0000 0.0000 0.0000 0.0000 0.2544 0.0000 0.0000 0.5000 0.0000
54       54   (0)      4  : 0.1667 0.0000 0.0000 0.0000 0.0000 0.5000 0.0000 0.0000 0.0000 0.3333
55       55   (0)      4  : 0.0561 0.0000 0.6641 0.0000 0.0000 0.2799 0.0000 0.0000 0.0000 0.0000
56       56   (0)      4  : 0.0000 0.0000 0.0000 0.0000 0.0000 1.0000 0.0000 0.0000 0.0000 0.0000
57       57   (0)      5  : 0.0000 0.0000 0.0000 0.2058 0.0000 0.0548 0.0000 0.0000 0.3547 0.3848
58       58   (0)      5  : 0.0470 0.0239 0.0000 0.2050 0.0000 0.1124 0.0000 0.0239 0.0863 0.5016
59       59   (0)      5  : 0.2430 0.0000 0.0000 0.0836 0.0000 0.2071 0.0000 0.0000 0.0869 0.3794
60       60   (0)      5  : 0.0000 1.0000 0.0000 0.0000 0.0000 0.0000 0.0000 0.0000 0.0000 0.0000
61       61   (0)      5  : 0.0000 0.9947 0.0000 0.0000 0.0000 0.0000 0.0000 0.0053 0.0000 0.0000
62       62   (0)      5  : 0.0000 0.0000 0.0000 0.0000 0.0000 0.0000 1.0000 0.0000 0.0000 0.0000
63       63   (0)      6  : 0.0000 0.0000 0.0000 0.0000 1.0000 0.0000 0.0000 0.0000 0.0000 0.0000
64       64   (0)      6  : 0.0000 1.0000 0.0000 0.0000 0.0000 0.0000 0.0000 0.0000 0.0000 0.0000
65       65   (0)      6  : 0.0000 0.0000 0.0000 0.0000 1.0000 0.0000 0.0000 0.0000 0.0000 0.0000
66       66   (0)      6  : 0.0560 0.6852 0.0000 0.0753 0.0328 0.0458 0.0343 0.0062 0.0190 0.0453
67       67   (0)      6  : 0.0000 1.0000 0.0000 0.0000 0.0000 0.0000 0.0000 0.0000 0.0000 0.0000
68       68   (0)      6  : 0.0000 0.7629 0.1231 0.0000 0.1140 0.0000 0.0000 0.0000 0.0000 0.0000
69       69   (0)      6  : 0.1626 0.0620 0.0227 0.2052 0.0736 0.1803 0.0062 0.0154 0.0487 0.2233
70       70   (0)      6  : 0.0000 1.0000 0.0000 0.0000 0.0000 0.0000 0.0000 0.0000 0.0000 0.0000
71       71   (0)      6  : 0.4494 0.0000 0.0000 0.5506 0.0000 0.0000 0.0000 0.0000 0.0000 0.0000
72       72   (0)      6  : 0.0000 1.0000 0.0000 0.0000 0.0000 0.0000 0.0000 0.0000 0.0000 0.0000
73       73   (0)      6  : 0.0000 0.0000 0.0006 0.0000 0.9994 0.0000 0.0000 0.0000 0.0000 0.0000
74       74   (0)      6  : 0.0000 0.8663 0.1337 0.0000 0.0000 0.0000 0.0000 0.0000 0.0000 0.0000
75       75   (0)      6  : 0.0000 0.0000 0.0675 0.0000 0.9325 0.0000 0.0000 0.0000 0.0000 0.0000
76       76   (0)      6  : 0.0000 0.8330 0.1670 0.0000 0.0000 0.0000 0.0000 0.0000 0.0000 0.0000
77       77   (0)      6  : 0.0000 0.8184 0.1816 0.0000 0.0000 0.0000 0.0000 0.0000 0.0000 0.0000
78       78   (0)      6  : 0.0000 0.0000 0.2143 0.0000 0.7857 0.0000 0.0000 0.0000 0.0000 0.0000
79       79   (0)      6  : 0.0000 0.0000 0.0000 0.0000 1.0000 0.0000 0.0000 0.0000 0.0000 0.0000
80       80   (0)      7  : 0.0000 0.0000 0.0000 0.0000 0.0000 0.8333 0.0000 0.0000 0.1667 0.0000
81       81   (0)      8  : 0.0149 0.0000 0.0295 0.3090 0.0000 0.2568 0.0000 0.0000 0.2655 0.1243
82       82   (0)      9  : 0.0000 0.0000 1.0000 0.0000 0.0000 0.0000 0.0000 0.0000 0.0000 0.0000
83       83   (0)     10  : 0.0000 0.0000 0.0938 0.0765 0.0000 0.0637 0.0000 0.0045 0.0397 0.7218
84       84   (0)     11  : 0.1667 0.0000 0.0000 0.0000 0.0000 0.1667 0.0000 0.3333 0.1667 0.1667
85       85   (0)     11  : 0.1720 0.0000 0.4502 0.2330 0.0000 0.1447 0.0000 0.0000 0.0000 0.0000
86       86   (0)     12  : 0.0955 0.0000 0.4308 0.2814 0.0000 0.0917 0.0000 0.1006 0.0000 0.0000
87       87   (0)     12  : 0.0905 0.0000 0.1761 0.3948 0.0000 0.2068 0.0000 0.0281 0.0857 0.0180
88       88   (0)     12  : 0.6241 0.0000 0.0000 0.2584 0.0000 0.1176 0.0000 0.0000 0.0000 0.0000
89       89   (0)     12  : 0.0965 0.0000 0.1655 0.4788 0.0000 0.1984 0.0000 0.0204 0.0256 0.0148
90       90   (0)     12  : 0.0000 0.0000 0.0000 0.0000 1.0000 0.0000 0.0000 0.0000 0.0000 0.0000
91       91   (0)     12  : 0.0385 0.0000 0.0000 0.0158 0.0000 0.4875 0.0000 0.0000 0.1045 0.3537
92       92   (0)     12  : 0.0934 0.0000 0.0000 0.6352 0.0000 0.1076 0.0000 0.0000 0.1638 0.0000
93       93   (0)     12  : 0.0414 0.0000 0.0000 0.6117 0.0000 0.0656 0.0000 0.1943 0.0000 0.0870
94       94   (0)     13  : 0.4560 0.0000 0.0000 0.0000 0.0000 0.1452 0.0000 0.1951 0.2037 0.0000
