  1        1   (0)      1 :  0.0000 0.0000 1.0000 0.0000 0.0000 0.0000 0.0000 0.0000 0.0000 
  2        2   (0)      2 :  0.0000 0.0000 0.0000 0.0000 0.0000 0.0282 0.9228 0.0398 0.0092 
  3        3   (0)      2 :  0.0000 0.0000 0.0000 0.6741 0.0000 0.3216 0.0000 0.0000 0.0044 
  4        4   (0)      3 :  0.0000 0.0000 0.0000 0.3821 0.0113 0.4342 0.0373 0.1117 0.0234 
  5        5   (0)      3 :  0.0091 0.0000 0.0000 0.4948 0.0000 0.3963 0.0069 0.0302 0.0627 
  6        6   (0)      3 :  0.0000 0.0567 0.0000 0.5377 0.0000 0.3968 0.0000 0.0000 0.0089 
  7        7   (0)      3 :  0.0000 0.0000 0.0000 0.0000 0.8052 0.0289 0.1295 0.0336 0.0028 
  8        8   (0)      3 :  0.0000 0.0360 0.0000 0.5623 0.0023 0.3048 0.0505 0.0025 0.0416 
  9        9   (0)      3 :  0.0003 0.0000 0.0000 0.6293 0.0000 0.3654 0.0000 0.0000 0.0051 
 10       10   (0)      4 :  0.0000 0.0000 0.0000 0.5081 0.0000 0.4533 0.0226 0.0000 0.0159 
 11       11   (0)      4 :  0.5175 0.0000 0.0000 0.2834 0.0000 0.1698 0.0000 0.0000 0.0293 
 12       12   (0)      4 :  0.0000 0.0000 0.0000 0.5690 0.0000 0.4167 0.0000 0.0000 0.0144 
 13       13   (0)      4 :  0.0004 0.0000 0.0000 0.8475 0.0000 0.1520 0.0000 0.0000 0.0000 
 14       14   (0)      5 :  0.0000 0.0000 0.0000 0.0000 0.0000 0.0694 0.0000 0.9306 0.0000 
 15       15   (0)      5 :  0.0000 0.0000 0.0000 0.0000 1.0000 0.0000 0.0000 0.0000 0.0000 
 16       16   (0)      5 :  0.0000 0.0000 0.0000 0.0000 0.0000 0.0000 0.9800 0.0000 0.0200 
 17       17   (0)      5 :  1.0000 0.0000 0.0000 0.0000 0.0000 0.0000 0.0000 0.0000 0.0000 
 18       18   (0)      5 :  0.0030 0.0000 0.0000 0.9693 0.0000 0.0200 0.0000 0.0000 0.0078 
 19       19   (0)      5 :  1.0000 0.0000 0.0000 0.0000 0.0000 0.0000 0.0000 0.0000 0.0000 
 20       20   (0)      5 :  0.0120 0.0000 0.0000 0.7586 0.0000 0.2293 0.0000 0.0000 0.0000 
 21       21   (0)      5 :  0.0000 0.0000 0.0000 0.9018 0.0000 0.0982 0.0000 0.0000 0.0000 
 22       22   (0)      5 :  1.0000 0.0000 0.0000 0.0000 0.0000 0.0000 0.0000 0.0000 0.0000 
 23       23   (0)      5 :  0.0300 0.0000 0.0000 0.5629 0.0000 0.4054 0.0000 0.0000 0.0017 
 24       24   (0)      5 :  0.0000 0.0000 0.0000 0.0000 1.0000 0.0000 0.0000 0.0000 0.0000 
 25       25   (0)      5 :  0.0000 0.0000 0.0000 0.0000 0.0000 0.0820 0.0000 0.9180 0.0000 
 26       26   (0)      5 :  0.0034 0.0000 0.0000 0.8872 0.0000 0.1094 0.0000 0.0000 0.0000 
 27       27   (0)      5 :  0.0000 0.0000 0.0000 0.0000 1.0000 0.0000 0.0000 0.0000 0.0000 
 28       28   (0)      5 :  0.0000 0.0000 0.0000 0.0000 0.8269 0.0212 0.0575 0.0000 0.0944 
 29       29   (0)      6 :  0.0000 0.0000 1.0000 0.0000 0.0000 0.0000 0.0000 0.0000 0.0000 
 30       30   (0)      6 :  0.0000 0.9741 0.0000 0.0000 0.0000 0.0047 0.0012 0.0000 0.0200 
 31       31   (0)      6 :  0.0000 0.0000 0.0000 0.5268 0.0000 0.4650 0.0000 0.0000 0.0082 
 32       32   (0)      6 :  0.1886 0.0000 0.0000 0.3576 0.0000 0.3926 0.0173 0.0000 0.0439 
 33       33   (0)      6 :  0.0000 0.0000 0.4159 0.0000 0.0000 0.0000 0.0221 0.0000 0.5619 
 34       34   (0)      6 :  0.0000 0.0000 0.0000 0.0000 0.0000 0.0296 0.0000 0.9704 0.0000 
 35       35   (0)      6 :  0.0000 0.0000 1.0000 0.0000 0.0000 0.0000 0.0000 0.0000 0.0000 
 36       36   (0)      6 :  0.0000 0.0000 1.0000 0.0000 0.0000 0.0000 0.0000 0.0000 0.0000 
 37       37   (0)      7 :  0.0000 1.0000 0.0000 0.0000 0.0000 0.0000 0.0000 0.0000 0.0000 
 38       38   (0)      7 :  1.0000 0.0000 0.0000 0.0000 0.0000 0.0000 0.0000 0.0000 0.0000 
 39       39   (0)      7 :  0.0000 0.0000 0.0000 0.0000 0.0000 0.0837 0.0000 0.9062 0.0102 
 40       40   (0)      7 :  0.0000 0.0000 0.0000 0.0000 0.0000 0.0571 0.0000 0.9309 0.0120 
 41       41   (0)      7 :  1.0000 0.0000 0.0000 0.0000 0.0000 0.0000 0.0000 0.0000 0.0000 
 42       42   (0)      7 :  0.0000 0.0000 0.0000 0.0000 0.0000 0.0477 0.0000 0.9523 0.0000 
 43       43   (0)      7 :  1.0000 0.0000 0.0000 0.0000 0.0000 0.0000 0.0000 0.0000 0.0000 
 44       44   (0)      7 :  0.0000 0.0000 0.0000 0.0000 0.0000 0.0000 0.9800 0.0000 0.0200 
 45       45   (0)      7 :  0.0000 0.0000 0.0000 0.5987 0.0000 0.3613 0.0000 0.0000 0.0400 
 46       46   (0)      7 :  0.0000 0.0000 1.0000 0.0000 0.0000 0.0000 0.0000 0.0000 0.0000 
 47       47   (0)      7 :  0.0000 0.0000 0.0000 0.9685 0.0000 0.0315 0.0000 0.0000 0.0000 
 48       48   (0)      7 :  0.0000 0.0000 0.9920 0.0000 0.0000 0.0000 0.0000 0.0000 0.0080 
 49       49   (0)      7 :  0.0000 0.9800 0.0000 0.0000 0.0000 0.0000 0.0000 0.0000 0.0200 
 50       50   (0)      7 :  0.0000 0.0000 0.0000 0.0340 0.0000 0.0190 0.9359 0.0000 0.0111 
 51       51   (0)      7 :  0.0000 0.9800 0.0000 0.0000 0.0000 0.0000 0.0000 0.0000 0.0200 
 52       52   (0)      7 :  0.0000 0.0000 0.0000 0.0000 0.9800 0.0200 0.0000 0.0000 0.0000 
 53       53   (0)      7 :  0.0000 0.0000 0.0000 0.8888 0.0000 0.0912 0.0000 0.0000 0.0200 
 54       54   (0)      7 :  0.0000 0.0000 0.0000 0.8609 0.0000 0.1122 0.0000 0.0000 0.0269 
 55       55   (0)      7 :  0.0314 0.0000 0.0000 0.7325 0.0000 0.2277 0.0000 0.0000 0.0084 
 56       56   (0)      7 :  0.0000 0.0000 0.0000 0.7535 0.0000 0.2398 0.0000 0.0000 0.0067 
 57       57   (0)      8 :  0.0000 0.0000 0.0000 0.0000 0.0000 0.0703 0.0000 0.8897 0.0400 
 58       58   (0)      8 :  0.0000 0.0000 0.0000 0.0000 0.9888 0.0112 0.0000 0.0000 0.0000 
 59       59   (0)      8 :  0.0000 0.0000 0.0000 0.9529 0.0000 0.0471 0.0000 0.0000 0.0000 
 60       60   (0)      8 :  0.0000 0.0000 0.0000 0.0000 0.0000 0.0800 0.0000 0.9200 0.0000 
 61       61   (0)      8 :  0.0000 0.0000 0.0000 0.0000 0.0000 0.0489 0.0000 0.9111 0.0400 
 62       62   (0)      8 :  0.0000 0.9800 0.0000 0.0000 0.0000 0.0000 0.0000 0.0000 0.0200 
 63       63   (0)      8 :  0.0000 0.0000 0.0000 0.0000 0.0000 0.0236 0.0000 0.9517 0.0247 
 64       64   (0)      8 :  0.0000 0.0000 0.0000 0.8460 0.0000 0.1437 0.0000 0.0000 0.0102 
 65       65   (0)      8 :  0.0000 0.0000 1.0000 0.0000 0.0000 0.0000 0.0000 0.0000 0.0000 
 66       66   (0)      8 :  0.0000 0.0000 0.0000 0.8101 0.0000 0.1630 0.0000 0.0000 0.0269 
 67       67   (0)      8 :  0.0000 0.0000 0.0000 0.7329 0.0000 0.2671 0.0000 0.0000 0.0000 
 68       68   (0)      8 :  0.0000 0.0000 0.0000 0.9514 0.0000 0.0486 0.0000 0.0000 0.0000 
 69       69   (0)      8 :  0.0000 0.0000 1.0000 0.0000 0.0000 0.0000 0.0000 0.0000 0.0000 
 70       70   (0)      8 :  0.0000 0.0000 0.0000 0.0000 0.0000 0.0714 0.0000 0.9286 0.0000 
 71       71   (0)      8 :  0.0000 0.0000 1.0000 0.0000 0.0000 0.0000 0.0000 0.0000 0.0000 
 72       72   (0)      8 :  0.0000 1.0000 0.0000 0.0000 0.0000 0.0000 0.0000 0.0000 0.0000 
 73       73   (0)      8 :  0.7827 0.0000 0.0000 0.1976 0.0000 0.0154 0.0000 0.0000 0.0043 
 74       74   (0)      8 :  0.0000 0.0000 0.0000 0.8287 0.0000 0.1513 0.0000 0.0000 0.0200 
 75       75   (0)      8 :  0.0000 0.0000 0.0000 0.9538 0.0000 0.0462 0.0000 0.0000 0.0000 
 76       76   (0)      8 :  0.0000 0.0000 0.9826 0.0000 0.0000 0.0000 0.0000 0.0000 0.0174 
 77       77   (0)      8 :  0.0153 0.0000 0.0000 0.7750 0.0000 0.1817 0.0000 0.0000 0.0279 
 78       78   (0)      9 :  0.0000 0.0000 0.0000 0.0000 0.0000 0.0693 0.0000 0.8992 0.0315 
 79       79   (0)      9 :  0.0000 0.0000 0.0000 0.0000 0.0000 0.0457 0.0000 0.9226 0.0318 
 80       80   (0)      9 :  0.0000 1.0000 0.0000 0.0000 0.0000 0.0000 0.0000 0.0000 0.0000 
 81       81   (0)      9 :  0.0000 0.0000 0.0000 0.0000 0.0000 0.1000 0.0000 0.8600 0.0400 
 82       82   (0)      9 :  0.0000 0.0000 1.0000 0.0000 0.0000 0.0000 0.0000 0.0000 0.0000 
 83       83   (0)      9 :  0.0055 0.0000 0.0000 0.5903 0.0000 0.3245 0.0437 0.0000 0.0359 
 84       84   (0)      9 :  0.0000 0.0000 0.0000 0.0000 0.0336 0.0800 0.4021 0.0000 0.4843 
 85       85   (0)      9 :  0.0000 0.0000 0.0000 0.9617 0.0000 0.0383 0.0000 0.0000 0.0000 
 86       86   (0)      9 :  0.0000 0.0000 0.0000 0.8135 0.0000 0.1865 0.0000 0.0000 0.0000 
 87       87   (0)      9 :  0.0000 0.0000 0.0000 0.8408 0.0000 0.1592 0.0000 0.0000 0.0000 
 88       88   (0)      9 :  0.0000 0.0000 0.0000 0.0000 0.0000 0.0314 0.0000 0.9603 0.0083 
 89       89   (0)      9 :  0.0000 0.0000 0.0000 0.0000 0.0000 0.0942 0.0000 0.9001 0.0057 
 90       90   (0)      9 :  0.3204 0.0000 0.0000 0.4095 0.0000 0.2611 0.0000 0.0000 0.0090 
 91       91   (0)      9 :  0.0000 0.9869 0.0000 0.0000 0.0000 0.0000 0.0000 0.0000 0.0131 
 92       92   (0)     10 :  0.0010 0.0000 0.0000 0.0326 0.0000 0.1416 0.5114 0.3006 0.0128 
 93       93   (0)     11 :  0.0024 0.0000 0.1578 0.0616 0.0244 0.0918 0.6533 0.0000 0.0087 
 94       94   (0)     11 :  0.0000 0.0000 0.0000 0.0000 0.9361 0.0132 0.0000 0.0000 0.0507 
 95       95   (0)     11 :  0.0000 0.0000 0.0000 0.0000 0.0906 0.0800 0.4694 0.0000 0.3600 
 96       96   (0)     12 :  0.0000 0.0000 0.0000 0.0000 1.0000 0.0000 0.0000 0.0000 0.0000 
 97       97   (0)     12 :  0.0000 0.0000 0.0000 0.0000 1.0000 0.0000 0.0000 0.0000 0.0000 
 98       98   (0)     12 :  0.0000 0.0000 0.0000 0.0000 1.0000 0.0000 0.0000 0.0000 0.0000 
 99       99   (0)     12 :  0.0000 0.0000 0.0000 0.0000 1.0000 0.0000 0.0000 0.0000 0.0000 
100      100   (0)     12 :  0.0000 0.0000 1.0000 0.0000 0.0000 0.0000 0.0000 0.0000 0.0000 
101      101   (0)     13 :  0.0000 0.0000 1.0000 0.0000 0.0000 0.0000 0.0000 0.0000 0.0000 
102      102   (0)     13 :  0.0000 0.0000 0.0000 0.0000 0.9800 0.0200 0.0000 0.0000 0.0000 
103      103   (0)     14 :  0.0000 0.0311 0.0000 0.0000 0.0000 0.0743 0.0631 0.7849 0.0465 
104      104   (0)     14 :  0.0000 0.0000 1.0000 0.0000 0.0000 0.0000 0.0000 0.0000 0.0000 
105      105   (0)     14 :  0.0000 0.0413 0.7433 0.0000 0.0122 0.0177 0.1687 0.0107 0.0061 
106      106   (0)     14 :  0.0000 0.0000 0.5008 0.0000 0.0000 0.0000 0.0000 0.0000 0.4992 
107      107   (0)     14 :  0.0000 1.0000 0.0000 0.0000 0.0000 0.0000 0.0000 0.0000 0.0000 
108      108   (0)     15 :  0.0000 0.0000 0.0000 0.0000 0.0000 0.0000 0.9800 0.0000 0.0200 
109      109   (0)     15 :  0.0000 0.0000 0.7623 0.0000 0.0000 0.0000 0.0000 0.0000 0.2377 
110      110   (0)     15 :  0.0000 0.0000 1.0000 0.0000 0.0000 0.0000 0.0000 0.0000 0.0000 
111      111   (0)     15 :  0.0000 0.0000 0.0000 0.6092 0.0000 0.3708 0.0000 0.0000 0.0200 
112      112   (0)     15 :  0.0000 0.0000 0.0000 0.0000 0.1849 0.0849 0.0845 0.6371 0.0085 
113      113   (0)     15 :  0.0000 0.0000 0.9901 0.0000 0.0099 0.0000 0.0000 0.0000 0.0000 
114      114   (0)     15 :  0.0000 0.0000 0.4523 0.0000 0.0347 0.0000 0.0000 0.0000 0.5130 
