1        1   (0)      1  : 0.6367 0.0000 0.0000 0.0783 0.0000 0.0448 0.0000 0.1390 0.1012
2        2   (0)      1  : 0.0000 0.0170 0.0782 0.0000 0.1004 0.0000 0.0153 0.7812 0.0079
3        3   (0)      1  : 0.4265 0.0000 0.0000 0.1575 0.0000 0.1768 0.0000 0.0342 0.2049
4        4   (0)      1  : 0.0000 0.0000 0.0000 0.3658 0.0000 0.3440 0.0000 0.2068 0.0833
5        5   (0)      1  : 0.0234 0.0000 0.0000 0.5942 0.0000 0.1234 0.0000 0.2501 0.0090
6        6   (0)      1  : 0.4283 0.0000 0.0000 0.1563 0.0000 0.2070 0.0000 0.2084 0.0000
7        7   (0)      1  : 0.0679 0.0000 0.0000 0.4815 0.0000 0.3464 0.0000 0.0209 0.0833
8        8   (0)      1  : 0.1084 0.0000 0.0000 0.2522 0.0000 0.4714 0.0000 0.0639 0.1041
9        9   (0)      1  : 0.3425 0.0000 0.0000 0.4305 0.0000 0.1183 0.0000 0.0147 0.0940
10       10   (0)      1  : 0.3013 0.0000 0.0000 0.1652 0.0000 0.4502 0.0000 0.0833 0.0000
11       11   (0)      1  : 0.1755 0.0000 0.0390 0.2965 0.0000 0.1387 0.0000 0.1879 0.1624
12       12   (0)      1  : 0.0000 0.0000 0.0000 0.0000 0.0000 0.0000 0.0000 1.0000 0.0000
13       13   (0)      1  : 0.1667 0.0000 0.0000 0.2500 0.0000 0.5000 0.0000 0.0000 0.0833
14       14   (0)      2  : 0.3541 0.0000 0.0000 0.2263 0.0000 0.3200 0.0000 0.0229 0.0766
15       15   (0)      2  : 0.0000 0.0000 0.0000 0.0000 0.0000 0.0000 1.0000 0.0000 0.0000
16       16   (0)      2  : 0.6366 0.0000 0.0000 0.1980 0.0000 0.0820 0.0000 0.0000 0.0833
17       17   (0)      2  : 0.3333 0.0000 0.0000 0.0000 0.0000 0.5000 0.0000 0.1667 0.0000
18       18   (0)      2  : 0.0000 0.0000 0.0000 0.8913 0.0000 0.0000 0.0000 0.1087 0.0000
19       19   (0)      2  : 0.4557 0.0000 0.0000 0.2054 0.0000 0.1997 0.0000 0.1041 0.0351
20       20   (0)      2  : 0.2055 0.0000 0.0412 0.3991 0.0000 0.2494 0.0000 0.0878 0.0170
21       21   (0)      2  : 0.0347 0.0000 0.0000 0.2042 0.0000 0.4728 0.0000 0.1857 0.1027
22       22   (0)      2  : 0.1931 0.0000 0.0935 0.3135 0.0000 0.2778 0.0000 0.0733 0.0488
23       23   (0)      2  : 0.0916 0.0000 0.4425 0.0915 0.0000 0.2348 0.0000 0.0931 0.0466
24       24   (0)      2  : 0.2727 0.0000 0.0000 0.3025 0.0000 0.2791 0.0000 0.0686 0.0771
25       25   (0)      2  : 0.1728 0.0000 0.0000 0.5312 0.0000 0.1924 0.0000 0.0272 0.0764
26       26   (0)      2  : 0.2170 0.0000 0.4092 0.2774 0.0000 0.0000 0.0000 0.0026 0.0938
27       27   (0)      2  : 0.2651 0.0000 0.0000 0.3913 0.0000 0.0240 0.0000 0.0265 0.2931
28       28   (0)      3  : 0.0000 0.8333 0.0000 0.0000 0.0000 0.0000 0.0000 0.0000 0.1667
29       29   (0)      3  : 0.2858 0.0000 0.0000 0.0833 0.0000 0.4167 0.0000 0.0000 0.2142
30       30   (0)      3  : 0.0000 0.0000 1.0000 0.0000 0.0000 0.0000 0.0000 0.0000 0.0000
31       31   (0)      3  : 0.0000 0.0000 0.5308 0.0000 0.0000 0.3332 0.0000 0.0177 0.1183
32       32   (0)      3  : 0.0000 0.0000 0.0000 0.0000 0.0000 0.0000 1.0000 0.0000 0.0000
33       33   (0)      3  : 0.5265 0.0000 0.0000 0.0364 0.0000 0.0000 0.0000 0.0000 0.4371
34       34   (0)      3  : 0.0000 0.0000 0.0000 0.0000 1.0000 0.0000 0.0000 0.0000 0.0000
35       35   (0)      3  : 0.0000 0.2312 0.0000 0.0000 0.7432 0.0000 0.0000 0.0000 0.0256
36       36   (0)      3  : 0.0000 0.0000 0.0000 0.0000 1.0000 0.0000 0.0000 0.0000 0.0000
37       37   (0)      3  : 0.2070 0.0000 0.0000 0.4236 0.0000 0.1452 0.0000 0.1225 0.1017
38       38   (0)      3  : 0.0000 0.0000 1.0000 0.0000 0.0000 0.0000 0.0000 0.0000 0.0000
39       39   (0)      3  : 0.0000 0.0000 1.0000 0.0000 0.0000 0.0000 0.0000 0.0000 0.0000
40       40   (0)      3  : 0.3236 0.0000 0.0000 0.2028 0.0000 0.0411 0.0000 0.0992 0.3333
41       41   (0)      3  : 0.1070 0.0000 0.0000 0.6699 0.0000 0.0396 0.0000 0.0000 0.1834
42       42   (0)      3  : 0.0000 0.0000 0.0000 0.0000 0.0000 0.0000 1.0000 0.0000 0.0000
43       43   (0)      3  : 0.0000 0.1535 0.0000 0.0000 0.6309 0.0000 0.1145 0.0000 0.1011
44       44   (0)      3  : 0.0197 0.0000 0.0000 0.0598 0.0000 0.3852 0.0000 0.1809 0.3544
45       45   (0)      3  : 0.3697 0.0000 0.0000 0.2845 0.0000 0.0833 0.0000 0.0000 0.2625
46       46   (0)      4  : 0.0000 0.9167 0.0000 0.0000 0.0000 0.0000 0.0000 0.0000 0.0833
47       47   (0)      4  : 0.0000 1.0000 0.0000 0.0000 0.0000 0.0000 0.0000 0.0000 0.0000
48       48   (0)      4  : 0.3902 0.0000 0.0000 0.0533 0.0000 0.3238 0.0000 0.0349 0.1977
49       49   (0)      4  : 0.0813 0.0016 0.0067 0.0471 0.0000 0.4613 0.0000 0.1886 0.2134
50       50   (0)      4  : 0.0000 0.0000 0.0207 0.2032 0.0000 0.2433 0.0000 0.2646 0.2682
51       51   (0)      4  : 0.3309 0.0000 0.0446 0.1872 0.0000 0.1510 0.0000 0.0756 0.2108
52       52   (0)      4  : 0.0000 0.0000 0.0000 0.6875 0.0000 0.0400 0.0000 0.0834 0.1891
53       53   (0)      4  : 0.0000 0.0000 0.0000 0.0000 0.0000 0.6213 0.0000 0.0833 0.2953
54       54   (0)      4  : 0.0576 0.0000 0.0000 0.2923 0.0000 0.5321 0.0000 0.0000 0.1180
55       55   (0)      4  : 0.1112 0.0000 0.6614 0.0000 0.0000 0.1409 0.0000 0.0000 0.0865
56       56   (0)      4  : 0.4973 0.0000 0.0000 0.0938 0.0000 0.3808 0.0000 0.0091 0.0189
57       57   (0)      5  : 0.3109 0.0000 0.0000 0.3899 0.0000 0.1236 0.0000 0.0784 0.0972
58       58   (0)      5  : 0.2398 0.0286 0.0010 0.4032 0.0001 0.2096 0.0000 0.0556 0.0620
59       59   (0)      5  : 0.0865 0.0000 0.0000 0.4609 0.0000 0.2001 0.0000 0.0403 0.2122
60       60   (0)      5  : 0.0000 0.8684 0.0000 0.0000 0.0000 0.0000 0.0000 0.0000 0.1316
61       61   (0)      5  : 0.0000 1.0000 0.0000 0.0000 0.0000 0.0000 0.0000 0.0000 0.0000
62       62   (0)      5  : 0.0000 0.0000 0.0000 0.0000 0.0000 0.0000 1.0000 0.0000 0.0000
63       63   (0)      6  : 0.0000 0.0000 0.0000 0.0000 1.0000 0.0000 0.0000 0.0000 0.0000
64       64   (0)      6  : 0.0000 0.8333 0.0000 0.0000 0.0000 0.0000 0.0000 0.0000 0.1667
65       65   (0)      6  : 0.0000 0.0000 0.0000 0.0000 1.0000 0.0000 0.0000 0.0000 0.0000
66       66   (0)      6  : 0.0267 0.6261 0.0000 0.1898 0.0337 0.0093 0.0333 0.0067 0.0743
67       67   (0)      6  : 0.0000 1.0000 0.0000 0.0000 0.0000 0.0000 0.0000 0.0000 0.0000
68       68   (0)      6  : 0.0000 0.7478 0.1217 0.0000 0.1142 0.0000 0.0000 0.0000 0.0163
69       69   (0)      6  : 0.2836 0.0648 0.0272 0.1613 0.0714 0.2475 0.0063 0.0590 0.0789
70       70   (0)      6  : 0.0000 1.0000 0.0000 0.0000 0.0000 0.0000 0.0000 0.0000 0.0000
71       71   (0)      6  : 0.8333 0.0000 0.0000 0.0000 0.0000 0.1667 0.0000 0.0000 0.0000
72       72   (0)      6  : 0.0000 0.8887 0.0000 0.0000 0.0000 0.0000 0.0000 0.0000 0.1113
73       73   (0)      6  : 0.0000 0.0000 0.0000 0.0000 1.0000 0.0000 0.0000 0.0000 0.0000
74       74   (0)      6  : 0.0000 0.7842 0.1330 0.0000 0.0000 0.0000 0.0000 0.0000 0.0827
75       75   (0)      6  : 0.0000 0.0000 0.0675 0.0000 0.9325 0.0000 0.0000 0.0000 0.0000
76       76   (0)      6  : 0.0000 0.8347 0.1653 0.0000 0.0000 0.0000 0.0000 0.0000 0.0000
77       77   (0)      6  : 0.0000 0.8199 0.1801 0.0000 0.0000 0.0000 0.0000 0.0000 0.0000
78       78   (0)      6  : 0.0000 0.0000 0.2135 0.0000 0.7865 0.0000 0.0000 0.0000 0.0000
79       79   (0)      6  : 0.0000 0.0000 0.0000 0.0000 1.0000 0.0000 0.0000 0.0000 0.0000
80       80   (0)      7  : 0.0000 0.0000 0.0000 0.7766 0.0000 0.0833 0.0000 0.1401 0.0000
81       81   (0)      8  : 0.2025 0.0000 0.0390 0.3139 0.0000 0.2437 0.0000 0.1453 0.0556
82       82   (0)      9  : 0.0000 0.0000 1.0000 0.0000 0.0000 0.0000 0.0000 0.0000 0.0000
83       83   (0)     10  : 0.1537 0.0000 0.1269 0.2690 0.0000 0.2346 0.0000 0.1265 0.0893
84       84   (0)     11  : 0.0307 0.0000 0.0000 0.8026 0.0000 0.0000 0.0000 0.0833 0.0833
85       85   (0)     11  : 0.0691 0.0000 0.4500 0.2166 0.0000 0.2643 0.0000 0.0000 0.0000
86       86   (0)     12  : 0.2801 0.0000 0.4335 0.0458 0.0000 0.0942 0.0000 0.1464 0.0000
87       87   (0)     12  : 0.2581 0.0000 0.1763 0.1831 0.0000 0.2281 0.0000 0.0906 0.0639
88       88   (0)     12  : 0.5850 0.0000 0.0000 0.0872 0.0000 0.1319 0.0000 0.0031 0.1927
89       89   (0)     12  : 0.1988 0.0000 0.1681 0.0779 0.0000 0.4316 0.0000 0.1183 0.0053
90       90   (0)     12  : 0.0000 0.0000 0.0000 0.0000 1.0000 0.0000 0.0000 0.0000 0.0000
91       91   (0)     12  : 0.1497 0.0000 0.0000 0.3243 0.0000 0.4178 0.0000 0.0727 0.0355
92       92   (0)     12  : 0.1720 0.0000 0.0000 0.1051 0.0000 0.5843 0.0000 0.0928 0.0458
93       93   (0)     12  : 0.6400 0.0000 0.0000 0.1175 0.0000 0.1389 0.0000 0.1036 0.0000
94       94   (0)     13  : 0.0262 0.0000 0.0000 0.5275 0.0000 0.2703 0.0000 0.0285 0.1475
