1        1   (0)      1  : 0.2796 0.0000 0.0000 0.4526 0.2678
2        2   (0)      1  : 0.0416 0.2179 0.1227 0.0426 0.5752
3        3   (0)      1  : 0.1412 0.0000 0.0000 0.4623 0.3965
4        4   (0)      1  : 0.5242 0.0000 0.0000 0.2772 0.1986
5        5   (0)      1  : 0.4524 0.0000 0.0000 0.2142 0.3335
6        6   (0)      1  : 0.5137 0.0000 0.0000 0.3491 0.1372
7        7   (0)      1  : 0.5478 0.0000 0.0000 0.3609 0.0913
8        8   (0)      1  : 0.4922 0.0000 0.0000 0.2923 0.2156
9        9   (0)      1  : 0.4747 0.0000 0.0000 0.4553 0.0700
10       10   (0)      1  : 0.5873 0.0000 0.0000 0.3322 0.0805
11       11   (0)      1  : 0.3487 0.0000 0.0512 0.4217 0.1783
12       12   (0)      1  : 0.0667 0.0000 0.0000 0.0667 0.8667
13       13   (0)      1  : 0.3014 0.0000 0.0000 0.3975 0.3011
14       14   (0)      2  : 0.1386 0.0000 0.0000 0.5900 0.2714
15       15   (0)      2  : 0.0000 1.0000 0.0000 0.0000 0.0000
16       16   (0)      2  : 0.0570 0.0000 0.0000 0.8499 0.0931
17       17   (0)      2  : 0.4311 0.0000 0.0000 0.4225 0.1464
18       18   (0)      2  : 0.7844 0.0000 0.0000 0.0823 0.1333
19       19   (0)      2  : 0.1686 0.0000 0.0000 0.6283 0.2031
20       20   (0)      2  : 0.5207 0.0000 0.0444 0.2969 0.1380
21       21   (0)      2  : 0.4224 0.0000 0.0000 0.3239 0.2537
22       22   (0)      2  : 0.4606 0.0000 0.0965 0.3038 0.1391
23       23   (0)      2  : 0.2560 0.0000 0.4486 0.1833 0.1120
24       24   (0)      2  : 0.3450 0.0000 0.0000 0.5231 0.1319
25       25   (0)      2  : 0.3995 0.0000 0.0000 0.4893 0.1112
26       26   (0)      2  : 0.2224 0.0000 0.4039 0.2589 0.1149
27       27   (0)      2  : 0.1964 0.0000 0.0000 0.5660 0.2376
28       28   (0)      3  : 0.0000 1.0000 0.0000 0.0000 0.0000
29       29   (0)      3  : 0.2205 0.0000 0.0000 0.3940 0.3855
30       30   (0)      3  : 0.0000 0.0000 1.0000 0.0000 0.0000
31       31   (0)      3  : 0.0621 0.0000 0.5317 0.1550 0.2512
32       32   (0)      3  : 0.0000 1.0000 0.0000 0.0000 0.0000
33       33   (0)      3  : 0.1262 0.0000 0.0000 0.8180 0.0558
34       34   (0)      3  : 0.0000 1.0000 0.0000 0.0000 0.0000
35       35   (0)      3  : 0.0000 1.0000 0.0000 0.0000 0.0000
36       36   (0)      3  : 0.0000 1.0000 0.0000 0.0000 0.0000
37       37   (0)      3  : 0.4174 0.0000 0.0000 0.2979 0.2847
38       38   (0)      3  : 0.0000 0.0000 1.0000 0.0000 0.0000
39       39   (0)      3  : 0.0000 0.0000 1.0000 0.0000 0.0000
40       40   (0)      3  : 0.4667 0.0000 0.0000 0.4000 0.1333
41       41   (0)      3  : 0.5830 0.0000 0.0000 0.3771 0.0399
42       42   (0)      3  : 0.0031 0.9942 0.0000 0.0020 0.0007
43       43   (0)      3  : 0.0000 1.0000 0.0000 0.0000 0.0000
44       44   (0)      3  : 0.3709 0.0000 0.0000 0.2418 0.3873
45       45   (0)      3  : 0.1633 0.0000 0.0000 0.8080 0.0287
46       46   (0)      4  : 0.0000 1.0000 0.0000 0.0000 0.0000
47       47   (0)      4  : 0.0000 1.0000 0.0000 0.0000 0.0000
48       48   (0)      4  : 0.2189 0.0000 0.0000 0.3939 0.3872
49       49   (0)      4  : 0.2436 0.0000 0.0166 0.1984 0.5414
50       50   (0)      4  : 0.4902 0.0000 0.0498 0.0809 0.3790
51       51   (0)      4  : 0.2987 0.0000 0.0620 0.3812 0.2581
52       52   (0)      4  : 0.6084 0.0000 0.0047 0.2362 0.1507
53       53   (0)      4  : 0.1507 0.0000 0.0000 0.2708 0.5785
54       54   (0)      4  : 0.5887 0.0000 0.0000 0.3313 0.0800
55       55   (0)      4  : 0.0222 0.0000 0.6612 0.1567 0.1600
56       56   (0)      4  : 0.2667 0.0000 0.0000 0.2503 0.4830
57       57   (0)      5  : 0.4501 0.0000 0.0000 0.2578 0.2921
58       58   (0)      5  : 0.4093 0.0482 0.0072 0.3624 0.1729
59       59   (0)      5  : 0.5285 0.0000 0.0000 0.3244 0.1472
60       60   (0)      5  : 0.0000 1.0000 0.0000 0.0000 0.0000
61       61   (0)      5  : 0.0092 0.9449 0.0358 0.0074 0.0027
62       62   (0)      5  : 0.0110 0.7996 0.1141 0.0057 0.0696
63       63   (0)      6  : 0.0000 1.0000 0.0000 0.0000 0.0000
64       64   (0)      6  : 0.0000 1.0000 0.0000 0.0000 0.0000
65       65   (0)      6  : 0.0000 1.0000 0.0000 0.0000 0.0000
66       66   (0)      6  : 0.1242 0.7596 0.0000 0.0866 0.0296
67       67   (0)      6  : 0.0000 1.0000 0.0000 0.0000 0.0000
68       68   (0)      6  : 0.0000 0.8746 0.1254 0.0000 0.0000
69       69   (0)      6  : 0.2935 0.1420 0.0320 0.3347 0.1978
70       70   (0)      6  : 0.0000 1.0000 0.0000 0.0000 0.0000
71       71   (0)      6  : 0.0934 0.0000 0.0000 0.8223 0.0843
72       72   (0)      6  : 0.0000 1.0000 0.0000 0.0000 0.0000
73       73   (0)      6  : 0.0000 0.9202 0.0798 0.0000 0.0000
74       74   (0)      6  : 0.0000 0.8676 0.1324 0.0000 0.0000
75       75   (0)      6  : 0.0000 0.8970 0.1030 0.0000 0.0000
76       76   (0)      6  : 0.0000 0.8324 0.1676 0.0000 0.0000
77       77   (0)      6  : 0.0000 0.8191 0.1809 0.0000 0.0000
78       78   (0)      6  : 0.0000 0.7604 0.2396 0.0000 0.0000
79       79   (0)      6  : 0.0000 0.9461 0.0539 0.0000 0.0000
80       80   (0)      7  : 0.9551 0.0000 0.0000 0.0256 0.0192
81       81   (0)      8  : 0.6366 0.0000 0.0452 0.1277 0.1905
82       82   (0)      9  : 0.0000 0.0000 1.0000 0.0000 0.0000
83       83   (0)     10  : 0.4462 0.0000 0.1327 0.2152 0.2060
84       84   (0)     11  : 0.5339 0.0000 0.0000 0.3156 0.1505
85       85   (0)     11  : 0.4545 0.0000 0.4444 0.0519 0.0493
86       86   (0)     12  : 0.0730 0.0000 0.4482 0.3311 0.1477
87       87   (0)     12  : 0.3749 0.0000 0.1767 0.3326 0.1158
88       88   (0)     12  : 0.1371 0.0000 0.0000 0.6228 0.2401
89       89   (0)     12  : 0.4184 0.0000 0.1660 0.1926 0.2230
90       90   (0)     12  : 0.0050 0.9207 0.0401 0.0028 0.0314
91       91   (0)     12  : 0.6473 0.0000 0.0000 0.1264 0.2263
92       92   (0)     12  : 0.4385 0.0000 0.0000 0.2857 0.2758
93       93   (0)     12  : 0.2939 0.0000 0.0000 0.5486 0.1575
94       94   (0)     13  : 0.4682 0.0000 0.0000 0.2384 0.2934
