  1        1   (0)      1 :  0.0000 0.7737 0.0091 0.0007 0.2166 
  2        2   (0)      1 :  0.0000 0.7951 0.0828 0.0265 0.0956 
  3        3   (0)      1 :  0.0000 1.0000 0.0000 0.0000 0.0000 
  4        4   (0)      1 :  0.0000 0.9800 0.0200 0.0000 0.0000 
  5        5   (0)      1 :  0.0000 0.2071 0.0649 0.1725 0.5555 
  6        6   (0)      1 :  0.0000 0.0908 0.0611 0.1266 0.7215 
  7        7   (0)      1 :  0.0000 0.0138 0.0645 0.0000 0.9217 
  8        8   (0)      1 :  0.0000 0.2327 0.0573 0.1254 0.5846 
  9        9   (0)      1 :  0.0000 0.9800 0.0200 0.0000 0.0000 
 10       10   (0)      1 :  0.0000 0.0001 0.0671 0.0000 0.9328 
 11       11   (0)      1 :  0.0000 0.0032 0.0876 0.0000 0.9092 
 12       12   (0)      1 :  0.0000 0.0000 0.3233 0.0000 0.6767 
 13       13   (0)      1 :  0.0000 0.0000 0.0671 0.0000 0.9329 
 14       14   (0)      1 :  0.0501 0.1745 0.0987 0.1286 0.5482 
 15       15   (0)      1 :  0.0000 0.0000 0.0000 1.0000 0.0000 
 16       16   (0)      1 :  0.0000 1.0000 0.0000 0.0000 0.0000 
 17       17   (0)      1 :  0.0000 1.0000 0.0000 0.0000 0.0000 
 18       18   (0)      1 :  0.0000 0.0000 0.3060 0.0000 0.6940 
 19       19   (0)      1 :  0.0000 0.0190 0.0761 0.0000 0.9049 
 20       20   (0)      1 :  0.0000 0.0060 0.0727 0.0000 0.9213 
 21       21   (0)      1 :  0.0000 1.0000 0.0000 0.0000 0.0000 
 22       22   (0)      1 :  0.0000 0.0000 0.0000 1.0000 0.0000 
 23       23   (0)      1 :  0.0000 0.0218 0.0686 0.0073 0.9022 
 24       24   (0)      2 :  0.0000 1.0000 0.0000 0.0000 0.0000 
 25       25   (0)      2 :  0.0000 0.0000 0.0296 0.0000 0.9704 
 26       26   (0)      2 :  0.0000 0.6834 0.0212 0.0000 0.2954 
 27       27   (0)      2 :  0.0000 0.0508 0.0820 0.0000 0.8672 
 28       28   (0)      2 :  0.0013 0.0573 0.0454 0.0261 0.8698 
 29       29   (0)      2 :  0.0000 0.0646 0.0805 0.0000 0.8549 
 30       30   (0)      2 :  0.9600 0.0000 0.0400 0.0000 0.0000 
 31       31   (0)      2 :  0.0000 0.0350 0.0668 0.0152 0.8831 
 32       32   (0)      2 :  0.0000 1.0000 0.0000 0.0000 0.0000 
 33       33   (0)      2 :  0.0000 0.0000 0.3058 0.0000 0.6942 
 34       34   (0)      2 :  0.0000 0.0052 0.0467 0.0000 0.9481 
 35       35   (0)      2 :  0.0000 0.0376 0.0784 0.0248 0.8592 
 36       36   (0)      2 :  0.0000 0.9800 0.0200 0.0000 0.0000 
 37       37   (0)      3 :  0.0000 0.0230 0.0695 0.0059 0.9016 
 38       38   (0)      3 :  0.0000 0.0699 0.1438 0.0000 0.7863 
 39       39   (0)      3 :  0.0000 0.0169 0.0521 0.0000 0.9310 
 40       40   (0)      3 :  0.0000 0.0312 0.0639 0.0008 0.9041 
 41       41   (0)      3 :  0.0000 0.0240 0.0602 0.0000 0.9158 
 42       42   (0)      4 :  0.9884 0.0000 0.0116 0.0000 0.0000 
 43       43   (0)      4 :  0.0106 0.0002 0.0669 0.0000 0.9224 
 44       44   (0)      4 :  1.0000 0.0000 0.0000 0.0000 0.0000 
 45       45   (0)      4 :  1.0000 0.0000 0.0000 0.0000 0.0000 
 46       46   (0)      4 :  0.0247 0.0502 0.0397 0.0132 0.8721 
 47       47   (0)      4 :  0.0000 0.0047 0.0320 0.0000 0.9633 
 48       48   (0)      4 :  0.0000 0.0000 0.0753 0.0000 0.9247 
 49       49   (0)      4 :  0.0000 0.0176 0.0424 0.0000 0.9399 
 50       50   (0)      4 :  0.0000 0.0000 0.0363 0.0000 0.9637 
 51       51   (0)      4 :  0.3813 0.0137 0.0967 0.1124 0.3960 
 52       52   (0)      4 :  0.0224 0.0111 0.0763 0.0000 0.8902 
 53       53   (0)      4 :  0.0110 0.0000 0.0573 0.0000 0.9317 
 54       54   (0)      4 :  0.0320 0.0148 0.0526 0.0113 0.8894 
 55       55   (0)      4 :  0.0000 0.0019 0.0449 0.0000 0.9532 
 56       56   (0)      4 :  1.0000 0.0000 0.0000 0.0000 0.0000 
 57       57   (0)      5 :  0.0000 0.0202 0.0524 0.0000 0.9274 
 58       58   (0)      5 :  0.0000 0.0090 0.0702 0.0000 0.9208 
 59       59   (0)      5 :  0.9865 0.0000 0.0135 0.0000 0.0000 
 60       60   (0)      5 :  0.0000 0.0000 0.0575 0.0000 0.9424 
 61       61   (0)      5 :  0.4622 0.0073 0.0684 0.1150 0.3470 
 62       62   (0)      5 :  0.9800 0.0000 0.0200 0.0000 0.0000 
 63       63   (0)      5 :  0.1741 0.0465 0.0616 0.0190 0.6988 
 64       64   (0)      5 :  0.0000 0.0008 0.0840 0.0000 0.9152 
 65       65   (0)      5 :  0.0000 0.0000 0.0427 0.0000 0.9573 
 66       66   (0)      5 :  0.0000 0.0347 0.0398 0.0000 0.9255 
 67       67   (0)      5 :  0.7272 0.0007 0.0571 0.0546 0.1604 
 68       68   (0)      5 :  0.9880 0.0000 0.0120 0.0000 0.0000 
 69       69   (0)      5 :  0.2268 0.0334 0.0723 0.0069 0.6606 
 70       70   (0)      5 :  0.9800 0.0000 0.0200 0.0000 0.0000 
 71       71   (0)      5 :  0.9747 0.0000 0.0253 0.0000 0.0000 
 72       72   (0)      5 :  0.1129 0.0181 0.0510 0.0049 0.8131 
 73       73   (0)      5 :  0.0000 0.0396 0.0620 0.0000 0.8983 
 74       74   (0)      5 :  0.9800 0.0000 0.0200 0.0000 0.0000 
 75       75   (0)      6 :  0.9694 0.0000 0.0306 0.0000 0.0000 
 76       76   (0)      6 :  0.0479 0.0162 0.0608 0.0177 0.8574 
 77       77   (0)      6 :  0.9762 0.0000 0.0238 0.0000 0.0000 
 78       78   (0)      6 :  0.9800 0.0000 0.0200 0.0000 0.0000 
 79       79   (0)      6 :  0.9755 0.0000 0.0245 0.0000 0.0000 
 80       80   (0)      6 :  0.0000 0.9930 0.0042 0.0028 0.0000 
 81       81   (0)      6 :  0.9822 0.0000 0.0178 0.0000 0.0000 
 82       82   (0)      6 :  0.9729 0.0000 0.0271 0.0000 0.0000 
 83       83   (0)      6 :  0.9401 0.0000 0.0323 0.0276 0.0000 
 84       84   (0)      6 :  0.9800 0.0000 0.0200 0.0000 0.0000 
 85       85   (0)      6 :  0.9886 0.0000 0.0114 0.0000 0.0000 
 86       86   (0)      6 :  0.9677 0.0000 0.0323 0.0000 0.0000 
 87       87   (0)      6 :  0.9931 0.0000 0.0069 0.0000 0.0000 
 88       88   (0)      6 :  0.9956 0.0000 0.0044 0.0000 0.0000 
 89       89   (0)      6 :  1.0000 0.0000 0.0000 0.0000 0.0000 
 90       90   (0)      6 :  0.1351 0.8466 0.0183 0.0000 0.0000 
 91       91   (0)      6 :  1.0000 0.0000 0.0000 0.0000 0.0000 
 92       92   (0)      6 :  0.0000 0.0390 0.1135 0.0019 0.8456 
 93       93   (0)      6 :  0.1402 0.1059 0.2887 0.4535 0.0118 
 94       94   (0)      6 :  0.0000 0.0000 0.0740 0.0000 0.9260 
 95       95   (0)      6 :  0.1434 0.0002 0.3246 0.2210 0.3109 
 96       96   (0)      6 :  0.2033 0.0000 0.3085 0.1471 0.3412 
 97       97   (0)      6 :  0.0390 0.0005 0.1120 0.0103 0.8382 
 98       98   (0)      6 :  0.1327 0.0323 0.2356 0.3827 0.2167 
 99       99   (0)      7 :  0.9800 0.0000 0.0200 0.0000 0.0000 
100      100   (0)      7 :  0.1496 0.0203 0.0891 0.0750 0.6660 
101      101   (0)      7 :  0.0000 0.0000 0.0000 1.0000 0.0000 
102      102   (0)      7 :  0.0000 0.0000 0.0000 1.0000 0.0000 
103      103   (0)      7 :  0.0000 0.0000 0.0917 0.0000 0.9083 
104      104   (0)      7 :  0.0000 0.0561 0.0926 0.0013 0.8500 
105      105   (0)      7 :  0.0000 0.0549 0.0474 0.0004 0.8973 
106      106   (0)      7 :  0.0000 0.0060 0.0520 0.0000 0.9419 
107      107   (0)      7 :  0.0000 0.0068 0.0559 0.0000 0.9372 
108      108   (0)      8 :  0.0000 0.0287 0.4000 0.0000 0.5713 
109      109   (0)      8 :  0.0000 0.0128 0.0686 0.0000 0.9186 
110      110   (0)      8 :  0.0000 0.0000 0.3233 0.0000 0.6767 
111      111   (0)      8 :  0.0000 0.0000 0.3001 0.0000 0.6999 
112      112   (0)      8 :  0.0000 0.0000 0.0000 1.0000 0.0000 
113      113   (0)      8 :  0.0000 0.0008 0.0507 0.0000 0.9484 
114      114   (0)      8 :  0.0000 0.0002 0.0505 0.0000 0.9494 
115      115   (0)      8 :  0.0000 0.0277 0.4000 0.0000 0.5723 
116      116   (0)      8 :  0.0000 0.0000 0.3001 0.0000 0.6999 
117      117   (0)      8 :  0.0461 0.0430 0.1003 0.0168 0.7939 
118      118   (0)      8 :  0.0000 0.0509 0.0417 0.0000 0.9074 
119      119   (0)      9 :  0.9809 0.0000 0.0191 0.0000 0.0000 
120      120   (0)     10 :  0.0000 0.0033 0.0694 0.0475 0.8799 
121      121   (0)     10 :  0.0000 0.0000 0.0609 0.0000 0.9391 
122      122   (0)     10 :  0.0000 0.0019 0.0691 0.0000 0.9291 
123      123   (0)     10 :  0.0690 0.0524 0.0897 0.0122 0.7766 
124      124   (0)     10 :  0.0000 0.0004 0.0558 0.0569 0.8869 
125      125   (0)     10 :  0.0098 0.0277 0.0847 0.0829 0.7949 
126      126   (0)     10 :  0.0000 0.0016 0.0512 0.0188 0.9283 
127      127   (0)     10 :  0.0000 0.0129 0.0595 0.0000 0.9276 
128      128   (0)     10 :  0.0000 0.0165 0.0586 0.0235 0.9014 
129      129   (0)     10 :  0.0000 0.0153 0.0450 0.0000 0.9397 
130      130   (0)     10 :  0.0000 0.0009 0.0353 0.0008 0.9630 
131      131   (0)     10 :  0.0000 0.0347 0.0553 0.0382 0.8718 
132      132   (0)     10 :  0.0000 0.0518 0.0588 0.0697 0.8198 
133      133   (0)     10 :  0.0202 0.0140 0.0701 0.0279 0.8679 
134      134   (0)     10 :  0.0131 0.0000 0.0772 0.0508 0.8589 
135      135   (0)     10 :  0.0000 0.0170 0.0717 0.0371 0.8742 
136      136   (0)     10 :  0.0000 0.0020 0.0574 0.0136 0.9270 
137      137   (0)     11 :  0.8985 0.0000 0.0111 0.0904 0.0000 
138      138   (0)     12 :  0.0127 0.1164 0.0911 0.0953 0.6845 
139      139   (0)     12 :  0.2717 0.0161 0.1569 0.1794 0.3759 
140      140   (0)     12 :  0.0000 0.9463 0.0040 0.0498 0.0000 
141      141   (0)     12 :  0.0000 0.0583 0.3908 0.2890 0.2619 
142      142   (0)     12 :  0.0000 0.0339 0.0599 0.0594 0.8469 
143      143   (0)     12 :  0.1003 0.0402 0.2289 0.2470 0.3835 
144      144   (0)     12 :  0.0028 0.0684 0.0447 0.1365 0.7476 
145      145   (0)     12 :  0.0000 0.6147 0.0285 0.0000 0.3568 
146      146   (0)     13 :  0.9864 0.0000 0.0136 0.0000 0.0000 
147      147   (0)     13 :  0.9832 0.0000 0.0168 0.0000 0.0000 
148      148   (0)     13 :  0.9914 0.0000 0.0086 0.0000 0.0000 
149      149   (0)     13 :  0.9884 0.0000 0.0116 0.0000 0.0000 
150      150   (0)     13 :  0.9800 0.0000 0.0200 0.0000 0.0000 
151      151   (0)     14 :  0.9896 0.0000 0.0104 0.0000 0.0000 
152      152   (0)     14 :  0.0000 0.0262 0.0577 0.0000 0.9161 
153      153   (0)     15 :  0.2058 0.0022 0.3119 0.2101 0.2700 
154      154   (0)     15 :  0.9628 0.0000 0.0273 0.0100 0.0000 
155      155   (0)     16 :  0.0000 0.0089 0.0686 0.0483 0.8742 
156      156   (0)     16 :  0.0000 0.0403 0.0780 0.0137 0.8680 
157      157   (0)     17 :  0.1539 0.0843 0.2862 0.2888 0.1868 
158      158   (0)     17 :  0.0000 0.9749 0.0200 0.0051 0.0000 
159      159   (0)     18 :  0.0000 0.0000 0.0515 0.0187 0.9298 
160      160   (0)     18 :  0.0000 0.0003 0.0617 0.0000 0.9381 
161      161   (0)     18 :  0.0000 0.0005 0.0679 0.0000 0.9316 
162      162   (0)     19 :  0.0000 0.0012 0.0934 0.0594 0.8460 
163      163   (0)     19 :  0.1652 0.0259 0.1356 0.2419 0.4314 
164      164   (0)     19 :  0.0000 0.0724 0.1404 0.0000 0.7872 
