1        1   (0)      1  : 0.2122 0.0000 0.0006 0.7714 0.0158 0.0000
2        2   (0)      1  : 0.0518 0.0000 0.0230 0.7903 0.1349 0.0000
3        3   (0)      1  : 0.0000 0.0000 0.0000 1.0000 0.0000 0.0000
4        4   (0)      1  : 0.0000 0.0000 0.0000 0.9687 0.0313 0.0000
5        5   (0)      1  : 0.5176 0.0000 0.1297 0.1970 0.0471 0.1086
6        6   (0)      1  : 0.6856 0.0000 0.1034 0.0859 0.0617 0.0634
7        7   (0)      1  : 0.8931 0.0000 0.0000 0.0135 0.0934 0.0000
8        8   (0)      1  : 0.5566 0.0000 0.0965 0.2244 0.0526 0.0700
9        9   (0)      1  : 0.0000 0.0000 0.0000 0.9687 0.0313 0.0000
10       10   (0)      1  : 0.8944 0.0000 0.0000 0.0002 0.1054 0.0000
11       11   (0)      1  : 0.8642 0.0000 0.0000 0.0020 0.1338 0.0000
12       12   (0)      1  : 0.5000 0.0000 0.0000 0.0000 0.5000 0.0000
13       13   (0)      1  : 0.8958 0.0000 0.0000 0.0000 0.1042 0.0000
14       14   (0)      1  : 0.4817 0.0217 0.0931 0.1689 0.0903 0.1442
15       15   (0)      1  : 0.0000 0.0000 1.0000 0.0000 0.0000 0.0000
16       16   (0)      1  : 0.0000 0.0000 0.0000 1.0000 0.0000 0.0000
17       17   (0)      1  : 0.0000 0.0000 0.0000 1.0000 0.0000 0.0000
18       18   (0)      1  : 0.4963 0.0000 0.0000 0.0000 0.5037 0.0000
19       19   (0)      1  : 0.8597 0.0000 0.0000 0.0174 0.1229 0.0000
20       20   (0)      1  : 0.8863 0.0000 0.0000 0.0046 0.1091 0.0000
21       21   (0)      1  : 0.0000 0.0000 0.0000 1.0000 0.0000 0.0000
22       22   (0)      1  : 0.0000 0.0000 1.0000 0.0000 0.0000 0.0000
23       23   (0)      1  : 0.8669 0.0000 0.0083 0.0201 0.1047 0.0000
24       24   (0)      2  : 0.0000 0.0000 0.0000 1.0000 0.0000 0.0000
25       25   (0)      2  : 0.9589 0.0000 0.0000 0.0000 0.0411 0.0000
26       26   (0)      2  : 0.2890 0.0000 0.0000 0.6809 0.0301 0.0000
27       27   (0)      2  : 0.8200 0.0000 0.0000 0.0509 0.1292 0.0000
28       28   (0)      2  : 0.8469 0.0000 0.0218 0.0558 0.0539 0.0216
29       29   (0)      2  : 0.8072 0.0000 0.0000 0.0633 0.1295 0.0000
30       30   (0)      2  : 0.0000 1.0000 0.0000 0.0000 0.0000 0.0000
31       31   (0)      2  : 0.8471 0.0000 0.0088 0.0341 0.0920 0.0180
32       32   (0)      2  : 0.0000 0.0000 0.0000 1.0000 0.0000 0.0000
33       33   (0)      2  : 0.4965 0.0000 0.0000 0.0000 0.5035 0.0000
34       34   (0)      2  : 0.9221 0.0000 0.0000 0.0037 0.0743 0.0000
35       35   (0)      2  : 0.8165 0.0000 0.0265 0.0354 0.1216 0.0000
36       36   (0)      2  : 0.0000 0.0000 0.0000 0.9687 0.0313 0.0000
37       37   (0)      3  : 0.8626 0.0000 0.0055 0.0229 0.1089 0.0000
38       38   (0)      3  : 0.6975 0.0000 0.0000 0.0672 0.2353 0.0000
39       39   (0)      3  : 0.9013 0.0000 0.0000 0.0166 0.0822 0.0000
40       40   (0)      3  : 0.8713 0.0000 0.0014 0.0309 0.0964 0.0000
41       41   (0)      3  : 0.8826 0.0000 0.0000 0.0224 0.0950 0.0000
42       42   (0)      4  : 0.0000 1.0000 0.0000 0.0000 0.0000 0.0000
43       43   (0)      4  : 0.8812 0.0000 0.0000 0.0002 0.0843 0.0343
44       44   (0)      4  : 0.0000 1.0000 0.0000 0.0000 0.0000 0.0000
45       45   (0)      4  : 0.0000 1.0000 0.0000 0.0000 0.0000 0.0000
46       46   (0)      4  : 0.8547 0.0255 0.0139 0.0482 0.0577 0.0000
47       47   (0)      4  : 0.9519 0.0000 0.0000 0.0021 0.0460 0.0000
48       48   (0)      4  : 0.8811 0.0000 0.0000 0.0000 0.1189 0.0000
49       49   (0)      4  : 0.9268 0.0000 0.0000 0.0152 0.0579 0.0000
50       50   (0)      4  : 0.9240 0.0000 0.0000 0.0000 0.0760 0.0000
51       51   (0)      4  : 0.3240 0.3471 0.0385 0.0000 0.0099 0.2805
52       52   (0)      4  : 0.8517 0.0090 0.0000 0.0052 0.0785 0.0557
53       53   (0)      4  : 0.9015 0.0098 0.0000 0.0000 0.0886 0.0000
54       54   (0)      4  : 0.8605 0.0320 0.0127 0.0136 0.0780 0.0032
55       55   (0)      4  : 0.9093 0.0000 0.0000 0.0017 0.0890 0.0000
56       56   (0)      4  : 0.0000 1.0000 0.0000 0.0000 0.0000 0.0000
57       57   (0)      5  : 0.9012 0.0000 0.0000 0.0191 0.0796 0.0000
58       58   (0)      5  : 0.8824 0.0000 0.0000 0.0089 0.1087 0.0000
59       59   (0)      5  : 0.0000 1.0000 0.0000 0.0000 0.0000 0.0000
60       60   (0)      5  : 0.9150 0.0000 0.0000 0.0001 0.0849 0.0000
61       61   (0)      5  : 0.3032 0.4599 0.0935 0.0061 0.0632 0.0742
62       62   (0)      5  : 0.0000 1.0000 0.0000 0.0000 0.0000 0.0000
63       63   (0)      5  : 0.6624 0.1702 0.0072 0.0434 0.0653 0.0514
64       64   (0)      5  : 0.8675 0.0000 0.0000 0.0001 0.1324 0.0000
65       65   (0)      5  : 0.9402 0.0000 0.0000 0.0000 0.0598 0.0000
66       66   (0)      5  : 0.8995 0.0000 0.0000 0.0339 0.0666 0.0000
67       67   (0)      5  : 0.1201 0.7267 0.0274 0.0000 0.0006 0.1252
68       68   (0)      5  : 0.0000 1.0000 0.0000 0.0000 0.0000 0.0000
69       69   (0)      5  : 0.6208 0.2296 0.0043 0.0315 0.0967 0.0171
70       70   (0)      5  : 0.0000 1.0000 0.0000 0.0000 0.0000 0.0000
71       71   (0)      5  : 0.0000 1.0000 0.0000 0.0000 0.0000 0.0000
72       72   (0)      5  : 0.7880 0.1149 0.0033 0.0175 0.0712 0.0051
73       73   (0)      5  : 0.8607 0.0000 0.0000 0.0402 0.0991 0.0000
74       74   (0)      5  : 0.0000 1.0000 0.0000 0.0000 0.0000 0.0000
75       75   (0)      6  : 0.0000 1.0000 0.0000 0.0000 0.0000 0.0000
76       76   (0)      6  : 0.8261 0.0447 0.0113 0.0154 0.0721 0.0304
77       77   (0)      6  : 0.0000 1.0000 0.0000 0.0000 0.0000 0.0000
78       78   (0)      6  : 0.0000 1.0000 0.0000 0.0000 0.0000 0.0000
79       79   (0)      6  : 0.0000 1.0000 0.0000 0.0000 0.0000 0.0000
80       80   (0)      6  : 0.0000 0.0000 0.0014 0.9924 0.0062 0.0000
81       81   (0)      6  : 0.0000 1.0000 0.0000 0.0000 0.0000 0.0000
82       82   (0)      6  : 0.0000 1.0000 0.0000 0.0000 0.0000 0.0000
83       83   (0)      6  : 0.0000 0.9562 0.0159 0.0000 0.0000 0.0279
84       84   (0)      6  : 0.0000 1.0000 0.0000 0.0000 0.0000 0.0000
85       85   (0)      6  : 0.0000 1.0000 0.0000 0.0000 0.0000 0.0000
86       86   (0)      6  : 0.0000 1.0000 0.0000 0.0000 0.0000 0.0000
87       87   (0)      6  : 0.0000 1.0000 0.0000 0.0000 0.0000 0.0000
88       88   (0)      6  : 0.0000 1.0000 0.0000 0.0000 0.0000 0.0000
89       89   (0)      6  : 0.0000 1.0000 0.0000 0.0000 0.0000 0.0000
90       90   (0)      6  : 0.0000 0.1345 0.0000 0.8371 0.0284 0.0000
91       91   (0)      6  : 0.0000 1.0000 0.0000 0.0000 0.0000 0.0000
92       92   (0)      6  : 0.7617 0.0000 0.0000 0.0321 0.1668 0.0394
93       93   (0)      6  : 0.0000 0.0000 0.0000 0.0000 0.0000 1.0000
94       94   (0)      6  : 0.8381 0.0000 0.0000 0.0000 0.0952 0.0666
95       95   (0)      6  : 0.0000 0.0000 0.0000 0.0000 0.0000 1.0000
96       96   (0)      6  : 0.0000 0.0000 0.0000 0.0000 0.0000 1.0000
97       97   (0)      6  : 0.7301 0.0000 0.0000 0.0000 0.0878 0.1821
98       98   (0)      6  : 0.0000 0.0000 0.1608 0.0000 0.0000 0.8392
99       99   (0)      7  : 0.0000 1.0000 0.0000 0.0000 0.0000 0.0000
100      100   (0)      7  : 0.6123 0.1310 0.0321 0.0125 0.0514 0.1607
101      101   (0)      7  : 0.0000 0.0000 1.0000 0.0000 0.0000 0.0000
102      102   (0)      7  : 0.0000 0.0000 1.0000 0.0000 0.0000 0.0000
103      103   (0)      7  : 0.8503 0.0000 0.0000 0.0000 0.1369 0.0128
104      104   (0)      7  : 0.7995 0.0000 0.0042 0.0560 0.1389 0.0015
105      105   (0)      7  : 0.8754 0.0000 0.0002 0.0532 0.0713 0.0000
106      106   (0)      7  : 0.9169 0.0000 0.0000 0.0051 0.0780 0.0000
107      107   (0)      7  : 0.9090 0.0000 0.0000 0.0057 0.0853 0.0000
108      108   (0)      8  : 0.3350 0.0000 0.0000 0.0088 0.6562 0.0000
109      109   (0)      8  : 0.8824 0.0000 0.0000 0.0113 0.1063 0.0000
110      110   (0)      8  : 0.5000 0.0000 0.0000 0.0000 0.5000 0.0000
111      111   (0)      8  : 0.5000 0.0000 0.0000 0.0000 0.5000 0.0000
112      112   (0)      8  : 0.0000 0.0000 1.0000 0.0000 0.0000 0.0000
113      113   (0)      8  : 0.9264 0.0000 0.0000 0.0007 0.0730 0.0000
114      114   (0)      8  : 0.9255 0.0000 0.0000 0.0003 0.0742 0.0000
115      115   (0)      8  : 0.3354 0.0000 0.0000 0.0084 0.6562 0.0000
116      116   (0)      8  : 0.5000 0.0000 0.0000 0.0000 0.5000 0.0000
117      117   (0)      8  : 0.7264 0.0236 0.0000 0.0356 0.1061 0.1082
118      118   (0)      8  : 0.8900 0.0000 0.0000 0.0497 0.0604 0.0000
119      119   (0)      9  : 0.0000 1.0000 0.0000 0.0000 0.0000 0.0000
120      120   (0)     10  : 0.8402 0.0000 0.0487 0.0026 0.1085 0.0000
121      121   (0)     10  : 0.9100 0.0000 0.0000 0.0000 0.0884 0.0016
122      122   (0)     10  : 0.8881 0.0000 0.0000 0.0008 0.1110 0.0000
123      123   (0)     10  : 0.7217 0.0706 0.0129 0.0516 0.1432 0.0000
124      124   (0)     10  : 0.8577 0.0000 0.0560 0.0000 0.0863 0.0000
125      125   (0)     10  : 0.7469 0.0000 0.0376 0.0098 0.0534 0.1523
126      126   (0)     10  : 0.9001 0.0000 0.0179 0.0010 0.0787 0.0022
127      127   (0)     10  : 0.8984 0.0000 0.0000 0.0099 0.0917 0.0000
128      128   (0)     10  : 0.8745 0.0000 0.0239 0.0150 0.0866 0.0000
129      129   (0)     10  : 0.9141 0.0000 0.0000 0.0150 0.0709 0.0000
130      130   (0)     10  : 0.9489 0.0000 0.0000 0.0021 0.0466 0.0023
131      131   (0)     10  : 0.8412 0.0000 0.0342 0.0345 0.0797 0.0104
132      132   (0)     10  : 0.7806 0.0000 0.0514 0.0472 0.0651 0.0556
133      133   (0)     10  : 0.8279 0.0144 0.0213 0.0101 0.0931 0.0332
134      134   (0)     10  : 0.8169 0.0066 0.0396 0.0000 0.0845 0.0525
135      135   (0)     10  : 0.8326 0.0000 0.0374 0.0174 0.1126 0.0000
136      136   (0)     10  : 0.8958 0.0000 0.0148 0.0017 0.0877 0.0000
137      137   (0)     11  : 0.0000 0.9110 0.0890 0.0000 0.0000 0.0000
138      138   (0)     12  : 0.6241 0.0000 0.0486 0.1036 0.0730 0.1507
139      139   (0)     12  : 0.2673 0.2119 0.0668 0.0000 0.0059 0.4481
140      140   (0)     12  : 0.0000 0.0000 0.0481 0.9456 0.0063 0.0000
141      141   (0)     12  : 0.0000 0.0000 0.0000 0.0000 0.0433 0.9567
142      142   (0)     12  : 0.8101 0.0000 0.0530 0.0344 0.0854 0.0172
143      143   (0)     12  : 0.2122 0.0000 0.0808 0.0000 0.0052 0.7018
144      144   (0)     12  : 0.7214 0.0000 0.1196 0.0655 0.0411 0.0525
145      145   (0)     12  : 0.3456 0.0000 0.0000 0.6122 0.0422 0.0000
146      146   (0)     13  : 0.0000 1.0000 0.0000 0.0000 0.0000 0.0000
147      147   (0)     13  : 0.0000 1.0000 0.0000 0.0000 0.0000 0.0000
148      148   (0)     13  : 0.0000 1.0000 0.0000 0.0000 0.0000 0.0000
149      149   (0)     13  : 0.0000 1.0000 0.0000 0.0000 0.0000 0.0000
150      150   (0)     13  : 0.0000 1.0000 0.0000 0.0000 0.0000 0.0000
151      151   (0)     14  : 0.0000 1.0000 0.0000 0.0000 0.0000 0.0000
152      152   (0)     14  : 0.8834 0.0000 0.0000 0.0250 0.0916 0.0000
153      153   (0)     15  : 0.0000 0.0000 0.0000 0.0000 0.0000 1.0000
154      154   (0)     15  : 0.0000 0.9828 0.0000 0.0000 0.0000 0.0172
155      155   (0)     16  : 0.8344 0.0000 0.0336 0.0039 0.0828 0.0454
156      156   (0)     16  : 0.8249 0.0000 0.0142 0.0399 0.1211 0.0000
157      157   (0)     17  : 0.0000 0.0000 0.1205 0.0000 0.0000 0.8795
158      158   (0)     17  : 0.0000 0.0000 0.0049 0.9638 0.0313 0.0000
159      159   (0)     18  : 0.8976 0.0000 0.0122 0.0000 0.0674 0.0229
160      160   (0)     18  : 0.9057 0.0000 0.0000 0.0004 0.0938 0.0000
161      161   (0)     18  : 0.8924 0.0000 0.0000 0.0005 0.1071 0.0000
162      162   (0)     19  : 0.7847 0.0000 0.0307 0.0000 0.1150 0.0695
163      163   (0)     19  : 0.3387 0.1370 0.1883 0.0101 0.1027 0.2232
164      164   (0)     19  : 0.6935 0.0000 0.0000 0.0686 0.2379 0.0000
