1        1   (0)      1  : 0.0000 1.0000 0.0000 0.0000 0.0000 0.0000 0.0000 0.0000 0.0000 0.0000
2        2   (0)      2  : 0.0000 0.0000 0.0000 0.0000 0.0000 0.9822 0.0000 0.0178 0.0000 0.0000
3        3   (0)      2  : 0.1297 0.0000 0.0000 0.0000 0.0000 0.0000 0.0000 0.0000 0.0000 0.8703
4        4   (0)      3  : 0.0317 0.0000 0.0301 0.0012 0.0000 0.0028 0.0000 0.0087 0.8538 0.0717
5        5   (0)      3  : 0.0646 0.0000 0.0040 0.0000 0.0000 0.0000 0.0011 0.0000 0.8653 0.0650
6        6   (0)      3  : 0.1417 0.0000 0.0000 0.0000 0.0317 0.0000 0.0000 0.0000 0.4961 0.3305
7        7   (0)      3  : 0.0000 0.0000 0.0226 0.8175 0.0000 0.1599 0.0000 0.0000 0.0000 0.0000
8        8   (0)      3  : 0.0675 0.0000 0.0000 0.0000 0.0012 0.0028 0.0000 0.0000 0.8713 0.0572
9        9   (0)      3  : 0.2345 0.0000 0.0000 0.0000 0.0000 0.0000 0.0000 0.0000 0.2447 0.5207
10       10   (0)      4  : 0.3160 0.0000 0.0000 0.0000 0.0000 0.0020 0.0000 0.0000 0.5810 0.1010
11       11   (0)      4  : 0.1247 0.0000 0.0000 0.0000 0.0000 0.0000 0.5294 0.0000 0.0330 0.3130
12       12   (0)      4  : 0.1535 0.0000 0.0000 0.0000 0.0000 0.0000 0.0000 0.0000 0.0000 0.8465
13       13   (0)      4  : 0.8853 0.0000 0.0000 0.0000 0.0000 0.0000 0.0007 0.0000 0.0000 0.1140
14       14   (0)      5  : 0.0000 0.0000 0.9582 0.0000 0.0000 0.0000 0.0000 0.0418 0.0000 0.0000
15       15   (0)      5  : 0.0000 0.0000 0.0000 1.0000 0.0000 0.0000 0.0000 0.0000 0.0000 0.0000
16       16   (0)      5  : 0.0000 0.0000 0.0000 0.0000 0.0000 1.0000 0.0000 0.0000 0.0000 0.0000
17       17   (0)      5  : 0.0000 0.0000 0.0000 0.0000 0.0000 0.0000 1.0000 0.0000 0.0000 0.0000
18       18   (0)      5  : 0.9057 0.0000 0.0000 0.0000 0.0000 0.0000 0.0000 0.0000 0.0000 0.0943
19       19   (0)      5  : 0.0000 0.0000 0.0000 0.0000 0.0000 0.0000 1.0000 0.0000 0.0000 0.0000
20       20   (0)      5  : 0.1584 0.0000 0.0000 0.0000 0.0000 0.0000 0.0016 0.0000 0.0000 0.8400
21       21   (0)      5  : 0.8533 0.0000 0.0000 0.0000 0.0000 0.0000 0.0000 0.0000 0.0000 0.1467
22       22   (0)      5  : 0.0000 0.0000 0.0000 0.0000 0.0000 0.0000 1.0000 0.0000 0.0000 0.0000
23       23   (0)      5  : 0.0358 0.0000 0.0000 0.0000 0.0000 0.0000 0.0177 0.0000 0.0000 0.9465
24       24   (0)      5  : 0.0000 0.0000 0.0000 1.0000 0.0000 0.0000 0.0000 0.0000 0.0000 0.0000
25       25   (0)      5  : 0.0000 0.0000 0.8571 0.0000 0.0000 0.0000 0.0000 0.0714 0.0714 0.0000
26       26   (0)      5  : 0.6183 0.0000 0.0000 0.0000 0.0000 0.0000 0.0003 0.0000 0.0249 0.3565
27       27   (0)      5  : 0.0000 0.0000 0.0000 1.0000 0.0000 0.0000 0.0000 0.0000 0.0000 0.0000
28       28   (0)      5  : 0.0000 0.0000 0.0000 0.7555 0.0000 0.0146 0.0000 0.2299 0.0000 0.0000
29       29   (0)      6  : 0.0000 1.0000 0.0000 0.0000 0.0000 0.0000 0.0000 0.0000 0.0000 0.0000
30       30   (0)      6  : 0.0000 0.0000 0.0000 0.0000 0.9898 0.0000 0.0000 0.0000 0.0102 0.0000
31       31   (0)      6  : 0.0714 0.0000 0.0000 0.0000 0.0000 0.0000 0.0000 0.0000 0.0000 0.9286
32       32   (0)      6  : 0.0798 0.0000 0.0000 0.0000 0.0000 0.0000 0.1518 0.0067 0.6342 0.1275
33       33   (0)      6  : 0.0000 0.7199 0.0000 0.0000 0.0000 0.0099 0.0000 0.2702 0.0000 0.0000
34       34   (0)      6  : 0.0000 0.0000 1.0000 0.0000 0.0000 0.0000 0.0000 0.0000 0.0000 0.0000
35       35   (0)      6  : 0.0000 1.0000 0.0000 0.0000 0.0000 0.0000 0.0000 0.0000 0.0000 0.0000
36       36   (0)      6  : 0.0000 1.0000 0.0000 0.0000 0.0000 0.0000 0.0000 0.0000 0.0000 0.0000
37       37   (0)      7  : 0.0000 0.0000 0.0000 0.0000 1.0000 0.0000 0.0000 0.0000 0.0000 0.0000
38       38   (0)      7  : 0.0000 0.0000 0.0000 0.0000 0.0000 0.0000 1.0000 0.0000 0.0000 0.0000
39       39   (0)      7  : 0.0000 0.0000 1.0000 0.0000 0.0000 0.0000 0.0000 0.0000 0.0000 0.0000
40       40   (0)      7  : 0.0000 0.0000 1.0000 0.0000 0.0000 0.0000 0.0000 0.0000 0.0000 0.0000
41       41   (0)      7  : 0.0000 0.0000 0.0000 0.0000 0.0000 0.0000 1.0000 0.0000 0.0000 0.0000
42       42   (0)      7  : 0.0000 0.0000 1.0000 0.0000 0.0000 0.0000 0.0000 0.0000 0.0000 0.0000
43       43   (0)      7  : 0.0000 0.0000 0.0000 0.0000 0.0000 0.0000 1.0000 0.0000 0.0000 0.0000
44       44   (0)      7  : 0.0000 0.0000 0.0000 0.0000 0.0000 1.0000 0.0000 0.0000 0.0000 0.0000
45       45   (0)      7  : 0.0274 0.0000 0.0000 0.0000 0.0000 0.0000 0.0000 0.0000 0.0714 0.9011
46       46   (0)      7  : 0.0000 1.0000 0.0000 0.0000 0.0000 0.0000 0.0000 0.0000 0.0000 0.0000
47       47   (0)      7  : 0.9640 0.0000 0.0000 0.0000 0.0000 0.0000 0.0000 0.0000 0.0000 0.0360
48       48   (0)      7  : 0.0000 0.9987 0.0000 0.0000 0.0000 0.0000 0.0000 0.0013 0.0000 0.0000
49       49   (0)      7  : 0.0000 0.0000 0.0000 0.0000 1.0000 0.0000 0.0000 0.0000 0.0000 0.0000
50       50   (0)      7  : 0.0173 0.0000 0.0000 0.0000 0.0000 0.9827 0.0000 0.0000 0.0000 0.0000
51       51   (0)      7  : 0.0000 0.0000 0.0000 0.0000 1.0000 0.0000 0.0000 0.0000 0.0000 0.0000
52       52   (0)      7  : 0.0000 0.0000 0.0000 1.0000 0.0000 0.0000 0.0000 0.0000 0.0000 0.0000
53       53   (0)      7  : 0.6198 0.0000 0.0000 0.0000 0.0000 0.0000 0.0000 0.0000 0.0000 0.3802
54       54   (0)      7  : 0.6859 0.0000 0.0000 0.0000 0.0000 0.0000 0.0000 0.0000 0.0000 0.3141
55       55   (0)      7  : 0.4510 0.0000 0.0000 0.0000 0.0000 0.0000 0.0205 0.0000 0.0000 0.5285
56       56   (0)      7  : 0.3660 0.0000 0.0000 0.0000 0.0000 0.0000 0.0000 0.0000 0.0000 0.6340
57       57   (0)      8  : 0.0000 0.0000 0.8571 0.0000 0.0000 0.0000 0.0000 0.0714 0.0714 0.0000
58       58   (0)      8  : 0.0000 0.0000 0.0000 1.0000 0.0000 0.0000 0.0000 0.0000 0.0000 0.0000
59       59   (0)      8  : 0.9822 0.0000 0.0000 0.0000 0.0000 0.0000 0.0000 0.0000 0.0000 0.0178
60       60   (0)      8  : 0.0000 0.0000 0.9334 0.0000 0.0000 0.0000 0.0000 0.0364 0.0302 0.0000
61       61   (0)      8  : 0.0000 0.0000 1.0000 0.0000 0.0000 0.0000 0.0000 0.0000 0.0000 0.0000
62       62   (0)      8  : 0.0000 0.0000 0.0000 0.0000 1.0000 0.0000 0.0000 0.0000 0.0000 0.0000
63       63   (0)      8  : 0.0000 0.0000 1.0000 0.0000 0.0000 0.0000 0.0000 0.0000 0.0000 0.0000
64       64   (0)      8  : 0.2864 0.0000 0.0000 0.0000 0.0000 0.0000 0.0000 0.0000 0.0714 0.6422
65       65   (0)      8  : 0.0000 1.0000 0.0000 0.0000 0.0000 0.0000 0.0000 0.0000 0.0000 0.0000
66       66   (0)      8  : 0.4111 0.0000 0.0000 0.0000 0.0000 0.0000 0.0000 0.0000 0.0000 0.5889
67       67   (0)      8  : 0.3024 0.0000 0.0000 0.0000 0.0000 0.0000 0.0000 0.0000 0.1744 0.5232
68       68   (0)      8  : 0.8453 0.0000 0.0000 0.0000 0.0000 0.0000 0.0000 0.0000 0.0000 0.1547
69       69   (0)      8  : 0.0000 1.0000 0.0000 0.0000 0.0000 0.0000 0.0000 0.0000 0.0000 0.0000
70       70   (0)      8  : 0.0000 0.0000 0.8949 0.0000 0.0000 0.0000 0.0000 0.0337 0.0714 0.0000
71       71   (0)      8  : 0.0000 1.0000 0.0000 0.0000 0.0000 0.0000 0.0000 0.0000 0.0000 0.0000
72       72   (0)      8  : 0.0000 0.0000 0.0000 0.0000 1.0000 0.0000 0.0000 0.0000 0.0000 0.0000
73       73   (0)      8  : 0.1933 0.0000 0.0000 0.0000 0.0000 0.0000 0.7747 0.0000 0.0000 0.0320
74       74   (0)      8  : 0.3825 0.0000 0.0000 0.0000 0.0000 0.0000 0.0000 0.0000 0.0714 0.5461
75       75   (0)      8  : 0.9738 0.0000 0.0000 0.0000 0.0000 0.0000 0.0000 0.0000 0.0000 0.0262
76       76   (0)      8  : 0.0000 0.9981 0.0000 0.0000 0.0000 0.0000 0.0000 0.0019 0.0000 0.0000
77       77   (0)      8  : 0.2927 0.0000 0.0000 0.0000 0.0000 0.0000 0.0027 0.0000 0.2315 0.4731
78       78   (0)      9  : 0.0000 0.0000 0.9329 0.0000 0.0000 0.0000 0.0000 0.0346 0.0326 0.0000
79       79   (0)      9  : 0.0000 0.0000 1.0000 0.0000 0.0000 0.0000 0.0000 0.0000 0.0000 0.0000
80       80   (0)      9  : 0.0000 0.0000 0.0000 0.0000 1.0000 0.0000 0.0000 0.0000 0.0000 0.0000
81       81   (0)      9  : 0.0000 0.0000 0.9663 0.0000 0.0000 0.0000 0.0000 0.0337 0.0000 0.0000
82       82   (0)      9  : 0.0000 1.0000 0.0000 0.0000 0.0000 0.0000 0.0000 0.0000 0.0000 0.0000
83       83   (0)      9  : 0.1797 0.0000 0.0000 0.0000 0.0000 0.0038 0.0015 0.0053 0.6923 0.1173
84       84   (0)      9  : 0.0000 0.0000 0.0000 0.0080 0.0000 0.1081 0.0000 0.8839 0.0000 0.0000
85       85   (0)      9  : 0.5863 0.0000 0.0000 0.0000 0.0000 0.0000 0.0000 0.0000 0.0000 0.4137
86       86   (0)      9  : 0.6416 0.0000 0.0000 0.0000 0.0000 0.0000 0.0000 0.0000 0.0000 0.3584
87       87   (0)      9  : 0.5002 0.0000 0.0000 0.0000 0.0000 0.0000 0.0000 0.0000 0.0000 0.4998
88       88   (0)      9  : 0.0000 0.0000 1.0000 0.0000 0.0000 0.0000 0.0000 0.0000 0.0000 0.0000
89       89   (0)      9  : 0.0000 0.0000 0.9695 0.0000 0.0000 0.0000 0.0000 0.0305 0.0000 0.0000
90       90   (0)      9  : 0.0485 0.0000 0.0000 0.0000 0.0000 0.0000 0.3106 0.0000 0.0000 0.6409
91       91   (0)      9  : 0.0000 0.0000 0.0000 0.0000 1.0000 0.0000 0.0000 0.0000 0.0000 0.0000
92       92   (0)     10  : 0.0000 0.0000 0.2644 0.0000 0.0000 0.5382 0.0000 0.0288 0.1258 0.0427
93       93   (0)     11  : 0.0000 0.0355 0.0000 0.0069 0.0000 0.8490 0.0000 0.0000 0.0714 0.0372
94       94   (0)     11  : 0.0000 0.0000 0.0000 0.8729 0.0000 0.0000 0.0000 0.1271 0.0000 0.0000
95       95   (0)     11  : 0.0000 0.0000 0.0000 0.0224 0.0000 0.1205 0.0000 0.8571 0.0000 0.0000
96       96   (0)     12  : 0.0000 0.0000 0.0000 1.0000 0.0000 0.0000 0.0000 0.0000 0.0000 0.0000
97       97   (0)     12  : 0.0000 0.0000 0.0000 1.0000 0.0000 0.0000 0.0000 0.0000 0.0000 0.0000
98       98   (0)     12  : 0.0000 0.0000 0.0000 1.0000 0.0000 0.0000 0.0000 0.0000 0.0000 0.0000
99       99   (0)     12  : 0.0000 0.0000 0.0000 1.0000 0.0000 0.0000 0.0000 0.0000 0.0000 0.0000
100      100   (0)     12  : 0.0000 1.0000 0.0000 0.0000 0.0000 0.0000 0.0000 0.0000 0.0000 0.0000
101      101   (0)     13  : 0.0000 1.0000 0.0000 0.0000 0.0000 0.0000 0.0000 0.0000 0.0000 0.0000
102      102   (0)     13  : 0.0000 0.0000 0.0000 1.0000 0.0000 0.0000 0.0000 0.0000 0.0000 0.0000
103      103   (0)     14  : 0.0000 0.0000 0.7412 0.0000 0.0340 0.0820 0.0000 0.0714 0.0714 0.0000
104      104   (0)     14  : 0.0000 1.0000 0.0000 0.0000 0.0000 0.0000 0.0000 0.0000 0.0000 0.0000
105      105   (0)     14  : 0.0000 0.7237 0.0019 0.0043 0.0109 0.2554 0.0000 0.0039 0.0000 0.0000
106      106   (0)     14  : 0.0000 0.8801 0.0000 0.0000 0.0000 0.0000 0.0000 0.1199 0.0000 0.0000
107      107   (0)     14  : 0.0000 0.0000 0.0000 0.0000 1.0000 0.0000 0.0000 0.0000 0.0000 0.0000
108      108   (0)     15  : 0.0000 0.0000 0.0000 0.0000 0.0000 1.0000 0.0000 0.0000 0.0000 0.0000
109      109   (0)     15  : 0.0000 0.9648 0.0000 0.0000 0.0000 0.0000 0.0000 0.0352 0.0000 0.0000
110      110   (0)     15  : 0.0000 1.0000 0.0000 0.0000 0.0000 0.0000 0.0000 0.0000 0.0000 0.0000
111      111   (0)     15  : 0.2572 0.0000 0.0000 0.0000 0.0000 0.0000 0.0000 0.0000 0.0117 0.7312
112      112   (0)     15  : 0.0000 0.0000 0.6092 0.1948 0.0000 0.0855 0.0000 0.0396 0.0709 0.0000
113      113   (0)     15  : 0.0000 0.9879 0.0000 0.0121 0.0000 0.0000 0.0000 0.0000 0.0000 0.0000
114      114   (0)     15  : 0.0000 0.7904 0.0000 0.0527 0.0000 0.0000 0.0000 0.1569 0.0000 0.0000
