1        1   (0)      1  : 0.3152 0.1188 0.1683 0.0069 0.2710 0.1198
2        2   (0)      1  : 0.3460 0.0068 0.2200 0.0237 0.0873 0.3162
3        3   (0)      1  : 0.6221 0.0000 0.2123 0.0516 0.0348 0.0792
4        4   (0)      1  : 0.3987 0.0467 0.2562 0.0433 0.1250 0.1301
5        5   (0)      1  : 0.1771 0.0373 0.4576 0.0100 0.1573 0.1606
6        6   (0)      1  : 0.4024 0.0418 0.2990 0.0336 0.1369 0.0864
7        7   (0)      1  : 0.3712 0.0001 0.3364 0.0193 0.1874 0.0856
8        8   (0)      2  : 0.2067 0.0028 0.2930 0.0030 0.3870 0.1076
9        9   (0)      2  : 0.0124 0.0074 0.0019 0.0291 0.9436 0.0056
10       10   (0)      2  : 0.0116 0.0099 0.0000 0.0245 0.9507 0.0033
11       11   (0)      2  : 0.0109 0.1328 0.0000 0.0226 0.8287 0.0049
12       12   (0)      2  : 0.6601 0.0079 0.1517 0.0453 0.0801 0.0550
13       13   (0)      2  : 0.1714 0.0000 0.3575 0.0000 0.1206 0.3505
14       14   (0)      3  : 0.5874 0.0083 0.2950 0.0040 0.0705 0.0347
15       15   (0)      3  : 0.6311 0.0380 0.1470 0.0075 0.1022 0.0742
16       16   (0)      3  : 0.8036 0.0227 0.0272 0.0462 0.0211 0.0792
17       17   (0)      3  : 0.2333 0.0009 0.4877 0.0225 0.0913 0.1644
18       18   (0)      4  : 0.2620 0.0086 0.2876 0.0300 0.0978 0.3141
19       19   (0)      4  : 0.2432 0.0151 0.2278 0.0000 0.4122 0.1017
20       20   (0)      4  : 0.4679 0.0109 0.3120 0.0009 0.1129 0.0954
21       21   (0)      4  : 0.1909 0.0068 0.2992 0.0354 0.2565 0.2111
22       22   (0)      4  : 0.2895 0.0014 0.3213 0.0142 0.2757 0.0980
23       23   (0)      4  : 0.2944 0.0052 0.2280 0.0090 0.3476 0.1158
24       24   (0)      4  : 0.4029 0.0000 0.4055 0.0014 0.1480 0.0423
25       25   (0)      4  : 0.4147 0.0000 0.3660 0.0022 0.1606 0.0566
26       26   (0)      4  : 0.1130 0.0269 0.3558 0.0071 0.3672 0.1300
27       27   (0)      4  : 0.4442 0.0017 0.2939 0.0087 0.1662 0.0853
28       28   (0)      4  : 0.3158 0.0125 0.2223 0.0562 0.1348 0.2585
29       29   (0)      4  : 0.1798 0.0276 0.3645 0.0194 0.2718 0.1368
30       30   (0)      4  : 0.3435 0.0012 0.1897 0.0468 0.2590 0.1599
31       31   (0)      4  : 0.5909 0.0227 0.2117 0.0000 0.0309 0.1437
32       32   (0)      4  : 0.3690 0.0005 0.4656 0.0000 0.1364 0.0285
33       33   (0)      4  : 0.3433 0.0000 0.2447 0.0492 0.2772 0.0855
34       34   (0)      5  : 0.2591 0.0147 0.3980 0.0002 0.2247 0.1032
35       35   (0)      6  : 0.4674 0.0221 0.1000 0.0199 0.1831 0.2075
36       36   (0)      6  : 0.1710 0.0000 0.1546 0.0095 0.4931 0.1717
37       37   (0)      6  : 0.0000 0.0227 0.0227 0.0909 0.0455 0.8182
38       38   (0)      6  : 0.2525 0.0000 0.2623 0.0015 0.4272 0.0565
39       39   (0)      6  : 0.0441 0.0034 0.5149 0.0001 0.2303 0.2072
40       40   (0)      6  : 0.2634 0.0296 0.3788 0.0076 0.1738 0.1468
41       41   (0)      6  : 0.0000 0.9773 0.0000 0.0227 0.0000 0.0000
42       42   (0)      6  : 0.3507 0.0193 0.3052 0.0001 0.2153 0.1095
43       43   (0)      6  : 0.5789 0.0048 0.0856 0.0402 0.2184 0.0720
44       44   (0)      6  : 0.3431 0.0247 0.3058 0.0113 0.2574 0.0576
45       45   (0)      6  : 0.3682 0.0036 0.1968 0.0570 0.2690 0.1056
46       46   (0)      6  : 0.0000 0.0000 0.0000 1.0000 0.0000 0.0000
47       47   (0)      6  : 0.3704 0.0044 0.1248 0.0062 0.4330 0.0612
48       48   (0)      6  : 0.2997 0.0041 0.2637 0.0589 0.2105 0.1631
49       49   (0)      6  : 0.0000 0.9773 0.0000 0.0227 0.0000 0.0000
50       50   (0)      6  : 0.1384 0.0000 0.4382 0.0041 0.1717 0.2476
51       51   (0)      6  : 0.2666 0.0617 0.2587 0.0275 0.2781 0.1073
52       52   (0)      6  : 0.0000 0.0000 0.0000 1.0000 0.0000 0.0000
53       53   (0)      6  : 0.3545 0.0000 0.4290 0.0014 0.1288 0.0863
54       54   (0)      6  : 0.1008 0.0000 0.5359 0.0123 0.2399 0.1111
55       55   (0)      6  : 0.3570 0.0057 0.1704 0.0192 0.1890 0.2586
56       56   (0)      6  : 0.1787 0.0204 0.2667 0.0091 0.3692 0.1560
57       57   (0)      6  : 0.1759 0.0003 0.5642 0.0236 0.1333 0.1027
58       58   (0)      7  : 0.0244 0.0000 0.4602 0.0000 0.2899 0.2255
59       59   (0)      7  : 0.4014 0.0106 0.1250 0.0000 0.2586 0.2044
60       60   (0)      7  : 0.3716 0.0089 0.1987 0.0111 0.2519 0.1579
61       61   (0)      7  : 0.0505 0.0001 0.3677 0.0028 0.4330 0.1459
62       62   (0)      7  : 0.0000 0.0227 0.0227 0.0909 0.0455 0.8182
63       63   (0)      7  : 0.2649 0.0154 0.2794 0.0035 0.3654 0.0713
64       64   (0)      8  : 0.4121 0.0162 0.2242 0.0504 0.1538 0.1432
65       65   (0)      8  : 0.3188 0.0063 0.2081 0.0311 0.3361 0.0996
66       66   (0)      9  : 0.3177 0.0000 0.2793 0.0064 0.2376 0.1590
67       67   (0)     10  : 0.4280 0.0224 0.1772 0.0002 0.1742 0.1979
68       68   (0)     10  : 0.4612 0.0055 0.2477 0.0206 0.2002 0.0648
69       69   (0)     10  : 0.2545 0.0038 0.3440 0.0519 0.1764 0.1694
70       70   (0)     10  : 0.2745 0.0000 0.3492 0.0232 0.2032 0.1500
71       71   (0)     10  : 0.2208 0.0000 0.2928 0.0000 0.3847 0.1018
72       72   (0)     10  : 0.1845 0.0025 0.3166 0.0003 0.3598 0.1364
73       73   (0)     10  : 0.2314 0.0155 0.3333 0.0134 0.3048 0.1017
74       74   (0)     10  : 0.2343 0.0033 0.3715 0.0000 0.2823 0.1086
75       75   (0)     10  : 0.2186 0.0000 0.4097 0.0162 0.1497 0.2059
76       76   (0)     10  : 0.3646 0.0102 0.2998 0.0061 0.2244 0.0948
