 1        1   (0)      1 :  1.0000 0.0000 0.0000 
 2        2   (0)      1 :  0.5910 0.1471 0.2618 
 3        3   (0)      1 :  1.0000 0.0000 0.0000 
 4        4   (0)      1 :  1.0000 0.0000 0.0000 
 5        5   (0)      1 :  1.0000 0.0000 0.0000 
 6        6   (0)      1 :  1.0000 0.0000 0.0000 
 7        7   (0)      1 :  1.0000 0.0000 0.0000 
 8        8   (0)      1 :  1.0000 0.0000 0.0000 
 9        9   (0)      1 :  1.0000 0.0000 0.0000 
10       10   (0)      1 :  1.0000 0.0000 0.0000 
11       11   (0)      1 :  0.9453 0.0547 0.0000 
12       12   (0)      1 :  1.0000 0.0000 0.0000 
13       13   (0)      1 :  1.0000 0.0000 0.0000 
14       14   (0)      2 :  1.0000 0.0000 0.0000 
15       15   (0)      2 :  0.0000 0.0000 1.0000 
16       16   (0)      2 :  1.0000 0.0000 0.0000 
17       17   (0)      2 :  1.0000 0.0000 0.0000 
18       18   (0)      2 :  1.0000 0.0000 0.0000 
19       19   (0)      2 :  1.0000 0.0000 0.0000 
20       20   (0)      2 :  0.9517 0.0483 0.0000 
21       21   (0)      2 :  1.0000 0.0000 0.0000 
22       22   (0)      2 :  0.9035 0.0965 0.0000 
23       23   (0)      2 :  0.5418 0.4582 0.0000 
24       24   (0)      2 :  1.0000 0.0000 0.0000 
25       25   (0)      2 :  1.0000 0.0000 0.0000 
26       26   (0)      2 :  0.5982 0.4018 0.0000 
27       27   (0)      2 :  1.0000 0.0000 0.0000 
28       28   (0)      3 :  0.0000 0.0000 1.0000 
29       29   (0)      3 :  0.9952 0.0048 0.0000 
30       30   (0)      3 :  0.0000 1.0000 0.0000 
31       31   (0)      3 :  0.4598 0.5402 0.0000 
32       32   (0)      3 :  0.0000 0.0000 1.0000 
33       33   (0)      3 :  1.0000 0.0000 0.0000 
34       34   (0)      3 :  0.0000 0.0000 1.0000 
35       35   (0)      3 :  0.0000 0.0000 1.0000 
36       36   (0)      3 :  0.0000 0.0000 1.0000 
37       37   (0)      3 :  1.0000 0.0000 0.0000 
38       38   (0)      3 :  0.0000 1.0000 0.0000 
39       39   (0)      3 :  0.0000 1.0000 0.0000 
40       40   (0)      3 :  1.0000 0.0000 0.0000 
41       41   (0)      3 :  1.0000 0.0000 0.0000 
42       42   (0)      3 :  0.0005 0.0000 0.9995 
43       43   (0)      3 :  0.0000 0.0000 1.0000 
44       44   (0)      3 :  1.0000 0.0000 0.0000 
45       45   (0)      3 :  1.0000 0.0000 0.0000 
46       46   (0)      4 :  0.0000 0.0000 1.0000 
47       47   (0)      4 :  0.0000 0.0000 1.0000 
48       48   (0)      4 :  1.0000 0.0000 0.0000 
49       49   (0)      4 :  0.9661 0.0323 0.0015 
50       50   (0)      4 :  0.9384 0.0616 0.0000 
51       51   (0)      4 :  0.9347 0.0653 0.0000 
52       52   (0)      4 :  0.9784 0.0216 0.0000 
53       53   (0)      4 :  1.0000 0.0000 0.0000 
54       54   (0)      4 :  1.0000 0.0000 0.0000 
55       55   (0)      4 :  0.3295 0.6705 0.0000 
56       56   (0)      4 :  1.0000 0.0000 0.0000 
57       57   (0)      5 :  1.0000 0.0000 0.0000 
58       58   (0)      5 :  0.9376 0.0143 0.0482 
59       59   (0)      5 :  1.0000 0.0000 0.0000 
60       60   (0)      5 :  0.0000 0.0000 1.0000 
61       61   (0)      5 :  0.0147 0.0368 0.9484 
62       62   (0)      5 :  0.0768 0.1186 0.8046 
63       63   (0)      6 :  0.0000 0.0000 1.0000 
64       64   (0)      6 :  0.0000 0.0000 1.0000 
65       65   (0)      6 :  0.0000 0.0000 1.0000 
66       66   (0)      6 :  0.2398 0.0000 0.7602 
67       67   (0)      6 :  0.0000 0.0000 1.0000 
68       68   (0)      6 :  0.0000 0.1251 0.8749 
69       69   (0)      6 :  0.8239 0.0338 0.1422 
70       70   (0)      6 :  0.0000 0.0000 1.0000 
71       71   (0)      6 :  1.0000 0.0000 0.0000 
72       72   (0)      6 :  0.0000 0.0000 1.0000 
73       73   (0)      6 :  0.0000 0.0796 0.9204 
74       74   (0)      6 :  0.0000 0.1322 0.8678 
75       75   (0)      6 :  0.0000 0.1033 0.8967 
76       76   (0)      6 :  0.0000 0.1679 0.8321 
77       77   (0)      6 :  0.0000 0.1808 0.8192 
78       78   (0)      6 :  0.0000 0.2398 0.7602 
79       79   (0)      6 :  0.0000 0.0537 0.9463 
80       80   (0)      7 :  1.0000 0.0000 0.0000 
81       81   (0)      8 :  0.9469 0.0531 0.0000 
82       82   (0)      9 :  0.0000 1.0000 0.0000 
83       83   (0)     10 :  0.8657 0.1343 0.0000 
84       84   (0)     11 :  1.0000 0.0000 0.0000 
85       85   (0)     11 :  0.5573 0.4427 0.0000 
86       86   (0)     12 :  0.5438 0.4562 0.0000 
87       87   (0)     12 :  0.8243 0.1757 0.0000 
88       88   (0)     12 :  1.0000 0.0000 0.0000 
89       89   (0)     12 :  0.8337 0.1663 0.0000 
90       90   (0)     12 :  0.0297 0.0432 0.9271 
91       91   (0)     12 :  1.0000 0.0000 0.0000 
92       92   (0)     12 :  1.0000 0.0000 0.0000 
93       93   (0)     12 :  1.0000 0.0000 0.0000 
94       94   (0)     13 :  1.0000 0.0000 0.0000 
