1        1   (0)      1  : 0.0000 0.0000 0.0000 0.0000 0.0000 0.5000 0.0000 0.0000 0.0000 0.0000 0.5000 0.0000
2        2   (0)      1  : 0.0000 0.0000 0.0000 0.0000 0.0000 0.0000 0.0000 1.0000 0.0000 0.0000 0.0000 0.0000
3        3   (0)      1  : 0.6816 0.0000 0.0000 0.0000 0.0000 0.3184 0.0000 0.0000 0.0000 0.0000 0.0000 0.0000
4        4   (0)      1  : 0.0000 0.0000 0.0000 0.5000 0.0000 0.0000 0.0000 0.0000 0.0000 0.0000 0.5000 0.0000
5        5   (0)      1  : 0.5306 0.0000 0.0000 0.2700 0.0000 0.0000 0.0000 0.0000 0.0000 0.0000 0.1994 0.0000
6        6   (0)      1  : 0.0000 0.0000 0.0000 0.2266 0.0000 0.2734 0.0000 0.0000 0.0000 0.0000 0.3217 0.1783
7        7   (0)      1  : 0.0000 0.0000 0.0000 0.5000 0.0000 0.0000 0.0000 0.0000 0.0000 0.0000 0.5000 0.0000
8        8   (0)      1  : 0.0000 0.0000 0.0000 0.8207 0.0000 0.0000 0.0000 0.0000 0.0000 0.0000 0.1793 0.0000
9        9   (0)      1  : 0.1760 0.0000 0.0000 0.2454 0.0000 0.0989 0.0000 0.0000 0.0865 0.0000 0.3902 0.0031
10       10   (0)      1  : 0.0000 0.0000 0.0000 0.3601 0.0000 0.1468 0.0000 0.0000 0.0000 0.0000 0.2233 0.2699
11       11   (0)      1  : 0.0000 0.0000 0.0000 0.0000 0.0000 0.0000 0.0000 0.0000 0.0000 0.0000 0.0000 1.0000
12       12   (0)      1  : 0.0000 0.0000 0.0000 0.0000 0.0000 0.0000 0.0000 1.0000 0.0000 0.0000 0.0000 0.0000
13       13   (0)      1  : 0.2687 0.0000 0.0000 0.0000 0.0000 0.7313 0.0000 0.0000 0.0000 0.0000 0.0000 0.0000
14       14   (0)      2  : 0.0008 0.0000 0.0000 0.0734 0.0000 0.1261 0.0000 0.0000 0.5000 0.0000 0.1561 0.1435
15       15   (0)      2  : 0.0000 0.0000 0.0000 0.0000 0.0000 0.0000 1.0000 0.0000 0.0000 0.0000 0.0000 0.0000
16       16   (0)      2  : 0.0000 0.0000 0.0000 0.0000 0.0000 0.0000 0.0000 0.0000 0.5000 0.0000 0.5000 0.0000
17       17   (0)      2  : 0.0000 0.0000 0.0000 0.0000 0.0000 0.5000 0.0000 0.0000 0.0000 0.0000 0.5000 0.0000
18       18   (0)      2  : 0.8021 0.0000 0.0000 0.1979 0.0000 0.0000 0.0000 0.0000 0.0000 0.0000 0.0000 0.0000
19       19   (0)      2  : 0.0000 0.0000 0.0000 0.0000 0.0000 0.0000 0.0000 0.0000 0.2128 0.0000 0.7872 0.0000
20       20   (0)      2  : 0.2371 0.0000 0.0383 0.0933 0.0000 0.2836 0.0000 0.0000 0.1442 0.0000 0.1342 0.0694
21       21   (0)      2  : 0.0000 0.0000 0.0000 0.0000 0.0000 1.0000 0.0000 0.0000 0.0000 0.0000 0.0000 0.0000
22       22   (0)      2  : 0.1396 0.0000 0.0880 0.1053 0.0000 0.3519 0.0000 0.0000 0.0173 0.0000 0.2174 0.0804
23       23   (0)      2  : 0.0000 0.0000 0.4309 0.0000 0.0000 0.5691 0.0000 0.0000 0.0000 0.0000 0.0000 0.0000
24       24   (0)      2  : 0.0000 0.0000 0.0000 0.0000 0.0000 0.4728 0.0000 0.0000 0.0000 0.0000 0.5272 0.0000
25       25   (0)      2  : 0.0000 0.0000 0.0000 0.1774 0.0000 0.5000 0.0000 0.0000 0.0000 0.0000 0.3226 0.0000
26       26   (0)      2  : 0.4491 0.0000 0.4094 0.0000 0.0000 0.0000 0.0000 0.0000 0.0000 0.0000 0.0000 0.1415
27       27   (0)      2  : 1.0000 0.0000 0.0000 0.0000 0.0000 0.0000 0.0000 0.0000 0.0000 0.0000 0.0000 0.0000
28       28   (0)      3  : 0.0000 1.0000 0.0000 0.0000 0.0000 0.0000 0.0000 0.0000 0.0000 0.0000 0.0000 0.0000
29       29   (0)      3  : 0.0000 0.0000 0.0000 0.0000 0.0000 0.0000 0.0000 0.0000 0.5000 0.0000 0.0000 0.5000
30       30   (0)      3  : 0.0000 0.0000 1.0000 0.0000 0.0000 0.0000 0.0000 0.0000 0.0000 0.0000 0.0000 0.0000
31       31   (0)      3  : 0.0000 0.0000 0.5283 0.0000 0.0000 0.2351 0.0000 0.0000 0.0799 0.0000 0.0000 0.1567
32       32   (0)      3  : 0.0000 0.0000 0.0000 0.0000 0.0000 0.0000 1.0000 0.0000 0.0000 0.0000 0.0000 0.0000
33       33   (0)      3  : 0.6882 0.0000 0.0000 0.0000 0.0000 0.0000 0.0000 0.0000 0.0000 0.0000 0.0000 0.3118
34       34   (0)      3  : 0.0000 0.0000 0.0000 0.0000 1.0000 0.0000 0.0000 0.0000 0.0000 0.0000 0.0000 0.0000
35       35   (0)      3  : 0.0000 0.0000 0.0000 0.0000 0.0000 0.0000 0.0000 0.0000 0.0000 1.0000 0.0000 0.0000
36       36   (0)      3  : 0.0000 0.0000 0.0000 0.0000 1.0000 0.0000 0.0000 0.0000 0.0000 0.0000 0.0000 0.0000
37       37   (0)      3  : 0.5000 0.0000 0.0000 0.0000 0.0000 0.0000 0.0000 0.0000 0.0000 0.0000 0.0000 0.5000
38       38   (0)      3  : 0.0000 0.0000 1.0000 0.0000 0.0000 0.0000 0.0000 0.0000 0.0000 0.0000 0.0000 0.0000
39       39   (0)      3  : 0.0000 0.0000 1.0000 0.0000 0.0000 0.0000 0.0000 0.0000 0.0000 0.0000 0.0000 0.0000
40       40   (0)      3  : 0.0000 0.0000 0.0000 0.1426 0.0000 0.6548 0.0000 0.0000 0.0000 0.0000 0.2026 0.0000
41       41   (0)      3  : 0.0000 0.0000 0.0000 0.5000 0.0000 0.0000 0.0000 0.0000 0.5000 0.0000 0.0000 0.0000
42       42   (0)      3  : 0.0000 0.0000 0.0000 0.0000 0.0000 0.0000 1.0000 0.0000 0.0000 0.0000 0.0000 0.0000
43       43   (0)      3  : 0.0000 0.0000 0.0000 0.0000 0.0000 0.0000 0.0000 0.0000 0.0000 1.0000 0.0000 0.0000
44       44   (0)      3  : 0.0000 0.0000 0.0000 1.0000 0.0000 0.0000 0.0000 0.0000 0.0000 0.0000 0.0000 0.0000
45       45   (0)      3  : 0.1898 0.0000 0.0000 0.0000 0.0000 0.1602 0.0000 0.0000 0.0000 0.0000 0.6500 0.0000
46       46   (0)      4  : 0.0000 1.0000 0.0000 0.0000 0.0000 0.0000 0.0000 0.0000 0.0000 0.0000 0.0000 0.0000
47       47   (0)      4  : 0.0000 1.0000 0.0000 0.0000 0.0000 0.0000 0.0000 0.0000 0.0000 0.0000 0.0000 0.0000
48       48   (0)      4  : 0.0000 0.0000 0.0000 0.0000 0.0000 0.5000 0.0000 0.0000 0.0000 0.0000 0.0000 0.5000
49       49   (0)      4  : 0.0000 0.0000 0.0000 0.1392 0.0000 0.6464 0.0000 0.0048 0.0000 0.0000 0.0000 0.2096
50       50   (0)      4  : 0.0378 0.0000 0.0240 0.1074 0.0000 0.0614 0.0000 0.0156 0.6406 0.0000 0.0491 0.0641
51       51   (0)      4  : 0.0000 0.0000 0.0171 0.0000 0.0000 0.0000 0.0000 0.0000 0.4829 0.0000 0.0000 0.5000
52       52   (0)      4  : 0.0000 0.0000 0.0000 0.0000 0.0000 0.0000 0.0000 0.0000 1.0000 0.0000 0.0000 0.0000
53       53   (0)      4  : 0.0000 0.0000 0.0000 0.0000 0.0000 1.0000 0.0000 0.0000 0.0000 0.0000 0.0000 0.0000
54       54   (0)      4  : 0.0000 0.0000 0.0000 0.0000 0.0000 0.0000 0.0000 0.0000 0.0000 0.0000 0.5000 0.5000
55       55   (0)      4  : 0.0000 0.0000 0.6493 0.0000 0.0000 0.0000 0.0000 0.0000 0.0000 0.0000 0.0000 0.3507
56       56   (0)      4  : 1.0000 0.0000 0.0000 0.0000 0.0000 0.0000 0.0000 0.0000 0.0000 0.0000 0.0000 0.0000
57       57   (0)      5  : 0.1173 0.0000 0.0000 0.2254 0.0000 0.1032 0.0000 0.0000 0.4386 0.0000 0.0785 0.0370
58       58   (0)      5  : 0.0576 0.0176 0.0000 0.0667 0.0000 0.0756 0.0000 0.0005 0.2224 0.0000 0.5000 0.0595
59       59   (0)      5  : 0.0000 0.0000 0.0000 0.0000 0.0000 0.0000 0.0000 0.0000 1.0000 0.0000 0.0000 0.0000
60       60   (0)      5  : 0.0000 1.0000 0.0000 0.0000 0.0000 0.0000 0.0000 0.0000 0.0000 0.0000 0.0000 0.0000
61       61   (0)      5  : 0.0000 1.0000 0.0000 0.0000 0.0000 0.0000 0.0000 0.0000 0.0000 0.0000 0.0000 0.0000
62       62   (0)      5  : 0.0000 0.0000 0.0000 0.0000 0.0000 0.0000 1.0000 0.0000 0.0000 0.0000 0.0000 0.0000
63       63   (0)      6  : 0.0000 0.0000 0.0000 0.0000 1.0000 0.0000 0.0000 0.0000 0.0000 0.0000 0.0000 0.0000
64       64   (0)      6  : 0.0000 1.0000 0.0000 0.0000 0.0000 0.0000 0.0000 0.0000 0.0000 0.0000 0.0000 0.0000
65       65   (0)      6  : 0.0000 0.0000 0.0000 0.0000 1.0000 0.0000 0.0000 0.0000 0.0000 0.0000 0.0000 0.0000
66       66   (0)      6  : 0.1058 0.6752 0.0000 0.0000 0.0023 0.0000 0.0352 0.0000 0.0000 0.0395 0.0922 0.0497
67       67   (0)      6  : 0.0000 1.0000 0.0000 0.0000 0.0000 0.0000 0.0000 0.0000 0.0000 0.0000 0.0000 0.0000
68       68   (0)      6  : 0.0000 0.7653 0.1231 0.0000 0.1116 0.0000 0.0000 0.0000 0.0000 0.0000 0.0000 0.0000
69       69   (0)      6  : 0.0225 0.0638 0.0234 0.1175 0.0774 0.1765 0.0003 0.0164 0.2133 0.0000 0.2526 0.0364
70       70   (0)      6  : 0.0000 1.0000 0.0000 0.0000 0.0000 0.0000 0.0000 0.0000 0.0000 0.0000 0.0000 0.0000
71       71   (0)      6  : 0.0000 0.0000 0.0000 0.0000 0.0000 0.0000 0.0000 0.0000 0.0000 0.0000 1.0000 0.0000
72       72   (0)      6  : 0.0000 1.0000 0.0000 0.0000 0.0000 0.0000 0.0000 0.0000 0.0000 0.0000 0.0000 0.0000
73       73   (0)      6  : 0.0000 0.0000 0.0000 0.0000 1.0000 0.0000 0.0000 0.0000 0.0000 0.0000 0.0000 0.0000
74       74   (0)      6  : 0.0000 0.8674 0.1326 0.0000 0.0000 0.0000 0.0000 0.0000 0.0000 0.0000 0.0000 0.0000
75       75   (0)      6  : 0.0000 0.0000 0.0045 0.0000 0.9955 0.0000 0.0000 0.0000 0.0000 0.0000 0.0000 0.0000
76       76   (0)      6  : 0.0000 0.8348 0.1652 0.0000 0.0000 0.0000 0.0000 0.0000 0.0000 0.0000 0.0000 0.0000
77       77   (0)      6  : 0.0000 0.8196 0.1804 0.0000 0.0000 0.0000 0.0000 0.0000 0.0000 0.0000 0.0000 0.0000
78       78   (0)      6  : 0.0000 0.0000 0.2097 0.0000 0.7903 0.0000 0.0000 0.0000 0.0000 0.0000 0.0000 0.0000
79       79   (0)      6  : 0.0000 0.0000 0.0000 0.0000 1.0000 0.0000 0.0000 0.0000 0.0000 0.0000 0.0000 0.0000
80       80   (0)      7  : 0.0000 0.0000 0.0000 1.0000 0.0000 0.0000 0.0000 0.0000 0.0000 0.0000 0.0000 0.0000
81       81   (0)      8  : 0.0000 0.0000 0.0000 0.5000 0.0000 0.0000 0.0000 0.0000 0.0000 0.0000 0.0000 0.5000
82       82   (0)      9  : 0.0000 0.0000 1.0000 0.0000 0.0000 0.0000 0.0000 0.0000 0.0000 0.0000 0.0000 0.0000
83       83   (0)     10  : 0.0000 0.0000 0.1277 0.1929 0.0000 0.2345 0.0000 0.0198 0.2242 0.0000 0.1515 0.0494
84       84   (0)     11  : 1.0000 0.0000 0.0000 0.0000 0.0000 0.0000 0.0000 0.0000 0.0000 0.0000 0.0000 0.0000
85       85   (0)     11  : 0.0000 0.0000 0.4563 0.2722 0.0000 0.2715 0.0000 0.0000 0.0000 0.0000 0.0000 0.0000
86       86   (0)     12  : 0.0000 0.0000 0.4069 0.0000 0.0000 0.0000 0.0000 0.0000 0.0000 0.0000 0.0000 0.5931
87       87   (0)     12  : 0.2034 0.0000 0.1740 0.0004 0.0000 0.3859 0.0000 0.0000 0.0000 0.0000 0.1204 0.1159
88       88   (0)     12  : 0.5597 0.0000 0.0000 0.0000 0.0000 0.1478 0.0000 0.0000 0.0000 0.0000 0.0000 0.2924
89       89   (0)     12  : 0.0296 0.0000 0.1707 0.0779 0.0000 0.5076 0.0000 0.0000 0.0529 0.0000 0.1612 0.0000
90       90   (0)     12  : 0.0000 0.0000 0.0000 0.0000 0.6168 0.0000 0.0000 0.0000 0.0000 0.3832 0.0000 0.0000
91       91   (0)     12  : 0.0000 0.0000 0.0000 0.0000 0.0000 0.3133 0.0000 0.0000 0.6867 0.0000 0.0000 0.0000
92       92   (0)     12  : 0.0000 0.0000 0.0000 0.1293 0.0000 0.7252 0.0000 0.0000 0.0000 0.0000 0.1455 0.0000
93       93   (0)     12  : 0.5000 0.0000 0.0000 0.0000 0.0000 0.0000 0.0000 0.0000 0.5000 0.0000 0.0000 0.0000
94       94   (0)     13  : 0.0000 0.0000 0.0000 1.0000 0.0000 0.0000 0.0000 0.0000 0.0000 0.0000 0.0000 0.0000
