1        1   (0)      1  : 0.2208 0.0000 0.0014 0.7778 0.0000
2        2   (0)      1  : 0.1676 0.0000 0.0242 0.8082 0.0000
3        3   (0)      1  : 0.0000 0.0000 0.0000 1.0000 0.0000
4        4   (0)      1  : 0.0000 0.0000 0.0000 1.0000 0.0000
5        5   (0)      1  : 0.5537 0.0000 0.1304 0.2063 0.1096
6        6   (0)      1  : 0.7396 0.0000 0.1038 0.0912 0.0655
7        7   (0)      1  : 0.9828 0.0000 0.0000 0.0172 0.0000
8        8   (0)      1  : 0.5942 0.0000 0.0968 0.2359 0.0731
9        9   (0)      1  : 0.0000 0.0000 0.0000 1.0000 0.0000
10       10   (0)      1  : 1.0000 0.0000 0.0000 0.0000 0.0000
11       11   (0)      1  : 0.9909 0.0000 0.0000 0.0091 0.0000
12       12   (0)      1  : 1.0000 0.0000 0.0000 0.0000 0.0000
13       13   (0)      1  : 1.0000 0.0000 0.0000 0.0000 0.0000
14       14   (0)      1  : 0.5706 0.0286 0.0966 0.1720 0.1322
15       15   (0)      1  : 0.0000 0.0000 1.0000 0.0000 0.0000
16       16   (0)      1  : 0.0000 0.0000 0.0000 1.0000 0.0000
17       17   (0)      1  : 0.0000 0.0000 0.0000 1.0000 0.0000
18       18   (0)      1  : 1.0000 0.0000 0.0000 0.0000 0.0000
19       19   (0)      1  : 0.9758 0.0000 0.0000 0.0242 0.0000
20       20   (0)      1  : 0.9900 0.0000 0.0000 0.0100 0.0000
21       21   (0)      1  : 0.0000 0.0000 0.0000 1.0000 0.0000
22       22   (0)      1  : 0.0000 0.0000 1.0000 0.0000 0.0000
23       23   (0)      1  : 0.9633 0.0000 0.0103 0.0264 0.0000
24       24   (0)      2  : 0.0000 0.0000 0.0000 1.0000 0.0000
25       25   (0)      2  : 1.0000 0.0000 0.0000 0.0000 0.0000
26       26   (0)      2  : 0.3111 0.0000 0.0000 0.6889 0.0000
27       27   (0)      2  : 0.9443 0.0000 0.0000 0.0557 0.0000
28       28   (0)      2  : 0.8934 0.0000 0.0213 0.0585 0.0268
29       29   (0)      2  : 0.9298 0.0000 0.0000 0.0702 0.0000
30       30   (0)      2  : 0.0000 1.0000 0.0000 0.0000 0.0000
31       31   (0)      2  : 0.9316 0.0000 0.0081 0.0374 0.0228
32       32   (0)      2  : 0.0000 0.0000 0.0000 1.0000 0.0000
33       33   (0)      2  : 1.0000 0.0000 0.0000 0.0000 0.0000
34       34   (0)      2  : 0.9889 0.0000 0.0000 0.0111 0.0000
35       35   (0)      2  : 0.9316 0.0000 0.0268 0.0415 0.0000
36       36   (0)      2  : 0.0000 0.0000 0.0000 1.0000 0.0000
37       37   (0)      3  : 0.9665 0.0000 0.0072 0.0263 0.0000
38       38   (0)      3  : 0.9150 0.0000 0.0000 0.0850 0.0000
39       39   (0)      3  : 0.9758 0.0000 0.0000 0.0242 0.0000
40       40   (0)      3  : 0.9636 0.0000 0.0029 0.0335 0.0000
41       41   (0)      3  : 0.9686 0.0000 0.0000 0.0314 0.0000
42       42   (0)      4  : 0.0000 1.0000 0.0000 0.0000 0.0000
43       43   (0)      4  : 0.9629 0.0000 0.0000 0.0000 0.0371
44       44   (0)      4  : 0.0000 1.0000 0.0000 0.0000 0.0000
45       45   (0)      4  : 0.0000 1.0000 0.0000 0.0000 0.0000
46       46   (0)      4  : 0.9058 0.0261 0.0142 0.0540 0.0000
47       47   (0)      4  : 0.9901 0.0000 0.0000 0.0099 0.0000
48       48   (0)      4  : 1.0000 0.0000 0.0000 0.0000 0.0000
49       49   (0)      4  : 0.9747 0.0000 0.0000 0.0253 0.0000
50       50   (0)      4  : 1.0000 0.0000 0.0000 0.0000 0.0000
51       51   (0)      4  : 0.3297 0.3471 0.0389 0.0000 0.2843
52       52   (0)      4  : 0.9169 0.0000 0.0000 0.0072 0.0759
53       53   (0)      4  : 0.9863 0.0137 0.0000 0.0000 0.0000
54       54   (0)      4  : 0.9283 0.0317 0.0114 0.0186 0.0100
55       55   (0)      4  : 0.9974 0.0000 0.0000 0.0026 0.0000
56       56   (0)      4  : 0.0000 1.0000 0.0000 0.0000 0.0000
57       57   (0)      5  : 0.9755 0.0000 0.0000 0.0245 0.0000
58       58   (0)      5  : 0.9838 0.0000 0.0000 0.0162 0.0000
59       59   (0)      5  : 0.0000 1.0000 0.0000 0.0000 0.0000
60       60   (0)      5  : 1.0000 0.0000 0.0000 0.0000 0.0000
61       61   (0)      5  : 0.3626 0.4606 0.0947 0.0103 0.0719
62       62   (0)      5  : 0.0000 1.0000 0.0000 0.0000 0.0000
63       63   (0)      5  : 0.7205 0.1696 0.0067 0.0473 0.0560
64       64   (0)      5  : 0.9982 0.0000 0.0000 0.0018 0.0000
65       65   (0)      5  : 1.0000 0.0000 0.0000 0.0000 0.0000
66       66   (0)      5  : 0.9591 0.0000 0.0000 0.0409 0.0000
67       67   (0)      5  : 0.1145 0.7255 0.0273 0.0000 0.1326
68       68   (0)      5  : 0.0000 1.0000 0.0000 0.0000 0.0000
69       69   (0)      5  : 0.7089 0.2292 0.0045 0.0379 0.0195
70       70   (0)      5  : 0.0000 1.0000 0.0000 0.0000 0.0000
71       71   (0)      5  : 0.0000 1.0000 0.0000 0.0000 0.0000
72       72   (0)      5  : 0.8513 0.1150 0.0033 0.0233 0.0071
73       73   (0)      5  : 0.9554 0.0000 0.0000 0.0446 0.0000
74       74   (0)      5  : 0.0000 1.0000 0.0000 0.0000 0.0000
75       75   (0)      6  : 0.0000 1.0000 0.0000 0.0000 0.0000
76       76   (0)      6  : 0.8904 0.0442 0.0103 0.0196 0.0356
77       77   (0)      6  : 0.0000 1.0000 0.0000 0.0000 0.0000
78       78   (0)      6  : 0.0000 1.0000 0.0000 0.0000 0.0000
79       79   (0)      6  : 0.0000 1.0000 0.0000 0.0000 0.0000
80       80   (0)      6  : 0.0000 0.0000 0.0004 0.9996 0.0000
81       81   (0)      6  : 0.0000 1.0000 0.0000 0.0000 0.0000
82       82   (0)      6  : 0.0000 1.0000 0.0000 0.0000 0.0000
83       83   (0)      6  : 0.0000 0.9564 0.0162 0.0000 0.0274
84       84   (0)      6  : 0.0000 1.0000 0.0000 0.0000 0.0000
85       85   (0)      6  : 0.0000 1.0000 0.0000 0.0000 0.0000
86       86   (0)      6  : 0.0000 1.0000 0.0000 0.0000 0.0000
87       87   (0)      6  : 0.0000 1.0000 0.0000 0.0000 0.0000
88       88   (0)      6  : 0.0000 1.0000 0.0000 0.0000 0.0000
89       89   (0)      6  : 0.0000 1.0000 0.0000 0.0000 0.0000
90       90   (0)      6  : 0.0000 0.1363 0.0000 0.8637 0.0000
91       91   (0)      6  : 0.0000 1.0000 0.0000 0.0000 0.0000
92       92   (0)      6  : 0.9141 0.0000 0.0000 0.0439 0.0420
93       93   (0)      6  : 0.0000 0.0000 0.0000 0.0000 1.0000
94       94   (0)      6  : 0.9285 0.0000 0.0000 0.0000 0.0715
95       95   (0)      6  : 0.0000 0.0000 0.0000 0.0000 1.0000
96       96   (0)      6  : 0.0000 0.0000 0.0000 0.0000 1.0000
97       97   (0)      6  : 0.8115 0.0000 0.0000 0.0000 0.1885
98       98   (0)      6  : 0.0000 0.0000 0.1657 0.0000 0.8343
99       99   (0)      7  : 0.0000 1.0000 0.0000 0.0000 0.0000
100      100   (0)      7  : 0.6581 0.1311 0.0321 0.0152 0.1634
101      101   (0)      7  : 0.0000 0.0000 1.0000 0.0000 0.0000
102      102   (0)      7  : 0.0000 0.0000 1.0000 0.0000 0.0000
103      103   (0)      7  : 0.9849 0.0000 0.0000 0.0000 0.0151
104      104   (0)      7  : 0.9265 0.0000 0.0010 0.0614 0.0112
105      105   (0)      7  : 0.9371 0.0000 0.0013 0.0616 0.0000
106      106   (0)      7  : 0.9913 0.0000 0.0000 0.0087 0.0000
107      107   (0)      7  : 0.9873 0.0000 0.0000 0.0127 0.0000
108      108   (0)      8  : 0.9340 0.0000 0.0000 0.0660 0.0000
109      109   (0)      8  : 0.9803 0.0000 0.0000 0.0197 0.0000
110      110   (0)      8  : 1.0000 0.0000 0.0000 0.0000 0.0000
111      111   (0)      8  : 1.0000 0.0000 0.0000 0.0000 0.0000
112      112   (0)      8  : 0.0000 0.0000 1.0000 0.0000 0.0000
113      113   (0)      8  : 0.9986 0.0000 0.0000 0.0014 0.0000
114      114   (0)      8  : 1.0000 0.0000 0.0000 0.0000 0.0000
115      115   (0)      8  : 0.9362 0.0000 0.0000 0.0638 0.0000
116      116   (0)      8  : 1.0000 0.0000 0.0000 0.0000 0.0000
117      117   (0)      8  : 0.8234 0.0265 0.0000 0.0452 0.1049
118      118   (0)      8  : 0.9454 0.0000 0.0000 0.0546 0.0000
119      119   (0)      9  : 0.0000 1.0000 0.0000 0.0000 0.0000
120      120   (0)     10  : 0.9434 0.0000 0.0492 0.0074 0.0000
121      121   (0)     10  : 0.9896 0.0000 0.0000 0.0000 0.0104
122      122   (0)     10  : 0.9950 0.0000 0.0000 0.0050 0.0000
123      123   (0)     10  : 0.8567 0.0709 0.0130 0.0594 0.0000
124      124   (0)     10  : 0.9409 0.0000 0.0577 0.0014 0.0000
125      125   (0)     10  : 0.7929 0.0000 0.0387 0.0150 0.1534
126      126   (0)     10  : 0.9722 0.0000 0.0173 0.0043 0.0062
127      127   (0)     10  : 0.9819 0.0000 0.0000 0.0181 0.0000
128      128   (0)     10  : 0.9539 0.0000 0.0247 0.0214 0.0000
129      129   (0)     10  : 0.9800 0.0000 0.0000 0.0200 0.0000
130      130   (0)     10  : 0.9892 0.0000 0.0000 0.0004 0.0104
131      131   (0)     10  : 0.9123 0.0000 0.0341 0.0406 0.0130
132      132   (0)     10  : 0.8377 0.0000 0.0505 0.0525 0.0593
133      133   (0)     10  : 0.9136 0.0151 0.0219 0.0171 0.0323
134      134   (0)     10  : 0.8908 0.0000 0.0369 0.0000 0.0724
135      135   (0)     10  : 0.9377 0.0000 0.0377 0.0246 0.0000
136      136   (0)     10  : 0.9795 0.0000 0.0159 0.0046 0.0000
137      137   (0)     11  : 0.0000 0.9110 0.0890 0.0000 0.0000
138      138   (0)     12  : 0.6905 0.0000 0.0484 0.1065 0.1546
139      139   (0)     12  : 0.2663 0.2120 0.0663 0.0000 0.4554
140      140   (0)     12  : 0.0000 0.0000 0.0484 0.9516 0.0000
141      141   (0)     12  : 0.0000 0.0000 0.0000 0.0000 1.0000
142      142   (0)     12  : 0.8900 0.0000 0.0528 0.0377 0.0195
143      143   (0)     12  : 0.1870 0.0000 0.0741 0.0000 0.7390
144      144   (0)     12  : 0.7574 0.0000 0.1204 0.0685 0.0537
145      145   (0)     12  : 0.3771 0.0000 0.0000 0.6229 0.0000
146      146   (0)     13  : 0.0000 1.0000 0.0000 0.0000 0.0000
147      147   (0)     13  : 0.0000 1.0000 0.0000 0.0000 0.0000
148      148   (0)     13  : 0.0000 1.0000 0.0000 0.0000 0.0000
149      149   (0)     13  : 0.0000 1.0000 0.0000 0.0000 0.0000
150      150   (0)     13  : 0.0000 1.0000 0.0000 0.0000 0.0000
151      151   (0)     14  : 0.0000 1.0000 0.0000 0.0000 0.0000
152      152   (0)     14  : 0.9699 0.0000 0.0000 0.0301 0.0000
153      153   (0)     15  : 0.0000 0.0000 0.0000 0.0000 1.0000
154      154   (0)     15  : 0.0000 0.9831 0.0000 0.0000 0.0169
155      155   (0)     16  : 0.9086 0.0000 0.0324 0.0090 0.0500
156      156   (0)     16  : 0.9399 0.0000 0.0148 0.0453 0.0000
157      157   (0)     17  : 0.0000 0.0000 0.1247 0.0000 0.8753
158      158   (0)     17  : 0.0000 0.0000 0.0059 0.9941 0.0000
159      159   (0)     18  : 0.9604 0.0000 0.0115 0.0000 0.0280
160      160   (0)     18  : 1.0000 0.0000 0.0000 0.0000 0.0000
161      161   (0)     18  : 0.9992 0.0000 0.0000 0.0008 0.0000
162      162   (0)     19  : 0.8972 0.0000 0.0313 0.0001 0.0714
163      163   (0)     19  : 0.4384 0.1384 0.1905 0.0146 0.2181
164      164   (0)     19  : 0.9100 0.0000 0.0000 0.0900 0.0000
