1        1   (0)      1  : 0.0000 0.9716 0.0000 0.0000 0.0000 0.0000 0.0000 0.0000 0.0000 0.0000 0.0284
2        2   (0)      2  : 0.0000 0.0000 0.0000 0.0000 0.0000 0.8387 0.0000 0.0000 0.0000 0.0968 0.0645
3        3   (0)      2  : 0.8624 0.0000 0.0000 0.0000 0.0000 0.0000 0.0000 0.0000 0.1376 0.0000 0.0000
4        4   (0)      3  : 0.1389 0.0000 0.0699 0.0016 0.0000 0.0174 0.0000 0.0000 0.5033 0.0420 0.2269
5        5   (0)      3  : 0.1547 0.0000 0.0113 0.0000 0.0000 0.0013 0.0038 0.0000 0.6087 0.0178 0.2024
6        6   (0)      3  : 0.2910 0.0000 0.0000 0.0000 0.0388 0.0000 0.0000 0.0000 0.3739 0.0029 0.2935
7        7   (0)      3  : 0.0000 0.0000 0.0211 0.8207 0.0000 0.1172 0.0000 0.0001 0.0000 0.0199 0.0209
8        8   (0)      3  : 0.1254 0.0000 0.0000 0.0002 0.0124 0.0217 0.0000 0.0000 0.6741 0.0242 0.1420
9        9   (0)      3  : 0.6745 0.0000 0.0000 0.0000 0.0000 0.0000 0.0001 0.0000 0.1960 0.0151 0.1143
10       10   (0)      4  : 0.4086 0.0000 0.0000 0.0000 0.0000 0.0060 0.0000 0.0000 0.2375 0.0354 0.3125
11       11   (0)      4  : 0.3801 0.0000 0.0000 0.0000 0.0000 0.0000 0.4812 0.0000 0.0807 0.0165 0.0415
12       12   (0)      4  : 0.6340 0.0000 0.0000 0.0000 0.0000 0.0000 0.0000 0.0000 0.3359 0.0000 0.0302
13       13   (0)      4  : 0.7898 0.0000 0.0000 0.0000 0.0000 0.0000 0.0009 0.0000 0.1443 0.0000 0.0650
14       14   (0)      5  : 0.0000 0.0000 0.8442 0.0000 0.0000 0.0000 0.0000 0.0000 0.0494 0.0645 0.0419
15       15   (0)      5  : 0.0000 0.0000 0.0000 1.0000 0.0000 0.0000 0.0000 0.0000 0.0000 0.0000 0.0000
16       16   (0)      5  : 0.0000 0.0000 0.0000 0.0000 0.0000 0.9677 0.0000 0.0000 0.0000 0.0000 0.0323
17       17   (0)      5  : 0.0000 0.0000 0.0000 0.0000 0.0000 0.0000 0.9032 0.0000 0.0000 0.0323 0.0645
18       18   (0)      5  : 0.4580 0.0000 0.0000 0.0000 0.0000 0.0000 0.0010 0.0000 0.5211 0.0000 0.0199
19       19   (0)      5  : 0.0000 0.0000 0.0000 0.0000 0.0000 0.0000 0.9355 0.0000 0.0000 0.0323 0.0323
20       20   (0)      5  : 0.8087 0.0000 0.0000 0.0000 0.0000 0.0000 0.0078 0.0000 0.1825 0.0000 0.0009
21       21   (0)      5  : 0.7036 0.0000 0.0000 0.0000 0.0000 0.0000 0.0000 0.0000 0.2674 0.0000 0.0290
22       22   (0)      5  : 0.0000 0.0000 0.0000 0.0000 0.0000 0.0000 0.9677 0.0000 0.0000 0.0000 0.0323
23       23   (0)      5  : 0.8523 0.0000 0.0000 0.0000 0.0000 0.0000 0.0259 0.0000 0.1056 0.0000 0.0162
24       24   (0)      5  : 0.0000 0.0000 0.0000 1.0000 0.0000 0.0000 0.0000 0.0000 0.0000 0.0000 0.0000
25       25   (0)      5  : 0.0000 0.0000 0.6944 0.0000 0.0000 0.0000 0.0000 0.0000 0.0645 0.1290 0.1120
26       26   (0)      5  : 0.4173 0.0000 0.0000 0.0000 0.0000 0.0000 0.0019 0.0000 0.5794 0.0000 0.0014
27       27   (0)      5  : 0.0000 0.0000 0.0000 1.0000 0.0000 0.0000 0.0000 0.0000 0.0000 0.0000 0.0000
28       28   (0)      5  : 0.0000 0.0000 0.0000 0.7848 0.0000 0.0217 0.0000 0.0343 0.0000 0.1592 0.0000
29       29   (0)      6  : 0.0000 0.9677 0.0000 0.0000 0.0000 0.0000 0.0000 0.0000 0.0000 0.0000 0.0323
30       30   (0)      6  : 0.0000 0.0000 0.0000 0.0000 0.9169 0.0000 0.0000 0.0000 0.0323 0.0471 0.0037
31       31   (0)      6  : 0.8695 0.0000 0.0000 0.0000 0.0000 0.0000 0.0000 0.0000 0.0759 0.0000 0.0545
32       32   (0)      6  : 0.2005 0.0000 0.0000 0.0000 0.0000 0.0016 0.1571 0.0014 0.3424 0.0514 0.2456
33       33   (0)      6  : 0.0000 0.0992 0.0000 0.0000 0.0000 0.0000 0.0000 0.9008 0.0000 0.0000 0.0000
34       34   (0)      6  : 0.0000 0.0000 0.9027 0.0000 0.0000 0.0000 0.0000 0.0000 0.0000 0.0322 0.0651
35       35   (0)      6  : 0.0000 0.9677 0.0000 0.0000 0.0000 0.0000 0.0000 0.0000 0.0000 0.0000 0.0323
36       36   (0)      6  : 0.0000 0.9677 0.0000 0.0000 0.0000 0.0000 0.0000 0.0000 0.0000 0.0000 0.0323
37       37   (0)      7  : 0.0000 0.0000 0.0000 0.0000 1.0000 0.0000 0.0000 0.0000 0.0000 0.0000 0.0000
38       38   (0)      7  : 0.0000 0.0000 0.0000 0.0000 0.0000 0.0000 0.9355 0.0000 0.0000 0.0000 0.0645
39       39   (0)      7  : 0.0000 0.0000 0.9125 0.0000 0.0000 0.0000 0.0000 0.0000 0.0645 0.0152 0.0078
40       40   (0)      7  : 0.0000 0.0000 0.9525 0.0000 0.0000 0.0000 0.0000 0.0000 0.0152 0.0000 0.0323
41       41   (0)      7  : 0.0000 0.0000 0.0000 0.0000 0.0000 0.0000 1.0000 0.0000 0.0000 0.0000 0.0000
42       42   (0)      7  : 0.0000 0.0000 0.9032 0.0000 0.0000 0.0000 0.0000 0.0000 0.0000 0.0323 0.0645
43       43   (0)      7  : 0.0000 0.0000 0.0000 0.0000 0.0000 0.0000 0.8710 0.0000 0.0000 0.0323 0.0968
44       44   (0)      7  : 0.0000 0.0000 0.0000 0.0000 0.0000 1.0000 0.0000 0.0000 0.0000 0.0000 0.0000
45       45   (0)      7  : 0.6264 0.0000 0.0000 0.0000 0.0000 0.0000 0.0000 0.0000 0.2766 0.0000 0.0970
46       46   (0)      7  : 0.0000 0.9709 0.0000 0.0000 0.0000 0.0000 0.0000 0.0000 0.0000 0.0000 0.0291
47       47   (0)      7  : 0.4347 0.0000 0.0000 0.0000 0.0000 0.0000 0.0000 0.0000 0.5302 0.0000 0.0351
48       48   (0)      7  : 0.0000 0.9518 0.0000 0.0000 0.0000 0.0000 0.0000 0.0138 0.0000 0.0000 0.0344
49       49   (0)      7  : 0.0000 0.0000 0.0000 0.0000 0.8710 0.0000 0.0000 0.0000 0.0323 0.0323 0.0645
50       50   (0)      7  : 0.0076 0.0000 0.0000 0.0000 0.0000 0.9924 0.0000 0.0000 0.0000 0.0000 0.0000
51       51   (0)      7  : 0.0000 0.0000 0.0000 0.0000 0.9526 0.0000 0.0000 0.0000 0.0187 0.0000 0.0286
52       52   (0)      7  : 0.0000 0.0000 0.0000 1.0000 0.0000 0.0000 0.0000 0.0000 0.0000 0.0000 0.0000
53       53   (0)      7  : 0.7015 0.0000 0.0000 0.0000 0.0000 0.0000 0.0000 0.0000 0.2556 0.0070 0.0360
54       54   (0)      7  : 0.6629 0.0000 0.0000 0.0000 0.0000 0.0000 0.0000 0.0000 0.2687 0.0039 0.0645
55       55   (0)      7  : 0.5910 0.0000 0.0000 0.0000 0.0000 0.0000 0.0222 0.0000 0.3529 0.0323 0.0016
56       56   (0)      7  : 0.6147 0.0000 0.0000 0.0000 0.0000 0.0000 0.0000 0.0000 0.3853 0.0000 0.0000
57       57   (0)      8  : 0.0000 0.0000 0.8047 0.0000 0.0000 0.0000 0.0000 0.0000 0.0000 0.0502 0.1450
58       58   (0)      8  : 0.0000 0.0000 0.0000 1.0000 0.0000 0.0000 0.0000 0.0000 0.0000 0.0000 0.0000
59       59   (0)      8  : 0.6975 0.0000 0.0000 0.0000 0.0000 0.0000 0.0006 0.0000 0.2634 0.0062 0.0323
60       60   (0)      8  : 0.0000 0.0000 0.8644 0.0000 0.0000 0.0000 0.0000 0.0000 0.0645 0.0323 0.0388
61       61   (0)      8  : 0.0000 0.0000 0.8197 0.0000 0.0000 0.0000 0.0000 0.0000 0.0000 0.0190 0.1613
62       62   (0)      8  : 0.0000 0.0000 0.0000 0.0000 0.8710 0.0000 0.0000 0.0000 0.0323 0.0323 0.0645
63       63   (0)      8  : 0.0000 0.0000 0.8916 0.0000 0.0000 0.0000 0.0000 0.0000 0.0000 0.0000 0.1084
64       64   (0)      8  : 0.1828 0.0000 0.0000 0.0000 0.0000 0.0000 0.0000 0.0000 0.8172 0.0000 0.0000
65       65   (0)      8  : 0.0000 0.9677 0.0000 0.0000 0.0000 0.0000 0.0000 0.0000 0.0000 0.0000 0.0323
66       66   (0)      8  : 0.3309 0.0000 0.0000 0.0000 0.0000 0.0000 0.0000 0.0000 0.6691 0.0000 0.0000
67       67   (0)      8  : 0.4784 0.0000 0.0000 0.0000 0.0000 0.0000 0.0000 0.0000 0.3409 0.0000 0.1806
68       68   (0)      8  : 0.7475 0.0000 0.0000 0.0000 0.0000 0.0000 0.0000 0.0000 0.2525 0.0000 0.0000
69       69   (0)      8  : 0.0000 0.9906 0.0000 0.0000 0.0000 0.0000 0.0000 0.0000 0.0000 0.0000 0.0094
70       70   (0)      8  : 0.0000 0.0000 0.8120 0.0000 0.0000 0.0000 0.0000 0.0000 0.0094 0.1074 0.0712
71       71   (0)      8  : 0.0000 0.9677 0.0000 0.0000 0.0000 0.0000 0.0000 0.0000 0.0000 0.0000 0.0323
72       72   (0)      8  : 0.0000 0.0000 0.0000 0.0000 0.9758 0.0000 0.0000 0.0000 0.0000 0.0150 0.0092
73       73   (0)      8  : 0.0625 0.0000 0.0000 0.0000 0.0000 0.0000 0.7489 0.0000 0.1341 0.0000 0.0545
74       74   (0)      8  : 0.4446 0.0000 0.0000 0.0000 0.0000 0.0000 0.0000 0.0000 0.5554 0.0000 0.0000
75       75   (0)      8  : 0.4879 0.0000 0.0000 0.0000 0.0000 0.0000 0.0000 0.0000 0.4694 0.0000 0.0427
76       76   (0)      8  : 0.0000 0.9248 0.0000 0.0000 0.0000 0.0000 0.0000 0.0430 0.0000 0.0000 0.0323
77       77   (0)      8  : 0.2342 0.0000 0.0000 0.0000 0.0000 0.0000 0.0077 0.0000 0.7338 0.0000 0.0242
78       78   (0)      9  : 0.0000 0.0000 0.8545 0.0000 0.0000 0.0000 0.0000 0.0000 0.0161 0.0522 0.0772
79       79   (0)      9  : 0.0000 0.0000 0.8356 0.0000 0.0000 0.0000 0.0000 0.0000 0.0204 0.0000 0.1439
80       80   (0)      9  : 0.0000 0.0000 0.0000 0.0000 0.9032 0.0000 0.0000 0.0000 0.0323 0.0000 0.0645
81       81   (0)      9  : 0.0000 0.0000 0.8063 0.0000 0.0001 0.0000 0.0000 0.0000 0.0645 0.0000 0.1290
82       82   (0)      9  : 0.0000 0.9770 0.0000 0.0000 0.0000 0.0000 0.0000 0.0000 0.0000 0.0000 0.0230
83       83   (0)      9  : 0.3463 0.0000 0.0000 0.0000 0.0000 0.0276 0.0053 0.0012 0.2496 0.0146 0.3554
84       84   (0)      9  : 0.0000 0.0000 0.0000 0.0243 0.0000 0.1821 0.0000 0.2129 0.0000 0.5484 0.0323
85       85   (0)      9  : 0.5945 0.0000 0.0000 0.0000 0.0000 0.0000 0.0000 0.0000 0.3733 0.0000 0.0323
86       86   (0)      9  : 0.8509 0.0000 0.0000 0.0000 0.0000 0.0000 0.0000 0.0000 0.0931 0.0000 0.0560
87       87   (0)      9  : 0.7976 0.0000 0.0000 0.0000 0.0000 0.0000 0.0001 0.0000 0.1782 0.0073 0.0168
88       88   (0)      9  : 0.0000 0.0000 0.8710 0.0000 0.0000 0.0000 0.0000 0.0000 0.0000 0.0645 0.0645
89       89   (0)      9  : 0.0000 0.0000 0.8639 0.0000 0.0000 0.0000 0.0000 0.0000 0.0645 0.0323 0.0393
90       90   (0)      9  : 0.5826 0.0000 0.0000 0.0000 0.0000 0.0000 0.2665 0.0000 0.0576 0.0372 0.0561
91       91   (0)      9  : 0.0000 0.0000 0.0000 0.0000 1.0000 0.0000 0.0000 0.0000 0.0000 0.0000 0.0000
92       92   (0)     10  : 0.0290 0.0000 0.2403 0.0000 0.0000 0.5150 0.0000 0.0000 0.0050 0.1386 0.0721
93       93   (0)     11  : 0.0528 0.0736 0.0000 0.0098 0.0000 0.7811 0.0000 0.0000 0.0066 0.0710 0.0051
94       94   (0)     11  : 0.0000 0.0000 0.0000 0.8778 0.0000 0.0000 0.0000 0.0190 0.0000 0.1032 0.0000
95       95   (0)     11  : 0.0000 0.0000 0.0000 0.0702 0.0000 0.1879 0.0000 0.1290 0.0000 0.6129 0.0000
96       96   (0)     12  : 0.0000 0.0000 0.0000 1.0000 0.0000 0.0000 0.0000 0.0000 0.0000 0.0000 0.0000
97       97   (0)     12  : 0.0000 0.0000 0.0000 1.0000 0.0000 0.0000 0.0000 0.0000 0.0000 0.0000 0.0000
98       98   (0)     12  : 0.0000 0.0000 0.0000 1.0000 0.0000 0.0000 0.0000 0.0000 0.0000 0.0000 0.0000
99       99   (0)     12  : 0.0000 0.0000 0.0000 1.0000 0.0000 0.0000 0.0000 0.0000 0.0000 0.0000 0.0000
100      100   (0)     12  : 0.0000 0.9677 0.0000 0.0000 0.0000 0.0000 0.0000 0.0000 0.0000 0.0000 0.0323
101      101   (0)     13  : 0.0000 0.9677 0.0000 0.0000 0.0000 0.0000 0.0000 0.0000 0.0000 0.0000 0.0323
102      102   (0)     13  : 0.0000 0.0000 0.0000 1.0000 0.0000 0.0000 0.0000 0.0000 0.0000 0.0000 0.0000
103      103   (0)     14  : 0.0000 0.0000 0.5897 0.0000 0.0174 0.0452 0.0000 0.0000 0.0152 0.1384 0.1941
104      104   (0)     14  : 0.0000 0.9903 0.0000 0.0000 0.0000 0.0000 0.0000 0.0000 0.0000 0.0000 0.0097
105      105   (0)     14  : 0.0000 0.7078 0.0040 0.0040 0.0197 0.1997 0.0000 0.0015 0.0000 0.0300 0.0334
106      106   (0)     14  : 0.0000 0.1218 0.0000 0.0000 0.0000 0.0000 0.0000 0.8782 0.0000 0.0000 0.0000
107      107   (0)     14  : 0.0000 0.0000 0.0000 0.0000 1.0000 0.0000 0.0000 0.0000 0.0000 0.0000 0.0000
108      108   (0)     15  : 0.0000 0.0000 0.0000 0.0000 0.0000 1.0000 0.0000 0.0000 0.0000 0.0000 0.0000
109      109   (0)     15  : 0.0000 0.5514 0.0000 0.0000 0.0000 0.0000 0.0000 0.4313 0.0000 0.0000 0.0173
110      110   (0)     15  : 0.0000 0.9778 0.0000 0.0000 0.0000 0.0000 0.0000 0.0000 0.0000 0.0000 0.0222
111      111   (0)     15  : 0.7985 0.0000 0.0000 0.0000 0.0000 0.0000 0.0000 0.0000 0.1331 0.0059 0.0625
112      112   (0)     15  : 0.0000 0.0000 0.3850 0.1448 0.0000 0.0602 0.0000 0.0000 0.0000 0.2063 0.2037
113      113   (0)     15  : 0.0000 0.9599 0.0000 0.0079 0.0000 0.0000 0.0000 0.0000 0.0000 0.0000 0.0323
114      114   (0)     15  : 0.0000 0.1092 0.0000 0.0071 0.0000 0.0000 0.0000 0.8837 0.0000 0.0000 0.0000
