1        1   (0)      1  : 0.0127 0.0000 0.0000 0.0000 0.0000 0.0000 0.2066 0.5014 0.0000 0.0015 0.0278 0.0000 0.0201 0.0425 0.0000 0.0090 0.0479 0.0187 0.0830 0.0288 0.0000
2        2   (0)      1  : 0.0000 0.0000 0.0029 0.0000 0.0687 0.0000 0.8502 0.0005 0.0000 0.0000 0.0000 0.0099 0.0533 0.0000 0.0000 0.0000 0.0000 0.0145 0.0000 0.0000 0.0000
3        3   (0)      1  : 0.0000 0.0000 0.0000 0.0000 0.0000 0.0000 0.1741 0.8000 0.0000 0.0000 0.0000 0.0000 0.0000 0.0000 0.0000 0.0000 0.0000 0.0000 0.0000 0.0259 0.0000
4        4   (0)      1  : 0.0000 0.0000 0.0000 0.0000 0.0000 0.0000 1.0000 0.0000 0.0000 0.0000 0.0000 0.0000 0.0000 0.0000 0.0000 0.0000 0.0000 0.0000 0.0000 0.0000 0.0000
5        5   (0)      1  : 0.0053 0.0000 0.1194 0.0000 0.0038 0.0782 0.1607 0.0000 0.0000 0.0000 0.5803 0.0000 0.0000 0.0000 0.0000 0.0000 0.0000 0.0032 0.0200 0.0023 0.0269
6        6   (0)      1  : 0.1038 0.0000 0.1010 0.0000 0.0090 0.0573 0.0830 0.0064 0.0000 0.0003 0.3739 0.0081 0.0033 0.0001 0.0000 0.1102 0.0237 0.0120 0.1051 0.0000 0.0028
7        7   (0)      1  : 0.0174 0.0000 0.0000 0.0000 0.0000 0.0000 0.0000 0.0000 0.0000 0.0000 0.6750 0.0012 0.0161 0.0000 0.0000 0.0022 0.0050 0.0043 0.2789 0.0000 0.0000
8        8   (0)      1  : 0.0000 0.0000 0.0893 0.0000 0.0057 0.0299 0.2463 0.0000 0.0000 0.0000 0.5611 0.0000 0.0000 0.0000 0.0000 0.0033 0.0000 0.0000 0.0490 0.0000 0.0154
9        9   (0)      1  : 0.0000 0.0000 0.0000 0.0000 0.0000 0.0000 1.0000 0.0000 0.0000 0.0000 0.0000 0.0000 0.0000 0.0000 0.0000 0.0000 0.0000 0.0000 0.0000 0.0000 0.0000
10       10   (0)      1  : 0.0873 0.0000 0.0000 0.0000 0.0012 0.0000 0.0000 0.1000 0.0000 0.0135 0.2002 0.0015 0.0005 0.0065 0.0000 0.1000 0.0000 0.0000 0.4892 0.0002 0.0000
11       11   (0)      1  : 0.0000 0.0000 0.0000 0.0000 0.0000 0.0000 0.0000 0.0000 0.0000 0.0037 0.0000 0.0000 0.0021 0.0000 0.0000 0.0000 0.0000 0.0014 0.9621 0.0000 0.0307
12       12   (0)      1  : 0.0000 0.0000 0.0000 0.0000 0.0000 0.0000 0.0000 0.0000 0.0000 0.0000 0.0000 0.0000 0.8000 0.0000 0.0000 0.0000 0.0000 0.2000 0.0000 0.0000 0.0000
13       13   (0)      1  : 0.1067 0.0000 0.0000 0.0000 0.0000 0.0000 0.0000 0.0417 0.0000 0.0150 0.1000 0.0114 0.0017 0.0176 0.0000 0.1412 0.0076 0.0000 0.5456 0.0000 0.0115
14       14   (0)      1  : 0.0067 0.0000 0.0822 0.0022 0.0000 0.0841 0.0362 0.1603 0.0152 0.0000 0.0901 0.0131 0.0563 0.0000 0.0000 0.0327 0.0051 0.0102 0.3468 0.0037 0.0550
15       15   (0)      1  : 0.0000 0.0000 0.9000 0.0000 0.0000 0.0000 0.0000 0.0000 0.0000 0.0000 0.0000 0.0000 0.0000 0.0000 0.0000 0.0000 0.0000 0.0000 0.0000 0.0000 0.1000
16       16   (0)      1  : 0.0000 0.0000 0.0000 0.0000 0.0000 0.0000 0.0000 0.0000 0.0000 0.0000 0.0000 0.0000 0.0000 0.0000 0.0000 0.0000 0.0000 0.0000 0.0000 1.0000 0.0000
17       17   (0)      1  : 0.0000 0.0000 0.0000 0.0000 0.0000 0.0000 0.0000 0.0000 0.0000 0.0000 0.0000 0.0000 0.0000 0.0000 0.0000 0.0000 0.0000 0.0000 0.0000 1.0000 0.0000
18       18   (0)      1  : 0.0000 0.0000 0.0000 0.0000 0.0000 0.0000 0.0000 0.0000 0.0000 1.0000 0.0000 0.0000 0.0000 0.0000 0.0000 0.0000 0.0000 0.0000 0.0000 0.0000 0.0000
19       19   (0)      1  : 0.0869 0.0000 0.0000 0.0000 0.0151 0.0000 0.0025 0.0000 0.0000 0.0007 0.1413 0.0203 0.0000 0.0189 0.0000 0.0622 0.0000 0.1005 0.5517 0.0000 0.0000
20       20   (0)      1  : 0.1715 0.0000 0.0000 0.0000 0.0000 0.0000 0.0000 0.1000 0.0000 0.0000 0.5183 0.0119 0.0000 0.0000 0.0000 0.1000 0.0000 0.0491 0.0491 0.0000 0.0000
21       21   (0)      1  : 0.0000 0.0000 0.0000 0.0000 0.0000 0.0000 0.1672 0.7000 0.0000 0.0000 0.0000 0.0000 0.0000 0.0000 0.0000 0.0000 0.0000 0.0000 0.0000 0.1328 0.0000
22       22   (0)      1  : 0.0000 0.0000 0.9000 0.0000 0.0000 0.0000 0.0000 0.0000 0.0000 0.0000 0.0000 0.0000 0.0000 0.0000 0.0000 0.0000 0.0000 0.0000 0.0000 0.0000 0.1000
23       23   (0)      1  : 0.0472 0.0000 0.0001 0.0000 0.0100 0.0000 0.0036 0.0399 0.0000 0.0000 0.3195 0.0015 0.0134 0.0000 0.0000 0.0420 0.0010 0.0104 0.5114 0.0000 0.0000
24       24   (0)      2  : 0.0000 0.0000 0.0000 0.0000 0.0000 0.0000 0.1383 0.7213 0.0000 0.0000 0.0000 0.0000 0.0000 0.0000 0.0000 0.0000 0.0000 0.0000 0.0000 0.1404 0.0000
25       25   (0)      2  : 0.0769 0.0000 0.0000 0.0000 0.0000 0.0000 0.0000 0.0000 0.0000 0.0000 0.4357 0.0000 0.0000 0.0131 0.0000 0.4743 0.0000 0.0000 0.0000 0.0000 0.0000
26       26   (0)      2  : 0.0263 0.0000 0.0000 0.0000 0.0000 0.0000 0.0787 0.1339 0.0000 0.0000 0.0594 0.0000 0.2000 0.0000 0.0000 0.0000 0.5000 0.0000 0.0000 0.0017 0.0000
27       27   (0)      2  : 0.1514 0.0000 0.0000 0.0000 0.0235 0.0000 0.0015 0.0641 0.0000 0.0891 0.2371 0.0025 0.0118 0.0020 0.0000 0.1090 0.0230 0.0038 0.2687 0.0031 0.0094
28       28   (0)      2  : 0.3416 0.0000 0.0146 0.0000 0.0000 0.0000 0.0000 0.0081 0.0000 0.0004 0.1434 0.0089 0.0242 0.0015 0.0000 0.2022 0.1589 0.0059 0.0809 0.0056 0.0037
29       29   (0)      2  : 0.0587 0.0000 0.0000 0.0000 0.0352 0.0000 0.0000 0.0180 0.0000 0.0429 0.1071 0.0088 0.0228 0.0102 0.0000 0.2370 0.0843 0.0043 0.3446 0.0253 0.0009
30       30   (0)      2  : 0.0000 0.0000 0.0000 0.0000 0.0000 0.0000 0.0000 0.0000 0.9000 0.0000 0.0000 0.0000 0.0000 0.0000 0.0000 0.0000 0.0000 0.0000 0.0000 0.0000 0.1000
31       31   (0)      2  : 0.3165 0.0000 0.0049 0.0000 0.0002 0.0082 0.0012 0.0467 0.0000 0.0504 0.2150 0.0074 0.0029 0.0098 0.0000 0.1909 0.0197 0.0072 0.0835 0.0196 0.0160
32       32   (0)      2  : 0.0000 0.0000 0.0000 0.0000 0.0000 0.0000 0.1767 0.8000 0.0000 0.0000 0.0000 0.0000 0.0000 0.0000 0.0000 0.0000 0.0108 0.0000 0.0000 0.0125 0.0000
33       33   (0)      2  : 0.0000 0.0000 0.0000 0.0000 0.0000 0.0000 0.0000 0.0000 0.0000 1.0000 0.0000 0.0000 0.0000 0.0000 0.0000 0.0000 0.0000 0.0000 0.0000 0.0000 0.0000
34       34   (0)      2  : 0.0000 0.0000 0.0000 0.0000 0.0000 0.0000 0.0000 0.0000 0.0000 0.0000 0.0000 0.0000 0.0000 0.0000 0.0000 0.0804 0.0000 0.0086 0.9110 0.0000 0.0000
35       35   (0)      2  : 0.2680 0.0000 0.0137 0.0000 0.0172 0.0000 0.0036 0.0222 0.0000 0.0126 0.0763 0.0301 0.0262 0.0165 0.0000 0.1683 0.0547 0.0241 0.2535 0.0008 0.0121
36       36   (0)      2  : 0.0000 0.0000 0.0000 0.0000 0.0000 0.0000 1.0000 0.0000 0.0000 0.0000 0.0000 0.0000 0.0000 0.0000 0.0000 0.0000 0.0000 0.0000 0.0000 0.0000 0.0000
37       37   (0)      3  : 0.1800 0.0000 0.0000 0.0000 0.0169 0.0000 0.0000 0.0948 0.0000 0.0025 0.1277 0.0073 0.0105 0.0231 0.0000 0.0324 0.0088 0.0019 0.4903 0.0000 0.0038
38       38   (0)      3  : 0.0621 0.0000 0.0000 0.0000 0.1451 0.0000 0.0065 0.0000 0.0000 0.0022 0.0233 0.0115 0.0105 0.0000 0.0000 0.6900 0.0273 0.0000 0.0066 0.0000 0.0148
39       39   (0)      3  : 0.1468 0.0000 0.0000 0.0000 0.0178 0.0000 0.0000 0.0142 0.0000 0.0007 0.1917 0.0000 0.0160 0.0273 0.0000 0.1910 0.0797 0.0023 0.3120 0.0006 0.0000
40       40   (0)      3  : 0.1521 0.0000 0.0000 0.0000 0.0000 0.0000 0.0000 0.1000 0.0000 0.0000 0.5387 0.0036 0.0015 0.0000 0.0000 0.1000 0.0000 0.1037 0.0000 0.0004 0.0000
41       41   (0)      3  : 0.7142 0.0000 0.0000 0.0000 0.0212 0.0000 0.0000 0.0000 0.0000 0.0109 0.0170 0.0000 0.0009 0.0000 0.0000 0.0053 0.0000 0.0125 0.0872 0.0023 0.1286
42       42   (0)      4  : 0.0000 0.0599 0.0000 0.5332 0.0000 0.0000 0.0000 0.0000 0.0658 0.0000 0.0000 0.0000 0.0000 0.0000 0.2956 0.0000 0.0000 0.0000 0.0000 0.0000 0.0455
43       43   (0)      4  : 0.4024 0.0000 0.0000 0.0000 0.0072 0.0000 0.0000 0.0340 0.0000 0.0000 0.1475 0.0083 0.0193 0.0099 0.0000 0.0519 0.0201 0.0116 0.2425 0.0000 0.0452
44       44   (0)      4  : 0.0000 0.4548 0.0000 0.1000 0.0000 0.0000 0.0000 0.0000 0.1000 0.0000 0.0000 0.0000 0.0000 0.0000 0.1000 0.0000 0.1000 0.0000 0.0000 0.0000 0.1452
45       45   (0)      4  : 0.0000 0.4937 0.0000 0.2200 0.0000 0.0000 0.0000 0.0000 0.0139 0.0000 0.0000 0.0000 0.0000 0.0000 0.0847 0.0000 0.0000 0.0000 0.0000 0.0000 0.1877
46       46   (0)      4  : 0.6073 0.0038 0.0017 0.0040 0.0000 0.0000 0.0142 0.0464 0.0000 0.0000 0.0598 0.0079 0.0000 0.0033 0.0000 0.0288 0.0000 0.0031 0.2167 0.0014 0.0015
47       47   (0)      4  : 0.4125 0.0000 0.0000 0.0000 0.0000 0.0000 0.0000 0.0000 0.0000 0.0000 0.2230 0.0169 0.0000 0.0308 0.0000 0.1732 0.1000 0.0067 0.0370 0.0000 0.0000
48       48   (0)      4  : 0.0547 0.0000 0.0000 0.0000 0.0008 0.0000 0.0000 0.0452 0.0000 0.0128 0.2914 0.0106 0.0091 0.0156 0.0000 0.3832 0.0000 0.0030 0.1736 0.0000 0.0000
49       49   (0)      4  : 0.1995 0.0000 0.0000 0.0000 0.0000 0.0000 0.0000 0.2000 0.0000 0.0000 0.3136 0.0000 0.0026 0.0000 0.0000 0.0000 0.0000 0.0023 0.2821 0.0000 0.0000
50       50   (0)      4  : 0.0000 0.0000 0.0000 0.0000 0.0000 0.0000 0.0000 0.0000 0.0000 0.0000 0.0000 0.0000 0.0000 1.0000 0.0000 0.0000 0.0000 0.0000 0.0000 0.0000 0.0000
51       51   (0)      4  : 0.0240 0.0050 0.0176 0.0213 0.0000 0.2472 0.0000 0.0241 0.1489 0.0000 0.0342 0.0000 0.0000 0.0999 0.1429 0.0000 0.0000 0.0132 0.1283 0.0000 0.0934
52       52   (0)      4  : 0.3232 0.0034 0.0000 0.0000 0.0000 0.0166 0.0009 0.0000 0.0000 0.0163 0.1665 0.0471 0.0000 0.0032 0.0000 0.2291 0.0479 0.0000 0.1112 0.0000 0.0346
53       53   (0)      4  : 0.3363 0.0000 0.0000 0.0000 0.0049 0.0000 0.0000 0.0000 0.0000 0.0071 0.1345 0.0000 0.0028 0.0002 0.0000 0.2709 0.1000 0.0058 0.1105 0.0000 0.0269
54       54   (0)      4  : 0.2885 0.0026 0.0034 0.0031 0.0211 0.0090 0.0002 0.0221 0.0028 0.0000 0.1635 0.0148 0.0000 0.0262 0.0110 0.1892 0.0548 0.0166 0.1494 0.0097 0.0119
55       55   (0)      4  : 0.0000 0.0000 0.0000 0.0000 0.0000 0.0000 0.0000 0.0000 0.0000 0.0000 0.0000 0.0000 0.0000 1.0000 0.0000 0.0000 0.0000 0.0000 0.0000 0.0000 0.0000
56       56   (0)      4  : 0.0000 0.1523 0.0000 0.3844 0.0000 0.0000 0.0000 0.0000 0.0000 0.0000 0.0000 0.0000 0.0000 0.0000 0.3173 0.0000 0.0000 0.0000 0.0000 0.0000 0.1460
57       57   (0)      5  : 0.3779 0.0000 0.0000 0.0000 0.0000 0.0000 0.0000 0.0194 0.0000 0.0060 0.0690 0.0009 0.0003 0.0000 0.0000 0.1951 0.0000 0.0000 0.2314 0.0000 0.1000
58       58   (0)      5  : 0.6444 0.0000 0.0000 0.0000 0.0013 0.0000 0.0000 0.0000 0.0000 0.0491 0.1140 0.0053 0.0000 0.0000 0.0000 0.1114 0.0034 0.0014 0.0000 0.0000 0.0697
59       59   (0)      5  : 0.0000 0.1000 0.0000 0.2000 0.0000 0.0000 0.0000 0.0000 0.1000 0.0000 0.0000 0.0000 0.0000 0.0000 0.1000 0.0000 0.2000 0.0000 0.0000 0.0000 0.3000
60       60   (0)      5  : 0.3716 0.0000 0.0000 0.0000 0.0000 0.0000 0.0000 0.0000 0.0000 0.0002 0.0815 0.0332 0.0155 0.0000 0.0000 0.1649 0.0000 0.0057 0.2845 0.0000 0.0429
61       61   (0)      5  : 0.1335 0.0415 0.0864 0.0137 0.0808 0.0163 0.0000 0.0000 0.0224 0.0000 0.0311 0.0000 0.0000 0.0000 0.3911 0.0316 0.0032 0.0155 0.0305 0.0000 0.1025
62       62   (0)      5  : 0.0000 0.1000 0.0000 0.0000 0.0000 0.0000 0.0000 0.0000 0.0000 0.0000 0.0000 0.0000 0.0000 0.0000 0.9000 0.0000 0.0000 0.0000 0.0000 0.0000 0.0000
63       63   (0)      5  : 0.3130 0.0258 0.0045 0.0000 0.0150 0.0232 0.0142 0.0047 0.0039 0.0002 0.1015 0.0058 0.0058 0.0145 0.1366 0.1000 0.0197 0.0095 0.0901 0.0266 0.0853
64       64   (0)      5  : 0.4128 0.0000 0.0000 0.0000 0.0224 0.0000 0.0000 0.0031 0.0000 0.0000 0.0988 0.0284 0.0221 0.0000 0.0000 0.1082 0.0000 0.1689 0.0000 0.0000 0.1352
65       65   (0)      5  : 0.5039 0.0000 0.0000 0.0000 0.0000 0.0000 0.0000 0.0000 0.0000 0.0003 0.1225 0.0000 0.0043 0.0000 0.0000 0.0225 0.0011 0.0039 0.1415 0.0000 0.2000
66       66   (0)      5  : 0.5880 0.0000 0.0000 0.0000 0.0028 0.0000 0.0000 0.1000 0.0000 0.0000 0.0404 0.0000 0.0030 0.0032 0.0000 0.0000 0.0000 0.0068 0.1503 0.0055 0.1000
67       67   (0)      5  : 0.0463 0.2531 0.0228 0.0205 0.0000 0.0161 0.0000 0.0191 0.3243 0.0000 0.0000 0.0000 0.0000 0.0000 0.0437 0.0000 0.2000 0.0000 0.0168 0.0000 0.0372
68       68   (0)      5  : 0.0000 0.3216 0.0000 0.5133 0.0000 0.0000 0.0000 0.0000 0.0787 0.0000 0.0000 0.0000 0.0000 0.0000 0.0000 0.0000 0.0000 0.0000 0.0000 0.0000 0.0863
69       69   (0)      5  : 0.2175 0.0693 0.0000 0.0036 0.0424 0.0013 0.0073 0.0095 0.0896 0.0009 0.1084 0.0036 0.0080 0.0301 0.0226 0.2385 0.0879 0.0109 0.0233 0.0055 0.0196
70       70   (0)      5  : 0.0000 0.3000 0.0000 0.0000 0.0000 0.0000 0.0000 0.0000 0.4000 0.0000 0.0000 0.0000 0.0000 0.0000 0.1000 0.0000 0.2000 0.0000 0.0000 0.0000 0.0000
71       71   (0)      5  : 0.0000 0.4000 0.0000 0.4055 0.0000 0.0000 0.0000 0.0000 0.0945 0.0000 0.0000 0.0000 0.0000 0.0000 0.0000 0.0000 0.0000 0.0000 0.0000 0.0000 0.1000
72       72   (0)      5  : 0.3481 0.0270 0.0000 0.0367 0.0000 0.0000 0.0005 0.0212 0.0071 0.0027 0.1120 0.0000 0.0285 0.0007 0.0262 0.2249 0.0693 0.0430 0.0442 0.0000 0.0080
73       73   (0)      5  : 0.1393 0.0000 0.0000 0.0000 0.0000 0.0000 0.0000 0.1000 0.0000 0.0000 0.0584 0.0345 0.0008 0.0000 0.0000 0.3061 0.0000 0.0007 0.3222 0.0250 0.0130
74       74   (0)      5  : 0.0000 0.2113 0.0000 0.6925 0.0000 0.0000 0.0000 0.0000 0.0000 0.0000 0.0000 0.0000 0.0000 0.0000 0.0000 0.0000 0.0000 0.0000 0.0000 0.0000 0.0963
75       75   (0)      6  : 0.0000 0.3162 0.0000 0.0168 0.0000 0.0000 0.0000 0.0000 0.0658 0.0000 0.0000 0.0000 0.0000 0.0000 0.5511 0.0000 0.0000 0.0000 0.0000 0.0000 0.0501
76       76   (0)      6  : 0.5312 0.0148 0.0075 0.0000 0.0000 0.0048 0.0010 0.1025 0.0000 0.0058 0.1641 0.0038 0.0041 0.0000 0.0193 0.0125 0.0000 0.0049 0.0969 0.0004 0.0265
77       77   (0)      6  : 0.0000 0.2105 0.0000 0.2560 0.0000 0.0000 0.0000 0.0000 0.1296 0.0000 0.0000 0.0000 0.0000 0.0000 0.1547 0.0000 0.0911 0.0000 0.0000 0.0000 0.1580
78       78   (0)      6  : 0.0000 0.0000 0.0000 0.9000 0.0000 0.0000 0.0000 0.0000 0.1000 0.0000 0.0000 0.0000 0.0000 0.0000 0.0000 0.0000 0.0000 0.0000 0.0000 0.0000 0.0000
79       79   (0)      6  : 0.0000 0.2203 0.0000 0.0501 0.0000 0.0000 0.0000 0.0000 0.0617 0.0000 0.0000 0.0000 0.0000 0.0000 0.4678 0.0000 0.0000 0.0000 0.0000 0.0000 0.2000
80       80   (0)      6  : 0.0000 0.0000 0.0000 0.0000 0.0000 0.0000 0.1655 0.8000 0.0000 0.0000 0.0000 0.0000 0.0000 0.0000 0.0000 0.0000 0.0052 0.0000 0.0000 0.0294 0.0000
81       81   (0)      6  : 0.0000 0.2583 0.0000 0.3184 0.0000 0.0000 0.0000 0.0000 0.1481 0.0000 0.0000 0.0000 0.0000 0.0000 0.1540 0.0000 0.0000 0.0000 0.0000 0.0000 0.1212
82       82   (0)      6  : 0.0000 0.0559 0.0000 0.0000 0.0000 0.0000 0.0000 0.0000 0.5366 0.0000 0.0000 0.0000 0.0000 0.0000 0.3647 0.0000 0.0000 0.0000 0.0000 0.0000 0.0427
83       83   (0)      6  : 0.0000 0.1382 0.0011 0.1303 0.0000 0.0000 0.0000 0.0000 0.3835 0.0000 0.0000 0.0000 0.0000 0.0000 0.2468 0.0000 0.0000 0.0000 0.0000 0.0000 0.1000
84       84   (0)      6  : 0.0000 0.0000 0.0000 0.0000 0.0000 0.0000 0.0000 0.0000 0.5000 0.0000 0.0000 0.0000 0.0000 0.0000 0.5000 0.0000 0.0000 0.0000 0.0000 0.0000 0.0000
85       85   (0)      6  : 0.0000 0.7835 0.0000 0.0000 0.0000 0.0000 0.0000 0.0000 0.0165 0.0000 0.0000 0.0000 0.0000 0.0000 0.1000 0.0000 0.0000 0.0000 0.0000 0.0000 0.1000
86       86   (0)      6  : 0.0000 0.2000 0.0000 0.0499 0.0000 0.0000 0.0000 0.0000 0.7501 0.0000 0.0000 0.0000 0.0000 0.0000 0.0000 0.0000 0.0000 0.0000 0.0000 0.0000 0.0000
87       87   (0)      6  : 0.0000 0.2051 0.0000 0.4809 0.0000 0.0000 0.0000 0.0000 0.0000 0.0000 0.0000 0.0000 0.0000 0.0000 0.0000 0.0000 0.0543 0.0000 0.0000 0.0000 0.2597
88       88   (0)      6  : 0.0000 0.3427 0.0000 0.2893 0.0000 0.0000 0.0000 0.0000 0.0117 0.0000 0.0000 0.0000 0.0000 0.0000 0.2335 0.0000 0.0243 0.0000 0.0000 0.0000 0.0985
89       89   (0)      6  : 0.0000 0.5954 0.0000 0.0694 0.0000 0.0000 0.0000 0.0000 0.0270 0.0000 0.0000 0.0000 0.0000 0.0000 0.1817 0.0000 0.0000 0.0000 0.0000 0.0000 0.1265
90       90   (0)      6  : 0.0000 0.0652 0.0000 0.0000 0.0000 0.0000 0.8986 0.0000 0.0000 0.0000 0.0000 0.0000 0.0000 0.0000 0.0109 0.0000 0.0000 0.0000 0.0000 0.0000 0.0253
91       91   (0)      6  : 0.0000 0.3695 0.0000 0.3905 0.0000 0.0000 0.0000 0.0000 0.0000 0.0000 0.0000 0.0000 0.0000 0.0000 0.2095 0.0000 0.0000 0.0000 0.0000 0.0000 0.0305
92       92   (0)      6  : 0.0000 0.0000 0.0000 0.0000 0.0513 0.0000 0.0000 0.0000 0.0000 0.0000 0.0875 0.0000 0.0000 0.0000 0.0000 0.8603 0.0000 0.0000 0.0000 0.0009 0.0000
93       93   (0)      6  : 0.0000 0.0000 0.0000 0.0000 0.0000 1.0000 0.0000 0.0000 0.0000 0.0000 0.0000 0.0000 0.0000 0.0000 0.0000 0.0000 0.0000 0.0000 0.0000 0.0000 0.0000
94       94   (0)      6  : 0.3421 0.0000 0.0000 0.0000 0.0088 0.0308 0.0000 0.0292 0.0000 0.0000 0.0000 0.0039 0.0000 0.0425 0.0000 0.4428 0.0000 0.0000 0.0000 0.0000 0.1000
95       95   (0)      6  : 0.0000 0.0000 0.0000 0.0000 0.0000 0.9723 0.0000 0.0000 0.0000 0.0000 0.0000 0.0000 0.0000 0.0000 0.0000 0.0277 0.0000 0.0000 0.0000 0.0000 0.0000
96       96   (0)      6  : 0.0000 0.0139 0.0000 0.0000 0.0000 0.9490 0.0000 0.0000 0.0000 0.0000 0.0000 0.0000 0.0000 0.0000 0.0000 0.0371 0.0000 0.0000 0.0000 0.0000 0.0000
97       97   (0)      6  : 0.2171 0.0000 0.0000 0.0000 0.0278 0.1556 0.0000 0.0225 0.0000 0.0052 0.0896 0.0000 0.0210 0.0386 0.0000 0.2630 0.0152 0.0190 0.1093 0.0000 0.0159
98       98   (0)      6  : 0.0000 0.0000 0.0941 0.0000 0.0000 0.9059 0.0000 0.0000 0.0000 0.0000 0.0000 0.0000 0.0000 0.0000 0.0000 0.0000 0.0000 0.0000 0.0000 0.0000 0.0000
99       99   (0)      7  : 0.0000 0.8476 0.0000 0.1069 0.0000 0.0000 0.0000 0.0000 0.0456 0.0000 0.0000 0.0000 0.0000 0.0000 0.0000 0.0000 0.0000 0.0000 0.0000 0.0000 0.0000
100      100   (0)      7  : 0.1456 0.0220 0.0128 0.0506 0.0002 0.1360 0.0005 0.0016 0.0120 0.0000 0.1129 0.0005 0.0082 0.0009 0.0032 0.1271 0.0293 0.0153 0.1815 0.0000 0.1397
101      101   (0)      7  : 0.0000 0.0000 1.0000 0.0000 0.0000 0.0000 0.0000 0.0000 0.0000 0.0000 0.0000 0.0000 0.0000 0.0000 0.0000 0.0000 0.0000 0.0000 0.0000 0.0000 0.0000
102      102   (0)      7  : 0.0000 0.0000 1.0000 0.0000 0.0000 0.0000 0.0000 0.0000 0.0000 0.0000 0.0000 0.0000 0.0000 0.0000 0.0000 0.0000 0.0000 0.0000 0.0000 0.0000 0.0000
103      103   (0)      7  : 0.1057 0.0000 0.0000 0.0000 0.0146 0.0000 0.0000 0.0172 0.0000 0.0022 0.3429 0.0192 0.0575 0.1046 0.0000 0.1519 0.0179 0.0182 0.1478 0.0000 0.0001
104      104   (0)      7  : 0.1123 0.0000 0.0000 0.0000 0.0262 0.0000 0.0250 0.0124 0.0000 0.0051 0.1480 0.0226 0.0147 0.0063 0.0000 0.5512 0.0272 0.0176 0.0291 0.0018 0.0004
105      105   (0)      7  : 0.0000 0.0000 0.0000 0.0000 0.0000 0.0000 0.0000 0.0000 0.0000 0.0000 0.2000 0.0000 0.0000 0.0000 0.0000 0.0000 0.0000 0.8000 0.0000 0.0000 0.0000
106      106   (0)      7  : 0.2167 0.0000 0.0000 0.0000 0.0060 0.0000 0.0000 0.0023 0.0000 0.0000 0.3411 0.0113 0.0004 0.0453 0.0000 0.2543 0.0076 0.0203 0.0861 0.0000 0.0086
107      107   (0)      7  : 0.5056 0.0000 0.0000 0.0000 0.0000 0.0000 0.0000 0.0000 0.0000 0.0278 0.0229 0.0129 0.0066 0.0206 0.0000 0.3021 0.0460 0.0018 0.0394 0.0000 0.0142
108      108   (0)      8  : 0.0000 0.0000 0.0000 0.0000 1.0000 0.0000 0.0000 0.0000 0.0000 0.0000 0.0000 0.0000 0.0000 0.0000 0.0000 0.0000 0.0000 0.0000 0.0000 0.0000 0.0000
109      109   (0)      8  : 0.0931 0.0000 0.0000 0.0000 0.0222 0.0000 0.0000 0.1527 0.0000 0.0020 0.3605 0.0075 0.0105 0.0010 0.0000 0.0000 0.0000 0.0391 0.3114 0.0000 0.0000
110      110   (0)      8  : 0.0000 0.0000 0.0000 0.0000 0.0000 0.0000 0.0000 0.0000 0.0000 0.0000 0.0000 0.0000 0.8000 0.0000 0.0000 0.0000 0.0000 0.2000 0.0000 0.0000 0.0000
111      111   (0)      8  : 0.0000 0.0000 0.0000 0.0000 0.0000 0.0000 0.0000 0.0000 0.0000 0.0000 0.0000 1.0000 0.0000 0.0000 0.0000 0.0000 0.0000 0.0000 0.0000 0.0000 0.0000
112      112   (0)      8  : 0.0000 0.0000 1.0000 0.0000 0.0000 0.0000 0.0000 0.0000 0.0000 0.0000 0.0000 0.0000 0.0000 0.0000 0.0000 0.0000 0.0000 0.0000 0.0000 0.0000 0.0000
113      113   (0)      8  : 0.0000 0.0000 0.0000 0.0000 0.0000 0.0000 0.0000 0.0000 0.0000 0.0000 0.9446 0.0001 0.0000 0.0000 0.0000 0.0000 0.0000 0.0261 0.0292 0.0000 0.0000
114      114   (0)      8  : 0.2224 0.0000 0.0000 0.0000 0.0000 0.0000 0.0000 0.0000 0.0000 0.0000 0.1660 0.0000 0.0264 0.0101 0.0000 0.0518 0.0000 0.0042 0.5171 0.0020 0.0000
115      115   (0)      8  : 0.0000 0.0000 0.0000 0.0000 1.0000 0.0000 0.0000 0.0000 0.0000 0.0000 0.0000 0.0000 0.0000 0.0000 0.0000 0.0000 0.0000 0.0000 0.0000 0.0000 0.0000
116      116   (0)      8  : 0.0000 0.0000 0.0000 0.0000 0.0000 0.0000 0.0000 0.0000 0.0000 0.0000 0.0000 1.0000 0.0000 0.0000 0.0000 0.0000 0.0000 0.0000 0.0000 0.0000 0.0000
117      117   (0)      8  : 0.0000 0.0000 0.0000 0.0000 0.0053 0.0000 0.0000 0.0000 0.0000 0.0000 0.1870 0.0000 0.0000 0.0000 0.0000 0.0000 0.0000 0.8000 0.0000 0.0000 0.0078
118      118   (0)      8  : 0.0897 0.0000 0.0000 0.0000 0.0007 0.0000 0.0000 0.0257 0.0000 0.0000 0.5513 0.0000 0.0101 0.0000 0.0000 0.0417 0.0171 0.0505 0.2123 0.0010 0.0000
119      119   (0)      9  : 0.0000 0.4589 0.0000 0.3389 0.0000 0.0000 0.0000 0.0000 0.1611 0.0000 0.0000 0.0000 0.0000 0.0000 0.0411 0.0000 0.0000 0.0000 0.0000 0.0000 0.0000
120      120   (0)     10  : 0.3293 0.0000 0.0297 0.0000 0.0318 0.0000 0.0000 0.0000 0.0000 0.0082 0.1192 0.0146 0.0086 0.0185 0.0000 0.1684 0.0365 0.0000 0.2305 0.0000 0.0047
121      121   (0)     10  : 0.0435 0.0000 0.0000 0.0000 0.0000 0.0000 0.0000 0.0021 0.0000 0.0000 0.2186 0.0379 0.0000 0.0002 0.0000 0.1060 0.0000 0.0026 0.5892 0.0000 0.0000
122      122   (0)     10  : 0.5472 0.0000 0.0000 0.0000 0.0127 0.0000 0.0000 0.0000 0.0000 0.0069 0.0208 0.0000 0.0039 0.0106 0.0000 0.2297 0.0000 0.0027 0.0653 0.0002 0.1000
123      123   (0)     10  : 0.2659 0.0000 0.0078 0.0290 0.0589 0.0000 0.0227 0.0020 0.0000 0.0004 0.1117 0.0166 0.0165 0.0180 0.0108 0.2980 0.0217 0.0339 0.0229 0.0132 0.0500
124      124   (0)     10  : 0.3116 0.0000 0.0437 0.0000 0.0043 0.0000 0.0026 0.0352 0.0000 0.0233 0.2403 0.0021 0.0000 0.0000 0.0000 0.1949 0.0228 0.0271 0.0623 0.0000 0.0300
125      125   (0)     10  : 0.1908 0.0000 0.0238 0.0000 0.0000 0.1245 0.0007 0.0048 0.0000 0.0225 0.2653 0.0076 0.0029 0.0575 0.0000 0.0738 0.0360 0.0284 0.1076 0.0000 0.0537
126      126   (0)     10  : 0.2865 0.0000 0.0086 0.0000 0.0028 0.0000 0.0000 0.0274 0.0000 0.0236 0.2889 0.0000 0.0000 0.0122 0.0000 0.1515 0.0239 0.0611 0.0748 0.0000 0.0387
127      127   (0)     10  : 0.5665 0.0000 0.0000 0.0000 0.0126 0.0000 0.0000 0.0000 0.0000 0.0000 0.0892 0.0127 0.0027 0.0028 0.0000 0.0000 0.0007 0.0067 0.2256 0.0005 0.0800
128      128   (0)     10  : 0.2345 0.0000 0.0140 0.0000 0.0018 0.0000 0.0056 0.0203 0.0000 0.0127 0.2687 0.0297 0.0000 0.0028 0.0000 0.0920 0.0280 0.0897 0.1768 0.0000 0.0236
129      129   (0)     10  : 0.2374 0.0000 0.0000 0.0000 0.0000 0.0000 0.0000 0.0000 0.0000 0.0018 0.2269 0.0000 0.0001 0.0014 0.0000 0.2289 0.1035 0.2000 0.0000 0.0000 0.0000
130      130   (0)     10  : 0.4985 0.0000 0.0000 0.0000 0.0000 0.0000 0.0000 0.0014 0.0000 0.0000 0.1996 0.0000 0.0052 0.0027 0.0000 0.1336 0.0386 0.0101 0.0438 0.0000 0.0666
131      131   (0)     10  : 0.3778 0.0000 0.0301 0.0000 0.0156 0.0000 0.0252 0.0129 0.0000 0.0001 0.1013 0.0311 0.0001 0.0514 0.0000 0.1110 0.0357 0.0493 0.1380 0.0055 0.0149
132      132   (0)     10  : 0.3315 0.0000 0.0447 0.0000 0.0108 0.0299 0.0079 0.0056 0.0000 0.0000 0.2389 0.0015 0.0226 0.0000 0.0000 0.1018 0.0628 0.0000 0.1059 0.0028 0.0333
133      133   (0)     10  : 0.4141 0.0000 0.0210 0.0014 0.0205 0.0153 0.0016 0.0217 0.0035 0.0117 0.0859 0.0146 0.0000 0.0413 0.0018 0.0381 0.0435 0.0153 0.2201 0.0176 0.0109
134      134   (0)     10  : 0.4681 0.0023 0.0422 0.0000 0.0249 0.0071 0.0000 0.0033 0.0000 0.0009 0.1313 0.0000 0.0104 0.0000 0.0000 0.1430 0.0482 0.0091 0.0751 0.0001 0.0339
135      135   (0)     10  : 0.2681 0.0000 0.0300 0.0000 0.0602 0.0000 0.0063 0.0338 0.0000 0.0000 0.1411 0.0070 0.0153 0.0025 0.0000 0.1376 0.0374 0.0343 0.2197 0.0067 0.0000
136      136   (0)     10  : 0.1964 0.0000 0.0049 0.0000 0.0013 0.0000 0.0000 0.0296 0.0000 0.0000 0.0851 0.0043 0.0139 0.0122 0.0000 0.3777 0.1055 0.0042 0.1644 0.0006 0.0000
137      137   (0)     11  : 0.0000 0.2640 0.0869 0.3227 0.0000 0.0000 0.0000 0.0000 0.0267 0.0000 0.0000 0.0000 0.0000 0.0000 0.1910 0.0000 0.0222 0.0000 0.0000 0.0000 0.0865
138      138   (0)     12  : 0.0713 0.0000 0.0425 0.0000 0.0153 0.1451 0.0165 0.0831 0.0000 0.0427 0.2464 0.0000 0.0085 0.0576 0.0000 0.0552 0.0402 0.0164 0.1590 0.0003 0.0000
139      139   (0)     12  : 0.0250 0.0603 0.0425 0.0238 0.0000 0.3094 0.0000 0.0360 0.0619 0.0006 0.0339 0.0000 0.0000 0.0000 0.0000 0.0335 0.0090 0.0002 0.1290 0.0000 0.2349
140      140   (0)     12  : 0.0000 0.0000 0.0091 0.0000 0.0000 0.0000 0.1599 0.8000 0.0000 0.0000 0.0000 0.0000 0.0000 0.0000 0.0000 0.0000 0.0082 0.0000 0.0000 0.0227 0.0000
141      141   (0)     12  : 0.0000 0.0000 0.0004 0.0000 0.0000 0.6217 0.0000 0.0000 0.0000 0.0000 0.0000 0.0000 0.1560 0.0000 0.0000 0.0000 0.0000 0.0220 0.0000 0.0000 0.2000
142      142   (0)     12  : 0.3067 0.0000 0.0458 0.0000 0.0037 0.0017 0.0024 0.0652 0.0000 0.0048 0.1694 0.0223 0.0157 0.0352 0.0000 0.1723 0.0341 0.0150 0.0908 0.0002 0.0147
143      143   (0)     12  : 0.0215 0.0000 0.0596 0.0000 0.0000 0.5081 0.0000 0.0000 0.0000 0.0000 0.0000 0.0008 0.0025 0.0594 0.0000 0.0271 0.0059 0.0000 0.1151 0.0000 0.2000
144      144   (0)     12  : 0.3055 0.0000 0.0987 0.0000 0.0000 0.0230 0.0069 0.0592 0.0000 0.0000 0.1438 0.0003 0.0256 0.0000 0.0000 0.0714 0.0617 0.0036 0.1381 0.0000 0.0622
145      145   (0)     12  : 0.0278 0.0000 0.0000 0.0000 0.0005 0.0000 0.0900 0.0982 0.0000 0.0000 0.0545 0.0000 0.2086 0.0073 0.0000 0.0086 0.5000 0.0000 0.0000 0.0044 0.0000
146      146   (0)     13  : 0.0000 0.0000 0.0000 0.7694 0.0000 0.0000 0.0000 0.0000 0.0000 0.0000 0.0000 0.0000 0.0000 0.0000 0.0000 0.0000 0.1306 0.0000 0.0000 0.0000 0.1000
147      147   (0)     13  : 0.0000 0.0147 0.0000 0.6599 0.0000 0.0000 0.0000 0.0000 0.1547 0.0000 0.0000 0.0000 0.0000 0.0000 0.0451 0.0000 0.0135 0.0000 0.0000 0.0000 0.1121
148      148   (0)     13  : 0.0000 0.0000 0.0000 0.3000 0.0000 0.0000 0.0000 0.0000 0.1000 0.0000 0.0000 0.0000 0.0000 0.0000 0.3000 0.0000 0.0000 0.0000 0.0000 0.0000 0.3000
149      149   (0)     13  : 0.0000 0.3533 0.0000 0.5780 0.0000 0.0000 0.0000 0.0000 0.0324 0.0000 0.0000 0.0000 0.0000 0.0000 0.0299 0.0000 0.0000 0.0000 0.0000 0.0000 0.0064
150      150   (0)     13  : 0.0000 0.0000 0.0000 0.5309 0.0000 0.0000 0.0000 0.0000 0.0401 0.0000 0.0000 0.0000 0.0000 0.0000 0.0290 0.0000 0.2000 0.0000 0.0000 0.0000 0.2000
151      151   (0)     14  : 0.0000 0.2077 0.0000 0.2092 0.0000 0.0000 0.0000 0.0000 0.2240 0.0000 0.0000 0.0000 0.0000 0.0000 0.0511 0.0000 0.1085 0.0000 0.0000 0.0000 0.1995
152      152   (0)     14  : 0.3786 0.0000 0.0000 0.0000 0.0076 0.0000 0.0029 0.1336 0.0000 0.0082 0.0554 0.0093 0.0000 0.0231 0.0000 0.0654 0.0000 0.0000 0.3153 0.0006 0.0001
153      153   (0)     15  : 0.0000 0.0000 0.0000 0.0000 0.0000 0.8000 0.0000 0.0000 0.0000 0.0000 0.0000 0.0000 0.0000 0.0000 0.0000 0.0000 0.0000 0.0000 0.0000 0.0000 0.2000
154      154   (0)     15  : 0.0000 0.0848 0.0000 0.3224 0.0000 0.0000 0.0000 0.0000 0.2708 0.0000 0.0000 0.0000 0.0000 0.0000 0.1507 0.0000 0.0460 0.0000 0.0000 0.0000 0.1254
155      155   (0)     16  : 0.4085 0.0000 0.0267 0.0000 0.0088 0.0191 0.0000 0.0380 0.0000 0.0000 0.1787 0.0243 0.0006 0.0000 0.0000 0.0720 0.0147 0.0001 0.1569 0.0171 0.0345
156      156   (0)     16  : 0.2822 0.0000 0.0007 0.0000 0.0103 0.0000 0.0384 0.0094 0.0000 0.0000 0.0942 0.0367 0.0513 0.0000 0.0000 0.3354 0.0364 0.0343 0.0706 0.0000 0.0000
157      157   (0)     17  : 0.0000 0.0000 0.0466 0.0000 0.0000 0.7340 0.0000 0.0000 0.0000 0.0000 0.0000 0.0000 0.0033 0.0000 0.0000 0.0000 0.0000 0.0000 0.0000 0.0000 0.2161
158      158   (0)     17  : 0.0000 0.0000 0.0000 0.0000 0.0000 0.0000 1.0000 0.0000 0.0000 0.0000 0.0000 0.0000 0.0000 0.0000 0.0000 0.0000 0.0000 0.0000 0.0000 0.0000 0.0000
159      159   (0)     18  : 0.3536 0.0000 0.0088 0.0000 0.0007 0.0009 0.0004 0.0557 0.0000 0.0000 0.1389 0.0012 0.0002 0.0525 0.0000 0.2107 0.0258 0.0143 0.1186 0.0000 0.0179
160      160   (0)     18  : 0.1138 0.0000 0.0000 0.0000 0.0042 0.0000 0.0000 0.0514 0.0000 0.0042 0.1898 0.0047 0.0255 0.0000 0.0000 0.0913 0.0000 0.0399 0.4753 0.0000 0.0000
161      161   (0)     18  : 0.2115 0.0000 0.0000 0.0000 0.0010 0.0000 0.0000 0.1000 0.0000 0.0262 0.1171 0.0004 0.0072 0.0056 0.0000 0.3432 0.0000 0.0087 0.1422 0.0000 0.0369
162      162   (0)     19  : 0.1319 0.0000 0.0212 0.0000 0.0137 0.0671 0.0000 0.0115 0.0000 0.0000 0.1446 0.1076 0.0000 0.0909 0.0000 0.0786 0.0212 0.0636 0.2418 0.0000 0.0063
163      163   (0)     19  : 0.0000 0.0150 0.1874 0.0106 0.0221 0.1794 0.0000 0.0000 0.0608 0.0000 0.0473 0.0123 0.0020 0.0000 0.0094 0.4052 0.0143 0.0003 0.0000 0.0008 0.0333
164      164   (0)     19  : 0.0000 0.0000 0.0000 0.0000 0.1255 0.0000 0.0000 0.0000 0.0000 0.0019 0.0340 0.0003 0.0000 0.0006 0.0000 0.8231 0.0000 0.0000 0.0000 0.0147 0.0000
