1        1   (0)      1  : 0.0000 0.7236 0.1489 0.0000 0.1275 0.0000
2        2   (0)      1  : 0.4848 0.0103 0.0000 0.0319 0.0305 0.4425
3        3   (0)      1  : 0.0000 0.7521 0.0000 0.0000 0.2479 0.0000
4        4   (0)      1  : 0.0015 0.8521 0.0000 0.0000 0.1464 0.0000
5        5   (0)      1  : 0.0250 0.7972 0.0000 0.0117 0.1530 0.0130
6        6   (0)      1  : 0.5234 0.0057 0.0000 0.0057 0.0705 0.3948
7        7   (0)      1  : 0.0052 0.7627 0.0000 0.0001 0.2045 0.0275
8        8   (0)      1  : 0.5665 0.0061 0.0000 0.0002 0.0567 0.3706
9        9   (0)      1  : 0.0006 0.8158 0.0000 0.0003 0.1825 0.0008
10       10   (0)      2  : 0.0000 0.7135 0.0000 0.0000 0.2865 0.0000
11       11   (0)      2  : 0.0004 0.8424 0.0000 0.0075 0.1480 0.0018
12       12   (0)      2  : 0.8970 0.0000 0.0000 0.0011 0.0014 0.1004
13       13   (0)      3  : 0.0003 0.6983 0.0000 0.0000 0.2934 0.0079
14       14   (0)      3  : 0.0000 0.0000 0.0000 1.0000 0.0000 0.0000
15       15   (0)      3  : 0.6116 0.0000 0.0170 0.0040 0.0594 0.3081
16       16   (0)      3  : 0.0000 0.0000 1.0000 0.0000 0.0000 0.0000
17       17   (0)      4  : 0.0000 0.0000 0.5883 0.4059 0.0000 0.0058
18       18   (0)      4  : 0.2787 0.0051 0.0003 0.0263 0.0549 0.6347
19       19   (0)      5  : 0.2712 0.0005 0.0000 0.0000 0.0641 0.6643
20       20   (0)      5  : 0.0000 0.1497 0.0000 0.2202 0.6300 0.0000
21       21   (0)      5  : 0.0190 0.6888 0.0000 0.0000 0.2712 0.0209
22       22   (0)      5  : 0.0056 0.7685 0.0000 0.0000 0.1953 0.0306
23       23   (0)      5  : 0.0000 0.7639 0.0000 0.0000 0.2357 0.0004
24       24   (0)      5  : 0.0014 0.7705 0.0000 0.0278 0.2003 0.0000
25       25   (0)      5  : 0.0000 0.7388 0.0649 0.0049 0.1914 0.0000
26       26   (0)      5  : 0.1773 0.4026 0.0001 0.0000 0.1191 0.3010
27       27   (0)      5  : 0.0000 0.0000 1.0000 0.0000 0.0000 0.0000
28       28   (0)      5  : 0.0000 0.0000 1.0000 0.0000 0.0000 0.0000
29       29   (0)      5  : 0.3589 0.0000 0.0330 0.0338 0.0243 0.5499
30       30   (0)      5  : 0.4485 0.0000 0.0000 0.0010 0.0111 0.5395
31       31   (0)      5  : 0.1658 0.3928 0.0000 0.0075 0.1058 0.3280
32       32   (0)      5  : 0.0119 0.6919 0.0000 0.0089 0.2857 0.0016
33       33   (0)      5  : 0.6263 0.0009 0.0000 0.0079 0.0271 0.3379
34       34   (0)      5  : 0.3838 0.0000 0.0000 0.0029 0.0012 0.6122
35       35   (0)      5  : 0.4422 0.0000 0.0000 0.0047 0.0100 0.5431
36       36   (0)      6  : 0.5644 0.0000 0.0493 0.0000 0.0375 0.3488
37       37   (0)      6  : 0.0000 0.0000 1.0000 0.0000 0.0000 0.0000
38       38   (0)      6  : 0.2241 0.0000 0.0000 0.0033 0.0313 0.7413
39       39   (0)      6  : 0.3118 0.3764 0.0000 0.0000 0.0898 0.2221
40       40   (0)      6  : 0.4040 0.0002 0.0000 0.0000 0.0344 0.5614
41       41   (0)      6  : 0.6615 0.0066 0.0000 0.0115 0.0586 0.2619
42       42   (0)      6  : 0.3402 0.0321 0.0000 0.0019 0.0231 0.6027
43       43   (0)      6  : 0.2664 0.0215 0.0001 0.0256 0.1049 0.5814
44       44   (0)      6  : 0.4367 0.0000 0.0000 0.0171 0.0002 0.5460
45       45   (0)      6  : 0.6549 0.0000 0.0000 0.0000 0.0000 0.3451
46       46   (0)      6  : 0.0000 0.1445 0.0000 0.2323 0.6232 0.0000
47       47   (0)      6  : 0.2763 0.0001 0.0000 0.0000 0.0180 0.7056
48       48   (0)      7  : 0.6046 0.0000 0.0000 0.0056 0.0267 0.3631
49       49   (0)      7  : 0.0898 0.4540 0.0000 0.0000 0.1520 0.3042
50       50   (0)      7  : 0.4912 0.0087 0.0000 0.0000 0.0644 0.4357
51       51   (0)      8  : 0.7031 0.0000 0.0681 0.0000 0.0193 0.2096
52       52   (0)      8  : 0.6206 0.0000 0.1709 0.0000 0.0292 0.1794
53       53   (0)      9  : 0.5455 0.0000 0.0000 0.0104 0.0298 0.4143
54       54   (0)     10  : 0.5380 0.0000 0.0000 0.0000 0.0357 0.4263
55       55   (0)     10  : 0.0000 0.7319 0.0000 0.0000 0.2681 0.0000
56       56   (0)     10  : 0.0000 0.0000 1.0000 0.0000 0.0000 0.0000
57       57   (0)     10  : 0.2159 0.0000 0.0000 0.0036 0.0714 0.7090
58       58   (0)     11  : 0.5148 0.0001 0.1089 0.0000 0.0203 0.3559
59       59   (0)     11  : 0.0130 0.7111 0.0840 0.0000 0.1918 0.0000
60       60   (0)     11  : 0.0684 0.0000 0.9062 0.0000 0.0061 0.0192
61       61   (0)     11  : 0.6971 0.0000 0.0000 0.0000 0.0357 0.2672
62       62   (0)     11  : 0.6109 0.0000 0.0153 0.0000 0.0000 0.3737
63       63   (0)     11  : 0.5401 0.0000 0.2913 0.0000 0.0000 0.1686
64       64   (0)     11  : 0.5163 0.0000 0.0085 0.0087 0.0342 0.4324
65       65   (0)     11  : 0.0000 0.0000 1.0000 0.0000 0.0000 0.0000
66       66   (0)     11  : 0.6268 0.0000 0.0396 0.0000 0.0071 0.3265
67       67   (0)     11  : 0.0000 0.8435 0.0166 0.0000 0.1399 0.0000
68       68   (0)     11  : 0.0000 0.4620 0.4369 0.0000 0.1011 0.0000
69       69   (0)     11  : 0.2918 0.0000 0.5114 0.0000 0.0361 0.1607
70       70   (0)     11  : 0.4805 0.0000 0.0000 0.0000 0.0821 0.4374
71       71   (0)     11  : 0.0000 0.6224 0.1645 0.0000 0.2131 0.0000
72       72   (0)     12  : 0.0040 0.7224 0.0000 0.0000 0.2678 0.0058
73       73   (0)     12  : 0.0000 0.7773 0.0000 0.0000 0.2227 0.0000
74       74   (0)     12  : 0.0036 0.8139 0.0000 0.0005 0.1808 0.0013
75       75   (0)     12  : 0.1962 0.3726 0.1281 0.0000 0.1046 0.1985
76       76   (0)     12  : 0.0000 0.6855 0.0238 0.0000 0.2907 0.0000
77       77   (0)     12  : 0.5718 0.0041 0.0000 0.0005 0.0156 0.4079
78       78   (0)     12  : 0.5075 0.0363 0.0338 0.0000 0.0639 0.3586
79       79   (0)     12  : 0.0000 0.8701 0.0000 0.0000 0.1299 0.0000
80       80   (0)     12  : 0.5253 0.0101 0.1204 0.0000 0.0347 0.3095
81       81   (0)     13  : 0.0000 0.0000 1.0000 0.0000 0.0000 0.0000
82       82   (0)     13  : 0.0004 0.7816 0.0000 0.0469 0.1692 0.0018
83       83   (0)     13  : 0.0000 0.8080 0.0917 0.0000 0.1004 0.0000
84       84   (0)     13  : 0.0000 0.7273 0.0000 0.0000 0.2727 0.0000
85       85   (0)     13  : 0.0000 0.8392 0.0000 0.0202 0.1406 0.0000
86       86   (0)     13  : 0.0000 0.7319 0.0360 0.0000 0.2321 0.0000
87       87   (0)     13  : 0.3834 0.0201 0.0000 0.0000 0.0470 0.5494
88       88   (0)     13  : 0.0000 0.7209 0.0000 0.0000 0.2790 0.0000
89       89   (0)     13  : 0.0000 0.8556 0.0000 0.0048 0.1396 0.0000
90       90   (0)     13  : 0.0000 0.7897 0.0000 0.0010 0.2094 0.0000
91       91   (0)     13  : 0.0000 0.4525 0.3819 0.0000 0.1656 0.0000
92       92   (0)     13  : 0.0236 0.8211 0.0000 0.0000 0.1245 0.0308
93       93   (0)     13  : 0.3561 0.0235 0.0000 0.0000 0.0503 0.5701
94       94   (0)     13  : 0.0000 0.8446 0.0000 0.0050 0.1504 0.0000
95       95   (0)     14  : 0.4600 0.0000 0.0000 0.0126 0.0324 0.4951
96       96   (0)     14  : 0.0029 0.8098 0.0000 0.0058 0.1802 0.0013
97       97   (0)     15  : 0.0000 0.0000 1.0000 0.0000 0.0000 0.0000
98       98   (0)     15  : 0.2577 0.0000 0.0000 0.0000 0.0102 0.7321
99       99   (0)     15  : 0.0000 0.3940 0.0000 0.5195 0.0866 0.0000
100      100   (0)     15  : 0.5880 0.0000 0.0000 0.0083 0.0311 0.3726
101      101   (0)     15  : 0.0000 0.0000 0.0000 1.0000 0.0000 0.0000
102      102   (0)     15  : 0.2301 0.0000 0.0000 0.0205 0.0230 0.7264
103      103   (0)     15  : 0.2025 0.0148 0.0000 0.0129 0.0266 0.7431
104      104   (0)     15  : 0.0000 0.0000 0.0000 1.0000 0.0000 0.0000
105      105   (0)     15  : 0.0000 0.0000 0.0000 1.0000 0.0000 0.0000
