  1        1   (0)      1 :  0.2786 0.0000 0.0000 0.0173 0.0522 0.5026 0.1493 0.0000 
  2        2   (0)      1 :  0.0070 0.0283 0.3481 0.2093 0.0530 0.0048 0.0000 0.3496 
  3        3   (0)      1 :  0.4676 0.0000 0.0000 0.1533 0.0888 0.2903 0.0000 0.0000 
  4        4   (0)      1 :  0.4199 0.0000 0.0000 0.0266 0.1084 0.4448 0.0000 0.0003 
  5        5   (0)      1 :  0.5842 0.0024 0.0032 0.0516 0.0838 0.2724 0.0000 0.0023 
  6        6   (0)      1 :  0.0008 0.0024 0.2254 0.4428 0.0921 0.0046 0.0000 0.2318 
  7        7   (0)      1 :  0.3771 0.0000 0.0097 0.0479 0.1147 0.4466 0.0000 0.0039 
  8        8   (0)      1 :  0.0004 0.0000 0.3072 0.2270 0.0653 0.0079 0.0000 0.3922 
  9        9   (0)      1 :  0.2539 0.0000 0.0000 0.0495 0.0780 0.6179 0.0000 0.0007 
 10       10   (0)      2 :  0.2467 0.0000 0.0000 0.0000 0.1087 0.6446 0.0000 0.0000 
 11       11   (0)      2 :  0.1791 0.0009 0.0006 0.0388 0.0095 0.7711 0.0000 0.0000 
 12       12   (0)      2 :  0.0000 0.0002 0.1248 0.1778 0.0008 0.0000 0.0000 0.6964 
 13       13   (0)      3 :  0.2234 0.0000 0.0009 0.0337 0.0907 0.6513 0.0000 0.0000 
 14       14   (0)      3 :  0.0000 1.0000 0.0000 0.0000 0.0000 0.0000 0.0000 0.0000 
 15       15   (0)      3 :  0.0000 0.0001 0.2935 0.1281 0.0243 0.0000 0.0051 0.5488 
 16       16   (0)      3 :  0.0000 0.0000 0.0000 0.0000 0.0000 0.0000 1.0000 0.0000 
 17       17   (0)      4 :  0.0000 0.3904 0.0039 0.0217 0.0025 0.0000 0.5814 0.0001 
 18       18   (0)      4 :  0.0023 0.0191 0.3815 0.3434 0.0812 0.0039 0.0001 0.1683 
 19       19   (0)      5 :  0.0002 0.0000 0.6300 0.2419 0.0380 0.0000 0.0000 0.0899 
 20       20   (0)      5 :  0.1398 0.1551 0.0000 0.0200 0.5875 0.0976 0.0000 0.0000 
 21       21   (0)      5 :  0.4714 0.0001 0.0089 0.0725 0.1260 0.3190 0.0000 0.0021 
 22       22   (0)      5 :  0.3554 0.0000 0.0117 0.0625 0.0555 0.5131 0.0000 0.0017 
 23       23   (0)      5 :  0.6184 0.0000 0.0000 0.0897 0.1159 0.1761 0.0000 0.0000 
 24       24   (0)      5 :  0.4992 0.0130 0.0000 0.0368 0.0462 0.4046 0.0000 0.0001 
 25       25   (0)      5 :  0.4948 0.0023 0.0000 0.0451 0.1044 0.2940 0.0594 0.0000 
 26       26   (0)      5 :  0.2814 0.0000 0.2602 0.1222 0.0829 0.1481 0.0000 0.1053 
 27       27   (0)      5 :  0.0000 0.0000 0.0000 0.0003 0.0007 0.0000 0.9990 0.0000 
 28       28   (0)      5 :  0.0000 0.0000 0.0000 0.0000 0.0000 0.0000 1.0000 0.0000 
 29       29   (0)      5 :  0.0000 0.0306 0.4735 0.1458 0.0679 0.0000 0.0265 0.2558 
 30       30   (0)      5 :  0.0003 0.0003 0.2642 0.3194 0.0548 0.0000 0.0000 0.3610 
 31       31   (0)      5 :  0.1460 0.0018 0.1768 0.1580 0.1147 0.2678 0.0000 0.1348 
 32       32   (0)      5 :  0.6775 0.0019 0.0000 0.0374 0.1119 0.1704 0.0000 0.0010 
 33       33   (0)      5 :  0.0054 0.0037 0.2994 0.1852 0.0510 0.0015 0.0000 0.4539 
 34       34   (0)      5 :  0.0000 0.0012 0.3508 0.3257 0.0284 0.0000 0.0000 0.2939 
 35       35   (0)      5 :  0.0000 0.0034 0.3665 0.2598 0.0461 0.0000 0.0000 0.3242 
 36       36   (0)      6 :  0.0000 0.0000 0.1644 0.3168 0.0607 0.0009 0.0372 0.4201 
 37       37   (0)      6 :  0.0000 0.0000 0.0000 0.0000 0.0000 0.0000 1.0000 0.0000 
 38       38   (0)      6 :  0.0000 0.0006 0.7345 0.1424 0.0351 0.0000 0.0000 0.0873 
 39       39   (0)      6 :  0.1353 0.0000 0.1263 0.1882 0.0319 0.2876 0.0000 0.2308 
 40       40   (0)      6 :  0.0000 0.0000 0.3069 0.3899 0.0506 0.0012 0.0000 0.2514 
 41       41   (0)      6 :  0.0028 0.0124 0.1429 0.3095 0.0105 0.0017 0.0000 0.5203 
 42       42   (0)      6 :  0.0040 0.0015 0.3882 0.3414 0.0219 0.0151 0.0000 0.2279 
 43       43   (0)      6 :  0.0239 0.0168 0.3565 0.3645 0.1148 0.0043 0.0000 0.1192 
 44       44   (0)      6 :  0.0000 0.0100 0.3693 0.2899 0.0131 0.0000 0.0000 0.3178 
 45       45   (0)      6 :  0.0000 0.0000 0.2717 0.1121 0.0272 0.0000 0.0000 0.5890 
 46       46   (0)      6 :  0.1200 0.1698 0.0000 0.0200 0.5937 0.0965 0.0000 0.0000 
 47       47   (0)      6 :  0.0021 0.0000 0.7210 0.0869 0.0416 0.0000 0.0000 0.1484 
 48       48   (0)      7 :  0.0000 0.0016 0.2605 0.3885 0.0397 0.0000 0.0000 0.3096 
 49       49   (0)      7 :  0.3898 0.0000 0.2346 0.0969 0.0934 0.1293 0.0002 0.0557 
 50       50   (0)      7 :  0.0015 0.0000 0.2610 0.4407 0.0273 0.0062 0.0000 0.2634 
 51       51   (0)      8 :  0.0000 0.0000 0.1540 0.0886 0.0281 0.0000 0.0509 0.6783 
 52       52   (0)      8 :  0.0000 0.0000 0.1496 0.1706 0.0441 0.0000 0.1652 0.4705 
 53       53   (0)      9 :  0.0000 0.0033 0.2719 0.3215 0.0200 0.0000 0.0000 0.3833 
 54       54   (0)     10 :  0.0000 0.0000 0.2395 0.5781 0.0099 0.0000 0.0000 0.1725 
 55       55   (0)     10 :  0.1125 0.0000 0.0000 0.0200 0.1383 0.7292 0.0000 0.0000 
 56       56   (0)     10 :  0.0000 0.0000 0.0000 0.0000 0.0000 0.0000 1.0000 0.0000 
 57       57   (0)     10 :  0.0000 0.0016 0.6057 0.1646 0.0800 0.0000 0.0000 0.1481 
 58       58   (0)     11 :  0.0046 0.0000 0.2551 0.2238 0.0372 0.0002 0.1044 0.3748 
 59       59   (0)     11 :  0.4137 0.0000 0.0002 0.0466 0.0990 0.3503 0.0776 0.0125 
 60       60   (0)     11 :  0.0000 0.0000 0.0194 0.0129 0.0089 0.0000 0.9021 0.0567 
 61       61   (0)     11 :  0.0000 0.0000 0.2848 0.1180 0.0705 0.0000 0.0000 0.5267 
 62       62   (0)     11 :  0.0000 0.0000 0.3387 0.1354 0.0146 0.0000 0.0062 0.5052 
 63       63   (0)     11 :  0.0000 0.0000 0.0870 0.0915 0.0001 0.0000 0.2891 0.5323 
 64       64   (0)     11 :  0.0000 0.0049 0.2235 0.1835 0.0055 0.0000 0.0029 0.5797 
 65       65   (0)     11 :  0.0000 0.0000 0.0000 0.0000 0.0000 0.0000 1.0000 0.0000 
 66       66   (0)     11 :  0.0000 0.0000 0.2026 0.2524 0.0081 0.0000 0.0231 0.5138 
 67       67   (0)     11 :  0.5439 0.0000 0.0000 0.0716 0.1345 0.2442 0.0057 0.0000 
 68       68   (0)     11 :  0.3136 0.0000 0.0000 0.0398 0.0820 0.1290 0.4356 0.0000 
 69       69   (0)     11 :  0.0000 0.0000 0.1549 0.0581 0.0408 0.0000 0.5055 0.2406 
 70       70   (0)     11 :  0.0008 0.0000 0.4094 0.1050 0.1400 0.0000 0.0000 0.3448 
 71       71   (0)     11 :  0.4521 0.0000 0.0000 0.0300 0.0751 0.2785 0.1644 0.0000 
 72       72   (0)     12 :  0.7590 0.0000 0.0014 0.0190 0.0397 0.1780 0.0000 0.0029 
 73       73   (0)     12 :  0.6846 0.0000 0.0000 0.0599 0.0400 0.2155 0.0000 0.0000 
 74       74   (0)     12 :  0.8211 0.0000 0.0001 0.0261 0.0438 0.1087 0.0000 0.0002 
 75       75   (0)     12 :  0.2748 0.0000 0.1209 0.1176 0.0437 0.1507 0.1236 0.1688 
 76       76   (0)     12 :  0.7312 0.0000 0.0000 0.0195 0.0985 0.1394 0.0114 0.0000 
 77       77   (0)     12 :  0.0039 0.0001 0.3144 0.2634 0.0516 0.0016 0.0000 0.3649 
 78       78   (0)     12 :  0.0324 0.0000 0.2528 0.1670 0.0557 0.0092 0.0256 0.4572 
 79       79   (0)     12 :  0.4058 0.0000 0.0000 0.1224 0.1079 0.3638 0.0000 0.0000 
 80       80   (0)     12 :  0.0052 0.0000 0.1921 0.2222 0.0445 0.0148 0.1152 0.4060 
 81       81   (0)     13 :  0.0000 0.0000 0.0000 0.0000 0.0000 0.0000 1.0000 0.0000 
 82       82   (0)     13 :  0.4134 0.0222 0.0005 0.0600 0.0543 0.4494 0.0000 0.0002 
 83       83   (0)     13 :  0.3989 0.0000 0.0000 0.0550 0.0988 0.3679 0.0794 0.0000 
 84       84   (0)     13 :  0.6887 0.0000 0.0000 0.0200 0.1136 0.1777 0.0000 0.0000 
 85       85   (0)     13 :  0.3994 0.0058 0.0000 0.0429 0.0578 0.4942 0.0000 0.0000 
 86       86   (0)     13 :  0.5409 0.0000 0.0000 0.0250 0.0542 0.3563 0.0235 0.0000 
 87       87   (0)     13 :  0.0155 0.0000 0.4658 0.1100 0.0513 0.0046 0.0000 0.3528 
 88       88   (0)     13 :  0.4442 0.0000 0.0000 0.0142 0.1728 0.3688 0.0000 0.0000 
 89       89   (0)     13 :  0.4070 0.0006 0.0000 0.1083 0.1208 0.3632 0.0000 0.0000 
 90       90   (0)     13 :  0.3654 0.0000 0.0005 0.0388 0.1030 0.4923 0.0000 0.0000 
 91       91   (0)     13 :  0.3209 0.0000 0.0000 0.0000 0.0943 0.1963 0.3884 0.0000 
 92       92   (0)     13 :  0.3452 0.0000 0.0159 0.0552 0.0592 0.5210 0.0000 0.0035 
 93       93   (0)     13 :  0.0058 0.0000 0.4334 0.2721 0.0892 0.0093 0.0000 0.1902 
 94       94   (0)     13 :  0.6243 0.0007 0.0000 0.0179 0.0263 0.3307 0.0000 0.0000 
 95       95   (0)     14 :  0.0000 0.0055 0.4262 0.0665 0.0051 0.0013 0.0000 0.4954 
 96       96   (0)     14 :  0.2976 0.0000 0.0001 0.0332 0.0403 0.6273 0.0000 0.0015 
 97       97   (0)     15 :  0.0000 0.0000 0.0000 0.0000 0.0000 0.0000 1.0000 0.0000 
 98       98   (0)     15 :  0.0000 0.0000 0.4517 0.3679 0.0205 0.0000 0.0000 0.1598 
 99       99   (0)     15 :  0.3495 0.5204 0.0000 0.0220 0.0090 0.0990 0.0000 0.0000 
100      100   (0)     15 :  0.0000 0.0045 0.2223 0.3565 0.0861 0.0000 0.0000 0.3306 
101      101   (0)     15 :  0.0000 1.0000 0.0000 0.0000 0.0000 0.0000 0.0000 0.0000 
102      102   (0)     15 :  0.0000 0.0115 0.7391 0.0481 0.0841 0.0000 0.0000 0.1172 
103      103   (0)     15 :  0.0088 0.0093 0.7324 0.0628 0.0570 0.0078 0.0000 0.1218 
104      104   (0)     15 :  0.0000 1.0000 0.0000 0.0000 0.0000 0.0000 0.0000 0.0000 
105      105   (0)     15 :  0.0000 1.0000 0.0000 0.0000 0.0000 0.0000 0.0000 0.0000 
