1        1   (0)      1  : 0.2029 0.0000 0.0001 0.7322 0.0001 0.0002 0.0062 0.0583
2        2   (0)      1  : 0.0006 0.0000 0.0167 0.6416 0.0895 0.0000 0.0589 0.1927
3        3   (0)      1  : 0.0000 0.0000 0.0000 0.9957 0.0000 0.0000 0.0000 0.0043
4        4   (0)      1  : 0.0000 0.0000 0.0000 0.7857 0.0000 0.0000 0.0000 0.2143
5        5   (0)      1  : 0.5306 0.0000 0.1311 0.1608 0.0278 0.1029 0.0070 0.0397
6        6   (0)      1  : 0.6933 0.0000 0.1037 0.0678 0.0270 0.0597 0.0139 0.0347
7        7   (0)      1  : 0.8902 0.0000 0.0000 0.0132 0.0137 0.0003 0.0689 0.0138
8        8   (0)      1  : 0.5692 0.0000 0.0968 0.1788 0.0248 0.0622 0.0015 0.0666
9        9   (0)      1  : 0.0000 0.0000 0.0000 0.7857 0.0000 0.0000 0.0000 0.2143
10       10   (0)      1  : 0.8749 0.0000 0.0000 0.0003 0.0243 0.0023 0.0523 0.0460
11       11   (0)      1  : 0.8297 0.0000 0.0000 0.0007 0.0465 0.0020 0.0832 0.0379
12       12   (0)      1  : 0.1069 0.0000 0.0000 0.0000 0.0357 0.0000 0.8574 0.0000
13       13   (0)      1  : 0.8805 0.0000 0.0000 0.0000 0.0187 0.0019 0.0530 0.0459
14       14   (0)      1  : 0.4484 0.0193 0.0923 0.1571 0.0127 0.1428 0.0952 0.0323
15       15   (0)      1  : 0.0000 0.0000 1.0000 0.0000 0.0000 0.0000 0.0000 0.0000
16       16   (0)      1  : 0.0000 0.0000 0.0000 0.9643 0.0000 0.0000 0.0000 0.0357
17       17   (0)      1  : 0.0000 0.0000 0.0000 0.9643 0.0000 0.0000 0.0000 0.0357
18       18   (0)      1  : 0.1734 0.0000 0.0000 0.0000 0.0714 0.0357 0.3266 0.3929
19       19   (0)      1  : 0.8361 0.0000 0.0000 0.0100 0.0645 0.0007 0.0438 0.0449
20       20   (0)      1  : 0.8824 0.0000 0.0000 0.0026 0.0328 0.0008 0.0495 0.0319
21       21   (0)      1  : 0.0000 0.0000 0.0000 0.9945 0.0000 0.0000 0.0000 0.0055
22       22   (0)      1  : 0.0000 0.0000 1.0000 0.0000 0.0000 0.0000 0.0000 0.0000
23       23   (0)      1  : 0.8640 0.0000 0.0060 0.0130 0.0435 0.0002 0.0566 0.0167
24       24   (0)      2  : 0.0000 0.0000 0.0000 0.9896 0.0000 0.0000 0.0000 0.0104
25       25   (0)      2  : 0.9839 0.0000 0.0000 0.0002 0.0011 0.0000 0.0029 0.0120
26       26   (0)      2  : 0.2919 0.0000 0.0000 0.6360 0.0076 0.0008 0.0082 0.0556
27       27   (0)      2  : 0.7904 0.0000 0.0000 0.0491 0.0419 0.0036 0.0648 0.0502
28       28   (0)      2  : 0.8699 0.0000 0.0225 0.0534 0.0070 0.0175 0.0113 0.0184
29       29   (0)      2  : 0.7792 0.0000 0.0000 0.0571 0.0731 0.0021 0.0439 0.0446
30       30   (0)      2  : 0.0000 1.0000 0.0000 0.0000 0.0000 0.0000 0.0000 0.0000
31       31   (0)      2  : 0.8459 0.0000 0.0097 0.0300 0.0180 0.0157 0.0403 0.0404
32       32   (0)      2  : 0.0000 0.0000 0.0000 0.9985 0.0000 0.0000 0.0000 0.0015
33       33   (0)      2  : 0.1739 0.0000 0.0000 0.0000 0.0714 0.0357 0.3261 0.3929
34       34   (0)      2  : 0.9388 0.0000 0.0000 0.0025 0.0151 0.0007 0.0238 0.0192
35       35   (0)      2  : 0.7923 0.0000 0.0260 0.0294 0.0462 0.0009 0.0686 0.0365
36       36   (0)      2  : 0.0000 0.0000 0.0000 0.7841 0.0000 0.0000 0.0000 0.2159
37       37   (0)      3  : 0.8551 0.0000 0.0028 0.0226 0.0470 0.0006 0.0455 0.0265
38       38   (0)      3  : 0.6321 0.0000 0.0000 0.0406 0.2632 0.0010 0.0293 0.0338
39       39   (0)      3  : 0.9043 0.0000 0.0000 0.0137 0.0383 0.0007 0.0258 0.0172
40       40   (0)      3  : 0.8682 0.0000 0.0001 0.0306 0.0213 0.0005 0.0599 0.0194
41       41   (0)      3  : 0.8912 0.0000 0.0000 0.0097 0.0500 0.0014 0.0273 0.0204
42       42   (0)      4  : 0.0000 0.9508 0.0000 0.0000 0.0000 0.0000 0.0000 0.0492
43       43   (0)      4  : 0.8902 0.0004 0.0000 0.0006 0.0242 0.0312 0.0392 0.0143
44       44   (0)      4  : 0.0000 1.0000 0.0000 0.0000 0.0000 0.0000 0.0000 0.0000
45       45   (0)      4  : 0.0000 0.9863 0.0000 0.0000 0.0000 0.0000 0.0000 0.0137
46       46   (0)      4  : 0.8663 0.0234 0.0133 0.0419 0.0056 0.0000 0.0261 0.0234
47       47   (0)      4  : 0.9580 0.0000 0.0000 0.0005 0.0008 0.0002 0.0121 0.0285
48       48   (0)      4  : 0.8645 0.0000 0.0000 0.0002 0.0246 0.0014 0.0681 0.0411
49       49   (0)      4  : 0.9470 0.0000 0.0000 0.0060 0.0007 0.0003 0.0333 0.0126
50       50   (0)      4  : 0.8326 0.0000 0.0000 0.0000 0.0092 0.0004 0.0109 0.1468
51       51   (0)      4  : 0.3207 0.3478 0.0404 0.0001 0.0003 0.2703 0.0011 0.0194
52       52   (0)      4  : 0.8577 0.0075 0.0000 0.0005 0.0115 0.0509 0.0296 0.0423
53       53   (0)      4  : 0.9172 0.0049 0.0000 0.0000 0.0216 0.0010 0.0387 0.0167
54       54   (0)      4  : 0.8702 0.0303 0.0127 0.0099 0.0475 0.0009 0.0100 0.0185
55       55   (0)      4  : 0.8136 0.0000 0.0000 0.0032 0.0144 0.0006 0.0183 0.1500
56       56   (0)      4  : 0.0000 0.9643 0.0000 0.0000 0.0000 0.0000 0.0000 0.0357
57       57   (0)      5  : 0.9224 0.0000 0.0000 0.0111 0.0070 0.0006 0.0391 0.0198
58       58   (0)      5  : 0.8806 0.0000 0.0000 0.0011 0.0352 0.0029 0.0277 0.0526
59       59   (0)      5  : 0.0000 1.0000 0.0000 0.0000 0.0000 0.0000 0.0000 0.0000
60       60   (0)      5  : 0.8966 0.0000 0.0000 0.0001 0.0111 0.0002 0.0652 0.0268
61       61   (0)      5  : 0.2808 0.4427 0.0931 0.0043 0.0789 0.0733 0.0092 0.0177
62       62   (0)      5  : 0.0000 0.9643 0.0000 0.0000 0.0000 0.0000 0.0000 0.0357
63       63   (0)      5  : 0.6673 0.1656 0.0070 0.0351 0.0268 0.0491 0.0252 0.0239
64       64   (0)      5  : 0.8436 0.0000 0.0000 0.0005 0.0652 0.0002 0.0694 0.0210
65       65   (0)      5  : 0.9504 0.0000 0.0000 0.0000 0.0010 0.0007 0.0335 0.0144
66       66   (0)      5  : 0.9247 0.0000 0.0000 0.0289 0.0193 0.0003 0.0126 0.0142
67       67   (0)      5  : 0.1245 0.7270 0.0276 0.0000 0.0006 0.1200 0.0000 0.0003
68       68   (0)      5  : 0.0000 1.0000 0.0000 0.0000 0.0000 0.0000 0.0000 0.0000
69       69   (0)      5  : 0.6075 0.2292 0.0030 0.0213 0.0783 0.0172 0.0205 0.0231
70       70   (0)      5  : 0.0000 1.0000 0.0000 0.0000 0.0000 0.0000 0.0000 0.0000
71       71   (0)      5  : 0.0000 0.9643 0.0000 0.0000 0.0000 0.0000 0.0000 0.0357
72       72   (0)      5  : 0.8025 0.1108 0.0033 0.0111 0.0034 0.0037 0.0422 0.0230
73       73   (0)      5  : 0.8669 0.0000 0.0000 0.0352 0.0318 0.0002 0.0408 0.0251
74       74   (0)      5  : 0.0000 0.9754 0.0000 0.0000 0.0000 0.0000 0.0000 0.0246
75       75   (0)      6  : 0.0000 0.9835 0.0000 0.0000 0.0000 0.0000 0.0000 0.0165
76       76   (0)      6  : 0.8405 0.0429 0.0122 0.0139 0.0039 0.0251 0.0396 0.0219
77       77   (0)      6  : 0.0000 1.0000 0.0000 0.0000 0.0000 0.0000 0.0000 0.0000
78       78   (0)      6  : 0.0000 0.9840 0.0000 0.0000 0.0000 0.0000 0.0000 0.0160
79       79   (0)      6  : 0.0000 0.9511 0.0000 0.0000 0.0000 0.0000 0.0000 0.0489
80       80   (0)      6  : 0.0000 0.0000 0.0013 0.9523 0.0000 0.0000 0.0000 0.0464
81       81   (0)      6  : 0.0000 0.9707 0.0000 0.0000 0.0000 0.0000 0.0000 0.0293
82       82   (0)      6  : 0.0000 1.0000 0.0000 0.0000 0.0000 0.0000 0.0000 0.0000
83       83   (0)      6  : 0.0000 0.9374 0.0158 0.0000 0.0000 0.0266 0.0000 0.0202
84       84   (0)      6  : 0.0000 1.0000 0.0000 0.0000 0.0000 0.0000 0.0000 0.0000
85       85   (0)      6  : 0.0000 0.9772 0.0000 0.0000 0.0000 0.0000 0.0000 0.0228
86       86   (0)      6  : 0.0000 0.9862 0.0000 0.0000 0.0000 0.0000 0.0000 0.0138
87       87   (0)      6  : 0.0000 0.9834 0.0000 0.0000 0.0000 0.0000 0.0000 0.0166
88       88   (0)      6  : 0.0000 0.9493 0.0000 0.0000 0.0000 0.0000 0.0000 0.0507
89       89   (0)      6  : 0.0000 0.9286 0.0000 0.0000 0.0000 0.0000 0.0000 0.0714
90       90   (0)      6  : 0.0000 0.1154 0.0000 0.6786 0.0000 0.0000 0.0000 0.2059
91       91   (0)      6  : 0.0000 0.9909 0.0000 0.0000 0.0000 0.0000 0.0000 0.0091
92       92   (0)      6  : 0.7441 0.0000 0.0000 0.0257 0.1560 0.0324 0.0296 0.0122
93       93   (0)      6  : 0.0000 0.0068 0.0222 0.0000 0.0000 0.9649 0.0000 0.0060
94       94   (0)      6  : 0.8439 0.0000 0.0000 0.0000 0.0435 0.0609 0.0235 0.0283
95       95   (0)      6  : 0.0139 0.0073 0.0109 0.0000 0.0023 0.9653 0.0002 0.0000
96       96   (0)      6  : 0.0164 0.0103 0.0072 0.0000 0.0017 0.9644 0.0000 0.0000
97       97   (0)      6  : 0.7235 0.0019 0.0004 0.0000 0.0394 0.1718 0.0431 0.0199
98       98   (0)      6  : 0.0103 0.0065 0.1642 0.0000 0.0000 0.8167 0.0000 0.0024
99       99   (0)      7  : 0.0000 0.9847 0.0000 0.0000 0.0000 0.0000 0.0000 0.0153
100      100   (0)      7  : 0.6228 0.1310 0.0332 0.0112 0.0170 0.1548 0.0207 0.0092
101      101   (0)      7  : 0.0000 0.0000 1.0000 0.0000 0.0000 0.0000 0.0000 0.0000
102      102   (0)      7  : 0.0000 0.0000 1.0000 0.0000 0.0000 0.0000 0.0000 0.0000
103      103   (0)      7  : 0.8007 0.0000 0.0000 0.0000 0.0527 0.0051 0.1043 0.0372
104      104   (0)      7  : 0.7752 0.0000 0.0008 0.0410 0.0957 0.0005 0.0496 0.0371
105      105   (0)      7  : 0.8921 0.0000 0.0000 0.0461 0.0466 0.0005 0.0086 0.0061
106      106   (0)      7  : 0.9147 0.0000 0.0000 0.0054 0.0365 0.0001 0.0195 0.0237
107      107   (0)      7  : 0.9044 0.0000 0.0000 0.0004 0.0041 0.0015 0.0462 0.0435
108      108   (0)      8  : 0.0000 0.0000 0.0000 0.0000 1.0000 0.0000 0.0000 0.0000
109      109   (0)      8  : 0.8808 0.0000 0.0000 0.0059 0.0480 0.0005 0.0431 0.0216
110      110   (0)      8  : 0.1068 0.0000 0.0000 0.0000 0.0357 0.0000 0.8575 0.0000
111      111   (0)      8  : 0.1786 0.0000 0.0000 0.0000 0.2500 0.0000 0.2857 0.2857
112      112   (0)      8  : 0.0000 0.0000 1.0000 0.0000 0.0000 0.0000 0.0000 0.0000
113      113   (0)      8  : 0.9389 0.0000 0.0000 0.0024 0.0188 0.0000 0.0269 0.0130
114      114   (0)      8  : 0.9290 0.0000 0.0000 0.0003 0.0038 0.0000 0.0574 0.0095
115      115   (0)      8  : 0.0000 0.0000 0.0000 0.0000 1.0000 0.0000 0.0000 0.0000
116      116   (0)      8  : 0.1786 0.0000 0.0000 0.0000 0.2500 0.0000 0.2857 0.2857
117      117   (0)      8  : 0.7138 0.0228 0.0008 0.0237 0.1092 0.1047 0.0057 0.0193
118      118   (0)      8  : 0.9020 0.0000 0.0000 0.0468 0.0171 0.0005 0.0294 0.0042
119      119   (0)      9  : 0.0000 0.9440 0.0000 0.0000 0.0000 0.0000 0.0000 0.0560
120      120   (0)     10  : 0.8297 0.0000 0.0476 0.0008 0.0598 0.0009 0.0280 0.0332
121      121   (0)     10  : 0.9090 0.0000 0.0000 0.0000 0.0158 0.0008 0.0383 0.0361
122      122   (0)     10  : 0.8906 0.0000 0.0000 0.0014 0.0559 0.0009 0.0297 0.0215
123      123   (0)     10  : 0.6902 0.0673 0.0126 0.0402 0.1114 0.0005 0.0447 0.0331
124      124   (0)     10  : 0.8623 0.0000 0.0545 0.0000 0.0365 0.0013 0.0169 0.0285
125      125   (0)     10  : 0.7434 0.0004 0.0377 0.0054 0.0034 0.1474 0.0231 0.0392
126      126   (0)     10  : 0.9161 0.0000 0.0172 0.0000 0.0232 0.0019 0.0175 0.0240
127      127   (0)     10  : 0.9019 0.0000 0.0000 0.0020 0.0486 0.0004 0.0247 0.0224
128      128   (0)     10  : 0.8778 0.0000 0.0230 0.0088 0.0264 0.0011 0.0267 0.0363
129      129   (0)     10  : 0.9274 0.0000 0.0000 0.0131 0.0108 0.0010 0.0261 0.0217
130      130   (0)     10  : 0.9762 0.0000 0.0001 0.0035 0.0031 0.0001 0.0149 0.0021
131      131   (0)     10  : 0.8496 0.0000 0.0355 0.0237 0.0379 0.0042 0.0112 0.0379
132      132   (0)     10  : 0.8058 0.0000 0.0532 0.0359 0.0297 0.0489 0.0039 0.0226
133      133   (0)     10  : 0.8193 0.0130 0.0208 0.0037 0.0434 0.0343 0.0237 0.0418
134      134   (0)     10  : 0.8229 0.0099 0.0419 0.0000 0.0398 0.0386 0.0326 0.0144
135      135   (0)     10  : 0.8289 0.0000 0.0367 0.0090 0.0769 0.0000 0.0321 0.0165
136      136   (0)     10  : 0.9022 0.0000 0.0134 0.0024 0.0253 0.0002 0.0406 0.0159
137      137   (0)     11  : 0.0000 0.8951 0.0889 0.0000 0.0000 0.0000 0.0000 0.0160
138      138   (0)     12  : 0.6161 0.0006 0.0503 0.0999 0.0300 0.1451 0.0232 0.0348
139      139   (0)     12  : 0.2571 0.1999 0.0660 0.0000 0.0004 0.4507 0.0028 0.0230
140      140   (0)     12  : 0.0000 0.0000 0.0483 0.9059 0.0000 0.0000 0.0000 0.0458
141      141   (0)     12  : 0.0000 0.0000 0.0164 0.0000 0.0001 0.7902 0.1933 0.0000
142      142   (0)     12  : 0.8026 0.0000 0.0531 0.0353 0.0284 0.0156 0.0419 0.0231
143      143   (0)     12  : 0.2093 0.0053 0.0890 0.0019 0.0000 0.6623 0.0075 0.0248
144      144   (0)     12  : 0.7404 0.0001 0.1196 0.0596 0.0000 0.0501 0.0213 0.0089
145      145   (0)     12  : 0.3385 0.0000 0.0000 0.5583 0.0105 0.0000 0.0303 0.0625
146      146   (0)     13  : 0.0000 0.9521 0.0000 0.0000 0.0000 0.0000 0.0000 0.0479
147      147   (0)     13  : 0.0000 0.9628 0.0000 0.0000 0.0000 0.0000 0.0000 0.0372
148      148   (0)     13  : 0.0000 0.9643 0.0000 0.0000 0.0000 0.0000 0.0000 0.0357
149      149   (0)     13  : 0.0000 0.9286 0.0000 0.0000 0.0000 0.0000 0.0000 0.0714
150      150   (0)     13  : 0.0000 1.0000 0.0000 0.0000 0.0000 0.0000 0.0000 0.0000
151      151   (0)     14  : 0.0000 1.0000 0.0000 0.0000 0.0000 0.0000 0.0000 0.0000
152      152   (0)     14  : 0.8868 0.0000 0.0000 0.0167 0.0314 0.0008 0.0239 0.0405
153      153   (0)     15  : 0.0129 0.0108 0.0103 0.0000 0.0005 0.9645 0.0002 0.0008
154      154   (0)     15  : 0.0000 0.9471 0.0005 0.0000 0.0000 0.0158 0.0000 0.0365
155      155   (0)     16  : 0.8485 0.0000 0.0368 0.0034 0.0331 0.0359 0.0264 0.0159
156      156   (0)     16  : 0.8005 0.0000 0.0129 0.0304 0.0415 0.0000 0.0860 0.0287
157      157   (0)     17  : 0.0074 0.0079 0.1244 0.0032 0.0000 0.8465 0.0092 0.0013
158      158   (0)     17  : 0.0000 0.0000 0.0035 0.7822 0.0000 0.0000 0.0000 0.2143
159      159   (0)     18  : 0.9157 0.0000 0.0135 0.0000 0.0147 0.0148 0.0188 0.0224
160      160   (0)     18  : 0.8966 0.0000 0.0000 0.0010 0.0210 0.0009 0.0611 0.0194
161      161   (0)     18  : 0.8806 0.0000 0.0000 0.0009 0.0287 0.0018 0.0552 0.0327
162      162   (0)     19  : 0.7578 0.0000 0.0322 0.0000 0.0603 0.0629 0.0357 0.0512
163      163   (0)     19  : 0.3145 0.1305 0.1874 0.0068 0.0904 0.2252 0.0240 0.0212
164      164   (0)     19  : 0.6383 0.0000 0.0000 0.0507 0.2593 0.0006 0.0280 0.0230
