1        1   (0)      1  : 1.0000 0.0000 0.0000 0.0000
2        2   (0)      1  : 0.5220 0.0983 0.1285 0.2512
3        3   (0)      1  : 0.9933 0.0000 0.0000 0.0067
4        4   (0)      1  : 1.0000 0.0000 0.0000 0.0000
5        5   (0)      1  : 1.0000 0.0000 0.0000 0.0000
6        6   (0)      1  : 1.0000 0.0000 0.0000 0.0000
7        7   (0)      1  : 1.0000 0.0000 0.0000 0.0000
8        8   (0)      1  : 1.0000 0.0000 0.0000 0.0000
9        9   (0)      1  : 1.0000 0.0000 0.0000 0.0000
10       10   (0)      1  : 1.0000 0.0000 0.0000 0.0000
11       11   (0)      1  : 0.9378 0.0000 0.0528 0.0094
12       12   (0)      1  : 0.8889 0.0000 0.0000 0.1111
13       13   (0)      1  : 1.0000 0.0000 0.0000 0.0000
14       14   (0)      2  : 1.0000 0.0000 0.0000 0.0000
15       15   (0)      2  : 0.0000 0.1111 0.0000 0.8889
16       16   (0)      2  : 1.0000 0.0000 0.0000 0.0000
17       17   (0)      2  : 1.0000 0.0000 0.0000 0.0000
18       18   (0)      2  : 1.0000 0.0000 0.0000 0.0000
19       19   (0)      2  : 1.0000 0.0000 0.0000 0.0000
20       20   (0)      2  : 0.9516 0.0000 0.0481 0.0003
21       21   (0)      2  : 0.9992 0.0000 0.0000 0.0008
22       22   (0)      2  : 0.9037 0.0000 0.0963 0.0000
23       23   (0)      2  : 0.5396 0.0000 0.4592 0.0012
24       24   (0)      2  : 1.0000 0.0000 0.0000 0.0000
25       25   (0)      2  : 1.0000 0.0000 0.0000 0.0000
26       26   (0)      2  : 0.5965 0.0000 0.4035 0.0000
27       27   (0)      2  : 1.0000 0.0000 0.0000 0.0000
28       28   (0)      3  : 0.0000 1.0000 0.0000 0.0000
29       29   (0)      3  : 0.9918 0.0000 0.0040 0.0042
30       30   (0)      3  : 0.0000 0.0000 1.0000 0.0000
31       31   (0)      3  : 0.4593 0.0000 0.5407 0.0000
32       32   (0)      3  : 0.0000 0.1111 0.0000 0.8889
33       33   (0)      3  : 1.0000 0.0000 0.0000 0.0000
34       34   (0)      3  : 0.0000 0.3682 0.0000 0.6318
35       35   (0)      3  : 0.0000 0.5379 0.0000 0.4621
36       36   (0)      3  : 0.0000 0.3889 0.0000 0.6111
37       37   (0)      3  : 1.0000 0.0000 0.0000 0.0000
38       38   (0)      3  : 0.0000 0.0000 1.0000 0.0000
39       39   (0)      3  : 0.0000 0.0000 1.0000 0.0000
40       40   (0)      3  : 1.0000 0.0000 0.0000 0.0000
41       41   (0)      3  : 1.0000 0.0000 0.0000 0.0000
42       42   (0)      3  : 0.0000 0.1111 0.0000 0.8889
43       43   (0)      3  : 0.0000 0.4199 0.0000 0.5801
44       44   (0)      3  : 0.9945 0.0000 0.0000 0.0055
45       45   (0)      3  : 1.0000 0.0000 0.0000 0.0000
46       46   (0)      4  : 0.0000 1.0000 0.0000 0.0000
47       47   (0)      4  : 0.0000 1.0000 0.0000 0.0000
48       48   (0)      4  : 1.0000 0.0000 0.0000 0.0000
49       49   (0)      4  : 0.9580 0.0069 0.0308 0.0043
50       50   (0)      4  : 0.9325 0.0023 0.0596 0.0057
51       51   (0)      4  : 0.9347 0.0000 0.0653 0.0000
52       52   (0)      4  : 0.9767 0.0000 0.0215 0.0018
53       53   (0)      4  : 1.0000 0.0000 0.0000 0.0000
54       54   (0)      4  : 1.0000 0.0000 0.0000 0.0000
55       55   (0)      4  : 0.3285 0.0000 0.6715 0.0000
56       56   (0)      4  : 1.0000 0.0000 0.0000 0.0000
57       57   (0)      5  : 0.9971 0.0000 0.0000 0.0029
58       58   (0)      5  : 0.9397 0.0459 0.0140 0.0004
59       59   (0)      5  : 1.0000 0.0000 0.0000 0.0000
60       60   (0)      5  : 0.0000 1.0000 0.0000 0.0000
61       61   (0)      5  : 0.0066 0.9787 0.0147 0.0000
62       62   (0)      5  : 0.0303 0.0888 0.0819 0.7990
63       63   (0)      6  : 0.0000 0.3888 0.0000 0.6112
64       64   (0)      6  : 0.0000 1.0000 0.0000 0.0000
65       65   (0)      6  : 0.0000 0.3696 0.0000 0.6304
66       66   (0)      6  : 0.2469 0.6915 0.0000 0.0617
67       67   (0)      6  : 0.0000 1.0000 0.0000 0.0000
68       68   (0)      6  : 0.0000 0.8171 0.1259 0.0570
69       69   (0)      6  : 0.8238 0.0921 0.0331 0.0510
70       70   (0)      6  : 0.0000 1.0000 0.0000 0.0000
71       71   (0)      6  : 0.9993 0.0000 0.0000 0.0007
72       72   (0)      6  : 0.0000 1.0000 0.0000 0.0000
73       73   (0)      6  : 0.0000 0.3566 0.0678 0.5756
74       74   (0)      6  : 0.0000 0.8653 0.1347 0.0000
75       75   (0)      6  : 0.0000 0.3394 0.0909 0.5697
76       76   (0)      6  : 0.0000 0.8302 0.1698 0.0000
77       77   (0)      6  : 0.0000 0.8164 0.1836 0.0000
78       78   (0)      6  : 0.0000 0.2907 0.2307 0.4786
79       79   (0)      6  : 0.0000 0.3450 0.0201 0.6348
80       80   (0)      7  : 1.0000 0.0000 0.0000 0.0000
81       81   (0)      8  : 0.9471 0.0000 0.0529 0.0000
82       82   (0)      9  : 0.0000 0.0000 1.0000 0.0000
83       83   (0)     10  : 0.8655 0.0000 0.1338 0.0007
84       84   (0)     11  : 1.0000 0.0000 0.0000 0.0000
85       85   (0)     11  : 0.5549 0.0000 0.4451 0.0000
86       86   (0)     12  : 0.5131 0.0000 0.4517 0.0352
87       87   (0)     12  : 0.8230 0.0000 0.1756 0.0014
88       88   (0)     12  : 1.0000 0.0000 0.0000 0.0000
89       89   (0)     12  : 0.8335 0.0000 0.1665 0.0000
90       90   (0)     12  : 0.0097 0.3443 0.0154 0.6306
91       91   (0)     12  : 1.0000 0.0000 0.0000 0.0000
92       92   (0)     12  : 1.0000 0.0000 0.0000 0.0000
93       93   (0)     12  : 1.0000 0.0000 0.0000 0.0000
94       94   (0)     13  : 1.0000 0.0000 0.0000 0.0000
