1        1   (0)      1  : 0.0296 0.0000 0.0000 0.0000 0.0000 0.0000 0.2337 0.5070 0.0000 0.0049 0.0381 0.0000 0.0005 0.0529 0.0428 0.0366 0.0266 0.0272
2        2   (0)      1  : 0.0000 0.0000 0.0032 0.0000 0.0697 0.0000 0.8396 0.0038 0.0000 0.0000 0.0000 0.0103 0.0673 0.0000 0.0000 0.0000 0.0000 0.0060
3        3   (0)      1  : 0.0000 0.0000 0.0000 0.0000 0.0000 0.0000 0.1587 0.8164 0.0000 0.0027 0.0000 0.0000 0.0000 0.0000 0.0222 0.0000 0.0000 0.0000
4        4   (0)      1  : 0.0000 0.0000 0.0000 0.0000 0.0000 0.0000 1.0000 0.0000 0.0000 0.0000 0.0000 0.0000 0.0000 0.0000 0.0000 0.0000 0.0000 0.0000
5        5   (0)      1  : 0.1361 0.0000 0.1290 0.0000 0.0079 0.0930 0.1756 0.0067 0.0000 0.0001 0.1938 0.0001 0.0015 0.0016 0.0307 0.0442 0.0719 0.1077
6        6   (0)      1  : 0.2933 0.0000 0.1009 0.0000 0.0116 0.0557 0.0856 0.0005 0.0000 0.0009 0.2015 0.0123 0.0018 0.0011 0.0237 0.0701 0.0760 0.0650
7        7   (0)      1  : 0.2594 0.0000 0.0000 0.0000 0.0001 0.0000 0.0000 0.0015 0.0000 0.0000 0.4192 0.0067 0.0334 0.0000 0.0614 0.0697 0.1250 0.0235
8        8   (0)      1  : 0.1715 0.0000 0.0921 0.0000 0.0086 0.0404 0.2561 0.0019 0.0000 0.0000 0.2017 0.0000 0.0000 0.0000 0.0273 0.0338 0.0748 0.0917
9        9   (0)      1  : 0.0000 0.0000 0.0000 0.0000 0.0000 0.0000 0.9778 0.0000 0.0000 0.0000 0.0000 0.0000 0.0000 0.0000 0.0000 0.0000 0.0000 0.0222
10       10   (0)      1  : 0.1479 0.0000 0.0000 0.0000 0.0029 0.0000 0.0000 0.0002 0.0000 0.0334 0.6178 0.0046 0.0029 0.0402 0.0072 0.0564 0.0816 0.0049
11       11   (0)      1  : 0.1064 0.0000 0.0000 0.0000 0.0064 0.0000 0.0000 0.0004 0.0000 0.0220 0.4601 0.0028 0.0265 0.0225 0.0444 0.1147 0.1406 0.0531
12       12   (0)      1  : 0.0000 0.0000 0.0000 0.0000 0.0000 0.0000 0.0000 0.0000 0.0000 0.0000 0.0000 0.0000 1.0000 0.0000 0.0000 0.0000 0.0000 0.0000
13       13   (0)      1  : 0.1469 0.0000 0.0000 0.0000 0.0001 0.0000 0.0000 0.0007 0.0000 0.0267 0.5500 0.0184 0.0016 0.0504 0.0271 0.0633 0.0736 0.0412
14       14   (0)      1  : 0.0427 0.0093 0.0953 0.0024 0.0007 0.1012 0.0523 0.1039 0.0135 0.0000 0.3459 0.0178 0.0711 0.0131 0.0330 0.0345 0.0607 0.0027
15       15   (0)      1  : 0.0000 0.0000 0.9998 0.0000 0.0000 0.0000 0.0000 0.0000 0.0000 0.0002 0.0000 0.0000 0.0000 0.0000 0.0000 0.0000 0.0000 0.0000
16       16   (0)      1  : 0.0000 0.0000 0.0000 0.0000 0.0000 0.0000 0.0444 0.5778 0.0000 0.0444 0.0000 0.0222 0.0000 0.0000 0.1111 0.0000 0.2000 0.0000
17       17   (0)      1  : 0.0000 0.0000 0.0000 0.0000 0.0000 0.0000 0.0444 0.5778 0.0000 0.0444 0.0000 0.0222 0.0000 0.0000 0.1111 0.0000 0.2000 0.0000
18       18   (0)      1  : 0.0000 0.0000 0.0000 0.0000 0.0000 0.0000 0.0000 0.0000 0.0000 0.9556 0.0000 0.0000 0.0444 0.0000 0.0000 0.0000 0.0000 0.0000
19       19   (0)      1  : 0.1725 0.0000 0.0000 0.0000 0.0190 0.0000 0.0034 0.0016 0.0000 0.0023 0.3140 0.0268 0.0021 0.0561 0.0222 0.2007 0.0482 0.1312
20       20   (0)      1  : 0.1358 0.0000 0.0000 0.0000 0.0003 0.0000 0.0000 0.0006 0.0000 0.0018 0.4716 0.0244 0.0012 0.0014 0.0276 0.1632 0.0220 0.1503
21       21   (0)      1  : 0.0000 0.0000 0.0000 0.0000 0.0000 0.0000 0.1530 0.7990 0.0000 0.0035 0.0000 0.0000 0.0000 0.0000 0.0222 0.0000 0.0222 0.0000
22       22   (0)      1  : 0.0000 0.0000 1.0000 0.0000 0.0000 0.0000 0.0000 0.0000 0.0000 0.0000 0.0000 0.0000 0.0000 0.0000 0.0000 0.0000 0.0000 0.0000
23       23   (0)      1  : 0.2311 0.0000 0.0001 0.0000 0.0160 0.0000 0.0037 0.0000 0.0000 0.0000 0.5266 0.0049 0.0245 0.0028 0.0064 0.1392 0.0372 0.0075
24       24   (0)      2  : 0.0000 0.0000 0.0000 0.0000 0.0000 0.0000 0.1312 0.7820 0.0000 0.0093 0.0000 0.0025 0.0000 0.0000 0.0301 0.0000 0.0449 0.0000
25       25   (0)      2  : 0.3493 0.0000 0.0000 0.0000 0.0000 0.0000 0.0000 0.0000 0.0000 0.0000 0.1296 0.0002 0.0000 0.0123 0.0062 0.3463 0.0850 0.0712
26       26   (0)      2  : 0.0402 0.0000 0.0000 0.0000 0.0004 0.0000 0.1774 0.3439 0.0000 0.0076 0.0403 0.0000 0.0001 0.0000 0.2233 0.0645 0.0494 0.0530
27       27   (0)      2  : 0.2937 0.0000 0.0000 0.0000 0.0238 0.0000 0.0030 0.0418 0.0000 0.0875 0.3268 0.0034 0.0165 0.0051 0.0276 0.1057 0.0420 0.0231
28       28   (0)      2  : 0.5767 0.0000 0.0210 0.0000 0.0002 0.0004 0.0030 0.0253 0.0000 0.0017 0.1365 0.0122 0.0000 0.0033 0.0346 0.0743 0.0907 0.0202
29       29   (0)      2  : 0.2350 0.0000 0.0000 0.0000 0.0368 0.0000 0.0013 0.0182 0.0000 0.0377 0.2654 0.0127 0.0047 0.0379 0.0390 0.2737 0.0285 0.0091
30       30   (0)      2  : 0.0000 0.1450 0.0000 0.0560 0.0000 0.0222 0.0000 0.0000 0.6212 0.0000 0.0000 0.0000 0.0000 0.0000 0.0444 0.0000 0.1111 0.0000
31       31   (0)      2  : 0.3860 0.0000 0.0087 0.0000 0.0007 0.0039 0.0031 0.0138 0.0000 0.0502 0.2546 0.0082 0.0067 0.0144 0.0124 0.1352 0.0651 0.0370
32       32   (0)      2  : 0.0000 0.0000 0.0000 0.0000 0.0000 0.0000 0.1631 0.8007 0.0000 0.0012 0.0000 0.0000 0.0000 0.0000 0.0325 0.0000 0.0024 0.0000
33       33   (0)      2  : 0.0000 0.0000 0.0000 0.0000 0.0000 0.0000 0.0000 0.0000 0.0000 0.9556 0.0000 0.0000 0.0444 0.0000 0.0000 0.0000 0.0000 0.0000
34       34   (0)      2  : 0.1559 0.0000 0.0000 0.0000 0.0000 0.0000 0.0000 0.0000 0.0000 0.0011 0.3974 0.0002 0.0000 0.0246 0.0458 0.1455 0.1233 0.1062
35       35   (0)      2  : 0.4163 0.0000 0.0210 0.0000 0.0207 0.0000 0.0083 0.0170 0.0000 0.0176 0.2130 0.0362 0.0387 0.0285 0.0182 0.0886 0.0320 0.0439
36       36   (0)      2  : 0.0000 0.0000 0.0000 0.0000 0.0000 0.0000 1.0000 0.0000 0.0000 0.0000 0.0000 0.0000 0.0000 0.0000 0.0000 0.0000 0.0000 0.0000
37       37   (0)      3  : 0.1781 0.0000 0.0000 0.0000 0.0207 0.0000 0.0001 0.0066 0.0000 0.0029 0.5309 0.0115 0.0133 0.0377 0.0262 0.0864 0.0752 0.0102
38       38   (0)      3  : 0.1214 0.0000 0.0000 0.0000 0.1503 0.0000 0.0086 0.0016 0.0000 0.0019 0.1468 0.0103 0.0002 0.0000 0.0109 0.4040 0.0072 0.1367
39       39   (0)      3  : 0.4355 0.0000 0.0000 0.0000 0.0187 0.0000 0.0000 0.0031 0.0000 0.0026 0.1516 0.0000 0.0080 0.0350 0.0208 0.2524 0.0440 0.0284
40       40   (0)      3  : 0.1152 0.0000 0.0000 0.0000 0.0000 0.0000 0.0001 0.0025 0.0000 0.0002 0.4751 0.0117 0.0075 0.0002 0.0240 0.1728 0.0238 0.1668
41       41   (0)      3  : 0.5002 0.0000 0.0000 0.0000 0.0298 0.0000 0.0028 0.0005 0.0000 0.0143 0.0866 0.0001 0.0053 0.0030 0.0593 0.0719 0.0899 0.1362
42       42   (0)      4  : 0.0000 0.3679 0.0000 0.3013 0.0000 0.0000 0.0000 0.0000 0.0818 0.0000 0.0000 0.0000 0.0000 0.0000 0.1501 0.0535 0.0454 0.0000
43       43   (0)      4  : 0.3618 0.0000 0.0000 0.0000 0.0080 0.0022 0.0000 0.0012 0.0000 0.0001 0.2664 0.0099 0.0216 0.0188 0.0334 0.0924 0.0761 0.1081
44       44   (0)      4  : 0.0000 0.8051 0.0000 0.0697 0.0000 0.0000 0.0000 0.0000 0.0364 0.0000 0.0000 0.0000 0.0000 0.0000 0.0444 0.0330 0.0114 0.0000
45       45   (0)      4  : 0.0000 0.6153 0.0000 0.1544 0.0000 0.0000 0.0000 0.0000 0.1214 0.0000 0.0000 0.0000 0.0000 0.0000 0.0385 0.0252 0.0451 0.0000
46       46   (0)      4  : 0.3772 0.0049 0.0048 0.0038 0.0006 0.0000 0.0201 0.0124 0.0008 0.0002 0.2932 0.0116 0.0001 0.0110 0.0019 0.0584 0.1397 0.0591
47       47   (0)      4  : 0.7797 0.0000 0.0000 0.0000 0.0000 0.0000 0.0007 0.0000 0.0000 0.0002 0.0648 0.0197 0.0002 0.0297 0.0002 0.0417 0.0540 0.0091
48       48   (0)      4  : 0.3060 0.0000 0.0000 0.0000 0.0004 0.0000 0.0002 0.0000 0.0000 0.0216 0.4375 0.0200 0.0214 0.0215 0.0016 0.1488 0.0117 0.0094
49       49   (0)      4  : 0.1925 0.0000 0.0000 0.0000 0.0000 0.0000 0.0010 0.0000 0.0000 0.0000 0.7304 0.0001 0.0031 0.0024 0.0045 0.0301 0.0321 0.0038
50       50   (0)      4  : 0.0000 0.0000 0.0000 0.0000 0.0000 0.0000 0.0000 0.0000 0.0000 0.0000 0.0000 0.0000 0.0000 1.0000 0.0000 0.0000 0.0000 0.0000
51       51   (0)      4  : 0.0431 0.1048 0.0247 0.0185 0.0000 0.2796 0.0000 0.0125 0.1738 0.0000 0.1299 0.0004 0.0000 0.1111 0.0226 0.0398 0.0230 0.0162
52       52   (0)      4  : 0.6173 0.0010 0.0000 0.0036 0.0000 0.0119 0.0021 0.0000 0.0016 0.0149 0.0976 0.0457 0.0009 0.0024 0.0250 0.0556 0.1000 0.0204
53       53   (0)      4  : 0.5936 0.0000 0.0000 0.0000 0.0029 0.0000 0.0008 0.0000 0.0000 0.0043 0.1009 0.0000 0.0095 0.0008 0.0008 0.1683 0.0740 0.0442
54       54   (0)      4  : 0.4499 0.0074 0.0060 0.0030 0.0207 0.0017 0.0006 0.0030 0.0030 0.0004 0.2214 0.0155 0.0000 0.0302 0.0193 0.1253 0.0679 0.0247
55       55   (0)      4  : 0.0000 0.0000 0.0000 0.0000 0.0000 0.0000 0.0000 0.0000 0.0000 0.0000 0.0000 0.0000 0.0000 1.0000 0.0000 0.0000 0.0000 0.0000
56       56   (0)      4  : 0.0000 0.3029 0.0000 0.3504 0.0000 0.0000 0.0000 0.0000 0.0520 0.0000 0.0000 0.0000 0.0000 0.0000 0.2205 0.0521 0.0222 0.0000
57       57   (0)      5  : 0.4131 0.0000 0.0000 0.0000 0.0000 0.0000 0.0012 0.0011 0.0000 0.0040 0.2114 0.0040 0.0058 0.0000 0.0254 0.1716 0.0978 0.0649
58       58   (0)      5  : 0.4452 0.0000 0.0000 0.0000 0.0028 0.0000 0.0007 0.0001 0.0000 0.0532 0.0910 0.0124 0.0010 0.0062 0.0330 0.1714 0.1080 0.0751
59       59   (0)      5  : 0.0000 0.4468 0.0000 0.2519 0.0000 0.0222 0.0000 0.0000 0.0872 0.0000 0.0000 0.0000 0.0000 0.0000 0.0708 0.0323 0.0889 0.0000
60       60   (0)      5  : 0.4085 0.0000 0.0000 0.0000 0.0000 0.0000 0.0000 0.0002 0.0000 0.0007 0.1936 0.0314 0.0250 0.0000 0.0083 0.0546 0.2082 0.0695
61       61   (0)      5  : 0.1341 0.1484 0.0953 0.0543 0.0762 0.0451 0.0000 0.0018 0.0829 0.0000 0.0455 0.0001 0.0028 0.0000 0.1425 0.0341 0.0795 0.0575
62       62   (0)      5  : 0.0000 0.3428 0.0000 0.1239 0.0000 0.0000 0.0000 0.0000 0.1333 0.0000 0.0000 0.0000 0.0000 0.0000 0.3111 0.0667 0.0222 0.0000
63       63   (0)      5  : 0.3441 0.0404 0.0052 0.0164 0.0146 0.0378 0.0210 0.0133 0.0467 0.0012 0.1507 0.0077 0.0110 0.0159 0.0647 0.0698 0.0935 0.0461
64       64   (0)      5  : 0.3672 0.0000 0.0000 0.0000 0.0194 0.0000 0.0000 0.0000 0.0000 0.0006 0.1020 0.0255 0.0324 0.0000 0.0222 0.0160 0.1748 0.2398
65       65   (0)      5  : 0.5381 0.0000 0.0000 0.0000 0.0000 0.0000 0.0000 0.0000 0.0000 0.0013 0.2692 0.0000 0.0078 0.0047 0.0269 0.0432 0.0699 0.0389
66       66   (0)      5  : 0.2351 0.0000 0.0000 0.0000 0.0037 0.0000 0.0000 0.0057 0.0000 0.0008 0.4748 0.0010 0.0000 0.0300 0.0344 0.0876 0.0773 0.0496
67       67   (0)      5  : 0.0261 0.0768 0.0221 0.1509 0.0007 0.0482 0.0000 0.0000 0.3199 0.0000 0.0476 0.0000 0.0000 0.0052 0.1098 0.0064 0.1791 0.0070
68       68   (0)      5  : 0.0000 0.2475 0.0000 0.4835 0.0000 0.0000 0.0000 0.0000 0.1357 0.0000 0.0000 0.0000 0.0000 0.0000 0.0889 0.0000 0.0444 0.0000
69       69   (0)      5  : 0.2749 0.0214 0.0000 0.0373 0.0441 0.0026 0.0151 0.0025 0.1042 0.0012 0.1130 0.0060 0.0058 0.0347 0.0431 0.1566 0.0899 0.0476
70       70   (0)      5  : 0.0000 0.0889 0.0000 0.1623 0.0000 0.0000 0.0000 0.0000 0.4599 0.0000 0.0000 0.0000 0.0000 0.0000 0.1111 0.0000 0.1778 0.0000
71       71   (0)      5  : 0.0000 0.0849 0.0000 0.5600 0.0000 0.0126 0.0000 0.0000 0.1532 0.0000 0.0000 0.0000 0.0000 0.0000 0.0432 0.0000 0.1460 0.0000
72       72   (0)      5  : 0.4685 0.0055 0.0002 0.0444 0.0000 0.0000 0.0017 0.0052 0.0315 0.0035 0.1321 0.0000 0.0234 0.0038 0.0249 0.1317 0.0563 0.0673
73       73   (0)      5  : 0.1802 0.0000 0.0000 0.0000 0.0001 0.0000 0.0029 0.0060 0.0000 0.0008 0.4266 0.0343 0.0051 0.0000 0.0025 0.2512 0.0458 0.0444
74       74   (0)      5  : 0.0000 0.1683 0.0000 0.7508 0.0000 0.0082 0.0000 0.0000 0.0139 0.0000 0.0000 0.0000 0.0000 0.0000 0.0228 0.0000 0.0360 0.0000
75       75   (0)      6  : 0.0000 0.1286 0.0000 0.2786 0.0000 0.0222 0.0000 0.0000 0.4029 0.0000 0.0000 0.0000 0.0000 0.0000 0.0499 0.0222 0.0956 0.0000
76       76   (0)      6  : 0.3821 0.0068 0.0085 0.0038 0.0011 0.0142 0.0008 0.0065 0.0201 0.0091 0.3181 0.0049 0.0076 0.0000 0.0212 0.0438 0.1006 0.0506
77       77   (0)      6  : 0.0000 0.2751 0.0000 0.3323 0.0000 0.0222 0.0000 0.0000 0.2441 0.0000 0.0000 0.0000 0.0000 0.0000 0.0574 0.0120 0.0568 0.0000
78       78   (0)      6  : 0.0000 0.0241 0.0000 0.8006 0.0000 0.0000 0.0000 0.0000 0.0667 0.0000 0.0000 0.0000 0.0000 0.0000 0.0545 0.0444 0.0097 0.0000
79       79   (0)      6  : 0.0000 0.2588 0.0000 0.1402 0.0000 0.0117 0.0000 0.0000 0.3101 0.0000 0.0000 0.0000 0.0000 0.0000 0.1873 0.0193 0.0726 0.0000
80       80   (0)      6  : 0.0000 0.0000 0.0012 0.0000 0.0000 0.0000 0.2299 0.7350 0.0000 0.0032 0.0000 0.0003 0.0000 0.0000 0.0248 0.0000 0.0057 0.0000
81       81   (0)      6  : 0.0000 0.1739 0.0000 0.2886 0.0000 0.0032 0.0000 0.0000 0.2852 0.0000 0.0000 0.0000 0.0000 0.0000 0.0901 0.0526 0.1064 0.0000
82       82   (0)      6  : 0.0000 0.2767 0.0000 0.0808 0.0000 0.0114 0.0000 0.0000 0.4655 0.0000 0.0000 0.0000 0.0000 0.0000 0.0754 0.0396 0.0505 0.0000
83       83   (0)      6  : 0.0000 0.1008 0.0010 0.1164 0.0000 0.0020 0.0000 0.0000 0.5121 0.0000 0.0000 0.0000 0.0000 0.0000 0.1084 0.0521 0.1072 0.0000
84       84   (0)      6  : 0.0000 0.1333 0.0000 0.0222 0.0000 0.0000 0.0000 0.0000 0.7333 0.0000 0.0000 0.0000 0.0000 0.0000 0.0444 0.0667 0.0000 0.0000
85       85   (0)      6  : 0.0000 0.2573 0.0000 0.1216 0.0000 0.0074 0.0000 0.0000 0.4863 0.0000 0.0000 0.0000 0.0000 0.0000 0.0501 0.0222 0.0552 0.0000
86       86   (0)      6  : 0.0000 0.0287 0.0000 0.0586 0.0000 0.0097 0.0000 0.0000 0.7452 0.0000 0.0000 0.0000 0.0000 0.0000 0.0621 0.0118 0.0839 0.0000
87       87   (0)      6  : 0.0000 0.4876 0.0000 0.4098 0.0000 0.0000 0.0000 0.0000 0.0557 0.0000 0.0000 0.0000 0.0000 0.0000 0.0469 0.0000 0.0000 0.0000
88       88   (0)      6  : 0.0000 0.5220 0.0000 0.2611 0.0050 0.0000 0.0000 0.0000 0.0404 0.0000 0.0000 0.0000 0.0000 0.0000 0.0887 0.0590 0.0238 0.0000
89       89   (0)      6  : 0.0000 0.5504 0.0000 0.1828 0.0222 0.0000 0.0000 0.0000 0.1207 0.0000 0.0000 0.0000 0.0000 0.0000 0.0571 0.0222 0.0444 0.0000
90       90   (0)      6  : 0.0000 0.0572 0.0000 0.0209 0.0030 0.0000 0.8968 0.0000 0.0068 0.0000 0.0000 0.0000 0.0000 0.0000 0.0070 0.0030 0.0052 0.0000
91       91   (0)      6  : 0.0000 0.3267 0.0000 0.4926 0.0000 0.0126 0.0000 0.0000 0.0402 0.0000 0.0000 0.0000 0.0000 0.0000 0.0709 0.0000 0.0570 0.0000
92       92   (0)      6  : 0.1063 0.0000 0.0000 0.0000 0.0522 0.0010 0.0000 0.0008 0.0000 0.0001 0.1222 0.0000 0.0001 0.0000 0.0000 0.5802 0.0083 0.1288
93       93   (0)      6  : 0.0000 0.0000 0.0099 0.0000 0.0000 0.9795 0.0000 0.0000 0.0000 0.0000 0.0000 0.0000 0.0000 0.0000 0.0000 0.0000 0.0000 0.0105
94       94   (0)      6  : 0.2880 0.0000 0.0000 0.0000 0.0110 0.0379 0.0000 0.0000 0.0000 0.0027 0.0918 0.0079 0.0014 0.0759 0.0222 0.3332 0.0354 0.0925
95       95   (0)      6  : 0.0000 0.0000 0.0047 0.0023 0.0000 0.9648 0.0000 0.0000 0.0000 0.0000 0.0000 0.0000 0.0000 0.0000 0.0000 0.0130 0.0000 0.0152
96       96   (0)      6  : 0.0000 0.0000 0.0019 0.0055 0.0000 0.9343 0.0000 0.0000 0.0032 0.0000 0.0000 0.0000 0.0000 0.0048 0.0000 0.0355 0.0000 0.0149
97       97   (0)      6  : 0.2993 0.0000 0.0000 0.0000 0.0247 0.1388 0.0000 0.0000 0.0000 0.0054 0.1501 0.0000 0.0274 0.0415 0.0244 0.1559 0.0464 0.0859
98       98   (0)      6  : 0.0000 0.0029 0.1287 0.0000 0.0000 0.8392 0.0000 0.0190 0.0000 0.0000 0.0000 0.0000 0.0000 0.0000 0.0000 0.0000 0.0000 0.0102
99       99   (0)      7  : 0.0000 0.1224 0.0000 0.6249 0.0000 0.0222 0.0000 0.0000 0.1207 0.0000 0.0000 0.0000 0.0000 0.0000 0.0632 0.0000 0.0466 0.0000
100      100   (0)      7  : 0.2620 0.0144 0.0238 0.0751 0.0018 0.1579 0.0009 0.0147 0.0097 0.0000 0.1594 0.0017 0.0104 0.0091 0.0291 0.0927 0.0814 0.0557
101      101   (0)      7  : 0.0000 0.0000 1.0000 0.0000 0.0000 0.0000 0.0000 0.0000 0.0000 0.0000 0.0000 0.0000 0.0000 0.0000 0.0000 0.0000 0.0000 0.0000
102      102   (0)      7  : 0.0000 0.0000 1.0000 0.0000 0.0000 0.0000 0.0000 0.0000 0.0000 0.0000 0.0000 0.0000 0.0000 0.0000 0.0000 0.0000 0.0000 0.0000
103      103   (0)      7  : 0.2761 0.0000 0.0000 0.0000 0.0161 0.0000 0.0000 0.0000 0.0000 0.0049 0.2522 0.0274 0.0799 0.1133 0.0055 0.1675 0.0256 0.0315
104      104   (0)      7  : 0.2874 0.0000 0.0000 0.0000 0.0344 0.0000 0.0255 0.0009 0.0000 0.0024 0.1676 0.0269 0.0218 0.0080 0.0003 0.3338 0.0141 0.0771
105      105   (0)      7  : 0.0000 0.0000 0.0000 0.0000 0.0000 0.0000 0.0000 0.0000 0.0000 0.0000 0.0222 0.0000 0.0000 0.0667 0.0000 0.0000 0.0000 0.9111
106      106   (0)      7  : 0.3789 0.0000 0.0000 0.0000 0.0063 0.0000 0.0000 0.0013 0.0000 0.0000 0.1520 0.0139 0.0008 0.0579 0.0269 0.1554 0.0713 0.1354
107      107   (0)      7  : 0.5710 0.0000 0.0000 0.0000 0.0000 0.0000 0.0031 0.0000 0.0000 0.0282 0.0779 0.0150 0.0079 0.0237 0.0015 0.1675 0.0632 0.0411
108      108   (0)      8  : 0.0000 0.0000 0.0000 0.0000 0.9778 0.0000 0.0000 0.0000 0.0000 0.0000 0.0000 0.0000 0.0222 0.0000 0.0000 0.0000 0.0000 0.0000
109      109   (0)      8  : 0.1324 0.0000 0.0000 0.0000 0.0224 0.0000 0.0000 0.0017 0.0000 0.0045 0.6153 0.0094 0.0132 0.0087 0.0018 0.0509 0.0363 0.1032
110      110   (0)      8  : 0.0000 0.0000 0.0000 0.0000 0.0000 0.0000 0.0000 0.0000 0.0000 0.0000 0.0000 0.0000 1.0000 0.0000 0.0000 0.0000 0.0000 0.0000
111      111   (0)      8  : 0.0000 0.0000 0.0000 0.0000 0.0000 0.0000 0.0000 0.0000 0.0000 0.0000 0.0000 0.9778 0.0222 0.0000 0.0000 0.0000 0.0000 0.0000
112      112   (0)      8  : 0.0000 0.0000 1.0000 0.0000 0.0000 0.0000 0.0000 0.0000 0.0000 0.0000 0.0000 0.0000 0.0000 0.0000 0.0000 0.0000 0.0000 0.0000
113      113   (0)      8  : 0.2529 0.0000 0.0000 0.0000 0.0001 0.0000 0.0000 0.0000 0.0000 0.0000 0.3795 0.0058 0.0006 0.0002 0.0449 0.0667 0.0892 0.1600
114      114   (0)      8  : 0.2653 0.0000 0.0000 0.0000 0.0000 0.0000 0.0000 0.0000 0.0000 0.0000 0.5906 0.0001 0.0336 0.0154 0.0138 0.0385 0.0427 0.0000
115      115   (0)      8  : 0.0000 0.0000 0.0000 0.0000 0.9778 0.0000 0.0000 0.0000 0.0000 0.0000 0.0000 0.0000 0.0222 0.0000 0.0000 0.0000 0.0000 0.0000
116      116   (0)      8  : 0.0000 0.0000 0.0000 0.0000 0.0000 0.0000 0.0000 0.0000 0.0000 0.0000 0.0000 0.9778 0.0222 0.0000 0.0000 0.0000 0.0000 0.0000
117      117   (0)      8  : 0.0000 0.0000 0.0000 0.0000 0.0033 0.0036 0.0000 0.0000 0.0000 0.0000 0.0222 0.0000 0.0000 0.0667 0.0000 0.0000 0.0000 0.9042
118      118   (0)      8  : 0.1278 0.0000 0.0000 0.0000 0.0033 0.0000 0.0001 0.0159 0.0000 0.0004 0.4183 0.0000 0.0113 0.0013 0.0309 0.1454 0.0607 0.1846
119      119   (0)      9  : 0.0000 0.1710 0.0000 0.2669 0.0000 0.0000 0.0000 0.0000 0.2668 0.0000 0.0000 0.0000 0.0000 0.0000 0.1288 0.0713 0.0951 0.0000
120      120   (0)     10  : 0.4822 0.0000 0.0420 0.0000 0.0397 0.0000 0.0006 0.0011 0.0000 0.0108 0.2080 0.0188 0.0020 0.0259 0.0250 0.0651 0.0469 0.0318
121      121   (0)     10  : 0.2669 0.0000 0.0000 0.0000 0.0000 0.0003 0.0001 0.0000 0.0000 0.0022 0.3931 0.0507 0.0011 0.0109 0.0294 0.1648 0.0635 0.0171
122      122   (0)     10  : 0.5302 0.0000 0.0000 0.0000 0.0211 0.0000 0.0000 0.0005 0.0000 0.0078 0.0625 0.0003 0.0069 0.0220 0.0245 0.2498 0.0504 0.0241
123      123   (0)     10  : 0.2865 0.0197 0.0073 0.0241 0.0581 0.0000 0.0225 0.0059 0.0006 0.0016 0.0810 0.0185 0.0256 0.0226 0.0365 0.2354 0.0547 0.0994
124      124   (0)     10  : 0.3807 0.0000 0.0495 0.0000 0.0065 0.0000 0.0043 0.0000 0.0000 0.0248 0.2487 0.0035 0.0000 0.0000 0.0147 0.1565 0.0387 0.0721
125      125   (0)     10  : 0.3714 0.0000 0.0315 0.0000 0.0000 0.1398 0.0042 0.0050 0.0000 0.0208 0.1913 0.0094 0.0001 0.0661 0.0225 0.0302 0.0644 0.0433
126      126   (0)     10  : 0.3615 0.0000 0.0104 0.0000 0.0057 0.0004 0.0010 0.0001 0.0000 0.0217 0.2286 0.0000 0.0003 0.0145 0.0263 0.1721 0.0495 0.1078
127      127   (0)     10  : 0.3341 0.0000 0.0000 0.0000 0.0184 0.0000 0.0001 0.0002 0.0000 0.0010 0.3137 0.0136 0.0010 0.0131 0.0581 0.0755 0.1067 0.0645
128      128   (0)     10  : 0.3698 0.0000 0.0164 0.0000 0.0032 0.0000 0.0100 0.0053 0.0000 0.0145 0.1982 0.0319 0.0003 0.0113 0.0300 0.0981 0.0765 0.1344
129      129   (0)     10  : 0.8534 0.0000 0.0000 0.0000 0.0000 0.0000 0.0003 0.0000 0.0000 0.0044 0.0078 0.0000 0.0002 0.0023 0.0018 0.0766 0.0007 0.0526
130      130   (0)     10  : 0.6500 0.0000 0.0000 0.0000 0.0001 0.0000 0.0000 0.0027 0.0000 0.0000 0.1307 0.0000 0.0107 0.0029 0.0263 0.0881 0.0529 0.0356
131      131   (0)     10  : 0.4262 0.0000 0.0310 0.0000 0.0166 0.0000 0.0249 0.0024 0.0000 0.0010 0.1582 0.0317 0.0000 0.0626 0.0166 0.0772 0.0726 0.0789
132      132   (0)     10  : 0.3904 0.0000 0.0499 0.0000 0.0131 0.0356 0.0192 0.0072 0.0000 0.0011 0.1998 0.0027 0.0000 0.0009 0.0456 0.0996 0.0945 0.0403
133      133   (0)     10  : 0.4504 0.0019 0.0242 0.0015 0.0241 0.0094 0.0067 0.0030 0.0063 0.0174 0.2103 0.0171 0.0009 0.0547 0.0227 0.0506 0.0869 0.0120
134      134   (0)     10  : 0.5605 0.0003 0.0440 0.0000 0.0258 0.0152 0.0006 0.0017 0.0004 0.0018 0.1284 0.0014 0.0171 0.0018 0.0151 0.0855 0.0792 0.0213
135      135   (0)     10  : 0.3901 0.0000 0.0317 0.0000 0.0596 0.0000 0.0079 0.0022 0.0000 0.0005 0.2534 0.0086 0.0210 0.0087 0.0118 0.0653 0.0807 0.0583
136      136   (0)     10  : 0.3997 0.0000 0.0044 0.0000 0.0038 0.0000 0.0001 0.0002 0.0000 0.0000 0.2071 0.0047 0.0160 0.0150 0.0028 0.2613 0.0589 0.0261
137      137   (0)     11  : 0.0000 0.3382 0.0874 0.3724 0.0046 0.0058 0.0000 0.0000 0.0652 0.0000 0.0000 0.0000 0.0000 0.0000 0.0634 0.0175 0.0454 0.0000
138      138   (0)     12  : 0.2529 0.0000 0.0438 0.0000 0.0190 0.1413 0.0183 0.0742 0.0000 0.0417 0.1820 0.0000 0.0027 0.0596 0.0203 0.0716 0.0358 0.0367
139      139   (0)     12  : 0.0524 0.0054 0.0712 0.0846 0.0000 0.3709 0.0000 0.0222 0.0552 0.0001 0.2099 0.0000 0.0000 0.0082 0.0197 0.0141 0.0766 0.0096
140      140   (0)     12  : 0.0000 0.0000 0.0299 0.0000 0.0000 0.0000 0.2232 0.7058 0.0000 0.0025 0.0000 0.0000 0.0000 0.0000 0.0351 0.0000 0.0036 0.0000
141      141   (0)     12  : 0.0000 0.0000 0.0060 0.0000 0.0000 0.7490 0.0000 0.0222 0.0000 0.0000 0.0000 0.0000 0.2112 0.0000 0.0000 0.0000 0.0000 0.0116
142      142   (0)     12  : 0.3710 0.0000 0.0507 0.0000 0.0061 0.0038 0.0041 0.0327 0.0000 0.0055 0.2052 0.0227 0.0170 0.0360 0.0142 0.1060 0.0865 0.0385
143      143   (0)     12  : 0.0147 0.0000 0.0664 0.0000 0.0000 0.6540 0.0000 0.0230 0.0000 0.0000 0.0563 0.0037 0.0000 0.1238 0.0111 0.0070 0.0176 0.0223
144      144   (0)     12  : 0.3192 0.0002 0.1178 0.0000 0.0000 0.0322 0.0110 0.0364 0.0009 0.0002 0.2489 0.0017 0.0094 0.0024 0.0387 0.0655 0.0840 0.0315
145      145   (0)     12  : 0.0238 0.0000 0.0000 0.0000 0.0016 0.0000 0.2055 0.2648 0.0000 0.0010 0.0890 0.0000 0.0208 0.0097 0.2229 0.0775 0.0542 0.0292
146      146   (0)     13  : 0.0000 0.3686 0.0000 0.4272 0.0000 0.0000 0.0000 0.0000 0.0000 0.0000 0.0000 0.0000 0.0000 0.0000 0.0938 0.0882 0.0222 0.0000
147      147   (0)     13  : 0.0000 0.2068 0.0000 0.4677 0.0000 0.0000 0.0000 0.0000 0.1154 0.0000 0.0000 0.0000 0.0000 0.0000 0.1311 0.0467 0.0323 0.0000
148      148   (0)     13  : 0.0000 0.4217 0.0000 0.2338 0.0000 0.0000 0.0000 0.0000 0.0920 0.0000 0.0000 0.0000 0.0000 0.0000 0.1858 0.0667 0.0000 0.0000
149      149   (0)     13  : 0.0000 0.2648 0.0000 0.4156 0.0000 0.0000 0.0000 0.0000 0.0918 0.0000 0.0000 0.0000 0.0000 0.0000 0.0945 0.0222 0.1111 0.0000
150      150   (0)     13  : 0.0000 0.3141 0.0000 0.4490 0.0000 0.0107 0.0000 0.0000 0.0307 0.0000 0.0000 0.0000 0.0000 0.0000 0.0891 0.0667 0.0398 0.0000
151      151   (0)     14  : 0.0000 0.5942 0.0000 0.1629 0.0000 0.0070 0.0000 0.0000 0.1755 0.0000 0.0000 0.0000 0.0000 0.0000 0.0246 0.0046 0.0311 0.0000
152      152   (0)     14  : 0.3066 0.0000 0.0000 0.0000 0.0134 0.0000 0.0064 0.0020 0.0000 0.0108 0.3391 0.0145 0.0006 0.0553 0.0042 0.1242 0.0948 0.0281
153      153   (0)     15  : 0.0000 0.0000 0.0045 0.0000 0.0000 0.9615 0.0000 0.0222 0.0000 0.0000 0.0000 0.0000 0.0000 0.0000 0.0000 0.0000 0.0000 0.0118
154      154   (0)     15  : 0.0000 0.2285 0.0000 0.2544 0.0039 0.0056 0.0000 0.0000 0.2828 0.0000 0.0000 0.0000 0.0000 0.0000 0.1003 0.0714 0.0530 0.0000
155      155   (0)     16  : 0.4389 0.0000 0.0345 0.0000 0.0101 0.0234 0.0001 0.0059 0.0000 0.0009 0.2767 0.0288 0.0032 0.0000 0.0134 0.0679 0.0736 0.0224
156      156   (0)     16  : 0.5021 0.0000 0.0030 0.0000 0.0112 0.0000 0.0424 0.0000 0.0000 0.0000 0.0738 0.0365 0.0688 0.0000 0.0030 0.0914 0.0904 0.0773
157      157   (0)     17  : 0.0000 0.0000 0.0810 0.0000 0.0000 0.8811 0.0000 0.0244 0.0010 0.0000 0.0000 0.0000 0.0035 0.0000 0.0000 0.0000 0.0018 0.0073
158      158   (0)     17  : 0.0000 0.0000 0.0000 0.0000 0.0000 0.0000 1.0000 0.0000 0.0000 0.0000 0.0000 0.0000 0.0000 0.0000 0.0000 0.0000 0.0000 0.0000
159      159   (0)     18  : 0.3391 0.0000 0.0103 0.0000 0.0015 0.0000 0.0017 0.0000 0.0000 0.0000 0.2748 0.0017 0.0009 0.0674 0.0085 0.1479 0.0848 0.0615
160      160   (0)     18  : 0.1935 0.0000 0.0000 0.0000 0.0036 0.0000 0.0000 0.0000 0.0000 0.0061 0.3854 0.0071 0.0382 0.0074 0.0247 0.0859 0.0886 0.1596
161      161   (0)     18  : 0.2528 0.0000 0.0000 0.0000 0.0060 0.0000 0.0000 0.0009 0.0000 0.0323 0.3069 0.0006 0.0188 0.0175 0.0102 0.2049 0.0547 0.0943
162      162   (0)     19  : 0.2768 0.0000 0.0261 0.0000 0.0154 0.0601 0.0000 0.0000 0.0000 0.0000 0.1814 0.1084 0.0022 0.1062 0.0094 0.0753 0.0476 0.0913
163      163   (0)     19  : 0.0679 0.0282 0.1887 0.0117 0.0251 0.1891 0.0000 0.0001 0.0567 0.0000 0.0737 0.0126 0.0001 0.0000 0.0096 0.2496 0.0198 0.0670
164      164   (0)     19  : 0.1348 0.0000 0.0000 0.0000 0.1319 0.0000 0.0002 0.0017 0.0000 0.0013 0.1409 0.0001 0.0000 0.0003 0.0005 0.4567 0.0020 0.1296
