1        1   (0)      1  : 0.0000 1.0000 0.0000 0.0000
2        2   (0)      1  : 0.0000 0.8326 0.1674 0.0000
3        3   (0)      1  : 0.0000 0.7725 0.2275 0.0000
4        4   (0)      1  : 0.0000 0.8524 0.1476 0.0000
5        5   (0)      1  : 0.0000 1.0000 0.0000 0.0000
6        6   (0)      1  : 0.0000 0.7540 0.2460 0.0000
7        7   (0)      2  : 0.0000 1.0000 0.0000 0.0000
8        8   (0)      2  : 0.0000 0.7329 0.2671 0.0000
9        9   (0)      2  : 0.0486 0.9053 0.0220 0.0240
10       10   (0)      2  : 0.0000 1.0000 0.0000 0.0000
11       11   (0)      2  : 0.0000 0.8594 0.1406 0.0000
12       12   (0)      2  : 0.0000 0.9526 0.0474 0.0000
13       13   (0)      2  : 0.0000 0.6156 0.3844 0.0000
14       14   (0)      3  : 0.3351 0.0000 0.0000 0.6649
15       15   (0)      3  : 0.6188 0.0000 0.0000 0.3812
16       16   (0)      3  : 0.4613 0.0000 0.0000 0.5387
17       17   (0)      3  : 0.4940 0.0000 0.0000 0.5060
18       18   (0)      3  : 0.5559 0.0000 0.0000 0.4441
19       19   (0)      3  : 0.5006 0.0000 0.0000 0.4994
20       20   (0)      3  : 0.5967 0.0000 0.0599 0.3433
21       21   (0)      3  : 0.6469 0.0000 0.0000 0.3531
22       22   (0)      3  : 0.7294 0.0000 0.0000 0.2706
23       23   (0)      3  : 0.8814 0.0000 0.0000 0.1186
24       24   (0)      3  : 0.5759 0.0000 0.0000 0.4241
25       25   (0)      3  : 0.0000 0.0000 0.9469 0.0531
26       26   (0)      4  : 0.0000 1.0000 0.0000 0.0000
27       27   (0)      4  : 0.6451 0.0000 0.0000 0.3549
28       28   (0)      4  : 0.5156 0.0000 0.0000 0.4844
29       29   (0)      4  : 0.0000 1.0000 0.0000 0.0000
30       30   (0)      4  : 0.5207 0.0000 0.0000 0.4793
31       31   (0)      4  : 0.6693 0.0000 0.0000 0.3307
32       32   (0)      4  : 0.2500 0.5053 0.0000 0.2447
33       33   (0)      4  : 0.5945 0.0000 0.0000 0.4055
34       34   (0)      4  : 0.3800 0.0000 0.0000 0.6200
35       35   (0)      4  : 0.6210 0.0000 0.0000 0.3790
36       36   (0)      4  : 0.4837 0.0000 0.0000 0.5163
37       37   (0)      4  : 0.5228 0.0000 0.0000 0.4772
38       38   (0)      4  : 0.6465 0.0000 0.0000 0.3535
39       39   (0)      4  : 0.0000 1.0000 0.0000 0.0000
40       40   (0)      5  : 0.2763 0.0000 0.0000 0.7237
41       41   (0)      5  : 0.7607 0.0000 0.0000 0.2393
42       42   (0)      5  : 0.4117 0.0000 0.0000 0.5883
43       43   (0)      5  : 0.0000 1.0000 0.0000 0.0000
44       44   (0)      5  : 0.7520 0.0000 0.0000 0.2480
45       45   (0)      5  : 0.2885 0.0000 0.0000 0.7115
46       46   (0)      5  : 0.8245 0.0000 0.0000 0.1755
47       47   (0)      5  : 0.9470 0.0000 0.0000 0.0530
48       48   (0)      5  : 0.2877 0.0000 0.0000 0.7123
49       49   (0)      5  : 0.0000 1.0000 0.0000 0.0000
50       50   (0)      5  : 0.4130 0.0000 0.0000 0.5870
51       51   (0)      5  : 0.0000 1.0000 0.0000 0.0000
52       52   (0)      5  : 0.0000 1.0000 0.0000 0.0000
53       53   (0)      6  : 0.0000 1.0000 0.0000 0.0000
54       54   (0)      6  : 0.6994 0.0000 0.0000 0.3006
55       55   (0)      6  : 0.0000 0.9111 0.0889 0.0000
56       56   (0)      6  : 0.0121 0.0000 0.9593 0.0286
57       57   (0)      6  : 0.0086 0.0000 0.9688 0.0226
58       58   (0)      6  : 0.0000 0.0000 0.9734 0.0266
59       59   (0)      6  : 0.3201 0.0140 0.0561 0.6097
60       60   (0)      6  : 0.4778 0.0000 0.0000 0.5222
61       61   (0)      6  : 0.6407 0.0000 0.0000 0.3593
62       62   (0)      6  : 0.5013 0.0000 0.0000 0.4987
63       63   (0)      6  : 0.0220 0.8538 0.0927 0.0315
64       64   (0)      7  : 0.0000 1.0000 0.0000 0.0000
65       65   (0)      7  : 0.0000 1.0000 0.0000 0.0000
66       66   (0)      7  : 0.0000 0.9753 0.0247 0.0000
67       67   (0)      7  : 0.0000 0.9537 0.0463 0.0000
68       68   (0)      8  : 0.5745 0.0001 0.0932 0.3322
69       69   (0)      8  : 0.4772 0.0495 0.1329 0.3404
70       70   (0)      8  : 0.2134 0.0000 0.0000 0.7866
71       71   (0)      8  : 0.4567 0.0298 0.0222 0.4913
72       72   (0)      8  : 0.2843 0.0000 0.1088 0.6069
73       73   (0)      8  : 0.0140 0.0000 0.9543 0.0317
74       74   (0)      9  : 0.0210 0.8108 0.1327 0.0355
75       75   (0)      9  : 0.0091 0.8839 0.0738 0.0332
76       76   (0)     10  : 0.0000 1.0000 0.0000 0.0000
77       77   (0)     11  : 0.0000 1.0000 0.0000 0.0000
78       78   (0)     12  : 0.0000 1.0000 0.0000 0.0000
79       79   (0)     13  : 0.2467 0.0000 0.5630 0.1903
80       80   (0)     13  : 0.2959 0.0000 0.0000 0.7041
