1        1   (0)      1  : 0.0429 0.0000 0.0001 0.0000 0.0000 0.0000 0.3674 0.3959 0.0000 0.0049 0.0368 0.0000 0.0029 0.0665 0.0255 0.0571
2        2   (0)      1  : 0.0000 0.0000 0.0079 0.0000 0.0727 0.0000 0.8351 0.0072 0.0000 0.0000 0.0002 0.0151 0.0606 0.0000 0.0005 0.0006
3        3   (0)      1  : 0.0000 0.0000 0.0000 0.0000 0.0000 0.0000 0.3653 0.6139 0.0000 0.0000 0.0000 0.0000 0.0000 0.0000 0.0000 0.0208
4        4   (0)      1  : 0.0000 0.0000 0.0000 0.0000 0.0000 0.0000 1.0000 0.0000 0.0000 0.0000 0.0000 0.0000 0.0000 0.0000 0.0000 0.0000
5        5   (0)      1  : 0.1722 0.0000 0.1350 0.0000 0.0104 0.0915 0.1781 0.0031 0.0000 0.0023 0.2833 0.0000 0.0019 0.0021 0.0335 0.0864
6        6   (0)      1  : 0.3482 0.0000 0.1037 0.0000 0.0133 0.0605 0.0888 0.0002 0.0000 0.0028 0.2596 0.0151 0.0021 0.0039 0.0343 0.0676
7        7   (0)      1  : 0.3109 0.0000 0.0000 0.0000 0.0003 0.0000 0.0009 0.0016 0.0000 0.0001 0.4912 0.0124 0.0472 0.0000 0.0552 0.0802
8        8   (0)      1  : 0.2100 0.0000 0.0959 0.0000 0.0117 0.0509 0.2525 0.0000 0.0000 0.0020 0.2803 0.0004 0.0000 0.0004 0.0264 0.0696
9        9   (0)      1  : 0.0000 0.0000 0.0000 0.0000 0.0000 0.0000 1.0000 0.0000 0.0000 0.0000 0.0000 0.0000 0.0000 0.0000 0.0000 0.0000
10       10   (0)      1  : 0.2903 0.0000 0.0000 0.0000 0.0028 0.0000 0.0000 0.0005 0.0000 0.0380 0.5861 0.0131 0.0069 0.0297 0.0129 0.0198
11       11   (0)      1  : 0.2857 0.0000 0.0000 0.0000 0.0106 0.0000 0.0002 0.0002 0.0000 0.0255 0.5017 0.0097 0.0334 0.0111 0.0629 0.0590
12       12   (0)      1  : 0.0000 0.0000 0.0000 0.0000 0.0000 0.0000 0.0000 0.0000 0.0000 0.0000 0.0000 0.0000 1.0000 0.0000 0.0000 0.0000
13       13   (0)      1  : 0.3359 0.0000 0.0000 0.0000 0.0006 0.0000 0.0000 0.0001 0.0000 0.0278 0.4590 0.0287 0.0052 0.0446 0.0694 0.0289
14       14   (0)      1  : 0.1401 0.0056 0.0977 0.0066 0.0000 0.0964 0.0866 0.0798 0.0044 0.0058 0.3351 0.0199 0.0732 0.0005 0.0311 0.0173
15       15   (0)      1  : 0.0000 0.0000 0.9987 0.0000 0.0000 0.0000 0.0000 0.0000 0.0000 0.0012 0.0000 0.0000 0.0001 0.0000 0.0000 0.0000
16       16   (0)      1  : 0.0000 0.0000 0.0000 0.0000 0.0000 0.0000 0.2083 0.6458 0.0000 0.0000 0.0000 0.0000 0.0000 0.0000 0.1458 0.0000
17       17   (0)      1  : 0.0000 0.0000 0.0000 0.0000 0.0000 0.0000 0.2083 0.6458 0.0000 0.0000 0.0000 0.0000 0.0000 0.0000 0.1458 0.0000
18       18   (0)      1  : 0.0000 0.0000 0.0000 0.0000 0.0000 0.0000 0.0000 0.0000 0.0000 0.8125 0.0000 0.0417 0.0625 0.0833 0.0000 0.0000
19       19   (0)      1  : 0.3418 0.0000 0.0000 0.0000 0.0237 0.0004 0.0058 0.0021 0.0000 0.0049 0.2474 0.0385 0.0059 0.0629 0.0683 0.1984
20       20   (0)      1  : 0.1822 0.0000 0.0000 0.0000 0.0016 0.0000 0.0000 0.0000 0.0000 0.0035 0.5453 0.0340 0.0042 0.0039 0.0420 0.1833
21       21   (0)      1  : 0.0000 0.0000 0.0000 0.0000 0.0000 0.0000 0.3562 0.6230 0.0000 0.0000 0.0000 0.0000 0.0000 0.0000 0.0000 0.0208
22       22   (0)      1  : 0.0000 0.0000 1.0000 0.0000 0.0000 0.0000 0.0000 0.0000 0.0000 0.0000 0.0000 0.0000 0.0000 0.0000 0.0000 0.0000
23       23   (0)      1  : 0.3441 0.0000 0.0004 0.0000 0.0223 0.0000 0.0079 0.0006 0.0000 0.0002 0.4302 0.0093 0.0351 0.0000 0.0614 0.0886
24       24   (0)      2  : 0.0000 0.0000 0.0000 0.0000 0.0000 0.0000 0.3219 0.6241 0.0000 0.0000 0.0000 0.0000 0.0000 0.0000 0.0356 0.0184
25       25   (0)      2  : 0.4056 0.0000 0.0000 0.0000 0.0000 0.0045 0.0000 0.0000 0.0000 0.0000 0.3676 0.0008 0.0000 0.0199 0.0524 0.1492
26       26   (0)      2  : 0.0523 0.0000 0.0000 0.0000 0.0006 0.0000 0.3207 0.3255 0.0000 0.0085 0.0839 0.0000 0.0000 0.0008 0.0992 0.1084
27       27   (0)      2  : 0.3623 0.0000 0.0000 0.0000 0.0251 0.0005 0.0092 0.0351 0.0000 0.0758 0.3461 0.0100 0.0208 0.0197 0.0367 0.0589
28       28   (0)      2  : 0.5966 0.0000 0.0235 0.0004 0.0004 0.0050 0.0107 0.0366 0.0000 0.0004 0.2024 0.0166 0.0000 0.0158 0.0561 0.0355
29       29   (0)      2  : 0.3026 0.0000 0.0000 0.0000 0.0433 0.0000 0.0077 0.0298 0.0000 0.0361 0.3268 0.0192 0.0083 0.0357 0.0664 0.1242
30       30   (0)      2  : 0.0000 0.1029 0.0000 0.7853 0.0000 0.0000 0.0000 0.0208 0.0833 0.0000 0.0000 0.0000 0.0000 0.0000 0.0000 0.0076
31       31   (0)      2  : 0.4626 0.0000 0.0101 0.0000 0.0012 0.0141 0.0062 0.0165 0.0000 0.0423 0.2722 0.0148 0.0100 0.0336 0.0409 0.0756
32       32   (0)      2  : 0.0000 0.0000 0.0000 0.0000 0.0000 0.0000 0.3740 0.5962 0.0000 0.0000 0.0000 0.0000 0.0000 0.0000 0.0090 0.0208
33       33   (0)      2  : 0.0000 0.0000 0.0000 0.0000 0.0000 0.0000 0.0000 0.0000 0.0000 0.8125 0.0000 0.0417 0.0625 0.0833 0.0000 0.0000
34       34   (0)      2  : 0.3130 0.0000 0.0000 0.0000 0.0007 0.0048 0.0000 0.0000 0.0000 0.0025 0.4892 0.0016 0.0004 0.0058 0.0707 0.1112
35       35   (0)      2  : 0.4685 0.0000 0.0234 0.0000 0.0244 0.0000 0.0164 0.0135 0.0000 0.0169 0.2150 0.0394 0.0389 0.0437 0.0335 0.0663
36       36   (0)      2  : 0.0000 0.0000 0.0000 0.0000 0.0000 0.0000 0.9939 0.0050 0.0000 0.0000 0.0000 0.0000 0.0000 0.0011 0.0000 0.0000
37       37   (0)      3  : 0.3054 0.0000 0.0000 0.0000 0.0217 0.0000 0.0023 0.0074 0.0000 0.0042 0.5095 0.0163 0.0151 0.0339 0.0502 0.0339
38       38   (0)      3  : 0.1928 0.0000 0.0000 0.0000 0.2097 0.0090 0.0178 0.0024 0.0000 0.0052 0.2824 0.0160 0.0012 0.0050 0.0553 0.2031
39       39   (0)      3  : 0.4548 0.0000 0.0000 0.0000 0.0230 0.0005 0.0000 0.0082 0.0000 0.0031 0.2288 0.0001 0.0117 0.0539 0.1031 0.1127
40       40   (0)      3  : 0.1418 0.0000 0.0000 0.0000 0.0001 0.0004 0.0000 0.0034 0.0000 0.0004 0.5741 0.0145 0.0107 0.0002 0.0486 0.2058
41       41   (0)      3  : 0.5845 0.0000 0.0000 0.0000 0.0374 0.0044 0.0023 0.0029 0.0000 0.0224 0.1582 0.0000 0.0074 0.0316 0.0463 0.1027
42       42   (0)      4  : 0.0000 0.3412 0.0000 0.0821 0.0000 0.0000 0.0000 0.0234 0.4162 0.0000 0.0000 0.0000 0.0000 0.0000 0.1049 0.0321
43       43   (0)      4  : 0.5056 0.0000 0.0000 0.0000 0.0106 0.0164 0.0000 0.0014 0.0010 0.0005 0.2575 0.0109 0.0223 0.0264 0.0625 0.0850
44       44   (0)      4  : 0.0000 0.2839 0.0000 0.3306 0.0000 0.0000 0.0000 0.0000 0.2605 0.0000 0.0000 0.0000 0.0000 0.0000 0.0833 0.0417
45       45   (0)      4  : 0.0000 0.3931 0.0000 0.2391 0.0000 0.0000 0.0000 0.0046 0.2719 0.0017 0.0000 0.0000 0.0000 0.0000 0.0566 0.0330
46       46   (0)      4  : 0.4894 0.0095 0.0073 0.0028 0.0000 0.0005 0.0280 0.0099 0.0005 0.0011 0.2784 0.0155 0.0006 0.0173 0.0809 0.0582
47       47   (0)      4  : 0.6591 0.0000 0.0000 0.0000 0.0000 0.0000 0.0000 0.0002 0.0000 0.0013 0.1235 0.0284 0.0000 0.1036 0.0434 0.0404
48       48   (0)      4  : 0.3896 0.0000 0.0000 0.0000 0.0009 0.0028 0.0001 0.0000 0.0000 0.0211 0.3992 0.0294 0.0255 0.0401 0.0285 0.0630
49       49   (0)      4  : 0.3680 0.0000 0.0000 0.0000 0.0000 0.0000 0.0004 0.0000 0.0000 0.0000 0.5704 0.0004 0.0069 0.0000 0.0242 0.0296
50       50   (0)      4  : 0.0000 0.0000 0.0000 0.0000 0.0000 0.0000 0.0000 0.0000 0.0000 0.0000 0.0000 0.0208 0.0208 0.9583 0.0000 0.0000
51       51   (0)      4  : 0.1036 0.0395 0.0308 0.0886 0.0000 0.2761 0.0000 0.0189 0.1608 0.0101 0.0831 0.0043 0.0014 0.1168 0.0384 0.0278
52       52   (0)      4  : 0.5926 0.0035 0.0000 0.0033 0.0001 0.0211 0.0034 0.0003 0.0038 0.0144 0.1705 0.0493 0.0002 0.0191 0.0832 0.0354
53       53   (0)      4  : 0.6186 0.0000 0.0000 0.0000 0.0048 0.0006 0.0001 0.0001 0.0000 0.0057 0.2170 0.0002 0.0131 0.0155 0.0401 0.0841
54       54   (0)      4  : 0.4893 0.0058 0.0084 0.0014 0.0264 0.0047 0.0011 0.0057 0.0144 0.0008 0.2573 0.0210 0.0000 0.0449 0.0481 0.0708
55       55   (0)      4  : 0.0000 0.0000 0.0000 0.0000 0.0000 0.0000 0.0000 0.0000 0.0000 0.0000 0.0000 0.0208 0.0208 0.9583 0.0000 0.0000
56       56   (0)      4  : 0.0000 0.3365 0.0000 0.0503 0.0000 0.0000 0.0000 0.0000 0.4024 0.0266 0.0000 0.0000 0.0000 0.0000 0.1736 0.0106
57       57   (0)      5  : 0.6025 0.0000 0.0000 0.0000 0.0000 0.0017 0.0019 0.0003 0.0000 0.0057 0.2739 0.0070 0.0115 0.0030 0.0410 0.0516
58       58   (0)      5  : 0.5763 0.0000 0.0000 0.0000 0.0044 0.0066 0.0001 0.0005 0.0000 0.0502 0.1701 0.0189 0.0015 0.0166 0.0601 0.0946
59       59   (0)      5  : 0.0000 0.3523 0.0000 0.4435 0.0000 0.0000 0.0000 0.0000 0.0876 0.0098 0.0000 0.0000 0.0000 0.0000 0.0860 0.0208
60       60   (0)      5  : 0.5603 0.0000 0.0000 0.0000 0.0000 0.0008 0.0000 0.0000 0.0000 0.0042 0.2377 0.0360 0.0287 0.0000 0.0751 0.0571
61       61   (0)      5  : 0.1859 0.0384 0.0931 0.0259 0.0768 0.0441 0.0000 0.0061 0.3514 0.0317 0.0720 0.0000 0.0016 0.0022 0.0265 0.0443
62       62   (0)      5  : 0.0000 0.0460 0.0000 0.0208 0.0000 0.0000 0.0000 0.0000 0.8706 0.0208 0.0000 0.0000 0.0000 0.0000 0.0000 0.0417
63       63   (0)      5  : 0.4237 0.0063 0.0062 0.0149 0.0171 0.0380 0.0232 0.0155 0.1251 0.0136 0.1797 0.0089 0.0126 0.0254 0.0431 0.0467
64       64   (0)      5  : 0.5288 0.0000 0.0000 0.0000 0.0268 0.0041 0.0000 0.0000 0.0000 0.0226 0.1965 0.0312 0.0357 0.0029 0.0477 0.1039
65       65   (0)      5  : 0.6568 0.0000 0.0000 0.0000 0.0000 0.0000 0.0000 0.0002 0.0000 0.0051 0.2332 0.0003 0.0169 0.0364 0.0208 0.0301
66       66   (0)      5  : 0.4228 0.0000 0.0000 0.0000 0.0045 0.0001 0.0007 0.0100 0.0000 0.0003 0.3945 0.0026 0.0004 0.0553 0.0511 0.0576
67       67   (0)      5  : 0.0353 0.0701 0.0227 0.2143 0.0002 0.0405 0.0000 0.0529 0.1526 0.0846 0.0431 0.0000 0.0000 0.0071 0.1660 0.1106
68       68   (0)      5  : 0.0000 0.6215 0.0000 0.2082 0.0000 0.0000 0.0000 0.0000 0.0504 0.0250 0.0000 0.0000 0.0000 0.0000 0.0485 0.0463
69       69   (0)      5  : 0.3168 0.0149 0.0001 0.0682 0.0561 0.0100 0.0183 0.0189 0.0517 0.0246 0.1761 0.0096 0.0069 0.0461 0.0722 0.1094
70       70   (0)      5  : 0.0000 0.0625 0.0000 0.2917 0.0000 0.0000 0.0000 0.0625 0.2292 0.0833 0.0000 0.0000 0.0000 0.0000 0.1667 0.1042
71       71   (0)      5  : 0.0000 0.5204 0.0000 0.2190 0.0000 0.0000 0.0000 0.0062 0.1502 0.0000 0.0000 0.0000 0.0000 0.0000 0.0625 0.0417
72       72   (0)      5  : 0.4848 0.0458 0.0009 0.0172 0.0000 0.0047 0.0050 0.0092 0.0216 0.0102 0.1846 0.0001 0.0265 0.0157 0.0767 0.0969
73       73   (0)      5  : 0.3364 0.0000 0.0000 0.0000 0.0002 0.0077 0.0036 0.0128 0.0000 0.0001 0.3665 0.0375 0.0068 0.0000 0.1319 0.0965
74       74   (0)      5  : 0.0000 0.8053 0.0000 0.1359 0.0000 0.0000 0.0000 0.0000 0.0198 0.0065 0.0000 0.0000 0.0000 0.0000 0.0116 0.0208
75       75   (0)      6  : 0.0000 0.2536 0.0000 0.5198 0.0000 0.0000 0.0000 0.0000 0.1209 0.0034 0.0000 0.0000 0.0000 0.0000 0.0708 0.0315
76       76   (0)      6  : 0.5122 0.0081 0.0118 0.0233 0.0000 0.0176 0.0022 0.0075 0.0057 0.0108 0.2852 0.0097 0.0122 0.0095 0.0454 0.0390
77       77   (0)      6  : 0.0000 0.3728 0.0000 0.4997 0.0000 0.0000 0.0000 0.0000 0.0577 0.0143 0.0000 0.0000 0.0000 0.0000 0.0328 0.0227
78       78   (0)      6  : 0.0000 0.7574 0.0000 0.0874 0.0000 0.0000 0.0000 0.0000 0.0719 0.0208 0.0000 0.0000 0.0000 0.0000 0.0417 0.0208
79       79   (0)      6  : 0.0000 0.2996 0.0000 0.2912 0.0000 0.0000 0.0000 0.0051 0.3187 0.0000 0.0000 0.0000 0.0000 0.0000 0.0711 0.0143
80       80   (0)      6  : 0.0000 0.0000 0.0014 0.0000 0.0000 0.0000 0.4268 0.5455 0.0000 0.0000 0.0000 0.0004 0.0000 0.0000 0.0051 0.0208
81       81   (0)      6  : 0.0000 0.3156 0.0000 0.1579 0.0000 0.0000 0.0000 0.0088 0.4000 0.0047 0.0000 0.0000 0.0000 0.0000 0.0903 0.0227
82       82   (0)      6  : 0.0000 0.0737 0.0000 0.4518 0.0000 0.0000 0.0000 0.0163 0.4010 0.0000 0.0000 0.0000 0.0000 0.0000 0.0483 0.0089
83       83   (0)      6  : 0.0000 0.1285 0.0019 0.2049 0.0000 0.0000 0.0000 0.0255 0.4534 0.0249 0.0000 0.0000 0.0000 0.0000 0.1273 0.0336
84       84   (0)      6  : 0.0000 0.0351 0.0000 0.3483 0.0000 0.0000 0.0000 0.0625 0.4708 0.0208 0.0000 0.0000 0.0000 0.0000 0.0625 0.0000
85       85   (0)      6  : 0.0000 0.3313 0.0000 0.4522 0.0000 0.0000 0.0000 0.0208 0.0465 0.0208 0.0000 0.0000 0.0000 0.0000 0.1180 0.0103
86       86   (0)      6  : 0.0000 0.1480 0.0000 0.5545 0.0000 0.0000 0.0000 0.0258 0.1223 0.0208 0.0000 0.0000 0.0000 0.0000 0.0660 0.0625
87       87   (0)      6  : 0.0000 0.6225 0.0000 0.2074 0.0000 0.0000 0.0000 0.0053 0.0610 0.0126 0.0000 0.0000 0.0000 0.0000 0.0609 0.0303
88       88   (0)      6  : 0.0000 0.3411 0.0000 0.1798 0.0000 0.0000 0.0000 0.0186 0.3265 0.0091 0.0000 0.0000 0.0000 0.0000 0.0819 0.0431
89       89   (0)      6  : 0.0000 0.3240 0.0000 0.3070 0.0000 0.0000 0.0000 0.0257 0.1658 0.0000 0.0000 0.0000 0.0000 0.0000 0.1158 0.0617
90       90   (0)      6  : 0.0000 0.0293 0.0000 0.0284 0.0000 0.0000 0.8873 0.0031 0.0248 0.0000 0.0000 0.0000 0.0000 0.0000 0.0180 0.0092
91       91   (0)      6  : 0.0000 0.3877 0.0000 0.1610 0.0000 0.0000 0.0000 0.0000 0.2993 0.0208 0.0000 0.0000 0.0000 0.0000 0.0895 0.0417
92       92   (0)      6  : 0.1678 0.0000 0.0000 0.0000 0.0793 0.0500 0.0000 0.0022 0.0000 0.0003 0.3958 0.0002 0.0005 0.0210 0.0601 0.2228
93       93   (0)      6  : 0.0000 0.0037 0.0530 0.0000 0.0000 0.9244 0.0000 0.0000 0.0129 0.0000 0.0000 0.0000 0.0000 0.0000 0.0060 0.0000
94       94   (0)      6  : 0.2891 0.0000 0.0000 0.0000 0.0142 0.1108 0.0000 0.0000 0.0000 0.0033 0.1598 0.0126 0.0018 0.1084 0.1371 0.1628
95       95   (0)      6  : 0.0000 0.0000 0.0219 0.0000 0.0000 0.9483 0.0000 0.0000 0.0168 0.0000 0.0107 0.0000 0.0000 0.0000 0.0023 0.0000
96       96   (0)      6  : 0.0000 0.0000 0.0089 0.0000 0.0000 0.9018 0.0000 0.0000 0.0352 0.0040 0.0113 0.0000 0.0000 0.0065 0.0147 0.0177
97       97   (0)      6  : 0.3264 0.0000 0.0000 0.0000 0.0262 0.1777 0.0000 0.0000 0.0013 0.0047 0.2070 0.0010 0.0290 0.0469 0.1169 0.0629
98       98   (0)      6  : 0.0000 0.0000 0.1541 0.0000 0.0000 0.8203 0.0000 0.0000 0.0155 0.0000 0.0072 0.0000 0.0000 0.0000 0.0030 0.0000
99       99   (0)      7  : 0.0000 0.3803 0.0000 0.3135 0.0000 0.0000 0.0000 0.0000 0.1462 0.0417 0.0000 0.0000 0.0000 0.0000 0.0606 0.0577
100      100   (0)      7  : 0.3337 0.0633 0.0277 0.0288 0.0036 0.1587 0.0025 0.0059 0.0074 0.0205 0.1960 0.0030 0.0114 0.0137 0.0430 0.0808
101      101   (0)      7  : 0.0000 0.0000 1.0000 0.0000 0.0000 0.0000 0.0000 0.0000 0.0000 0.0000 0.0000 0.0000 0.0000 0.0000 0.0000 0.0000
102      102   (0)      7  : 0.0000 0.0000 1.0000 0.0000 0.0000 0.0000 0.0000 0.0000 0.0000 0.0000 0.0000 0.0000 0.0000 0.0000 0.0000 0.0000
103      103   (0)      7  : 0.3032 0.0000 0.0000 0.0000 0.0222 0.0005 0.0000 0.0000 0.0000 0.0059 0.2935 0.0347 0.0832 0.1259 0.0245 0.1063
104      104   (0)      7  : 0.3346 0.0000 0.0000 0.0000 0.0481 0.0091 0.0331 0.0016 0.0000 0.0034 0.2901 0.0310 0.0236 0.0192 0.0432 0.1629
105      105   (0)      7  : 0.0208 0.0000 0.0000 0.0000 0.0001 0.0625 0.0000 0.0005 0.0000 0.0208 0.1661 0.0000 0.0000 0.0417 0.1042 0.5833
106      106   (0)      7  : 0.3817 0.0000 0.0000 0.0000 0.0096 0.0013 0.0000 0.0037 0.0000 0.0000 0.2930 0.0180 0.0028 0.0650 0.0601 0.1648
107      107   (0)      7  : 0.5691 0.0000 0.0000 0.0000 0.0000 0.0025 0.0038 0.0005 0.0000 0.0237 0.1310 0.0207 0.0109 0.0461 0.1213 0.0704
108      108   (0)      8  : 0.0000 0.0000 0.0000 0.0000 1.0000 0.0000 0.0000 0.0000 0.0000 0.0000 0.0000 0.0000 0.0000 0.0000 0.0000 0.0000
109      109   (0)      8  : 0.2314 0.0000 0.0000 0.0000 0.0229 0.0037 0.0006 0.0005 0.0000 0.0045 0.5793 0.0141 0.0156 0.0033 0.0147 0.1095
110      110   (0)      8  : 0.0000 0.0000 0.0000 0.0000 0.0000 0.0000 0.0000 0.0000 0.0000 0.0000 0.0000 0.0000 1.0000 0.0000 0.0000 0.0000
111      111   (0)      8  : 0.0000 0.0000 0.0000 0.0000 0.0000 0.0000 0.0000 0.0000 0.0000 0.0000 0.0000 1.0000 0.0000 0.0000 0.0000 0.0000
112      112   (0)      8  : 0.0000 0.0000 1.0000 0.0000 0.0000 0.0000 0.0000 0.0000 0.0000 0.0000 0.0000 0.0000 0.0000 0.0000 0.0000 0.0000
113      113   (0)      8  : 0.3378 0.0000 0.0000 0.0000 0.0002 0.0019 0.0000 0.0006 0.0000 0.0000 0.4722 0.0086 0.0018 0.0000 0.0453 0.1318
114      114   (0)      8  : 0.4000 0.0000 0.0000 0.0000 0.0000 0.0000 0.0000 0.0010 0.0000 0.0000 0.4911 0.0021 0.0422 0.0211 0.0169 0.0257
115      115   (0)      8  : 0.0000 0.0000 0.0000 0.0000 1.0000 0.0000 0.0000 0.0000 0.0000 0.0000 0.0000 0.0000 0.0000 0.0000 0.0000 0.0000
116      116   (0)      8  : 0.0000 0.0000 0.0000 0.0000 0.0000 0.0000 0.0000 0.0000 0.0000 0.0000 0.0000 1.0000 0.0000 0.0000 0.0000 0.0000
117      117   (0)      8  : 0.0165 0.0023 0.0002 0.0004 0.0168 0.0812 0.0000 0.0000 0.0000 0.0229 0.1399 0.0011 0.0000 0.0417 0.1045 0.5725
118      118   (0)      8  : 0.2164 0.0000 0.0000 0.0000 0.0034 0.0015 0.0025 0.0180 0.0000 0.0015 0.4617 0.0000 0.0160 0.0006 0.0626 0.2157
119      119   (0)      9  : 0.0000 0.2553 0.0000 0.1802 0.0000 0.0000 0.0000 0.0625 0.3537 0.0000 0.0000 0.0000 0.0000 0.0000 0.1209 0.0274
120      120   (0)     10  : 0.5244 0.0000 0.0443 0.0000 0.0436 0.0027 0.0036 0.0020 0.0000 0.0121 0.2134 0.0261 0.0015 0.0407 0.0449 0.0406
121      121   (0)     10  : 0.3909 0.0000 0.0000 0.0000 0.0000 0.0031 0.0000 0.0000 0.0000 0.0025 0.4058 0.0610 0.0012 0.0170 0.0498 0.0688
122      122   (0)     10  : 0.6263 0.0000 0.0000 0.0000 0.0310 0.0038 0.0000 0.0006 0.0000 0.0105 0.1472 0.0010 0.0089 0.0433 0.0216 0.1056
123      123   (0)     10  : 0.3473 0.0321 0.0093 0.0117 0.0736 0.0102 0.0275 0.0095 0.0079 0.0060 0.2092 0.0235 0.0253 0.0324 0.0466 0.1277
124      124   (0)     10  : 0.4411 0.0000 0.0513 0.0000 0.0111 0.0047 0.0044 0.0000 0.0000 0.0238 0.3057 0.0074 0.0000 0.0094 0.0378 0.1034
125      125   (0)     10  : 0.4154 0.0000 0.0363 0.0000 0.0000 0.1435 0.0067 0.0023 0.0000 0.0237 0.2188 0.0156 0.0016 0.0821 0.0181 0.0360
126      126   (0)     10  : 0.4219 0.0000 0.0129 0.0000 0.0058 0.0084 0.0001 0.0002 0.0000 0.0222 0.2964 0.0001 0.0007 0.0307 0.0643 0.1363
127      127   (0)     10  : 0.5147 0.0000 0.0000 0.0000 0.0254 0.0000 0.0002 0.0006 0.0000 0.0016 0.3335 0.0198 0.0010 0.0214 0.0402 0.0416
128      128   (0)     10  : 0.4377 0.0000 0.0191 0.0000 0.0051 0.0047 0.0117 0.0029 0.0000 0.0175 0.2695 0.0375 0.0001 0.0243 0.0449 0.1249
129      129   (0)     10  : 0.7661 0.0000 0.0000 0.0000 0.0001 0.0000 0.0002 0.0019 0.0000 0.0091 0.1128 0.0000 0.0020 0.0575 0.0177 0.0326
130      130   (0)     10  : 0.6541 0.0000 0.0000 0.0000 0.0000 0.0022 0.0002 0.0022 0.0000 0.0000 0.2173 0.0000 0.0140 0.0218 0.0220 0.0663
131      131   (0)     10  : 0.4821 0.0000 0.0331 0.0000 0.0192 0.0018 0.0253 0.0044 0.0000 0.0029 0.1683 0.0366 0.0000 0.0803 0.0563 0.0899
132      132   (0)     10  : 0.4747 0.0000 0.0529 0.0000 0.0161 0.0488 0.0276 0.0093 0.0000 0.0022 0.2546 0.0044 0.0000 0.0059 0.0453 0.0582
133      133   (0)     10  : 0.5221 0.0028 0.0259 0.0060 0.0263 0.0112 0.0077 0.0065 0.0027 0.0166 0.2085 0.0251 0.0018 0.0753 0.0274 0.0341
134      134   (0)     10  : 0.6007 0.0011 0.0443 0.0011 0.0274 0.0273 0.0001 0.0003 0.0007 0.0030 0.1701 0.0038 0.0188 0.0171 0.0477 0.0365
135      135   (0)     10  : 0.4783 0.0000 0.0340 0.0000 0.0621 0.0021 0.0093 0.0043 0.0000 0.0017 0.2571 0.0121 0.0215 0.0141 0.0434 0.0599
136      136   (0)     10  : 0.4858 0.0000 0.0072 0.0000 0.0060 0.0015 0.0000 0.0015 0.0000 0.0000 0.2455 0.0100 0.0232 0.0270 0.1149 0.0774
137      137   (0)     11  : 0.0000 0.4130 0.0870 0.1778 0.0000 0.0000 0.0000 0.0025 0.2019 0.0111 0.0000 0.0000 0.0000 0.0000 0.0638 0.0429
138      138   (0)     12  : 0.2705 0.0000 0.0490 0.0000 0.0218 0.1463 0.0399 0.0598 0.0000 0.0359 0.2038 0.0022 0.0061 0.0705 0.0373 0.0570
139      139   (0)     12  : 0.1068 0.0730 0.0789 0.0421 0.0000 0.3634 0.0002 0.0042 0.0424 0.0312 0.1848 0.0011 0.0000 0.0019 0.0358 0.0342
140      140   (0)     12  : 0.0000 0.0000 0.0379 0.0000 0.0000 0.0000 0.4129 0.5219 0.0000 0.0000 0.0000 0.0000 0.0000 0.0000 0.0065 0.0208
141      141   (0)     12  : 0.0000 0.0000 0.0338 0.0000 0.0000 0.7194 0.0000 0.0008 0.0000 0.0208 0.0000 0.0004 0.2204 0.0000 0.0044 0.0000
142      142   (0)     12  : 0.4243 0.0000 0.0528 0.0000 0.0096 0.0147 0.0101 0.0270 0.0000 0.0076 0.2477 0.0280 0.0190 0.0437 0.0503 0.0653
143      143   (0)     12  : 0.0329 0.0066 0.0827 0.0000 0.0000 0.6452 0.0000 0.0020 0.0000 0.0208 0.0507 0.0082 0.0004 0.1152 0.0213 0.0141
144      144   (0)     12  : 0.4100 0.0000 0.1197 0.0003 0.0000 0.0354 0.0230 0.0338 0.0003 0.0035 0.2677 0.0032 0.0113 0.0059 0.0449 0.0410
145      145   (0)     12  : 0.0528 0.0000 0.0000 0.0000 0.0041 0.0013 0.3280 0.2595 0.0000 0.0003 0.1415 0.0000 0.0301 0.0186 0.0991 0.0647
146      146   (0)     13  : 0.0000 0.5371 0.0000 0.1637 0.0000 0.0000 0.0000 0.0208 0.1860 0.0208 0.0000 0.0000 0.0000 0.0000 0.0716 0.0000
147      147   (0)     13  : 0.0000 0.5165 0.0000 0.1316 0.0000 0.0000 0.0000 0.0054 0.2423 0.0121 0.0000 0.0000 0.0000 0.0000 0.0828 0.0093
148      148   (0)     13  : 0.0000 0.2344 0.0000 0.1518 0.0000 0.0000 0.0000 0.0070 0.4080 0.0000 0.0000 0.0000 0.0000 0.0000 0.1571 0.0417
149      149   (0)     13  : 0.0000 0.4842 0.0000 0.1526 0.0000 0.0000 0.0000 0.0000 0.2577 0.0000 0.0000 0.0000 0.0000 0.0000 0.0519 0.0536
150      150   (0)     13  : 0.0000 0.6130 0.0000 0.2083 0.0000 0.0000 0.0000 0.0208 0.0716 0.0208 0.0000 0.0000 0.0000 0.0000 0.0625 0.0029
151      151   (0)     14  : 0.0000 0.3166 0.0000 0.5143 0.0000 0.0000 0.0000 0.0060 0.0849 0.0000 0.0000 0.0000 0.0000 0.0000 0.0481 0.0302
152      152   (0)     14  : 0.4417 0.0000 0.0000 0.0000 0.0140 0.0001 0.0119 0.0020 0.0000 0.0119 0.3402 0.0200 0.0008 0.0656 0.0174 0.0743
153      153   (0)     15  : 0.0000 0.0092 0.0238 0.0060 0.0000 0.9242 0.0000 0.0000 0.0097 0.0208 0.0000 0.0000 0.0000 0.0000 0.0063 0.0000
154      154   (0)     15  : 0.0000 0.3076 0.0000 0.3068 0.0000 0.0000 0.0000 0.0340 0.2007 0.0109 0.0000 0.0000 0.0000 0.0000 0.1259 0.0141
155      155   (0)     16  : 0.5277 0.0000 0.0360 0.0000 0.0120 0.0270 0.0004 0.0075 0.0000 0.0014 0.2595 0.0320 0.0041 0.0061 0.0388 0.0476
156      156   (0)     16  : 0.5310 0.0000 0.0056 0.0000 0.0161 0.0030 0.0429 0.0000 0.0000 0.0017 0.1707 0.0406 0.0678 0.0069 0.0488 0.0648
157      157   (0)     17  : 0.0020 0.0000 0.1056 0.0004 0.0006 0.8178 0.0022 0.0084 0.0020 0.0208 0.0035 0.0000 0.0128 0.0012 0.0146 0.0081
158      158   (0)     17  : 0.0000 0.0000 0.0006 0.0000 0.0000 0.0000 0.9994 0.0000 0.0000 0.0000 0.0000 0.0000 0.0000 0.0000 0.0000 0.0000
159      159   (0)     18  : 0.4024 0.0000 0.0129 0.0000 0.0015 0.0050 0.0007 0.0000 0.0000 0.0008 0.3274 0.0055 0.0028 0.0806 0.0739 0.0865
160      160   (0)     18  : 0.3285 0.0000 0.0000 0.0000 0.0035 0.0012 0.0000 0.0007 0.0000 0.0112 0.4573 0.0125 0.0421 0.0023 0.0552 0.0854
161      161   (0)     18  : 0.3888 0.0000 0.0000 0.0000 0.0100 0.0054 0.0000 0.0000 0.0000 0.0318 0.3588 0.0044 0.0235 0.0364 0.0545 0.0864
162      162   (0)     19  : 0.3174 0.0000 0.0299 0.0000 0.0176 0.0683 0.0000 0.0000 0.0000 0.0030 0.2048 0.1140 0.0009 0.1067 0.0456 0.0919
163      163   (0)     19  : 0.0820 0.0265 0.1902 0.0865 0.0384 0.2179 0.0000 0.0030 0.0124 0.0009 0.1539 0.0232 0.0007 0.0093 0.0325 0.1226
164      164   (0)     19  : 0.1852 0.0000 0.0000 0.0000 0.1940 0.0339 0.0006 0.0080 0.0000 0.0034 0.2861 0.0023 0.0004 0.0186 0.0543 0.2133
