  1        1   (0)      1 :  0.0000 0.0000 0.0000 0.0000 0.0000 0.0000 0.0000 0.0000 0.0103 0.5893 0.0350 0.0000 0.3654 0.0000 0.0000 0.0000 0.0000 0.0000 
  2        2   (0)      2 :  0.0000 0.0000 0.0000 0.0346 0.0000 0.0600 0.0000 0.0000 0.0000 0.0000 0.0600 0.8054 0.0000 0.0043 0.0000 0.0000 0.0000 0.0357 
  3        3   (0)      2 :  0.0000 0.0144 0.1021 0.0000 0.0084 0.0000 0.0000 0.0000 0.0400 0.0000 0.0297 0.0000 0.0000 0.0000 0.1007 0.7047 0.0000 0.0000 
  4        4   (0)      3 :  0.0000 0.7630 0.0114 0.0335 0.0188 0.0000 0.0000 0.0000 0.0025 0.0000 0.0683 0.0000 0.0000 0.0161 0.0489 0.0375 0.0000 0.0000 
  5        5   (0)      3 :  0.0000 0.6206 0.0200 0.0320 0.0200 0.0000 0.0000 0.0000 0.0000 0.0000 0.0880 0.0000 0.0000 0.0012 0.1778 0.0404 0.0000 0.0000 
  6        6   (0)      3 :  0.0000 0.3453 0.0748 0.0024 0.0000 0.0026 0.0000 0.0000 0.0000 0.0000 0.1404 0.0000 0.0600 0.0000 0.2343 0.1118 0.0159 0.0126 
  7        7   (0)      3 :  0.0000 0.0000 0.0000 0.0532 0.0011 0.1506 0.0000 0.5952 0.0927 0.0000 0.0000 0.0963 0.0000 0.0009 0.0000 0.0000 0.0000 0.0101 
  8        8   (0)      3 :  0.0000 0.7498 0.0514 0.0115 0.0060 0.0000 0.0000 0.0000 0.0000 0.0000 0.0774 0.0049 0.0000 0.0000 0.0528 0.0262 0.0000 0.0200 
  9        9   (0)      3 :  0.0000 0.1005 0.1081 0.0000 0.0003 0.0000 0.0000 0.0000 0.0098 0.0000 0.0561 0.0000 0.0800 0.0000 0.2267 0.3585 0.0000 0.0600 
 10       10   (0)      4 :  0.0000 0.2274 0.1558 0.0189 0.0000 0.0012 0.0000 0.0000 0.0066 0.0000 0.1073 0.0009 0.0684 0.0000 0.1866 0.1692 0.0000 0.0577 
 11       11   (0)      4 :  0.3970 0.0091 0.1182 0.0400 0.0029 0.0020 0.0000 0.0000 0.1115 0.0000 0.0964 0.0000 0.0000 0.0000 0.0332 0.1869 0.0000 0.0027 
 12       12   (0)      4 :  0.0000 0.0506 0.0409 0.0000 0.0200 0.0000 0.0000 0.0000 0.0200 0.0000 0.0041 0.0000 0.0000 0.0000 0.2923 0.5521 0.0000 0.0200 
 13       13   (0)      4 :  0.0000 0.0116 0.5278 0.0000 0.0000 0.0010 0.0000 0.0000 0.0302 0.0000 0.1084 0.0000 0.0000 0.0000 0.1457 0.1153 0.0000 0.0600 
 14       14   (0)      5 :  0.0000 0.0000 0.0000 0.0475 0.5508 0.0000 0.0000 0.0000 0.0497 0.0000 0.0105 0.0000 0.0000 0.3414 0.0000 0.0000 0.0000 0.0000 
 15       15   (0)      5 :  0.0000 0.0000 0.0000 0.0000 0.0000 0.0000 0.0000 1.0000 0.0000 0.0000 0.0000 0.0000 0.0000 0.0000 0.0000 0.0000 0.0000 0.0000 
 16       16   (0)      5 :  0.0000 0.0000 0.0000 0.0000 0.0200 0.0200 0.0000 0.0000 0.0000 0.0000 0.0200 0.9200 0.0000 0.0000 0.0000 0.0000 0.0000 0.0200 
 17       17   (0)      5 :  0.7991 0.0000 0.0000 0.0000 0.0000 0.0200 0.0000 0.0000 0.1009 0.0000 0.0600 0.0000 0.0200 0.0000 0.0000 0.0000 0.0000 0.0000 
 18       18   (0)      5 :  0.0000 0.0902 0.6089 0.0000 0.0068 0.0000 0.0000 0.0000 0.0090 0.0000 0.0829 0.0000 0.0000 0.0000 0.1786 0.0235 0.0000 0.0000 
 19       19   (0)      5 :  0.8300 0.0000 0.0000 0.0100 0.0000 0.0200 0.0000 0.0000 0.0800 0.0000 0.0600 0.0000 0.0000 0.0000 0.0000 0.0000 0.0000 0.0000 
 20       20   (0)      5 :  0.0003 0.0907 0.0729 0.0000 0.0007 0.0004 0.0000 0.0000 0.0078 0.0000 0.0570 0.0000 0.0000 0.0000 0.1685 0.5722 0.0000 0.0295 
 21       21   (0)      5 :  0.0000 0.0089 0.5420 0.0000 0.0000 0.0012 0.0000 0.0000 0.0006 0.0000 0.0282 0.0000 0.0086 0.0000 0.2343 0.1678 0.0000 0.0083 
 22       22   (0)      5 :  0.7915 0.0000 0.0000 0.0100 0.0113 0.0200 0.0000 0.0000 0.1400 0.0000 0.0200 0.0000 0.0072 0.0000 0.0000 0.0000 0.0000 0.0000 
 23       23   (0)      5 :  0.0025 0.0338 0.0062 0.0000 0.0200 0.0007 0.0000 0.0000 0.0112 0.0000 0.0281 0.0000 0.0000 0.0000 0.1123 0.7335 0.0000 0.0517 
 24       24   (0)      5 :  0.0000 0.0000 0.0000 0.0000 0.0000 0.0000 0.0000 1.0000 0.0000 0.0000 0.0000 0.0000 0.0000 0.0000 0.0000 0.0000 0.0000 0.0000 
 25       25   (0)      5 :  0.0000 0.0000 0.0000 0.0920 0.3912 0.0000 0.0000 0.0000 0.1020 0.0000 0.0355 0.0000 0.0000 0.3794 0.0000 0.0000 0.0000 0.0000 
 26       26   (0)      5 :  0.0001 0.1516 0.4007 0.0006 0.0400 0.0006 0.0000 0.0000 0.0031 0.0000 0.1000 0.0000 0.0494 0.0000 0.1266 0.1272 0.0000 0.0000 
 27       27   (0)      5 :  0.0000 0.0000 0.0000 0.0000 0.0000 0.0000 0.0000 1.0000 0.0000 0.0000 0.0000 0.0000 0.0000 0.0000 0.0000 0.0000 0.0000 0.0000 
 28       28   (0)      5 :  0.0000 0.0000 0.0000 0.0236 0.0000 0.3591 0.0000 0.4611 0.0854 0.0000 0.0000 0.0027 0.0000 0.0000 0.0000 0.0000 0.0000 0.0682 
 29       29   (0)      6 :  0.0000 0.0000 0.0000 0.0000 0.0000 0.0000 0.0000 0.0000 0.0200 0.7957 0.0078 0.0000 0.1764 0.0000 0.0000 0.0000 0.0000 0.0000 
 30       30   (0)      6 :  0.0000 0.0000 0.0000 0.0983 0.0200 0.0214 0.0000 0.0000 0.0200 0.0000 0.0000 0.0041 0.0400 0.0000 0.0000 0.0000 0.7962 0.0000 
 31       31   (0)      6 :  0.0000 0.0963 0.0200 0.0200 0.0039 0.0000 0.0000 0.0000 0.0200 0.0000 0.0909 0.0000 0.0000 0.0000 0.0862 0.6627 0.0000 0.0000 
 32       32   (0)      6 :  0.0651 0.3011 0.0448 0.0649 0.0370 0.0015 0.0000 0.0000 0.0476 0.0000 0.1335 0.0000 0.0094 0.0000 0.1738 0.0924 0.0000 0.0289 
 33       33   (0)      6 :  0.0000 0.0000 0.0000 0.0200 0.0000 0.0000 0.9800 0.0000 0.0000 0.0000 0.0000 0.0000 0.0000 0.0000 0.0000 0.0000 0.0000 0.0000 
 34       34   (0)      6 :  0.0000 0.0000 0.0000 0.0200 0.2720 0.0000 0.0000 0.0000 0.0674 0.0000 0.0064 0.0000 0.0000 0.6342 0.0000 0.0000 0.0000 0.0000 
 35       35   (0)      6 :  0.0000 0.0000 0.0000 0.0000 0.0000 0.0000 0.0000 0.0000 0.0000 0.9200 0.0000 0.0000 0.0800 0.0000 0.0000 0.0000 0.0000 0.0000 
 36       36   (0)      6 :  0.0000 0.0000 0.0000 0.0000 0.0000 0.0000 0.0000 0.0000 0.0000 1.0000 0.0000 0.0000 0.0000 0.0000 0.0000 0.0000 0.0000 0.0000 
 37       37   (0)      7 :  0.0000 0.0000 0.0000 0.0000 0.0000 0.0000 0.0000 0.0000 0.0113 0.0000 0.0029 0.0000 0.0600 0.0000 0.0200 0.0000 0.9057 0.0000 
 38       38   (0)      7 :  0.7916 0.0000 0.0000 0.0400 0.0200 0.0000 0.0000 0.0000 0.1284 0.0000 0.0000 0.0000 0.0200 0.0000 0.0000 0.0000 0.0000 0.0000 
 39       39   (0)      7 :  0.0000 0.0000 0.0000 0.0150 0.2697 0.0000 0.0000 0.0000 0.0238 0.0000 0.0200 0.0000 0.0000 0.6714 0.0000 0.0000 0.0000 0.0000 
 40       40   (0)      7 :  0.0000 0.0000 0.0000 0.0232 0.2608 0.0000 0.0000 0.0000 0.0612 0.0000 0.0058 0.0000 0.0000 0.6489 0.0000 0.0000 0.0000 0.0000 
 41       41   (0)      7 :  0.8142 0.0000 0.0000 0.0000 0.0000 0.0049 0.0000 0.0000 0.1110 0.0000 0.0700 0.0000 0.0000 0.0000 0.0000 0.0000 0.0000 0.0000 
 42       42   (0)      7 :  0.0000 0.0000 0.0000 0.0000 0.3650 0.0000 0.0000 0.0000 0.0535 0.0000 0.0000 0.0000 0.0000 0.5815 0.0000 0.0000 0.0000 0.0000 
 43       43   (0)      7 :  0.8087 0.0000 0.0000 0.0200 0.0000 0.0000 0.0000 0.0000 0.1513 0.0000 0.0200 0.0000 0.0000 0.0000 0.0000 0.0000 0.0000 0.0000 
 44       44   (0)      7 :  0.0000 0.0000 0.0000 0.0000 0.0000 0.0400 0.0000 0.0000 0.0000 0.0000 0.0000 0.9600 0.0000 0.0000 0.0000 0.0000 0.0000 0.0000 
 45       45   (0)      7 :  0.0000 0.0630 0.0400 0.0000 0.0200 0.0000 0.0000 0.0000 0.0249 0.0000 0.0400 0.0000 0.0200 0.0000 0.3740 0.4180 0.0000 0.0000 
 46       46   (0)      7 :  0.0000 0.0000 0.0000 0.0000 0.0000 0.0000 0.0034 0.0000 0.0000 0.6954 0.0400 0.0000 0.2612 0.0000 0.0000 0.0000 0.0000 0.0000 
 47       47   (0)      7 :  0.0000 0.0200 0.6453 0.0000 0.0200 0.0000 0.0000 0.0000 0.0000 0.0000 0.0451 0.0000 0.0000 0.0000 0.2418 0.0278 0.0000 0.0000 
 48       48   (0)      7 :  0.0000 0.0000 0.0000 0.0039 0.0000 0.0000 0.0284 0.0000 0.0288 0.6299 0.0086 0.0000 0.2850 0.0000 0.0000 0.0000 0.0000 0.0155 
 49       49   (0)      7 :  0.0000 0.0000 0.0000 0.0200 0.0000 0.0000 0.0000 0.0000 0.0400 0.0000 0.0462 0.0000 0.0306 0.0000 0.0000 0.0000 0.8632 0.0000 
 50       50   (0)      7 :  0.0000 0.0051 0.0000 0.0200 0.0200 0.0200 0.0000 0.0000 0.0000 0.0000 0.0200 0.8907 0.0000 0.0000 0.0000 0.0046 0.0000 0.0197 
 51       51   (0)      7 :  0.0000 0.0000 0.0000 0.0476 0.0000 0.0000 0.0000 0.0000 0.0000 0.0000 0.0400 0.0000 0.0200 0.0000 0.0400 0.0000 0.8524 0.0000 
 52       52   (0)      7 :  0.0000 0.0000 0.0000 0.0083 0.0000 0.0435 0.0000 0.8598 0.0884 0.0000 0.0000 0.0000 0.0000 0.0000 0.0000 0.0000 0.0000 0.0000 
 53       53   (0)      7 :  0.0000 0.0468 0.3342 0.0000 0.0000 0.0000 0.0000 0.0000 0.0106 0.0000 0.0494 0.0000 0.0297 0.0000 0.2972 0.2321 0.0000 0.0000 
 54       54   (0)      7 :  0.0000 0.0875 0.3793 0.0000 0.0400 0.0000 0.0000 0.0000 0.0600 0.0000 0.0848 0.0000 0.0088 0.0000 0.1584 0.1812 0.0000 0.0000 
 55       55   (0)      7 :  0.0046 0.1366 0.1712 0.0000 0.0200 0.0000 0.0000 0.0000 0.0087 0.0000 0.0554 0.0000 0.0000 0.0000 0.3840 0.2196 0.0000 0.0000 
 56       56   (0)      7 :  0.0000 0.1689 0.2100 0.0000 0.0200 0.0000 0.0000 0.0000 0.0400 0.0000 0.0200 0.0000 0.0000 0.0000 0.3093 0.2318 0.0000 0.0000 
 57       57   (0)      8 :  0.0000 0.0000 0.0000 0.0100 0.3559 0.0000 0.0000 0.0000 0.0533 0.0000 0.0000 0.0000 0.0000 0.5808 0.0000 0.0000 0.0000 0.0000 
 58       58   (0)      8 :  0.0000 0.0000 0.0000 0.0136 0.0000 0.0270 0.0000 0.8964 0.0629 0.0000 0.0000 0.0000 0.0000 0.0000 0.0000 0.0000 0.0000 0.0000 
 59       59   (0)      8 :  0.0000 0.0242 0.6520 0.0000 0.0000 0.0000 0.0000 0.0000 0.0167 0.0000 0.0363 0.0000 0.0200 0.0000 0.1614 0.0894 0.0000 0.0000 
 60       60   (0)      8 :  0.0000 0.0000 0.0000 0.0365 0.3115 0.0000 0.0000 0.0000 0.0600 0.0000 0.0262 0.0000 0.0000 0.5658 0.0000 0.0000 0.0000 0.0000 
 61       61   (0)      8 :  0.0000 0.0000 0.0000 0.0000 0.1009 0.0000 0.0000 0.0000 0.0400 0.0000 0.0000 0.0000 0.0000 0.8591 0.0000 0.0000 0.0000 0.0000 
 62       62   (0)      8 :  0.0000 0.0000 0.0000 0.0200 0.0000 0.0000 0.0000 0.0000 0.0200 0.0000 0.0400 0.0000 0.0400 0.0000 0.0200 0.0000 0.8600 0.0000 
 63       63   (0)      8 :  0.0000 0.0000 0.0000 0.0200 0.0990 0.0000 0.0000 0.0000 0.0806 0.0000 0.0000 0.0000 0.0000 0.8004 0.0000 0.0000 0.0000 0.0000 
 64       64   (0)      8 :  0.0000 0.5614 0.1262 0.0000 0.0000 0.0000 0.0000 0.0000 0.0000 0.0000 0.0974 0.0000 0.0000 0.0000 0.1508 0.0642 0.0000 0.0000 
 65       65   (0)      8 :  0.0000 0.0000 0.0000 0.0200 0.0000 0.0200 0.0000 0.0000 0.0200 0.2800 0.0200 0.0000 0.6400 0.0000 0.0000 0.0000 0.0000 0.0000 
 66       66   (0)      8 :  0.0000 0.3020 0.2784 0.0000 0.0276 0.0000 0.0000 0.0000 0.0200 0.0000 0.0685 0.0000 0.0000 0.0000 0.1775 0.1261 0.0000 0.0000 
 67       67   (0)      8 :  0.0000 0.2226 0.1685 0.0019 0.0000 0.0000 0.0000 0.0000 0.0118 0.0000 0.0735 0.0000 0.0600 0.0000 0.2090 0.2431 0.0000 0.0096 
 68       68   (0)      8 :  0.0000 0.0504 0.5619 0.0000 0.0000 0.0000 0.0000 0.0000 0.0028 0.0000 0.0648 0.0000 0.0000 0.0000 0.1038 0.1963 0.0000 0.0200 
 69       69   (0)      8 :  0.0000 0.0000 0.0000 0.0082 0.0000 0.0000 0.0000 0.0000 0.0313 0.6391 0.0202 0.0000 0.3012 0.0000 0.0000 0.0000 0.0000 0.0000 
 70       70   (0)      8 :  0.0000 0.0000 0.0000 0.0600 0.5190 0.0000 0.0000 0.0000 0.0600 0.0000 0.0252 0.0000 0.0000 0.3358 0.0000 0.0000 0.0000 0.0000 
 71       71   (0)      8 :  0.0000 0.0000 0.0000 0.0031 0.0000 0.0000 0.0000 0.0000 0.0200 0.2205 0.0000 0.0000 0.7563 0.0000 0.0000 0.0000 0.0000 0.0000 
 72       72   (0)      8 :  0.0000 0.0000 0.0000 0.0200 0.0200 0.0000 0.0000 0.0000 0.0200 0.0000 0.0200 0.0000 0.0600 0.0000 0.0000 0.0000 0.8600 0.0000 
 73       73   (0)      8 :  0.5105 0.0174 0.0636 0.0400 0.0200 0.0400 0.0000 0.0000 0.1764 0.0000 0.0559 0.0000 0.0200 0.0000 0.0268 0.0093 0.0000 0.0200 
 74       74   (0)      8 :  0.0000 0.1284 0.2434 0.0000 0.0001 0.0000 0.0000 0.0000 0.0063 0.0000 0.0338 0.0000 0.0000 0.0000 0.4347 0.1533 0.0000 0.0000 
 75       75   (0)      8 :  0.0000 0.0723 0.7379 0.0000 0.0000 0.0000 0.0000 0.0000 0.0567 0.0000 0.0491 0.0000 0.0000 0.0000 0.0687 0.0090 0.0000 0.0063 
 76       76   (0)      8 :  0.0000 0.0000 0.0000 0.0000 0.0000 0.0000 0.0200 0.0000 0.0600 0.3215 0.0200 0.0000 0.5785 0.0000 0.0000 0.0000 0.0000 0.0000 
 77       77   (0)      8 :  0.0000 0.2773 0.0925 0.0000 0.0000 0.0000 0.0000 0.0000 0.0003 0.0000 0.0212 0.0000 0.0000 0.0000 0.5558 0.0530 0.0000 0.0000 
 78       78   (0)      9 :  0.0000 0.0000 0.0000 0.0499 0.4615 0.0000 0.0000 0.0000 0.0785 0.0000 0.0200 0.0000 0.0000 0.3901 0.0000 0.0000 0.0000 0.0000 
 79       79   (0)      9 :  0.0000 0.0000 0.0000 0.0201 0.1106 0.0000 0.0000 0.0000 0.0228 0.0000 0.0000 0.0000 0.0000 0.8465 0.0000 0.0000 0.0000 0.0000 
 80       80   (0)      9 :  0.0000 0.0000 0.0000 0.0600 0.0066 0.0000 0.0000 0.0000 0.0200 0.0000 0.0456 0.0000 0.0400 0.0000 0.0000 0.0000 0.8278 0.0000 
 81       81   (0)      9 :  0.0000 0.0000 0.0000 0.0927 0.1835 0.0000 0.0000 0.0000 0.0244 0.0000 0.0400 0.0000 0.0004 0.6590 0.0000 0.0000 0.0000 0.0000 
 82       82   (0)      9 :  0.0000 0.0000 0.0000 0.0000 0.0000 0.0043 0.0000 0.0000 0.0600 0.3429 0.0200 0.0000 0.5728 0.0000 0.0000 0.0000 0.0000 0.0000 
 83       83   (0)      9 :  0.0008 0.2212 0.2379 0.0210 0.0111 0.0059 0.0000 0.0000 0.0205 0.0000 0.1268 0.0016 0.0142 0.0000 0.2244 0.0691 0.0000 0.0455 
 84       84   (0)      9 :  0.0000 0.0000 0.0000 0.0000 0.0000 0.1400 0.0000 0.0000 0.0200 0.0000 0.0000 0.0400 0.0000 0.0000 0.0000 0.0000 0.0000 0.8000 
 85       85   (0)      9 :  0.0000 0.0989 0.4110 0.0000 0.0036 0.0000 0.0000 0.0000 0.0469 0.0000 0.1000 0.0000 0.0000 0.0000 0.2147 0.1249 0.0000 0.0000 
 86       86   (0)      9 :  0.0000 0.0056 0.2739 0.0000 0.0000 0.0000 0.0000 0.0000 0.0000 0.0000 0.0586 0.0000 0.0535 0.0000 0.1795 0.3709 0.0000 0.0579 
 87       87   (0)      9 :  0.0000 0.0028 0.3804 0.0000 0.0077 0.0000 0.0000 0.0000 0.0461 0.0000 0.0941 0.0000 0.0000 0.0000 0.1602 0.2890 0.0000 0.0198 
 88       88   (0)      9 :  0.0000 0.0000 0.0000 0.0000 0.2937 0.0000 0.0000 0.0000 0.0301 0.0000 0.0000 0.0000 0.0000 0.6762 0.0000 0.0000 0.0000 0.0000 
 89       89   (0)      9 :  0.0000 0.0000 0.0000 0.0070 0.3588 0.0000 0.0000 0.0000 0.0409 0.0000 0.0200 0.0000 0.0000 0.5733 0.0000 0.0000 0.0000 0.0000 
 90       90   (0)      9 :  0.2253 0.0136 0.0920 0.0073 0.0132 0.0071 0.0000 0.0000 0.1099 0.0000 0.0424 0.0000 0.0034 0.0000 0.0705 0.4144 0.0000 0.0009 
 91       91   (0)      9 :  0.0000 0.0000 0.0000 0.0200 0.0000 0.0000 0.0000 0.0000 0.0000 0.0000 0.0200 0.0000 0.0600 0.0000 0.0400 0.0000 0.8600 0.0000 
 92       92   (0)     10 :  0.0000 0.0018 0.0000 0.1328 0.1745 0.0611 0.0000 0.0000 0.0216 0.0000 0.1156 0.3331 0.0000 0.0747 0.0000 0.0253 0.0000 0.0596 
 93       93   (0)     11 :  0.0000 0.0000 0.0000 0.0247 0.0049 0.1127 0.0000 0.0019 0.0170 0.0049 0.0656 0.5176 0.0026 0.0000 0.0000 0.0059 0.0000 0.2422 
 94       94   (0)     11 :  0.0000 0.0000 0.0000 0.0240 0.0000 0.3275 0.0000 0.5094 0.0836 0.0000 0.0000 0.0000 0.0000 0.0000 0.0000 0.0000 0.0000 0.0555 
 95       95   (0)     11 :  0.0000 0.0000 0.0000 0.0800 0.0000 0.3800 0.0000 0.0000 0.0200 0.0000 0.0200 0.0400 0.0000 0.0000 0.0000 0.0000 0.0000 0.4600 
 96       96   (0)     12 :  0.0000 0.0000 0.0000 0.0000 0.0000 0.0000 0.0000 1.0000 0.0000 0.0000 0.0000 0.0000 0.0000 0.0000 0.0000 0.0000 0.0000 0.0000 
 97       97   (0)     12 :  0.0000 0.0000 0.0000 0.0000 0.0000 0.0000 0.0000 0.9800 0.0200 0.0000 0.0000 0.0000 0.0000 0.0000 0.0000 0.0000 0.0000 0.0000 
 98       98   (0)     12 :  0.0000 0.0000 0.0000 0.0000 0.0000 0.0000 0.0000 1.0000 0.0000 0.0000 0.0000 0.0000 0.0000 0.0000 0.0000 0.0000 0.0000 0.0000 
 99       99   (0)     12 :  0.0000 0.0000 0.0000 0.0200 0.0000 0.0107 0.0000 0.9662 0.0031 0.0000 0.0000 0.0000 0.0000 0.0000 0.0000 0.0000 0.0000 0.0000 
100      100   (0)     12 :  0.0000 0.0000 0.0000 0.0000 0.0000 0.0000 0.0000 0.0000 0.0000 1.0000 0.0000 0.0000 0.0000 0.0000 0.0000 0.0000 0.0000 0.0000 
101      101   (0)     13 :  0.0000 0.0000 0.0000 0.0000 0.0000 0.0000 0.0000 0.0000 0.0000 0.2200 0.0400 0.0000 0.7400 0.0000 0.0000 0.0000 0.0000 0.0000 
102      102   (0)     13 :  0.0000 0.0000 0.0000 0.0288 0.0000 0.1086 0.0000 0.7738 0.0877 0.0000 0.0000 0.0000 0.0000 0.0000 0.0000 0.0000 0.0000 0.0011 
103      103   (0)     14 :  0.0000 0.0000 0.0000 0.3814 0.1544 0.0335 0.0000 0.0000 0.0862 0.0000 0.0203 0.0191 0.0000 0.2978 0.0000 0.0000 0.0036 0.0037 
104      104   (0)     14 :  0.0000 0.0000 0.0000 0.0000 0.0000 0.0000 0.0000 0.0000 0.0089 0.5301 0.0000 0.0000 0.4611 0.0000 0.0000 0.0000 0.0000 0.0000 
105      105   (0)     14 :  0.0000 0.0000 0.0000 0.0401 0.0000 0.0550 0.0007 0.0006 0.0200 0.1634 0.0387 0.1262 0.5409 0.0000 0.0000 0.0000 0.0029 0.0114 
106      106   (0)     14 :  0.0000 0.0000 0.0000 0.0000 0.0000 0.0000 1.0000 0.0000 0.0000 0.0000 0.0000 0.0000 0.0000 0.0000 0.0000 0.0000 0.0000 0.0000 
107      107   (0)     14 :  0.0000 0.0000 0.0000 0.0400 0.0000 0.0000 0.0000 0.0000 0.0000 0.0000 0.0200 0.0000 0.0495 0.0000 0.0400 0.0000 0.8505 0.0000 
108      108   (0)     15 :  0.0000 0.0000 0.0000 0.0000 0.0000 0.0400 0.0000 0.0000 0.0000 0.0000 0.0000 0.9600 0.0000 0.0000 0.0000 0.0000 0.0000 0.0000 
109      109   (0)     15 :  0.0000 0.0000 0.0000 0.0000 0.0000 0.0000 0.4885 0.0000 0.0000 0.5115 0.0000 0.0000 0.0000 0.0000 0.0000 0.0000 0.0000 0.0000 
110      110   (0)     15 :  0.0000 0.0000 0.0000 0.0000 0.0000 0.0000 0.0000 0.0000 0.0000 0.8961 0.0049 0.0000 0.0990 0.0000 0.0000 0.0000 0.0000 0.0000 
111      111   (0)     15 :  0.0000 0.1320 0.1623 0.0075 0.0069 0.0000 0.0000 0.0000 0.0931 0.0000 0.1053 0.0000 0.0000 0.0000 0.0682 0.4199 0.0000 0.0046 
112      112   (0)     15 :  0.0000 0.0000 0.0000 0.3670 0.1177 0.1263 0.0000 0.0533 0.0731 0.0000 0.0256 0.0288 0.0000 0.1962 0.0000 0.0000 0.0000 0.0119 
113      113   (0)     15 :  0.0000 0.0000 0.0000 0.0000 0.0000 0.0000 0.0013 0.0028 0.0103 0.9271 0.0219 0.0000 0.0296 0.0000 0.0000 0.0000 0.0000 0.0071 
114      114   (0)     15 :  0.0000 0.0000 0.0000 0.0000 0.0000 0.0000 1.0000 0.0000 0.0000 0.0000 0.0000 0.0000 0.0000 0.0000 0.0000 0.0000 0.0000 0.0000 
