1        1   (0)      1  : 0.0000 1.0000 0.0000 0.0000 0.0000 0.0000 0.0000 0.0000 0.0000 0.0000 0.0000 0.0000 0.0000 0.0000 0.0000 0.0000 0.0000
2        2   (0)      2  : 0.0000 0.0000 0.0000 0.0000 0.0000 1.0000 0.0000 0.0000 0.0000 0.0000 0.0000 0.0000 0.0000 0.0000 0.0000 0.0000 0.0000
3        3   (0)      2  : 0.7925 0.0000 0.0000 0.0000 0.0000 0.0000 0.0000 0.0000 0.0000 0.0000 0.0000 0.2075 0.0000 0.0000 0.0000 0.0000 0.0000
4        4   (0)      3  : 0.0000 0.0000 0.0083 0.0000 0.0000 0.0000 0.0000 0.0000 0.2896 0.0000 0.1899 0.0000 0.0437 0.4684 0.0000 0.0000 0.0000
5        5   (0)      3  : 0.0000 0.0000 0.0000 0.0000 0.0000 0.0000 0.0000 0.0000 0.5674 0.0000 0.0000 0.0000 0.0000 0.4326 0.0000 0.0000 0.0000
6        6   (0)      3  : 0.0000 0.0000 0.0000 0.0000 0.0042 0.0000 0.0000 0.0000 0.3368 0.0000 0.0518 0.0159 0.0000 0.5815 0.0097 0.0000 0.0000
7        7   (0)      3  : 0.0000 0.0000 0.0000 0.7473 0.0000 0.1500 0.0000 0.0000 0.0000 0.0000 0.0081 0.0000 0.0087 0.0000 0.0858 0.0000 0.0000
8        8   (0)      3  : 0.0000 0.0000 0.0000 0.0000 0.0053 0.0063 0.0000 0.0000 0.2215 0.0000 0.4077 0.1049 0.0359 0.2184 0.0000 0.0000 0.0000
9        9   (0)      3  : 0.6083 0.0000 0.0000 0.0000 0.0000 0.0000 0.0000 0.0000 0.1199 0.0000 0.0000 0.1667 0.0000 0.0792 0.0000 0.0259 0.0000
10       10   (0)      4  : 0.0541 0.0000 0.0000 0.0000 0.0000 0.0000 0.0000 0.0000 0.0000 0.0000 0.0399 0.0886 0.0000 0.8174 0.0000 0.0000 0.0000
11       11   (0)      4  : 0.0483 0.0000 0.0000 0.0000 0.0000 0.0000 0.2558 0.0000 0.0848 0.0000 0.0000 0.0764 0.0000 0.0000 0.0000 0.4517 0.0830
12       12   (0)      4  : 0.4346 0.0000 0.0000 0.0000 0.0000 0.0000 0.0000 0.0000 0.2321 0.0000 0.0000 0.0846 0.0000 0.2488 0.0000 0.0000 0.0000
13       13   (0)      4  : 0.2695 0.0000 0.0000 0.0000 0.0000 0.0000 0.0000 0.0000 0.0633 0.0000 0.1667 0.3338 0.0000 0.1667 0.0000 0.0000 0.0000
14       14   (0)      5  : 0.0000 0.0000 0.8333 0.0000 0.0000 0.0000 0.0000 0.0000 0.0000 0.0000 0.1667 0.0000 0.0000 0.0000 0.0000 0.0000 0.0000
15       15   (0)      5  : 0.0000 0.0000 0.0000 1.0000 0.0000 0.0000 0.0000 0.0000 0.0000 0.0000 0.0000 0.0000 0.0000 0.0000 0.0000 0.0000 0.0000
16       16   (0)      5  : 0.0000 0.0000 0.0000 0.0000 0.0000 1.0000 0.0000 0.0000 0.0000 0.0000 0.0000 0.0000 0.0000 0.0000 0.0000 0.0000 0.0000
17       17   (0)      5  : 0.0000 0.0000 0.0000 0.0000 0.0000 0.0000 0.6667 0.0000 0.0000 0.0000 0.0000 0.0000 0.0000 0.0000 0.1667 0.1667 0.0000
18       18   (0)      5  : 0.1233 0.0000 0.0000 0.0000 0.0000 0.0000 0.0000 0.0000 0.0619 0.0000 0.0000 0.8148 0.0000 0.0000 0.0000 0.0000 0.0000
19       19   (0)      5  : 0.0000 0.0000 0.0000 0.0000 0.0000 0.0000 0.6667 0.0000 0.0000 0.0000 0.0000 0.0000 0.0000 0.0000 0.1667 0.1667 0.0000
20       20   (0)      5  : 0.7392 0.0000 0.0000 0.0000 0.0000 0.0000 0.0000 0.0000 0.0000 0.0000 0.2155 0.0453 0.0000 0.0000 0.0000 0.0000 0.0000
21       21   (0)      5  : 0.3395 0.0000 0.0000 0.0000 0.0000 0.0000 0.0000 0.0000 0.1667 0.0000 0.0000 0.4938 0.0000 0.0000 0.0000 0.0000 0.0000
22       22   (0)      5  : 0.0000 0.0000 0.0000 0.0000 0.0000 0.0000 0.8333 0.0000 0.0000 0.0000 0.0000 0.0000 0.0000 0.0000 0.0000 0.1667 0.0000
23       23   (0)      5  : 1.0000 0.0000 0.0000 0.0000 0.0000 0.0000 0.0000 0.0000 0.0000 0.0000 0.0000 0.0000 0.0000 0.0000 0.0000 0.0000 0.0000
24       24   (0)      5  : 0.0000 0.0000 0.0000 1.0000 0.0000 0.0000 0.0000 0.0000 0.0000 0.0000 0.0000 0.0000 0.0000 0.0000 0.0000 0.0000 0.0000
25       25   (0)      5  : 0.0000 0.0000 0.8333 0.0000 0.0000 0.0000 0.0000 0.0000 0.0000 0.0000 0.0000 0.0000 0.1667 0.0000 0.0000 0.0000 0.0000
26       26   (0)      5  : 0.0759 0.0000 0.0000 0.0000 0.0000 0.0000 0.0000 0.0000 0.1349 0.0000 0.1667 0.4048 0.0000 0.1667 0.0000 0.0000 0.0510
27       27   (0)      5  : 0.0000 0.0000 0.0000 1.0000 0.0000 0.0000 0.0000 0.0000 0.0000 0.0000 0.0000 0.0000 0.0000 0.0000 0.0000 0.0000 0.0000
28       28   (0)      5  : 0.0000 0.0000 0.0000 0.4911 0.0000 0.0000 0.0000 0.0000 0.0000 0.1329 0.0000 0.0000 0.0000 0.0000 0.3333 0.0427 0.0000
29       29   (0)      6  : 0.0000 1.0000 0.0000 0.0000 0.0000 0.0000 0.0000 0.0000 0.0000 0.0000 0.0000 0.0000 0.0000 0.0000 0.0000 0.0000 0.0000
30       30   (0)      6  : 0.0000 0.0000 0.0000 0.0000 0.6223 0.0000 0.0000 0.0000 0.0000 0.0000 0.0000 0.0000 0.0444 0.0000 0.0000 0.0000 0.3333
31       31   (0)      6  : 0.2446 0.0000 0.0000 0.0000 0.0000 0.0000 0.0000 0.0000 0.1667 0.0000 0.3333 0.0000 0.0000 0.2554 0.0000 0.0000 0.0000
32       32   (0)      6  : 0.0000 0.0000 0.0000 0.0000 0.0000 0.0000 0.0758 0.0000 0.0000 0.0000 0.0000 0.0000 0.0000 0.9242 0.0000 0.0000 0.0000
33       33   (0)      6  : 0.0000 0.0000 0.0000 0.0000 0.0000 0.0000 0.0000 0.8333 0.0000 0.0000 0.0000 0.0000 0.0000 0.0000 0.0000 0.0000 0.1667
34       34   (0)      6  : 0.0000 0.0000 0.6499 0.0000 0.0000 0.0000 0.0000 0.0000 0.0000 0.0000 0.2568 0.0000 0.0000 0.0000 0.0000 0.0000 0.0933
35       35   (0)      6  : 0.0000 1.0000 0.0000 0.0000 0.0000 0.0000 0.0000 0.0000 0.0000 0.0000 0.0000 0.0000 0.0000 0.0000 0.0000 0.0000 0.0000
36       36   (0)      6  : 0.0000 1.0000 0.0000 0.0000 0.0000 0.0000 0.0000 0.0000 0.0000 0.0000 0.0000 0.0000 0.0000 0.0000 0.0000 0.0000 0.0000
37       37   (0)      7  : 0.0000 0.0000 0.0000 0.0000 1.0000 0.0000 0.0000 0.0000 0.0000 0.0000 0.0000 0.0000 0.0000 0.0000 0.0000 0.0000 0.0000
38       38   (0)      7  : 0.0000 0.0000 0.0000 0.0000 0.0000 0.0000 1.0000 0.0000 0.0000 0.0000 0.0000 0.0000 0.0000 0.0000 0.0000 0.0000 0.0000
39       39   (0)      7  : 0.0000 0.0000 1.0000 0.0000 0.0000 0.0000 0.0000 0.0000 0.0000 0.0000 0.0000 0.0000 0.0000 0.0000 0.0000 0.0000 0.0000
40       40   (0)      7  : 0.0000 0.0000 0.5583 0.0000 0.0000 0.0000 0.0000 0.0000 0.0000 0.0000 0.1667 0.0000 0.2293 0.0000 0.0000 0.0000 0.0457
41       41   (0)      7  : 0.0000 0.0000 0.0000 0.0000 0.0000 0.0000 1.0000 0.0000 0.0000 0.0000 0.0000 0.0000 0.0000 0.0000 0.0000 0.0000 0.0000
42       42   (0)      7  : 0.0000 0.0000 0.8333 0.0000 0.0000 0.0000 0.0000 0.0000 0.0000 0.0000 0.1667 0.0000 0.0000 0.0000 0.0000 0.0000 0.0000
43       43   (0)      7  : 0.0000 0.0000 0.0000 0.0000 0.0000 0.0000 0.6008 0.0000 0.0000 0.0000 0.0000 0.0000 0.0000 0.0000 0.0000 0.3992 0.0000
44       44   (0)      7  : 0.0000 0.0000 0.0000 0.0000 0.0000 0.8333 0.0000 0.0000 0.0000 0.0000 0.0000 0.0000 0.0000 0.0000 0.1667 0.0000 0.0000
45       45   (0)      7  : 0.0000 0.0000 0.0000 0.0000 0.0000 0.0000 0.0000 0.0000 0.3333 0.0000 0.1667 0.1667 0.0000 0.3333 0.0000 0.0000 0.0000
46       46   (0)      7  : 0.0000 0.9878 0.0000 0.0000 0.0000 0.0000 0.0000 0.0122 0.0000 0.0000 0.0000 0.0000 0.0000 0.0000 0.0000 0.0000 0.0000
47       47   (0)      7  : 0.1260 0.0000 0.0000 0.0000 0.0000 0.0000 0.0000 0.0000 0.1667 0.0000 0.0000 0.7074 0.0000 0.0000 0.0000 0.0000 0.0000
48       48   (0)      7  : 0.0000 0.9566 0.0000 0.0000 0.0000 0.0000 0.0000 0.0070 0.0000 0.0118 0.0000 0.0000 0.0000 0.0000 0.0000 0.0000 0.0246
49       49   (0)      7  : 0.0000 0.0000 0.0000 0.0000 0.8333 0.0000 0.0000 0.0000 0.0000 0.0000 0.0000 0.0000 0.0000 0.0000 0.1667 0.0000 0.0000
50       50   (0)      7  : 0.0000 0.0000 0.0000 0.0000 0.0000 1.0000 0.0000 0.0000 0.0000 0.0000 0.0000 0.0000 0.0000 0.0000 0.0000 0.0000 0.0000
51       51   (0)      7  : 0.0000 0.0000 0.0000 0.0000 0.9191 0.0000 0.0000 0.0000 0.0000 0.0000 0.0000 0.0000 0.0000 0.0000 0.0809 0.0000 0.0000
52       52   (0)      7  : 0.0000 0.0000 0.0000 1.0000 0.0000 0.0000 0.0000 0.0000 0.0000 0.0000 0.0000 0.0000 0.0000 0.0000 0.0000 0.0000 0.0000
53       53   (0)      7  : 0.0339 0.0000 0.0000 0.0000 0.0000 0.0000 0.0000 0.0000 0.1986 0.0000 0.1948 0.5430 0.0000 0.0000 0.0000 0.0000 0.0297
54       54   (0)      7  : 0.0165 0.0000 0.0000 0.0000 0.0000 0.0000 0.0000 0.0000 0.0681 0.0000 0.1723 0.7430 0.0000 0.0000 0.0000 0.0000 0.0000
55       55   (0)      7  : 0.2619 0.0000 0.0000 0.0000 0.0000 0.0000 0.0066 0.0000 0.3333 0.0000 0.0000 0.3981 0.0000 0.0000 0.0000 0.0000 0.0000
56       56   (0)      7  : 0.6667 0.0000 0.0000 0.0000 0.0000 0.0000 0.0000 0.0000 0.2394 0.0000 0.0373 0.0566 0.0000 0.0000 0.0000 0.0000 0.0000
57       57   (0)      8  : 0.0000 0.0000 0.6667 0.0000 0.0000 0.0000 0.0000 0.0000 0.0000 0.0000 0.1667 0.0000 0.0000 0.0000 0.0000 0.0000 0.1667
58       58   (0)      8  : 0.0000 0.0000 0.0000 0.9808 0.0000 0.0000 0.0000 0.0000 0.0000 0.0000 0.0000 0.0000 0.0000 0.0000 0.0192 0.0000 0.0000
59       59   (0)      8  : 0.0000 0.0000 0.0000 0.0000 0.0000 0.0000 0.0000 0.0000 0.1043 0.0000 0.0709 0.8247 0.0000 0.0000 0.0000 0.0000 0.0000
60       60   (0)      8  : 0.0000 0.0000 0.9745 0.0000 0.0000 0.0000 0.0000 0.0000 0.0000 0.0000 0.0255 0.0000 0.0000 0.0000 0.0000 0.0000 0.0000
61       61   (0)      8  : 0.0000 0.0000 0.5000 0.0000 0.0000 0.0000 0.0000 0.0000 0.0000 0.0000 0.3333 0.0000 0.0000 0.0000 0.0000 0.0000 0.1667
62       62   (0)      8  : 0.0000 0.0000 0.0000 0.0000 0.7877 0.0000 0.0000 0.0000 0.0000 0.0000 0.0000 0.0000 0.0000 0.0000 0.1667 0.0000 0.0457
63       63   (0)      8  : 0.0000 0.0000 0.1667 0.0000 0.0000 0.0000 0.0000 0.0000 0.0000 0.0000 0.3333 0.0000 0.3333 0.0000 0.0000 0.0000 0.1667
64       64   (0)      8  : 0.0349 0.0000 0.0000 0.0000 0.0000 0.0000 0.0000 0.0000 0.2641 0.0000 0.5977 0.0708 0.0000 0.0325 0.0000 0.0000 0.0000
65       65   (0)      8  : 0.0000 0.9770 0.0000 0.0000 0.0000 0.0000 0.0000 0.0000 0.0000 0.0000 0.0000 0.0000 0.0000 0.0000 0.0000 0.0000 0.0230
66       66   (0)      8  : 0.4289 0.0000 0.0000 0.0000 0.0000 0.0000 0.0000 0.0000 0.2362 0.0000 0.2378 0.0971 0.0000 0.0000 0.0000 0.0000 0.0000
67       67   (0)      8  : 0.0704 0.0000 0.0000 0.0000 0.0000 0.0000 0.0000 0.0000 0.2987 0.0000 0.2976 0.0000 0.0000 0.3333 0.0000 0.0000 0.0000
68       68   (0)      8  : 0.3881 0.0000 0.0000 0.0000 0.0000 0.0000 0.0000 0.0000 0.0000 0.0000 0.0579 0.5539 0.0000 0.0000 0.0000 0.0000 0.0000
69       69   (0)      8  : 0.0000 1.0000 0.0000 0.0000 0.0000 0.0000 0.0000 0.0000 0.0000 0.0000 0.0000 0.0000 0.0000 0.0000 0.0000 0.0000 0.0000
70       70   (0)      8  : 0.0000 0.0000 0.7332 0.0000 0.0000 0.0000 0.0000 0.0000 0.0000 0.0000 0.1840 0.0000 0.0000 0.0000 0.0000 0.0000 0.0828
71       71   (0)      8  : 0.0000 1.0000 0.0000 0.0000 0.0000 0.0000 0.0000 0.0000 0.0000 0.0000 0.0000 0.0000 0.0000 0.0000 0.0000 0.0000 0.0000
72       72   (0)      8  : 0.0000 0.0000 0.0000 0.0000 1.0000 0.0000 0.0000 0.0000 0.0000 0.0000 0.0000 0.0000 0.0000 0.0000 0.0000 0.0000 0.0000
73       73   (0)      8  : 0.0311 0.0000 0.0000 0.0000 0.0000 0.0000 0.4339 0.0000 0.0000 0.0000 0.0350 0.0000 0.0000 0.0000 0.0000 0.5000 0.0000
74       74   (0)      8  : 0.0348 0.0000 0.0000 0.0000 0.0000 0.0000 0.0000 0.0000 0.4466 0.0000 0.1133 0.3546 0.0000 0.0506 0.0000 0.0000 0.0000
75       75   (0)      8  : 0.0000 0.0000 0.0000 0.0000 0.0000 0.0000 0.0000 0.0000 0.0439 0.0000 0.2207 0.7354 0.0000 0.0000 0.0000 0.0000 0.0000
76       76   (0)      8  : 0.0000 0.9351 0.0000 0.0000 0.0000 0.0000 0.0000 0.0649 0.0000 0.0000 0.0000 0.0000 0.0000 0.0000 0.0000 0.0000 0.0000
77       77   (0)      8  : 0.0488 0.0000 0.0000 0.0000 0.0000 0.0000 0.0000 0.0000 0.6667 0.0000 0.0000 0.2119 0.0000 0.0726 0.0000 0.0000 0.0000
78       78   (0)      9  : 0.0000 0.0000 0.7601 0.0000 0.0000 0.0000 0.0000 0.0000 0.0000 0.0000 0.0732 0.0000 0.0000 0.0000 0.0000 0.0000 0.1667
79       79   (0)      9  : 0.0000 0.0000 0.7179 0.0000 0.0000 0.0000 0.0000 0.0000 0.0000 0.0000 0.1671 0.0000 0.0000 0.0000 0.0000 0.0000 0.1150
80       80   (0)      9  : 0.0000 0.0000 0.0000 0.0000 1.0000 0.0000 0.0000 0.0000 0.0000 0.0000 0.0000 0.0000 0.0000 0.0000 0.0000 0.0000 0.0000
81       81   (0)      9  : 0.0000 0.0000 0.6082 0.0000 0.0000 0.0000 0.0000 0.0000 0.0000 0.0000 0.0640 0.0000 0.2197 0.0000 0.0000 0.0000 0.1082
82       82   (0)      9  : 0.0000 1.0000 0.0000 0.0000 0.0000 0.0000 0.0000 0.0000 0.0000 0.0000 0.0000 0.0000 0.0000 0.0000 0.0000 0.0000 0.0000
83       83   (0)      9  : 0.0000 0.0000 0.0000 0.0000 0.0000 0.0000 0.0000 0.0000 0.0000 0.0000 0.0000 0.0000 0.0000 0.8333 0.0000 0.0000 0.1667
84       84   (0)      9  : 0.0000 0.0000 0.0000 0.0000 0.0000 0.0000 0.0000 0.0000 0.0000 1.0000 0.0000 0.0000 0.0000 0.0000 0.0000 0.0000 0.0000
85       85   (0)      9  : 0.0442 0.0000 0.0000 0.0000 0.0000 0.0000 0.0000 0.0000 0.0000 0.0000 0.2817 0.5075 0.0000 0.0000 0.0000 0.0000 0.1667
86       86   (0)      9  : 0.4083 0.0000 0.0000 0.0000 0.0000 0.0000 0.0000 0.0000 0.0000 0.0000 0.3333 0.2584 0.0000 0.0000 0.0000 0.0000 0.0000
87       87   (0)      9  : 0.5062 0.0000 0.0000 0.0000 0.0000 0.0000 0.0000 0.0000 0.0000 0.0000 0.1667 0.1605 0.0000 0.0000 0.0000 0.0000 0.1667
88       88   (0)      9  : 0.0000 0.0000 0.8333 0.0000 0.0000 0.0000 0.0000 0.0000 0.0000 0.0000 0.1667 0.0000 0.0000 0.0000 0.0000 0.0000 0.0000
89       89   (0)      9  : 0.0000 0.0000 1.0000 0.0000 0.0000 0.0000 0.0000 0.0000 0.0000 0.0000 0.0000 0.0000 0.0000 0.0000 0.0000 0.0000 0.0000
90       90   (0)      9  : 0.2922 0.0000 0.0000 0.0000 0.0000 0.0000 0.1701 0.0000 0.1154 0.0000 0.0000 0.1600 0.0000 0.0000 0.0001 0.0956 0.1667
91       91   (0)      9  : 0.0000 0.0000 0.0000 0.0000 0.5000 0.0000 0.0000 0.0000 0.0000 0.0000 0.0000 0.0000 0.0000 0.0000 0.3333 0.0000 0.1667
92       92   (0)     10  : 0.0509 0.0000 0.1524 0.0000 0.0000 0.3922 0.0000 0.0000 0.0000 0.0000 0.0553 0.0000 0.1667 0.0158 0.1150 0.0000 0.0516
93       93   (0)     11  : 0.0395 0.0387 0.0000 0.0000 0.0000 0.7335 0.0000 0.0000 0.0000 0.0000 0.0000 0.0000 0.0000 0.0000 0.1883 0.0000 0.0000
94       94   (0)     11  : 0.0000 0.0000 0.0000 0.5410 0.0000 0.0000 0.0000 0.0000 0.0000 0.1257 0.0000 0.0000 0.0000 0.0000 0.3333 0.0000 0.0000
95       95   (0)     11  : 0.0000 0.0000 0.0000 0.0000 0.0000 0.0000 0.0000 0.0000 0.0000 0.8333 0.0000 0.0000 0.0000 0.0000 0.0000 0.1667 0.0000
96       96   (0)     12  : 0.0000 0.0000 0.0000 1.0000 0.0000 0.0000 0.0000 0.0000 0.0000 0.0000 0.0000 0.0000 0.0000 0.0000 0.0000 0.0000 0.0000
97       97   (0)     12  : 0.0000 0.0000 0.0000 1.0000 0.0000 0.0000 0.0000 0.0000 0.0000 0.0000 0.0000 0.0000 0.0000 0.0000 0.0000 0.0000 0.0000
98       98   (0)     12  : 0.0000 0.0000 0.0000 1.0000 0.0000 0.0000 0.0000 0.0000 0.0000 0.0000 0.0000 0.0000 0.0000 0.0000 0.0000 0.0000 0.0000
99       99   (0)     12  : 0.0000 0.0000 0.0000 0.9770 0.0000 0.0000 0.0000 0.0000 0.0000 0.0000 0.0000 0.0000 0.0000 0.0000 0.0230 0.0000 0.0000
100      100   (0)     12  : 0.0000 1.0000 0.0000 0.0000 0.0000 0.0000 0.0000 0.0000 0.0000 0.0000 0.0000 0.0000 0.0000 0.0000 0.0000 0.0000 0.0000
101      101   (0)     13  : 0.0000 0.9762 0.0000 0.0000 0.0000 0.0000 0.0000 0.0000 0.0000 0.0000 0.0000 0.0000 0.0000 0.0000 0.0000 0.0000 0.0238
102      102   (0)     13  : 0.0000 0.0000 0.0000 1.0000 0.0000 0.0000 0.0000 0.0000 0.0000 0.0000 0.0000 0.0000 0.0000 0.0000 0.0000 0.0000 0.0000
103      103   (0)     14  : 0.0000 0.0000 0.1074 0.0000 0.0000 0.0000 0.0000 0.0000 0.0000 0.0000 0.0000 0.0000 0.8926 0.0000 0.0000 0.0000 0.0000
104      104   (0)     14  : 0.0000 1.0000 0.0000 0.0000 0.0000 0.0000 0.0000 0.0000 0.0000 0.0000 0.0000 0.0000 0.0000 0.0000 0.0000 0.0000 0.0000
105      105   (0)     14  : 0.0000 0.6951 0.0000 0.0000 0.0000 0.1370 0.0000 0.0017 0.0000 0.0000 0.0000 0.0000 0.0342 0.0000 0.0557 0.0000 0.0763
106      106   (0)     14  : 0.0000 0.0000 0.0000 0.0000 0.0000 0.0000 0.0000 1.0000 0.0000 0.0000 0.0000 0.0000 0.0000 0.0000 0.0000 0.0000 0.0000
107      107   (0)     14  : 0.0000 0.0000 0.0000 0.0000 0.6667 0.0000 0.0000 0.0000 0.0000 0.0000 0.0000 0.0000 0.0000 0.0000 0.1667 0.0000 0.1667
108      108   (0)     15  : 0.0000 0.0000 0.0000 0.0000 0.0000 0.8333 0.0000 0.0000 0.0000 0.0000 0.0000 0.0000 0.0000 0.0000 0.1667 0.0000 0.0000
109      109   (0)     15  : 0.0000 0.5019 0.0000 0.0000 0.0000 0.0000 0.0000 0.4981 0.0000 0.0000 0.0000 0.0000 0.0000 0.0000 0.0000 0.0000 0.0000
110      110   (0)     15  : 0.0000 1.0000 0.0000 0.0000 0.0000 0.0000 0.0000 0.0000 0.0000 0.0000 0.0000 0.0000 0.0000 0.0000 0.0000 0.0000 0.0000
111      111   (0)     15  : 0.1667 0.0000 0.0000 0.0000 0.0000 0.0000 0.0000 0.0000 0.3333 0.0000 0.1962 0.2597 0.0000 0.0321 0.0000 0.0000 0.0120
112      112   (0)     15  : 0.0000 0.0000 0.0000 0.0697 0.0000 0.0373 0.0000 0.0000 0.0000 0.0000 0.0000 0.0000 0.8931 0.0000 0.0000 0.0000 0.0000
113      113   (0)     15  : 0.0000 0.9710 0.0000 0.0054 0.0000 0.0000 0.0000 0.0109 0.0000 0.0067 0.0000 0.0000 0.0000 0.0000 0.0061 0.0000 0.0000
114      114   (0)     15  : 0.0000 0.0000 0.0000 0.0000 0.0000 0.0000 0.0000 1.0000 0.0000 0.0000 0.0000 0.0000 0.0000 0.0000 0.0000 0.0000 0.0000
