1        1   (0)      1  : 0.1050 0.1179 0.2211 0.0011 0.3632 0.0543 0.1373
2        2   (0)      1  : 0.3176 0.0000 0.1024 0.0283 0.2074 0.1852 0.1591
3        3   (0)      1  : 0.4156 0.0000 0.2469 0.0193 0.0267 0.0000 0.2915
4        4   (0)      1  : 0.6325 0.0451 0.1548 0.0275 0.0137 0.1265 0.0000
5        5   (0)      1  : 0.2914 0.0345 0.0000 0.0023 0.3007 0.0083 0.3628
6        6   (0)      1  : 0.3163 0.0390 0.3237 0.0231 0.1315 0.0230 0.1434
7        7   (0)      1  : 0.4859 0.0000 0.1876 0.0192 0.2163 0.0244 0.0667
8        8   (0)      2  : 0.1694 0.0000 0.3384 0.0000 0.2564 0.1370 0.0987
9        9   (0)      2  : 0.0000 0.0000 0.0000 0.0000 0.8000 0.2000 0.0000
10       10   (0)      2  : 0.0000 0.0000 0.0000 0.0000 0.8000 0.2000 0.0000
11       11   (0)      2  : 0.0000 0.1284 0.0000 0.0000 0.6973 0.1743 0.0000
12       12   (0)      2  : 0.8410 0.0000 0.0724 0.0071 0.0634 0.0161 0.0000
13       13   (0)      2  : 0.0000 0.0000 0.5991 0.0000 0.0179 0.1111 0.2719
14       14   (0)      3  : 0.6342 0.0000 0.3338 0.0000 0.0320 0.0000 0.0000
15       15   (0)      3  : 0.5262 0.0063 0.0000 0.0000 0.4000 0.0000 0.0675
16       16   (0)      3  : 0.5410 0.0000 0.1179 0.0000 0.0590 0.0821 0.2000
17       17   (0)      3  : 0.3789 0.0000 0.3764 0.0242 0.0000 0.0931 0.1273
18       18   (0)      4  : 0.2829 0.0018 0.1104 0.0284 0.0633 0.2328 0.2804
19       19   (0)      4  : 0.0210 0.0177 0.3530 0.0000 0.5277 0.0000 0.0806
20       20   (0)      4  : 0.8000 0.0008 0.1021 0.0000 0.0775 0.0196 0.0000
21       21   (0)      4  : 0.2754 0.0015 0.0440 0.0025 0.2114 0.1167 0.3486
22       22   (0)      4  : 0.1246 0.0000 0.5664 0.0100 0.0947 0.0000 0.2044
23       23   (0)      4  : 0.3957 0.0004 0.0240 0.0067 0.2282 0.0413 0.3038
24       24   (0)      4  : 0.2664 0.0000 0.5764 0.0000 0.0797 0.0000 0.0774
25       25   (0)      4  : 0.5348 0.0000 0.2942 0.0000 0.0391 0.0064 0.1255
26       26   (0)      4  : 0.0696 0.0281 0.2428 0.0000 0.0956 0.1202 0.4436
27       27   (0)      4  : 0.1611 0.0000 0.5637 0.0025 0.0489 0.0800 0.1438
28       28   (0)      4  : 0.0358 0.0130 0.7467 0.0248 0.0251 0.0913 0.0632
29       29   (0)      4  : 0.1430 0.0303 0.3548 0.0081 0.2086 0.1169 0.1382
30       30   (0)      4  : 0.0000 0.0000 0.7354 0.0002 0.2643 0.0000 0.0000
31       31   (0)      4  : 0.7272 0.0000 0.0000 0.0000 0.0000 0.2000 0.0728
32       32   (0)      4  : 0.2831 0.0012 0.6743 0.0000 0.0000 0.0000 0.0414
33       33   (0)      4  : 0.2172 0.0000 0.6068 0.0282 0.0375 0.0435 0.0667
34       34   (0)      5  : 0.2576 0.0139 0.3700 0.0000 0.0848 0.0667 0.2070
35       35   (0)      6  : 0.3163 0.0103 0.1404 0.0041 0.3039 0.1445 0.0805
36       36   (0)      6  : 0.1329 0.0000 0.0000 0.0020 0.5526 0.1221 0.1905
37       37   (0)      6  : 0.0000 0.0000 0.0000 0.0000 0.0000 1.0000 0.0000
38       38   (0)      6  : 0.2548 0.0000 0.1292 0.0000 0.2594 0.0717 0.2848
39       39   (0)      6  : 0.0719 0.0032 0.2849 0.0000 0.0000 0.0401 0.6000
40       40   (0)      6  : 0.2723 0.0214 0.2740 0.0000 0.0000 0.1787 0.2535
41       41   (0)      6  : 0.0000 1.0000 0.0000 0.0000 0.0000 0.0000 0.0000
42       42   (0)      6  : 0.5017 0.0099 0.1045 0.0000 0.2087 0.1424 0.0329
43       43   (0)      6  : 0.1047 0.0000 0.0000 0.0062 0.8754 0.0137 0.0000
44       44   (0)      6  : 0.3262 0.0241 0.2736 0.0026 0.2192 0.0195 0.1349
45       45   (0)      6  : 0.2493 0.0000 0.0954 0.0239 0.3796 0.0562 0.1957
46       46   (0)      6  : 0.0000 0.0000 0.0000 1.0000 0.0000 0.0000 0.0000
47       47   (0)      6  : 0.0000 0.0000 0.2000 0.0000 0.6000 0.0000 0.2000
48       48   (0)      6  : 0.1024 0.0000 0.1220 0.0124 0.0266 0.0596 0.6770
49       49   (0)      6  : 0.0000 1.0000 0.0000 0.0000 0.0000 0.0000 0.0000
50       50   (0)      6  : 0.0000 0.0000 0.4855 0.0000 0.2000 0.0571 0.2574
51       51   (0)      6  : 0.2651 0.0607 0.2572 0.0139 0.1786 0.0394 0.1852
52       52   (0)      6  : 0.0000 0.0000 0.0000 1.0000 0.0000 0.0000 0.0000
53       53   (0)      6  : 0.1739 0.0000 0.5415 0.0000 0.0000 0.2000 0.0846
54       54   (0)      6  : 0.0583 0.0000 0.2093 0.0079 0.0000 0.0111 0.7133
55       55   (0)      6  : 0.2000 0.0011 0.0469 0.0028 0.1033 0.1105 0.5355
56       56   (0)      6  : 0.0484 0.0157 0.1914 0.0036 0.1856 0.1702 0.3850
57       57   (0)      6  : 0.2490 0.0008 0.6510 0.0000 0.0000 0.0313 0.0679
58       58   (0)      7  : 0.0000 0.0000 0.0000 0.0000 0.0951 0.1049 0.8000
59       59   (0)      7  : 0.3208 0.0000 0.0668 0.0000 0.3796 0.1412 0.0917
60       60   (0)      7  : 0.4367 0.0000 0.0000 0.0045 0.2839 0.0226 0.2523
61       61   (0)      7  : 0.1219 0.0000 0.2209 0.0000 0.1809 0.2057 0.2706
62       62   (0)      7  : 0.0000 0.0000 0.0000 0.0000 0.0000 1.0000 0.0000
63       63   (0)      7  : 0.0930 0.0061 0.0842 0.0000 0.6258 0.0000 0.1908
64       64   (0)      8  : 0.1982 0.0000 0.7358 0.0070 0.0000 0.0589 0.0000
65       65   (0)      8  : 0.1808 0.0042 0.0000 0.0228 0.3885 0.2668 0.1370
66       66   (0)      9  : 0.1134 0.0000 0.4261 0.0000 0.1300 0.0809 0.2495
67       67   (0)     10  : 0.2787 0.0131 0.1514 0.0000 0.2270 0.0807 0.2491
68       68   (0)     10  : 0.4219 0.0000 0.1796 0.0111 0.1630 0.0282 0.1962
69       69   (0)     10  : 0.0644 0.0000 0.7486 0.0288 0.0330 0.0119 0.1133
70       70   (0)     10  : 0.0905 0.0000 0.4264 0.0114 0.0358 0.0219 0.4140
71       71   (0)     10  : 0.0775 0.0000 0.2591 0.0000 0.1420 0.0659 0.4555
72       72   (0)     10  : 0.0000 0.0000 0.5902 0.0000 0.0578 0.0000 0.3520
73       73   (0)     10  : 0.0636 0.0104 0.1615 0.0061 0.3476 0.2333 0.1775
74       74   (0)     10  : 0.2951 0.0043 0.2000 0.0000 0.2324 0.0000 0.2681
75       75   (0)     10  : 0.2786 0.0000 0.3279 0.0056 0.0000 0.0428 0.3450
76       76   (0)     10  : 0.2897 0.0079 0.2183 0.0028 0.2513 0.0000 0.2300
