 1        1   (0)      1 :  0.3434 0.1399 0.0000 0.0000 0.1460 0.1258 0.0528 0.0000 0.0200 0.0000 0.1153 0.0568 
 2        2   (0)      1 :  0.0000 0.0000 0.0150 0.0232 0.0000 0.0000 0.9350 0.0000 0.0231 0.0006 0.0000 0.0031 
 3        3   (0)      1 :  0.0306 0.3532 0.0000 0.0000 0.1287 0.1433 0.0670 0.0000 0.0200 0.0000 0.2195 0.0378 
 4        4   (0)      1 :  0.3650 0.1468 0.0000 0.0000 0.0893 0.1047 0.0000 0.0000 0.0000 0.0000 0.1542 0.1400 
 5        5   (0)      1 :  0.4796 0.2328 0.0000 0.0000 0.0309 0.0155 0.0316 0.0000 0.0000 0.0000 0.1538 0.0558 
 6        6   (0)      1 :  0.2391 0.1363 0.0000 0.0000 0.2616 0.1175 0.0200 0.0000 0.0258 0.0000 0.1083 0.0915 
 7        7   (0)      1 :  0.1701 0.1499 0.0000 0.0000 0.1600 0.0878 0.0400 0.0000 0.0400 0.0000 0.2522 0.1000 
 8        8   (0)      1 :  0.1965 0.1828 0.0000 0.0000 0.2832 0.0408 0.0828 0.0000 0.0000 0.0000 0.1531 0.0607 
 9        9   (0)      1 :  0.3264 0.2084 0.0000 0.0000 0.2454 0.0175 0.0101 0.0000 0.0136 0.0000 0.1227 0.0561 
10       10   (0)      1 :  0.1929 0.1728 0.0000 0.0000 0.2707 0.0586 0.0058 0.0000 0.0000 0.0000 0.2486 0.0506 
11       11   (0)      1 :  0.2414 0.1672 0.0215 0.0000 0.1129 0.2201 0.0643 0.0000 0.0074 0.0000 0.1254 0.0398 
12       12   (0)      1 :  0.0000 0.0000 0.0000 0.0000 0.0000 0.0000 0.9800 0.0000 0.0200 0.0000 0.0000 0.0000 
13       13   (0)      1 :  0.1536 0.1520 0.0000 0.0000 0.1387 0.1619 0.0236 0.0000 0.0000 0.0000 0.3500 0.0202 
14       14   (0)      2 :  0.0744 0.4137 0.0000 0.0000 0.2108 0.0632 0.0000 0.0000 0.0400 0.0000 0.0704 0.1275 
15       15   (0)      2 :  0.0000 0.0000 0.0000 0.0000 0.0000 0.0000 0.0000 0.0000 0.0000 1.0000 0.0000 0.0000 
16       16   (0)      2 :  0.0486 0.2927 0.0000 0.0000 0.4790 0.0434 0.0000 0.0000 0.0000 0.0000 0.0508 0.0854 
17       17   (0)      2 :  0.1345 0.1118 0.0000 0.0000 0.3044 0.0693 0.0200 0.0000 0.0200 0.0000 0.2600 0.0800 
18       18   (0)      2 :  0.7772 0.0915 0.0000 0.0000 0.0121 0.0245 0.0062 0.0000 0.0000 0.0000 0.0647 0.0239 
19       19   (0)      2 :  0.0854 0.2993 0.0000 0.0000 0.4277 0.0000 0.0229 0.0000 0.0000 0.0000 0.0813 0.0834 
20       20   (0)      2 :  0.2779 0.0999 0.0263 0.0000 0.1283 0.1282 0.0127 0.0000 0.0035 0.0000 0.2733 0.0498 
21       21   (0)      2 :  0.2033 0.0749 0.0000 0.0000 0.1224 0.0772 0.0695 0.0000 0.0000 0.0000 0.3511 0.1017 
22       22   (0)      2 :  0.2809 0.1109 0.0832 0.0000 0.1290 0.1046 0.0162 0.0000 0.0080 0.0000 0.2357 0.0315 
23       23   (0)      2 :  0.1154 0.0441 0.4074 0.0000 0.0662 0.0424 0.0290 0.0000 0.0302 0.0000 0.2373 0.0281 
24       24   (0)      2 :  0.4181 0.1303 0.0000 0.0000 0.1756 0.0062 0.0342 0.0000 0.0015 0.0000 0.2158 0.0182 
25       25   (0)      2 :  0.3217 0.2597 0.0000 0.0000 0.1383 0.0117 0.0429 0.0000 0.0000 0.0000 0.1680 0.0576 
26       26   (0)      2 :  0.0731 0.3249 0.3909 0.0000 0.0664 0.0057 0.0072 0.0000 0.0200 0.0000 0.0995 0.0123 
27       27   (0)      2 :  0.0683 0.5776 0.0000 0.0000 0.2543 0.0194 0.0091 0.0000 0.0000 0.0000 0.0713 0.0000 
28       28   (0)      3 :  0.0000 0.0000 0.0000 0.0000 0.0000 0.0000 0.0000 0.7800 0.1000 0.0000 0.0000 0.1200 
29       29   (0)      3 :  0.0000 0.1200 0.0000 0.0000 0.2624 0.2576 0.0200 0.0000 0.0400 0.0000 0.1200 0.1800 
30       30   (0)      3 :  0.0000 0.0000 0.9800 0.0000 0.0000 0.0000 0.0000 0.0000 0.0000 0.0000 0.0000 0.0200 
31       31   (0)      3 :  0.0092 0.0652 0.5011 0.0000 0.0101 0.1923 0.0104 0.0000 0.0200 0.0000 0.1318 0.0599 
32       32   (0)      3 :  0.0000 0.0000 0.0000 0.0000 0.0000 0.0000 0.0000 0.0000 0.0000 1.0000 0.0000 0.0000 
33       33   (0)      3 :  0.0795 0.3409 0.0000 0.0000 0.2389 0.0503 0.0400 0.0000 0.0400 0.0000 0.1304 0.0800 
34       34   (0)      3 :  0.0000 0.0000 0.0000 0.7890 0.0000 0.0000 0.0000 0.0000 0.1670 0.0000 0.0000 0.0440 
35       35   (0)      3 :  0.0000 0.0000 0.0000 0.5299 0.0000 0.0000 0.0000 0.1547 0.2503 0.0000 0.0000 0.0651 
36       36   (0)      3 :  0.0000 0.0000 0.0000 0.8832 0.0000 0.0000 0.0000 0.0000 0.0568 0.0000 0.0000 0.0600 
37       37   (0)      3 :  0.3743 0.3824 0.0000 0.0000 0.0374 0.0800 0.0025 0.0000 0.0000 0.0000 0.0949 0.0286 
38       38   (0)      3 :  0.0000 0.0000 0.9400 0.0000 0.0000 0.0000 0.0000 0.0000 0.0200 0.0000 0.0000 0.0400 
39       39   (0)      3 :  0.0000 0.0000 0.9800 0.0000 0.0000 0.0000 0.0000 0.0000 0.0000 0.0000 0.0000 0.0200 
40       40   (0)      3 :  0.2759 0.1712 0.0000 0.0000 0.2639 0.0200 0.0200 0.0000 0.0200 0.0000 0.0862 0.1429 
41       41   (0)      3 :  0.2326 0.1715 0.0000 0.0000 0.0404 0.0930 0.0200 0.0000 0.0490 0.0000 0.2048 0.1887 
42       42   (0)      3 :  0.0000 0.0000 0.0000 0.0000 0.0000 0.0000 0.0000 0.0000 0.0000 1.0000 0.0000 0.0000 
43       43   (0)      3 :  0.0000 0.0000 0.0000 0.3341 0.0000 0.0000 0.0000 0.0689 0.5371 0.0549 0.0000 0.0051 
44       44   (0)      3 :  0.1042 0.1917 0.0000 0.0000 0.1083 0.1754 0.0244 0.0000 0.0200 0.0000 0.2160 0.1600 
45       45   (0)      3 :  0.0795 0.1817 0.0000 0.0000 0.4810 0.0714 0.0000 0.0000 0.0000 0.0000 0.1218 0.0645 
46       46   (0)      4 :  0.0000 0.0000 0.0000 0.0000 0.0000 0.0000 0.0000 0.9123 0.0277 0.0000 0.0000 0.0600 
47       47   (0)      4 :  0.0000 0.0000 0.0000 0.0000 0.0000 0.0000 0.0000 0.8600 0.0800 0.0000 0.0000 0.0600 
48       48   (0)      4 :  0.0000 0.1720 0.0000 0.0000 0.1328 0.4980 0.0000 0.0000 0.0400 0.0000 0.0703 0.0868 
49       49   (0)      4 :  0.0377 0.0434 0.0016 0.0000 0.0731 0.5131 0.0225 0.0001 0.0000 0.0000 0.2286 0.0800 
50       50   (0)      4 :  0.0834 0.0154 0.0092 0.0000 0.0069 0.6640 0.0719 0.0000 0.0201 0.0000 0.0547 0.0744 
51       51   (0)      4 :  0.0735 0.0507 0.0279 0.0000 0.1446 0.4622 0.0203 0.0000 0.0031 0.0000 0.1328 0.0848 
52       52   (0)      4 :  0.3204 0.0600 0.0000 0.0000 0.0658 0.2407 0.0400 0.0000 0.0000 0.0000 0.1225 0.1506 
53       53   (0)      4 :  0.0109 0.3890 0.0000 0.0000 0.0506 0.2295 0.0200 0.0000 0.0000 0.0000 0.2000 0.1000 
54       54   (0)      4 :  0.2090 0.0833 0.0000 0.0000 0.0456 0.4081 0.0200 0.0000 0.0000 0.0000 0.1739 0.0600 
55       55   (0)      4 :  0.0066 0.0248 0.6154 0.0000 0.0373 0.1416 0.0000 0.0000 0.0439 0.0000 0.0884 0.0419 
56       56   (0)      4 :  0.0200 0.2400 0.0000 0.0000 0.1382 0.2786 0.0000 0.0000 0.0000 0.0000 0.3032 0.0200 
57       57   (0)      5 :  0.3061 0.1373 0.0000 0.0000 0.1042 0.1252 0.0093 0.0000 0.0243 0.0000 0.1454 0.1482 
58       58   (0)      5 :  0.2262 0.1423 0.0000 0.0003 0.1788 0.1577 0.0116 0.0159 0.0141 0.0000 0.1604 0.0926 
59       59   (0)      5 :  0.0808 0.2228 0.0000 0.0000 0.1546 0.1091 0.0338 0.0000 0.0000 0.0000 0.3279 0.0709 
60       60   (0)      5 :  0.0000 0.0000 0.0000 0.0000 0.0000 0.0000 0.0000 0.8600 0.0600 0.0000 0.0000 0.0800 
61       61   (0)      5 :  0.0000 0.0000 0.0000 0.0001 0.0001 0.0000 0.0000 0.8006 0.0788 0.0004 0.0200 0.1000 
62       62   (0)      5 :  0.0000 0.0000 0.0000 0.0000 0.0000 0.0000 0.0000 0.0000 0.0067 0.9870 0.0000 0.0062 
63       63   (0)      6 :  0.0000 0.0000 0.0000 0.8573 0.0000 0.0000 0.0000 0.0000 0.1427 0.0000 0.0000 0.0000 
64       64   (0)      6 :  0.0000 0.0000 0.0000 0.0000 0.0000 0.0000 0.0000 0.7600 0.1600 0.0000 0.0000 0.0800 
65       65   (0)      6 :  0.0000 0.0000 0.0000 1.0000 0.0000 0.0000 0.0000 0.0000 0.0000 0.0000 0.0000 0.0000 
66       66   (0)      6 :  0.0951 0.0325 0.0000 0.0230 0.0555 0.0047 0.0000 0.5627 0.0820 0.0311 0.0354 0.0780 
67       67   (0)      6 :  0.0000 0.0000 0.0000 0.0000 0.0000 0.0000 0.0000 0.9000 0.0400 0.0000 0.0000 0.0600 
68       68   (0)      6 :  0.0000 0.0000 0.0905 0.0746 0.0000 0.0000 0.0000 0.5908 0.0776 0.0000 0.0200 0.1466 
69       69   (0)      6 :  0.0775 0.0903 0.0151 0.0617 0.2874 0.1496 0.0253 0.0487 0.0214 0.0030 0.1463 0.0737 
70       70   (0)      6 :  0.0000 0.0000 0.0000 0.0000 0.0000 0.0000 0.0000 0.9483 0.0258 0.0000 0.0000 0.0259 
71       71   (0)      6 :  0.0508 0.0121 0.0000 0.0000 0.8929 0.0000 0.0069 0.0000 0.0092 0.0000 0.0200 0.0081 
72       72   (0)      6 :  0.0000 0.0000 0.0000 0.0000 0.0000 0.0000 0.0000 0.8400 0.0800 0.0000 0.0000 0.0800 
73       73   (0)      6 :  0.0000 0.0000 0.0005 0.9210 0.0000 0.0000 0.0000 0.0000 0.0681 0.0000 0.0000 0.0104 
74       74   (0)      6 :  0.0000 0.0000 0.0982 0.0000 0.0000 0.0000 0.0000 0.6223 0.0925 0.0000 0.0200 0.1670 
75       75   (0)      6 :  0.0000 0.0000 0.0387 0.8792 0.0000 0.0000 0.0000 0.0000 0.0720 0.0000 0.0000 0.0101 
76       76   (0)      6 :  0.0000 0.0000 0.1344 0.0000 0.0000 0.0000 0.0000 0.6589 0.0578 0.0000 0.0200 0.1288 
77       77   (0)      6 :  0.0000 0.0000 0.1291 0.0012 0.0000 0.0000 0.0000 0.5955 0.0895 0.0000 0.0200 0.1647 
78       78   (0)      6 :  0.0000 0.0000 0.1871 0.7157 0.0000 0.0000 0.0000 0.0000 0.0656 0.0000 0.0000 0.0316 
79       79   (0)      6 :  0.0000 0.0000 0.0000 0.9040 0.0000 0.0000 0.0000 0.0000 0.0960 0.0000 0.0000 0.0000 
80       80   (0)      7 :  0.7827 0.0400 0.0000 0.0000 0.0050 0.0440 0.0200 0.0000 0.0000 0.0000 0.0992 0.0091 
81       81   (0)      8 :  0.3631 0.0564 0.0122 0.0000 0.0377 0.2469 0.0451 0.0000 0.0000 0.0000 0.1694 0.0694 
82       82   (0)      9 :  0.0000 0.0000 1.0000 0.0000 0.0000 0.0000 0.0000 0.0000 0.0000 0.0000 0.0000 0.0000 
83       83   (0)     10 :  0.1701 0.0376 0.1001 0.0000 0.1081 0.2598 0.0469 0.0000 0.0094 0.0000 0.2059 0.0621 
84       84   (0)     11 :  0.3640 0.1478 0.0000 0.0000 0.0520 0.0547 0.0000 0.0000 0.0400 0.0000 0.1858 0.1557 
85       85   (0)     11 :  0.1083 0.1352 0.4303 0.0000 0.0932 0.0307 0.0000 0.0000 0.0200 0.0000 0.1407 0.0418 
86       86   (0)     12 :  0.0444 0.1120 0.3736 0.0000 0.1011 0.0821 0.0490 0.0000 0.0758 0.0000 0.0759 0.0860 
87       87   (0)     12 :  0.1840 0.1257 0.1590 0.0000 0.1603 0.0375 0.0206 0.0000 0.0203 0.0000 0.2490 0.0435 
88       88   (0)     12 :  0.0508 0.4511 0.0000 0.0000 0.3115 0.0697 0.0067 0.0000 0.0000 0.0000 0.0967 0.0135 
89       89   (0)     12 :  0.1576 0.1104 0.1539 0.0000 0.1480 0.0913 0.0089 0.0000 0.0162 0.0000 0.2349 0.0788 
90       90   (0)     12 :  0.0000 0.0000 0.0000 0.8589 0.0000 0.0000 0.0000 0.0000 0.1411 0.0000 0.0000 0.0000 
91       91   (0)     12 :  0.1367 0.0841 0.0000 0.0000 0.0730 0.3193 0.0263 0.0000 0.0093 0.0000 0.2403 0.1111 
92       92   (0)     12 :  0.2540 0.1518 0.0000 0.0000 0.1073 0.0824 0.0334 0.0000 0.0217 0.0000 0.2866 0.0628 
93       93   (0)     12 :  0.0525 0.1519 0.0000 0.0000 0.4754 0.0072 0.0000 0.0000 0.0000 0.0000 0.2330 0.0800 
94       94   (0)     13 :  0.2833 0.4119 0.0000 0.0000 0.0922 0.0425 0.0400 0.0000 0.0056 0.0000 0.0482 0.0764 
