1        1   (0)      1  : 0.0500 0.0000 0.0000 0.0000 0.0014 0.0026 0.2855 0.4923 0.0000 0.0073 0.0477 0.0000 0.0033 0.0734 0.0366
2        2   (0)      1  : 0.0000 0.0000 0.0043 0.0000 0.0730 0.0000 0.8423 0.0029 0.0000 0.0000 0.0000 0.0134 0.0633 0.0000 0.0008
3        3   (0)      1  : 0.0000 0.0000 0.0000 0.0000 0.0000 0.0000 0.2028 0.7972 0.0000 0.0000 0.0000 0.0000 0.0000 0.0000 0.0000
4        4   (0)      1  : 0.0000 0.0000 0.0000 0.0000 0.0000 0.0000 1.0000 0.0000 0.0000 0.0000 0.0000 0.0000 0.0000 0.0000 0.0000
5        5   (0)      1  : 0.3562 0.0000 0.1317 0.0000 0.0143 0.0967 0.1793 0.0102 0.0000 0.0218 0.0684 0.0001 0.0047 0.0038 0.1129
6        6   (0)      1  : 0.4643 0.0000 0.1021 0.0141 0.0168 0.0578 0.0887 0.0014 0.0000 0.0132 0.1274 0.0197 0.0046 0.0051 0.0849
7        7   (0)      1  : 0.7096 0.0000 0.0000 0.0000 0.0013 0.0000 0.0004 0.0072 0.0000 0.0241 0.0784 0.0212 0.0495 0.0000 0.1084
8        8   (0)      1  : 0.3895 0.0000 0.0947 0.0000 0.0113 0.0486 0.2643 0.0000 0.0000 0.0170 0.0615 0.0006 0.0000 0.0004 0.1123
9        9   (0)      1  : 0.0000 0.0000 0.0000 0.0000 0.0000 0.0000 1.0000 0.0000 0.0000 0.0000 0.0000 0.0000 0.0000 0.0000 0.0000
10       10   (0)      1  : 0.6749 0.0000 0.0000 0.0000 0.0094 0.0000 0.0000 0.0004 0.0000 0.0414 0.1366 0.0189 0.0149 0.0402 0.0632
11       11   (0)      1  : 0.6590 0.0000 0.0000 0.0000 0.0241 0.0000 0.0004 0.0013 0.0000 0.0561 0.1323 0.0139 0.0426 0.0095 0.0608
12       12   (0)      1  : 0.0000 0.0000 0.0000 0.0000 0.0000 0.0000 0.0000 0.0000 0.0000 0.0000 0.0000 0.0000 1.0000 0.0000 0.0000
13       13   (0)      1  : 0.6371 0.0000 0.0000 0.0191 0.0032 0.0007 0.0000 0.0021 0.0000 0.0362 0.1285 0.0349 0.0103 0.0761 0.0517
14       14   (0)      1  : 0.3616 0.0026 0.0937 0.0045 0.0011 0.1148 0.0722 0.0977 0.0227 0.0022 0.0748 0.0272 0.0790 0.0046 0.0414
15       15   (0)      1  : 0.0000 0.0000 0.9999 0.0000 0.0000 0.0000 0.0000 0.0000 0.0000 0.0000 0.0001 0.0000 0.0000 0.0000 0.0000
16       16   (0)      1  : 0.0000 0.0000 0.0000 0.0000 0.0000 0.0000 0.1429 0.6667 0.0000 0.0476 0.0238 0.0238 0.0000 0.0000 0.0952
17       17   (0)      1  : 0.0000 0.0000 0.0000 0.0000 0.0000 0.0000 0.1429 0.6667 0.0000 0.0476 0.0238 0.0238 0.0000 0.0000 0.0952
18       18   (0)      1  : 0.0000 0.0000 0.0000 0.0000 0.0000 0.0000 0.0000 0.0000 0.0000 0.8333 0.0000 0.0000 0.0714 0.0952 0.0000
19       19   (0)      1  : 0.4914 0.0000 0.0000 0.0025 0.0389 0.0035 0.0093 0.0044 0.0000 0.0076 0.2215 0.0542 0.0108 0.0691 0.0868
20       20   (0)      1  : 0.3802 0.0000 0.0000 0.0024 0.0037 0.0000 0.0000 0.0017 0.0000 0.0054 0.4459 0.0404 0.0073 0.0094 0.1035
21       21   (0)      1  : 0.0000 0.0000 0.0000 0.0000 0.0000 0.0000 0.1995 0.8005 0.0000 0.0000 0.0000 0.0000 0.0000 0.0000 0.0000
22       22   (0)      1  : 0.0000 0.0000 1.0000 0.0000 0.0000 0.0000 0.0000 0.0000 0.0000 0.0000 0.0000 0.0000 0.0000 0.0000 0.0000
23       23   (0)      1  : 0.5559 0.0000 0.0010 0.0025 0.0244 0.0000 0.0142 0.0007 0.0000 0.0019 0.2937 0.0151 0.0394 0.0033 0.0481
24       24   (0)      2  : 0.0000 0.0000 0.0000 0.0000 0.0000 0.0000 0.1865 0.7941 0.0000 0.0057 0.0000 0.0027 0.0000 0.0000 0.0110
25       25   (0)      2  : 0.4171 0.0000 0.0000 0.0148 0.0000 0.0017 0.0000 0.0000 0.0000 0.0013 0.4399 0.0023 0.0000 0.0384 0.0844
26       26   (0)      2  : 0.0925 0.0000 0.0000 0.0000 0.0008 0.0000 0.2652 0.3642 0.0000 0.0283 0.1405 0.0000 0.0004 0.0016 0.1064
27       27   (0)      2  : 0.5397 0.0000 0.0000 0.0077 0.0273 0.0000 0.0063 0.0464 0.0000 0.0784 0.1807 0.0084 0.0249 0.0219 0.0583
28       28   (0)      2  : 0.5899 0.0001 0.0242 0.0525 0.0007 0.0043 0.0064 0.0417 0.0000 0.0064 0.1695 0.0204 0.0001 0.0166 0.0671
29       29   (0)      2  : 0.3823 0.0000 0.0000 0.0093 0.0452 0.0016 0.0063 0.0325 0.0000 0.0391 0.3458 0.0197 0.0111 0.0440 0.0630
30       30   (0)      2  : 0.0000 0.1088 0.0000 0.2529 0.0000 0.0000 0.0000 0.0000 0.4716 0.0000 0.0476 0.0000 0.0000 0.0000 0.1190
31       31   (0)      2  : 0.5278 0.0000 0.0104 0.0252 0.0025 0.0094 0.0058 0.0169 0.0000 0.0473 0.2213 0.0156 0.0128 0.0379 0.0672
32       32   (0)      2  : 0.0000 0.0000 0.0000 0.0000 0.0000 0.0000 0.2048 0.7915 0.0000 0.0000 0.0000 0.0000 0.0000 0.0000 0.0037
33       33   (0)      2  : 0.0000 0.0000 0.0000 0.0000 0.0000 0.0000 0.0000 0.0000 0.0000 0.8333 0.0000 0.0000 0.0714 0.0952 0.0000
34       34   (0)      2  : 0.6483 0.0000 0.0000 0.0121 0.0021 0.0000 0.0000 0.0008 0.0000 0.0371 0.2089 0.0048 0.0021 0.0129 0.0709
35       35   (0)      2  : 0.5072 0.0000 0.0238 0.0305 0.0271 0.0004 0.0156 0.0174 0.0000 0.0228 0.1718 0.0398 0.0418 0.0432 0.0584
36       36   (0)      2  : 0.0000 0.0000 0.0000 0.0000 0.0000 0.0000 0.9985 0.0000 0.0000 0.0000 0.0000 0.0000 0.0000 0.0015 0.0000
37       37   (0)      3  : 0.6580 0.0000 0.0000 0.0057 0.0306 0.0000 0.0021 0.0169 0.0000 0.0064 0.1505 0.0244 0.0201 0.0430 0.0424
38       38   (0)      3  : 0.1595 0.0000 0.0000 0.0238 0.1836 0.0000 0.0201 0.0004 0.0000 0.0070 0.5800 0.0171 0.0023 0.0063 0.0000
39       39   (0)      3  : 0.4959 0.0000 0.0000 0.0127 0.0298 0.0036 0.0000 0.0135 0.0000 0.0069 0.2694 0.0000 0.0172 0.0758 0.0753
40       40   (0)      3  : 0.3395 0.0000 0.0000 0.0000 0.0016 0.0000 0.0000 0.0082 0.0000 0.0017 0.4681 0.0217 0.0198 0.0039 0.1355
41       41   (0)      3  : 0.6415 0.0000 0.0000 0.0257 0.0417 0.0000 0.0077 0.0019 0.0000 0.0413 0.1335 0.0004 0.0128 0.0241 0.0694
42       42   (0)      4  : 0.0000 0.5199 0.0000 0.2314 0.0000 0.0000 0.0000 0.0649 0.0615 0.0000 0.0235 0.0000 0.0000 0.0000 0.0990
43       43   (0)      4  : 0.5686 0.0001 0.0000 0.0263 0.0151 0.0131 0.0000 0.0018 0.0000 0.0055 0.1717 0.0146 0.0260 0.0300 0.1272
44       44   (0)      4  : 0.0000 0.4734 0.0000 0.3725 0.0000 0.0000 0.0000 0.0344 0.0563 0.0000 0.0071 0.0000 0.0000 0.0000 0.0564
45       45   (0)      4  : 0.0000 0.3395 0.0000 0.4152 0.0000 0.0000 0.0000 0.0187 0.1397 0.0000 0.0000 0.0000 0.0000 0.0000 0.0870
46       46   (0)      4  : 0.6500 0.0079 0.0087 0.0788 0.0007 0.0002 0.0286 0.0154 0.0004 0.0034 0.0950 0.0232 0.0032 0.0274 0.0571
47       47   (0)      4  : 0.5520 0.0000 0.0000 0.0690 0.0007 0.0033 0.0005 0.0003 0.0000 0.0015 0.1432 0.0296 0.0000 0.1065 0.0936
48       48   (0)      4  : 0.5244 0.0000 0.0000 0.0239 0.0025 0.0017 0.0011 0.0000 0.0000 0.0232 0.2500 0.0293 0.0312 0.0454 0.0671
49       49   (0)      4  : 0.6935 0.0000 0.0000 0.0158 0.0000 0.0000 0.0039 0.0000 0.0000 0.0008 0.1216 0.0023 0.0129 0.0022 0.1470
50       50   (0)      4  : 0.0234 0.0000 0.0000 0.0000 0.0242 0.0238 0.0000 0.0000 0.0000 0.0000 0.0000 0.0000 0.0000 0.9286 0.0000
51       51   (0)      4  : 0.1357 0.0657 0.0240 0.0713 0.0021 0.3012 0.0000 0.0118 0.1765 0.0003 0.0379 0.0022 0.0000 0.1190 0.0522
52       52   (0)      4  : 0.6412 0.0026 0.0000 0.0605 0.0013 0.0271 0.0056 0.0005 0.0003 0.0184 0.1094 0.0530 0.0007 0.0217 0.0576
53       53   (0)      4  : 0.5366 0.0000 0.0000 0.0497 0.0070 0.0000 0.0010 0.0000 0.0001 0.0121 0.3026 0.0013 0.0186 0.0169 0.0542
54       54   (0)      4  : 0.5762 0.0107 0.0094 0.0490 0.0286 0.0016 0.0013 0.0060 0.0078 0.0020 0.1650 0.0234 0.0000 0.0509 0.0682
55       55   (0)      4  : 0.0230 0.0000 0.0000 0.0000 0.0244 0.0238 0.0000 0.0000 0.0000 0.0000 0.0000 0.0000 0.0002 0.9286 0.0000
56       56   (0)      4  : 0.0000 0.5708 0.0000 0.1504 0.0000 0.0000 0.0000 0.0360 0.1158 0.0000 0.0000 0.0000 0.0000 0.0000 0.1270
57       57   (0)      5  : 0.6479 0.0000 0.0000 0.0000 0.0000 0.0000 0.0058 0.0006 0.0000 0.0097 0.2738 0.0125 0.0158 0.0050 0.0288
58       58   (0)      5  : 0.5383 0.0000 0.0000 0.0382 0.0083 0.0011 0.0015 0.0005 0.0000 0.0598 0.2671 0.0232 0.0026 0.0278 0.0317
59       59   (0)      5  : 0.0000 0.7729 0.0000 0.1594 0.0000 0.0000 0.0000 0.0238 0.0069 0.0000 0.0000 0.0000 0.0000 0.0000 0.0370
60       60   (0)      5  : 0.7328 0.0000 0.0000 0.0329 0.0005 0.0000 0.0000 0.0000 0.0000 0.0136 0.0809 0.0468 0.0340 0.0002 0.0582
61       61   (0)      5  : 0.2305 0.1268 0.0925 0.1233 0.0794 0.0618 0.0000 0.0120 0.1472 0.0145 0.0269 0.0003 0.0024 0.0030 0.0794
62       62   (0)      5  : 0.0000 0.2699 0.0000 0.2857 0.0000 0.0000 0.0000 0.0238 0.2777 0.0000 0.0000 0.0000 0.0000 0.0000 0.1429
63       63   (0)      5  : 0.4852 0.0246 0.0058 0.0710 0.0187 0.0441 0.0275 0.0138 0.0732 0.0084 0.1103 0.0130 0.0148 0.0230 0.0665
64       64   (0)      5  : 0.6119 0.0000 0.0000 0.0210 0.0349 0.0003 0.0007 0.0000 0.0000 0.0597 0.1000 0.0375 0.0416 0.0013 0.0911
65       65   (0)      5  : 0.8001 0.0000 0.0000 0.0000 0.0001 0.0000 0.0000 0.0008 0.0000 0.0072 0.0952 0.0016 0.0186 0.0412 0.0354
66       66   (0)      5  : 0.6028 0.0000 0.0000 0.0000 0.0070 0.0017 0.0013 0.0168 0.0000 0.0278 0.1966 0.0071 0.0006 0.0636 0.0746
67       67   (0)      5  : 0.0689 0.0445 0.0215 0.0726 0.0001 0.0700 0.0000 0.0000 0.6595 0.0044 0.0184 0.0000 0.0000 0.0041 0.0360
68       68   (0)      5  : 0.0000 0.5581 0.0000 0.2182 0.0000 0.0000 0.0000 0.0000 0.1488 0.0000 0.0000 0.0000 0.0000 0.0000 0.0749
69       69   (0)      5  : 0.3241 0.0110 0.0004 0.0372 0.0547 0.0043 0.0234 0.0018 0.2038 0.0050 0.2238 0.0120 0.0076 0.0471 0.0436
70       70   (0)      5  : 0.0000 0.0476 0.0000 0.0476 0.0000 0.0000 0.0000 0.0000 0.8810 0.0000 0.0000 0.0000 0.0000 0.0000 0.0238
71       71   (0)      5  : 0.0000 0.3122 0.0000 0.3472 0.0000 0.0000 0.0000 0.0000 0.2454 0.0000 0.0000 0.0000 0.0000 0.0000 0.0952
72       72   (0)      5  : 0.4529 0.0319 0.0018 0.0832 0.0000 0.0010 0.0068 0.0050 0.0491 0.0110 0.2460 0.0006 0.0289 0.0227 0.0592
73       73   (0)      5  : 0.5409 0.0000 0.0000 0.0187 0.0020 0.0000 0.0038 0.0127 0.0000 0.0028 0.2895 0.0463 0.0108 0.0017 0.0707
74       74   (0)      5  : 0.0000 0.6968 0.0000 0.2050 0.0000 0.0000 0.0000 0.0000 0.0475 0.0000 0.0000 0.0000 0.0000 0.0000 0.0507
75       75   (0)      6  : 0.0000 0.2388 0.0000 0.3743 0.0000 0.0000 0.0000 0.0000 0.2652 0.0000 0.0179 0.0000 0.0000 0.0000 0.1038
76       76   (0)      6  : 0.6410 0.0052 0.0116 0.0662 0.0000 0.0164 0.0010 0.0126 0.0135 0.0159 0.1049 0.0132 0.0163 0.0094 0.0727
77       77   (0)      6  : 0.0000 0.5076 0.0000 0.2440 0.0000 0.0000 0.0000 0.0103 0.1867 0.0000 0.0028 0.0000 0.0000 0.0000 0.0485
78       78   (0)      6  : 0.0000 0.6306 0.0000 0.1161 0.0000 0.0000 0.0000 0.0102 0.1241 0.0000 0.0000 0.0000 0.0000 0.0000 0.1190
79       79   (0)      6  : 0.0000 0.2474 0.0000 0.3831 0.0000 0.0000 0.0000 0.0412 0.2140 0.0000 0.0000 0.0000 0.0000 0.0000 0.1143
80       80   (0)      6  : 0.0000 0.0000 0.0019 0.0000 0.0000 0.0000 0.3029 0.6946 0.0000 0.0000 0.0000 0.0001 0.0000 0.0000 0.0005
81       81   (0)      6  : 0.0000 0.2568 0.0000 0.2627 0.0000 0.0000 0.0000 0.0268 0.3195 0.0000 0.0165 0.0000 0.0000 0.0000 0.1178
82       82   (0)      6  : 0.0000 0.1632 0.0000 0.2387 0.0000 0.0000 0.0000 0.0326 0.3810 0.0000 0.0476 0.0000 0.0000 0.0000 0.1370
83       83   (0)      6  : 0.0000 0.0333 0.0011 0.1700 0.0000 0.0005 0.0000 0.0351 0.6372 0.0000 0.0136 0.0000 0.0000 0.0000 0.1093
84       84   (0)      6  : 0.0000 0.1077 0.0000 0.1429 0.0000 0.0000 0.0000 0.0238 0.6542 0.0000 0.0238 0.0000 0.0000 0.0000 0.0476
85       85   (0)      6  : 0.0000 0.2170 0.0000 0.4414 0.0000 0.0000 0.0000 0.0304 0.2825 0.0000 0.0000 0.0000 0.0000 0.0000 0.0288
86       86   (0)      6  : 0.0000 0.0238 0.0000 0.2407 0.0000 0.0000 0.0000 0.0000 0.6749 0.0000 0.0130 0.0000 0.0000 0.0000 0.0476
87       87   (0)      6  : 0.0000 0.6691 0.0000 0.2513 0.0000 0.0000 0.0000 0.0000 0.0704 0.0000 0.0000 0.0000 0.0000 0.0000 0.0091
88       88   (0)      6  : 0.0000 0.5445 0.0000 0.3067 0.0000 0.0000 0.0000 0.0347 0.0584 0.0000 0.0065 0.0000 0.0000 0.0000 0.0491
89       89   (0)      6  : 0.0000 0.4004 0.0000 0.4533 0.0000 0.0000 0.0000 0.0476 0.0749 0.0000 0.0000 0.0000 0.0000 0.0000 0.0238
90       90   (0)      6  : 0.0000 0.0404 0.0000 0.0556 0.0000 0.0000 0.8942 0.0069 0.0000 0.0000 0.0000 0.0000 0.0000 0.0000 0.0029
91       91   (0)      6  : 0.0000 0.4714 0.0000 0.2966 0.0000 0.0000 0.0000 0.0000 0.1130 0.0000 0.0238 0.0000 0.0000 0.0000 0.0952
92       92   (0)      6  : 0.1932 0.0000 0.0000 0.0238 0.0769 0.0066 0.0000 0.0077 0.0000 0.0023 0.6627 0.0020 0.0025 0.0216 0.0007
93       93   (0)      6  : 0.0000 0.0000 0.0140 0.0050 0.0000 0.9810 0.0000 0.0000 0.0000 0.0000 0.0000 0.0000 0.0000 0.0000 0.0000
94       94   (0)      6  : 0.2662 0.0000 0.0000 0.0117 0.0154 0.0621 0.0000 0.0000 0.0000 0.0045 0.3589 0.0132 0.0032 0.2068 0.0580
95       95   (0)      6  : 0.0000 0.0000 0.0063 0.0050 0.0000 0.9778 0.0000 0.0000 0.0000 0.0000 0.0059 0.0000 0.0000 0.0050 0.0000
96       96   (0)      6  : 0.0000 0.0029 0.0034 0.0138 0.0000 0.9279 0.0000 0.0000 0.0000 0.0000 0.0228 0.0000 0.0000 0.0257 0.0035
97       97   (0)      6  : 0.3958 0.0000 0.0000 0.0319 0.0314 0.1624 0.0000 0.0000 0.0000 0.0141 0.2195 0.0014 0.0326 0.0683 0.0426
98       98   (0)      6  : 0.0000 0.0000 0.1361 0.0046 0.0000 0.8580 0.0012 0.0000 0.0000 0.0000 0.0000 0.0000 0.0000 0.0000 0.0000
99       99   (0)      7  : 0.0000 0.2833 0.0000 0.3519 0.0000 0.0000 0.0000 0.0000 0.2432 0.0000 0.0000 0.0000 0.0000 0.0000 0.1217
100      100   (0)      7  : 0.4256 0.0727 0.0238 0.0325 0.0045 0.1674 0.0013 0.0100 0.0232 0.0072 0.1348 0.0057 0.0139 0.0149 0.0625
101      101   (0)      7  : 0.0000 0.0000 1.0000 0.0000 0.0000 0.0000 0.0000 0.0000 0.0000 0.0000 0.0000 0.0000 0.0000 0.0000 0.0000
102      102   (0)      7  : 0.0000 0.0000 1.0000 0.0000 0.0000 0.0000 0.0000 0.0000 0.0000 0.0000 0.0000 0.0000 0.0000 0.0000 0.0000
103      103   (0)      7  : 0.3756 0.0000 0.0000 0.0104 0.0295 0.0035 0.0001 0.0000 0.0000 0.0098 0.2573 0.0354 0.0831 0.1315 0.0638
104      104   (0)      7  : 0.3365 0.0000 0.0000 0.0374 0.0493 0.0002 0.0362 0.0009 0.0000 0.0061 0.4192 0.0303 0.0246 0.0236 0.0356
105      105   (0)      7  : 0.1922 0.0000 0.0000 0.0000 0.0044 0.0000 0.0000 0.0038 0.0000 0.1196 0.2460 0.0001 0.0010 0.0730 0.3600
106      106   (0)      7  : 0.3918 0.0000 0.0000 0.0000 0.0146 0.0008 0.0004 0.0062 0.0000 0.0095 0.2827 0.0226 0.0047 0.0907 0.1761
107      107   (0)      7  : 0.5374 0.0000 0.0000 0.0547 0.0000 0.0021 0.0092 0.0005 0.0000 0.0291 0.2334 0.0212 0.0161 0.0625 0.0337
108      108   (0)      8  : 0.0000 0.0000 0.0000 0.0000 1.0000 0.0000 0.0000 0.0000 0.0000 0.0000 0.0000 0.0000 0.0000 0.0000 0.0000
109      109   (0)      8  : 0.5680 0.0000 0.0000 0.0063 0.0317 0.0000 0.0012 0.0027 0.0000 0.0195 0.1903 0.0225 0.0234 0.0130 0.1216
110      110   (0)      8  : 0.0000 0.0000 0.0000 0.0000 0.0000 0.0000 0.0000 0.0000 0.0000 0.0000 0.0000 0.0000 1.0000 0.0000 0.0000
111      111   (0)      8  : 0.0000 0.0000 0.0000 0.0000 0.0238 0.0000 0.0000 0.0000 0.0000 0.0000 0.0000 0.9762 0.0000 0.0000 0.0000
112      112   (0)      8  : 0.0000 0.0000 1.0000 0.0000 0.0000 0.0000 0.0000 0.0000 0.0000 0.0000 0.0000 0.0000 0.0000 0.0000 0.0000
113      113   (0)      8  : 0.6224 0.0000 0.0000 0.0000 0.0017 0.0000 0.0000 0.0004 0.0000 0.0295 0.1336 0.0182 0.0039 0.0000 0.1903
114      114   (0)      8  : 0.7412 0.0000 0.0000 0.0083 0.0012 0.0000 0.0000 0.0004 0.0000 0.0002 0.1206 0.0046 0.0473 0.0229 0.0532
115      115   (0)      8  : 0.0000 0.0000 0.0000 0.0000 1.0000 0.0000 0.0000 0.0000 0.0000 0.0000 0.0000 0.0000 0.0000 0.0000 0.0000
116      116   (0)      8  : 0.0000 0.0000 0.0000 0.0000 0.0238 0.0000 0.0000 0.0000 0.0000 0.0000 0.0000 0.9762 0.0000 0.0000 0.0000
117      117   (0)      8  : 0.1564 0.0063 0.0000 0.0006 0.0340 0.0334 0.0008 0.0000 0.0002 0.1206 0.2180 0.0057 0.0000 0.0676 0.3564
118      118   (0)      8  : 0.4748 0.0000 0.0000 0.0000 0.0078 0.0000 0.0021 0.0268 0.0000 0.0170 0.2853 0.0000 0.0215 0.0041 0.1606
119      119   (0)      9  : 0.0000 0.4107 0.0000 0.2312 0.0000 0.0000 0.0000 0.0641 0.2384 0.0000 0.0109 0.0000 0.0000 0.0000 0.0447
120      120   (0)     10  : 0.6135 0.0000 0.0450 0.0383 0.0481 0.0022 0.0064 0.0016 0.0000 0.0170 0.1014 0.0285 0.0031 0.0471 0.0477
121      121   (0)     10  : 0.6198 0.0000 0.0000 0.0006 0.0011 0.0016 0.0000 0.0004 0.0000 0.0044 0.2452 0.0653 0.0033 0.0237 0.0347
122      122   (0)     10  : 0.5007 0.0000 0.0000 0.0260 0.0292 0.0015 0.0000 0.0004 0.0000 0.0131 0.3314 0.0021 0.0129 0.0447 0.0379
123      123   (0)     10  : 0.3374 0.0495 0.0102 0.0299 0.0735 0.0009 0.0338 0.0092 0.0033 0.0136 0.3002 0.0244 0.0265 0.0335 0.0540
124      124   (0)     10  : 0.5244 0.0000 0.0516 0.0241 0.0117 0.0000 0.0083 0.0000 0.0000 0.0286 0.2678 0.0092 0.0005 0.0072 0.0667
125      125   (0)     10  : 0.5012 0.0000 0.0314 0.0216 0.0012 0.1556 0.0074 0.0027 0.0000 0.0286 0.0915 0.0171 0.0014 0.0803 0.0601
126      126   (0)     10  : 0.5338 0.0000 0.0138 0.0083 0.0108 0.0027 0.0008 0.0004 0.0000 0.0305 0.2506 0.0004 0.0018 0.0416 0.1046
127      127   (0)     10  : 0.7439 0.0000 0.0000 0.0000 0.0300 0.0000 0.0005 0.0007 0.0000 0.0087 0.1238 0.0247 0.0024 0.0189 0.0465
128      128   (0)     10  : 0.5418 0.0000 0.0197 0.0208 0.0078 0.0009 0.0122 0.0056 0.0000 0.0323 0.1803 0.0385 0.0009 0.0335 0.1057
129      129   (0)     10  : 0.5352 0.0000 0.0000 0.0741 0.0004 0.0018 0.0005 0.0039 0.0000 0.0124 0.2343 0.0004 0.0053 0.0657 0.0660
130      130   (0)     10  : 0.6421 0.0000 0.0000 0.0203 0.0006 0.0013 0.0001 0.0054 0.0000 0.0013 0.2167 0.0000 0.0169 0.0274 0.0678
131      131   (0)     10  : 0.4893 0.0000 0.0339 0.0497 0.0226 0.0028 0.0311 0.0026 0.0000 0.0083 0.1664 0.0378 0.0000 0.0899 0.0656
132      132   (0)     10  : 0.5487 0.0000 0.0526 0.0311 0.0167 0.0413 0.0316 0.0054 0.0000 0.0069 0.1914 0.0084 0.0000 0.0049 0.0609
133      133   (0)     10  : 0.5556 0.0016 0.0241 0.0531 0.0324 0.0195 0.0118 0.0026 0.0069 0.0204 0.1089 0.0269 0.0026 0.0801 0.0536
134      134   (0)     10  : 0.5675 0.0013 0.0437 0.0594 0.0303 0.0264 0.0001 0.0003 0.0015 0.0041 0.1651 0.0074 0.0227 0.0198 0.0504
135      135   (0)     10  : 0.5691 0.0000 0.0338 0.0452 0.0662 0.0002 0.0116 0.0022 0.0000 0.0110 0.1269 0.0164 0.0238 0.0161 0.0776
136      136   (0)     10  : 0.5588 0.0000 0.0101 0.0469 0.0079 0.0015 0.0000 0.0014 0.0000 0.0004 0.2329 0.0135 0.0289 0.0394 0.0585
137      137   (0)     11  : 0.0000 0.4485 0.0880 0.2780 0.0000 0.0000 0.0000 0.0060 0.1154 0.0000 0.0013 0.0000 0.0000 0.0000 0.0629
138      138   (0)     12  : 0.3328 0.0003 0.0452 0.0148 0.0239 0.1493 0.0244 0.0759 0.0000 0.0402 0.1568 0.0001 0.0070 0.0725 0.0569
139      139   (0)     12  : 0.2134 0.0183 0.0611 0.0506 0.0000 0.4319 0.0000 0.0000 0.1269 0.0018 0.0389 0.0015 0.0000 0.0151 0.0403
140      140   (0)     12  : 0.0000 0.0000 0.0394 0.0000 0.0000 0.0000 0.2989 0.6595 0.0000 0.0000 0.0000 0.0000 0.0000 0.0000 0.0022
141      141   (0)     12  : 0.0000 0.0000 0.0092 0.0000 0.0000 0.7616 0.0000 0.0000 0.0000 0.0005 0.0000 0.0009 0.2232 0.0000 0.0047
142      142   (0)     12  : 0.5014 0.0000 0.0529 0.0377 0.0102 0.0102 0.0054 0.0342 0.0000 0.0118 0.1776 0.0293 0.0214 0.0474 0.0606
143      143   (0)     12  : 0.0387 0.0000 0.0580 0.0000 0.0000 0.7197 0.0000 0.0027 0.0034 0.0000 0.0048 0.0095 0.0003 0.1514 0.0116
144      144   (0)     12  : 0.5127 0.0000 0.1191 0.0255 0.0000 0.0406 0.0183 0.0383 0.0031 0.0060 0.1551 0.0068 0.0141 0.0049 0.0554
145      145   (0)     12  : 0.1210 0.0000 0.0000 0.0000 0.0038 0.0000 0.2900 0.2860 0.0000 0.0122 0.1468 0.0000 0.0306 0.0188 0.0907
146      146   (0)     13  : 0.0000 0.8364 0.0000 0.1239 0.0000 0.0000 0.0000 0.0238 0.0000 0.0000 0.0078 0.0000 0.0000 0.0000 0.0081
147      147   (0)     13  : 0.0000 0.5845 0.0000 0.1884 0.0000 0.0000 0.0000 0.0267 0.0795 0.0000 0.0120 0.0000 0.0000 0.0000 0.1089
148      148   (0)     13  : 0.0000 0.4818 0.0000 0.2337 0.0000 0.0000 0.0000 0.0335 0.1275 0.0000 0.0091 0.0000 0.0000 0.0000 0.1143
149      149   (0)     13  : 0.0000 0.3541 0.0000 0.3731 0.0000 0.0000 0.0000 0.0306 0.1279 0.0000 0.0238 0.0000 0.0000 0.0000 0.0904
150      150   (0)     13  : 0.0000 0.8305 0.0000 0.0853 0.0000 0.0000 0.0000 0.0476 0.0366 0.0000 0.0000 0.0000 0.0000 0.0000 0.0000
151      151   (0)     14  : 0.0000 0.5533 0.0000 0.3278 0.0000 0.0000 0.0000 0.0115 0.0566 0.0000 0.0115 0.0000 0.0000 0.0000 0.0393
152      152   (0)     14  : 0.5616 0.0000 0.0000 0.0468 0.0210 0.0024 0.0147 0.0032 0.0000 0.0178 0.1748 0.0225 0.0012 0.0735 0.0604
153      153   (0)     15  : 0.0000 0.0000 0.0064 0.0073 0.0000 0.9762 0.0000 0.0000 0.0000 0.0000 0.0000 0.0000 0.0000 0.0000 0.0102
154      154   (0)     15  : 0.0000 0.4449 0.0000 0.2196 0.0000 0.0000 0.0000 0.0626 0.1911 0.0000 0.0366 0.0000 0.0000 0.0000 0.0452
155      155   (0)     16  : 0.6254 0.0000 0.0355 0.0398 0.0166 0.0299 0.0003 0.0053 0.0000 0.0018 0.1443 0.0369 0.0072 0.0060 0.0510
156      156   (0)     16  : 0.5195 0.0000 0.0069 0.0463 0.0172 0.0000 0.0433 0.0000 0.0000 0.0070 0.1769 0.0432 0.0689 0.0070 0.0638
157      157   (0)     17  : 0.0000 0.0008 0.0890 0.0025 0.0001 0.8911 0.0003 0.0023 0.0019 0.0003 0.0031 0.0000 0.0062 0.0000 0.0023
158      158   (0)     17  : 0.0000 0.0000 0.0005 0.0000 0.0000 0.0000 0.9995 0.0000 0.0000 0.0000 0.0000 0.0000 0.0000 0.0000 0.0000
159      159   (0)     18  : 0.5246 0.0000 0.0146 0.0348 0.0039 0.0045 0.0017 0.0000 0.0000 0.0032 0.2341 0.0079 0.0043 0.0997 0.0667
160      160   (0)     18  : 0.6470 0.0000 0.0000 0.0057 0.0079 0.0000 0.0000 0.0004 0.0000 0.0305 0.1523 0.0159 0.0450 0.0055 0.0897
161      161   (0)     18  : 0.5422 0.0000 0.0000 0.0014 0.0095 0.0000 0.0000 0.0012 0.0000 0.0386 0.2597 0.0057 0.0277 0.0460 0.0680
162      162   (0)     19  : 0.4090 0.0000 0.0295 0.0212 0.0265 0.0631 0.0002 0.0000 0.0000 0.0163 0.1445 0.1128 0.0000 0.1131 0.0638
163      163   (0)     19  : 0.0701 0.0216 0.1860 0.0621 0.0394 0.2026 0.0000 0.0004 0.0445 0.0000 0.3265 0.0239 0.0019 0.0013 0.0198
164      164   (0)     19  : 0.1561 0.0000 0.0000 0.0238 0.1658 0.0000 0.0007 0.0101 0.0000 0.0049 0.6162 0.0056 0.0019 0.0128 0.0022
