Sun Nov 16 04:59:28 2025: Job 1763240293 started running.
Sun Nov 16 04:59:28 2025: Job Parameters:
Sun Nov 16 04:59:28 2025: Input file: 1763240293.zip
Sun Nov 16 04:59:28 2025: Input type: ADMIXTURE
Sun Nov 16 04:59:28 2025: Admixture populations file: 1763240293.pop.admixlabel
Sun Nov 16 04:59:28 2025: CLUMPP repeats: 2000
Sun Nov 16 04:59:28 2025: CLUMPP search method: LargeKGreedy 
Sun Nov 16 04:59:28 2025: MCL cluster size threshold: 0.1 (default)
Sun Nov 16 04:59:28 2025: Extracting file: "1763240293.zip".
Sun Nov 16 04:59:32 2025: Sorting input files by K
Sun Nov 16 04:59:34 2025: Working on K=3
Sun Nov 16 04:59:34 2025: Executing CLUMPP for K=3.
Sun Nov 16 04:59:51 2025: Clustering K=3 with mcl.
Sun Nov 16 04:59:51 2025: no cutoff was used
Sun Nov 16 04:59:51 2025: Executing CLUMPP for major cluster.
Sun Nov 16 05:00:09 2025: Ordering clusters by size for K=3
Sun Nov 16 05:00:09 2025: Calling distruct for K=3.MajorCluster
Sun Nov 16 05:00:09 2025: Creating job summary PDF
Sun Nov 16 05:00:09 2025: Creating job zip file
Sun Nov 16 05:00:10 2025: Job 1763240293 has finished running.
Sun Nov 16 05:00:57 2025: Job 1763240293 started running.
Sun Nov 16 05:00:57 2025: Job Parameters:
Sun Nov 16 05:00:57 2025: Input file: 1763240293.zip
Sun Nov 16 05:00:57 2025: Input type: ADMIXTURE
Sun Nov 16 05:00:57 2025: Admixture populations file: 1763240293.pop.admixlabel
Sun Nov 16 05:00:57 2025: CLUMPP repeats: 2000
Sun Nov 16 05:00:57 2025: CLUMPP search method: LargeKGreedy 
Sun Nov 16 05:00:57 2025: MCL cluster size threshold: 0.1 (default)
Sun Nov 16 05:00:57 2025: Extracting file: "1763240293.zip".
Sun Nov 16 05:00:59 2025: Sorting input files by K
Sun Nov 16 05:01:01 2025: Working on K=1
Sun Nov 16 05:01:01 2025: Executing CLUMPP for K=1.
Sun Nov 16 05:01:01 2025: Clustering K=1 with mcl.
Sun Nov 16 05:01:01 2025: no cutoff was used
Sun Nov 16 05:01:01 2025: Executing CLUMPP for major cluster.
Sun Nov 16 05:01:01 2025: Working on K=2
Sun Nov 16 05:01:02 2025: Executing CLUMPP for K=2.
Sun Nov 16 05:01:10 2025: Clustering K=2 with mcl.
Sun Nov 16 05:01:10 2025: no cutoff was used
Sun Nov 16 05:01:10 2025: Executing CLUMPP for major cluster.
Sun Nov 16 05:01:19 2025: Working on K=3
Sun Nov 16 05:01:19 2025: Executing CLUMPP for K=3.
Sun Nov 16 05:01:36 2025: Clustering K=3 with mcl.
Sun Nov 16 05:01:36 2025: no cutoff was used
Sun Nov 16 05:01:36 2025: Executing CLUMPP for major cluster.
Sun Nov 16 05:01:54 2025: Working on K=4
Sun Nov 16 05:01:54 2025: Executing CLUMPP for K=4.
Sun Nov 16 05:02:23 2025: Clustering K=4 with mcl.
Sun Nov 16 05:02:23 2025: no cutoff was used
Sun Nov 16 05:02:23 2025: Executing CLUMPP for major cluster.
Sun Nov 16 05:02:52 2025: Working on K=5
Sun Nov 16 05:02:52 2025: Executing CLUMPP for K=5.
Sun Nov 16 05:03:37 2025: Clustering K=5 with mcl.
Sun Nov 16 05:03:37 2025: cutoff used: 0.79
Sun Nov 16 05:03:37 2025: Executing CLUMPP for major cluster.
Sun Nov 16 05:03:43 2025: Executing CLUMPP for minor clusters.
Sun Nov 16 05:03:51 2025: Working on K=6
Sun Nov 16 05:03:51 2025: Executing CLUMPP for K=6.
Sun Nov 16 05:04:53 2025: Clustering K=6 with mcl.
Sun Nov 16 05:04:53 2025: cutoff used: 0.76
Sun Nov 16 05:04:53 2025: Executing CLUMPP for major cluster.
Sun Nov 16 05:05:19 2025: Executing CLUMPP for minor clusters.
Sun Nov 16 05:05:24 2025: Working on K=7
Sun Nov 16 05:05:24 2025: Executing CLUMPP for K=7.
Sun Nov 16 05:06:48 2025: Clustering K=7 with mcl.
Sun Nov 16 05:06:48 2025: cutoff used: 0.72
Sun Nov 16 05:06:48 2025: Executing CLUMPP for major cluster.
Sun Nov 16 05:07:32 2025: Executing CLUMPP for minor clusters.
Sun Nov 16 05:07:36 2025: Working on K=8
Sun Nov 16 05:07:36 2025: Executing CLUMPP for K=8.
Sun Nov 16 05:09:24 2025: Clustering K=8 with mcl.
Sun Nov 16 05:09:24 2025: cutoff used: 0.68
Sun Nov 16 05:09:24 2025: Executing CLUMPP for major cluster.
Sun Nov 16 05:09:58 2025: Executing CLUMPP for minor clusters.
Sun Nov 16 05:10:08 2025: Working on K=9
Sun Nov 16 05:10:08 2025: Executing CLUMPP for K=9.
Sun Nov 16 05:12:25 2025: Clustering K=9 with mcl.
Sun Nov 16 05:12:25 2025: cutoff used: 0.65
Sun Nov 16 05:12:25 2025: Executing CLUMPP for major cluster.
Sun Nov 16 05:13:35 2025: Executing CLUMPP for minor clusters.
Sun Nov 16 05:13:42 2025: Working on K=10
Sun Nov 16 05:13:42 2025: Executing CLUMPP for K=10.
Sun Nov 16 05:16:29 2025: Clustering K=10 with mcl.
Sun Nov 16 05:16:29 2025: cutoff used: 0.64
Sun Nov 16 05:16:29 2025: Executing CLUMPP for major cluster.
Sun Nov 16 05:18:32 2025: Working on K=11
Sun Nov 16 05:18:32 2025: Executing CLUMPP for K=11.
Sun Nov 16 05:21:55 2025: Clustering K=11 with mcl.
Sun Nov 16 05:21:55 2025: cutoff used: 0.58
Sun Nov 16 05:21:55 2025: Executing CLUMPP for major cluster.
Sun Nov 16 05:25:01 2025: Working on K=12
Sun Nov 16 05:25:01 2025: Executing CLUMPP for K=12.
Sun Nov 16 05:29:01 2025: Clustering K=12 with mcl.
Sun Nov 16 05:29:01 2025: cutoff used: 0.57
Sun Nov 16 05:29:01 2025: Executing CLUMPP for major cluster.
Sun Nov 16 05:33:00 2025: Working on K=13
Sun Nov 16 05:33:00 2025: Executing CLUMPP for K=13.
Sun Nov 16 05:37:39 2025: Clustering K=13 with mcl.
Sun Nov 16 05:37:39 2025: cutoff used: 0.53
Sun Nov 16 05:37:39 2025: Executing CLUMPP for major cluster.
Sun Nov 16 05:42:18 2025: Working on K=14
Sun Nov 16 05:42:18 2025: Executing CLUMPP for K=14.
Sun Nov 16 05:47:40 2025: Clustering K=14 with mcl.
Sun Nov 16 05:47:40 2025: cutoff used: 0.52
Sun Nov 16 05:47:40 2025: Executing CLUMPP for major cluster.
Sun Nov 16 05:52:49 2025: Working on K=15
Sun Nov 16 05:52:49 2025: Executing CLUMPP for K=15.
Sun Nov 16 05:58:58 2025: Clustering K=15 with mcl.
Sun Nov 16 05:58:58 2025: cutoff used: 0.51
Sun Nov 16 05:58:58 2025: Executing CLUMPP for major cluster.
Sun Nov 16 06:03:18 2025: Executing CLUMPP for minor clusters.
Sun Nov 16 06:03:22 2025: Working on K=16
Sun Nov 16 06:03:23 2025: Executing CLUMPP for K=16.
Sun Nov 16 06:10:20 2025: Clustering K=16 with mcl.
Sun Nov 16 06:10:20 2025: cutoff used: 0.50
Sun Nov 16 06:10:20 2025: Executing CLUMPP for major cluster.
Sun Nov 16 06:16:46 2025: Working on K=17
Sun Nov 16 06:16:46 2025: Executing CLUMPP for K=17.
Sun Nov 16 06:24:36 2025: Clustering K=17 with mcl.
Sun Nov 16 06:24:36 2025: cutoff used: 0.50
Sun Nov 16 06:24:36 2025: Executing CLUMPP for major cluster.
Sun Nov 16 06:32:08 2025: Working on K=18
Sun Nov 16 06:32:08 2025: Executing CLUMPP for K=18.
Sun Nov 16 06:40:55 2025: Clustering K=18 with mcl.
Sun Nov 16 06:40:56 2025: cutoff used: 0.50
Sun Nov 16 06:40:56 2025: Executing CLUMPP for major cluster.
Sun Nov 16 06:48:04 2025: Working on K=19
Sun Nov 16 06:48:04 2025: Executing CLUMPP for K=19.
Sun Nov 16 06:57:51 2025: Clustering K=19 with mcl.
Sun Nov 16 06:57:51 2025: cutoff used: 0.50
Sun Nov 16 06:57:51 2025: Executing CLUMPP for major cluster.
Sun Nov 16 07:04:25 2025: Working on K=20
Sun Nov 16 07:04:25 2025: Executing CLUMPP for K=20.
Sun Nov 16 07:15:14 2025: Clustering K=20 with mcl.
Sun Nov 16 07:15:14 2025: cutoff used: 0.50
Sun Nov 16 07:15:14 2025: Executing CLUMPP for major cluster.
Sun Nov 16 07:18:36 2025: Executing CLUMPP for minor clusters.
Sun Nov 16 07:18:56 2025: Working on K=21
Sun Nov 16 07:18:56 2025: Executing CLUMPP for K=21.
Sun Nov 16 07:30:51 2025: Clustering K=21 with mcl.
Sun Nov 16 07:30:51 2025: cutoff used: 0.50
Sun Nov 16 07:30:51 2025: Executing CLUMPP for major cluster.
Sun Nov 16 07:31:52 2025: Executing CLUMPP for minor clusters.
Sun Nov 16 07:32:19 2025: Working on K=22
Sun Nov 16 07:32:20 2025: Executing CLUMPP for K=22.
Sun Nov 16 07:45:22 2025: Clustering K=22 with mcl.
Sun Nov 16 07:45:22 2025: cutoff used: 0.50
Sun Nov 16 07:45:22 2025: Executing CLUMPP for major cluster.
Sun Nov 16 07:47:12 2025: Working on K=23
Sun Nov 16 07:47:13 2025: Executing CLUMPP for K=23.
Sun Nov 16 08:01:30 2025: Clustering K=23 with mcl.
Sun Nov 16 08:01:30 2025: cutoff used: 0.50
Sun Nov 16 08:01:30 2025: Executing CLUMPP for major cluster.
Sun Nov 16 08:02:17 2025: Executing CLUMPP for minor clusters.
Sun Nov 16 08:02:55 2025: Calling distruct for K=1.MajorCluster
Sun Nov 16 08:02:55 2025: Calculating best Average Distance between K=1 and K=2..
Sun Nov 16 08:02:55 2025: Calling distruct for K=2.MajorCluster
Sun Nov 16 08:02:56 2025: Calculating best Average Distance between K=2 and K=3..
Sun Nov 16 08:02:56 2025: Calling distruct for K=3.MajorCluster
Sun Nov 16 08:02:56 2025: Calculating best Average Distance between K=3 and K=4..
Sun Nov 16 08:02:56 2025: Calling distruct for K=4.MajorCluster
Sun Nov 16 08:02:57 2025: Calculating best Average Distance between K=4 and K=5..
Sun Nov 16 08:02:57 2025: Calling distruct for K=5.MajorCluster
Sun Nov 16 08:02:58 2025: Calculating best Average Distance between K=5 and K=6..
Sun Nov 16 08:02:58 2025: Calling distruct for K=6.MajorCluster
Sun Nov 16 08:02:59 2025: Calculating best Average Distance between K=6 and K=7..
Sun Nov 16 08:03:04 2025: Calling distruct for K=7.MajorCluster
Sun Nov 16 08:03:05 2025: Calculating best Average Distance between K=7 and K=8..
Sun Nov 16 08:03:51 2025: Calling distruct for K=8.MajorCluster
Sun Nov 16 08:03:52 2025: Calculating best Average Distance between K=8 and K=9..
Sun Nov 16 08:03:52 2025: Calling distruct for K=9.MajorCluster
Sun Nov 16 08:03:53 2025: Calculating best Average Distance between K=9 and K=10..
Sun Nov 16 08:03:53 2025: Calling distruct for K=10.MajorCluster
Sun Nov 16 08:03:53 2025: Calculating best Average Distance between K=10 and K=11..
Sun Nov 16 08:03:53 2025: Calling distruct for K=11.MajorCluster
Sun Nov 16 08:03:54 2025: Calculating best Average Distance between K=11 and K=12..
Sun Nov 16 08:03:54 2025: Calling distruct for K=12.MajorCluster
Sun Nov 16 08:03:55 2025: Calculating best Average Distance between K=12 and K=13..
Sun Nov 16 08:03:55 2025: Calling distruct for K=13.MajorCluster
Sun Nov 16 08:03:55 2025: Calculating best Average Distance between K=13 and K=14..
Sun Nov 16 08:03:56 2025: Calling distruct for K=14.MajorCluster
Sun Nov 16 08:03:56 2025: Calculating best Average Distance between K=14 and K=15..
Sun Nov 16 08:03:56 2025: Calling distruct for K=15.MajorCluster
Sun Nov 16 08:03:57 2025: Calculating best Average Distance between K=15 and K=16..
Sun Nov 16 08:03:57 2025: Calling distruct for K=16.MajorCluster
Sun Nov 16 08:03:58 2025: Calculating best Average Distance between K=16 and K=17..
Sun Nov 16 08:03:58 2025: Calling distruct for K=17.MajorCluster
Sun Nov 16 08:03:58 2025: Calculating best Average Distance between K=17 and K=18..
Sun Nov 16 08:03:58 2025: Calling distruct for K=18.MajorCluster
Sun Nov 16 08:03:59 2025: Calculating best Average Distance between K=18 and K=19..
Sun Nov 16 08:03:59 2025: Calling distruct for K=19.MajorCluster
Sun Nov 16 08:04:00 2025: Calculating best Average Distance between K=19 and K=20..
Sun Nov 16 08:04:00 2025: Calling distruct for K=20.MajorCluster
Sun Nov 16 08:04:00 2025: Calculating best Average Distance between K=20 and K=21..
Sun Nov 16 08:04:01 2025: Calling distruct for K=21.MajorCluster
Sun Nov 16 08:04:01 2025: Calculating best Average Distance between K=21 and K=22..
Sun Nov 16 08:04:01 2025: Calling distruct for K=22.MajorCluster
Sun Nov 16 08:04:02 2025: Calculating best Average Distance between K=22 and K=23..
Sun Nov 16 08:04:02 2025: Calling distruct for K=23.MajorCluster
Sun Nov 16 08:04:03 2025: Calculating best Average Distance between large cluster and K=5.MinorCluster1..
Sun Nov 16 08:04:03 2025: Calling distruct for K=5.MinorCluster1
Sun Nov 16 08:04:04 2025: Calculating best Average Distance between large cluster and K=5.MinorCluster2..
Sun Nov 16 08:04:04 2025: Calling distruct for K=5.MinorCluster2
Sun Nov 16 08:04:05 2025: Calculating best Average Distance between large cluster and K=6.MinorCluster1..
Sun Nov 16 08:04:05 2025: Calling distruct for K=6.MinorCluster1
Sun Nov 16 08:04:06 2025: Calculating best Average Distance between large cluster and K=7.MinorCluster1..
Sun Nov 16 08:04:12 2025: Calling distruct for K=7.MinorCluster1
Sun Nov 16 08:04:12 2025: Calculating best Average Distance between large cluster and K=8.MinorCluster1..
Sun Nov 16 08:04:59 2025: Calling distruct for K=8.MinorCluster1
Sun Nov 16 08:05:00 2025: Calculating best Average Distance between large cluster and K=9.MinorCluster1..
Sun Nov 16 08:05:00 2025: Calling distruct for K=9.MinorCluster1
Sun Nov 16 08:05:00 2025: Calculating best Average Distance between large cluster and K=15.MinorCluster1..
Sun Nov 16 08:05:00 2025: Calling distruct for K=15.MinorCluster1
Sun Nov 16 08:05:01 2025: Calculating best Average Distance between large cluster and K=20.MinorCluster1..
Sun Nov 16 08:05:01 2025: Calling distruct for K=20.MinorCluster1
Sun Nov 16 08:05:02 2025: Calculating best Average Distance between large cluster and K=21.MinorCluster1..
Sun Nov 16 08:05:02 2025: Calling distruct for K=21.MinorCluster1
Sun Nov 16 08:05:03 2025: Calculating best Average Distance between large cluster and K=23.MinorCluster1..
Sun Nov 16 08:05:03 2025: Calling distruct for K=23.MinorCluster1
Sun Nov 16 08:05:04 2025: Calculating best Average Distance between large cluster and K=23.MinorCluster2..
Sun Nov 16 08:05:04 2025: Calling distruct for K=23.MinorCluster2
Sun Nov 16 08:05:04 2025: Calculating best Average Distance between large cluster and K=23.MinorCluster3..
Sun Nov 16 08:05:05 2025: Calling distruct for K=23.MinorCluster3
Sun Nov 16 08:05:05 2025: Creating job summary PDF
Sun Nov 16 08:05:05 2025: Creating job zip file
