1        1   (0)      1  : 0.0480 0.9520
2        2   (0)      1  : 0.9163 0.0837
3        3   (0)      1  : 0.0401 0.9599
4        4   (0)      1  : 0.0499 0.9501
5        5   (0)      1  : 0.1054 0.8946
6        6   (0)      1  : 0.9090 0.0910
7        7   (0)      1  : 0.0678 0.9322
8        8   (0)      1  : 0.9143 0.0857
9        9   (0)      1  : 0.0513 0.9487
10       10   (0)      2  : 0.0474 0.9526
11       11   (0)      2  : 0.0673 0.9327
12       12   (0)      2  : 0.9166 0.0834
13       13   (0)      3  : 0.0694 0.9306
14       14   (0)      3  : 0.8605 0.1395
15       15   (0)      3  : 0.9079 0.0921
16       16   (0)      3  : 0.3800 0.6200
17       17   (0)      4  : 0.6294 0.3706
18       18   (0)      4  : 0.9070 0.0930
19       19   (0)      5  : 0.9238 0.0762
20       20   (0)      5  : 0.3073 0.6927
21       21   (0)      5  : 0.0912 0.9088
22       22   (0)      5  : 0.0694 0.9306
23       23   (0)      5  : 0.0518 0.9482
24       24   (0)      5  : 0.0747 0.9253
25       25   (0)      5  : 0.0624 0.9376
26       26   (0)      5  : 0.4917 0.5083
27       27   (0)      5  : 0.3800 0.6200
28       28   (0)      5  : 0.3800 0.6200
29       29   (0)      5  : 0.9441 0.0559
30       30   (0)      5  : 0.9348 0.0652
31       31   (0)      5  : 0.5077 0.4923
32       32   (0)      5  : 0.0847 0.9153
33       33   (0)      5  : 0.9062 0.0938
34       34   (0)      5  : 0.9265 0.0735
35       35   (0)      5  : 0.9185 0.0815
36       36   (0)      6  : 0.8950 0.1050
37       37   (0)      6  : 0.3800 0.6200
38       38   (0)      6  : 0.9310 0.0690
39       39   (0)      6  : 0.5377 0.4623
40       40   (0)      6  : 0.9311 0.0689
41       41   (0)      6  : 0.9156 0.0844
42       42   (0)      6  : 0.8807 0.1193
43       43   (0)      6  : 0.8787 0.1213
44       44   (0)      6  : 0.9390 0.0610
45       45   (0)      6  : 0.9351 0.0649
46       46   (0)      6  : 0.3356 0.6644
47       47   (0)      6  : 0.9170 0.0830
48       48   (0)      7  : 0.9254 0.0746
49       49   (0)      7  : 0.4041 0.5959
50       50   (0)      7  : 0.9053 0.0947
51       51   (0)      8  : 0.8901 0.1099
52       52   (0)      8  : 0.8464 0.1536
53       53   (0)      9  : 0.9248 0.0752
54       54   (0)     10  : 0.9270 0.0730
55       55   (0)     10  : 0.0278 0.9722
56       56   (0)     10  : 0.4192 0.5808
57       57   (0)     10  : 0.9314 0.0686
58       58   (0)     11  : 0.8530 0.1470
59       59   (0)     11  : 0.1016 0.8984
60       60   (0)     11  : 0.4367 0.5633
61       61   (0)     11  : 0.9360 0.0640
62       62   (0)     11  : 0.9428 0.0572
63       63   (0)     11  : 0.8214 0.1786
64       64   (0)     11  : 0.9414 0.0586
65       65   (0)     11  : 0.3800 0.6200
66       66   (0)     11  : 0.9567 0.0433
67       67   (0)     11  : 0.0167 0.9833
68       68   (0)     11  : 0.2236 0.7764
69       69   (0)     11  : 0.6245 0.3755
70       70   (0)     11  : 0.9302 0.0698
71       71   (0)     11  : 0.0864 0.9136
72       72   (0)     12  : 0.0696 0.9304
73       73   (0)     12  : 0.0447 0.9553
74       74   (0)     12  : 0.0540 0.9460
75       75   (0)     12  : 0.4608 0.5392
76       76   (0)     12  : 0.0146 0.9854
77       77   (0)     12  : 0.9165 0.0835
78       78   (0)     12  : 0.8601 0.1399
79       79   (0)     12  : 0.0285 0.9715
80       80   (0)     12  : 0.8297 0.1703
81       81   (0)     13  : 0.3800 0.6200
82       82   (0)     13  : 0.0890 0.9110
83       83   (0)     13  : 0.0356 0.9644
84       84   (0)     13  : 0.0264 0.9736
85       85   (0)     13  : 0.0438 0.9562
86       86   (0)     13  : 0.0120 0.9880
87       87   (0)     13  : 0.8910 0.1090
88       88   (0)     13  : 0.0534 0.9466
89       89   (0)     13  : 0.0209 0.9791
90       90   (0)     13  : 0.0522 0.9478
91       91   (0)     13  : 0.1128 0.8872
92       92   (0)     13  : 0.0892 0.9108
93       93   (0)     13  : 0.9011 0.0989
94       94   (0)     13  : 0.0557 0.9443
95       95   (0)     14  : 0.9200 0.0800
96       96   (0)     14  : 0.0684 0.9316
97       97   (0)     15  : 0.3800 0.6200
98       98   (0)     15  : 0.9381 0.0619
99       99   (0)     15  : 0.4539 0.5461
100      100   (0)     15  : 0.9315 0.0685
101      101   (0)     15  : 0.8612 0.1388
102      102   (0)     15  : 0.9326 0.0674
103      103   (0)     15  : 0.8998 0.1002
104      104   (0)     15  : 0.8649 0.1351
105      105   (0)     15  : 0.8617 0.1383
