 1        1   (0)      1 :  0.1146 0.2973 0.2916 0.2964 0.0000 0.0000 0.0000 
 2        2   (0)      1 :  0.3071 0.0739 0.1916 0.0868 0.1215 0.1465 0.0726 
 3        3   (0)      1 :  0.0467 0.2538 0.2610 0.4333 0.0000 0.0052 0.0000 
 4        4   (0)      1 :  0.0598 0.3278 0.3182 0.2743 0.0000 0.0200 0.0000 
 5        5   (0)      1 :  0.0335 0.4846 0.1500 0.3227 0.0000 0.0092 0.0000 
 6        6   (0)      1 :  0.0155 0.4697 0.2540 0.2608 0.0000 0.0000 0.0000 
 7        7   (0)      1 :  0.0066 0.3979 0.2613 0.3342 0.0000 0.0000 0.0000 
 8        8   (0)      1 :  0.0143 0.2883 0.2727 0.4246 0.0000 0.0000 0.0000 
 9        9   (0)      1 :  0.0292 0.3058 0.1333 0.5317 0.0000 0.0000 0.0000 
10       10   (0)      1 :  0.0278 0.3854 0.2423 0.3446 0.0000 0.0000 0.0000 
11       11   (0)      1 :  0.1223 0.3242 0.1376 0.3679 0.0456 0.0023 0.0000 
12       12   (0)      1 :  0.4200 0.1200 0.3000 0.1400 0.0000 0.0200 0.0000 
13       13   (0)      1 :  0.0610 0.2085 0.2777 0.4527 0.0000 0.0000 0.0000 
14       14   (0)      2 :  0.1150 0.2322 0.2576 0.3889 0.0000 0.0062 0.0000 
15       15   (0)      2 :  0.4800 0.0000 0.0000 0.0000 0.0000 0.5000 0.0200 
16       16   (0)      2 :  0.0616 0.0948 0.1260 0.7125 0.0000 0.0051 0.0000 
17       17   (0)      2 :  0.0508 0.2176 0.3225 0.4090 0.0000 0.0000 0.0000 
18       18   (0)      2 :  0.0297 0.6391 0.1244 0.2069 0.0000 0.0000 0.0000 
19       19   (0)      2 :  0.0816 0.2236 0.0960 0.5788 0.0000 0.0200 0.0000 
20       20   (0)      2 :  0.0641 0.3779 0.1686 0.3474 0.0419 0.0000 0.0000 
21       21   (0)      2 :  0.0985 0.2784 0.2759 0.3472 0.0000 0.0000 0.0000 
22       22   (0)      2 :  0.0585 0.3205 0.1699 0.3557 0.0948 0.0006 0.0000 
23       23   (0)      2 :  0.0889 0.1321 0.1256 0.2052 0.4482 0.0000 0.0000 
24       24   (0)      2 :  0.0480 0.1789 0.1656 0.6074 0.0000 0.0000 0.0000 
25       25   (0)      2 :  0.0719 0.2433 0.0964 0.5839 0.0000 0.0045 0.0000 
26       26   (0)      2 :  0.0478 0.1444 0.0601 0.3370 0.4078 0.0031 0.0000 
27       27   (0)      2 :  0.0568 0.1867 0.2021 0.5502 0.0000 0.0041 0.0000 
28       28   (0)      3 :  0.0000 0.0000 0.0000 0.0000 0.0000 0.0000 1.0000 
29       29   (0)      3 :  0.1605 0.2205 0.3877 0.2314 0.0000 0.0000 0.0000 
30       30   (0)      3 :  0.0000 0.0000 0.0000 0.0000 1.0000 0.0000 0.0000 
31       31   (0)      3 :  0.0289 0.0849 0.2759 0.0771 0.5332 0.0000 0.0000 
32       32   (0)      3 :  0.4800 0.0000 0.0000 0.0000 0.0000 0.5000 0.0200 
33       33   (0)      3 :  0.0776 0.0937 0.1633 0.6654 0.0000 0.0000 0.0000 
34       34   (0)      3 :  0.0000 0.0000 0.0000 0.0000 0.0000 0.8320 0.1680 
35       35   (0)      3 :  0.0000 0.0000 0.0011 0.0000 0.0000 0.6141 0.3848 
36       36   (0)      3 :  0.0000 0.0000 0.0000 0.0000 0.0000 0.8200 0.1800 
37       37   (0)      3 :  0.0601 0.3915 0.2050 0.3234 0.0000 0.0200 0.0000 
38       38   (0)      3 :  0.0000 0.0000 0.0000 0.0000 1.0000 0.0000 0.0000 
39       39   (0)      3 :  0.0000 0.0000 0.0000 0.0000 1.0000 0.0000 0.0000 
40       40   (0)      3 :  0.1909 0.3053 0.2478 0.2560 0.0000 0.0000 0.0000 
41       41   (0)      3 :  0.0298 0.4468 0.1629 0.3604 0.0000 0.0000 0.0000 
42       42   (0)      3 :  0.4800 0.0000 0.0000 0.0002 0.0000 0.5000 0.0198 
43       43   (0)      3 :  0.0576 0.0000 0.0200 0.0000 0.0000 0.6401 0.2823 
44       44   (0)      3 :  0.0798 0.3152 0.4506 0.1543 0.0000 0.0000 0.0000 
45       45   (0)      3 :  0.0487 0.0999 0.0802 0.7712 0.0000 0.0000 0.0000 
46       46   (0)      4 :  0.0000 0.0000 0.0000 0.0000 0.0000 0.0000 1.0000 
47       47   (0)      4 :  0.0000 0.0000 0.0000 0.0000 0.0000 0.0000 1.0000 
48       48   (0)      4 :  0.0774 0.3518 0.4210 0.1499 0.0000 0.0000 0.0000 
49       49   (0)      4 :  0.1847 0.2354 0.3968 0.1646 0.0161 0.0000 0.0024 
50       50   (0)      4 :  0.1488 0.4931 0.2695 0.0475 0.0410 0.0000 0.0001 
51       51   (0)      4 :  0.1338 0.2628 0.2439 0.3077 0.0518 0.0000 0.0000 
52       52   (0)      4 :  0.1292 0.5393 0.1053 0.2233 0.0030 0.0000 0.0000 
53       53   (0)      4 :  0.1282 0.1542 0.5410 0.1767 0.0000 0.0000 0.0000 
54       54   (0)      4 :  0.0044 0.5215 0.1746 0.2995 0.0000 0.0000 0.0000 
55       55   (0)      4 :  0.0410 0.0733 0.1569 0.0656 0.6631 0.0000 0.0000 
56       56   (0)      4 :  0.0400 0.3240 0.4162 0.2197 0.0000 0.0000 0.0000 
57       57   (0)      5 :  0.1433 0.4206 0.2289 0.2072 0.0000 0.0000 0.0000 
58       58   (0)      5 :  0.0837 0.3302 0.1913 0.3475 0.0029 0.0016 0.0428 
59       59   (0)      5 :  0.0996 0.4773 0.1215 0.3017 0.0000 0.0000 0.0000 
60       60   (0)      5 :  0.0000 0.0000 0.0000 0.0000 0.0000 0.0000 1.0000 
61       61   (0)      5 :  0.0000 0.0021 0.0101 0.0014 0.0064 0.0000 0.9800 
62       62   (0)      5 :  0.4980 0.0039 0.0012 0.0000 0.0381 0.4429 0.0159 
63       63   (0)      6 :  0.0000 0.0000 0.0000 0.0000 0.0000 0.8200 0.1800 
64       64   (0)      6 :  0.0000 0.0000 0.0000 0.0000 0.0000 0.0000 1.0000 
65       65   (0)      6 :  0.0000 0.0000 0.0000 0.0000 0.0000 0.8311 0.1689 
66       66   (0)      6 :  0.0216 0.0809 0.0239 0.1380 0.0000 0.0493 0.6863 
67       67   (0)      6 :  0.0000 0.0000 0.0000 0.0000 0.0000 0.0000 1.0000 
68       68   (0)      6 :  0.0000 0.0000 0.0200 0.0000 0.1223 0.0841 0.7736 
69       69   (0)      6 :  0.0654 0.2551 0.2002 0.3122 0.0290 0.0635 0.0746 
70       70   (0)      6 :  0.0000 0.0000 0.0000 0.0000 0.0000 0.0000 1.0000 
71       71   (0)      6 :  0.0287 0.0640 0.1368 0.7705 0.0000 0.0000 0.0000 
72       72   (0)      6 :  0.0000 0.0000 0.0000 0.0000 0.0000 0.0000 1.0000 
73       73   (0)      6 :  0.0000 0.0000 0.0000 0.0000 0.0347 0.8003 0.1650 
74       74   (0)      6 :  0.0000 0.0000 0.0200 0.0000 0.1319 0.0000 0.8481 
75       75   (0)      6 :  0.0000 0.0000 0.0000 0.0000 0.0791 0.7649 0.1561 
76       76   (0)      6 :  0.0000 0.0000 0.0200 0.0000 0.1654 0.0000 0.8146 
77       77   (0)      6 :  0.0000 0.0000 0.0200 0.0000 0.1792 0.0000 0.8008 
78       78   (0)      6 :  0.0000 0.0000 0.0000 0.0000 0.2217 0.6453 0.1331 
79       79   (0)      6 :  0.0000 0.0000 0.0000 0.0000 0.0093 0.8337 0.1570 
80       80   (0)      7 :  0.0444 0.7385 0.1165 0.1006 0.0000 0.0000 0.0000 
81       81   (0)      8 :  0.0696 0.5305 0.2273 0.1302 0.0424 0.0000 0.0000 
82       82   (0)      9 :  0.0000 0.0000 0.0000 0.0000 1.0000 0.0000 0.0000 
83       83   (0)     10 :  0.0823 0.3628 0.2237 0.2017 0.1295 0.0000 0.0000 
84       84   (0)     11 :  0.0372 0.5982 0.1232 0.2414 0.0000 0.0000 0.0000 
85       85   (0)     11 :  0.0078 0.3279 0.1186 0.0966 0.4491 0.0000 0.0000 
86       86   (0)     12 :  0.0906 0.1330 0.1664 0.1658 0.4442 0.0000 0.0000 
87       87   (0)     12 :  0.0423 0.2593 0.1740 0.3474 0.1769 0.0000 0.0000 
88       88   (0)     12 :  0.0554 0.1397 0.2097 0.5857 0.0000 0.0095 0.0000 
89       89   (0)     12 :  0.0357 0.2929 0.2973 0.2059 0.1676 0.0005 0.0000 
90       90   (0)     12 :  0.0070 0.0000 0.0000 0.0009 0.0065 0.8285 0.1571 
91       91   (0)     12 :  0.0444 0.5327 0.3056 0.1173 0.0000 0.0000 0.0000 
92       92   (0)     12 :  0.0689 0.3251 0.3597 0.2435 0.0000 0.0029 0.0000 
93       93   (0)     12 :  0.0745 0.1951 0.0994 0.6281 0.0000 0.0029 0.0000 
94       94   (0)     13 :  0.0477 0.4763 0.2804 0.1957 0.0000 0.0000 0.0000 
