 1        1   (0)      1 :  0.1493 0.8507 
 2        2   (0)      1 :  0.0389 0.9611 
 3        3   (0)      1 :  0.0136 0.9864 
 4        4   (0)      1 :  0.0800 0.9200 
 5        5   (0)      1 :  0.0716 0.9284 
 6        6   (0)      1 :  0.0744 0.9256 
 7        7   (0)      1 :  0.0342 0.9658 
 8        8   (0)      2 :  0.0154 0.9846 
 9        9   (0)      2 :  0.0687 0.9313 
10       10   (0)      2 :  0.0874 0.9126 
11       11   (0)      2 :  0.1879 0.8121 
12       12   (0)      2 :  0.0328 0.9672 
13       13   (0)      2 :  0.0041 0.9959 
14       14   (0)      3 :  0.0309 0.9691 
15       15   (0)      3 :  0.0577 0.9423 
16       16   (0)      3 :  0.0074 0.9926 
17       17   (0)      3 :  0.0385 0.9615 
18       18   (0)      4 :  0.0499 0.9501 
19       19   (0)      4 :  0.0411 0.9589 
20       20   (0)      4 :  0.0419 0.9581 
21       21   (0)      4 :  0.0394 0.9606 
22       22   (0)      4 :  0.0283 0.9717 
23       23   (0)      4 :  0.0365 0.9635 
24       24   (0)      4 :  0.0088 0.9912 
25       25   (0)      4 :  0.0121 0.9879 
26       26   (0)      4 :  0.0581 0.9419 
27       27   (0)      4 :  0.0320 0.9680 
28       28   (0)      4 :  0.0612 0.9388 
29       29   (0)      4 :  0.0591 0.9409 
30       30   (0)      4 :  0.0384 0.9616 
31       31   (0)      4 :  0.0110 0.9890 
32       32   (0)      4 :  0.0144 0.9856 
33       33   (0)      4 :  0.0259 0.9741 
34       34   (0)      5 :  0.0430 0.9570 
35       35   (0)      6 :  0.0507 0.9493 
36       36   (0)      6 :  0.0099 0.9901 
37       37   (0)      6 :  0.0649 0.9351 
38       38   (0)      6 :  0.0063 0.9937 
39       39   (0)      6 :  0.0363 0.9637 
40       40   (0)      6 :  0.0442 0.9558 
41       41   (0)      6 :  1.0000 0.0000 
42       42   (0)      6 :  0.0351 0.9649 
43       43   (0)      6 :  0.0624 0.9376 
44       44   (0)      6 :  0.0634 0.9366 
45       45   (0)      6 :  0.0342 0.9658 
46       46   (0)      6 :  0.4481 0.5519 
47       47   (0)      6 :  0.0528 0.9472 
48       48   (0)      6 :  0.0332 0.9668 
49       49   (0)      6 :  1.0000 0.0000 
50       50   (0)      6 :  0.0087 0.9913 
51       51   (0)      6 :  0.0928 0.9072 
52       52   (0)      6 :  0.4552 0.5448 
53       53   (0)      6 :  0.0000 1.0000 
54       54   (0)      6 :  0.0153 0.9847 
55       55   (0)      6 :  0.0329 0.9671 
56       56   (0)      6 :  0.0477 0.9523 
57       57   (0)      6 :  0.0189 0.9811 
58       58   (0)      7 :  0.0071 0.9929 
59       59   (0)      7 :  0.0090 0.9910 
60       60   (0)      7 :  0.0491 0.9509 
61       61   (0)      7 :  0.0172 0.9828 
62       62   (0)      7 :  0.0442 0.9558 
63       63   (0)      7 :  0.0491 0.9509 
64       64   (0)      8 :  0.0512 0.9488 
65       65   (0)      8 :  0.0508 0.9492 
66       66   (0)      9 :  0.0011 0.9989 
67       67   (0)     10 :  0.0384 0.9616 
68       68   (0)     10 :  0.0207 0.9793 
69       69   (0)     10 :  0.0207 0.9793 
70       70   (0)     10 :  0.0123 0.9877 
71       71   (0)     10 :  0.0197 0.9803 
72       72   (0)     10 :  0.0276 0.9724 
73       73   (0)     10 :  0.0443 0.9557 
74       74   (0)     10 :  0.0413 0.9587 
75       75   (0)     10 :  0.0214 0.9786 
76       76   (0)     10 :  0.0808 0.9192 
