 1        1   (0)      1 :  0.2584 0.1079 0.0000 0.0600 0.0000 0.1965 0.0000 0.0612 0.1094 0.0000 0.0000 0.0727 0.1339 
 2        2   (0)      1 :  0.0000 0.0000 0.0171 0.9636 0.0010 0.0000 0.0135 0.0000 0.0000 0.0011 0.0037 0.0000 0.0000 
 3        3   (0)      1 :  0.1825 0.0556 0.0000 0.0403 0.0000 0.1269 0.0000 0.0273 0.1871 0.0000 0.0000 0.3176 0.0627 
 4        4   (0)      1 :  0.1144 0.1923 0.0000 0.0400 0.0000 0.2514 0.0000 0.0800 0.2311 0.0000 0.0200 0.0309 0.0400 
 5        5   (0)      1 :  0.1108 0.3003 0.0000 0.0053 0.0000 0.1934 0.0000 0.1053 0.0579 0.0000 0.0000 0.1752 0.0518 
 6        6   (0)      1 :  0.0570 0.2576 0.0000 0.0200 0.0000 0.3450 0.0000 0.0605 0.0163 0.0000 0.0071 0.1591 0.0774 
 7        7   (0)      1 :  0.1061 0.3400 0.0000 0.0000 0.0000 0.0800 0.0000 0.1000 0.1200 0.0000 0.0600 0.1339 0.0600 
 8        8   (0)      1 :  0.1719 0.1295 0.0000 0.0422 0.0000 0.2507 0.0000 0.1122 0.1723 0.0000 0.0000 0.0460 0.0752 
 9        9   (0)      1 :  0.3257 0.1818 0.0000 0.0000 0.0000 0.1683 0.0000 0.0582 0.0546 0.0000 0.0063 0.1557 0.0493 
10       10   (0)      1 :  0.0284 0.0947 0.0000 0.0000 0.0000 0.4778 0.0000 0.0453 0.0590 0.0000 0.0000 0.1814 0.1133 
11       11   (0)      1 :  0.1043 0.3557 0.0000 0.0289 0.0000 0.1014 0.0091 0.0264 0.1475 0.0000 0.0015 0.1166 0.1086 
12       12   (0)      1 :  0.0000 0.0000 0.0000 1.0000 0.0000 0.0000 0.0000 0.0000 0.0000 0.0000 0.0000 0.0000 0.0000 
13       13   (0)      1 :  0.0698 0.0314 0.0000 0.0034 0.0000 0.2074 0.0000 0.0273 0.2136 0.0000 0.0000 0.1971 0.2500 
14       14   (0)      2 :  0.2086 0.0000 0.0000 0.0096 0.0000 0.1884 0.0000 0.0800 0.1314 0.0000 0.0000 0.2050 0.1770 
15       15   (0)      2 :  0.0000 0.0000 0.0000 0.0000 0.0000 0.0000 0.0000 0.0000 0.0000 1.0000 0.0000 0.0000 0.0000 
16       16   (0)      2 :  0.6935 0.0053 0.0000 0.0000 0.0000 0.0066 0.0000 0.0930 0.0314 0.0000 0.0084 0.0652 0.0966 
17       17   (0)      2 :  0.0693 0.0307 0.0000 0.0200 0.0000 0.5709 0.0000 0.0400 0.0200 0.0000 0.0400 0.0291 0.1800 
18       18   (0)      2 :  0.0986 0.3275 0.0000 0.0200 0.0000 0.2043 0.0000 0.0240 0.0200 0.0000 0.0000 0.2404 0.0651 
19       19   (0)      2 :  0.3221 0.0981 0.0000 0.0226 0.0000 0.1949 0.0000 0.1181 0.0371 0.0000 0.0200 0.1447 0.0425 
20       20   (0)      2 :  0.0770 0.2517 0.0000 0.0055 0.0000 0.2524 0.0190 0.0235 0.1418 0.0000 0.0000 0.1501 0.0789 
21       21   (0)      2 :  0.2273 0.0311 0.0000 0.0238 0.0000 0.4565 0.0000 0.0039 0.0760 0.0000 0.0000 0.1096 0.0718 
22       22   (0)      2 :  0.1312 0.2034 0.0000 0.0043 0.0000 0.2202 0.0783 0.0296 0.1486 0.0000 0.0043 0.1140 0.0661 
23       23   (0)      2 :  0.1341 0.0173 0.0000 0.0149 0.0000 0.2364 0.4017 0.0246 0.0610 0.0000 0.0109 0.0338 0.0654 
24       24   (0)      2 :  0.3989 0.1107 0.0000 0.0200 0.0000 0.2664 0.0000 0.0312 0.0489 0.0000 0.0000 0.1040 0.0200 
25       25   (0)      2 :  0.3318 0.1564 0.0000 0.0400 0.0000 0.1143 0.0000 0.0329 0.0488 0.0000 0.0000 0.0665 0.2095 
26       26   (0)      2 :  0.1578 0.0934 0.0000 0.0009 0.0000 0.0687 0.3954 0.0440 0.0324 0.0000 0.0200 0.0571 0.1304 
27       27   (0)      2 :  0.5760 0.0590 0.0000 0.0000 0.0000 0.0058 0.0000 0.0318 0.0407 0.0000 0.0000 0.1105 0.1762 
28       28   (0)      3 :  0.0000 0.0000 0.0000 0.0000 0.8400 0.0000 0.0000 0.1000 0.0000 0.0000 0.0600 0.0000 0.0000 
29       29   (0)      3 :  0.0400 0.0600 0.0000 0.0400 0.0000 0.0600 0.0000 0.0262 0.4538 0.0000 0.0000 0.1800 0.1400 
30       30   (0)      3 :  0.0000 0.0000 0.0000 0.0000 0.0000 0.0000 1.0000 0.0000 0.0000 0.0000 0.0000 0.0000 0.0000 
31       31   (0)      3 :  0.0339 0.0280 0.0000 0.0000 0.0000 0.0094 0.5235 0.0000 0.1577 0.0000 0.0234 0.0831 0.1410 
32       32   (0)      3 :  0.0000 0.0000 0.0000 0.0000 0.0000 0.0000 0.0000 0.0000 0.0000 0.9800 0.0200 0.0000 0.0000 
33       33   (0)      3 :  0.2938 0.0325 0.0000 0.0000 0.0000 0.0275 0.0000 0.0600 0.0800 0.0000 0.0000 0.3873 0.1189 
34       34   (0)      3 :  0.0000 0.0000 0.7288 0.0000 0.0000 0.0000 0.0000 0.0600 0.0000 0.0000 0.2112 0.0000 0.0000 
35       35   (0)      3 :  0.0000 0.0000 0.6590 0.0000 0.1284 0.0000 0.0000 0.0553 0.0000 0.0000 0.1572 0.0000 0.0000 
36       36   (0)      3 :  0.0000 0.0000 0.8883 0.0000 0.0000 0.0000 0.0000 0.0200 0.0000 0.0000 0.0917 0.0000 0.0000 
37       37   (0)      3 :  0.0853 0.3423 0.0000 0.0400 0.0000 0.1113 0.0000 0.1470 0.1000 0.0000 0.0112 0.0829 0.0800 
38       38   (0)      3 :  0.0000 0.0000 0.0000 0.0000 0.0000 0.0000 0.9600 0.0200 0.0000 0.0000 0.0000 0.0000 0.0200 
39       39   (0)      3 :  0.0000 0.0000 0.0000 0.0000 0.0000 0.0000 0.9800 0.0000 0.0000 0.0000 0.0000 0.0000 0.0200 
40       40   (0)      3 :  0.3129 0.0200 0.0000 0.0200 0.0000 0.0527 0.0000 0.1049 0.1520 0.0000 0.0000 0.1576 0.1800 
41       41   (0)      3 :  0.1916 0.1394 0.0000 0.0000 0.0000 0.1400 0.0000 0.0934 0.0400 0.0000 0.0200 0.2357 0.1400 
42       42   (0)      3 :  0.0000 0.0000 0.0000 0.0000 0.0000 0.0000 0.0000 0.0000 0.0000 0.9800 0.0200 0.0000 0.0000 
43       43   (0)      3 :  0.0000 0.0000 0.3598 0.0000 0.0420 0.0000 0.0000 0.0684 0.0000 0.0327 0.4972 0.0000 0.0000 
44       44   (0)      3 :  0.0765 0.1593 0.0000 0.0115 0.0000 0.2065 0.0000 0.1247 0.1980 0.0000 0.0247 0.0316 0.1671 
45       45   (0)      3 :  0.7394 0.0524 0.0000 0.0000 0.0000 0.0241 0.0000 0.0136 0.0317 0.0000 0.0064 0.0539 0.0784 
46       46   (0)      4 :  0.0000 0.0000 0.0000 0.0000 0.9000 0.0000 0.0000 0.0800 0.0000 0.0000 0.0200 0.0000 0.0000 
47       47   (0)      4 :  0.0000 0.0000 0.0000 0.0000 0.7717 0.0000 0.0000 0.2083 0.0000 0.0000 0.0200 0.0000 0.0000 
48       48   (0)      4 :  0.1530 0.1129 0.0000 0.0000 0.0000 0.1059 0.0000 0.1300 0.2127 0.0000 0.0200 0.0055 0.2600 
49       49   (0)      4 :  0.0497 0.0927 0.0000 0.0026 0.0000 0.1016 0.0000 0.0093 0.7022 0.0000 0.0000 0.0046 0.0372 
50       50   (0)      4 :  0.0020 0.2469 0.0000 0.0608 0.0000 0.0637 0.0036 0.0400 0.3378 0.0000 0.0000 0.0820 0.1632 
51       51   (0)      4 :  0.0316 0.1806 0.0000 0.0081 0.0000 0.1222 0.0212 0.0399 0.3758 0.0000 0.0000 0.1162 0.1043 
52       52   (0)      4 :  0.1226 0.1703 0.0000 0.0140 0.0000 0.1079 0.0000 0.0315 0.1149 0.0000 0.0000 0.2531 0.1857 
53       53   (0)      4 :  0.2046 0.0600 0.0000 0.0000 0.0000 0.1200 0.0000 0.0400 0.3105 0.0000 0.0200 0.0730 0.1719 
54       54   (0)      4 :  0.0953 0.1980 0.0000 0.0000 0.0000 0.0715 0.0000 0.0400 0.1964 0.0000 0.0200 0.2241 0.1547 
55       55   (0)      4 :  0.0201 0.0402 0.0000 0.0071 0.0000 0.0141 0.6380 0.0172 0.0760 0.0000 0.0426 0.0539 0.0907 
56       56   (0)      4 :  0.1135 0.1200 0.0000 0.0200 0.0000 0.0490 0.0000 0.0000 0.1175 0.0000 0.0200 0.1000 0.4600 
57       57   (0)      5 :  0.0957 0.0694 0.0000 0.0243 0.0000 0.0961 0.0000 0.0531 0.0906 0.0000 0.0031 0.4662 0.1016 
58       58   (0)      5 :  0.1755 0.0920 0.0009 0.0060 0.0138 0.1761 0.0000 0.0387 0.0999 0.0000 0.0101 0.2046 0.1824 
59       59   (0)      5 :  0.1104 0.1160 0.0000 0.0200 0.0000 0.2083 0.0000 0.0511 0.1113 0.0000 0.0000 0.2483 0.1346 
60       60   (0)      5 :  0.0000 0.0000 0.0000 0.0000 0.8800 0.0000 0.0000 0.0400 0.0000 0.0000 0.0800 0.0000 0.0000 
61       61   (0)      5 :  0.0001 0.0000 0.0015 0.0000 0.8781 0.0000 0.0000 0.0606 0.0000 0.0000 0.0594 0.0001 0.0002 
62       62   (0)      5 :  0.0000 0.0000 0.0000 0.0000 0.0000 0.0000 0.0000 0.0000 0.0000 1.0000 0.0000 0.0000 0.0000 
63       63   (0)      6 :  0.0000 0.0000 0.8188 0.0000 0.0000 0.0000 0.0000 0.0295 0.0000 0.0000 0.1516 0.0000 0.0000 
64       64   (0)      6 :  0.0000 0.0000 0.0000 0.0000 0.7821 0.0000 0.0000 0.1179 0.0000 0.0000 0.1000 0.0000 0.0000 
65       65   (0)      6 :  0.0000 0.0000 0.9188 0.0000 0.0000 0.0000 0.0000 0.0000 0.0000 0.0000 0.0812 0.0000 0.0000 
66       66   (0)      6 :  0.0645 0.0418 0.0286 0.0000 0.5606 0.0269 0.0000 0.0903 0.0041 0.0305 0.0665 0.0688 0.0173 
67       67   (0)      6 :  0.0000 0.0000 0.0000 0.0000 0.8800 0.0000 0.0000 0.1200 0.0000 0.0000 0.0000 0.0000 0.0000 
68       68   (0)      6 :  0.0000 0.0000 0.0887 0.0000 0.6659 0.0000 0.1098 0.0945 0.0000 0.0000 0.0410 0.0000 0.0000 
69       69   (0)      6 :  0.1303 0.1233 0.0469 0.0210 0.0555 0.1574 0.0151 0.0886 0.1205 0.0033 0.0374 0.0686 0.1321 
70       70   (0)      6 :  0.0000 0.0000 0.0000 0.0000 0.8920 0.0000 0.0000 0.0480 0.0000 0.0000 0.0600 0.0000 0.0000 
71       71   (0)      6 :  0.3864 0.1000 0.0000 0.0200 0.0000 0.1336 0.0000 0.1200 0.0800 0.0000 0.0400 0.0000 0.1200 
72       72   (0)      6 :  0.0000 0.0000 0.0000 0.0000 0.7908 0.0000 0.0000 0.0892 0.0000 0.0000 0.1200 0.0000 0.0000 
73       73   (0)      6 :  0.0000 0.0000 0.7143 0.0000 0.0000 0.0000 0.0000 0.0441 0.0000 0.0000 0.2416 0.0000 0.0000 
74       74   (0)      6 :  0.0000 0.0000 0.0000 0.0000 0.6941 0.0000 0.1109 0.1198 0.0000 0.0000 0.0724 0.0000 0.0027 
75       75   (0)      6 :  0.0000 0.0000 0.6906 0.0000 0.0000 0.0000 0.0310 0.0511 0.0000 0.0000 0.2274 0.0000 0.0000 
76       76   (0)      6 :  0.0000 0.0000 0.0000 0.0000 0.6919 0.0000 0.1498 0.1184 0.0000 0.0000 0.0399 0.0000 0.0000 
77       77   (0)      6 :  0.0000 0.0000 0.0019 0.0000 0.6776 0.0000 0.1567 0.1268 0.0000 0.0000 0.0370 0.0000 0.0000 
78       78   (0)      6 :  0.0000 0.0000 0.5551 0.0000 0.0000 0.0000 0.1703 0.0916 0.0000 0.0000 0.1830 0.0000 0.0000 
79       79   (0)      6 :  0.0000 0.0000 0.7711 0.0000 0.0000 0.0000 0.0000 0.0600 0.0000 0.0000 0.1689 0.0000 0.0000 
80       80   (0)      7 :  0.0458 0.5739 0.0000 0.0000 0.0000 0.1200 0.0000 0.0200 0.0108 0.0000 0.0000 0.1896 0.0400 
81       81   (0)      8 :  0.0146 0.4025 0.0000 0.0400 0.0000 0.2162 0.0059 0.0384 0.2223 0.0000 0.0000 0.0392 0.0208 
82       82   (0)      9 :  0.0000 0.0000 0.0000 0.0000 0.0000 0.0000 0.9600 0.0200 0.0000 0.0000 0.0200 0.0000 0.0000 
83       83   (0)     10 :  0.0494 0.2144 0.0000 0.0176 0.0000 0.1858 0.0992 0.0350 0.1755 0.0000 0.0251 0.1239 0.0740 
84       84   (0)     11 :  0.0299 0.0273 0.0000 0.0000 0.0000 0.0220 0.0000 0.0135 0.0000 0.0000 0.0000 0.8974 0.0099 
85       85   (0)     11 :  0.0110 0.0850 0.0000 0.0000 0.0000 0.2350 0.4459 0.0168 0.0139 0.0000 0.0000 0.0989 0.0935 
86       86   (0)     12 :  0.0228 0.0599 0.0000 0.0491 0.0000 0.0891 0.3672 0.0948 0.1168 0.0000 0.0328 0.0675 0.0999 
87       87   (0)     12 :  0.1595 0.1202 0.0000 0.0217 0.0000 0.2495 0.1596 0.0452 0.0589 0.0007 0.0217 0.0849 0.0780 
88       88   (0)     12 :  0.3439 0.0864 0.0000 0.0000 0.0000 0.0985 0.0000 0.0625 0.0846 0.0000 0.0000 0.0868 0.2372 
89       89   (0)     12 :  0.0340 0.0919 0.0000 0.0076 0.0000 0.4325 0.1580 0.0557 0.0801 0.0000 0.0085 0.0491 0.0826 
90       90   (0)     12 :  0.0000 0.0000 0.7292 0.0000 0.0000 0.0000 0.0000 0.0731 0.0000 0.0000 0.1978 0.0000 0.0000 
91       91   (0)     12 :  0.0328 0.0963 0.0000 0.0000 0.0000 0.3404 0.0000 0.1070 0.1950 0.0000 0.0000 0.1628 0.0657 
92       92   (0)     12 :  0.0991 0.0746 0.0000 0.0112 0.0000 0.3925 0.0000 0.0439 0.1185 0.0000 0.0008 0.1712 0.0882 
93       93   (0)     12 :  0.1601 0.0901 0.0000 0.0400 0.0000 0.1862 0.0000 0.0400 0.1702 0.0000 0.0200 0.1735 0.1200 
94       94   (0)     13 :  0.1444 0.1723 0.0000 0.0400 0.0000 0.1335 0.0000 0.0922 0.0901 0.0000 0.0000 0.1319 0.1955 
