1        1   (0)      1  : 0.0000 0.2324 0.1469 0.0000 0.4629 0.0000 0.0133 0.1445 0.0000
2        2   (0)      1  : 0.0926 0.0000 0.0000 0.0081 0.0000 0.1799 0.6394 0.0013 0.0788
3        3   (0)      1  : 0.0000 0.3347 0.0000 0.0000 0.6653 0.0000 0.0000 0.0000 0.0000
4        4   (0)      1  : 0.0000 0.0694 0.0000 0.0000 0.7781 0.0000 0.0000 0.1505 0.0020
5        5   (0)      1  : 0.0000 0.4365 0.0000 0.0035 0.2537 0.0096 0.1429 0.1429 0.0110
6        6   (0)      1  : 0.0343 0.0000 0.0000 0.0000 0.0000 0.3315 0.2402 0.0000 0.3940
7        7   (0)      1  : 0.0139 0.2462 0.0000 0.0000 0.5916 0.0095 0.0078 0.1310 0.0000
8        8   (0)      1  : 0.4802 0.0000 0.0000 0.0000 0.0100 0.1409 0.2489 0.0000 0.1199
9        9   (0)      1  : 0.0000 0.0000 0.0000 0.0000 1.0000 0.0000 0.0000 0.0000 0.0000
10       10   (0)      2  : 0.0000 0.1369 0.0000 0.0000 0.3465 0.0000 0.0000 0.5166 0.0000
11       11   (0)      2  : 0.0000 0.0511 0.0000 0.0000 0.9070 0.0000 0.0000 0.0419 0.0000
12       12   (0)      2  : 0.1010 0.0000 0.0000 0.0000 0.0000 0.0382 0.1429 0.0000 0.7180
13       13   (0)      3  : 0.0000 0.0379 0.0000 0.0000 0.6985 0.0086 0.0000 0.2550 0.0000
14       14   (0)      3  : 0.0000 0.0000 0.0000 1.0000 0.0000 0.0000 0.0000 0.0000 0.0000
15       15   (0)      3  : 1.0000 0.0000 0.0000 0.0000 0.0000 0.0000 0.0000 0.0000 0.0000
16       16   (0)      3  : 0.0000 0.0000 1.0000 0.0000 0.0000 0.0000 0.0000 0.0000 0.0000
17       17   (0)      4  : 0.0000 0.0000 0.5737 0.3856 0.0000 0.0407 0.0000 0.0000 0.0000
18       18   (0)      4  : 0.1640 0.0033 0.0000 0.0130 0.0000 0.3788 0.3158 0.0127 0.1124
19       19   (0)      5  : 0.0728 0.0023 0.0000 0.0000 0.0000 0.1801 0.5950 0.0001 0.1498
20       20   (0)      5  : 0.0000 0.0000 0.0000 0.1887 0.0000 0.0000 0.0000 0.8113 0.0000
21       21   (0)      5  : 0.0000 0.4539 0.0000 0.0000 0.5378 0.0000 0.0000 0.0000 0.0082
22       22   (0)      5  : 0.0000 0.1900 0.0000 0.0000 0.4982 0.0110 0.0452 0.2538 0.0018
23       23   (0)      5  : 0.0000 0.4795 0.0000 0.0000 0.5205 0.0000 0.0000 0.0000 0.0000
24       24   (0)      5  : 0.0000 0.4578 0.0000 0.0090 0.3590 0.0000 0.0000 0.1741 0.0000
25       25   (0)      5  : 0.0000 0.4306 0.0537 0.0028 0.3555 0.0000 0.0000 0.1574 0.0000
26       26   (0)      5  : 0.2062 0.1778 0.0000 0.0000 0.2888 0.1894 0.0930 0.0301 0.0148
27       27   (0)      5  : 0.0000 0.0000 0.9996 0.0000 0.0000 0.0004 0.0000 0.0000 0.0000
28       28   (0)      5  : 0.0000 0.0000 1.0000 0.0000 0.0000 0.0000 0.0000 0.0000 0.0000
29       29   (0)      5  : 0.4349 0.0000 0.0236 0.0294 0.0000 0.2396 0.2361 0.0000 0.0363
30       30   (0)      5  : 0.0364 0.0000 0.0000 0.0000 0.0000 0.2996 0.2368 0.0000 0.4272
31       31   (0)      5  : 0.0000 0.1502 0.0000 0.0000 0.1712 0.3652 0.0845 0.1708 0.0580
32       32   (0)      5  : 0.0000 0.5146 0.0000 0.0000 0.0000 0.0000 0.1429 0.3426 0.0000
33       33   (0)      5  : 0.1215 0.0000 0.0000 0.0018 0.0000 0.2323 0.3776 0.0000 0.2668
34       34   (0)      5  : 0.0000 0.0000 0.0000 0.0000 0.0000 0.5802 0.1015 0.0000 0.3182
35       35   (0)      5  : 0.0494 0.0000 0.0000 0.0014 0.0000 0.4101 0.3108 0.0000 0.2283
36       36   (0)      6  : 0.1909 0.0000 0.0453 0.0000 0.0000 0.3083 0.1373 0.0000 0.3182
37       37   (0)      6  : 0.0000 0.0000 1.0000 0.0000 0.0000 0.0000 0.0000 0.0000 0.0000
38       38   (0)      6  : 0.1713 0.0000 0.0000 0.0029 0.0000 0.0000 0.4853 0.0000 0.3404
39       39   (0)      6  : 0.1938 0.1340 0.0000 0.0000 0.3048 0.2975 0.0101 0.0137 0.0460
40       40   (0)      6  : 0.0610 0.0000 0.0000 0.0000 0.0000 0.8778 0.0612 0.0000 0.0000
41       41   (0)      6  : 0.8571 0.0000 0.0000 0.0000 0.0000 0.1429 0.0000 0.0000 0.0000
42       42   (0)      6  : 0.0000 0.0000 0.0000 0.0000 0.0000 0.8571 0.0000 0.0000 0.1429
43       43   (0)      6  : 0.1400 0.0388 0.0000 0.0224 0.0000 0.4688 0.2679 0.0000 0.0621
44       44   (0)      6  : 0.3261 0.0000 0.0000 0.0000 0.0000 0.4347 0.0000 0.0000 0.2392
45       45   (0)      6  : 0.4796 0.0000 0.0000 0.0000 0.0000 0.2361 0.2322 0.0000 0.0520
46       46   (0)      6  : 0.0000 0.0000 0.0000 0.1998 0.0000 0.0000 0.0000 0.8002 0.0000
47       47   (0)      6  : 0.2090 0.0000 0.0000 0.0000 0.0000 0.2586 0.4151 0.0000 0.1172
48       48   (0)      7  : 0.0000 0.0000 0.0000 0.0000 0.0000 0.1235 0.0568 0.0000 0.8196
49       49   (0)      7  : 0.0289 0.3234 0.0000 0.0000 0.1123 0.2116 0.1565 0.1418 0.0254
50       50   (0)      7  : 0.1594 0.0000 0.0000 0.0000 0.0125 0.1105 0.1253 0.0000 0.5923
51       51   (0)      8  : 0.5065 0.0006 0.0654 0.0000 0.0000 0.0800 0.1546 0.0009 0.1920
52       52   (0)      8  : 0.3173 0.0000 0.1655 0.0000 0.0000 0.1930 0.0640 0.0000 0.2601
53       53   (0)      9  : 0.1429 0.0000 0.0000 0.0000 0.0000 0.1429 0.0000 0.0000 0.7143
54       54   (0)     10  : 0.0000 0.0000 0.0000 0.0000 0.0000 0.0576 0.0802 0.0000 0.8623
55       55   (0)     10  : 0.0000 0.0570 0.0000 0.0000 0.5018 0.0000 0.0000 0.4412 0.0000
56       56   (0)     10  : 0.0000 0.0000 1.0000 0.0000 0.0000 0.0000 0.0000 0.0000 0.0000
57       57   (0)     10  : 0.2857 0.0000 0.0000 0.0000 0.0000 0.1429 0.5714 0.0000 0.0000
58       58   (0)     11  : 0.1671 0.0016 0.1054 0.0000 0.0000 0.3119 0.1255 0.0032 0.2854
59       59   (0)     11  : 0.0072 0.3095 0.0701 0.0000 0.3226 0.0000 0.1429 0.1454 0.0023
60       60   (0)     11  : 0.0153 0.0000 0.9026 0.0000 0.0000 0.0140 0.0000 0.0000 0.0681
61       61   (0)     11  : 0.4716 0.0000 0.0000 0.0000 0.0000 0.2857 0.0541 0.0000 0.1885
62       62   (0)     11  : 0.4644 0.0000 0.0009 0.0000 0.0000 0.0554 0.4793 0.0000 0.0000
63       63   (0)     11  : 0.3191 0.0000 0.2890 0.0000 0.0000 0.1007 0.0879 0.0000 0.2032
64       64   (0)     11  : 0.4771 0.0000 0.0000 0.0000 0.0000 0.0000 0.3591 0.0000 0.1638
65       65   (0)     11  : 0.0000 0.0000 1.0000 0.0000 0.0000 0.0000 0.0000 0.0000 0.0000
66       66   (0)     11  : 0.0404 0.0000 0.0218 0.0000 0.0000 0.0334 0.1399 0.0000 0.7646
67       67   (0)     11  : 0.0000 0.5245 0.0040 0.0000 0.3286 0.0000 0.1429 0.0000 0.0000
68       68   (0)     11  : 0.0000 0.2934 0.4451 0.0000 0.1833 0.0000 0.0782 0.0000 0.0000
69       69   (0)     11  : 0.2906 0.0000 0.5026 0.0000 0.0000 0.0671 0.1397 0.0000 0.0000
70       70   (0)     11  : 0.6410 0.0000 0.0000 0.0000 0.0000 0.0720 0.2154 0.0000 0.0717
71       71   (0)     11  : 0.0000 0.2259 0.1655 0.0000 0.3563 0.0000 0.0554 0.1969 0.0000
72       72   (0)     12  : 0.0000 0.7143 0.0000 0.0000 0.1616 0.0000 0.0523 0.0718 0.0000
73       73   (0)     12  : 0.0000 0.5714 0.0000 0.0000 0.1429 0.0000 0.0000 0.2857 0.0000
74       74   (0)     12  : 0.0000 0.8571 0.0000 0.0000 0.0725 0.0000 0.0000 0.0704 0.0000
75       75   (0)     12  : 0.1622 0.1994 0.1214 0.0000 0.1132 0.1350 0.0911 0.1427 0.0349
76       76   (0)     12  : 0.0000 0.5643 0.0113 0.0000 0.1456 0.0000 0.0000 0.2787 0.0000
77       77   (0)     12  : 0.3436 0.0012 0.0000 0.0000 0.0000 0.1642 0.3172 0.0000 0.1737
78       78   (0)     12  : 0.5981 0.0160 0.0118 0.0000 0.0000 0.2744 0.0441 0.0000 0.0555
79       79   (0)     12  : 0.0000 0.2279 0.0000 0.0000 0.7236 0.0000 0.0000 0.0485 0.0000
80       80   (0)     12  : 0.1537 0.0050 0.1229 0.0000 0.0078 0.1770 0.3019 0.0068 0.2249
81       81   (0)     13  : 0.0000 0.0000 1.0000 0.0000 0.0000 0.0000 0.0000 0.0000 0.0000
82       82   (0)     13  : 0.0000 0.4194 0.0000 0.0105 0.2155 0.0000 0.0056 0.3490 0.0000
83       83   (0)     13  : 0.0000 0.3450 0.0773 0.0000 0.5167 0.0000 0.0000 0.0610 0.0000
84       84   (0)     13  : 0.0000 0.4814 0.0000 0.0000 0.3223 0.0000 0.0000 0.1963 0.0000
85       85   (0)     13  : 0.0000 0.3305 0.0000 0.0059 0.4944 0.0000 0.0000 0.1692 0.0000
86       86   (0)     13  : 0.0000 0.5589 0.0162 0.0000 0.1185 0.0000 0.0658 0.2405 0.0000
87       87   (0)     13  : 0.3888 0.0196 0.0000 0.0000 0.0041 0.2494 0.2536 0.0000 0.0845
88       88   (0)     13  : 0.0000 0.3952 0.0000 0.0000 0.1890 0.0000 0.0353 0.3805 0.0000
89       89   (0)     13  : 0.0000 0.1969 0.0000 0.0000 0.8031 0.0000 0.0000 0.0000 0.0000
90       90   (0)     13  : 0.0000 0.0879 0.0000 0.0000 0.7740 0.0000 0.0000 0.1381 0.0000
91       91   (0)     13  : 0.0000 0.2618 0.3847 0.0000 0.0881 0.0000 0.0000 0.2654 0.0000
92       92   (0)     13  : 0.0064 0.4286 0.0000 0.0000 0.5461 0.0000 0.0000 0.0000 0.0189
93       93   (0)     13  : 0.0441 0.0000 0.0000 0.0000 0.0169 0.0805 0.4712 0.0000 0.3872
94       94   (0)     13  : 0.0000 0.7432 0.0000 0.0000 0.1802 0.0000 0.0000 0.0766 0.0000
95       95   (0)     14  : 0.6495 0.0000 0.0000 0.0000 0.0000 0.0000 0.3505 0.0000 0.0000
96       96   (0)     14  : 0.0000 0.2767 0.0000 0.0000 0.4926 0.0000 0.0000 0.2221 0.0086
97       97   (0)     15  : 0.0000 0.0000 1.0000 0.0000 0.0000 0.0000 0.0000 0.0000 0.0000
98       98   (0)     15  : 0.0000 0.0000 0.0000 0.0000 0.0000 0.7994 0.0572 0.0000 0.1434
99       99   (0)     15  : 0.0000 0.3406 0.0000 0.5225 0.1369 0.0000 0.0000 0.0000 0.0000
100      100   (0)     15  : 0.0535 0.0000 0.0000 0.0034 0.0000 0.2373 0.2129 0.0000 0.4929
101      101   (0)     15  : 0.0000 0.0000 0.0000 1.0000 0.0000 0.0000 0.0000 0.0000 0.0000
102      102   (0)     15  : 0.3493 0.0000 0.0000 0.0026 0.0000 0.3308 0.3161 0.0013 0.0000
103      103   (0)     15  : 0.1789 0.0170 0.0000 0.0105 0.0021 0.3356 0.4171 0.0000 0.0388
104      104   (0)     15  : 0.0000 0.0000 0.0000 1.0000 0.0000 0.0000 0.0000 0.0000 0.0000
105      105   (0)     15  : 0.0000 0.0000 0.0000 1.0000 0.0000 0.0000 0.0000 0.0000 0.0000
