 1        1   (0)      1 :  0.0824 0.0070 0.9011 0.0000 0.0000 0.0000 0.0095 0.0000 
 2        2   (0)      1 :  0.1575 0.0955 0.5864 0.0000 0.0000 0.0000 0.0655 0.0951 
 3        3   (0)      1 :  0.0000 0.9800 0.0000 0.0000 0.0000 0.0000 0.0200 0.0000 
 4        4   (0)      1 :  0.0295 0.6114 0.3390 0.0000 0.0000 0.0000 0.0200 0.0000 
 5        5   (0)      1 :  0.1075 0.0045 0.8476 0.0000 0.0000 0.0000 0.0405 0.0000 
 6        6   (0)      1 :  0.0000 0.9800 0.0000 0.0000 0.0000 0.0000 0.0200 0.0000 
 7        7   (0)      2 :  0.1093 0.0007 0.8688 0.0000 0.0000 0.0000 0.0212 0.0000 
 8        8   (0)      2 :  0.0000 0.9600 0.0000 0.0000 0.0000 0.0000 0.0400 0.0000 
 9        9   (0)      2 :  0.2205 0.0276 0.6492 0.0227 0.0220 0.0099 0.0369 0.0112 
10       10   (0)      2 :  0.1533 0.0000 0.8407 0.0000 0.0000 0.0000 0.0060 0.0000 
11       11   (0)      2 :  0.0000 0.9800 0.0000 0.0000 0.0000 0.0000 0.0200 0.0000 
12       12   (0)      2 :  0.1026 0.5173 0.3590 0.0000 0.0000 0.0000 0.0211 0.0000 
13       13   (0)      2 :  0.0000 0.8142 0.0000 0.0000 0.0000 0.0000 0.0897 0.0960 
14       14   (0)      3 :  0.0439 0.0000 0.0000 0.4510 0.2091 0.1759 0.1201 0.0000 
15       15   (0)      3 :  0.0822 0.0000 0.0000 0.2946 0.2259 0.3500 0.0473 0.0000 
16       16   (0)      3 :  0.0528 0.0000 0.0000 0.3021 0.3964 0.2046 0.0441 0.0000 
17       17   (0)      3 :  0.0886 0.0000 0.0000 0.3261 0.3759 0.1660 0.0434 0.0000 
18       18   (0)      3 :  0.0399 0.0000 0.0000 0.0273 0.7177 0.2151 0.0000 0.0000 
19       19   (0)      3 :  0.0637 0.0000 0.0000 0.1061 0.6317 0.1897 0.0088 0.0000 
20       20   (0)      3 :  0.1396 0.0000 0.0000 0.2069 0.2174 0.2604 0.1375 0.0381 
21       21   (0)      3 :  0.0162 0.0000 0.0000 0.2201 0.2220 0.5112 0.0305 0.0000 
22       22   (0)      3 :  0.0800 0.0000 0.0000 0.4319 0.1092 0.3546 0.0243 0.0000 
23       23   (0)      3 :  0.0332 0.0000 0.0000 0.3249 0.1175 0.5040 0.0204 0.0000 
24       24   (0)      3 :  0.0736 0.0000 0.0000 0.1821 0.3519 0.3124 0.0800 0.0000 
25       25   (0)      3 :  0.0000 0.0000 0.0000 0.0000 0.0000 0.0000 0.3200 0.6800 
26       26   (0)      4 :  0.3277 0.0000 0.6102 0.0000 0.0000 0.0000 0.0621 0.0000 
27       27   (0)      4 :  0.0612 0.0000 0.0000 0.2858 0.2339 0.3906 0.0284 0.0000 
28       28   (0)      4 :  0.0929 0.0000 0.0000 0.1583 0.2545 0.4628 0.0314 0.0000 
29       29   (0)      4 :  0.1449 0.0000 0.8527 0.0000 0.0000 0.0000 0.0023 0.0000 
30       30   (0)      4 :  0.0427 0.0000 0.0000 0.6972 0.1337 0.1221 0.0043 0.0000 
31       31   (0)      4 :  0.0768 0.0000 0.0000 0.1554 0.2738 0.4740 0.0200 0.0000 
32       32   (0)      4 :  0.1304 0.0209 0.3752 0.1666 0.1381 0.1149 0.0539 0.0002 
33       33   (0)      4 :  0.0530 0.0000 0.0000 0.4463 0.2139 0.1830 0.1037 0.0000 
34       34   (0)      4 :  0.1091 0.0000 0.0000 0.3113 0.2907 0.2018 0.0871 0.0000 
35       35   (0)      4 :  0.0462 0.0000 0.0000 0.2422 0.0837 0.5507 0.0772 0.0000 
36       36   (0)      4 :  0.0462 0.0000 0.0000 0.4532 0.1613 0.2795 0.0598 0.0000 
37       37   (0)      4 :  0.0668 0.0000 0.0000 0.3169 0.3402 0.2329 0.0432 0.0000 
38       38   (0)      4 :  0.0384 0.0000 0.0000 0.1771 0.2644 0.4633 0.0568 0.0000 
39       39   (0)      4 :  0.1145 0.0013 0.8700 0.0000 0.0000 0.0000 0.0143 0.0000 
40       40   (0)      5 :  0.0315 0.0000 0.0000 0.3372 0.3323 0.1907 0.1083 0.0000 
41       41   (0)      5 :  0.0255 0.0000 0.0000 0.0341 0.3434 0.5061 0.0910 0.0000 
42       42   (0)      5 :  0.0679 0.0000 0.0000 0.1597 0.5166 0.2167 0.0392 0.0000 
43       43   (0)      5 :  0.1406 0.0000 0.7994 0.0000 0.0000 0.0000 0.0600 0.0000 
44       44   (0)      5 :  0.0118 0.0000 0.0000 0.3518 0.2303 0.3749 0.0313 0.0000 
45       45   (0)      5 :  0.0530 0.0000 0.0000 0.2791 0.4501 0.1160 0.1018 0.0000 
46       46   (0)      5 :  0.1031 0.0000 0.0000 0.0904 0.1431 0.6234 0.0400 0.0000 
47       47   (0)      5 :  0.0311 0.0000 0.0000 0.0200 0.0443 0.8446 0.0600 0.0000 
48       48   (0)      5 :  0.1124 0.0000 0.0000 0.2683 0.2299 0.1437 0.2456 0.0000 
49       49   (0)      5 :  0.2672 0.0000 0.7328 0.0000 0.0000 0.0000 0.0000 0.0000 
50       50   (0)      5 :  0.0311 0.0000 0.0000 0.1846 0.3729 0.3434 0.0681 0.0000 
51       51   (0)      5 :  0.2119 0.0000 0.7850 0.0000 0.0000 0.0000 0.0031 0.0000 
52       52   (0)      5 :  0.2870 0.0011 0.7033 0.0000 0.0000 0.0000 0.0086 0.0000 
53       53   (0)      6 :  0.2400 0.0006 0.7582 0.0000 0.0000 0.0000 0.0011 0.0000 
54       54   (0)      6 :  0.0400 0.0000 0.0000 0.3576 0.2300 0.3324 0.0400 0.0000 
55       55   (0)      6 :  0.2388 0.0624 0.6239 0.0000 0.0000 0.0000 0.0331 0.0417 
56       56   (0)      6 :  0.0000 0.0000 0.0000 0.0000 0.0000 0.0000 0.0000 1.0000 
57       57   (0)      6 :  0.0000 0.0000 0.0000 0.0000 0.0000 0.0000 0.1000 0.9000 
58       58   (0)      6 :  0.0000 0.0000 0.0000 0.0000 0.0000 0.0000 0.0000 1.0000 
59       59   (0)      6 :  0.1316 0.0000 0.0004 0.2809 0.1972 0.0788 0.2833 0.0278 
60       60   (0)      6 :  0.0362 0.0000 0.0000 0.5373 0.1445 0.2508 0.0311 0.0000 
61       61   (0)      6 :  0.0852 0.0000 0.0000 0.0642 0.2279 0.5439 0.0789 0.0000 
62       62   (0)      6 :  0.0340 0.0000 0.0000 0.1404 0.6394 0.1791 0.0071 0.0000 
63       63   (0)      6 :  0.1919 0.0198 0.6170 0.0030 0.0143 0.0032 0.0426 0.1081 
64       64   (0)      7 :  0.2021 0.0000 0.7979 0.0000 0.0000 0.0000 0.0000 0.0000 
65       65   (0)      7 :  0.3200 0.0000 0.6800 0.0000 0.0000 0.0000 0.0000 0.0000 
66       66   (0)      7 :  0.3263 0.0000 0.6567 0.0000 0.0000 0.0000 0.0089 0.0081 
67       67   (0)      7 :  0.3273 0.0450 0.5962 0.0000 0.0000 0.0000 0.0208 0.0107 
68       68   (0)      8 :  0.0779 0.0000 0.0000 0.2150 0.0980 0.3422 0.2064 0.0605 
69       69   (0)      8 :  0.0672 0.0000 0.0156 0.1459 0.1858 0.2547 0.2242 0.1067 
70       70   (0)      8 :  0.1221 0.0000 0.0000 0.5109 0.2562 0.0146 0.0961 0.0000 
71       71   (0)      8 :  0.1216 0.0000 0.0021 0.3323 0.2320 0.1225 0.1769 0.0125 
72       72   (0)      8 :  0.1334 0.0000 0.0000 0.4366 0.1266 0.0307 0.1983 0.0744 
73       73   (0)      8 :  0.0000 0.0047 0.0000 0.0000 0.0000 0.0000 0.0275 0.9678 
74       74   (0)      9 :  0.1791 0.0474 0.5963 0.0056 0.0147 0.0053 0.0390 0.1127 
75       75   (0)      9 :  0.1917 0.0008 0.6680 0.0068 0.0027 0.0007 0.0557 0.0735 
76       76   (0)     10 :  0.3452 0.0017 0.6455 0.0000 0.0000 0.0000 0.0076 0.0000 
77       77   (0)     11 :  0.1517 0.0004 0.8275 0.0000 0.0000 0.0000 0.0204 0.0000 
78       78   (0)     12 :  0.1454 0.0000 0.8487 0.0000 0.0000 0.0000 0.0059 0.0000 
79       79   (0)     13 :  0.0155 0.0000 0.0000 0.0480 0.0567 0.0947 0.3630 0.4221 
80       80   (0)     13 :  0.0490 0.0000 0.0000 0.6368 0.1936 0.0669 0.0536 0.0000 
