1        1   (0)      1  : 0.0000 1.0000 0.0000 0.0000 0.0000 0.0000 0.0000
2        2   (0)      2  : 0.0000 0.0000 0.1814 0.0000 0.0000 0.8186 0.0000
3        3   (0)      2  : 1.0000 0.0000 0.0000 0.0000 0.0000 0.0000 0.0000
4        4   (0)      3  : 0.7711 0.0000 0.1647 0.0292 0.0000 0.0351 0.0000
5        5   (0)      3  : 0.9134 0.0000 0.0602 0.0000 0.0000 0.0028 0.0236
6        6   (0)      3  : 0.9280 0.0000 0.0000 0.0000 0.0720 0.0000 0.0000
7        7   (0)      3  : 0.0000 0.0000 0.0670 0.8214 0.0000 0.1117 0.0000
8        8   (0)      3  : 0.8511 0.0000 0.0211 0.0204 0.0640 0.0434 0.0000
9        9   (0)      3  : 0.9979 0.0000 0.0000 0.0000 0.0000 0.0000 0.0021
10       10   (0)      4  : 0.9549 0.0000 0.0000 0.0000 0.0000 0.0451 0.0000
11       11   (0)      4  : 0.4749 0.0000 0.0000 0.0000 0.0000 0.0000 0.5251
12       12   (0)      4  : 1.0000 0.0000 0.0000 0.0000 0.0000 0.0000 0.0000
13       13   (0)      4  : 0.9977 0.0000 0.0000 0.0000 0.0000 0.0000 0.0023
14       14   (0)      5  : 0.0000 0.0000 1.0000 0.0000 0.0000 0.0000 0.0000
15       15   (0)      5  : 0.0000 0.0000 0.0000 1.0000 0.0000 0.0000 0.0000
16       16   (0)      5  : 0.0000 0.0000 0.0000 0.0000 0.0000 1.0000 0.0000
17       17   (0)      5  : 0.0000 0.0000 0.0000 0.0000 0.0000 0.0000 1.0000
18       18   (0)      5  : 0.9904 0.0000 0.0000 0.0000 0.0000 0.0000 0.0096
19       19   (0)      5  : 0.0000 0.0000 0.0000 0.0000 0.0000 0.0000 1.0000
20       20   (0)      5  : 0.9803 0.0000 0.0000 0.0000 0.0000 0.0000 0.0197
21       21   (0)      5  : 1.0000 0.0000 0.0000 0.0000 0.0000 0.0000 0.0000
22       22   (0)      5  : 0.0000 0.0000 0.0000 0.0000 0.0000 0.0000 1.0000
23       23   (0)      5  : 0.9481 0.0000 0.0000 0.0000 0.0000 0.0000 0.0519
24       24   (0)      5  : 0.0000 0.0000 0.0000 1.0000 0.0000 0.0000 0.0000
25       25   (0)      5  : 0.0000 0.0000 1.0000 0.0000 0.0000 0.0000 0.0000
26       26   (0)      5  : 0.9910 0.0000 0.0000 0.0000 0.0000 0.0000 0.0090
27       27   (0)      5  : 0.0000 0.0000 0.0000 1.0000 0.0000 0.0000 0.0000
28       28   (0)      5  : 0.0000 0.0000 0.0000 0.8777 0.0000 0.1223 0.0000
29       29   (0)      6  : 0.0000 1.0000 0.0000 0.0000 0.0000 0.0000 0.0000
30       30   (0)      6  : 0.0000 0.0000 0.0000 0.0000 1.0000 0.0000 0.0000
31       31   (0)      6  : 1.0000 0.0000 0.0000 0.0000 0.0000 0.0000 0.0000
32       32   (0)      6  : 0.7344 0.0000 0.0000 0.0000 0.0000 0.0510 0.2146
33       33   (0)      6  : 0.0000 0.8640 0.0000 0.0000 0.0000 0.1360 0.0000
34       34   (0)      6  : 0.0000 0.0000 1.0000 0.0000 0.0000 0.0000 0.0000
35       35   (0)      6  : 0.0000 1.0000 0.0000 0.0000 0.0000 0.0000 0.0000
36       36   (0)      6  : 0.0000 1.0000 0.0000 0.0000 0.0000 0.0000 0.0000
37       37   (0)      7  : 0.0000 0.0000 0.0000 0.0000 1.0000 0.0000 0.0000
38       38   (0)      7  : 0.0000 0.0000 0.0000 0.0000 0.0000 0.0000 1.0000
39       39   (0)      7  : 0.0000 0.0000 1.0000 0.0000 0.0000 0.0000 0.0000
40       40   (0)      7  : 0.0000 0.0000 1.0000 0.0000 0.0000 0.0000 0.0000
41       41   (0)      7  : 0.0000 0.0000 0.0000 0.0000 0.0000 0.0000 1.0000
42       42   (0)      7  : 0.0000 0.0000 1.0000 0.0000 0.0000 0.0000 0.0000
43       43   (0)      7  : 0.0000 0.0000 0.0000 0.0000 0.0000 0.0000 1.0000
44       44   (0)      7  : 0.0000 0.0000 0.0000 0.0000 0.0000 1.0000 0.0000
45       45   (0)      7  : 0.9999 0.0000 0.0000 0.0000 0.0000 0.0000 0.0001
46       46   (0)      7  : 0.0000 1.0000 0.0000 0.0000 0.0000 0.0000 0.0000
47       47   (0)      7  : 1.0000 0.0000 0.0000 0.0000 0.0000 0.0000 0.0000
48       48   (0)      7  : 0.0000 1.0000 0.0000 0.0000 0.0000 0.0000 0.0000
49       49   (0)      7  : 0.0000 0.0000 0.0000 0.0000 1.0000 0.0000 0.0000
50       50   (0)      7  : 0.1799 0.0000 0.0000 0.0000 0.0000 0.8201 0.0000
51       51   (0)      7  : 0.0000 0.0000 0.0000 0.0000 1.0000 0.0000 0.0000
52       52   (0)      7  : 0.0000 0.0000 0.0000 1.0000 0.0000 0.0000 0.0000
53       53   (0)      7  : 1.0000 0.0000 0.0000 0.0000 0.0000 0.0000 0.0000
54       54   (0)      7  : 1.0000 0.0000 0.0000 0.0000 0.0000 0.0000 0.0000
55       55   (0)      7  : 0.9620 0.0000 0.0000 0.0000 0.0000 0.0000 0.0380
56       56   (0)      7  : 1.0000 0.0000 0.0000 0.0000 0.0000 0.0000 0.0000
57       57   (0)      8  : 0.0000 0.0000 1.0000 0.0000 0.0000 0.0000 0.0000
58       58   (0)      8  : 0.0000 0.0000 0.0000 1.0000 0.0000 0.0000 0.0000
59       59   (0)      8  : 0.9999 0.0000 0.0000 0.0000 0.0000 0.0000 0.0001
60       60   (0)      8  : 0.0000 0.0000 1.0000 0.0000 0.0000 0.0000 0.0000
61       61   (0)      8  : 0.0000 0.0000 1.0000 0.0000 0.0000 0.0000 0.0000
62       62   (0)      8  : 0.0000 0.0000 0.0000 0.0000 1.0000 0.0000 0.0000
63       63   (0)      8  : 0.0000 0.0000 1.0000 0.0000 0.0000 0.0000 0.0000
64       64   (0)      8  : 1.0000 0.0000 0.0000 0.0000 0.0000 0.0000 0.0000
65       65   (0)      8  : 0.0000 1.0000 0.0000 0.0000 0.0000 0.0000 0.0000
66       66   (0)      8  : 1.0000 0.0000 0.0000 0.0000 0.0000 0.0000 0.0000
67       67   (0)      8  : 1.0000 0.0000 0.0000 0.0000 0.0000 0.0000 0.0000
68       68   (0)      8  : 1.0000 0.0000 0.0000 0.0000 0.0000 0.0000 0.0000
69       69   (0)      8  : 0.0000 1.0000 0.0000 0.0000 0.0000 0.0000 0.0000
70       70   (0)      8  : 0.0000 0.0000 1.0000 0.0000 0.0000 0.0000 0.0000
71       71   (0)      8  : 0.0000 1.0000 0.0000 0.0000 0.0000 0.0000 0.0000
72       72   (0)      8  : 0.0000 0.0000 0.0000 0.0000 1.0000 0.0000 0.0000
73       73   (0)      8  : 0.2129 0.0000 0.0000 0.0000 0.0000 0.0000 0.7871
74       74   (0)      8  : 1.0000 0.0000 0.0000 0.0000 0.0000 0.0000 0.0000
75       75   (0)      8  : 1.0000 0.0000 0.0000 0.0000 0.0000 0.0000 0.0000
76       76   (0)      8  : 0.0000 1.0000 0.0000 0.0000 0.0000 0.0000 0.0000
77       77   (0)      8  : 0.9730 0.0000 0.0000 0.0000 0.0000 0.0000 0.0270
78       78   (0)      9  : 0.0000 0.0000 1.0000 0.0000 0.0000 0.0000 0.0000
79       79   (0)      9  : 0.0000 0.0000 1.0000 0.0000 0.0000 0.0000 0.0000
80       80   (0)      9  : 0.0000 0.0000 0.0000 0.0000 1.0000 0.0000 0.0000
81       81   (0)      9  : 0.0000 0.0000 1.0000 0.0000 0.0000 0.0000 0.0000
82       82   (0)      9  : 0.0000 1.0000 0.0000 0.0000 0.0000 0.0000 0.0000
83       83   (0)      9  : 0.9212 0.0000 0.0000 0.0000 0.0000 0.0700 0.0088
84       84   (0)      9  : 0.0000 0.0000 0.0000 0.0000 0.0000 1.0000 0.0000
85       85   (0)      9  : 1.0000 0.0000 0.0000 0.0000 0.0000 0.0000 0.0000
86       86   (0)      9  : 1.0000 0.0000 0.0000 0.0000 0.0000 0.0000 0.0000
87       87   (0)      9  : 1.0000 0.0000 0.0000 0.0000 0.0000 0.0000 0.0000
88       88   (0)      9  : 0.0000 0.0000 1.0000 0.0000 0.0000 0.0000 0.0000
89       89   (0)      9  : 0.0000 0.0000 1.0000 0.0000 0.0000 0.0000 0.0000
90       90   (0)      9  : 0.6783 0.0000 0.0000 0.0000 0.0000 0.0000 0.3217
91       91   (0)      9  : 0.0000 0.0000 0.0000 0.0000 1.0000 0.0000 0.0000
92       92   (0)     10  : 0.1583 0.0000 0.3639 0.0000 0.0000 0.4616 0.0161
93       93   (0)     11  : 0.2637 0.2485 0.0000 0.0859 0.0000 0.3821 0.0198
94       94   (0)     11  : 0.0000 0.0000 0.0000 1.0000 0.0000 0.0000 0.0000
95       95   (0)     11  : 0.0000 0.0000 0.0000 0.1344 0.0000 0.8656 0.0000
96       96   (0)     12  : 0.0000 0.0000 0.0000 1.0000 0.0000 0.0000 0.0000
97       97   (0)     12  : 0.0000 0.0000 0.0000 1.0000 0.0000 0.0000 0.0000
98       98   (0)     12  : 0.0000 0.0000 0.0000 1.0000 0.0000 0.0000 0.0000
99       99   (0)     12  : 0.0000 0.0000 0.0000 1.0000 0.0000 0.0000 0.0000
100      100   (0)     12  : 0.0000 1.0000 0.0000 0.0000 0.0000 0.0000 0.0000
101      101   (0)     13  : 0.0000 1.0000 0.0000 0.0000 0.0000 0.0000 0.0000
102      102   (0)     13  : 0.0000 0.0000 0.0000 1.0000 0.0000 0.0000 0.0000
103      103   (0)     14  : 0.0000 0.0000 0.8883 0.0000 0.0512 0.0605 0.0000
104      104   (0)     14  : 0.0000 1.0000 0.0000 0.0000 0.0000 0.0000 0.0000
105      105   (0)     14  : 0.0000 0.7569 0.0398 0.0290 0.0779 0.0963 0.0000
106      106   (0)     14  : 0.0000 1.0000 0.0000 0.0000 0.0000 0.0000 0.0000
107      107   (0)     14  : 0.0000 0.0000 0.0000 0.0000 1.0000 0.0000 0.0000
108      108   (0)     15  : 0.0000 0.0000 0.0000 0.0000 0.0000 1.0000 0.0000
109      109   (0)     15  : 0.0000 1.0000 0.0000 0.0000 0.0000 0.0000 0.0000
110      110   (0)     15  : 0.0000 1.0000 0.0000 0.0000 0.0000 0.0000 0.0000
111      111   (0)     15  : 1.0000 0.0000 0.0000 0.0000 0.0000 0.0000 0.0000
112      112   (0)     15  : 0.0000 0.0000 0.7314 0.2083 0.0000 0.0604 0.0000
113      113   (0)     15  : 0.0000 0.9949 0.0000 0.0051 0.0000 0.0000 0.0000
114      114   (0)     15  : 0.0000 0.9112 0.0000 0.0888 0.0000 0.0000 0.0000
