  1        1   (0)      1 :  0.3664 0.0071 0.0000 0.0078 0.0000 0.0857 0.0001 0.4115 0.0005 0.0061 0.0000 0.0443 0.0112 0.0592 
  2        2   (0)      1 :  0.8354 0.0458 0.0069 0.0050 0.0000 0.0000 0.0737 0.0075 0.0247 0.0000 0.0000 0.0002 0.0007 0.0000 
  3        3   (0)      1 :  0.3136 0.0000 0.0000 0.0000 0.0000 0.0000 0.0000 0.6864 0.0000 0.0000 0.0000 0.0000 0.0000 0.0000 
  4        4   (0)      1 :  1.0000 0.0000 0.0000 0.0000 0.0000 0.0000 0.0000 0.0000 0.0000 0.0000 0.0000 0.0000 0.0000 0.0000 
  5        5   (0)      1 :  0.1829 0.0233 0.1323 0.0004 0.0000 0.0181 0.0134 0.0059 0.0004 0.0967 0.0017 0.1696 0.0295 0.3256 
  6        6   (0)      1 :  0.0898 0.0184 0.1036 0.0038 0.0000 0.0175 0.0149 0.0007 0.0188 0.0590 0.0005 0.2204 0.0257 0.4269 
  7        7   (0)      1 :  0.0011 0.0570 0.0000 0.0009 0.0000 0.0020 0.0040 0.0021 0.0307 0.0000 0.0000 0.2259 0.0084 0.6680 
  8        8   (0)      1 :  0.2581 0.0138 0.0953 0.0011 0.0000 0.0112 0.0105 0.0002 0.0011 0.0498 0.0016 0.1688 0.0313 0.3574 
  9        9   (0)      1 :  1.0000 0.0000 0.0000 0.0000 0.0000 0.0000 0.0000 0.0000 0.0000 0.0000 0.0000 0.0000 0.0000 0.0000 
 10       10   (0)      1 :  0.0000 0.0335 0.0000 0.0485 0.0000 0.0803 0.0072 0.0005 0.0188 0.0000 0.0000 0.1317 0.0000 0.6795 
 11       11   (0)      1 :  0.0006 0.0707 0.0000 0.0398 0.0000 0.0092 0.0235 0.0000 0.0177 0.0000 0.0000 0.1743 0.0200 0.6441 
 12       12   (0)      1 :  0.0000 0.7600 0.0000 0.0000 0.0000 0.0000 0.0800 0.0000 0.1600 0.0000 0.0000 0.0000 0.0000 0.0000 
 13       13   (0)      1 :  0.0000 0.0214 0.0000 0.0432 0.0000 0.0934 0.0013 0.0000 0.0332 0.0000 0.0000 0.1582 0.0094 0.6399 
 14       14   (0)      1 :  0.0948 0.0768 0.0966 0.0018 0.0059 0.0154 0.0063 0.0753 0.0367 0.1066 0.0196 0.0876 0.0106 0.3658 
 15       15   (0)      1 :  0.0000 0.0000 1.0000 0.0000 0.0000 0.0000 0.0000 0.0000 0.0000 0.0000 0.0000 0.0000 0.0000 0.0000 
 16       16   (0)      1 :  0.1800 0.0000 0.0000 0.0000 0.0000 0.0200 0.0000 0.8000 0.0000 0.0000 0.0000 0.0000 0.0000 0.0000 
 17       17   (0)      1 :  0.1800 0.0000 0.0000 0.0000 0.0000 0.0200 0.0000 0.8000 0.0000 0.0000 0.0000 0.0000 0.0000 0.0000 
 18       18   (0)      1 :  0.0000 0.0000 0.0000 1.0000 0.0000 0.0000 0.0000 0.0000 0.0000 0.0000 0.0000 0.0000 0.0000 0.0000 
 19       19   (0)      1 :  0.0106 0.0290 0.0000 0.0153 0.0000 0.1122 0.0310 0.0025 0.0455 0.0186 0.0000 0.2036 0.0367 0.4949 
 20       20   (0)      1 :  0.0000 0.0076 0.0000 0.0100 0.0000 0.0619 0.0025 0.0003 0.0399 0.0000 0.0000 0.3462 0.0776 0.4540 
 21       21   (0)      1 :  0.3056 0.0000 0.0000 0.0000 0.0000 0.0000 0.0000 0.6944 0.0000 0.0000 0.0000 0.0000 0.0000 0.0000 
 22       22   (0)      1 :  0.0000 0.0000 1.0000 0.0000 0.0000 0.0000 0.0000 0.0000 0.0000 0.0000 0.0000 0.0000 0.0000 0.0000 
 23       23   (0)      1 :  0.0133 0.0531 0.0012 0.0019 0.0000 0.0286 0.0277 0.0001 0.0202 0.0054 0.0000 0.2260 0.0133 0.6092 
 24       24   (0)      2 :  0.2757 0.0000 0.0000 0.0000 0.0000 0.0023 0.0000 0.7220 0.0000 0.0000 0.0000 0.0000 0.0000 0.0000 
 25       25   (0)      2 :  0.0000 0.0325 0.0000 0.0000 0.0000 0.0663 0.0000 0.0014 0.0020 0.0102 0.0000 0.4328 0.0488 0.4061 
 26       26   (0)      2 :  0.3635 0.0093 0.0000 0.0122 0.0000 0.0111 0.0011 0.3076 0.0000 0.0254 0.0000 0.1385 0.0177 0.1135 
 27       27   (0)      2 :  0.0094 0.0308 0.0000 0.0968 0.0000 0.0269 0.0266 0.0392 0.0112 0.0035 0.0000 0.2023 0.0131 0.5400 
 28       28   (0)      2 :  0.0105 0.0102 0.0244 0.0023 0.0000 0.0227 0.0004 0.0399 0.0174 0.0100 0.0001 0.2974 0.0169 0.5479 
 29       29   (0)      2 :  0.0089 0.0145 0.0000 0.0539 0.0000 0.0563 0.0451 0.0384 0.0194 0.0085 0.0000 0.2915 0.0289 0.4345 
 30       30   (0)      2 :  0.0000 0.0000 0.0000 0.0000 0.1537 0.0000 0.0000 0.0000 0.0000 0.0000 0.7063 0.0000 0.1400 0.0000 
 31       31   (0)      2 :  0.0043 0.0213 0.0102 0.0555 0.0000 0.0457 0.0031 0.0221 0.0145 0.0147 0.0000 0.2645 0.0316 0.5124 
 32       32   (0)      2 :  0.3294 0.0000 0.0000 0.0000 0.0000 0.0000 0.0000 0.6706 0.0000 0.0000 0.0000 0.0000 0.0000 0.0000 
 33       33   (0)      2 :  0.0000 0.0000 0.0000 1.0000 0.0000 0.0000 0.0000 0.0000 0.0000 0.0000 0.0000 0.0000 0.0000 0.0000 
 34       34   (0)      2 :  0.0000 0.0503 0.0000 0.0046 0.0000 0.0162 0.0017 0.0022 0.0044 0.0000 0.0000 0.2545 0.0290 0.6370 
 35       35   (0)      2 :  0.0206 0.0443 0.0243 0.0265 0.0000 0.0651 0.0281 0.0113 0.0438 0.0018 0.0000 0.2389 0.0182 0.4772 
 36       36   (0)      2 :  0.9974 0.0000 0.0000 0.0000 0.0000 0.0026 0.0000 0.0000 0.0000 0.0000 0.0000 0.0000 0.0000 0.0000 
 37       37   (0)      3 :  0.0032 0.0348 0.0000 0.0118 0.0000 0.0494 0.0271 0.0117 0.0230 0.0000 0.0000 0.1493 0.0079 0.6819 
 38       38   (0)      3 :  0.0231 0.0415 0.0000 0.0214 0.0000 0.0431 0.2026 0.0006 0.0167 0.0168 0.0000 0.4093 0.0834 0.1415 
 39       39   (0)      3 :  0.0001 0.0163 0.0000 0.0083 0.0000 0.1141 0.0268 0.0115 0.0015 0.0200 0.0000 0.2999 0.0291 0.4723 
 40       40   (0)      3 :  0.0005 0.0173 0.0000 0.0031 0.0000 0.0682 0.0027 0.0095 0.0247 0.0000 0.0000 0.3728 0.0871 0.4141 
 41       41   (0)      3 :  0.0053 0.0352 0.0000 0.0317 0.0000 0.0417 0.0409 0.0068 0.0013 0.0000 0.0000 0.2774 0.0249 0.5347 
 42       42   (0)      4 :  0.0000 0.0294 0.0000 0.0000 0.6357 0.0000 0.0000 0.0000 0.0000 0.0062 0.1666 0.0200 0.1421 0.0000 
 43       43   (0)      4 :  0.0000 0.0395 0.0000 0.0012 0.0000 0.0333 0.0149 0.0054 0.0181 0.0162 0.0003 0.2773 0.0293 0.5645 
 44       44   (0)      4 :  0.0000 0.0000 0.0000 0.0000 0.5535 0.0000 0.0000 0.0200 0.0000 0.0000 0.1793 0.0200 0.2272 0.0000 
 45       45   (0)      4 :  0.0000 0.0000 0.0000 0.0000 0.5276 0.0000 0.0000 0.0200 0.0000 0.0000 0.2503 0.0068 0.1953 0.0000 
 46       46   (0)      4 :  0.0310 0.0157 0.0094 0.0002 0.0076 0.0400 0.0001 0.0146 0.0216 0.0000 0.0050 0.1801 0.0368 0.6379 
 47       47   (0)      4 :  0.0000 0.0000 0.0000 0.0032 0.0000 0.1656 0.0000 0.0000 0.0254 0.0000 0.0000 0.3060 0.0200 0.4798 
 48       48   (0)      4 :  0.0001 0.0318 0.0000 0.0344 0.0000 0.0734 0.0034 0.0000 0.0331 0.0037 0.0000 0.2465 0.0287 0.5448 
 49       49   (0)      4 :  0.0024 0.0391 0.0000 0.0000 0.0000 0.0045 0.0007 0.0000 0.0036 0.0000 0.0000 0.2337 0.0117 0.7044 
 50       50   (0)      4 :  0.0000 0.0000 0.0000 0.0200 0.0000 0.9600 0.0000 0.0000 0.0000 0.0000 0.0000 0.0200 0.0000 0.0000 
 51       51   (0)      4 :  0.0002 0.0061 0.0298 0.0015 0.1183 0.1405 0.0000 0.0186 0.0020 0.2843 0.1642 0.0458 0.0556 0.1332 
 52       52   (0)      4 :  0.0027 0.0093 0.0000 0.0240 0.0034 0.0276 0.0000 0.0000 0.0477 0.0302 0.0042 0.2538 0.0345 0.5626 
 53       53   (0)      4 :  0.0001 0.0175 0.0000 0.0106 0.0000 0.0380 0.0086 0.0002 0.0028 0.0040 0.0000 0.4077 0.0278 0.4826 
 54       54   (0)      4 :  0.0016 0.0177 0.0095 0.0011 0.0147 0.0676 0.0270 0.0064 0.0213 0.0064 0.0063 0.2469 0.0240 0.5495 
 55       55   (0)      4 :  0.0000 0.0000 0.0000 0.0200 0.0000 0.9600 0.0000 0.0000 0.0000 0.0000 0.0000 0.0200 0.0000 0.0000 
 56       56   (0)      4 :  0.0000 0.0261 0.0000 0.0000 0.5790 0.0000 0.0000 0.0000 0.0000 0.0200 0.1711 0.0000 0.2038 0.0000 
 57       57   (0)      5 :  0.0036 0.0382 0.0000 0.0103 0.0000 0.0102 0.0011 0.0007 0.0123 0.0032 0.0000 0.3237 0.0150 0.5815 
 58       58   (0)      5 :  0.0017 0.0051 0.0000 0.0662 0.0000 0.0270 0.0073 0.0047 0.0199 0.0066 0.0000 0.3597 0.0371 0.4645 
 59       59   (0)      5 :  0.0000 0.0000 0.0000 0.0000 0.6303 0.0000 0.0000 0.0000 0.0000 0.0087 0.1345 0.0000 0.2264 0.0000 
 60       60   (0)      5 :  0.0000 0.0672 0.0000 0.0034 0.0000 0.0005 0.0017 0.0017 0.0483 0.0000 0.0000 0.2022 0.0238 0.6513 
 61       61   (0)      5 :  0.0000 0.0304 0.0938 0.0051 0.1744 0.0002 0.0743 0.0057 0.0002 0.0596 0.1779 0.0770 0.1164 0.1850 
 62       62   (0)      5 :  0.0000 0.0200 0.0000 0.0000 0.4008 0.0000 0.0000 0.0000 0.0000 0.0000 0.3592 0.0200 0.2000 0.0000 
 63       63   (0)      5 :  0.0241 0.0319 0.0068 0.0019 0.0490 0.0275 0.0172 0.0170 0.0133 0.0434 0.0808 0.1967 0.0545 0.4358 
 64       64   (0)      5 :  0.0000 0.0804 0.0000 0.0046 0.0000 0.0027 0.0311 0.0062 0.0426 0.0000 0.0000 0.2810 0.0789 0.4727 
 65       65   (0)      5 :  0.0000 0.0363 0.0000 0.0059 0.0000 0.0272 0.0004 0.0000 0.0038 0.0000 0.0000 0.2004 0.0022 0.7237 
 66       66   (0)      5 :  0.0011 0.0202 0.0000 0.0015 0.0000 0.0637 0.0043 0.0198 0.0038 0.0000 0.0000 0.2003 0.0111 0.6742 
 67       67   (0)      5 :  0.0000 0.0437 0.0262 0.0000 0.0734 0.0081 0.0002 0.0489 0.0000 0.0782 0.4370 0.0192 0.1744 0.0908 
 68       68   (0)      5 :  0.0000 0.0002 0.0000 0.0000 0.4632 0.0000 0.0000 0.0000 0.0000 0.0000 0.2674 0.0000 0.2692 0.0000 
 69       69   (0)      5 :  0.0236 0.0284 0.0007 0.0069 0.0147 0.0691 0.0557 0.0163 0.0117 0.0131 0.1473 0.2212 0.0820 0.3090 
 70       70   (0)      5 :  0.0000 0.0400 0.0000 0.0000 0.0800 0.0000 0.0000 0.0600 0.0000 0.0000 0.6200 0.0000 0.2000 0.0000 
 71       71   (0)      5 :  0.0000 0.0288 0.0000 0.0000 0.2260 0.0000 0.0000 0.0000 0.0000 0.0000 0.4735 0.0000 0.2717 0.0000 
 72       72   (0)      5 :  0.0087 0.0333 0.0016 0.0083 0.0181 0.0359 0.0017 0.0070 0.0038 0.0061 0.0498 0.3200 0.0815 0.4240 
 73       73   (0)      5 :  0.0053 0.0226 0.0000 0.0031 0.0000 0.0081 0.0027 0.0192 0.0415 0.0081 0.0000 0.3079 0.0345 0.5470 
 74       74   (0)      5 :  0.0000 0.0200 0.0000 0.0000 0.5550 0.0000 0.0000 0.0000 0.0000 0.0070 0.1591 0.0000 0.2589 0.0000 
 75       75   (0)      6 :  0.0000 0.0162 0.0000 0.0000 0.2042 0.0000 0.0000 0.0056 0.0000 0.0000 0.4654 0.0103 0.2983 0.0000 
 76       76   (0)      6 :  0.0024 0.0301 0.0121 0.0142 0.0074 0.0055 0.0006 0.0095 0.0152 0.0171 0.0229 0.2320 0.0266 0.6044 
 77       77   (0)      6 :  0.0000 0.0000 0.0000 0.0000 0.3592 0.0000 0.0000 0.0038 0.0000 0.0000 0.3401 0.0000 0.2969 0.0000 
 78       78   (0)      6 :  0.0000 0.0200 0.0000 0.0000 0.4681 0.0000 0.0000 0.0000 0.0000 0.0000 0.2460 0.0000 0.2659 0.0000 
 79       79   (0)      6 :  0.0000 0.0088 0.0000 0.0000 0.3048 0.0000 0.0000 0.0000 0.0000 0.0000 0.4692 0.0022 0.2150 0.0000 
 80       80   (0)      6 :  0.4140 0.0000 0.0020 0.0000 0.0000 0.0000 0.0000 0.5837 0.0003 0.0000 0.0000 0.0000 0.0000 0.0000 
 81       81   (0)      6 :  0.0000 0.0124 0.0000 0.0000 0.2822 0.0000 0.0000 0.0098 0.0000 0.0000 0.4997 0.0000 0.1960 0.0000 
 82       82   (0)      6 :  0.0000 0.0000 0.0000 0.0000 0.2137 0.0000 0.0000 0.0090 0.0000 0.0000 0.6135 0.0076 0.1562 0.0000 
 83       83   (0)      6 :  0.0000 0.0252 0.0033 0.0000 0.0968 0.0000 0.0000 0.0186 0.0000 0.0017 0.6894 0.0000 0.1652 0.0000 
 84       84   (0)      6 :  0.0000 0.0000 0.0000 0.0000 0.1714 0.0000 0.0000 0.0600 0.0000 0.0000 0.6110 0.0000 0.1575 0.0000 
 85       85   (0)      6 :  0.0000 0.0000 0.0000 0.0000 0.3051 0.0000 0.0000 0.0200 0.0000 0.0000 0.4065 0.0000 0.2684 0.0000 
 86       86   (0)      6 :  0.0000 0.0221 0.0000 0.0000 0.0442 0.0000 0.0000 0.0132 0.0000 0.0000 0.7747 0.0000 0.1458 0.0000 
 87       87   (0)      6 :  0.0000 0.0000 0.0000 0.0000 0.5593 0.0000 0.0000 0.0000 0.0000 0.0200 0.1593 0.0000 0.2613 0.0000 
 88       88   (0)      6 :  0.0000 0.0093 0.0000 0.0000 0.6783 0.0000 0.0000 0.0032 0.0000 0.0120 0.1259 0.0090 0.1622 0.0000 
 89       89   (0)      6 :  0.0000 0.0000 0.0000 0.0000 0.5385 0.0000 0.0000 0.0000 0.0000 0.0200 0.2202 0.0000 0.2213 0.0000 
 90       90   (0)      6 :  0.8894 0.0000 0.0000 0.0000 0.0681 0.0000 0.0000 0.0000 0.0000 0.0021 0.0129 0.0000 0.0275 0.0000 
 91       91   (0)      6 :  0.0000 0.0200 0.0000 0.0000 0.5659 0.0000 0.0000 0.0000 0.0000 0.0200 0.1036 0.0200 0.2704 0.0000 
 92       92   (0)      6 :  0.0000 0.0421 0.0000 0.0014 0.0000 0.0794 0.0856 0.0070 0.0017 0.0272 0.0000 0.4672 0.1001 0.1881 
 93       93   (0)      6 :  0.0015 0.0000 0.0329 0.0000 0.0045 0.0000 0.0000 0.0000 0.0000 0.9556 0.0000 0.0054 0.0000 0.0000 
 94       94   (0)      6 :  0.0000 0.0049 0.0000 0.0084 0.0000 0.1260 0.0174 0.0200 0.0136 0.0637 0.0000 0.3834 0.0636 0.2990 
 95       95   (0)      6 :  0.0000 0.0000 0.0151 0.0000 0.0041 0.0065 0.0000 0.0000 0.0000 0.9595 0.0000 0.0147 0.0000 0.0000 
 96       96   (0)      6 :  0.0000 0.0000 0.0086 0.0000 0.0059 0.0070 0.0000 0.0042 0.0000 0.9574 0.0000 0.0170 0.0000 0.0000 
 97       97   (0)      6 :  0.0000 0.0349 0.0000 0.0101 0.0011 0.0749 0.0311 0.0043 0.0065 0.1643 0.0000 0.2546 0.0336 0.3845 
 98       98   (0)      6 :  0.0000 0.0000 0.1524 0.0000 0.0037 0.0000 0.0000 0.0000 0.0000 0.8331 0.0000 0.0108 0.0000 0.0000 
 99       99   (0)      7 :  0.0000 0.0317 0.0000 0.0000 0.2791 0.0000 0.0000 0.0131 0.0000 0.0000 0.3728 0.0000 0.3034 0.0000 
100      100   (0)      7 :  0.0033 0.0315 0.0288 0.0001 0.0500 0.0329 0.0055 0.0061 0.0070 0.1569 0.0483 0.1657 0.0622 0.4018 
101      101   (0)      7 :  0.0000 0.0000 1.0000 0.0000 0.0000 0.0000 0.0000 0.0000 0.0000 0.0000 0.0000 0.0000 0.0000 0.0000 
102      102   (0)      7 :  0.0000 0.0000 1.0000 0.0000 0.0000 0.0000 0.0000 0.0000 0.0000 0.0000 0.0000 0.0000 0.0000 0.0000 
103      103   (0)      7 :  0.0000 0.0702 0.0000 0.0130 0.0000 0.1739 0.0334 0.0000 0.0454 0.0042 0.0000 0.2609 0.0312 0.3679 
104      104   (0)      7 :  0.0379 0.0350 0.0000 0.0111 0.0000 0.0612 0.0541 0.0037 0.0342 0.0088 0.0000 0.3853 0.0560 0.3126 
105      105   (0)      7 :  0.0000 0.0801 0.0000 0.0000 0.0000 0.1944 0.0021 0.0608 0.0000 0.0055 0.0000 0.3994 0.1800 0.0777 
106      106   (0)      7 :  0.0000 0.0327 0.0000 0.0018 0.0000 0.1705 0.0133 0.0071 0.0222 0.0087 0.0000 0.3084 0.0522 0.3831 
107      107   (0)      7 :  0.0072 0.0164 0.0000 0.0370 0.0000 0.0702 0.0008 0.0026 0.0224 0.0065 0.0000 0.3055 0.0355 0.4959 
108      108   (0)      8 :  0.0000 0.0000 0.0000 0.0600 0.0000 0.0000 0.9400 0.0000 0.0000 0.0000 0.0000 0.0000 0.0000 0.0000 
109      109   (0)      8 :  0.0011 0.0416 0.0000 0.0120 0.0000 0.0250 0.0264 0.0035 0.0208 0.0000 0.0000 0.2204 0.0370 0.6121 
110      110   (0)      8 :  0.0000 0.7600 0.0000 0.0000 0.0000 0.0000 0.0800 0.0000 0.1600 0.0000 0.0000 0.0000 0.0000 0.0000 
111      111   (0)      8 :  0.0000 0.0000 0.0000 0.0800 0.0000 0.0000 0.0000 0.0000 0.9000 0.0000 0.0000 0.0200 0.0000 0.0000 
112      112   (0)      8 :  0.0000 0.0000 1.0000 0.0000 0.0000 0.0000 0.0000 0.0000 0.0000 0.0000 0.0000 0.0000 0.0000 0.0000 
113      113   (0)      8 :  0.0000 0.0342 0.0000 0.0000 0.0000 0.0238 0.0009 0.0021 0.0172 0.0000 0.0000 0.3110 0.0725 0.5384 
114      114   (0)      8 :  0.0000 0.0560 0.0000 0.0000 0.0000 0.0271 0.0034 0.0008 0.0103 0.0000 0.0000 0.1444 0.0000 0.7579 
115      115   (0)      8 :  0.0000 0.0000 0.0000 0.0600 0.0000 0.0000 0.9400 0.0000 0.0000 0.0000 0.0000 0.0000 0.0000 0.0000 
116      116   (0)      8 :  0.0000 0.0000 0.0000 0.0800 0.0000 0.0000 0.0000 0.0000 0.9000 0.0000 0.0000 0.0200 0.0000 0.0000 
117      117   (0)      8 :  0.0000 0.0800 0.0004 0.0016 0.0020 0.1805 0.0235 0.0601 0.0039 0.0328 0.0021 0.3666 0.1801 0.0666 
118      118   (0)      8 :  0.0058 0.0402 0.0000 0.0019 0.0000 0.0347 0.0087 0.0269 0.0017 0.0000 0.0000 0.2835 0.0505 0.5462 
119      119   (0)      9 :  0.0000 0.0200 0.0000 0.0000 0.3556 0.0000 0.0000 0.0248 0.0000 0.0000 0.3858 0.0000 0.2138 0.0000 
120      120   (0)     10 :  0.0063 0.0123 0.0453 0.0213 0.0000 0.0516 0.0421 0.0000 0.0264 0.0019 0.0000 0.2185 0.0086 0.5657 
121      121   (0)     10 :  0.0000 0.0098 0.0000 0.0104 0.0000 0.0304 0.0002 0.0000 0.0589 0.0063 0.0000 0.2297 0.0124 0.6419 
122      122   (0)     10 :  0.0000 0.0207 0.0000 0.0184 0.0000 0.0760 0.0315 0.0006 0.0028 0.0077 0.0000 0.3639 0.0365 0.4419 
123      123   (0)     10 :  0.0327 0.0384 0.0110 0.0118 0.0453 0.0654 0.0758 0.0118 0.0270 0.0065 0.0050 0.3077 0.0631 0.2984 
124      124   (0)     10 :  0.0063 0.0153 0.0521 0.0305 0.0000 0.0174 0.0122 0.0011 0.0095 0.0033 0.0000 0.3077 0.0421 0.5026 
125      125   (0)     10 :  0.0083 0.0092 0.0345 0.0268 0.0000 0.0977 0.0000 0.0002 0.0157 0.1465 0.0039 0.1747 0.0104 0.4720 
126      126   (0)     10 :  0.0003 0.0100 0.0139 0.0253 0.0000 0.0547 0.0081 0.0040 0.0004 0.0064 0.0000 0.3041 0.0571 0.5156 
127      127   (0)     10 :  0.0008 0.0164 0.0000 0.0068 0.0000 0.0453 0.0279 0.0003 0.0215 0.0000 0.0000 0.1893 0.0093 0.6822 
128      128   (0)     10 :  0.0137 0.0213 0.0200 0.0217 0.0000 0.0529 0.0060 0.0064 0.0349 0.0035 0.0000 0.2930 0.0438 0.4828 
129      129   (0)     10 :  0.0008 0.0057 0.0000 0.0133 0.0000 0.0648 0.0007 0.0019 0.0007 0.0005 0.0000 0.4058 0.0268 0.4790 
130      130   (0)     10 :  0.0005 0.0224 0.0000 0.0000 0.0000 0.0361 0.0017 0.0007 0.0019 0.0053 0.0000 0.3223 0.0224 0.5867 
131      131   (0)     10 :  0.0292 0.0101 0.0346 0.0047 0.0000 0.1117 0.0177 0.0058 0.0323 0.0036 0.0000 0.2612 0.0304 0.4586 
132      132   (0)     10 :  0.0344 0.0117 0.0540 0.0037 0.0000 0.0156 0.0162 0.0045 0.0069 0.0468 0.0011 0.2726 0.0215 0.5110 
133      133   (0)     10 :  0.0116 0.0086 0.0227 0.0279 0.0035 0.0894 0.0260 0.0051 0.0236 0.0241 0.0072 0.2056 0.0092 0.5355 
134      134   (0)     10 :  0.0002 0.0252 0.0445 0.0050 0.0021 0.0212 0.0281 0.0014 0.0099 0.0272 0.0039 0.2792 0.0240 0.5280 
135      135   (0)     10 :  0.0123 0.0411 0.0346 0.0033 0.0000 0.0280 0.0621 0.0038 0.0179 0.0019 0.0000 0.2373 0.0194 0.5384 
136      136   (0)     10 :  0.0001 0.0301 0.0092 0.0009 0.0000 0.0496 0.0101 0.0024 0.0158 0.0072 0.0000 0.2782 0.0404 0.5559 
137      137   (0)     11 :  0.0000 0.0081 0.0885 0.0000 0.4557 0.0000 0.0000 0.0000 0.0000 0.0065 0.1889 0.0047 0.2476 0.0000 
138      138   (0)     12 :  0.0371 0.0087 0.0487 0.0475 0.0003 0.0972 0.0221 0.0614 0.0006 0.1490 0.0000 0.1700 0.0181 0.3392 
139      139   (0)     12 :  0.0004 0.0172 0.0750 0.0011 0.0197 0.0221 0.0000 0.0000 0.0013 0.3856 0.1667 0.0459 0.0468 0.2183 
140      140   (0)     12 :  0.4107 0.0000 0.0454 0.0000 0.0000 0.0000 0.0000 0.5438 0.0000 0.0000 0.0000 0.0000 0.0000 0.0000 
141      141   (0)     12 :  0.0000 0.1779 0.0222 0.0000 0.0000 0.0000 0.0132 0.0025 0.0361 0.7281 0.0200 0.0000 0.0000 0.0000 
142      142   (0)     12 :  0.0101 0.0286 0.0537 0.0110 0.0000 0.0622 0.0117 0.0273 0.0298 0.0138 0.0004 0.2498 0.0292 0.4726 
143      143   (0)     12 :  0.0008 0.0056 0.0767 0.0008 0.0036 0.1391 0.0000 0.0010 0.0081 0.6586 0.0200 0.0248 0.0057 0.0553 
144      144   (0)     12 :  0.0278 0.0246 0.1201 0.0000 0.0000 0.0043 0.0009 0.0312 0.0079 0.0432 0.0033 0.2197 0.0165 0.5005 
145      145   (0)     12 :  0.3659 0.0373 0.0000 0.0000 0.0000 0.0294 0.0082 0.2368 0.0033 0.0237 0.0000 0.1202 0.0147 0.1605 
146      146   (0)     13 :  0.0000 0.0200 0.0000 0.0000 0.8585 0.0000 0.0000 0.0000 0.0000 0.0200 0.0310 0.0000 0.0705 0.0000 
147      147   (0)     13 :  0.0000 0.0185 0.0000 0.0000 0.5701 0.0000 0.0000 0.0000 0.0000 0.0068 0.2359 0.0000 0.1686 0.0000 
148      148   (0)     13 :  0.0000 0.0400 0.0000 0.0000 0.6090 0.0000 0.0000 0.0000 0.0000 0.0200 0.1547 0.0060 0.1702 0.0000 
149      149   (0)     13 :  0.0000 0.0400 0.0000 0.0000 0.4967 0.0000 0.0000 0.0000 0.0000 0.0200 0.2679 0.0000 0.1753 0.0000 
150      150   (0)     13 :  0.0000 0.0200 0.0000 0.0000 0.7299 0.0000 0.0000 0.0000 0.0000 0.0084 0.0961 0.0000 0.1457 0.0000 
151      151   (0)     14 :  0.0000 0.0042 0.0000 0.0000 0.4993 0.0000 0.0000 0.0089 0.0000 0.0095 0.2502 0.0016 0.2263 0.0000 
152      152   (0)     14 :  0.0127 0.0283 0.0000 0.0227 0.0000 0.0730 0.0152 0.0049 0.0201 0.0000 0.0000 0.2443 0.0107 0.5681 
153      153   (0)     15 :  0.0003 0.0000 0.0154 0.0000 0.0009 0.0000 0.0004 0.0015 0.0000 0.9336 0.0310 0.0088 0.0000 0.0082 
154      154   (0)     15 :  0.0000 0.0203 0.0000 0.0000 0.5073 0.0000 0.0000 0.0149 0.0000 0.0131 0.2985 0.0000 0.1458 0.0000 
155      155   (0)     16 :  0.0006 0.0163 0.0364 0.0018 0.0000 0.0060 0.0145 0.0073 0.0344 0.0290 0.0012 0.2220 0.0153 0.6152 
156      156   (0)     16 :  0.0428 0.0720 0.0073 0.0021 0.0000 0.0144 0.0217 0.0005 0.0515 0.0027 0.0000 0.2771 0.0411 0.4668 
157      157   (0)     17 :  0.0031 0.0088 0.1082 0.0000 0.0042 0.0000 0.0006 0.0030 0.0004 0.8390 0.0235 0.0030 0.0026 0.0037 
158      158   (0)     17 :  0.9994 0.0000 0.0006 0.0000 0.0000 0.0000 0.0000 0.0000 0.0000 0.0000 0.0000 0.0000 0.0000 0.0000 
159      159   (0)     18 :  0.0004 0.0119 0.0150 0.0009 0.0000 0.1257 0.0028 0.0035 0.0081 0.0033 0.0000 0.2631 0.0379 0.5275 
160      160   (0)     18 :  0.0000 0.0696 0.0000 0.0165 0.0000 0.0211 0.0085 0.0018 0.0219 0.0000 0.0000 0.2058 0.0269 0.6279 
161      161   (0)     18 :  0.0000 0.0428 0.0000 0.0423 0.0000 0.0507 0.0133 0.0017 0.0101 0.0065 0.0000 0.2339 0.0451 0.5536 
162      162   (0)     19 :  0.0000 0.0175 0.0306 0.0103 0.0000 0.1369 0.0187 0.0048 0.1029 0.0600 0.0000 0.2098 0.0258 0.3827 
163      163   (0)     19 :  0.0000 0.0212 0.1883 0.0022 0.0211 0.0401 0.0397 0.0010 0.0237 0.2166 0.0827 0.2262 0.0794 0.0578 
164      164   (0)     19 :  0.0018 0.0375 0.0000 0.0180 0.0000 0.0782 0.1880 0.0132 0.0037 0.0169 0.0000 0.4252 0.0871 0.1304 
