nohup: ignoring input
	-> angsd version: 0.940-dirty (htslib: 1.16) build(Sep 19 2025 12:28:47)
	-> /home/cns.local/michael.studivan/bin/angsd/angsd -b bamsNoClones -GL 1 -uniqueOnly 1 -remove_bads 1 -minMapQ 20 -minQ 30 -dosnpstat 1 -doHWE 1 -hwe_pval 1e-5 -sb_pval 1e-5 -hetbias_pval 1e-5 -skipTriallelic 1 -minInd 131 -snp_pval 1e-6 -minMaf 0.05 -doMajorMinor 1 -doMaf 1 -doCounts 1 -makeMatrix 1 -doIBS 1 -doCov 1 -doGeno 8 -doBcf 1 -doPost 1 -doGlf 2 -P 1 -out pstrNoClones 
	-> Inputtype is BAM/CRAM
[multiReader] 164 samples in 164 input files
	-> SNP-filter using a pvalue: 1.000000e-06 correspond to 23.928127 likelihood units

[bcfoutput] 	Please add the following parameters 
		 '-gl 1 -dopost 1 -domajorminor 1 -domaf 1 -dobcf 1 --ignore-RG 0 -dogeno 1 -docounts 1'

	-> Inputtype is BAM/CRAM
	-> Parsing 164 number of samples 
	-> Printing at chr: h1tg000001l pos:714222 chunknumber 100 contains 70 sites
	-> Printing at chr: h1tg000001l pos:1281266 chunknumber 200 contains 36 sites
	-> Printing at chr: h1tg000003l pos:103661 chunknumber 300 contains 108 sites
	-> Printing at chr: h1tg000003l pos:700495 chunknumber 400 contains 55 sites
	-> Printing at chr: h1tg000003l pos:1348225 chunknumber 500 contains 51 sites
	-> Printing at chr: h1tg000004l pos:247191 chunknumber 600 contains 36 sites
	-> Printing at chr: h1tg000007l pos:63019 chunknumber 700 contains 36 sites
	-> Printing at chr: h1tg000009l pos:169986 chunknumber 800 contains 74 sites
	-> Printing at chr: h1tg000009l pos:1066728 chunknumber 900 contains 37 sites
	-> Printing at chr: h1tg000011l pos:508288 chunknumber 1000 contains 37 sites
	-> Printing at chr: h1tg000011l pos:2690121 chunknumber 1100 contains 105 sites
	-> Printing at chr: h1tg000014l pos:188116 chunknumber 1200 contains 36 sites
	-> Printing at chr: h1tg000015l pos:347744 chunknumber 1300 contains 33 sites
	-> Printing at chr: h1tg000015l pos:998399 chunknumber 1400 contains 36 sites
	-> Printing at chr: h1tg000015l pos:1749812 chunknumber 1500 contains 36 sites
	-> Printing at chr: h1tg000015l pos:2383125 chunknumber 1600 contains 36 sites
	-> Printing at chr: h1tg000016l pos:249651 chunknumber 1700 contains 36 sites
	-> Printing at chr: h1tg000017l pos:264342 chunknumber 1800 contains 106 sites
	-> Printing at chr: h1tg000017l pos:962001 chunknumber 1900 contains 140 sites
	-> Printing at chr: h1tg000019l pos:230512 chunknumber 2000 contains 108 sites
	-> Printing at chr: h1tg000020l pos:468520 chunknumber 2100 contains 36 sites
	-> Printing at chr: h1tg000021l pos:578532 chunknumber 2200 contains 36 sites
	-> Printing at chr: h1tg000021l pos:1054713 chunknumber 2300 contains 36 sites
	-> Printing at chr: h1tg000021l pos:1869914 chunknumber 2400 contains 71 sites
	-> Printing at chr: h1tg000022l pos:139728 chunknumber 2500 contains 36 sites
	-> Printing at chr: h1tg000023l pos:198671 chunknumber 2600 contains 102 sites
	-> Printing at chr: h1tg000024l pos:283387 chunknumber 2700 contains 108 sites
	-> Printing at chr: h1tg000024l pos:956895 chunknumber 2800 contains 144 sites
	-> Printing at chr: h1tg000026l pos:111593 chunknumber 2900 contains 280 sites
	-> Printing at chr: h1tg000028l pos:136278 chunknumber 3000 contains 72 sites
	-> Printing at chr: h1tg000031l pos:293128 chunknumber 3100 contains 321 sites
	-> Printing at chr: h1tg000033l pos:431319 chunknumber 3200 contains 71 sites
	-> Printing at chr: h1tg000034l pos:167224 chunknumber 3300 contains 180 sites
	-> Printing at chr: h1tg000034l pos:876333 chunknumber 3400 contains 36 sites
	-> Printing at chr: h1tg000035l pos:271193 chunknumber 3500 contains 36 sites
	-> Printing at chr: h1tg000036l pos:912222 chunknumber 3600 contains 72 sites
	-> Printing at chr: h1tg000037l pos:562217 chunknumber 3700 contains 36 sites
	-> Printing at chr: h1tg000037l pos:1169969 chunknumber 3800 contains 36 sites
	-> Printing at chr: h1tg000037l pos:1785533 chunknumber 3900 contains 36 sites
	-> Printing at chr: h1tg000037l pos:2561140 chunknumber 4000 contains 216 sites
	-> Printing at chr: h1tg000038l pos:455726 chunknumber 4100 contains 108 sites
	-> Printing at chr: h1tg000039l pos:327726 chunknumber 4200 contains 143 sites
	-> Printing at chr: h1tg000040l pos:610043 chunknumber 4300 contains 72 sites
	-> Printing at chr: h1tg000042l pos:902789 chunknumber 4400 contains 108 sites
	-> Printing at chr: h1tg000042l pos:1515245 chunknumber 4500 contains 72 sites
	-> Printing at chr: h1tg000043l pos:545973 chunknumber 4600 contains 143 sites
	-> Printing at chr: h1tg000045l pos:189330 chunknumber 4700 contains 36 sites
	-> Printing at chr: h1tg000045l pos:991113 chunknumber 4800 contains 51 sites
	-> Printing at chr: h1tg000049l pos:615704 chunknumber 4900 contains 292 sites
	-> Printing at chr: h1tg000050l pos:485965 chunknumber 5000 contains 306 sites
	-> Printing at chr: h1tg000051l pos:489219 chunknumber 5100 contains 72 sites
	-> Printing at chr: h1tg000052l pos:206585 chunknumber 5200 contains 72 sites
	-> Printing at chr: h1tg000052l pos:695390 chunknumber 5300 contains 36 sites
	-> Printing at chr: h1tg000052l pos:1424351 chunknumber 5400 contains 140 sites
	-> Printing at chr: h1tg000054l pos:321267 chunknumber 5500 contains 72 sites
	-> Printing at chr: h1tg000054l pos:1198521 chunknumber 5600 contains 72 sites
	-> Printing at chr: h1tg000055l pos:443023 chunknumber 5700 contains 36 sites
	-> Printing at chr: h1tg000055l pos:1308129 chunknumber 5800 contains 73 sites
	-> Printing at chr: h1tg000055l pos:2045480 chunknumber 5900 contains 108 sites
	-> Printing at chr: h1tg000057l pos:164001 chunknumber 6000 contains 73 sites
	-> Printing at chr: h1tg000057l pos:595550 chunknumber 6100 contains 71 sites
	-> Printing at chr: h1tg000057l pos:1214891 chunknumber 6200 contains 286 sites
	-> Printing at chr: h1tg000059l pos:484219 chunknumber 6300 contains 73 sites
	-> Printing at chr: h1tg000062l pos:76205 chunknumber 6400 contains 76 sites
	-> Printing at chr: h1tg000064l pos:175550 chunknumber 6500 contains 36 sites
	-> Printing at chr: h1tg000065l pos:170265 chunknumber 6600 contains 72 sites
	-> Printing at chr: h1tg000067l pos:595870 chunknumber 6700 contains 37 sites
	-> Printing at chr: h1tg000068l pos:701865 chunknumber 6800 contains 72 sites
	-> Printing at chr: h1tg000069l pos:182888 chunknumber 6900 contains 176 sites
	-> Printing at chr: h1tg000070l pos:140542 chunknumber 7000 contains 36 sites
	-> Printing at chr: h1tg000071l pos:774344 chunknumber 7100 contains 317 sites
	-> Printing at chr: h1tg000072l pos:103527 chunknumber 7200 contains 36 sites
	-> Printing at chr: h1tg000072l pos:680010 chunknumber 7300 contains 72 sites
	-> Printing at chr: h1tg000072l pos:1517934 chunknumber 7400 contains 71 sites
	-> Printing at chr: h1tg000073l pos:261541 chunknumber 7500 contains 72 sites
	-> Printing at chr: h1tg000075l pos:103412 chunknumber 7600 contains 36 sites
	-> Printing at chr: h1tg000075l pos:755123 chunknumber 7700 contains 72 sites
	-> Printing at chr: h1tg000076l pos:46049 chunknumber 7800 contains 109 sites
	-> Printing at chr: h1tg000077l pos:19609 chunknumber 7900 contains 72 sites
	-> Printing at chr: h1tg000077l pos:790051 chunknumber 8000 contains 36 sites
	-> Printing at chr: h1tg000077l pos:1417002 chunknumber 8100 contains 349 sites
	-> Printing at chr: h1tg000078l pos:363059 chunknumber 8200 contains 72 sites
	-> Printing at chr: h1tg000078l pos:1034260 chunknumber 8300 contains 36 sites
	-> Printing at chr: h1tg000079l pos:308310 chunknumber 8400 contains 36 sites
	-> Printing at chr: h1tg000082l pos:15039 chunknumber 8500 contains 72 sites
	-> Printing at chr: h1tg000082l pos:1062515 chunknumber 8600 contains 256 sites
	-> Printing at chr: h1tg000083l pos:566284 chunknumber 8700 contains 36 sites
	-> Printing at chr: h1tg000084l pos:676124 chunknumber 8800 contains 214 sites
	-> Printing at chr: h1tg000085l pos:200488 chunknumber 8900 contains 72 sites
	-> Printing at chr: h1tg000085l pos:972712 chunknumber 9000 contains 36 sites
	-> Printing at chr: h1tg000085l pos:1461626 chunknumber 9100 contains 37 sites
	-> Printing at chr: h1tg000087l pos:161534 chunknumber 9200 contains 144 sites
	-> Printing at chr: h1tg000089l pos:320356 chunknumber 9300 contains 140 sites
	-> Printing at chr: h1tg000089l pos:866357 chunknumber 9400 contains 72 sites
	-> Printing at chr: h1tg000091l pos:687421 chunknumber 9500 contains 105 sites
	-> Printing at chr: h1tg000094l pos:644542 chunknumber 9600 contains 71 sites
	-> Printing at chr: h1tg000095l pos:247354 chunknumber 9700 contains 36 sites
	-> Printing at chr: h1tg000097l pos:93032 chunknumber 9800 contains 168 sites
	-> Printing at chr: h1tg000097l pos:506334 chunknumber 9900 contains 72 sites
	-> Printing at chr: h1tg000098l pos:187365 chunknumber 10000 contains 178 sites
	-> Printing at chr: h1tg000098l pos:785426 chunknumber 10100 contains 108 sites
	-> Printing at chr: h1tg000099l pos:523965 chunknumber 10200 contains 40 sites
	-> Printing at chr: h1tg000100l pos:472131 chunknumber 10300 contains 36 sites
	-> Printing at chr: h1tg000102l pos:253684 chunknumber 10400 contains 70 sites
	-> Printing at chr: h1tg000102l pos:909116 chunknumber 10500 contains 37 sites
	-> Printing at chr: h1tg000102l pos:1866854 chunknumber 10600 contains 69 sites
	-> Printing at chr: h1tg000104l pos:17353 chunknumber 10700 contains 73 sites
	-> Printing at chr: h1tg000104l pos:714950 chunknumber 10800 contains 178 sites
	-> Printing at chr: h1tg000105l pos:114816 chunknumber 10900 contains 106 sites
	-> Printing at chr: h1tg000105l pos:680123 chunknumber 11000 contains 105 sites
	-> Printing at chr: h1tg000105l pos:1667843 chunknumber 11100 contains 107 sites
	-> Printing at chr: h1tg000107l pos:763663 chunknumber 11200 contains 38 sites
	-> Printing at chr: h1tg000108l pos:577998 chunknumber 11300 contains 108 sites
	-> Printing at chr: h1tg000110l pos:213881 chunknumber 11400 contains 25 sites
	-> Printing at chr: h1tg000111l pos:695224 chunknumber 11500 contains 36 sites
	-> Printing at chr: h1tg000111l pos:1356544 chunknumber 11600 contains 36 sites
	-> Printing at chr: h1tg000114l pos:82257 chunknumber 11700 contains 144 sites
	-> Printing at chr: h1tg000115l pos:235471 chunknumber 11800 contains 108 sites
	-> Printing at chr: h1tg000117l pos:446075 chunknumber 11900 contains 144 sites
	-> Printing at chr: h1tg000117l pos:1101408 chunknumber 12000 contains 37 sites
	-> Printing at chr: h1tg000118l pos:417540 chunknumber 12100 contains 254 sites
	-> Printing at chr: h1tg000119l pos:386170 chunknumber 12200 contains 108 sites
	-> Printing at chr: h1tg000120l pos:304156 chunknumber 12300 contains 72 sites
	-> Printing at chr: h1tg000123l pos:15549 chunknumber 12400 contains 36 sites
	-> Printing at chr: h1tg000123l pos:630738 chunknumber 12500 contains 214 sites
	-> Printing at chr: h1tg000124l pos:455677 chunknumber 12600 contains 36 sites
	-> Printing at chr: h1tg000124l pos:908113 chunknumber 12700 contains 180 sites
	-> Printing at chr: h1tg000124l pos:1592660 chunknumber 12800 contains 36 sites
	-> Printing at chr: h1tg000125l pos:785827 chunknumber 12900 contains 36 sites
	-> Printing at chr: h1tg000126l pos:85619 chunknumber 13000 contains 278 sites
	-> Printing at chr: h1tg000128l pos:28041 chunknumber 13100 contains 36 sites
	-> Printing at chr: h1tg000129l pos:258280 chunknumber 13200 contains 72 sites
	-> Printing at chr: h1tg000132l pos:257105 chunknumber 13300 contains 108 sites
	-> Printing at chr: h1tg000133l pos:321833 chunknumber 13400 contains 176 sites
	-> Printing at chr: h1tg000133l pos:893306 chunknumber 13500 contains 136 sites
	-> Printing at chr: h1tg000133l pos:1625497 chunknumber 13600 contains 177 sites
	-> Printing at chr: h1tg000134l pos:535361 chunknumber 13700 contains 36 sites
	-> Printing at chr: h1tg000135l pos:107786 chunknumber 13800 contains 108 sites
	-> Printing at chr: h1tg000135l pos:686915 chunknumber 13900 contains 36 sites
	-> Printing at chr: h1tg000135l pos:1299554 chunknumber 14000 contains 72 sites
	-> Printing at chr: h1tg000135l pos:1881192 chunknumber 14100 contains 36 sites
	-> Printing at chr: h1tg000136l pos:265608 chunknumber 14200 contains 146 sites
	-> Printing at chr: h1tg000136l pos:905320 chunknumber 14300 contains 36 sites
	-> Printing at chr: h1tg000137l pos:90483 chunknumber 14400 contains 144 sites
	-> Printing at chr: h1tg000138l pos:73175 chunknumber 14500 contains 72 sites
	-> Printing at chr: h1tg000138l pos:859427 chunknumber 14600 contains 216 sites
	-> Printing at chr: h1tg000140l pos:244599 chunknumber 14700 contains 108 sites
	-> Printing at chr: h1tg000140l pos:875871 chunknumber 14800 contains 36 sites
	-> Printing at chr: h1tg000141l pos:18546 chunknumber 14900 contains 70 sites
	-> Printing at chr: h1tg000142l pos:115694 chunknumber 15000 contains 36 sites
	-> Printing at chr: h1tg000144l pos:99930 chunknumber 15100 contains 36 sites
	-> Printing at chr: h1tg000145l pos:64206 chunknumber 15200 contains 106 sites
	-> Printing at chr: h1tg000148l pos:39784 chunknumber 15300 contains 36 sites
	-> Printing at chr: h1tg000148l pos:634220 chunknumber 15400 contains 142 sites
	-> Printing at chr: h1tg000150l pos:203891 chunknumber 15500 contains 72 sites
	-> Printing at chr: h1tg000151l pos:95420 chunknumber 15600 contains 36 sites
	-> Printing at chr: h1tg000151l pos:787500 chunknumber 15700 contains 144 sites
	-> Printing at chr: h1tg000152l pos:319051 chunknumber 15800 contains 72 sites
	-> Printing at chr: h1tg000152l pos:973503 chunknumber 15900 contains 108 sites
	-> Printing at chr: h1tg000154l pos:121269 chunknumber 16000 contains 138 sites
	-> Printing at chr: h1tg000155l pos:27298 chunknumber 16100 contains 36 sites
	-> Printing at chr: h1tg000155l pos:685107 chunknumber 16200 contains 106 sites
	-> Printing at chr: h1tg000155l pos:1744973 chunknumber 16300 contains 72 sites
	-> Printing at chr: h1tg000155l pos:2511211 chunknumber 16400 contains 142 sites
	-> Printing at chr: h1tg000157l pos:1134960 chunknumber 16500 contains 72 sites
	-> Printing at chr: h1tg000158l pos:160937 chunknumber 16600 contains 36 sites
	-> Printing at chr: h1tg000161l pos:44993 chunknumber 16700 contains 72 sites
	-> Printing at chr: h1tg000163l pos:406009 chunknumber 16800 contains 36 sites
	-> Printing at chr: h1tg000163l pos:828504 chunknumber 16900 contains 36 sites
	-> Printing at chr: h1tg000163l pos:1320838 chunknumber 17000 contains 95 sites
	-> Printing at chr: h1tg000164l pos:270104 chunknumber 17100 contains 36 sites
	-> Printing at chr: h1tg000165l pos:261680 chunknumber 17200 contains 36 sites
	-> Printing at chr: h1tg000169l pos:285754 chunknumber 17300 contains 108 sites
	-> Printing at chr: h1tg000169l pos:1138775 chunknumber 17400 contains 73 sites
	-> Printing at chr: h1tg000169l pos:2015243 chunknumber 17500 contains 246 sites
	-> Printing at chr: h1tg000172l pos:107841 chunknumber 17600 contains 36 sites
	-> Printing at chr: h1tg000172l pos:1134877 chunknumber 17700 contains 213 sites
	-> Printing at chr: h1tg000174l pos:289041 chunknumber 17800 contains 69 sites
	-> Printing at chr: h1tg000175l pos:41248 chunknumber 17900 contains 109 sites
	-> Printing at chr: h1tg000175l pos:718411 chunknumber 18000 contains 36 sites
	-> Printing at chr: h1tg000176l pos:556575 chunknumber 18100 contains 111 sites
	-> Printing at chr: h1tg000179l pos:373604 chunknumber 18200 contains 36 sites
	-> Printing at chr: h1tg000180l pos:739735 chunknumber 18300 contains 36 sites
	-> Printing at chr: h1tg000183l pos:183839 chunknumber 18400 contains 36 sites
	-> Printing at chr: h1tg000183l pos:733365 chunknumber 18500 contains 67 sites
	-> Printing at chr: h1tg000183l pos:1371519 chunknumber 18600 contains 216 sites
	-> Printing at chr: h1tg000185l pos:166855 chunknumber 18700 contains 36 sites
	-> Printing at chr: h1tg000187l pos:9737 chunknumber 18800 contains 71 sites
	-> Printing at chr: h1tg000187l pos:738612 chunknumber 18900 contains 709 sites
	-> Printing at chr: h1tg000189l pos:483601 chunknumber 19000 contains 72 sites
	-> Printing at chr: h1tg000190l pos:532264 chunknumber 19100 contains 108 sites
	-> Printing at chr: h1tg000191l pos:587166 chunknumber 19200 contains 36 sites
	-> Printing at chr: h1tg000193l pos:196872 chunknumber 19300 contains 109 sites

	-> Allocated ~ 10 million nodes to the nodepool, this is not an estimate of the memory usage
	-> Printing at chr: h1tg000194l pos:625187 chunknumber 19400 contains 108 sites
	-> Printing at chr: h1tg000194l pos:1143482 chunknumber 19500 contains 36 sites
	-> Printing at chr: h1tg000198l pos:6358 chunknumber 19600 contains 105 sites
	-> Printing at chr: h1tg000199l pos:424616 chunknumber 19700 contains 229 sites
	-> Printing at chr: h1tg000201l pos:220586 chunknumber 19800 contains 36 sites
	-> Printing at chr: h1tg000202l pos:501802 chunknumber 19900 contains 145 sites
	-> Printing at chr: h1tg000204l pos:84047 chunknumber 20000 contains 142 sites
	-> Printing at chr: h1tg000204l pos:606076 chunknumber 20100 contains 36 sites
	-> Printing at chr: h1tg000207l pos:139928 chunknumber 20200 contains 72 sites
	-> Printing at chr: h1tg000208l pos:74863 chunknumber 20300 contains 72 sites
	-> Printing at chr: h1tg000209l pos:404125 chunknumber 20400 contains 72 sites
	-> Printing at chr: h1tg000209l pos:1052079 chunknumber 20500 contains 36 sites
	-> Printing at chr: h1tg000210l pos:747149 chunknumber 20600 contains 36 sites
	-> Printing at chr: h1tg000210l pos:1275438 chunknumber 20700 contains 36 sites
	-> Printing at chr: h1tg000211l pos:554691 chunknumber 20800 contains 72 sites
	-> Printing at chr: h1tg000211l pos:1240751 chunknumber 20900 contains 216 sites
	-> Printing at chr: h1tg000212l pos:791672 chunknumber 21000 contains 144 sites
	-> Printing at chr: h1tg000213l pos:84294 chunknumber 21100 contains 36 sites
	-> Printing at chr: h1tg000214l pos:524373 chunknumber 21200 contains 72 sites
	-> Printing at chr: h1tg000215l pos:304165 chunknumber 21300 contains 36 sites
	-> Printing at chr: h1tg000216l pos:359156 chunknumber 21400 contains 72 sites
	-> Printing at chr: h1tg000218l pos:177925 chunknumber 21500 contains 36 sites
	-> Printing at chr: h1tg000218l pos:751289 chunknumber 21600 contains 36 sites
	-> Printing at chr: h1tg000218l pos:1102290 chunknumber 21700 contains 72 sites
	-> Printing at chr: h1tg000222l pos:208314 chunknumber 21800 contains 72 sites
	-> Printing at chr: h1tg000222l pos:669113 chunknumber 21900 contains 154 sites
	-> Printing at chr: h1tg000222l pos:1220986 chunknumber 22000 contains 67 sites
	-> Printing at chr: h1tg000224l pos:172220 chunknumber 22100 contains 36 sites
	-> Printing at chr: h1tg000226l pos:475901 chunknumber 22200 contains 36 sites
	-> Printing at chr: h1tg000226l pos:1068855 chunknumber 22300 contains 36 sites
	-> Printing at chr: h1tg000227l pos:221020 chunknumber 22400 contains 72 sites
	-> Printing at chr: h1tg000227l pos:903011 chunknumber 22500 contains 107 sites
	-> Printing at chr: h1tg000228l pos:311509 chunknumber 22600 contains 36 sites
	-> Printing at chr: h1tg000228l pos:754463 chunknumber 22700 contains 36 sites
	-> Printing at chr: h1tg000228l pos:1447790 chunknumber 22800 contains 85 sites
	-> Printing at chr: h1tg000228l pos:1897559 chunknumber 22900 contains 252 sites
	-> Printing at chr: h1tg000232l pos:3294 chunknumber 23000 contains 66 sites
	-> Printing at chr: h1tg000232l pos:475229 chunknumber 23100 contains 108 sites
	-> Printing at chr: h1tg000233l pos:426263 chunknumber 23200 contains 107 sites
	-> Printing at chr: h1tg000234l pos:455533 chunknumber 23300 contains 72 sites
	-> Printing at chr: h1tg000237l pos:121132 chunknumber 23400 contains 72 sites
	-> Printing at chr: h1tg000239l pos:112851 chunknumber 23500 contains 70 sites
	-> Printing at chr: h1tg000240l pos:169226 chunknumber 23600 contains 142 sites
	-> Printing at chr: h1tg000241l pos:544478 chunknumber 23700 contains 72 sites
	-> Printing at chr: h1tg000243l pos:43620 chunknumber 23800 contains 141 sites
	-> Printing at chr: h1tg000243l pos:524193 chunknumber 23900 contains 141 sites
	-> Printing at chr: h1tg000244l pos:292250 chunknumber 24000 contains 36 sites
	-> Printing at chr: h1tg000246l pos:52967 chunknumber 24100 contains 36 sites
	-> Printing at chr: h1tg000246l pos:610572 chunknumber 24200 contains 36 sites
	-> Printing at chr: h1tg000246l pos:1472914 chunknumber 24300 contains 34 sites
	-> Printing at chr: h1tg000247l pos:440841 chunknumber 24400 contains 36 sites
	-> Printing at chr: h1tg000249l pos:546123 chunknumber 24500 contains 252 sites
	-> Printing at chr: h1tg000250l pos:327397 chunknumber 24600 contains 72 sites
	-> Printing at chr: h1tg000252l pos:286266 chunknumber 24700 contains 67 sites
	-> Printing at chr: h1tg000252l pos:984325 chunknumber 24800 contains 36 sites
	-> Printing at chr: h1tg000253l pos:78996 chunknumber 24900 contains 36 sites
	-> Printing at chr: h1tg000254l pos:521813 chunknumber 25000 contains 108 sites
	-> Printing at chr: h1tg000255l pos:77779 chunknumber 25100 contains 100 sites
	-> Printing at chr: h1tg000255l pos:593346 chunknumber 25200 contains 36 sites
	-> Printing at chr: h1tg000257l pos:322048 chunknumber 25300 contains 72 sites
	-> Printing at chr: h1tg000259l pos:12235 chunknumber 25400 contains 139 sites
	-> Printing at chr: h1tg000260l pos:58411 chunknumber 25500 contains 247 sites
	-> Printing at chr: h1tg000261l pos:207242 chunknumber 25600 contains 36 sites
	-> Printing at chr: h1tg000264l pos:270020 chunknumber 25700 contains 72 sites
	-> Printing at chr: h1tg000266l pos:513721 chunknumber 25800 contains 36 sites
	-> Printing at chr: h1tg000267l pos:120779 chunknumber 25900 contains 36 sites
	-> Printing at chr: h1tg000269l pos:97647 chunknumber 26000 contains 72 sites
	-> Printing at chr: h1tg000269l pos:760909 chunknumber 26100 contains 36 sites
	-> Printing at chr: h1tg000269l pos:1213609 chunknumber 26200 contains 72 sites
	-> Printing at chr: h1tg000269l pos:1825815 chunknumber 26300 contains 107 sites
	-> Printing at chr: h1tg000271l pos:70351 chunknumber 26400 contains 36 sites
	-> Printing at chr: h1tg000271l pos:675233 chunknumber 26500 contains 105 sites
	-> Printing at chr: h1tg000273l pos:288570 chunknumber 26600 contains 72 sites
	-> Printing at chr: h1tg000278l pos:110475 chunknumber 26700 contains 72 sites
	-> Printing at chr: h1tg000278l pos:711230 chunknumber 26800 contains 36 sites
	-> Printing at chr: h1tg000278l pos:1253589 chunknumber 26900 contains 72 sites
	-> Printing at chr: h1tg000279l pos:642390 chunknumber 27000 contains 66 sites
	-> Printing at chr: h1tg000281l pos:16955 chunknumber 27100 contains 212 sites
	-> Printing at chr: h1tg000282l pos:47178 chunknumber 27200 contains 35 sites
	-> Printing at chr: h1tg000284l pos:323966 chunknumber 27300 contains 36 sites
	-> Printing at chr: h1tg000286l pos:67048 chunknumber 27400 contains 71 sites
	-> Printing at chr: h1tg000288l pos:56374 chunknumber 27500 contains 72 sites
	-> Printing at chr: h1tg000288l pos:695294 chunknumber 27600 contains 108 sites
	-> Printing at chr: h1tg000288l pos:1303229 chunknumber 27700 contains 108 sites
	-> Printing at chr: h1tg000289l pos:519834 chunknumber 27800 contains 104 sites
	-> Printing at chr: h1tg000290l pos:154797 chunknumber 27900 contains 36 sites
	-> Printing at chr: h1tg000292l pos:108929 chunknumber 28000 contains 179 sites
	-> Printing at chr: h1tg000294l pos:286779 chunknumber 28100 contains 35 sites
	-> Printing at chr: h1tg000295l pos:257439 chunknumber 28200 contains 72 sites
	-> Printing at chr: h1tg000296l pos:170809 chunknumber 28300 contains 36 sites
	-> Printing at chr: h1tg000298l pos:339016 chunknumber 28400 contains 72 sites
	-> Printing at chr: h1tg000299l pos:495002 chunknumber 28500 contains 72 sites
	-> Printing at chr: h1tg000300l pos:609468 chunknumber 28600 contains 73 sites
	-> Printing at chr: h1tg000302l pos:497586 chunknumber 28700 contains 36 sites
	-> Printing at chr: h1tg000304l pos:208220 chunknumber 28800 contains 36 sites
	-> Printing at chr: h1tg000304l pos:991147 chunknumber 28900 contains 36 sites
	-> Printing at chr: h1tg000306l pos:253138 chunknumber 29000 contains 36 sites
	-> Printing at chr: h1tg000310l pos:346674 chunknumber 29100 contains 176 sites
	-> Printing at chr: h1tg000310l pos:824212 chunknumber 29200 contains 180 sites
	-> Printing at chr: h1tg000311l pos:467391 chunknumber 29300 contains 72 sites
	-> Printing at chr: h1tg000312l pos:200302 chunknumber 29400 contains 107 sites
	-> Printing at chr: h1tg000314l pos:524468 chunknumber 29500 contains 216 sites
	-> Printing at chr: h1tg000316l pos:50819 chunknumber 29600 contains 36 sites
	-> Printing at chr: h1tg000316l pos:759314 chunknumber 29700 contains 36 sites
	-> Printing at chr: h1tg000318l pos:577794 chunknumber 29800 contains 36 sites
	-> Printing at chr: h1tg000320l pos:259491 chunknumber 29900 contains 36 sites
	-> Printing at chr: h1tg000320l pos:779431 chunknumber 30000 contains 36 sites
	-> Printing at chr: h1tg000320l pos:1348069 chunknumber 30100 contains 205 sites
	-> Printing at chr: h1tg000321l pos:630615 chunknumber 30200 contains 72 sites
	-> Printing at chr: h1tg000323l pos:224456 chunknumber 30300 contains 2 sites
	-> Printing at chr: h1tg000325l pos:527423 chunknumber 30400 contains 176 sites
	-> Printing at chr: h1tg000327l pos:273222 chunknumber 30500 contains 36 sites
	-> Printing at chr: h1tg000328l pos:452873 chunknumber 30600 contains 72 sites
	-> Printing at chr: h1tg000329l pos:635116 chunknumber 30700 contains 36 sites
	-> Printing at chr: h1tg000330l pos:538683 chunknumber 30800 contains 36 sites
	-> Printing at chr: h1tg000331l pos:196624 chunknumber 30900 contains 139 sites
	-> Printing at chr: h1tg000334l pos:56971 chunknumber 31000 contains 36 sites
	-> Printing at chr: h1tg000334l pos:723480 chunknumber 31100 contains 67 sites
	-> Printing at chr: h1tg000341l pos:164822 chunknumber 31200 contains 36 sites
	-> Printing at chr: h1tg000343l pos:350751 chunknumber 31300 contains 108 sites
	-> Printing at chr: h1tg000349l pos:367537 chunknumber 31400 contains 36 sites
	-> Printing at chr: h1tg000353l pos:49649 chunknumber 31500 contains 72 sites
	-> Printing at chr: h1tg000353l pos:547529 chunknumber 31600 contains 72 sites
	-> Printing at chr: h1tg000355l pos:125316 chunknumber 31700 contains 106 sites
	-> Printing at chr: h1tg000355l pos:784283 chunknumber 31800 contains 36 sites
	-> Printing at chr: h1tg000355l pos:1322187 chunknumber 31900 contains 143 sites
	-> Printing at chr: h1tg000355l pos:1882214 chunknumber 32000 contains 36 sites
	-> Printing at chr: h1tg000355l pos:2316389 chunknumber 32100 contains 36 sites
	-> Printing at chr: h1tg000356l pos:170665 chunknumber 32200 contains 36 sites
	-> Printing at chr: h1tg000359l pos:64935 chunknumber 32300 contains 36 sites
	-> Printing at chr: h1tg000360l pos:211 chunknumber 32400 contains 107 sites
	-> Printing at chr: h1tg000362l pos:348864 chunknumber 32500 contains 105 sites
	-> Printing at chr: h1tg000363l pos:200588 chunknumber 32600 contains 89 sites
	-> Printing at chr: h1tg000363l pos:830606 chunknumber 32700 contains 36 sites
	-> Printing at chr: h1tg000364l pos:547036 chunknumber 32800 contains 36 sites
	-> Printing at chr: h1tg000369l pos:245532 chunknumber 32900 contains 36 sites
	-> Printing at chr: h1tg000370l pos:391037 chunknumber 33000 contains 144 sites
	-> Printing at chr: h1tg000371l pos:412759 chunknumber 33100 contains 70 sites
	-> Printing at chr: h1tg000372l pos:104661 chunknumber 33200 contains 103 sites
	-> Printing at chr: h1tg000372l pos:1024858 chunknumber 33300 contains 36 sites
	-> Printing at chr: h1tg000373l pos:324339 chunknumber 33400 contains 36 sites
	-> Printing at chr: h1tg000377l pos:194972 chunknumber 33500 contains 72 sites
	-> Printing at chr: h1tg000377l pos:712124 chunknumber 33600 contains 144 sites
	-> Printing at chr: h1tg000380l pos:133085 chunknumber 33700 contains 37 sites
	-> Printing at chr: h1tg000380l pos:783255 chunknumber 33800 contains 216 sites
	-> Printing at chr: h1tg000382l pos:326138 chunknumber 33900 contains 36 sites
	-> Printing at chr: h1tg000386l pos:194834 chunknumber 34000 contains 181 sites
	-> Printing at chr: h1tg000387l pos:469511 chunknumber 34100 contains 3 sites
	-> Printing at chr: h1tg000389l pos:591268 chunknumber 34200 contains 108 sites
	-> Printing at chr: h1tg000389l pos:1734296 chunknumber 34300 contains 36 sites
	-> Printing at chr: h1tg000391l pos:275998 chunknumber 34400 contains 36 sites
	-> Printing at chr: h1tg000394l pos:317316 chunknumber 34500 contains 46 sites
	-> Printing at chr: h1tg000395l pos:437557 chunknumber 34600 contains 1 sites
	-> Printing at chr: h1tg000398l pos:290443 chunknumber 34700 contains 89 sites
	-> Printing at chr: h1tg000399l pos:224376 chunknumber 34800 contains 72 sites
	-> Printing at chr: h1tg000400l pos:157198 chunknumber 34900 contains 36 sites
	-> Printing at chr: h1tg000400l pos:856436 chunknumber 35000 contains 95 sites
	-> Printing at chr: h1tg000402l pos:257867 chunknumber 35100 contains 72 sites
	-> Printing at chr: h1tg000402l pos:751952 chunknumber 35200 contains 36 sites
	-> Printing at chr: h1tg000404l pos:158632 chunknumber 35300 contains 106 sites
	-> Printing at chr: h1tg000405l pos:330267 chunknumber 35400 contains 178 sites
	-> Printing at chr: h1tg000406l pos:190693 chunknumber 35500 contains 36 sites
	-> Printing at chr: h1tg000407l pos:361568 chunknumber 35600 contains 72 sites
	-> Printing at chr: h1tg000410l pos:292505 chunknumber 35700 contains 70 sites
	-> Printing at chr: h1tg000411l pos:341785 chunknumber 35800 contains 72 sites
	-> Printing at chr: h1tg000412l pos:640879 chunknumber 35900 contains 36 sites
	-> Printing at chr: h1tg000413l pos:37964 chunknumber 36000 contains 108 sites
	-> Printing at chr: h1tg000416l pos:41616 chunknumber 36100 contains 71 sites
	-> Printing at chr: h1tg000418l pos:247471 chunknumber 36200 contains 72 sites
	-> Printing at chr: h1tg000420l pos:52223 chunknumber 36300 contains 72 sites
	-> Printing at chr: h1tg000420l pos:722823 chunknumber 36400 contains 36 sites
	-> Printing at chr: h1tg000421l pos:232941 chunknumber 36500 contains 72 sites
	-> Printing at chr: h1tg000422l pos:341573 chunknumber 36600 contains 36 sites
	-> Printing at chr: h1tg000429l pos:86874 chunknumber 36700 contains 36 sites
	-> Printing at chr: h1tg000430l pos:444450 chunknumber 36800 contains 36 sites
	-> Printing at chr: h1tg000431l pos:447015 chunknumber 36900 contains 37 sites
	-> Printing at chr: h1tg000431l pos:956153 chunknumber 37000 contains 108 sites
	-> Printing at chr: h1tg000433l pos:130010 chunknumber 37100 contains 36 sites
	-> Printing at chr: h1tg000433l pos:632244 chunknumber 37200 contains 72 sites
	-> Printing at chr: h1tg000433l pos:1075089 chunknumber 37300 contains 36 sites
	-> Printing at chr: h1tg000437l pos:129992 chunknumber 37400 contains 194 sites
	-> Printing at chr: h1tg000438l pos:634161 chunknumber 37500 contains 36 sites
	-> Printing at chr: h1tg000439l pos:179031 chunknumber 37600 contains 69 sites
	-> Printing at chr: h1tg000440l pos:184229 chunknumber 37700 contains 144 sites
	-> Printing at chr: h1tg000444l pos:93264 chunknumber 37800 contains 180 sites
	-> Printing at chr: h1tg000445l pos:351608 chunknumber 37900 contains 37 sites
	-> Printing at chr: h1tg000446l pos:347850 chunknumber 38000 contains 36 sites
	-> Printing at chr: h1tg000447l pos:12154 chunknumber 38100 contains 2 sites
	-> Printing at chr: h1tg000449l pos:362112 chunknumber 38200 contains 36 sites
	-> Printing at chr: h1tg000450l pos:602921 chunknumber 38300 contains 66 sites
	-> Printing at chr: h1tg000450l pos:1150505 chunknumber 38400 contains 72 sites
	-> Printing at chr: h1tg000453l pos:283290 chunknumber 38500 contains 72 sites
	-> Printing at chr: h1tg000456l pos:200495 chunknumber 38600 contains 214 sites
	-> Printing at chr: h1tg000459l pos:319109 chunknumber 38700 contains 173 sites
	-> Printing at chr: h1tg000461l pos:472611 chunknumber 38800 contains 72 sites
	-> Printing at chr: h1tg000462l pos:305285 chunknumber 38900 contains 66 sites
	-> Printing at chr: h1tg000467l pos:444 chunknumber 39000 contains 216 sites
	-> Printing at chr: h1tg000467l pos:847705 chunknumber 39100 contains 144 sites
	-> Printing at chr: h1tg000470l pos:81538 chunknumber 39200 contains 72 sites
	-> Printing at chr: h1tg000472l pos:366206 chunknumber 39300 contains 36 sites
	-> Printing at chr: h1tg000473l pos:525915 chunknumber 39400 contains 38 sites
	-> Printing at chr: h1tg000478l pos:29451 chunknumber 39500 contains 251 sites
	-> Printing at chr: h1tg000480l pos:483193 chunknumber 39600 contains 36 sites
	-> Printing at chr: h1tg000481l pos:435077 chunknumber 39700 contains 72 sites
	-> Printing at chr: h1tg000482l pos:156232 chunknumber 39800 contains 74 sites
	-> Printing at chr: h1tg000483l pos:443913 chunknumber 39900 contains 108 sites
	-> Printing at chr: h1tg000487l pos:251051 chunknumber 40000 contains 36 sites
	-> Printing at chr: h1tg000487l pos:855319 chunknumber 40100 contains 37 sites
	-> Printing at chr: h1tg000493l pos:139495 chunknumber 40200 contains 139 sites
	-> Printing at chr: h1tg000497l pos:227454 chunknumber 40300 contains 72 sites
	-> Printing at chr: h1tg000497l pos:946720 chunknumber 40400 contains 102 sites
	-> Printing at chr: h1tg000500l pos:395430 chunknumber 40500 contains 36 sites
	-> Printing at chr: h1tg000501l pos:298524 chunknumber 40600 contains 72 sites
	-> Printing at chr: h1tg000505l pos:63879 chunknumber 40700 contains 108 sites
	-> Printing at chr: h1tg000506l pos:606243 chunknumber 40800 contains 36 sites
	-> Printing at chr: h1tg000507l pos:376249 chunknumber 40900 contains 36 sites
	-> Printing at chr: h1tg000508l pos:385146 chunknumber 41000 contains 69 sites
	-> Printing at chr: h1tg000509l pos:419140 chunknumber 41100 contains 36 sites
	-> Printing at chr: h1tg000511l pos:546502 chunknumber 41200 contains 37 sites
	-> Printing at chr: h1tg000513l pos:305436 chunknumber 41300 contains 72 sites
	-> Printing at chr: h1tg000514l pos:247266 chunknumber 41400 contains 36 sites
	-> Printing at chr: h1tg000520l pos:65 chunknumber 41500 contains 106 sites
	-> Printing at chr: h1tg000521l pos:318746 chunknumber 41600 contains 72 sites
	-> Printing at chr: h1tg000522l pos:222837 chunknumber 41700 contains 72 sites
	-> Printing at chr: h1tg000522l pos:834090 chunknumber 41800 contains 109 sites
	-> Printing at chr: h1tg000523l pos:688435 chunknumber 41900 contains 37 sites
	-> Printing at chr: h1tg000526l pos:396404 chunknumber 42000 contains 72 sites
	-> Printing at chr: h1tg000529l pos:126541 chunknumber 42100 contains 103 sites
	-> Printing at chr: h1tg000531l pos:27445 chunknumber 42200 contains 36 sites
	-> Printing at chr: h1tg000533l pos:241844 chunknumber 42300 contains 1 sites
	-> Printing at chr: h1tg000536l pos:1579 chunknumber 42400 contains 109 sites
	-> Printing at chr: h1tg000540l pos:78616 chunknumber 42500 contains 77 sites
	-> Printing at chr: h1tg000543l pos:546352 chunknumber 42600 contains 36 sites
	-> Printing at chr: h1tg000547l pos:153784 chunknumber 42700 contains 109 sites
	-> Printing at chr: h1tg000551l pos:204415 chunknumber 42800 contains 175 sites
	-> Printing at chr: h1tg000551l pos:796833 chunknumber 42900 contains 36 sites
	-> Printing at chr: h1tg000552l pos:130579 chunknumber 43000 contains 36 sites
	-> Printing at chr: h1tg000555l pos:189014 chunknumber 43100 contains 178 sites
	-> Printing at chr: h1tg000557l pos:96106 chunknumber 43200 contains 156 sites
	-> Printing at chr: h1tg000560l pos:429988 chunknumber 43300 contains 108 sites
	-> Printing at chr: h1tg000563l pos:222906 chunknumber 43400 contains 36 sites
	-> Printing at chr: h1tg000565l pos:288688 chunknumber 43500 contains 72 sites
	-> Printing at chr: h1tg000566l pos:333273 chunknumber 43600 contains 135 sites
	-> Printing at chr: h1tg000569l pos:149703 chunknumber 43700 contains 97 sites
	-> Printing at chr: h1tg000569l pos:566836 chunknumber 43800 contains 72 sites
	-> Printing at chr: h1tg000569l pos:1344324 chunknumber 43900 contains 72 sites
	-> Printing at chr: h1tg000573l pos:52206 chunknumber 44000 contains 36 sites
	-> Printing at chr: h1tg000573l pos:528950 chunknumber 44100 contains 255 sites
	-> Printing at chr: h1tg000577l pos:178430 chunknumber 44200 contains 144 sites
	-> Printing at chr: h1tg000581l pos:93182 chunknumber 44300 contains 106 sites
	-> Printing at chr: h1tg000585l pos:15826 chunknumber 44400 contains 144 sites
	-> Printing at chr: h1tg000585l pos:768653 chunknumber 44500 contains 287 sites
	-> Printing at chr: h1tg000589l pos:41097 chunknumber 44600 contains 37 sites
	-> Printing at chr: h1tg000590l pos:98183 chunknumber 44700 contains 36 sites
	-> Printing at chr: h1tg000593l pos:71442 chunknumber 44800 contains 144 sites
	-> Printing at chr: h1tg000594l pos:469635 chunknumber 44900 contains 389 sites
	-> Printing at chr: h1tg000596l pos:57757 chunknumber 45000 contains 145 sites
	-> Printing at chr: h1tg000600l pos:71914 chunknumber 45100 contains 142 sites
	-> Printing at chr: h1tg000602l pos:457070 chunknumber 45200 contains 141 sites
	-> Printing at chr: h1tg000604l pos:473985 chunknumber 45300 contains 36 sites
	-> Printing at chr: h1tg000609l pos:590260 chunknumber 45400 contains 36 sites
	-> Printing at chr: h1tg000611l pos:5509 chunknumber 45500 contains 461 sites
	-> Printing at chr: h1tg000613l pos:26655 chunknumber 45600 contains 36 sites
	-> Printing at chr: h1tg000614l pos:209611 chunknumber 45700 contains 36 sites
	-> Printing at chr: h1tg000615l pos:541632 chunknumber 45800 contains 36 sites
	-> Printing at chr: h1tg000619l pos:51323 chunknumber 45900 contains 141 sites
	-> Printing at chr: h1tg000621l pos:80275 chunknumber 46000 contains 102 sites
	-> Printing at chr: h1tg000623l pos:179588 chunknumber 46100 contains 72 sites
	-> Printing at chr: h1tg000628l pos:366621 chunknumber 46200 contains 76 sites
	-> Printing at chr: h1tg000629l pos:225085 chunknumber 46300 contains 43 sites
	-> Printing at chr: h1tg000634l pos:39971 chunknumber 46400 contains 747 sites
	-> Printing at chr: h1tg000638l pos:131824 chunknumber 46500 contains 36 sites
	-> Printing at chr: h1tg000641l pos:171290 chunknumber 46600 contains 108 sites
	-> Printing at chr: h1tg000645l pos:173820 chunknumber 46700 contains 37 sites
	-> Printing at chr: h1tg000653l pos:189166 chunknumber 46800 contains 69 sites
	-> Printing at chr: h1tg000658l pos:141253 chunknumber 46900 contains 142 sites
	-> Printing at chr: h1tg000662l pos:265490 chunknumber 47000 contains 36 sites
	-> Printing at chr: h1tg000663l pos:462292 chunknumber 47100 contains 71 sites
	-> Printing at chr: h1tg000673l pos:167143 chunknumber 47200 contains 72 sites
	-> Printing at chr: h1tg000673l pos:914230 chunknumber 47300 contains 72 sites
	-> Printing at chr: h1tg000675l pos:128001 chunknumber 47400 contains 108 sites
	-> Printing at chr: h1tg000678l pos:612667 chunknumber 47500 contains 143 sites
	-> Printing at chr: h1tg000684l pos:22043 chunknumber 47600 contains 36 sites
	-> Printing at chr: h1tg000685l pos:757290 chunknumber 47700 contains 36 sites
	-> Printing at chr: h1tg000687l pos:195032 chunknumber 47800 contains 72 sites
	-> Printing at chr: h1tg000690l pos:73452 chunknumber 47900 contains 36 sites
	-> Printing at chr: h1tg000691l pos:196434 chunknumber 48000 contains 105 sites
	-> Printing at chr: h1tg000697l pos:35853 chunknumber 48100 contains 70 sites
	-> Printing at chr: h1tg000698l pos:167047 chunknumber 48200 contains 36 sites
	-> Printing at chr: h1tg000699l pos:224206 chunknumber 48300 contains 36 sites
	-> Printing at chr: h1tg000699l pos:990931 chunknumber 48400 contains 88 sites
	-> Printing at chr: h1tg000705l pos:47747 chunknumber 48500 contains 36 sites
	-> Printing at chr: h1tg000706l pos:225909 chunknumber 48600 contains 73 sites
	-> Printing at chr: h1tg000708l pos:448813 chunknumber 48700 contains 72 sites
	-> Printing at chr: h1tg000711l pos:640911 chunknumber 48800 contains 36 sites

	-> Allocated ~ 20 million nodes to the nodepool, this is not an estimate of the memory usage

	-> Allocated ~ 30 million nodes to the nodepool, this is not an estimate of the memory usage
	-> Printing at chr: h1tg000717l pos:454728 chunknumber 48900 contains 72 sites
	-> Printing at chr: h1tg000723l pos:44684 chunknumber 49000 contains 108 sites
	-> Printing at chr: h1tg000726l pos:209871 chunknumber 49100 contains 108 sites
	-> Printing at chr: h1tg000726l pos:705160 chunknumber 49200 contains 36 sites
	-> Printing at chr: h1tg000731l pos:348565 chunknumber 49300 contains 36 sites
	-> Printing at chr: h1tg000733l pos:220700 chunknumber 49400 contains 144 sites
	-> Printing at chr: h1tg000739l pos:73291 chunknumber 49500 contains 216 sites
	-> Printing at chr: h1tg000741l pos:74626 chunknumber 49600 contains 204 sites
	-> Printing at chr: h1tg000744l pos:187733 chunknumber 49700 contains 38 sites
	-> Printing at chr: h1tg000752l pos:55722 chunknumber 49800 contains 72 sites
	-> Printing at chr: h1tg000755l pos:107163 chunknumber 49900 contains 36 sites
	-> Printing at chr: h1tg000767l pos:127249 chunknumber 50000 contains 138 sites
	-> Printing at chr: h1tg000776l pos:72984 chunknumber 50100 contains 110 sites
	-> Printing at chr: h1tg000783l pos:91290 chunknumber 50200 contains 37 sites
	-> Printing at chr: h1tg000787l pos:86325 chunknumber 50300 contains 3 sites
	-> Printing at chr: h1tg000793l pos:266017 chunknumber 50400 contains 72 sites
	-> Printing at chr: h1tg000798l pos:86480 chunknumber 50500 contains 72 sites
	-> Printing at chr: h1tg000804l pos:169440 chunknumber 50600 contains 394 sites
	-> Printing at chr: h1tg000813l pos:176743 chunknumber 50700 contains 110 sites
	-> Printing at chr: h1tg000817l pos:31121 chunknumber 50800 contains 36 sites
	-> Printing at chr: h1tg000824l pos:83190 chunknumber 50900 contains 75 sites
	-> Printing at chr: h1tg000827l pos:110839 chunknumber 51000 contains 36 sites
	-> Printing at chr: h1tg000832l pos:167237 chunknumber 51100 contains 36 sites
	-> Printing at chr: h1tg000839l pos:320032 chunknumber 51200 contains 36 sites
	-> Printing at chr: h1tg000846l pos:3094 chunknumber 51300 contains 72 sites
	-> Printing at chr: h1tg000851l pos:66419 chunknumber 51400 contains 36 sites
	-> Printing at chr: h1tg000862l pos:79807 chunknumber 51500 contains 36 sites
	-> Printing at chr: h1tg000871l pos:47188 chunknumber 51600 contains 72 sites
	-> Printing at chr: h1tg000873l pos:404413 chunknumber 51700 contains 102 sites
	-> Printing at chr: h1tg000876l pos:124739 chunknumber 51800 contains 2 sites
	-> Printing at chr: h1tg000885l pos:52949 chunknumber 51900 contains 102 sites
	-> Printing at chr: h1tg000894l pos:147711 chunknumber 52000 contains 70 sites
	-> Printing at chr: h1tg000899l pos:6678 chunknumber 52100 contains 36 sites
	-> Printing at chr: h1tg000916l pos:119114 chunknumber 52200 contains 72 sites
	-> Printing at chr: h1tg000927l pos:111872 chunknumber 52300 contains 102 sites
	-> Printing at chr: h1tg000935l pos:66895 chunknumber 52400 contains 164 sites
	-> Printing at chr: h1tg000947l pos:142395 chunknumber 52500 contains 181 sites
	-> Printing at chr: h1tg000959l pos:135014 chunknumber 52600 contains 3 sites
	-> Printing at chr: h1tg000967l pos:481894 chunknumber 52700 contains 108 sites
	-> Printing at chr: h1tg000969l pos:118126 chunknumber 52800 contains 36 sites
	-> Printing at chr: h1tg000984l pos:399767 chunknumber 52900 contains 106 sites
	-> Printing at chr: h1tg001009l pos:66514 chunknumber 53000 contains 461 sites
	-> Printing at chr: h1tg001029l pos:58682 chunknumber 53100 contains 36 sites
	-> Printing at chr: h1tg001051l pos:101470 chunknumber 53200 contains 182 sites
	-> Printing at chr: h1tg001065l pos:137409 chunknumber 53300 contains 72 sites
	-> Printing at chr: h1tg001069l pos:86868 chunknumber 53400 contains 72 sites
	-> Printing at chr: h1tg001082l pos:42054 chunknumber 53500 contains 144 sites
	-> Printing at chr: h1tg001092l pos:52472 chunknumber 53600 contains 72 sites
	-> Printing at chr: h1tg001115l pos:42848 chunknumber 53700 contains 36 sites
	-> Printing at chr: h1tg001142l pos:108972 chunknumber 53800 contains 72 sites
	-> Printing at chr: h1tg001164l pos:123893 chunknumber 53900 contains 72 sites
	-> Printing at chr: h1tg001181l pos:86603 chunknumber 54000 contains 36 sites
	-> Printing at chr: h1tg001234l pos:39134 chunknumber 54100 contains 36 sites
	-> Printing at chr: h1tg001262l pos:80213 chunknumber 54200 contains 72 sites
	-> Printing at chr: h1tg001293l pos:4112 chunknumber 54300 contains 132 sites
	-> Printing at chr: h1tg001329l pos:97345 chunknumber 54400 contains 4 sites
	-> Printing at chr: h1tg001405l pos:76398 chunknumber 54500 contains 36 sites
	-> Printing at chr: h1tg001464l pos:17856 chunknumber 54600 contains 36 sites
	-> Printing at chr: h1tg001560l pos:7824 chunknumber 54700 contains 1 sites
	-> Printing at chr: h1tg001714l pos:6566 chunknumber 54800 contains 33 sites
	-> Printing at chr: h1tg001939l pos:19920 chunknumber 54900 contains 67 sites
	-> Printing at chr: h1tg002153l pos:12120 chunknumber 55000 contains 174 sites
	-> Printing at chr: h1tg002432l pos:21662 chunknumber 55100 contains 144 sites
	-> Printing at chr: h1tg003114l pos:19698 chunknumber 55200 contains 2 sites
	-> Printing at chr: h1tg003660l pos:2995 chunknumber 55300 contains 36 sites

	-> Done reading data waiting for calculations to finish
	-> Done waiting for threads
	-> Output filenames:
		->"pstrNoClones.arg"
		->"pstrNoClones.beagle.gz"
		->"pstrNoClones.mafs.gz"
		->"pstrNoClones.hwe.gz"
		->"pstrNoClones.geno.gz"
		->"pstrNoClones.snpStat.gz"
		->"pstrNoClones.ibs.gz"
		->"pstrNoClones.ibsMat"
		->"pstrNoClones.covMat"
		->"pstrNoClones.bcf"
	-> Thu Nov 13 00:07:15 2025
	-> Arguments and parameters for all analysis are located in .arg file
	-> Total number of sites analyzed: 5003908
	-> Number of sites retained after filtering: 11628 
	[ALL done] cpu-time used =  743.74 sec
	[ALL done] walltime used =  1225.00 sec
