nohup: ignoring input
	-> angsd version: 0.940-dirty (htslib: 1.16) build(Sep 19 2025 12:28:47)
	-> /home/cns.local/michael.studivan/bin/angsd/angsd -b bamsNoClones -GL 1 -uniqueOnly 1 -remove_bads 1 -minMapQ 20 -minQ 30 -dosnpstat 1 -doHWE 1 -hwe_pval 1e-5 -sb_pval 1e-5 -hetbias_pval 1e-5 -skipTriallelic 1 -minInd 64 -snp_pval 1e-6 -minMaf 0.05 -doMajorMinor 1 -doMaf 1 -doCounts 1 -makeMatrix 1 -doIBS 1 -doCov 1 -doGeno 8 -doBcf 1 -doPost 1 -doGlf 2 -P 1 -out pcliNoClones 
	-> Inputtype is BAM/CRAM
[multiReader] 80 samples in 80 input files
	-> SNP-filter using a pvalue: 1.000000e-06 correspond to 23.928127 likelihood units

[bcfoutput] 	Please add the following parameters 
		 '-gl 1 -dopost 1 -domajorminor 1 -domaf 1 -dobcf 1 --ignore-RG 0 -dogeno 1 -docounts 1'

	-> Inputtype is BAM/CRAM
	-> Parsing 80 number of samples 
	-> Printing at chr: h1tg000001l pos:707661 chunknumber 100 contains 103 sites
	-> Printing at chr: h1tg000001l pos:1306969 chunknumber 200 contains 36 sites
	-> Printing at chr: h1tg000003l pos:217251 chunknumber 300 contains 35 sites
	-> Printing at chr: h1tg000003l pos:817047 chunknumber 400 contains 36 sites
	-> Printing at chr: h1tg000003l pos:1554164 chunknumber 500 contains 72 sites
	-> Printing at chr: h1tg000006l pos:6509 chunknumber 600 contains 252 sites
	-> Printing at chr: h1tg000008l pos:21766 chunknumber 700 contains 324 sites
	-> Printing at chr: h1tg000009l pos:576574 chunknumber 800 contains 72 sites
	-> Printing at chr: h1tg000011l pos:174436 chunknumber 900 contains 107 sites
	-> Printing at chr: h1tg000011l pos:1363550 chunknumber 1000 contains 72 sites
	-> Printing at chr: h1tg000011l pos:3201472 chunknumber 1100 contains 101 sites
	-> Printing at chr: h1tg000014l pos:477520 chunknumber 1200 contains 36 sites
	-> Printing at chr: h1tg000015l pos:676460 chunknumber 1300 contains 174 sites
	-> Printing at chr: h1tg000015l pos:1509643 chunknumber 1400 contains 72 sites
	-> Printing at chr: h1tg000015l pos:2120176 chunknumber 1500 contains 36 sites
	-> Printing at chr: h1tg000016l pos:32113 chunknumber 1600 contains 36 sites
	-> Printing at chr: h1tg000017l pos:102757 chunknumber 1700 contains 108 sites
	-> Printing at chr: h1tg000017l pos:823183 chunknumber 1800 contains 36 sites
	-> Printing at chr: h1tg000019l pos:79229 chunknumber 1900 contains 36 sites
	-> Printing at chr: h1tg000020l pos:399809 chunknumber 2000 contains 71 sites
	-> Printing at chr: h1tg000021l pos:578533 chunknumber 2100 contains 38 sites
	-> Printing at chr: h1tg000021l pos:1157110 chunknumber 2200 contains 109 sites
	-> Printing at chr: h1tg000021l pos:2097427 chunknumber 2300 contains 72 sites
	-> Printing at chr: h1tg000022l pos:273991 chunknumber 2400 contains 179 sites
	-> Printing at chr: h1tg000023l pos:578156 chunknumber 2500 contains 72 sites
	-> Printing at chr: h1tg000024l pos:911948 chunknumber 2600 contains 175 sites
	-> Printing at chr: h1tg000026l pos:18113 chunknumber 2700 contains 73 sites
	-> Printing at chr: h1tg000028l pos:166243 chunknumber 2800 contains 72 sites
	-> Printing at chr: h1tg000031l pos:469963 chunknumber 2900 contains 36 sites
	-> Printing at chr: h1tg000033l pos:567094 chunknumber 3000 contains 72 sites
	-> Printing at chr: h1tg000034l pos:398980 chunknumber 3100 contains 355 sites
	-> Printing at chr: h1tg000034l pos:981119 chunknumber 3200 contains 289 sites
	-> Printing at chr: h1tg000036l pos:46007 chunknumber 3300 contains 289 sites
	-> Printing at chr: h1tg000037l pos:167811 chunknumber 3400 contains 321 sites
	-> Printing at chr: h1tg000037l pos:878242 chunknumber 3500 contains 141 sites
	-> Printing at chr: h1tg000037l pos:1571274 chunknumber 3600 contains 36 sites
	-> Printing at chr: h1tg000037l pos:2482075 chunknumber 3700 contains 72 sites
	-> Printing at chr: h1tg000038l pos:419902 chunknumber 3800 contains 35 sites
	-> Printing at chr: h1tg000039l pos:354695 chunknumber 3900 contains 33 sites
	-> Printing at chr: h1tg000040l pos:572833 chunknumber 4000 contains 72 sites
	-> Printing at chr: h1tg000042l pos:943716 chunknumber 4100 contains 36 sites
	-> Printing at chr: h1tg000042l pos:1561670 chunknumber 4200 contains 72 sites
	-> Printing at chr: h1tg000043l pos:664449 chunknumber 4300 contains 288 sites
	-> Printing at chr: h1tg000045l pos:299805 chunknumber 4400 contains 108 sites
	-> Printing at chr: h1tg000045l pos:1486875 chunknumber 4500 contains 664 sites
	-> Printing at chr: h1tg000050l pos:124458 chunknumber 4600 contains 36 sites
	-> Printing at chr: h1tg000050l pos:681612 chunknumber 4700 contains 36 sites
	-> Printing at chr: h1tg000051l pos:650698 chunknumber 4800 contains 71 sites
	-> Printing at chr: h1tg000052l pos:329935 chunknumber 4900 contains 73 sites
	-> Printing at chr: h1tg000052l pos:1035694 chunknumber 5000 contains 36 sites
	-> Printing at chr: h1tg000054l pos:128282 chunknumber 5100 contains 36 sites
	-> Printing at chr: h1tg000054l pos:760103 chunknumber 5200 contains 72 sites
	-> Printing at chr: h1tg000055l pos:6451 chunknumber 5300 contains 352 sites
	-> Printing at chr: h1tg000055l pos:961471 chunknumber 5400 contains 180 sites
	-> Printing at chr: h1tg000055l pos:1999739 chunknumber 5500 contains 36 sites
	-> Printing at chr: h1tg000057l pos:163707 chunknumber 5600 contains 72 sites
	-> Printing at chr: h1tg000057l pos:696098 chunknumber 5700 contains 72 sites
	-> Printing at chr: h1tg000057l pos:1299975 chunknumber 5800 contains 3 sites
	-> Printing at chr: h1tg000059l pos:504944 chunknumber 5900 contains 36 sites
	-> Printing at chr: h1tg000063l pos:425546 chunknumber 6000 contains 36 sites
	-> Printing at chr: h1tg000064l pos:189730 chunknumber 6100 contains 36 sites
	-> Printing at chr: h1tg000066l pos:51102 chunknumber 6200 contains 36 sites
	-> Printing at chr: h1tg000067l pos:700907 chunknumber 6300 contains 31 sites
	-> Printing at chr: h1tg000068l pos:942505 chunknumber 6400 contains 72 sites
	-> Printing at chr: h1tg000069l pos:460791 chunknumber 6500 contains 72 sites
	-> Printing at chr: h1tg000070l pos:459148 chunknumber 6600 contains 37 sites
	-> Printing at chr: h1tg000071l pos:1155484 chunknumber 6700 contains 179 sites
	-> Printing at chr: h1tg000072l pos:482087 chunknumber 6800 contains 37 sites
	-> Printing at chr: h1tg000072l pos:1483173 chunknumber 6900 contains 39 sites
	-> Printing at chr: h1tg000073l pos:180341 chunknumber 7000 contains 175 sites
	-> Printing at chr: h1tg000075l pos:202844 chunknumber 7100 contains 36 sites
	-> Printing at chr: h1tg000075l pos:923531 chunknumber 7200 contains 72 sites
	-> Printing at chr: h1tg000076l pos:199465 chunknumber 7300 contains 36 sites
	-> Printing at chr: h1tg000077l pos:348488 chunknumber 7400 contains 55 sites
	-> Printing at chr: h1tg000077l pos:1086553 chunknumber 7500 contains 72 sites
	-> Printing at chr: h1tg000077l pos:1804308 chunknumber 7600 contains 147 sites
	-> Printing at chr: h1tg000078l pos:595715 chunknumber 7700 contains 287 sites
	-> Printing at chr: h1tg000079l pos:96317 chunknumber 7800 contains 108 sites
	-> Printing at chr: h1tg000080l pos:506396 chunknumber 7900 contains 36 sites
	-> Printing at chr: h1tg000082l pos:980385 chunknumber 8000 contains 36 sites
	-> Printing at chr: h1tg000083l pos:604584 chunknumber 8100 contains 36 sites
	-> Printing at chr: h1tg000084l pos:849809 chunknumber 8200 contains 105 sites
	-> Printing at chr: h1tg000085l pos:463979 chunknumber 8300 contains 72 sites
	-> Printing at chr: h1tg000085l pos:1124396 chunknumber 8400 contains 72 sites
	-> Printing at chr: h1tg000085l pos:1938989 chunknumber 8500 contains 36 sites
	-> Printing at chr: h1tg000087l pos:258380 chunknumber 8600 contains 36 sites
	-> Printing at chr: h1tg000089l pos:449605 chunknumber 8700 contains 36 sites
	-> Printing at chr: h1tg000089l pos:1129528 chunknumber 8800 contains 107 sites
	-> Printing at chr: h1tg000094l pos:288664 chunknumber 8900 contains 110 sites
	-> Printing at chr: h1tg000095l pos:80403 chunknumber 9000 contains 86 sites
	-> Printing at chr: h1tg000096l pos:279825 chunknumber 9100 contains 68 sites
	-> Printing at chr: h1tg000097l pos:467607 chunknumber 9200 contains 108 sites
	-> Printing at chr: h1tg000098l pos:180929 chunknumber 9300 contains 72 sites
	-> Printing at chr: h1tg000098l pos:764739 chunknumber 9400 contains 108 sites
	-> Printing at chr: h1tg000099l pos:568509 chunknumber 9500 contains 36 sites
	-> Printing at chr: h1tg000100l pos:613508 chunknumber 9600 contains 36 sites
	-> Printing at chr: h1tg000102l pos:471641 chunknumber 9700 contains 108 sites
	-> Printing at chr: h1tg000102l pos:1294295 chunknumber 9800 contains 141 sites
	-> Printing at chr: h1tg000103l pos:113844 chunknumber 9900 contains 96 sites
	-> Printing at chr: h1tg000104l pos:335522 chunknumber 10000 contains 36 sites
	-> Printing at chr: h1tg000104l pos:905108 chunknumber 10100 contains 145 sites
	-> Printing at chr: h1tg000105l pos:364174 chunknumber 10200 contains 108 sites
	-> Printing at chr: h1tg000105l pos:1539443 chunknumber 10300 contains 36 sites
	-> Printing at chr: h1tg000107l pos:697595 chunknumber 10400 contains 39 sites
	-> Printing at chr: h1tg000108l pos:541221 chunknumber 10500 contains 36 sites
	-> Printing at chr: h1tg000110l pos:203813 chunknumber 10600 contains 37 sites
	-> Printing at chr: h1tg000111l pos:671088 chunknumber 10700 contains 145 sites
	-> Printing at chr: h1tg000111l pos:1347504 chunknumber 10800 contains 36 sites
	-> Printing at chr: h1tg000114l pos:113182 chunknumber 10900 contains 36 sites
	-> Printing at chr: h1tg000115l pos:359266 chunknumber 11000 contains 40 sites
	-> Printing at chr: h1tg000117l pos:550965 chunknumber 11100 contains 36 sites
	-> Printing at chr: h1tg000117l pos:1223650 chunknumber 11200 contains 36 sites
	-> Printing at chr: h1tg000118l pos:615475 chunknumber 11300 contains 36 sites
	-> Printing at chr: h1tg000120l pos:26821 chunknumber 11400 contains 36 sites
	-> Printing at chr: h1tg000122l pos:111658 chunknumber 11500 contains 418 sites
	-> Printing at chr: h1tg000123l pos:527245 chunknumber 11600 contains 72 sites
	-> Printing at chr: h1tg000124l pos:468100 chunknumber 11700 contains 36 sites
	-> Printing at chr: h1tg000124l pos:983506 chunknumber 11800 contains 143 sites
	-> Printing at chr: h1tg000124l pos:1690580 chunknumber 11900 contains 244 sites
	-> Printing at chr: h1tg000125l pos:976744 chunknumber 12000 contains 72 sites
	-> Printing at chr: h1tg000126l pos:230449 chunknumber 12100 contains 36 sites
	-> Printing at chr: h1tg000128l pos:318756 chunknumber 12200 contains 108 sites
	-> Printing at chr: h1tg000132l pos:136891 chunknumber 12300 contains 38 sites
	-> Printing at chr: h1tg000133l pos:76825 chunknumber 12400 contains 358 sites
	-> Printing at chr: h1tg000133l pos:752344 chunknumber 12500 contains 72 sites
	-> Printing at chr: h1tg000133l pos:1369627 chunknumber 12600 contains 433 sites
	-> Printing at chr: h1tg000134l pos:439083 chunknumber 12700 contains 337 sites
	-> Printing at chr: h1tg000135l pos:26337 chunknumber 12800 contains 36 sites
	-> Printing at chr: h1tg000135l pos:714272 chunknumber 12900 contains 72 sites
	-> Printing at chr: h1tg000135l pos:1365219 chunknumber 13000 contains 72 sites
	-> Printing at chr: h1tg000135l pos:2034536 chunknumber 13100 contains 36 sites
	-> Printing at chr: h1tg000136l pos:512873 chunknumber 13200 contains 36 sites
	-> Printing at chr: h1tg000136l pos:1158638 chunknumber 13300 contains 36 sites
	-> Printing at chr: h1tg000137l pos:428366 chunknumber 13400 contains 74 sites
	-> Printing at chr: h1tg000138l pos:511746 chunknumber 13500 contains 36 sites
	-> Printing at chr: h1tg000140l pos:195220 chunknumber 13600 contains 177 sites
	-> Printing at chr: h1tg000140l pos:777845 chunknumber 13700 contains 36 sites
	-> Printing at chr: h1tg000140l pos:1519175 chunknumber 13800 contains 144 sites
	-> Printing at chr: h1tg000142l pos:129025 chunknumber 13900 contains 139 sites
	-> Printing at chr: h1tg000144l pos:204400 chunknumber 14000 contains 72 sites
	-> Printing at chr: h1tg000145l pos:314824 chunknumber 14100 contains 647 sites
	-> Printing at chr: h1tg000148l pos:244450 chunknumber 14200 contains 108 sites
	-> Printing at chr: h1tg000149l pos:204696 chunknumber 14300 contains 36 sites
	-> Printing at chr: h1tg000150l pos:500561 chunknumber 14400 contains 61 sites
	-> Printing at chr: h1tg000151l pos:496806 chunknumber 14500 contains 36 sites
	-> Printing at chr: h1tg000152l pos:84735 chunknumber 14600 contains 47 sites
	-> Printing at chr: h1tg000152l pos:633880 chunknumber 14700 contains 69 sites
	-> Printing at chr: h1tg000153l pos:263476 chunknumber 14800 contains 46 sites
	-> Printing at chr: h1tg000154l pos:304045 chunknumber 14900 contains 142 sites
	-> Printing at chr: h1tg000155l pos:351904 chunknumber 15000 contains 72 sites
	-> Printing at chr: h1tg000155l pos:1733496 chunknumber 15100 contains 108 sites
	-> Printing at chr: h1tg000155l pos:2500726 chunknumber 15200 contains 37 sites
	-> Printing at chr: h1tg000157l pos:1134960 chunknumber 15300 contains 106 sites
	-> Printing at chr: h1tg000158l pos:182833 chunknumber 15400 contains 72 sites
	-> Printing at chr: h1tg000163l pos:10197 chunknumber 15500 contains 36 sites
	-> Printing at chr: h1tg000163l pos:529511 chunknumber 15600 contains 36 sites
	-> Printing at chr: h1tg000163l pos:1022885 chunknumber 15700 contains 36 sites
	-> Printing at chr: h1tg000163l pos:1498761 chunknumber 15800 contains 72 sites
	-> Printing at chr: h1tg000164l pos:457520 chunknumber 15900 contains 142 sites
	-> Printing at chr: h1tg000167l pos:121658 chunknumber 16000 contains 36 sites
	-> Printing at chr: h1tg000169l pos:567184 chunknumber 16100 contains 36 sites
	-> Printing at chr: h1tg000169l pos:1595752 chunknumber 16200 contains 216 sites
	-> Printing at chr: h1tg000169l pos:2262315 chunknumber 16300 contains 37 sites
	-> Printing at chr: h1tg000172l pos:1039864 chunknumber 16400 contains 72 sites
	-> Printing at chr: h1tg000174l pos:211775 chunknumber 16500 contains 36 sites
	-> Printing at chr: h1tg000174l pos:932492 chunknumber 16600 contains 36 sites
	-> Printing at chr: h1tg000176l pos:73388 chunknumber 16700 contains 106 sites
	-> Printing at chr: h1tg000176l pos:753215 chunknumber 16800 contains 36 sites
	-> Printing at chr: h1tg000180l pos:219031 chunknumber 16900 contains 72 sites
	-> Printing at chr: h1tg000182l pos:118368 chunknumber 17000 contains 216 sites
	-> Printing at chr: h1tg000183l pos:407134 chunknumber 17100 contains 36 sites
	-> Printing at chr: h1tg000183l pos:1073571 chunknumber 17200 contains 141 sites
	-> Printing at chr: h1tg000183l pos:1699727 chunknumber 17300 contains 36 sites
	-> Printing at chr: h1tg000186l pos:231811 chunknumber 17400 contains 144 sites
	-> Printing at chr: h1tg000187l pos:635858 chunknumber 17500 contains 36 sites
	-> Printing at chr: h1tg000189l pos:457199 chunknumber 17600 contains 72 sites
	-> Printing at chr: h1tg000190l pos:532264 chunknumber 17700 contains 41 sites
	-> Printing at chr: h1tg000191l pos:602933 chunknumber 17800 contains 107 sites
	-> Printing at chr: h1tg000194l pos:55821 chunknumber 17900 contains 36 sites
	-> Printing at chr: h1tg000194l pos:656816 chunknumber 18000 contains 108 sites
	-> Printing at chr: h1tg000195l pos:371386 chunknumber 18100 contains 215 sites
	-> Printing at chr: h1tg000199l pos:2457 chunknumber 18200 contains 252 sites
	-> Printing at chr: h1tg000200l pos:42031 chunknumber 18300 contains 34 sites
	-> Printing at chr: h1tg000202l pos:222645 chunknumber 18400 contains 36 sites
	-> Printing at chr: h1tg000203l pos:388329 chunknumber 18500 contains 108 sites
	-> Printing at chr: h1tg000204l pos:551168 chunknumber 18600 contains 36 sites
	-> Printing at chr: h1tg000207l pos:194867 chunknumber 18700 contains 72 sites
	-> Printing at chr: h1tg000208l pos:102118 chunknumber 18800 contains 144 sites
	-> Printing at chr: h1tg000209l pos:454928 chunknumber 18900 contains 172 sites
	-> Printing at chr: h1tg000210l pos:120192 chunknumber 19000 contains 36 sites
	-> Printing at chr: h1tg000210l pos:933174 chunknumber 19100 contains 36 sites
	-> Printing at chr: h1tg000211l pos:167791 chunknumber 19200 contains 324 sites
	-> Printing at chr: h1tg000211l pos:869609 chunknumber 19300 contains 139 sites
	-> Printing at chr: h1tg000212l pos:493686 chunknumber 19400 contains 175 sites
	-> Printing at chr: h1tg000212l pos:1065414 chunknumber 19500 contains 36 sites
	-> Printing at chr: h1tg000214l pos:358547 chunknumber 19600 contains 36 sites
	-> Printing at chr: h1tg000215l pos:148744 chunknumber 19700 contains 179 sites
	-> Printing at chr: h1tg000216l pos:278712 chunknumber 19800 contains 72 sites
	-> Printing at chr: h1tg000218l pos:102807 chunknumber 19900 contains 36 sites
	-> Printing at chr: h1tg000218l pos:653753 chunknumber 20000 contains 36 sites
	-> Printing at chr: h1tg000218l pos:1080120 chunknumber 20100 contains 36 sites
	-> Printing at chr: h1tg000222l pos:206519 chunknumber 20200 contains 36 sites
	-> Printing at chr: h1tg000222l pos:697544 chunknumber 20300 contains 70 sites
	-> Printing at chr: h1tg000222l pos:1296208 chunknumber 20400 contains 36 sites
	-> Printing at chr: h1tg000224l pos:242359 chunknumber 20500 contains 209 sites
	-> Printing at chr: h1tg000226l pos:753243 chunknumber 20600 contains 69 sites
	-> Printing at chr: h1tg000226l pos:1210332 chunknumber 20700 contains 285 sites
	-> Printing at chr: h1tg000227l pos:413591 chunknumber 20800 contains 109 sites
	-> Printing at chr: h1tg000227l pos:1060793 chunknumber 20900 contains 72 sites
	-> Printing at chr: h1tg000228l pos:496392 chunknumber 21000 contains 36 sites
	-> Printing at chr: h1tg000228l pos:1067367 chunknumber 21100 contains 246 sites
	-> Printing at chr: h1tg000228l pos:1667096 chunknumber 21200 contains 72 sites
	-> Printing at chr: h1tg000229l pos:162610 chunknumber 21300 contains 36 sites
	-> Printing at chr: h1tg000232l pos:224793 chunknumber 21400 contains 36 sites
	-> Printing at chr: h1tg000233l pos:228345 chunknumber 21500 contains 109 sites
	-> Printing at chr: h1tg000234l pos:386792 chunknumber 21600 contains 72 sites
	-> Printing at chr: h1tg000237l pos:152198 chunknumber 21700 contains 36 sites
	-> Printing at chr: h1tg000239l pos:162567 chunknumber 21800 contains 72 sites
	-> Printing at chr: h1tg000241l pos:153921 chunknumber 21900 contains 108 sites
	-> Printing at chr: h1tg000241l pos:729961 chunknumber 22000 contains 36 sites
	-> Printing at chr: h1tg000243l pos:310519 chunknumber 22100 contains 75 sites
	-> Printing at chr: h1tg000244l pos:102057 chunknumber 22200 contains 72 sites
	-> Printing at chr: h1tg000245l pos:252295 chunknumber 22300 contains 213 sites
	-> Printing at chr: h1tg000246l pos:496304 chunknumber 22400 contains 72 sites
	-> Printing at chr: h1tg000246l pos:1414401 chunknumber 22500 contains 142 sites
	-> Printing at chr: h1tg000247l pos:475989 chunknumber 22600 contains 36 sites
	-> Printing at chr: h1tg000249l pos:692281 chunknumber 22700 contains 33 sites
	-> Printing at chr: h1tg000251l pos:115037 chunknumber 22800 contains 72 sites
	-> Printing at chr: h1tg000252l pos:600970 chunknumber 22900 contains 35 sites
	-> Printing at chr: h1tg000252l pos:1369118 chunknumber 23000 contains 108 sites
	-> Printing at chr: h1tg000254l pos:217776 chunknumber 23100 contains 36 sites
	-> Printing at chr: h1tg000254l pos:907585 chunknumber 23200 contains 109 sites
	-> Printing at chr: h1tg000255l pos:491054 chunknumber 23300 contains 36 sites
	-> Printing at chr: h1tg000257l pos:330562 chunknumber 23400 contains 36 sites
	-> Printing at chr: h1tg000259l pos:88324 chunknumber 23500 contains 84 sites
	-> Printing at chr: h1tg000260l pos:282346 chunknumber 23600 contains 36 sites
	-> Printing at chr: h1tg000261l pos:414872 chunknumber 23700 contains 68 sites
	-> Printing at chr: h1tg000266l pos:240355 chunknumber 23800 contains 72 sites
	-> Printing at chr: h1tg000266l pos:1106599 chunknumber 23900 contains 216 sites
	-> Printing at chr: h1tg000269l pos:97647 chunknumber 24000 contains 215 sites
	-> Printing at chr: h1tg000269l pos:830499 chunknumber 24100 contains 36 sites
	-> Printing at chr: h1tg000269l pos:1313144 chunknumber 24200 contains 36 sites
	-> Printing at chr: h1tg000270l pos:166989 chunknumber 24300 contains 144 sites
	-> Printing at chr: h1tg000271l pos:299085 chunknumber 24400 contains 108 sites
	-> Printing at chr: h1tg000272l pos:94991 chunknumber 24500 contains 32 sites
	-> Printing at chr: h1tg000273l pos:537254 chunknumber 24600 contains 36 sites
	-> Printing at chr: h1tg000278l pos:299828 chunknumber 24700 contains 36 sites
	-> Printing at chr: h1tg000278l pos:971999 chunknumber 24800 contains 72 sites
	-> Printing at chr: h1tg000279l pos:121002 chunknumber 24900 contains 36 sites
	-> Printing at chr: h1tg000280l pos:208656 chunknumber 25000 contains 36 sites
	-> Printing at chr: h1tg000281l pos:264790 chunknumber 25100 contains 36 sites
	-> Printing at chr: h1tg000283l pos:55724 chunknumber 25200 contains 147 sites
	-> Printing at chr: h1tg000285l pos:107052 chunknumber 25300 contains 36 sites
	-> Printing at chr: h1tg000286l pos:519003 chunknumber 25400 contains 1 sites
	-> Printing at chr: h1tg000288l pos:709011 chunknumber 25500 contains 72 sites
	-> Printing at chr: h1tg000288l pos:1519040 chunknumber 25600 contains 144 sites
	-> Printing at chr: h1tg000289l pos:736815 chunknumber 25700 contains 72 sites
	-> Printing at chr: h1tg000290l pos:614312 chunknumber 25800 contains 36 sites
	-> Printing at chr: h1tg000293l pos:214664 chunknumber 25900 contains 72 sites
	-> Printing at chr: h1tg000294l pos:540001 chunknumber 26000 contains 36 sites
	-> Printing at chr: h1tg000296l pos:26996 chunknumber 26100 contains 36 sites
	-> Printing at chr: h1tg000298l pos:261066 chunknumber 26200 contains 36 sites
	-> Printing at chr: h1tg000299l pos:435284 chunknumber 26300 contains 71 sites
	-> Printing at chr: h1tg000300l pos:574951 chunknumber 26400 contains 141 sites
	-> Printing at chr: h1tg000302l pos:511113 chunknumber 26500 contains 72 sites
	-> Printing at chr: h1tg000304l pos:320877 chunknumber 26600 contains 30 sites
	-> Printing at chr: h1tg000305l pos:51870 chunknumber 26700 contains 72 sites
	-> Printing at chr: h1tg000310l pos:141100 chunknumber 26800 contains 36 sites
	-> Printing at chr: h1tg000310l pos:665967 chunknumber 26900 contains 213 sites
	-> Printing at chr: h1tg000311l pos:316328 chunknumber 27000 contains 72 sites
	-> Printing at chr: h1tg000312l pos:139348 chunknumber 27100 contains 210 sites
	-> Printing at chr: h1tg000314l pos:621946 chunknumber 27200 contains 105 sites
	-> Printing at chr: h1tg000316l pos:50819 chunknumber 27300 contains 36 sites
	-> Printing at chr: h1tg000317l pos:982 chunknumber 27400 contains 73 sites
	-> Printing at chr: h1tg000319l pos:318710 chunknumber 27500 contains 36 sites
	-> Printing at chr: h1tg000320l pos:547432 chunknumber 27600 contains 36 sites
	-> Printing at chr: h1tg000320l pos:1085169 chunknumber 27700 contains 72 sites
	-> Printing at chr: h1tg000321l pos:502593 chunknumber 27800 contains 36 sites
	-> Printing at chr: h1tg000323l pos:106889 chunknumber 27900 contains 36 sites
	-> Printing at chr: h1tg000325l pos:433911 chunknumber 28000 contains 252 sites
	-> Printing at chr: h1tg000327l pos:152852 chunknumber 28100 contains 71 sites
	-> Printing at chr: h1tg000328l pos:379445 chunknumber 28200 contains 36 sites
	-> Printing at chr: h1tg000329l pos:613014 chunknumber 28300 contains 72 sites
	-> Printing at chr: h1tg000330l pos:503342 chunknumber 28400 contains 153 sites
	-> Printing at chr: h1tg000331l pos:241219 chunknumber 28500 contains 72 sites
	-> Printing at chr: h1tg000334l pos:197599 chunknumber 28600 contains 35 sites
	-> Printing at chr: h1tg000335l pos:208596 chunknumber 28700 contains 69 sites
	-> Printing at chr: h1tg000342l pos:215784 chunknumber 28800 contains 33 sites
	-> Printing at chr: h1tg000349l pos:325724 chunknumber 28900 contains 72 sites
	-> Printing at chr: h1tg000353l pos:38087 chunknumber 29000 contains 31 sites
	-> Printing at chr: h1tg000353l pos:556942 chunknumber 29100 contains 145 sites
	-> Printing at chr: h1tg000355l pos:251155 chunknumber 29200 contains 36 sites
	-> Printing at chr: h1tg000355l pos:914564 chunknumber 29300 contains 74 sites
	-> Printing at chr: h1tg000355l pos:1494324 chunknumber 29400 contains 175 sites
	-> Printing at chr: h1tg000355l pos:2053312 chunknumber 29500 contains 287 sites
	-> Printing at chr: h1tg000356l pos:28305 chunknumber 29600 contains 36 sites
	-> Printing at chr: h1tg000357l pos:267207 chunknumber 29700 contains 69 sites
	-> Printing at chr: h1tg000359l pos:422164 chunknumber 29800 contains 36 sites
	-> Printing at chr: h1tg000362l pos:149848 chunknumber 29900 contains 36 sites
	-> Printing at chr: h1tg000363l pos:178535 chunknumber 30000 contains 144 sites
	-> Printing at chr: h1tg000363l pos:743473 chunknumber 30100 contains 36 sites
	-> Printing at chr: h1tg000364l pos:454443 chunknumber 30200 contains 73 sites
	-> Printing at chr: h1tg000369l pos:242672 chunknumber 30300 contains 36 sites
	-> Printing at chr: h1tg000370l pos:616641 chunknumber 30400 contains 180 sites
	-> Printing at chr: h1tg000371l pos:547510 chunknumber 30500 contains 105 sites
	-> Printing at chr: h1tg000372l pos:371147 chunknumber 30600 contains 36 sites
	-> Printing at chr: h1tg000372l pos:1214023 chunknumber 30700 contains 36 sites
	-> Printing at chr: h1tg000374l pos:28767 chunknumber 30800 contains 36 sites
	-> Printing at chr: h1tg000377l pos:439522 chunknumber 30900 contains 209 sites
	-> Printing at chr: h1tg000377l pos:1145262 chunknumber 31000 contains 36 sites
	-> Printing at chr: h1tg000380l pos:518558 chunknumber 31100 contains 72 sites
	-> Printing at chr: h1tg000382l pos:145590 chunknumber 31200 contains 36 sites
	-> Printing at chr: h1tg000386l pos:79200 chunknumber 31300 contains 36 sites
	-> Printing at chr: h1tg000387l pos:237492 chunknumber 31400 contains 36 sites
	-> Printing at chr: h1tg000389l pos:694759 chunknumber 31500 contains 108 sites
	-> Printing at chr: h1tg000389l pos:1863102 chunknumber 31600 contains 246 sites
	-> Printing at chr: h1tg000391l pos:357830 chunknumber 31700 contains 35 sites
	-> Printing at chr: h1tg000395l pos:88581 chunknumber 31800 contains 35 sites
	-> Printing at chr: h1tg000397l pos:236200 chunknumber 31900 contains 47 sites
	-> Printing at chr: h1tg000398l pos:706091 chunknumber 32000 contains 102 sites
	-> Printing at chr: h1tg000399l pos:780160 chunknumber 32100 contains 713 sites
	-> Printing at chr: h1tg000400l pos:710967 chunknumber 32200 contains 179 sites
	-> Printing at chr: h1tg000402l pos:238780 chunknumber 32300 contains 74 sites
	-> Printing at chr: h1tg000403l pos:153023 chunknumber 32400 contains 37 sites
	-> Printing at chr: h1tg000404l pos:238205 chunknumber 32500 contains 36 sites
	-> Printing at chr: h1tg000405l pos:414198 chunknumber 32600 contains 180 sites
	-> Printing at chr: h1tg000406l pos:332975 chunknumber 32700 contains 36 sites
	-> Printing at chr: h1tg000408l pos:162932 chunknumber 32800 contains 36 sites
	-> Printing at chr: h1tg000411l pos:76380 chunknumber 32900 contains 101 sites
	-> Printing at chr: h1tg000412l pos:271956 chunknumber 33000 contains 36 sites
	-> Printing at chr: h1tg000412l pos:1047627 chunknumber 33100 contains 212 sites
	-> Printing at chr: h1tg000415l pos:252571 chunknumber 33200 contains 37 sites
	-> Printing at chr: h1tg000418l pos:197899 chunknumber 33300 contains 173 sites
	-> Printing at chr: h1tg000420l pos:71052 chunknumber 33400 contains 72 sites
	-> Printing at chr: h1tg000420l pos:775858 chunknumber 33500 contains 213 sites
	-> Printing at chr: h1tg000421l pos:375978 chunknumber 33600 contains 72 sites
	-> Printing at chr: h1tg000422l pos:449660 chunknumber 33700 contains 29 sites
	-> Printing at chr: h1tg000430l pos:35745 chunknumber 33800 contains 74 sites
	-> Printing at chr: h1tg000431l pos:7974 chunknumber 33900 contains 36 sites
	-> Printing at chr: h1tg000431l pos:659497 chunknumber 34000 contains 36 sites
	-> Printing at chr: h1tg000432l pos:275505 chunknumber 34100 contains 36 sites
	-> Printing at chr: h1tg000433l pos:418587 chunknumber 34200 contains 36 sites
	-> Printing at chr: h1tg000433l pos:860443 chunknumber 34300 contains 36 sites
	-> Printing at chr: h1tg000434l pos:158736 chunknumber 34400 contains 36 sites
	-> Printing at chr: h1tg000437l pos:902282 chunknumber 34500 contains 108 sites
	-> Printing at chr: h1tg000439l pos:142286 chunknumber 34600 contains 178 sites
	-> Printing at chr: h1tg000440l pos:129630 chunknumber 34700 contains 570 sites
	-> Printing at chr: h1tg000444l pos:147791 chunknumber 34800 contains 37 sites
	-> Printing at chr: h1tg000445l pos:393248 chunknumber 34900 contains 267 sites
	-> Printing at chr: h1tg000446l pos:526055 chunknumber 35000 contains 37 sites
	-> Printing at chr: h1tg000448l pos:154022 chunknumber 35100 contains 36 sites
	-> Printing at chr: h1tg000450l pos:394060 chunknumber 35200 contains 72 sites
	-> Printing at chr: h1tg000450l pos:924520 chunknumber 35300 contains 67 sites
	-> Printing at chr: h1tg000453l pos:124721 chunknumber 35400 contains 36 sites
	-> Printing at chr: h1tg000454l pos:51295 chunknumber 35500 contains 37 sites
	-> Printing at chr: h1tg000459l pos:62326 chunknumber 35600 contains 36 sites
	-> Printing at chr: h1tg000461l pos:317332 chunknumber 35700 contains 36 sites
	-> Printing at chr: h1tg000462l pos:189340 chunknumber 35800 contains 69 sites
	-> Printing at chr: h1tg000465l pos:87241 chunknumber 35900 contains 36 sites
	-> Printing at chr: h1tg000467l pos:765593 chunknumber 36000 contains 36 sites
	-> Printing at chr: h1tg000470l pos:41625 chunknumber 36100 contains 39 sites
	-> Printing at chr: h1tg000472l pos:275959 chunknumber 36200 contains 36 sites
	-> Printing at chr: h1tg000473l pos:546047 chunknumber 36300 contains 36 sites
	-> Printing at chr: h1tg000478l pos:214985 chunknumber 36400 contains 72 sites
	-> Printing at chr: h1tg000481l pos:292216 chunknumber 36500 contains 78 sites
	-> Printing at chr: h1tg000481l pos:1086045 chunknumber 36600 contains 72 sites
	-> Printing at chr: h1tg000483l pos:505917 chunknumber 36700 contains 36 sites
	-> Printing at chr: h1tg000487l pos:597828 chunknumber 36800 contains 36 sites
	-> Printing at chr: h1tg000488l pos:308799 chunknumber 36900 contains 36 sites
	-> Printing at chr: h1tg000497l pos:149987 chunknumber 37000 contains 72 sites
	-> Printing at chr: h1tg000500l pos:13287 chunknumber 37100 contains 441 sites
	-> Printing at chr: h1tg000500l pos:544891 chunknumber 37200 contains 36 sites
	-> Printing at chr: h1tg000501l pos:594145 chunknumber 37300 contains 36 sites
	-> Printing at chr: h1tg000506l pos:44509 chunknumber 37400 contains 497 sites
	-> Printing at chr: h1tg000507l pos:155478 chunknumber 37500 contains 108 sites
	-> Printing at chr: h1tg000508l pos:224931 chunknumber 37600 contains 142 sites
	-> Printing at chr: h1tg000509l pos:414112 chunknumber 37700 contains 180 sites
	-> Printing at chr: h1tg000511l pos:629616 chunknumber 37800 contains 36 sites
	-> Printing at chr: h1tg000513l pos:360988 chunknumber 37900 contains 142 sites
	-> Printing at chr: h1tg000514l pos:377314 chunknumber 38000 contains 36 sites
	-> Printing at chr: h1tg000521l pos:70396 chunknumber 38100 contains 69 sites
	-> Printing at chr: h1tg000521l pos:634919 chunknumber 38200 contains 178 sites
	-> Printing at chr: h1tg000522l pos:565522 chunknumber 38300 contains 36 sites
	-> Printing at chr: h1tg000523l pos:453840 chunknumber 38400 contains 68 sites
	-> Printing at chr: h1tg000526l pos:195259 chunknumber 38500 contains 36 sites
	-> Printing at chr: h1tg000528l pos:295957 chunknumber 38600 contains 36 sites
	-> Printing at chr: h1tg000530l pos:200102 chunknumber 38700 contains 36 sites
	-> Printing at chr: h1tg000534l pos:51543 chunknumber 38800 contains 36 sites
	-> Printing at chr: h1tg000535l pos:411856 chunknumber 38900 contains 27 sites
	-> Printing at chr: h1tg000540l pos:8537 chunknumber 39000 contains 36 sites
	-> Printing at chr: h1tg000543l pos:533982 chunknumber 39100 contains 36 sites
	-> Printing at chr: h1tg000548l pos:198134 chunknumber 39200 contains 142 sites
	-> Printing at chr: h1tg000551l pos:474895 chunknumber 39300 contains 36 sites
	-> Printing at chr: h1tg000551l pos:986967 chunknumber 39400 contains 72 sites
	-> Printing at chr: h1tg000554l pos:25691 chunknumber 39500 contains 79 sites
	-> Printing at chr: h1tg000557l pos:111895 chunknumber 39600 contains 108 sites
	-> Printing at chr: h1tg000560l pos:572000 chunknumber 39700 contains 36 sites
	-> Printing at chr: h1tg000564l pos:63865 chunknumber 39800 contains 178 sites
	-> Printing at chr: h1tg000565l pos:475906 chunknumber 39900 contains 36 sites
	-> Printing at chr: h1tg000568l pos:135927 chunknumber 40000 contains 72 sites
	-> Printing at chr: h1tg000569l pos:328759 chunknumber 40100 contains 108 sites
	-> Printing at chr: h1tg000569l pos:879781 chunknumber 40200 contains 37 sites
	-> Printing at chr: h1tg000571l pos:369508 chunknumber 40300 contains 36 sites
	-> Printing at chr: h1tg000573l pos:356711 chunknumber 40400 contains 40 sites
	-> Printing at chr: h1tg000577l pos:6473 chunknumber 40500 contains 68 sites
	-> Printing at chr: h1tg000577l pos:693156 chunknumber 40600 contains 36 sites
	-> Printing at chr: h1tg000584l pos:172399 chunknumber 40700 contains 72 sites
	-> Printing at chr: h1tg000585l pos:609498 chunknumber 40800 contains 180 sites
	-> Printing at chr: h1tg000589l pos:55338 chunknumber 40900 contains 70 sites
	-> Printing at chr: h1tg000590l pos:177609 chunknumber 41000 contains 36 sites
	-> Printing at chr: h1tg000593l pos:193339 chunknumber 41100 contains 72 sites
	-> Printing at chr: h1tg000595l pos:110036 chunknumber 41200 contains 36 sites
	-> Printing at chr: h1tg000596l pos:129250 chunknumber 41300 contains 288 sites
	-> Printing at chr: h1tg000602l pos:164439 chunknumber 41400 contains 36 sites
	-> Printing at chr: h1tg000604l pos:319352 chunknumber 41500 contains 99 sites
	-> Printing at chr: h1tg000609l pos:384465 chunknumber 41600 contains 108 sites
	-> Printing at chr: h1tg000610l pos:99558 chunknumber 41700 contains 72 sites
	-> Printing at chr: h1tg000611l pos:413449 chunknumber 41800 contains 72 sites
	-> Printing at chr: h1tg000614l pos:189817 chunknumber 41900 contains 36 sites
	-> Printing at chr: h1tg000615l pos:440951 chunknumber 42000 contains 36 sites
	-> Printing at chr: h1tg000619l pos:66158 chunknumber 42100 contains 36 sites
	-> Printing at chr: h1tg000622l pos:175710 chunknumber 42200 contains 36 sites
	-> Printing at chr: h1tg000627l pos:3599 chunknumber 42300 contains 317 sites
	-> Printing at chr: h1tg000628l pos:601822 chunknumber 42400 contains 36 sites
	-> Printing at chr: h1tg000632l pos:72159 chunknumber 42500 contains 72 sites
	-> Printing at chr: h1tg000635l pos:62116 chunknumber 42600 contains 72 sites
	-> Printing at chr: h1tg000641l pos:101673 chunknumber 42700 contains 77 sites
	-> Printing at chr: h1tg000645l pos:119143 chunknumber 42800 contains 36 sites
	-> Printing at chr: h1tg000653l pos:218474 chunknumber 42900 contains 72 sites
	-> Printing at chr: h1tg000658l pos:122780 chunknumber 43000 contains 144 sites
	-> Printing at chr: h1tg000662l pos:276563 chunknumber 43100 contains 36 sites
	-> Printing at chr: h1tg000663l pos:427206 chunknumber 43200 contains 108 sites
	-> Printing at chr: h1tg000673l pos:292234 chunknumber 43300 contains 106 sites
	-> Printing at chr: h1tg000673l pos:972823 chunknumber 43400 contains 36 sites
	-> Printing at chr: h1tg000678l pos:95124 chunknumber 43500 contains 73 sites
	-> Printing at chr: h1tg000678l pos:734444 chunknumber 43600 contains 36 sites
	-> Printing at chr: h1tg000685l pos:128182 chunknumber 43700 contains 73 sites
	-> Printing at chr: h1tg000686l pos:85167 chunknumber 43800 contains 40 sites
	-> Printing at chr: h1tg000687l pos:600227 chunknumber 43900 contains 36 sites
	-> Printing at chr: h1tg000690l pos:417337 chunknumber 44000 contains 36 sites
	-> Printing at chr: h1tg000694l pos:109902 chunknumber 44100 contains 250 sites
	-> Printing at chr: h1tg000697l pos:501330 chunknumber 44200 contains 108 sites
	-> Printing at chr: h1tg000699l pos:64060 chunknumber 44300 contains 181 sites
	-> Printing at chr: h1tg000699l pos:807420 chunknumber 44400 contains 92 sites
	-> Printing at chr: h1tg000702l pos:184843 chunknumber 44500 contains 36 sites
	-> Printing at chr: h1tg000705l pos:399602 chunknumber 44600 contains 108 sites
	-> Printing at chr: h1tg000708l pos:283163 chunknumber 44700 contains 36 sites
	-> Printing at chr: h1tg000711l pos:594566 chunknumber 44800 contains 143 sites
	-> Printing at chr: h1tg000713l pos:60666 chunknumber 44900 contains 36 sites
	-> Printing at chr: h1tg000721l pos:120008 chunknumber 45000 contains 37 sites
	-> Printing at chr: h1tg000725l pos:107154 chunknumber 45100 contains 36 sites
	-> Printing at chr: h1tg000726l pos:343684 chunknumber 45200 contains 46 sites
	-> Printing at chr: h1tg000731l pos:81268 chunknumber 45300 contains 108 sites
	-> Printing at chr: h1tg000731l pos:644815 chunknumber 45400 contains 36 sites
	-> Printing at chr: h1tg000734l pos:74117 chunknumber 45500 contains 33 sites
	-> Printing at chr: h1tg000739l pos:501411 chunknumber 45600 contains 144 sites
	-> Printing at chr: h1tg000744l pos:50369 chunknumber 45700 contains 36 sites
	-> Printing at chr: h1tg000752l pos:131085 chunknumber 45800 contains 36 sites
	-> Printing at chr: h1tg000761l pos:4414 chunknumber 45900 contains 110 sites
	-> Printing at chr: h1tg000770l pos:109724 chunknumber 46000 contains 36 sites
	-> Printing at chr: h1tg000781l pos:83198 chunknumber 46100 contains 141 sites
	-> Printing at chr: h1tg000785l pos:35196 chunknumber 46200 contains 72 sites
	-> Printing at chr: h1tg000793l pos:144064 chunknumber 46300 contains 108 sites
	-> Printing at chr: h1tg000798l pos:65240 chunknumber 46400 contains 107 sites
	-> Printing at chr: h1tg000804l pos:215716 chunknumber 46500 contains 72 sites
	-> Printing at chr: h1tg000813l pos:280055 chunknumber 46600 contains 36 sites
	-> Printing at chr: h1tg000819l pos:34878 chunknumber 46700 contains 74 sites
	-> Printing at chr: h1tg000826l pos:192168 chunknumber 46800 contains 72 sites
	-> Printing at chr: h1tg000829l pos:151859 chunknumber 46900 contains 174 sites
	-> Printing at chr: h1tg000838l pos:227190 chunknumber 47000 contains 36 sites
	-> Printing at chr: h1tg000840l pos:4791 chunknumber 47100 contains 818 sites
	-> Printing at chr: h1tg000846l pos:180551 chunknumber 47200 contains 36 sites
	-> Printing at chr: h1tg000855l pos:161683 chunknumber 47300 contains 36 sites
	-> Printing at chr: h1tg000864l pos:136681 chunknumber 47400 contains 72 sites
	-> Printing at chr: h1tg000873l pos:100588 chunknumber 47500 contains 109 sites
	-> Printing at chr: h1tg000876l pos:27270 chunknumber 47600 contains 144 sites
	-> Printing at chr: h1tg000885l pos:9135 chunknumber 47700 contains 98 sites
	-> Printing at chr: h1tg000894l pos:109563 chunknumber 47800 contains 72 sites
	-> Printing at chr: h1tg000898l pos:495848 chunknumber 47900 contains 108 sites
	-> Printing at chr: h1tg000907l pos:141667 chunknumber 48000 contains 42 sites
	-> Printing at chr: h1tg000927l pos:45227 chunknumber 48100 contains 36 sites
	-> Printing at chr: h1tg000935l pos:69434 chunknumber 48200 contains 35 sites
	-> Printing at chr: h1tg000947l pos:166703 chunknumber 48300 contains 78 sites
	-> Printing at chr: h1tg000963l pos:49209 chunknumber 48400 contains 40 sites
	-> Printing at chr: h1tg000968l pos:26157 chunknumber 48500 contains 31 sites
	-> Printing at chr: h1tg000984l pos:16314 chunknumber 48600 contains 202 sites
	-> Printing at chr: h1tg000986l pos:19475 chunknumber 48700 contains 36 sites
	-> Printing at chr: h1tg001009l pos:176732 chunknumber 48800 contains 36 sites
	-> Printing at chr: h1tg001033l pos:15400 chunknumber 48900 contains 39 sites
	-> Printing at chr: h1tg001058l pos:239031 chunknumber 49000 contains 36 sites
	-> Printing at chr: h1tg001065l pos:351160 chunknumber 49100 contains 36 sites
	-> Printing at chr: h1tg001073l pos:131747 chunknumber 49200 contains 72 sites
	-> Printing at chr: h1tg001090l pos:23777 chunknumber 49300 contains 246 sites
	-> Printing at chr: h1tg001113l pos:3340 chunknumber 49400 contains 180 sites
	-> Printing at chr: h1tg001127l pos:97963 chunknumber 49500 contains 73 sites
	-> Printing at chr: h1tg001164l pos:81235 chunknumber 49600 contains 183 sites
	-> Printing at chr: h1tg001181l pos:69690 chunknumber 49700 contains 144 sites
	-> Printing at chr: h1tg001221l pos:36341 chunknumber 49800 contains 106 sites
	-> Printing at chr: h1tg001262l pos:65316 chunknumber 49900 contains 37 sites
	-> Printing at chr: h1tg001289l pos:30645 chunknumber 50000 contains 72 sites
	-> Printing at chr: h1tg001329l pos:83878 chunknumber 50100 contains 36 sites
	-> Printing at chr: h1tg001405l pos:97130 chunknumber 50200 contains 2 sites
	-> Printing at chr: h1tg001467l pos:7790 chunknumber 50300 contains 36 sites
	-> Printing at chr: h1tg001579l pos:3095 chunknumber 50400 contains 72 sites
	-> Printing at chr: h1tg001812l pos:18472 chunknumber 50500 contains 36 sites
	-> Printing at chr: h1tg001995l pos:33149 chunknumber 50600 contains 36 sites
	-> Printing at chr: h1tg002286l pos:50547 chunknumber 50700 contains 36 sites
	-> Printing at chr: h1tg002781l pos:22249 chunknumber 50800 contains 36 sites
	-> Printing at chr: h1tg003520l pos:425 chunknumber 50900 contains 30 sites

	-> Done reading data waiting for calculations to finish
	-> Done waiting for threads
	-> Output filenames:
		->"pcliNoClones.arg"
		->"pcliNoClones.beagle.gz"
		->"pcliNoClones.mafs.gz"
		->"pcliNoClones.hwe.gz"
		->"pcliNoClones.geno.gz"
		->"pcliNoClones.snpStat.gz"
		->"pcliNoClones.ibs.gz"
		->"pcliNoClones.ibsMat"
		->"pcliNoClones.covMat"
		->"pcliNoClones.bcf"
	-> Wed Nov 12 22:42:48 2025
	-> Arguments and parameters for all analysis are located in .arg file
	-> Total number of sites analyzed: 4442765
	-> Number of sites retained after filtering: 15888 
	[ALL done] cpu-time used =  359.40 sec
	[ALL done] walltime used =  359.00 sec
