 1        1   (0)      1 :  0.1875 0.1200 0.4086 0.2691 0.0147 
 2        2   (0)      1 :  0.2404 0.0025 0.3932 0.3136 0.0502 
 3        3   (0)      1 :  0.1904 0.0000 0.6530 0.1138 0.0428 
 4        4   (0)      1 :  0.2690 0.0421 0.4136 0.1961 0.0792 
 5        5   (0)      1 :  0.4863 0.0392 0.1879 0.2462 0.0405 
 6        6   (0)      1 :  0.3368 0.0421 0.4307 0.1567 0.0336 
 7        7   (0)      1 :  0.3237 0.0009 0.4034 0.2345 0.0375 
 8        8   (0)      2 :  0.4283 0.0001 0.2601 0.2888 0.0227 
 9        9   (0)      2 :  0.1929 0.0142 0.1154 0.6040 0.0736 
10       10   (0)      2 :  0.1992 0.0200 0.1122 0.6042 0.0645 
11       11   (0)      2 :  0.1811 0.1399 0.0997 0.5247 0.0546 
12       12   (0)      2 :  0.0971 0.0005 0.7041 0.1601 0.0382 
13       13   (0)      2 :  0.4927 0.0000 0.2447 0.2346 0.0279 
14       14   (0)      3 :  0.2372 0.0023 0.6193 0.1120 0.0292 
15       15   (0)      3 :  0.0895 0.0210 0.6709 0.1945 0.0240 
16       16   (0)      3 :  0.0641 0.0000 0.8007 0.1336 0.0016 
17       17   (0)      3 :  0.5443 0.0023 0.3018 0.0873 0.0643 
18       18   (0)      4 :  0.4118 0.0101 0.2721 0.2556 0.0503 
19       19   (0)      4 :  0.3684 0.0187 0.3164 0.2923 0.0041 
20       20   (0)      4 :  0.2892 0.0092 0.4383 0.2358 0.0274 
21       21   (0)      4 :  0.3925 0.0078 0.2659 0.3147 0.0192 
22       22   (0)      4 :  0.3862 0.0045 0.4022 0.1851 0.0220 
23       23   (0)      4 :  0.3266 0.0047 0.3851 0.2641 0.0196 
24       24   (0)      4 :  0.4211 0.0000 0.4079 0.1466 0.0244 
25       25   (0)      4 :  0.4297 0.0000 0.3641 0.1774 0.0287 
26       26   (0)      4 :  0.5296 0.0302 0.1309 0.2837 0.0256 
27       27   (0)      4 :  0.2743 0.0023 0.5243 0.1881 0.0109 
28       28   (0)      4 :  0.2944 0.0215 0.3407 0.2412 0.1022 
29       29   (0)      4 :  0.4060 0.0271 0.2246 0.3041 0.0383 
30       30   (0)      4 :  0.2712 0.0034 0.3783 0.2627 0.0844 
31       31   (0)      4 :  0.1859 0.0005 0.7615 0.0512 0.0009 
32       32   (0)      4 :  0.3985 0.0027 0.4815 0.0876 0.0297 
33       33   (0)      4 :  0.3260 0.0004 0.3403 0.1733 0.1600 
34       34   (0)      5 :  0.5134 0.0172 0.2820 0.1772 0.0102 
35       35   (0)      6 :  0.1460 0.0165 0.5123 0.2983 0.0269 
36       36   (0)      6 :  0.2069 0.0000 0.3418 0.4223 0.0289 
37       37   (0)      6 :  0.2769 0.0010 0.1189 0.4800 0.1231 
38       38   (0)      6 :  0.4089 0.0000 0.2371 0.3438 0.0101 
39       39   (0)      6 :  0.7039 0.0031 0.0904 0.1978 0.0048 
40       40   (0)      6 :  0.5293 0.0268 0.2693 0.1518 0.0229 
41       41   (0)      6 :  0.0000 1.0000 0.0000 0.0000 0.0000 
42       42   (0)      6 :  0.3426 0.0170 0.4021 0.2252 0.0131 
43       43   (0)      6 :  0.0820 0.0101 0.6355 0.2395 0.0329 
44       44   (0)      6 :  0.3541 0.0297 0.3877 0.2114 0.0171 
45       45   (0)      6 :  0.2751 0.0006 0.3463 0.3361 0.0418 
46       46   (0)      6 :  0.0000 0.1000 0.0000 0.0000 0.9000 
47       47   (0)      6 :  0.0813 0.0088 0.5039 0.3836 0.0225 
48       48   (0)      6 :  0.3429 0.0016 0.4114 0.1962 0.0478 
49       49   (0)      6 :  0.0000 1.0000 0.0000 0.0000 0.0000 
50       50   (0)      6 :  0.6067 0.0000 0.2153 0.1657 0.0123 
51       51   (0)      6 :  0.3425 0.0623 0.3016 0.2480 0.0455 
52       52   (0)      6 :  0.0000 0.1000 0.0000 0.0000 0.9000 
53       53   (0)      6 :  0.4602 0.0000 0.4129 0.1214 0.0056 
54       54   (0)      6 :  0.7773 0.0000 0.0947 0.1039 0.0240 
55       55   (0)      6 :  0.2722 0.0011 0.3538 0.3110 0.0619 
56       56   (0)      6 :  0.4079 0.0208 0.1869 0.3342 0.0502 
57       57   (0)      6 :  0.6701 0.0001 0.2108 0.1150 0.0039 
58       58   (0)      7 :  0.6025 0.0000 0.1351 0.2605 0.0019 
59       59   (0)      7 :  0.2085 0.0000 0.5133 0.2629 0.0153 
60       60   (0)      7 :  0.2151 0.0102 0.4008 0.3136 0.0602 
61       61   (0)      7 :  0.6318 0.0003 0.0436 0.2930 0.0313 
62       62   (0)      7 :  0.2800 0.0000 0.1200 0.4800 0.1200 
63       63   (0)      7 :  0.3093 0.0178 0.3761 0.2741 0.0226 
64       64   (0)      8 :  0.3223 0.0179 0.4215 0.1840 0.0543 
65       65   (0)      8 :  0.2648 0.0123 0.3391 0.3208 0.0630 
66       66   (0)      9 :  0.4014 0.0000 0.3672 0.2124 0.0189 
67       67   (0)     10 :  0.1984 0.0144 0.5617 0.2196 0.0058 
68       68   (0)     10 :  0.2691 0.0000 0.4973 0.2006 0.0330 
69       69   (0)     10 :  0.4660 0.0012 0.3006 0.1569 0.0753 
70       70   (0)     10 :  0.4307 0.0000 0.3208 0.2118 0.0367 
71       71   (0)     10 :  0.5138 0.0003 0.2522 0.2207 0.0130 
72       72   (0)     10 :  0.4963 0.0038 0.2626 0.2250 0.0124 
73       73   (0)     10 :  0.4795 0.0176 0.2583 0.2176 0.0271 
74       74   (0)     10 :  0.3370 0.0066 0.3681 0.2635 0.0247 
75       75   (0)     10 :  0.5937 0.0003 0.2516 0.1080 0.0463 
76       76   (0)     10 :  0.1908 0.0186 0.4766 0.2655 0.0485 
