1        1   (0)      1  : 0.0000 0.8482 0.1518 0.0000
2        2   (0)      1  : 0.9261 0.0249 0.0000 0.0491
3        3   (0)      1  : 0.0000 1.0000 0.0000 0.0000
4        4   (0)      1  : 0.0000 1.0000 0.0000 0.0000
5        5   (0)      1  : 0.0728 0.9191 0.0000 0.0081
6        6   (0)      1  : 0.9556 0.0265 0.0000 0.0179
7        7   (0)      1  : 0.0396 0.9604 0.0000 0.0000
8        8   (0)      1  : 0.9755 0.0178 0.0000 0.0067
9        9   (0)      1  : 0.0000 1.0000 0.0000 0.0000
10       10   (0)      2  : 0.0000 1.0000 0.0000 0.0000
11       11   (0)      2  : 0.0000 0.9826 0.0000 0.0174
12       12   (0)      2  : 0.9881 0.0007 0.0000 0.0112
13       13   (0)      3  : 0.0012 0.9920 0.0000 0.0068
14       14   (0)      3  : 0.0000 0.0000 0.0000 1.0000
15       15   (0)      3  : 0.9438 0.0000 0.0361 0.0201
16       16   (0)      3  : 0.0000 0.0000 1.0000 0.0000
17       17   (0)      4  : 0.0000 0.0000 0.5891 0.4109
18       18   (0)      4  : 0.9214 0.0260 0.0073 0.0454
19       19   (0)      5  : 0.9874 0.0126 0.0000 0.0000
20       20   (0)      5  : 0.0000 0.5933 0.0000 0.4067
21       21   (0)      5  : 0.0516 0.9483 0.0000 0.0001
22       22   (0)      5  : 0.0281 0.9719 0.0000 0.0000
23       23   (0)      5  : 0.0000 1.0000 0.0000 0.0000
24       24   (0)      5  : 0.0000 0.9675 0.0000 0.0325
25       25   (0)      5  : 0.0000 0.9190 0.0686 0.0124
26       26   (0)      5  : 0.4993 0.5007 0.0000 0.0000
27       27   (0)      5  : 0.0000 0.0000 1.0000 0.0000
28       28   (0)      5  : 0.0000 0.0000 1.0000 0.0000
29       29   (0)      5  : 0.9120 0.0000 0.0392 0.0489
30       30   (0)      5  : 0.9954 0.0000 0.0000 0.0046
31       31   (0)      5  : 0.4859 0.4930 0.0000 0.0211
32       32   (0)      5  : 0.0005 0.9575 0.0000 0.0420
33       33   (0)      5  : 0.9372 0.0311 0.0000 0.0317
34       34   (0)      5  : 0.9718 0.0000 0.0000 0.0282
35       35   (0)      5  : 0.9772 0.0000 0.0000 0.0228
36       36   (0)      6  : 0.9385 0.0000 0.0615 0.0000
37       37   (0)      6  : 0.0000 0.0000 1.0000 0.0000
38       38   (0)      6  : 0.9773 0.0000 0.0000 0.0227
39       39   (0)      6  : 0.5402 0.4598 0.0000 0.0000
40       40   (0)      6  : 1.0000 0.0000 0.0000 0.0000
41       41   (0)      6  : 0.9366 0.0270 0.0000 0.0365
42       42   (0)      6  : 0.9256 0.0743 0.0000 0.0002
43       43   (0)      6  : 0.8766 0.0747 0.0000 0.0487
44       44   (0)      6  : 0.9624 0.0000 0.0000 0.0376
45       45   (0)      6  : 1.0000 0.0000 0.0000 0.0000
46       46   (0)      6  : 0.0000 0.5732 0.0000 0.4268
47       47   (0)      6  : 0.9997 0.0003 0.0000 0.0000
48       48   (0)      7  : 0.9780 0.0000 0.0000 0.0220
49       49   (0)      7  : 0.3992 0.5999 0.0008 0.0000
50       50   (0)      7  : 0.9744 0.0255 0.0000 0.0000
51       51   (0)      8  : 0.9166 0.0000 0.0834 0.0000
52       52   (0)      8  : 0.8336 0.0000 0.1664 0.0000
53       53   (0)      9  : 0.9611 0.0000 0.0000 0.0389
54       54   (0)     10  : 0.9997 0.0000 0.0000 0.0003
55       55   (0)     10  : 0.0000 1.0000 0.0000 0.0000
56       56   (0)     10  : 0.0000 0.0000 1.0000 0.0000
57       57   (0)     10  : 0.9694 0.0000 0.0000 0.0306
58       58   (0)     11  : 0.8885 0.0013 0.1102 0.0000
59       59   (0)     11  : 0.0000 0.9063 0.0937 0.0000
60       60   (0)     11  : 0.0850 0.0000 0.9150 0.0000
61       61   (0)     11  : 0.9998 0.0000 0.0000 0.0002
62       62   (0)     11  : 0.9685 0.0000 0.0290 0.0024
63       63   (0)     11  : 0.7077 0.0000 0.2923 0.0000
64       64   (0)     11  : 0.9414 0.0000 0.0224 0.0362
65       65   (0)     11  : 0.0000 0.0000 1.0000 0.0000
66       66   (0)     11  : 0.9397 0.0000 0.0603 0.0000
67       67   (0)     11  : 0.0000 0.9689 0.0311 0.0000
68       68   (0)     11  : 0.0000 0.5669 0.4331 0.0000
69       69   (0)     11  : 0.4621 0.0000 0.5379 0.0000
70       70   (0)     11  : 0.9999 0.0001 0.0000 0.0000
71       71   (0)     11  : 0.0000 0.8300 0.1700 0.0000
72       72   (0)     12  : 0.0073 0.9927 0.0000 0.0000
73       73   (0)     12  : 0.0000 1.0000 0.0000 0.0000
74       74   (0)     12  : 0.0000 1.0000 0.0000 0.0000
75       75   (0)     12  : 0.3964 0.4719 0.1316 0.0000
76       76   (0)     12  : 0.0000 0.9660 0.0340 0.0000
77       77   (0)     12  : 0.9585 0.0258 0.0000 0.0156
78       78   (0)     12  : 0.8979 0.0607 0.0413 0.0000
79       79   (0)     12  : 0.0000 1.0000 0.0000 0.0000
80       80   (0)     12  : 0.8572 0.0211 0.1217 0.0000
81       81   (0)     13  : 0.0000 0.0000 1.0000 0.0000
82       82   (0)     13  : 0.0000 0.9403 0.0000 0.0597
83       83   (0)     13  : 0.0000 0.9013 0.0987 0.0000
84       84   (0)     13  : 0.0000 1.0000 0.0000 0.0000
85       85   (0)     13  : 0.0000 0.9773 0.0000 0.0227
86       86   (0)     13  : 0.0000 0.9553 0.0447 0.0000
87       87   (0)     13  : 0.9515 0.0481 0.0000 0.0004
88       88   (0)     13  : 0.0000 1.0000 0.0000 0.0000
89       89   (0)     13  : 0.0000 1.0000 0.0000 0.0000
90       90   (0)     13  : 0.0000 0.9966 0.0000 0.0034
91       91   (0)     13  : 0.0000 0.6220 0.3780 0.0000
92       92   (0)     13  : 0.0622 0.9378 0.0000 0.0000
93       93   (0)     13  : 0.9451 0.0549 0.0000 0.0000
94       94   (0)     13  : 0.0000 0.9999 0.0000 0.0001
95       95   (0)     14  : 0.9633 0.0016 0.0000 0.0351
96       96   (0)     14  : 0.0004 0.9932 0.0000 0.0064
97       97   (0)     15  : 0.0000 0.0000 1.0000 0.0000
98       98   (0)     15  : 1.0000 0.0000 0.0000 0.0000
99       99   (0)     15  : 0.0000 0.4814 0.0000 0.5186
100      100   (0)     15  : 0.9771 0.0000 0.0000 0.0229
101      101   (0)     15  : 0.0000 0.0000 0.0000 1.0000
102      102   (0)     15  : 0.9482 0.0000 0.0000 0.0518
103      103   (0)     15  : 0.9028 0.0539 0.0000 0.0433
104      104   (0)     15  : 0.0000 0.0000 0.0000 1.0000
105      105   (0)     15  : 0.0000 0.0000 0.0000 1.0000
