1        1   (0)      1  : 0.0000 0.8368 0.0000 0.0000 0.0000 0.0000 0.0000 0.0000 0.0150 0.0000 0.0000 0.0000 0.1482 0.0000
2        2   (0)      2  : 0.0000 0.0000 0.0087 0.0000 0.0000 0.8799 0.0000 0.0000 0.0000 0.0258 0.0244 0.0000 0.0408 0.0204
3        3   (0)      2  : 0.8494 0.0000 0.0000 0.0000 0.0000 0.0000 0.0000 0.0000 0.0057 0.0000 0.0000 0.1026 0.0000 0.0423
4        4   (0)      3  : 0.0318 0.0000 0.0215 0.0000 0.0000 0.0000 0.0000 0.0000 0.6423 0.0052 0.1027 0.0726 0.0058 0.1181
5        5   (0)      3  : 0.0340 0.0000 0.0044 0.0000 0.0000 0.0000 0.0001 0.0000 0.6804 0.0000 0.0052 0.1479 0.0093 0.1186
6        6   (0)      3  : 0.1331 0.0000 0.0000 0.0000 0.0234 0.0000 0.0000 0.0000 0.5087 0.0000 0.0408 0.1511 0.0065 0.1363
7        7   (0)      3  : 0.0000 0.0000 0.0090 0.7561 0.0000 0.1231 0.0000 0.0000 0.0000 0.0069 0.0130 0.0000 0.0889 0.0031
8        8   (0)      3  : 0.0166 0.0000 0.0000 0.0000 0.0021 0.0062 0.0000 0.0000 0.6413 0.0039 0.0255 0.0920 0.0036 0.2088
9        9   (0)      3  : 0.5069 0.0000 0.0000 0.0000 0.0000 0.0000 0.0011 0.0000 0.2516 0.0000 0.0000 0.1604 0.0004 0.0796
10       10   (0)      4  : 0.1580 0.0000 0.0000 0.0000 0.0000 0.0005 0.0000 0.0000 0.5556 0.0012 0.0143 0.2405 0.0014 0.0285
11       11   (0)      4  : 0.2887 0.0000 0.0000 0.0000 0.0000 0.0000 0.4453 0.0000 0.0184 0.0000 0.0021 0.0880 0.0717 0.0859
12       12   (0)      4  : 0.6724 0.0000 0.0000 0.0000 0.0000 0.0000 0.0000 0.0000 0.0628 0.0000 0.0000 0.0894 0.0000 0.1754
13       13   (0)      4  : 0.2490 0.0000 0.0000 0.0000 0.0000 0.0000 0.0005 0.0000 0.0382 0.0000 0.0000 0.5789 0.0073 0.1261
14       14   (0)      5  : 0.0000 0.0000 0.5218 0.0000 0.0000 0.0000 0.0000 0.0000 0.0000 0.0204 0.4060 0.0000 0.0000 0.0518
15       15   (0)      5  : 0.0000 0.0000 0.0000 0.9796 0.0000 0.0000 0.0000 0.0000 0.0204 0.0000 0.0000 0.0000 0.0000 0.0000
16       16   (0)      5  : 0.0000 0.0000 0.0000 0.0000 0.0000 0.9592 0.0000 0.0000 0.0000 0.0204 0.0000 0.0000 0.0204 0.0000
17       17   (0)      5  : 0.0000 0.0000 0.0000 0.0000 0.0000 0.0000 0.8163 0.0000 0.0204 0.0000 0.0204 0.0000 0.1020 0.0408
18       18   (0)      5  : 0.0696 0.0000 0.0000 0.0000 0.0000 0.0000 0.0003 0.0000 0.0424 0.0000 0.0000 0.7829 0.0000 0.1048
19       19   (0)      5  : 0.0000 0.0000 0.0000 0.0000 0.0000 0.0000 0.8571 0.0000 0.0000 0.0000 0.0000 0.0000 0.1020 0.0408
20       20   (0)      5  : 0.7422 0.0000 0.0000 0.0000 0.0000 0.0000 0.0015 0.0000 0.0281 0.0000 0.0000 0.1406 0.0005 0.0871
21       21   (0)      5  : 0.2209 0.0000 0.0000 0.0000 0.0000 0.0000 0.0000 0.0000 0.0241 0.0000 0.0000 0.7138 0.0000 0.0411
22       22   (0)      5  : 0.0000 0.0000 0.0000 0.0000 0.0000 0.0000 0.9184 0.0000 0.0204 0.0000 0.0204 0.0000 0.0408 0.0000
23       23   (0)      5  : 0.8963 0.0000 0.0000 0.0000 0.0000 0.0000 0.0070 0.0000 0.0329 0.0000 0.0000 0.0270 0.0011 0.0357
24       24   (0)      5  : 0.0000 0.0000 0.0000 0.9592 0.0000 0.0000 0.0000 0.0000 0.0204 0.0000 0.0000 0.0000 0.0204 0.0000
25       25   (0)      5  : 0.0000 0.0000 0.3958 0.0000 0.0000 0.0000 0.0000 0.0000 0.0000 0.0000 0.5634 0.0000 0.0204 0.0204
26       26   (0)      5  : 0.1941 0.0000 0.0000 0.0000 0.0000 0.0000 0.0012 0.0000 0.1532 0.0000 0.0053 0.4781 0.0035 0.1647
27       27   (0)      5  : 0.0000 0.0000 0.0000 0.9796 0.0000 0.0000 0.0000 0.0000 0.0204 0.0000 0.0000 0.0000 0.0000 0.0000
28       28   (0)      5  : 0.0000 0.0000 0.0000 0.6464 0.0000 0.0109 0.0000 0.0000 0.0000 0.2202 0.0204 0.0000 0.0816 0.0204
29       29   (0)      6  : 0.0000 0.9447 0.0000 0.0000 0.0000 0.0000 0.0000 0.0000 0.0145 0.0000 0.0000 0.0000 0.0408 0.0000
30       30   (0)      6  : 0.0000 0.0000 0.0000 0.0000 0.8091 0.0000 0.0000 0.0000 0.0000 0.0029 0.0101 0.0000 0.1113 0.0666
31       31   (0)      6  : 0.7418 0.0000 0.0000 0.0000 0.0000 0.0000 0.0000 0.0000 0.1583 0.0000 0.0000 0.0414 0.0000 0.0586
32       32   (0)      6  : 0.0845 0.0000 0.0000 0.0000 0.0000 0.0000 0.1151 0.0000 0.6550 0.0051 0.0032 0.0529 0.0130 0.0713
33       33   (0)      6  : 0.0000 0.0000 0.0000 0.0000 0.0000 0.0000 0.0000 1.0000 0.0000 0.0000 0.0000 0.0000 0.0000 0.0000
34       34   (0)      6  : 0.0000 0.0000 0.8376 0.0000 0.0000 0.0000 0.0000 0.0000 0.0000 0.0028 0.1260 0.0000 0.0000 0.0335
35       35   (0)      6  : 0.0000 1.0000 0.0000 0.0000 0.0000 0.0000 0.0000 0.0000 0.0000 0.0000 0.0000 0.0000 0.0000 0.0000
36       36   (0)      6  : 0.0000 1.0000 0.0000 0.0000 0.0000 0.0000 0.0000 0.0000 0.0000 0.0000 0.0000 0.0000 0.0000 0.0000
37       37   (0)      7  : 0.0000 0.0000 0.0000 0.0000 0.8980 0.0000 0.0000 0.0000 0.0000 0.0000 0.0000 0.0000 0.0408 0.0612
38       38   (0)      7  : 0.0000 0.0000 0.0000 0.0000 0.0000 0.0000 0.9184 0.0000 0.0000 0.0000 0.0000 0.0000 0.0408 0.0408
39       39   (0)      7  : 0.0000 0.0000 0.7172 0.0000 0.0000 0.0000 0.0000 0.0000 0.0000 0.0000 0.2346 0.0000 0.0074 0.0408
40       40   (0)      7  : 0.0000 0.0000 0.8384 0.0000 0.0000 0.0000 0.0000 0.0000 0.0000 0.0000 0.1004 0.0000 0.0000 0.0612
41       41   (0)      7  : 0.0000 0.0000 0.0000 0.0000 0.0000 0.0000 0.8964 0.0000 0.0133 0.0000 0.0000 0.0000 0.0698 0.0204
42       42   (0)      7  : 0.0000 0.0000 0.8185 0.0000 0.0000 0.0000 0.0000 0.0000 0.0000 0.0000 0.1374 0.0000 0.0000 0.0441
43       43   (0)      7  : 0.0000 0.0000 0.0000 0.0000 0.0000 0.0000 0.9296 0.0000 0.0000 0.0000 0.0204 0.0000 0.0204 0.0296
44       44   (0)      7  : 0.0000 0.0000 0.0000 0.0000 0.0000 0.9592 0.0000 0.0000 0.0000 0.0000 0.0000 0.0000 0.0408 0.0000
45       45   (0)      7  : 0.6258 0.0000 0.0000 0.0000 0.0000 0.0000 0.0000 0.0000 0.1224 0.0000 0.0000 0.1222 0.0000 0.1296
46       46   (0)      7  : 0.0000 0.9391 0.0000 0.0000 0.0000 0.0000 0.0000 0.0003 0.0000 0.0022 0.0000 0.0000 0.0584 0.0000
47       47   (0)      7  : 0.0595 0.0000 0.0000 0.0000 0.0000 0.0000 0.0000 0.0000 0.0814 0.0000 0.0000 0.8004 0.0000 0.0587
48       48   (0)      7  : 0.0000 0.9234 0.0000 0.0000 0.0000 0.0000 0.0000 0.0279 0.0001 0.0000 0.0000 0.0000 0.0486 0.0000
49       49   (0)      7  : 0.0000 0.0000 0.0000 0.0000 0.8776 0.0000 0.0000 0.0000 0.0000 0.0204 0.0204 0.0000 0.0612 0.0204
50       50   (0)      7  : 0.0051 0.0000 0.0000 0.0000 0.0000 0.9492 0.0000 0.0000 0.0049 0.0154 0.0000 0.0000 0.0204 0.0050
51       51   (0)      7  : 0.0000 0.0000 0.0000 0.0000 0.9223 0.0000 0.0000 0.0000 0.0000 0.0000 0.0073 0.0000 0.0000 0.0704
52       52   (0)      7  : 0.0000 0.0000 0.0000 0.9501 0.0000 0.0000 0.0000 0.0000 0.0098 0.0012 0.0204 0.0000 0.0186 0.0000
53       53   (0)      7  : 0.3927 0.0000 0.0000 0.0000 0.0000 0.0000 0.0000 0.0000 0.0408 0.0000 0.0000 0.4095 0.0025 0.1545
54       54   (0)      7  : 0.2751 0.0000 0.0000 0.0000 0.0000 0.0000 0.0000 0.0000 0.0826 0.0000 0.0000 0.5302 0.0000 0.1121
55       55   (0)      7  : 0.4507 0.0000 0.0000 0.0000 0.0000 0.0000 0.0115 0.0000 0.1089 0.0000 0.0006 0.2517 0.0007 0.1760
56       56   (0)      7  : 0.4405 0.0000 0.0000 0.0000 0.0000 0.0000 0.0000 0.0000 0.1196 0.0000 0.0000 0.2630 0.0000 0.1769
57       57   (0)      8  : 0.0000 0.0000 0.6145 0.0000 0.0000 0.0000 0.0000 0.0000 0.0000 0.0000 0.2877 0.0000 0.0000 0.0977
58       58   (0)      8  : 0.0000 0.0000 0.0000 0.9763 0.0000 0.0000 0.0000 0.0000 0.0000 0.0000 0.0000 0.0000 0.0237 0.0000
59       59   (0)      8  : 0.1712 0.0000 0.0000 0.0000 0.0000 0.0000 0.0000 0.0000 0.0076 0.0000 0.0000 0.7401 0.0002 0.0809
60       60   (0)      8  : 0.0000 0.0000 0.5834 0.0000 0.0000 0.0000 0.0000 0.0000 0.0000 0.0000 0.3758 0.0000 0.0204 0.0204
61       61   (0)      8  : 0.0000 0.0000 0.8582 0.0000 0.0000 0.0000 0.0000 0.0000 0.0000 0.0000 0.1123 0.0000 0.0000 0.0295
62       62   (0)      8  : 0.0000 0.0000 0.0000 0.0000 0.9035 0.0000 0.0000 0.0000 0.0000 0.0000 0.0000 0.0000 0.0328 0.0637
63       63   (0)      8  : 0.0000 0.0000 0.8976 0.0000 0.0000 0.0000 0.0000 0.0000 0.0000 0.0000 0.0959 0.0000 0.0000 0.0066
64       64   (0)      8  : 0.2443 0.0000 0.0000 0.0000 0.0000 0.0000 0.0000 0.0000 0.2659 0.0000 0.0074 0.2856 0.0000 0.1968
65       65   (0)      8  : 0.0000 0.7301 0.0000 0.0000 0.0000 0.0000 0.0000 0.0020 0.0204 0.0000 0.0000 0.0000 0.2475 0.0000
66       66   (0)      8  : 0.2912 0.0000 0.0000 0.0000 0.0000 0.0000 0.0000 0.0000 0.1946 0.0000 0.0000 0.3713 0.0000 0.1428
67       67   (0)      8  : 0.2794 0.0000 0.0000 0.0000 0.0000 0.0000 0.0000 0.0000 0.3686 0.0000 0.0122 0.2177 0.0000 0.1222
68       68   (0)      8  : 0.2234 0.0000 0.0000 0.0000 0.0000 0.0000 0.0000 0.0000 0.0323 0.0000 0.0000 0.6279 0.0028 0.1136
69       69   (0)      8  : 0.0000 0.8995 0.0000 0.0000 0.0000 0.0000 0.0000 0.0000 0.0161 0.0000 0.0000 0.0000 0.0844 0.0000
70       70   (0)      8  : 0.0000 0.0000 0.5924 0.0000 0.0000 0.0000 0.0000 0.0000 0.0000 0.0204 0.3144 0.0000 0.0204 0.0523
71       71   (0)      8  : 0.0000 0.7136 0.0000 0.0000 0.0000 0.0000 0.0000 0.0000 0.0204 0.0000 0.0000 0.0000 0.2660 0.0000
72       72   (0)      8  : 0.0000 0.0000 0.0000 0.0000 0.8768 0.0000 0.0000 0.0000 0.0000 0.0204 0.0000 0.0000 0.0502 0.0526
73       73   (0)      8  : 0.0091 0.0000 0.0000 0.0000 0.0000 0.0000 0.6796 0.0000 0.0291 0.0000 0.0030 0.1042 0.0941 0.0809
74       74   (0)      8  : 0.2921 0.0000 0.0000 0.0000 0.0000 0.0000 0.0000 0.0000 0.1572 0.0000 0.0000 0.3203 0.0000 0.2304
75       75   (0)      8  : 0.0759 0.0000 0.0000 0.0000 0.0000 0.0000 0.0000 0.0000 0.0459 0.0000 0.0000 0.7355 0.0026 0.1400
76       76   (0)      8  : 0.0000 0.7528 0.0000 0.0000 0.0000 0.0000 0.0000 0.0549 0.0204 0.0000 0.0000 0.0000 0.1719 0.0000
77       77   (0)      8  : 0.2013 0.0000 0.0000 0.0000 0.0000 0.0000 0.0004 0.0000 0.2491 0.0000 0.0051 0.2858 0.0003 0.2580
78       78   (0)      9  : 0.0000 0.0000 0.5091 0.0000 0.0000 0.0000 0.0000 0.0000 0.0000 0.0000 0.3809 0.0000 0.0000 0.1100
79       79   (0)      9  : 0.0000 0.0000 0.7928 0.0000 0.0000 0.0000 0.0000 0.0000 0.0000 0.0000 0.1641 0.0000 0.0000 0.0431
80       80   (0)      9  : 0.0000 0.0000 0.0000 0.0000 0.8867 0.0000 0.0000 0.0000 0.0000 0.0204 0.0204 0.0000 0.0408 0.0317
81       81   (0)      9  : 0.0000 0.0000 0.5788 0.0000 0.0000 0.0000 0.0000 0.0000 0.0000 0.0000 0.3394 0.0000 0.0000 0.0818
82       82   (0)      9  : 0.0000 0.8380 0.0000 0.0000 0.0000 0.0000 0.0000 0.0000 0.0204 0.0000 0.0000 0.0000 0.1416 0.0000
83       83   (0)      9  : 0.0981 0.0000 0.0000 0.0000 0.0000 0.0073 0.0018 0.0000 0.4557 0.0120 0.0223 0.3501 0.0019 0.0507
84       84   (0)      9  : 0.0000 0.0000 0.0000 0.0026 0.0000 0.0774 0.0000 0.0141 0.0000 0.7835 0.0000 0.0000 0.1020 0.0204
85       85   (0)      9  : 0.2740 0.0000 0.0000 0.0000 0.0000 0.0000 0.0000 0.0000 0.0178 0.0000 0.0000 0.6061 0.0000 0.1021
86       86   (0)      9  : 0.5580 0.0000 0.0000 0.0000 0.0000 0.0000 0.0000 0.0000 0.0296 0.0000 0.0000 0.3757 0.0000 0.0367
87       87   (0)      9  : 0.4747 0.0000 0.0000 0.0000 0.0000 0.0000 0.0000 0.0000 0.0572 0.0000 0.0000 0.4325 0.0001 0.0355
88       88   (0)      9  : 0.0000 0.0000 0.8323 0.0000 0.0000 0.0000 0.0000 0.0000 0.0000 0.0000 0.1269 0.0000 0.0000 0.0408
89       89   (0)      9  : 0.0000 0.0000 0.6042 0.0000 0.0000 0.0000 0.0000 0.0000 0.0000 0.0000 0.3130 0.0000 0.0076 0.0752
90       90   (0)      9  : 0.5573 0.0000 0.0000 0.0000 0.0000 0.0000 0.2714 0.0000 0.0194 0.0000 0.0035 0.0616 0.0226 0.0642
91       91   (0)      9  : 0.0000 0.0000 0.0000 0.0000 0.9767 0.0000 0.0000 0.0000 0.0000 0.0000 0.0000 0.0000 0.0000 0.0233
92       92   (0)     10  : 0.0341 0.0000 0.1584 0.0000 0.0000 0.5036 0.0000 0.0000 0.0008 0.0214 0.1739 0.0000 0.0682 0.0395
93       93   (0)     11  : 0.0175 0.0211 0.0000 0.0089 0.0000 0.7318 0.0005 0.0000 0.0033 0.0204 0.0408 0.0056 0.1296 0.0204
94       94   (0)     11  : 0.0000 0.0000 0.0000 0.7235 0.0000 0.0000 0.0000 0.0000 0.0000 0.1527 0.0204 0.0000 0.0830 0.0204
95       95   (0)     11  : 0.0000 0.0000 0.0000 0.0173 0.0000 0.0847 0.0000 0.0000 0.0000 0.8776 0.0000 0.0000 0.0204 0.0000
96       96   (0)     12  : 0.0000 0.0000 0.0000 0.9796 0.0000 0.0000 0.0000 0.0000 0.0204 0.0000 0.0000 0.0000 0.0000 0.0000
97       97   (0)     12  : 0.0000 0.0000 0.0000 0.9796 0.0000 0.0000 0.0000 0.0000 0.0204 0.0000 0.0000 0.0000 0.0000 0.0000
98       98   (0)     12  : 0.0000 0.0000 0.0000 0.9796 0.0000 0.0000 0.0000 0.0000 0.0204 0.0000 0.0000 0.0000 0.0000 0.0000
99       99   (0)     12  : 0.0000 0.0000 0.0000 0.9740 0.0000 0.0000 0.0000 0.0000 0.0000 0.0204 0.0000 0.0000 0.0028 0.0028
100      100   (0)     12  : 0.0000 1.0000 0.0000 0.0000 0.0000 0.0000 0.0000 0.0000 0.0000 0.0000 0.0000 0.0000 0.0000 0.0000
101      101   (0)     13  : 0.0000 0.7211 0.0000 0.0000 0.0000 0.0000 0.0000 0.0017 0.0204 0.0000 0.0000 0.0000 0.2569 0.0000
102      102   (0)     13  : 0.0000 0.0000 0.0000 0.9525 0.0000 0.0000 0.0000 0.0000 0.0000 0.0000 0.0000 0.0000 0.0419 0.0056
103      103   (0)     14  : 0.0000 0.0000 0.3133 0.0000 0.0053 0.0311 0.0000 0.0000 0.0000 0.0296 0.5924 0.0000 0.0062 0.0221
104      104   (0)     14  : 0.0000 0.8604 0.0000 0.0000 0.0000 0.0000 0.0000 0.0000 0.0149 0.0000 0.0000 0.0000 0.1247 0.0000
105      105   (0)     14  : 0.0000 0.4962 0.0000 0.0019 0.0062 0.1639 0.0000 0.0032 0.0157 0.0054 0.0000 0.0000 0.2881 0.0195
106      106   (0)     14  : 0.0000 0.0000 0.0000 0.0000 0.0000 0.0000 0.0000 1.0000 0.0000 0.0000 0.0000 0.0000 0.0000 0.0000
107      107   (0)     14  : 0.0000 0.0000 0.0000 0.0000 0.9592 0.0000 0.0000 0.0000 0.0000 0.0000 0.0000 0.0000 0.0000 0.0408
108      108   (0)     15  : 0.0000 0.0000 0.0000 0.0000 0.0000 0.9592 0.0000 0.0000 0.0000 0.0000 0.0000 0.0000 0.0408 0.0000
109      109   (0)     15  : 0.0000 0.4895 0.0000 0.0000 0.0000 0.0000 0.0000 0.4697 0.0000 0.0204 0.0000 0.0000 0.0204 0.0000
110      110   (0)     15  : 0.0000 0.9803 0.0000 0.0000 0.0000 0.0000 0.0000 0.0000 0.0000 0.0000 0.0000 0.0000 0.0197 0.0000
111      111   (0)     15  : 0.5226 0.0000 0.0000 0.0000 0.0000 0.0000 0.0000 0.0000 0.1019 0.0000 0.0000 0.2490 0.0000 0.1264
112      112   (0)     15  : 0.0000 0.0000 0.2735 0.1207 0.0000 0.0532 0.0000 0.0000 0.0000 0.0457 0.3990 0.0000 0.0764 0.0315
113      113   (0)     15  : 0.0000 0.9624 0.0000 0.0058 0.0000 0.0000 0.0000 0.0000 0.0006 0.0048 0.0000 0.0000 0.0259 0.0006
114      114   (0)     15  : 0.0000 0.0000 0.0000 0.0000 0.0000 0.0000 0.0000 0.9592 0.0000 0.0204 0.0000 0.0000 0.0204 0.0000
