1        1   (0)      1  : 0.2408 0.0000 0.0000 0.0000 0.0000 0.6674 0.0000 0.0000 0.0000 0.0918
2        2   (0)      1  : 0.0000 0.0000 0.0190 0.0000 0.0251 0.0000 0.0000 0.9559 0.0000 0.0000
3        3   (0)      1  : 0.7135 0.0000 0.0000 0.0642 0.0000 0.0000 0.0000 0.0000 0.1674 0.0549
4        4   (0)      1  : 0.0668 0.0000 0.0000 0.3587 0.0000 0.5745 0.0000 0.0000 0.0000 0.0000
5        5   (0)      1  : 0.2210 0.0000 0.0000 0.6737 0.0000 0.0000 0.0000 0.0000 0.0000 0.1053
6        6   (0)      1  : 0.1421 0.0000 0.0000 0.3347 0.0000 0.3579 0.0000 0.0000 0.1369 0.0285
7        7   (0)      1  : 0.6893 0.0000 0.0000 0.2209 0.0000 0.0000 0.0000 0.0000 0.0898 0.0000
8        8   (0)      1  : 0.3037 0.0000 0.0000 0.1180 0.0000 0.3072 0.0000 0.0234 0.2477 0.0000
9        9   (0)      1  : 0.1830 0.0000 0.0000 0.2135 0.0000 0.0899 0.0000 0.0000 0.4379 0.0757
10       10   (0)      1  : 0.5112 0.0000 0.0000 0.0466 0.0000 0.4422 0.0000 0.0000 0.0000 0.0000
11       11   (0)      1  : 0.0229 0.0000 0.0051 0.0813 0.0000 0.0001 0.0000 0.1842 0.0538 0.6525
12       12   (0)      1  : 0.0000 0.0000 0.0000 0.0000 0.0000 0.0000 0.0000 1.0000 0.0000 0.0000
13       13   (0)      1  : 0.5765 0.0000 0.0000 0.2373 0.0000 0.0901 0.0000 0.0000 0.0960 0.0000
14       14   (0)      2  : 0.0978 0.0000 0.0000 0.1667 0.0000 0.4775 0.0000 0.0000 0.2581 0.0000
15       15   (0)      2  : 0.0000 0.0000 0.0000 0.0000 0.0000 0.0000 1.0000 0.0000 0.0000 0.0000
16       16   (0)      2  : 0.2390 0.0000 0.0000 0.0000 0.0000 0.0335 0.0000 0.0000 0.6366 0.0909
17       17   (0)      2  : 0.0000 0.0000 0.0000 0.1667 0.0000 0.8333 0.0000 0.0000 0.0000 0.0000
18       18   (0)      2  : 0.1667 0.0000 0.0000 0.8333 0.0000 0.0000 0.0000 0.0000 0.0000 0.0000
19       19   (0)      2  : 0.1506 0.0000 0.0000 0.2220 0.0000 0.2439 0.0000 0.0001 0.3833 0.0000
20       20   (0)      2  : 0.1667 0.0000 0.0181 0.1815 0.0000 0.0333 0.0000 0.0160 0.1257 0.4587
21       21   (0)      2  : 0.1080 0.0000 0.0000 0.3211 0.0000 0.3602 0.0000 0.0000 0.2106 0.0000
22       22   (0)      2  : 0.1209 0.0000 0.0463 0.0877 0.0000 0.0865 0.0000 0.0017 0.0829 0.5741
23       23   (0)      2  : 0.0000 0.0000 0.4257 0.0909 0.0000 0.0000 0.0000 0.0000 0.0916 0.3918
24       24   (0)      2  : 0.0916 0.0000 0.0000 0.1671 0.0000 0.0773 0.0000 0.0000 0.4974 0.1667
25       25   (0)      2  : 0.4957 0.0000 0.0000 0.2827 0.0000 0.0372 0.0000 0.0124 0.1720 0.0000
26       26   (0)      2  : 0.2562 0.0000 0.4101 0.1008 0.0000 0.0000 0.0000 0.0018 0.2312 0.0000
27       27   (0)      2  : 0.6549 0.0000 0.0000 0.0000 0.0000 0.0000 0.0000 0.0000 0.2409 0.1042
28       28   (0)      3  : 0.0000 1.0000 0.0000 0.0000 0.0000 0.0000 0.0000 0.0000 0.0000 0.0000
29       29   (0)      3  : 0.0000 0.0000 0.0000 0.1667 0.0000 0.5000 0.0000 0.1667 0.1667 0.0000
30       30   (0)      3  : 0.0000 0.0000 1.0000 0.0000 0.0000 0.0000 0.0000 0.0000 0.0000 0.0000
31       31   (0)      3  : 0.2363 0.0000 0.5302 0.1537 0.0000 0.0000 0.0000 0.0000 0.0000 0.0799
32       32   (0)      3  : 0.0000 0.0000 0.0000 0.0000 0.0000 0.0000 1.0000 0.0000 0.0000 0.0000
33       33   (0)      3  : 0.2426 0.0000 0.0000 0.0000 0.0000 0.0000 0.0000 0.0000 0.7574 0.0000
34       34   (0)      3  : 0.0000 0.0000 0.0000 0.0000 1.0000 0.0000 0.0000 0.0000 0.0000 0.0000
35       35   (0)      3  : 0.0000 0.2537 0.0000 0.0000 0.7463 0.0000 0.0000 0.0000 0.0000 0.0000
36       36   (0)      3  : 0.0000 0.0000 0.0000 0.0000 1.0000 0.0000 0.0000 0.0000 0.0000 0.0000
37       37   (0)      3  : 0.1667 0.0000 0.0000 0.3333 0.0000 0.0000 0.0000 0.1667 0.3333 0.0000
38       38   (0)      3  : 0.0000 0.0000 1.0000 0.0000 0.0000 0.0000 0.0000 0.0000 0.0000 0.0000
39       39   (0)      3  : 0.0000 0.0000 1.0000 0.0000 0.0000 0.0000 0.0000 0.0000 0.0000 0.0000
40       40   (0)      3  : 0.0000 0.0000 0.0000 0.0000 0.0000 0.7440 0.0000 0.0000 0.2560 0.0000
41       41   (0)      3  : 0.0000 0.0000 0.0000 0.2773 0.0000 0.2227 0.0000 0.0000 0.5000 0.0000
42       42   (0)      3  : 0.0000 0.0000 0.0000 0.0000 0.0000 0.0000 1.0000 0.0000 0.0000 0.0000
43       43   (0)      3  : 0.0000 0.1844 0.0000 0.0000 0.6893 0.0000 0.1263 0.0000 0.0000 0.0000
44       44   (0)      3  : 0.0000 0.0000 0.0000 0.3333 0.0000 0.5000 0.0000 0.0000 0.0000 0.1667
45       45   (0)      3  : 0.1667 0.0000 0.0000 0.0000 0.0000 0.0441 0.0000 0.0000 0.6226 0.1667
46       46   (0)      4  : 0.0000 1.0000 0.0000 0.0000 0.0000 0.0000 0.0000 0.0000 0.0000 0.0000
47       47   (0)      4  : 0.0000 1.0000 0.0000 0.0000 0.0000 0.0000 0.0000 0.0000 0.0000 0.0000
48       48   (0)      4  : 0.5959 0.0000 0.0000 0.0678 0.0000 0.0029 0.0000 0.0000 0.0000 0.3333
49       49   (0)      4  : 0.0602 0.0000 0.0000 0.1667 0.0000 0.1690 0.0000 0.0269 0.0000 0.5773
50       50   (0)      4  : 0.0000 0.0000 0.0000 0.0000 0.0000 0.0000 0.0000 0.0000 0.0000 1.0000
51       51   (0)      4  : 0.0000 0.0000 0.0150 0.0000 0.0000 0.0317 0.0000 0.0000 0.1525 0.8008
52       52   (0)      4  : 0.0437 0.0000 0.0000 0.2473 0.0000 0.0000 0.0000 0.0000 0.5071 0.2019
53       53   (0)      4  : 0.3333 0.0000 0.0000 0.1667 0.0000 0.3333 0.0000 0.0000 0.0000 0.1667
54       54   (0)      4  : 0.6667 0.0000 0.0000 0.1667 0.0000 0.0000 0.0000 0.0000 0.0000 0.1667
55       55   (0)      4  : 0.2137 0.0000 0.6558 0.0000 0.0000 0.0000 0.0000 0.0129 0.0000 0.1176
56       56   (0)      4  : 1.0000 0.0000 0.0000 0.0000 0.0000 0.0000 0.0000 0.0000 0.0000 0.0000
57       57   (0)      5  : 0.0000 0.0000 0.0000 0.2344 0.0000 0.4975 0.0000 0.0000 0.2681 0.0000
58       58   (0)      5  : 0.1765 0.0335 0.0000 0.3179 0.0000 0.1982 0.0000 0.0158 0.1280 0.1301
59       59   (0)      5  : 0.1781 0.0000 0.0000 0.0761 0.0000 0.0008 0.0000 0.0327 0.5457 0.1667
60       60   (0)      5  : 0.0000 1.0000 0.0000 0.0000 0.0000 0.0000 0.0000 0.0000 0.0000 0.0000
61       61   (0)      5  : 0.0000 0.9997 0.0000 0.0003 0.0000 0.0000 0.0000 0.0000 0.0000 0.0000
62       62   (0)      5  : 0.0000 0.0000 0.0000 0.0000 0.0000 0.0000 1.0000 0.0000 0.0000 0.0000
63       63   (0)      6  : 0.0000 0.0000 0.0000 0.0000 1.0000 0.0000 0.0000 0.0000 0.0000 0.0000
64       64   (0)      6  : 0.0000 1.0000 0.0000 0.0000 0.0000 0.0000 0.0000 0.0000 0.0000 0.0000
65       65   (0)      6  : 0.0000 0.0000 0.0000 0.0000 1.0000 0.0000 0.0000 0.0000 0.0000 0.0000
66       66   (0)      6  : 0.0290 0.6863 0.0000 0.0578 0.0308 0.0000 0.0333 0.0000 0.1629 0.0000
67       67   (0)      6  : 0.0000 1.0000 0.0000 0.0000 0.0000 0.0000 0.0000 0.0000 0.0000 0.0000
68       68   (0)      6  : 0.0000 0.7640 0.1234 0.0000 0.1126 0.0000 0.0000 0.0000 0.0000 0.0000
69       69   (0)      6  : 0.1907 0.0617 0.0142 0.0641 0.0740 0.1798 0.0067 0.0183 0.1797 0.2107
70       70   (0)      6  : 0.0000 1.0000 0.0000 0.0000 0.0000 0.0000 0.0000 0.0000 0.0000 0.0000
71       71   (0)      6  : 0.0000 0.0000 0.0000 0.0000 0.0000 0.2463 0.0000 0.0000 0.6667 0.0870
72       72   (0)      6  : 0.0000 1.0000 0.0000 0.0000 0.0000 0.0000 0.0000 0.0000 0.0000 0.0000
73       73   (0)      6  : 0.0000 0.0000 0.0000 0.0000 1.0000 0.0000 0.0000 0.0000 0.0000 0.0000
74       74   (0)      6  : 0.0000 0.8662 0.1338 0.0000 0.0000 0.0000 0.0000 0.0000 0.0000 0.0000
75       75   (0)      6  : 0.0000 0.0000 0.0666 0.0000 0.9334 0.0000 0.0000 0.0000 0.0000 0.0000
76       76   (0)      6  : 0.0000 0.8324 0.1676 0.0000 0.0000 0.0000 0.0000 0.0000 0.0000 0.0000
77       77   (0)      6  : 0.0000 0.8181 0.1819 0.0000 0.0000 0.0000 0.0000 0.0000 0.0000 0.0000
78       78   (0)      6  : 0.0000 0.0000 0.2157 0.0000 0.7843 0.0000 0.0000 0.0000 0.0000 0.0000
79       79   (0)      6  : 0.0000 0.0000 0.0000 0.0000 1.0000 0.0000 0.0000 0.0000 0.0000 0.0000
80       80   (0)      7  : 0.0000 0.0000 0.0000 0.5000 0.0000 0.3333 0.0000 0.0000 0.1667 0.0000
81       81   (0)      8  : 0.0000 0.0000 0.0082 0.0000 0.0000 0.2116 0.0000 0.0000 0.0000 0.7802
82       82   (0)      9  : 0.0000 0.0000 1.0000 0.0000 0.0000 0.0000 0.0000 0.0000 0.0000 0.0000
83       83   (0)     10  : 0.0453 0.0000 0.0611 0.0834 0.0000 0.0780 0.0000 0.0082 0.0500 0.6740
84       84   (0)     11  : 0.1667 0.0000 0.0000 0.7276 0.0000 0.0000 0.0000 0.0000 0.1058 0.0000
85       85   (0)     11  : 0.3670 0.0000 0.4533 0.0896 0.0000 0.0901 0.0000 0.0000 0.0000 0.0000
86       86   (0)     12  : 0.0000 0.0000 0.3524 0.0921 0.0000 0.1850 0.0000 0.1667 0.0000 0.2038
87       87   (0)     12  : 0.1728 0.0000 0.1499 0.0515 0.0000 0.1620 0.0000 0.0064 0.1314 0.3261
88       88   (0)     12  : 0.7379 0.0000 0.0000 0.0955 0.0000 0.0000 0.0000 0.1667 0.0000 0.0000
89       89   (0)     12  : 0.1770 0.0000 0.1543 0.1115 0.0000 0.3742 0.0000 0.0004 0.0000 0.1825
90       90   (0)     12  : 0.0000 0.0000 0.0000 0.0000 1.0000 0.0000 0.0000 0.0000 0.0000 0.0000
91       91   (0)     12  : 0.5392 0.0000 0.0000 0.0474 0.0000 0.1965 0.0000 0.0000 0.1667 0.0503
92       92   (0)     12  : 0.4183 0.0000 0.0000 0.2087 0.0000 0.3630 0.0000 0.0101 0.0000 0.0000
93       93   (0)     12  : 0.3333 0.0000 0.0000 0.0000 0.0000 0.0000 0.0000 0.1667 0.5000 0.0000
94       94   (0)     13  : 0.1189 0.0000 0.0000 0.5029 0.0000 0.1616 0.0000 0.0000 0.0500 0.1667
