1        1   (0)      1  : 0.0000 1.0000 0.0000 0.0000 0.0000 0.0000 0.0000 0.0000
2        2   (0)      2  : 0.0000 0.0000 0.1891 0.0000 0.0000 0.8109 0.0000 0.0000
3        3   (0)      2  : 0.3519 0.0000 0.0000 0.0000 0.0000 0.0000 0.0000 0.6481
4        4   (0)      3  : 0.2662 0.0000 0.1563 0.0191 0.0000 0.0197 0.0000 0.5388
5        5   (0)      3  : 0.3913 0.0000 0.0349 0.0000 0.0000 0.0000 0.0041 0.5697
6        6   (0)      3  : 0.3193 0.0000 0.0000 0.0000 0.0605 0.0000 0.0000 0.6202
7        7   (0)      3  : 0.0000 0.0000 0.0679 0.8219 0.0000 0.1101 0.0000 0.0000
8        8   (0)      3  : 0.5565 0.0000 0.0011 0.0000 0.0476 0.0343 0.0000 0.3605
9        9   (0)      3  : 0.3233 0.0000 0.0000 0.0000 0.0000 0.0000 0.0000 0.6767
10       10   (0)      4  : 0.3125 0.0000 0.0000 0.0000 0.0000 0.0182 0.0000 0.6693
11       11   (0)      4  : 0.2059 0.0000 0.0000 0.0000 0.0000 0.0000 0.5302 0.2639
12       12   (0)      4  : 0.2089 0.0000 0.0000 0.0000 0.0000 0.0000 0.0000 0.7911
13       13   (0)      4  : 0.7813 0.0000 0.0000 0.0000 0.0000 0.0000 0.0000 0.2187
14       14   (0)      5  : 0.0000 0.0000 1.0000 0.0000 0.0000 0.0000 0.0000 0.0000
15       15   (0)      5  : 0.0000 0.0000 0.0000 1.0000 0.0000 0.0000 0.0000 0.0000
16       16   (0)      5  : 0.0000 0.0000 0.0000 0.0000 0.0000 1.0000 0.0000 0.0000
17       17   (0)      5  : 0.0000 0.0000 0.0000 0.0000 0.0000 0.0000 1.0000 0.0000
18       18   (0)      5  : 1.0000 0.0000 0.0000 0.0000 0.0000 0.0000 0.0000 0.0000
19       19   (0)      5  : 0.0000 0.0000 0.0000 0.0000 0.0000 0.0000 1.0000 0.0000
20       20   (0)      5  : 0.4750 0.0000 0.0000 0.0000 0.0000 0.0000 0.0069 0.5181
21       21   (0)      5  : 0.7515 0.0000 0.0000 0.0000 0.0000 0.0000 0.0000 0.2485
22       22   (0)      5  : 0.0000 0.0000 0.0000 0.0000 0.0000 0.0000 1.0000 0.0000
23       23   (0)      5  : 0.2785 0.0000 0.0000 0.0000 0.0000 0.0000 0.0222 0.6993
24       24   (0)      5  : 0.0000 0.0000 0.0000 1.0000 0.0000 0.0000 0.0000 0.0000
25       25   (0)      5  : 0.0000 0.0000 1.0000 0.0000 0.0000 0.0000 0.0000 0.0000
26       26   (0)      5  : 0.8942 0.0000 0.0000 0.0000 0.0000 0.0000 0.0004 0.1054
27       27   (0)      5  : 0.0000 0.0000 0.0000 1.0000 0.0000 0.0000 0.0000 0.0000
28       28   (0)      5  : 0.0000 0.0000 0.0000 0.8738 0.0000 0.1262 0.0000 0.0000
29       29   (0)      6  : 0.0000 1.0000 0.0000 0.0000 0.0000 0.0000 0.0000 0.0000
30       30   (0)      6  : 0.0000 0.0000 0.0000 0.0000 1.0000 0.0000 0.0000 0.0000
31       31   (0)      6  : 0.1210 0.0000 0.0000 0.0000 0.0000 0.0000 0.0000 0.8790
32       32   (0)      6  : 0.1953 0.0000 0.0000 0.0000 0.0000 0.0332 0.1975 0.5740
33       33   (0)      6  : 0.0000 0.8636 0.0000 0.0000 0.0000 0.1364 0.0000 0.0000
34       34   (0)      6  : 0.0000 0.0000 1.0000 0.0000 0.0000 0.0000 0.0000 0.0000
35       35   (0)      6  : 0.0000 1.0000 0.0000 0.0000 0.0000 0.0000 0.0000 0.0000
36       36   (0)      6  : 0.0000 1.0000 0.0000 0.0000 0.0000 0.0000 0.0000 0.0000
37       37   (0)      7  : 0.0000 0.0000 0.0000 0.0000 1.0000 0.0000 0.0000 0.0000
38       38   (0)      7  : 0.0000 0.0000 0.0000 0.0000 0.0000 0.0000 1.0000 0.0000
39       39   (0)      7  : 0.0000 0.0000 1.0000 0.0000 0.0000 0.0000 0.0000 0.0000
40       40   (0)      7  : 0.0000 0.0000 1.0000 0.0000 0.0000 0.0000 0.0000 0.0000
41       41   (0)      7  : 0.0000 0.0000 0.0000 0.0000 0.0000 0.0000 1.0000 0.0000
42       42   (0)      7  : 0.0000 0.0000 1.0000 0.0000 0.0000 0.0000 0.0000 0.0000
43       43   (0)      7  : 0.0000 0.0000 0.0000 0.0000 0.0000 0.0000 1.0000 0.0000
44       44   (0)      7  : 0.0000 0.0000 0.0000 0.0000 0.0000 1.0000 0.0000 0.0000
45       45   (0)      7  : 0.1399 0.0000 0.0000 0.0000 0.0000 0.0000 0.0000 0.8601
46       46   (0)      7  : 0.0000 1.0000 0.0000 0.0000 0.0000 0.0000 0.0000 0.0000
47       47   (0)      7  : 0.9780 0.0000 0.0000 0.0000 0.0000 0.0000 0.0000 0.0220
48       48   (0)      7  : 0.0000 1.0000 0.0000 0.0000 0.0000 0.0000 0.0000 0.0000
49       49   (0)      7  : 0.0000 0.0000 0.0000 0.0000 1.0000 0.0000 0.0000 0.0000
50       50   (0)      7  : 0.1276 0.0000 0.0000 0.0000 0.0000 0.7879 0.0000 0.0845
51       51   (0)      7  : 0.0000 0.0000 0.0000 0.0000 1.0000 0.0000 0.0000 0.0000
52       52   (0)      7  : 0.0000 0.0000 0.0000 1.0000 0.0000 0.0000 0.0000 0.0000
53       53   (0)      7  : 0.8584 0.0000 0.0000 0.0000 0.0000 0.0000 0.0000 0.1416
54       54   (0)      7  : 0.8149 0.0000 0.0000 0.0000 0.0000 0.0000 0.0000 0.1851
55       55   (0)      7  : 0.5304 0.0000 0.0000 0.0000 0.0000 0.0000 0.0327 0.4369
56       56   (0)      7  : 0.4317 0.0000 0.0000 0.0000 0.0000 0.0000 0.0000 0.5683
57       57   (0)      8  : 0.0000 0.0000 1.0000 0.0000 0.0000 0.0000 0.0000 0.0000
58       58   (0)      8  : 0.0000 0.0000 0.0000 1.0000 0.0000 0.0000 0.0000 0.0000
59       59   (0)      8  : 0.8956 0.0000 0.0000 0.0000 0.0000 0.0000 0.0000 0.1044
60       60   (0)      8  : 0.0000 0.0000 1.0000 0.0000 0.0000 0.0000 0.0000 0.0000
61       61   (0)      8  : 0.0000 0.0000 1.0000 0.0000 0.0000 0.0000 0.0000 0.0000
62       62   (0)      8  : 0.0000 0.0000 0.0000 0.0000 1.0000 0.0000 0.0000 0.0000
63       63   (0)      8  : 0.0000 0.0000 1.0000 0.0000 0.0000 0.0000 0.0000 0.0000
64       64   (0)      8  : 0.7892 0.0000 0.0000 0.0000 0.0000 0.0000 0.0000 0.2108
65       65   (0)      8  : 0.0000 1.0000 0.0000 0.0000 0.0000 0.0000 0.0000 0.0000
66       66   (0)      8  : 0.7866 0.0000 0.0000 0.0000 0.0000 0.0000 0.0000 0.2134
67       67   (0)      8  : 0.5075 0.0000 0.0000 0.0000 0.0000 0.0000 0.0000 0.4925
68       68   (0)      8  : 0.9126 0.0000 0.0000 0.0000 0.0000 0.0000 0.0000 0.0874
69       69   (0)      8  : 0.0000 1.0000 0.0000 0.0000 0.0000 0.0000 0.0000 0.0000
70       70   (0)      8  : 0.0000 0.0000 1.0000 0.0000 0.0000 0.0000 0.0000 0.0000
71       71   (0)      8  : 0.0000 1.0000 0.0000 0.0000 0.0000 0.0000 0.0000 0.0000
72       72   (0)      8  : 0.0000 0.0000 0.0000 0.0000 1.0000 0.0000 0.0000 0.0000
73       73   (0)      8  : 0.2109 0.0000 0.0000 0.0000 0.0000 0.0000 0.7752 0.0138
74       74   (0)      8  : 0.5858 0.0000 0.0000 0.0000 0.0000 0.0000 0.0000 0.4142
75       75   (0)      8  : 1.0000 0.0000 0.0000 0.0000 0.0000 0.0000 0.0000 0.0000
76       76   (0)      8  : 0.0000 1.0000 0.0000 0.0000 0.0000 0.0000 0.0000 0.0000
77       77   (0)      8  : 0.5022 0.0000 0.0000 0.0000 0.0000 0.0000 0.0078 0.4900
78       78   (0)      9  : 0.0000 0.0000 1.0000 0.0000 0.0000 0.0000 0.0000 0.0000
79       79   (0)      9  : 0.0000 0.0000 1.0000 0.0000 0.0000 0.0000 0.0000 0.0000
80       80   (0)      9  : 0.0000 0.0000 0.0000 0.0000 1.0000 0.0000 0.0000 0.0000
81       81   (0)      9  : 0.0000 0.0000 1.0000 0.0000 0.0000 0.0000 0.0000 0.0000
82       82   (0)      9  : 0.0000 1.0000 0.0000 0.0000 0.0000 0.0000 0.0000 0.0000
83       83   (0)      9  : 0.5073 0.0000 0.0000 0.0000 0.0000 0.0614 0.0086 0.4227
84       84   (0)      9  : 0.0000 0.0000 0.0000 0.0000 0.0000 1.0000 0.0000 0.0000
85       85   (0)      9  : 0.9661 0.0000 0.0000 0.0000 0.0000 0.0000 0.0000 0.0339
86       86   (0)      9  : 0.6533 0.0000 0.0000 0.0000 0.0000 0.0000 0.0000 0.3467
87       87   (0)      9  : 0.6852 0.0000 0.0000 0.0000 0.0000 0.0000 0.0000 0.3148
88       88   (0)      9  : 0.0000 0.0000 1.0000 0.0000 0.0000 0.0000 0.0000 0.0000
89       89   (0)      9  : 0.0000 0.0000 1.0000 0.0000 0.0000 0.0000 0.0000 0.0000
90       90   (0)      9  : 0.2466 0.0000 0.0000 0.0000 0.0000 0.0000 0.3180 0.4353
91       91   (0)      9  : 0.0000 0.0000 0.0000 0.0000 1.0000 0.0000 0.0000 0.0000
92       92   (0)     10  : 0.0322 0.0000 0.3579 0.0000 0.0000 0.4469 0.0018 0.1612
93       93   (0)     11  : 0.0527 0.2519 0.0000 0.0916 0.0000 0.3596 0.0030 0.2412
94       94   (0)     11  : 0.0000 0.0000 0.0000 1.0000 0.0000 0.0000 0.0000 0.0000
95       95   (0)     11  : 0.0000 0.0000 0.0000 0.0970 0.0000 0.9030 0.0000 0.0000
96       96   (0)     12  : 0.0000 0.0000 0.0000 1.0000 0.0000 0.0000 0.0000 0.0000
97       97   (0)     12  : 0.0000 0.0000 0.0000 1.0000 0.0000 0.0000 0.0000 0.0000
98       98   (0)     12  : 0.0000 0.0000 0.0000 1.0000 0.0000 0.0000 0.0000 0.0000
99       99   (0)     12  : 0.0000 0.0000 0.0000 1.0000 0.0000 0.0000 0.0000 0.0000
100      100   (0)     12  : 0.0000 1.0000 0.0000 0.0000 0.0000 0.0000 0.0000 0.0000
101      101   (0)     13  : 0.0000 1.0000 0.0000 0.0000 0.0000 0.0000 0.0000 0.0000
102      102   (0)     13  : 0.0000 0.0000 0.0000 1.0000 0.0000 0.0000 0.0000 0.0000
103      103   (0)     14  : 0.0000 0.0000 0.8890 0.0000 0.0516 0.0593 0.0000 0.0000
104      104   (0)     14  : 0.0000 1.0000 0.0000 0.0000 0.0000 0.0000 0.0000 0.0000
105      105   (0)     14  : 0.0000 0.7582 0.0411 0.0294 0.0788 0.0925 0.0000 0.0000
106      106   (0)     14  : 0.0000 1.0000 0.0000 0.0000 0.0000 0.0000 0.0000 0.0000
107      107   (0)     14  : 0.0000 0.0000 0.0000 0.0000 1.0000 0.0000 0.0000 0.0000
108      108   (0)     15  : 0.0000 0.0000 0.0000 0.0000 0.0000 1.0000 0.0000 0.0000
109      109   (0)     15  : 0.0000 1.0000 0.0000 0.0000 0.0000 0.0000 0.0000 0.0000
110      110   (0)     15  : 0.0000 1.0000 0.0000 0.0000 0.0000 0.0000 0.0000 0.0000
111      111   (0)     15  : 0.4096 0.0000 0.0000 0.0000 0.0000 0.0000 0.0000 0.5904
112      112   (0)     15  : 0.0000 0.0000 0.7329 0.2094 0.0000 0.0577 0.0000 0.0000
113      113   (0)     15  : 0.0000 0.9945 0.0000 0.0055 0.0000 0.0000 0.0000 0.0000
114      114   (0)     15  : 0.0000 0.9111 0.0000 0.0889 0.0000 0.0000 0.0000 0.0000
