 1        1   (0)      1 :  0.3555 0.0000 0.4037 0.0000 0.0000 0.2409 
 2        2   (0)      1 :  0.2242 0.1372 0.0361 0.0948 0.1250 0.3828 
 3        3   (0)      1 :  0.4507 0.0000 0.3375 0.0000 0.0000 0.2119 
 4        4   (0)      1 :  0.4454 0.0000 0.3752 0.0000 0.0000 0.1795 
 5        5   (0)      1 :  0.2380 0.0000 0.5607 0.0000 0.0000 0.2012 
 6        6   (0)      1 :  0.3093 0.0000 0.5351 0.0000 0.0000 0.1556 
 7        7   (0)      1 :  0.4019 0.0000 0.4717 0.0000 0.0000 0.1264 
 8        8   (0)      1 :  0.4668 0.0000 0.3746 0.0000 0.0000 0.1585 
 9        9   (0)      1 :  0.1615 0.0000 0.6973 0.0000 0.0000 0.1412 
10       10   (0)      1 :  0.3398 0.0000 0.5764 0.0000 0.0000 0.0838 
11       11   (0)      1 :  0.1803 0.0023 0.5581 0.0000 0.0490 0.2104 
12       12   (0)      1 :  0.3600 0.0200 0.0600 0.0000 0.0000 0.5600 
13       13   (0)      1 :  0.3727 0.0000 0.4566 0.0000 0.0000 0.1707 
14       14   (0)      2 :  0.3766 0.0044 0.4799 0.0000 0.0000 0.1392 
15       15   (0)      2 :  0.0000 0.7200 0.0000 0.0200 0.0000 0.2600 
16       16   (0)      2 :  0.1987 0.0000 0.6140 0.0000 0.0000 0.1873 
17       17   (0)      2 :  0.4284 0.0000 0.4566 0.0000 0.0000 0.1151 
18       18   (0)      2 :  0.1256 0.0000 0.7529 0.0000 0.0000 0.1215 
19       19   (0)      2 :  0.1962 0.0000 0.5830 0.0000 0.0000 0.2208 
20       20   (0)      2 :  0.2171 0.0000 0.5959 0.0000 0.0441 0.1429 
21       21   (0)      2 :  0.3172 0.0000 0.4341 0.0000 0.0000 0.2487 
22       22   (0)      2 :  0.2225 0.0014 0.5109 0.0000 0.0941 0.1710 
23       23   (0)      2 :  0.1376 0.0000 0.2727 0.0000 0.4494 0.1402 
24       24   (0)      2 :  0.1405 0.0000 0.6276 0.0000 0.0000 0.2320 
25       25   (0)      2 :  0.1443 0.0000 0.7005 0.0000 0.0000 0.1552 
26       26   (0)      2 :  0.0897 0.0000 0.4158 0.0000 0.4057 0.0888 
27       27   (0)      2 :  0.3185 0.0000 0.5044 0.0000 0.0000 0.1771 
28       28   (0)      3 :  0.0000 0.0000 0.0000 1.0000 0.0000 0.0000 
29       29   (0)      3 :  0.5846 0.0200 0.2196 0.0000 0.0000 0.1758 
30       30   (0)      3 :  0.0000 0.0000 0.0000 0.0000 1.0000 0.0000 
31       31   (0)      3 :  0.3800 0.0093 0.0659 0.0000 0.5327 0.0121 
32       32   (0)      3 :  0.0000 0.7200 0.0000 0.0200 0.0000 0.2600 
33       33   (0)      3 :  0.1620 0.0000 0.5337 0.0000 0.0000 0.3043 
34       34   (0)      3 :  0.0000 0.7210 0.0000 0.2790 0.0000 0.0000 
35       35   (0)      3 :  0.0000 0.5270 0.0000 0.4730 0.0000 0.0000 
36       36   (0)      3 :  0.0000 0.7000 0.0000 0.3000 0.0000 0.0000 
37       37   (0)      3 :  0.2218 0.0000 0.5989 0.0000 0.0000 0.1793 
38       38   (0)      3 :  0.0000 0.0000 0.0000 0.0000 1.0000 0.0000 
39       39   (0)      3 :  0.0000 0.0000 0.0000 0.0000 1.0000 0.0000 
40       40   (0)      3 :  0.3371 0.0061 0.4136 0.0000 0.0000 0.2432 
41       41   (0)      3 :  0.2207 0.0000 0.5983 0.0000 0.0000 0.1810 
42       42   (0)      3 :  0.0001 0.7200 0.0000 0.0199 0.0000 0.2600 
43       43   (0)      3 :  0.0000 0.6152 0.0000 0.3523 0.0000 0.0326 
44       44   (0)      3 :  0.5959 0.0000 0.3028 0.0000 0.0000 0.1013 
45       45   (0)      3 :  0.1588 0.0000 0.6451 0.0000 0.0000 0.1961 
46       46   (0)      4 :  0.0000 0.0000 0.0000 1.0000 0.0000 0.0000 
47       47   (0)      4 :  0.0000 0.0000 0.0000 1.0000 0.0000 0.0000 
48       48   (0)      4 :  0.6517 0.0032 0.2668 0.0000 0.0000 0.0784 
49       49   (0)      4 :  0.5321 0.0200 0.2451 0.0025 0.0201 0.1803 
50       50   (0)      4 :  0.4856 0.0071 0.3069 0.0005 0.0491 0.1507 
51       51   (0)      4 :  0.3265 0.0050 0.4401 0.0000 0.0583 0.1701 
52       52   (0)      4 :  0.1989 0.0000 0.6272 0.0000 0.0106 0.1633 
53       53   (0)      4 :  0.6886 0.0065 0.2078 0.0000 0.0000 0.0970 
54       54   (0)      4 :  0.4280 0.0000 0.5121 0.0000 0.0000 0.0599 
55       55   (0)      4 :  0.2488 0.0070 0.0396 0.0000 0.6635 0.0411 
56       56   (0)      4 :  0.5604 0.0000 0.3310 0.0000 0.0000 0.1086 
57       57   (0)      5 :  0.3130 0.0048 0.4990 0.0000 0.0000 0.1832 
58       58   (0)      5 :  0.2691 0.0002 0.5329 0.0442 0.0064 0.1471 
59       59   (0)      5 :  0.2975 0.0000 0.5560 0.0000 0.0000 0.1465 
60       60   (0)      5 :  0.0000 0.0000 0.0000 1.0000 0.0000 0.0000 
61       61   (0)      5 :  0.0012 0.0000 0.0043 0.9821 0.0109 0.0015 
62       62   (0)      5 :  0.0024 0.6465 0.0041 0.0161 0.0498 0.2812 
63       63   (0)      6 :  0.0000 0.7000 0.0000 0.3000 0.0000 0.0000 
64       64   (0)      6 :  0.0000 0.0000 0.0000 1.0000 0.0000 0.0000 
65       65   (0)      6 :  0.0000 0.7195 0.0000 0.2805 0.0000 0.0000 
66       66   (0)      6 :  0.0248 0.0521 0.1843 0.6911 0.0000 0.0477 
67       67   (0)      6 :  0.0000 0.0000 0.0000 1.0000 0.0000 0.0000 
68       68   (0)      6 :  0.0000 0.0707 0.0000 0.8040 0.1254 0.0000 
69       69   (0)      6 :  0.3174 0.0575 0.3815 0.0847 0.0309 0.1280 
70       70   (0)      6 :  0.0000 0.0000 0.0000 1.0000 0.0000 0.0000 
71       71   (0)      6 :  0.2168 0.0000 0.5773 0.0000 0.0000 0.2059 
72       72   (0)      6 :  0.0000 0.0000 0.0000 1.0000 0.0000 0.0000 
73       73   (0)      6 :  0.0000 0.6748 0.0000 0.2748 0.0505 0.0000 
74       74   (0)      6 :  0.0000 0.0000 0.0000 0.8651 0.1349 0.0000 
75       75   (0)      6 :  0.0000 0.6552 0.0000 0.2596 0.0852 0.0000 
76       76   (0)      6 :  0.0000 0.0000 0.0000 0.8304 0.1696 0.0000 
77       77   (0)      6 :  0.0000 0.0000 0.0000 0.8167 0.1833 0.0000 
78       78   (0)      6 :  0.0000 0.5526 0.0000 0.2210 0.2264 0.0000 
79       79   (0)      6 :  0.0000 0.7241 0.0000 0.2605 0.0154 0.0000 
80       80   (0)      7 :  0.2299 0.0000 0.6423 0.0000 0.0000 0.1278 
81       81   (0)      8 :  0.3430 0.0000 0.4797 0.0000 0.0469 0.1304 
82       82   (0)      9 :  0.0000 0.0000 0.0000 0.0000 1.0000 0.0000 
83       83   (0)     10 :  0.3048 0.0004 0.4193 0.0000 0.1317 0.1438 
84       84   (0)     11 :  0.1509 0.0000 0.6575 0.0000 0.0000 0.1916 
85       85   (0)     11 :  0.1997 0.0000 0.3254 0.0000 0.4471 0.0278 
86       86   (0)     12 :  0.2107 0.0113 0.2309 0.0000 0.4458 0.1014 
87       87   (0)     12 :  0.2257 0.0006 0.4478 0.0000 0.1765 0.1494 
88       88   (0)     12 :  0.3271 0.0000 0.5133 0.0000 0.0000 0.1596 
89       89   (0)     12 :  0.3841 0.0020 0.3539 0.0000 0.1671 0.0928 
90       90   (0)     12 :  0.0009 0.7148 0.0014 0.2614 0.0114 0.0101 
91       91   (0)     12 :  0.5043 0.0000 0.3924 0.0000 0.0000 0.1033 
92       92   (0)     12 :  0.4026 0.0000 0.4360 0.0000 0.0000 0.1613 
93       93   (0)     12 :  0.1915 0.0000 0.6016 0.0000 0.0000 0.2069 
94       94   (0)     13 :  0.3604 0.0000 0.5520 0.0000 0.0000 0.0876 
