  1        1   (0)      1 :  0.0000 0.0066 0.0674 0.0420 0.0225 0.0023 0.0000 0.0000 0.0000 0.0000 0.1322 0.4271 0.0918 0.0470 0.1557 0.0000 0.0010 0.0044 
  2        2   (0)      1 :  0.0688 0.0031 0.0024 0.0006 0.1592 0.0097 0.1944 0.1312 0.1020 0.1419 0.0000 0.0021 0.0000 0.0000 0.0000 0.0930 0.0009 0.0906 
  3        3   (0)      1 :  0.0000 0.1400 0.1962 0.2870 0.0200 0.0000 0.0000 0.0000 0.0000 0.0000 0.0530 0.0482 0.0000 0.1379 0.0776 0.0000 0.0000 0.0400 
  4        4   (0)      1 :  0.0000 0.0100 0.0737 0.0165 0.0000 0.0000 0.0000 0.0000 0.0000 0.0000 0.6336 0.0480 0.0000 0.0889 0.1069 0.0000 0.0025 0.0200 
  5        5   (0)      1 :  0.0000 0.0400 0.0000 0.0698 0.0000 0.0000 0.0000 0.0000 0.0000 0.0000 0.5010 0.0527 0.0000 0.0565 0.1600 0.0000 0.0000 0.1200 
  6        6   (0)      1 :  0.3252 0.0200 0.0000 0.0000 0.0512 0.0000 0.0677 0.1386 0.1948 0.0194 0.0000 0.0000 0.0000 0.0004 0.0000 0.0884 0.0000 0.0942 
  7        7   (0)      1 :  0.0000 0.0780 0.0300 0.1759 0.0200 0.0000 0.0004 0.0000 0.0000 0.0000 0.1268 0.0703 0.0000 0.2389 0.1929 0.0000 0.0023 0.0646 
  8        8   (0)      1 :  0.2971 0.0624 0.0000 0.0000 0.0303 0.0200 0.2628 0.0385 0.0427 0.1018 0.0003 0.0000 0.0000 0.0000 0.0008 0.0895 0.0000 0.0538 
  9        9   (0)      1 :  0.0000 0.0800 0.1694 0.1865 0.0600 0.0000 0.0000 0.0000 0.0000 0.0000 0.0702 0.1654 0.0000 0.1412 0.0890 0.0000 0.0000 0.0383 
 10       10   (0)      2 :  0.0000 0.0000 0.1200 0.1400 0.0200 0.0000 0.0000 0.0000 0.0000 0.0000 0.3200 0.0800 0.0000 0.0200 0.2400 0.0000 0.0400 0.0200 
 11       11   (0)      2 :  0.0000 0.0200 0.2324 0.0801 0.0600 0.0000 0.0000 0.0000 0.0000 0.0000 0.1625 0.0336 0.0000 0.2000 0.2114 0.0000 0.0000 0.0000 
 12       12   (0)      2 :  0.0000 0.0000 0.0000 0.0000 0.0000 0.0000 0.0000 0.0200 0.0000 0.9800 0.0000 0.0000 0.0000 0.0000 0.0000 0.0000 0.0000 0.0000 
 13       13   (0)      3 :  0.0000 0.0400 0.0800 0.0514 0.0000 0.0200 0.0000 0.0000 0.0000 0.0000 0.1179 0.0800 0.0000 0.1000 0.4209 0.0000 0.0002 0.0896 
 14       14   (0)      3 :  0.0000 0.1000 0.0000 0.0000 0.0000 0.8600 0.0000 0.0000 0.0000 0.0000 0.0000 0.0000 0.0000 0.0000 0.0000 0.0000 0.0200 0.0200 
 15       15   (0)      3 :  0.2257 0.0607 0.0000 0.0000 0.1853 0.0000 0.1214 0.0518 0.0353 0.0940 0.0000 0.0000 0.0000 0.0000 0.0000 0.2057 0.0000 0.0200 
 16       16   (0)      3 :  0.0000 0.0000 0.0000 0.0000 0.0000 0.0000 0.0000 0.0000 0.0000 0.0000 0.0000 0.0000 1.0000 0.0000 0.0000 0.0000 0.0000 0.0000 
 17       17   (0)      4 :  0.0263 0.1160 0.0000 0.0000 0.0000 0.2150 0.0028 0.0717 0.0158 0.0094 0.0000 0.0000 0.5034 0.0000 0.0000 0.0201 0.0061 0.0135 
 18       18   (0)      4 :  0.1435 0.0281 0.0005 0.0000 0.0812 0.0025 0.0456 0.1345 0.0764 0.0527 0.0000 0.0007 0.0000 0.0014 0.0000 0.4049 0.0048 0.0230 
 19       19   (0)      5 :  0.0479 0.0017 0.0000 0.0000 0.0776 0.0000 0.1206 0.1446 0.2418 0.0000 0.0000 0.0000 0.0000 0.0000 0.0000 0.3306 0.0000 0.0353 
 20       20   (0)      5 :  0.0000 0.0000 0.0000 0.0200 0.0000 0.0000 0.0000 0.0000 0.0000 0.0000 0.0000 0.0139 0.0000 0.0000 0.0000 0.0000 0.9661 0.0000 
 21       21   (0)      5 :  0.0000 0.0447 0.0863 0.4200 0.0000 0.0000 0.0000 0.0000 0.0000 0.0000 0.0890 0.0000 0.0000 0.2600 0.0600 0.0000 0.0000 0.0400 
 22       22   (0)      5 :  0.0000 0.0536 0.1139 0.0791 0.0054 0.0200 0.0005 0.0018 0.0000 0.0004 0.3767 0.0414 0.0000 0.0690 0.1821 0.0000 0.0200 0.0361 
 23       23   (0)      5 :  0.0000 0.0200 0.0200 0.3883 0.0000 0.0000 0.0000 0.0000 0.0000 0.0000 0.1853 0.0800 0.0000 0.2064 0.0200 0.0000 0.0200 0.0600 
 24       24   (0)      5 :  0.0000 0.0802 0.0481 0.1161 0.0800 0.0000 0.0000 0.0000 0.0000 0.0000 0.1294 0.1388 0.0000 0.2131 0.1660 0.0000 0.0033 0.0250 
 25       25   (0)      5 :  0.0000 0.0092 0.1415 0.1124 0.0251 0.0000 0.0000 0.0000 0.0000 0.0000 0.0220 0.4466 0.0081 0.1325 0.0580 0.0000 0.0317 0.0129 
 26       26   (0)      5 :  0.0935 0.0683 0.1223 0.0614 0.1564 0.0000 0.0378 0.0640 0.0462 0.0184 0.0552 0.0849 0.0000 0.0516 0.0227 0.0962 0.0007 0.0202 
 27       27   (0)      5 :  0.0016 0.0229 0.0000 0.0000 0.0002 0.0000 0.0010 0.0000 0.0003 0.0003 0.0000 0.0000 0.9523 0.0000 0.0000 0.0000 0.0000 0.0214 
 28       28   (0)      5 :  0.0000 0.0000 0.0000 0.0000 0.0000 0.0000 0.0000 0.0000 0.0000 0.0000 0.0000 0.0000 1.0000 0.0000 0.0000 0.0000 0.0000 0.0000 
 29       29   (0)      5 :  0.0575 0.0057 0.0000 0.0000 0.0612 0.0130 0.4922 0.1927 0.0508 0.0454 0.0000 0.0000 0.0060 0.0000 0.0000 0.0473 0.0000 0.0283 
 30       30   (0)      5 :  0.0600 0.0203 0.0000 0.0000 0.1116 0.0000 0.1336 0.1347 0.2360 0.2183 0.0000 0.0000 0.0000 0.0000 0.0000 0.0837 0.0000 0.0018 
 31       31   (0)      5 :  0.0308 0.0148 0.1727 0.0458 0.0534 0.0001 0.1263 0.1029 0.0303 0.0377 0.0638 0.0474 0.0000 0.0678 0.0695 0.0637 0.0102 0.0628 
 32       32   (0)      5 :  0.0000 0.0605 0.4371 0.0617 0.0200 0.0000 0.0000 0.0000 0.0000 0.0000 0.1230 0.0988 0.0000 0.1312 0.0000 0.0000 0.0477 0.0200 
 33       33   (0)      5 :  0.0400 0.1219 0.0000 0.0013 0.1398 0.0200 0.0841 0.1323 0.1426 0.1795 0.0000 0.0000 0.0000 0.0000 0.0000 0.0385 0.0000 0.1000 
 34       34   (0)      5 :  0.0356 0.0200 0.0000 0.0000 0.1643 0.0000 0.0730 0.4885 0.0406 0.0864 0.0000 0.0000 0.0000 0.0000 0.0000 0.0462 0.0001 0.0453 
 35       35   (0)      5 :  0.0473 0.0950 0.0000 0.0000 0.0969 0.0004 0.2128 0.2030 0.0206 0.1496 0.0000 0.0000 0.0000 0.0000 0.0000 0.1230 0.0000 0.0514 
 36       36   (0)      6 :  0.4962 0.0000 0.0000 0.0000 0.0615 0.0000 0.0912 0.1346 0.0841 0.0500 0.0027 0.0000 0.0069 0.0000 0.0000 0.0469 0.0006 0.0253 
 37       37   (0)      6 :  0.0000 0.0000 0.0000 0.0000 0.0000 0.0000 0.0000 0.0000 0.0000 0.0000 0.0000 0.0000 1.0000 0.0000 0.0000 0.0000 0.0000 0.0000 
 38       38   (0)      6 :  0.0510 0.0000 0.0000 0.0000 0.0998 0.0000 0.0324 0.1359 0.3074 0.0400 0.0000 0.0000 0.0000 0.0000 0.0000 0.2734 0.0000 0.0600 
 39       39   (0)      6 :  0.0921 0.1248 0.0740 0.0381 0.0638 0.0107 0.0246 0.1077 0.0051 0.0978 0.0375 0.0094 0.0000 0.1080 0.0817 0.0437 0.0011 0.0802 
 40       40   (0)      6 :  0.2328 0.0061 0.0000 0.0000 0.0852 0.0060 0.0422 0.5035 0.0120 0.0526 0.0000 0.0000 0.0000 0.0000 0.0000 0.0315 0.0000 0.0280 
 41       41   (0)      6 :  0.6554 0.0000 0.0000 0.0000 0.0000 0.0206 0.0200 0.1246 0.0000 0.0884 0.0000 0.0000 0.0000 0.0000 0.0000 0.0510 0.0000 0.0400 
 42       42   (0)      6 :  0.1034 0.0200 0.0000 0.0000 0.1045 0.0000 0.0164 0.5508 0.0367 0.0755 0.0012 0.0000 0.0000 0.0000 0.0030 0.0285 0.0000 0.0600 
 43       43   (0)      6 :  0.2103 0.0808 0.0000 0.0000 0.0287 0.0024 0.0400 0.1646 0.0418 0.0350 0.0000 0.0000 0.0000 0.0036 0.0000 0.3210 0.0000 0.0717 
 44       44   (0)      6 :  0.1492 0.0208 0.0000 0.0000 0.0998 0.0002 0.0445 0.2785 0.1452 0.1040 0.0000 0.0000 0.0000 0.0000 0.0000 0.0868 0.0000 0.0710 
 45       45   (0)      6 :  0.1304 0.0056 0.0000 0.0000 0.0886 0.0000 0.1575 0.0030 0.0400 0.3815 0.0000 0.0000 0.0000 0.0000 0.0000 0.1036 0.0000 0.0898 
 46       46   (0)      6 :  0.0000 0.0000 0.0000 0.0200 0.0000 0.0000 0.0000 0.0000 0.0000 0.0000 0.0000 0.0136 0.0000 0.0000 0.0000 0.0000 0.9664 0.0000 
 47       47   (0)      6 :  0.0279 0.0013 0.0000 0.0000 0.4543 0.0000 0.0625 0.0759 0.1783 0.0548 0.0000 0.0000 0.0000 0.0001 0.0008 0.1353 0.0000 0.0089 
 48       48   (0)      7 :  0.1021 0.0198 0.0000 0.0000 0.0116 0.0000 0.2548 0.1508 0.2469 0.1392 0.0000 0.0000 0.0000 0.0000 0.0000 0.0265 0.0000 0.0484 
 49       49   (0)      7 :  0.0196 0.0603 0.1184 0.0686 0.1025 0.0000 0.0708 0.0805 0.0372 0.0599 0.0649 0.0729 0.0000 0.1187 0.0224 0.0391 0.0182 0.0461 
 50       50   (0)      7 :  0.1691 0.0000 0.0000 0.0008 0.1052 0.0000 0.0360 0.0788 0.2860 0.0965 0.0009 0.0000 0.0000 0.0000 0.0014 0.1536 0.0000 0.0716 
 51       51   (0)      8 :  0.0783 0.0069 0.0000 0.0000 0.0548 0.0000 0.2100 0.0160 0.0684 0.5050 0.0000 0.0000 0.0217 0.0000 0.0000 0.0315 0.0007 0.0067 
 52       52   (0)      8 :  0.2510 0.0143 0.0003 0.0000 0.0615 0.0038 0.1117 0.1114 0.0663 0.2543 0.0000 0.0000 0.1018 0.0000 0.0000 0.0155 0.0000 0.0083 
 53       53   (0)      9 :  0.1600 0.0200 0.0000 0.0000 0.1800 0.0000 0.0200 0.0400 0.1000 0.2400 0.0000 0.0000 0.0000 0.0000 0.0000 0.1400 0.0000 0.1000 
 54       54   (0)     10 :  0.0800 0.1000 0.0000 0.0000 0.0200 0.0000 0.0200 0.1200 0.4200 0.1928 0.0000 0.0000 0.0000 0.0000 0.0000 0.0072 0.0000 0.0400 
 55       55   (0)     10 :  0.0000 0.0000 0.0000 0.0200 0.0000 0.0000 0.0000 0.0000 0.0000 0.0000 0.0000 0.0200 0.0000 0.0727 0.8673 0.0000 0.0200 0.0000 
 56       56   (0)     10 :  0.0000 0.0000 0.0000 0.0000 0.0200 0.0000 0.0000 0.0000 0.0000 0.0000 0.0000 0.0000 0.9600 0.0000 0.0000 0.0000 0.0000 0.0200 
 57       57   (0)     10 :  0.0059 0.0000 0.0000 0.0000 0.0088 0.0000 0.0000 0.0000 0.0000 0.0000 0.0000 0.0000 0.0000 0.0000 0.0000 0.9854 0.0000 0.0000 
 58       58   (0)     11 :  0.1265 0.0169 0.0009 0.0061 0.0998 0.0000 0.1447 0.1731 0.1315 0.1491 0.0037 0.0000 0.0865 0.0004 0.0002 0.0311 0.0000 0.0294 
 59       59   (0)     11 :  0.0014 0.0119 0.0582 0.1426 0.0154 0.0001 0.0035 0.0000 0.0017 0.0102 0.1572 0.3111 0.0321 0.0918 0.1445 0.0003 0.0026 0.0154 
 60       60   (0)     11 :  0.0144 0.0221 0.0000 0.0000 0.0374 0.0000 0.0132 0.0000 0.0132 0.0316 0.0000 0.0000 0.8365 0.0000 0.0000 0.0082 0.0000 0.0232 
 61       61   (0)     11 :  0.2200 0.0200 0.0000 0.0000 0.1800 0.0000 0.1523 0.0400 0.1800 0.1000 0.0000 0.0000 0.0000 0.0000 0.0000 0.0877 0.0000 0.0200 
 62       62   (0)     11 :  0.0200 0.0675 0.0000 0.0000 0.0173 0.0000 0.5096 0.0358 0.0313 0.1252 0.0000 0.0000 0.0005 0.0000 0.0000 0.1798 0.0000 0.0129 
 63       63   (0)     11 :  0.0824 0.0240 0.0000 0.0000 0.0740 0.0000 0.1843 0.0244 0.0626 0.2231 0.0000 0.0000 0.2609 0.0000 0.0000 0.0467 0.0000 0.0175 
 64       64   (0)     11 :  0.0652 0.0000 0.0000 0.0000 0.0771 0.0000 0.2665 0.0200 0.1200 0.1381 0.0000 0.0000 0.0000 0.0000 0.0000 0.2117 0.0000 0.1013 
 65       65   (0)     11 :  0.0000 0.0000 0.0000 0.0000 0.0200 0.0000 0.0000 0.0000 0.0000 0.0000 0.0000 0.0000 0.9800 0.0000 0.0000 0.0000 0.0000 0.0000 
 66       66   (0)     11 :  0.0200 0.0400 0.0000 0.0000 0.0866 0.0000 0.2045 0.1150 0.2283 0.2621 0.0000 0.0000 0.0000 0.0000 0.0000 0.0436 0.0000 0.0000 
 67       67   (0)     11 :  0.0000 0.0600 0.0800 0.0600 0.0000 0.0000 0.0000 0.0000 0.0000 0.0000 0.0924 0.5200 0.0000 0.1276 0.0400 0.0000 0.0000 0.0200 
 68       68   (0)     11 :  0.0000 0.0042 0.0273 0.0643 0.0179 0.0000 0.0000 0.0000 0.0000 0.0000 0.0323 0.3323 0.3675 0.0732 0.0000 0.0000 0.0000 0.0810 
 69       69   (0)     11 :  0.0814 0.0501 0.0000 0.0000 0.0997 0.0000 0.0184 0.0449 0.0409 0.0693 0.0000 0.0000 0.4746 0.0000 0.0000 0.0485 0.0000 0.0721 
 70       70   (0)     11 :  0.1600 0.0400 0.0000 0.0000 0.1313 0.0000 0.0511 0.0551 0.1055 0.1505 0.0000 0.0000 0.0000 0.0000 0.0000 0.2176 0.0000 0.0889 
 71       71   (0)     11 :  0.0000 0.0047 0.0257 0.1154 0.0134 0.0000 0.0000 0.0000 0.0000 0.0000 0.0560 0.6086 0.0701 0.0239 0.0314 0.0000 0.0019 0.0490 
 72       72   (0)     12 :  0.0000 0.0200 0.0745 0.1031 0.0000 0.0000 0.0000 0.0000 0.0000 0.0000 0.1329 0.0395 0.0000 0.5112 0.0133 0.0000 0.0000 0.1056 
 73       73   (0)     12 :  0.0000 0.0800 0.0200 0.0800 0.0000 0.0000 0.0000 0.0000 0.0000 0.0000 0.4096 0.0000 0.0000 0.2200 0.1104 0.0000 0.0200 0.0600 
 74       74   (0)     12 :  0.0000 0.0200 0.1000 0.1400 0.0200 0.0000 0.0000 0.0000 0.0000 0.0000 0.1273 0.1329 0.0000 0.2998 0.1000 0.0000 0.0000 0.0600 
 75       75   (0)     12 :  0.0904 0.0190 0.0927 0.0405 0.0548 0.0020 0.1509 0.0712 0.0202 0.0197 0.0709 0.1021 0.0954 0.0717 0.0339 0.0124 0.0037 0.0487 
 76       76   (0)     12 :  0.0000 0.0057 0.1324 0.0903 0.0400 0.0000 0.0000 0.0000 0.0000 0.0000 0.1321 0.2274 0.0006 0.1992 0.0397 0.0000 0.0284 0.1044 
 77       77   (0)     12 :  0.0600 0.0800 0.0000 0.0000 0.0662 0.0200 0.4000 0.0327 0.1200 0.1012 0.0000 0.0000 0.0000 0.0000 0.0000 0.0800 0.0000 0.0400 
 78       78   (0)     12 :  0.4520 0.0045 0.0010 0.0012 0.0749 0.0120 0.2116 0.0577 0.0486 0.0708 0.0065 0.0000 0.0070 0.0075 0.0000 0.0318 0.0000 0.0127 
 79       79   (0)     12 :  0.0000 0.0000 0.1991 0.4340 0.0000 0.0000 0.0000 0.0000 0.0000 0.0000 0.0427 0.0683 0.0000 0.0531 0.1226 0.0000 0.0000 0.0800 
 80       80   (0)     12 :  0.1681 0.0393 0.0039 0.0045 0.0411 0.0000 0.2574 0.1071 0.0974 0.1181 0.0018 0.0015 0.0686 0.0025 0.0044 0.0647 0.0000 0.0196 
 81       81   (0)     13 :  0.0000 0.0000 0.0000 0.0000 0.0000 0.0000 0.0000 0.0000 0.0000 0.0000 0.0000 0.0000 1.0000 0.0000 0.0000 0.0000 0.0000 0.0000 
 82       82   (0)     13 :  0.0000 0.0200 0.3304 0.0600 0.0000 0.0000 0.0071 0.0000 0.0000 0.0000 0.0496 0.3200 0.0000 0.0729 0.0800 0.0000 0.0200 0.0400 
 83       83   (0)     13 :  0.0000 0.0000 0.0400 0.0847 0.0000 0.0000 0.0000 0.0000 0.0000 0.0000 0.0600 0.6153 0.0000 0.0600 0.1000 0.0000 0.0000 0.0400 
 84       84   (0)     13 :  0.0000 0.0200 0.1651 0.0512 0.0200 0.0000 0.0000 0.0000 0.0000 0.0000 0.0600 0.2800 0.0000 0.2037 0.0600 0.0000 0.0000 0.1400 
 85       85   (0)     13 :  0.0000 0.0200 0.6879 0.0806 0.0000 0.0003 0.0000 0.0000 0.0000 0.0000 0.0182 0.0320 0.0000 0.0846 0.0764 0.0000 0.0000 0.0000 
 86       86   (0)     13 :  0.0000 0.0200 0.2265 0.0502 0.0000 0.0200 0.0000 0.0000 0.0000 0.0000 0.0368 0.0756 0.0000 0.5093 0.0595 0.0000 0.0021 0.0000 
 87       87   (0)     13 :  0.0559 0.0189 0.0021 0.0012 0.2844 0.0000 0.1857 0.0508 0.1957 0.0180 0.0001 0.0017 0.0000 0.0023 0.0000 0.0815 0.0000 0.1017 
 88       88   (0)     13 :  0.0000 0.0421 0.1237 0.0726 0.0400 0.0000 0.0000 0.0000 0.0000 0.0000 0.1548 0.1449 0.0000 0.2442 0.1310 0.0000 0.0015 0.0454 
 89       89   (0)     13 :  0.0000 0.0000 0.3305 0.1805 0.0200 0.0000 0.0000 0.0000 0.0000 0.0000 0.1622 0.0469 0.0000 0.0400 0.0970 0.0000 0.0400 0.0829 
 90       90   (0)     13 :  0.0000 0.0400 0.1022 0.2000 0.0200 0.0000 0.0000 0.0000 0.0000 0.0000 0.0354 0.0200 0.0000 0.1200 0.3118 0.0000 0.0207 0.1298 
 91       91   (0)     13 :  0.0000 0.0322 0.0752 0.0407 0.0114 0.0000 0.0000 0.0000 0.0000 0.0000 0.0554 0.1355 0.3585 0.0913 0.1802 0.0000 0.0000 0.0196 
 92       92   (0)     13 :  0.0000 0.0132 0.2856 0.1600 0.0200 0.0000 0.0097 0.0000 0.0000 0.0000 0.0888 0.1481 0.0000 0.0684 0.1662 0.0000 0.0000 0.0400 
 93       93   (0)     13 :  0.1161 0.0000 0.0000 0.0000 0.0799 0.0000 0.0824 0.1277 0.2669 0.0099 0.0000 0.0000 0.0000 0.0000 0.0031 0.2741 0.0000 0.0400 
 94       94   (0)     13 :  0.0000 0.0313 0.0371 0.0632 0.0000 0.0012 0.0000 0.0000 0.0000 0.0000 0.0227 0.0656 0.0000 0.6525 0.0464 0.0000 0.0200 0.0601 
 95       95   (0)     14 :  0.0800 0.0600 0.0000 0.0000 0.0819 0.0000 0.3132 0.0400 0.0600 0.0985 0.0000 0.0000 0.0000 0.0000 0.0000 0.2045 0.0000 0.0619 
 96       96   (0)     14 :  0.0000 0.0014 0.1689 0.0284 0.0200 0.0027 0.0000 0.0000 0.0002 0.0000 0.0294 0.0580 0.0000 0.3994 0.2713 0.0000 0.0000 0.0202 
 97       97   (0)     15 :  0.0000 0.0000 0.0000 0.0000 0.0000 0.0000 0.0000 0.0000 0.0000 0.0000 0.0000 0.0000 1.0000 0.0000 0.0000 0.0000 0.0000 0.0000 
 98       98   (0)     15 :  0.0200 0.0200 0.0000 0.0000 0.0000 0.0000 0.0000 0.7964 0.0515 0.0000 0.0000 0.0000 0.0000 0.0000 0.0000 0.0720 0.0000 0.0400 
 99       99   (0)     15 :  0.0000 0.2004 0.0777 0.0344 0.0000 0.4423 0.0000 0.0000 0.0000 0.0000 0.0624 0.0063 0.0000 0.1357 0.0086 0.0000 0.0100 0.0222 
100      100   (0)     15 :  0.1346 0.1200 0.0000 0.0000 0.0024 0.0000 0.0684 0.1186 0.1375 0.1459 0.0000 0.0000 0.0000 0.0000 0.0000 0.2226 0.0000 0.0500 
101      101   (0)     15 :  0.0000 0.0800 0.0000 0.0000 0.0000 0.8800 0.0000 0.0000 0.0000 0.0000 0.0000 0.0000 0.0000 0.0000 0.0000 0.0000 0.0200 0.0200 
102      102   (0)     15 :  0.0000 0.0000 0.0000 0.0000 0.3735 0.0000 0.1007 0.2057 0.1281 0.0600 0.0000 0.0000 0.0000 0.0000 0.0000 0.0919 0.0000 0.0400 
103      103   (0)     15 :  0.0995 0.0200 0.0000 0.0000 0.3082 0.0000 0.1200 0.1469 0.1066 0.0470 0.0000 0.0000 0.0000 0.0000 0.0000 0.1318 0.0000 0.0200 
104      104   (0)     15 :  0.0000 0.0400 0.0000 0.0000 0.0000 0.9000 0.0000 0.0000 0.0000 0.0000 0.0000 0.0000 0.0000 0.0000 0.0000 0.0000 0.0200 0.0400 
105      105   (0)     15 :  0.0000 0.0400 0.0000 0.0000 0.0000 0.8800 0.0000 0.0000 0.0000 0.0000 0.0000 0.0000 0.0000 0.0000 0.0000 0.0000 0.0200 0.0600 
