1        1   (0)      1  : 0.2359 0.1206 0.0132 0.0031 0.2279 0.0267 0.1936 0.1791
2        2   (0)      1  : 0.4845 0.0003 0.1857 0.0155 0.0421 0.1882 0.0781 0.0056
3        3   (0)      1  : 0.3498 0.0000 0.2760 0.0179 0.0000 0.0000 0.1952 0.1610
4        4   (0)      1  : 0.3994 0.0337 0.1373 0.0276 0.0260 0.2256 0.0655 0.0850
5        5   (0)      1  : 0.0380 0.0183 0.3756 0.0044 0.1014 0.0146 0.3671 0.0806
6        6   (0)      1  : 0.3126 0.0381 0.2568 0.0274 0.0691 0.0110 0.1857 0.0993
7        7   (0)      1  : 0.5802 0.0001 0.2107 0.0206 0.0415 0.0000 0.0805 0.0664
8        8   (0)      2  : 0.1906 0.0000 0.2118 0.0000 0.3508 0.0416 0.1206 0.0847
9        9   (0)      2  : 0.0209 0.0036 0.0234 0.0021 0.9317 0.0017 0.0165 0.0000
10       10   (0)      2  : 0.0130 0.0053 0.0291 0.0017 0.9327 0.0000 0.0182 0.0000
11       11   (0)      2  : 0.0000 0.1132 0.0335 0.0000 0.8397 0.0003 0.0134 0.0000
12       12   (0)      2  : 0.8198 0.0000 0.0485 0.0173 0.0195 0.0218 0.0731 0.0000
13       13   (0)      2  : 0.1195 0.0000 0.2770 0.0000 0.0833 0.0541 0.0931 0.3730
14       14   (0)      3  : 0.7915 0.0000 0.1252 0.0833 0.0000 0.0000 0.0000 0.0000
15       15   (0)      3  : 0.7763 0.0091 0.0248 0.0085 0.0927 0.0000 0.0728 0.0159
16       16   (0)      3  : 0.5152 0.0000 0.1205 0.0000 0.0000 0.0035 0.1292 0.2316
17       17   (0)      3  : 0.1073 0.0000 0.2328 0.0127 0.0000 0.0069 0.0000 0.6403
18       18   (0)      4  : 0.2081 0.0047 0.3067 0.0283 0.0203 0.0975 0.1043 0.2301
19       19   (0)      4  : 0.0655 0.0078 0.1823 0.0000 0.3335 0.0059 0.3564 0.0486
20       20   (0)      4  : 0.3158 0.0007 0.1115 0.0000 0.0026 0.0849 0.4844 0.0000
21       21   (0)      4  : 0.1979 0.0033 0.3626 0.0022 0.0897 0.0614 0.0000 0.2829
22       22   (0)      4  : 0.1534 0.0008 0.2130 0.0087 0.2082 0.0057 0.2981 0.1120
23       23   (0)      4  : 0.1132 0.0008 0.0263 0.0017 0.0892 0.0000 0.0601 0.7087
24       24   (0)      4  : 0.3328 0.0000 0.4130 0.0000 0.0233 0.0000 0.1061 0.1248
25       25   (0)      4  : 0.2770 0.0000 0.3890 0.0000 0.0144 0.0156 0.1832 0.1208
26       26   (0)      4  : 0.0813 0.0265 0.3913 0.0017 0.2031 0.0517 0.0944 0.1500
27       27   (0)      4  : 0.5317 0.0007 0.1250 0.0049 0.0610 0.0032 0.0000 0.2736
28       28   (0)      4  : 0.1393 0.0064 0.2167 0.0305 0.0715 0.1759 0.2012 0.1586
29       29   (0)      4  : 0.2702 0.0213 0.2931 0.0114 0.1352 0.0558 0.1498 0.0632
30       30   (0)      4  : 0.1342 0.0007 0.2700 0.0122 0.2715 0.0037 0.2694 0.0382
31       31   (0)      4  : 0.4899 0.0004 0.1524 0.0000 0.0000 0.0000 0.1145 0.2428
32       32   (0)      4  : 0.4934 0.0000 0.2821 0.0000 0.0833 0.0000 0.1126 0.0286
33       33   (0)      4  : 0.3053 0.0000 0.2428 0.0412 0.2219 0.0118 0.1237 0.0532
34       34   (0)      5  : 0.1927 0.0122 0.3684 0.0023 0.0719 0.0269 0.2103 0.1152
35       35   (0)      6  : 0.4519 0.0127 0.0135 0.0062 0.1829 0.1261 0.1036 0.1031
36       36   (0)      6  : 0.2807 0.0000 0.0229 0.0005 0.2931 0.0048 0.0960 0.3020
37       37   (0)      6  : 0.0000 0.0000 0.0000 0.0000 0.0000 1.0000 0.0000 0.0000
38       38   (0)      6  : 0.1767 0.0000 0.2737 0.0000 0.1975 0.0001 0.1018 0.2501
39       39   (0)      6  : 0.0103 0.0005 0.6866 0.0000 0.0370 0.0726 0.1230 0.0701
40       40   (0)      6  : 0.1211 0.0158 0.3467 0.0001 0.0154 0.0384 0.0093 0.4531
41       41   (0)      6  : 0.0000 1.0000 0.0000 0.0000 0.0000 0.0000 0.0000 0.0000
42       42   (0)      6  : 0.3435 0.0143 0.1598 0.0000 0.0632 0.0632 0.2362 0.1198
43       43   (0)      6  : 0.4279 0.0007 0.0000 0.0112 0.1912 0.0095 0.3465 0.0129
44       44   (0)      6  : 0.2787 0.0248 0.2307 0.0040 0.1287 0.0069 0.2360 0.0902
45       45   (0)      6  : 0.0710 0.0000 0.1325 0.0093 0.1449 0.0193 0.3456 0.2775
46       46   (0)      6  : 0.0000 0.0000 0.0000 1.0000 0.0000 0.0000 0.0000 0.0000
47       47   (0)      6  : 0.3283 0.0000 0.0000 0.0012 0.4599 0.0000 0.2106 0.0000
48       48   (0)      6  : 0.1132 0.0000 0.0800 0.0166 0.1341 0.0355 0.1057 0.5149
49       49   (0)      6  : 0.0000 1.0000 0.0000 0.0000 0.0000 0.0000 0.0000 0.0000
50       50   (0)      6  : 0.0327 0.0000 0.2035 0.0000 0.1068 0.1914 0.1156 0.3501
51       51   (0)      6  : 0.1796 0.0607 0.2422 0.0175 0.1664 0.0597 0.2161 0.0578
52       52   (0)      6  : 0.0000 0.0000 0.0000 1.0000 0.0000 0.0000 0.0000 0.0000
53       53   (0)      6  : 0.3818 0.0000 0.1412 0.0000 0.1112 0.0044 0.3393 0.0221
54       54   (0)      6  : 0.0410 0.0000 0.5812 0.0061 0.0070 0.0000 0.1208 0.2438
55       55   (0)      6  : 0.0491 0.0002 0.0463 0.0042 0.0337 0.0158 0.1161 0.7346
56       56   (0)      6  : 0.0321 0.0050 0.3034 0.0011 0.1706 0.0975 0.2563 0.1340
57       57   (0)      6  : 0.1387 0.0000 0.6754 0.0008 0.0330 0.0043 0.0406 0.1071
58       58   (0)      7  : 0.0000 0.0000 0.1756 0.0000 0.1255 0.0069 0.1411 0.5509
59       59   (0)      7  : 0.2065 0.0000 0.0116 0.0000 0.0550 0.0969 0.0710 0.5591
60       60   (0)      7  : 0.2935 0.0022 0.2025 0.0094 0.1100 0.0145 0.2900 0.0780
61       61   (0)      7  : 0.0332 0.0000 0.4939 0.0000 0.2776 0.0072 0.0000 0.1883
62       62   (0)      7  : 0.0000 0.0000 0.0000 0.0000 0.0000 1.0000 0.0000 0.0000
63       63   (0)      7  : 0.1579 0.0063 0.1468 0.0000 0.3351 0.0000 0.3133 0.0406
64       64   (0)      8  : 0.4090 0.0057 0.1861 0.0232 0.1539 0.1566 0.0655 0.0000
65       65   (0)      8  : 0.2255 0.0054 0.1917 0.0267 0.1534 0.0307 0.2384 0.1281
66       66   (0)      9  : 0.1998 0.0000 0.3537 0.0009 0.0748 0.0248 0.1738 0.1722
67       67   (0)     10  : 0.1970 0.0093 0.0523 0.0000 0.1228 0.0430 0.3694 0.2062
68       68   (0)     10  : 0.3234 0.0000 0.2839 0.0116 0.0946 0.0046 0.2090 0.0728
69       69   (0)     10  : 0.1290 0.0000 0.2677 0.0410 0.0286 0.0324 0.3700 0.1313
70       70   (0)     10  : 0.1332 0.0000 0.3498 0.0095 0.1546 0.0323 0.1579 0.1626
71       71   (0)     10  : 0.0562 0.0000 0.1870 0.0000 0.1860 0.0000 0.0720 0.4988
72       72   (0)     10  : 0.0543 0.0013 0.3525 0.0000 0.2299 0.0158 0.1460 0.2002
73       73   (0)     10  : 0.1441 0.0106 0.1923 0.0100 0.1459 0.0022 0.2301 0.2649
74       74   (0)     10  : 0.0553 0.0006 0.1424 0.0000 0.0000 0.0833 0.5833 0.1349
75       75   (0)     10  : 0.0820 0.0000 0.4182 0.0080 0.0397 0.1249 0.2281 0.0990
76       76   (0)     10  : 0.0833 0.0033 0.1382 0.0014 0.0000 0.0833 0.6071 0.0833
