1        1   (0)      1  : 0.0000 0.2447 0.1405 0.0000 0.1502 0.0000 0.0000 0.0000 0.3778 0.0868
2        2   (0)      1  : 0.2359 0.0000 0.0000 0.0346 0.0396 0.2930 0.3397 0.0000 0.0045 0.0528
3        3   (0)      1  : 0.0000 0.0769 0.0000 0.0000 0.5769 0.0000 0.0000 0.1667 0.0898 0.0897
4        4   (0)      1  : 0.0000 0.1667 0.0000 0.0000 0.0488 0.0000 0.0000 0.0000 0.3712 0.4133
5        5   (0)      1  : 0.0097 0.4029 0.0000 0.0000 0.1667 0.0000 0.0000 0.0000 0.2540 0.1667
6        6   (0)      1  : 0.1260 0.0000 0.0000 0.0055 0.0044 0.4748 0.2944 0.0000 0.0000 0.0950
7        7   (0)      1  : 0.0000 0.1667 0.0000 0.0000 0.3333 0.0000 0.0000 0.1667 0.0000 0.3333
8        8   (0)      1  : 0.4467 0.0000 0.0000 0.0000 0.0011 0.2332 0.2113 0.0000 0.0008 0.1069
9        9   (0)      1  : 0.0000 0.1667 0.0000 0.0000 0.2156 0.0000 0.0000 0.0000 0.2090 0.4087
10       10   (0)      2  : 0.0000 0.0000 0.0000 0.0000 0.0000 0.0000 0.0000 0.0000 1.0000 0.0000
11       11   (0)      2  : 0.0000 0.0000 0.0000 0.0000 0.2136 0.0000 0.0000 0.0413 0.4917 0.2534
12       12   (0)      2  : 1.0000 0.0000 0.0000 0.0000 0.0000 0.0000 0.0000 0.0000 0.0000 0.0000
13       13   (0)      3  : 0.0000 0.0000 0.0000 0.0000 0.3333 0.0000 0.0000 0.0079 0.6588 0.0000
14       14   (0)      3  : 0.0000 0.0000 0.0000 1.0000 0.0000 0.0000 0.0000 0.0000 0.0000 0.0000
15       15   (0)      3  : 0.2104 0.0000 0.0041 0.0000 0.0000 0.0000 0.4457 0.0064 0.0000 0.3333
16       16   (0)      3  : 0.0000 0.0000 1.0000 0.0000 0.0000 0.0000 0.0000 0.0000 0.0000 0.0000
17       17   (0)      4  : 0.0000 0.0000 0.5759 0.3797 0.0000 0.0429 0.0016 0.0000 0.0000 0.0000
18       18   (0)      4  : 0.0801 0.0000 0.0000 0.0218 0.0000 0.4730 0.3496 0.0173 0.0075 0.0507
19       19   (0)      5  : 0.0592 0.0000 0.0000 0.0000 0.0000 0.0703 0.8705 0.0000 0.0000 0.0000
20       20   (0)      5  : 0.0000 0.0000 0.0000 0.0503 0.0000 0.0000 0.0000 0.9497 0.0000 0.0000
21       21   (0)      5  : 0.0000 0.0000 0.0000 0.0000 0.8333 0.0000 0.0000 0.0000 0.0000 0.1667
22       22   (0)      5  : 0.0000 0.0812 0.0000 0.0000 0.1956 0.0084 0.0000 0.0000 0.6230 0.0918
23       23   (0)      5  : 0.0000 0.0000 0.0000 0.0000 0.6667 0.0000 0.0000 0.0000 0.0000 0.3333
24       24   (0)      5  : 0.0000 0.1491 0.0000 0.0047 0.4639 0.0000 0.0000 0.0000 0.3824 0.0000
25       25   (0)      5  : 0.0000 0.5562 0.0442 0.0000 0.1656 0.0000 0.0000 0.0366 0.1975 0.0000
26       26   (0)      5  : 0.0262 0.2017 0.0000 0.0000 0.1341 0.2236 0.1904 0.0000 0.0591 0.1650
27       27   (0)      5  : 0.0000 0.0000 0.9995 0.0000 0.0000 0.0005 0.0000 0.0000 0.0000 0.0000
28       28   (0)      5  : 0.0000 0.0000 1.0000 0.0000 0.0000 0.0000 0.0000 0.0000 0.0000 0.0000
29       29   (0)      5  : 0.2855 0.0000 0.0184 0.0208 0.0000 0.1727 0.5026 0.0000 0.0000 0.0000
30       30   (0)      5  : 0.4307 0.0000 0.0000 0.0000 0.0000 0.1154 0.4539 0.0000 0.0000 0.0000
31       31   (0)      5  : 0.0488 0.0566 0.0000 0.0000 0.0090 0.4315 0.0268 0.0626 0.2629 0.1018
32       32   (0)      5  : 0.0000 0.4955 0.0000 0.0000 0.2471 0.0028 0.0000 0.0373 0.1837 0.0336
33       33   (0)      5  : 0.3935 0.0000 0.0000 0.0056 0.0183 0.1884 0.2974 0.0063 0.0000 0.0906
34       34   (0)      5  : 0.0000 0.0000 0.0000 0.0017 0.0000 0.9104 0.0879 0.0000 0.0000 0.0000
35       35   (0)      5  : 0.1913 0.0000 0.0000 0.0027 0.0035 0.4883 0.1468 0.0008 0.0000 0.1667
36       36   (0)      6  : 0.2508 0.0000 0.0346 0.0000 0.0000 0.3477 0.1734 0.0007 0.0000 0.1928
37       37   (0)      6  : 0.0000 0.0000 1.0000 0.0000 0.0000 0.0000 0.0000 0.0000 0.0000 0.0000
38       38   (0)      6  : 0.0000 0.0000 0.0000 0.0000 0.0000 0.0000 1.0000 0.0000 0.0000 0.0000
39       39   (0)      6  : 0.0812 0.0000 0.0000 0.0000 0.1948 0.3661 0.0280 0.0198 0.2446 0.0654
40       40   (0)      6  : 0.0000 0.0000 0.0000 0.0000 0.0000 1.0000 0.0000 0.0000 0.0000 0.0000
41       41   (0)      6  : 0.2434 0.0000 0.0000 0.0103 0.0080 0.2923 0.1084 0.0000 0.0000 0.3376
42       42   (0)      6  : 0.0000 0.0000 0.0000 0.0000 0.0000 1.0000 0.0000 0.0000 0.0000 0.0000
43       43   (0)      6  : 0.0305 0.0122 0.0000 0.0054 0.0000 0.9005 0.0514 0.0000 0.0000 0.0000
44       44   (0)      6  : 0.0758 0.0000 0.0000 0.0086 0.0000 0.3105 0.5285 0.0013 0.0000 0.0754
45       45   (0)      6  : 0.3145 0.0000 0.0000 0.0000 0.0012 0.4226 0.2083 0.0000 0.0000 0.0533
46       46   (0)      6  : 0.0000 0.0000 0.0000 0.0537 0.0000 0.0000 0.0000 0.9463 0.0000 0.0000
47       47   (0)      6  : 0.0124 0.0000 0.0000 0.0000 0.0000 0.2381 0.7084 0.0000 0.0000 0.0411
48       48   (0)      7  : 0.8210 0.0000 0.0000 0.0034 0.0000 0.0660 0.0917 0.0000 0.0000 0.0178
49       49   (0)      7  : 0.0227 0.2996 0.0000 0.0000 0.0795 0.2525 0.1265 0.0389 0.0748 0.1056
50       50   (0)      7  : 0.1348 0.0000 0.0000 0.0000 0.0073 0.0643 0.6178 0.0000 0.0000 0.1758
51       51   (0)      8  : 0.7231 0.0000 0.0556 0.0000 0.0000 0.0000 0.1450 0.0000 0.0000 0.0763
52       52   (0)      8  : 0.5525 0.0000 0.1557 0.0000 0.0000 0.1653 0.0540 0.0000 0.0000 0.0725
53       53   (0)      9  : 0.5214 0.0000 0.0000 0.0017 0.0000 0.0000 0.4769 0.0000 0.0000 0.0000
54       54   (0)     10  : 0.1667 0.0000 0.0000 0.0000 0.0000 0.1667 0.6667 0.0000 0.0000 0.0000
55       55   (0)     10  : 0.0000 0.0000 0.0000 0.0000 0.0000 0.0000 0.0000 0.0000 1.0000 0.0000
56       56   (0)     10  : 0.0000 0.0000 1.0000 0.0000 0.0000 0.0000 0.0000 0.0000 0.0000 0.0000
57       57   (0)     10  : 0.0000 0.0000 0.0000 0.0000 0.0000 0.1667 0.8333 0.0000 0.0000 0.0000
58       58   (0)     11  : 0.4352 0.0031 0.1028 0.0000 0.0001 0.1296 0.2806 0.0000 0.0019 0.0468
59       59   (0)     11  : 0.0226 0.2835 0.0723 0.0000 0.2472 0.0000 0.0000 0.0004 0.2316 0.1425
60       60   (0)     11  : 0.1047 0.0000 0.8953 0.0000 0.0000 0.0000 0.0000 0.0000 0.0000 0.0000
61       61   (0)     11  : 0.6667 0.0000 0.0000 0.0000 0.0000 0.0000 0.1667 0.0000 0.0000 0.1667
62       62   (0)     11  : 0.5745 0.0000 0.0108 0.0000 0.0000 0.1489 0.2659 0.0000 0.0000 0.0000
63       63   (0)     11  : 0.5073 0.0000 0.2784 0.0000 0.0000 0.0312 0.1269 0.0000 0.0000 0.0563
64       64   (0)     11  : 0.5253 0.0000 0.0055 0.0093 0.0000 0.0354 0.3612 0.0044 0.0000 0.0589
65       65   (0)     11  : 0.0000 0.0000 1.0000 0.0000 0.0000 0.0000 0.0000 0.0000 0.0000 0.0000
66       66   (0)     11  : 0.6667 0.0000 0.0082 0.0000 0.0000 0.0000 0.3252 0.0000 0.0000 0.0000
67       67   (0)     11  : 0.0000 0.8333 0.0000 0.0000 0.0000 0.0000 0.0000 0.0000 0.0000 0.1667
68       68   (0)     11  : 0.0000 0.4707 0.4333 0.0000 0.0000 0.0000 0.0000 0.0000 0.0000 0.0960
69       69   (0)     11  : 0.1624 0.0000 0.5115 0.0000 0.0000 0.0767 0.0798 0.0000 0.0000 0.1696
70       70   (0)     11  : 0.3333 0.0029 0.0000 0.0000 0.0000 0.0351 0.4620 0.0000 0.0000 0.1667
71       71   (0)     11  : 0.0000 0.5945 0.1493 0.0000 0.0000 0.0000 0.0000 0.0000 0.2562 0.0000
72       72   (0)     12  : 0.0000 0.4316 0.0000 0.0000 0.4337 0.0000 0.0000 0.0000 0.0963 0.0384
73       73   (0)     12  : 0.0000 0.4312 0.0000 0.0000 0.0688 0.0000 0.0000 0.1667 0.1667 0.1667
74       74   (0)     12  : 0.0000 0.8256 0.0000 0.0000 0.0000 0.0000 0.0000 0.0000 0.0897 0.0847
75       75   (0)     12  : 0.0969 0.2970 0.1188 0.0000 0.0292 0.2094 0.0510 0.0225 0.0876 0.0876
76       76   (0)     12  : 0.0000 0.9073 0.0000 0.0000 0.0000 0.0000 0.0000 0.0072 0.0855 0.0000
77       77   (0)     12  : 0.6046 0.0000 0.0000 0.0000 0.0000 0.1021 0.2801 0.0000 0.0000 0.0132
78       78   (0)     12  : 0.3250 0.0353 0.0251 0.0000 0.0100 0.2588 0.1535 0.0000 0.0000 0.1924
79       79   (0)     12  : 0.0000 0.2590 0.0000 0.0000 0.1978 0.0000 0.0000 0.0000 0.3335 0.2098
80       80   (0)     12  : 0.4229 0.0135 0.1150 0.0000 0.0060 0.1569 0.2360 0.0000 0.0028 0.0467
81       81   (0)     13  : 0.0000 0.0000 1.0000 0.0000 0.0000 0.0000 0.0000 0.0000 0.0000 0.0000
82       82   (0)     13  : 0.0000 0.4628 0.0000 0.0162 0.0000 0.0000 0.0000 0.0010 0.4133 0.1067
83       83   (0)     13  : 0.0000 0.5987 0.0392 0.0000 0.0353 0.0000 0.0000 0.0000 0.0590 0.2678
84       84   (0)     13  : 0.0000 0.8477 0.0000 0.0000 0.0000 0.0000 0.0000 0.0057 0.0601 0.0865
85       85   (0)     13  : 0.0000 0.0711 0.0000 0.0000 0.4606 0.0000 0.0000 0.0000 0.4138 0.0545
86       86   (0)     13  : 0.0000 0.2681 0.0036 0.0000 0.5269 0.0000 0.0000 0.0331 0.1683 0.0000
87       87   (0)     13  : 0.2604 0.0190 0.0000 0.0000 0.0073 0.1561 0.4418 0.0093 0.0000 0.1060
88       88   (0)     13  : 0.0000 0.2513 0.0000 0.0000 0.0329 0.0000 0.0000 0.1722 0.2103 0.3333
89       89   (0)     13  : 0.0000 0.0000 0.0000 0.0000 0.3334 0.0000 0.0000 0.0000 0.0705 0.5961
90       90   (0)     13  : 0.0000 0.0000 0.0000 0.0000 0.0630 0.0000 0.0000 0.0031 0.9339 0.0000
91       91   (0)     13  : 0.0000 0.1003 0.4038 0.0000 0.0000 0.0000 0.0000 0.0000 0.4958 0.0000
92       92   (0)     13  : 0.0107 0.1188 0.0000 0.0000 0.2574 0.0193 0.0000 0.0000 0.2315 0.3624
93       93   (0)     13  : 0.1172 0.0000 0.0000 0.0000 0.0000 0.1402 0.7067 0.0000 0.0359 0.0000
94       94   (0)     13  : 0.0000 0.3827 0.0000 0.0000 0.1667 0.0000 0.0000 0.0629 0.2211 0.1667
95       95   (0)     14  : 0.1575 0.0000 0.0000 0.0034 0.0000 0.0000 0.7346 0.0000 0.0000 0.1046
96       96   (0)     14  : 0.0000 0.1667 0.0000 0.0000 0.1229 0.0000 0.0000 0.1667 0.4334 0.1104
97       97   (0)     15  : 0.0000 0.0000 1.0000 0.0000 0.0000 0.0000 0.0000 0.0000 0.0000 0.0000
98       98   (0)     15  : 0.0000 0.0000 0.0000 0.0000 0.0000 0.8333 0.1667 0.0000 0.0000 0.0000
99       99   (0)     15  : 0.0000 0.0000 0.0000 0.5228 0.3958 0.0000 0.0000 0.0000 0.0814 0.0000
100      100   (0)     15  : 0.3822 0.0000 0.0000 0.0055 0.0000 0.1657 0.4465 0.0000 0.0000 0.0000
101      101   (0)     15  : 0.0000 0.0000 0.0000 1.0000 0.0000 0.0000 0.0000 0.0000 0.0000 0.0000
102      102   (0)     15  : 0.0714 0.0000 0.0000 0.0297 0.0000 0.3788 0.5125 0.0077 0.0000 0.0000
103      103   (0)     15  : 0.0205 0.0000 0.0000 0.0085 0.0130 0.4223 0.5241 0.0000 0.0117 0.0000
104      104   (0)     15  : 0.0000 0.0000 0.0000 1.0000 0.0000 0.0000 0.0000 0.0000 0.0000 0.0000
105      105   (0)     15  : 0.0000 0.0000 0.0000 1.0000 0.0000 0.0000 0.0000 0.0000 0.0000 0.0000
