 1        1   (0)      1 :  0.0044 0.0159 0.0000 0.0849 0.0000 0.7175 0.0000 0.1773 0.0000 
 2        2   (0)      1 :  0.0968 0.0206 0.0000 0.1039 0.0000 0.4504 0.0787 0.2496 0.0000 
 3        3   (0)      1 :  1.0000 0.0000 0.0000 0.0000 0.0000 0.0000 0.0000 0.0000 0.0000 
 4        4   (0)      1 :  0.6072 0.0095 0.0000 0.0394 0.0000 0.2749 0.0000 0.0691 0.0000 
 5        5   (0)      1 :  0.0009 0.0200 0.0000 0.1013 0.0000 0.6370 0.0000 0.2408 0.0000 
 6        6   (0)      1 :  1.0000 0.0000 0.0000 0.0000 0.0000 0.0000 0.0000 0.0000 0.0000 
 7        7   (0)      2 :  0.0000 0.0000 0.0000 0.0800 0.0000 0.8600 0.0000 0.0600 0.0000 
 8        8   (0)      2 :  0.9800 0.0000 0.0000 0.0200 0.0000 0.0000 0.0000 0.0000 0.0000 
 9        9   (0)      2 :  0.0245 0.0315 0.0141 0.0921 0.0068 0.4608 0.0068 0.3566 0.0067 
10       10   (0)      2 :  0.0000 0.0000 0.0000 0.0514 0.0000 0.8839 0.0000 0.0647 0.0000 
11       11   (0)      2 :  1.0000 0.0000 0.0000 0.0000 0.0000 0.0000 0.0000 0.0000 0.0000 
12       12   (0)      2 :  0.5309 0.0026 0.0000 0.0375 0.0000 0.3859 0.0000 0.0431 0.0000 
13       13   (0)      2 :  0.8281 0.0120 0.0000 0.0737 0.0000 0.0000 0.0863 0.0000 0.0000 
14       14   (0)      3 :  0.0000 0.1530 0.2746 0.0490 0.0770 0.0000 0.0000 0.0000 0.4465 
15       15   (0)      3 :  0.0000 0.2239 0.3590 0.0512 0.2267 0.0000 0.0000 0.0077 0.1315 
16       16   (0)      3 :  0.0000 0.3251 0.0645 0.0000 0.4749 0.0000 0.0000 0.0200 0.1155 
17       17   (0)      3 :  0.0000 0.1961 0.2470 0.0223 0.3156 0.0000 0.0000 0.0022 0.2168 
18       18   (0)      3 :  0.0000 0.0000 0.0183 0.0000 0.9709 0.0000 0.0000 0.0067 0.0041 
19       19   (0)      3 :  0.0000 0.1132 0.1132 0.0200 0.6783 0.0000 0.0000 0.0000 0.0754 
20       20   (0)      3 :  0.0000 0.1985 0.1480 0.0954 0.3880 0.0000 0.0377 0.0200 0.1123 
21       21   (0)      3 :  0.0000 0.2439 0.3062 0.0143 0.2568 0.0000 0.0000 0.0111 0.1677 
22       22   (0)      3 :  0.0000 0.2228 0.4120 0.0140 0.2136 0.0000 0.0000 0.0000 0.1376 
23       23   (0)      3 :  0.0000 0.2628 0.4583 0.0120 0.1423 0.0000 0.0000 0.0000 0.1246 
24       24   (0)      3 :  0.0000 0.2061 0.2131 0.0858 0.4181 0.0000 0.0000 0.0200 0.0570 
25       25   (0)      3 :  0.0000 0.0800 0.0000 0.3400 0.0000 0.0000 0.5800 0.0000 0.0000 
26       26   (0)      4 :  0.0000 0.0000 0.0000 0.1400 0.0000 0.4457 0.0000 0.4143 0.0000 
27       27   (0)      4 :  0.0000 0.1099 0.3636 0.0962 0.3455 0.0000 0.0000 0.0000 0.0848 
28       28   (0)      4 :  0.0000 0.1433 0.3637 0.0341 0.3074 0.0000 0.0000 0.0400 0.1115 
29       29   (0)      4 :  0.0000 0.0200 0.0000 0.1400 0.0000 0.6555 0.0000 0.1845 0.0000 
30       30   (0)      4 :  0.0000 0.2651 0.2839 0.0176 0.0874 0.0000 0.0000 0.0090 0.3371 
31       31   (0)      4 :  0.0000 0.1447 0.4770 0.0174 0.3079 0.0000 0.0000 0.0200 0.0330 
32       32   (0)      4 :  0.0218 0.0944 0.1189 0.0513 0.1359 0.2702 0.0003 0.1747 0.1324 
33       33   (0)      4 :  0.0000 0.3282 0.1865 0.0474 0.2629 0.0000 0.0000 0.0000 0.1751 
34       34   (0)      4 :  0.0000 0.2238 0.1255 0.0551 0.3525 0.0000 0.0000 0.0000 0.2430 
35       35   (0)      4 :  0.0000 0.1221 0.5080 0.0694 0.1385 0.0000 0.0000 0.0200 0.1419 
36       36   (0)      4 :  0.0000 0.2380 0.2325 0.0564 0.1648 0.0000 0.0000 0.0200 0.2883 
37       37   (0)      4 :  0.0000 0.4618 0.1982 0.0273 0.1129 0.0000 0.0000 0.0200 0.1799 
38       38   (0)      4 :  0.0000 0.3147 0.2678 0.0000 0.2086 0.0000 0.0000 0.0234 0.1855 
39       39   (0)      4 :  0.0000 0.0000 0.0000 0.0660 0.0000 0.8788 0.0000 0.0552 0.0000 
40       40   (0)      5 :  0.0000 0.2654 0.2340 0.0212 0.2140 0.0000 0.0000 0.0000 0.2654 
41       41   (0)      5 :  0.0000 0.2761 0.2126 0.0105 0.3047 0.0000 0.0000 0.0200 0.1761 
42       42   (0)      5 :  0.0000 0.2990 0.1715 0.0313 0.3865 0.0000 0.0000 0.0000 0.1117 
43       43   (0)      5 :  0.0000 0.0261 0.0000 0.1041 0.0000 0.7330 0.0000 0.1368 0.0000 
44       44   (0)      5 :  0.0000 0.3196 0.3059 0.0081 0.2811 0.0000 0.0000 0.0000 0.0853 
45       45   (0)      5 :  0.0000 0.1655 0.0839 0.0314 0.3394 0.0000 0.0000 0.0095 0.3701 
46       46   (0)      5 :  0.0000 0.1427 0.4615 0.0750 0.2412 0.0000 0.0000 0.0200 0.0597 
47       47   (0)      5 :  0.0000 0.1724 0.3832 0.0600 0.1842 0.0000 0.0000 0.0088 0.1914 
48       48   (0)      5 :  0.0000 0.1087 0.0654 0.0400 0.1492 0.0000 0.0000 0.0200 0.6167 
49       49   (0)      5 :  0.0000 0.0200 0.0000 0.0995 0.0000 0.6861 0.0000 0.1944 0.0000 
50       50   (0)      5 :  0.0000 0.2054 0.2258 0.0068 0.3997 0.0000 0.0000 0.0205 0.1417 
51       51   (0)      5 :  0.0000 0.0200 0.0000 0.0429 0.0000 0.4393 0.0000 0.4978 0.0000 
52       52   (0)      5 :  0.0007 0.0200 0.0000 0.0149 0.0000 0.5371 0.0000 0.4273 0.0000 
53       53   (0)      6 :  0.0000 0.0200 0.0000 0.0400 0.0000 0.3114 0.0000 0.6286 0.0000 
54       54   (0)      6 :  0.0000 0.4106 0.2292 0.0400 0.1433 0.0000 0.0000 0.0000 0.1769 
55       55   (0)      6 :  0.0500 0.0087 0.0000 0.0804 0.0000 0.3180 0.0291 0.5138 0.0000 
56       56   (0)      6 :  0.0000 0.0000 0.0000 0.0000 0.0000 0.0000 0.9800 0.0200 0.0000 
57       57   (0)      6 :  0.0000 0.0400 0.0000 0.1400 0.0000 0.0000 0.8200 0.0000 0.0000 
58       58   (0)      6 :  0.0000 0.0000 0.0000 0.0000 0.0000 0.0000 0.9862 0.0138 0.0000 
59       59   (0)      6 :  0.0000 0.0527 0.0302 0.0058 0.0531 0.0009 0.0243 0.0139 0.8191 
60       60   (0)      6 :  0.0000 0.1654 0.3460 0.0307 0.0604 0.0000 0.0000 0.0044 0.3931 
61       61   (0)      6 :  0.0000 0.1935 0.4201 0.0420 0.2492 0.0000 0.0000 0.0325 0.0627 
62       62   (0)      6 :  0.0000 0.1509 0.0972 0.0200 0.6621 0.0000 0.0000 0.0034 0.0664 
63       63   (0)      6 :  0.0170 0.0073 0.0000 0.1126 0.0128 0.3857 0.0958 0.3630 0.0057 
64       64   (0)      7 :  0.0000 0.0048 0.0000 0.0407 0.0000 0.7100 0.0000 0.2445 0.0000 
65       65   (0)      7 :  0.0000 0.0200 0.0000 0.0400 0.0000 0.3365 0.0000 0.6035 0.0000 
66       66   (0)      7 :  0.0000 0.0057 0.0000 0.0571 0.0000 0.4033 0.0022 0.5317 0.0000 
67       67   (0)      7 :  0.0284 0.0114 0.0000 0.0200 0.0000 0.2381 0.0035 0.6985 0.0000 
68       68   (0)      8 :  0.0000 0.1357 0.4491 0.0617 0.1276 0.0000 0.0561 0.0146 0.1551 
69       69   (0)      8 :  0.0000 0.1473 0.1738 0.0855 0.2022 0.0105 0.1131 0.0134 0.2543 
70       70   (0)      8 :  0.0000 0.0894 0.2518 0.0200 0.2491 0.0000 0.0000 0.0279 0.3618 
71       71   (0)      8 :  0.0000 0.2124 0.1930 0.0334 0.2471 0.0027 0.0126 0.0044 0.2944 
72       72   (0)      8 :  0.0000 0.1075 0.1801 0.0447 0.1742 0.0000 0.0798 0.0200 0.3937 
73       73   (0)      8 :  0.0051 0.0047 0.0000 0.0249 0.0000 0.0000 0.9653 0.0000 0.0000 
74       74   (0)      9 :  0.0349 0.0101 0.0013 0.0960 0.0055 0.4046 0.1139 0.3301 0.0036 
75       75   (0)      9 :  0.0002 0.0082 0.0033 0.1495 0.0004 0.3916 0.0657 0.3783 0.0027 
76       76   (0)     10 :  0.0002 0.0200 0.0000 0.0600 0.0000 0.2770 0.0000 0.6428 0.0000 
77       77   (0)     11 :  0.0000 0.0400 0.0000 0.0726 0.0000 0.4914 0.0000 0.3960 0.0000 
78       78   (0)     12 :  0.0000 0.0000 0.0000 0.0318 0.0000 0.9305 0.0000 0.0376 0.0000 
79       79   (0)     13 :  0.0000 0.1457 0.0472 0.2929 0.0607 0.0000 0.3738 0.0000 0.0796 
80       80   (0)     13 :  0.0000 0.2177 0.4106 0.0400 0.2222 0.0000 0.0000 0.0000 0.1096 
