  1        1   (0)      1 :  0.2459 0.1286 0.0000 0.0000 0.0000 0.0000 0.0000 0.0203 0.1550 0.0000 0.0000 0.3273 0.1230 
  2        2   (0)      1 :  0.0034 0.0297 0.0051 0.0715 0.3845 0.1180 0.1534 0.0661 0.0036 0.1506 0.0127 0.0013 0.0000 
  3        3   (0)      1 :  0.0777 0.0860 0.0110 0.0000 0.0000 0.0000 0.0000 0.0800 0.5247 0.0000 0.0000 0.2206 0.0000 
  4        4   (0)      1 :  0.2849 0.2500 0.0072 0.0200 0.0000 0.0000 0.0000 0.0366 0.2409 0.0005 0.0000 0.1599 0.0000 
  5        5   (0)      1 :  0.3893 0.1621 0.0200 0.0212 0.0001 0.0000 0.0000 0.0819 0.2610 0.0014 0.0011 0.0619 0.0000 
  6        6   (0)      1 :  0.0000 0.0685 0.0000 0.2855 0.1839 0.0495 0.2767 0.0806 0.0000 0.0552 0.0000 0.0000 0.0000 
  7        7   (0)      1 :  0.1771 0.1454 0.0313 0.0215 0.0016 0.0015 0.0020 0.0125 0.2270 0.0000 0.0000 0.3800 0.0000 
  8        8   (0)      1 :  0.0000 0.0138 0.0200 0.0838 0.1887 0.1448 0.3336 0.1325 0.0017 0.0801 0.0000 0.0010 0.0000 
  9        9   (0)      1 :  0.0670 0.1392 0.0000 0.0000 0.0000 0.0000 0.0000 0.0492 0.3564 0.0000 0.0000 0.3882 0.0000 
 10       10   (0)      2 :  0.1797 0.3800 0.0615 0.0000 0.0000 0.0000 0.0000 0.0400 0.0800 0.0000 0.0000 0.2588 0.0000 
 11       11   (0)      2 :  0.0838 0.1753 0.0061 0.0000 0.0000 0.0004 0.0000 0.0400 0.1444 0.0000 0.0000 0.5501 0.0000 
 12       12   (0)      2 :  0.0000 0.0400 0.0000 0.0594 0.0267 0.0000 0.1200 0.0600 0.0200 0.6739 0.0000 0.0000 0.0000 
 13       13   (0)      3 :  0.1571 0.1440 0.0286 0.0006 0.0000 0.0000 0.0000 0.0400 0.0048 0.0000 0.0000 0.6250 0.0000 
 14       14   (0)      3 :  0.0000 0.0000 0.0000 0.0000 0.0000 0.0000 0.0000 0.0000 0.0000 0.0000 1.0000 0.0000 0.0000 
 15       15   (0)      3 :  0.0000 0.0800 0.0004 0.1135 0.2485 0.0451 0.1536 0.1558 0.0000 0.2032 0.0000 0.0000 0.0000 
 16       16   (0)      3 :  0.0000 0.0000 0.0000 0.0000 0.0000 0.0000 0.0000 0.0200 0.0000 0.0000 0.0000 0.0000 0.9800 
 17       17   (0)      4 :  0.0000 0.0117 0.0074 0.0706 0.0197 0.0109 0.0179 0.0309 0.0000 0.0005 0.3102 0.0000 0.5203 
 18       18   (0)      4 :  0.0000 0.0339 0.0070 0.2048 0.0724 0.1609 0.3702 0.0753 0.0200 0.0477 0.0079 0.0000 0.0000 
 19       19   (0)      5 :  0.0000 0.0625 0.0000 0.2168 0.1310 0.4529 0.0513 0.0274 0.0000 0.0581 0.0000 0.0000 0.0000 
 20       20   (0)      5 :  0.0285 0.0000 0.8906 0.0000 0.0000 0.0000 0.0000 0.0000 0.0000 0.0000 0.0420 0.0389 0.0000 
 21       21   (0)      5 :  0.0934 0.0800 0.0001 0.0010 0.0000 0.0000 0.0008 0.1615 0.4045 0.0000 0.0000 0.2587 0.0000 
 22       22   (0)      5 :  0.2187 0.2256 0.0163 0.0035 0.0049 0.0006 0.0013 0.0511 0.1590 0.0006 0.0000 0.3184 0.0000 
 23       23   (0)      5 :  0.1891 0.3107 0.0253 0.0000 0.0000 0.0000 0.0000 0.0466 0.3027 0.0000 0.0000 0.1256 0.0000 
 24       24   (0)      5 :  0.4822 0.0857 0.0200 0.0000 0.0000 0.0000 0.0006 0.0265 0.0809 0.0001 0.0025 0.3015 0.0000 
 25       25   (0)      5 :  0.3610 0.0784 0.0387 0.0000 0.0000 0.0000 0.0000 0.0145 0.3209 0.0000 0.0003 0.1560 0.0302 
 26       26   (0)      5 :  0.2118 0.0737 0.0031 0.0659 0.0844 0.1362 0.1200 0.0650 0.1102 0.0376 0.0000 0.0920 0.0000 
 27       27   (0)      5 :  0.0000 0.0008 0.0000 0.0005 0.0005 0.0005 0.0012 0.0209 0.0000 0.0004 0.0000 0.0000 0.9752 
 28       28   (0)      5 :  0.0000 0.0000 0.0000 0.0000 0.0000 0.0000 0.0000 0.0000 0.0000 0.0000 0.0000 0.0000 1.0000 
 29       29   (0)      5 :  0.0000 0.0085 0.0000 0.1021 0.2337 0.3367 0.0876 0.0884 0.0000 0.1243 0.0125 0.0000 0.0062 
 30       30   (0)      5 :  0.0000 0.0000 0.0000 0.0902 0.1205 0.1418 0.1674 0.1646 0.0200 0.2955 0.0000 0.0000 0.0000 
 31       31   (0)      5 :  0.0987 0.0941 0.0254 0.0595 0.0638 0.0987 0.1563 0.0984 0.0098 0.0387 0.0000 0.2566 0.0000 
 32       32   (0)      5 :  0.3645 0.2385 0.0908 0.0000 0.0000 0.0000 0.0000 0.0482 0.1174 0.0000 0.0000 0.1406 0.0000 
 33       33   (0)      5 :  0.0000 0.0400 0.0211 0.0521 0.3320 0.1455 0.1114 0.1543 0.0000 0.1436 0.0000 0.0000 0.0000 
 34       34   (0)      5 :  0.0000 0.0000 0.0022 0.0775 0.6295 0.0749 0.1399 0.0200 0.0000 0.0560 0.0000 0.0000 0.0000 
 35       35   (0)      5 :  0.0000 0.0200 0.0000 0.0408 0.3743 0.1674 0.1530 0.0859 0.0000 0.1578 0.0007 0.0000 0.0000 
 36       36   (0)      6 :  0.0000 0.0008 0.0025 0.0631 0.0858 0.0320 0.4887 0.0940 0.0000 0.2245 0.0000 0.0000 0.0088 
 37       37   (0)      6 :  0.0000 0.0000 0.0000 0.0000 0.0000 0.0000 0.0000 0.0000 0.0000 0.0000 0.0000 0.0000 1.0000 
 38       38   (0)      6 :  0.0000 0.0000 0.0000 0.2034 0.0674 0.6091 0.0316 0.0277 0.0000 0.0607 0.0001 0.0000 0.0000 
 39       39   (0)      6 :  0.0244 0.1335 0.0049 0.0667 0.0246 0.0077 0.3360 0.0825 0.0757 0.0732 0.0000 0.1709 0.0000 
 40       40   (0)      6 :  0.0000 0.0000 0.0001 0.0604 0.2050 0.0799 0.5562 0.0682 0.0000 0.0303 0.0000 0.0000 0.0000 
 41       41   (0)      6 :  0.0000 0.0490 0.0000 0.0626 0.0696 0.0200 0.6992 0.0303 0.0006 0.0672 0.0015 0.0000 0.0000 
 42       42   (0)      6 :  0.0015 0.0258 0.0036 0.0787 0.2748 0.1752 0.3059 0.0758 0.0060 0.0499 0.0001 0.0027 0.0000 
 43       43   (0)      6 :  0.0011 0.0604 0.0006 0.1115 0.0694 0.1041 0.6006 0.0496 0.0000 0.0005 0.0023 0.0000 0.0000 
 44       44   (0)      6 :  0.0000 0.0314 0.0000 0.1843 0.1178 0.1351 0.3571 0.1104 0.0000 0.0611 0.0028 0.0000 0.0000 
 45       45   (0)      6 :  0.0000 0.0200 0.0000 0.0518 0.0501 0.0792 0.4156 0.0412 0.0000 0.3420 0.0000 0.0000 0.0000 
 46       46   (0)      6 :  0.0266 0.0000 0.8886 0.0000 0.0000 0.0000 0.0000 0.0000 0.0000 0.0000 0.0463 0.0385 0.0000 
 47       47   (0)      6 :  0.0000 0.0060 0.0000 0.0667 0.1793 0.6195 0.0391 0.0475 0.0000 0.0418 0.0000 0.0000 0.0000 
 48       48   (0)      7 :  0.0000 0.0297 0.0400 0.3403 0.1885 0.1146 0.1121 0.0276 0.0000 0.1470 0.0001 0.0000 0.0000 
 49       49   (0)      7 :  0.2621 0.0758 0.0331 0.0376 0.0618 0.1536 0.0495 0.0983 0.0976 0.0268 0.0000 0.1036 0.0002 
 50       50   (0)      7 :  0.0003 0.0260 0.0041 0.4990 0.1536 0.0620 0.1349 0.0405 0.0000 0.0796 0.0000 0.0000 0.0000 
 51       51   (0)      8 :  0.0000 0.0112 0.0009 0.0295 0.0549 0.0306 0.0718 0.0640 0.0000 0.7137 0.0000 0.0000 0.0234 
 52       52   (0)      8 :  0.0000 0.0083 0.0000 0.0470 0.1642 0.0572 0.1894 0.0374 0.0000 0.3628 0.0000 0.0000 0.1337 
 53       53   (0)      9 :  0.0000 0.0400 0.0400 0.2566 0.1239 0.0954 0.1342 0.0680 0.0000 0.2419 0.0000 0.0000 0.0000 
 54       54   (0)     10 :  0.0000 0.0200 0.0000 0.5339 0.1633 0.0817 0.1143 0.0200 0.0000 0.0668 0.0000 0.0000 0.0000 
 55       55   (0)     10 :  0.0968 0.1645 0.0278 0.0000 0.0000 0.0000 0.0000 0.0200 0.0409 0.0000 0.0000 0.6500 0.0000 
 56       56   (0)     10 :  0.0000 0.0000 0.0000 0.0000 0.0000 0.0000 0.0000 0.0200 0.0000 0.0000 0.0000 0.0000 0.9800 
 57       57   (0)     10 :  0.0000 0.0600 0.0000 0.2479 0.0800 0.3315 0.1198 0.0911 0.0000 0.0697 0.0000 0.0000 0.0000 
 58       58   (0)     11 :  0.0039 0.0169 0.0076 0.1356 0.1473 0.1153 0.1386 0.0687 0.0059 0.2625 0.0000 0.0001 0.0976 
 59       59   (0)     11 :  0.2357 0.1492 0.0092 0.0012 0.0009 0.0000 0.0010 0.0313 0.3112 0.0190 0.0000 0.1840 0.0573 
 60       60   (0)     11 :  0.0000 0.0021 0.0000 0.0166 0.0124 0.0081 0.0059 0.0076 0.0000 0.0567 0.0000 0.0000 0.8907 
 61       61   (0)     11 :  0.0000 0.0200 0.0000 0.1600 0.1800 0.1586 0.0600 0.0600 0.0000 0.3614 0.0000 0.0000 0.0000 
 62       62   (0)     11 :  0.0000 0.0000 0.0000 0.1280 0.2080 0.0844 0.1010 0.1243 0.0000 0.3537 0.0000 0.0000 0.0006 
 63       63   (0)     11 :  0.0000 0.0117 0.0075 0.0317 0.0958 0.0199 0.0464 0.0461 0.0141 0.4658 0.0000 0.0000 0.2610 
 64       64   (0)     11 :  0.0000 0.0477 0.0000 0.1943 0.1243 0.0694 0.0564 0.1354 0.0000 0.3724 0.0001 0.0000 0.0000 
 65       65   (0)     11 :  0.0000 0.0000 0.0000 0.0000 0.0000 0.0000 0.0000 0.0200 0.0000 0.0000 0.0000 0.0000 0.9800 
 66       66   (0)     11 :  0.0000 0.0000 0.0400 0.1263 0.1528 0.0545 0.0719 0.0656 0.0200 0.4681 0.0000 0.0000 0.0008 
 67       67   (0)     11 :  0.2213 0.0493 0.0200 0.0000 0.0000 0.0000 0.0000 0.0000 0.6226 0.0000 0.0000 0.0862 0.0007 
 68       68   (0)     11 :  0.0957 0.0717 0.0071 0.0000 0.0000 0.0000 0.0000 0.0105 0.3703 0.0000 0.0000 0.0202 0.4245 
 69       69   (0)     11 :  0.0000 0.0506 0.0216 0.0259 0.1252 0.0809 0.0411 0.1101 0.0000 0.0713 0.0000 0.0000 0.4733 
 70       70   (0)     11 :  0.0000 0.0678 0.0600 0.1193 0.1079 0.1919 0.2302 0.1650 0.0000 0.0579 0.0000 0.0000 0.0000 
 71       71   (0)     11 :  0.3148 0.0908 0.0017 0.0000 0.0000 0.0000 0.0000 0.0091 0.3665 0.0000 0.0000 0.0887 0.1284 
 72       72   (0)     12 :  0.4398 0.1776 0.0201 0.0214 0.0000 0.0003 0.0004 0.0069 0.1530 0.0000 0.0000 0.1805 0.0000 
 73       73   (0)     12 :  0.6215 0.1000 0.0000 0.0200 0.0000 0.0000 0.0000 0.0200 0.0800 0.0002 0.0000 0.1583 0.0000 
 74       74   (0)     12 :  0.8845 0.0265 0.0263 0.0000 0.0000 0.0000 0.0000 0.0006 0.0175 0.0000 0.0000 0.0446 0.0000 
 75       75   (0)     12 :  0.2074 0.0789 0.0026 0.0102 0.1334 0.0813 0.0843 0.0390 0.0597 0.0750 0.0000 0.1173 0.1109 
 76       76   (0)     12 :  0.7286 0.0764 0.0237 0.0000 0.0000 0.0000 0.0000 0.0194 0.0936 0.0000 0.0000 0.0568 0.0015 
 77       77   (0)     12 :  0.0000 0.0000 0.0000 0.0435 0.2800 0.3752 0.1560 0.1094 0.0000 0.0360 0.0000 0.0000 0.0000 
 78       78   (0)     12 :  0.0328 0.0135 0.0000 0.0527 0.1014 0.1806 0.3286 0.0542 0.0006 0.2244 0.0000 0.0000 0.0112 
 79       79   (0)     12 :  0.1286 0.1353 0.0200 0.0000 0.0000 0.0000 0.0000 0.1200 0.4304 0.0000 0.0000 0.1657 0.0000 
 80       80   (0)     12 :  0.0049 0.0102 0.0064 0.0684 0.1919 0.0535 0.1511 0.0843 0.0093 0.3222 0.0000 0.0087 0.0892 
 81       81   (0)     13 :  0.0000 0.0000 0.0000 0.0000 0.0000 0.0000 0.0000 0.0000 0.0000 0.0000 0.0000 0.0000 1.0000 
 82       82   (0)     13 :  0.3205 0.1806 0.0608 0.0000 0.0000 0.0000 0.0000 0.0256 0.0352 0.0000 0.0005 0.3769 0.0000 
 83       83   (0)     13 :  0.1895 0.0791 0.0200 0.0000 0.0000 0.0000 0.0000 0.0068 0.4616 0.0000 0.0000 0.2085 0.0344 
 84       84   (0)     13 :  0.4684 0.1116 0.0281 0.0000 0.0000 0.0000 0.0000 0.0000 0.2322 0.0000 0.0000 0.1597 0.0000 
 85       85   (0)     13 :  0.1724 0.1679 0.0042 0.0000 0.0000 0.0000 0.0000 0.0734 0.0573 0.0000 0.0000 0.5249 0.0000 
 86       86   (0)     13 :  0.2257 0.1786 0.0658 0.0000 0.0000 0.0000 0.0000 0.0262 0.1668 0.0000 0.0000 0.3326 0.0044 
 87       87   (0)     13 :  0.0024 0.0097 0.0003 0.0889 0.1250 0.4145 0.0976 0.1151 0.0047 0.1402 0.0000 0.0016 0.0000 
 88       88   (0)     13 :  0.2082 0.2141 0.0284 0.0043 0.0000 0.0000 0.0000 0.0082 0.1452 0.0000 0.0000 0.3917 0.0000 
 89       89   (0)     13 :  0.1251 0.1861 0.0200 0.0000 0.0000 0.0000 0.0000 0.0558 0.3023 0.0000 0.0000 0.3107 0.0000 
 90       90   (0)     13 :  0.1185 0.2322 0.0276 0.0000 0.0000 0.0000 0.0000 0.0800 0.2969 0.0000 0.0000 0.2448 0.0000 
 91       91   (0)     13 :  0.2601 0.0742 0.0000 0.0000 0.0000 0.0000 0.0000 0.0313 0.0487 0.0000 0.0000 0.2065 0.3793 
 92       92   (0)     13 :  0.2787 0.2321 0.0069 0.0023 0.0000 0.0071 0.0039 0.0000 0.1612 0.0021 0.0000 0.3057 0.0000 
 93       93   (0)     13 :  0.0000 0.0616 0.0000 0.1535 0.1451 0.2014 0.1658 0.1237 0.0023 0.1459 0.0000 0.0008 0.0000 
 94       94   (0)     13 :  0.3774 0.1580 0.0000 0.0000 0.0000 0.0000 0.0000 0.0126 0.0726 0.0000 0.0000 0.3794 0.0000 
 95       95   (0)     14 :  0.0000 0.0000 0.0001 0.1881 0.1802 0.1219 0.0724 0.1600 0.0000 0.2761 0.0011 0.0000 0.0000 
 96       96   (0)     14 :  0.1061 0.2034 0.0011 0.0000 0.0000 0.0000 0.0000 0.0085 0.0765 0.0000 0.0000 0.6043 0.0000 
 97       97   (0)     15 :  0.0000 0.0000 0.0000 0.0000 0.0000 0.0000 0.0000 0.0000 0.0000 0.0000 0.0000 0.0000 1.0000 
 98       98   (0)     15 :  0.0000 0.0200 0.0200 0.2200 0.3211 0.1789 0.1600 0.0600 0.0000 0.0200 0.0000 0.0000 0.0000 
 99       99   (0)     15 :  0.1801 0.0850 0.0094 0.0000 0.0000 0.0000 0.0000 0.0275 0.0662 0.0000 0.5277 0.1041 0.0000 
100      100   (0)     15 :  0.0000 0.0400 0.0400 0.4266 0.1250 0.0138 0.2035 0.0829 0.0000 0.0681 0.0000 0.0000 0.0000 
101      101   (0)     15 :  0.0000 0.0000 0.0000 0.0000 0.0000 0.0000 0.0000 0.0000 0.0000 0.0000 1.0000 0.0000 0.0000 
102      102   (0)     15 :  0.0000 0.0000 0.0204 0.0734 0.0700 0.6884 0.0266 0.1029 0.0000 0.0174 0.0009 0.0000 0.0000 
103      103   (0)     15 :  0.0000 0.0200 0.0000 0.0800 0.1529 0.5044 0.1493 0.0400 0.0000 0.0535 0.0000 0.0000 0.0000 
104      104   (0)     15 :  0.0000 0.0000 0.0000 0.0000 0.0000 0.0000 0.0000 0.0200 0.0000 0.0000 0.9800 0.0000 0.0000 
105      105   (0)     15 :  0.0000 0.0000 0.0000 0.0000 0.0000 0.0000 0.0000 0.0000 0.0000 0.0000 1.0000 0.0000 0.0000 
