  1        1   (0)      1 :  0.0109 0.0000 0.0038 0.0002 0.0081 0.0133 0.7265 0.0000 0.1667 0.0705 
  2        2   (0)      1 :  0.0562 0.0000 0.0796 0.0170 0.0086 0.0507 0.6399 0.0007 0.0008 0.1466 
  3        3   (0)      1 :  0.0000 0.0000 0.0025 0.0000 0.0000 0.0024 0.9879 0.0000 0.0000 0.0072 
  4        4   (0)      1 :  0.0000 0.0000 0.0000 0.0000 0.0000 0.0600 0.7800 0.0000 0.0000 0.1600 
  5        5   (0)      1 :  0.0084 0.0000 0.0261 0.1308 0.0003 0.0127 0.1599 0.0987 0.5001 0.0631 
  6        6   (0)      1 :  0.0069 0.0000 0.0223 0.1040 0.0168 0.0065 0.0680 0.0563 0.6602 0.0589 
  7        7   (0)      1 :  0.0621 0.0000 0.0085 0.0009 0.0179 0.0018 0.0108 0.0000 0.8557 0.0424 
  8        8   (0)      1 :  0.0000 0.0000 0.0199 0.0958 0.0050 0.0190 0.1786 0.0598 0.5443 0.0777 
  9        9   (0)      1 :  0.0000 0.0000 0.0000 0.0000 0.0000 0.0600 0.7800 0.0000 0.0000 0.1600 
 10       10   (0)      1 :  0.0398 0.0000 0.0141 0.0009 0.0602 0.0001 0.0000 0.0000 0.8054 0.0795 
 11       11   (0)      1 :  0.0698 0.0000 0.0378 0.0008 0.0514 0.0002 0.0010 0.0000 0.8000 0.0390 
 12       12   (0)      1 :  0.9400 0.0000 0.0600 0.0000 0.0000 0.0000 0.0000 0.0000 0.0000 0.0000 
 13       13   (0)      1 :  0.0356 0.0000 0.0077 0.0011 0.0604 0.0013 0.0000 0.0000 0.8034 0.0904 
 14       14   (0)      1 :  0.0905 0.0078 0.0084 0.0969 0.0170 0.0291 0.1577 0.1173 0.4284 0.0468 
 15       15   (0)      1 :  0.0000 0.0000 0.0000 0.9800 0.0000 0.0000 0.0000 0.0200 0.0000 0.0000 
 16       16   (0)      1 :  0.0000 0.0000 0.0200 0.0000 0.0000 0.0200 0.9000 0.0000 0.0000 0.0600 
 17       17   (0)      1 :  0.0000 0.0000 0.0200 0.0000 0.0000 0.0200 0.9000 0.0000 0.0000 0.0600 
 18       18   (0)      1 :  0.2016 0.0000 0.0200 0.0000 0.7200 0.0000 0.0000 0.0000 0.0584 0.0000 
 19       19   (0)      1 :  0.0301 0.0000 0.0523 0.0015 0.0451 0.0016 0.0085 0.0000 0.7648 0.0961 
 20       20   (0)      1 :  0.0310 0.0000 0.0183 0.0014 0.0445 0.0058 0.0017 0.0000 0.8099 0.0874 
 21       21   (0)      1 :  0.0000 0.0000 0.0032 0.0000 0.0000 0.0031 0.9844 0.0000 0.0000 0.0093 
 22       22   (0)      1 :  0.0000 0.0000 0.0000 0.9800 0.0000 0.0000 0.0000 0.0200 0.0000 0.0000 
 23       23   (0)      1 :  0.0502 0.0000 0.0360 0.0054 0.0129 0.0035 0.0113 0.0001 0.8170 0.0638 
 24       24   (0)      2 :  0.0000 0.0000 0.0059 0.0000 0.0000 0.0058 0.9708 0.0000 0.0000 0.0175 
 25       25   (0)      2 :  0.0014 0.0000 0.0009 0.0005 0.0072 0.0043 0.0000 0.0000 0.8966 0.0891 
 26       26   (0)      2 :  0.0053 0.0000 0.0058 0.0000 0.0101 0.0156 0.6330 0.0000 0.2775 0.0527 
 27       27   (0)      2 :  0.0480 0.0000 0.0328 0.0004 0.0792 0.0020 0.0457 0.0000 0.7419 0.0500 
 28       28   (0)      2 :  0.0033 0.0001 0.0030 0.0235 0.0178 0.0020 0.0508 0.0146 0.8237 0.0613 
 29       29   (0)      2 :  0.0302 0.0000 0.0596 0.0008 0.0601 0.0045 0.0519 0.0000 0.7102 0.0827 
 30       30   (0)      2 :  0.0000 0.3668 0.0000 0.0000 0.0000 0.6332 0.0000 0.0000 0.0000 0.0000 
 31       31   (0)      2 :  0.0282 0.0000 0.0108 0.0105 0.0565 0.0022 0.0259 0.0122 0.7857 0.0680 
 32       32   (0)      2 :  0.0000 0.0000 0.0009 0.0000 0.0000 0.0010 0.9954 0.0000 0.0000 0.0027 
 33       33   (0)      2 :  0.2015 0.0000 0.0200 0.0000 0.7200 0.0000 0.0000 0.0000 0.0585 0.0000 
 34       34   (0)      2 :  0.0150 0.0000 0.0107 0.0005 0.0217 0.0001 0.0013 0.0000 0.8884 0.0624 
 35       35   (0)      2 :  0.0578 0.0000 0.0360 0.0262 0.0419 0.0031 0.0285 0.0005 0.7344 0.0716 
 36       36   (0)      2 :  0.0000 0.0000 0.0000 0.0000 0.0005 0.0600 0.7772 0.0000 0.0000 0.1623 
 37       37   (0)      3 :  0.0357 0.0000 0.0363 0.0021 0.0283 0.0015 0.0212 0.0000 0.8068 0.0681 
 38       38   (0)      3 :  0.0153 0.0000 0.2339 0.0008 0.0291 0.0221 0.0341 0.0000 0.5492 0.1155 
 39       39   (0)      3 :  0.0293 0.0000 0.0365 0.0000 0.0127 0.0004 0.0106 0.0000 0.8305 0.0800 
 40       40   (0)      3 :  0.0477 0.0000 0.0125 0.0011 0.0257 0.0086 0.0253 0.0000 0.7923 0.0869 
 41       41   (0)      3 :  0.0256 0.0000 0.0487 0.0000 0.0201 0.0017 0.0057 0.0000 0.8603 0.0379 
 42       42   (0)      4 :  0.0000 0.6800 0.0000 0.0000 0.0000 0.2540 0.0000 0.0344 0.0000 0.0315 
 43       43   (0)      4 :  0.0343 0.0004 0.0211 0.0006 0.0140 0.0004 0.0001 0.0279 0.8552 0.0460 
 44       44   (0)      4 :  0.0000 0.8615 0.0000 0.0000 0.0000 0.1299 0.0000 0.0086 0.0000 0.0000 
 45       45   (0)      4 :  0.0000 0.7465 0.0000 0.0000 0.0000 0.2340 0.0000 0.0161 0.0000 0.0034 
 46       46   (0)      4 :  0.0163 0.0147 0.0035 0.0132 0.0160 0.0092 0.0395 0.0013 0.8126 0.0737 
 47       47   (0)      4 :  0.0047 0.0000 0.0015 0.0010 0.0281 0.0000 0.0001 0.0000 0.8675 0.0970 
 48       48   (0)      4 :  0.0530 0.0000 0.0134 0.0011 0.0513 0.0045 0.0002 0.0000 0.7761 0.1003 
 49       49   (0)      4 :  0.0271 0.0000 0.0000 0.0003 0.0060 0.0010 0.0041 0.0000 0.9060 0.0555 
 50       50   (0)      4 :  0.0638 0.0000 0.0267 0.0000 0.0843 0.0000 0.0000 0.0000 0.5633 0.2619 
 51       51   (0)      4 :  0.0062 0.1494 0.0024 0.0420 0.0117 0.1851 0.0009 0.2710 0.2682 0.0631 
 52       52   (0)      4 :  0.0102 0.0053 0.0040 0.0013 0.0468 0.0098 0.0013 0.0369 0.8037 0.0807 
 53       53   (0)      4 :  0.0324 0.0007 0.0158 0.0003 0.0218 0.0082 0.0000 0.0001 0.8657 0.0551 
 54       54   (0)      4 :  0.0034 0.0192 0.0386 0.0123 0.0153 0.0133 0.0057 0.0032 0.8114 0.0778 
 55       55   (0)      4 :  0.0694 0.0000 0.0287 0.0000 0.0871 0.0000 0.0015 0.0000 0.5491 0.2641 
 56       56   (0)      4 :  0.0000 0.6944 0.0000 0.0000 0.0000 0.2128 0.0000 0.0346 0.0000 0.0581 
 57       57   (0)      5 :  0.0295 0.0000 0.0021 0.0006 0.0213 0.0044 0.0083 0.0000 0.8954 0.0385 
 58       58   (0)      5 :  0.0114 0.0000 0.0233 0.0007 0.0718 0.0046 0.0001 0.0000 0.8285 0.0596 
 59       59   (0)      5 :  0.0000 0.8091 0.0000 0.0000 0.0000 0.1655 0.0000 0.0000 0.0000 0.0254 
 60       60   (0)      5 :  0.0435 0.0000 0.0035 0.0017 0.0310 0.0000 0.0000 0.0000 0.8616 0.0587 
 61       61   (0)      5 :  0.0090 0.2585 0.0767 0.0902 0.0005 0.1981 0.0024 0.0772 0.2739 0.0135 
 62       62   (0)      5 :  0.0000 0.5985 0.0000 0.0000 0.0000 0.3730 0.0000 0.0200 0.0000 0.0085 
 63       63   (0)      5 :  0.0218 0.0779 0.0221 0.0078 0.0108 0.0979 0.0311 0.0478 0.6343 0.0483 
 64       64   (0)      5 :  0.0579 0.0000 0.0530 0.0013 0.0262 0.0000 0.0003 0.0000 0.8197 0.0417 
 65       65   (0)      5 :  0.0300 0.0000 0.0001 0.0003 0.0151 0.0000 0.0000 0.0000 0.9239 0.0305 
 66       66   (0)      5 :  0.0085 0.0000 0.0140 0.0005 0.0117 0.0006 0.0229 0.0000 0.8777 0.0641 
 67       67   (0)      5 :  0.0000 0.2940 0.0006 0.0292 0.0000 0.3976 0.0000 0.1331 0.1222 0.0233 
 68       68   (0)      5 :  0.0000 0.7059 0.0000 0.0000 0.0000 0.2651 0.0000 0.0200 0.0000 0.0090 
 69       69   (0)      5 :  0.0169 0.0853 0.0707 0.0029 0.0147 0.1410 0.0184 0.0196 0.5567 0.0738 
 70       70   (0)      5 :  0.0000 0.3800 0.0000 0.0000 0.0000 0.5600 0.0000 0.0400 0.0000 0.0200 
 71       71   (0)      5 :  0.0000 0.3645 0.0000 0.0000 0.0000 0.5621 0.0000 0.0200 0.0000 0.0534 
 72       72   (0)      5 :  0.0393 0.0518 0.0025 0.0035 0.0150 0.0591 0.0104 0.0051 0.7409 0.0724 
 73       73   (0)      5 :  0.0218 0.0000 0.0179 0.0013 0.0275 0.0050 0.0288 0.0000 0.8126 0.0850 
 74       74   (0)      5 :  0.0000 0.7641 0.0000 0.0000 0.0000 0.1540 0.0000 0.0405 0.0000 0.0414 
 75       75   (0)      6 :  0.0000 0.4756 0.0000 0.0000 0.0000 0.4863 0.0000 0.0056 0.0000 0.0325 
 76       76   (0)      6 :  0.0289 0.0153 0.0004 0.0132 0.0237 0.0327 0.0128 0.0204 0.8040 0.0485 
 77       77   (0)      6 :  0.0000 0.6535 0.0000 0.0000 0.0000 0.3096 0.0000 0.0105 0.0000 0.0265 
 78       78   (0)      6 :  0.0000 0.6377 0.0000 0.0000 0.0000 0.3001 0.0000 0.0222 0.0000 0.0400 
 79       79   (0)      6 :  0.0000 0.4792 0.0000 0.0000 0.0000 0.4921 0.0000 0.0087 0.0000 0.0200 
 80       80   (0)      6 :  0.0000 0.0000 0.0027 0.0020 0.0003 0.0141 0.9426 0.0001 0.0000 0.0383 
 81       81   (0)      6 :  0.0000 0.3484 0.0000 0.0000 0.0000 0.6043 0.0000 0.0195 0.0000 0.0278 
 82       82   (0)      6 :  0.0000 0.3772 0.0000 0.0000 0.0000 0.5971 0.0000 0.0134 0.0000 0.0123 
 83       83   (0)      6 :  0.0000 0.2108 0.0000 0.0081 0.0000 0.7411 0.0000 0.0256 0.0000 0.0143 
 84       84   (0)      6 :  0.0000 0.2600 0.0000 0.0000 0.0000 0.7000 0.0000 0.0200 0.0000 0.0200 
 85       85   (0)      6 :  0.0000 0.5380 0.0000 0.0000 0.0000 0.4386 0.0000 0.0076 0.0000 0.0157 
 86       86   (0)      6 :  0.0000 0.2100 0.0000 0.0000 0.0000 0.7656 0.0000 0.0137 0.0000 0.0107 
 87       87   (0)      6 :  0.0000 0.8235 0.0000 0.0000 0.0000 0.1553 0.0000 0.0212 0.0000 0.0000 
 88       88   (0)      6 :  0.0000 0.8559 0.0000 0.0000 0.0000 0.0989 0.0000 0.0271 0.0000 0.0181 
 89       89   (0)      6 :  0.0000 0.7293 0.0000 0.0000 0.0000 0.2429 0.0000 0.0278 0.0000 0.0000 
 90       90   (0)      6 :  0.0000 0.0923 0.0000 0.0000 0.0000 0.0844 0.6732 0.0057 0.0000 0.1445 
 91       91   (0)      6 :  0.0000 0.8342 0.0000 0.0000 0.0000 0.0616 0.0000 0.0642 0.0000 0.0400 
 92       92   (0)      6 :  0.0182 0.0000 0.1333 0.0003 0.0132 0.0204 0.0178 0.0272 0.6450 0.1244 
 93       93   (0)      6 :  0.0000 0.0041 0.0000 0.0493 0.0021 0.0085 0.0111 0.9214 0.0002 0.0033 
 94       94   (0)      6 :  0.0183 0.0000 0.0324 0.0006 0.0281 0.0017 0.0000 0.0583 0.7520 0.1085 
 95       95   (0)      6 :  0.0004 0.0015 0.0031 0.0235 0.0023 0.0026 0.0000 0.9231 0.0316 0.0117 
 96       96   (0)      6 :  0.0000 0.0000 0.0022 0.0150 0.0001 0.0058 0.0000 0.9282 0.0363 0.0124 
 97       97   (0)      6 :  0.0420 0.0011 0.0367 0.0009 0.0198 0.0016 0.0000 0.1617 0.6631 0.0731 
 98       98   (0)      6 :  0.0000 0.0000 0.0000 0.1691 0.0000 0.0037 0.0029 0.7922 0.0250 0.0070 
 99       99   (0)      7 :  0.0000 0.6037 0.0000 0.0000 0.0000 0.3331 0.0000 0.0232 0.0000 0.0400 
100      100   (0)      7 :  0.0182 0.0834 0.0126 0.0335 0.0062 0.0507 0.0118 0.1472 0.5772 0.0591 
101      101   (0)      7 :  0.0000 0.0000 0.0000 0.9800 0.0000 0.0000 0.0000 0.0200 0.0000 0.0000 
102      102   (0)      7 :  0.0000 0.0000 0.0000 0.9800 0.0000 0.0000 0.0000 0.0200 0.0000 0.0000 
103      103   (0)      7 :  0.1042 0.0000 0.0471 0.0010 0.0387 0.0039 0.0000 0.0005 0.6954 0.1092 
104      104   (0)      7 :  0.0381 0.0000 0.0808 0.0011 0.0291 0.0140 0.0353 0.0005 0.6812 0.1199 
105      105   (0)      7 :  0.0073 0.0000 0.0552 0.0000 0.0072 0.0001 0.0349 0.0000 0.7705 0.1249 
106      106   (0)      7 :  0.0171 0.0000 0.0307 0.0009 0.0188 0.0000 0.0050 0.0000 0.8091 0.1185 
107      107   (0)      7 :  0.0345 0.0000 0.0016 0.0008 0.0470 0.0033 0.0001 0.0000 0.8174 0.0953 
108      108   (0)      8 :  0.0000 0.0000 0.9611 0.0000 0.0000 0.0000 0.0000 0.0000 0.0189 0.0200 
109      109   (0)      8 :  0.0336 0.0000 0.0405 0.0010 0.0267 0.0002 0.0045 0.0000 0.8261 0.0674 
110      110   (0)      8 :  0.9400 0.0000 0.0600 0.0000 0.0000 0.0000 0.0000 0.0000 0.0000 0.0000 
111      111   (0)      8 :  0.0600 0.0000 0.1000 0.0200 0.4200 0.0000 0.0000 0.0000 0.0600 0.3400 
112      112   (0)      8 :  0.0000 0.0000 0.0000 0.9800 0.0000 0.0000 0.0000 0.0200 0.0000 0.0000 
113      113   (0)      8 :  0.0154 0.0000 0.0107 0.0010 0.0137 0.0002 0.0010 0.0000 0.9006 0.0574 
114      114   (0)      8 :  0.0571 0.0000 0.0035 0.0005 0.0066 0.0002 0.0000 0.0000 0.8744 0.0578 
115      115   (0)      8 :  0.0000 0.0000 0.9611 0.0000 0.0000 0.0000 0.0000 0.0000 0.0189 0.0200 
116      116   (0)      8 :  0.0600 0.0000 0.1000 0.0200 0.4200 0.0000 0.0000 0.0000 0.0600 0.3400 
117      117   (0)      8 :  0.0007 0.0118 0.1113 0.0013 0.0175 0.0137 0.0162 0.0879 0.6207 0.1190 
118      118   (0)      8 :  0.0328 0.0000 0.0176 0.0000 0.0064 0.0011 0.0420 0.0000 0.8392 0.0610 
119      119   (0)      9 :  0.0000 0.3495 0.0000 0.0000 0.0000 0.5421 0.0000 0.0305 0.0000 0.0779 
120      120   (0)     10 :  0.0162 0.0000 0.0501 0.0471 0.0356 0.0009 0.0019 0.0009 0.7817 0.0656 
121      121   (0)     10 :  0.0173 0.0000 0.0053 0.0018 0.0435 0.0000 0.0000 0.0000 0.8483 0.0838 
122      122   (0)     10 :  0.0260 0.0000 0.0456 0.0003 0.0230 0.0051 0.0005 0.0000 0.8247 0.0748 
123      123   (0)     10 :  0.0356 0.0568 0.0971 0.0124 0.0269 0.0177 0.0346 0.0024 0.6301 0.0865 
124      124   (0)     10 :  0.0059 0.0000 0.0240 0.0536 0.0355 0.0052 0.0000 0.0011 0.8139 0.0608 
125      125   (0)     10 :  0.0161 0.0005 0.0026 0.0389 0.0395 0.0048 0.0068 0.1386 0.6840 0.0681 
126      126   (0)     10 :  0.0119 0.0000 0.0194 0.0166 0.0254 0.0005 0.0000 0.0010 0.8585 0.0666 
127      127   (0)     10 :  0.0152 0.0000 0.0389 0.0008 0.0225 0.0005 0.0003 0.0000 0.8751 0.0467 
128      128   (0)     10 :  0.0107 0.0000 0.0177 0.0232 0.0424 0.0020 0.0086 0.0006 0.8174 0.0774 
129      129   (0)     10 :  0.0239 0.0000 0.0051 0.0002 0.0221 0.0035 0.0097 0.0000 0.8643 0.0712 
130      130   (0)     10 :  0.0198 0.0000 0.0016 0.0000 0.0011 0.0016 0.0027 0.0000 0.9295 0.0437 
131      131   (0)     10 :  0.0038 0.0000 0.0296 0.0356 0.0290 0.0046 0.0209 0.0044 0.7786 0.0934 
132      132   (0)     10 :  0.0004 0.0000 0.0222 0.0542 0.0135 0.0058 0.0333 0.0438 0.7722 0.0546 
133      133   (0)     10 :  0.0160 0.0054 0.0349 0.0219 0.0406 0.0100 0.0024 0.0305 0.7675 0.0709 
134      134   (0)     10 :  0.0291 0.0056 0.0329 0.0431 0.0153 0.0060 0.0000 0.0319 0.7847 0.0514 
135      135   (0)     10 :  0.0297 0.0000 0.0714 0.0364 0.0079 0.0025 0.0065 0.0007 0.7847 0.0600 
136      136   (0)     10 :  0.0356 0.0000 0.0182 0.0129 0.0136 0.0033 0.0014 0.0002 0.8262 0.0886 
137      137   (0)     11 :  0.0000 0.6995 0.0000 0.0874 0.0000 0.1794 0.0000 0.0240 0.0000 0.0098 
138      138   (0)     12 :  0.0211 0.0004 0.0279 0.0518 0.0396 0.0029 0.1011 0.1353 0.5615 0.0585 
139      139   (0)     12 :  0.0012 0.0455 0.0000 0.0746 0.0138 0.1788 0.0016 0.4115 0.2383 0.0346 
140      140   (0)     12 :  0.0000 0.0000 0.0022 0.0475 0.0000 0.0139 0.8980 0.0010 0.0000 0.0374 
141      141   (0)     12 :  0.2231 0.0000 0.0000 0.0351 0.0000 0.0203 0.0000 0.7145 0.0000 0.0070 
142      142   (0)     12 :  0.0338 0.0000 0.0210 0.0532 0.0275 0.0021 0.0338 0.0149 0.7442 0.0696 
143      143   (0)     12 :  0.0135 0.0029 0.0020 0.0908 0.0185 0.0231 0.0048 0.6317 0.1550 0.0577 
144      144   (0)     12 :  0.0183 0.0001 0.0004 0.1203 0.0045 0.0045 0.0573 0.0443 0.7093 0.0410 
145      145   (0)     12 :  0.0373 0.0000 0.0123 0.0000 0.0011 0.0197 0.5526 0.0000 0.3023 0.0746 
146      146   (0)     13 :  0.0000 0.8511 0.0000 0.0000 0.0000 0.0807 0.0000 0.0282 0.0000 0.0400 
147      147   (0)     13 :  0.0000 0.5946 0.0000 0.0000 0.0000 0.3431 0.0000 0.0255 0.0000 0.0369 
148      148   (0)     13 :  0.0000 0.7410 0.0000 0.0000 0.0000 0.2077 0.0000 0.0464 0.0000 0.0048 
149      149   (0)     13 :  0.0000 0.5486 0.0000 0.0000 0.0000 0.3915 0.0000 0.0321 0.0000 0.0278 
150      150   (0)     13 :  0.0000 0.8175 0.0000 0.0000 0.0000 0.1064 0.0000 0.0161 0.0000 0.0600 
151      151   (0)     14 :  0.0000 0.7546 0.0000 0.0000 0.0000 0.2364 0.0000 0.0089 0.0000 0.0000 
152      152   (0)     14 :  0.0140 0.0000 0.0246 0.0008 0.0393 0.0019 0.0150 0.0000 0.8263 0.0780 
153      153   (0)     15 :  0.0001 0.0037 0.0025 0.0223 0.0003 0.0370 0.0000 0.8962 0.0289 0.0090 
154      154   (0)     15 :  0.0000 0.5168 0.0000 0.0000 0.0000 0.4125 0.0000 0.0273 0.0000 0.0434 
155      155   (0)     16 :  0.0143 0.0000 0.0236 0.0382 0.0177 0.0006 0.0024 0.0321 0.8095 0.0614 
156      156   (0)     16 :  0.0758 0.0000 0.0314 0.0131 0.0236 0.0047 0.0291 0.0002 0.7463 0.0757 
157      157   (0)     17 :  0.0101 0.0052 0.0027 0.1265 0.0000 0.0260 0.0114 0.7990 0.0157 0.0034 
158      158   (0)     17 :  0.0000 0.0000 0.0000 0.0033 0.0000 0.0600 0.7766 0.0001 0.0000 0.1600 
159      159   (0)     18 :  0.0185 0.0000 0.0113 0.0149 0.0149 0.0022 0.0000 0.0098 0.8343 0.0940 
160      160   (0)     18 :  0.0538 0.0000 0.0170 0.0007 0.0266 0.0001 0.0003 0.0000 0.8560 0.0455 
161      161   (0)     18 :  0.0466 0.0000 0.0212 0.0005 0.0447 0.0008 0.0001 0.0000 0.8043 0.0818 
162      162   (0)     19 :  0.0114 0.0000 0.0418 0.0349 0.0610 0.0004 0.0000 0.0597 0.6775 0.1132 
163      163   (0)     19 :  0.0090 0.0505 0.0732 0.1887 0.0213 0.0981 0.0047 0.2106 0.2698 0.0741 
164      164   (0)     19 :  0.0165 0.0000 0.2284 0.0005 0.0269 0.0209 0.0371 0.0000 0.5492 0.1204 
