1        1   (0)      1  : 0.0000 0.5271 0.1499 0.0000 0.3231
2        2   (0)      1  : 0.9114 0.0292 0.0000 0.0456 0.0138
3        3   (0)      1  : 0.0000 0.8121 0.0000 0.0000 0.1879
4        4   (0)      1  : 0.0000 0.6554 0.0000 0.0000 0.3446
5        5   (0)      1  : 0.0165 0.7388 0.0000 0.0093 0.2354
6        6   (0)      1  : 0.9384 0.0279 0.0000 0.0194 0.0144
7        7   (0)      1  : 0.0158 0.6714 0.0000 0.0000 0.3128
8        8   (0)      1  : 0.9555 0.0255 0.0000 0.0055 0.0136
9        9   (0)      1  : 0.0000 0.7133 0.0000 0.0001 0.2867
10       10   (0)      2  : 0.0000 0.4960 0.0000 0.0000 0.5040
11       11   (0)      2  : 0.0000 0.7184 0.0000 0.0045 0.2770
12       12   (0)      2  : 0.9691 0.0075 0.0000 0.0121 0.0112
13       13   (0)      3  : 0.0000 0.5091 0.0000 0.0000 0.4909
14       14   (0)      3  : 0.0000 0.0000 0.0000 1.0000 0.0000
15       15   (0)      3  : 0.9291 0.0035 0.0335 0.0171 0.0169
16       16   (0)      3  : 0.0000 0.0000 1.0000 0.0000 0.0000
17       17   (0)      4  : 0.0000 0.0000 0.5888 0.4112 0.0000
18       18   (0)      4  : 0.9079 0.0088 0.0067 0.0413 0.0354
19       19   (0)      5  : 0.9698 0.0086 0.0000 0.0000 0.0215
20       20   (0)      5  : 0.0000 0.0418 0.0000 0.2683 0.6899
21       21   (0)      5  : 0.0182 0.8602 0.0000 0.0000 0.1216
22       22   (0)      5  : 0.0098 0.6857 0.0000 0.0014 0.3031
23       23   (0)      5  : 0.0000 0.7830 0.0000 0.0000 0.2170
24       24   (0)      5  : 0.0000 0.5726 0.0000 0.0209 0.4065
25       25   (0)      5  : 0.0000 0.5589 0.0642 0.0038 0.3731
26       26   (0)      5  : 0.4905 0.3570 0.0000 0.0000 0.1526
27       27   (0)      5  : 0.0000 0.0000 1.0000 0.0000 0.0000
28       28   (0)      5  : 0.0000 0.0000 1.0000 0.0000 0.0000
29       29   (0)      5  : 0.9093 0.0000 0.0401 0.0506 0.0000
30       30   (0)      5  : 0.9896 0.0003 0.0000 0.0097 0.0004
31       31   (0)      5  : 0.4851 0.2468 0.0000 0.0109 0.2573
32       32   (0)      5  : 0.0000 0.5545 0.0000 0.0133 0.4321
33       33   (0)      5  : 0.9243 0.0320 0.0000 0.0245 0.0192
34       34   (0)      5  : 0.9714 0.0000 0.0000 0.0219 0.0068
35       35   (0)      5  : 0.9711 0.0035 0.0000 0.0205 0.0049
36       36   (0)      6  : 0.9277 0.0013 0.0580 0.0000 0.0130
37       37   (0)      6  : 0.0000 0.0000 1.0000 0.0000 0.0000
38       38   (0)      6  : 0.9702 0.0000 0.0000 0.0298 0.0000
39       39   (0)      6  : 0.5310 0.3389 0.0000 0.0000 0.1301
40       40   (0)      6  : 0.9767 0.0005 0.0000 0.0000 0.0228
41       41   (0)      6  : 0.9193 0.0371 0.0000 0.0378 0.0058
42       42   (0)      6  : 0.9070 0.0689 0.0000 0.0061 0.0181
43       43   (0)      6  : 0.8674 0.0616 0.0000 0.0470 0.0241
44       44   (0)      6  : 0.9583 0.0000 0.0000 0.0380 0.0036
45       45   (0)      6  : 1.0000 0.0000 0.0000 0.0000 0.0000
46       46   (0)      6  : 0.0000 0.0598 0.0000 0.2836 0.6566
47       47   (0)      6  : 0.9814 0.0097 0.0000 0.0000 0.0089
48       48   (0)      7  : 0.9748 0.0000 0.0000 0.0215 0.0037
49       49   (0)      7  : 0.3899 0.3789 0.0001 0.0000 0.2310
50       50   (0)      7  : 0.9561 0.0290 0.0000 0.0001 0.0149
51       51   (0)      8  : 0.9089 0.0000 0.0832 0.0000 0.0079
52       52   (0)      8  : 0.8314 0.0000 0.1686 0.0000 0.0000
53       53   (0)      9  : 0.9588 0.0000 0.0000 0.0355 0.0057
54       54   (0)     10  : 0.9998 0.0000 0.0000 0.0002 0.0000
55       55   (0)     10  : 0.0000 0.5375 0.0000 0.0000 0.4625
56       56   (0)     10  : 0.0000 0.0000 1.0000 0.0000 0.0000
57       57   (0)     10  : 0.9663 0.0000 0.0000 0.0337 0.0000
58       58   (0)     11  : 0.8747 0.0084 0.1088 0.0001 0.0081
59       59   (0)     11  : 0.0000 0.6208 0.0883 0.0000 0.2909
60       60   (0)     11  : 0.0657 0.0009 0.9154 0.0000 0.0180
61       61   (0)     11  : 0.9996 0.0000 0.0000 0.0002 0.0002
62       62   (0)     11  : 0.9670 0.0000 0.0287 0.0043 0.0000
63       63   (0)     11  : 0.7088 0.0000 0.2912 0.0000 0.0000
64       64   (0)     11  : 0.9392 0.0000 0.0227 0.0307 0.0074
65       65   (0)     11  : 0.0000 0.0000 1.0000 0.0000 0.0000
66       66   (0)     11  : 0.9398 0.0000 0.0602 0.0000 0.0000
67       67   (0)     11  : 0.0000 0.8326 0.0131 0.0000 0.1543
68       68   (0)     11  : 0.0000 0.4374 0.4374 0.0000 0.1252
69       69   (0)     11  : 0.4635 0.0001 0.5364 0.0000 0.0000
70       70   (0)     11  : 0.9789 0.0052 0.0000 0.0000 0.0158
71       71   (0)     11  : 0.0000 0.5219 0.1698 0.0000 0.3083
72       72   (0)     12  : 0.0008 0.7150 0.0000 0.0000 0.2842
73       73   (0)     12  : 0.0000 0.6795 0.0000 0.0000 0.3205
74       74   (0)     12  : 0.0000 0.7230 0.0000 0.0002 0.2768
75       75   (0)     12  : 0.3922 0.2912 0.1284 0.0000 0.1882
76       76   (0)     12  : 0.0000 0.5099 0.0231 0.0000 0.4670
77       77   (0)     12  : 0.9432 0.0285 0.0000 0.0135 0.0148
78       78   (0)     12  : 0.8851 0.0480 0.0396 0.0000 0.0273
79       79   (0)     12  : 0.0000 0.8056 0.0000 0.0000 0.1944
80       80   (0)     12  : 0.8443 0.0144 0.1187 0.0000 0.0226
81       81   (0)     13  : 0.0000 0.0000 1.0000 0.0000 0.0000
82       82   (0)     13  : 0.0000 0.5610 0.0000 0.0389 0.4002
83       83   (0)     13  : 0.0000 0.6484 0.0927 0.0000 0.2589
84       84   (0)     13  : 0.0000 0.4805 0.0000 0.0000 0.5195
85       85   (0)     13  : 0.0000 0.6993 0.0000 0.0117 0.2890
86       86   (0)     13  : 0.0000 0.6331 0.0369 0.0000 0.3300
87       87   (0)     13  : 0.9377 0.0427 0.0000 0.0002 0.0194
88       88   (0)     13  : 0.0000 0.5372 0.0000 0.0000 0.4628
89       89   (0)     13  : 0.0000 0.7265 0.0000 0.0028 0.2707
90       90   (0)     13  : 0.0000 0.6248 0.0000 0.0000 0.3752
91       91   (0)     13  : 0.0000 0.2761 0.3849 0.0000 0.3390
92       92   (0)     13  : 0.0402 0.6879 0.0000 0.0000 0.2719
93       93   (0)     13  : 0.9316 0.0391 0.0000 0.0000 0.0294
94       94   (0)     13  : 0.0000 0.6821 0.0000 0.0034 0.3145
95       95   (0)     14  : 0.9410 0.0103 0.0000 0.0317 0.0170
96       96   (0)     14  : 0.0000 0.6597 0.0000 0.0046 0.3358
97       97   (0)     15  : 0.0000 0.0000 1.0000 0.0000 0.0000
98       98   (0)     15  : 0.9934 0.0000 0.0000 0.0000 0.0066
99       99   (0)     15  : 0.0000 0.3319 0.0000 0.5183 0.1498
100      100   (0)     15  : 0.9735 0.0003 0.0000 0.0226 0.0036
101      101   (0)     15  : 0.0000 0.0000 0.0000 1.0000 0.0000
102      102   (0)     15  : 0.9425 0.0000 0.0000 0.0493 0.0082
103      103   (0)     15  : 0.8930 0.0318 0.0000 0.0407 0.0344
104      104   (0)     15  : 0.0000 0.0000 0.0000 1.0000 0.0000
105      105   (0)     15  : 0.0000 0.0000 0.0000 1.0000 0.0000
