1        1   (0)      1  : 0.0000 0.4067 0.0000 0.0000 0.0000 0.0000 0.0000 0.0000 0.0000 0.0000 0.0000 0.0000 0.4822 0.0000 0.0000 0.0000 0.1111
2        2   (0)      2  : 0.0000 0.0000 0.0000 0.0000 0.0000 0.7705 0.0000 0.0000 0.0000 0.0000 0.0000 0.0000 0.0000 0.0000 0.1111 0.1111 0.0073
3        3   (0)      2  : 0.1790 0.0000 0.0000 0.0000 0.0000 0.0000 0.0000 0.0000 0.0220 0.0000 0.0000 0.0909 0.0000 0.7081 0.0000 0.0000 0.0000
4        4   (0)      3  : 0.0000 0.0000 0.0000 0.0000 0.0000 0.0109 0.0000 0.0000 0.8196 0.0000 0.0348 0.0944 0.0000 0.0000 0.0000 0.0129 0.0274
5        5   (0)      3  : 0.1677 0.0000 0.0000 0.0000 0.0000 0.0000 0.0018 0.0000 0.6849 0.0000 0.0062 0.0278 0.0000 0.0004 0.0000 0.0000 0.1111
6        6   (0)      3  : 0.0788 0.0000 0.0000 0.0000 0.0216 0.0000 0.0000 0.0000 0.7832 0.0000 0.0000 0.0000 0.0000 0.1163 0.0000 0.0000 0.0000
7        7   (0)      3  : 0.1111 0.0000 0.0000 0.6312 0.0000 0.1149 0.0000 0.0000 0.0000 0.0009 0.0046 0.0000 0.0000 0.0000 0.1111 0.0263 0.0000
8        8   (0)      3  : 0.0000 0.0000 0.0000 0.0000 0.0011 0.0160 0.0000 0.0000 0.4366 0.0000 0.0000 0.2945 0.0000 0.0480 0.1871 0.0167 0.0000
9        9   (0)      3  : 0.0003 0.0000 0.0000 0.0000 0.0000 0.0000 0.0000 0.0000 0.0456 0.0000 0.0000 0.0000 0.0000 0.9541 0.0000 0.0000 0.0000
10       10   (0)      4  : 0.1111 0.0000 0.0000 0.0000 0.0000 0.0000 0.0000 0.0000 0.6976 0.0000 0.0000 0.0343 0.0000 0.1404 0.0166 0.0000 0.0000
11       11   (0)      4  : 0.1872 0.0000 0.0000 0.0000 0.0000 0.0000 0.5289 0.0000 0.0000 0.0000 0.0000 0.1594 0.0000 0.1245 0.0000 0.0000 0.0000
12       12   (0)      4  : 0.2008 0.0000 0.0000 0.0000 0.0000 0.0000 0.0000 0.0000 0.0517 0.0000 0.0000 0.0000 0.0000 0.7475 0.0000 0.0000 0.0000
13       13   (0)      4  : 0.0000 0.0000 0.0000 0.0000 0.0000 0.0000 0.0000 0.0000 0.1111 0.0000 0.0000 0.4417 0.0000 0.4039 0.0433 0.0000 0.0000
14       14   (0)      5  : 0.0000 0.0000 0.4444 0.0000 0.0000 0.0000 0.0000 0.0000 0.0000 0.0000 0.4444 0.0000 0.0000 0.0000 0.1111 0.0000 0.0000
15       15   (0)      5  : 0.0000 0.0000 0.0000 1.0000 0.0000 0.0000 0.0000 0.0000 0.0000 0.0000 0.0000 0.0000 0.0000 0.0000 0.0000 0.0000 0.0000
16       16   (0)      5  : 0.0000 0.0000 0.0000 0.0000 0.0000 1.0000 0.0000 0.0000 0.0000 0.0000 0.0000 0.0000 0.0000 0.0000 0.0000 0.0000 0.0000
17       17   (0)      5  : 0.0000 0.0000 0.0000 0.0000 0.0000 0.0000 1.0000 0.0000 0.0000 0.0000 0.0000 0.0000 0.0000 0.0000 0.0000 0.0000 0.0000
18       18   (0)      5  : 0.0000 0.0000 0.0000 0.0000 0.0000 0.0000 0.0000 0.0000 0.0000 0.0000 0.0000 1.0000 0.0000 0.0000 0.0000 0.0000 0.0000
19       19   (0)      5  : 0.0000 0.0000 0.0000 0.0000 0.0000 0.0000 1.0000 0.0000 0.0000 0.0000 0.0000 0.0000 0.0000 0.0000 0.0000 0.0000 0.0000
20       20   (0)      5  : 0.0408 0.0000 0.0000 0.0000 0.0000 0.0000 0.0000 0.0000 0.0000 0.0000 0.0000 0.1146 0.0000 0.7041 0.1405 0.0000 0.0000
21       21   (0)      5  : 0.0221 0.0000 0.0000 0.0000 0.0000 0.0000 0.0000 0.0000 0.0000 0.0000 0.0000 0.6344 0.0000 0.3435 0.0000 0.0000 0.0000
22       22   (0)      5  : 0.0000 0.0000 0.0000 0.0000 0.0000 0.0000 1.0000 0.0000 0.0000 0.0000 0.0000 0.0000 0.0000 0.0000 0.0000 0.0000 0.0000
23       23   (0)      5  : 0.0000 0.0000 0.0000 0.0000 0.0000 0.0000 0.0020 0.0000 0.0000 0.0000 0.0000 0.0000 0.0000 0.9980 0.0000 0.0000 0.0000
24       24   (0)      5  : 0.0000 0.0000 0.0000 1.0000 0.0000 0.0000 0.0000 0.0000 0.0000 0.0000 0.0000 0.0000 0.0000 0.0000 0.0000 0.0000 0.0000
25       25   (0)      5  : 0.0000 0.0000 0.1449 0.0000 0.0000 0.0000 0.0000 0.0000 0.0000 0.0000 0.6329 0.0000 0.0000 0.0000 0.0000 0.0000 0.2222
26       26   (0)      5  : 0.2693 0.0000 0.0000 0.0000 0.0000 0.0000 0.0000 0.0000 0.0000 0.0000 0.0000 0.7026 0.0000 0.0281 0.0000 0.0000 0.0000
27       27   (0)      5  : 0.0000 0.0000 0.0000 1.0000 0.0000 0.0000 0.0000 0.0000 0.0000 0.0000 0.0000 0.0000 0.0000 0.0000 0.0000 0.0000 0.0000
28       28   (0)      5  : 0.0000 0.0000 0.0000 0.5709 0.0000 0.0000 0.0000 0.0000 0.0000 0.2069 0.0000 0.0000 0.0000 0.0000 0.1111 0.0000 0.1111
29       29   (0)      6  : 0.0000 0.7347 0.0000 0.0000 0.0000 0.0000 0.0000 0.0000 0.0000 0.0000 0.0000 0.0000 0.1542 0.0000 0.0000 0.1111 0.0000
30       30   (0)      6  : 0.0000 0.0000 0.0000 0.0000 0.7360 0.0000 0.0000 0.0000 0.0000 0.0000 0.0000 0.0000 0.0000 0.0000 0.2338 0.0239 0.0063
31       31   (0)      6  : 0.1424 0.0000 0.0000 0.0000 0.0000 0.0000 0.0000 0.0000 0.2222 0.0000 0.0000 0.0000 0.0000 0.5243 0.0000 0.0000 0.1111
32       32   (0)      6  : 0.0566 0.0000 0.0000 0.0000 0.0000 0.0000 0.1666 0.0000 0.6538 0.0000 0.0000 0.0000 0.0000 0.0888 0.0000 0.0000 0.0341
33       33   (0)      6  : 0.0000 0.0000 0.0000 0.0000 0.0000 0.0000 0.0000 1.0000 0.0000 0.0000 0.0000 0.0000 0.0000 0.0000 0.0000 0.0000 0.0000
34       34   (0)      6  : 0.0000 0.0000 0.5542 0.0000 0.0000 0.0000 0.0000 0.0000 0.0000 0.0000 0.4041 0.0000 0.0000 0.0000 0.0417 0.0000 0.0000
35       35   (0)      6  : 0.0000 1.0000 0.0000 0.0000 0.0000 0.0000 0.0000 0.0000 0.0000 0.0000 0.0000 0.0000 0.0000 0.0000 0.0000 0.0000 0.0000
36       36   (0)      6  : 0.0000 0.7778 0.0000 0.0000 0.0000 0.0000 0.0000 0.0000 0.0000 0.0000 0.0000 0.0000 0.0000 0.0000 0.0000 0.1111 0.1111
37       37   (0)      7  : 0.0000 0.0000 0.0000 0.0000 0.7423 0.0000 0.0000 0.0000 0.0000 0.0000 0.0000 0.0000 0.0000 0.0000 0.2577 0.0000 0.0000
38       38   (0)      7  : 0.0000 0.0000 0.0000 0.0000 0.0000 0.0000 1.0000 0.0000 0.0000 0.0000 0.0000 0.0000 0.0000 0.0000 0.0000 0.0000 0.0000
39       39   (0)      7  : 0.0000 0.0000 0.3897 0.0000 0.0000 0.0000 0.0000 0.0000 0.0000 0.0000 0.3881 0.0000 0.0000 0.0000 0.0000 0.0000 0.2222
40       40   (0)      7  : 0.0000 0.0000 0.7548 0.0000 0.0000 0.0000 0.0000 0.0000 0.0000 0.0000 0.2452 0.0000 0.0000 0.0000 0.0000 0.0000 0.0000
41       41   (0)      7  : 0.0000 0.0000 0.0000 0.0000 0.0000 0.0000 1.0000 0.0000 0.0000 0.0000 0.0000 0.0000 0.0000 0.0000 0.0000 0.0000 0.0000
42       42   (0)      7  : 0.0000 0.0000 0.9186 0.0000 0.0000 0.0000 0.0000 0.0000 0.0000 0.0000 0.0814 0.0000 0.0000 0.0000 0.0000 0.0000 0.0000
43       43   (0)      7  : 0.0000 0.0000 0.0000 0.0000 0.0000 0.0000 1.0000 0.0000 0.0000 0.0000 0.0000 0.0000 0.0000 0.0000 0.0000 0.0000 0.0000
44       44   (0)      7  : 0.0000 0.0000 0.0000 0.0000 0.0000 1.0000 0.0000 0.0000 0.0000 0.0000 0.0000 0.0000 0.0000 0.0000 0.0000 0.0000 0.0000
45       45   (0)      7  : 0.5556 0.0000 0.0000 0.0000 0.0000 0.0000 0.0000 0.0000 0.3333 0.0000 0.0000 0.0000 0.0000 0.1111 0.0000 0.0000 0.0000
46       46   (0)      7  : 0.0000 0.6890 0.0000 0.0000 0.0000 0.0000 0.0000 0.0000 0.0000 0.0000 0.0000 0.0000 0.1678 0.0000 0.0000 0.0000 0.1432
47       47   (0)      7  : 0.0708 0.0000 0.0000 0.0000 0.0000 0.0000 0.0000 0.0000 0.0000 0.0000 0.0000 0.9292 0.0000 0.0000 0.0000 0.0000 0.0000
48       48   (0)      7  : 0.0000 0.4142 0.0000 0.0000 0.0000 0.0000 0.0000 0.0408 0.0000 0.0000 0.0000 0.0000 0.3508 0.0000 0.0000 0.1752 0.0189
49       49   (0)      7  : 0.0000 0.0000 0.0000 0.0000 0.7778 0.0000 0.0000 0.0000 0.0000 0.0000 0.0000 0.0000 0.0000 0.0000 0.1111 0.1111 0.0000
50       50   (0)      7  : 0.0000 0.0000 0.0000 0.0000 0.0000 1.0000 0.0000 0.0000 0.0000 0.0000 0.0000 0.0000 0.0000 0.0000 0.0000 0.0000 0.0000
51       51   (0)      7  : 0.0000 0.0000 0.0000 0.0000 0.8434 0.0000 0.0000 0.0000 0.0000 0.0000 0.0000 0.0000 0.0000 0.0000 0.1566 0.0000 0.0000
52       52   (0)      7  : 0.0466 0.0000 0.0000 0.9417 0.0000 0.0000 0.0000 0.0000 0.0000 0.0000 0.0000 0.0000 0.0000 0.0000 0.0117 0.0000 0.0000
53       53   (0)      7  : 0.3333 0.0000 0.0000 0.0000 0.0000 0.0000 0.0000 0.0000 0.0000 0.0000 0.0000 0.2742 0.0000 0.1703 0.2222 0.0000 0.0000
54       54   (0)      7  : 0.3315 0.0000 0.0000 0.0000 0.0000 0.0000 0.0000 0.0000 0.1111 0.0000 0.0000 0.4463 0.0000 0.0000 0.1111 0.0000 0.0000
55       55   (0)      7  : 0.0369 0.0000 0.0000 0.0000 0.0000 0.0000 0.0018 0.0000 0.0000 0.0000 0.0000 0.1168 0.0000 0.8445 0.0000 0.0000 0.0000
56       56   (0)      7  : 0.1248 0.0000 0.0000 0.0000 0.0000 0.0000 0.0000 0.0000 0.0000 0.0000 0.0000 0.0635 0.0000 0.8116 0.0000 0.0000 0.0000
57       57   (0)      8  : 0.0000 0.0000 0.1678 0.0000 0.0000 0.0000 0.0000 0.0000 0.0000 0.0000 0.6384 0.0000 0.0000 0.0000 0.0000 0.0000 0.1938
58       58   (0)      8  : 0.1111 0.0000 0.0000 0.8686 0.0000 0.0000 0.0000 0.0000 0.0000 0.0000 0.0000 0.0000 0.0000 0.0000 0.0203 0.0000 0.0000
59       59   (0)      8  : 0.1551 0.0000 0.0000 0.0000 0.0000 0.0000 0.0000 0.0000 0.0000 0.0000 0.0000 0.6584 0.0000 0.1136 0.0728 0.0000 0.0000
60       60   (0)      8  : 0.0000 0.0000 0.3200 0.0000 0.0000 0.0000 0.0000 0.0000 0.0000 0.0000 0.4578 0.0000 0.0000 0.0000 0.0000 0.0000 0.2222
61       61   (0)      8  : 0.0000 0.0000 0.0305 0.0000 0.0000 0.0000 0.0000 0.0000 0.0000 0.0000 0.9695 0.0000 0.0000 0.0000 0.0000 0.0000 0.0000
62       62   (0)      8  : 0.0000 0.0000 0.0000 0.0000 0.9389 0.0000 0.0000 0.0000 0.0000 0.0000 0.0000 0.0000 0.0000 0.0000 0.0611 0.0000 0.0000
63       63   (0)      8  : 0.0000 0.0000 0.6055 0.0000 0.0000 0.0000 0.0000 0.0000 0.0000 0.0000 0.3945 0.0000 0.0000 0.0000 0.0000 0.0000 0.0000
64       64   (0)      8  : 0.1457 0.0000 0.0000 0.0000 0.0000 0.0000 0.0000 0.0000 0.0000 0.0000 0.0000 0.4444 0.0000 0.1876 0.2222 0.0000 0.0000
65       65   (0)      8  : 0.0000 0.0000 0.0000 0.0000 0.0000 0.0000 0.0000 0.0000 0.0000 0.0000 0.0000 0.0000 0.9361 0.0000 0.0000 0.0000 0.0639
66       66   (0)      8  : 0.0551 0.0000 0.0000 0.0000 0.0000 0.0000 0.0000 0.0000 0.2222 0.0000 0.0000 0.3649 0.0000 0.2467 0.0000 0.0000 0.1111
67       67   (0)      8  : 0.2607 0.0000 0.0000 0.0000 0.0000 0.0000 0.0000 0.0000 0.4811 0.0000 0.0000 0.0000 0.0000 0.1471 0.0000 0.0000 0.1111
68       68   (0)      8  : 0.0000 0.0000 0.0000 0.0000 0.0000 0.0000 0.0000 0.0000 0.0000 0.0000 0.0000 0.8072 0.0000 0.1928 0.0000 0.0000 0.0000
69       69   (0)      8  : 0.0000 0.2995 0.0000 0.0000 0.0000 0.0000 0.0000 0.0000 0.0000 0.0000 0.0000 0.0000 0.4783 0.0000 0.0000 0.1111 0.1111
70       70   (0)      8  : 0.0000 0.0000 0.5556 0.0000 0.0000 0.0000 0.0000 0.0000 0.0000 0.0000 0.1111 0.0000 0.0000 0.0000 0.1111 0.1111 0.1111
71       71   (0)      8  : 0.0000 0.0000 0.0000 0.0000 0.0000 0.0000 0.0000 0.0000 0.0000 0.0000 0.0000 0.0000 1.0000 0.0000 0.0000 0.0000 0.0000
72       72   (0)      8  : 0.0000 0.0000 0.0000 0.0000 0.6270 0.0000 0.0000 0.0000 0.0000 0.0000 0.0000 0.0000 0.0000 0.0000 0.2619 0.1111 0.0000
73       73   (0)      8  : 0.0255 0.0000 0.0000 0.0000 0.0000 0.0000 0.7711 0.0000 0.0000 0.0000 0.0000 0.2034 0.0000 0.0000 0.0000 0.0000 0.0000
74       74   (0)      8  : 0.6034 0.0000 0.0000 0.0000 0.0000 0.0000 0.0000 0.0000 0.1111 0.0000 0.0000 0.1684 0.0000 0.1171 0.0000 0.0000 0.0000
75       75   (0)      8  : 0.2222 0.0000 0.0000 0.0000 0.0000 0.0000 0.0000 0.0000 0.0000 0.0000 0.0000 0.7331 0.0000 0.0000 0.0447 0.0000 0.0000
76       76   (0)      8  : 0.0000 0.0502 0.0000 0.0000 0.0000 0.0000 0.0000 0.0106 0.0000 0.0000 0.0000 0.0000 0.8280 0.0000 0.0000 0.1111 0.0000
77       77   (0)      8  : 0.4444 0.0000 0.0000 0.0000 0.0000 0.0000 0.0000 0.0000 0.2956 0.0000 0.0000 0.1004 0.0000 0.1595 0.0000 0.0000 0.0000
78       78   (0)      9  : 0.0000 0.0000 0.3427 0.0000 0.0000 0.0000 0.0000 0.0000 0.0000 0.0000 0.4351 0.0000 0.0000 0.0000 0.0000 0.1111 0.1111
79       79   (0)      9  : 0.0000 0.0000 0.1175 0.0000 0.0000 0.0000 0.0000 0.0000 0.0000 0.0000 0.8475 0.0000 0.0000 0.0000 0.0000 0.0000 0.0350
80       80   (0)      9  : 0.0000 0.0000 0.0000 0.0000 0.6667 0.0000 0.0000 0.0000 0.0000 0.0000 0.0000 0.0000 0.0000 0.0000 0.2222 0.1111 0.0000
81       81   (0)      9  : 0.0000 0.0000 0.2564 0.0000 0.0000 0.0000 0.0000 0.0000 0.0000 0.0000 0.7436 0.0000 0.0000 0.0000 0.0000 0.0000 0.0000
82       82   (0)      9  : 0.0000 0.0579 0.0000 0.0000 0.0000 0.0000 0.0000 0.0000 0.0000 0.0000 0.0000 0.0000 0.7774 0.0000 0.0000 0.1647 0.0000
83       83   (0)      9  : 0.0000 0.0000 0.0000 0.0000 0.0000 0.0000 0.0015 0.0000 0.9491 0.0048 0.0000 0.0255 0.0000 0.0190 0.0000 0.0000 0.0000
84       84   (0)      9  : 0.0000 0.0000 0.0000 0.0000 0.0000 0.0000 0.0000 0.0000 0.0000 0.8889 0.0000 0.0000 0.0000 0.0000 0.0000 0.0000 0.1111
85       85   (0)      9  : 0.3498 0.0000 0.0000 0.0000 0.0000 0.0000 0.0000 0.0000 0.0000 0.0000 0.0000 0.3168 0.0000 0.1111 0.2222 0.0000 0.0000
86       86   (0)      9  : 0.0000 0.0000 0.0000 0.0000 0.0000 0.0000 0.0000 0.0000 0.0000 0.0000 0.0000 0.0000 0.0000 0.9583 0.0417 0.0000 0.0000
87       87   (0)      9  : 0.0506 0.0000 0.0000 0.0000 0.0000 0.0000 0.0000 0.0000 0.1111 0.0000 0.0000 0.2895 0.0000 0.5488 0.0000 0.0000 0.0000
88       88   (0)      9  : 0.0000 0.0000 0.7792 0.0000 0.0000 0.0000 0.0000 0.0000 0.0000 0.0000 0.2208 0.0000 0.0000 0.0000 0.0000 0.0000 0.0000
89       89   (0)      9  : 0.0000 0.0000 0.5159 0.0000 0.0000 0.0000 0.0000 0.0000 0.0000 0.0000 0.1893 0.0000 0.0000 0.0000 0.0000 0.0000 0.2948
90       90   (0)      9  : 0.2770 0.0000 0.0000 0.0000 0.0000 0.0000 0.3130 0.0000 0.0332 0.0000 0.0000 0.0443 0.0000 0.2509 0.0816 0.0000 0.0000
91       91   (0)      9  : 0.0000 0.0000 0.0000 0.0000 0.6667 0.0000 0.0000 0.0000 0.0000 0.0000 0.0000 0.0000 0.0000 0.0000 0.3333 0.0000 0.0000
92       92   (0)     10  : 0.0000 0.0000 0.1595 0.0000 0.0000 0.4243 0.0000 0.0000 0.0000 0.0000 0.0430 0.0000 0.0000 0.0132 0.1714 0.1886 0.0000
93       93   (0)     11  : 0.0000 0.0000 0.0000 0.0000 0.0000 0.7956 0.0000 0.0000 0.0000 0.0013 0.0000 0.0000 0.0435 0.0220 0.1111 0.0000 0.0265
94       94   (0)     11  : 0.0000 0.0000 0.0000 0.6381 0.0000 0.0000 0.0000 0.0000 0.0000 0.1397 0.0000 0.0000 0.0000 0.0000 0.1111 0.0000 0.1111
95       95   (0)     11  : 0.0000 0.0000 0.0000 0.0000 0.0000 0.0000 0.0000 0.0000 0.0000 1.0000 0.0000 0.0000 0.0000 0.0000 0.0000 0.0000 0.0000
96       96   (0)     12  : 0.0000 0.0000 0.0000 1.0000 0.0000 0.0000 0.0000 0.0000 0.0000 0.0000 0.0000 0.0000 0.0000 0.0000 0.0000 0.0000 0.0000
97       97   (0)     12  : 0.0000 0.0000 0.0000 1.0000 0.0000 0.0000 0.0000 0.0000 0.0000 0.0000 0.0000 0.0000 0.0000 0.0000 0.0000 0.0000 0.0000
98       98   (0)     12  : 0.0000 0.0000 0.0000 1.0000 0.0000 0.0000 0.0000 0.0000 0.0000 0.0000 0.0000 0.0000 0.0000 0.0000 0.0000 0.0000 0.0000
99       99   (0)     12  : 0.0000 0.0000 0.0000 0.9939 0.0000 0.0000 0.0000 0.0000 0.0000 0.0000 0.0000 0.0000 0.0000 0.0000 0.0000 0.0000 0.0061
100      100   (0)     12  : 0.0000 1.0000 0.0000 0.0000 0.0000 0.0000 0.0000 0.0000 0.0000 0.0000 0.0000 0.0000 0.0000 0.0000 0.0000 0.0000 0.0000
101      101   (0)     13  : 0.0000 0.0000 0.0000 0.0000 0.0000 0.0000 0.0000 0.0000 0.0000 0.0000 0.0000 0.0000 1.0000 0.0000 0.0000 0.0000 0.0000
102      102   (0)     13  : 0.1111 0.0000 0.0000 0.8438 0.0000 0.0000 0.0000 0.0000 0.0000 0.0000 0.0000 0.0000 0.0000 0.0000 0.0450 0.0000 0.0000
103      103   (0)     14  : 0.0000 0.0000 0.0784 0.0000 0.0060 0.0190 0.0000 0.0000 0.0000 0.0000 0.2852 0.0000 0.0000 0.0000 0.0208 0.4740 0.1166
104      104   (0)     14  : 0.0000 0.2646 0.0000 0.0000 0.0000 0.0000 0.0000 0.0000 0.0000 0.0000 0.0000 0.0000 0.5712 0.0000 0.0000 0.1642 0.0000
105      105   (0)     14  : 0.0000 0.0000 0.0000 0.0000 0.0036 0.1455 0.0000 0.0000 0.0000 0.0000 0.0000 0.0000 0.8255 0.0000 0.0044 0.0211 0.0000
106      106   (0)     14  : 0.0000 0.0000 0.0000 0.0000 0.0000 0.0000 0.0000 1.0000 0.0000 0.0000 0.0000 0.0000 0.0000 0.0000 0.0000 0.0000 0.0000
107      107   (0)     14  : 0.0000 0.0000 0.0000 0.0000 0.6667 0.0000 0.0000 0.0000 0.0000 0.0000 0.0000 0.0000 0.0000 0.0000 0.3333 0.0000 0.0000
108      108   (0)     15  : 0.0000 0.0000 0.0000 0.0000 0.0000 1.0000 0.0000 0.0000 0.0000 0.0000 0.0000 0.0000 0.0000 0.0000 0.0000 0.0000 0.0000
109      109   (0)     15  : 0.0000 0.4820 0.0000 0.0000 0.0000 0.0000 0.0000 0.4069 0.0000 0.0000 0.0000 0.0000 0.0000 0.0000 0.0000 0.0000 0.1111
110      110   (0)     15  : 0.0000 0.8204 0.0000 0.0000 0.0000 0.0000 0.0000 0.0000 0.0000 0.0000 0.0000 0.0000 0.0394 0.0000 0.0000 0.1402 0.0000
111      111   (0)     15  : 0.3570 0.0000 0.0000 0.0000 0.0000 0.0000 0.0000 0.0000 0.1111 0.0000 0.0000 0.3194 0.0000 0.1014 0.1111 0.0000 0.0000
112      112   (0)     15  : 0.0000 0.0000 0.0765 0.0301 0.0000 0.0204 0.0000 0.0000 0.0000 0.0000 0.1237 0.0000 0.0000 0.0000 0.0660 0.6667 0.0165
113      113   (0)     15  : 0.0000 0.8590 0.0000 0.0000 0.0000 0.0000 0.0000 0.0000 0.0000 0.0000 0.0000 0.0000 0.0000 0.0000 0.0000 0.0000 0.1410
114      114   (0)     15  : 0.0000 0.0000 0.0000 0.0000 0.0000 0.0000 0.0000 0.8889 0.0000 0.0000 0.0000 0.0000 0.0000 0.0000 0.0000 0.0000 0.1111
