  1        1   (0)      1 :  0.0661 0.9339 0.0000 
  2        2   (0)      1 :  0.0885 0.9115 0.0000 
  3        3   (0)      1 :  0.0425 0.9575 0.0000 
  4        4   (0)      1 :  0.0450 0.9550 0.0000 
  5        5   (0)      1 :  0.2015 0.7985 0.0000 
  6        6   (0)      1 :  0.1407 0.8593 0.0000 
  7        7   (0)      1 :  0.0000 1.0000 0.0000 
  8        8   (0)      1 :  0.1533 0.8467 0.0000 
  9        9   (0)      1 :  0.0582 0.9418 0.0000 
 10       10   (0)      1 :  0.0000 1.0000 0.0000 
 11       11   (0)      1 :  0.0000 1.0000 0.0000 
 12       12   (0)      1 :  0.0000 1.0000 0.0000 
 13       13   (0)      1 :  0.0000 1.0000 0.0000 
 14       14   (0)      1 :  0.1499 0.7867 0.0634 
 15       15   (0)      1 :  1.0000 0.0000 0.0000 
 16       16   (0)      1 :  0.0404 0.9596 0.0000 
 17       17   (0)      1 :  0.0593 0.8820 0.0587 
 18       18   (0)      1 :  0.0000 1.0000 0.0000 
 19       19   (0)      1 :  0.0000 1.0000 0.0000 
 20       20   (0)      1 :  0.0000 1.0000 0.0000 
 21       21   (0)      1 :  0.0763 0.9237 0.0000 
 22       22   (0)      1 :  1.0000 0.0000 0.0000 
 23       23   (0)      1 :  0.0074 0.9926 0.0000 
 24       24   (0)      2 :  0.0238 0.9762 0.0000 
 25       25   (0)      2 :  0.0000 1.0000 0.0000 
 26       26   (0)      2 :  0.0403 0.9597 0.0000 
 27       27   (0)      2 :  0.0000 1.0000 0.0000 
 28       28   (0)      2 :  0.0295 0.9656 0.0049 
 29       29   (0)      2 :  0.0000 1.0000 0.0000 
 30       30   (0)      2 :  0.0000 0.0000 1.0000 
 31       31   (0)      2 :  0.0184 0.9816 0.0000 
 32       32   (0)      2 :  0.0396 0.9604 0.0000 
 33       33   (0)      2 :  0.0000 1.0000 0.0000 
 34       34   (0)      2 :  0.0000 1.0000 0.0000 
 35       35   (0)      2 :  0.0246 0.9754 0.0000 
 36       36   (0)      2 :  0.0707 0.8824 0.0469 
 37       37   (0)      3 :  0.0062 0.9938 0.0000 
 38       38   (0)      3 :  0.0000 1.0000 0.0000 
 39       39   (0)      3 :  0.0000 1.0000 0.0000 
 40       40   (0)      3 :  0.0005 0.9995 0.0000 
 41       41   (0)      3 :  0.0000 1.0000 0.0000 
 42       42   (0)      4 :  0.0000 0.0000 1.0000 
 43       43   (0)      4 :  0.0000 0.9871 0.0129 
 44       44   (0)      4 :  0.0000 0.0000 1.0000 
 45       45   (0)      4 :  0.0000 0.0000 1.0000 
 46       46   (0)      4 :  0.0141 0.9616 0.0243 
 47       47   (0)      4 :  0.0000 1.0000 0.0000 
 48       48   (0)      4 :  0.0000 1.0000 0.0000 
 49       49   (0)      4 :  0.0000 1.0000 0.0000 
 50       50   (0)      4 :  0.0000 1.0000 0.0000 
 51       51   (0)      4 :  0.1420 0.4586 0.3994 
 52       52   (0)      4 :  0.0000 0.9699 0.0301 
 53       53   (0)      4 :  0.0000 0.9897 0.0103 
 54       54   (0)      4 :  0.0114 0.9582 0.0304 
 55       55   (0)      4 :  0.0000 1.0000 0.0000 
 56       56   (0)      4 :  0.0000 0.0000 1.0000 
 57       57   (0)      5 :  0.0000 1.0000 0.0000 
 58       58   (0)      5 :  0.0000 1.0000 0.0000 
 59       59   (0)      5 :  0.0000 0.0000 1.0000 
 60       60   (0)      5 :  0.0000 1.0000 0.0000 
 61       61   (0)      5 :  0.1234 0.4070 0.4696 
 62       62   (0)      5 :  0.0000 0.0000 1.0000 
 63       63   (0)      5 :  0.0262 0.7954 0.1784 
 64       64   (0)      5 :  0.0000 1.0000 0.0000 
 65       65   (0)      5 :  0.0000 1.0000 0.0000 
 66       66   (0)      5 :  0.0000 1.0000 0.0000 
 67       67   (0)      5 :  0.0665 0.1832 0.7502 
 68       68   (0)      5 :  0.0000 0.0000 1.0000 
 69       69   (0)      5 :  0.0096 0.7595 0.2309 
 70       70   (0)      5 :  0.0000 0.0000 1.0000 
 71       71   (0)      5 :  0.0000 0.0000 1.0000 
 72       72   (0)      5 :  0.0061 0.8817 0.1122 
 73       73   (0)      5 :  0.0000 1.0000 0.0000 
 74       74   (0)      5 :  0.0000 0.0000 1.0000 
 75       75   (0)      6 :  0.0000 0.0000 1.0000 
 76       76   (0)      6 :  0.0211 0.9307 0.0482 
 77       77   (0)      6 :  0.0000 0.0000 1.0000 
 78       78   (0)      6 :  0.0000 0.0000 1.0000 
 79       79   (0)      6 :  0.0000 0.0000 1.0000 
 80       80   (0)      6 :  0.0778 0.8764 0.0459 
 81       81   (0)      6 :  0.0000 0.0000 1.0000 
 82       82   (0)      6 :  0.0000 0.0000 1.0000 
 83       83   (0)      6 :  0.0329 0.0000 0.9671 
 84       84   (0)      6 :  0.0000 0.0000 1.0000 
 85       85   (0)      6 :  0.0000 0.0000 1.0000 
 86       86   (0)      6 :  0.0000 0.0000 1.0000 
 87       87   (0)      6 :  0.0000 0.0000 1.0000 
 88       88   (0)      6 :  0.0000 0.0000 1.0000 
 89       89   (0)      6 :  0.0000 0.0000 1.0000 
 90       90   (0)      6 :  0.0405 0.7772 0.1823 
 91       91   (0)      6 :  0.0000 0.0000 1.0000 
 92       92   (0)      6 :  0.0073 0.9927 0.0000 
 93       93   (0)      6 :  0.6422 0.1521 0.2057 
 94       94   (0)      6 :  0.0000 1.0000 0.0000 
 95       95   (0)      6 :  0.3053 0.4930 0.2017 
 96       96   (0)      6 :  0.2048 0.5100 0.2852 
 97       97   (0)      6 :  0.0153 0.9345 0.0503 
 98       98   (0)      6 :  0.4741 0.3447 0.1812 
 99       99   (0)      7 :  0.0000 0.0000 1.0000 
100      100   (0)      7 :  0.0918 0.7495 0.1588 
101      101   (0)      7 :  1.0000 0.0000 0.0000 
102      102   (0)      7 :  1.0000 0.0000 0.0000 
103      103   (0)      7 :  0.0007 0.9993 0.0000 
104      104   (0)      7 :  0.0066 0.9934 0.0000 
105      105   (0)      7 :  0.0011 0.9989 0.0000 
106      106   (0)      7 :  0.0000 1.0000 0.0000 
107      107   (0)      7 :  0.0000 1.0000 0.0000 
108      108   (0)      8 :  0.0000 1.0000 0.0000 
109      109   (0)      8 :  0.0000 1.0000 0.0000 
110      110   (0)      8 :  0.0000 1.0000 0.0000 
111      111   (0)      8 :  0.0000 1.0000 0.0000 
112      112   (0)      8 :  1.0000 0.0000 0.0000 
113      113   (0)      8 :  0.0000 1.0000 0.0000 
114      114   (0)      8 :  0.0000 1.0000 0.0000 
115      115   (0)      8 :  0.0000 1.0000 0.0000 
116      116   (0)      8 :  0.0000 1.0000 0.0000 
117      117   (0)      8 :  0.0252 0.9217 0.0531 
118      118   (0)      8 :  0.0000 1.0000 0.0000 
119      119   (0)      9 :  0.0000 0.0000 1.0000 
120      120   (0)     10 :  0.0455 0.9545 0.0000 
121      121   (0)     10 :  0.0000 1.0000 0.0000 
122      122   (0)     10 :  0.0000 1.0000 0.0000 
123      123   (0)     10 :  0.0127 0.9183 0.0690 
124      124   (0)     10 :  0.0547 0.9453 0.0000 
125      125   (0)     10 :  0.0985 0.8853 0.0162 
126      126   (0)     10 :  0.0181 0.9819 0.0000 
127      127   (0)     10 :  0.0000 1.0000 0.0000 
128      128   (0)     10 :  0.0228 0.9772 0.0000 
129      129   (0)     10 :  0.0000 1.0000 0.0000 
130      130   (0)     10 :  0.0000 1.0000 0.0000 
131      131   (0)     10 :  0.0391 0.9609 0.0000 
132      132   (0)     10 :  0.0772 0.9228 0.0000 
133      133   (0)     10 :  0.0293 0.9501 0.0205 
134      134   (0)     10 :  0.0536 0.9296 0.0169 
135      135   (0)     10 :  0.0363 0.9637 0.0000 
136      136   (0)     10 :  0.0131 0.9869 0.0000 
137      137   (0)     11 :  0.0905 0.0000 0.9095 
138      138   (0)     12 :  0.1190 0.8600 0.0210 
139      139   (0)     12 :  0.2225 0.4660 0.3114 
140      140   (0)     12 :  0.0969 0.8639 0.0392 
141      141   (0)     12 :  0.4010 0.5989 0.0001 
142      142   (0)     12 :  0.0613 0.9387 0.0000 
143      143   (0)     12 :  0.3170 0.5351 0.1479 
144      144   (0)     12 :  0.1430 0.8507 0.0063 
145      145   (0)     12 :  0.0461 0.9539 0.0000 
146      146   (0)     13 :  0.0000 0.0000 1.0000 
147      147   (0)     13 :  0.0000 0.0000 1.0000 
148      148   (0)     13 :  0.0000 0.0000 1.0000 
149      149   (0)     13 :  0.0000 0.0000 1.0000 
150      150   (0)     13 :  0.0000 0.0000 1.0000 
151      151   (0)     14 :  0.0000 0.0000 1.0000 
152      152   (0)     14 :  0.0000 1.0000 0.0000 
153      153   (0)     15 :  0.2933 0.4080 0.2987 
154      154   (0)     15 :  0.0151 0.0000 0.9849 
155      155   (0)     16 :  0.0535 0.9465 0.0000 
156      156   (0)     16 :  0.0149 0.9851 0.0000 
157      157   (0)     17 :  0.3614 0.4155 0.2232 
158      158   (0)     17 :  0.0861 0.8714 0.0425 
159      159   (0)     18 :  0.0209 0.9791 0.0000 
160      160   (0)     18 :  0.0000 1.0000 0.0000 
161      161   (0)     18 :  0.0000 1.0000 0.0000 
162      162   (0)     19 :  0.0675 0.9325 0.0000 
163      163   (0)     19 :  0.2643 0.5534 0.1823 
164      164   (0)     19 :  0.0000 1.0000 0.0000 
