1        1   (0)      1  : 0.2945 0.1212 0.0915 0.0013 0.1868 0.0303 0.0617 0.2127
2        2   (0)      1  : 0.2815 0.0001 0.2046 0.0197 0.0240 0.1034 0.1275 0.2391
3        3   (0)      1  : 0.3302 0.0000 0.2151 0.0219 0.0000 0.0000 0.3364 0.0964
4        4   (0)      1  : 0.4333 0.0339 0.2629 0.0257 0.0241 0.0445 0.1512 0.0244
5        5   (0)      1  : 0.0677 0.0422 0.2991 0.0035 0.0031 0.0819 0.0612 0.4414
6        6   (0)      1  : 0.2976 0.0369 0.2678 0.0253 0.0170 0.0001 0.1599 0.1955
7        7   (0)      1  : 0.2044 0.0000 0.4483 0.0131 0.0457 0.0119 0.0709 0.2057
8        8   (0)      2  : 0.0836 0.0000 0.4283 0.0000 0.2394 0.0771 0.0581 0.1135
9        9   (0)      2  : 0.0000 0.0000 0.0000 0.0000 1.0000 0.0000 0.0000 0.0000
10       10   (0)      2  : 0.0000 0.0000 0.0000 0.0000 1.0000 0.0000 0.0000 0.0000
11       11   (0)      2  : 0.0000 0.1099 0.0000 0.0000 0.8901 0.0000 0.0000 0.0000
12       12   (0)      2  : 0.6674 0.0000 0.0591 0.0148 0.1000 0.0000 0.0657 0.0930
13       13   (0)      2  : 0.0668 0.0000 0.1699 0.0000 0.1130 0.0180 0.1500 0.4824
14       14   (0)      3  : 0.5928 0.0000 0.2761 0.0000 0.0000 0.0000 0.0720 0.0591
15       15   (0)      3  : 0.7819 0.0044 0.1000 0.0014 0.0000 0.0000 0.0772 0.0352
16       16   (0)      3  : 0.8195 0.0000 0.0000 0.0000 0.0000 0.0085 0.1329 0.0391
17       17   (0)      3  : 0.4932 0.0000 0.2883 0.0167 0.0000 0.0266 0.0484 0.1267
18       18   (0)      4  : 0.1739 0.0017 0.1971 0.0220 0.0483 0.0943 0.0260 0.4368
19       19   (0)      4  : 0.1185 0.0126 0.2059 0.0000 0.1230 0.0113 0.1583 0.3703
20       20   (0)      4  : 0.1888 0.0015 0.3886 0.0000 0.0000 0.0038 0.3630 0.0544
21       21   (0)      4  : 0.1944 0.0021 0.1758 0.0036 0.1657 0.0618 0.0340 0.3626
22       22   (0)      4  : 0.1185 0.0000 0.2308 0.0091 0.0114 0.0000 0.2792 0.3510
23       23   (0)      4  : 0.1880 0.0009 0.0938 0.0021 0.4808 0.0117 0.0976 0.1252
24       24   (0)      4  : 0.1511 0.0000 0.4774 0.0000 0.0488 0.0000 0.1142 0.2085
25       25   (0)      4  : 0.0855 0.0000 0.4050 0.0000 0.0000 0.0003 0.3568 0.1523
26       26   (0)      4  : 0.0503 0.0258 0.2699 0.0030 0.2505 0.0753 0.1051 0.2201
27       27   (0)      4  : 0.2949 0.0010 0.4706 0.0008 0.0383 0.0015 0.0177 0.1752
28       28   (0)      4  : 0.0000 0.0034 0.3589 0.0170 0.0027 0.1261 0.3337 0.1582
29       29   (0)      4  : 0.1572 0.0223 0.4550 0.0092 0.1003 0.0510 0.0528 0.1522
30       30   (0)      4  : 0.0419 0.0016 0.6189 0.0105 0.0261 0.0069 0.1840 0.1101
31       31   (0)      4  : 0.8555 0.0000 0.0611 0.0000 0.0000 0.0000 0.0389 0.0445
32       32   (0)      4  : 0.2419 0.0000 0.5269 0.0000 0.0000 0.0000 0.0000 0.2312
33       33   (0)      4  : 0.0987 0.0000 0.2077 0.0344 0.2348 0.0116 0.2736 0.1392
34       34   (0)      5  : 0.1183 0.0100 0.3664 0.0000 0.0223 0.0254 0.2149 0.2426
35       35   (0)      6  : 0.2778 0.0121 0.2993 0.0043 0.0700 0.0757 0.0284 0.2323
36       36   (0)      6  : 0.2315 0.0000 0.0448 0.0005 0.5379 0.1221 0.0007 0.0625
37       37   (0)      6  : 0.0000 0.0000 0.0000 0.0000 0.0000 1.0000 0.0000 0.0000
38       38   (0)      6  : 0.0632 0.0000 0.2332 0.0000 0.0882 0.0000 0.2737 0.3416
39       39   (0)      6  : 0.0000 0.0009 0.0712 0.0000 0.1041 0.0149 0.3000 0.5089
40       40   (0)      6  : 0.2320 0.0194 0.1932 0.0005 0.0478 0.0579 0.2478 0.2014
41       41   (0)      6  : 0.0000 1.0000 0.0000 0.0000 0.0000 0.0000 0.0000 0.0000
42       42   (0)      6  : 0.2511 0.0098 0.1771 0.0000 0.0439 0.0351 0.3617 0.1214
43       43   (0)      6  : 0.4887 0.0023 0.1621 0.0091 0.0523 0.0227 0.1391 0.1237
44       44   (0)      6  : 0.1829 0.0254 0.3924 0.0069 0.0756 0.0020 0.1610 0.1538
45       45   (0)      6  : 0.1854 0.0000 0.1797 0.0247 0.0921 0.0395 0.4030 0.0757
46       46   (0)      6  : 0.0000 0.0000 0.0000 1.0000 0.0000 0.0000 0.0000 0.0000
47       47   (0)      6  : 0.3275 0.0000 0.0000 0.0040 0.4010 0.1000 0.1000 0.0675
48       48   (0)      6  : 0.2349 0.0002 0.1274 0.0259 0.2081 0.0737 0.0976 0.2321
49       49   (0)      6  : 0.0000 1.0000 0.0000 0.0000 0.0000 0.0000 0.0000 0.0000
50       50   (0)      6  : 0.0607 0.0000 0.1162 0.0000 0.1378 0.0371 0.0694 0.5787
51       51   (0)      6  : 0.1107 0.0623 0.3099 0.0142 0.1097 0.0643 0.1323 0.1966
52       52   (0)      6  : 0.0000 0.0000 0.0000 1.0000 0.0000 0.0000 0.0000 0.0000
53       53   (0)      6  : 0.1062 0.0000 0.5066 0.0000 0.0000 0.0116 0.2000 0.1757
54       54   (0)      6  : 0.1000 0.0000 0.3662 0.0044 0.0000 0.1000 0.0592 0.3702
55       55   (0)      6  : 0.1852 0.0004 0.1226 0.0036 0.1602 0.0669 0.2444 0.2168
56       56   (0)      6  : 0.0455 0.0124 0.0957 0.0041 0.0901 0.1183 0.1582 0.4758
57       57   (0)      6  : 0.0000 0.0000 0.9000 0.0000 0.0000 0.0000 0.0420 0.0580
58       58   (0)      7  : 0.0000 0.0000 0.0302 0.0000 0.0300 0.2000 0.0000 0.7398
59       59   (0)      7  : 0.6003 0.0000 0.0119 0.0000 0.2014 0.0094 0.0462 0.1308
60       60   (0)      7  : 0.3055 0.0027 0.2319 0.0077 0.0435 0.1089 0.0482 0.2516
61       61   (0)      7  : 0.0000 0.0000 0.2812 0.0000 0.2523 0.1245 0.0415 0.3005
62       62   (0)      7  : 0.0000 0.0000 0.0000 0.0000 0.0000 1.0000 0.0000 0.0000
63       63   (0)      7  : 0.0632 0.0110 0.1389 0.0000 0.3267 0.0062 0.1430 0.3110
64       64   (0)      8  : 0.3061 0.0103 0.4272 0.0247 0.0179 0.0519 0.0000 0.1619
65       65   (0)      8  : 0.0345 0.0027 0.0509 0.0144 0.2680 0.1393 0.2086 0.2816
66       66   (0)      9  : 0.0569 0.0000 0.3090 0.0005 0.0344 0.0189 0.2302 0.3501
67       67   (0)     10  : 0.3851 0.0059 0.0295 0.0000 0.0441 0.0154 0.0565 0.4634
68       68   (0)     10  : 0.2843 0.0000 0.2959 0.0102 0.0678 0.0141 0.1916 0.1361
69       69   (0)     10  : 0.0000 0.0000 0.1073 0.0448 0.1349 0.0220 0.3844 0.3065
70       70   (0)     10  : 0.1492 0.0000 0.1306 0.0116 0.1489 0.0473 0.2735 0.2390
71       71   (0)     10  : 0.0303 0.0000 0.3054 0.0000 0.2971 0.0000 0.0177 0.3495
72       72   (0)     10  : 0.0757 0.0007 0.2742 0.0000 0.2832 0.0011 0.0000 0.3651
73       73   (0)     10  : 0.0208 0.0104 0.3904 0.0072 0.0952 0.0093 0.1152 0.3515
74       74   (0)     10  : 0.0000 0.0000 0.0000 0.0000 0.0000 0.0000 1.0000 0.0000
75       75   (0)     10  : 0.0715 0.0000 0.0858 0.0086 0.1325 0.0129 0.1209 0.5678
76       76   (0)     10  : 0.0000 0.0000 0.0000 0.0000 0.0000 0.0000 1.0000 0.0000
