1        1   (0)      1  : 0.0000 0.9495 0.0000 0.0039 0.0000 0.0000 0.0000 0.0466
2        2   (0)      1  : 0.0000 0.5976 0.1403 0.0802 0.0000 0.0000 0.0000 0.1819
3        3   (0)      1  : 0.0000 0.0000 0.0000 1.0000 0.0000 0.0000 0.0000 0.0000
4        4   (0)      1  : 0.0000 0.3312 0.0000 0.6238 0.0000 0.0000 0.0000 0.0450
5        5   (0)      1  : 0.0000 0.7689 0.0000 0.0112 0.0000 0.0000 0.0000 0.2199
6        6   (0)      1  : 0.0000 0.0000 0.0000 1.0000 0.0000 0.0000 0.0000 0.0000
7        7   (0)      2  : 0.0000 0.6844 0.0000 0.0000 0.0000 0.0000 0.0000 0.3156
8        8   (0)      2  : 0.0000 0.0000 0.0000 1.0000 0.0000 0.0000 0.0000 0.0000
9        9   (0)      2  : 0.0177 0.7272 0.0182 0.0337 0.0084 0.0267 0.0185 0.1496
10       10   (0)      2  : 0.0000 0.7680 0.0000 0.0000 0.0000 0.0000 0.0000 0.2320
11       11   (0)      2  : 0.0000 0.0000 0.0000 0.8750 0.0000 0.0000 0.0000 0.1250
12       12   (0)      2  : 0.0000 0.2232 0.0000 0.4124 0.0000 0.0000 0.0000 0.3643
13       13   (0)      2  : 0.0000 0.0000 0.1400 0.8600 0.0000 0.0000 0.0000 0.0000
14       14   (0)      3  : 0.2903 0.0000 0.0000 0.0000 0.3732 0.0182 0.3183 0.0000
15       15   (0)      3  : 0.2832 0.0000 0.0000 0.0000 0.1612 0.2222 0.3333 0.0000
16       16   (0)      3  : 0.3742 0.0000 0.0000 0.0000 0.1530 0.2844 0.0634 0.1250
17       17   (0)      3  : 0.3298 0.0000 0.0000 0.0000 0.1075 0.3823 0.1804 0.0000
18       18   (0)      3  : 0.0457 0.0000 0.0000 0.0000 0.2043 0.5000 0.1250 0.1250
19       19   (0)      3  : 0.0495 0.0000 0.0000 0.0000 0.1250 0.7005 0.1250 0.0000
20       20   (0)      3  : 0.4163 0.0000 0.0411 0.0000 0.0307 0.2891 0.0979 0.1250
21       21   (0)      3  : 0.2167 0.0000 0.0000 0.0000 0.0542 0.1100 0.6192 0.0000
22       22   (0)      3  : 0.3865 0.0000 0.0000 0.0000 0.2766 0.0436 0.2932 0.0000
23       23   (0)      3  : 0.2899 0.0000 0.0000 0.0000 0.0000 0.0563 0.6538 0.0000
24       24   (0)      3  : 0.3122 0.0000 0.0000 0.0000 0.2500 0.1250 0.3128 0.0000
25       25   (0)      3  : 0.0000 0.0000 1.0000 0.0000 0.0000 0.0000 0.0000 0.0000
26       26   (0)      4  : 0.0000 0.5059 0.0000 0.0000 0.0000 0.0000 0.0000 0.4941
27       27   (0)      4  : 0.2237 0.0000 0.0000 0.0000 0.1006 0.2733 0.4024 0.0000
28       28   (0)      4  : 0.0307 0.0000 0.0000 0.0000 0.0233 0.6887 0.2572 0.0000
29       29   (0)      4  : 0.0000 0.8296 0.0000 0.0000 0.0000 0.0000 0.0000 0.1704
30       30   (0)      4  : 0.9724 0.0000 0.0000 0.0000 0.0268 0.0000 0.0008 0.0000
31       31   (0)      4  : 0.0275 0.0000 0.0000 0.0000 0.0000 0.7214 0.2510 0.0000
32       32   (0)      4  : 0.1429 0.4025 0.0000 0.0216 0.1351 0.1150 0.0948 0.0880
33       33   (0)      4  : 0.5874 0.0000 0.0000 0.0000 0.0000 0.1441 0.2171 0.0514
34       34   (0)      4  : 0.3633 0.0000 0.0000 0.0000 0.4617 0.1749 0.0000 0.0000
35       35   (0)      4  : 0.1250 0.0000 0.0000 0.0000 0.2500 0.2500 0.3750 0.0000
36       36   (0)      4  : 0.4856 0.0000 0.0000 0.0000 0.2517 0.0778 0.1848 0.0000
37       37   (0)      4  : 0.1496 0.0000 0.0000 0.0000 0.1703 0.4301 0.2500 0.0000
38       38   (0)      4  : 0.0716 0.0000 0.0000 0.0000 0.1931 0.2970 0.4383 0.0000
39       39   (0)      4  : 0.0000 0.9218 0.0000 0.0000 0.0000 0.0000 0.0000 0.0782
40       40   (0)      5  : 0.3247 0.0000 0.0000 0.0000 0.3378 0.2126 0.1250 0.0000
41       41   (0)      5  : 0.0297 0.0000 0.0000 0.0000 0.0000 0.0379 0.9324 0.0000
42       42   (0)      5  : 0.2631 0.0000 0.0000 0.0000 0.0843 0.2631 0.2645 0.1250
43       43   (0)      5  : 0.0000 0.8695 0.0000 0.0000 0.0000 0.0000 0.0000 0.1305
44       44   (0)      5  : 0.6782 0.0000 0.0000 0.0000 0.0000 0.0000 0.3218 0.0000
45       45   (0)      5  : 0.0488 0.0000 0.0000 0.0000 0.5419 0.3162 0.0930 0.0000
46       46   (0)      5  : 0.1929 0.0000 0.0000 0.0000 0.0000 0.4819 0.3252 0.0000
47       47   (0)      5  : 0.2500 0.0000 0.0000 0.0000 0.0000 0.1946 0.5554 0.0000
48       48   (0)      5  : 0.0000 0.0000 0.0000 0.0000 1.0000 0.0000 0.0000 0.0000
49       49   (0)      5  : 0.0000 0.6916 0.0000 0.0000 0.0000 0.0000 0.0000 0.3084
50       50   (0)      5  : 0.1180 0.0000 0.0000 0.0000 0.2300 0.4959 0.1561 0.0000
51       51   (0)      5  : 0.0000 0.8433 0.0000 0.0000 0.0000 0.0000 0.0000 0.1567
52       52   (0)      5  : 0.0000 0.6038 0.0000 0.0000 0.0000 0.0000 0.0000 0.3962
53       53   (0)      6  : 0.0000 0.9930 0.0000 0.0000 0.0000 0.0000 0.0000 0.0070
54       54   (0)      6  : 0.6250 0.0000 0.0000 0.0000 0.0000 0.1250 0.2500 0.0000
55       55   (0)      6  : 0.0000 0.7832 0.0666 0.0742 0.0000 0.0000 0.0000 0.0760
56       56   (0)      6  : 0.0000 0.0000 1.0000 0.0000 0.0000 0.0000 0.0000 0.0000
57       57   (0)      6  : 0.0000 0.0000 1.0000 0.0000 0.0000 0.0000 0.0000 0.0000
58       58   (0)      6  : 0.0000 0.0000 1.0000 0.0000 0.0000 0.0000 0.0000 0.0000
59       59   (0)      6  : 0.0787 0.0000 0.0163 0.0000 0.8497 0.0552 0.0000 0.0000
60       60   (0)      6  : 0.6137 0.0000 0.0000 0.0000 0.1019 0.1455 0.1389 0.0000
61       61   (0)      6  : 0.0244 0.0000 0.0000 0.0000 0.0543 0.2455 0.6758 0.0000
62       62   (0)      6  : 0.1182 0.0000 0.0000 0.0000 0.1557 0.5144 0.1950 0.0167
63       63   (0)      6  : 0.0000 0.6459 0.0917 0.0244 0.0130 0.0177 0.0101 0.1973
64       64   (0)      7  : 0.0000 0.9376 0.0000 0.0000 0.0000 0.0000 0.0000 0.0624
65       65   (0)      7  : 0.0000 1.0000 0.0000 0.0000 0.0000 0.0000 0.0000 0.0000
66       66   (0)      7  : 0.0000 0.8690 0.0130 0.0000 0.0000 0.0000 0.0000 0.1179
67       67   (0)      7  : 0.0000 0.8469 0.0257 0.0687 0.0000 0.0000 0.0000 0.0586
68       68   (0)      8  : 0.1890 0.0000 0.0682 0.0000 0.1566 0.1327 0.4535 0.0000
69       69   (0)      8  : 0.1269 0.0253 0.1346 0.0000 0.1737 0.1560 0.3571 0.0264
70       70   (0)      8  : 0.3750 0.0000 0.0000 0.0000 0.3523 0.2727 0.0000 0.0000
71       71   (0)      8  : 0.3155 0.0027 0.0107 0.0000 0.1928 0.1202 0.2204 0.1378
72       72   (0)      8  : 0.3479 0.0000 0.1009 0.0000 0.3257 0.1424 0.0250 0.0581
73       73   (0)      8  : 0.0000 0.0000 1.0000 0.0000 0.0000 0.0000 0.0000 0.0000
74       74   (0)      9  : 0.0071 0.6799 0.1111 0.0631 0.0067 0.0264 0.0077 0.0979
75       75   (0)      9  : 0.0037 0.7333 0.0878 0.0001 0.0048 0.0000 0.0045 0.1657
76       76   (0)     10  : 0.0000 0.8677 0.0000 0.0000 0.0000 0.0000 0.0000 0.1323
77       77   (0)     11  : 0.0000 0.8159 0.0000 0.0000 0.0000 0.0000 0.0000 0.1841
78       78   (0)     12  : 0.0000 0.8384 0.0000 0.0000 0.0000 0.0000 0.0000 0.1616
79       79   (0)     13  : 0.0717 0.0000 0.5930 0.0000 0.0004 0.0296 0.2538 0.0514
80       80   (0)     13  : 0.4478 0.0000 0.0000 0.0000 0.4272 0.1250 0.0000 0.0000
