  1        1   (0)      1 :  0.0000 0.0000 0.0000 0.0000 0.0000 0.0671 0.0000 0.0357 0.0000 0.0713 0.0000 0.0000 0.8260 0.0000 
  2        2   (0)      2 :  0.0000 0.0000 0.0000 0.0253 0.8823 0.0400 0.0000 0.0039 0.0085 0.0400 0.0000 0.0000 0.0000 0.0000 
  3        3   (0)      2 :  0.0000 0.0000 0.0000 0.0000 0.0000 0.0000 0.1302 0.0000 0.0000 0.0369 0.0000 0.0045 0.0000 0.8284 
  4        4   (0)      3 :  0.0000 0.0000 0.0000 0.0105 0.0000 0.0057 0.0795 0.0563 0.0257 0.0517 0.0000 0.7309 0.0000 0.0397 
  5        5   (0)      3 :  0.0000 0.0001 0.0000 0.0125 0.0000 0.0096 0.1603 0.0215 0.0043 0.1099 0.0000 0.6414 0.0000 0.0404 
  6        6   (0)      3 :  0.0000 0.0000 0.0245 0.0114 0.0000 0.0198 0.1684 0.0000 0.0000 0.1034 0.0000 0.5279 0.0000 0.1446 
  7        7   (0)      3 :  0.0000 0.0000 0.0000 0.0090 0.1219 0.0850 0.0000 0.0060 0.0088 0.0318 0.7374 0.0000 0.0000 0.0000 
  8        8   (0)      3 :  0.0000 0.0000 0.0020 0.0074 0.0061 0.0035 0.1185 0.0000 0.0000 0.0897 0.0000 0.7727 0.0000 0.0000 
  9        9   (0)      3 :  0.0000 0.0007 0.0000 0.0000 0.0000 0.0063 0.1854 0.0000 0.0000 0.0679 0.0000 0.2663 0.0000 0.4734 
 10       10   (0)      4 :  0.0000 0.0000 0.0000 0.0212 0.0005 0.0214 0.2230 0.0015 0.0000 0.0531 0.0000 0.5331 0.0000 0.1462 
 11       11   (0)      4 :  0.0000 0.4494 0.0000 0.0000 0.0000 0.0974 0.0856 0.0000 0.0000 0.0630 0.0000 0.0017 0.0000 0.3030 
 12       12   (0)      4 :  0.0000 0.0000 0.0000 0.0000 0.0000 0.0006 0.1045 0.0000 0.0000 0.1653 0.0000 0.0461 0.0000 0.6836 
 13       13   (0)      4 :  0.0000 0.0007 0.0000 0.0000 0.0000 0.0079 0.5532 0.0000 0.0000 0.0894 0.0000 0.1031 0.0000 0.2457 
 14       14   (0)      5 :  0.0000 0.0000 0.0000 0.0200 0.0000 0.0000 0.0000 0.3887 0.5713 0.0200 0.0000 0.0000 0.0000 0.0000 
 15       15   (0)      5 :  0.0000 0.0000 0.0000 0.0000 0.0000 0.0000 0.0000 0.0000 0.0000 0.0000 1.0000 0.0000 0.0000 0.0000 
 16       16   (0)      5 :  0.0000 0.0000 0.0000 0.0200 0.9600 0.0000 0.0000 0.0000 0.0000 0.0200 0.0000 0.0000 0.0000 0.0000 
 17       17   (0)      5 :  0.0000 0.8400 0.0000 0.0000 0.0000 0.1600 0.0000 0.0000 0.0000 0.0000 0.0000 0.0000 0.0000 0.0000 
 18       18   (0)      5 :  0.0000 0.0003 0.0000 0.0000 0.0000 0.0005 0.7274 0.0000 0.0000 0.1097 0.0000 0.0647 0.0000 0.0975 
 19       19   (0)      5 :  0.0000 0.8400 0.0000 0.0000 0.0000 0.1400 0.0000 0.0000 0.0000 0.0200 0.0000 0.0000 0.0000 0.0000 
 20       20   (0)      5 :  0.0000 0.0012 0.0000 0.0000 0.0000 0.0013 0.2014 0.0000 0.0000 0.0576 0.0000 0.0629 0.0000 0.6756 
 21       21   (0)      5 :  0.0000 0.0000 0.0000 0.0000 0.0000 0.0000 0.6555 0.0000 0.0000 0.0234 0.0000 0.0606 0.0000 0.2606 
 22       22   (0)      5 :  0.0000 0.9400 0.0000 0.0000 0.0000 0.0600 0.0000 0.0000 0.0000 0.0000 0.0000 0.0000 0.0000 0.0000 
 23       23   (0)      5 :  0.0000 0.0068 0.0000 0.0000 0.0000 0.0011 0.0183 0.0000 0.0000 0.0340 0.0000 0.0238 0.0000 0.9160 
 24       24   (0)      5 :  0.0000 0.0000 0.0000 0.0000 0.0000 0.0200 0.0000 0.0000 0.0000 0.0000 0.9800 0.0000 0.0000 0.0000 
 25       25   (0)      5 :  0.0000 0.0000 0.0000 0.0000 0.0000 0.0400 0.0000 0.4921 0.4279 0.0000 0.0000 0.0400 0.0000 0.0000 
 26       26   (0)      5 :  0.0000 0.0012 0.0000 0.0000 0.0000 0.0034 0.4934 0.0000 0.0000 0.1416 0.0000 0.1750 0.0000 0.1853 
 27       27   (0)      5 :  0.0000 0.0000 0.0000 0.0000 0.0000 0.0000 0.0000 0.0000 0.0000 0.0000 1.0000 0.0000 0.0000 0.0000 
 28       28   (0)      5 :  0.0000 0.0000 0.0000 0.1958 0.0124 0.1200 0.0000 0.0200 0.0000 0.0000 0.6518 0.0000 0.0000 0.0000 
 29       29   (0)      6 :  0.0000 0.0000 0.0000 0.0000 0.0000 0.0000 0.0000 0.0000 0.0000 0.0542 0.0000 0.0000 0.9458 0.0000 
 30       30   (0)      6 :  0.0000 0.0000 0.8102 0.0056 0.0000 0.1140 0.0000 0.0030 0.0000 0.0673 0.0000 0.0000 0.0000 0.0000 
 31       31   (0)      6 :  0.0000 0.0000 0.0000 0.0080 0.0000 0.0200 0.0085 0.0000 0.0000 0.0645 0.0000 0.1000 0.0000 0.7990 
 32       32   (0)      6 :  0.0000 0.1208 0.0000 0.0270 0.0000 0.0411 0.0661 0.0200 0.0000 0.0959 0.0000 0.5444 0.0000 0.0847 
 33       33   (0)      6 :  1.0000 0.0000 0.0000 0.0000 0.0000 0.0000 0.0000 0.0000 0.0000 0.0000 0.0000 0.0000 0.0000 0.0000 
 34       34   (0)      6 :  0.0000 0.0000 0.0000 0.0028 0.0000 0.0000 0.0000 0.1126 0.8595 0.0251 0.0000 0.0000 0.0000 0.0000 
 35       35   (0)      6 :  0.0000 0.0000 0.0000 0.0000 0.0000 0.0000 0.0000 0.0000 0.0000 0.0000 0.0000 0.0000 1.0000 0.0000 
 36       36   (0)      6 :  0.0000 0.0000 0.0000 0.0000 0.0000 0.0000 0.0000 0.0000 0.0000 0.0000 0.0000 0.0000 1.0000 0.0000 
 37       37   (0)      7 :  0.0000 0.0000 0.9000 0.0000 0.0000 0.0600 0.0000 0.0000 0.0000 0.0400 0.0000 0.0000 0.0000 0.0000 
 38       38   (0)      7 :  0.0000 0.9000 0.0000 0.0000 0.0000 0.0800 0.0000 0.0000 0.0000 0.0200 0.0000 0.0000 0.0000 0.0000 
 39       39   (0)      7 :  0.0000 0.0000 0.0000 0.0000 0.0000 0.0073 0.0000 0.2810 0.6917 0.0000 0.0000 0.0200 0.0000 0.0000 
 40       40   (0)      7 :  0.0000 0.0000 0.0000 0.0000 0.0000 0.0000 0.0000 0.1251 0.8455 0.0294 0.0000 0.0000 0.0000 0.0000 
 41       41   (0)      7 :  0.0000 0.9046 0.0000 0.0000 0.0000 0.0954 0.0000 0.0000 0.0000 0.0000 0.0000 0.0000 0.0000 0.0000 
 42       42   (0)      7 :  0.0000 0.0000 0.0000 0.0000 0.0000 0.0000 0.0000 0.1326 0.8415 0.0259 0.0000 0.0000 0.0000 0.0000 
 43       43   (0)      7 :  0.0000 0.9110 0.0000 0.0000 0.0000 0.0890 0.0000 0.0000 0.0000 0.0000 0.0000 0.0000 0.0000 0.0000 
 44       44   (0)      7 :  0.0000 0.0000 0.0000 0.0000 0.9600 0.0400 0.0000 0.0000 0.0000 0.0000 0.0000 0.0000 0.0000 0.0000 
 45       45   (0)      7 :  0.0000 0.0000 0.0000 0.0000 0.0000 0.0000 0.0797 0.0000 0.0000 0.1470 0.0000 0.0800 0.0000 0.6933 
 46       46   (0)      7 :  0.0003 0.0000 0.0000 0.0021 0.0000 0.0448 0.0000 0.0000 0.0000 0.0192 0.0000 0.0000 0.9336 0.0000 
 47       47   (0)      7 :  0.0000 0.0000 0.0000 0.0000 0.0000 0.0005 0.8118 0.0000 0.0000 0.0490 0.0000 0.0794 0.0000 0.0592 
 48       48   (0)      7 :  0.0286 0.0000 0.0000 0.0000 0.0000 0.0129 0.0000 0.0078 0.0000 0.0329 0.0000 0.0000 0.9177 0.0000 
 49       49   (0)      7 :  0.0000 0.0000 0.8800 0.0200 0.0000 0.0600 0.0000 0.0000 0.0000 0.0400 0.0000 0.0000 0.0000 0.0000 
 50       50   (0)      7 :  0.0000 0.0000 0.0000 0.0151 0.9502 0.0000 0.0000 0.0000 0.0000 0.0200 0.0000 0.0097 0.0000 0.0050 
 51       51   (0)      7 :  0.0000 0.0000 0.9238 0.0000 0.0000 0.0490 0.0000 0.0000 0.0000 0.0271 0.0000 0.0000 0.0000 0.0000 
 52       52   (0)      7 :  0.0000 0.0000 0.0000 0.0000 0.0000 0.0194 0.0000 0.0200 0.0000 0.0093 0.9514 0.0000 0.0000 0.0000 
 53       53   (0)      7 :  0.0000 0.0000 0.0000 0.0000 0.0000 0.0024 0.4813 0.0000 0.0000 0.1514 0.0000 0.0400 0.0000 0.3249 
 54       54   (0)      7 :  0.0000 0.0000 0.0000 0.0000 0.0000 0.0000 0.5013 0.0000 0.0000 0.1299 0.0000 0.1009 0.0000 0.2678 
 55       55   (0)      7 :  0.0000 0.0123 0.0000 0.0000 0.0000 0.0020 0.2572 0.0000 0.0000 0.1663 0.0000 0.1024 0.0000 0.4599 
 56       56   (0)      7 :  0.0000 0.0000 0.0000 0.0000 0.0000 0.0000 0.2777 0.0000 0.0000 0.1134 0.0000 0.1572 0.0000 0.4517 
 57       57   (0)      8 :  0.0000 0.0000 0.0000 0.0000 0.0000 0.0000 0.0000 0.3579 0.5821 0.0600 0.0000 0.0000 0.0000 0.0000 
 58       58   (0)      8 :  0.0000 0.0000 0.0000 0.0000 0.0000 0.0233 0.0000 0.0000 0.0000 0.0200 0.9567 0.0000 0.0000 0.0000 
 59       59   (0)      8 :  0.0000 0.0000 0.0000 0.0000 0.0000 0.0000 0.7278 0.0000 0.0000 0.0677 0.0000 0.0321 0.0000 0.1724 
 60       60   (0)      8 :  0.0000 0.0000 0.0000 0.0000 0.0000 0.0200 0.0000 0.3630 0.5970 0.0000 0.0000 0.0200 0.0000 0.0000 
 61       61   (0)      8 :  0.0000 0.0000 0.0000 0.0000 0.0000 0.0000 0.0000 0.1590 0.8010 0.0400 0.0000 0.0000 0.0000 0.0000 
 62       62   (0)      8 :  0.0000 0.0000 0.9054 0.0000 0.0000 0.0637 0.0000 0.0000 0.0000 0.0308 0.0000 0.0000 0.0000 0.0000 
 63       63   (0)      8 :  0.0000 0.0000 0.0000 0.0000 0.0000 0.0000 0.0000 0.1178 0.8702 0.0120 0.0000 0.0000 0.0000 0.0000 
 64       64   (0)      8 :  0.0000 0.0000 0.0000 0.0000 0.0000 0.0000 0.3501 0.0000 0.0000 0.1027 0.0000 0.3478 0.0000 0.1994 
 65       65   (0)      8 :  0.0020 0.0000 0.0000 0.0000 0.0000 0.0800 0.0000 0.0800 0.0000 0.1226 0.0000 0.0000 0.7155 0.0000 
 66       66   (0)      8 :  0.0000 0.0000 0.0000 0.0000 0.0000 0.0000 0.4052 0.0000 0.0000 0.1574 0.0000 0.1647 0.0000 0.2727 
 67       67   (0)      8 :  0.0000 0.0000 0.0000 0.0000 0.0000 0.0200 0.2874 0.0000 0.0000 0.1360 0.0000 0.3252 0.0000 0.2314 
 68       68   (0)      8 :  0.0000 0.0000 0.0000 0.0000 0.0000 0.0028 0.6114 0.0000 0.0000 0.0714 0.0000 0.0815 0.0000 0.2330 
 69       69   (0)      8 :  0.0000 0.0000 0.0000 0.0000 0.0000 0.0382 0.0000 0.0111 0.0000 0.0636 0.0000 0.0000 0.8871 0.0000 
 70       70   (0)      8 :  0.0000 0.0000 0.0000 0.0200 0.0000 0.0400 0.0000 0.2395 0.6405 0.0400 0.0000 0.0200 0.0000 0.0000 
 71       71   (0)      8 :  0.0000 0.0000 0.0000 0.0000 0.0000 0.0607 0.0000 0.0800 0.0000 0.1600 0.0000 0.0000 0.6993 0.0000 
 72       72   (0)      8 :  0.0000 0.0000 0.8792 0.0200 0.0000 0.0808 0.0000 0.0000 0.0000 0.0200 0.0000 0.0000 0.0000 0.0000 
 73       73   (0)      8 :  0.0000 0.7015 0.0000 0.0000 0.0000 0.1391 0.1068 0.0000 0.0000 0.0179 0.0000 0.0261 0.0000 0.0087 
 74       74   (0)      8 :  0.0000 0.0000 0.0000 0.0000 0.0000 0.0000 0.3535 0.0000 0.0000 0.1882 0.0000 0.1517 0.0000 0.3066 
 75       75   (0)      8 :  0.0000 0.0000 0.0000 0.0000 0.0000 0.0026 0.7406 0.0000 0.0000 0.1291 0.0000 0.0865 0.0000 0.0413 
 76       76   (0)      8 :  0.0538 0.0000 0.0000 0.0000 0.0000 0.0800 0.0000 0.0389 0.0000 0.0895 0.0000 0.0000 0.7377 0.0000 
 77       77   (0)      8 :  0.0000 0.0001 0.0000 0.0000 0.0000 0.0014 0.3201 0.0000 0.0000 0.1970 0.0000 0.2641 0.0000 0.2173 
 78       78   (0)      9 :  0.0000 0.0000 0.0000 0.0000 0.0000 0.0000 0.0000 0.4295 0.5245 0.0460 0.0000 0.0000 0.0000 0.0000 
 79       79   (0)      9 :  0.0000 0.0000 0.0000 0.0000 0.0000 0.0000 0.0000 0.2300 0.7370 0.0330 0.0000 0.0000 0.0000 0.0000 
 80       80   (0)      9 :  0.0000 0.0000 0.8890 0.0200 0.0000 0.0400 0.0000 0.0000 0.0000 0.0510 0.0000 0.0000 0.0000 0.0000 
 81       81   (0)      9 :  0.0000 0.0000 0.0000 0.0000 0.0000 0.0002 0.0000 0.4126 0.5272 0.0400 0.0000 0.0200 0.0000 0.0000 
 82       82   (0)      9 :  0.0000 0.0000 0.0000 0.0000 0.0000 0.0531 0.0000 0.0203 0.0000 0.1054 0.0000 0.0000 0.8213 0.0000 
 83       83   (0)      9 :  0.0000 0.0021 0.0000 0.0317 0.0085 0.0007 0.3024 0.0200 0.0000 0.0965 0.0000 0.4324 0.0000 0.1056 
 84       84   (0)      9 :  0.0209 0.0000 0.0000 0.7678 0.0870 0.0800 0.0000 0.0000 0.0000 0.0400 0.0043 0.0000 0.0000 0.0000 
 85       85   (0)      9 :  0.0000 0.0000 0.0000 0.0000 0.0000 0.0000 0.6511 0.0000 0.0000 0.1030 0.0000 0.0375 0.0000 0.2085 
 86       86   (0)      9 :  0.0000 0.0000 0.0000 0.0000 0.0000 0.0005 0.4131 0.0000 0.0000 0.0405 0.0000 0.0439 0.0000 0.5020 
 87       87   (0)      9 :  0.0000 0.0000 0.0000 0.0000 0.0000 0.0001 0.4563 0.0000 0.0000 0.0566 0.0000 0.0449 0.0000 0.4421 
 88       88   (0)      9 :  0.0000 0.0000 0.0000 0.0000 0.0000 0.0000 0.0000 0.1444 0.8356 0.0200 0.0000 0.0000 0.0000 0.0000 
 89       89   (0)      9 :  0.0000 0.0000 0.0000 0.0000 0.0000 0.0075 0.0000 0.3667 0.5921 0.0137 0.0000 0.0200 0.0000 0.0000 
 90       90   (0)      9 :  0.0000 0.2654 0.0000 0.0000 0.0000 0.0427 0.0843 0.0000 0.0000 0.0746 0.0000 0.0195 0.0000 0.5135 
 91       91   (0)      9 :  0.0000 0.0000 0.9771 0.0000 0.0000 0.0029 0.0000 0.0000 0.0000 0.0200 0.0000 0.0000 0.0000 0.0000 
 92       92   (0)     10 :  0.0000 0.0000 0.0000 0.0218 0.5031 0.0770 0.0000 0.0976 0.1768 0.0777 0.0000 0.0090 0.0000 0.0369 
 93       93   (0)     11 :  0.0000 0.0005 0.0000 0.0000 0.7237 0.0984 0.0055 0.0059 0.0000 0.1114 0.0110 0.0000 0.0207 0.0228 
 94       94   (0)     11 :  0.0000 0.0000 0.0000 0.1296 0.0000 0.1206 0.0000 0.0200 0.0000 0.0007 0.7291 0.0000 0.0000 0.0000 
 95       95   (0)     11 :  0.0000 0.0000 0.0000 0.8600 0.0973 0.0000 0.0000 0.0000 0.0000 0.0200 0.0227 0.0000 0.0000 0.0000 
 96       96   (0)     12 :  0.0000 0.0000 0.0000 0.0000 0.0000 0.0000 0.0000 0.0000 0.0000 0.0000 1.0000 0.0000 0.0000 0.0000 
 97       97   (0)     12 :  0.0000 0.0000 0.0000 0.0000 0.0000 0.0000 0.0000 0.0000 0.0000 0.0000 1.0000 0.0000 0.0000 0.0000 
 98       98   (0)     12 :  0.0000 0.0000 0.0000 0.0000 0.0000 0.0000 0.0000 0.0000 0.0000 0.0000 1.0000 0.0000 0.0000 0.0000 
 99       99   (0)     12 :  0.0000 0.0000 0.0000 0.0000 0.0000 0.0255 0.0000 0.0000 0.0000 0.0000 0.9745 0.0000 0.0000 0.0000 
100      100   (0)     12 :  0.0000 0.0000 0.0000 0.0000 0.0000 0.0000 0.0000 0.0000 0.0000 0.0000 0.0000 0.0000 1.0000 0.0000 
101      101   (0)     13 :  0.0016 0.0000 0.0000 0.0000 0.0000 0.0600 0.0000 0.0717 0.0000 0.1600 0.0000 0.0000 0.7066 0.0000 
102      102   (0)     13 :  0.0000 0.0000 0.0000 0.0000 0.0000 0.0466 0.0000 0.0000 0.0000 0.0200 0.9334 0.0000 0.0000 0.0000 
103      103   (0)     14 :  0.0000 0.0000 0.0052 0.0383 0.0305 0.0353 0.0000 0.5047 0.3327 0.0133 0.0000 0.0400 0.0000 0.0000 
104      104   (0)     14 :  0.0000 0.0000 0.0000 0.0000 0.0000 0.0325 0.0000 0.0190 0.0000 0.0990 0.0000 0.0000 0.8495 0.0000 
105      105   (0)     14 :  0.0031 0.0000 0.0060 0.0084 0.1606 0.1013 0.0000 0.0730 0.0000 0.1600 0.0012 0.0000 0.4863 0.0000 
106      106   (0)     14 :  1.0000 0.0000 0.0000 0.0000 0.0000 0.0000 0.0000 0.0000 0.0000 0.0000 0.0000 0.0000 0.0000 0.0000 
107      107   (0)     14 :  0.0000 0.0000 0.9600 0.0000 0.0000 0.0000 0.0000 0.0000 0.0000 0.0400 0.0000 0.0000 0.0000 0.0000 
108      108   (0)     15 :  0.0000 0.0000 0.0000 0.0000 0.9600 0.0400 0.0000 0.0000 0.0000 0.0000 0.0000 0.0000 0.0000 0.0000 
109      109   (0)     15 :  0.4695 0.0000 0.0000 0.0200 0.0000 0.0200 0.0000 0.0000 0.0000 0.0000 0.0000 0.0000 0.4905 0.0000 
110      110   (0)     15 :  0.0000 0.0000 0.0000 0.0000 0.0000 0.0066 0.0000 0.0000 0.0000 0.0127 0.0000 0.0000 0.9807 0.0000 
111      111   (0)     15 :  0.0000 0.0000 0.0000 0.0000 0.0000 0.0066 0.2309 0.0000 0.0000 0.1439 0.0000 0.1133 0.0000 0.5053 
112      112   (0)     15 :  0.0000 0.0000 0.0000 0.0648 0.0521 0.1111 0.0000 0.2884 0.2969 0.0424 0.1183 0.0260 0.0000 0.0000 
113      113   (0)     15 :  0.0000 0.0000 0.0000 0.0047 0.0000 0.0259 0.0000 0.0000 0.0000 0.0000 0.0062 0.0000 0.9631 0.0000 
114      114   (0)     15 :  0.9600 0.0000 0.0000 0.0200 0.0000 0.0200 0.0000 0.0000 0.0000 0.0000 0.0000 0.0000 0.0000 0.0000 
