1        1   (0)      1  : 0.0000 0.1160 0.2325 0.0000 0.2420 0.0000 0.0758 0.0984 0.2354 0.0000 0.0000
2        2   (0)      1  : 0.0000 0.0000 0.0000 0.0000 0.0000 0.0000 0.0000 0.0000 1.0000 0.0000 0.0000
3        3   (0)      1  : 0.0000 0.0000 0.0000 0.0000 0.0000 0.0000 0.0000 0.0000 0.0000 0.0000 1.0000
4        4   (0)      1  : 0.0000 0.0000 0.0000 0.0000 0.0000 0.0000 0.0000 0.0000 1.0000 0.0000 0.0000
5        5   (0)      1  : 1.0000 0.0000 0.0000 0.0000 0.0000 0.0000 0.0000 0.0000 0.0000 0.0000 0.0000
6        6   (0)      1  : 0.2448 0.0391 0.2483 0.0227 0.0000 0.0000 0.0565 0.0253 0.3589 0.0000 0.0043
7        7   (0)      1  : 0.4365 0.0000 0.0000 0.0235 0.1570 0.0000 0.0000 0.0000 0.3831 0.0000 0.0000
8        8   (0)      2  : 0.3203 0.0000 0.2659 0.0000 0.1853 0.0444 0.0000 0.0000 0.0859 0.0982 0.0000
9        9   (0)      2  : 0.0000 0.0000 0.0000 0.0000 1.0000 0.0000 0.0000 0.0000 0.0000 0.0000 0.0000
10       10   (0)      2  : 0.0000 0.0000 0.0000 0.0000 1.0000 0.0000 0.0000 0.0000 0.0000 0.0000 0.0000
11       11   (0)      2  : 0.0000 0.1238 0.0000 0.0000 0.8762 0.0000 0.0000 0.0000 0.0000 0.0000 0.0000
12       12   (0)      2  : 0.0000 0.0000 0.0000 0.0265 0.0000 0.0000 0.0000 0.0000 0.3749 0.5986 0.0000
13       13   (0)      2  : 0.0000 0.0000 0.0000 0.0000 0.0000 0.0000 0.0000 0.0000 0.0000 0.0000 1.0000
14       14   (0)      3  : 0.0000 0.0000 0.0000 0.0000 0.0000 0.0000 0.0000 0.0000 1.0000 0.0000 0.0000
15       15   (0)      3  : 0.0000 0.0000 0.0000 0.0000 0.0000 0.0000 0.0000 0.0000 0.5880 0.4120 0.0000
16       16   (0)      3  : 0.0000 0.0000 0.0000 0.0000 0.0000 0.0000 0.0000 0.2882 0.0000 0.5075 0.2043
17       17   (0)      3  : 0.0000 0.0000 0.0000 0.0000 0.0000 0.0000 0.0000 1.0000 0.0000 0.0000 0.0000
18       18   (0)      4  : 0.0000 0.0000 0.0000 0.0000 0.0000 0.0000 0.0000 0.0000 1.0000 0.0000 0.0000
19       19   (0)      4  : 0.0000 0.0000 1.0000 0.0000 0.0000 0.0000 0.0000 0.0000 0.0000 0.0000 0.0000
20       20   (0)      4  : 1.0000 0.0000 0.0000 0.0000 0.0000 0.0000 0.0000 0.0000 0.0000 0.0000 0.0000
21       21   (0)      4  : 0.0000 0.0000 0.0000 0.0000 0.0000 0.0000 0.0000 0.0000 1.0000 0.0000 0.0000
22       22   (0)      4  : 0.0000 0.0000 1.0000 0.0000 0.0000 0.0000 0.0000 0.0000 0.0000 0.0000 0.0000
23       23   (0)      4  : 0.0000 0.0000 0.0000 0.0000 0.0000 0.0000 0.0000 1.0000 0.0000 0.0000 0.0000
24       24   (0)      4  : 0.0000 0.0000 0.2198 0.0000 0.0000 0.0000 0.0000 0.1760 0.2404 0.0000 0.3638
25       25   (0)      4  : 1.0000 0.0000 0.0000 0.0000 0.0000 0.0000 0.0000 0.0000 0.0000 0.0000 0.0000
26       26   (0)      4  : 0.4902 0.0365 0.0347 0.0000 0.1429 0.0451 0.0000 0.0000 0.0000 0.1157 0.1349
27       27   (0)      4  : 0.0000 0.0000 0.2136 0.0000 0.1039 0.0000 0.0000 0.2109 0.2233 0.2483 0.0000
28       28   (0)      4  : 0.0000 0.0000 0.4077 0.0000 0.0000 0.0273 0.0000 0.0000 0.0000 0.0000 0.5650
29       29   (0)      4  : 0.3050 0.0239 0.0603 0.0000 0.1927 0.0299 0.0824 0.0000 0.3051 0.0000 0.0007
30       30   (0)      4  : 0.0000 0.0000 1.0000 0.0000 0.0000 0.0000 0.0000 0.0000 0.0000 0.0000 0.0000
31       31   (0)      4  : 0.0000 0.0000 0.0000 0.0000 0.0000 0.0000 0.0000 0.0000 0.4805 0.5195 0.0000
32       32   (0)      4  : 0.0000 0.0000 0.0000 0.0000 0.0000 0.0000 0.0000 0.0000 0.0000 1.0000 0.0000
33       33   (0)      4  : 0.0000 0.0000 0.0000 0.0446 0.0000 0.0000 0.0000 0.0000 0.0000 0.4841 0.4712
34       34   (0)      5  : 0.5472 0.0171 0.2850 0.0000 0.0000 0.0011 0.0000 0.1497 0.0000 0.0000 0.0000
35       35   (0)      6  : 0.0000 0.0000 0.0000 0.0000 0.0000 0.0000 0.0000 0.0000 0.0000 1.0000 0.0000
36       36   (0)      6  : 0.0000 0.0000 0.0000 0.0000 0.5222 0.0000 0.0000 0.0000 0.4778 0.0000 0.0000
37       37   (0)      6  : 0.0000 0.0000 0.0000 0.0000 0.0000 1.0000 0.0000 0.0000 0.0000 0.0000 0.0000
38       38   (0)      6  : 0.5419 0.0000 0.0000 0.0000 0.0000 0.0000 0.0000 0.0000 0.0000 0.4581 0.0000
39       39   (0)      6  : 0.7198 0.0000 0.0000 0.0000 0.0000 0.0000 0.0000 0.0000 0.0000 0.0000 0.2802
40       40   (0)      6  : 0.0000 0.0000 0.0000 0.0000 0.0000 0.0000 0.0000 1.0000 0.0000 0.0000 0.0000
41       41   (0)      6  : 0.0000 1.0000 0.0000 0.0000 0.0000 0.0000 0.0000 0.0000 0.0000 0.0000 0.0000
42       42   (0)      6  : 0.1081 0.0148 0.0000 0.0000 0.0810 0.0166 0.0472 0.1303 0.2297 0.2964 0.0759
43       43   (0)      6  : 0.0000 0.0000 0.0000 0.0000 1.0000 0.0000 0.0000 0.0000 0.0000 0.0000 0.0000
44       44   (0)      6  : 0.4103 0.0273 0.1440 0.0087 0.1036 0.0000 0.0456 0.0000 0.0798 0.1461 0.0346
45       45   (0)      6  : 0.0000 0.0000 0.0000 0.0000 0.0000 0.0000 0.0000 1.0000 0.0000 0.0000 0.0000
46       46   (0)      6  : 0.0000 0.0000 0.0000 1.0000 0.0000 0.0000 0.0000 0.0000 0.0000 0.0000 0.0000
47       47   (0)      6  : 0.0000 0.0000 0.0000 0.0000 1.0000 0.0000 0.0000 0.0000 0.0000 0.0000 0.0000
48       48   (0)      6  : 0.0000 0.0000 0.0000 0.0000 0.0000 0.0000 0.0000 0.0000 0.0000 1.0000 0.0000
49       49   (0)      6  : 0.0000 1.0000 0.0000 0.0000 0.0000 0.0000 0.0000 0.0000 0.0000 0.0000 0.0000
50       50   (0)      6  : 0.0000 0.0000 0.0000 0.0000 0.0000 0.0000 1.0000 0.0000 0.0000 0.0000 0.0000
51       51   (0)      6  : 0.3422 0.0702 0.0958 0.0223 0.0001 0.0208 0.0631 0.0000 0.0497 0.3358 0.0000
52       52   (0)      6  : 0.0000 0.0000 0.0000 1.0000 0.0000 0.0000 0.0000 0.0000 0.0000 0.0000 0.0000
53       53   (0)      6  : 0.0000 0.0000 0.0000 0.0000 0.0000 0.0000 0.0000 0.0000 0.0000 1.0000 0.0000
54       54   (0)      6  : 1.0000 0.0000 0.0000 0.0000 0.0000 0.0000 0.0000 0.0000 0.0000 0.0000 0.0000
55       55   (0)      6  : 0.0000 0.0000 0.0000 0.0000 0.0000 0.0000 0.0000 1.0000 0.0000 0.0000 0.0000
56       56   (0)      6  : 0.0000 0.0000 0.0000 0.0000 0.0000 0.0000 0.0000 0.0000 0.0000 0.0000 1.0000
57       57   (0)      6  : 1.0000 0.0000 0.0000 0.0000 0.0000 0.0000 0.0000 0.0000 0.0000 0.0000 0.0000
58       58   (0)      7  : 0.0000 0.0000 0.0000 0.0000 0.0000 0.0000 0.5938 0.4062 0.0000 0.0000 0.0000
59       59   (0)      7  : 0.0000 0.0000 0.0000 0.0000 0.2068 0.0002 0.0776 0.3308 0.3845 0.0000 0.0000
60       60   (0)      7  : 0.3603 0.0000 0.0000 0.0000 0.0000 0.0000 0.0000 0.0000 0.6397 0.0000 0.0000
61       61   (0)      7  : 0.6294 0.0000 0.0000 0.0000 0.0000 0.0000 0.0000 0.0000 0.0000 0.0000 0.3706
62       62   (0)      7  : 0.0000 0.0000 0.0000 0.0000 0.0000 1.0000 0.0000 0.0000 0.0000 0.0000 0.0000
63       63   (0)      7  : 0.1531 0.0150 0.1488 0.0000 0.2289 0.0000 0.1360 0.0000 0.0000 0.2566 0.0616
64       64   (0)      8  : 0.0000 0.0000 0.4372 0.0292 0.0000 0.0443 0.0000 0.0000 0.0000 0.4892 0.0000
65       65   (0)      8  : 0.0000 0.0000 0.0000 0.0000 0.0000 0.0000 0.0000 0.0000 0.0000 0.0000 1.0000
66       66   (0)      9  : 0.0000 0.0000 1.0000 0.0000 0.0000 0.0000 0.0000 0.0000 0.0000 0.0000 0.0000
67       67   (0)     10  : 0.0000 0.0000 0.0000 0.0000 0.0000 0.0000 0.0000 0.0000 0.0000 1.0000 0.0000
68       68   (0)     10  : 0.1820 0.0000 0.0729 0.0087 0.0000 0.0000 0.0001 0.0000 0.3355 0.1993 0.2015
69       69   (0)     10  : 0.0000 0.0000 0.2689 0.0378 0.0000 0.0000 0.4123 0.0000 0.0000 0.0000 0.2810
70       70   (0)     10  : 0.0000 0.0000 0.4289 0.0118 0.0000 0.0306 0.2158 0.0069 0.3060 0.0000 0.0000
71       71   (0)     10  : 0.0000 0.0000 0.2002 0.0000 0.0000 0.0000 0.0000 0.3097 0.0000 0.4901 0.0000
72       72   (0)     10  : 0.0000 0.0000 1.0000 0.0000 0.0000 0.0000 0.0000 0.0000 0.0000 0.0000 0.0000
73       73   (0)     10  : 0.3741 0.0000 0.0000 0.0055 0.2178 0.0000 0.0599 0.0000 0.0000 0.3426 0.0000
74       74   (0)     10  : 0.0000 0.0000 0.0000 0.0000 0.0000 0.0000 1.0000 0.0000 0.0000 0.0000 0.0000
75       75   (0)     10  : 0.2668 0.0000 0.0000 0.0144 0.0000 0.0218 0.1583 0.0202 0.0000 0.2892 0.2293
76       76   (0)     10  : 0.0000 0.0000 0.0000 0.0000 0.0000 0.0000 1.0000 0.0000 0.0000 0.0000 0.0000
