1        1   (0)      1  : 0.0000 1.0000 0.0000 0.0000 0.0000 0.0000 0.0000 0.0000 0.0000 0.0000 0.0000 0.0000 0.0000 0.0000 0.0000
2        2   (0)      2  : 0.0000 0.0000 0.0000 0.0000 0.0000 0.8000 0.0000 0.0000 0.0000 0.0333 0.0333 0.0000 0.1000 0.0000 0.0333
3        3   (0)      2  : 0.6310 0.0000 0.0000 0.0000 0.0000 0.0000 0.0000 0.0000 0.0333 0.0000 0.0000 0.2042 0.0000 0.0784 0.0531
4        4   (0)      3  : 0.0972 0.0000 0.0182 0.0000 0.0000 0.0013 0.0000 0.0000 0.6664 0.0000 0.0297 0.0221 0.0251 0.1181 0.0220
5        5   (0)      3  : 0.1211 0.0000 0.0000 0.0000 0.0000 0.0000 0.0000 0.0000 0.8000 0.0000 0.0000 0.0173 0.0000 0.0122 0.0494
6        6   (0)      3  : 0.1632 0.0000 0.0000 0.0000 0.0212 0.0000 0.0000 0.0000 0.4863 0.0000 0.0246 0.0875 0.0008 0.1991 0.0173
7        7   (0)      3  : 0.0000 0.0000 0.0000 0.5959 0.0000 0.0915 0.0000 0.0000 0.0000 0.0007 0.0037 0.0000 0.2843 0.0157 0.0083
8        8   (0)      3  : 0.0909 0.0000 0.0000 0.0000 0.0003 0.0047 0.0000 0.0000 0.7261 0.0000 0.0178 0.0728 0.0131 0.0733 0.0010
9        9   (0)      3  : 0.3442 0.0000 0.0000 0.0000 0.0000 0.0000 0.0003 0.0000 0.2342 0.0000 0.0000 0.1781 0.0000 0.1484 0.0947
10       10   (0)      4  : 0.0962 0.0000 0.0000 0.0000 0.0000 0.0018 0.0000 0.0000 0.4886 0.0000 0.0000 0.1403 0.0055 0.2563 0.0113
11       11   (0)      4  : 0.2756 0.0000 0.0000 0.0000 0.0000 0.0000 0.4050 0.0000 0.0153 0.0000 0.0333 0.0479 0.0333 0.1217 0.0678
12       12   (0)      4  : 0.7649 0.0000 0.0000 0.0000 0.0000 0.0000 0.0000 0.0000 0.0402 0.0000 0.0000 0.0484 0.0000 0.0798 0.0667
13       13   (0)      4  : 0.0491 0.0000 0.0000 0.0000 0.0000 0.0000 0.0007 0.0000 0.0984 0.0000 0.0000 0.5808 0.0060 0.2054 0.0597
14       14   (0)      5  : 0.0000 0.0000 0.6554 0.0000 0.0000 0.0000 0.0000 0.0000 0.0000 0.0000 0.2703 0.0000 0.0198 0.0546 0.0000
15       15   (0)      5  : 0.0000 0.0000 0.0000 1.0000 0.0000 0.0000 0.0000 0.0000 0.0000 0.0000 0.0000 0.0000 0.0000 0.0000 0.0000
16       16   (0)      5  : 0.0000 0.0000 0.0000 0.0000 0.0000 0.9000 0.0000 0.0000 0.0000 0.0000 0.0333 0.0000 0.0000 0.0667 0.0000
17       17   (0)      5  : 0.0000 0.0000 0.0000 0.0000 0.0000 0.0000 0.8591 0.0000 0.0000 0.0000 0.0000 0.0000 0.0000 0.0333 0.1075
18       18   (0)      5  : 0.0398 0.0000 0.0000 0.0000 0.0000 0.0000 0.0000 0.0000 0.0967 0.0000 0.0333 0.7829 0.0000 0.0472 0.0000
19       19   (0)      5  : 0.0000 0.0000 0.0000 0.0000 0.0000 0.0000 0.8846 0.0000 0.0000 0.0000 0.0154 0.0000 0.0000 0.0333 0.0667
20       20   (0)      5  : 0.4561 0.0000 0.0000 0.0000 0.0000 0.0000 0.0015 0.0000 0.1248 0.0000 0.0000 0.2119 0.0000 0.1375 0.0682
21       21   (0)      5  : 0.1303 0.0000 0.0000 0.0000 0.0000 0.0000 0.0000 0.0000 0.0650 0.0000 0.0000 0.6830 0.0000 0.0721 0.0496
22       22   (0)      5  : 0.0000 0.0000 0.0000 0.0000 0.0000 0.0000 0.9229 0.0000 0.0000 0.0000 0.0000 0.0000 0.0000 0.0000 0.0771
23       23   (0)      5  : 0.7190 0.0000 0.0000 0.0000 0.0000 0.0000 0.0053 0.0000 0.0576 0.0000 0.0000 0.0604 0.0053 0.1279 0.0245
24       24   (0)      5  : 0.0000 0.0000 0.0000 1.0000 0.0000 0.0000 0.0000 0.0000 0.0000 0.0000 0.0000 0.0000 0.0000 0.0000 0.0000
25       25   (0)      5  : 0.0000 0.0000 0.6575 0.0000 0.0000 0.0000 0.0000 0.0000 0.0000 0.0000 0.2267 0.0000 0.0333 0.0333 0.0492
26       26   (0)      5  : 0.0803 0.0000 0.0000 0.0000 0.0000 0.0000 0.0017 0.0000 0.1415 0.0000 0.0333 0.6370 0.0000 0.0955 0.0107
27       27   (0)      5  : 0.0000 0.0000 0.0000 1.0000 0.0000 0.0000 0.0000 0.0000 0.0000 0.0000 0.0000 0.0000 0.0000 0.0000 0.0000
28       28   (0)      5  : 0.0000 0.0000 0.0000 0.4720 0.0000 0.0000 0.0000 0.0000 0.0000 0.1551 0.0000 0.0000 0.3729 0.0000 0.0000
29       29   (0)      6  : 0.0000 1.0000 0.0000 0.0000 0.0000 0.0000 0.0000 0.0000 0.0000 0.0000 0.0000 0.0000 0.0000 0.0000 0.0000
30       30   (0)      6  : 0.0000 0.0000 0.0000 0.0000 0.7049 0.0054 0.0000 0.0000 0.0000 0.0000 0.0369 0.0000 0.0448 0.0045 0.2034
31       31   (0)      6  : 0.8563 0.0000 0.0000 0.0000 0.0000 0.0000 0.0000 0.0000 0.0667 0.0000 0.0000 0.0000 0.0000 0.0770 0.0000
32       32   (0)      6  : 0.1545 0.0000 0.0000 0.0000 0.0000 0.0000 0.1259 0.0000 0.3979 0.0055 0.0566 0.0262 0.0066 0.1543 0.0726
33       33   (0)      6  : 0.0000 0.0000 0.0000 0.0000 0.0000 0.0000 0.0000 0.9333 0.0000 0.0333 0.0000 0.0000 0.0000 0.0000 0.0333
34       34   (0)      6  : 0.0000 0.0000 0.8257 0.0000 0.0000 0.0000 0.0000 0.0000 0.0000 0.0000 0.1246 0.0000 0.0067 0.0097 0.0333
35       35   (0)      6  : 0.0000 1.0000 0.0000 0.0000 0.0000 0.0000 0.0000 0.0000 0.0000 0.0000 0.0000 0.0000 0.0000 0.0000 0.0000
36       36   (0)      6  : 0.0000 1.0000 0.0000 0.0000 0.0000 0.0000 0.0000 0.0000 0.0000 0.0000 0.0000 0.0000 0.0000 0.0000 0.0000
37       37   (0)      7  : 0.0000 0.0000 0.0000 0.0000 0.9563 0.0000 0.0000 0.0000 0.0000 0.0000 0.0000 0.0000 0.0000 0.0000 0.0437
38       38   (0)      7  : 0.0000 0.0000 0.0000 0.0000 0.0000 0.0000 0.8333 0.0000 0.0000 0.0000 0.0333 0.0000 0.0000 0.0000 0.1333
39       39   (0)      7  : 0.0000 0.0000 0.7564 0.0000 0.0000 0.0000 0.0000 0.0000 0.0000 0.0000 0.1770 0.0000 0.0000 0.0667 0.0000
40       40   (0)      7  : 0.0000 0.0000 0.8398 0.0000 0.0000 0.0000 0.0000 0.0000 0.0000 0.0000 0.1265 0.0000 0.0159 0.0179 0.0000
41       41   (0)      7  : 0.0000 0.0000 0.0000 0.0000 0.0000 0.0000 0.9573 0.0000 0.0000 0.0000 0.0000 0.0000 0.0000 0.0000 0.0427
42       42   (0)      7  : 0.0000 0.0000 0.9350 0.0000 0.0000 0.0000 0.0000 0.0000 0.0000 0.0000 0.0650 0.0000 0.0000 0.0000 0.0000
43       43   (0)      7  : 0.0000 0.0000 0.0000 0.0000 0.0000 0.0000 0.8667 0.0000 0.0000 0.0000 0.0333 0.0000 0.0000 0.0667 0.0333
44       44   (0)      7  : 0.0000 0.0000 0.0000 0.0000 0.0000 0.9667 0.0000 0.0000 0.0000 0.0000 0.0000 0.0000 0.0000 0.0333 0.0000
45       45   (0)      7  : 0.8917 0.0000 0.0000 0.0000 0.0000 0.0000 0.0000 0.0000 0.0083 0.0000 0.0000 0.0333 0.0000 0.0667 0.0000
46       46   (0)      7  : 0.0000 0.9954 0.0000 0.0000 0.0000 0.0000 0.0000 0.0046 0.0000 0.0000 0.0000 0.0000 0.0000 0.0000 0.0000
47       47   (0)      7  : 0.0000 0.0000 0.0000 0.0000 0.0000 0.0000 0.0000 0.0000 0.0667 0.0000 0.0143 0.7753 0.0000 0.1264 0.0172
48       48   (0)      7  : 0.0000 0.9599 0.0000 0.0000 0.0000 0.0000 0.0000 0.0123 0.0000 0.0108 0.0000 0.0000 0.0085 0.0035 0.0049
49       49   (0)      7  : 0.0000 0.0000 0.0000 0.0000 0.7887 0.0000 0.0000 0.0000 0.0000 0.0000 0.0667 0.0000 0.0000 0.0000 0.1447
50       50   (0)      7  : 0.0000 0.0000 0.0000 0.0000 0.0000 0.9000 0.0000 0.0000 0.0000 0.0000 0.0333 0.0000 0.0000 0.0667 0.0000
51       51   (0)      7  : 0.0000 0.0000 0.0000 0.0000 0.9839 0.0000 0.0000 0.0000 0.0000 0.0000 0.0000 0.0000 0.0000 0.0000 0.0161
52       52   (0)      7  : 0.0000 0.0000 0.0000 0.8466 0.0000 0.0000 0.0000 0.0000 0.0000 0.0000 0.0000 0.0000 0.1534 0.0000 0.0000
53       53   (0)      7  : 0.1479 0.0000 0.0000 0.0000 0.0000 0.0000 0.0000 0.0000 0.0796 0.0000 0.0000 0.4696 0.0000 0.2065 0.0963
54       54   (0)      7  : 0.2241 0.0000 0.0000 0.0000 0.0000 0.0000 0.0000 0.0000 0.1548 0.0000 0.0000 0.5258 0.0000 0.0810 0.0143
55       55   (0)      7  : 0.3555 0.0000 0.0000 0.0000 0.0000 0.0000 0.0122 0.0000 0.0947 0.0000 0.0000 0.3533 0.0000 0.0667 0.1176
56       56   (0)      7  : 0.4449 0.0000 0.0000 0.0000 0.0000 0.0000 0.0000 0.0000 0.1082 0.0000 0.0000 0.2887 0.0000 0.0345 0.1238
57       57   (0)      8  : 0.0000 0.0000 0.5577 0.0000 0.0000 0.0000 0.0000 0.0000 0.0000 0.0000 0.3223 0.0000 0.0534 0.0333 0.0333
58       58   (0)      8  : 0.0000 0.0000 0.0000 0.8164 0.0000 0.0000 0.0000 0.0000 0.0000 0.0000 0.0000 0.0000 0.1836 0.0000 0.0000
59       59   (0)      8  : 0.0764 0.0000 0.0000 0.0000 0.0000 0.0000 0.0000 0.0000 0.0329 0.0000 0.0000 0.7119 0.0000 0.1142 0.0645
60       60   (0)      8  : 0.0000 0.0000 0.7542 0.0000 0.0000 0.0000 0.0000 0.0000 0.0000 0.0000 0.1684 0.0000 0.0000 0.0773 0.0000
61       61   (0)      8  : 0.0000 0.0000 0.6211 0.0000 0.0000 0.0000 0.0000 0.0000 0.0000 0.0000 0.3455 0.0000 0.0000 0.0000 0.0333
62       62   (0)      8  : 0.0000 0.0000 0.0000 0.0000 0.8718 0.0000 0.0000 0.0000 0.0000 0.0000 0.0463 0.0000 0.0000 0.0000 0.0819
63       63   (0)      8  : 0.0000 0.0000 0.7209 0.0000 0.0000 0.0000 0.0000 0.0000 0.0000 0.0000 0.2595 0.0000 0.0000 0.0196 0.0000
64       64   (0)      8  : 0.1508 0.0000 0.0000 0.0000 0.0000 0.0000 0.0000 0.0000 0.4275 0.0000 0.0000 0.2772 0.0000 0.1112 0.0333
65       65   (0)      8  : 0.0000 0.9955 0.0000 0.0000 0.0000 0.0000 0.0000 0.0000 0.0000 0.0000 0.0000 0.0000 0.0000 0.0000 0.0045
66       66   (0)      8  : 0.1586 0.0000 0.0000 0.0000 0.0000 0.0000 0.0000 0.0000 0.2593 0.0000 0.0000 0.4406 0.0000 0.1143 0.0272
67       67   (0)      8  : 0.1377 0.0000 0.0000 0.0000 0.0000 0.0000 0.0000 0.0000 0.3066 0.0000 0.0000 0.2070 0.0000 0.3211 0.0276
68       68   (0)      8  : 0.0750 0.0000 0.0000 0.0000 0.0000 0.0000 0.0000 0.0000 0.0436 0.0000 0.0000 0.8192 0.0000 0.0495 0.0128
69       69   (0)      8  : 0.0000 1.0000 0.0000 0.0000 0.0000 0.0000 0.0000 0.0000 0.0000 0.0000 0.0000 0.0000 0.0000 0.0000 0.0000
70       70   (0)      8  : 0.0000 0.0000 0.7160 0.0000 0.0000 0.0000 0.0000 0.0000 0.0000 0.0000 0.2173 0.0000 0.0333 0.0333 0.0000
71       71   (0)      8  : 0.0000 1.0000 0.0000 0.0000 0.0000 0.0000 0.0000 0.0000 0.0000 0.0000 0.0000 0.0000 0.0000 0.0000 0.0000
72       72   (0)      8  : 0.0000 0.0000 0.0000 0.0000 0.8709 0.0000 0.0000 0.0000 0.0000 0.0000 0.0000 0.0000 0.0000 0.0000 0.1291
73       73   (0)      8  : 0.0000 0.0000 0.0000 0.0000 0.0000 0.0000 0.7132 0.0000 0.0291 0.0000 0.0000 0.1147 0.0000 0.0139 0.1291
74       74   (0)      8  : 0.2983 0.0000 0.0000 0.0000 0.0000 0.0000 0.0000 0.0000 0.1367 0.0000 0.0000 0.3802 0.0000 0.1182 0.0667
75       75   (0)      8  : 0.0667 0.0000 0.0000 0.0000 0.0000 0.0000 0.0000 0.0000 0.0000 0.0000 0.0000 0.7397 0.0000 0.1761 0.0176
76       76   (0)      8  : 0.0000 0.9361 0.0000 0.0000 0.0000 0.0000 0.0000 0.0639 0.0000 0.0000 0.0000 0.0000 0.0000 0.0000 0.0000
77       77   (0)      8  : 0.2779 0.0000 0.0000 0.0000 0.0000 0.0000 0.0004 0.0000 0.3268 0.0000 0.0000 0.2164 0.0000 0.1189 0.0596
78       78   (0)      9  : 0.0000 0.0000 0.5394 0.0000 0.0000 0.0000 0.0000 0.0000 0.0000 0.0000 0.2939 0.0000 0.0667 0.0667 0.0333
79       79   (0)      9  : 0.0000 0.0000 0.5977 0.0000 0.0000 0.0000 0.0000 0.0000 0.0000 0.0000 0.3689 0.0000 0.0000 0.0333 0.0000
80       80   (0)      9  : 0.0000 0.0000 0.0000 0.0000 0.8000 0.0000 0.0000 0.0000 0.0000 0.0000 0.0333 0.0000 0.0000 0.0000 0.1667
81       81   (0)      9  : 0.0000 0.0000 0.5341 0.0000 0.0000 0.0000 0.0000 0.0000 0.0000 0.0000 0.3992 0.0000 0.0000 0.0667 0.0000
82       82   (0)      9  : 0.0000 1.0000 0.0000 0.0000 0.0000 0.0000 0.0000 0.0000 0.0000 0.0000 0.0000 0.0000 0.0000 0.0000 0.0000
83       83   (0)      9  : 0.0726 0.0000 0.0000 0.0000 0.0000 0.0088 0.0013 0.0000 0.3830 0.0101 0.0486 0.1797 0.0036 0.2909 0.0013
84       84   (0)      9  : 0.0000 0.0000 0.0000 0.0000 0.0000 0.0333 0.0000 0.0000 0.0000 0.7667 0.0000 0.0000 0.1333 0.0667 0.0000
85       85   (0)      9  : 0.1152 0.0000 0.0000 0.0000 0.0000 0.0000 0.0000 0.0000 0.0333 0.0000 0.0000 0.6576 0.0000 0.1748 0.0191
86       86   (0)      9  : 0.2091 0.0000 0.0000 0.0000 0.0000 0.0000 0.0000 0.0000 0.0898 0.0000 0.0000 0.3739 0.0000 0.2795 0.0476
87       87   (0)      9  : 0.2447 0.0000 0.0000 0.0000 0.0000 0.0000 0.0000 0.0000 0.0526 0.0000 0.0000 0.3938 0.0000 0.2644 0.0444
88       88   (0)      9  : 0.0000 0.0000 0.8557 0.0000 0.0000 0.0000 0.0000 0.0000 0.0000 0.0000 0.1272 0.0000 0.0171 0.0000 0.0000
89       89   (0)      9  : 0.0000 0.0000 0.7809 0.0000 0.0000 0.0000 0.0000 0.0000 0.0000 0.0000 0.1467 0.0000 0.0000 0.0724 0.0000
90       90   (0)      9  : 0.4565 0.0000 0.0000 0.0000 0.0000 0.0000 0.2604 0.0000 0.0376 0.0000 0.0099 0.0599 0.0000 0.1026 0.0731
91       91   (0)      9  : 0.0000 0.0000 0.0000 0.0000 0.9000 0.0000 0.0000 0.0000 0.0000 0.0000 0.0000 0.0000 0.0000 0.0000 0.1000
92       92   (0)     10  : 0.0278 0.0000 0.1831 0.0000 0.0000 0.4508 0.0000 0.0000 0.0000 0.0171 0.1578 0.0000 0.1157 0.0144 0.0333
93       93   (0)     11  : 0.0316 0.0313 0.0000 0.0000 0.0000 0.5438 0.0000 0.0000 0.0000 0.0425 0.0667 0.0000 0.2175 0.0405 0.0261
94       94   (0)     11  : 0.0000 0.0000 0.0000 0.5223 0.0000 0.0000 0.0000 0.0000 0.0000 0.0948 0.0000 0.0000 0.3830 0.0000 0.0000
95       95   (0)     11  : 0.0000 0.0000 0.0000 0.0000 0.0000 0.0000 0.0000 0.0000 0.0000 0.9000 0.0000 0.0000 0.1000 0.0000 0.0000
96       96   (0)     12  : 0.0000 0.0000 0.0000 1.0000 0.0000 0.0000 0.0000 0.0000 0.0000 0.0000 0.0000 0.0000 0.0000 0.0000 0.0000
97       97   (0)     12  : 0.0000 0.0000 0.0000 1.0000 0.0000 0.0000 0.0000 0.0000 0.0000 0.0000 0.0000 0.0000 0.0000 0.0000 0.0000
98       98   (0)     12  : 0.0000 0.0000 0.0000 1.0000 0.0000 0.0000 0.0000 0.0000 0.0000 0.0000 0.0000 0.0000 0.0000 0.0000 0.0000
99       99   (0)     12  : 0.0000 0.0000 0.0000 0.9907 0.0000 0.0000 0.0000 0.0000 0.0000 0.0000 0.0000 0.0000 0.0093 0.0000 0.0000
100      100   (0)     12  : 0.0000 1.0000 0.0000 0.0000 0.0000 0.0000 0.0000 0.0000 0.0000 0.0000 0.0000 0.0000 0.0000 0.0000 0.0000
101      101   (0)     13  : 0.0000 0.9952 0.0000 0.0000 0.0000 0.0000 0.0000 0.0000 0.0000 0.0000 0.0000 0.0000 0.0000 0.0000 0.0048
102      102   (0)     13  : 0.0000 0.0000 0.0000 0.7468 0.0000 0.0000 0.0000 0.0000 0.0000 0.0000 0.0000 0.0000 0.2532 0.0000 0.0000
103      103   (0)     14  : 0.0000 0.0000 0.3323 0.0000 0.0039 0.0266 0.0000 0.0000 0.0000 0.0000 0.4367 0.0000 0.0572 0.0037 0.1396
104      104   (0)     14  : 0.0000 1.0000 0.0000 0.0000 0.0000 0.0000 0.0000 0.0000 0.0000 0.0000 0.0000 0.0000 0.0000 0.0000 0.0000
105      105   (0)     14  : 0.0000 0.7091 0.0000 0.0010 0.0086 0.2022 0.0000 0.0030 0.0000 0.0105 0.0000 0.0000 0.0345 0.0124 0.0187
106      106   (0)     14  : 0.0000 0.0000 0.0000 0.0000 0.0000 0.0000 0.0000 1.0000 0.0000 0.0000 0.0000 0.0000 0.0000 0.0000 0.0000
107      107   (0)     14  : 0.0000 0.0000 0.0000 0.0000 0.9000 0.0000 0.0000 0.0000 0.0000 0.0000 0.0000 0.0000 0.0000 0.0000 0.1000
108      108   (0)     15  : 0.0000 0.0000 0.0000 0.0000 0.0000 0.9667 0.0000 0.0000 0.0000 0.0000 0.0000 0.0000 0.0000 0.0333 0.0000
109      109   (0)     15  : 0.0000 0.5016 0.0000 0.0000 0.0000 0.0000 0.0000 0.4984 0.0000 0.0000 0.0000 0.0000 0.0000 0.0000 0.0000
110      110   (0)     15  : 0.0000 1.0000 0.0000 0.0000 0.0000 0.0000 0.0000 0.0000 0.0000 0.0000 0.0000 0.0000 0.0000 0.0000 0.0000
111      111   (0)     15  : 0.5363 0.0000 0.0000 0.0000 0.0000 0.0000 0.0000 0.0000 0.1421 0.0000 0.0000 0.1803 0.0000 0.1412 0.0000
112      112   (0)     15  : 0.0000 0.0000 0.2881 0.0635 0.0000 0.0440 0.0000 0.0000 0.0000 0.0000 0.2656 0.0000 0.1974 0.0274 0.1139
113      113   (0)     15  : 0.0000 0.9724 0.0000 0.0119 0.0000 0.0000 0.0000 0.0032 0.0000 0.0053 0.0000 0.0000 0.0072 0.0000 0.0000
114      114   (0)     15  : 0.0000 0.0000 0.0000 0.0000 0.0000 0.0000 0.0000 1.0000 0.0000 0.0000 0.0000 0.0000 0.0000 0.0000 0.0000
