1        1   (0)      1  : 0.0000 0.2402 0.1482 0.0000 0.4387 0.0000 0.0000 0.1729
2        2   (0)      1  : 0.6068 0.0000 0.0000 0.0243 0.0000 0.2223 0.1287 0.0179
3        3   (0)      1  : 0.0000 0.1667 0.0000 0.0000 0.1774 0.0000 0.0000 0.6560
4        4   (0)      1  : 0.0000 0.1684 0.0000 0.0000 0.1844 0.0000 0.0000 0.6472
5        5   (0)      1  : 0.0000 0.3333 0.0000 0.0000 0.0000 0.0000 0.0000 0.6667
6        6   (0)      1  : 0.2358 0.0000 0.0000 0.0000 0.0003 0.0000 0.7639 0.0000
7        7   (0)      1  : 0.0000 0.1891 0.0000 0.0000 0.5501 0.0182 0.0035 0.2390
8        8   (0)      1  : 0.4502 0.0000 0.0000 0.0000 0.0105 0.1147 0.4220 0.0026
9        9   (0)      1  : 0.0000 0.0000 0.0000 0.0000 0.5194 0.0000 0.0000 0.4806
10       10   (0)      2  : 0.0000 0.1667 0.0000 0.0000 0.6667 0.0000 0.0000 0.1667
11       11   (0)      2  : 0.0000 0.0000 0.0000 0.0000 1.0000 0.0000 0.0000 0.0000
12       12   (0)      2  : 0.5000 0.0000 0.0000 0.0000 0.0000 0.1137 0.3863 0.0000
13       13   (0)      3  : 0.0000 0.1189 0.0000 0.0000 0.8333 0.0000 0.0000 0.0478
14       14   (0)      3  : 0.0000 0.0000 0.0000 1.0000 0.0000 0.0000 0.0000 0.0000
15       15   (0)      3  : 0.3330 0.0000 0.0036 0.0000 0.0000 0.3301 0.3333 0.0000
16       16   (0)      3  : 0.0000 0.0000 1.0000 0.0000 0.0000 0.0000 0.0000 0.0000
17       17   (0)      4  : 0.0000 0.0000 0.5831 0.3987 0.0000 0.0041 0.0141 0.0000
18       18   (0)      4  : 0.0466 0.0020 0.0000 0.0230 0.0055 0.5663 0.3566 0.0000
19       19   (0)      5  : 0.0000 0.0000 0.0000 0.0000 0.0000 0.6092 0.3908 0.0000
20       20   (0)      5  : 0.0000 0.4118 0.0000 0.3805 0.0000 0.0000 0.0000 0.2076
21       21   (0)      5  : 0.0000 0.1667 0.0000 0.0000 0.1667 0.0000 0.0000 0.6667
22       22   (0)      5  : 0.0020 0.2616 0.0000 0.0000 0.4652 0.0115 0.0101 0.2495
23       23   (0)      5  : 0.0000 0.0000 0.0000 0.0000 0.0601 0.0000 0.0000 0.9399
24       24   (0)      5  : 0.0000 0.8468 0.0000 0.0016 0.1516 0.0000 0.0000 0.0000
25       25   (0)      5  : 0.0000 0.4726 0.0602 0.0069 0.2883 0.0000 0.0000 0.1721
26       26   (0)      5  : 0.0731 0.2820 0.0000 0.0000 0.0788 0.2641 0.1659 0.1362
27       27   (0)      5  : 0.0000 0.0000 0.9999 0.0000 0.0000 0.0001 0.0000 0.0000
28       28   (0)      5  : 0.0000 0.0000 1.0000 0.0000 0.0000 0.0000 0.0000 0.0000
29       29   (0)      5  : 0.3786 0.0000 0.0233 0.0243 0.0000 0.4132 0.1606 0.0000
30       30   (0)      5  : 0.2703 0.0000 0.0000 0.0000 0.0000 0.4784 0.2512 0.0000
31       31   (0)      5  : 0.1600 0.1907 0.0000 0.0043 0.3036 0.2376 0.1037 0.0000
32       32   (0)      5  : 0.0000 0.9070 0.0000 0.0000 0.0000 0.0000 0.0000 0.0930
33       33   (0)      5  : 0.6942 0.0058 0.0000 0.0032 0.0000 0.0923 0.1992 0.0053
34       34   (0)      5  : 0.7363 0.0000 0.0000 0.0016 0.0000 0.0432 0.2189 0.0000
35       35   (0)      5  : 0.7407 0.0000 0.0000 0.0022 0.0000 0.1632 0.0940 0.0000
36       36   (0)      6  : 0.3257 0.0000 0.0286 0.0000 0.0000 0.0862 0.5595 0.0000
37       37   (0)      6  : 0.0000 0.0000 1.0000 0.0000 0.0000 0.0000 0.0000 0.0000
38       38   (0)      6  : 0.0000 0.0000 0.0000 0.0000 0.0000 0.7320 0.2680 0.0000
39       39   (0)      6  : 0.2089 0.0076 0.0000 0.0000 0.4394 0.0532 0.2825 0.0083
40       40   (0)      6  : 0.2327 0.0000 0.0000 0.0000 0.0002 0.1383 0.6288 0.0000
41       41   (0)      6  : 0.2244 0.0000 0.0000 0.0043 0.0035 0.0203 0.7475 0.0000
42       42   (0)      6  : 0.2354 0.0000 0.0000 0.0000 0.0379 0.1028 0.6239 0.0000
43       43   (0)      6  : 0.0921 0.0286 0.0000 0.0243 0.0000 0.4287 0.4144 0.0119
44       44   (0)      6  : 0.1008 0.0000 0.0000 0.0093 0.0000 0.2491 0.6408 0.0000
45       45   (0)      6  : 0.5000 0.0000 0.0000 0.0000 0.0000 0.1667 0.3333 0.0000
46       46   (0)      6  : 0.0000 0.2927 0.0000 0.4160 0.0000 0.0000 0.0000 0.2913
47       47   (0)      6  : 0.4639 0.0000 0.0000 0.0000 0.0000 0.5361 0.0000 0.0000
48       48   (0)      7  : 0.0628 0.0000 0.0000 0.0007 0.0000 0.1839 0.7526 0.0000
49       49   (0)      7  : 0.0319 0.4734 0.0000 0.0000 0.0506 0.2632 0.1124 0.0685
50       50   (0)      7  : 0.0513 0.0000 0.0000 0.0000 0.0127 0.2192 0.7167 0.0000
51       51   (0)      8  : 0.7132 0.0000 0.0628 0.0000 0.0000 0.0551 0.1689 0.0000
52       52   (0)      8  : 0.4277 0.0000 0.1715 0.0000 0.0000 0.0000 0.4008 0.0000
53       53   (0)      9  : 0.6823 0.0000 0.0000 0.0068 0.0000 0.1817 0.1292 0.0000
54       54   (0)     10  : 0.1667 0.0000 0.0000 0.0000 0.0000 0.2441 0.5892 0.0000
55       55   (0)     10  : 0.0000 0.0000 0.0000 0.0000 1.0000 0.0000 0.0000 0.0000
56       56   (0)     10  : 0.0000 0.0000 1.0000 0.0000 0.0000 0.0000 0.0000 0.0000
57       57   (0)     10  : 0.0753 0.0000 0.0000 0.0000 0.0000 0.8505 0.0742 0.0000
58       58   (0)     11  : 0.3454 0.0100 0.1023 0.0000 0.0000 0.1249 0.4163 0.0011
59       59   (0)     11  : 0.0013 0.2923 0.0784 0.0000 0.2691 0.0000 0.0096 0.3494
60       60   (0)     11  : 0.0473 0.0000 0.9066 0.0000 0.0000 0.0150 0.0310 0.0000
61       61   (0)     11  : 0.6395 0.0000 0.0000 0.0000 0.0000 0.0267 0.3337 0.0000
62       62   (0)     11  : 0.6323 0.0000 0.0029 0.0000 0.0000 0.2746 0.0902 0.0000
63       63   (0)     11  : 0.5926 0.0000 0.2884 0.0000 0.0000 0.1190 0.0000 0.0000
64       64   (0)     11  : 0.5354 0.0000 0.0000 0.0059 0.0000 0.3333 0.1254 0.0000
65       65   (0)     11  : 0.0000 0.0000 1.0000 0.0000 0.0000 0.0000 0.0000 0.0000
66       66   (0)     11  : 0.5401 0.0000 0.0279 0.0000 0.0000 0.2082 0.2238 0.0000
67       67   (0)     11  : 0.0000 0.3039 0.0000 0.0000 0.0000 0.0000 0.0000 0.6961
68       68   (0)     11  : 0.0000 0.0921 0.4373 0.0000 0.0000 0.0000 0.0000 0.4706
69       69   (0)     11  : 0.2454 0.0000 0.5129 0.0000 0.0000 0.1594 0.0823 0.0000
70       70   (0)     11  : 0.0795 0.0000 0.0000 0.0000 0.0000 0.6736 0.2469 0.0000
71       71   (0)     11  : 0.0000 0.4090 0.1607 0.0000 0.2005 0.0000 0.0000 0.2299
72       72   (0)     12  : 0.0000 0.6590 0.0000 0.0000 0.0673 0.0000 0.0000 0.2737
73       73   (0)     12  : 0.0000 0.9013 0.0000 0.0000 0.0987 0.0000 0.0000 0.0000
74       74   (0)     12  : 0.0000 0.8881 0.0000 0.0000 0.0604 0.0000 0.0000 0.0515
75       75   (0)     12  : 0.3164 0.3484 0.1235 0.0000 0.0776 0.0380 0.0527 0.0434
76       76   (0)     12  : 0.0000 0.9173 0.0000 0.0000 0.0000 0.0000 0.0000 0.0827
77       77   (0)     12  : 0.7378 0.0000 0.0000 0.0000 0.0025 0.1182 0.1349 0.0066
78       78   (0)     12  : 0.4759 0.0402 0.0236 0.0000 0.0001 0.0715 0.3798 0.0089
79       79   (0)     12  : 0.0000 0.1034 0.0000 0.0000 0.2299 0.0000 0.0000 0.6667
80       80   (0)     12  : 0.5201 0.0005 0.1229 0.0000 0.0076 0.1208 0.2196 0.0085
81       81   (0)     13  : 0.0000 0.0000 1.0000 0.0000 0.0000 0.0000 0.0000 0.0000
82       82   (0)     13  : 0.0000 0.5250 0.0000 0.0143 0.2940 0.0000 0.0000 0.1667
83       83   (0)     13  : 0.0000 0.0748 0.0755 0.0000 0.2019 0.0000 0.0000 0.6477
84       84   (0)     13  : 0.0000 0.9477 0.0000 0.0000 0.0000 0.0000 0.0000 0.0523
85       85   (0)     13  : 0.0000 0.3424 0.0000 0.0062 0.5485 0.0000 0.0000 0.1029
86       86   (0)     13  : 0.0000 0.4411 0.0134 0.0000 0.4609 0.0000 0.0000 0.0847
87       87   (0)     13  : 0.4807 0.0306 0.0000 0.0000 0.0000 0.3003 0.1781 0.0103
88       88   (0)     13  : 0.0000 0.4643 0.0000 0.0000 0.2874 0.0000 0.0000 0.2483
89       89   (0)     13  : 0.0000 0.0861 0.0000 0.0000 0.3007 0.0000 0.0000 0.6132
90       90   (0)     13  : 0.0000 0.0000 0.0000 0.0000 0.7553 0.0000 0.0000 0.2447
91       91   (0)     13  : 0.0000 0.4899 0.3849 0.0000 0.1252 0.0000 0.0000 0.0000
92       92   (0)     13  : 0.0000 0.1414 0.0000 0.0000 0.8217 0.0091 0.0134 0.0145
93       93   (0)     13  : 0.3267 0.0000 0.0000 0.0000 0.0153 0.4363 0.2218 0.0000
94       94   (0)     13  : 0.0000 0.6433 0.0000 0.0000 0.3567 0.0000 0.0000 0.0000
95       95   (0)     14  : 0.4037 0.0000 0.0000 0.0051 0.0021 0.4288 0.1603 0.0000
96       96   (0)     14  : 0.0000 0.0000 0.0000 0.0000 1.0000 0.0000 0.0000 0.0000
97       97   (0)     15  : 0.0000 0.0000 1.0000 0.0000 0.0000 0.0000 0.0000 0.0000
98       98   (0)     15  : 0.0603 0.0000 0.0000 0.0000 0.0000 0.5023 0.4374 0.0000
99       99   (0)     15  : 0.0000 0.4006 0.0000 0.5207 0.0788 0.0000 0.0000 0.0000
100      100   (0)     15  : 0.1122 0.0000 0.0000 0.0049 0.0000 0.2486 0.6343 0.0000
101      101   (0)     15  : 0.0000 0.0000 0.0000 1.0000 0.0000 0.0000 0.0000 0.0000
102      102   (0)     15  : 0.0943 0.0000 0.0000 0.0125 0.0000 0.7774 0.1158 0.0000
103      103   (0)     15  : 0.3333 0.0000 0.0000 0.0000 0.0000 0.6667 0.0000 0.0000
104      104   (0)     15  : 0.0000 0.0000 0.0000 1.0000 0.0000 0.0000 0.0000 0.0000
105      105   (0)     15  : 0.0000 0.0000 0.0000 1.0000 0.0000 0.0000 0.0000 0.0000
