  1        1   (0)      1 :  0.0000 0.0000 0.0000 0.0000 0.0000 0.0580 0.0000 0.0000 0.0000 0.0000 0.9420 0.0000 
  2        2   (0)      2 :  0.0000 0.0121 0.0000 0.0000 0.0000 0.0127 0.0000 0.0200 0.0000 0.0444 0.0000 0.9107 
  3        3   (0)      2 :  0.2401 0.0000 0.0464 0.0000 0.0000 0.0065 0.7070 0.0000 0.0000 0.0000 0.0000 0.0000 
  4        4   (0)      3 :  0.0058 0.0452 0.8403 0.0000 0.0000 0.0381 0.0524 0.0000 0.0000 0.0142 0.0000 0.0040 
  5        5   (0)      3 :  0.0538 0.0000 0.8290 0.0000 0.0006 0.0475 0.0249 0.0000 0.0000 0.0442 0.0000 0.0000 
  6        6   (0)      3 :  0.0969 0.0000 0.6444 0.0333 0.0000 0.0446 0.1801 0.0000 0.0000 0.0007 0.0000 0.0000 
  7        7   (0)      3 :  0.0000 0.0221 0.0000 0.0000 0.0000 0.0625 0.0000 0.0000 0.7461 0.0477 0.0000 0.1216 
  8        8   (0)      3 :  0.1099 0.0000 0.7431 0.0074 0.0000 0.0801 0.0175 0.0000 0.0000 0.0273 0.0000 0.0147 
  9        9   (0)      3 :  0.1750 0.0000 0.3340 0.0000 0.0000 0.0500 0.4409 0.0000 0.0000 0.0000 0.0000 0.0000 
 10       10   (0)      4 :  0.1351 0.0000 0.6271 0.0000 0.0000 0.0413 0.1823 0.0000 0.0000 0.0143 0.0000 0.0000 
 11       11   (0)      4 :  0.1737 0.0000 0.0190 0.0000 0.5224 0.0380 0.2407 0.0000 0.0000 0.0062 0.0000 0.0000 
 12       12   (0)      4 :  0.1545 0.0000 0.1792 0.0000 0.0000 0.0400 0.6063 0.0000 0.0000 0.0200 0.0000 0.0000 
 13       13   (0)      4 :  0.6080 0.0000 0.0870 0.0000 0.0000 0.0509 0.2428 0.0000 0.0000 0.0113 0.0000 0.0000 
 14       14   (0)      5 :  0.0000 0.7489 0.0000 0.0000 0.0000 0.1542 0.0690 0.0000 0.0000 0.0279 0.0000 0.0000 
 15       15   (0)      5 :  0.0000 0.0000 0.0000 0.0000 0.0000 0.0000 0.0000 0.0000 1.0000 0.0000 0.0000 0.0000 
 16       16   (0)      5 :  0.0000 0.0000 0.0000 0.0000 0.0000 0.0000 0.0000 0.0000 0.0000 0.0000 0.0000 1.0000 
 17       17   (0)      5 :  0.0000 0.0000 0.0000 0.0000 0.9600 0.0200 0.0000 0.0000 0.0000 0.0200 0.0000 0.0000 
 18       18   (0)      5 :  0.9000 0.0000 0.0328 0.0000 0.0001 0.0263 0.0244 0.0000 0.0000 0.0165 0.0000 0.0000 
 19       19   (0)      5 :  0.0000 0.0000 0.0000 0.0000 0.9716 0.0200 0.0000 0.0000 0.0000 0.0084 0.0000 0.0000 
 20       20   (0)      5 :  0.3138 0.0000 0.0801 0.0000 0.0022 0.0370 0.5594 0.0000 0.0000 0.0075 0.0000 0.0000 
 21       21   (0)      5 :  0.7119 0.0000 0.0410 0.0000 0.0000 0.0170 0.2281 0.0000 0.0000 0.0021 0.0000 0.0000 
 22       22   (0)      5 :  0.0000 0.0000 0.0000 0.0000 0.9905 0.0095 0.0000 0.0000 0.0000 0.0000 0.0000 0.0000 
 23       23   (0)      5 :  0.1246 0.0000 0.0628 0.0000 0.0130 0.0148 0.7648 0.0000 0.0000 0.0200 0.0000 0.0000 
 24       24   (0)      5 :  0.0000 0.0000 0.0000 0.0000 0.0000 0.0000 0.0000 0.0000 1.0000 0.0000 0.0000 0.0000 
 25       25   (0)      5 :  0.0000 0.6991 0.0000 0.0000 0.0000 0.2020 0.0589 0.0000 0.0000 0.0400 0.0000 0.0000 
 26       26   (0)      5 :  0.7019 0.0000 0.1604 0.0000 0.0004 0.0121 0.1244 0.0000 0.0000 0.0008 0.0000 0.0000 
 27       27   (0)      5 :  0.0000 0.0000 0.0000 0.0000 0.0000 0.0000 0.0000 0.0000 1.0000 0.0000 0.0000 0.0000 
 28       28   (0)      5 :  0.0000 0.0000 0.0000 0.0000 0.0000 0.1200 0.0000 0.0411 0.6552 0.1598 0.0000 0.0239 
 29       29   (0)      6 :  0.0000 0.0000 0.0000 0.0000 0.0000 0.0000 0.0000 0.0000 0.0000 0.0000 1.0000 0.0000 
 30       30   (0)      6 :  0.0000 0.0000 0.0000 0.9312 0.0000 0.0200 0.0000 0.0000 0.0000 0.0473 0.0000 0.0015 
 31       31   (0)      6 :  0.0363 0.0000 0.1936 0.0000 0.0000 0.0406 0.7295 0.0000 0.0000 0.0000 0.0000 0.0000 
 32       32   (0)      6 :  0.0084 0.0000 0.6442 0.0000 0.1307 0.0475 0.1249 0.0007 0.0000 0.0437 0.0000 0.0000 
 33       33   (0)      6 :  0.0000 0.0000 0.0000 0.0000 0.0000 0.0000 0.0000 0.8573 0.0000 0.0000 0.1396 0.0031 
 34       34   (0)      6 :  0.0000 0.9409 0.0000 0.0000 0.0000 0.0485 0.0106 0.0000 0.0000 0.0000 0.0000 0.0000 
 35       35   (0)      6 :  0.0000 0.0000 0.0000 0.0000 0.0000 0.0000 0.0000 0.0000 0.0000 0.0000 1.0000 0.0000 
 36       36   (0)      6 :  0.0000 0.0000 0.0000 0.0000 0.0000 0.0000 0.0000 0.0000 0.0000 0.0000 1.0000 0.0000 
 37       37   (0)      7 :  0.0000 0.0000 0.0000 0.9200 0.0000 0.0400 0.0000 0.0000 0.0000 0.0400 0.0000 0.0000 
 38       38   (0)      7 :  0.0000 0.0000 0.0000 0.0000 0.9200 0.0400 0.0000 0.0000 0.0000 0.0400 0.0000 0.0000 
 39       39   (0)      7 :  0.0000 0.8825 0.0000 0.0000 0.0000 0.0692 0.0201 0.0000 0.0000 0.0281 0.0000 0.0000 
 40       40   (0)      7 :  0.0000 0.9641 0.0000 0.0000 0.0000 0.0359 0.0000 0.0000 0.0000 0.0000 0.0000 0.0000 
 41       41   (0)      7 :  0.0000 0.0000 0.0000 0.0000 0.9870 0.0082 0.0000 0.0000 0.0000 0.0047 0.0000 0.0000 
 42       42   (0)      7 :  0.0000 0.9348 0.0000 0.0000 0.0000 0.0652 0.0000 0.0000 0.0000 0.0000 0.0000 0.0000 
 43       43   (0)      7 :  0.0000 0.0000 0.0000 0.0000 0.9701 0.0200 0.0000 0.0000 0.0000 0.0099 0.0000 0.0000 
 44       44   (0)      7 :  0.0000 0.0000 0.0000 0.0000 0.0000 0.0000 0.0000 0.0000 0.0000 0.0200 0.0000 0.9800 
 45       45   (0)      7 :  0.1317 0.0000 0.2494 0.0000 0.0000 0.0400 0.5590 0.0000 0.0000 0.0200 0.0000 0.0000 
 46       46   (0)      7 :  0.0000 0.0000 0.0000 0.0000 0.0000 0.0395 0.0000 0.0000 0.0000 0.0000 0.9605 0.0000 
 47       47   (0)      7 :  0.8936 0.0000 0.0400 0.0000 0.0000 0.0000 0.0664 0.0000 0.0000 0.0000 0.0000 0.0000 
 48       48   (0)      7 :  0.0000 0.0000 0.0000 0.0000 0.0000 0.0238 0.0000 0.0142 0.0000 0.0000 0.9621 0.0000 
 49       49   (0)      7 :  0.0000 0.0000 0.0000 0.9400 0.0000 0.0200 0.0000 0.0000 0.0000 0.0400 0.0000 0.0000 
 50       50   (0)      7 :  0.0100 0.0000 0.0220 0.0000 0.0000 0.0052 0.0000 0.0000 0.0000 0.0000 0.0000 0.9628 
 51       51   (0)      7 :  0.0000 0.0000 0.0000 0.9494 0.0000 0.0283 0.0000 0.0000 0.0000 0.0223 0.0000 0.0000 
 52       52   (0)      7 :  0.0000 0.0000 0.0000 0.0000 0.0000 0.0225 0.0000 0.0000 0.9755 0.0020 0.0000 0.0000 
 53       53   (0)      7 :  0.7092 0.0000 0.0547 0.0000 0.0000 0.0247 0.2115 0.0000 0.0000 0.0000 0.0000 0.0000 
 54       54   (0)      7 :  0.6583 0.0000 0.0700 0.0000 0.0000 0.0575 0.1943 0.0000 0.0000 0.0200 0.0000 0.0000 
 55       55   (0)      7 :  0.4631 0.0000 0.1908 0.0000 0.0172 0.0254 0.2940 0.0000 0.0000 0.0095 0.0000 0.0000 
 56       56   (0)      7 :  0.3187 0.0000 0.2283 0.0000 0.0000 0.0200 0.4331 0.0000 0.0000 0.0000 0.0000 0.0000 
 57       57   (0)      8 :  0.0000 0.7117 0.0000 0.0000 0.0000 0.1885 0.0700 0.0000 0.0000 0.0297 0.0000 0.0000 
 58       58   (0)      8 :  0.0000 0.0000 0.0000 0.0000 0.0000 0.0137 0.0000 0.0000 0.9863 0.0000 0.0000 0.0000 
 59       59   (0)      8 :  0.8508 0.0000 0.0202 0.0000 0.0000 0.0068 0.1222 0.0000 0.0000 0.0000 0.0000 0.0000 
 60       60   (0)      8 :  0.0000 0.7873 0.0000 0.0000 0.0000 0.1204 0.0323 0.0000 0.0000 0.0600 0.0000 0.0000 
 61       61   (0)      8 :  0.0000 0.8288 0.0000 0.0000 0.0000 0.1312 0.0400 0.0000 0.0000 0.0000 0.0000 0.0000 
 62       62   (0)      8 :  0.0000 0.0000 0.0000 0.9491 0.0000 0.0200 0.0000 0.0000 0.0000 0.0309 0.0000 0.0000 
 63       63   (0)      8 :  0.0000 0.9255 0.0000 0.0000 0.0000 0.0545 0.0000 0.0000 0.0000 0.0200 0.0000 0.0000 
 64       64   (0)      8 :  0.4803 0.0000 0.3151 0.0000 0.0000 0.0835 0.1088 0.0000 0.0000 0.0123 0.0000 0.0000 
 65       65   (0)      8 :  0.0000 0.0000 0.0000 0.0000 0.0000 0.1000 0.0000 0.0000 0.0000 0.0000 0.9000 0.0000 
 66       66   (0)      8 :  0.5327 0.0000 0.1849 0.0000 0.0000 0.0619 0.1892 0.0000 0.0000 0.0314 0.0000 0.0000 
 67       67   (0)      8 :  0.2892 0.0000 0.3409 0.0000 0.0000 0.0535 0.3164 0.0000 0.0000 0.0000 0.0000 0.0000 
 68       68   (0)      8 :  0.7410 0.0000 0.0063 0.0000 0.0000 0.0400 0.2127 0.0000 0.0000 0.0000 0.0000 0.0000 
 69       69   (0)      8 :  0.0000 0.0000 0.0000 0.0000 0.0000 0.0245 0.0000 0.0000 0.0000 0.0000 0.9755 0.0000 
 70       70   (0)      8 :  0.0000 0.8381 0.0000 0.0000 0.0000 0.0731 0.0600 0.0000 0.0000 0.0288 0.0000 0.0000 
 71       71   (0)      8 :  0.0000 0.0000 0.0000 0.0000 0.0000 0.0901 0.0000 0.0000 0.0000 0.0000 0.9099 0.0000 
 72       72   (0)      8 :  0.0000 0.0000 0.0000 0.9000 0.0000 0.0400 0.0000 0.0000 0.0000 0.0600 0.0000 0.0000 
 73       73   (0)      8 :  0.1630 0.0000 0.0261 0.0000 0.7225 0.0241 0.0044 0.0000 0.0000 0.0600 0.0000 0.0000 
 74       74   (0)      8 :  0.5222 0.0000 0.1598 0.0000 0.0000 0.0200 0.2924 0.0000 0.0000 0.0056 0.0000 0.0000 
 75       75   (0)      8 :  0.8775 0.0000 0.0459 0.0000 0.0000 0.0588 0.0097 0.0000 0.0000 0.0082 0.0000 0.0000 
 76       76   (0)      8 :  0.0000 0.0000 0.0000 0.0000 0.0000 0.0800 0.0000 0.0424 0.0000 0.0000 0.8776 0.0000 
 77       77   (0)      8 :  0.3500 0.0000 0.3570 0.0000 0.0019 0.0205 0.2707 0.0000 0.0000 0.0000 0.0000 0.0000 
 78       78   (0)      9 :  0.0000 0.7744 0.0000 0.0000 0.0000 0.1326 0.0612 0.0000 0.0000 0.0318 0.0000 0.0000 
 79       79   (0)      9 :  0.0000 0.8385 0.0000 0.0000 0.0000 0.1037 0.0320 0.0000 0.0000 0.0259 0.0000 0.0000 
 80       80   (0)      9 :  0.0000 0.0000 0.0000 0.9289 0.0000 0.0200 0.0000 0.0000 0.0000 0.0511 0.0000 0.0000 
 81       81   (0)      9 :  0.0000 0.6753 0.0000 0.0000 0.0000 0.2159 0.0800 0.0000 0.0000 0.0288 0.0000 0.0000 
 82       82   (0)      9 :  0.0000 0.0000 0.0000 0.0000 0.0000 0.0698 0.0000 0.0000 0.0000 0.0000 0.9302 0.0000 
 83       83   (0)      9 :  0.1888 0.0000 0.6622 0.0000 0.0027 0.0251 0.0981 0.0013 0.0000 0.0110 0.0000 0.0109 
 84       84   (0)      9 :  0.0000 0.0000 0.0000 0.0000 0.0000 0.0200 0.0000 0.1961 0.0096 0.5400 0.0000 0.2343 
 85       85   (0)      9 :  0.7847 0.0000 0.0512 0.0000 0.0000 0.0113 0.1473 0.0000 0.0000 0.0054 0.0000 0.0000 
 86       86   (0)      9 :  0.4533 0.0000 0.0793 0.0000 0.0000 0.0616 0.4058 0.0000 0.0000 0.0000 0.0000 0.0000 
 87       87   (0)      9 :  0.5328 0.0000 0.0464 0.0000 0.0000 0.0381 0.3826 0.0000 0.0000 0.0000 0.0000 0.0000 
 88       88   (0)      9 :  0.0000 0.9410 0.0000 0.0000 0.0000 0.0501 0.0088 0.0000 0.0000 0.0000 0.0000 0.0000 
 89       89   (0)      9 :  0.0000 0.7936 0.0000 0.0000 0.0000 0.1462 0.0403 0.0000 0.0000 0.0200 0.0000 0.0000 
 90       90   (0)      9 :  0.1761 0.0000 0.0363 0.0000 0.3002 0.0566 0.4170 0.0000 0.0000 0.0139 0.0000 0.0000 
 91       91   (0)      9 :  0.0000 0.0000 0.0000 0.9600 0.0000 0.0200 0.0000 0.0000 0.0000 0.0200 0.0000 0.0000 
 92       92   (0)     10 :  0.0005 0.2653 0.0076 0.0000 0.0003 0.0521 0.0814 0.0104 0.0000 0.0639 0.0000 0.5185 
 93       93   (0)     11 :  0.0040 0.0000 0.0000 0.0000 0.0000 0.0328 0.0685 0.0200 0.0115 0.0694 0.0680 0.7260 
 94       94   (0)     11 :  0.0000 0.0000 0.0000 0.0000 0.0000 0.1200 0.0000 0.0234 0.7382 0.1184 0.0000 0.0000 
 95       95   (0)     11 :  0.0000 0.0000 0.0000 0.0000 0.0000 0.0000 0.0000 0.1800 0.0304 0.5600 0.0000 0.2296 
 96       96   (0)     12 :  0.0000 0.0000 0.0000 0.0000 0.0000 0.0000 0.0000 0.0000 1.0000 0.0000 0.0000 0.0000 
 97       97   (0)     12 :  0.0000 0.0000 0.0000 0.0000 0.0000 0.0000 0.0000 0.0000 1.0000 0.0000 0.0000 0.0000 
 98       98   (0)     12 :  0.0000 0.0000 0.0000 0.0000 0.0000 0.0000 0.0000 0.0000 1.0000 0.0000 0.0000 0.0000 
 99       99   (0)     12 :  0.0000 0.0000 0.0000 0.0000 0.0000 0.0011 0.0000 0.0000 0.9989 0.0000 0.0000 0.0000 
100      100   (0)     12 :  0.0000 0.0000 0.0000 0.0000 0.0000 0.0000 0.0000 0.0000 0.0000 0.0000 1.0000 0.0000 
101      101   (0)     13 :  0.0000 0.0000 0.0000 0.0000 0.0000 0.1000 0.0000 0.0000 0.0000 0.0000 0.9000 0.0000 
102      102   (0)     13 :  0.0000 0.0000 0.0000 0.0000 0.0000 0.0387 0.0000 0.0000 0.9552 0.0060 0.0000 0.0000 
103      103   (0)     14 :  0.0000 0.5203 0.0000 0.0210 0.0000 0.2439 0.0684 0.0000 0.0000 0.1036 0.0000 0.0428 
104      104   (0)     14 :  0.0000 0.0000 0.0000 0.0000 0.0000 0.0258 0.0000 0.0000 0.0000 0.0000 0.9742 0.0000 
105      105   (0)     14 :  0.0000 0.0022 0.0000 0.0196 0.0000 0.0888 0.0000 0.0015 0.0044 0.0212 0.6513 0.2109 
106      106   (0)     14 :  0.0000 0.0000 0.0000 0.0000 0.0000 0.0000 0.0000 0.8295 0.0000 0.0000 0.1705 0.0000 
107      107   (0)     14 :  0.0000 0.0000 0.0000 0.9384 0.0000 0.0276 0.0000 0.0000 0.0000 0.0339 0.0000 0.0000 
108      108   (0)     15 :  0.0000 0.0000 0.0000 0.0000 0.0000 0.0000 0.0000 0.0000 0.0000 0.0200 0.0000 0.9800 
109      109   (0)     15 :  0.0000 0.0000 0.0000 0.0000 0.0000 0.0000 0.0000 0.4060 0.0000 0.0000 0.5940 0.0000 
110      110   (0)     15 :  0.0000 0.0000 0.0000 0.0000 0.0000 0.0047 0.0000 0.0000 0.0000 0.0000 0.9953 0.0000 
111      111   (0)     15 :  0.2864 0.0000 0.1300 0.0000 0.0000 0.1359 0.4277 0.0000 0.0000 0.0200 0.0000 0.0000 
112      112   (0)     15 :  0.0000 0.4439 0.0000 0.0000 0.0000 0.2011 0.0448 0.0019 0.1361 0.1162 0.0000 0.0560 
113      113   (0)     15 :  0.0000 0.0000 0.0000 0.0000 0.0000 0.0032 0.0000 0.0000 0.0085 0.0000 0.9883 0.0000 
114      114   (0)     15 :  0.0000 0.0000 0.0000 0.0000 0.0000 0.0000 0.0000 0.8361 0.0105 0.0000 0.1534 0.0000 
