1        1   (0)      1  : 0.0000 0.5778 0.0000 0.0000 0.0000 0.0000 0.0000 0.0000 0.0000 0.0000 0.0000 0.0000 0.4222 0.0000 0.0000 0.0000
2        2   (0)      2  : 0.0000 0.0000 0.0000 0.0000 0.0000 1.0000 0.0000 0.0000 0.0000 0.0000 0.0000 0.0000 0.0000 0.0000 0.0000 0.0000
3        3   (0)      2  : 0.3761 0.0000 0.0000 0.0000 0.0000 0.0000 0.0000 0.0000 0.0000 0.0000 0.0000 0.3195 0.0000 0.2559 0.0000 0.0484
4        4   (0)      3  : 0.0000 0.0000 0.0322 0.0000 0.0000 0.0000 0.0000 0.0000 0.9025 0.0000 0.0139 0.0000 0.0111 0.0000 0.0183 0.0220
5        5   (0)      3  : 0.2047 0.0000 0.0000 0.0000 0.0000 0.0000 0.0000 0.0000 0.7047 0.0000 0.0017 0.0394 0.0000 0.0340 0.0074 0.0082
6        6   (0)      3  : 0.0746 0.0000 0.0000 0.0000 0.0211 0.0000 0.0000 0.0000 0.5611 0.0000 0.0000 0.0452 0.0000 0.2668 0.0091 0.0221
7        7   (0)      3  : 0.0000 0.0000 0.0000 0.5551 0.0000 0.0822 0.0000 0.0000 0.0000 0.1573 0.0000 0.0000 0.0000 0.0000 0.0000 0.2053
8        8   (0)      3  : 0.2143 0.0000 0.0000 0.0000 0.0000 0.0082 0.0000 0.0000 0.5101 0.0000 0.0000 0.1578 0.0000 0.0700 0.0129 0.0267
9        9   (0)      3  : 0.0000 0.0000 0.0000 0.0000 0.0000 0.0000 0.0000 0.0000 0.1945 0.0000 0.0000 0.0280 0.0000 0.7775 0.0000 0.0000
10       10   (0)      4  : 0.1332 0.0000 0.0000 0.0000 0.0000 0.0000 0.0000 0.0000 0.3833 0.0000 0.0102 0.0580 0.0000 0.2989 0.0071 0.1093
11       11   (0)      4  : 0.2385 0.0000 0.0000 0.0000 0.0000 0.0000 0.5049 0.0000 0.0068 0.0000 0.0066 0.0988 0.0000 0.0375 0.0000 0.1070
12       12   (0)      4  : 0.5027 0.0000 0.0000 0.0000 0.0000 0.0000 0.0000 0.0000 0.0654 0.0000 0.0000 0.0902 0.0000 0.1166 0.0109 0.2143
13       13   (0)      4  : 0.2474 0.0000 0.0000 0.0000 0.0000 0.0000 0.0000 0.0000 0.0344 0.0000 0.0000 0.1799 0.0000 0.3954 0.0000 0.1429
14       14   (0)      5  : 0.0000 0.0000 0.6618 0.0000 0.0000 0.0000 0.0000 0.0000 0.0000 0.0000 0.2668 0.0000 0.0000 0.0000 0.0000 0.0714
15       15   (0)      5  : 0.0000 0.0000 0.0000 1.0000 0.0000 0.0000 0.0000 0.0000 0.0000 0.0000 0.0000 0.0000 0.0000 0.0000 0.0000 0.0000
16       16   (0)      5  : 0.0000 0.0000 0.0000 0.0000 0.0000 1.0000 0.0000 0.0000 0.0000 0.0000 0.0000 0.0000 0.0000 0.0000 0.0000 0.0000
17       17   (0)      5  : 0.0000 0.0000 0.0000 0.0000 0.0000 0.0000 0.9286 0.0000 0.0000 0.0000 0.0714 0.0000 0.0000 0.0000 0.0000 0.0000
18       18   (0)      5  : 0.2519 0.0000 0.0000 0.0000 0.0000 0.0000 0.0000 0.0000 0.0000 0.0000 0.0000 0.7481 0.0000 0.0000 0.0000 0.0000
19       19   (0)      5  : 0.0000 0.0000 0.0000 0.0000 0.0000 0.0000 0.9286 0.0000 0.0000 0.0000 0.0714 0.0000 0.0000 0.0000 0.0000 0.0000
20       20   (0)      5  : 0.2212 0.0000 0.0000 0.0000 0.0000 0.0000 0.0025 0.0000 0.0321 0.0000 0.0000 0.3205 0.0000 0.3979 0.0000 0.0258
21       21   (0)      5  : 0.2323 0.0000 0.0000 0.0000 0.0000 0.0000 0.0000 0.0000 0.0148 0.0000 0.0000 0.4836 0.0000 0.2582 0.0000 0.0111
22       22   (0)      5  : 0.0000 0.0000 0.0000 0.0000 0.0000 0.0000 1.0000 0.0000 0.0000 0.0000 0.0000 0.0000 0.0000 0.0000 0.0000 0.0000
23       23   (0)      5  : 0.5594 0.0000 0.0000 0.0000 0.0000 0.0000 0.0099 0.0000 0.0840 0.0000 0.0000 0.1173 0.0000 0.1123 0.0000 0.1172
24       24   (0)      5  : 0.0000 0.0000 0.0000 1.0000 0.0000 0.0000 0.0000 0.0000 0.0000 0.0000 0.0000 0.0000 0.0000 0.0000 0.0000 0.0000
25       25   (0)      5  : 0.0000 0.0000 0.7202 0.0000 0.0000 0.0000 0.0000 0.0000 0.0000 0.0000 0.2083 0.0000 0.0000 0.0000 0.0000 0.0714
26       26   (0)      5  : 0.1948 0.0000 0.0000 0.0000 0.0000 0.0000 0.0000 0.0000 0.2757 0.0000 0.0000 0.5294 0.0000 0.0000 0.0000 0.0000
27       27   (0)      5  : 0.0000 0.0000 0.0000 1.0000 0.0000 0.0000 0.0000 0.0000 0.0000 0.0000 0.0000 0.0000 0.0000 0.0000 0.0000 0.0000
28       28   (0)      5  : 0.0000 0.0000 0.0000 0.5788 0.0000 0.0000 0.0000 0.0000 0.0000 0.3116 0.0000 0.0000 0.0000 0.0000 0.0382 0.0714
29       29   (0)      6  : 0.0000 0.7624 0.0000 0.0000 0.0000 0.0000 0.0000 0.0000 0.0000 0.0000 0.0000 0.0000 0.2376 0.0000 0.0000 0.0000
30       30   (0)      6  : 0.0000 0.0000 0.0000 0.0000 0.7684 0.0000 0.0000 0.0000 0.0000 0.0025 0.0000 0.0000 0.0000 0.0000 0.2291 0.0000
31       31   (0)      6  : 0.3999 0.0000 0.0000 0.0000 0.0000 0.0000 0.0000 0.0000 0.1429 0.0000 0.0000 0.0714 0.0000 0.3144 0.0714 0.0000
32       32   (0)      6  : 0.0605 0.0000 0.0000 0.0000 0.0000 0.0000 0.1371 0.0000 0.3798 0.0000 0.0101 0.0000 0.0000 0.3411 0.0714 0.0000
33       33   (0)      6  : 0.0000 0.0000 0.0000 0.0000 0.0000 0.0000 0.0000 0.9286 0.0000 0.0000 0.0000 0.0000 0.0714 0.0000 0.0000 0.0000
34       34   (0)      6  : 0.0000 0.0000 0.7645 0.0000 0.0000 0.0000 0.0000 0.0000 0.0000 0.0000 0.2355 0.0000 0.0000 0.0000 0.0000 0.0000
35       35   (0)      6  : 0.0000 1.0000 0.0000 0.0000 0.0000 0.0000 0.0000 0.0000 0.0000 0.0000 0.0000 0.0000 0.0000 0.0000 0.0000 0.0000
36       36   (0)      6  : 0.0000 1.0000 0.0000 0.0000 0.0000 0.0000 0.0000 0.0000 0.0000 0.0000 0.0000 0.0000 0.0000 0.0000 0.0000 0.0000
37       37   (0)      7  : 0.0000 0.0000 0.0000 0.0000 0.9863 0.0000 0.0000 0.0000 0.0000 0.0000 0.0000 0.0000 0.0000 0.0000 0.0137 0.0000
38       38   (0)      7  : 0.0000 0.0000 0.0000 0.0000 0.0000 0.0000 1.0000 0.0000 0.0000 0.0000 0.0000 0.0000 0.0000 0.0000 0.0000 0.0000
39       39   (0)      7  : 0.0000 0.0000 0.4892 0.0000 0.0000 0.0000 0.0000 0.0000 0.0000 0.0000 0.5108 0.0000 0.0000 0.0000 0.0000 0.0000
40       40   (0)      7  : 0.0000 0.0000 0.7984 0.0000 0.0000 0.0000 0.0000 0.0000 0.0000 0.0000 0.1676 0.0000 0.0340 0.0000 0.0000 0.0000
41       41   (0)      7  : 0.0000 0.0000 0.0000 0.0000 0.0000 0.0000 1.0000 0.0000 0.0000 0.0000 0.0000 0.0000 0.0000 0.0000 0.0000 0.0000
42       42   (0)      7  : 0.0000 0.0000 0.8947 0.0000 0.0000 0.0000 0.0000 0.0000 0.0000 0.0000 0.1053 0.0000 0.0000 0.0000 0.0000 0.0000
43       43   (0)      7  : 0.0000 0.0000 0.0000 0.0000 0.0000 0.0000 1.0000 0.0000 0.0000 0.0000 0.0000 0.0000 0.0000 0.0000 0.0000 0.0000
44       44   (0)      7  : 0.0000 0.0000 0.0000 0.0000 0.0000 0.8571 0.0000 0.0000 0.0000 0.0000 0.0000 0.0000 0.0000 0.0000 0.0714 0.0714
45       45   (0)      7  : 0.5339 0.0000 0.0000 0.0000 0.0000 0.0000 0.0000 0.0000 0.0345 0.0000 0.0000 0.3287 0.0000 0.0744 0.0285 0.0000
46       46   (0)      7  : 0.0000 0.7134 0.0000 0.0000 0.0000 0.0000 0.0000 0.0050 0.0000 0.0000 0.0000 0.0000 0.2816 0.0000 0.0000 0.0000
47       47   (0)      7  : 0.0458 0.0000 0.0000 0.0000 0.0000 0.0000 0.0000 0.0000 0.0239 0.0000 0.0000 0.8850 0.0000 0.0454 0.0000 0.0000
48       48   (0)      7  : 0.0000 0.5699 0.0000 0.0000 0.0000 0.0000 0.0000 0.0387 0.0000 0.0000 0.0000 0.0000 0.3791 0.0000 0.0123 0.0000
49       49   (0)      7  : 0.0000 0.0000 0.0000 0.0000 0.9727 0.0000 0.0000 0.0000 0.0000 0.0000 0.0000 0.0000 0.0000 0.0000 0.0273 0.0000
50       50   (0)      7  : 0.0000 0.0000 0.0000 0.0000 0.0000 1.0000 0.0000 0.0000 0.0000 0.0000 0.0000 0.0000 0.0000 0.0000 0.0000 0.0000
51       51   (0)      7  : 0.0000 0.0000 0.0000 0.0000 0.8977 0.0000 0.0000 0.0000 0.0000 0.0000 0.0000 0.0000 0.0000 0.0000 0.1023 0.0000
52       52   (0)      7  : 0.0000 0.0000 0.0000 0.8988 0.0000 0.0000 0.0000 0.0000 0.0000 0.0406 0.0000 0.0000 0.0000 0.0000 0.0000 0.0606
53       53   (0)      7  : 0.0273 0.0000 0.0000 0.0000 0.0000 0.0000 0.0000 0.0000 0.0000 0.0000 0.0000 0.2681 0.0000 0.4903 0.0000 0.2143
54       54   (0)      7  : 0.1694 0.0000 0.0000 0.0000 0.0000 0.0000 0.0000 0.0000 0.0000 0.0000 0.0000 0.5886 0.0000 0.2088 0.0332 0.0000
55       55   (0)      7  : 0.1773 0.0000 0.0000 0.0000 0.0000 0.0000 0.0061 0.0000 0.1962 0.0000 0.0000 0.1545 0.0000 0.4186 0.0192 0.0281
56       56   (0)      7  : 0.1358 0.0000 0.0000 0.0000 0.0000 0.0000 0.0000 0.0000 0.2818 0.0000 0.0000 0.1085 0.0000 0.3820 0.0000 0.0920
57       57   (0)      8  : 0.0000 0.0000 0.4491 0.0000 0.0000 0.0000 0.0000 0.0000 0.0000 0.0714 0.4080 0.0000 0.0714 0.0000 0.0000 0.0000
58       58   (0)      8  : 0.0000 0.0000 0.0000 0.8596 0.0000 0.0000 0.0000 0.0000 0.0000 0.0343 0.0000 0.0000 0.0000 0.0000 0.0000 0.1061
59       59   (0)      8  : 0.0000 0.0000 0.0000 0.0000 0.0000 0.0000 0.0000 0.0000 0.0000 0.0000 0.0000 0.6102 0.0000 0.3393 0.0000 0.0505
60       60   (0)      8  : 0.0000 0.0000 0.6730 0.0000 0.0000 0.0000 0.0000 0.0000 0.0000 0.0000 0.3073 0.0000 0.0197 0.0000 0.0000 0.0000
61       61   (0)      8  : 0.0000 0.0000 0.4019 0.0000 0.0000 0.0000 0.0000 0.0000 0.0000 0.0000 0.5981 0.0000 0.0000 0.0000 0.0000 0.0000
62       62   (0)      8  : 0.0000 0.0000 0.0000 0.0000 0.8378 0.0000 0.0000 0.0000 0.0000 0.0000 0.0000 0.0000 0.0000 0.0000 0.1622 0.0000
63       63   (0)      8  : 0.0000 0.0000 0.6701 0.0000 0.0000 0.0000 0.0000 0.0000 0.0000 0.0000 0.2585 0.0000 0.0714 0.0000 0.0000 0.0000
64       64   (0)      8  : 0.1429 0.0000 0.0000 0.0000 0.0000 0.0000 0.0000 0.0000 0.3177 0.0000 0.0000 0.3149 0.0000 0.2245 0.0000 0.0000
65       65   (0)      8  : 0.0000 0.1720 0.0000 0.0000 0.0000 0.0000 0.0000 0.0000 0.0000 0.0000 0.0000 0.0000 0.8280 0.0000 0.0000 0.0000
66       66   (0)      8  : 0.3536 0.0000 0.0000 0.0000 0.0000 0.0000 0.0000 0.0000 0.1071 0.0000 0.0000 0.3513 0.0000 0.1749 0.0130 0.0000
67       67   (0)      8  : 0.0445 0.0000 0.0000 0.0000 0.0000 0.0000 0.0000 0.0000 0.3163 0.0000 0.0000 0.0211 0.0000 0.5466 0.0000 0.0714
68       68   (0)      8  : 0.2635 0.0000 0.0000 0.0000 0.0000 0.0000 0.0000 0.0000 0.0000 0.0000 0.0000 0.4568 0.0000 0.1748 0.0000 0.1049
69       69   (0)      8  : 0.0000 0.5657 0.0000 0.0000 0.0000 0.0000 0.0000 0.0000 0.0000 0.0000 0.0000 0.0000 0.4343 0.0000 0.0000 0.0000
70       70   (0)      8  : 0.0000 0.0000 0.9052 0.0000 0.0000 0.0000 0.0000 0.0000 0.0000 0.0000 0.0234 0.0000 0.0000 0.0000 0.0000 0.0714
71       71   (0)      8  : 0.0000 0.1429 0.0000 0.0000 0.0000 0.0000 0.0000 0.0000 0.0000 0.0000 0.0000 0.0000 0.8348 0.0000 0.0000 0.0224
72       72   (0)      8  : 0.0000 0.0000 0.0000 0.0000 0.9345 0.0000 0.0000 0.0000 0.0000 0.0000 0.0000 0.0000 0.0000 0.0000 0.0655 0.0000
73       73   (0)      8  : 0.0447 0.0000 0.0000 0.0000 0.0000 0.0000 0.7866 0.0000 0.0451 0.0000 0.0000 0.0942 0.0000 0.0153 0.0000 0.0141
74       74   (0)      8  : 0.1885 0.0000 0.0000 0.0000 0.0000 0.0000 0.0000 0.0000 0.1931 0.0000 0.0000 0.3817 0.0000 0.1429 0.0000 0.0938
75       75   (0)      8  : 0.1375 0.0000 0.0000 0.0000 0.0000 0.0000 0.0000 0.0000 0.0000 0.0000 0.0000 0.5717 0.0000 0.2533 0.0000 0.0374
76       76   (0)      8  : 0.0000 0.2005 0.0000 0.0000 0.0000 0.0000 0.0000 0.0137 0.0000 0.0000 0.0000 0.0000 0.7857 0.0000 0.0000 0.0000
77       77   (0)      8  : 0.0714 0.0000 0.0000 0.0000 0.0000 0.0000 0.0000 0.0000 0.5300 0.0000 0.0000 0.2102 0.0000 0.1695 0.0000 0.0188
78       78   (0)      9  : 0.0000 0.0000 0.6057 0.0000 0.0000 0.0000 0.0000 0.0000 0.0000 0.0714 0.2514 0.0000 0.0714 0.0000 0.0000 0.0000
79       79   (0)      9  : 0.0000 0.0000 0.3226 0.0000 0.0000 0.0000 0.0000 0.0000 0.0000 0.0000 0.6774 0.0000 0.0000 0.0000 0.0000 0.0000
80       80   (0)      9  : 0.0000 0.0000 0.0000 0.0000 0.9286 0.0000 0.0000 0.0000 0.0000 0.0000 0.0000 0.0000 0.0000 0.0000 0.0714 0.0000
81       81   (0)      9  : 0.0000 0.0000 0.3076 0.0000 0.0000 0.0000 0.0000 0.0000 0.0000 0.0000 0.6924 0.0000 0.0000 0.0000 0.0000 0.0000
82       82   (0)      9  : 0.0000 0.2338 0.0000 0.0000 0.0000 0.0000 0.0000 0.0000 0.0000 0.0000 0.0000 0.0000 0.7662 0.0000 0.0000 0.0000
83       83   (0)      9  : 0.2253 0.0000 0.0000 0.0000 0.0000 0.0000 0.0012 0.0000 0.3372 0.0106 0.0000 0.2172 0.0000 0.2016 0.0068 0.0000
84       84   (0)      9  : 0.0000 0.0000 0.0000 0.0000 0.0000 0.0000 0.0000 0.0000 0.0000 0.5000 0.0000 0.0000 0.0000 0.0000 0.4286 0.0714
85       85   (0)      9  : 0.0000 0.0000 0.0000 0.0000 0.0000 0.0000 0.0000 0.0000 0.0000 0.0000 0.0000 0.7857 0.0000 0.1429 0.0000 0.0714
86       86   (0)      9  : 0.0315 0.0000 0.0000 0.0000 0.0000 0.0000 0.0000 0.0000 0.0714 0.0000 0.0000 0.0000 0.0000 0.8971 0.0000 0.0000
87       87   (0)      9  : 0.1463 0.0000 0.0000 0.0000 0.0000 0.0000 0.0000 0.0000 0.0714 0.0000 0.0000 0.1981 0.0000 0.5016 0.0000 0.0826
88       88   (0)      9  : 0.0000 0.0000 0.7787 0.0000 0.0000 0.0000 0.0000 0.0000 0.0000 0.0000 0.2213 0.0000 0.0000 0.0000 0.0000 0.0000
89       89   (0)      9  : 0.0000 0.0000 0.6667 0.0000 0.0000 0.0000 0.0000 0.0000 0.0000 0.0000 0.3333 0.0000 0.0000 0.0000 0.0000 0.0000
90       90   (0)      9  : 0.2804 0.0000 0.0000 0.0000 0.0000 0.0000 0.2889 0.0000 0.0000 0.0000 0.0000 0.1266 0.0000 0.1314 0.1228 0.0499
91       91   (0)      9  : 0.0000 0.0000 0.0000 0.0000 0.7857 0.0000 0.0000 0.0000 0.0000 0.0000 0.0000 0.0000 0.0000 0.0000 0.2143 0.0000
92       92   (0)     10  : 0.0276 0.0000 0.2897 0.0000 0.0000 0.5278 0.0000 0.0000 0.0001 0.0000 0.0714 0.0000 0.0000 0.0000 0.0000 0.0835
93       93   (0)     11  : 0.0000 0.0000 0.0000 0.0000 0.0000 0.6916 0.0000 0.0000 0.0000 0.0000 0.0714 0.0000 0.0684 0.0142 0.0714 0.0830
94       94   (0)     11  : 0.0000 0.0000 0.0000 0.6471 0.0000 0.0000 0.0000 0.0000 0.0000 0.2444 0.0000 0.0000 0.0000 0.0000 0.0259 0.0826
95       95   (0)     11  : 0.0000 0.0000 0.0000 0.0000 0.0000 0.0714 0.0000 0.0000 0.0000 0.7143 0.0000 0.0000 0.0000 0.0000 0.2143 0.0000
96       96   (0)     12  : 0.0000 0.0000 0.0000 1.0000 0.0000 0.0000 0.0000 0.0000 0.0000 0.0000 0.0000 0.0000 0.0000 0.0000 0.0000 0.0000
97       97   (0)     12  : 0.0000 0.0000 0.0000 1.0000 0.0000 0.0000 0.0000 0.0000 0.0000 0.0000 0.0000 0.0000 0.0000 0.0000 0.0000 0.0000
98       98   (0)     12  : 0.0000 0.0000 0.0000 1.0000 0.0000 0.0000 0.0000 0.0000 0.0000 0.0000 0.0000 0.0000 0.0000 0.0000 0.0000 0.0000
99       99   (0)     12  : 0.0000 0.0000 0.0000 0.9286 0.0000 0.0000 0.0000 0.0000 0.0000 0.0000 0.0000 0.0000 0.0000 0.0000 0.0000 0.0714
100      100   (0)     12  : 0.0000 1.0000 0.0000 0.0000 0.0000 0.0000 0.0000 0.0000 0.0000 0.0000 0.0000 0.0000 0.0000 0.0000 0.0000 0.0000
101      101   (0)     13  : 0.0000 0.2143 0.0000 0.0000 0.0000 0.0000 0.0000 0.0000 0.0000 0.0000 0.0000 0.0000 0.7143 0.0000 0.0000 0.0714
102      102   (0)     13  : 0.0000 0.0000 0.0000 0.7427 0.0000 0.0000 0.0000 0.0000 0.0000 0.1144 0.0000 0.0000 0.0000 0.0000 0.0000 0.1429
103      103   (0)     14  : 0.0000 0.0000 0.4807 0.0000 0.0074 0.0238 0.0000 0.0000 0.0000 0.0000 0.2727 0.0000 0.0714 0.0000 0.0038 0.1402
104      104   (0)     14  : 0.0000 0.5123 0.0000 0.0000 0.0000 0.0000 0.0000 0.0000 0.0000 0.0000 0.0000 0.0000 0.4877 0.0000 0.0000 0.0000
105      105   (0)     14  : 0.0000 0.0899 0.0000 0.0000 0.0000 0.1202 0.0000 0.0000 0.0000 0.0204 0.0184 0.0000 0.6459 0.0000 0.0086 0.0965
106      106   (0)     14  : 0.0000 0.0000 0.0000 0.0000 0.0000 0.0000 0.0000 1.0000 0.0000 0.0000 0.0000 0.0000 0.0000 0.0000 0.0000 0.0000
107      107   (0)     14  : 0.0000 0.0000 0.0000 0.0000 0.7139 0.0000 0.0000 0.0000 0.0000 0.0000 0.0000 0.0000 0.0000 0.0000 0.2861 0.0000
108      108   (0)     15  : 0.0000 0.0000 0.0000 0.0000 0.0000 0.8571 0.0000 0.0000 0.0000 0.0000 0.0000 0.0000 0.0000 0.0000 0.0714 0.0714
109      109   (0)     15  : 0.0000 0.5297 0.0000 0.0000 0.0000 0.0000 0.0000 0.4703 0.0000 0.0000 0.0000 0.0000 0.0000 0.0000 0.0000 0.0000
110      110   (0)     15  : 0.0000 0.8330 0.0000 0.0000 0.0000 0.0000 0.0000 0.0000 0.0000 0.0000 0.0000 0.0000 0.1670 0.0000 0.0000 0.0000
111      111   (0)     15  : 0.3924 0.0000 0.0000 0.0000 0.0000 0.0000 0.0000 0.0000 0.0000 0.0000 0.0000 0.2187 0.0000 0.1746 0.1429 0.0714
112      112   (0)     15  : 0.0000 0.0000 0.4001 0.0741 0.0000 0.0474 0.0000 0.0000 0.0000 0.0499 0.1352 0.0000 0.0203 0.0000 0.0714 0.2015
113      113   (0)     15  : 0.0000 0.9956 0.0000 0.0018 0.0000 0.0000 0.0000 0.0026 0.0000 0.0000 0.0000 0.0000 0.0000 0.0000 0.0000 0.0000
114      114   (0)     15  : 0.0000 0.0000 0.0000 0.0000 0.0000 0.0000 0.0000 1.0000 0.0000 0.0000 0.0000 0.0000 0.0000 0.0000 0.0000 0.0000
