1        1   (0)      1  : 0.8665 0.1335
2        2   (0)      1  : 0.9742 0.0258
3        3   (0)      1  : 0.9985 0.0015
4        4   (0)      1  : 0.9368 0.0632
5        5   (0)      1  : 0.9369 0.0631
6        6   (0)      1  : 0.9432 0.0568
7        7   (0)      1  : 0.9796 0.0204
8        8   (0)      2  : 0.9800 0.0200
9        9   (0)      2  : 0.9362 0.0638
10       10   (0)      2  : 0.9139 0.0861
11       11   (0)      2  : 0.8204 0.1796
12       12   (0)      2  : 0.9843 0.0157
13       13   (0)      2  : 0.9927 0.0073
14       14   (0)      3  : 0.9709 0.0291
15       15   (0)      3  : 0.9538 0.0462
16       16   (0)      3  : 0.9868 0.0132
17       17   (0)      3  : 0.9772 0.0228
18       18   (0)      4  : 0.9679 0.0321
19       19   (0)      4  : 0.9533 0.0467
20       20   (0)      4  : 0.9600 0.0400
21       21   (0)      4  : 0.9660 0.0340
22       22   (0)      4  : 0.9736 0.0264
23       23   (0)      4  : 0.9728 0.0272
24       24   (0)      4  : 0.9843 0.0157
25       25   (0)      4  : 0.9863 0.0137
26       26   (0)      4  : 0.9504 0.0496
27       27   (0)      4  : 0.9812 0.0188
28       28   (0)      4  : 0.9595 0.0405
29       29   (0)      4  : 0.9529 0.0471
30       30   (0)      4  : 0.9747 0.0253
31       31   (0)      4  : 0.9818 0.0182
32       32   (0)      4  : 0.9743 0.0257
33       33   (0)      4  : 0.9906 0.0094
34       34   (0)      5  : 0.9570 0.0430
35       35   (0)      6  : 0.9612 0.0388
36       36   (0)      6  : 0.9927 0.0073
37       37   (0)      6  : 0.9364 0.0636
38       38   (0)      6  : 0.9949 0.0051
39       39   (0)      6  : 0.9684 0.0316
40       40   (0)      6  : 0.9559 0.0441
41       41   (0)      6  : 0.0000 1.0000
42       42   (0)      6  : 0.9587 0.0413
43       43   (0)      6  : 0.9614 0.0386
44       44   (0)      6  : 0.9472 0.0528
45       45   (0)      6  : 0.9790 0.0210
46       46   (0)      6  : 0.9855 0.0145
47       47   (0)      6  : 0.9562 0.0438
48       48   (0)      6  : 0.9806 0.0194
49       49   (0)      6  : 0.0000 1.0000
50       50   (0)      6  : 0.9885 0.0115
51       51   (0)      6  : 0.9227 0.0773
52       52   (0)      6  : 0.9728 0.0272
53       53   (0)      6  : 1.0000 0.0000
54       54   (0)      6  : 0.9969 0.0031
55       55   (0)      6  : 0.9755 0.0245
56       56   (0)      6  : 0.9577 0.0423
57       57   (0)      6  : 0.9837 0.0163
58       58   (0)      7  : 0.9873 0.0127
59       59   (0)      7  : 0.9839 0.0161
60       60   (0)      7  : 0.9626 0.0374
61       61   (0)      7  : 0.9785 0.0215
62       62   (0)      7  : 0.9550 0.0450
63       63   (0)      7  : 0.9547 0.0453
64       64   (0)      8  : 0.9663 0.0337
65       65   (0)      8  : 0.9614 0.0386
66       66   (0)      9  : 0.9980 0.0020
67       67   (0)     10  : 0.9564 0.0436
68       68   (0)     10  : 0.9815 0.0185
69       69   (0)     10  : 0.9976 0.0024
70       70   (0)     10  : 0.9861 0.0139
71       71   (0)     10  : 0.9804 0.0196
72       72   (0)     10  : 0.9713 0.0287
73       73   (0)     10  : 0.9659 0.0341
74       74   (0)     10  : 0.9332 0.0668
75       75   (0)     10  : 0.9891 0.0109
76       76   (0)     10  : 0.9144 0.0856
