  1        1   (0)      1 :  0.0003 0.0205 0.0000 0.0025 0.0024 0.7654 0.2089 
  2        2   (0)      1 :  0.0226 0.0988 0.0000 0.0046 0.0953 0.7650 0.0137 
  3        3   (0)      1 :  0.0000 0.0000 0.0000 0.0000 0.0000 1.0000 0.0000 
  4        4   (0)      1 :  0.0000 0.0600 0.0000 0.0000 0.0000 0.9400 0.0000 
  5        5   (0)      1 :  0.1493 0.0158 0.0000 0.0719 0.0328 0.1923 0.5380 
  6        6   (0)      1 :  0.1136 0.0273 0.0000 0.0437 0.0320 0.0830 0.7004 
  7        7   (0)      1 :  0.0000 0.0584 0.0000 0.0058 0.0399 0.0116 0.8844 
  8        8   (0)      1 :  0.1095 0.0260 0.0000 0.0453 0.0270 0.2166 0.5757 
  9        9   (0)      1 :  0.0000 0.0600 0.0000 0.0000 0.0000 0.9400 0.0000 
 10       10   (0)      1 :  0.0000 0.0691 0.0000 0.0055 0.0444 0.0000 0.8810 
 11       11   (0)      1 :  0.0000 0.0880 0.0000 0.0062 0.0729 0.0007 0.8322 
 12       12   (0)      1 :  0.0000 0.4805 0.0000 0.0800 0.2800 0.0000 0.1595 
 13       13   (0)      1 :  0.0000 0.0739 0.0000 0.0062 0.0385 0.0000 0.8814 
 14       14   (0)      1 :  0.1092 0.0791 0.0273 0.1090 0.0391 0.1687 0.4676 
 15       15   (0)      1 :  0.9997 0.0003 0.0000 0.0000 0.0000 0.0000 0.0000 
 16       16   (0)      1 :  0.0000 0.0000 0.0000 0.0000 0.0000 1.0000 0.0000 
 17       17   (0)      1 :  0.0000 0.0000 0.0000 0.0000 0.0000 1.0000 0.0000 
 18       18   (0)      1 :  0.0000 0.5055 0.0000 0.0200 0.2000 0.0000 0.2745 
 19       19   (0)      1 :  0.0000 0.0647 0.0000 0.0064 0.0749 0.0132 0.8408 
 20       20   (0)      1 :  0.0000 0.0674 0.0000 0.0065 0.0487 0.0020 0.8754 
 21       21   (0)      1 :  0.0000 0.0000 0.0000 0.0000 0.0000 1.0000 0.0000 
 22       22   (0)      1 :  1.0000 0.0000 0.0000 0.0000 0.0000 0.0000 0.0000 
 23       23   (0)      1 :  0.0060 0.0472 0.0000 0.0064 0.0622 0.0167 0.8614 
 24       24   (0)      2 :  0.0000 0.0000 0.0000 0.0000 0.0000 1.0000 0.0000 
 25       25   (0)      2 :  0.0000 0.0132 0.0000 0.0070 0.0083 0.0001 0.9714 
 26       26   (0)      2 :  0.0000 0.0210 0.0000 0.0007 0.0128 0.6729 0.2926 
 27       27   (0)      2 :  0.0000 0.0806 0.0000 0.0061 0.0675 0.0481 0.7976 
 28       28   (0)      2 :  0.0237 0.0262 0.0003 0.0158 0.0145 0.0543 0.8653 
 29       29   (0)      2 :  0.0000 0.0633 0.0000 0.0083 0.0851 0.0598 0.7835 
 30       30   (0)      2 :  0.0000 0.0600 0.8553 0.0847 0.0000 0.0000 0.0000 
 31       31   (0)      2 :  0.0116 0.0588 0.0000 0.0173 0.0364 0.0317 0.8443 
 32       32   (0)      2 :  0.0000 0.0000 0.0000 0.0000 0.0000 1.0000 0.0000 
 33       33   (0)      2 :  0.0000 0.5050 0.0000 0.0200 0.2000 0.0000 0.2750 
 34       34   (0)      2 :  0.0000 0.0337 0.0000 0.0040 0.0273 0.0017 0.9333 
 35       35   (0)      2 :  0.0255 0.0763 0.0000 0.0080 0.0662 0.0324 0.7916 
 36       36   (0)      2 :  0.0000 0.0600 0.0000 0.0000 0.0000 0.9400 0.0000 
 37       37   (0)      3 :  0.0035 0.0526 0.0000 0.0058 0.0611 0.0213 0.8557 
 38       38   (0)      3 :  0.0000 0.0417 0.0000 0.0164 0.2509 0.0511 0.6399 
 39       39   (0)      3 :  0.0000 0.0233 0.0000 0.0081 0.0526 0.0116 0.9044 
 40       40   (0)      3 :  0.0003 0.0608 0.0000 0.0072 0.0399 0.0299 0.8618 
 41       41   (0)      3 :  0.0000 0.0237 0.0000 0.0050 0.0639 0.0147 0.8926 
 42       42   (0)      4 :  0.0000 0.0229 0.8778 0.0993 0.0000 0.0000 0.0000 
 43       43   (0)      4 :  0.0000 0.0376 0.0024 0.0298 0.0399 0.0000 0.8903 
 44       44   (0)      4 :  0.0000 0.0000 0.9308 0.0692 0.0000 0.0000 0.0000 
 45       45   (0)      4 :  0.0000 0.0086 0.9327 0.0587 0.0000 0.0000 0.0000 
 46       46   (0)      4 :  0.0130 0.0369 0.0241 0.0037 0.0153 0.0454 0.8616 
 47       47   (0)      4 :  0.0000 0.0332 0.0000 0.0052 0.0098 0.0005 0.9514 
 48       48   (0)      4 :  0.0000 0.0802 0.0000 0.0095 0.0490 0.0000 0.8612 
 49       49   (0)      4 :  0.0000 0.0336 0.0000 0.0026 0.0165 0.0091 0.9381 
 50       50   (0)      4 :  0.0000 0.1108 0.0000 0.0203 0.0192 0.0000 0.8498 
 51       51   (0)      4 :  0.0721 0.0255 0.2981 0.2455 0.0023 0.0052 0.3513 
 52       52   (0)      4 :  0.0000 0.0580 0.0131 0.0402 0.0226 0.0033 0.8628 
 53       53   (0)      4 :  0.0000 0.0405 0.0055 0.0073 0.0412 0.0000 0.9056 
 54       54   (0)      4 :  0.0119 0.0218 0.0274 0.0100 0.0509 0.0104 0.8676 
 55       55   (0)      4 :  0.0000 0.1180 0.0000 0.0210 0.0267 0.0008 0.8334 
 56       56   (0)      4 :  0.0000 0.0153 0.8962 0.0884 0.0000 0.0000 0.0000 
 57       57   (0)      5 :  0.0000 0.0429 0.0000 0.0053 0.0253 0.0144 0.9122 
 58       58   (0)      5 :  0.0000 0.0609 0.0000 0.0073 0.0487 0.0034 0.8797 
 59       59   (0)      5 :  0.0000 0.0102 0.9607 0.0291 0.0000 0.0000 0.0000 
 60       60   (0)      5 :  0.0000 0.0643 0.0000 0.0054 0.0268 0.0000 0.9035 
 61       61   (0)      5 :  0.1024 0.0242 0.3813 0.1137 0.0765 0.0031 0.2986 
 62       62   (0)      5 :  0.0000 0.0517 0.7954 0.1528 0.0000 0.0000 0.0000 
 63       63   (0)      5 :  0.0121 0.0358 0.1360 0.0674 0.0359 0.0419 0.6709 
 64       64   (0)      5 :  0.0000 0.0645 0.0000 0.0061 0.0823 0.0003 0.8468 
 65       65   (0)      5 :  0.0000 0.0318 0.0000 0.0033 0.0172 0.0000 0.9477 
 66       66   (0)      5 :  0.0000 0.0181 0.0000 0.0045 0.0282 0.0294 0.9199 
 67       67   (0)      5 :  0.0397 0.0346 0.6256 0.1566 0.0018 0.0000 0.1417 
 68       68   (0)      5 :  0.0000 0.0166 0.9679 0.0155 0.0000 0.0000 0.0000 
 69       69   (0)      5 :  0.0047 0.0405 0.1953 0.0405 0.0814 0.0274 0.6102 
 70       70   (0)      5 :  0.0000 0.0500 0.8500 0.1000 0.0000 0.0000 0.0000 
 71       71   (0)      5 :  0.0000 0.0484 0.9030 0.0486 0.0000 0.0000 0.0000 
 72       72   (0)      5 :  0.0038 0.0425 0.1035 0.0173 0.0231 0.0135 0.7963 
 73       73   (0)      5 :  0.0000 0.0477 0.0000 0.0062 0.0440 0.0365 0.8656 
 74       74   (0)      5 :  0.0000 0.0200 0.9690 0.0110 0.0000 0.0000 0.0000 
 75       75   (0)      6 :  0.0000 0.0476 0.8658 0.0865 0.0000 0.0000 0.0000 
 76       76   (0)      6 :  0.0147 0.0478 0.0420 0.0244 0.0200 0.0134 0.8377 
 77       77   (0)      6 :  0.0000 0.0255 0.9445 0.0299 0.0000 0.0000 0.0000 
 78       78   (0)      6 :  0.0000 0.0200 0.9681 0.0119 0.0000 0.0000 0.0000 
 79       79   (0)      6 :  0.0000 0.0548 0.8561 0.0891 0.0000 0.0000 0.0000 
 80       80   (0)      6 :  0.0018 0.0116 0.0000 0.0000 0.0000 0.9866 0.0000 
 81       81   (0)      6 :  0.0000 0.0384 0.8598 0.1018 0.0000 0.0000 0.0000 
 82       82   (0)      6 :  0.0000 0.0600 0.8046 0.1354 0.0000 0.0000 0.0000 
 83       83   (0)      6 :  0.0162 0.0600 0.7567 0.1672 0.0000 0.0000 0.0000 
 84       84   (0)      6 :  0.0000 0.0600 0.7754 0.1646 0.0000 0.0000 0.0000 
 85       85   (0)      6 :  0.0000 0.0193 0.9459 0.0348 0.0000 0.0000 0.0000 
 86       86   (0)      6 :  0.0000 0.0600 0.8124 0.1276 0.0000 0.0000 0.0000 
 87       87   (0)      6 :  0.0000 0.0071 0.9835 0.0094 0.0000 0.0000 0.0000 
 88       88   (0)      6 :  0.0000 0.0123 0.9295 0.0581 0.0000 0.0000 0.0000 
 89       89   (0)      6 :  0.0000 0.0064 0.9445 0.0491 0.0000 0.0000 0.0000 
 90       90   (0)      6 :  0.0000 0.0547 0.1224 0.0112 0.0000 0.8117 0.0000 
 91       91   (0)      6 :  0.0000 0.0200 0.8863 0.0937 0.0000 0.0000 0.0000 
 92       92   (0)      6 :  0.0001 0.0288 0.0000 0.0461 0.1547 0.0258 0.7446 
 93       93   (0)      6 :  0.2123 0.0044 0.0361 0.6952 0.0000 0.0456 0.0065 
 94       94   (0)      6 :  0.0000 0.0322 0.0000 0.0646 0.0517 0.0000 0.8515 
 95       95   (0)      6 :  0.1020 0.0089 0.0350 0.7040 0.0163 0.0000 0.1337 
 96       96   (0)      6 :  0.0664 0.0089 0.0574 0.7082 0.0108 0.0000 0.1482 
 97       97   (0)      6 :  0.0037 0.0394 0.0108 0.1365 0.0543 0.0000 0.7553 
 98       98   (0)      6 :  0.2613 0.0037 0.0369 0.5869 0.0000 0.0125 0.0986 
 99       99   (0)      7 :  0.0000 0.0306 0.9258 0.0436 0.0000 0.0000 0.0000 
100      100   (0)      7 :  0.0515 0.0273 0.1316 0.1140 0.0268 0.0146 0.6341 
101      101   (0)      7 :  1.0000 0.0000 0.0000 0.0000 0.0000 0.0000 0.0000 
102      102   (0)      7 :  1.0000 0.0000 0.0000 0.0000 0.0000 0.0000 0.0000 
103      103   (0)      7 :  0.0000 0.0933 0.0000 0.0208 0.0807 0.0000 0.8052 
104      104   (0)      7 :  0.0015 0.0597 0.0000 0.0104 0.1049 0.0499 0.7736 
105      105   (0)      7 :  0.0000 0.0090 0.0000 0.0035 0.0521 0.0466 0.8888 
106      106   (0)      7 :  0.0000 0.0317 0.0000 0.0063 0.0445 0.0029 0.9145 
107      107   (0)      7 :  0.0000 0.0629 0.0000 0.0088 0.0232 0.0016 0.9035 
108      108   (0)      8 :  0.0000 0.0009 0.0000 0.0000 0.9000 0.0005 0.0986 
109      109   (0)      8 :  0.0000 0.0496 0.0000 0.0036 0.0602 0.0063 0.8802 
110      110   (0)      8 :  0.0000 0.4806 0.0000 0.0800 0.2800 0.0000 0.1594 
111      111   (0)      8 :  0.0000 0.5000 0.0000 0.0200 0.2200 0.0000 0.2600 
112      112   (0)      8 :  1.0000 0.0000 0.0000 0.0000 0.0000 0.0000 0.0000 
113      113   (0)      8 :  0.0000 0.0344 0.0000 0.0023 0.0286 0.0007 0.9341 
114      114   (0)      8 :  0.0000 0.0451 0.0000 0.0065 0.0265 0.0001 0.9218 
115      115   (0)      8 :  0.0000 0.0010 0.0000 0.0000 0.9000 0.0005 0.0986 
116      116   (0)      8 :  0.0000 0.5000 0.0000 0.0200 0.2200 0.0000 0.2600 
117      117   (0)      8 :  0.0077 0.0173 0.0317 0.0734 0.1010 0.0315 0.7375 
118      118   (0)      8 :  0.0000 0.0177 0.0000 0.0030 0.0340 0.0466 0.8988 
119      119   (0)      9 :  0.0000 0.0512 0.8547 0.0940 0.0000 0.0000 0.0000 
120      120   (0)     10 :  0.0474 0.0467 0.0000 0.0038 0.0688 0.0006 0.8327 
121      121   (0)     10 :  0.0000 0.0598 0.0000 0.0060 0.0284 0.0000 0.9058 
122      122   (0)     10 :  0.0000 0.0371 0.0000 0.0089 0.0698 0.0005 0.8837 
123      123   (0)     10 :  0.0125 0.0524 0.0677 0.0098 0.1163 0.0458 0.6955 
124      124   (0)     10 :  0.0553 0.0356 0.0000 0.0035 0.0449 0.0000 0.8606 
125      125   (0)     10 :  0.0575 0.0428 0.0024 0.1074 0.0149 0.0154 0.7595 
126      126   (0)     10 :  0.0176 0.0280 0.0000 0.0059 0.0358 0.0001 0.9128 
127      127   (0)     10 :  0.0000 0.0380 0.0000 0.0018 0.0555 0.0048 0.8999 
128      128   (0)     10 :  0.0230 0.0504 0.0000 0.0041 0.0360 0.0114 0.8752 
129      129   (0)     10 :  0.0000 0.0322 0.0000 0.0067 0.0261 0.0134 0.9215 
130      130   (0)     10 :  0.0001 0.0101 0.0000 0.0051 0.0175 0.0013 0.9658 
131      131   (0)     10 :  0.0360 0.0354 0.0000 0.0101 0.0406 0.0293 0.8486 
132      132   (0)     10 :  0.0601 0.0152 0.0000 0.0376 0.0349 0.0447 0.8075 
133      133   (0)     10 :  0.0239 0.0478 0.0125 0.0302 0.0522 0.0073 0.8262 
134      134   (0)     10 :  0.0457 0.0332 0.0092 0.0370 0.0507 0.0000 0.8242 
135      135   (0)     10 :  0.0368 0.0319 0.0000 0.0044 0.0863 0.0120 0.8287 
136      136   (0)     10 :  0.0133 0.0397 0.0000 0.0079 0.0419 0.0008 0.8964 
137      137   (0)     11 :  0.0896 0.0146 0.8510 0.0447 0.0000 0.0000 0.0000 
138      138   (0)     12 :  0.0701 0.0356 0.0043 0.1058 0.0424 0.1072 0.6345 
139      139   (0)     12 :  0.1209 0.0268 0.1995 0.3232 0.0018 0.0069 0.3209 
140      140   (0)     12 :  0.0487 0.0117 0.0000 0.0000 0.0000 0.9396 0.0000 
141      141   (0)     12 :  0.1419 0.1198 0.0000 0.6315 0.0348 0.0204 0.0515 
142      142   (0)     12 :  0.0557 0.0483 0.0000 0.0180 0.0408 0.0325 0.8046 
143      143   (0)     12 :  0.1611 0.0250 0.0379 0.4689 0.0019 0.0180 0.2872 
144      144   (0)     12 :  0.1272 0.0188 0.0007 0.0382 0.0108 0.0637 0.7406 
145      145   (0)     12 :  0.0000 0.0314 0.0000 0.0052 0.0238 0.6016 0.3380 
146      146   (0)     13 :  0.0000 0.0200 0.9269 0.0531 0.0000 0.0000 0.0000 
147      147   (0)     13 :  0.0000 0.0297 0.9038 0.0665 0.0000 0.0000 0.0000 
148      148   (0)     13 :  0.0000 0.0137 0.8523 0.1340 0.0000 0.0000 0.0000 
149      149   (0)     13 :  0.0000 0.0265 0.9095 0.0640 0.0000 0.0000 0.0000 
150      150   (0)     13 :  0.0000 0.0200 0.9611 0.0189 0.0000 0.0000 0.0000 
151      151   (0)     14 :  0.0000 0.0109 0.9647 0.0243 0.0000 0.0000 0.0000 
152      152   (0)     14 :  0.0000 0.0479 0.0000 0.0046 0.0426 0.0217 0.8833 
153      153   (0)     15 :  0.0976 0.0023 0.0520 0.7137 0.0079 0.0002 0.1263 
154      154   (0)     15 :  0.0021 0.0358 0.8596 0.1024 0.0000 0.0000 0.0000 
155      155   (0)     16 :  0.0409 0.0335 0.0000 0.0304 0.0422 0.0026 0.8505 
156      156   (0)     16 :  0.0131 0.0782 0.0000 0.0084 0.0633 0.0363 0.8007 
157      157   (0)     17 :  0.1966 0.0146 0.0502 0.6139 0.0114 0.0406 0.0727 
158      158   (0)     17 :  0.0045 0.0600 0.0000 0.0000 0.0000 0.9355 0.0000 
159      159   (0)     18 :  0.0144 0.0291 0.0000 0.0203 0.0261 0.0000 0.9100 
160      160   (0)     18 :  0.0000 0.0577 0.0000 0.0049 0.0424 0.0004 0.8946 
161      161   (0)     18 :  0.0000 0.0619 0.0000 0.0096 0.0496 0.0004 0.8784 
162      162   (0)     19 :  0.0432 0.0752 0.0000 0.0521 0.0593 0.0001 0.7701 
163      163   (0)     19 :  0.2121 0.0437 0.1290 0.1773 0.0889 0.0136 0.3354 
164      164   (0)     19 :  0.0000 0.0376 0.0000 0.0170 0.2479 0.0533 0.6443 
