1        1   (0)      1  : 0.7378 0.1246 0.1375
2        2   (0)      1  : 0.7386 0.0131 0.2483
3        3   (0)      1  : 0.7346 0.0002 0.2653
4        4   (0)      1  : 0.6378 0.0497 0.3125
5        5   (0)      1  : 0.7282 0.0511 0.2207
6        6   (0)      1  : 0.7502 0.0473 0.2025
7        7   (0)      1  : 0.7565 0.0105 0.2330
8        8   (0)      2  : 0.8216 0.0087 0.1697
9        9   (0)      2  : 0.6756 0.0442 0.2802
10       10   (0)      2  : 0.6911 0.0618 0.2470
11       11   (0)      2  : 0.6415 0.1668 0.1918
12       12   (0)      2  : 0.6617 0.0059 0.3325
13       13   (0)      2  : 0.8937 0.0007 0.1056
14       14   (0)      3  : 0.7438 0.0158 0.2404
15       15   (0)      3  : 0.7245 0.0326 0.2428
16       16   (0)      3  : 0.8157 0.0019 0.1824
17       17   (0)      3  : 0.6567 0.0100 0.3333
18       18   (0)      4  : 0.7393 0.0216 0.2391
19       19   (0)      4  : 0.8694 0.0347 0.0959
20       20   (0)      4  : 0.7863 0.0279 0.1858
21       21   (0)      4  : 0.7537 0.0227 0.2237
22       22   (0)      4  : 0.8234 0.0153 0.1613
23       23   (0)      4  : 0.7654 0.0145 0.2201
24       24   (0)      4  : 0.8054 0.0027 0.1918
25       25   (0)      4  : 0.8160 0.0042 0.1798
26       26   (0)      4  : 0.8111 0.0400 0.1489
27       27   (0)      4  : 0.7699 0.0088 0.2213
28       28   (0)      4  : 0.6586 0.0261 0.3153
29       29   (0)      4  : 0.7740 0.0372 0.1888
30       30   (0)      4  : 0.7646 0.0139 0.2215
31       31   (0)      4  : 0.7779 0.0055 0.2166
32       32   (0)      4  : 0.7363 0.0107 0.2531
33       33   (0)      4  : 0.6813 0.0012 0.3175
34       34   (0)      5  : 0.8377 0.0311 0.1311
35       35   (0)      6  : 0.7800 0.0291 0.1909
36       36   (0)      6  : 0.7941 0.0016 0.2044
37       37   (0)      6  : 0.6471 0.0388 0.3141
38       38   (0)      6  : 0.8939 0.0001 0.1061
39       39   (0)      6  : 0.8559 0.0209 0.1232
40       40   (0)      6  : 0.7665 0.0315 0.2020
41       41   (0)      6  : 0.0000 1.0000 0.0000
42       42   (0)      6  : 0.8269 0.0288 0.1444
43       43   (0)      6  : 0.7490 0.0268 0.2242
44       44   (0)      6  : 0.7803 0.0410 0.1787
45       45   (0)      6  : 0.7016 0.0088 0.2896
46       46   (0)      6  : 0.0000 0.0256 0.9744
47       47   (0)      6  : 0.7189 0.0291 0.2520
48       48   (0)      6  : 0.7563 0.0091 0.2346
49       49   (0)      6  : 0.0000 1.0000 0.0000
50       50   (0)      6  : 0.8207 0.0017 0.1776
51       51   (0)      6  : 0.7378 0.0673 0.1948
52       52   (0)      6  : 0.0000 0.0256 0.9744
53       53   (0)      6  : 0.8468 0.0000 0.1532
54       54   (0)      6  : 0.7802 0.0000 0.2197
55       55   (0)      6  : 0.7811 0.0106 0.2083
56       56   (0)      6  : 0.7608 0.0306 0.2087
57       57   (0)      6  : 0.7721 0.0076 0.2203
58       58   (0)      7  : 0.8542 0.0004 0.1454
59       59   (0)      7  : 0.9426 0.0042 0.0532
60       60   (0)      7  : 0.7324 0.0257 0.2419
61       61   (0)      7  : 0.8188 0.0095 0.1717
62       62   (0)      7  : 0.6707 0.0262 0.3031
63       63   (0)      7  : 0.8273 0.0353 0.1374
64       64   (0)      8  : 0.7188 0.0242 0.2570
65       65   (0)      8  : 0.6934 0.0235 0.2831
66       66   (0)      9  : 0.8199 0.0000 0.1801
67       67   (0)     10  : 0.8611 0.0319 0.1070
68       68   (0)     10  : 0.7748 0.0048 0.2204
69       69   (0)     10  : 0.7397 0.0005 0.2597
70       70   (0)     10  : 0.7824 0.0024 0.2152
71       71   (0)     10  : 0.8381 0.0064 0.1555
72       72   (0)     10  : 0.8547 0.0143 0.1310
73       73   (0)     10  : 0.8331 0.0255 0.1413
74       74   (0)     10  : 0.7597 0.0219 0.2184
75       75   (0)     10  : 0.8080 0.0022 0.1898
76       76   (0)     10  : 0.6542 0.0379 0.3079
