  1        1   (0)      1 :  0.0000 0.0000 0.0000 0.0000 0.0176 0.0000 0.9824 0.0000 0.0000 0.0000 0.0000 
  2        2   (0)      2 :  0.0000 0.0000 0.8487 0.0000 0.0600 0.0800 0.0000 0.0113 0.0000 0.0000 0.0000 
  3        3   (0)      2 :  0.0000 0.8795 0.0000 0.0000 0.0001 0.0000 0.0000 0.0000 0.1204 0.0000 0.0000 
  4        4   (0)      3 :  0.0000 0.1421 0.0118 0.0000 0.3772 0.0738 0.0000 0.0682 0.3260 0.0010 0.0000 
  5        5   (0)      3 :  0.0000 0.1670 0.0008 0.0024 0.3527 0.0698 0.0000 0.0078 0.3995 0.0000 0.0000 
  6        6   (0)      3 :  0.0358 0.2916 0.0000 0.0000 0.3772 0.0233 0.0000 0.0000 0.2720 0.0000 0.0000 
  7        7   (0)      3 :  0.0000 0.0000 0.1139 0.0000 0.0319 0.0141 0.0000 0.0200 0.0000 0.8200 0.0001 
  8        8   (0)      3 :  0.0091 0.1293 0.0164 0.0000 0.3168 0.0756 0.0000 0.0000 0.4527 0.0001 0.0000 
  9        9   (0)      3 :  0.0000 0.6010 0.0000 0.0001 0.1945 0.0084 0.0000 0.0000 0.1960 0.0000 0.0000 
 10       10   (0)      4 :  0.0000 0.3567 0.0037 0.0000 0.3851 0.0470 0.0000 0.0000 0.2075 0.0000 0.0000 
 11       11   (0)      4 :  0.0000 0.3543 0.0000 0.4897 0.0349 0.0303 0.0000 0.0000 0.0908 0.0000 0.0000 
 12       12   (0)      4 :  0.0000 0.7171 0.0000 0.0000 0.0687 0.0000 0.0000 0.0000 0.2142 0.0000 0.0000 
 13       13   (0)      4 :  0.0000 0.5382 0.0000 0.0008 0.0838 0.0000 0.0000 0.0000 0.3772 0.0000 0.0000 
 14       14   (0)      5 :  0.0000 0.0000 0.0000 0.0000 0.0260 0.0790 0.0000 0.8644 0.0306 0.0000 0.0000 
 15       15   (0)      5 :  0.0000 0.0000 0.0000 0.0000 0.0000 0.0000 0.0000 0.0000 0.0000 1.0000 0.0000 
 16       16   (0)      5 :  0.0000 0.0000 0.9400 0.0000 0.0400 0.0000 0.0000 0.0000 0.0000 0.0000 0.0200 
 17       17   (0)      5 :  0.0000 0.0000 0.0000 0.9400 0.0400 0.0200 0.0000 0.0000 0.0000 0.0000 0.0000 
 18       18   (0)      5 :  0.0000 0.2908 0.0000 0.0006 0.0124 0.0000 0.0000 0.0000 0.6962 0.0000 0.0000 
 19       19   (0)      5 :  0.0000 0.0000 0.0000 0.9600 0.0200 0.0200 0.0000 0.0000 0.0000 0.0000 0.0000 
 20       20   (0)      5 :  0.0000 0.7465 0.0000 0.0054 0.0553 0.0001 0.0000 0.0000 0.1927 0.0000 0.0000 
 21       21   (0)      5 :  0.0000 0.4946 0.0000 0.0000 0.0180 0.0000 0.0000 0.0000 0.4874 0.0000 0.0000 
 22       22   (0)      5 :  0.0000 0.0000 0.0000 0.9690 0.0200 0.0110 0.0000 0.0000 0.0000 0.0000 0.0000 
 23       23   (0)      5 :  0.0000 0.8774 0.0000 0.0200 0.0341 0.0000 0.0000 0.0000 0.0685 0.0000 0.0000 
 24       24   (0)      5 :  0.0000 0.0000 0.0000 0.0000 0.0000 0.0000 0.0000 0.0000 0.0000 1.0000 0.0000 
 25       25   (0)      5 :  0.0000 0.0000 0.0000 0.0000 0.0600 0.1478 0.0000 0.7522 0.0400 0.0000 0.0000 
 26       26   (0)      5 :  0.0000 0.2995 0.0000 0.0012 0.0337 0.0005 0.0000 0.0000 0.6651 0.0000 0.0000 
 27       27   (0)      5 :  0.0000 0.0000 0.0000 0.0000 0.0000 0.0000 0.0000 0.0000 0.0000 1.0000 0.0000 
 28       28   (0)      5 :  0.0000 0.0000 0.0291 0.0000 0.0000 0.1040 0.0000 0.0000 0.0000 0.7903 0.0766 
 29       29   (0)      6 :  0.0000 0.0000 0.0000 0.0000 0.0200 0.0000 0.9800 0.0000 0.0000 0.0000 0.0000 
 30       30   (0)      6 :  0.9552 0.0000 0.0021 0.0000 0.0131 0.0297 0.0000 0.0000 0.0000 0.0000 0.0000 
 31       31   (0)      6 :  0.0000 0.8591 0.0000 0.0000 0.0738 0.0000 0.0000 0.0000 0.0671 0.0000 0.0000 
 32       32   (0)      6 :  0.0000 0.1950 0.0010 0.1608 0.3879 0.0303 0.0000 0.0000 0.2231 0.0000 0.0020 
 33       33   (0)      6 :  0.0000 0.0000 0.0027 0.0000 0.0000 0.0000 0.2341 0.0000 0.0000 0.0000 0.7632 
 34       34   (0)      6 :  0.0000 0.0000 0.0000 0.0000 0.0296 0.0567 0.0000 0.9137 0.0000 0.0000 0.0000 
 35       35   (0)      6 :  0.0000 0.0000 0.0000 0.0000 0.0200 0.0000 0.9800 0.0000 0.0000 0.0000 0.0000 
 36       36   (0)      6 :  0.0000 0.0000 0.0000 0.0000 0.0200 0.0000 0.9800 0.0000 0.0000 0.0000 0.0000 
 37       37   (0)      7 :  0.9675 0.0000 0.0000 0.0000 0.0000 0.0125 0.0000 0.0000 0.0200 0.0000 0.0000 
 38       38   (0)      7 :  0.0000 0.0000 0.0000 0.9400 0.0400 0.0200 0.0000 0.0000 0.0000 0.0000 0.0000 
 39       39   (0)      7 :  0.0000 0.0000 0.0000 0.0000 0.0000 0.0590 0.0000 0.9010 0.0400 0.0000 0.0000 
 40       40   (0)      7 :  0.0000 0.0000 0.0000 0.0000 0.0400 0.0000 0.0000 0.9506 0.0094 0.0000 0.0000 
 41       41   (0)      7 :  0.0000 0.0000 0.0000 0.9891 0.0000 0.0109 0.0000 0.0000 0.0000 0.0000 0.0000 
 42       42   (0)      7 :  0.0000 0.0000 0.0000 0.0000 0.0200 0.0400 0.0000 0.9400 0.0000 0.0000 0.0000 
 43       43   (0)      7 :  0.0000 0.0000 0.0000 0.9200 0.0600 0.0200 0.0000 0.0000 0.0000 0.0000 0.0000 
 44       44   (0)      7 :  0.0000 0.0000 0.9800 0.0000 0.0000 0.0000 0.0000 0.0000 0.0000 0.0000 0.0200 
 45       45   (0)      7 :  0.0000 0.7483 0.0000 0.0000 0.1002 0.0000 0.0000 0.0000 0.1515 0.0000 0.0000 
 46       46   (0)      7 :  0.0000 0.0000 0.0000 0.0000 0.0180 0.0000 0.9820 0.0000 0.0000 0.0000 0.0000 
 47       47   (0)      7 :  0.0000 0.2895 0.0000 0.0000 0.0218 0.0000 0.0000 0.0000 0.6887 0.0000 0.0000 
 48       48   (0)      7 :  0.0000 0.0000 0.0000 0.0000 0.0213 0.0000 0.9678 0.0000 0.0000 0.0000 0.0109 
 49       49   (0)      7 :  0.9400 0.0000 0.0000 0.0000 0.0400 0.0200 0.0000 0.0000 0.0000 0.0000 0.0000 
 50       50   (0)      7 :  0.0000 0.0086 0.9377 0.0000 0.0253 0.0069 0.0000 0.0000 0.0085 0.0000 0.0131 
 51       51   (0)      7 :  0.9539 0.0000 0.0000 0.0000 0.0178 0.0200 0.0000 0.0000 0.0084 0.0000 0.0000 
 52       52   (0)      7 :  0.0000 0.0000 0.0000 0.0000 0.0000 0.0000 0.0000 0.0000 0.0000 1.0000 0.0000 
 53       53   (0)      7 :  0.0000 0.5212 0.0000 0.0000 0.0466 0.0200 0.0000 0.0000 0.4122 0.0000 0.0000 
 54       54   (0)      7 :  0.0000 0.5214 0.0000 0.0000 0.0624 0.0400 0.0000 0.0000 0.3762 0.0000 0.0000 
 55       55   (0)      7 :  0.0000 0.4703 0.0000 0.0196 0.1046 0.0000 0.0000 0.0000 0.4056 0.0000 0.0000 
 56       56   (0)      7 :  0.0000 0.5530 0.0000 0.0000 0.0709 0.0000 0.0000 0.0000 0.3761 0.0000 0.0000 
 57       57   (0)      8 :  0.0000 0.0000 0.0000 0.0000 0.0299 0.1912 0.0000 0.7789 0.0000 0.0000 0.0000 
 58       58   (0)      8 :  0.0000 0.0000 0.0000 0.0000 0.0000 0.0000 0.0000 0.0000 0.0000 1.0000 0.0000 
 59       59   (0)      8 :  0.0000 0.4338 0.0000 0.0004 0.0395 0.0061 0.0000 0.0000 0.5202 0.0000 0.0000 
 60       60   (0)      8 :  0.0000 0.0000 0.0000 0.0000 0.0125 0.0806 0.0000 0.8668 0.0400 0.0000 0.0000 
 61       61   (0)      8 :  0.0000 0.0000 0.0000 0.0000 0.0200 0.1918 0.0000 0.7882 0.0000 0.0000 0.0000 
 62       62   (0)      8 :  0.9200 0.0000 0.0000 0.0000 0.0400 0.0400 0.0000 0.0000 0.0000 0.0000 0.0000 
 63       63   (0)      8 :  0.0000 0.0000 0.0000 0.0000 0.0515 0.0659 0.0000 0.8827 0.0000 0.0000 0.0000 
 64       64   (0)      8 :  0.0000 0.1960 0.0000 0.0000 0.0981 0.0000 0.0000 0.0000 0.7059 0.0000 0.0000 
 65       65   (0)      8 :  0.0000 0.0000 0.0000 0.0000 0.0200 0.0000 0.9800 0.0000 0.0000 0.0000 0.0000 
 66       66   (0)      8 :  0.0000 0.2947 0.0000 0.0000 0.0642 0.0200 0.0000 0.0000 0.6211 0.0000 0.0000 
 67       67   (0)      8 :  0.0000 0.4100 0.0000 0.0000 0.2786 0.0120 0.0000 0.0000 0.2993 0.0000 0.0000 
 68       68   (0)      8 :  0.0000 0.4879 0.0000 0.0000 0.0147 0.0000 0.0000 0.0000 0.4974 0.0000 0.0000 
 69       69   (0)      8 :  0.0000 0.0000 0.0000 0.0000 0.0058 0.0000 0.9942 0.0000 0.0000 0.0000 0.0000 
 70       70   (0)      8 :  0.0000 0.0000 0.0000 0.0000 0.0466 0.0713 0.0000 0.8763 0.0058 0.0000 0.0000 
 71       71   (0)      8 :  0.0000 0.0000 0.0000 0.0000 0.0200 0.0000 0.9800 0.0000 0.0000 0.0000 0.0000 
 72       72   (0)      8 :  0.9650 0.0000 0.0000 0.0000 0.0057 0.0093 0.0000 0.0000 0.0200 0.0000 0.0000 
 73       73   (0)      8 :  0.0000 0.0432 0.0000 0.7434 0.0461 0.0200 0.0000 0.0000 0.1472 0.0000 0.0000 
 74       74   (0)      8 :  0.0000 0.4099 0.0000 0.0000 0.0378 0.0200 0.0000 0.0000 0.5323 0.0000 0.0000 
 75       75   (0)      8 :  0.0000 0.2980 0.0000 0.0000 0.0516 0.0200 0.0000 0.0000 0.6304 0.0000 0.0000 
 76       76   (0)      8 :  0.0000 0.0000 0.0000 0.0000 0.0200 0.0000 0.9461 0.0000 0.0000 0.0000 0.0339 
 77       77   (0)      8 :  0.0000 0.2614 0.0000 0.0053 0.1599 0.0000 0.0000 0.0000 0.5734 0.0000 0.0000 
 78       78   (0)      9 :  0.0000 0.0000 0.0000 0.0000 0.0062 0.1597 0.0000 0.8241 0.0100 0.0000 0.0000 
 79       79   (0)      9 :  0.0000 0.0000 0.0000 0.0000 0.0200 0.1599 0.0000 0.8074 0.0127 0.0000 0.0000 
 80       80   (0)      9 :  0.9600 0.0000 0.0000 0.0000 0.0400 0.0000 0.0000 0.0000 0.0000 0.0000 0.0000 
 81       81   (0)      9 :  0.0001 0.0000 0.0000 0.0000 0.0200 0.1895 0.0000 0.7504 0.0400 0.0000 0.0000 
 82       82   (0)      9 :  0.0000 0.0000 0.0000 0.0000 0.0143 0.0000 0.9857 0.0000 0.0000 0.0000 0.0000 
 83       83   (0)      9 :  0.0000 0.2946 0.0231 0.0044 0.3891 0.0499 0.0000 0.0000 0.2364 0.0000 0.0026 
 84       84   (0)      9 :  0.0000 0.0000 0.2247 0.0000 0.0200 0.3800 0.0000 0.0000 0.0000 0.0191 0.3562 
 85       85   (0)      9 :  0.0000 0.4156 0.0000 0.0000 0.0538 0.0200 0.0000 0.0000 0.5106 0.0000 0.0000 
 86       86   (0)      9 :  0.0000 0.6577 0.0000 0.0000 0.0963 0.0037 0.0000 0.0000 0.2424 0.0000 0.0000 
 87       87   (0)      9 :  0.0000 0.6290 0.0000 0.0001 0.0359 0.0071 0.0000 0.0000 0.3279 0.0000 0.0000 
 88       88   (0)      9 :  0.0000 0.0000 0.0000 0.0000 0.0400 0.0501 0.0000 0.9099 0.0000 0.0000 0.0000 
 89       89   (0)      9 :  0.0000 0.0000 0.0000 0.0000 0.0200 0.0444 0.0000 0.8956 0.0400 0.0000 0.0000 
 90       90   (0)      9 :  0.0000 0.5931 0.0000 0.2814 0.0687 0.0068 0.0000 0.0000 0.0499 0.0000 0.0000 
 91       91   (0)      9 :  0.9800 0.0000 0.0000 0.0000 0.0000 0.0000 0.0000 0.0000 0.0200 0.0000 0.0000 
 92       92   (0)     10 :  0.0000 0.0406 0.4868 0.0000 0.0969 0.1163 0.0000 0.2466 0.0031 0.0000 0.0097 
 93       93   (0)     11 :  0.0000 0.0499 0.7358 0.0000 0.0292 0.0712 0.0770 0.0000 0.0041 0.0129 0.0200 
 94       94   (0)     11 :  0.0000 0.0000 0.0000 0.0000 0.0000 0.0674 0.0000 0.0000 0.0000 0.8911 0.0415 
 95       95   (0)     11 :  0.0000 0.0000 0.2391 0.0000 0.0000 0.4000 0.0000 0.0000 0.0000 0.0609 0.3000 
 96       96   (0)     12 :  0.0000 0.0000 0.0000 0.0000 0.0000 0.0000 0.0000 0.0000 0.0000 1.0000 0.0000 
 97       97   (0)     12 :  0.0000 0.0000 0.0000 0.0000 0.0000 0.0000 0.0000 0.0000 0.0000 1.0000 0.0000 
 98       98   (0)     12 :  0.0000 0.0000 0.0000 0.0000 0.0000 0.0000 0.0000 0.0000 0.0000 1.0000 0.0000 
 99       99   (0)     12 :  0.0000 0.0000 0.0000 0.0000 0.0000 0.0000 0.0000 0.0000 0.0000 1.0000 0.0000 
100      100   (0)     12 :  0.0000 0.0000 0.0000 0.0000 0.0200 0.0000 0.9800 0.0000 0.0000 0.0000 0.0000 
101      101   (0)     13 :  0.0000 0.0000 0.0000 0.0000 0.0200 0.0000 0.9800 0.0000 0.0000 0.0000 0.0000 
102      102   (0)     13 :  0.0000 0.0000 0.0000 0.0000 0.0000 0.0000 0.0000 0.0000 0.0000 1.0000 0.0000 
103      103   (0)     14 :  0.0181 0.0000 0.0458 0.0000 0.1563 0.1769 0.0000 0.5935 0.0094 0.0000 0.0000 
104      104   (0)     14 :  0.0000 0.0000 0.0000 0.0000 0.0060 0.0000 0.9940 0.0000 0.0000 0.0000 0.0000 
105      105   (0)     14 :  0.0217 0.0000 0.1926 0.0000 0.0289 0.0270 0.7171 0.0051 0.0000 0.0061 0.0015 
106      106   (0)     14 :  0.0000 0.0000 0.0000 0.0000 0.0000 0.0000 0.2855 0.0000 0.0000 0.0000 0.7145 
107      107   (0)     14 :  0.9600 0.0000 0.0000 0.0000 0.0000 0.0200 0.0000 0.0000 0.0200 0.0000 0.0000 
108      108   (0)     15 :  0.0000 0.0000 0.9800 0.0000 0.0000 0.0000 0.0000 0.0000 0.0000 0.0000 0.0200 
109      109   (0)     15 :  0.0000 0.0000 0.0000 0.0000 0.0108 0.0000 0.6422 0.0000 0.0000 0.0000 0.3470 
110      110   (0)     15 :  0.0000 0.0000 0.0000 0.0000 0.0138 0.0000 0.9862 0.0000 0.0000 0.0000 0.0000 
111      111   (0)     15 :  0.0000 0.7440 0.0000 0.0000 0.0725 0.0200 0.0000 0.0000 0.1635 0.0000 0.0000 
112      112   (0)     15 :  0.0000 0.0000 0.0637 0.0000 0.2290 0.1632 0.0000 0.4006 0.0000 0.1426 0.0008 
113      113   (0)     15 :  0.0000 0.0000 0.0000 0.0000 0.0200 0.0000 0.9713 0.0000 0.0000 0.0087 0.0000 
114      114   (0)     15 :  0.0000 0.0000 0.0000 0.0000 0.0000 0.0000 0.2565 0.0000 0.0000 0.0178 0.7256 
