1        1   (0)      1  : 0.0000 0.9917 0.0000 0.0083
2        2   (0)      1  : 0.0000 0.7601 0.1426 0.0973
3        3   (0)      1  : 0.0000 0.0224 0.0146 0.9630
4        4   (0)      1  : 0.0000 0.3992 0.0097 0.5911
5        5   (0)      1  : 0.0000 0.9926 0.0000 0.0074
6        6   (0)      1  : 0.0000 0.0206 0.0165 0.9630
7        7   (0)      2  : 0.0000 1.0000 0.0000 0.0000
8        8   (0)      2  : 0.0000 0.0218 0.0153 0.9630
9        9   (0)      2  : 0.0667 0.8672 0.0270 0.0391
10       10   (0)      2  : 0.0000 1.0000 0.0000 0.0000
11       11   (0)      2  : 0.0000 0.0245 0.0126 0.9630
12       12   (0)      2  : 0.0000 0.4768 0.0031 0.5201
13       13   (0)      2  : 0.0000 0.0177 0.1746 0.8077
14       14   (0)      3  : 1.0000 0.0000 0.0000 0.0000
15       15   (0)      3  : 1.0000 0.0000 0.0000 0.0000
16       16   (0)      3  : 1.0000 0.0000 0.0000 0.0000
17       17   (0)      3  : 1.0000 0.0000 0.0000 0.0000
18       18   (0)      3  : 1.0000 0.0000 0.0000 0.0000
19       19   (0)      3  : 1.0000 0.0000 0.0000 0.0000
20       20   (0)      3  : 0.9322 0.0000 0.0678 0.0000
21       21   (0)      3  : 1.0000 0.0000 0.0000 0.0000
22       22   (0)      3  : 1.0000 0.0000 0.0000 0.0000
23       23   (0)      3  : 1.0000 0.0000 0.0000 0.0000
24       24   (0)      3  : 1.0000 0.0000 0.0000 0.0000
25       25   (0)      3  : 0.0000 0.0000 0.9630 0.0370
26       26   (0)      4  : 0.0000 1.0000 0.0000 0.0000
27       27   (0)      4  : 1.0000 0.0000 0.0000 0.0000
28       28   (0)      4  : 1.0000 0.0000 0.0000 0.0000
29       29   (0)      4  : 0.0000 1.0000 0.0000 0.0000
30       30   (0)      4  : 1.0000 0.0000 0.0000 0.0000
31       31   (0)      4  : 1.0000 0.0000 0.0000 0.0000
32       32   (0)      4  : 0.4952 0.4846 0.0000 0.0202
33       33   (0)      4  : 1.0000 0.0000 0.0000 0.0000
34       34   (0)      4  : 1.0000 0.0000 0.0000 0.0000
35       35   (0)      4  : 1.0000 0.0000 0.0000 0.0000
36       36   (0)      4  : 1.0000 0.0000 0.0000 0.0000
37       37   (0)      4  : 1.0000 0.0000 0.0000 0.0000
38       38   (0)      4  : 1.0000 0.0000 0.0000 0.0000
39       39   (0)      4  : 0.0000 1.0000 0.0000 0.0000
40       40   (0)      5  : 1.0000 0.0000 0.0000 0.0000
41       41   (0)      5  : 1.0000 0.0000 0.0000 0.0000
42       42   (0)      5  : 1.0000 0.0000 0.0000 0.0000
43       43   (0)      5  : 0.0000 1.0000 0.0000 0.0000
44       44   (0)      5  : 1.0000 0.0000 0.0000 0.0000
45       45   (0)      5  : 1.0000 0.0000 0.0000 0.0000
46       46   (0)      5  : 1.0000 0.0000 0.0000 0.0000
47       47   (0)      5  : 1.0000 0.0000 0.0000 0.0000
48       48   (0)      5  : 1.0000 0.0000 0.0000 0.0000
49       49   (0)      5  : 0.0000 1.0000 0.0000 0.0000
50       50   (0)      5  : 1.0000 0.0000 0.0000 0.0000
51       51   (0)      5  : 0.0000 1.0000 0.0000 0.0000
52       52   (0)      5  : 0.0000 1.0000 0.0000 0.0000
53       53   (0)      6  : 0.0000 1.0000 0.0000 0.0000
54       54   (0)      6  : 1.0000 0.0000 0.0000 0.0000
55       55   (0)      6  : 0.0000 0.8544 0.0720 0.0736
56       56   (0)      6  : 0.0000 0.0000 1.0000 0.0000
57       57   (0)      6  : 0.0000 0.0000 1.0000 0.0000
58       58   (0)      6  : 0.0000 0.0000 1.0000 0.0000
59       59   (0)      6  : 0.9102 0.0292 0.0606 0.0000
60       60   (0)      6  : 1.0000 0.0000 0.0000 0.0000
61       61   (0)      6  : 1.0000 0.0000 0.0000 0.0000
62       62   (0)      6  : 1.0000 0.0000 0.0000 0.0000
63       63   (0)      6  : 0.0465 0.8267 0.0939 0.0329
64       64   (0)      7  : 0.0000 1.0000 0.0000 0.0000
65       65   (0)      7  : 0.0000 1.0000 0.0000 0.0000
66       66   (0)      7  : 0.0000 0.9666 0.0315 0.0019
67       67   (0)      7  : 0.0000 0.8962 0.0377 0.0661
68       68   (0)      8  : 0.8895 0.0000 0.1105 0.0000
69       69   (0)      8  : 0.8094 0.0499 0.1322 0.0084
70       70   (0)      8  : 1.0000 0.0000 0.0000 0.0000
71       71   (0)      8  : 0.9343 0.0338 0.0282 0.0037
72       72   (0)      8  : 0.8710 0.0000 0.1238 0.0053
73       73   (0)      8  : 0.0000 0.0000 1.0000 0.0000
74       74   (0)      9  : 0.0284 0.7631 0.1532 0.0552
75       75   (0)      9  : 0.0253 0.8815 0.0874 0.0058
76       76   (0)     10  : 0.0000 0.9986 0.0000 0.0014
77       77   (0)     11  : 0.0000 1.0000 0.0000 0.0000
78       78   (0)     12  : 0.0000 1.0000 0.0000 0.0000
79       79   (0)     13  : 0.3948 0.0000 0.5681 0.0370
80       80   (0)     13  : 1.0000 0.0000 0.0000 0.0000
