 1        1   (0)      1 :  0.0364 0.2606 0.1859 0.1218 0.0981 0.1471 0.1463 0.0039 
 2        2   (0)      1 :  0.1717 0.4165 0.0505 0.0001 0.0963 0.1704 0.0767 0.0177 
 3        3   (0)      1 :  0.0118 0.3631 0.0041 0.0000 0.2443 0.1451 0.2136 0.0179 
 4        4   (0)      1 :  0.1347 0.3012 0.0779 0.0530 0.2138 0.1144 0.0791 0.0259 
 5        5   (0)      1 :  0.0319 0.0914 0.1292 0.0233 0.2481 0.2922 0.1802 0.0036 
 6        6   (0)      1 :  0.0121 0.3079 0.0665 0.0391 0.2005 0.2079 0.1412 0.0248 
 7        7   (0)      1 :  0.0047 0.2268 0.1348 0.0000 0.2038 0.2899 0.1272 0.0127 
 8        8   (0)      2 :  0.0585 0.1250 0.2922 0.0015 0.2815 0.1710 0.0703 0.0000 
 9        9   (0)      2 :  0.0419 0.0050 0.9183 0.0025 0.0168 0.0099 0.0043 0.0014 
10       10   (0)      2 :  0.0400 0.0031 0.9209 0.0036 0.0179 0.0096 0.0044 0.0005 
11       11   (0)      2 :  0.0349 0.0000 0.8224 0.1166 0.0162 0.0067 0.0032 0.0000 
12       12   (0)      2 :  0.0063 0.5721 0.0382 0.0000 0.1893 0.0793 0.0796 0.0353 
13       13   (0)      2 :  0.1155 0.1437 0.0852 0.0000 0.1723 0.3665 0.1168 0.0000 
14       14   (0)      3 :  0.0000 0.4500 0.0135 0.0004 0.2403 0.1793 0.0962 0.0202 
15       15   (0)      3 :  0.0098 0.6281 0.0518 0.0097 0.0487 0.1090 0.1377 0.0053 
16       16   (0)      3 :  0.0668 0.6231 0.0200 0.0094 0.0820 0.0913 0.1075 0.0000 
17       17   (0)      3 :  0.0614 0.2479 0.0000 0.0200 0.3347 0.2548 0.0700 0.0112 
18       18   (0)      4 :  0.1228 0.2330 0.0520 0.0033 0.1824 0.3462 0.0370 0.0233 
19       19   (0)      4 :  0.0037 0.1742 0.2813 0.0090 0.1375 0.2567 0.1375 0.0000 
20       20   (0)      4 :  0.0283 0.1814 0.0175 0.0024 0.2240 0.1855 0.3609 0.0000 
21       21   (0)      4 :  0.1022 0.1652 0.1959 0.0080 0.2517 0.2274 0.0466 0.0030 
22       22   (0)      4 :  0.0058 0.1838 0.0910 0.0028 0.2345 0.2805 0.1946 0.0070 
23       23   (0)      4 :  0.0309 0.1587 0.2532 0.0205 0.1245 0.2607 0.1492 0.0023 
24       24   (0)      4 :  0.0280 0.1752 0.0599 0.0000 0.3712 0.2560 0.1097 0.0000 
25       25   (0)      4 :  0.0043 0.1569 0.0657 0.0000 0.2913 0.2926 0.1885 0.0006 
26       26   (0)      4 :  0.0818 0.0625 0.2735 0.0260 0.2688 0.1884 0.0969 0.0021 
27       27   (0)      4 :  0.0105 0.2845 0.0505 0.0055 0.4752 0.1090 0.0625 0.0023 
28       28   (0)      4 :  0.1447 0.1389 0.0356 0.0084 0.2848 0.1844 0.1746 0.0286 
29       29   (0)      4 :  0.0481 0.1668 0.1724 0.0192 0.2838 0.2123 0.0869 0.0106 
30       30   (0)      4 :  0.0072 0.1443 0.1302 0.0005 0.2469 0.2948 0.1657 0.0103 
31       31   (0)      4 :  0.0600 0.6306 0.0000 0.0201 0.1070 0.1038 0.0785 0.0000 
32       32   (0)      4 :  0.0000 0.2453 0.0246 0.0004 0.6886 0.0226 0.0177 0.0009 
33       33   (0)      4 :  0.0355 0.2217 0.1966 0.0000 0.3098 0.0854 0.1162 0.0348 
34       34   (0)      5 :  0.0276 0.1341 0.0823 0.0117 0.2931 0.2966 0.1538 0.0007 
35       35   (0)      6 :  0.1063 0.3898 0.1133 0.0158 0.1344 0.1965 0.0381 0.0057 
36       36   (0)      6 :  0.0556 0.2019 0.4152 0.0045 0.0332 0.2383 0.0510 0.0002 
37       37   (0)      6 :  0.9800 0.0000 0.0000 0.0000 0.0000 0.0000 0.0000 0.0200 
38       38   (0)      6 :  0.0115 0.0705 0.2711 0.0000 0.2013 0.2691 0.1764 0.0000 
39       39   (0)      6 :  0.0494 0.0956 0.1419 0.0013 0.3237 0.2158 0.1723 0.0000 
40       40   (0)      6 :  0.0779 0.1842 0.0731 0.0243 0.2774 0.2631 0.0988 0.0012 
41       41   (0)      6 :  0.0000 0.0000 0.0000 0.9800 0.0000 0.0000 0.0000 0.0200 
42       42   (0)      6 :  0.0474 0.2547 0.1548 0.0149 0.1611 0.1777 0.1895 0.0000 
43       43   (0)      6 :  0.0089 0.5160 0.1185 0.0036 0.1007 0.0641 0.1759 0.0122 
44       44   (0)      6 :  0.0050 0.1897 0.1252 0.0257 0.2844 0.1903 0.1733 0.0064 
45       45   (0)      6 :  0.0295 0.1836 0.1439 0.0041 0.0992 0.2884 0.2336 0.0177 
46       46   (0)      6 :  0.0000 0.0000 0.0000 0.0000 0.0000 0.0000 0.0000 1.0000 
47       47   (0)      6 :  0.0200 0.2650 0.3292 0.0014 0.0257 0.1135 0.2426 0.0026 
48       48   (0)      6 :  0.1116 0.1791 0.1041 0.0040 0.2490 0.2129 0.1176 0.0216 
49       49   (0)      6 :  0.0000 0.0000 0.0000 0.9800 0.0000 0.0000 0.0000 0.0200 
50       50   (0)      6 :  0.1319 0.1155 0.0644 0.0000 0.3640 0.1474 0.1752 0.0015 
51       51   (0)      6 :  0.0512 0.1369 0.1534 0.0600 0.2307 0.2177 0.1321 0.0180 
52       52   (0)      6 :  0.0000 0.0000 0.0000 0.0000 0.0000 0.0000 0.0000 1.0000 
53       53   (0)      6 :  0.0453 0.2117 0.0267 0.0000 0.5010 0.0583 0.1170 0.0400 
54       54   (0)      6 :  0.0406 0.0472 0.0862 0.0000 0.3560 0.3353 0.1272 0.0075 
55       55   (0)      6 :  0.1193 0.1712 0.0898 0.0056 0.1398 0.2961 0.1731 0.0052 
56       56   (0)      6 :  0.0527 0.0816 0.2007 0.0072 0.1321 0.3776 0.1461 0.0021 
57       57   (0)      6 :  0.0010 0.0479 0.0228 0.0000 0.6929 0.1595 0.0556 0.0202 
58       58   (0)      7 :  0.0885 0.0076 0.1188 0.0000 0.1950 0.3102 0.2798 0.0000 
59       59   (0)      7 :  0.0836 0.3749 0.1439 0.0200 0.0429 0.2420 0.0926 0.0000 
60       60   (0)      7 :  0.0290 0.2371 0.0967 0.0026 0.1371 0.3259 0.1658 0.0059 
61       61   (0)      7 :  0.0960 0.0160 0.3423 0.0000 0.2463 0.2722 0.0271 0.0000 
62       62   (0)      7 :  0.9800 0.0000 0.0000 0.0000 0.0000 0.0000 0.0000 0.0200 
63       63   (0)      7 :  0.0020 0.1988 0.2837 0.0099 0.1811 0.1189 0.2056 0.0000 
64       64   (0)      8 :  0.0666 0.3445 0.0919 0.0116 0.3022 0.1461 0.0151 0.0219 
65       65   (0)      8 :  0.0446 0.0892 0.2248 0.0032 0.1086 0.2646 0.2427 0.0223 
66       66   (0)      9 :  0.0421 0.1432 0.0980 0.0000 0.2899 0.2563 0.1697 0.0007 
67       67   (0)     10 :  0.0644 0.4156 0.0785 0.0120 0.1342 0.1763 0.1189 0.0000 
68       68   (0)     10 :  0.0130 0.3016 0.0948 0.0011 0.1975 0.2111 0.1717 0.0091 
69       69   (0)     10 :  0.0335 0.1534 0.0404 0.0000 0.2068 0.1927 0.3317 0.0414 
70       70   (0)     10 :  0.0476 0.1522 0.1047 0.0000 0.2754 0.1966 0.2100 0.0134 
71       71   (0)     10 :  0.0177 0.1126 0.2058 0.0033 0.3671 0.2471 0.0461 0.0003 
72       72   (0)     10 :  0.0157 0.1370 0.2067 0.0056 0.3653 0.2165 0.0533 0.0000 
73       73   (0)     10 :  0.0072 0.1136 0.1649 0.0096 0.3102 0.2193 0.1658 0.0093 
74       74   (0)     10 :  0.0200 0.0000 0.0400 0.0002 0.0142 0.0124 0.9133 0.0000 
75       75   (0)     10 :  0.0864 0.2142 0.0533 0.0000 0.3043 0.1979 0.1352 0.0086 
76       76   (0)     10 :  0.0200 0.0068 0.0400 0.0015 0.0132 0.0000 0.9182 0.0003 
