 1        1   (0)      1 :  0.0654 0.0000 0.0000 0.1656 0.0497 0.0000 0.0595 0.0000 0.0000 0.3113 0.0400 0.0814 0.1000 0.1271 
 2        2   (0)      1 :  0.0000 0.0049 0.0138 0.0000 0.9647 0.0130 0.0000 0.0001 0.0000 0.0000 0.0035 0.0000 0.0000 0.0000 
 3        3   (0)      1 :  0.2461 0.0048 0.0000 0.0935 0.0000 0.0000 0.0883 0.0000 0.0000 0.2015 0.0675 0.1376 0.0062 0.1545 
 4        4   (0)      1 :  0.0000 0.0000 0.0000 0.0000 0.0000 0.0000 0.0515 0.0000 0.0000 0.0233 0.0200 0.5073 0.2153 0.1827 
 5        5   (0)      1 :  0.1831 0.0000 0.0000 0.0689 0.0638 0.0000 0.0516 0.0000 0.0000 0.0986 0.0400 0.0940 0.3456 0.0544 
 6        6   (0)      1 :  0.1412 0.0000 0.0000 0.2714 0.0000 0.0000 0.0810 0.0000 0.0000 0.0649 0.0400 0.2924 0.0998 0.0094 
 7        7   (0)      1 :  0.1400 0.0000 0.0000 0.1000 0.0200 0.0000 0.0200 0.0000 0.0000 0.0400 0.0200 0.4600 0.1000 0.1000 
 8        8   (0)      1 :  0.1194 0.0000 0.0000 0.0615 0.0234 0.0000 0.2161 0.0000 0.0000 0.0945 0.0088 0.1190 0.1385 0.2188 
 9        9   (0)      1 :  0.0954 0.0004 0.0000 0.0958 0.0000 0.0000 0.0423 0.0000 0.0000 0.3539 0.0350 0.1394 0.1768 0.0608 
10       10   (0)      1 :  0.0493 0.0000 0.0000 0.0713 0.0200 0.0000 0.0217 0.0000 0.0000 0.0105 0.0498 0.1666 0.2654 0.3454 
11       11   (0)      1 :  0.2197 0.0006 0.0114 0.2021 0.0241 0.0000 0.0752 0.0000 0.0000 0.1139 0.0474 0.0667 0.1993 0.0396 
12       12   (0)      1 :  0.0000 0.0000 0.0000 0.0000 1.0000 0.0000 0.0000 0.0000 0.0000 0.0000 0.0000 0.0000 0.0000 0.0000 
13       13   (0)      1 :  0.1038 0.0000 0.0000 0.1476 0.0600 0.0000 0.0200 0.0000 0.0000 0.1310 0.0255 0.2563 0.0345 0.2213 
14       14   (0)      2 :  0.0882 0.0000 0.0000 0.1425 0.0000 0.0000 0.3928 0.0000 0.0000 0.1412 0.0200 0.0148 0.0000 0.2005 
15       15   (0)      2 :  0.0000 0.0000 0.0000 0.0000 0.0000 0.0000 0.0000 0.9800 0.0000 0.0000 0.0200 0.0000 0.0000 0.0000 
16       16   (0)      2 :  0.0540 0.0000 0.0000 0.0110 0.0000 0.0000 0.0513 0.0000 0.0000 0.7512 0.0183 0.0658 0.0062 0.0421 
17       17   (0)      2 :  0.0000 0.0000 0.0000 0.1643 0.0000 0.0000 0.1600 0.0000 0.0000 0.0910 0.0400 0.0200 0.0400 0.4847 
18       18   (0)      2 :  0.0881 0.0000 0.0000 0.1200 0.0000 0.0000 0.0000 0.0000 0.0000 0.0400 0.0400 0.0311 0.6289 0.0519 
19       19   (0)      2 :  0.2198 0.0000 0.0000 0.1000 0.0057 0.0000 0.1568 0.0000 0.0000 0.2199 0.0459 0.1551 0.0442 0.0526 
20       20   (0)      2 :  0.1104 0.0000 0.0219 0.1293 0.0259 0.0000 0.0552 0.0000 0.0000 0.1100 0.0652 0.0923 0.2542 0.1355 
21       21   (0)      2 :  0.0099 0.0000 0.0000 0.1163 0.0433 0.0000 0.0600 0.0000 0.0000 0.1874 0.0219 0.0890 0.1802 0.2920 
22       22   (0)      2 :  0.1289 0.0000 0.0815 0.1053 0.0130 0.0000 0.0636 0.0000 0.0000 0.1799 0.0403 0.1000 0.1969 0.0907 
23       23   (0)      2 :  0.0108 0.0000 0.4350 0.0957 0.0213 0.0000 0.0228 0.0000 0.0000 0.1578 0.0227 0.0334 0.0785 0.1220 
24       24   (0)      2 :  0.0190 0.0000 0.0000 0.0959 0.0039 0.0000 0.0382 0.0000 0.0000 0.5529 0.0400 0.0067 0.1279 0.1155 
25       25   (0)      2 :  0.0661 0.0000 0.0000 0.0801 0.0000 0.0000 0.0370 0.0000 0.0000 0.3945 0.0145 0.1583 0.1826 0.0668 
26       26   (0)      2 :  0.1656 0.0000 0.4031 0.0694 0.0000 0.0000 0.0754 0.0000 0.0000 0.1243 0.0093 0.0542 0.0742 0.0245 
27       27   (0)      2 :  0.3213 0.0000 0.0000 0.0299 0.0000 0.0000 0.1119 0.0000 0.0000 0.3551 0.0000 0.0393 0.0407 0.1017 
28       28   (0)      3 :  0.0000 0.2400 0.0000 0.0000 0.0000 0.0000 0.0000 0.0000 0.7200 0.0000 0.0400 0.0000 0.0000 0.0000 
29       29   (0)      3 :  0.0000 0.0000 0.0000 0.0200 0.0000 0.0000 0.9600 0.0000 0.0000 0.0000 0.0000 0.0000 0.0200 0.0000 
30       30   (0)      3 :  0.0000 0.0000 1.0000 0.0000 0.0000 0.0000 0.0000 0.0000 0.0000 0.0000 0.0000 0.0000 0.0000 0.0000 
31       31   (0)      3 :  0.0447 0.0092 0.5252 0.0396 0.0020 0.0000 0.1165 0.0000 0.0000 0.0259 0.0223 0.0613 0.0092 0.1441 
32       32   (0)      3 :  0.0000 0.0000 0.0000 0.0000 0.0000 0.0000 0.0000 1.0000 0.0000 0.0000 0.0000 0.0000 0.0000 0.0000 
33       33   (0)      3 :  0.2505 0.0000 0.0000 0.1468 0.0400 0.0000 0.0389 0.0000 0.0000 0.2982 0.0200 0.1000 0.0400 0.0655 
34       34   (0)      3 :  0.0600 0.0400 0.0000 0.0000 0.0000 0.8400 0.0000 0.0000 0.0000 0.0000 0.0600 0.0000 0.0000 0.0000 
35       35   (0)      3 :  0.0200 0.2653 0.0000 0.0000 0.0000 0.4470 0.0000 0.0000 0.1180 0.0000 0.1497 0.0000 0.0000 0.0000 
36       36   (0)      3 :  0.0200 0.0800 0.0000 0.0000 0.0000 0.8321 0.0000 0.0000 0.0000 0.0000 0.0679 0.0000 0.0000 0.0000 
37       37   (0)      3 :  0.1701 0.0200 0.0000 0.0636 0.0400 0.0000 0.1445 0.0000 0.0000 0.0722 0.0000 0.2251 0.2402 0.0243 
38       38   (0)      3 :  0.0400 0.0400 0.9000 0.0000 0.0000 0.0000 0.0000 0.0000 0.0000 0.0000 0.0200 0.0000 0.0000 0.0000 
39       39   (0)      3 :  0.0200 0.0200 0.9600 0.0000 0.0000 0.0000 0.0000 0.0000 0.0000 0.0000 0.0000 0.0000 0.0000 0.0000 
40       40   (0)      3 :  0.0600 0.0000 0.0000 0.1312 0.0400 0.0000 0.1465 0.0000 0.0000 0.1454 0.0524 0.1063 0.2115 0.1067 
41       41   (0)      3 :  0.0597 0.0000 0.0000 0.3029 0.0000 0.0000 0.0499 0.0000 0.0000 0.1870 0.0200 0.1173 0.1843 0.0788 
42       42   (0)      3 :  0.0000 0.0000 0.0000 0.0000 0.0000 0.0000 0.0000 0.9800 0.0000 0.0000 0.0200 0.0000 0.0000 0.0000 
43       43   (0)      3 :  0.0200 0.1666 0.0000 0.0000 0.0000 0.2766 0.0000 0.0346 0.0512 0.0000 0.4511 0.0000 0.0000 0.0000 
44       44   (0)      3 :  0.0200 0.0000 0.0000 0.0445 0.0000 0.0000 0.1400 0.0000 0.0000 0.0381 0.0000 0.0340 0.0836 0.6397 
45       45   (0)      3 :  0.0800 0.0000 0.0000 0.0393 0.0000 0.0000 0.0667 0.0000 0.0000 0.6536 0.0200 0.0200 0.0533 0.0671 
46       46   (0)      4 :  0.0000 0.1600 0.0000 0.0000 0.0000 0.0000 0.0000 0.0000 0.8200 0.0000 0.0200 0.0000 0.0000 0.0000 
47       47   (0)      4 :  0.0000 0.0600 0.0000 0.0000 0.0000 0.0000 0.0000 0.0000 0.8600 0.0000 0.0800 0.0000 0.0000 0.0000 
48       48   (0)      4 :  0.0556 0.0200 0.0000 0.1474 0.0000 0.0000 0.0865 0.0000 0.0000 0.2144 0.0400 0.1575 0.0506 0.2279 
49       49   (0)      4 :  0.0419 0.0202 0.0008 0.0926 0.0619 0.0000 0.2755 0.0000 0.0001 0.0257 0.0600 0.1958 0.0482 0.1772 
50       50   (0)      4 :  0.0730 0.0039 0.0099 0.2693 0.0039 0.0000 0.1498 0.0000 0.0000 0.0108 0.1200 0.1041 0.0971 0.1582 
51       51   (0)      4 :  0.0827 0.0022 0.0264 0.3377 0.0001 0.0000 0.2732 0.0000 0.0000 0.0732 0.0537 0.0479 0.0548 0.0479 
52       52   (0)      4 :  0.0642 0.0000 0.0000 0.3889 0.0000 0.0000 0.0723 0.0000 0.0000 0.1573 0.0349 0.0285 0.2427 0.0111 
53       53   (0)      4 :  0.0600 0.0036 0.0000 0.0092 0.0400 0.0000 0.0308 0.0000 0.0000 0.1239 0.0200 0.0957 0.0000 0.6166 
54       54   (0)      4 :  0.0640 0.0400 0.0000 0.1041 0.0000 0.0000 0.0853 0.0000 0.0000 0.1180 0.0058 0.2272 0.2629 0.0927 
55       55   (0)      4 :  0.0971 0.0206 0.5993 0.0441 0.0065 0.0000 0.0751 0.0000 0.0000 0.0128 0.0310 0.0414 0.0067 0.0654 
56       56   (0)      4 :  0.3194 0.0000 0.0000 0.1483 0.0000 0.0000 0.0600 0.0000 0.0000 0.0600 0.0318 0.1323 0.0600 0.1882 
57       57   (0)      5 :  0.1115 0.0000 0.0000 0.1955 0.0422 0.0000 0.2201 0.0000 0.0000 0.0479 0.0285 0.0463 0.1954 0.1125 
58       58   (0)      5 :  0.1186 0.0052 0.0000 0.1270 0.0072 0.0000 0.1499 0.0000 0.0074 0.1717 0.0434 0.0461 0.2351 0.0883 
59       59   (0)      5 :  0.1088 0.0000 0.0000 0.3042 0.0200 0.0000 0.1179 0.0000 0.0000 0.1192 0.0400 0.0333 0.1972 0.0594 
60       60   (0)      5 :  0.0000 0.1502 0.0000 0.0000 0.0000 0.0000 0.0000 0.0000 0.8426 0.0000 0.0072 0.0000 0.0000 0.0000 
61       61   (0)      5 :  0.0000 0.2797 0.0000 0.0000 0.0000 0.0000 0.0000 0.0002 0.6963 0.0000 0.0227 0.0006 0.0005 0.0000 
62       62   (0)      5 :  0.0030 0.0000 0.0000 0.0000 0.0000 0.0000 0.0000 0.9570 0.0000 0.0000 0.0400 0.0000 0.0000 0.0000 
63       63   (0)      6 :  0.0200 0.0868 0.0000 0.0000 0.0000 0.8290 0.0000 0.0000 0.0000 0.0000 0.0643 0.0000 0.0000 0.0000 
64       64   (0)      6 :  0.0000 0.2800 0.0000 0.0000 0.0000 0.0000 0.0000 0.0000 0.7200 0.0000 0.0000 0.0000 0.0000 0.0000 
65       65   (0)      6 :  0.0400 0.0600 0.0000 0.0000 0.0000 0.8400 0.0000 0.0000 0.0000 0.0000 0.0600 0.0000 0.0000 0.0000 
66       66   (0)      6 :  0.0347 0.1345 0.0000 0.0225 0.0011 0.0209 0.0054 0.0303 0.5338 0.0577 0.0465 0.0382 0.0699 0.0045 
67       67   (0)      6 :  0.0000 0.1400 0.0000 0.0000 0.0000 0.0000 0.0000 0.0000 0.8400 0.0000 0.0200 0.0000 0.0000 0.0000 
68       68   (0)      6 :  0.0067 0.1567 0.1054 0.0000 0.0000 0.0732 0.0000 0.0000 0.6193 0.0000 0.0387 0.0000 0.0000 0.0000 
69       69   (0)      6 :  0.0861 0.0383 0.0155 0.1487 0.0122 0.0518 0.1935 0.0021 0.0372 0.0948 0.0390 0.0689 0.0814 0.1305 
70       70   (0)      6 :  0.0000 0.1521 0.0000 0.0000 0.0000 0.0000 0.0000 0.0000 0.8279 0.0000 0.0200 0.0000 0.0000 0.0000 
71       71   (0)      6 :  0.0800 0.0000 0.0000 0.1200 0.0000 0.0000 0.2481 0.0000 0.0000 0.2200 0.0600 0.1119 0.0400 0.1200 
72       72   (0)      6 :  0.0000 0.2470 0.0000 0.0000 0.0000 0.0000 0.0000 0.0000 0.7330 0.0000 0.0200 0.0000 0.0000 0.0000 
73       73   (0)      6 :  0.0420 0.1108 0.0003 0.0000 0.0000 0.8073 0.0000 0.0000 0.0000 0.0000 0.0396 0.0000 0.0000 0.0000 
74       74   (0)      6 :  0.0098 0.2571 0.0963 0.0000 0.0000 0.0019 0.0000 0.0000 0.6189 0.0000 0.0160 0.0000 0.0000 0.0000 
75       75   (0)      6 :  0.0427 0.0920 0.0288 0.0000 0.0000 0.8286 0.0000 0.0000 0.0000 0.0000 0.0079 0.0000 0.0000 0.0000 
76       76   (0)      6 :  0.0036 0.1356 0.1424 0.0000 0.0000 0.0000 0.0000 0.0000 0.6862 0.0000 0.0322 0.0000 0.0000 0.0000 
77       77   (0)      6 :  0.0113 0.1726 0.1442 0.0000 0.0000 0.0022 0.0000 0.0000 0.6302 0.0000 0.0395 0.0000 0.0000 0.0000 
78       78   (0)      6 :  0.0532 0.1083 0.1579 0.0000 0.0000 0.6478 0.0000 0.0000 0.0000 0.0000 0.0327 0.0000 0.0000 0.0000 
79       79   (0)      6 :  0.0000 0.0896 0.0000 0.0000 0.0000 0.8704 0.0000 0.0000 0.0000 0.0000 0.0400 0.0000 0.0000 0.0000 
80       80   (0)      7 :  0.0470 0.0000 0.0000 0.0000 0.0200 0.0000 0.0000 0.0000 0.0000 0.0000 0.0000 0.0858 0.8472 0.0000 
81       81   (0)      8 :  0.1360 0.0000 0.0118 0.1124 0.0035 0.0000 0.0200 0.0000 0.0000 0.0076 0.0620 0.1375 0.3761 0.1331 
82       82   (0)      9 :  0.0000 0.0000 1.0000 0.0000 0.0000 0.0000 0.0000 0.0000 0.0000 0.0000 0.0000 0.0000 0.0000 0.0000 
83       83   (0)     10 :  0.0564 0.0025 0.1140 0.2221 0.0211 0.0000 0.0491 0.0000 0.0000 0.0637 0.0294 0.1044 0.1999 0.1374 
84       84   (0)     11 :  0.1471 0.0000 0.0000 0.1215 0.0200 0.0000 0.1127 0.0000 0.0000 0.0254 0.0800 0.0953 0.3522 0.0458 
85       85   (0)     11 :  0.0570 0.0053 0.4509 0.0299 0.0000 0.0000 0.0097 0.0000 0.0000 0.0303 0.0179 0.0973 0.1624 0.1393 
86       86   (0)     12 :  0.0808 0.0304 0.3611 0.1908 0.0127 0.0000 0.1619 0.0000 0.0000 0.0305 0.0429 0.0552 0.0112 0.0226 
87       87   (0)     12 :  0.1223 0.0000 0.1670 0.1891 0.0191 0.0000 0.0325 0.0000 0.0000 0.1407 0.0197 0.1106 0.1187 0.0803 
88       88   (0)     12 :  0.2813 0.0000 0.0000 0.0230 0.0000 0.0000 0.0729 0.0000 0.0000 0.2779 0.0610 0.1902 0.0093 0.0844 
89       89   (0)     12 :  0.0520 0.0000 0.1608 0.1996 0.0070 0.0000 0.1239 0.0000 0.0000 0.0528 0.0195 0.0923 0.0759 0.2161 
90       90   (0)     12 :  0.0200 0.0569 0.0000 0.0000 0.0000 0.8539 0.0000 0.0000 0.0000 0.0000 0.0693 0.0000 0.0000 0.0000 
91       91   (0)     12 :  0.0291 0.0000 0.0000 0.3467 0.0000 0.0000 0.1525 0.0000 0.0000 0.0769 0.0065 0.2179 0.1160 0.0545 
92       92   (0)     12 :  0.0638 0.0000 0.0000 0.1118 0.0307 0.0000 0.0508 0.0000 0.0000 0.1628 0.0093 0.1155 0.1426 0.3127 
93       93   (0)     12 :  0.2508 0.0000 0.0000 0.1684 0.0200 0.0000 0.1386 0.0000 0.0000 0.2081 0.0621 0.0295 0.0747 0.0478 
94       94   (0)     13 :  0.0655 0.0200 0.0000 0.0400 0.0200 0.0000 0.0550 0.0000 0.0000 0.0732 0.0041 0.1326 0.3331 0.2565 
