 1        1   (0)      1 :  0.0010 0.0000 0.0000 0.0210 0.0223 0.2022 0.0000 0.0000 0.0000 0.4985 0.1883 0.0000 0.0000 0.0667 
 2        2   (0)      1 :  0.0792 0.0000 0.0000 0.0268 0.0997 0.1737 0.0360 0.0000 0.0034 0.2756 0.2094 0.0000 0.0000 0.0961 
 3        3   (0)      1 :  0.9800 0.0000 0.0000 0.0000 0.0000 0.0000 0.0000 0.0000 0.0000 0.0000 0.0000 0.0000 0.0000 0.0200 
 4        4   (0)      1 :  0.5621 0.0000 0.0000 0.0492 0.0110 0.0880 0.0000 0.0000 0.0200 0.1879 0.0473 0.0000 0.0000 0.0345 
 5        5   (0)      1 :  0.0000 0.0000 0.0000 0.0000 0.0344 0.2620 0.0000 0.0000 0.0055 0.4867 0.0637 0.0000 0.0000 0.1477 
 6        6   (0)      1 :  1.0000 0.0000 0.0000 0.0000 0.0000 0.0000 0.0000 0.0000 0.0000 0.0000 0.0000 0.0000 0.0000 0.0000 
 7        7   (0)      2 :  0.0000 0.0000 0.0000 0.0200 0.0200 0.0941 0.0000 0.0000 0.0000 0.5259 0.1000 0.0000 0.0000 0.2400 
 8        8   (0)      2 :  0.8800 0.0000 0.0000 0.0800 0.0000 0.0000 0.0000 0.0000 0.0200 0.0000 0.0000 0.0000 0.0000 0.0200 
 9        9   (0)      2 :  0.0146 0.0000 0.0122 0.0067 0.0112 0.2983 0.0054 0.0026 0.0090 0.2412 0.2765 0.0084 0.0028 0.1112 
10       10   (0)      2 :  0.0000 0.0000 0.0000 0.0000 0.0000 0.1249 0.0000 0.0000 0.0000 0.7846 0.0066 0.0000 0.0000 0.0838 
11       11   (0)      2 :  1.0000 0.0000 0.0000 0.0000 0.0000 0.0000 0.0000 0.0000 0.0000 0.0000 0.0000 0.0000 0.0000 0.0000 
12       12   (0)      2 :  0.4539 0.0000 0.0000 0.0648 0.0011 0.0342 0.0000 0.0000 0.0200 0.2825 0.0228 0.0000 0.0000 0.1208 
13       13   (0)      2 :  0.7395 0.0000 0.0000 0.0882 0.0906 0.0073 0.0345 0.0000 0.0200 0.0000 0.0000 0.0000 0.0000 0.0200 
14       14   (0)      3 :  0.0000 0.2171 0.1122 0.1158 0.0000 0.0000 0.0000 0.1200 0.1488 0.0000 0.0000 0.0954 0.1906 0.0000 
15       15   (0)      3 :  0.0000 0.0763 0.0981 0.1069 0.0000 0.0000 0.0000 0.1397 0.0973 0.0000 0.0000 0.2739 0.1628 0.0450 
16       16   (0)      3 :  0.0000 0.0970 0.4768 0.0879 0.0000 0.0000 0.0000 0.1016 0.1281 0.0000 0.0000 0.0454 0.0432 0.0200 
17       17   (0)      3 :  0.0000 0.1097 0.0973 0.1209 0.0000 0.0019 0.0000 0.0909 0.1540 0.0000 0.0000 0.1991 0.2233 0.0029 
18       18   (0)      3 :  0.0000 0.0800 0.0999 0.0992 0.0000 0.0000 0.0000 0.5398 0.1011 0.0000 0.0000 0.0600 0.0000 0.0200 
19       19   (0)      3 :  0.0000 0.0487 0.0478 0.1637 0.0000 0.0000 0.0000 0.3084 0.0412 0.0000 0.0000 0.2823 0.0993 0.0085 
20       20   (0)      3 :  0.0000 0.1097 0.0891 0.0635 0.0243 0.0224 0.0228 0.2295 0.2248 0.0000 0.0000 0.0956 0.1167 0.0016 
21       21   (0)      3 :  0.0000 0.0496 0.4351 0.0662 0.0000 0.0000 0.0000 0.1432 0.0750 0.0000 0.0000 0.1163 0.0726 0.0420 
22       22   (0)      3 :  0.0000 0.1606 0.2822 0.0800 0.0000 0.0000 0.0000 0.0677 0.0600 0.0000 0.0000 0.2600 0.0095 0.0800 
23       23   (0)      3 :  0.0000 0.0307 0.1220 0.0497 0.0000 0.0000 0.0000 0.0628 0.0132 0.0000 0.0000 0.6720 0.0470 0.0028 
24       24   (0)      3 :  0.0000 0.0141 0.0131 0.0444 0.0000 0.0000 0.0000 0.7913 0.0360 0.0000 0.0000 0.0549 0.0462 0.0000 
25       25   (0)      3 :  0.0000 0.0000 0.0000 0.0400 0.6600 0.0000 0.3000 0.0000 0.0000 0.0000 0.0000 0.0000 0.0000 0.0000 
26       26   (0)      4 :  0.0000 0.0000 0.0000 0.0200 0.0600 0.3465 0.0000 0.0000 0.0200 0.1724 0.2079 0.0000 0.0000 0.1732 
27       27   (0)      4 :  0.0000 0.1267 0.0600 0.0471 0.0000 0.0000 0.0000 0.1521 0.0906 0.0000 0.0000 0.2542 0.1980 0.0712 
28       28   (0)      4 :  0.0000 0.0434 0.1698 0.1861 0.0000 0.0000 0.0000 0.1326 0.1037 0.0000 0.0000 0.2848 0.0732 0.0063 
29       29   (0)      4 :  0.0000 0.0000 0.0000 0.0000 0.0000 0.4751 0.0000 0.0000 0.0000 0.3024 0.1625 0.0000 0.0000 0.0600 
30       30   (0)      4 :  0.0000 0.1444 0.2716 0.0215 0.0000 0.0000 0.0000 0.0074 0.2903 0.0000 0.0000 0.1716 0.0731 0.0200 
31       31   (0)      4 :  0.0000 0.0853 0.1335 0.1535 0.0000 0.0000 0.0000 0.1344 0.1598 0.0000 0.0000 0.1336 0.2000 0.0000 
32       32   (0)      4 :  0.0237 0.0832 0.0862 0.0456 0.0117 0.1180 0.0009 0.0829 0.0769 0.1663 0.1348 0.0804 0.0334 0.0559 
33       33   (0)      4 :  0.0000 0.1681 0.1253 0.0622 0.0000 0.0000 0.0000 0.1396 0.1971 0.0000 0.0000 0.2542 0.0535 0.0000 
34       34   (0)      4 :  0.0000 0.1454 0.0387 0.0985 0.0000 0.0200 0.0000 0.1549 0.3064 0.0000 0.0000 0.0897 0.1441 0.0024 
35       35   (0)      4 :  0.0000 0.0000 0.0000 0.0000 0.0000 0.0000 0.0000 0.0000 0.0000 0.0000 0.0000 0.0200 0.9800 0.0000 
36       36   (0)      4 :  0.0000 0.0769 0.2308 0.0496 0.0000 0.0000 0.0000 0.1598 0.3653 0.0000 0.0000 0.0378 0.0600 0.0200 
37       37   (0)      4 :  0.0000 0.0259 0.4647 0.0294 0.0000 0.0200 0.0000 0.0815 0.1800 0.0000 0.0000 0.1433 0.0552 0.0000 
38       38   (0)      4 :  0.0000 0.0058 0.8411 0.0038 0.0000 0.0000 0.0000 0.0613 0.0238 0.0000 0.0000 0.0485 0.0127 0.0029 
39       39   (0)      4 :  0.0000 0.0000 0.0000 0.0000 0.0400 0.0200 0.0000 0.0000 0.0000 0.8013 0.0200 0.0000 0.0000 0.1187 
40       40   (0)      5 :  0.0000 0.0584 0.2224 0.1333 0.0000 0.0000 0.0000 0.0934 0.1473 0.0000 0.0000 0.0134 0.3303 0.0015 
41       41   (0)      5 :  0.0000 0.0400 0.1262 0.2012 0.0200 0.0000 0.0000 0.2046 0.0492 0.0000 0.0000 0.2742 0.0836 0.0010 
42       42   (0)      5 :  0.0000 0.0178 0.3634 0.1242 0.0000 0.0200 0.0000 0.1912 0.1282 0.0000 0.0000 0.0399 0.1152 0.0000 
43       43   (0)      5 :  0.0000 0.0000 0.0000 0.0200 0.0052 0.1238 0.0000 0.0000 0.0000 0.4547 0.1494 0.0000 0.0000 0.2469 
44       44   (0)      5 :  0.0000 0.0747 0.0407 0.0655 0.0000 0.0000 0.0000 0.3912 0.0177 0.0000 0.0000 0.3440 0.0662 0.0000 
45       45   (0)      5 :  0.0000 0.1623 0.3324 0.1480 0.0000 0.0000 0.0000 0.1389 0.0376 0.0000 0.0000 0.0397 0.0882 0.0528 
46       46   (0)      5 :  0.0000 0.0200 0.2108 0.0200 0.0000 0.0000 0.0000 0.2958 0.1021 0.0000 0.0000 0.1000 0.2512 0.0000 
47       47   (0)      5 :  0.0000 0.0303 0.1614 0.1854 0.0000 0.0200 0.0000 0.0666 0.0600 0.0000 0.0000 0.0917 0.3445 0.0400 
48       48   (0)      5 :  0.0000 0.3000 0.1318 0.1000 0.0000 0.0000 0.0000 0.0682 0.2000 0.0000 0.0000 0.0600 0.1200 0.0200 
49       49   (0)      5 :  0.0000 0.0000 0.0000 0.0200 0.0400 0.4186 0.0000 0.0000 0.0000 0.2706 0.1308 0.0000 0.0000 0.1200 
50       50   (0)      5 :  0.0000 0.0470 0.2997 0.0969 0.0000 0.0000 0.0000 0.2462 0.1458 0.0000 0.0000 0.1164 0.0422 0.0059 
51       51   (0)      5 :  0.0000 0.0000 0.0000 0.0290 0.0037 0.0932 0.0000 0.0000 0.0000 0.2204 0.5693 0.0000 0.0000 0.0844 
52       52   (0)      5 :  0.0000 0.0000 0.0000 0.0600 0.0400 0.0945 0.0000 0.0000 0.0000 0.3281 0.3442 0.0000 0.0000 0.1332 
53       53   (0)      6 :  0.0000 0.0000 0.0000 0.0200 0.0000 0.0200 0.0000 0.0000 0.0000 0.0728 0.8072 0.0000 0.0000 0.0800 
54       54   (0)      6 :  0.0000 0.0000 0.1273 0.0800 0.0000 0.0200 0.0000 0.0356 0.1000 0.0000 0.0000 0.4149 0.1822 0.0400 
55       55   (0)      6 :  0.0353 0.0000 0.0000 0.0055 0.0331 0.2873 0.0101 0.0000 0.0000 0.1392 0.4153 0.0000 0.0000 0.0741 
56       56   (0)      6 :  0.0000 0.0000 0.0000 0.0000 0.0000 0.0000 1.0000 0.0000 0.0000 0.0000 0.0000 0.0000 0.0000 0.0000 
57       57   (0)      6 :  0.0000 0.0000 0.0000 0.0200 0.4800 0.0000 0.4600 0.0000 0.0000 0.0000 0.0000 0.0000 0.0000 0.0400 
58       58   (0)      6 :  0.0000 0.0000 0.0000 0.0000 0.0200 0.0000 0.9800 0.0000 0.0000 0.0000 0.0000 0.0000 0.0000 0.0000 
59       59   (0)      6 :  0.0000 0.3677 0.0458 0.1291 0.0061 0.0217 0.0137 0.0403 0.2875 0.0000 0.0000 0.0346 0.0310 0.0225 
60       60   (0)      6 :  0.0000 0.0978 0.1124 0.0538 0.0000 0.0000 0.0000 0.0938 0.3895 0.0000 0.0000 0.1648 0.0838 0.0040 
61       61   (0)      6 :  0.0000 0.0092 0.0953 0.0530 0.0000 0.0000 0.0000 0.3358 0.0697 0.0000 0.0000 0.2533 0.1714 0.0122 
62       62   (0)      6 :  0.0000 0.0637 0.0827 0.0798 0.0000 0.0000 0.0000 0.4823 0.0871 0.0000 0.0000 0.1426 0.0618 0.0000 
63       63   (0)      6 :  0.0054 0.0000 0.0000 0.0063 0.0268 0.2929 0.1009 0.0006 0.0020 0.1844 0.2521 0.0000 0.0019 0.1266 
64       64   (0)      7 :  0.0000 0.0000 0.0000 0.0011 0.0000 0.1860 0.0000 0.0000 0.0000 0.3900 0.3277 0.0000 0.0000 0.0952 
65       65   (0)      7 :  0.0000 0.0000 0.0000 0.0200 0.0000 0.0800 0.0000 0.0000 0.0000 0.1253 0.6947 0.0000 0.0000 0.0800 
66       66   (0)      7 :  0.0000 0.0000 0.0000 0.0091 0.0106 0.3257 0.0000 0.0000 0.0000 0.1056 0.4738 0.0000 0.0000 0.0753 
67       67   (0)      7 :  0.0194 0.0000 0.0000 0.0104 0.0075 0.1730 0.0000 0.0000 0.0012 0.0449 0.6859 0.0000 0.0000 0.0578 
68       68   (0)      8 :  0.0000 0.1960 0.0407 0.0961 0.0458 0.0000 0.0211 0.1425 0.0992 0.0000 0.0000 0.1209 0.2335 0.0041 
69       69   (0)      8 :  0.0000 0.1624 0.1382 0.0934 0.1260 0.0063 0.0842 0.1022 0.1114 0.0008 0.0000 0.1157 0.0462 0.0132 
70       70   (0)      8 :  0.0000 0.6012 0.0769 0.0600 0.0000 0.0000 0.0000 0.0220 0.0600 0.0000 0.0000 0.0470 0.1328 0.0000 
71       71   (0)      8 :  0.0000 0.3873 0.0992 0.1105 0.0276 0.0009 0.0091 0.2113 0.0328 0.0000 0.0000 0.0519 0.0626 0.0066 
72       72   (0)      8 :  0.0000 0.5828 0.0536 0.0755 0.0264 0.0000 0.0476 0.0477 0.0530 0.0000 0.0000 0.0338 0.0774 0.0022 
73       73   (0)      8 :  0.0049 0.0077 0.0000 0.0000 0.0200 0.0000 0.9674 0.0000 0.0000 0.0000 0.0000 0.0000 0.0000 0.0000 
74       74   (0)      9 :  0.0148 0.0000 0.0011 0.0049 0.0265 0.3487 0.1141 0.0000 0.0011 0.2196 0.2093 0.0000 0.0000 0.0599 
75       75   (0)      9 :  0.0008 0.0042 0.0000 0.0000 0.0252 0.4193 0.0342 0.0000 0.0000 0.1806 0.1898 0.0000 0.0001 0.1458 
76       76   (0)     10 :  0.0000 0.0000 0.0000 0.0200 0.0000 0.0200 0.0000 0.0000 0.0000 0.1000 0.8600 0.0000 0.0000 0.0000 
77       77   (0)     11 :  0.0000 0.0000 0.0000 0.0112 0.0600 0.2320 0.0000 0.0000 0.0200 0.3959 0.2586 0.0000 0.0000 0.0223 
78       78   (0)     12 :  0.0000 0.0000 0.0000 0.0000 0.0035 0.0563 0.0000 0.0000 0.0000 0.8095 0.0433 0.0000 0.0000 0.0874 
79       79   (0)     13 :  0.0000 0.0631 0.0207 0.0223 0.4361 0.0039 0.3108 0.0172 0.0392 0.0000 0.0000 0.0578 0.0266 0.0023 
80       80   (0)     13 :  0.0000 0.1600 0.0846 0.1000 0.0000 0.0000 0.0000 0.1801 0.2800 0.0000 0.0000 0.0952 0.0600 0.0400 
