1        1   (0)      1  : 0.2306 0.0000 0.0000 0.1000 0.0000 0.4144 0.0306 0.2245
2        2   (0)      1  : 0.0000 0.0002 0.0328 0.0000 0.0579 0.0000 0.9091 0.0000
3        3   (0)      1  : 0.4279 0.0000 0.0000 0.2670 0.0000 0.2373 0.0000 0.0678
4        4   (0)      1  : 0.3473 0.0000 0.0000 0.6527 0.0000 0.0000 0.0000 0.0000
5        5   (0)      1  : 0.1974 0.0000 0.0000 0.6424 0.0000 0.0697 0.0186 0.0719
6        6   (0)      1  : 0.0398 0.0000 0.0000 0.7722 0.0000 0.0401 0.0000 0.1478
7        7   (0)      1  : 0.2233 0.0000 0.0000 0.4767 0.0000 0.0000 0.0000 0.3000
8        8   (0)      1  : 0.2075 0.0000 0.0000 0.3946 0.0000 0.2581 0.0000 0.1399
9        9   (0)      1  : 0.3923 0.0000 0.0000 0.3772 0.0000 0.1685 0.0000 0.0620
10       10   (0)      1  : 0.0489 0.0000 0.0000 0.1886 0.0000 0.7229 0.0227 0.0170
11       11   (0)      1  : 0.2229 0.0000 0.0345 0.2053 0.0000 0.2096 0.1097 0.2180
12       12   (0)      1  : 0.0000 0.0000 0.0000 0.0000 0.0000 0.0000 1.0000 0.0000
13       13   (0)      1  : 0.3080 0.0000 0.0000 0.0242 0.0000 0.3487 0.0278 0.2912
14       14   (0)      2  : 0.4355 0.0000 0.0000 0.2390 0.0000 0.2547 0.0000 0.0707
15       15   (0)      2  : 0.0000 0.0000 0.0000 0.0000 1.0000 0.0000 0.0000 0.0000
16       16   (0)      2  : 0.4988 0.0000 0.0000 0.0923 0.0000 0.1513 0.1000 0.1576
17       17   (0)      2  : 0.1000 0.0000 0.0000 0.1000 0.0000 0.6000 0.0000 0.2000
18       18   (0)      2  : 0.2000 0.0000 0.0000 0.3000 0.0000 0.2000 0.1000 0.2000
19       19   (0)      2  : 0.1393 0.0000 0.0000 0.4115 0.0000 0.4492 0.0000 0.0000
20       20   (0)      2  : 0.1719 0.0000 0.0332 0.2221 0.0000 0.3429 0.0037 0.2263
21       21   (0)      2  : 0.4399 0.0000 0.0000 0.2311 0.0000 0.2268 0.0022 0.1000
22       22   (0)      2  : 0.1226 0.0000 0.0843 0.2642 0.0000 0.2993 0.0155 0.2142
23       23   (0)      2  : 0.2219 0.0000 0.4405 0.1098 0.0000 0.1108 0.0000 0.1170
24       24   (0)      2  : 0.3900 0.0000 0.0000 0.3450 0.0000 0.1561 0.0000 0.1089
25       25   (0)      2  : 0.1248 0.0000 0.0000 0.3761 0.0000 0.3515 0.0000 0.1476
26       26   (0)      2  : 0.2758 0.0000 0.4054 0.2326 0.0000 0.0437 0.0000 0.0425
27       27   (0)      2  : 0.4742 0.0000 0.0000 0.1190 0.0000 0.2554 0.0000 0.1514
28       28   (0)      3  : 0.0000 1.0000 0.0000 0.0000 0.0000 0.0000 0.0000 0.0000
29       29   (0)      3  : 0.2000 0.0000 0.0000 0.0423 0.0000 0.6000 0.0000 0.1577
30       30   (0)      3  : 0.0000 0.0000 1.0000 0.0000 0.0000 0.0000 0.0000 0.0000
31       31   (0)      3  : 0.0461 0.0000 0.5302 0.0000 0.0000 0.1400 0.0473 0.2365
32       32   (0)      3  : 0.0000 0.0000 0.0000 0.0000 1.0000 0.0000 0.0000 0.0000
33       33   (0)      3  : 0.4434 0.0000 0.0000 0.1000 0.0000 0.3566 0.1000 0.0000
34       34   (0)      3  : 0.0000 0.0000 0.0000 0.0000 1.0000 0.0000 0.0000 0.0000
35       35   (0)      3  : 0.0000 0.2429 0.0000 0.0000 0.7571 0.0000 0.0000 0.0000
36       36   (0)      3  : 0.0000 0.0000 0.0000 0.0000 1.0000 0.0000 0.0000 0.0000
37       37   (0)      3  : 0.0518 0.0000 0.0000 0.6999 0.0000 0.2484 0.0000 0.0000
38       38   (0)      3  : 0.0000 0.0000 1.0000 0.0000 0.0000 0.0000 0.0000 0.0000
39       39   (0)      3  : 0.0000 0.0000 1.0000 0.0000 0.0000 0.0000 0.0000 0.0000
40       40   (0)      3  : 0.4177 0.0000 0.0000 0.2359 0.0000 0.1386 0.1428 0.0651
41       41   (0)      3  : 0.3776 0.0000 0.0000 0.1749 0.0000 0.1006 0.0000 0.3468
42       42   (0)      3  : 0.0000 0.0000 0.0000 0.0000 1.0000 0.0000 0.0000 0.0000
43       43   (0)      3  : 0.0000 0.1503 0.0000 0.0000 0.8497 0.0000 0.0000 0.0000
44       44   (0)      3  : 0.5265 0.0000 0.0000 0.0463 0.0000 0.2273 0.1000 0.1000
45       45   (0)      3  : 0.8000 0.0000 0.0000 0.1644 0.0000 0.0000 0.0000 0.0356
46       46   (0)      4  : 0.0000 1.0000 0.0000 0.0000 0.0000 0.0000 0.0000 0.0000
47       47   (0)      4  : 0.0000 1.0000 0.0000 0.0000 0.0000 0.0000 0.0000 0.0000
48       48   (0)      4  : 0.0733 0.0000 0.0000 0.1674 0.0000 0.1593 0.0000 0.6000
49       49   (0)      4  : 0.1990 0.0008 0.0041 0.1437 0.0000 0.1135 0.0605 0.4785
50       50   (0)      4  : 0.0401 0.0000 0.0192 0.0767 0.0000 0.0588 0.1320 0.6731
51       51   (0)      4  : 0.0687 0.0000 0.0451 0.0500 0.0000 0.4760 0.0402 0.3200
52       52   (0)      4  : 0.0878 0.0000 0.0000 0.0782 0.0000 0.1586 0.0378 0.6377
53       53   (0)      4  : 0.2459 0.0000 0.0000 0.0000 0.0000 0.3541 0.1000 0.3000
54       54   (0)      4  : 0.1000 0.0000 0.0000 0.2900 0.0000 0.0000 0.0000 0.6100
55       55   (0)      4  : 0.0335 0.0000 0.6596 0.0331 0.0000 0.0676 0.0353 0.1709
56       56   (0)      4  : 0.1367 0.0000 0.0000 0.1000 0.0000 0.2641 0.1000 0.3991
57       57   (0)      5  : 0.2785 0.0000 0.0000 0.2797 0.0000 0.2498 0.1250 0.0670
58       58   (0)      5  : 0.1511 0.0384 0.0000 0.1895 0.0000 0.4205 0.0280 0.1725
59       59   (0)      5  : 0.1906 0.0000 0.0000 0.1747 0.0000 0.2430 0.0000 0.3917
60       60   (0)      5  : 0.0000 1.0000 0.0000 0.0000 0.0000 0.0000 0.0000 0.0000
61       61   (0)      5  : 0.0011 0.9989 0.0000 0.0000 0.0000 0.0000 0.0000 0.0000
62       62   (0)      5  : 0.0000 0.0000 0.1011 0.0000 0.8218 0.0000 0.0771 0.0000
63       63   (0)      6  : 0.0000 0.0000 0.0000 0.0000 1.0000 0.0000 0.0000 0.0000
64       64   (0)      6  : 0.0000 1.0000 0.0000 0.0000 0.0000 0.0000 0.0000 0.0000
65       65   (0)      6  : 0.0000 0.0000 0.0000 0.0000 1.0000 0.0000 0.0000 0.0000
66       66   (0)      6  : 0.0961 0.6681 0.0000 0.1370 0.0846 0.0066 0.0000 0.0076
67       67   (0)      6  : 0.0000 1.0000 0.0000 0.0000 0.0000 0.0000 0.0000 0.0000
68       68   (0)      6  : 0.0000 0.7836 0.1264 0.0000 0.0901 0.0000 0.0000 0.0000
69       69   (0)      6  : 0.1050 0.0630 0.0262 0.1533 0.0807 0.3211 0.0137 0.2371
70       70   (0)      6  : 0.0000 1.0000 0.0000 0.0000 0.0000 0.0000 0.0000 0.0000
71       71   (0)      6  : 0.2000 0.0000 0.0000 0.2000 0.0000 0.6000 0.0000 0.0000
72       72   (0)      6  : 0.0000 1.0000 0.0000 0.0000 0.0000 0.0000 0.0000 0.0000
73       73   (0)      6  : 0.0000 0.0000 0.0592 0.0000 0.9408 0.0000 0.0000 0.0000
74       74   (0)      6  : 0.0000 0.8653 0.1347 0.0000 0.0000 0.0000 0.0000 0.0000
75       75   (0)      6  : 0.0000 0.0000 0.0817 0.0000 0.9183 0.0000 0.0000 0.0000
76       76   (0)      6  : 0.0000 0.8312 0.1688 0.0000 0.0000 0.0000 0.0000 0.0000
77       77   (0)      6  : 0.0000 0.8154 0.1846 0.0000 0.0000 0.0000 0.0000 0.0000
78       78   (0)      6  : 0.0000 0.0000 0.2228 0.0000 0.7772 0.0000 0.0000 0.0000
79       79   (0)      6  : 0.0000 0.0000 0.0000 0.0000 1.0000 0.0000 0.0000 0.0000
80       80   (0)      7  : 0.1000 0.0000 0.0000 0.7421 0.0000 0.0416 0.0000 0.1163
81       81   (0)      8  : 0.0504 0.0000 0.0273 0.3187 0.0000 0.2517 0.1000 0.2519
82       82   (0)      9  : 0.0000 0.0000 1.0000 0.0000 0.0000 0.0000 0.0000 0.0000
83       83   (0)     10  : 0.1240 0.0000 0.1154 0.1626 0.0000 0.2035 0.0201 0.3744
84       84   (0)     11  : 0.4607 0.0000 0.0000 0.3925 0.0000 0.1468 0.0000 0.0000
85       85   (0)     11  : 0.0979 0.0000 0.4489 0.1405 0.0000 0.2585 0.0000 0.0542
86       86   (0)     12  : 0.1102 0.0000 0.4246 0.1153 0.0000 0.1120 0.1216 0.1163
87       87   (0)     12  : 0.1836 0.0000 0.1741 0.3146 0.0000 0.1707 0.0216 0.1354
88       88   (0)     12  : 0.1876 0.0000 0.0000 0.2057 0.0000 0.5432 0.0000 0.0635
89       89   (0)     12  : 0.0581 0.0000 0.1659 0.3155 0.0000 0.2991 0.0067 0.1547
90       90   (0)     12  : 0.0000 0.0000 0.0000 0.0000 0.9952 0.0000 0.0048 0.0000
91       91   (0)     12  : 0.0000 0.0000 0.0000 0.2546 0.0000 0.0791 0.0000 0.6662
92       92   (0)     12  : 0.0959 0.0000 0.0000 0.2291 0.0000 0.5486 0.0000 0.1263
93       93   (0)     12  : 0.0902 0.0000 0.0000 0.1430 0.0000 0.6427 0.0000 0.1242
94       94   (0)     13  : 0.5964 0.0000 0.0000 0.2037 0.0000 0.0950 0.0229 0.0820
